1743982051.663659: 127063-7fe1ea96f540: cdpl_log.c:337: in cdpl_log_open(): info: @@start_of_log@@
1743982051.663678: 127063-7fe1ea96f540: cdpl_log.c:1058: in cdpl_log_dump_sysinfo(): info: time: 2025/04/06 19:27:31 EDT -0400
1743982051.663680: 127063-7fe1ea96f540: cdpl_log.c:1060: in cdpl_log_dump_sysinfo(): info: version: W-2024.09-SP1-2 
1743982051.663681: 127063-7fe1ea96f540: cdpl_log.c:1062: in cdpl_log_dump_sysinfo(): info: system: Linux 4.18.0-553.47.1.el8_10.x86_64 #1 SMP Thu Mar 20 10:01:53 EDT 2025
1743982051.663682: 127063-7fe1ea96f540: cdpl_log.c:1067: in cdpl_log_dump_sysinfo(): info: processor: x86_64 64-bits
1743982051.663682: 127063-7fe1ea96f540: cdpl_log.c:1071: in cdpl_log_dump_sysinfo(): info: hostname: lib-41922.eos.ncsu.edu
1743982051.663683: 127063-7fe1ea96f540: cdpl_log.c:1073: in cdpl_log_dump_sysinfo(): info: program name: custom_shell
1743982051.663685: 127063-7fe1ea96f540: cdpl_log.c:340: in cdpl_log_open(): debug: path: /mnt/coe/workspace/ece/ece546-spr25/group8/group8_project/synopsys_custom/pwdp_jobs/saeSession10_default.SimulationSimulation_cdpl.1.127063/logs/master.lib-41922.eos.ncsu.edu.127063.log
1743982051.663686: 127063-7fe1ea96f540: cdpl_log.c:341: in cdpl_log_open(): debug: dir: /mnt/coe/workspace/ece/ece546-spr25/group8/group8_project/synopsys_custom/pwdp_jobs/saeSession10_default.SimulationSimulation_cdpl.1.127063/logs
1743982051.663691: 127063-7fe1ea96f540: cdpl_server.c:536: in cdpl_sv_init(): info: new server S1030708510
1743982051.663693: 127063-7fe1ea96f540: cdpl_ipc.c:3475: in cdpl_ipc_init(): info: requesting IPv4 protocol
1743982051.672186: 127063-7fe1ea96f540: cdpl_ipc.c:837: in _selectaddrfamily(): info: selected IPv4 protocol
1743982051.672202: 127063-7fe1ea96f540: cdpl_ipc.c:1139: in _set_keepalive(): info: TCP keep alive interval: 300
1743982051.674889: 127063-7fe1ea96f540: cdpl_monitor.c:1117: in cdpl_mn_new_server(): info: creating server monitor instance
1743982051.674895: 127063-7fe1ea96f540: cdpl_server.c:650: in cdpl_sv_new_master(): info: new master M1
1743982051.674899: 127063-7fe1ea96f540: cdpl_server.c:6533: in cdpl_sv_ctl_master(): info: Setting worker heartbeat to 120 seconds
1743982051.674900: 127063-7fe1ea96f540: cdpl_server.c:6542: in cdpl_sv_ctl_master(): info: Setting worker heartbeat timeout to 3 heartbeats
1743982051.674901: 127063-7fe1ea96f540: cdpl_compat_master.c:2090: in _parse_hostfile(): info: reading hostfile `/mnt/coe/workspace/ece/ece546-spr25/group8/group8_project/synopsys_custom/pwdp_jobs/saeSession10_default.SimulationSimulation_cdpl.1.127063/host_file'
1743982051.681829: 127063-7fe1ea96f540: cdpl_compat_master.c:1900: in _hostfile_parser(): debug: parsing "1     |localhost|   -1  | /tmp | SH | sh"
1743982051.681839: 127063-7fe1ea96f540: cdpl_farm.c:2578: in cdpl_farm_new_sh(): info: creating SH farm on localhost
1743982051.681843: 127063-7fe1ea96f540: cdpl_compat_master.c:206: in _set_farm_env(): info: exporting CDPL_LOGDIR as `/mnt/coe/workspace/ece/ece546-spr25/group8/group8_project/synopsys_custom/pwdp_jobs/saeSession10_default.SimulationSimulation_cdpl.1.127063/logs'
1743982051.681844: 127063-7fe1ea96f540: cdpl_compat_master.c:212: in _set_farm_env(): info: exporting CDPL_TMPDIR as `/tmp'
1743982051.681847: 127063-7fe1ea96f540: cdpl_compat_master.c:219: in _set_farm_env(): info: exporting CDPL_HOME as `/mnt/apps/public/COE/synopsys_apps/hspice/W-2024.09-SP1/hspice/cdpl'
1743982051.681849: 127063-7fe1ea96f540: cdpl_compat_master.c:235: in _set_farm_env(): info: exporting SNPSLMD_LICENSE_FILE as `27000@ece-lic-35.ece.ncsu.edu'
1743982051.681850: 127063-7fe1ea96f540: cdpl_compat_master.c:259: in _set_farm_env(): info: exporting CDPL_OPTIONS as `[nowlogs]'
1743982051.681851: 127063-7fe1ea96f540: cdpl_compat_master.c:266: in _set_farm_env(): info: exporting DISPLAY as `unix:26125'
1743982051.681852: 127063-7fe1ea96f540: cdpl_compat_master.c:274: in _set_farm_env(): info: exporting CDPL_HEARTBEAT as `120'
1743982051.681855: 127063-7fe1ea96f540: cdpl_farm.c:3149: in cdpl_farm_add_withdir(): debug: added `localhost' (capacity: unlimited)
1743982051.681857: 127063-7fe1ea96f540: cdpl_compat_parse.c:147: in parsefile(): debug: read `/mnt/coe/workspace/ece/ece546-spr25/group8/group8_project/synopsys_custom/pwdp_jobs/saeSession10_default.SimulationSimulation_cdpl.1.127063/host_file', 2 lines
1743982051.681863: 127063-7fe1ea96f540: cdpl_compat_master.c:2931: in cdplInitMaster(): info: bcast dir is `/mnt/coe/workspace/ece/ece546-spr25/group8/group8_project/synopsys_custom/pwdp_jobs/saeSession10_default.SimulationSimulation_cdpl.1.127063/logs'
1743982051.690019: 127063-7fe1ea96f540: cdpl_server.c:6433: in cdpl_sv_ctl_master(): info: farm worker timeout set to 300
1743982051.690023: 127063-7fe1ea96f540: cdpl_server.c:6486: in cdpl_sv_ctl_master(): info: maximum number of task execution attempts set to 1
1743982051.690029: 127063-7fe1ea96f540: cdpl_server.c:3195: in cdpl_sv_start(): debug: starting server
1743982051.690030: 127063-7fe1ea96f540: cdpl_ipc.c:3632: in cdpl_ipc_start(): debug: starting IPC server 152.14.142.25:37283
1743982051.690130: 127063-7fe1a673c700: cdpl_server_ipc.c:1182: in _sv_ipc_thread(): debug: ready
1743982051.690182: 127063-7fe1957fa700: cdpl_monitor.c:426: in cdpl_mn_init_client(): info: creating client monitor instance
1743982051.690188: 127063-7fe1957fa700: cdpl_ipc.c:3475: in cdpl_ipc_init(): info: requesting IPv4 protocol
1743982051.695818: 127063-7fe1957fa700: cdpl_ipc.c:837: in _selectaddrfamily(): info: selected IPv4 protocol
1743982051.695843: 127063-7fe1957fa700: cdpl_ipc.c:1139: in _set_keepalive(): info: TCP keep alive interval: 300
1743982051.700340: 127063-7fe1957fa700: cdpl_ipc.c:3632: in cdpl_ipc_start(): debug: starting IPC server 152.14.142.25:45225
1743982051.700464: 127063-7fe1957fa700: cdpl_monitor.c:471: in cdpl_mn_init_client(): debug: incoming messages in /tmp/cdpl-monitor-LXCDUt
1743982051.700522: 127063-7fe1957fa700: cdpl_monitor.c:533: in cdpl_mn_connect(): debug: connecting to 152.14.142.25:37283
1743982051.700524: 127063-7fe1957fa700: cdpl_ipc.c:3789: in cdpl_ipc_connect(): info: connecting to 152.14.142.25:37283
1743982051.700617: 127063-7fe1957fa700: cdpl_ipc.c:3860: in cdpl_ipc_connect(): info: connected as `152.14.142.25:41982'
1743982051.700622: 127063-7fe1957fa700: cdpl_ipc.c:2503: in cdpl_ipc_host_accept(): debug: accepted host `152.14.142.25:37283'
1743982051.700625: 127063-7fe1957fa700: cdpl_monitor.c:579: in cdpl_mn_connect(): debug: ok
1743982051.700638: 127063-7fe1ea96f540: cdpl_server.c:731: in cdpl_sv_new_job(): info: new job J1 in M1
1743982051.700653: 127063-7fe1ea96f540: cdpl_compat_master.c:1581: in _add_worker(): info: new worker type 10, min:1, max:3, cmd:`/mnt/coe/workspace/ece/ece546-spr25/group8/group8_project/synopsys_custom/pwdp_jobs/saeSession10_default.SimulationSimulation_cdpl.1.127063/START_WORKER pw_worker -i /mnt/coe/workspace/ece/ece546-spr25/group8/group8_
1743982051.700659: 127063-7fe1ea96f540: cdpl_server.c:908: in cdpl_sv_new_bin_withfarm(): info: new bin B1 in J1
1743982051.700664: 127063-7fe1a6f3d700: cdpl_ipc.c:1862: in _epoll_accept(): debug: new connection from `152.14.142.25:41982'
1743982051.700712: 127063-7fe1a673c700: cdpl_server_ipc.c:1225: in _sv_ipc_thread(): debug: received ACCEPT notification
1743982051.700721: 127063-7fe1a673c700: cdpl_ipc.c:2503: in cdpl_ipc_host_accept(): debug: accepted host `152.14.142.25:41982'
1743982051.700728: 127063-7fe1a673c700: cdpl_server_ipc.c:1256: in _sv_ipc_thread(): debug: received MONITOR message
1743982051.700959: 127063-7fe1a673c700: cdpl_monitor.c:1207: in cdpl_mn_accept(): debug: accepted monitor `152.14.142.25:41982'
1743982051.700964: 127063-7fe1a673c700: cdpl_server_ipc_mon.c:120: in _globalLOCK(): debug: ENTERTING GLOBAL LOCK
1743982051.700966: 127063-7fe1a673c700: cdpl_server_ipc_mon.c:164: in _globalLOCK(): debug: global lock acquired
1743982051.700986: 127063-7fe196ffd700: cdpl_monitor.c:910: in mn_systat(): debug: started
1743982051.701111: 127063-7fe196ffd700: cdpl_monitor.c:937: in mn_systat(): debug: monitor server flush rate: 5
1743982051.733095: 127063-7fe1a673c700: cdpl_server_ipc_mon.c:210: in _globalUNLOCK(): debug: LEAVING GLOBAL LOCK
1743982052.049741: 127063-7fe1ea96f540: cdpl_server.c:3249: in cdpl_sv_start_job(): info: starting job J1
1743982052.049754: 127063-7fe1ea96f540: cdpl_server.c:62: in _sv_start_bin(): debug: starting bin B1 (min: 0, max: 3)
1743982052.049804: 127063-7fe1ea96f540: cdpl_server.c:1893: in _sv_gen_task(): info: new task T0 in B1 (prio 0)
1743982052.049820: 127063-7fe1ea96f540: cdpl_server.c:2698: in cdpl_sv_label_task_va(): info: setting task T0 label to "HSPICE_2|HSPICE"
1743982052.049837: 127063-7fe1967fc700: cdpl_server_sched.c:2482: in _sv_scheduler_thread(): debug: scheduler for bin B1 started
1743982052.049843: 127063-7fe1967fc700: cdpl_server_sched.c:2443: in _scheduler_run(): debug: will start a new worker
1743982052.049849: 127063-7fe1967fc700: cdpl_farm.c:3977: in cdpl_farm_submit(): debug: 1 running processes
1743982052.049851: 127063-7fe1967fc700: cdpl_farm.c:3985: in cdpl_farm_submit(): debug: new command C1 in bin B1 assigned to host `localhost'
1743982052.049896: 127063-7fe1967fc700: cdpl_server_sched.c:705: in _sv_launch_worker(): info: started worker W1 (as C1) in bin B1
1743982052.049904: 127063-7fe195ffb700: cdpl_farm.c:2139: in _schedule(): debug: started
1743982052.049909: 127063-7fe195ffb700: cdpl_farm.c:2303: in _schedule(): debug: submitting command C1 in bin B1
1743982052.049911: 127063-7fe195ffb700: cdpl_sh.c:49: in _sh_detached_submit(): info: SH : /mnt/coe/workspace/ece/ece546-spr25/group8/group8_project/synopsys_custom/pwdp_jobs/saeSession10_default.SimulationSimulation_cdpl.1.127063/START_WORKER pw_worker -i /mnt/coe/workspace/ece/ece546-spr25/group8/group8_project/synopsys_custom/pwdp_jobs/saeSession10_default.SimulationSimulation_cdpl.1.127063 -t 10000
1743982052.053594: 127063-7fe195ffb700: cdpl_farm.c:2343: in _schedule(): debug: C1 in bin B1 running on slot 0
1743982052.053611: 127063-7fe195ffb700: cdpl_farm.c:2167: in _schedule(): debug: idle
1743982052.325061: 127063-7fe1ea96f540: cdpl_compat_master.c:5948: in cdplMasterLogInfo(): info: [non-CDPL log entry] PWDP3: reset pilot cache succeeded, pilot_key=saeSession10,1,default|&/mnt/coe/workspace/ece/ece546-spr25/group8/group8_project/simulation/group8,tb2025,schematic/history_1/simulation/default/PrimeSimHSPICE/nominal/results
1743982052.353687: 127063-7fe195ffb700: cdpl_farm.c:1193: in _onexit(): debug: C1 in bin B1 exited normally on slot 0
1743982054.285791: 127063-7fe1a6f3d700: cdpl_ipc.c:1862: in _epoll_accept(): debug: new connection from `152.14.142.25:41994'
1743982077.526480: 127063-7fe1a673c700: cdpl_server_ipc.c:1225: in _sv_ipc_thread(): debug: received ACCEPT notification
1743982077.530263: 127063-7fe1a673c700: cdpl_ipc.c:2503: in cdpl_ipc_host_accept(): debug: accepted host `152.14.142.25:41994'
1743982077.530292: 127063-7fe1a673c700: cdpl_server_ipc.c:1246: in _sv_ipc_thread(): debug: received HELLO message
1743982077.530293: 127063-7fe1a673c700: cdpl_server_ipc.c:430: in _sv_on_hello(): debug: looking up W1
1743982077.530296: 127063-7fe1a673c700: cdpl_server_ipc.c:540: in _sv_on_hello(): info: W1 is `152.14.142.25:41994'
1743982077.530297: 127063-7fe1a673c700: cdpl_server_ipc.c:541: in _sv_on_hello(): debug: hello W1 (B1)
1743982077.530298: 127063-7fe1a673c700: cdpl_server_ipc.c:542: in _sv_on_hello(): info: W1 log file is /dev/null
1743982077.530302: 127063-7fe1a673c700: cdpl_server_ipc.c:602: in _sv_on_hello(): info: up to 1 alive workers in B1
1743982077.530305: 127063-7fe1a673c700: cdpl_farm.c:878: in _release_cmd(): debug: freeing command C1 in bin B1
1743982077.530309: 127063-7fe1a673c700: cdpl_server_ipc.c:312: in _sv_on_heartbeat(): debug: received HEARTBEAT from worker W1 at 152.14.142.25:41994
1743982077.530311: 127063-7fe197fff700: cdpl_compat_master.c:5948: in cdplMasterLogInfo(): info: [non-CDPL log entry] PWDP - no-workers started ok check start!
1743982077.530339: 127063-7fe1967fc700: cdpl_server_sched.c:960: in _assign(): info: assigning task T0 to worker W1
1743982081.710794: 127063-7fe1957fa700: cdpl_monitor.c:533: in cdpl_mn_connect(): debug: connecting to 152.14.142.25:34179
1743982081.710803: 127063-7fe1957fa700: cdpl_ipc.c:3789: in cdpl_ipc_connect(): info: connecting to 152.14.142.25:34179
1743982081.710901: 127063-7fe1957fa700: cdpl_ipc.c:3860: in cdpl_ipc_connect(): info: connected as `152.14.142.25:58120'
1743982081.710906: 127063-7fe1957fa700: cdpl_ipc.c:2503: in cdpl_ipc_host_accept(): debug: accepted host `152.14.142.25:34179'
1743982081.710908: 127063-7fe1957fa700: cdpl_monitor.c:579: in cdpl_mn_connect(): debug: ok
1743982083.725639: 127063-7fe1a673c700: cdpl_server_ipc.c:1268: in _sv_ipc_thread(): debug: received RELAY message
1743982083.725648: 127063-7fe1a673c700: cdpl_server_ipc.c:713: in _sv_on_relay(): debug: RELAY message from W1, size = 58
1743982083.725650: 127063-7fe1a673c700: cdpl_server_ipc.c:715: in _sv_on_relay(): debug: RELAY message from W1, content = 0$130516 lib-41922.eos.ncsu.edu 130754 RUNNING 1743982083
1743982089.116443: 127063-7fe1a673c700: cdpl_server_ipc.c:1268: in _sv_ipc_thread(): debug: received RELAY message
1743982089.116450: 127063-7fe1a673c700: cdpl_server_ipc.c:713: in _sv_on_relay(): debug: RELAY message from W1, size = 46
1743982089.116452: 127063-7fe1a673c700: cdpl_server_ipc.c:715: in _sv_on_relay(): debug: RELAY message from W1, content = WORKERDU|90,dc2isi00nfs.oit.ncsu.edu:/coe_nfs
1743982095.171655: 127063-7fe1a673c700: cdpl_server_ipc.c:1268: in _sv_ipc_thread(): debug: received RELAY message
1743982095.171666: 127063-7fe1a673c700: cdpl_server_ipc.c:713: in _sv_on_relay(): debug: RELAY message from W1, size = 47
1743982095.171668: 127063-7fe1a673c700: cdpl_server_ipc.c:715: in _sv_on_relay(): debug: RELAY message from W1, content = WORKERDU|593,dc2isi00nfs.oit.ncsu.edu:/coe_nfs
1743982095.174849: 127063-7fe1a673c700: cdpl_server_ipc.c:1268: in _sv_ipc_thread(): debug: received RELAY message
1743982095.174853: 127063-7fe1a673c700: cdpl_server_ipc.c:713: in _sv_on_relay(): debug: RELAY message from W1, size = 189
1743982095.174855: 127063-7fe1a673c700: cdpl_server_ipc.c:715: in _sv_on_relay(): debug: RELAY message from W1, content = REQPILOT|saeSession10,1,default|&/mnt/coe/workspace/ece/ece546-spr25/group8/group8_project/simulation/group8,tb2025,schematic/history_1/simulation/default/PrimeSimHSPICE/nominal/results|&0
1743982095.174887: 127063-7fe1a4f39700: cdpl_compat_master.c:5948: in cdplMasterLogInfo(): info: [non-CDPL log entry] PWDP send back 'DOPILOT' to worker id:1 key: saeSession10,1,default|&/mnt/coe/workspace/ece/ece546-spr25/group8/group8_project/simulation/group8,tb2025,schematic/history_1/simulation/default/PrimeSimHSPICE/nominal/results
1743982095.186617: 127063-7fe1a4f39700: cdpl_compat_master.c:5948: in cdplMasterLogInfo(): info: [non-CDPL log entry] PWDP: set pilot doing!
1743982095.201367: 127063-7fe1a673c700: cdpl_server_ipc.c:1268: in _sv_ipc_thread(): debug: received RELAY message
1743982095.201374: 127063-7fe1a673c700: cdpl_server_ipc.c:713: in _sv_on_relay(): debug: RELAY message from W1, size = 185
1743982095.201375: 127063-7fe1a673c700: cdpl_server_ipc.c:715: in _sv_on_relay(): debug: RELAY message from W1, content = PILOTOK|saeSession10,1,default|&/mnt/coe/workspace/ece/ece546-spr25/group8/group8_project/simulation/group8,tb2025,schematic/history_1/simulation/default/PrimeSimHSPICE/nominal/results
1743982095.201392: 127063-7fe1a4f39700: cdpl_compat_master.c:5948: in cdplMasterLogInfo(): info: [non-CDPL log entry] PWDP: set pilot done!
1743982095.201564: 127063-7fe1a673c700: cdpl_server_ipc.c:1268: in _sv_ipc_thread(): debug: received RELAY message
1743982095.201569: 127063-7fe1a673c700: cdpl_server_ipc.c:713: in _sv_on_relay(): debug: RELAY message from W1, size = 18
1743982095.201570: 127063-7fe1a673c700: cdpl_server_ipc.c:715: in _sv_on_relay(): debug: RELAY message from W1, content = 0$- - - MEASDOING
1743982101.012311: 127063-7fe1a673c700: cdpl_server_ipc.c:1268: in _sv_ipc_thread(): debug: received RELAY message
1743982101.012319: 127063-7fe1a673c700: cdpl_server_ipc.c:713: in _sv_on_relay(): debug: RELAY message from W1, size = 70
1743982101.012322: 127063-7fe1a673c700: cdpl_server_ipc.c:715: in _sv_on_relay(): debug: RELAY message from W1, content = 0$130516 lib-41922.eos.ncsu.edu 130754 FINISHED 1743982083|1743982101
1743982101.036008: 127063-7fe1a673c700: cdpl_server_ipc.c:1268: in _sv_ipc_thread(): debug: received RELAY message
1743982101.036016: 127063-7fe1a673c700: cdpl_server_ipc.c:713: in _sv_on_relay(): debug: RELAY message from W1, size = 187
1743982101.036018: 127063-7fe1a673c700: cdpl_server_ipc.c:715: in _sv_on_relay(): debug: RELAY message from W1, content = PILOTDONE|saeSession10,1,default|&/mnt/coe/workspace/ece/ece546-spr25/group8/group8_project/simulation/group8,tb2025,schematic/history_1/simulation/default/PrimeSimHSPICE/nominal/results
1743982101.036031: 127063-7fe1a4f39700: cdpl_compat_master.c:5948: in cdplMasterLogInfo(): info: [non-CDPL log entry] saeSession10,1,default|&/mnt/coe/workspace/ece/ece546-spr25/group8/group8_project/simulation/group8,tb2025,schematic/history_1/simulation/default/PrimeSimHSPICE/nominal/results PILOTDONE!
1743982101.120731: 127063-7fe1a673c700: cdpl_server_ipc.c:1251: in _sv_ipc_thread(): debug: received FINISH message
1743982101.120738: 127063-7fe1a673c700: cdpl_server_ipc.c:983: in _sv_on_finish(): info: worker W1 completed task T0
1743982101.120739: 127063-7fe1a673c700: cdpl_server_ipc.c:988: in _sv_on_finish(): debug: stat T0: utime=15518 stime=782
1743982101.120741: 127063-7fe1a673c700: cdpl_server_ipc.c:993: in _sv_on_finish(): debug: statm T0: vsize=3080408 rss=1065140 shared=521204 text=474784 data=734604
1743982101.169782: 127063-7fe1a673c700: cdpl_server_ipc.c:1268: in _sv_ipc_thread(): debug: received RELAY message
1743982101.169788: 127063-7fe1a673c700: cdpl_server_ipc.c:713: in _sv_on_relay(): debug: RELAY message from W1, size = 47
1743982101.169789: 127063-7fe1a673c700: cdpl_server_ipc.c:715: in _sv_on_relay(): debug: RELAY message from W1, content = WORKERDU|228,dc2isi00nfs.oit.ncsu.edu:/coe_nfs
1743982110.635016: 127063-7fe1ea96f540: cdpl_server.c:3008: in cdpl_sv_halt_job_errno(): info: killing job J1
1743982110.635036: 127063-7fe1ea96f540: cdpl_server.c:3044: in cdpl_sv_halt_job_errno(): debug: signal bin B1 scheduler to stop
1743982110.635084: 127063-7fe1967fc700: cdpl_server_sched.c:2484: in _sv_scheduler_thread(): debug: scheduler for bin B1 stopped
1743982110.635092: 127063-7fe1967fc700: cdpl_ipc.c:1657: in _host_drop__UNSAFE(): debug: dropping host `152.14.142.25:41994'
1743982110.635115: 127063-7fe1967fc700: cdpl_server_sched.c:2830: in _sv_drop_worker(): info: down to 0 alive workers in B1
1743982110.635117: 127063-7fe1967fc700: cdpl_farm.c:4152: in cdpl_farm_dismiss(): debug: down to 0 running processes
1743982110.635119: 127063-7fe1967fc700: cdpl_server_sched.c:121: in _free_worker_2(): debug: freeing worker W1
1743982110.635120: 127063-7fe1967fc700: cdpl_ipc.c:2513: in cdpl_ipc_host_release(): debug: releasing host `152.14.142.25:41994'
1743982110.635125: 127063-7fe1ea96f540: cdpl_server.c:294: in _sv_free_job(): info: freeing job J1
1743982110.635126: 127063-7fe1ea96f540: cdpl_server.c:92: in _sv_free_bin(): debug: freeing bin B1
1743982110.635128: 127063-7fe1ea96f540: cdpl_server.c:184: in _sv_free_task(): debug: freeing task T0
1743982110.635145: 127063-7fe1ea96f540: cdpl_monitor.c:515: in cdpl_mn_kill(): info: killing monitor
1743982110.635146: 127063-7fe1ea96f540: cdpl_ipc.c:3677: in cdpl_ipc_kill(): debug: stopping event server
1743982110.635150: 127063-7fe1a673c700: cdpl_server_ipc.c:1236: in _sv_ipc_thread(): debug: received DROP notification
1743982110.635157: 127063-7fe1a5f3b700: cdpl_ipc.c:2460: in _epoll_main(): debug: server going down...
1743982110.635169: 127063-7fe1a6f3d700: cdpl_ipc.c:775: in _readv(): warning: read(): EOF
1743982110.635174: 127063-7fe1a6f3d700: cdpl_ipc.c:2100: in _epoll_recv(): debug: _readv(): Broken pipe
1743982110.635175: 127063-7fe1a6f3d700: cdpl_ipc.c:2424: in _epoll_main(): debug: _epoll_recv(): Broken pipe
1743982110.635177: 127063-7fe1a6f3d700: cdpl_ipc.c:1657: in _host_drop__UNSAFE(): debug: dropping host `152.14.142.25:41982'
1743982110.635202: 127063-7fe1a6f3d700: cdpl_ipc.c:1582: in _host_free__UNSAFE(): debug: freeing host `152.14.142.25:41994'
1743982110.635209: 127063-7fe1a6f3d700: cdpl_ipc.c:1621: in _host_free__UNSAFE(): debug: [0 outq, 0 spR, 0 spW]
1743982110.635214: 127063-7fe1a673c700: cdpl_server_ipc.c:1236: in _sv_ipc_thread(): debug: received DROP notification
1743982110.635219: 127063-7fe1a673c700: cdpl_monitor.c:1269: in cdpl_mn_drop(): debug: detaching from monitor `152.14.142.25:41982'
1743982110.635221: 127063-7fe1a673c700: cdpl_monitor.c:1101: in mn_systat_stop(): debug: joining systat thread
1743982110.635262: 127063-7fe196ffd700: cdpl_monitor.c:1079: in mn_systat(): debug: exiting
1743982110.635269: 127063-7fe1a673c700: cdpl_monitor.c:1103: in mn_systat_stop(): debug: systat thread done
1743982110.635270: 127063-7fe1a673c700: cdpl_ipc.c:2513: in cdpl_ipc_host_release(): debug: releasing host `152.14.142.25:41982'
1743982110.635274: 127063-7fe1957fa700: cdpl_ipc.c:3728: in cdpl_ipc_free(): debug: releasing IPC handle
1743982110.635278: 127063-7fe1957fa700: cdpl_ipc.c:3742: in cdpl_ipc_free(): debug: 1 unread messages
1743982110.635279: 127063-7fe1957fa700: cdpl_ipc.c:1582: in _host_free__UNSAFE(): debug: freeing host `152.14.142.25:34179'
1743982110.635280: 127063-7fe1957fa700: cdpl_ipc.c:1621: in _host_free__UNSAFE(): debug: [0 outq, 0 spR, 0 spW]
1743982110.635286: 127063-7fe1957fa700: cdpl_ipc.c:1582: in _host_free__UNSAFE(): debug: freeing host `152.14.142.25:37283'
1743982110.635287: 127063-7fe1957fa700: cdpl_ipc.c:1621: in _host_free__UNSAFE(): debug: [0 outq, 0 spR, 0 spW]
1743982110.635290: 127063-7fe1957fa700: cdpl_ipc.c:3756: in cdpl_ipc_free(): warning: 2 host(s) were not released
1743982110.635295: 127063-7fe1957fa700: cdpl_ipc.c:3767: in cdpl_ipc_free(): debug: done
1743982110.635296: 127063-7fe1957fa700: cdpl_monitor.c:1390: in cdpl_mn_free(): debug: freeing monitor client
1743982110.635331: 127063-7fe1ea96f540: cdpl_farm.c:2740: in cdpl_farm_free(): info: freeing farm
1743982110.635338: 127063-7fe195ffb700: cdpl_farm.c:2231: in _schedule(): debug: end of idling
1743982110.635341: 127063-7fe195ffb700: cdpl_farm.c:2235: in _schedule(): debug: dying
1743982110.635363: 127063-7fe1ea96f540: cdpl_farm.c:913: in _killall(): debug: killing all remaining commands
1743982110.635366: 127063-7fe1ea96f540: cdpl_server.c:3144: in cdpl_sv_free(): info: freeing server S1030708510
1743982110.635367: 127063-7fe1ea96f540: cdpl_server.c:3109: in cdpl_sv_kill_errno(): info: killing server
1743982110.635368: 127063-7fe1ea96f540: cdpl_ipc.c:3677: in cdpl_ipc_kill(): debug: stopping event server
1743982110.635373: 127063-7fe1a673c700: cdpl_server_ipc.c:1200: in _sv_ipc_thread(): debug: leaving now
1743982110.635376: 127063-7fe1a6f3d700: cdpl_ipc.c:2460: in _epoll_main(): debug: server going down...
1743982110.635385: 127063-7fe1ea96f540: cdpl_server.c:334: in _sv_free_master(): info: freeing master M1
1743982110.635387: 127063-7fe1ea96f540: cdpl_hash.c:68: in cdpl_h_destroy(): debug: put operations: 1
1743982110.635388: 127063-7fe1ea96f540: cdpl_hash.c:69: in cdpl_h_destroy(): debug: put collisions: 0
1743982110.635389: 127063-7fe1ea96f540: cdpl_hash.c:70: in cdpl_h_destroy(): debug: get operations: 1
1743982110.635390: 127063-7fe1ea96f540: cdpl_hash.c:71: in cdpl_h_destroy(): debug: get iterations: 1
1743982110.635391: 127063-7fe1ea96f540: cdpl_monitor.c:1390: in cdpl_mn_free(): debug: freeing monitor server
1743982110.635392: 127063-7fe1ea96f540: cdpl_ipc.c:3728: in cdpl_ipc_free(): debug: releasing IPC handle
1743982110.635393: 127063-7fe1ea96f540: cdpl_ipc.c:1582: in _host_free__UNSAFE(): debug: freeing host `152.14.142.25:41982'
1743982110.635395: 127063-7fe1ea96f540: cdpl_ipc.c:1621: in _host_free__UNSAFE(): debug: [0 outq, 0 spR, 0 spW]
1743982110.635412: 127063-7fe1ea96f540: cdpl_ipc.c:3767: in cdpl_ipc_free(): debug: done
1743982110.635414: 127063-7fe1ea96f540: cdpl_log.c:481: in cdpl_log_close(): info: @@end_of_log@@
