1743974135.804617: 61240-7f068bf07540: cdpl_log.c:337: in cdpl_log_open(): info: @@start_of_log@@
1743974135.804639: 61240-7f068bf07540: cdpl_log.c:1058: in cdpl_log_dump_sysinfo(): info: time: 2025/04/06 17:15:35 EDT -0400
1743974135.804641: 61240-7f068bf07540: cdpl_log.c:1060: in cdpl_log_dump_sysinfo(): info: version: W-2024.09-SP1-2 
1743974135.804642: 61240-7f068bf07540: cdpl_log.c:1062: in cdpl_log_dump_sysinfo(): info: system: Linux 4.18.0-553.47.1.el8_10.x86_64 #1 SMP Thu Mar 20 10:01:53 EDT 2025
1743974135.804643: 61240-7f068bf07540: cdpl_log.c:1067: in cdpl_log_dump_sysinfo(): info: processor: x86_64 64-bits
1743974135.804643: 61240-7f068bf07540: cdpl_log.c:1071: in cdpl_log_dump_sysinfo(): info: hostname: lib-41922.eos.ncsu.edu
1743974135.804644: 61240-7f068bf07540: cdpl_log.c:1073: in cdpl_log_dump_sysinfo(): info: program name: custom_shell
1743974135.804646: 61240-7f068bf07540: cdpl_log.c:340: in cdpl_log_open(): debug: path: /mnt/coe/workspace/ece/ece546-spr25/group8/group8_project/synopsys_custom/pwdp_jobs/saeSession5_default.SimulationSimulation_cdpl.1.61240/logs/master.lib-41922.eos.ncsu.edu.61240.log
1743974135.804647: 61240-7f068bf07540: cdpl_log.c:341: in cdpl_log_open(): debug: dir: /mnt/coe/workspace/ece/ece546-spr25/group8/group8_project/synopsys_custom/pwdp_jobs/saeSession5_default.SimulationSimulation_cdpl.1.61240/logs
1743974135.804652: 61240-7f068bf07540: cdpl_server.c:536: in cdpl_sv_init(): info: new server S397220691
1743974135.804654: 61240-7f068bf07540: cdpl_ipc.c:3475: in cdpl_ipc_init(): info: requesting IPv4 protocol
1743974135.808666: 61240-7f068bf07540: cdpl_ipc.c:837: in _selectaddrfamily(): info: selected IPv4 protocol
1743974135.808695: 61240-7f068bf07540: cdpl_ipc.c:1139: in _set_keepalive(): info: TCP keep alive interval: 300
1743974135.813414: 61240-7f068bf07540: cdpl_monitor.c:1117: in cdpl_mn_new_server(): info: creating server monitor instance
1743974135.813429: 61240-7f068bf07540: cdpl_server.c:650: in cdpl_sv_new_master(): info: new master M1
1743974135.813436: 61240-7f068bf07540: cdpl_server.c:6533: in cdpl_sv_ctl_master(): info: Setting worker heartbeat to 120 seconds
1743974135.813437: 61240-7f068bf07540: cdpl_server.c:6542: in cdpl_sv_ctl_master(): info: Setting worker heartbeat timeout to 3 heartbeats
1743974135.813439: 61240-7f068bf07540: cdpl_compat_master.c:2090: in _parse_hostfile(): info: reading hostfile `/mnt/coe/workspace/ece/ece546-spr25/group8/group8_project/synopsys_custom/pwdp_jobs/saeSession5_default.SimulationSimulation_cdpl.1.61240/host_file'
1743974135.822966: 61240-7f068bf07540: cdpl_compat_master.c:1900: in _hostfile_parser(): debug: parsing "1     |localhost|   -1  | /tmp | SH | sh"
1743974135.822981: 61240-7f068bf07540: cdpl_farm.c:2578: in cdpl_farm_new_sh(): info: creating SH farm on localhost
1743974135.822985: 61240-7f068bf07540: cdpl_compat_master.c:206: in _set_farm_env(): info: exporting CDPL_LOGDIR as `/mnt/coe/workspace/ece/ece546-spr25/group8/group8_project/synopsys_custom/pwdp_jobs/saeSession5_default.SimulationSimulation_cdpl.1.61240/logs'
1743974135.822987: 61240-7f068bf07540: cdpl_compat_master.c:212: in _set_farm_env(): info: exporting CDPL_TMPDIR as `/tmp'
1743974135.822989: 61240-7f068bf07540: cdpl_compat_master.c:219: in _set_farm_env(): info: exporting CDPL_HOME as `/mnt/apps/public/COE/synopsys_apps/hspice/W-2024.09-SP1/hspice/cdpl'
1743974135.822991: 61240-7f068bf07540: cdpl_compat_master.c:235: in _set_farm_env(): info: exporting SNPSLMD_LICENSE_FILE as `27000@ece-lic-35.ece.ncsu.edu'
1743974135.822992: 61240-7f068bf07540: cdpl_compat_master.c:259: in _set_farm_env(): info: exporting CDPL_OPTIONS as `[nowlogs]'
1743974135.822993: 61240-7f068bf07540: cdpl_compat_master.c:266: in _set_farm_env(): info: exporting DISPLAY as `unix:2540'
1743974135.822994: 61240-7f068bf07540: cdpl_compat_master.c:274: in _set_farm_env(): info: exporting CDPL_HEARTBEAT as `120'
1743974135.822998: 61240-7f068bf07540: cdpl_farm.c:3149: in cdpl_farm_add_withdir(): debug: added `localhost' (capacity: unlimited)
1743974135.822999: 61240-7f068bf07540: cdpl_compat_parse.c:147: in parsefile(): debug: read `/mnt/coe/workspace/ece/ece546-spr25/group8/group8_project/synopsys_custom/pwdp_jobs/saeSession5_default.SimulationSimulation_cdpl.1.61240/host_file', 2 lines
1743974135.823008: 61240-7f068bf07540: cdpl_compat_master.c:2931: in cdplInitMaster(): info: bcast dir is `/mnt/coe/workspace/ece/ece546-spr25/group8/group8_project/synopsys_custom/pwdp_jobs/saeSession5_default.SimulationSimulation_cdpl.1.61240/logs'
1743974135.829941: 61240-7f068bf07540: cdpl_server.c:6433: in cdpl_sv_ctl_master(): info: farm worker timeout set to 300
1743974135.829945: 61240-7f068bf07540: cdpl_server.c:6486: in cdpl_sv_ctl_master(): info: maximum number of task execution attempts set to 1
1743974135.829951: 61240-7f068bf07540: cdpl_server.c:3195: in cdpl_sv_start(): debug: starting server
1743974135.829952: 61240-7f068bf07540: cdpl_ipc.c:3632: in cdpl_ipc_start(): debug: starting IPC server 152.14.142.25:34903
1743974135.830109: 61240-7f0647fff700: cdpl_server_ipc.c:1182: in _sv_ipc_thread(): debug: ready
1743974135.830148: 61240-7f06367fc700: cdpl_monitor.c:426: in cdpl_mn_init_client(): info: creating client monitor instance
1743974135.830155: 61240-7f06367fc700: cdpl_ipc.c:3475: in cdpl_ipc_init(): info: requesting IPv4 protocol
1743974135.834037: 61240-7f06367fc700: cdpl_ipc.c:837: in _selectaddrfamily(): info: selected IPv4 protocol
1743974135.834052: 61240-7f06367fc700: cdpl_ipc.c:1139: in _set_keepalive(): info: TCP keep alive interval: 300
1743974135.837203: 61240-7f06367fc700: cdpl_ipc.c:3632: in cdpl_ipc_start(): debug: starting IPC server 152.14.142.25:45253
1743974135.837313: 61240-7f06367fc700: cdpl_monitor.c:471: in cdpl_mn_init_client(): debug: incoming messages in /tmp/cdpl-monitor-VfMp1R
1743974135.837381: 61240-7f06367fc700: cdpl_monitor.c:533: in cdpl_mn_connect(): debug: connecting to 152.14.142.25:34903
1743974135.837389: 61240-7f06367fc700: cdpl_ipc.c:3789: in cdpl_ipc_connect(): info: connecting to 152.14.142.25:34903
1743974135.837512: 61240-7f06367fc700: cdpl_ipc.c:3860: in cdpl_ipc_connect(): info: connected as `152.14.142.25:49988'
1743974135.837517: 61240-7f06367fc700: cdpl_ipc.c:2503: in cdpl_ipc_host_accept(): debug: accepted host `152.14.142.25:34903'
1743974135.837520: 61240-7f06367fc700: cdpl_monitor.c:579: in cdpl_mn_connect(): debug: ok
1743974135.837546: 61240-7f068bf07540: cdpl_server.c:731: in cdpl_sv_new_job(): info: new job J1 in M1
1743974135.837559: 61240-7f06477fe700: cdpl_ipc.c:1862: in _epoll_accept(): debug: new connection from `152.14.142.25:49988'
1743974135.837564: 61240-7f068bf07540: cdpl_compat_master.c:1581: in _add_worker(): info: new worker type 10, min:1, max:3, cmd:`/mnt/coe/workspace/ece/ece546-spr25/group8/group8_project/synopsys_custom/pwdp_jobs/saeSession5_default.SimulationSimulation_cdpl.1.61240/START_WORKER pw_worker -i /mnt/coe/workspace/ece/ece546-spr25/group8/group8_pr
1743974135.837570: 61240-7f068bf07540: cdpl_server.c:908: in cdpl_sv_new_bin_withfarm(): info: new bin B1 in J1
1743974135.837607: 61240-7f0647fff700: cdpl_server_ipc.c:1225: in _sv_ipc_thread(): debug: received ACCEPT notification
1743974135.837615: 61240-7f0647fff700: cdpl_ipc.c:2503: in cdpl_ipc_host_accept(): debug: accepted host `152.14.142.25:49988'
1743974135.837626: 61240-7f0647fff700: cdpl_server_ipc.c:1256: in _sv_ipc_thread(): debug: received MONITOR message
1743974135.837810: 61240-7f06457fa700: cdpl_monitor.c:910: in mn_systat(): debug: started
1743974135.837840: 61240-7f0647fff700: cdpl_monitor.c:1207: in cdpl_mn_accept(): debug: accepted monitor `152.14.142.25:49988'
1743974135.837848: 61240-7f0647fff700: cdpl_server_ipc_mon.c:120: in _globalLOCK(): debug: ENTERTING GLOBAL LOCK
1743974135.837861: 61240-7f0647fff700: cdpl_server_ipc_mon.c:164: in _globalLOCK(): debug: global lock acquired
1743974135.837997: 61240-7f06457fa700: cdpl_monitor.c:937: in mn_systat(): debug: monitor server flush rate: 5
1743974135.870197: 61240-7f0647fff700: cdpl_server_ipc_mon.c:210: in _globalUNLOCK(): debug: LEAVING GLOBAL LOCK
1743974136.161302: 61240-7f068bf07540: cdpl_server.c:3249: in cdpl_sv_start_job(): info: starting job J1
1743974136.161317: 61240-7f068bf07540: cdpl_server.c:62: in _sv_start_bin(): debug: starting bin B1 (min: 0, max: 3)
1743974136.161368: 61240-7f068bf07540: cdpl_server.c:1893: in _sv_gen_task(): info: new task T0 in B1 (prio 0)
1743974136.161373: 61240-7f068bf07540: cdpl_server.c:2698: in cdpl_sv_label_task_va(): info: setting task T0 label to "HSPICE_2|HSPICE"
1743974136.161413: 61240-7f06377fe700: cdpl_server_sched.c:2482: in _sv_scheduler_thread(): debug: scheduler for bin B1 started
1743974136.161419: 61240-7f06377fe700: cdpl_server_sched.c:2443: in _scheduler_run(): debug: will start a new worker
1743974136.161424: 61240-7f06377fe700: cdpl_farm.c:3977: in cdpl_farm_submit(): debug: 1 running processes
1743974136.161426: 61240-7f06377fe700: cdpl_farm.c:3985: in cdpl_farm_submit(): debug: new command C1 in bin B1 assigned to host `localhost'
1743974136.161463: 61240-7f06377fe700: cdpl_server_sched.c:705: in _sv_launch_worker(): info: started worker W1 (as C1) in bin B1
1743974136.161471: 61240-7f0636ffd700: cdpl_farm.c:2139: in _schedule(): debug: started
1743974136.161476: 61240-7f0636ffd700: cdpl_farm.c:2303: in _schedule(): debug: submitting command C1 in bin B1
1743974136.161479: 61240-7f0636ffd700: cdpl_sh.c:49: in _sh_detached_submit(): info: SH : /mnt/coe/workspace/ece/ece546-spr25/group8/group8_project/synopsys_custom/pwdp_jobs/saeSession5_default.SimulationSimulation_cdpl.1.61240/START_WORKER pw_worker -i /mnt/coe/workspace/ece/ece546-spr25/group8/group8_project/synopsys_custom/pwdp_jobs/saeSession5_default.SimulationSimulation_cdpl.1.61240 -t 10000
1743974136.165085: 61240-7f0636ffd700: cdpl_farm.c:2343: in _schedule(): debug: C1 in bin B1 running on slot 0
1743974136.165103: 61240-7f0636ffd700: cdpl_farm.c:2167: in _schedule(): debug: idle
1743974136.432002: 61240-7f068bf07540: cdpl_compat_master.c:5948: in cdplMasterLogInfo(): info: [non-CDPL log entry] PWDP3: reset pilot cache succeeded, pilot_key=saeSession5,1,default|&/mnt/coe/workspace/ece/ece546-spr25/group8/group8_project/simulation/group8,2to4_decoder_static_tb,schematic/history_1/simulation/default/PrimeSimHSPICE/nominal/results
1743974136.465187: 61240-7f0636ffd700: cdpl_farm.c:1193: in _onexit(): debug: C1 in bin B1 exited normally on slot 0
1743974137.103635: 61240-7f0644ff9700: cdpl_compat_master.c:5948: in cdplMasterLogInfo(): info: [non-CDPL log entry] PWDP - no-workers started ok check start!
1743974138.256308: 61240-7f06477fe700: cdpl_ipc.c:1862: in _epoll_accept(): debug: new connection from `152.14.142.25:50002'
1743974138.256329: 61240-7f0647fff700: cdpl_server_ipc.c:1225: in _sv_ipc_thread(): debug: received ACCEPT notification
1743974138.256336: 61240-7f0647fff700: cdpl_ipc.c:2503: in cdpl_ipc_host_accept(): debug: accepted host `152.14.142.25:50002'
1743974138.256442: 61240-7f0647fff700: cdpl_server_ipc.c:1246: in _sv_ipc_thread(): debug: received HELLO message
1743974138.256443: 61240-7f0647fff700: cdpl_server_ipc.c:430: in _sv_on_hello(): debug: looking up W1
1743974138.256445: 61240-7f0647fff700: cdpl_server_ipc.c:540: in _sv_on_hello(): info: W1 is `152.14.142.25:50002'
1743974138.256446: 61240-7f0647fff700: cdpl_server_ipc.c:541: in _sv_on_hello(): debug: hello W1 (B1)
1743974138.256447: 61240-7f0647fff700: cdpl_server_ipc.c:542: in _sv_on_hello(): info: W1 log file is /dev/null
1743974138.256458: 61240-7f0647fff700: cdpl_server_ipc.c:602: in _sv_on_hello(): info: up to 1 alive workers in B1
1743974138.256461: 61240-7f0647fff700: cdpl_farm.c:878: in _release_cmd(): debug: freeing command C1 in bin B1
1743974138.256471: 61240-7f06377fe700: cdpl_server_sched.c:960: in _assign(): info: assigning task T0 to worker W1
1743974139.256726: 61240-7f0647fff700: cdpl_server_ipc.c:312: in _sv_on_heartbeat(): debug: received HEARTBEAT from worker W1 at 152.14.142.25:50002
1743974140.728510: 61240-7f0647fff700: cdpl_server_ipc.c:1268: in _sv_ipc_thread(): debug: received RELAY message
1743974140.728519: 61240-7f0647fff700: cdpl_server_ipc.c:713: in _sv_on_relay(): debug: RELAY message from W1, size = 56
1743974140.728523: 61240-7f0647fff700: cdpl_server_ipc.c:715: in _sv_on_relay(): debug: RELAY message from W1, content = 0$63813 lib-41922.eos.ncsu.edu 63833 RUNNING 1743974140
1743974140.906757: 61240-7f06367fc700: cdpl_monitor.c:533: in cdpl_mn_connect(): debug: connecting to 152.14.142.25:40043
1743974140.906763: 61240-7f06367fc700: cdpl_ipc.c:3789: in cdpl_ipc_connect(): info: connecting to 152.14.142.25:40043
1743974140.906852: 61240-7f06367fc700: cdpl_ipc.c:3860: in cdpl_ipc_connect(): info: connected as `152.14.142.25:37356'
1743974140.906857: 61240-7f06367fc700: cdpl_ipc.c:2503: in cdpl_ipc_host_accept(): debug: accepted host `152.14.142.25:40043'
1743974140.906860: 61240-7f06367fc700: cdpl_monitor.c:579: in cdpl_mn_connect(): debug: ok
1743974159.110344: 61240-7f0647fff700: cdpl_server_ipc.c:1268: in _sv_ipc_thread(): debug: received RELAY message
1743974159.113132: 61240-7f0647fff700: cdpl_server_ipc.c:713: in _sv_on_relay(): debug: RELAY message from W1, size = 48
1743974159.113145: 61240-7f0647fff700: cdpl_server_ipc.c:715: in _sv_on_relay(): debug: RELAY message from W1, content = WORKERDU|1259,dc2isi00nfs.oit.ncsu.edu:/coe_nfs
1743974159.113264: 61240-7f0647fff700: cdpl_server_ipc.c:1268: in _sv_ipc_thread(): debug: received RELAY message
1743974159.113266: 61240-7f0647fff700: cdpl_server_ipc.c:713: in _sv_on_relay(): debug: RELAY message from W1, size = 204
1743974159.113267: 61240-7f0647fff700: cdpl_server_ipc.c:715: in _sv_on_relay(): debug: RELAY message from W1, content = REQPILOT|saeSession5,1,default|&/mnt/coe/workspace/ece/ece546-spr25/group8/group8_project/simulation/group8,2to4_decoder_static_tb,schematic/history_1/simulation/default/PrimeSimHSPICE/nominal/results|&0
1743974159.113310: 61240-7f0645ffb700: cdpl_compat_master.c:5948: in cdplMasterLogInfo(): info: [non-CDPL log entry] PWDP send back 'DOPILOT' to worker id:1 key: saeSession5,1,default|&/mnt/coe/workspace/ece/ece546-spr25/group8/group8_project/simulation/group8,2to4_decoder_static_tb,schematic/history_1/simulation/default/PrimeSimHSPICE/nominal/results
1743974159.123722: 61240-7f0645ffb700: cdpl_compat_master.c:5948: in cdplMasterLogInfo(): info: [non-CDPL log entry] PWDP: set pilot doing!
1743974159.135011: 61240-7f0647fff700: cdpl_server_ipc.c:1268: in _sv_ipc_thread(): debug: received RELAY message
1743974159.135020: 61240-7f0647fff700: cdpl_server_ipc.c:713: in _sv_on_relay(): debug: RELAY message from W1, size = 200
1743974159.135022: 61240-7f0647fff700: cdpl_server_ipc.c:715: in _sv_on_relay(): debug: RELAY message from W1, content = PILOTOK|saeSession5,1,default|&/mnt/coe/workspace/ece/ece546-spr25/group8/group8_project/simulation/group8,2to4_decoder_static_tb,schematic/history_1/simulation/default/PrimeSimHSPICE/nominal/results
1743974159.135089: 61240-7f0645ffb700: cdpl_compat_master.c:5948: in cdplMasterLogInfo(): info: [non-CDPL log entry] PWDP: set pilot done!
1743974159.135121: 61240-7f0647fff700: cdpl_server_ipc.c:1268: in _sv_ipc_thread(): debug: received RELAY message
1743974159.135123: 61240-7f0647fff700: cdpl_server_ipc.c:713: in _sv_on_relay(): debug: RELAY message from W1, size = 18
1743974159.135124: 61240-7f0647fff700: cdpl_server_ipc.c:715: in _sv_on_relay(): debug: RELAY message from W1, content = 0$- - - MEASDOING
1743974165.394206: 61240-7f0647fff700: cdpl_server_ipc.c:1268: in _sv_ipc_thread(): debug: received RELAY message
1743974165.397101: 61240-7f0647fff700: cdpl_server_ipc.c:713: in _sv_on_relay(): debug: RELAY message from W1, size = 68
1743974165.397105: 61240-7f0647fff700: cdpl_server_ipc.c:715: in _sv_on_relay(): debug: RELAY message from W1, content = 0$63813 lib-41922.eos.ncsu.edu 63833 FINISHED 1743974140|1743974165
1743974165.417303: 61240-7f0647fff700: cdpl_server_ipc.c:1268: in _sv_ipc_thread(): debug: received RELAY message
1743974165.417307: 61240-7f0647fff700: cdpl_server_ipc.c:713: in _sv_on_relay(): debug: RELAY message from W1, size = 202
1743974165.417308: 61240-7f0647fff700: cdpl_server_ipc.c:715: in _sv_on_relay(): debug: RELAY message from W1, content = PILOTDONE|saeSession5,1,default|&/mnt/coe/workspace/ece/ece546-spr25/group8/group8_project/simulation/group8,2to4_decoder_static_tb,schematic/history_1/simulation/default/PrimeSimHSPICE/nominal/results
1743974165.417318: 61240-7f0645ffb700: cdpl_compat_master.c:5948: in cdplMasterLogInfo(): info: [non-CDPL log entry] saeSession5,1,default|&/mnt/coe/workspace/ece/ece546-spr25/group8/group8_project/simulation/group8,2to4_decoder_static_tb,schematic/history_1/simulation/default/PrimeSimHSPICE/nominal/results PILOTDONE!
1743974165.448061: 61240-7f0647fff700: cdpl_server_ipc.c:1251: in _sv_ipc_thread(): debug: received FINISH message
1743974165.448069: 61240-7f0647fff700: cdpl_server_ipc.c:983: in _sv_on_finish(): info: worker W1 completed task T0
1743974165.448070: 61240-7f0647fff700: cdpl_server_ipc.c:988: in _sv_on_finish(): debug: stat T0: utime=5406 stime=741
1743974165.448072: 61240-7f0647fff700: cdpl_server_ipc.c:993: in _sv_on_finish(): debug: statm T0: vsize=3080592 rss=1065788 shared=519812 text=474784 data=734804
1743974165.467360: 61240-7f068bf07540: cdpl_server.c:227: in _sv_free_task_safe(): debug: freeing task T0
1743974165.490974: 61240-7f0647fff700: cdpl_server_ipc.c:1268: in _sv_ipc_thread(): debug: received RELAY message
1743974165.490981: 61240-7f0647fff700: cdpl_server_ipc.c:713: in _sv_on_relay(): debug: RELAY message from W1, size = 47
1743974165.490983: 61240-7f0647fff700: cdpl_server_ipc.c:715: in _sv_on_relay(): debug: RELAY message from W1, content = WORKERDU|108,dc2isi00nfs.oit.ncsu.edu:/coe_nfs
1743974175.608993: 61240-7f068bf07540: cdpl_server.c:3008: in cdpl_sv_halt_job_errno(): info: killing job J1
1743974175.609007: 61240-7f068bf07540: cdpl_server.c:3044: in cdpl_sv_halt_job_errno(): debug: signal bin B1 scheduler to stop
1743974175.609055: 61240-7f06377fe700: cdpl_server_sched.c:2484: in _sv_scheduler_thread(): debug: scheduler for bin B1 stopped
1743974175.609063: 61240-7f06377fe700: cdpl_ipc.c:1657: in _host_drop__UNSAFE(): debug: dropping host `152.14.142.25:50002'
1743974175.609085: 61240-7f06377fe700: cdpl_server_sched.c:2830: in _sv_drop_worker(): info: down to 0 alive workers in B1
1743974175.609088: 61240-7f06377fe700: cdpl_farm.c:4152: in cdpl_farm_dismiss(): debug: down to 0 running processes
1743974175.609089: 61240-7f0647fff700: cdpl_server_ipc.c:1236: in _sv_ipc_thread(): debug: received DROP notification
1743974175.609097: 61240-7f06377fe700: cdpl_server_sched.c:121: in _free_worker_2(): debug: freeing worker W1
1743974175.609099: 61240-7f06377fe700: cdpl_ipc.c:2513: in cdpl_ipc_host_release(): debug: releasing host `152.14.142.25:50002'
1743974175.609100: 61240-7f06377fe700: cdpl_ipc.c:2529: in cdpl_ipc_host_release(): debug: scheduling for immediate release
1743974175.609104: 61240-7f068bf07540: cdpl_server.c:294: in _sv_free_job(): info: freeing job J1
1743974175.609105: 61240-7f068bf07540: cdpl_server.c:92: in _sv_free_bin(): debug: freeing bin B1
1743974175.609111: 61240-7f068bf07540: cdpl_monitor.c:515: in cdpl_mn_kill(): info: killing monitor
1743974175.609113: 61240-7f068bf07540: cdpl_ipc.c:3677: in cdpl_ipc_kill(): debug: stopping event server
1743974175.609124: 61240-7f0646ffd700: cdpl_ipc.c:2460: in _epoll_main(): debug: server going down...
1743974175.609142: 61240-7f06477fe700: cdpl_ipc.c:1582: in _host_free__UNSAFE(): debug: freeing host `152.14.142.25:50002'
1743974175.609157: 61240-7f06477fe700: cdpl_ipc.c:1621: in _host_free__UNSAFE(): debug: [0 outq, 0 spR, 0 spW]
1743974175.609161: 61240-7f06477fe700: cdpl_ipc.c:775: in _readv(): warning: read(): EOF
1743974175.609165: 61240-7f06477fe700: cdpl_ipc.c:2100: in _epoll_recv(): debug: _readv(): Broken pipe
1743974175.609166: 61240-7f06477fe700: cdpl_ipc.c:2424: in _epoll_main(): debug: _epoll_recv(): Broken pipe
1743974175.609168: 61240-7f06477fe700: cdpl_ipc.c:1657: in _host_drop__UNSAFE(): debug: dropping host `152.14.142.25:49988'
1743974175.609194: 61240-7f0647fff700: cdpl_server_ipc.c:1236: in _sv_ipc_thread(): debug: received DROP notification
1743974175.609196: 61240-7f0647fff700: cdpl_monitor.c:1269: in cdpl_mn_drop(): debug: detaching from monitor `152.14.142.25:49988'
1743974175.609200: 61240-7f0647fff700: cdpl_monitor.c:1101: in mn_systat_stop(): debug: joining systat thread
1743974175.609207: 61240-7f06457fa700: cdpl_monitor.c:1079: in mn_systat(): debug: exiting
1743974175.609211: 61240-7f0647fff700: cdpl_monitor.c:1103: in mn_systat_stop(): debug: systat thread done
1743974175.609212: 61240-7f0647fff700: cdpl_ipc.c:2513: in cdpl_ipc_host_release(): debug: releasing host `152.14.142.25:49988'
1743974175.609276: 61240-7f06367fc700: cdpl_ipc.c:3728: in cdpl_ipc_free(): debug: releasing IPC handle
1743974175.609280: 61240-7f06367fc700: cdpl_ipc.c:1582: in _host_free__UNSAFE(): debug: freeing host `152.14.142.25:40043'
1743974175.609281: 61240-7f06367fc700: cdpl_ipc.c:1621: in _host_free__UNSAFE(): debug: [0 outq, 0 spR, 0 spW]
1743974175.609288: 61240-7f06367fc700: cdpl_ipc.c:1582: in _host_free__UNSAFE(): debug: freeing host `152.14.142.25:34903'
1743974175.609289: 61240-7f06367fc700: cdpl_ipc.c:1621: in _host_free__UNSAFE(): debug: [0 outq, 0 spR, 0 spW]
1743974175.609292: 61240-7f06367fc700: cdpl_ipc.c:3756: in cdpl_ipc_free(): warning: 2 host(s) were not released
1743974175.609296: 61240-7f06367fc700: cdpl_ipc.c:3767: in cdpl_ipc_free(): debug: done
1743974175.609297: 61240-7f06367fc700: cdpl_monitor.c:1390: in cdpl_mn_free(): debug: freeing monitor client
1743974175.609328: 61240-7f068bf07540: cdpl_farm.c:2740: in cdpl_farm_free(): info: freeing farm
1743974175.609335: 61240-7f0636ffd700: cdpl_farm.c:2231: in _schedule(): debug: end of idling
1743974175.609339: 61240-7f0636ffd700: cdpl_farm.c:2235: in _schedule(): debug: dying
1743974175.609364: 61240-7f068bf07540: cdpl_farm.c:913: in _killall(): debug: killing all remaining commands
1743974175.609367: 61240-7f068bf07540: cdpl_server.c:3144: in cdpl_sv_free(): info: freeing server S397220691
1743974175.609368: 61240-7f068bf07540: cdpl_server.c:3109: in cdpl_sv_kill_errno(): info: killing server
1743974175.609370: 61240-7f068bf07540: cdpl_ipc.c:3677: in cdpl_ipc_kill(): debug: stopping event server
1743974175.609374: 61240-7f06477fe700: cdpl_ipc.c:2460: in _epoll_main(): debug: server going down...
1743974175.609377: 61240-7f0647fff700: cdpl_server_ipc.c:1200: in _sv_ipc_thread(): debug: leaving now
1743974175.609381: 61240-7f068bf07540: cdpl_server.c:334: in _sv_free_master(): info: freeing master M1
1743974175.609386: 61240-7f068bf07540: cdpl_hash.c:68: in cdpl_h_destroy(): debug: put operations: 1
1743974175.609387: 61240-7f068bf07540: cdpl_hash.c:69: in cdpl_h_destroy(): debug: put collisions: 0
1743974175.609388: 61240-7f068bf07540: cdpl_hash.c:70: in cdpl_h_destroy(): debug: get operations: 1
1743974175.609389: 61240-7f068bf07540: cdpl_hash.c:71: in cdpl_h_destroy(): debug: get iterations: 1
1743974175.609391: 61240-7f068bf07540: cdpl_monitor.c:1390: in cdpl_mn_free(): debug: freeing monitor server
1743974175.609392: 61240-7f068bf07540: cdpl_ipc.c:3728: in cdpl_ipc_free(): debug: releasing IPC handle
1743974175.609393: 61240-7f068bf07540: cdpl_ipc.c:1582: in _host_free__UNSAFE(): debug: freeing host `152.14.142.25:49988'
1743974175.609394: 61240-7f068bf07540: cdpl_ipc.c:1621: in _host_free__UNSAFE(): debug: [0 outq, 0 spR, 0 spW]
1743974175.609414: 61240-7f068bf07540: cdpl_ipc.c:3767: in cdpl_ipc_free(): debug: done
1743974175.609415: 61240-7f068bf07540: cdpl_log.c:481: in cdpl_log_close(): info: @@end_of_log@@
