1744756639.872192: 50153-7f17d103a540: cdpl_log.c:337: in cdpl_log_open(): info: @@start_of_log@@
1744756639.872208: 50153-7f17d103a540: cdpl_log.c:1058: in cdpl_log_dump_sysinfo(): info: time: 2025/04/15 18:37:19 EDT -0400
1744756639.872210: 50153-7f17d103a540: cdpl_log.c:1060: in cdpl_log_dump_sysinfo(): info: version: W-2024.09-SP1-2 
1744756639.872211: 50153-7f17d103a540: cdpl_log.c:1062: in cdpl_log_dump_sysinfo(): info: system: Linux 4.18.0-553.47.1.el8_10.x86_64 #1 SMP Thu Mar 20 10:01:53 EDT 2025
1744756639.872212: 50153-7f17d103a540: cdpl_log.c:1067: in cdpl_log_dump_sysinfo(): info: processor: x86_64 64-bits
1744756639.872213: 50153-7f17d103a540: cdpl_log.c:1071: in cdpl_log_dump_sysinfo(): info: hostname: nightwing.ece.ncsu.edu
1744756639.872213: 50153-7f17d103a540: cdpl_log.c:1073: in cdpl_log_dump_sysinfo(): info: program name: custom_shell
1744756639.872215: 50153-7f17d103a540: cdpl_log.c:340: in cdpl_log_open(): debug: path: /mnt/coe/workspace/ece/ece546-spr25/group8/group8_project/synopsys_custom/pwdp_jobs/saeSession0_HSPICEdefault.SimulationSimulation_cdpl.0.50153/logs/master.nightwing.ece.ncsu.edu.50153.log
1744756639.872216: 50153-7f17d103a540: cdpl_log.c:341: in cdpl_log_open(): debug: dir: /mnt/coe/workspace/ece/ece546-spr25/group8/group8_project/synopsys_custom/pwdp_jobs/saeSession0_HSPICEdefault.SimulationSimulation_cdpl.0.50153/logs
1744756639.874710: 50153-7f17d103a540: cdpl_server.c:536: in cdpl_sv_init(): info: new server S13446554
1744756639.874719: 50153-7f17d103a540: cdpl_ipc.c:3475: in cdpl_ipc_init(): info: requesting IPv4 protocol
1744756639.880769: 50153-7f17d103a540: cdpl_ipc.c:837: in _selectaddrfamily(): info: selected IPv4 protocol
1744756639.880783: 50153-7f17d103a540: cdpl_ipc.c:1139: in _set_keepalive(): info: TCP keep alive interval: 300
1744756639.883447: 50153-7f17d103a540: cdpl_monitor.c:1117: in cdpl_mn_new_server(): info: creating server monitor instance
1744756639.883458: 50153-7f17d103a540: cdpl_server.c:650: in cdpl_sv_new_master(): info: new master M1
1744756639.883464: 50153-7f17d103a540: cdpl_server.c:6533: in cdpl_sv_ctl_master(): info: Setting worker heartbeat to 120 seconds
1744756639.883465: 50153-7f17d103a540: cdpl_server.c:6542: in cdpl_sv_ctl_master(): info: Setting worker heartbeat timeout to 3 heartbeats
1744756639.883466: 50153-7f17d103a540: cdpl_compat_master.c:2090: in _parse_hostfile(): info: reading hostfile `/mnt/coe/workspace/ece/ece546-spr25/group8/group8_project/synopsys_custom/pwdp_jobs/saeSession0_HSPICEdefault.SimulationSimulation_cdpl.0.50153/host_file'
1744756639.892930: 50153-7f17d103a540: cdpl_compat_master.c:1900: in _hostfile_parser(): debug: parsing "1     |localhost|   -1  | /tmp | SH | sh"
1744756639.892942: 50153-7f17d103a540: cdpl_farm.c:2578: in cdpl_farm_new_sh(): info: creating SH farm on localhost
1744756639.892945: 50153-7f17d103a540: cdpl_compat_master.c:206: in _set_farm_env(): info: exporting CDPL_LOGDIR as `/mnt/coe/workspace/ece/ece546-spr25/group8/group8_project/synopsys_custom/pwdp_jobs/saeSession0_HSPICEdefault.SimulationSimulation_cdpl.0.50153/logs'
1744756639.892947: 50153-7f17d103a540: cdpl_compat_master.c:212: in _set_farm_env(): info: exporting CDPL_TMPDIR as `/tmp'
1744756639.892948: 50153-7f17d103a540: cdpl_compat_master.c:219: in _set_farm_env(): info: exporting CDPL_HOME as `/mnt/apps/public/COE/synopsys_apps/hspice/W-2024.09-SP1/hspice/cdpl'
1744756639.892949: 50153-7f17d103a540: cdpl_compat_master.c:235: in _set_farm_env(): info: exporting SNPSLMD_LICENSE_FILE as `27000@ece-lic-35.ece.ncsu.edu'
1744756639.892950: 50153-7f17d103a540: cdpl_compat_master.c:259: in _set_farm_env(): info: exporting CDPL_OPTIONS as `[nowlogs]'
1744756639.892950: 50153-7f17d103a540: cdpl_compat_master.c:266: in _set_farm_env(): info: exporting DISPLAY as `unix:5297'
1744756639.892951: 50153-7f17d103a540: cdpl_compat_master.c:274: in _set_farm_env(): info: exporting CDPL_HEARTBEAT as `120'
1744756639.892961: 50153-7f17d103a540: cdpl_farm.c:3149: in cdpl_farm_add_withdir(): debug: added `localhost' (capacity: unlimited)
1744756639.892962: 50153-7f17d103a540: cdpl_compat_parse.c:147: in parsefile(): debug: read `/mnt/coe/workspace/ece/ece546-spr25/group8/group8_project/synopsys_custom/pwdp_jobs/saeSession0_HSPICEdefault.SimulationSimulation_cdpl.0.50153/host_file', 2 lines
1744756639.892965: 50153-7f17d103a540: cdpl_compat_master.c:2931: in cdplInitMaster(): info: bcast dir is `/mnt/coe/workspace/ece/ece546-spr25/group8/group8_project/synopsys_custom/pwdp_jobs/saeSession0_HSPICEdefault.SimulationSimulation_cdpl.0.50153/logs'
1744756639.901644: 50153-7f17d103a540: cdpl_server.c:6433: in cdpl_sv_ctl_master(): info: farm worker timeout set to 300
1744756639.901646: 50153-7f17d103a540: cdpl_server.c:6486: in cdpl_sv_ctl_master(): info: maximum number of task execution attempts set to 1
1744756639.901663: 50153-7f17d103a540: cdpl_server.c:3195: in cdpl_sv_start(): debug: starting server
1744756639.901665: 50153-7f17d103a540: cdpl_ipc.c:3632: in cdpl_ipc_start(): debug: starting IPC server 152.14.99.252:45451
1744756639.901827: 50153-7f1798ebd700: cdpl_server_ipc.c:1182: in _sv_ipc_thread(): debug: ready
1744756639.902001: 50153-7f1787fff700: cdpl_monitor.c:426: in cdpl_mn_init_client(): info: creating client monitor instance
1744756639.902010: 50153-7f1787fff700: cdpl_ipc.c:3475: in cdpl_ipc_init(): info: requesting IPv4 protocol
1744756639.905682: 50153-7f1787fff700: cdpl_ipc.c:837: in _selectaddrfamily(): info: selected IPv4 protocol
1744756639.905695: 50153-7f1787fff700: cdpl_ipc.c:1139: in _set_keepalive(): info: TCP keep alive interval: 300
1744756639.908476: 50153-7f1787fff700: cdpl_ipc.c:3632: in cdpl_ipc_start(): debug: starting IPC server 152.14.99.252:37779
1744756639.908562: 50153-7f1787fff700: cdpl_monitor.c:471: in cdpl_mn_init_client(): debug: incoming messages in /tmp/cdpl-monitor-SfeGWY
1744756639.908604: 50153-7f1787fff700: cdpl_monitor.c:533: in cdpl_mn_connect(): debug: connecting to 152.14.99.252:45451
1744756639.908607: 50153-7f1787fff700: cdpl_ipc.c:3789: in cdpl_ipc_connect(): info: connecting to 152.14.99.252:45451
1744756639.908672: 50153-7f1787fff700: cdpl_ipc.c:3860: in cdpl_ipc_connect(): info: connected as `152.14.99.252:37954'
1744756639.908679: 50153-7f1787fff700: cdpl_ipc.c:2503: in cdpl_ipc_host_accept(): debug: accepted host `152.14.99.252:45451'
1744756639.908695: 50153-7f1787fff700: cdpl_monitor.c:579: in cdpl_mn_connect(): debug: ok
1744756639.908713: 50153-7f17d103a540: cdpl_server.c:731: in cdpl_sv_new_job(): info: new job J1 in M1
1744756639.908731: 50153-7f17d103a540: cdpl_compat_master.c:1581: in _add_worker(): info: new worker type 10, min:1, max:3, cmd:`/mnt/coe/workspace/ece/ece546-spr25/group8/group8_project/synopsys_custom/pwdp_jobs/saeSession0_HSPICEdefault.SimulationSimulation_cdpl.0.50153/START_WORKER pw_worker -i /mnt/coe/workspace/ece/ece546-spr25/group8/gro
1744756639.908740: 50153-7f17d103a540: cdpl_server.c:908: in cdpl_sv_new_bin_withfarm(): info: new bin B1 in J1
1744756639.908796: 50153-7f17996be700: cdpl_ipc.c:1862: in _epoll_accept(): debug: new connection from `152.14.99.252:37954'
1744756639.908917: 50153-7f1798ebd700: cdpl_server_ipc.c:1225: in _sv_ipc_thread(): debug: received ACCEPT notification
1744756639.908925: 50153-7f1798ebd700: cdpl_ipc.c:2503: in cdpl_ipc_host_accept(): debug: accepted host `152.14.99.252:37954'
1744756639.908933: 50153-7f1798ebd700: cdpl_server_ipc.c:1256: in _sv_ipc_thread(): debug: received MONITOR message
1744756639.909006: 50153-7f1784ff9700: cdpl_monitor.c:910: in mn_systat(): debug: started
1744756639.909008: 50153-7f1798ebd700: cdpl_monitor.c:1207: in cdpl_mn_accept(): debug: accepted monitor `152.14.99.252:37954'
1744756639.909011: 50153-7f1798ebd700: cdpl_server_ipc_mon.c:120: in _globalLOCK(): debug: ENTERTING GLOBAL LOCK
1744756639.909012: 50153-7f1798ebd700: cdpl_server_ipc_mon.c:164: in _globalLOCK(): debug: global lock acquired
1744756639.909128: 50153-7f1784ff9700: cdpl_monitor.c:937: in mn_systat(): debug: monitor server flush rate: 5
1744756639.955683: 50153-7f1798ebd700: cdpl_server_ipc_mon.c:210: in _globalUNLOCK(): debug: LEAVING GLOBAL LOCK
1744756640.266996: 50153-7f17d103a540: cdpl_server.c:3249: in cdpl_sv_start_job(): info: starting job J1
1744756640.267009: 50153-7f17d103a540: cdpl_server.c:62: in _sv_start_bin(): debug: starting bin B1 (min: 0, max: 3)
1744756640.267188: 50153-7f17d103a540: cdpl_server.c:1893: in _sv_gen_task(): info: new task T0 in B1 (prio 0)
1744756640.267209: 50153-7f176ffff700: cdpl_server_sched.c:2482: in _sv_scheduler_thread(): debug: scheduler for bin B1 started
1744756640.267216: 50153-7f17d103a540: cdpl_server.c:2698: in cdpl_sv_label_task_va(): info: setting task T0 label to "HSPICE_1|HSPICE"
1744756640.267298: 50153-7f176ffff700: cdpl_server_sched.c:2443: in _scheduler_run(): debug: will start a new worker
1744756640.267321: 50153-7f176ffff700: cdpl_farm.c:3977: in cdpl_farm_submit(): debug: 1 running processes
1744756640.267323: 50153-7f176ffff700: cdpl_farm.c:3985: in cdpl_farm_submit(): debug: new command C1 in bin B1 assigned to host `localhost'
1744756640.267356: 50153-7f176ffff700: cdpl_server_sched.c:705: in _sv_launch_worker(): info: started worker W1 (as C1) in bin B1
1744756640.267399: 50153-7f176f7fe700: cdpl_farm.c:2139: in _schedule(): debug: started
1744756640.267405: 50153-7f176f7fe700: cdpl_farm.c:2303: in _schedule(): debug: submitting command C1 in bin B1
1744756640.267414: 50153-7f176f7fe700: cdpl_sh.c:49: in _sh_detached_submit(): info: SH : /mnt/coe/workspace/ece/ece546-spr25/group8/group8_project/synopsys_custom/pwdp_jobs/saeSession0_HSPICEdefault.SimulationSimulation_cdpl.0.50153/START_WORKER pw_worker -i /mnt/coe/workspace/ece/ece546-spr25/group8/group8_project/synopsys_custom/pwdp_jobs/saeSession0_HSPICEdefault.SimulationSimulation_cdpl.0.50153 -t 10000
1744756640.269826: 50153-7f176f7fe700: cdpl_farm.c:2343: in _schedule(): debug: C1 in bin B1 running on slot 0
1744756640.269838: 50153-7f176f7fe700: cdpl_farm.c:2167: in _schedule(): debug: idle
1744756640.543379: 50153-7f17d103a540: cdpl_compat_master.c:5948: in cdplMasterLogInfo(): info: [non-CDPL log entry] PWDP3: reset pilot cache succeeded, pilot_key=saeSession0,1,HSPICE_default|&/mnt/coe/workspace/ece/ece546-spr25/group8/group8_project/simulation/group8,tb2025_1,schematic/history_1/simulation/HSPICE_default/HSPICE/nominal/results
1744756640.569901: 50153-7f176f7fe700: cdpl_farm.c:1193: in _onexit(): debug: C1 in bin B1 exited normally on slot 0
1744756641.212087: 50153-7f1785ffb700: cdpl_compat_master.c:5948: in cdplMasterLogInfo(): info: [non-CDPL log entry] PWDP - no-workers started ok check start!
1744756643.613973: 50153-7f17996be700: cdpl_ipc.c:1862: in _epoll_accept(): debug: new connection from `152.14.99.252:54848'
1744756643.614009: 50153-7f1798ebd700: cdpl_server_ipc.c:1225: in _sv_ipc_thread(): debug: received ACCEPT notification
1744756643.614031: 50153-7f1798ebd700: cdpl_ipc.c:2503: in cdpl_ipc_host_accept(): debug: accepted host `152.14.99.252:54848'
1744756643.614074: 50153-7f1798ebd700: cdpl_server_ipc.c:1246: in _sv_ipc_thread(): debug: received HELLO message
1744756643.614075: 50153-7f1798ebd700: cdpl_server_ipc.c:430: in _sv_on_hello(): debug: looking up W1
1744756643.614077: 50153-7f1798ebd700: cdpl_server_ipc.c:540: in _sv_on_hello(): info: W1 is `152.14.99.252:54848'
1744756643.614078: 50153-7f1798ebd700: cdpl_server_ipc.c:541: in _sv_on_hello(): debug: hello W1 (B1)
1744756643.614079: 50153-7f1798ebd700: cdpl_server_ipc.c:542: in _sv_on_hello(): info: W1 log file is /dev/null
1744756643.614102: 50153-7f1798ebd700: cdpl_server_ipc.c:602: in _sv_on_hello(): info: up to 1 alive workers in B1
1744756643.614107: 50153-7f1798ebd700: cdpl_farm.c:878: in _release_cmd(): debug: freeing command C1 in bin B1
1744756643.614190: 50153-7f176ffff700: cdpl_server_sched.c:960: in _assign(): info: assigning task T0 to worker W1
1744756644.614327: 50153-7f1798ebd700: cdpl_server_ipc.c:312: in _sv_on_heartbeat(): debug: received HEARTBEAT from worker W1 at 152.14.99.252:54848
1744756644.989837: 50153-7f1787fff700: cdpl_monitor.c:533: in cdpl_mn_connect(): debug: connecting to 152.14.99.252:36127
1744756644.989843: 50153-7f1787fff700: cdpl_ipc.c:3789: in cdpl_ipc_connect(): info: connecting to 152.14.99.252:36127
1744756644.989945: 50153-7f1787fff700: cdpl_ipc.c:3860: in cdpl_ipc_connect(): info: connected as `152.14.99.252:55312'
1744756644.989949: 50153-7f1787fff700: cdpl_ipc.c:2503: in cdpl_ipc_host_accept(): debug: accepted host `152.14.99.252:36127'
1744756644.989951: 50153-7f1787fff700: cdpl_monitor.c:579: in cdpl_mn_connect(): debug: ok
1744756647.880387: 50153-7f1798ebd700: cdpl_server_ipc.c:1268: in _sv_ipc_thread(): debug: received RELAY message
1744756647.880392: 50153-7f1798ebd700: cdpl_server_ipc.c:713: in _sv_on_relay(): debug: RELAY message from W1, size = 56
1744756647.880394: 50153-7f1798ebd700: cdpl_server_ipc.c:715: in _sv_on_relay(): debug: RELAY message from W1, content = 0$51569 nightwing.ece.ncsu.edu 51599 RUNNING 1744756647
1744756672.596510: 50153-7f1798ebd700: cdpl_server_ipc.c:1268: in _sv_ipc_thread(): debug: received RELAY message
1744756672.599567: 50153-7f1798ebd700: cdpl_server_ipc.c:713: in _sv_on_relay(): debug: RELAY message from W1, size = 48
1744756672.599570: 50153-7f1798ebd700: cdpl_server_ipc.c:715: in _sv_on_relay(): debug: RELAY message from W1, content = WORKERDU|1114,dc2isi00nfs.oit.ncsu.edu:/coe_nfs
1744756678.230946: 50153-7f1798ebd700: cdpl_server_ipc.c:1268: in _sv_ipc_thread(): debug: received RELAY message
1744756678.233905: 50153-7f1798ebd700: cdpl_server_ipc.c:713: in _sv_on_relay(): debug: RELAY message from W1, size = 47
1744756678.233907: 50153-7f1798ebd700: cdpl_server_ipc.c:715: in _sv_on_relay(): debug: RELAY message from W1, content = WORKERDU|640,dc2isi00nfs.oit.ncsu.edu:/coe_nfs
1744756684.299208: 50153-7f1798ebd700: cdpl_server_ipc.c:1268: in _sv_ipc_thread(): debug: received RELAY message
1744756684.302129: 50153-7f1798ebd700: cdpl_server_ipc.c:713: in _sv_on_relay(): debug: RELAY message from W1, size = 47
1744756684.302131: 50153-7f1798ebd700: cdpl_server_ipc.c:715: in _sv_on_relay(): debug: RELAY message from W1, content = WORKERDU|248,dc2isi00nfs.oit.ncsu.edu:/coe_nfs
1744756684.814861: 50153-7f1798ebd700: cdpl_server_ipc.c:1268: in _sv_ipc_thread(): debug: received RELAY message
1744756684.814868: 50153-7f1798ebd700: cdpl_server_ipc.c:713: in _sv_on_relay(): debug: RELAY message from W1, size = 196
1744756684.814870: 50153-7f1798ebd700: cdpl_server_ipc.c:715: in _sv_on_relay(): debug: RELAY message from W1, content = REQPILOT|saeSession0,1,HSPICE_default|&/mnt/coe/workspace/ece/ece546-spr25/group8/group8_project/simulation/group8,tb2025_1,schematic/history_1/simulation/HSPICE_default/HSPICE/nominal/results|&0
1744756684.814924: 50153-7f17867fc700: cdpl_compat_master.c:5948: in cdplMasterLogInfo(): info: [non-CDPL log entry] PWDP send back 'DOPILOT' to worker id:1 key: saeSession0,1,HSPICE_default|&/mnt/coe/workspace/ece/ece546-spr25/group8/group8_project/simulation/group8,tb2025_1,schematic/history_1/simulation/HSPICE_default/HSPICE/nominal/results
1744756684.838777: 50153-7f17867fc700: cdpl_compat_master.c:5948: in cdplMasterLogInfo(): info: [non-CDPL log entry] PWDP: set pilot doing!
1744756684.860530: 50153-7f1798ebd700: cdpl_server_ipc.c:1268: in _sv_ipc_thread(): debug: received RELAY message
1744756684.860532: 50153-7f1798ebd700: cdpl_server_ipc.c:713: in _sv_on_relay(): debug: RELAY message from W1, size = 192
1744756684.860533: 50153-7f1798ebd700: cdpl_server_ipc.c:715: in _sv_on_relay(): debug: RELAY message from W1, content = PILOTOK|saeSession0,1,HSPICE_default|&/mnt/coe/workspace/ece/ece546-spr25/group8/group8_project/simulation/group8,tb2025_1,schematic/history_1/simulation/HSPICE_default/HSPICE/nominal/results
1744756684.860549: 50153-7f17867fc700: cdpl_compat_master.c:5948: in cdplMasterLogInfo(): info: [non-CDPL log entry] PWDP: set pilot done!
1744756684.860642: 50153-7f1798ebd700: cdpl_server_ipc.c:1268: in _sv_ipc_thread(): debug: received RELAY message
1744756684.860643: 50153-7f1798ebd700: cdpl_server_ipc.c:713: in _sv_on_relay(): debug: RELAY message from W1, size = 18
1744756684.860644: 50153-7f1798ebd700: cdpl_server_ipc.c:715: in _sv_on_relay(): debug: RELAY message from W1, content = 0$- - - MEASDOING
1744756691.542237: 50153-7f1798ebd700: cdpl_server_ipc.c:1268: in _sv_ipc_thread(): debug: received RELAY message
1744756691.545179: 50153-7f1798ebd700: cdpl_server_ipc.c:713: in _sv_on_relay(): debug: RELAY message from W1, size = 68
1744756691.545182: 50153-7f1798ebd700: cdpl_server_ipc.c:715: in _sv_on_relay(): debug: RELAY message from W1, content = 0$51569 nightwing.ece.ncsu.edu 51599 FINISHED 1744756647|1744756691
1744756691.563874: 50153-7f1798ebd700: cdpl_server_ipc.c:1268: in _sv_ipc_thread(): debug: received RELAY message
1744756691.563875: 50153-7f1798ebd700: cdpl_server_ipc.c:713: in _sv_on_relay(): debug: RELAY message from W1, size = 194
1744756691.563876: 50153-7f1798ebd700: cdpl_server_ipc.c:715: in _sv_on_relay(): debug: RELAY message from W1, content = PILOTDONE|saeSession0,1,HSPICE_default|&/mnt/coe/workspace/ece/ece546-spr25/group8/group8_project/simulation/group8,tb2025_1,schematic/history_1/simulation/HSPICE_default/HSPICE/nominal/results
1744756691.563881: 50153-7f17867fc700: cdpl_compat_master.c:5948: in cdplMasterLogInfo(): info: [non-CDPL log entry] saeSession0,1,HSPICE_default|&/mnt/coe/workspace/ece/ece546-spr25/group8/group8_project/simulation/group8,tb2025_1,schematic/history_1/simulation/HSPICE_default/HSPICE/nominal/results PILOTDONE!
1744756691.597287: 50153-7f1798ebd700: cdpl_server_ipc.c:1251: in _sv_ipc_thread(): debug: received FINISH message
1744756691.597292: 50153-7f1798ebd700: cdpl_server_ipc.c:983: in _sv_on_finish(): info: worker W1 completed task T0
1744756691.597294: 50153-7f1798ebd700: cdpl_server_ipc.c:988: in _sv_on_finish(): debug: stat T0: utime=30450 stime=1364
1744756691.597294: 50153-7f1798ebd700: cdpl_server_ipc.c:993: in _sv_on_finish(): debug: statm T0: vsize=3080700 rss=1062652 shared=518412 text=474784 data=736276
1744756691.621610: 50153-7f17d103a540: cdpl_server.c:227: in _sv_free_task_safe(): debug: freeing task T0
1744756691.652746: 50153-7f1798ebd700: cdpl_server_ipc.c:1268: in _sv_ipc_thread(): debug: received RELAY message
1744756691.652750: 50153-7f1798ebd700: cdpl_server_ipc.c:713: in _sv_on_relay(): debug: RELAY message from W1, size = 47
1744756691.652752: 50153-7f1798ebd700: cdpl_server_ipc.c:715: in _sv_on_relay(): debug: RELAY message from W1, content = WORKERDU|229,dc2isi00nfs.oit.ncsu.edu:/coe_nfs
1744756699.720705: 50153-7f17d103a540: cdpl_server.c:3008: in cdpl_sv_halt_job_errno(): info: killing job J1
1744756699.723620: 50153-7f17d103a540: cdpl_server.c:3044: in cdpl_sv_halt_job_errno(): debug: signal bin B1 scheduler to stop
1744756699.723630: 50153-7f176ffff700: cdpl_server_sched.c:2484: in _sv_scheduler_thread(): debug: scheduler for bin B1 stopped
1744756699.723648: 50153-7f176ffff700: cdpl_ipc.c:1657: in _host_drop__UNSAFE(): debug: dropping host `152.14.99.252:54848'
1744756699.723669: 50153-7f176ffff700: cdpl_server_sched.c:2830: in _sv_drop_worker(): info: down to 0 alive workers in B1
1744756699.723672: 50153-7f1798ebd700: cdpl_server_ipc.c:1236: in _sv_ipc_thread(): debug: received DROP notification
1744756699.723678: 50153-7f176ffff700: cdpl_farm.c:4152: in cdpl_farm_dismiss(): debug: down to 0 running processes
1744756699.723684: 50153-7f176ffff700: cdpl_server_sched.c:121: in _free_worker_2(): debug: freeing worker W1
1744756699.723690: 50153-7f176ffff700: cdpl_ipc.c:2513: in cdpl_ipc_host_release(): debug: releasing host `152.14.99.252:54848'
1744756699.723691: 50153-7f176ffff700: cdpl_ipc.c:2529: in cdpl_ipc_host_release(): debug: scheduling for immediate release
1744756699.723698: 50153-7f17d103a540: cdpl_server.c:294: in _sv_free_job(): info: freeing job J1
1744756699.723700: 50153-7f17d103a540: cdpl_server.c:92: in _sv_free_bin(): debug: freeing bin B1
1744756699.723719: 50153-7f17d103a540: cdpl_monitor.c:515: in cdpl_mn_kill(): info: killing monitor
1744756699.723723: 50153-7f17d103a540: cdpl_ipc.c:3677: in cdpl_ipc_kill(): debug: stopping event server
1744756699.723728: 50153-7f17877fe700: cdpl_ipc.c:2460: in _epoll_main(): debug: server going down...
1744756699.723742: 50153-7f17996be700: cdpl_ipc.c:775: in _readv(): warning: read(): EOF
1744756699.723753: 50153-7f17996be700: cdpl_ipc.c:2100: in _epoll_recv(): debug: _readv(): Broken pipe
1744756699.723755: 50153-7f17996be700: cdpl_ipc.c:2424: in _epoll_main(): debug: _epoll_recv(): Broken pipe
1744756699.723757: 50153-7f17996be700: cdpl_ipc.c:1657: in _host_drop__UNSAFE(): debug: dropping host `152.14.99.252:37954'
1744756699.723771: 50153-7f17996be700: cdpl_ipc.c:1582: in _host_free__UNSAFE(): debug: freeing host `152.14.99.252:54848'
1744756699.723772: 50153-7f17996be700: cdpl_ipc.c:1621: in _host_free__UNSAFE(): debug: [0 outq, 0 spR, 0 spW]
1744756699.723776: 50153-7f1798ebd700: cdpl_server_ipc.c:1236: in _sv_ipc_thread(): debug: received DROP notification
1744756699.723780: 50153-7f1798ebd700: cdpl_monitor.c:1269: in cdpl_mn_drop(): debug: detaching from monitor `152.14.99.252:37954'
1744756699.723782: 50153-7f1798ebd700: cdpl_monitor.c:1101: in mn_systat_stop(): debug: joining systat thread
1744756699.723848: 50153-7f1784ff9700: cdpl_monitor.c:1079: in mn_systat(): debug: exiting
1744756699.723855: 50153-7f1798ebd700: cdpl_monitor.c:1103: in mn_systat_stop(): debug: systat thread done
1744756699.723856: 50153-7f1798ebd700: cdpl_ipc.c:2513: in cdpl_ipc_host_release(): debug: releasing host `152.14.99.252:37954'
1744756699.727037: 50153-7f1787fff700: cdpl_ipc.c:3728: in cdpl_ipc_free(): debug: releasing IPC handle
1744756699.727040: 50153-7f1787fff700: cdpl_ipc.c:1582: in _host_free__UNSAFE(): debug: freeing host `152.14.99.252:36127'
1744756699.727042: 50153-7f1787fff700: cdpl_ipc.c:1621: in _host_free__UNSAFE(): debug: [0 outq, 0 spR, 0 spW]
1744756699.727046: 50153-7f1787fff700: cdpl_ipc.c:1582: in _host_free__UNSAFE(): debug: freeing host `152.14.99.252:45451'
1744756699.727047: 50153-7f1787fff700: cdpl_ipc.c:1621: in _host_free__UNSAFE(): debug: [0 outq, 0 spR, 0 spW]
1744756699.727051: 50153-7f1787fff700: cdpl_ipc.c:3756: in cdpl_ipc_free(): warning: 2 host(s) were not released
1744756699.727057: 50153-7f1787fff700: cdpl_ipc.c:3767: in cdpl_ipc_free(): debug: done
1744756699.727058: 50153-7f1787fff700: cdpl_monitor.c:1390: in cdpl_mn_free(): debug: freeing monitor client
1744756699.727199: 50153-7f17d103a540: cdpl_farm.c:2740: in cdpl_farm_free(): info: freeing farm
1744756699.727243: 50153-7f176f7fe700: cdpl_farm.c:2231: in _schedule(): debug: end of idling
1744756699.727248: 50153-7f176f7fe700: cdpl_farm.c:2235: in _schedule(): debug: dying
1744756699.727269: 50153-7f17d103a540: cdpl_farm.c:913: in _killall(): debug: killing all remaining commands
1744756699.727275: 50153-7f17d103a540: cdpl_server.c:3144: in cdpl_sv_free(): info: freeing server S13446554
1744756699.727283: 50153-7f17d103a540: cdpl_server.c:3109: in cdpl_sv_kill_errno(): info: killing server
1744756699.727283: 50153-7f17d103a540: cdpl_ipc.c:3677: in cdpl_ipc_kill(): debug: stopping event server
1744756699.727287: 50153-7f17996be700: cdpl_ipc.c:2460: in _epoll_main(): debug: server going down...
1744756699.727294: 50153-7f1798ebd700: cdpl_server_ipc.c:1200: in _sv_ipc_thread(): debug: leaving now
1744756699.727309: 50153-7f17d103a540: cdpl_server.c:334: in _sv_free_master(): info: freeing master M1
1744756699.727313: 50153-7f17d103a540: cdpl_hash.c:68: in cdpl_h_destroy(): debug: put operations: 1
1744756699.727314: 50153-7f17d103a540: cdpl_hash.c:69: in cdpl_h_destroy(): debug: put collisions: 0
1744756699.727315: 50153-7f17d103a540: cdpl_hash.c:70: in cdpl_h_destroy(): debug: get operations: 1
1744756699.727316: 50153-7f17d103a540: cdpl_hash.c:71: in cdpl_h_destroy(): debug: get iterations: 1
1744756699.727319: 50153-7f17d103a540: cdpl_monitor.c:1390: in cdpl_mn_free(): debug: freeing monitor server
1744756699.727321: 50153-7f17d103a540: cdpl_ipc.c:3728: in cdpl_ipc_free(): debug: releasing IPC handle
1744756699.727321: 50153-7f17d103a540: cdpl_ipc.c:1582: in _host_free__UNSAFE(): debug: freeing host `152.14.99.252:37954'
1744756699.727322: 50153-7f17d103a540: cdpl_ipc.c:1621: in _host_free__UNSAFE(): debug: [0 outq, 0 spR, 0 spW]
1744756699.727328: 50153-7f17d103a540: cdpl_ipc.c:3767: in cdpl_ipc_free(): debug: done
1744756699.727333: 50153-7f17d103a540: cdpl_log.c:481: in cdpl_log_close(): info: @@end_of_log@@
