
                                 IC Validator 

          Version W-2024.09-SP2 for linux64 - Dec 03, 2024 cl#11100136

                    Copyright (c) 1996 - 2024 Synopsys, Inc.
   This software and the associated documentation are proprietary to Synopsys,
 Inc. This software may only be used in accordance with the terms and conditions
 of a written license agreement with Synopsys, Inc. All other use, reproduction,
   or distribution of this software is strictly prohibited.  Licensed Products
     communicate with Synopsys servers for the purpose of providing software
    updates, detecting software piracy and verifying that customers are using
    Licensed Products in conformity with the applicable License Key for such
  Licensed Products. Synopsys will use information gathered in connection with
    this process to deliver software updates and pursue software pirates and
                                   infringers.

 Inclusivity & Diversity - Visit SolvNetPlus to read the "Synopsys Statement on
            Inclusivity and Diversity" (Refer to article 000036315 at
                        https://solvnetplus.synopsys.com)

Time Started: 2025-04-17 17:41:26
Running on: hydra13.ece.ncsu.edu 4.18.0-553.47.1.el8_10.x86_64

-------------

Called as: icv -f gdsii -i /mnt/coe/workspace/ece/ece546-spr25/group8/group8_project/synopsys_custom/2to4_decoder_static.icv.drc/2to4_decoder_static.custom_compiler.gds -c 2to4_decoder_static -I /mnt/designkits/ncsu/FreePDK3/syncust/NCSU_TechLib_FreePDK3/../../icv -oa_dm6 -vue /mnt/designkits/ncsu/FreePDK3/icv/FreePDK3_main.drc.rs

-------------

Command Line Summary:
icv
-c 2to4_decoder_static
-f gdsii
-i /mnt/coe/workspace/ece/ece546-spr25/group8/group8_project/synopsys_custom/2to4_decoder_static.icv.drc/2to4_decoder_static.custom_compiler.gds
-oa_dm6
-vue
-I /mnt/designkits/ncsu/FreePDK3/syncust/NCSU_TechLib_FreePDK3/../../icv
/mnt/designkits/ncsu/FreePDK3/icv/FreePDK3_main.drc.rs

-------------
Using user-specified ICV_INCLUDES setting as:
"/mnt/apps/public/COE/synopsys_apps/icvalidator/W-2024.09-SP2/include"

Parsing runset "/mnt/designkits/ncsu/FreePDK3/icv/FreePDK3_main.drc.rs"

/mnt/designkits/ncsu/FreePDK3/icv/FreePDK3_main.drc.rs:16: warning: The error_limit_per_check in error_options is set to unlimited.  The user setting of unlimited will be honored but could result in very large error files and increased amount of time to process if the number of errors in a check is very large.
warning: There was 1 evaluation warning
Runset Processing Time=0:00:05 User=2.50 Sys=0.25 Mem=0.374 GB

Parsing finished
Host startup begins.
Host startup done: 2 successes, 0 failures.
	hydra13.ece.ncsu.edu: 2 total CPUs, maximum 2 commands in parallel.
Selecting "hydra13.ece.ncsu.edu" as Primary host

System Startup Time=0.447058 User=0.0459601

Command execution begins.  Details recorded in the summary file and log db: 
	"/mnt/coe/workspace/ece/ece546-spr25/group8/group8_project/synopsys_custom/2to4_decoder_static.icv.drc/run_details/2to4_decoder_static.sum"
	"/mnt/coe/workspace/ece/ece546-spr25/group8/group8_project/synopsys_custom/2to4_decoder_static.icv.drc/run_details/dp.eventdb"

Running ...
  [0:00:00][0%]   Added 2 CPUs on host hydra13.ece.ncsu.edu (Total: 2 CPUs on 1 hosts)
  [0:00:01][1%]   Rules: 0/317, Rules with Violations: 0, Total Violations: 0
  [0:00:01][2%]   Rules: 1/317, Rules with Violations: 0, Total Violations: 0
  [0:00:01][3%]   Rules: 3/317, Rules with Violations: 0, Total Violations: 0
  [0:00:01][4%]   Rules: 4/317, Rules with Violations: 0, Total Violations: 0
  [0:00:01][5%]   Rules: 14/317, Rules with Violations: 0, Total Violations: 0
  [0:00:01][10%]  Rules: 27/317, Rules with Violations: 0, Total Violations: 0
  [0:00:01][15%]  
  [0:00:02][20%]  
  [0:00:02][25%]  
  [0:00:02][30%]  Rules: 30/317, Rules with Violations: 0, Total Violations: 0
  [0:00:02][35%]  Rules: 36/317, Rules with Violations: 0, Total Violations: 0
  [0:00:02][40%]  Rules: 45/317, Rules with Violations: 0, Total Violations: 0
  [0:00:02][45%]  Rules: 72/317, Rules with Violations: 0, Total Violations: 0
  [0:00:02][50%]  Rules: 78/317, Rules with Violations: 0, Total Violations: 0
  [0:00:03][55%]  Rules: 184/317, Rules with Violations: 0, Total Violations: 0
  [0:00:03][60%]  
  [0:00:03][65%]  Rules: 207/317, Rules with Violations: 0, Total Violations: 0
  [0:00:03][70%]  Rules: 235/317, Rules with Violations: 0, Total Violations: 0
  [0:00:03][75%]  Rules: 251/317, Rules with Violations: 0, Total Violations: 0
  [0:00:03][80%]  Rules: 276/317, Rules with Violations: 0, Total Violations: 0
  [0:00:03][85%]  Rules: 295/317, Rules with Violations: 0, Total Violations: 0
  [0:00:03][90%]  Rules: 305/317, Rules with Violations: 0, Total Violations: 0
  [0:00:03][95%]  Rules: 312/317, Rules with Violations: 0, Total Violations: 0
  [0:00:03][100%] Rules: 317/317, Rules with Violations: 0, Total Violations: 0
Engine Runtime=3.32030 User=0.212897
Error storage stats...
  User=0.03 Sys=0.09 Mem=0.003 GB

Generating 2to4_decoder_static.LAYOUT_ERRORS...
  Generation Time=0:00:00  User=0.00 Sys=0.00 Mem=0.001 GB

Overall engine Time=0:00:11 Highest command Mem=0.055 GB

-------------

IC Validator Machine Memory Report
hydra13.ece.ncsu.edu : Average = 0.424 GB, Peak = 0.424 GB

Overall Disk Usage Disk=0.003 GB
Group File Disk Usage Peak=0.000 GB

Overall Manager Mem=0.374 GB


Time Ended: 2025-04-17 17:41:40

IC Validator is done.
