1742960903.810208: 979582-7f8696199540: cdpl_log.c:337: in cdpl_log_open(): info: @@start_of_log@@
1742960903.810234: 979582-7f8696199540: cdpl_log.c:1058: in cdpl_log_dump_sysinfo(): info: time: 2025/03/25 23:48:23 EDT -0400
1742960903.810240: 979582-7f8696199540: cdpl_log.c:1060: in cdpl_log_dump_sysinfo(): info: version: W-2024.09-SP1-2 
1742960903.810244: 979582-7f8696199540: cdpl_log.c:1062: in cdpl_log_dump_sysinfo(): info: system: Linux 4.18.0-553.45.1.el8_10.x86_64 #1 SMP Fri Mar 7 16:18:59 EST 2025
1742960903.810247: 979582-7f8696199540: cdpl_log.c:1067: in cdpl_log_dump_sysinfo(): info: processor: x86_64 64-bits
1742960903.810250: 979582-7f8696199540: cdpl_log.c:1071: in cdpl_log_dump_sysinfo(): info: hostname: hydra11.ece.ncsu.edu
1742960903.810254: 979582-7f8696199540: cdpl_log.c:1073: in cdpl_log_dump_sysinfo(): info: program name: custom_shell
1742960903.810259: 979582-7f8696199540: cdpl_log.c:340: in cdpl_log_open(): debug: path: /mnt/coe/workspace/ece/ece546-spr25/group8/group8_project/synopsys_custom/pwdp_jobs/saeSession0_default.SimulationSimulation_cdpl.1.979582/logs/master.hydra11.ece.ncsu.edu.979582.log
1742960903.810263: 979582-7f8696199540: cdpl_log.c:341: in cdpl_log_open(): debug: dir: /mnt/coe/workspace/ece/ece546-spr25/group8/group8_project/synopsys_custom/pwdp_jobs/saeSession0_default.SimulationSimulation_cdpl.1.979582/logs
1742960903.810272: 979582-7f8696199540: cdpl_server.c:536: in cdpl_sv_init(): info: new server S850539806
1742960903.810277: 979582-7f8696199540: cdpl_ipc.c:3475: in cdpl_ipc_init(): info: requesting IPv4 protocol
1742960903.816182: 979582-7f8696199540: cdpl_ipc.c:837: in _selectaddrfamily(): info: selected IPv4 protocol
1742960903.816235: 979582-7f8696199540: cdpl_ipc.c:1139: in _set_keepalive(): info: TCP keep alive interval: 300
1742960903.819256: 979582-7f8696199540: cdpl_monitor.c:1117: in cdpl_mn_new_server(): info: creating server monitor instance
1742960903.819272: 979582-7f8696199540: cdpl_server.c:650: in cdpl_sv_new_master(): info: new master M1
1742960903.819284: 979582-7f8696199540: cdpl_server.c:6533: in cdpl_sv_ctl_master(): info: Setting worker heartbeat to 120 seconds
1742960903.819288: 979582-7f8696199540: cdpl_server.c:6542: in cdpl_sv_ctl_master(): info: Setting worker heartbeat timeout to 3 heartbeats
1742960903.819294: 979582-7f8696199540: cdpl_compat_master.c:2090: in _parse_hostfile(): info: reading hostfile `/mnt/coe/workspace/ece/ece546-spr25/group8/group8_project/synopsys_custom/pwdp_jobs/saeSession0_default.SimulationSimulation_cdpl.1.979582/host_file'
1742960903.823750: 979582-7f8696199540: cdpl_compat_master.c:1900: in _hostfile_parser(): debug: parsing "1     |localhost|   -1  | /tmp | SH | sh"
1742960903.823765: 979582-7f8696199540: cdpl_farm.c:2578: in cdpl_farm_new_sh(): info: creating SH farm on localhost
1742960903.823774: 979582-7f8696199540: cdpl_compat_master.c:206: in _set_farm_env(): info: exporting CDPL_LOGDIR as `/mnt/coe/workspace/ece/ece546-spr25/group8/group8_project/synopsys_custom/pwdp_jobs/saeSession0_default.SimulationSimulation_cdpl.1.979582/logs'
1742960903.823778: 979582-7f8696199540: cdpl_compat_master.c:212: in _set_farm_env(): info: exporting CDPL_TMPDIR as `/tmp'
1742960903.823783: 979582-7f8696199540: cdpl_compat_master.c:219: in _set_farm_env(): info: exporting CDPL_HOME as `/mnt/apps/public/COE/synopsys_apps/hspice/W-2024.09-SP1/hspice/cdpl'
1742960903.823787: 979582-7f8696199540: cdpl_compat_master.c:235: in _set_farm_env(): info: exporting SNPSLMD_LICENSE_FILE as `27000@ece-lic-35.ece.ncsu.edu'
1742960903.823792: 979582-7f8696199540: cdpl_compat_master.c:259: in _set_farm_env(): info: exporting CDPL_OPTIONS as `[nowlogs]'
1742960903.823795: 979582-7f8696199540: cdpl_compat_master.c:266: in _set_farm_env(): info: exporting DISPLAY as `unix:22470'
1742960903.823799: 979582-7f8696199540: cdpl_compat_master.c:274: in _set_farm_env(): info: exporting CDPL_HEARTBEAT as `120'
1742960903.823808: 979582-7f8696199540: cdpl_farm.c:3149: in cdpl_farm_add_withdir(): debug: added `localhost' (capacity: unlimited)
1742960903.823812: 979582-7f8696199540: cdpl_compat_parse.c:147: in parsefile(): debug: read `/mnt/coe/workspace/ece/ece546-spr25/group8/group8_project/synopsys_custom/pwdp_jobs/saeSession0_default.SimulationSimulation_cdpl.1.979582/host_file', 2 lines
1742960903.823825: 979582-7f8696199540: cdpl_compat_master.c:2931: in cdplInitMaster(): info: bcast dir is `/mnt/coe/workspace/ece/ece546-spr25/group8/group8_project/synopsys_custom/pwdp_jobs/saeSession0_default.SimulationSimulation_cdpl.1.979582/logs'
1742960903.827367: 979582-7f8696199540: cdpl_server.c:6433: in cdpl_sv_ctl_master(): info: farm worker timeout set to 300
1742960903.827377: 979582-7f8696199540: cdpl_server.c:6486: in cdpl_sv_ctl_master(): info: maximum number of task execution attempts set to 1
1742960903.827388: 979582-7f8696199540: cdpl_server.c:3195: in cdpl_sv_start(): debug: starting server
1742960903.827394: 979582-7f8696199540: cdpl_ipc.c:3632: in cdpl_ipc_start(): debug: starting IPC server 152.14.98.7:43805
1742960903.827744: 979582-7f8663553700: cdpl_server_ipc.c:1182: in _sv_ipc_thread(): debug: ready
1742960903.827869: 979582-7f864dffb700: cdpl_monitor.c:426: in cdpl_mn_init_client(): info: creating client monitor instance
1742960903.827889: 979582-7f864dffb700: cdpl_ipc.c:3475: in cdpl_ipc_init(): info: requesting IPv4 protocol
1742960903.831701: 979582-7f864dffb700: cdpl_ipc.c:837: in _selectaddrfamily(): info: selected IPv4 protocol
1742960903.831762: 979582-7f864dffb700: cdpl_ipc.c:1139: in _set_keepalive(): info: TCP keep alive interval: 300
1742960903.834926: 979582-7f864dffb700: cdpl_ipc.c:3632: in cdpl_ipc_start(): debug: starting IPC server 152.14.98.7:33463
1742960903.835216: 979582-7f864dffb700: cdpl_monitor.c:471: in cdpl_mn_init_client(): debug: incoming messages in /tmp/cdpl-monitor-iVkoJI
1742960903.835372: 979582-7f864dffb700: cdpl_monitor.c:533: in cdpl_mn_connect(): debug: connecting to 152.14.98.7:43805
1742960903.835380: 979582-7f864dffb700: cdpl_ipc.c:3789: in cdpl_ipc_connect(): info: connecting to 152.14.98.7:43805
1742960903.835580: 979582-7f864dffb700: cdpl_ipc.c:3860: in cdpl_ipc_connect(): info: connected as `152.14.98.7:36828'
1742960903.835592: 979582-7f864dffb700: cdpl_ipc.c:2503: in cdpl_ipc_host_accept(): debug: accepted host `152.14.98.7:43805'
1742960903.835600: 979582-7f864dffb700: cdpl_monitor.c:579: in cdpl_mn_connect(): debug: ok
1742960903.835623: 979582-7f8662d52700: cdpl_ipc.c:1862: in _epoll_accept(): debug: new connection from `152.14.98.7:36828'
1742960903.835646: 979582-7f8696199540: cdpl_server.c:731: in cdpl_sv_new_job(): info: new job J1 in M1
1742960903.835669: 979582-7f8696199540: cdpl_compat_master.c:1581: in _add_worker(): info: new worker type 10, min:1, max:3, cmd:`/mnt/coe/workspace/ece/ece546-spr25/group8/group8_project/synopsys_custom/pwdp_jobs/saeSession0_default.SimulationSimulation_cdpl.1.979582/START_WORKER pw_worker -i /mnt/coe/workspace/ece/ece546-spr25/group8/group8_p
1742960903.835678: 979582-7f8696199540: cdpl_server.c:908: in cdpl_sv_new_bin_withfarm(): info: new bin B1 in J1
1742960903.835682: 979582-7f8663553700: cdpl_server_ipc.c:1225: in _sv_ipc_thread(): debug: received ACCEPT notification
1742960903.835703: 979582-7f8663553700: cdpl_ipc.c:2503: in cdpl_ipc_host_accept(): debug: accepted host `152.14.98.7:36828'
1742960903.835722: 979582-7f8663553700: cdpl_server_ipc.c:1256: in _sv_ipc_thread(): debug: received MONITOR message
1742960903.835933: 979582-7f8663553700: cdpl_monitor.c:1207: in cdpl_mn_accept(): debug: accepted monitor `152.14.98.7:36828'
1742960903.835941: 979582-7f8663553700: cdpl_server_ipc_mon.c:120: in _globalLOCK(): debug: ENTERTING GLOBAL LOCK
1742960903.835945: 979582-7f8663553700: cdpl_server_ipc_mon.c:164: in _globalLOCK(): debug: global lock acquired
1742960903.835985: 979582-7f8660d4e700: cdpl_monitor.c:910: in mn_systat(): debug: started
1742960903.836271: 979582-7f8660d4e700: cdpl_monitor.c:937: in mn_systat(): debug: monitor server flush rate: 5
1742960903.923743: 979582-7f8663553700: cdpl_server_ipc_mon.c:210: in _globalUNLOCK(): debug: LEAVING GLOBAL LOCK
1742960904.035349: 979582-7f8696199540: cdpl_server.c:3249: in cdpl_sv_start_job(): info: starting job J1
1742960904.035384: 979582-7f8696199540: cdpl_server.c:62: in _sv_start_bin(): debug: starting bin B1 (min: 0, max: 3)
1742960904.035538: 979582-7f8696199540: cdpl_server.c:1893: in _sv_gen_task(): info: new task T0 in B1 (prio 0)
1742960904.035551: 979582-7f864effd700: cdpl_server_sched.c:2482: in _sv_scheduler_thread(): debug: scheduler for bin B1 started
1742960904.035605: 979582-7f8696199540: cdpl_server.c:2698: in cdpl_sv_label_task_va(): info: setting task T0 label to "HSPICE_2|HSPICE"
1742960904.035632: 979582-7f864effd700: cdpl_server_sched.c:2443: in _scheduler_run(): debug: will start a new worker
1742960904.035653: 979582-7f864effd700: cdpl_farm.c:3977: in cdpl_farm_submit(): debug: 1 running processes
1742960904.035658: 979582-7f864effd700: cdpl_farm.c:3985: in cdpl_farm_submit(): debug: new command C1 in bin B1 assigned to host `localhost'
1742960904.035800: 979582-7f864effd700: cdpl_server_sched.c:705: in _sv_launch_worker(): info: started worker W1 (as C1) in bin B1
1742960904.035818: 979582-7f864e7fc700: cdpl_farm.c:2139: in _schedule(): debug: started
1742960904.035831: 979582-7f864e7fc700: cdpl_farm.c:2303: in _schedule(): debug: submitting command C1 in bin B1
1742960904.035839: 979582-7f864e7fc700: cdpl_sh.c:49: in _sh_detached_submit(): info: SH : /mnt/coe/workspace/ece/ece546-spr25/group8/group8_project/synopsys_custom/pwdp_jobs/saeSession0_default.SimulationSimulation_cdpl.1.979582/START_WORKER pw_worker -i /mnt/coe/workspace/ece/ece546-spr25/group8/group8_project/synopsys_custom/pwdp_jobs/saeSession0_default.SimulationSimulation_cdpl.1.979582 -t 10000
1742960904.045072: 979582-7f864e7fc700: cdpl_farm.c:2343: in _schedule(): debug: C1 in bin B1 running on slot 0
1742960904.045119: 979582-7f864e7fc700: cdpl_farm.c:2167: in _schedule(): debug: idle
1742960904.173640: 979582-7f8696199540: cdpl_compat_master.c:5948: in cdplMasterLogInfo(): info: [non-CDPL log entry] PWDP3: reset pilot cache succeeded, pilot_key=saeSession0,1,default|&/mnt/coe/workspace/ece/ece546-spr25/group8/group8_project/simulation/group8,write_logic,schematic/history_1/simulation/default/PrimeSimHSPICE/nominal/results
1742960904.345212: 979582-7f864e7fc700: cdpl_farm.c:1193: in _onexit(): debug: C1 in bin B1 exited normally on slot 0
1742960905.164705: 979582-7f864ffff700: cdpl_compat_master.c:5948: in cdplMasterLogInfo(): info: [non-CDPL log entry] PWDP - no-workers started ok check start!
1742960906.598100: 979582-7f8662d52700: cdpl_ipc.c:1862: in _epoll_accept(): debug: new connection from `152.14.98.7:36836'
1742960906.598174: 979582-7f8663553700: cdpl_server_ipc.c:1225: in _sv_ipc_thread(): debug: received ACCEPT notification
1742960906.598193: 979582-7f8663553700: cdpl_ipc.c:2503: in cdpl_ipc_host_accept(): debug: accepted host `152.14.98.7:36836'
1742960906.598409: 979582-7f8663553700: cdpl_server_ipc.c:1246: in _sv_ipc_thread(): debug: received HELLO message
1742960906.598414: 979582-7f8663553700: cdpl_server_ipc.c:430: in _sv_on_hello(): debug: looking up W1
1742960906.598420: 979582-7f8663553700: cdpl_server_ipc.c:540: in _sv_on_hello(): info: W1 is `152.14.98.7:36836'
1742960906.598423: 979582-7f8663553700: cdpl_server_ipc.c:541: in _sv_on_hello(): debug: hello W1 (B1)
1742960906.598427: 979582-7f8663553700: cdpl_server_ipc.c:542: in _sv_on_hello(): info: W1 log file is /dev/null
1742960906.598442: 979582-7f8663553700: cdpl_server_ipc.c:602: in _sv_on_hello(): info: up to 1 alive workers in B1
1742960906.598452: 979582-7f8663553700: cdpl_farm.c:878: in _release_cmd(): debug: freeing command C1 in bin B1
1742960906.598494: 979582-7f864effd700: cdpl_server_sched.c:960: in _assign(): info: assigning task T0 to worker W1
1742960907.598820: 979582-7f8663553700: cdpl_server_ipc.c:312: in _sv_on_heartbeat(): debug: received HEARTBEAT from worker W1 at 152.14.98.7:36836
1742960908.904290: 979582-7f864dffb700: cdpl_monitor.c:533: in cdpl_mn_connect(): debug: connecting to 152.14.98.7:35013
1742960908.904307: 979582-7f864dffb700: cdpl_ipc.c:3789: in cdpl_ipc_connect(): info: connecting to 152.14.98.7:35013
1742960908.904542: 979582-7f864dffb700: cdpl_ipc.c:3860: in cdpl_ipc_connect(): info: connected as `152.14.98.7:45364'
1742960908.904557: 979582-7f864dffb700: cdpl_ipc.c:2503: in cdpl_ipc_host_accept(): debug: accepted host `152.14.98.7:35013'
1742960908.904564: 979582-7f864dffb700: cdpl_monitor.c:579: in cdpl_mn_connect(): debug: ok
1742960910.556025: 979582-7f8663553700: cdpl_server_ipc.c:1268: in _sv_ipc_thread(): debug: received RELAY message
1742960910.556044: 979582-7f8663553700: cdpl_server_ipc.c:713: in _sv_on_relay(): debug: RELAY message from W1, size = 56
1742960910.556050: 979582-7f8663553700: cdpl_server_ipc.c:715: in _sv_on_relay(): debug: RELAY message from W1, content = 0$983133 hydra11.ece.ncsu.edu 983193 RUNNING 1742960909
1742960934.324094: 979582-7f8663553700: cdpl_server_ipc.c:1268: in _sv_ipc_thread(): debug: received RELAY message
1742960934.325277: 979582-7f8663553700: cdpl_server_ipc.c:713: in _sv_on_relay(): debug: RELAY message from W1, size = 48
1742960934.325286: 979582-7f8663553700: cdpl_server_ipc.c:715: in _sv_on_relay(): debug: RELAY message from W1, content = WORKERDU|1211,dc2isi00nfs.oit.ncsu.edu:/coe_nfs
1742960934.325296: 979582-7f8663553700: cdpl_server_ipc.c:1268: in _sv_ipc_thread(): debug: received RELAY message
1742960934.325300: 979582-7f8663553700: cdpl_server_ipc.c:713: in _sv_on_relay(): debug: RELAY message from W1, size = 193
1742960934.325303: 979582-7f8663553700: cdpl_server_ipc.c:715: in _sv_on_relay(): debug: RELAY message from W1, content = REQPILOT|saeSession0,1,default|&/mnt/coe/workspace/ece/ece546-spr25/group8/group8_project/simulation/group8,write_logic,schematic/history_1/simulation/default/PrimeSimHSPICE/nominal/results|&0
1742960934.325338: 979582-7f866154f700: cdpl_compat_master.c:5948: in cdplMasterLogInfo(): info: [non-CDPL log entry] PWDP send back 'DOPILOT' to worker id:1 key: saeSession0,1,default|&/mnt/coe/workspace/ece/ece546-spr25/group8/group8_project/simulation/group8,write_logic,schematic/history_1/simulation/default/PrimeSimHSPICE/nominal/results
1742960934.330889: 979582-7f866154f700: cdpl_compat_master.c:5948: in cdplMasterLogInfo(): info: [non-CDPL log entry] PWDP: set pilot doing!
1742960934.341363: 979582-7f8663553700: cdpl_server_ipc.c:1268: in _sv_ipc_thread(): debug: received RELAY message
1742960934.341381: 979582-7f8663553700: cdpl_server_ipc.c:713: in _sv_on_relay(): debug: RELAY message from W1, size = 189
1742960934.341388: 979582-7f8663553700: cdpl_server_ipc.c:715: in _sv_on_relay(): debug: RELAY message from W1, content = PILOTOK|saeSession0,1,default|&/mnt/coe/workspace/ece/ece546-spr25/group8/group8_project/simulation/group8,write_logic,schematic/history_1/simulation/default/PrimeSimHSPICE/nominal/results
1742960934.341433: 979582-7f866154f700: cdpl_compat_master.c:5948: in cdplMasterLogInfo(): info: [non-CDPL log entry] PWDP: set pilot done!
1742960934.341619: 979582-7f8663553700: cdpl_server_ipc.c:1268: in _sv_ipc_thread(): debug: received RELAY message
1742960934.341626: 979582-7f8663553700: cdpl_server_ipc.c:713: in _sv_on_relay(): debug: RELAY message from W1, size = 18
1742960934.341631: 979582-7f8663553700: cdpl_server_ipc.c:715: in _sv_on_relay(): debug: RELAY message from W1, content = 0$- - - MEASDOING
1742960937.180426: 979582-7f8663553700: cdpl_server_ipc.c:1268: in _sv_ipc_thread(): debug: received RELAY message
1742960937.180443: 979582-7f8663553700: cdpl_server_ipc.c:713: in _sv_on_relay(): debug: RELAY message from W1, size = 68
1742960937.180449: 979582-7f8663553700: cdpl_server_ipc.c:715: in _sv_on_relay(): debug: RELAY message from W1, content = 0$983133 hydra11.ece.ncsu.edu 983193 FINISHED 1742960909|1742960937
1742960937.194368: 979582-7f8663553700: cdpl_server_ipc.c:1268: in _sv_ipc_thread(): debug: received RELAY message
1742960937.194382: 979582-7f8663553700: cdpl_server_ipc.c:713: in _sv_on_relay(): debug: RELAY message from W1, size = 191
1742960937.194387: 979582-7f8663553700: cdpl_server_ipc.c:715: in _sv_on_relay(): debug: RELAY message from W1, content = PILOTDONE|saeSession0,1,default|&/mnt/coe/workspace/ece/ece546-spr25/group8/group8_project/simulation/group8,write_logic,schematic/history_1/simulation/default/PrimeSimHSPICE/nominal/results
1742960937.194442: 979582-7f866154f700: cdpl_compat_master.c:5948: in cdplMasterLogInfo(): info: [non-CDPL log entry] saeSession0,1,default|&/mnt/coe/workspace/ece/ece546-spr25/group8/group8_project/simulation/group8,write_logic,schematic/history_1/simulation/default/PrimeSimHSPICE/nominal/results PILOTDONE!
1742960937.208852: 979582-7f8663553700: cdpl_server_ipc.c:1251: in _sv_ipc_thread(): debug: received FINISH message
1742960937.208865: 979582-7f8663553700: cdpl_server_ipc.c:983: in _sv_on_finish(): info: worker W1 completed task T0
1742960937.208869: 979582-7f8663553700: cdpl_server_ipc.c:988: in _sv_on_finish(): debug: stat T0: utime=16461 stime=2761
1742960937.208874: 979582-7f8663553700: cdpl_server_ipc.c:993: in _sv_on_finish(): debug: statm T0: vsize=2867080 rss=1062172 shared=519512 text=474784 data=732336
1742960937.234224: 979582-7f8663553700: cdpl_server_ipc.c:1268: in _sv_ipc_thread(): debug: received RELAY message
1742960937.234238: 979582-7f8663553700: cdpl_server_ipc.c:713: in _sv_on_relay(): debug: RELAY message from W1, size = 47
1742960937.234243: 979582-7f8663553700: cdpl_server_ipc.c:715: in _sv_on_relay(): debug: RELAY message from W1, content = WORKERDU|108,dc2isi00nfs.oit.ncsu.edu:/coe_nfs
1742960937.239408: 979582-7f8696199540: cdpl_server.c:227: in _sv_free_task_safe(): debug: freeing task T0
1742960941.069980: 979582-7f8696199540: cdpl_server.c:3008: in cdpl_sv_halt_job_errno(): info: killing job J1
1742960941.071285: 979582-7f8696199540: cdpl_server.c:3044: in cdpl_sv_halt_job_errno(): debug: signal bin B1 scheduler to stop
1742960941.071335: 979582-7f864effd700: cdpl_server_sched.c:2484: in _sv_scheduler_thread(): debug: scheduler for bin B1 stopped
1742960941.071355: 979582-7f864effd700: cdpl_ipc.c:1657: in _host_drop__UNSAFE(): debug: dropping host `152.14.98.7:36836'
1742960941.071414: 979582-7f864effd700: cdpl_server_sched.c:2830: in _sv_drop_worker(): info: down to 0 alive workers in B1
1742960941.071420: 979582-7f8663553700: cdpl_server_ipc.c:1236: in _sv_ipc_thread(): debug: received DROP notification
1742960941.071441: 979582-7f864effd700: cdpl_farm.c:4152: in cdpl_farm_dismiss(): debug: down to 0 running processes
1742960941.071459: 979582-7f864effd700: cdpl_server_sched.c:121: in _free_worker_2(): debug: freeing worker W1
1742960941.071464: 979582-7f864effd700: cdpl_ipc.c:2513: in cdpl_ipc_host_release(): debug: releasing host `152.14.98.7:36836'
1742960941.071468: 979582-7f864effd700: cdpl_ipc.c:2529: in cdpl_ipc_host_release(): debug: scheduling for immediate release
1742960941.071482: 979582-7f8696199540: cdpl_server.c:294: in _sv_free_job(): info: freeing job J1
1742960941.071490: 979582-7f8696199540: cdpl_server.c:92: in _sv_free_bin(): debug: freeing bin B1
1742960941.071507: 979582-7f8696199540: cdpl_monitor.c:515: in cdpl_mn_kill(): info: killing monitor
1742960941.071511: 979582-7f8696199540: cdpl_ipc.c:3677: in cdpl_ipc_kill(): debug: stopping event server
1742960941.071529: 979582-7f8662551700: cdpl_ipc.c:2460: in _epoll_main(): debug: server going down...
1742960941.071590: 979582-7f8662d52700: cdpl_ipc.c:775: in _readv(): warning: read(): EOF
1742960941.071733: 979582-7f8662d52700: cdpl_ipc.c:2100: in _epoll_recv(): debug: _readv(): Broken pipe
1742960941.071747: 979582-7f8662d52700: cdpl_ipc.c:2424: in _epoll_main(): debug: _epoll_recv(): Broken pipe
1742960941.071756: 979582-7f8662d52700: cdpl_ipc.c:1657: in _host_drop__UNSAFE(): debug: dropping host `152.14.98.7:36828'
1742960941.071823: 979582-7f8662d52700: cdpl_ipc.c:1582: in _host_free__UNSAFE(): debug: freeing host `152.14.98.7:36836'
1742960941.071830: 979582-7f8662d52700: cdpl_ipc.c:1621: in _host_free__UNSAFE(): debug: [0 outq, 0 spR, 0 spW]
1742960941.071842: 979582-7f8663553700: cdpl_server_ipc.c:1236: in _sv_ipc_thread(): debug: received DROP notification
1742960941.071852: 979582-7f8663553700: cdpl_monitor.c:1269: in cdpl_mn_drop(): debug: detaching from monitor `152.14.98.7:36828'
1742960941.071868: 979582-7f8663553700: cdpl_monitor.c:1101: in mn_systat_stop(): debug: joining systat thread
1742960941.071875: 979582-7f864dffb700: cdpl_ipc.c:3728: in cdpl_ipc_free(): debug: releasing IPC handle
1742960941.071887: 979582-7f864dffb700: cdpl_ipc.c:1582: in _host_free__UNSAFE(): debug: freeing host `152.14.98.7:35013'
1742960941.071892: 979582-7f8660d4e700: cdpl_monitor.c:1079: in mn_systat(): debug: exiting
1742960941.071910: 979582-7f864dffb700: cdpl_ipc.c:1621: in _host_free__UNSAFE(): debug: [0 outq, 0 spR, 0 spW]
1742960941.071918: 979582-7f8663553700: cdpl_monitor.c:1103: in mn_systat_stop(): debug: systat thread done
1742960941.071924: 979582-7f8663553700: cdpl_ipc.c:2513: in cdpl_ipc_host_release(): debug: releasing host `152.14.98.7:36828'
1742960941.071935: 979582-7f864dffb700: cdpl_ipc.c:1582: in _host_free__UNSAFE(): debug: freeing host `152.14.98.7:43805'
1742960941.071940: 979582-7f864dffb700: cdpl_ipc.c:1621: in _host_free__UNSAFE(): debug: [0 outq, 0 spR, 0 spW]
1742960941.071953: 979582-7f864dffb700: cdpl_ipc.c:3756: in cdpl_ipc_free(): warning: 2 host(s) were not released
1742960941.071966: 979582-7f864dffb700: cdpl_ipc.c:3767: in cdpl_ipc_free(): debug: done
1742960941.071970: 979582-7f864dffb700: cdpl_monitor.c:1390: in cdpl_mn_free(): debug: freeing monitor client
1742960941.072104: 979582-7f8696199540: cdpl_farm.c:2740: in cdpl_farm_free(): info: freeing farm
1742960941.072137: 979582-7f864e7fc700: cdpl_farm.c:2231: in _schedule(): debug: end of idling
1742960941.072151: 979582-7f864e7fc700: cdpl_farm.c:2235: in _schedule(): debug: dying
1742960941.072216: 979582-7f8696199540: cdpl_farm.c:913: in _killall(): debug: killing all remaining commands
1742960941.072227: 979582-7f8696199540: cdpl_server.c:3144: in cdpl_sv_free(): info: freeing server S850539806
1742960941.072233: 979582-7f8696199540: cdpl_server.c:3109: in cdpl_sv_kill_errno(): info: killing server
1742960941.072237: 979582-7f8696199540: cdpl_ipc.c:3677: in cdpl_ipc_kill(): debug: stopping event server
1742960941.072255: 979582-7f8663553700: cdpl_server_ipc.c:1200: in _sv_ipc_thread(): debug: leaving now
1742960941.072260: 979582-7f8662d52700: cdpl_ipc.c:2460: in _epoll_main(): debug: server going down...
1742960941.072278: 979582-7f8696199540: cdpl_server.c:334: in _sv_free_master(): info: freeing master M1
1742960941.072286: 979582-7f8696199540: cdpl_hash.c:68: in cdpl_h_destroy(): debug: put operations: 1
1742960941.072292: 979582-7f8696199540: cdpl_hash.c:69: in cdpl_h_destroy(): debug: put collisions: 0
1742960941.072295: 979582-7f8696199540: cdpl_hash.c:70: in cdpl_h_destroy(): debug: get operations: 1
1742960941.072298: 979582-7f8696199540: cdpl_hash.c:71: in cdpl_h_destroy(): debug: get iterations: 1
1742960941.072304: 979582-7f8696199540: cdpl_monitor.c:1390: in cdpl_mn_free(): debug: freeing monitor server
1742960941.072308: 979582-7f8696199540: cdpl_ipc.c:3728: in cdpl_ipc_free(): debug: releasing IPC handle
1742960941.072312: 979582-7f8696199540: cdpl_ipc.c:1582: in _host_free__UNSAFE(): debug: freeing host `152.14.98.7:36828'
1742960941.072316: 979582-7f8696199540: cdpl_ipc.c:1621: in _host_free__UNSAFE(): debug: [0 outq, 0 spR, 0 spW]
1742960941.072347: 979582-7f8696199540: cdpl_ipc.c:3767: in cdpl_ipc_free(): debug: done
1742960941.072354: 979582-7f8696199540: cdpl_log.c:481: in cdpl_log_close(): info: @@end_of_log@@
