 Mon Apr 14 00:34:27 2025

                                  ICV_Engine 

          Version W-2024.09-SP2 for linux64 - Dec 03, 2024 cl#11100136

                    Copyright (c) 1996 - 2024 Synopsys, Inc.
   This software and the associated documentation are proprietary to Synopsys,
 Inc. This software may only be used in accordance with the terms and conditions
 of a written license agreement with Synopsys, Inc. All other use, reproduction,
   or distribution of this software is strictly prohibited.  Licensed Products
     communicate with Synopsys servers for the purpose of providing software
    updates, detecting software piracy and verifying that customers are using
    Licensed Products in conformity with the applicable License Key for such
  Licensed Products. Synopsys will use information gathered in connection with
    this process to deliver software updates and pursue software pirates and
                                   infringers.

 Inclusivity & Diversity - Visit SolvNetPlus to read the "Synopsys Statement on
            Inclusivity and Diversity" (Refer to article 000036315 at
                        https://solvnetplus.synopsys.com)

Called as: /mnt/apps/public/COE/synopsys_apps/icvalidator/W-2024.09-SP2/bin/linux64/icv_engine stdin -pid 768478 -pydbhost hydra12.ece.ncsu.edu -pydbport 49847 -host hydra12.ece.ncsu.edu -port 33313 -rd /mnt/coe/workspace/ece/ece546-spr25/group8/group8_project/synopsys_custom/invx4.icv.drc/run_details -g /mnt/coe/workspace/ece/ece546-spr25/group8/group8_project/synopsys_custom/invx4.icv.drc/run_details/group -lg /mnt/coe/workspace/ece/ece546-spr25/group8/group8_project/synopsys_custom/invx4.icv.drc/run_details/group/CACHE_DIR -dpid 1 -dpmid 0 -dpname hydra12.ece.ncsu.edu -threads 0 -dpassign -oa_dm6 -zlib stdin


Running Multi-Threaded code with 2 shared thread(s)

Runset file ......................  stdin
Current Directory ................  /mnt/coe/workspace/ece/ece546-spr25/group8/group8_project/synopsys_custom/invx4.icv.drc
Hostname .........................  hydra12.ece.ncsu.edu
Platform type ....................  LINUX.64
GDSII input file name ............  /mnt/coe/workspace/ece/ece546-spr25/group8/group8_project/synopsys_custom/invx4.icv.drc/invx4.custom_compiler.gds
GDSII block name .................  invx4
Run details ......................  /mnt/coe/workspace/ece/ece546-spr25/group8/group8_project/synopsys_custom/invx4.icv.drc/run_details
Group file directory .............  /mnt/coe/workspace/ece/ece546-spr25/group8/group8_project/synopsys_custom/invx4.icv.drc/run_details/group
Check reference structures .......  no

 Mon Apr 14 00:34:27 2025

                                  ICV_Engine 

          Version W-2024.09-SP2 for linux64 - Dec 03, 2024 cl#11100136

                    Copyright (c) 1996 - 2024 Synopsys, Inc.
   This software and the associated documentation are proprietary to Synopsys,
 Inc. This software may only be used in accordance with the terms and conditions
 of a written license agreement with Synopsys, Inc. All other use, reproduction,
   or distribution of this software is strictly prohibited.  Licensed Products
     communicate with Synopsys servers for the purpose of providing software
    updates, detecting software piracy and verifying that customers are using
    Licensed Products in conformity with the applicable License Key for such
  Licensed Products. Synopsys will use information gathered in connection with
    this process to deliver software updates and pursue software pirates and
                                   infringers.

 Inclusivity & Diversity - Visit SolvNetPlus to read the "Synopsys Statement on
            Inclusivity and Diversity" (Refer to article 000036315 at
                        https://solvnetplus.synopsys.com)

Called as: /mnt/apps/public/COE/synopsys_apps/icvalidator/W-2024.09-SP2/bin/linux64/icv_engine stdin -pid 768478 -pydbhost hydra12.ece.ncsu.edu -pydbport 49847 -host hydra12.ece.ncsu.edu -port 33313 -rd /mnt/coe/workspace/ece/ece546-spr25/group8/group8_project/synopsys_custom/invx4.icv.drc/run_details -g /mnt/coe/workspace/ece/ece546-spr25/group8/group8_project/synopsys_custom/invx4.icv.drc/run_details/group -lg /mnt/coe/workspace/ece/ece546-spr25/group8/group8_project/synopsys_custom/invx4.icv.drc/run_details/group/CACHE_DIR -dpid 0 -dpmid 0 -dpname hydra12.ece.ncsu.edu -threads 0 -dpassign -oa_dm6 -zlib stdin


Running Multi-Threaded code with 2 shared thread(s)

Runset file ......................  stdin
Current Directory ................  /mnt/coe/workspace/ece/ece546-spr25/group8/group8_project/synopsys_custom/invx4.icv.drc
Hostname .........................  hydra12.ece.ncsu.edu
Platform type ....................  LINUX.64
GDSII input file name ............  /mnt/coe/workspace/ece/ece546-spr25/group8/group8_project/synopsys_custom/invx4.icv.drc/invx4.custom_compiler.gds
GDSII block name .................  invx4
Run details ......................  /mnt/coe/workspace/ece/ece546-spr25/group8/group8_project/synopsys_custom/invx4.icv.drc/run_details
Group file directory .............  /mnt/coe/workspace/ece/ece546-spr25/group8/group8_project/synopsys_custom/invx4.icv.drc/run_details/group
Check reference structures .......  no

error_options() at /mnt/designkits/ncsu/FreePDK3/icv/FreePDK3_main.drc.rs:16
error_options(ERROR_LIMIT_UNLIMITED, report_empty_violations = true)

assign() at /mnt/designkits/ncsu/FreePDK3/icv/FreePDK3_main.drc.rs:52
aBPR = assign({{==0, ==0}})

  