1743654740.710566: 3947683-7f33d5b4b540: cdpl_log.c:337: in cdpl_log_open(): info: @@start_of_log@@
1743654740.710624: 3947683-7f33d5b4b540: cdpl_log.c:1058: in cdpl_log_dump_sysinfo(): info: time: 2025/04/03 00:32:20 EDT -0400
1743654740.710634: 3947683-7f33d5b4b540: cdpl_log.c:1060: in cdpl_log_dump_sysinfo(): info: version: W-2024.09-SP1-2 
1743654740.710640: 3947683-7f33d5b4b540: cdpl_log.c:1062: in cdpl_log_dump_sysinfo(): info: system: Linux 4.18.0-553.46.1.el8_10.x86_64 #1 SMP Sat Mar 15 01:37:33 EDT 2025
1743654740.710646: 3947683-7f33d5b4b540: cdpl_log.c:1067: in cdpl_log_dump_sysinfo(): info: processor: x86_64 64-bits
1743654740.710651: 3947683-7f33d5b4b540: cdpl_log.c:1071: in cdpl_log_dump_sysinfo(): info: hostname: grendel45.ece.ncsu.edu
1743654740.710656: 3947683-7f33d5b4b540: cdpl_log.c:1073: in cdpl_log_dump_sysinfo(): info: program name: custom_shell
1743654740.710667: 3947683-7f33d5b4b540: cdpl_log.c:340: in cdpl_log_open(): debug: path: /mnt/coe/workspace/ece/ece546-spr25/group8/group8_project/synopsys_custom/pwdp_jobs/saeSession2_HSPICEdefault.SimulationSimulation_cdpl.1.3947683/logs/master.grendel45.ece.ncsu.edu.3947683.log
1743654740.710673: 3947683-7f33d5b4b540: cdpl_log.c:341: in cdpl_log_open(): debug: dir: /mnt/coe/workspace/ece/ece546-spr25/group8/group8_project/synopsys_custom/pwdp_jobs/saeSession2_HSPICEdefault.SimulationSimulation_cdpl.1.3947683/logs
1743654740.710690: 3947683-7f33d5b4b540: cdpl_server.c:536: in cdpl_sv_init(): info: new server S677152610
1743654740.710700: 3947683-7f33d5b4b540: cdpl_ipc.c:3475: in cdpl_ipc_init(): info: requesting IPv4 protocol
1743654740.716894: 3947683-7f33d5b4b540: cdpl_ipc.c:837: in _selectaddrfamily(): info: selected IPv4 protocol
1743654740.716975: 3947683-7f33d5b4b540: cdpl_ipc.c:1139: in _set_keepalive(): info: TCP keep alive interval: 300
1743654740.721775: 3947683-7f33d5b4b540: cdpl_monitor.c:1117: in cdpl_mn_new_server(): info: creating server monitor instance
1743654740.721811: 3947683-7f33d5b4b540: cdpl_server.c:650: in cdpl_sv_new_master(): info: new master M1
1743654740.721833: 3947683-7f33d5b4b540: cdpl_server.c:6533: in cdpl_sv_ctl_master(): info: Setting worker heartbeat to 120 seconds
1743654740.721840: 3947683-7f33d5b4b540: cdpl_server.c:6542: in cdpl_sv_ctl_master(): info: Setting worker heartbeat timeout to 3 heartbeats
1743654740.721848: 3947683-7f33d5b4b540: cdpl_compat_master.c:2090: in _parse_hostfile(): info: reading hostfile `/mnt/coe/workspace/ece/ece546-spr25/group8/group8_project/synopsys_custom/pwdp_jobs/saeSession2_HSPICEdefault.SimulationSimulation_cdpl.1.3947683/host_file'
1743654740.732724: 3947683-7f33d5b4b540: cdpl_compat_master.c:1900: in _hostfile_parser(): debug: parsing "1     |localhost|   -1  | /tmp | SH | sh"
1743654740.732762: 3947683-7f33d5b4b540: cdpl_farm.c:2578: in cdpl_farm_new_sh(): info: creating SH farm on localhost
1743654740.732777: 3947683-7f33d5b4b540: cdpl_compat_master.c:206: in _set_farm_env(): info: exporting CDPL_LOGDIR as `/mnt/coe/workspace/ece/ece546-spr25/group8/group8_project/synopsys_custom/pwdp_jobs/saeSession2_HSPICEdefault.SimulationSimulation_cdpl.1.3947683/logs'
1743654740.732784: 3947683-7f33d5b4b540: cdpl_compat_master.c:212: in _set_farm_env(): info: exporting CDPL_TMPDIR as `/tmp'
1743654740.732791: 3947683-7f33d5b4b540: cdpl_compat_master.c:219: in _set_farm_env(): info: exporting CDPL_HOME as `/mnt/apps/public/COE/synopsys_apps/hspice/W-2024.09-SP1/hspice/cdpl'
1743654740.732799: 3947683-7f33d5b4b540: cdpl_compat_master.c:235: in _set_farm_env(): info: exporting SNPSLMD_LICENSE_FILE as `27000@ece-lic-35.ece.ncsu.edu'
1743654740.732807: 3947683-7f33d5b4b540: cdpl_compat_master.c:259: in _set_farm_env(): info: exporting CDPL_OPTIONS as `[nowlogs]'
1743654740.732812: 3947683-7f33d5b4b540: cdpl_compat_master.c:266: in _set_farm_env(): info: exporting DISPLAY as `unix:22502'
1743654740.732818: 3947683-7f33d5b4b540: cdpl_compat_master.c:274: in _set_farm_env(): info: exporting CDPL_HEARTBEAT as `120'
1743654740.732833: 3947683-7f33d5b4b540: cdpl_farm.c:3149: in cdpl_farm_add_withdir(): debug: added `localhost' (capacity: unlimited)
1743654740.732858: 3947683-7f33d5b4b540: cdpl_compat_parse.c:147: in parsefile(): debug: read `/mnt/coe/workspace/ece/ece546-spr25/group8/group8_project/synopsys_custom/pwdp_jobs/saeSession2_HSPICEdefault.SimulationSimulation_cdpl.1.3947683/host_file', 2 lines
1743654740.732866: 3947683-7f33d5b4b540: cdpl_compat_master.c:2931: in cdplInitMaster(): info: bcast dir is `/mnt/coe/workspace/ece/ece546-spr25/group8/group8_project/synopsys_custom/pwdp_jobs/saeSession2_HSPICEdefault.SimulationSimulation_cdpl.1.3947683/logs'
1743654740.740538: 3947683-7f33d5b4b540: cdpl_server.c:6433: in cdpl_sv_ctl_master(): info: farm worker timeout set to 300
1743654740.740553: 3947683-7f33d5b4b540: cdpl_server.c:6486: in cdpl_sv_ctl_master(): info: maximum number of task execution attempts set to 1
1743654740.740570: 3947683-7f33d5b4b540: cdpl_server.c:3195: in cdpl_sv_start(): debug: starting server
1743654740.740577: 3947683-7f33d5b4b540: cdpl_ipc.c:3632: in cdpl_ipc_start(): debug: starting IPC server 152.14.98.62:40603
1743654740.741191: 3947683-7f339e6fc700: cdpl_server_ipc.c:1182: in _sv_ipc_thread(): debug: ready
1743654740.741409: 3947683-7f338dffb700: cdpl_monitor.c:426: in cdpl_mn_init_client(): info: creating client monitor instance
1743654740.741461: 3947683-7f338dffb700: cdpl_ipc.c:3475: in cdpl_ipc_init(): info: requesting IPv4 protocol
1743654740.747179: 3947683-7f338dffb700: cdpl_ipc.c:837: in _selectaddrfamily(): info: selected IPv4 protocol
1743654740.747262: 3947683-7f338dffb700: cdpl_ipc.c:1139: in _set_keepalive(): info: TCP keep alive interval: 300
1743654740.750812: 3947683-7f338dffb700: cdpl_ipc.c:3632: in cdpl_ipc_start(): debug: starting IPC server 152.14.98.62:37233
1743654740.751247: 3947683-7f338dffb700: cdpl_monitor.c:471: in cdpl_mn_init_client(): debug: incoming messages in /tmp/cdpl-monitor-Usn2p4
1743654740.751524: 3947683-7f338dffb700: cdpl_monitor.c:533: in cdpl_mn_connect(): debug: connecting to 152.14.98.62:40603
1743654740.751532: 3947683-7f338dffb700: cdpl_ipc.c:3789: in cdpl_ipc_connect(): info: connecting to 152.14.98.62:40603
1743654740.751912: 3947683-7f338dffb700: cdpl_ipc.c:3860: in cdpl_ipc_connect(): info: connected as `152.14.98.62:43796'
1743654740.751929: 3947683-7f338dffb700: cdpl_ipc.c:2503: in cdpl_ipc_host_accept(): debug: accepted host `152.14.98.62:40603'
1743654740.751942: 3947683-7f338dffb700: cdpl_monitor.c:579: in cdpl_mn_connect(): debug: ok
1743654740.752051: 3947683-7f339eefd700: cdpl_ipc.c:1862: in _epoll_accept(): debug: new connection from `152.14.98.62:43796'
1743654740.752092: 3947683-7f33d5b4b540: cdpl_server.c:731: in cdpl_sv_new_job(): info: new job J1 in M1
1743654740.752150: 3947683-7f33d5b4b540: cdpl_compat_master.c:1581: in _add_worker(): info: new worker type 10, min:1, max:3, cmd:`/mnt/coe/workspace/ece/ece546-spr25/group8/group8_project/synopsys_custom/pwdp_jobs/saeSession2_HSPICEdefault.SimulationSimulation_cdpl.1.3947683/START_WORKER pw_worker -i /mnt/coe/workspace/ece/ece546-spr25/group8/g
1743654740.752168: 3947683-7f33d5b4b540: cdpl_server.c:908: in cdpl_sv_new_bin_withfarm(): info: new bin B1 in J1
1743654740.752221: 3947683-7f339e6fc700: cdpl_server_ipc.c:1225: in _sv_ipc_thread(): debug: received ACCEPT notification
1743654740.752270: 3947683-7f339e6fc700: cdpl_ipc.c:2503: in cdpl_ipc_host_accept(): debug: accepted host `152.14.98.62:43796'
1743654740.752308: 3947683-7f339e6fc700: cdpl_server_ipc.c:1256: in _sv_ipc_thread(): debug: received MONITOR message
1743654740.752801: 3947683-7f339e6fc700: cdpl_monitor.c:1207: in cdpl_mn_accept(): debug: accepted monitor `152.14.98.62:43796'
1743654740.752834: 3947683-7f339e6fc700: cdpl_server_ipc_mon.c:120: in _globalLOCK(): debug: ENTERTING GLOBAL LOCK
1743654740.752842: 3947683-7f339e6fc700: cdpl_server_ipc_mon.c:164: in _globalLOCK(): debug: global lock acquired
1743654740.752947: 3947683-7f339cef9700: cdpl_monitor.c:910: in mn_systat(): debug: started
1743654740.753568: 3947683-7f339cef9700: cdpl_monitor.c:937: in mn_systat(): debug: monitor server flush rate: 5
1743654742.616062: 3947683-7f339e6fc700: cdpl_server_ipc_mon.c:210: in _globalUNLOCK(): debug: LEAVING GLOBAL LOCK
1743654742.616202: 3947683-7f33d5b4b540: cdpl_server.c:3249: in cdpl_sv_start_job(): info: starting job J1
1743654742.616246: 3947683-7f33d5b4b540: cdpl_server.c:62: in _sv_start_bin(): debug: starting bin B1 (min: 0, max: 3)
1743654742.616575: 3947683-7f338e7fc700: cdpl_server_sched.c:2482: in _sv_scheduler_thread(): debug: scheduler for bin B1 started
1743654742.616602: 3947683-7f33d5b4b540: cdpl_server.c:1893: in _sv_gen_task(): info: new task T0 in B1 (prio 0)
1743654742.616620: 3947683-7f33d5b4b540: cdpl_server.c:2698: in cdpl_sv_label_task_va(): info: setting task T0 label to "HSPICE_2|HSPICE"
1743654742.616645: 3947683-7f338e7fc700: cdpl_server_sched.c:2443: in _scheduler_run(): debug: will start a new worker
1743654742.616685: 3947683-7f338e7fc700: cdpl_farm.c:3977: in cdpl_farm_submit(): debug: 1 running processes
1743654742.616692: 3947683-7f338e7fc700: cdpl_farm.c:3985: in cdpl_farm_submit(): debug: new command C1 in bin B1 assigned to host `localhost'
1743654742.616895: 3947683-7f338e7fc700: cdpl_server_sched.c:705: in _sv_launch_worker(): info: started worker W1 (as C1) in bin B1
1743654742.616930: 3947683-7f338d7fa700: cdpl_farm.c:2139: in _schedule(): debug: started
1743654742.616957: 3947683-7f338d7fa700: cdpl_farm.c:2303: in _schedule(): debug: submitting command C1 in bin B1
1743654742.616972: 3947683-7f338d7fa700: cdpl_sh.c:49: in _sh_detached_submit(): info: SH : /mnt/coe/workspace/ece/ece546-spr25/group8/group8_project/synopsys_custom/pwdp_jobs/saeSession2_HSPICEdefault.SimulationSimulation_cdpl.1.3947683/START_WORKER pw_worker -i /mnt/coe/workspace/ece/ece546-spr25/group8/group8_project/synopsys_custom/pwdp_jobs/saeSession2_HSPICEdefault.SimulationSimulation_cdpl.1.3947683 -t 10000
1743654742.625867: 3947683-7f338d7fa700: cdpl_farm.c:2343: in _schedule(): debug: C1 in bin B1 running on slot 0
1743654742.625892: 3947683-7f338d7fa700: cdpl_farm.c:2167: in _schedule(): debug: idle
1743654743.226112: 3947683-7f338d7fa700: cdpl_farm.c:1193: in _onexit(): debug: C1 in bin B1 exited normally on slot 0
1743654747.149710: 3947683-7f33d5b4b540: cdpl_compat_master.c:5948: in cdplMasterLogInfo(): info: [non-CDPL log entry] PWDP3: reset pilot cache succeeded, pilot_key=saeSession2,1,HSPICE_default|&/mnt/coe/workspace/ece/ece546-spr25/group8/group8_project/simulation/group8,memory_array_write_test,schematic/history_1/simulation/HSPICE_default/HSPICE/nominal/results
1743654750.463129: 3947683-7f338ffff700: cdpl_compat_master.c:5948: in cdplMasterLogInfo(): info: [non-CDPL log entry] PWDP - no-workers started ok check start!
1743654768.856519: 3947683-7f339eefd700: cdpl_ipc.c:1862: in _epoll_accept(): debug: new connection from `152.14.98.62:48368'
1743654768.860165: 3947683-7f339e6fc700: cdpl_server_ipc.c:1225: in _sv_ipc_thread(): debug: received ACCEPT notification
1743654768.860223: 3947683-7f339e6fc700: cdpl_ipc.c:2503: in cdpl_ipc_host_accept(): debug: accepted host `152.14.98.62:48368'
1743654768.860267: 3947683-7f339e6fc700: cdpl_server_ipc.c:1246: in _sv_ipc_thread(): debug: received HELLO message
1743654768.860274: 3947683-7f339e6fc700: cdpl_server_ipc.c:430: in _sv_on_hello(): debug: looking up W1
1743654768.860282: 3947683-7f339e6fc700: cdpl_server_ipc.c:540: in _sv_on_hello(): info: W1 is `152.14.98.62:48368'
1743654768.860287: 3947683-7f339e6fc700: cdpl_server_ipc.c:541: in _sv_on_hello(): debug: hello W1 (B1)
1743654768.860292: 3947683-7f339e6fc700: cdpl_server_ipc.c:542: in _sv_on_hello(): info: W1 log file is /dev/null
1743654768.860327: 3947683-7f339e6fc700: cdpl_server_ipc.c:602: in _sv_on_hello(): info: up to 1 alive workers in B1
1743654768.860341: 3947683-7f339e6fc700: cdpl_farm.c:878: in _release_cmd(): debug: freeing command C1 in bin B1
1743654768.860433: 3947683-7f338e7fc700: cdpl_server_sched.c:960: in _assign(): info: assigning task T0 to worker W1
1743654769.294710: 3947683-7f339e6fc700: cdpl_server_ipc.c:1268: in _sv_ipc_thread(): debug: received RELAY message
1743654769.294751: 3947683-7f339e6fc700: cdpl_server_ipc.c:713: in _sv_on_relay(): debug: RELAY message from W1, size = 60
1743654769.294773: 3947683-7f339e6fc700: cdpl_server_ipc.c:715: in _sv_on_relay(): debug: RELAY message from W1, content = 0$3952633 grendel45.ece.ncsu.edu 3952728 RUNNING 1743654769
1743654769.858496: 3947683-7f339e6fc700: cdpl_server_ipc.c:312: in _sv_on_heartbeat(): debug: received HEARTBEAT from worker W1 at 152.14.98.62:48368
1743654770.761063: 3947683-7f338dffb700: cdpl_monitor.c:533: in cdpl_mn_connect(): debug: connecting to 152.14.98.62:43425
1743654770.761091: 3947683-7f338dffb700: cdpl_ipc.c:3789: in cdpl_ipc_connect(): info: connecting to 152.14.98.62:43425
1743654770.761426: 3947683-7f338dffb700: cdpl_ipc.c:3860: in cdpl_ipc_connect(): info: connected as `152.14.98.62:55534'
1743654770.761456: 3947683-7f338dffb700: cdpl_ipc.c:2503: in cdpl_ipc_host_accept(): debug: accepted host `152.14.98.62:43425'
1743654770.761469: 3947683-7f338dffb700: cdpl_monitor.c:579: in cdpl_mn_connect(): debug: ok
1743654789.035470: 3947683-7f339e6fc700: cdpl_server_ipc.c:1268: in _sv_ipc_thread(): debug: received RELAY message
1743654789.038812: 3947683-7f339e6fc700: cdpl_server_ipc.c:713: in _sv_on_relay(): debug: RELAY message from W1, size = 47
1743654789.038833: 3947683-7f339e6fc700: cdpl_server_ipc.c:715: in _sv_on_relay(): debug: RELAY message from W1, content = WORKERDU|299,dc2isi00nfs.oit.ncsu.edu:/coe_nfs
1743654789.048486: 3947683-7f339e6fc700: cdpl_server_ipc.c:1268: in _sv_ipc_thread(): debug: received RELAY message
1743654789.048523: 3947683-7f339e6fc700: cdpl_server_ipc.c:713: in _sv_on_relay(): debug: RELAY message from W1, size = 211
1743654789.048531: 3947683-7f339e6fc700: cdpl_server_ipc.c:715: in _sv_on_relay(): debug: RELAY message from W1, content = REQPILOT|saeSession2,1,HSPICE_default|&/mnt/coe/workspace/ece/ece546-spr25/group8/group8_project/simulation/group8,memory_array_write_test,schematic/history_1/simulation/HSPICE_default/HSPICE/nominal/results|&0
1743654789.048715: 3947683-7f339d6fa700: cdpl_compat_master.c:5948: in cdplMasterLogInfo(): info: [non-CDPL log entry] PWDP send back 'DOPILOT' to worker id:1 key: saeSession2,1,HSPICE_default|&/mnt/coe/workspace/ece/ece546-spr25/group8/group8_project/simulation/group8,memory_array_write_test,schematic/history_1/simulation/HSPICE_default/HSPICE/nominal/results
1743654789.060936: 3947683-7f339d6fa700: cdpl_compat_master.c:5948: in cdplMasterLogInfo(): info: [non-CDPL log entry] PWDP: set pilot doing!
1743654789.081056: 3947683-7f339e6fc700: cdpl_server_ipc.c:1268: in _sv_ipc_thread(): debug: received RELAY message
1743654789.081093: 3947683-7f339e6fc700: cdpl_server_ipc.c:713: in _sv_on_relay(): debug: RELAY message from W1, size = 207
1743654789.081101: 3947683-7f339e6fc700: cdpl_server_ipc.c:715: in _sv_on_relay(): debug: RELAY message from W1, content = PILOTOK|saeSession2,1,HSPICE_default|&/mnt/coe/workspace/ece/ece546-spr25/group8/group8_project/simulation/group8,memory_array_write_test,schematic/history_1/simulation/HSPICE_default/HSPICE/nominal/results
1743654789.081150: 3947683-7f339d6fa700: cdpl_compat_master.c:5948: in cdplMasterLogInfo(): info: [non-CDPL log entry] PWDP: set pilot done!
1743654789.082120: 3947683-7f339e6fc700: cdpl_server_ipc.c:1268: in _sv_ipc_thread(): debug: received RELAY message
1743654789.082157: 3947683-7f339e6fc700: cdpl_server_ipc.c:713: in _sv_on_relay(): debug: RELAY message from W1, size = 18
1743654789.082165: 3947683-7f339e6fc700: cdpl_server_ipc.c:715: in _sv_on_relay(): debug: RELAY message from W1, content = 0$- - - MEASDOING
1743654795.101229: 3947683-7f339e6fc700: cdpl_server_ipc.c:1268: in _sv_ipc_thread(): debug: received RELAY message
1743654795.104462: 3947683-7f339e6fc700: cdpl_server_ipc.c:713: in _sv_on_relay(): debug: RELAY message from W1, size = 72
1743654795.104482: 3947683-7f339e6fc700: cdpl_server_ipc.c:715: in _sv_on_relay(): debug: RELAY message from W1, content = 0$3952633 grendel45.ece.ncsu.edu 3952728 FINISHED 1743654769|1743654795
1743654795.128996: 3947683-7f339e6fc700: cdpl_server_ipc.c:1268: in _sv_ipc_thread(): debug: received RELAY message
1743654795.129051: 3947683-7f339e6fc700: cdpl_server_ipc.c:713: in _sv_on_relay(): debug: RELAY message from W1, size = 209
1743654795.129060: 3947683-7f339e6fc700: cdpl_server_ipc.c:715: in _sv_on_relay(): debug: RELAY message from W1, content = PILOTDONE|saeSession2,1,HSPICE_default|&/mnt/coe/workspace/ece/ece546-spr25/group8/group8_project/simulation/group8,memory_array_write_test,schematic/history_1/simulation/HSPICE_default/HSPICE/nominal/results
1743654795.129113: 3947683-7f339d6fa700: cdpl_compat_master.c:5948: in cdplMasterLogInfo(): info: [non-CDPL log entry] saeSession2,1,HSPICE_default|&/mnt/coe/workspace/ece/ece546-spr25/group8/group8_project/simulation/group8,memory_array_write_test,schematic/history_1/simulation/HSPICE_default/HSPICE/nominal/results PILOTDONE!
1743654795.164062: 3947683-7f339e6fc700: cdpl_server_ipc.c:1251: in _sv_ipc_thread(): debug: received FINISH message
1743654795.164102: 3947683-7f339e6fc700: cdpl_server_ipc.c:983: in _sv_on_finish(): info: worker W1 completed task T0
1743654795.164111: 3947683-7f339e6fc700: cdpl_server_ipc.c:988: in _sv_on_finish(): debug: stat T0: utime=9593 stime=5403
1743654795.164118: 3947683-7f339e6fc700: cdpl_server_ipc.c:993: in _sv_on_finish(): debug: statm T0: vsize=2867504 rss=1064984 shared=520364 text=474784 data=732768
1743654795.223229: 3947683-7f339e6fc700: cdpl_server_ipc.c:1268: in _sv_ipc_thread(): debug: received RELAY message
1743654795.223265: 3947683-7f339e6fc700: cdpl_server_ipc.c:713: in _sv_on_relay(): debug: RELAY message from W1, size = 47
1743654795.223273: 3947683-7f339e6fc700: cdpl_server_ipc.c:715: in _sv_on_relay(): debug: RELAY message from W1, content = WORKERDU|108,dc2isi00nfs.oit.ncsu.edu:/coe_nfs
1743654802.488821: 3947683-7f33d5b4b540: cdpl_server.c:3008: in cdpl_sv_halt_job_errno(): info: killing job J1
1743654802.492141: 3947683-7f33d5b4b540: cdpl_server.c:3044: in cdpl_sv_halt_job_errno(): debug: signal bin B1 scheduler to stop
1743654802.492198: 3947683-7f338e7fc700: cdpl_server_sched.c:2484: in _sv_scheduler_thread(): debug: scheduler for bin B1 stopped
1743654802.492237: 3947683-7f338e7fc700: cdpl_ipc.c:1657: in _host_drop__UNSAFE(): debug: dropping host `152.14.98.62:48368'
1743654802.492355: 3947683-7f338e7fc700: cdpl_server_sched.c:2830: in _sv_drop_worker(): info: down to 0 alive workers in B1
1743654802.492364: 3947683-7f338e7fc700: cdpl_farm.c:4152: in cdpl_farm_dismiss(): debug: down to 0 running processes
1743654802.492403: 3947683-7f339e6fc700: cdpl_server_ipc.c:1236: in _sv_ipc_thread(): debug: received DROP notification
1743654802.492676: 3947683-7f338e7fc700: cdpl_server_sched.c:121: in _free_worker_2(): debug: freeing worker W1
1743654802.492707: 3947683-7f338e7fc700: cdpl_ipc.c:2513: in cdpl_ipc_host_release(): debug: releasing host `152.14.98.62:48368'
1743654802.492771: 3947683-7f33d5b4b540: cdpl_server.c:294: in _sv_free_job(): info: freeing job J1
1743654802.492804: 3947683-7f33d5b4b540: cdpl_server.c:92: in _sv_free_bin(): debug: freeing bin B1
1743654802.492814: 3947683-7f33d5b4b540: cdpl_server.c:184: in _sv_free_task(): debug: freeing task T0
1743654802.492833: 3947683-7f33d5b4b540: cdpl_monitor.c:515: in cdpl_mn_kill(): info: killing monitor
1743654802.492840: 3947683-7f33d5b4b540: cdpl_ipc.c:3677: in cdpl_ipc_kill(): debug: stopping event server
1743654802.492985: 3947683-7f338f7fe700: cdpl_ipc.c:2460: in _epoll_main(): debug: server going down...
1743654802.493120: 3947683-7f339eefd700: cdpl_ipc.c:775: in _readv(): warning: read(): EOF
1743654802.493412: 3947683-7f339eefd700: cdpl_ipc.c:2100: in _epoll_recv(): debug: _readv(): Broken pipe
1743654802.493455: 3947683-7f339eefd700: cdpl_ipc.c:2424: in _epoll_main(): debug: _epoll_recv(): Broken pipe
1743654802.493469: 3947683-7f338dffb700: cdpl_ipc.c:3728: in cdpl_ipc_free(): debug: releasing IPC handle
1743654802.493507: 3947683-7f338dffb700: cdpl_ipc.c:1582: in _host_free__UNSAFE(): debug: freeing host `152.14.98.62:43425'
1743654802.493516: 3947683-7f338dffb700: cdpl_ipc.c:1621: in _host_free__UNSAFE(): debug: [0 outq, 0 spR, 0 spW]
1743654802.493568: 3947683-7f338dffb700: cdpl_ipc.c:1582: in _host_free__UNSAFE(): debug: freeing host `152.14.98.62:40603'
1743654802.493574: 3947683-7f338dffb700: cdpl_ipc.c:1621: in _host_free__UNSAFE(): debug: [0 outq, 0 spR, 0 spW]
1743654802.493587: 3947683-7f338dffb700: cdpl_ipc.c:3756: in cdpl_ipc_free(): warning: 2 host(s) were not released
1743654802.493604: 3947683-7f338dffb700: cdpl_ipc.c:3767: in cdpl_ipc_free(): debug: done
1743654802.493610: 3947683-7f338dffb700: cdpl_monitor.c:1390: in cdpl_mn_free(): debug: freeing monitor client
1743654802.493620: 3947683-7f339eefd700: cdpl_ipc.c:1657: in _host_drop__UNSAFE(): debug: dropping host `152.14.98.62:43796'
1743654802.493825: 3947683-7f339eefd700: cdpl_ipc.c:1582: in _host_free__UNSAFE(): debug: freeing host `152.14.98.62:48368'
1743654802.493840: 3947683-7f339eefd700: cdpl_ipc.c:1621: in _host_free__UNSAFE(): debug: [0 outq, 0 spR, 0 spW]
1743654802.493866: 3947683-7f339e6fc700: cdpl_server_ipc.c:1236: in _sv_ipc_thread(): debug: received DROP notification
1743654802.493902: 3947683-7f339e6fc700: cdpl_monitor.c:1269: in cdpl_mn_drop(): debug: detaching from monitor `152.14.98.62:43796'
1743654802.493914: 3947683-7f339e6fc700: cdpl_monitor.c:1101: in mn_systat_stop(): debug: joining systat thread
1743654802.493942: 3947683-7f33d5b4b540: cdpl_farm.c:2740: in cdpl_farm_free(): info: freeing farm
1743654802.493987: 3947683-7f339cef9700: cdpl_monitor.c:1079: in mn_systat(): debug: exiting
1743654802.494005: 3947683-7f339e6fc700: cdpl_monitor.c:1103: in mn_systat_stop(): debug: systat thread done
1743654802.494014: 3947683-7f339e6fc700: cdpl_ipc.c:2513: in cdpl_ipc_host_release(): debug: releasing host `152.14.98.62:43796'
1743654802.494090: 3947683-7f338d7fa700: cdpl_farm.c:2231: in _schedule(): debug: end of idling
1743654802.494129: 3947683-7f338d7fa700: cdpl_farm.c:2235: in _schedule(): debug: dying
1743654802.494412: 3947683-7f33d5b4b540: cdpl_farm.c:913: in _killall(): debug: killing all remaining commands
1743654802.494450: 3947683-7f33d5b4b540: cdpl_server.c:3144: in cdpl_sv_free(): info: freeing server S677152610
1743654802.494461: 3947683-7f33d5b4b540: cdpl_server.c:3109: in cdpl_sv_kill_errno(): info: killing server
1743654802.494466: 3947683-7f33d5b4b540: cdpl_ipc.c:3677: in cdpl_ipc_kill(): debug: stopping event server
1743654802.494512: 3947683-7f339e6fc700: cdpl_server_ipc.c:1200: in _sv_ipc_thread(): debug: leaving now
1743654802.494561: 3947683-7f33d5b4b540: cdpl_server.c:334: in _sv_free_master(): info: freeing master M1
1743654802.494577: 3947683-7f33d5b4b540: cdpl_hash.c:68: in cdpl_h_destroy(): debug: put operations: 1
1743654802.494582: 3947683-7f33d5b4b540: cdpl_hash.c:69: in cdpl_h_destroy(): debug: put collisions: 0
1743654802.494586: 3947683-7f33d5b4b540: cdpl_hash.c:70: in cdpl_h_destroy(): debug: get operations: 1
1743654802.494591: 3947683-7f33d5b4b540: cdpl_hash.c:71: in cdpl_h_destroy(): debug: get iterations: 1
1743654802.494601: 3947683-7f33d5b4b540: cdpl_monitor.c:1390: in cdpl_mn_free(): debug: freeing monitor server
1743654802.494607: 3947683-7f33d5b4b540: cdpl_ipc.c:3722: in cdpl_ipc_free(): debug: waiting for event server to shutdown
1743654802.494616: 3947683-7f339eefd700: cdpl_ipc.c:2460: in _epoll_main(): debug: server going down...
1743654802.494815: 3947683-7f33d5b4b540: cdpl_ipc.c:3728: in cdpl_ipc_free(): debug: releasing IPC handle
1743654802.494847: 3947683-7f33d5b4b540: cdpl_ipc.c:1582: in _host_free__UNSAFE(): debug: freeing host `152.14.98.62:43796'
1743654802.494855: 3947683-7f33d5b4b540: cdpl_ipc.c:1621: in _host_free__UNSAFE(): debug: [0 outq, 0 spR, 0 spW]
1743654802.494908: 3947683-7f33d5b4b540: cdpl_ipc.c:3767: in cdpl_ipc_free(): debug: done
1743654802.494916: 3947683-7f33d5b4b540: cdpl_log.c:481: in cdpl_log_close(): info: @@end_of_log@@
