1744144710.167146: 851445-7fd94bc89540: cdpl_log.c:337: in cdpl_log_open(): info: @@start_of_log@@
1744144710.167204: 851445-7fd94bc89540: cdpl_log.c:1058: in cdpl_log_dump_sysinfo(): info: time: 2025/04/08 16:38:30 EDT -0400
1744144710.167210: 851445-7fd94bc89540: cdpl_log.c:1060: in cdpl_log_dump_sysinfo(): info: version: W-2024.09-SP1-2 
1744144710.167214: 851445-7fd94bc89540: cdpl_log.c:1062: in cdpl_log_dump_sysinfo(): info: system: Linux 4.18.0-553.47.1.el8_10.x86_64 #1 SMP Thu Mar 20 10:01:53 EDT 2025
1744144710.167217: 851445-7fd94bc89540: cdpl_log.c:1067: in cdpl_log_dump_sysinfo(): info: processor: x86_64 64-bits
1744144710.167220: 851445-7fd94bc89540: cdpl_log.c:1071: in cdpl_log_dump_sysinfo(): info: hostname: hydra13.ece.ncsu.edu
1744144710.167224: 851445-7fd94bc89540: cdpl_log.c:1073: in cdpl_log_dump_sysinfo(): info: program name: custom_shell
1744144710.167229: 851445-7fd94bc89540: cdpl_log.c:340: in cdpl_log_open(): debug: path: /mnt/coe/workspace/ece/ece546-spr25/group8/group8_project/synopsys_custom/pwdp_jobs/saeSession1_HSPICEdefault.SimulationSimulation_cdpl.0.851445/logs/master.hydra13.ece.ncsu.edu.851445.log
1744144710.167233: 851445-7fd94bc89540: cdpl_log.c:341: in cdpl_log_open(): debug: dir: /mnt/coe/workspace/ece/ece546-spr25/group8/group8_project/synopsys_custom/pwdp_jobs/saeSession1_HSPICEdefault.SimulationSimulation_cdpl.0.851445/logs
1744144710.167305: 851445-7fd94bc89540: cdpl_server.c:536: in cdpl_sv_init(): info: new server S2019033491
1744144710.167322: 851445-7fd94bc89540: cdpl_ipc.c:3475: in cdpl_ipc_init(): info: requesting IPv4 protocol
1744144710.171688: 851445-7fd94bc89540: cdpl_ipc.c:837: in _selectaddrfamily(): info: selected IPv4 protocol
1744144710.171749: 851445-7fd94bc89540: cdpl_ipc.c:1139: in _set_keepalive(): info: TCP keep alive interval: 300
1744144710.174306: 851445-7fd94bc89540: cdpl_monitor.c:1117: in cdpl_mn_new_server(): info: creating server monitor instance
1744144710.174345: 851445-7fd94bc89540: cdpl_server.c:650: in cdpl_sv_new_master(): info: new master M1
1744144710.174368: 851445-7fd94bc89540: cdpl_server.c:6533: in cdpl_sv_ctl_master(): info: Setting worker heartbeat to 120 seconds
1744144710.174372: 851445-7fd94bc89540: cdpl_server.c:6542: in cdpl_sv_ctl_master(): info: Setting worker heartbeat timeout to 3 heartbeats
1744144710.174377: 851445-7fd94bc89540: cdpl_compat_master.c:2090: in _parse_hostfile(): info: reading hostfile `/mnt/coe/workspace/ece/ece546-spr25/group8/group8_project/synopsys_custom/pwdp_jobs/saeSession1_HSPICEdefault.SimulationSimulation_cdpl.0.851445/host_file'
1744144710.184642: 851445-7fd94bc89540: cdpl_compat_master.c:1900: in _hostfile_parser(): debug: parsing "1     |localhost|   -1  | /tmp | SH | sh"
1744144710.184683: 851445-7fd94bc89540: cdpl_farm.c:2578: in cdpl_farm_new_sh(): info: creating SH farm on localhost
1744144710.184700: 851445-7fd94bc89540: cdpl_compat_master.c:206: in _set_farm_env(): info: exporting CDPL_LOGDIR as `/mnt/coe/workspace/ece/ece546-spr25/group8/group8_project/synopsys_custom/pwdp_jobs/saeSession1_HSPICEdefault.SimulationSimulation_cdpl.0.851445/logs'
1744144710.184704: 851445-7fd94bc89540: cdpl_compat_master.c:212: in _set_farm_env(): info: exporting CDPL_TMPDIR as `/tmp'
1744144710.184709: 851445-7fd94bc89540: cdpl_compat_master.c:219: in _set_farm_env(): info: exporting CDPL_HOME as `/mnt/apps/public/COE/synopsys_apps/hspice/W-2024.09-SP1/hspice/cdpl'
1744144710.184713: 851445-7fd94bc89540: cdpl_compat_master.c:235: in _set_farm_env(): info: exporting SNPSLMD_LICENSE_FILE as `27000@ece-lic-35.ece.ncsu.edu'
1744144710.184717: 851445-7fd94bc89540: cdpl_compat_master.c:259: in _set_farm_env(): info: exporting CDPL_OPTIONS as `[nowlogs]'
1744144710.184720: 851445-7fd94bc89540: cdpl_compat_master.c:266: in _set_farm_env(): info: exporting DISPLAY as `unix:16190'
1744144710.184724: 851445-7fd94bc89540: cdpl_compat_master.c:274: in _set_farm_env(): info: exporting CDPL_HEARTBEAT as `120'
1744144710.184750: 851445-7fd94bc89540: cdpl_farm.c:3149: in cdpl_farm_add_withdir(): debug: added `localhost' (capacity: unlimited)
1744144710.184763: 851445-7fd94bc89540: cdpl_compat_parse.c:147: in parsefile(): debug: read `/mnt/coe/workspace/ece/ece546-spr25/group8/group8_project/synopsys_custom/pwdp_jobs/saeSession1_HSPICEdefault.SimulationSimulation_cdpl.0.851445/host_file', 2 lines
1744144710.184767: 851445-7fd94bc89540: cdpl_compat_master.c:2931: in cdplInitMaster(): info: bcast dir is `/mnt/coe/workspace/ece/ece546-spr25/group8/group8_project/synopsys_custom/pwdp_jobs/saeSession1_HSPICEdefault.SimulationSimulation_cdpl.0.851445/logs'
1744144710.191655: 851445-7fd94bc89540: cdpl_server.c:6433: in cdpl_sv_ctl_master(): info: farm worker timeout set to 300
1744144710.191663: 851445-7fd94bc89540: cdpl_server.c:6486: in cdpl_sv_ctl_master(): info: maximum number of task execution attempts set to 1
1744144710.191702: 851445-7fd94bc89540: cdpl_server.c:3195: in cdpl_sv_start(): debug: starting server
1744144710.191713: 851445-7fd94bc89540: cdpl_ipc.c:3632: in cdpl_ipc_start(): debug: starting IPC server 152.14.98.24:44597
1744144710.192012: 851445-7fd920914700: cdpl_server_ipc.c:1182: in _sv_ipc_thread(): debug: ready
1744144710.192640: 851445-7fd90ffff700: cdpl_monitor.c:426: in cdpl_mn_init_client(): info: creating client monitor instance
1744144710.192666: 851445-7fd90ffff700: cdpl_ipc.c:3475: in cdpl_ipc_init(): info: requesting IPv4 protocol
1744144710.196471: 851445-7fd90ffff700: cdpl_ipc.c:837: in _selectaddrfamily(): info: selected IPv4 protocol
1744144710.196507: 851445-7fd90ffff700: cdpl_ipc.c:1139: in _set_keepalive(): info: TCP keep alive interval: 300
1744144710.199614: 851445-7fd90ffff700: cdpl_ipc.c:3632: in cdpl_ipc_start(): debug: starting IPC server 152.14.98.24:40443
1744144710.199881: 851445-7fd90ffff700: cdpl_monitor.c:471: in cdpl_mn_init_client(): debug: incoming messages in /tmp/cdpl-monitor-LaK3MF
1744144710.200048: 851445-7fd90ffff700: cdpl_monitor.c:533: in cdpl_mn_connect(): debug: connecting to 152.14.98.24:44597
1744144710.200064: 851445-7fd90ffff700: cdpl_ipc.c:3789: in cdpl_ipc_connect(): info: connecting to 152.14.98.24:44597
1744144710.200257: 851445-7fd90ffff700: cdpl_ipc.c:3860: in cdpl_ipc_connect(): info: connected as `152.14.98.24:57148'
1744144710.200285: 851445-7fd90ffff700: cdpl_ipc.c:2503: in cdpl_ipc_host_accept(): debug: accepted host `152.14.98.24:44597'
1744144710.200312: 851445-7fd921115700: cdpl_ipc.c:1862: in _epoll_accept(): debug: new connection from `152.14.98.24:57148'
1744144710.200335: 851445-7fd90ffff700: cdpl_monitor.c:579: in cdpl_mn_connect(): debug: ok
1744144710.200413: 851445-7fd920914700: cdpl_server_ipc.c:1225: in _sv_ipc_thread(): debug: received ACCEPT notification
1744144710.200430: 851445-7fd94bc89540: cdpl_server.c:731: in cdpl_sv_new_job(): info: new job J1 in M1
1744144710.200447: 851445-7fd920914700: cdpl_ipc.c:2503: in cdpl_ipc_host_accept(): debug: accepted host `152.14.98.24:57148'
1744144710.200454: 851445-7fd920914700: cdpl_server_ipc.c:1256: in _sv_ipc_thread(): debug: received MONITOR message
1744144710.200482: 851445-7fd94bc89540: cdpl_compat_master.c:1581: in _add_worker(): info: new worker type 10, min:1, max:3, cmd:`/mnt/coe/workspace/ece/ece546-spr25/group8/group8_project/synopsys_custom/pwdp_jobs/saeSession1_HSPICEdefault.SimulationSimulation_cdpl.0.851445/START_WORKER pw_worker -i /mnt/coe/workspace/ece/ece546-spr25/group8/gr
1744144710.200511: 851445-7fd94bc89540: cdpl_server.c:908: in cdpl_sv_new_bin_withfarm(): info: new bin B1 in J1
1744144710.200666: 851445-7fd920914700: cdpl_monitor.c:1207: in cdpl_mn_accept(): debug: accepted monitor `152.14.98.24:57148'
1744144710.200675: 851445-7fd920914700: cdpl_server_ipc_mon.c:120: in _globalLOCK(): debug: ENTERTING GLOBAL LOCK
1744144710.200678: 851445-7fd920914700: cdpl_server_ipc_mon.c:164: in _globalLOCK(): debug: global lock acquired
1744144710.200685: 851445-7fd90e7fc700: cdpl_monitor.c:910: in mn_systat(): debug: started
1744144710.201098: 851445-7fd90e7fc700: cdpl_monitor.c:937: in mn_systat(): debug: monitor server flush rate: 5
1744144710.288537: 851445-7fd920914700: cdpl_server_ipc_mon.c:210: in _globalUNLOCK(): debug: LEAVING GLOBAL LOCK
1744144710.689272: 851445-7fd94bc89540: cdpl_server.c:3249: in cdpl_sv_start_job(): info: starting job J1
1744144710.689314: 851445-7fd94bc89540: cdpl_server.c:62: in _sv_start_bin(): debug: starting bin B1 (min: 0, max: 3)
1744144710.690604: 851445-7fd8f7fff700: cdpl_server_sched.c:2482: in _sv_scheduler_thread(): debug: scheduler for bin B1 started
1744144710.690627: 851445-7fd94bc89540: cdpl_server.c:1893: in _sv_gen_task(): info: new task T0 in B1 (prio 0)
1744144710.690702: 851445-7fd94bc89540: cdpl_server.c:2698: in cdpl_sv_label_task_va(): info: setting task T0 label to "HSPICE_1|HSPICE"
1744144710.690797: 851445-7fd8f7fff700: cdpl_server_sched.c:2443: in _scheduler_run(): debug: will start a new worker
1744144710.690867: 851445-7fd8f7fff700: cdpl_farm.c:3977: in cdpl_farm_submit(): debug: 1 running processes
1744144710.690874: 851445-7fd8f7fff700: cdpl_farm.c:3985: in cdpl_farm_submit(): debug: new command C1 in bin B1 assigned to host `localhost'
1744144710.691024: 851445-7fd8f7fff700: cdpl_server_sched.c:705: in _sv_launch_worker(): info: started worker W1 (as C1) in bin B1
1744144710.691072: 851445-7fd8f77fe700: cdpl_farm.c:2139: in _schedule(): debug: started
1744144710.691086: 851445-7fd8f77fe700: cdpl_farm.c:2303: in _schedule(): debug: submitting command C1 in bin B1
1744144710.691118: 851445-7fd8f77fe700: cdpl_sh.c:49: in _sh_detached_submit(): info: SH : /mnt/coe/workspace/ece/ece546-spr25/group8/group8_project/synopsys_custom/pwdp_jobs/saeSession1_HSPICEdefault.SimulationSimulation_cdpl.0.851445/START_WORKER pw_worker -i /mnt/coe/workspace/ece/ece546-spr25/group8/group8_project/synopsys_custom/pwdp_jobs/saeSession1_HSPICEdefault.SimulationSimulation_cdpl.0.851445 -t 10000
1744144710.701474: 851445-7fd8f77fe700: cdpl_farm.c:2343: in _schedule(): debug: C1 in bin B1 running on slot 0
1744144710.701530: 851445-7fd8f77fe700: cdpl_farm.c:2167: in _schedule(): debug: idle
1744144710.966034: 851445-7fd94bc89540: cdpl_compat_master.c:5948: in cdplMasterLogInfo(): info: [non-CDPL log entry] PWDP3: reset pilot cache succeeded, pilot_key=saeSession1,1,HSPICE_default|&/mnt/coe/workspace/ece/ece546-spr25/group8/group8_project/simulation/group8,memory_array_tb,schematic/history_1/simulation/HSPICE_default/HSPICE/nominal/results
1744144711.001607: 851445-7fd8f77fe700: cdpl_farm.c:1193: in _onexit(): debug: C1 in bin B1 exited normally on slot 0
1744144711.473949: 851445-7fd90d7fa700: cdpl_compat_master.c:5948: in cdplMasterLogInfo(): info: [non-CDPL log entry] PWDP - no-workers started ok check start!
1744144714.065530: 851445-7fd921115700: cdpl_ipc.c:1862: in _epoll_accept(): debug: new connection from `152.14.98.24:47202'
1744144714.065597: 851445-7fd920914700: cdpl_server_ipc.c:1225: in _sv_ipc_thread(): debug: received ACCEPT notification
1744144714.065616: 851445-7fd920914700: cdpl_ipc.c:2503: in cdpl_ipc_host_accept(): debug: accepted host `152.14.98.24:47202'
1744144714.065933: 851445-7fd920914700: cdpl_server_ipc.c:1246: in _sv_ipc_thread(): debug: received HELLO message
1744144714.065946: 851445-7fd920914700: cdpl_server_ipc.c:430: in _sv_on_hello(): debug: looking up W1
1744144714.065957: 851445-7fd920914700: cdpl_server_ipc.c:540: in _sv_on_hello(): info: W1 is `152.14.98.24:47202'
1744144714.065961: 851445-7fd920914700: cdpl_server_ipc.c:541: in _sv_on_hello(): debug: hello W1 (B1)
1744144714.065965: 851445-7fd920914700: cdpl_server_ipc.c:542: in _sv_on_hello(): info: W1 log file is /dev/null
1744144714.066163: 851445-7fd920914700: cdpl_server_ipc.c:602: in _sv_on_hello(): info: up to 1 alive workers in B1
1744144714.066181: 851445-7fd920914700: cdpl_farm.c:878: in _release_cmd(): debug: freeing command C1 in bin B1
1744144714.067062: 851445-7fd8f7fff700: cdpl_server_sched.c:960: in _assign(): info: assigning task T0 to worker W1
1744144715.066658: 851445-7fd920914700: cdpl_server_ipc.c:312: in _sv_on_heartbeat(): debug: received HEARTBEAT from worker W1 at 152.14.98.24:47202
1744144715.273350: 851445-7fd90ffff700: cdpl_monitor.c:533: in cdpl_mn_connect(): debug: connecting to 152.14.98.24:46125
1744144715.273372: 851445-7fd90ffff700: cdpl_ipc.c:3789: in cdpl_ipc_connect(): info: connecting to 152.14.98.24:46125
1744144715.273604: 851445-7fd90ffff700: cdpl_ipc.c:3860: in cdpl_ipc_connect(): info: connected as `152.14.98.24:36520'
1744144715.273620: 851445-7fd90ffff700: cdpl_ipc.c:2503: in cdpl_ipc_host_accept(): debug: accepted host `152.14.98.24:46125'
1744144715.273628: 851445-7fd90ffff700: cdpl_monitor.c:579: in cdpl_mn_connect(): debug: ok
1744144718.139301: 851445-7fd920914700: cdpl_server_ipc.c:1268: in _sv_ipc_thread(): debug: received RELAY message
1744144718.139318: 851445-7fd920914700: cdpl_server_ipc.c:713: in _sv_on_relay(): debug: RELAY message from W1, size = 56
1744144718.139323: 851445-7fd920914700: cdpl_server_ipc.c:715: in _sv_on_relay(): debug: RELAY message from W1, content = 0$852365 hydra13.ece.ncsu.edu 852431 RUNNING 1744144717
1744144746.797499: 851445-7fd920914700: cdpl_server_ipc.c:1268: in _sv_ipc_thread(): debug: received RELAY message
1744144746.800372: 851445-7fd920914700: cdpl_server_ipc.c:713: in _sv_on_relay(): debug: RELAY message from W1, size = 48
1744144746.800380: 851445-7fd920914700: cdpl_server_ipc.c:715: in _sv_on_relay(): debug: RELAY message from W1, content = WORKERDU|1403,dc2isi00nfs.oit.ncsu.edu:/coe_nfs
1744144746.800437: 851445-7fd920914700: cdpl_server_ipc.c:1268: in _sv_ipc_thread(): debug: received RELAY message
1744144746.800442: 851445-7fd920914700: cdpl_server_ipc.c:713: in _sv_on_relay(): debug: RELAY message from W1, size = 203
1744144746.800445: 851445-7fd920914700: cdpl_server_ipc.c:715: in _sv_on_relay(): debug: RELAY message from W1, content = REQPILOT|saeSession1,1,HSPICE_default|&/mnt/coe/workspace/ece/ece546-spr25/group8/group8_project/simulation/group8,memory_array_tb,schematic/history_1/simulation/HSPICE_default/HSPICE/nominal/results|&0
1744144746.800564: 851445-7fd90dffb700: cdpl_compat_master.c:5948: in cdplMasterLogInfo(): info: [non-CDPL log entry] PWDP send back 'DOPILOT' to worker id:1 key: saeSession1,1,HSPICE_default|&/mnt/coe/workspace/ece/ece546-spr25/group8/group8_project/simulation/group8,memory_array_tb,schematic/history_1/simulation/HSPICE_default/HSPICE/nominal/results
1744144746.810881: 851445-7fd90dffb700: cdpl_compat_master.c:5948: in cdplMasterLogInfo(): info: [non-CDPL log entry] PWDP: set pilot doing!
1744144746.826724: 851445-7fd920914700: cdpl_server_ipc.c:1268: in _sv_ipc_thread(): debug: received RELAY message
1744144746.826738: 851445-7fd920914700: cdpl_server_ipc.c:713: in _sv_on_relay(): debug: RELAY message from W1, size = 199
1744144746.826743: 851445-7fd920914700: cdpl_server_ipc.c:715: in _sv_on_relay(): debug: RELAY message from W1, content = PILOTOK|saeSession1,1,HSPICE_default|&/mnt/coe/workspace/ece/ece546-spr25/group8/group8_project/simulation/group8,memory_array_tb,schematic/history_1/simulation/HSPICE_default/HSPICE/nominal/results
1744144746.826791: 851445-7fd90dffb700: cdpl_compat_master.c:5948: in cdplMasterLogInfo(): info: [non-CDPL log entry] PWDP: set pilot done!
1744144746.826921: 851445-7fd920914700: cdpl_server_ipc.c:1268: in _sv_ipc_thread(): debug: received RELAY message
1744144746.826925: 851445-7fd920914700: cdpl_server_ipc.c:713: in _sv_on_relay(): debug: RELAY message from W1, size = 18
1744144746.826929: 851445-7fd920914700: cdpl_server_ipc.c:715: in _sv_on_relay(): debug: RELAY message from W1, content = 0$- - - MEASDOING
1744144767.904779: 851445-7fd920914700: cdpl_server_ipc.c:1268: in _sv_ipc_thread(): debug: received RELAY message
1744144767.907737: 851445-7fd920914700: cdpl_server_ipc.c:713: in _sv_on_relay(): debug: RELAY message from W1, size = 68
1744144767.907747: 851445-7fd920914700: cdpl_server_ipc.c:715: in _sv_on_relay(): debug: RELAY message from W1, content = 0$852365 hydra13.ece.ncsu.edu 852431 FINISHED 1744144717|1744144767
1744144767.927641: 851445-7fd920914700: cdpl_server_ipc.c:1268: in _sv_ipc_thread(): debug: received RELAY message
1744144767.927655: 851445-7fd920914700: cdpl_server_ipc.c:713: in _sv_on_relay(): debug: RELAY message from W1, size = 201
1744144767.927667: 851445-7fd920914700: cdpl_server_ipc.c:715: in _sv_on_relay(): debug: RELAY message from W1, content = PILOTDONE|saeSession1,1,HSPICE_default|&/mnt/coe/workspace/ece/ece546-spr25/group8/group8_project/simulation/group8,memory_array_tb,schematic/history_1/simulation/HSPICE_default/HSPICE/nominal/results
1744144767.927719: 851445-7fd90dffb700: cdpl_compat_master.c:5948: in cdplMasterLogInfo(): info: [non-CDPL log entry] saeSession1,1,HSPICE_default|&/mnt/coe/workspace/ece/ece546-spr25/group8/group8_project/simulation/group8,memory_array_tb,schematic/history_1/simulation/HSPICE_default/HSPICE/nominal/results PILOTDONE!
1744144767.958702: 851445-7fd920914700: cdpl_server_ipc.c:1251: in _sv_ipc_thread(): debug: received FINISH message
1744144767.958715: 851445-7fd920914700: cdpl_server_ipc.c:983: in _sv_on_finish(): info: worker W1 completed task T0
1744144767.958719: 851445-7fd920914700: cdpl_server_ipc.c:988: in _sv_on_finish(): debug: stat T0: utime=25433 stime=3156
1744144767.958724: 851445-7fd920914700: cdpl_server_ipc.c:993: in _sv_on_finish(): debug: statm T0: vsize=2870208 rss=1066928 shared=519980 text=474784 data=736732
1744144767.971036: 851445-7fd94bc89540: cdpl_server.c:227: in _sv_free_task_safe(): debug: freeing task T0
1744144768.008113: 851445-7fd920914700: cdpl_server_ipc.c:1268: in _sv_ipc_thread(): debug: received RELAY message
1744144768.008132: 851445-7fd920914700: cdpl_server_ipc.c:713: in _sv_on_relay(): debug: RELAY message from W1, size = 47
1744144768.008139: 851445-7fd920914700: cdpl_server_ipc.c:715: in _sv_on_relay(): debug: RELAY message from W1, content = WORKERDU|252,dc2isi00nfs.oit.ncsu.edu:/coe_nfs
1744144771.001856: 851445-7fd8f77fe700: cdpl_farm.c:2173: in _schedule(): debug: idle
1744144780.583483: 851445-7fd94bc89540: cdpl_server.c:3008: in cdpl_sv_halt_job_errno(): info: killing job J1
1744144780.586388: 851445-7fd94bc89540: cdpl_server.c:3044: in cdpl_sv_halt_job_errno(): debug: signal bin B1 scheduler to stop
1744144780.586409: 851445-7fd8f7fff700: cdpl_server_sched.c:2484: in _sv_scheduler_thread(): debug: scheduler for bin B1 stopped
1744144780.586463: 851445-7fd8f7fff700: cdpl_ipc.c:1657: in _host_drop__UNSAFE(): debug: dropping host `152.14.98.24:47202'
1744144780.586524: 851445-7fd8f7fff700: cdpl_server_sched.c:2830: in _sv_drop_worker(): info: down to 0 alive workers in B1
1744144780.586529: 851445-7fd920914700: cdpl_server_ipc.c:1236: in _sv_ipc_thread(): debug: received DROP notification
1744144780.586547: 851445-7fd8f7fff700: cdpl_farm.c:4152: in cdpl_farm_dismiss(): debug: down to 0 running processes
1744144780.586577: 851445-7fd8f7fff700: cdpl_server_sched.c:121: in _free_worker_2(): debug: freeing worker W1
1744144780.586602: 851445-7fd8f7fff700: cdpl_ipc.c:2513: in cdpl_ipc_host_release(): debug: releasing host `152.14.98.24:47202'
1744144780.586606: 851445-7fd8f7fff700: cdpl_ipc.c:2529: in cdpl_ipc_host_release(): debug: scheduling for immediate release
1744144780.586636: 851445-7fd94bc89540: cdpl_server.c:294: in _sv_free_job(): info: freeing job J1
1744144780.586666: 851445-7fd94bc89540: cdpl_server.c:92: in _sv_free_bin(): debug: freeing bin B1
1744144780.586731: 851445-7fd94bc89540: cdpl_monitor.c:515: in cdpl_mn_kill(): info: killing monitor
1744144780.586745: 851445-7fd94bc89540: cdpl_ipc.c:3677: in cdpl_ipc_kill(): debug: stopping event server
1744144780.586763: 851445-7fd90f7fe700: cdpl_ipc.c:2460: in _epoll_main(): debug: server going down...
1744144780.586809: 851445-7fd921115700: cdpl_ipc.c:775: in _readv(): warning: read(): EOF
1744144780.586848: 851445-7fd921115700: cdpl_ipc.c:2100: in _epoll_recv(): debug: _readv(): Broken pipe
1744144780.586855: 851445-7fd921115700: cdpl_ipc.c:2424: in _epoll_main(): debug: _epoll_recv(): Broken pipe
1744144780.586861: 851445-7fd921115700: cdpl_ipc.c:1657: in _host_drop__UNSAFE(): debug: dropping host `152.14.98.24:57148'
1744144780.586925: 851445-7fd921115700: cdpl_ipc.c:1582: in _host_free__UNSAFE(): debug: freeing host `152.14.98.24:47202'
1744144780.586932: 851445-7fd921115700: cdpl_ipc.c:1621: in _host_free__UNSAFE(): debug: [0 outq, 0 spR, 0 spW]
1744144780.586953: 851445-7fd920914700: cdpl_server_ipc.c:1236: in _sv_ipc_thread(): debug: received DROP notification
1744144780.586978: 851445-7fd920914700: cdpl_monitor.c:1269: in cdpl_mn_drop(): debug: detaching from monitor `152.14.98.24:57148'
1744144780.586988: 851445-7fd920914700: cdpl_monitor.c:1101: in mn_systat_stop(): debug: joining systat thread
1744144780.587025: 851445-7fd90e7fc700: cdpl_monitor.c:1079: in mn_systat(): debug: exiting
1744144780.587035: 851445-7fd920914700: cdpl_monitor.c:1103: in mn_systat_stop(): debug: systat thread done
1744144780.587040: 851445-7fd920914700: cdpl_ipc.c:2513: in cdpl_ipc_host_release(): debug: releasing host `152.14.98.24:57148'
1744144780.587128: 851445-7fd90ffff700: cdpl_ipc.c:3728: in cdpl_ipc_free(): debug: releasing IPC handle
1744144780.587138: 851445-7fd90ffff700: cdpl_ipc.c:1582: in _host_free__UNSAFE(): debug: freeing host `152.14.98.24:46125'
1744144780.587143: 851445-7fd90ffff700: cdpl_ipc.c:1621: in _host_free__UNSAFE(): debug: [0 outq, 0 spR, 0 spW]
1744144780.587159: 851445-7fd90ffff700: cdpl_ipc.c:1582: in _host_free__UNSAFE(): debug: freeing host `152.14.98.24:44597'
1744144780.587163: 851445-7fd90ffff700: cdpl_ipc.c:1621: in _host_free__UNSAFE(): debug: [0 outq, 0 spR, 0 spW]
1744144780.587173: 851445-7fd90ffff700: cdpl_ipc.c:3756: in cdpl_ipc_free(): warning: 2 host(s) were not released
1744144780.587193: 851445-7fd90ffff700: cdpl_ipc.c:3767: in cdpl_ipc_free(): debug: done
1744144780.587197: 851445-7fd90ffff700: cdpl_monitor.c:1390: in cdpl_mn_free(): debug: freeing monitor client
1744144780.587459: 851445-7fd94bc89540: cdpl_farm.c:2740: in cdpl_farm_free(): info: freeing farm
1744144780.587502: 851445-7fd8f77fe700: cdpl_farm.c:2231: in _schedule(): debug: end of idling
1744144780.587515: 851445-7fd8f77fe700: cdpl_farm.c:2235: in _schedule(): debug: dying
1744144780.587598: 851445-7fd94bc89540: cdpl_farm.c:913: in _killall(): debug: killing all remaining commands
1744144780.587624: 851445-7fd94bc89540: cdpl_server.c:3144: in cdpl_sv_free(): info: freeing server S2019033491
1744144780.587651: 851445-7fd94bc89540: cdpl_server.c:3109: in cdpl_sv_kill_errno(): info: killing server
1744144780.587655: 851445-7fd94bc89540: cdpl_ipc.c:3677: in cdpl_ipc_kill(): debug: stopping event server
1744144780.587670: 851445-7fd921115700: cdpl_ipc.c:2460: in _epoll_main(): debug: server going down...
1744144780.587682: 851445-7fd920914700: cdpl_server_ipc.c:1200: in _sv_ipc_thread(): debug: leaving now
1744144780.587694: 851445-7fd94bc89540: cdpl_server.c:334: in _sv_free_master(): info: freeing master M1
1744144780.587706: 851445-7fd94bc89540: cdpl_hash.c:68: in cdpl_h_destroy(): debug: put operations: 1
1744144780.587710: 851445-7fd94bc89540: cdpl_hash.c:69: in cdpl_h_destroy(): debug: put collisions: 0
1744144780.587713: 851445-7fd94bc89540: cdpl_hash.c:70: in cdpl_h_destroy(): debug: get operations: 1
1744144780.587716: 851445-7fd94bc89540: cdpl_hash.c:71: in cdpl_h_destroy(): debug: get iterations: 1
1744144780.587750: 851445-7fd94bc89540: cdpl_monitor.c:1390: in cdpl_mn_free(): debug: freeing monitor server
1744144780.587756: 851445-7fd94bc89540: cdpl_ipc.c:3728: in cdpl_ipc_free(): debug: releasing IPC handle
1744144780.587761: 851445-7fd94bc89540: cdpl_ipc.c:1582: in _host_free__UNSAFE(): debug: freeing host `152.14.98.24:57148'
1744144780.587766: 851445-7fd94bc89540: cdpl_ipc.c:1621: in _host_free__UNSAFE(): debug: [0 outq, 0 spR, 0 spW]
1744144780.587797: 851445-7fd94bc89540: cdpl_ipc.c:3767: in cdpl_ipc_free(): debug: done
1744144780.587811: 851445-7fd94bc89540: cdpl_log.c:481: in cdpl_log_close(): info: @@end_of_log@@
