1743799374.272637: 231288-7f0bafa15540: cdpl_log.c:337: in cdpl_log_open(): info: @@start_of_log@@
1743799374.272715: 231288-7f0bafa15540: cdpl_log.c:1058: in cdpl_log_dump_sysinfo(): info: time: 2025/04/04 16:42:54 EDT -0400
1743799374.272725: 231288-7f0bafa15540: cdpl_log.c:1060: in cdpl_log_dump_sysinfo(): info: version: W-2024.09-SP1-2 
1743799374.272730: 231288-7f0bafa15540: cdpl_log.c:1062: in cdpl_log_dump_sysinfo(): info: system: Linux 4.18.0-553.46.1.el8_10.x86_64 #1 SMP Sat Mar 15 01:37:33 EDT 2025
1743799374.272736: 231288-7f0bafa15540: cdpl_log.c:1067: in cdpl_log_dump_sysinfo(): info: processor: x86_64 64-bits
1743799374.272741: 231288-7f0bafa15540: cdpl_log.c:1071: in cdpl_log_dump_sysinfo(): info: hostname: grendel41.ece.ncsu.edu
1743799374.272746: 231288-7f0bafa15540: cdpl_log.c:1073: in cdpl_log_dump_sysinfo(): info: program name: custom_shell
1743799374.272764: 231288-7f0bafa15540: cdpl_log.c:340: in cdpl_log_open(): debug: path: /mnt/coe/workspace/ece/ece546-spr25/group8/group8_project/synopsys_custom/pwdp_jobs/saeSession0_HSPICEdefault.SimulationSimulation_cdpl.0.231288/logs/master.grendel41.ece.ncsu.edu.231288.log
1743799374.272770: 231288-7f0bafa15540: cdpl_log.c:341: in cdpl_log_open(): debug: dir: /mnt/coe/workspace/ece/ece546-spr25/group8/group8_project/synopsys_custom/pwdp_jobs/saeSession0_HSPICEdefault.SimulationSimulation_cdpl.0.231288/logs
1743799374.272858: 231288-7f0bafa15540: cdpl_server.c:536: in cdpl_sv_init(): info: new server S1792051162
1743799374.272879: 231288-7f0bafa15540: cdpl_ipc.c:3475: in cdpl_ipc_init(): info: requesting IPv4 protocol
1743799374.277793: 231288-7f0bafa15540: cdpl_ipc.c:837: in _selectaddrfamily(): info: selected IPv4 protocol
1743799374.277851: 231288-7f0bafa15540: cdpl_ipc.c:1139: in _set_keepalive(): info: TCP keep alive interval: 300
1743799374.281167: 231288-7f0bafa15540: cdpl_monitor.c:1117: in cdpl_mn_new_server(): info: creating server monitor instance
1743799374.281212: 231288-7f0bafa15540: cdpl_server.c:650: in cdpl_sv_new_master(): info: new master M1
1743799374.281251: 231288-7f0bafa15540: cdpl_server.c:6533: in cdpl_sv_ctl_master(): info: Setting worker heartbeat to 120 seconds
1743799374.281257: 231288-7f0bafa15540: cdpl_server.c:6542: in cdpl_sv_ctl_master(): info: Setting worker heartbeat timeout to 3 heartbeats
1743799374.281265: 231288-7f0bafa15540: cdpl_compat_master.c:2090: in _parse_hostfile(): info: reading hostfile `/mnt/coe/workspace/ece/ece546-spr25/group8/group8_project/synopsys_custom/pwdp_jobs/saeSession0_HSPICEdefault.SimulationSimulation_cdpl.0.231288/host_file'
1743799374.285423: 231288-7f0bafa15540: cdpl_compat_master.c:1900: in _hostfile_parser(): debug: parsing "1     |localhost|   -1  | /tmp | SH | sh"
1743799374.285467: 231288-7f0bafa15540: cdpl_farm.c:2578: in cdpl_farm_new_sh(): info: creating SH farm on localhost
1743799374.285487: 231288-7f0bafa15540: cdpl_compat_master.c:206: in _set_farm_env(): info: exporting CDPL_LOGDIR as `/mnt/coe/workspace/ece/ece546-spr25/group8/group8_project/synopsys_custom/pwdp_jobs/saeSession0_HSPICEdefault.SimulationSimulation_cdpl.0.231288/logs'
1743799374.285493: 231288-7f0bafa15540: cdpl_compat_master.c:212: in _set_farm_env(): info: exporting CDPL_TMPDIR as `/tmp'
1743799374.285499: 231288-7f0bafa15540: cdpl_compat_master.c:219: in _set_farm_env(): info: exporting CDPL_HOME as `/mnt/apps/public/COE/synopsys_apps/hspice/W-2024.09-SP1/hspice/cdpl'
1743799374.285506: 231288-7f0bafa15540: cdpl_compat_master.c:235: in _set_farm_env(): info: exporting SNPSLMD_LICENSE_FILE as `27000@ece-lic-35.ece.ncsu.edu'
1743799374.285513: 231288-7f0bafa15540: cdpl_compat_master.c:259: in _set_farm_env(): info: exporting CDPL_OPTIONS as `[nowlogs]'
1743799374.285518: 231288-7f0bafa15540: cdpl_compat_master.c:266: in _set_farm_env(): info: exporting DISPLAY as `unix:29456'
1743799374.285524: 231288-7f0bafa15540: cdpl_compat_master.c:274: in _set_farm_env(): info: exporting CDPL_HEARTBEAT as `120'
1743799374.285560: 231288-7f0bafa15540: cdpl_farm.c:3149: in cdpl_farm_add_withdir(): debug: added `localhost' (capacity: unlimited)
1743799374.285575: 231288-7f0bafa15540: cdpl_compat_parse.c:147: in parsefile(): debug: read `/mnt/coe/workspace/ece/ece546-spr25/group8/group8_project/synopsys_custom/pwdp_jobs/saeSession0_HSPICEdefault.SimulationSimulation_cdpl.0.231288/host_file', 2 lines
1743799374.285583: 231288-7f0bafa15540: cdpl_compat_master.c:2931: in cdplInitMaster(): info: bcast dir is `/mnt/coe/workspace/ece/ece546-spr25/group8/group8_project/synopsys_custom/pwdp_jobs/saeSession0_HSPICEdefault.SimulationSimulation_cdpl.0.231288/logs'
1743799374.288863: 231288-7f0bafa15540: cdpl_server.c:6433: in cdpl_sv_ctl_master(): info: farm worker timeout set to 300
1743799374.288870: 231288-7f0bafa15540: cdpl_server.c:6486: in cdpl_sv_ctl_master(): info: maximum number of task execution attempts set to 1
1743799374.288922: 231288-7f0bafa15540: cdpl_server.c:3195: in cdpl_sv_start(): debug: starting server
1743799374.288937: 231288-7f0bafa15540: cdpl_ipc.c:3632: in cdpl_ipc_start(): debug: starting IPC server 152.14.98.56:40513
1743799374.289749: 231288-7f0b73fff700: cdpl_server_ipc.c:1182: in _sv_ipc_thread(): debug: ready
1743799374.290463: 231288-7f0b737fe700: cdpl_monitor.c:426: in cdpl_mn_init_client(): info: creating client monitor instance
1743799374.290512: 231288-7f0b737fe700: cdpl_ipc.c:3475: in cdpl_ipc_init(): info: requesting IPv4 protocol
1743799374.294275: 231288-7f0b737fe700: cdpl_ipc.c:837: in _selectaddrfamily(): info: selected IPv4 protocol
1743799374.294309: 231288-7f0b737fe700: cdpl_ipc.c:1139: in _set_keepalive(): info: TCP keep alive interval: 300
1743799374.298865: 231288-7f0b737fe700: cdpl_ipc.c:3632: in cdpl_ipc_start(): debug: starting IPC server 152.14.98.56:43409
1743799374.299210: 231288-7f0b737fe700: cdpl_monitor.c:471: in cdpl_mn_init_client(): debug: incoming messages in /tmp/cdpl-monitor-zJmUwa
1743799374.299440: 231288-7f0b737fe700: cdpl_monitor.c:533: in cdpl_mn_connect(): debug: connecting to 152.14.98.56:40513
1743799374.299458: 231288-7f0b737fe700: cdpl_ipc.c:3789: in cdpl_ipc_connect(): info: connecting to 152.14.98.56:40513
1743799374.299741: 231288-7f0b737fe700: cdpl_ipc.c:3860: in cdpl_ipc_connect(): info: connected as `152.14.98.56:35466'
1743799374.299772: 231288-7f0b737fe700: cdpl_ipc.c:2503: in cdpl_ipc_host_accept(): debug: accepted host `152.14.98.56:40513'
1743799374.299846: 231288-7f0b737fe700: cdpl_monitor.c:579: in cdpl_mn_connect(): debug: ok
1743799374.299887: 231288-7f0b84de3700: cdpl_ipc.c:1862: in _epoll_accept(): debug: new connection from `152.14.98.56:35466'
1743799374.299911: 231288-7f0bafa15540: cdpl_server.c:731: in cdpl_sv_new_job(): info: new job J1 in M1
1743799374.300004: 231288-7f0bafa15540: cdpl_compat_master.c:1581: in _add_worker(): info: new worker type 10, min:1, max:3, cmd:`/mnt/coe/workspace/ece/ece546-spr25/group8/group8_project/synopsys_custom/pwdp_jobs/saeSession0_HSPICEdefault.SimulationSimulation_cdpl.0.231288/START_WORKER pw_worker -i /mnt/coe/workspace/ece/ece546-spr25/group8/gr
1743799374.300044: 231288-7f0bafa15540: cdpl_server.c:908: in cdpl_sv_new_bin_withfarm(): info: new bin B1 in J1
1743799374.300228: 231288-7f0b73fff700: cdpl_server_ipc.c:1225: in _sv_ipc_thread(): debug: received ACCEPT notification
1743799374.300267: 231288-7f0b73fff700: cdpl_ipc.c:2503: in cdpl_ipc_host_accept(): debug: accepted host `152.14.98.56:35466'
1743799374.300305: 231288-7f0b73fff700: cdpl_server_ipc.c:1256: in _sv_ipc_thread(): debug: received MONITOR message
1743799374.301650: 231288-7f0b73fff700: cdpl_monitor.c:1207: in cdpl_mn_accept(): debug: accepted monitor `152.14.98.56:35466'
1743799374.301660: 231288-7f0b73fff700: cdpl_server_ipc_mon.c:120: in _globalLOCK(): debug: ENTERTING GLOBAL LOCK
1743799374.301666: 231288-7f0b73fff700: cdpl_server_ipc_mon.c:164: in _globalLOCK(): debug: global lock acquired
1743799374.302214: 231288-7f0b70ff9700: cdpl_monitor.c:910: in mn_systat(): debug: started
1743799374.302852: 231288-7f0b70ff9700: cdpl_monitor.c:937: in mn_systat(): debug: monitor server flush rate: 5
1743799375.952618: 231288-7f0b73fff700: cdpl_server_ipc_mon.c:210: in _globalUNLOCK(): debug: LEAVING GLOBAL LOCK
1743799375.952638: 231288-7f0bafa15540: cdpl_server.c:3249: in cdpl_sv_start_job(): info: starting job J1
1743799375.952813: 231288-7f0bafa15540: cdpl_server.c:62: in _sv_start_bin(): debug: starting bin B1 (min: 0, max: 3)
1743799375.953176: 231288-7f0b637fe700: cdpl_server_sched.c:2482: in _sv_scheduler_thread(): debug: scheduler for bin B1 started
1743799375.953235: 231288-7f0bafa15540: cdpl_server.c:1893: in _sv_gen_task(): info: new task T0 in B1 (prio 0)
1743799375.953318: 231288-7f0bafa15540: cdpl_server.c:2698: in cdpl_sv_label_task_va(): info: setting task T0 label to "HSPICE_1|HSPICE"
1743799375.953425: 231288-7f0b637fe700: cdpl_server_sched.c:2443: in _scheduler_run(): debug: will start a new worker
1743799375.953511: 231288-7f0b637fe700: cdpl_farm.c:3977: in cdpl_farm_submit(): debug: 1 running processes
1743799375.953519: 231288-7f0b637fe700: cdpl_farm.c:3985: in cdpl_farm_submit(): debug: new command C1 in bin B1 assigned to host `localhost'
1743799375.953774: 231288-7f0b637fe700: cdpl_server_sched.c:705: in _sv_launch_worker(): info: started worker W1 (as C1) in bin B1
1743799375.954363: 231288-7f0b62ffd700: cdpl_farm.c:2139: in _schedule(): debug: started
1743799375.954394: 231288-7f0b62ffd700: cdpl_farm.c:2303: in _schedule(): debug: submitting command C1 in bin B1
1743799375.954440: 231288-7f0b62ffd700: cdpl_sh.c:49: in _sh_detached_submit(): info: SH : /mnt/coe/workspace/ece/ece546-spr25/group8/group8_project/synopsys_custom/pwdp_jobs/saeSession0_HSPICEdefault.SimulationSimulation_cdpl.0.231288/START_WORKER pw_worker -i /mnt/coe/workspace/ece/ece546-spr25/group8/group8_project/synopsys_custom/pwdp_jobs/saeSession0_HSPICEdefault.SimulationSimulation_cdpl.0.231288 -t 10000
1743799375.963534: 231288-7f0b62ffd700: cdpl_farm.c:2343: in _schedule(): debug: C1 in bin B1 running on slot 0
1743799375.963566: 231288-7f0b62ffd700: cdpl_farm.c:2167: in _schedule(): debug: idle
1743799376.263681: 231288-7f0b62ffd700: cdpl_farm.c:1193: in _onexit(): debug: C1 in bin B1 exited normally on slot 0
1743799377.421808: 231288-7f0b717fa700: cdpl_compat_master.c:5948: in cdplMasterLogInfo(): info: [non-CDPL log entry] PWDP - no-workers started ok check start!
1743799378.767849: 231288-7f0bafa15540: cdpl_compat_master.c:5948: in cdplMasterLogInfo(): info: [non-CDPL log entry] PWDP3: reset pilot cache succeeded, pilot_key=saeSession0,1,HSPICE_default|&/mnt/coe/workspace/ece/ece546-spr25/group8/group8_project/simulation/group8,tb2025,schematic/history_1/simulation/HSPICE_default/HSPICE/nominal/results
1743799380.270297: 231288-7f0b84de3700: cdpl_ipc.c:1862: in _epoll_accept(): debug: new connection from `152.14.98.56:32896'
1743799380.270366: 231288-7f0b73fff700: cdpl_server_ipc.c:1225: in _sv_ipc_thread(): debug: received ACCEPT notification
1743799380.270387: 231288-7f0b73fff700: cdpl_ipc.c:2503: in cdpl_ipc_host_accept(): debug: accepted host `152.14.98.56:32896'
1743799380.270724: 231288-7f0b73fff700: cdpl_server_ipc.c:1246: in _sv_ipc_thread(): debug: received HELLO message
1743799380.270728: 231288-7f0b73fff700: cdpl_server_ipc.c:430: in _sv_on_hello(): debug: looking up W1
1743799380.270731: 231288-7f0b73fff700: cdpl_server_ipc.c:540: in _sv_on_hello(): info: W1 is `152.14.98.56:32896'
1743799380.270733: 231288-7f0b73fff700: cdpl_server_ipc.c:541: in _sv_on_hello(): debug: hello W1 (B1)
1743799380.270735: 231288-7f0b73fff700: cdpl_server_ipc.c:542: in _sv_on_hello(): info: W1 log file is /dev/null
1743799380.270787: 231288-7f0b73fff700: cdpl_server_ipc.c:602: in _sv_on_hello(): info: up to 1 alive workers in B1
1743799380.270797: 231288-7f0b73fff700: cdpl_farm.c:878: in _release_cmd(): debug: freeing command C1 in bin B1
1743799380.270825: 231288-7f0b637fe700: cdpl_server_sched.c:960: in _assign(): info: assigning task T0 to worker W1
1743799381.271683: 231288-7f0b73fff700: cdpl_server_ipc.c:312: in _sv_on_heartbeat(): debug: received HEARTBEAT from worker W1 at 152.14.98.56:32896
1743799383.654077: 231288-7f0b73fff700: cdpl_server_ipc.c:1268: in _sv_ipc_thread(): debug: received RELAY message
1743799383.654125: 231288-7f0b73fff700: cdpl_server_ipc.c:713: in _sv_on_relay(): debug: RELAY message from W1, size = 58
1743799383.654137: 231288-7f0b73fff700: cdpl_server_ipc.c:715: in _sv_on_relay(): debug: RELAY message from W1, content = 0$271711 grendel41.ece.ncsu.edu 272091 RUNNING 1743799382
1743799384.368220: 231288-7f0b737fe700: cdpl_monitor.c:533: in cdpl_mn_connect(): debug: connecting to 152.14.98.56:43429
1743799384.381651: 231288-7f0b737fe700: cdpl_ipc.c:3789: in cdpl_ipc_connect(): info: connecting to 152.14.98.56:43429
1743799384.381993: 231288-7f0b737fe700: cdpl_ipc.c:3860: in cdpl_ipc_connect(): info: connected as `152.14.98.56:58136'
1743799384.382013: 231288-7f0b737fe700: cdpl_ipc.c:2503: in cdpl_ipc_host_accept(): debug: accepted host `152.14.98.56:43429'
1743799384.382025: 231288-7f0b737fe700: cdpl_monitor.c:579: in cdpl_mn_connect(): debug: ok
1743799401.862018: 231288-7f0b73fff700: cdpl_server_ipc.c:1268: in _sv_ipc_thread(): debug: received RELAY message
1743799401.863338: 231288-7f0b73fff700: cdpl_server_ipc.c:713: in _sv_on_relay(): debug: RELAY message from W1, size = 48
1743799401.863349: 231288-7f0b73fff700: cdpl_server_ipc.c:715: in _sv_on_relay(): debug: RELAY message from W1, content = WORKERDU|1315,dc2isi00nfs.oit.ncsu.edu:/coe_nfs
1743799401.863364: 231288-7f0b73fff700: cdpl_server_ipc.c:1268: in _sv_ipc_thread(): debug: received RELAY message
1743799401.863370: 231288-7f0b73fff700: cdpl_server_ipc.c:713: in _sv_on_relay(): debug: RELAY message from W1, size = 194
1743799401.863376: 231288-7f0b73fff700: cdpl_server_ipc.c:715: in _sv_on_relay(): debug: RELAY message from W1, content = REQPILOT|saeSession0,1,HSPICE_default|&/mnt/coe/workspace/ece/ece546-spr25/group8/group8_project/simulation/group8,tb2025,schematic/history_1/simulation/HSPICE_default/HSPICE/nominal/results|&0
1743799401.863539: 231288-7f0b71ffb700: cdpl_compat_master.c:5948: in cdplMasterLogInfo(): info: [non-CDPL log entry] PWDP send back 'DOPILOT' to worker id:1 key: saeSession0,1,HSPICE_default|&/mnt/coe/workspace/ece/ece546-spr25/group8/group8_project/simulation/group8,tb2025,schematic/history_1/simulation/HSPICE_default/HSPICE/nominal/results
1743799401.868852: 231288-7f0b71ffb700: cdpl_compat_master.c:5948: in cdplMasterLogInfo(): info: [non-CDPL log entry] PWDP: set pilot doing!
1743799401.882219: 231288-7f0b73fff700: cdpl_server_ipc.c:1268: in _sv_ipc_thread(): debug: received RELAY message
1743799401.882248: 231288-7f0b73fff700: cdpl_server_ipc.c:713: in _sv_on_relay(): debug: RELAY message from W1, size = 190
1743799401.882257: 231288-7f0b73fff700: cdpl_server_ipc.c:715: in _sv_on_relay(): debug: RELAY message from W1, content = PILOTOK|saeSession0,1,HSPICE_default|&/mnt/coe/workspace/ece/ece546-spr25/group8/group8_project/simulation/group8,tb2025,schematic/history_1/simulation/HSPICE_default/HSPICE/nominal/results
1743799401.882281: 231288-7f0b71ffb700: cdpl_compat_master.c:5948: in cdplMasterLogInfo(): info: [non-CDPL log entry] PWDP: set pilot done!
1743799401.882531: 231288-7f0b73fff700: cdpl_server_ipc.c:1268: in _sv_ipc_thread(): debug: received RELAY message
1743799401.882538: 231288-7f0b73fff700: cdpl_server_ipc.c:713: in _sv_on_relay(): debug: RELAY message from W1, size = 18
1743799401.882543: 231288-7f0b73fff700: cdpl_server_ipc.c:715: in _sv_on_relay(): debug: RELAY message from W1, content = 0$- - - MEASDOING
1743799405.101354: 231288-7f0b73fff700: cdpl_server_ipc.c:1268: in _sv_ipc_thread(): debug: received RELAY message
1743799405.102644: 231288-7f0b73fff700: cdpl_server_ipc.c:713: in _sv_on_relay(): debug: RELAY message from W1, size = 70
1743799405.102655: 231288-7f0b73fff700: cdpl_server_ipc.c:715: in _sv_on_relay(): debug: RELAY message from W1, content = 0$271711 grendel41.ece.ncsu.edu 272091 FINISHED 1743799382|1743799405
1743799405.116084: 231288-7f0b73fff700: cdpl_server_ipc.c:1268: in _sv_ipc_thread(): debug: received RELAY message
1743799405.116090: 231288-7f0b73fff700: cdpl_server_ipc.c:713: in _sv_on_relay(): debug: RELAY message from W1, size = 192
1743799405.116096: 231288-7f0b73fff700: cdpl_server_ipc.c:715: in _sv_on_relay(): debug: RELAY message from W1, content = PILOTDONE|saeSession0,1,HSPICE_default|&/mnt/coe/workspace/ece/ece546-spr25/group8/group8_project/simulation/group8,tb2025,schematic/history_1/simulation/HSPICE_default/HSPICE/nominal/results
1743799405.116135: 231288-7f0b71ffb700: cdpl_compat_master.c:5948: in cdplMasterLogInfo(): info: [non-CDPL log entry] saeSession0,1,HSPICE_default|&/mnt/coe/workspace/ece/ece546-spr25/group8/group8_project/simulation/group8,tb2025,schematic/history_1/simulation/HSPICE_default/HSPICE/nominal/results PILOTDONE!
1743799405.130291: 231288-7f0b73fff700: cdpl_server_ipc.c:1251: in _sv_ipc_thread(): debug: received FINISH message
1743799405.130319: 231288-7f0b73fff700: cdpl_server_ipc.c:983: in _sv_on_finish(): info: worker W1 completed task T0
1743799405.130327: 231288-7f0b73fff700: cdpl_server_ipc.c:988: in _sv_on_finish(): debug: stat T0: utime=13011 stime=4837
1743799405.130333: 231288-7f0b73fff700: cdpl_server_ipc.c:993: in _sv_on_finish(): debug: statm T0: vsize=2868308 rss=1067232 shared=519088 text=474784 data=733992
1743799405.159161: 231288-7f0b73fff700: cdpl_server_ipc.c:1268: in _sv_ipc_thread(): debug: received RELAY message
1743799405.159190: 231288-7f0b73fff700: cdpl_server_ipc.c:713: in _sv_on_relay(): debug: RELAY message from W1, size = 47
1743799405.159198: 231288-7f0b73fff700: cdpl_server_ipc.c:715: in _sv_on_relay(): debug: RELAY message from W1, content = WORKERDU|132,dc2isi00nfs.oit.ncsu.edu:/coe_nfs
1743799409.927159: 231288-7f0bafa15540: cdpl_server.c:3008: in cdpl_sv_halt_job_errno(): info: killing job J1
1743799409.928923: 231288-7f0bafa15540: cdpl_server.c:3044: in cdpl_sv_halt_job_errno(): debug: signal bin B1 scheduler to stop
1743799409.929075: 231288-7f0b637fe700: cdpl_server_sched.c:2484: in _sv_scheduler_thread(): debug: scheduler for bin B1 stopped
1743799409.929143: 231288-7f0b637fe700: cdpl_ipc.c:1657: in _host_drop__UNSAFE(): debug: dropping host `152.14.98.56:32896'
1743799409.929257: 231288-7f0b637fe700: cdpl_server_sched.c:2830: in _sv_drop_worker(): info: down to 0 alive workers in B1
1743799409.929269: 231288-7f0b73fff700: cdpl_server_ipc.c:1236: in _sv_ipc_thread(): debug: received DROP notification
1743799409.929307: 231288-7f0b637fe700: cdpl_farm.c:4152: in cdpl_farm_dismiss(): debug: down to 0 running processes
1743799409.929362: 231288-7f0b637fe700: cdpl_server_sched.c:121: in _free_worker_2(): debug: freeing worker W1
1743799409.929406: 231288-7f0b637fe700: cdpl_ipc.c:2513: in cdpl_ipc_host_release(): debug: releasing host `152.14.98.56:32896'
1743799409.929445: 231288-7f0bafa15540: cdpl_server.c:294: in _sv_free_job(): info: freeing job J1
1743799409.929453: 231288-7f0bafa15540: cdpl_server.c:92: in _sv_free_bin(): debug: freeing bin B1
1743799409.929469: 231288-7f0bafa15540: cdpl_server.c:184: in _sv_free_task(): debug: freeing task T0
1743799409.929555: 231288-7f0bafa15540: cdpl_monitor.c:515: in cdpl_mn_kill(): info: killing monitor
1743799409.929572: 231288-7f0bafa15540: cdpl_ipc.c:3677: in cdpl_ipc_kill(): debug: stopping event server
1743799409.929606: 231288-7f0b72ffd700: cdpl_ipc.c:2460: in _epoll_main(): debug: server going down...
1743799409.929669: 231288-7f0b84de3700: cdpl_ipc.c:775: in _readv(): warning: read(): EOF
1743799409.929775: 231288-7f0b84de3700: cdpl_ipc.c:2100: in _epoll_recv(): debug: _readv(): Broken pipe
1743799409.929796: 231288-7f0b84de3700: cdpl_ipc.c:2424: in _epoll_main(): debug: _epoll_recv(): Broken pipe
1743799409.929806: 231288-7f0b84de3700: cdpl_ipc.c:1657: in _host_drop__UNSAFE(): debug: dropping host `152.14.98.56:35466'
1743799409.929891: 231288-7f0b84de3700: cdpl_ipc.c:1582: in _host_free__UNSAFE(): debug: freeing host `152.14.98.56:32896'
1743799409.929899: 231288-7f0b84de3700: cdpl_ipc.c:1621: in _host_free__UNSAFE(): debug: [0 outq, 0 spR, 0 spW]
1743799409.929917: 231288-7f0b73fff700: cdpl_server_ipc.c:1236: in _sv_ipc_thread(): debug: received DROP notification
1743799409.929941: 231288-7f0b73fff700: cdpl_monitor.c:1269: in cdpl_mn_drop(): debug: detaching from monitor `152.14.98.56:35466'
1743799409.929964: 231288-7f0b73fff700: cdpl_monitor.c:1101: in mn_systat_stop(): debug: joining systat thread
1743799409.930028: 231288-7f0b70ff9700: cdpl_monitor.c:1079: in mn_systat(): debug: exiting
1743799409.930062: 231288-7f0b73fff700: cdpl_monitor.c:1103: in mn_systat_stop(): debug: systat thread done
1743799409.930069: 231288-7f0b73fff700: cdpl_ipc.c:2513: in cdpl_ipc_host_release(): debug: releasing host `152.14.98.56:35466'
1743799409.930082: 231288-7f0b737fe700: cdpl_ipc.c:3728: in cdpl_ipc_free(): debug: releasing IPC handle
1743799409.930110: 231288-7f0b737fe700: cdpl_ipc.c:1582: in _host_free__UNSAFE(): debug: freeing host `152.14.98.56:43429'
1743799409.930122: 231288-7f0b737fe700: cdpl_ipc.c:1621: in _host_free__UNSAFE(): debug: [0 outq, 0 spR, 0 spW]
1743799409.930165: 231288-7f0b737fe700: cdpl_ipc.c:1582: in _host_free__UNSAFE(): debug: freeing host `152.14.98.56:40513'
1743799409.930174: 231288-7f0b737fe700: cdpl_ipc.c:1621: in _host_free__UNSAFE(): debug: [0 outq, 0 spR, 0 spW]
1743799409.930195: 231288-7f0b737fe700: cdpl_ipc.c:3756: in cdpl_ipc_free(): warning: 2 host(s) were not released
1743799409.930227: 231288-7f0b737fe700: cdpl_ipc.c:3767: in cdpl_ipc_free(): debug: done
1743799409.930233: 231288-7f0b737fe700: cdpl_monitor.c:1390: in cdpl_mn_free(): debug: freeing monitor client
1743799409.930446: 231288-7f0bafa15540: cdpl_farm.c:2740: in cdpl_farm_free(): info: freeing farm
1743799409.930494: 231288-7f0b62ffd700: cdpl_farm.c:2231: in _schedule(): debug: end of idling
1743799409.930521: 231288-7f0b62ffd700: cdpl_farm.c:2235: in _schedule(): debug: dying
1743799409.930644: 231288-7f0bafa15540: cdpl_farm.c:913: in _killall(): debug: killing all remaining commands
1743799409.930673: 231288-7f0bafa15540: cdpl_server.c:3144: in cdpl_sv_free(): info: freeing server S1792051162
1743799409.930725: 231288-7f0bafa15540: cdpl_server.c:3109: in cdpl_sv_kill_errno(): info: killing server
1743799409.930732: 231288-7f0bafa15540: cdpl_ipc.c:3677: in cdpl_ipc_kill(): debug: stopping event server
1743799409.930751: 231288-7f0b84de3700: cdpl_ipc.c:2460: in _epoll_main(): debug: server going down...
1743799409.930770: 231288-7f0b73fff700: cdpl_server_ipc.c:1200: in _sv_ipc_thread(): debug: leaving now
1743799409.930798: 231288-7f0bafa15540: cdpl_server.c:334: in _sv_free_master(): info: freeing master M1
1743799409.930834: 231288-7f0bafa15540: cdpl_hash.c:68: in cdpl_h_destroy(): debug: put operations: 1
1743799409.930846: 231288-7f0bafa15540: cdpl_hash.c:69: in cdpl_h_destroy(): debug: put collisions: 0
1743799409.930855: 231288-7f0bafa15540: cdpl_hash.c:70: in cdpl_h_destroy(): debug: get operations: 1
1743799409.930860: 231288-7f0bafa15540: cdpl_hash.c:71: in cdpl_h_destroy(): debug: get iterations: 1
1743799409.930883: 231288-7f0bafa15540: cdpl_monitor.c:1390: in cdpl_mn_free(): debug: freeing monitor server
1743799409.930889: 231288-7f0bafa15540: cdpl_ipc.c:3728: in cdpl_ipc_free(): debug: releasing IPC handle
1743799409.930895: 231288-7f0bafa15540: cdpl_ipc.c:1582: in _host_free__UNSAFE(): debug: freeing host `152.14.98.56:35466'
1743799409.930902: 231288-7f0bafa15540: cdpl_ipc.c:1621: in _host_free__UNSAFE(): debug: [0 outq, 0 spR, 0 spW]
1743799409.930940: 231288-7f0bafa15540: cdpl_ipc.c:3767: in cdpl_ipc_free(): debug: done
1743799409.930956: 231288-7f0bafa15540: cdpl_log.c:481: in cdpl_log_close(): info: @@end_of_log@@
