[15:44:08.98] /o 
              /c                                    pw_worker™ 
              /c 
              /c                Version W-2024.09-SP1-2 for linux64 - Jan 15, 2025
              /c              Based on Custom Infrastructure
              /c Version W-2024.09-SP1-2
              /c 
              /c                     Copyright (c) 2004 - 2025 Synopsys, Inc.
              /c    This software and the associated documentation are proprietary to Synopsys,
              /c  Inc. This software may only be used in accordance with the terms and conditions
              /c  of a written license agreement with Synopsys, Inc. All other use, reproduction,
              /c    or distribution of this software is strictly prohibited.  Licensed Products
              /c      communicate with Synopsys servers for the purpose of providing software
              /c     updates, detecting software piracy and verifying that customers are using
              /c     Licensed Products in conformity with the applicable License Key for such
              /c   Licensed Products. Synopsys will use information gathered in connection with
              /c     this process to deliver software updates and pursue software pirates and
              /c                                    infringers.
              /c 
              /c  Inclusivity & Diversity - Visit SolvNetPlus to read the "Synopsys Statement on
              /c             Inclusivity and Diversity" (Refer to article 000036315 at
              /c                         https://solvnetplus.synopsys.com)
              /c 
              /c Build  (OPT) Config 11252589 compiled on Wed Jan 15 11:01:36 2025 for AlmaLinux 8.4
              /c Invocation: /mnt/apps/public/COE/synopsys_apps/primewave/W-2024.09-SP1-2/linux64/platform/bin/custom_shell -application pw_worker -gui 0 -localDir /mnt/coe/workspace/ece/ece546-spr25/group8/group8_project/synopsys_custom/pwdp_jobs/saeSession0_default.SimulationSimulation_cdpl.0.2978793/logs/w1
              /c Execution time: Thu Mar 27 15:44:00 2025
              /c Host: grendel41.ece.ncsu.edu
              /c Working directory: /mnt/coe/workspace/ece/ece546-spr25/group8/group8_project
              /c 
[15:44:19.33] /m Information: Registering ICV PERC package...
[15:44:19.34] /w Warning: Error: "Job group named 'PrimeWave' already exists under this parent." (IPC-100)
[15:44:19.47] /o #####New Worker job begin - Self history dir=/mnt/coe/workspace/ece/ece546-spr25/group8/group8_project/simulation/group8,nor_row_3by8_tb,schematic
[15:44:19.78] /o source /mnt/coe/workspace/ece/ece546-spr25/group8/group8_project/synopsys_custom/pwdp_jobs/saeSession0_default.SimulationSimulation_cdpl.0.2978793/ccFile.tcl OK
[15:44:19.78] /o LibDefs : /mnt/coe/workspace/ece/ece546-spr25/group8/group8_project/lib.defs
[15:44:19.91] /w Warning: In file /mnt/coe/workspace/ece/ece546-spr25/group8/group8_project/lib.defs: Unable to open library proj_common at path /mnt/coe/workspace/ece/ece546-common/proj_common : No access permission. (DATA_MANAGEMENT-014)
[15:44:20.16] /o new worker create session at loading state!
[15:44:20.16] /o history_1
[15:44:21.22] /o Loading: Callback files...
[15:44:21.25] /o Loading: scripts/callbacks/callbacks.tcl
[15:44:21.25] /o 
              /c [INFO] : Loading display.drf from /mnt/designkits/ncsu/FreePDK3/syncust/NCSU_TechLib_FreePDK3
              /c 
              /c  if you wish to Load other display.drf, please set shell environment valiable "iPDK_load_display_NCSU_TechLib_FreePDK3" to value = 0
[15:44:21.25] /o 
[15:44:21.28] /w Warning: Preference 'xtStarTcadGrdFile' is deprecated and scheduled for removal in a future release with no replacement. For migration assistance, see the Custom Compiler Tcl Reference Manual. (PREFERENCE-058)
[15:44:21.29] /w Warning: Preference 'xtStarOALayerMappingFile' is deprecated and scheduled for removal in a future release with no replacement. For migration assistance, see the Custom Compiler Tcl Reference Manual. (PREFERENCE-058)
[15:44:21.29] /o 	#######################################
[15:44:21.29] /o 	CC-PDK Library Name	: FreePDK3
[15:44:21.29] /o 	#######################################
[15:44:21.29] /o 
[15:44:21.66] /o source /mnt/coe/workspace/ece/ece546-spr25/group8/group8_project/simulation/group8,nor_row_3by8_tb,schematic/history_1/.nw_preference_script.tcl OK!
[15:44:21.66] /o DSPF Options: {hierDelim==|}||{termDelim==:}||{fingerChar==@}||{multiplierString==_nettran_}||{aggregateCurrent==1}||{MOSTermNames==d g s b}||{MOSTermOrder==D G S B}||{MOSTermDspfNames==DRC GATE SRC BULK}||{firstChars==XM}||{probeHierDelim==/}||{caseSensitive==1}||{firstChar==M}||{hierPrefix==X}||{nodePrefix==M}||{plotTermVoltageForNet==0}||{mapNetToMosTerminal==}||{mapSlashDelimToDot==1}||{probePortCurrent==1}||{busBit==[]}||{removeNodePrefix==1}||{nlConDelim==.}||{mosModelType==auto}||{keepSchName==0}
[15:44:21.66] /o _workerLoadStateAction done!
[15:44:21.77] /o _getSimulationDetails : 
[15:44:21.77] /o tbName=default, Mtb=0
[15:44:21.77] /o Got stb tb ok!
[15:44:21.77] /o Self resultsDir: ./simulation
[15:44:21.77] /o Self databaseDir: /mnt/coe/workspace/ece/ece546-spr25/group8/group8_project/simulation/group8,nor_row_3by8_tb,schematic/history_1/simulation/default/PrimeSimHSPICE/nominal/results
[15:44:21.78] /o source /mnt/apps/public/COE/synopsys_apps/primewave/W-2024.09-SP1-2/auxx/sae/matlab_script.tcl OK
[15:44:21.83] /o Nominal run.
[15:44:22.77] /o _createResultsMap done!
[15:44:22.84] /o New worker simulation done for nomial run.
[15:44:22.84] /o >>>resultsDir=/mnt/coe/workspace/ece/ece546-spr25/group8/group8_project/simulation/group8,nor_row_3by8_tb,schematic/history_1/simulation/default/PrimeSimHSPICE/nominal/results,masterResultsDir=/mnt/coe/workspace/ece/ece546-spr25/group8/group8_project/simulation/group8,nor_row_3by8_tb,schematic/history_1/simulation/default/PrimeSimHSPICE/nominal/results
[15:44:22.89] /m Information: Evaluating and plotting outputs...
[15:44:25.37] /o touch /mnt/coe/workspace/ece/ece546-spr25/group8/group8_project/simulation/group8,nor_row_3by8_tb,schematic/history_1/simulation/default/PrimeSimHSPICE/nominal/results/.unitedSimFinished
[15:44:25.45] /o touch /mnt/coe/workspace/ece/ece546-spr25/group8/group8_project/simulation/group8,nor_row_3by8_tb,schematic/history_1/simulation/default/PrimeSimHSPICE/nominal/results/.unitedSimFinished
[15:44:27.76] /o New worker simulation done for nomial run finished!
[15:44:27.76] /o _simulationDoneAction done without exception!
[15:44:27.81] /o touch pilot meas done flag file: /mnt/coe/workspace/ece/ece546-spr25/group8/group8_project/simulation/group8,nor_row_3by8_tb,schematic/history_1/simulation/default/PrimeSimHSPICE/nominal/results/.pw_nw_meas_done
[15:44:37.48] /o Shutdown time: Thu Mar 27 15:44:37 2025
[15:44:37.48] /o Elapsed session real time: 0.53 minutes
[15:44:37.48] /o Session terminated. Log is at /mnt/coe/workspace/ece/ece546-spr25/group8/group8_project/synopsys_custom/pwdp_jobs/saeSession0_default.SimulationSimulation_cdpl.0.2978793/logs/w1/logs/pw_worker.svkolach.2025_3_27_154400_2979354.log
