[17:33:54.13] /o 
              /c                                    pw_worker™ 
              /c 
              /c                Version W-2024.09-SP1-2 for linux64 - Jan 15, 2025
              /c              Based on Custom Infrastructure
              /c Version W-2024.09-SP1-2
              /c 
              /c                     Copyright (c) 2004 - 2025 Synopsys, Inc.
              /c    This software and the associated documentation are proprietary to Synopsys,
              /c  Inc. This software may only be used in accordance with the terms and conditions
              /c  of a written license agreement with Synopsys, Inc. All other use, reproduction,
              /c    or distribution of this software is strictly prohibited.  Licensed Products
              /c      communicate with Synopsys servers for the purpose of providing software
              /c     updates, detecting software piracy and verifying that customers are using
              /c     Licensed Products in conformity with the applicable License Key for such
              /c   Licensed Products. Synopsys will use information gathered in connection with
              /c     this process to deliver software updates and pursue software pirates and
              /c                                    infringers.
              /c 
              /c  Inclusivity & Diversity - Visit SolvNetPlus to read the "Synopsys Statement on
              /c             Inclusivity and Diversity" (Refer to article 000036315 at
              /c                         https://solvnetplus.synopsys.com)
              /c 
              /c Build  (OPT) Config 11252589 compiled on Wed Jan 15 11:01:36 2025 for AlmaLinux 8.4
              /c Invocation: /mnt/apps/public/COE/synopsys_apps/primewave/W-2024.09-SP1-2/linux64/platform/bin/custom_shell -application pw_worker -gui 0 -localDir /mnt/coe/workspace/ece/ece546-spr25/group8/group8_project/synopsys_custom/pwdp_jobs/saeSession0_HSPICEdefault2.SimulationSimulation_cdpl.0.41156/logs/w1
              /c Execution time: Tue Apr  1 17:33:46 2025
              /c Host: wolfman.ece.ncsu.edu
              /c Working directory: /mnt/coe/workspace/ece/ece546-spr25/group8/group8_project
              /c 
[17:34:07.70] /m Information: Registering ICV PERC package...
[17:34:07.71] /w Warning: Error: "Job group named 'PrimeWave' already exists under this parent." (IPC-100)
[17:34:08.07] /o #####New Worker job begin - Self history dir=/mnt/coe/workspace/ece/ece546-spr25/group8/group8_project/simulation/group8,sram_6t_tb,schematic
[17:34:08.38] /o source /mnt/coe/workspace/ece/ece546-spr25/group8/group8_project/synopsys_custom/pwdp_jobs/saeSession0_HSPICEdefault2.SimulationSimulation_cdpl.0.41156/ccFile.tcl OK
[17:34:08.38] /o LibDefs : /mnt/coe/workspace/ece/ece546-spr25/group8/group8_project/lib.defs
[17:34:08.92] /o new worker create session at loading state!
[17:34:08.92] /o history_1
[17:34:09.54] /o Loading: Callback files...
[17:34:09.55] /o Loading: scripts/callbacks/callbacks.tcl
[17:34:09.55] /o 
              /c [INFO] : Loading display.drf from /mnt/designkits/ncsu/FreePDK3/syncust/NCSU_TechLib_FreePDK3
              /c 
              /c  if you wish to Load other display.drf, please set shell environment valiable "iPDK_load_display_NCSU_TechLib_FreePDK3" to value = 0
[17:34:09.55] /o 
[17:34:09.57] /w Warning: Preference 'xtStarTcadGrdFile' is deprecated and scheduled for removal in a future release with no replacement. For migration assistance, see the Custom Compiler Tcl Reference Manual. (PREFERENCE-058)
[17:34:09.58] /w Warning: Preference 'xtStarOALayerMappingFile' is deprecated and scheduled for removal in a future release with no replacement. For migration assistance, see the Custom Compiler Tcl Reference Manual. (PREFERENCE-058)
[17:34:09.58] /o 	#######################################
[17:34:09.58] /o 	CC-PDK Library Name	: FreePDK3
[17:34:09.58] /o 	#######################################
[17:34:09.58] /o 
[17:34:09.76] /o source /mnt/coe/workspace/ece/ece546-spr25/group8/group8_project/simulation/group8,sram_6t_tb,schematic/history_1/.nw_preference_script.tcl OK!
[17:34:09.77] /o DSPF Options: {hierDelim==|}||{termDelim==:}||{fingerChar==@}||{multiplierString==_nettran_}||{aggregateCurrent==1}||{MOSTermNames==d g s b}||{MOSTermOrder==D G S B}||{MOSTermDspfNames==DRC GATE SRC BULK}||{firstChars==XM}||{probeHierDelim==/}||{caseSensitive==1}||{firstChar==M}||{hierPrefix==X}||{nodePrefix==M}||{plotTermVoltageForNet==0}||{mapNetToMosTerminal==}||{mapSlashDelimToDot==1}||{probePortCurrent==1}||{busBit==[]}||{removeNodePrefix==1}||{nlConDelim==.}||{mosModelType==auto}||{keepSchName==0}
[17:34:09.77] /o _workerLoadStateAction done!
[17:34:09.82] /o _getSimulationDetails : 
[17:34:09.82] /o tbName=HSPICE_default_2, Mtb=0
[17:34:09.82] /o Got stb tb ok!
[17:34:09.82] /o Self resultsDir: ./simulation
[17:34:09.82] /o Self databaseDir: /mnt/coe/workspace/ece/ece546-spr25/group8/group8_project/simulation/group8,sram_6t_tb,schematic/history_1/simulation/HSPICE_default_2/HSPICE/nominal/results
[17:34:09.83] /o source /mnt/apps/public/COE/synopsys_apps/primewave/W-2024.09-SP1-2/auxx/sae/matlab_script.tcl OK
[17:34:09.85] /o Nominal run.
[17:34:10.29] /o _createResultsMap done!
[17:34:10.32] /o New worker simulation done for nomial run.
[17:34:10.32] /o >>>resultsDir=/mnt/coe/workspace/ece/ece546-spr25/group8/group8_project/simulation/group8,sram_6t_tb,schematic/history_1/simulation/HSPICE_default_2/HSPICE/nominal/results,masterResultsDir=/mnt/coe/workspace/ece/ece546-spr25/group8/group8_project/simulation/group8,sram_6t_tb,schematic/history_1/simulation/HSPICE_default_2/HSPICE/nominal/results
[17:34:10.34] /m Information: Evaluating and plotting outputs...
[17:34:12.99] /o touch /mnt/coe/workspace/ece/ece546-spr25/group8/group8_project/simulation/group8,sram_6t_tb,schematic/history_1/simulation/HSPICE_default_2/HSPICE/nominal/results/.unitedSimFinished
[17:34:13.03] /o touch /mnt/coe/workspace/ece/ece546-spr25/group8/group8_project/simulation/group8,sram_6t_tb,schematic/history_1/simulation/HSPICE_default_2/HSPICE/nominal/results/.unitedSimFinished
[17:34:13.83] /o New worker simulation done for nomial run finished!
[17:34:13.83] /o _simulationDoneAction done without exception!
[17:34:13.84] /o touch pilot meas done flag file: /mnt/coe/workspace/ece/ece546-spr25/group8/group8_project/simulation/group8,sram_6t_tb,schematic/history_1/simulation/HSPICE_default_2/HSPICE/nominal/results/.pw_nw_meas_done
[17:34:18.53] /o Shutdown time: Tue Apr  1 17:34:18 2025
[17:34:18.53] /o Elapsed session real time: 0.45 minutes
[17:34:18.53] /o Session terminated. Log is at /mnt/coe/workspace/ece/ece546-spr25/group8/group8_project/synopsys_custom/pwdp_jobs/saeSession0_HSPICEdefault2.SimulationSimulation_cdpl.0.41156/logs/w1/logs/pw_worker.svkolach.2025_4_1_173346_41891.log
