1743565463.124221: 2154483-7f377268f540: cdpl_log.c:337: in cdpl_log_open(): info: @@start_of_log@@
1743565463.124256: 2154483-7f377268f540: cdpl_log.c:1058: in cdpl_log_dump_sysinfo(): info: time: 2025/04/01 23:44:23 EDT -0400
1743565463.124262: 2154483-7f377268f540: cdpl_log.c:1060: in cdpl_log_dump_sysinfo(): info: version: W-2024.09-SP1-2 
1743565463.124265: 2154483-7f377268f540: cdpl_log.c:1062: in cdpl_log_dump_sysinfo(): info: system: Linux 4.18.0-553.46.1.el8_10.x86_64 #1 SMP Sat Mar 15 01:37:33 EDT 2025
1743565463.124269: 2154483-7f377268f540: cdpl_log.c:1067: in cdpl_log_dump_sysinfo(): info: processor: x86_64 64-bits
1743565463.124272: 2154483-7f377268f540: cdpl_log.c:1071: in cdpl_log_dump_sysinfo(): info: hostname: hydra12.ece.ncsu.edu
1743565463.124275: 2154483-7f377268f540: cdpl_log.c:1073: in cdpl_log_dump_sysinfo(): info: program name: custom_shell
1743565463.124281: 2154483-7f377268f540: cdpl_log.c:340: in cdpl_log_open(): debug: path: /mnt/coe/workspace/ece/ece546-spr25/group8/group8_project/synopsys_custom/pwdp_jobs/saeSession0_default.SimulationSimulation_cdpl.1.2154483/logs/master.hydra12.ece.ncsu.edu.2154483.log
1743565463.124284: 2154483-7f377268f540: cdpl_log.c:341: in cdpl_log_open(): debug: dir: /mnt/coe/workspace/ece/ece546-spr25/group8/group8_project/synopsys_custom/pwdp_jobs/saeSession0_default.SimulationSimulation_cdpl.1.2154483/logs
1743565463.124294: 2154483-7f377268f540: cdpl_server.c:536: in cdpl_sv_init(): info: new server S1893611513
1743565463.124300: 2154483-7f377268f540: cdpl_ipc.c:3475: in cdpl_ipc_init(): info: requesting IPv4 protocol
1743565463.130112: 2154483-7f377268f540: cdpl_ipc.c:837: in _selectaddrfamily(): info: selected IPv4 protocol
1743565463.130155: 2154483-7f377268f540: cdpl_ipc.c:1139: in _set_keepalive(): info: TCP keep alive interval: 300
1743565463.132958: 2154483-7f377268f540: cdpl_monitor.c:1117: in cdpl_mn_new_server(): info: creating server monitor instance
1743565463.132981: 2154483-7f377268f540: cdpl_server.c:650: in cdpl_sv_new_master(): info: new master M1
1743565463.132998: 2154483-7f377268f540: cdpl_server.c:6533: in cdpl_sv_ctl_master(): info: Setting worker heartbeat to 120 seconds
1743565463.133002: 2154483-7f377268f540: cdpl_server.c:6542: in cdpl_sv_ctl_master(): info: Setting worker heartbeat timeout to 3 heartbeats
1743565463.133007: 2154483-7f377268f540: cdpl_compat_master.c:2090: in _parse_hostfile(): info: reading hostfile `/mnt/coe/workspace/ece/ece546-spr25/group8/group8_project/synopsys_custom/pwdp_jobs/saeSession0_default.SimulationSimulation_cdpl.1.2154483/host_file'
1743565463.142436: 2154483-7f377268f540: cdpl_compat_master.c:1900: in _hostfile_parser(): debug: parsing "1     |localhost|   -1  | /tmp | SH | sh"
1743565463.142454: 2154483-7f377268f540: cdpl_farm.c:2578: in cdpl_farm_new_sh(): info: creating SH farm on localhost
1743565463.142483: 2154483-7f377268f540: cdpl_compat_master.c:206: in _set_farm_env(): info: exporting CDPL_LOGDIR as `/mnt/coe/workspace/ece/ece546-spr25/group8/group8_project/synopsys_custom/pwdp_jobs/saeSession0_default.SimulationSimulation_cdpl.1.2154483/logs'
1743565463.142487: 2154483-7f377268f540: cdpl_compat_master.c:212: in _set_farm_env(): info: exporting CDPL_TMPDIR as `/tmp'
1743565463.142492: 2154483-7f377268f540: cdpl_compat_master.c:219: in _set_farm_env(): info: exporting CDPL_HOME as `/mnt/apps/public/COE/synopsys_apps/hspice/W-2024.09-SP1/hspice/cdpl'
1743565463.142497: 2154483-7f377268f540: cdpl_compat_master.c:235: in _set_farm_env(): info: exporting SNPSLMD_LICENSE_FILE as `27000@ece-lic-35.ece.ncsu.edu'
1743565463.142501: 2154483-7f377268f540: cdpl_compat_master.c:259: in _set_farm_env(): info: exporting CDPL_OPTIONS as `[nowlogs]'
1743565463.142504: 2154483-7f377268f540: cdpl_compat_master.c:266: in _set_farm_env(): info: exporting DISPLAY as `unix:31815'
1743565463.142508: 2154483-7f377268f540: cdpl_compat_master.c:274: in _set_farm_env(): info: exporting CDPL_HEARTBEAT as `120'
1743565463.142516: 2154483-7f377268f540: cdpl_farm.c:3149: in cdpl_farm_add_withdir(): debug: added `localhost' (capacity: unlimited)
1743565463.142531: 2154483-7f377268f540: cdpl_compat_parse.c:147: in parsefile(): debug: read `/mnt/coe/workspace/ece/ece546-spr25/group8/group8_project/synopsys_custom/pwdp_jobs/saeSession0_default.SimulationSimulation_cdpl.1.2154483/host_file', 2 lines
1743565463.142536: 2154483-7f377268f540: cdpl_compat_master.c:2931: in cdplInitMaster(): info: bcast dir is `/mnt/coe/workspace/ece/ece546-spr25/group8/group8_project/synopsys_custom/pwdp_jobs/saeSession0_default.SimulationSimulation_cdpl.1.2154483/logs'
1743565463.149378: 2154483-7f377268f540: cdpl_server.c:6433: in cdpl_sv_ctl_master(): info: farm worker timeout set to 300
1743565463.149386: 2154483-7f377268f540: cdpl_server.c:6486: in cdpl_sv_ctl_master(): info: maximum number of task execution attempts set to 1
1743565463.149396: 2154483-7f377268f540: cdpl_server.c:3195: in cdpl_sv_start(): debug: starting server
1743565463.149400: 2154483-7f377268f540: cdpl_ipc.c:3632: in cdpl_ipc_start(): debug: starting IPC server 152.14.98.36:45437
1743565463.150334: 2154483-7f373f2c5700: cdpl_server_ipc.c:1182: in _sv_ipc_thread(): debug: ready
1743565463.150371: 2154483-7f372a7fc700: cdpl_monitor.c:426: in cdpl_mn_init_client(): info: creating client monitor instance
1743565463.150393: 2154483-7f372a7fc700: cdpl_ipc.c:3475: in cdpl_ipc_init(): info: requesting IPv4 protocol
1743565463.154614: 2154483-7f372a7fc700: cdpl_ipc.c:837: in _selectaddrfamily(): info: selected IPv4 protocol
1743565463.154656: 2154483-7f372a7fc700: cdpl_ipc.c:1139: in _set_keepalive(): info: TCP keep alive interval: 300
1743565463.159285: 2154483-7f372a7fc700: cdpl_ipc.c:3632: in cdpl_ipc_start(): debug: starting IPC server 152.14.98.36:33127
1743565463.159566: 2154483-7f372a7fc700: cdpl_monitor.c:471: in cdpl_mn_init_client(): debug: incoming messages in /tmp/cdpl-monitor-2jlItY
1743565463.160278: 2154483-7f372a7fc700: cdpl_monitor.c:533: in cdpl_mn_connect(): debug: connecting to 152.14.98.36:45437
1743565463.160291: 2154483-7f372a7fc700: cdpl_ipc.c:3789: in cdpl_ipc_connect(): info: connecting to 152.14.98.36:45437
1743565463.160509: 2154483-7f372a7fc700: cdpl_ipc.c:3860: in cdpl_ipc_connect(): info: connected as `152.14.98.36:54878'
1743565463.160523: 2154483-7f372a7fc700: cdpl_ipc.c:2503: in cdpl_ipc_host_accept(): debug: accepted host `152.14.98.36:45437'
1743565463.160531: 2154483-7f372a7fc700: cdpl_monitor.c:579: in cdpl_mn_connect(): debug: ok
1743565463.160560: 2154483-7f373fac6700: cdpl_ipc.c:1862: in _epoll_accept(): debug: new connection from `152.14.98.36:54878'
1743565463.160577: 2154483-7f377268f540: cdpl_server.c:731: in cdpl_sv_new_job(): info: new job J1 in M1
1743565463.160599: 2154483-7f373f2c5700: cdpl_server_ipc.c:1225: in _sv_ipc_thread(): debug: received ACCEPT notification
1743565463.160615: 2154483-7f377268f540: cdpl_compat_master.c:1581: in _add_worker(): info: new worker type 10, min:1, max:3, cmd:`/mnt/coe/workspace/ece/ece546-spr25/group8/group8_project/synopsys_custom/pwdp_jobs/saeSession0_default.SimulationSimulation_cdpl.1.2154483/START_WORKER pw_worker -i /mnt/coe/workspace/ece/ece546-spr25/group8/group8_
1743565463.160626: 2154483-7f373f2c5700: cdpl_ipc.c:2503: in cdpl_ipc_host_accept(): debug: accepted host `152.14.98.36:54878'
1743565463.160634: 2154483-7f373f2c5700: cdpl_server_ipc.c:1256: in _sv_ipc_thread(): debug: received MONITOR message
1743565463.160640: 2154483-7f377268f540: cdpl_server.c:908: in cdpl_sv_new_bin_withfarm(): info: new bin B1 in J1
1743565463.160896: 2154483-7f373f2c5700: cdpl_monitor.c:1207: in cdpl_mn_accept(): debug: accepted monitor `152.14.98.36:54878'
1743565463.160905: 2154483-7f373f2c5700: cdpl_server_ipc_mon.c:120: in _globalLOCK(): debug: ENTERTING GLOBAL LOCK
1743565463.160909: 2154483-7f373f2c5700: cdpl_server_ipc_mon.c:164: in _globalLOCK(): debug: global lock acquired
1743565463.161581: 2154483-7f373dac2700: cdpl_monitor.c:910: in mn_systat(): debug: started
1743565463.161947: 2154483-7f373dac2700: cdpl_monitor.c:937: in mn_systat(): debug: monitor server flush rate: 5
1743565463.248921: 2154483-7f373f2c5700: cdpl_server_ipc_mon.c:210: in _globalUNLOCK(): debug: LEAVING GLOBAL LOCK
1743565463.535698: 2154483-7f377268f540: cdpl_server.c:3249: in cdpl_sv_start_job(): info: starting job J1
1743565463.535735: 2154483-7f377268f540: cdpl_server.c:62: in _sv_start_bin(): debug: starting bin B1 (min: 0, max: 3)
1743565463.535940: 2154483-7f377268f540: cdpl_server.c:1893: in _sv_gen_task(): info: new task T0 in B1 (prio 0)
1743565463.535946: 2154483-7f372b7fe700: cdpl_server_sched.c:2482: in _sv_scheduler_thread(): debug: scheduler for bin B1 started
1743565463.535964: 2154483-7f377268f540: cdpl_server.c:2698: in cdpl_sv_label_task_va(): info: setting task T0 label to "HSPICE_2|HSPICE"
1743565463.535986: 2154483-7f372b7fe700: cdpl_server_sched.c:2443: in _scheduler_run(): debug: will start a new worker
1743565463.536005: 2154483-7f372b7fe700: cdpl_farm.c:3977: in cdpl_farm_submit(): debug: 1 running processes
1743565463.536011: 2154483-7f372b7fe700: cdpl_farm.c:3985: in cdpl_farm_submit(): debug: new command C1 in bin B1 assigned to host `localhost'
1743565463.536140: 2154483-7f372b7fe700: cdpl_server_sched.c:705: in _sv_launch_worker(): info: started worker W1 (as C1) in bin B1
1743565463.536161: 2154483-7f372affd700: cdpl_farm.c:2139: in _schedule(): debug: started
1743565463.536173: 2154483-7f372affd700: cdpl_farm.c:2303: in _schedule(): debug: submitting command C1 in bin B1
1743565463.536182: 2154483-7f372affd700: cdpl_sh.c:49: in _sh_detached_submit(): info: SH : /mnt/coe/workspace/ece/ece546-spr25/group8/group8_project/synopsys_custom/pwdp_jobs/saeSession0_default.SimulationSimulation_cdpl.1.2154483/START_WORKER pw_worker -i /mnt/coe/workspace/ece/ece546-spr25/group8/group8_project/synopsys_custom/pwdp_jobs/saeSession0_default.SimulationSimulation_cdpl.1.2154483 -t 10000
1743565463.545893: 2154483-7f372affd700: cdpl_farm.c:2343: in _schedule(): debug: C1 in bin B1 running on slot 0
1743565463.545945: 2154483-7f372affd700: cdpl_farm.c:2167: in _schedule(): debug: idle
1743565463.811677: 2154483-7f377268f540: cdpl_compat_master.c:5948: in cdplMasterLogInfo(): info: [non-CDPL log entry] PWDP3: reset pilot cache succeeded, pilot_key=saeSession0,1,default|&/mnt/coe/workspace/ece/ece546-spr25/group8/group8_project/simulation/group8,2to4_decoder_tb,schematic/history_1/simulation/default/PrimeSimHSPICE/nominal/results
1743565463.846066: 2154483-7f372affd700: cdpl_farm.c:1193: in _onexit(): debug: C1 in bin B1 exited normally on slot 0
1743565464.561209: 2154483-7f373cac0700: cdpl_compat_master.c:5948: in cdplMasterLogInfo(): info: [non-CDPL log entry] PWDP - no-workers started ok check start!
1743565466.372233: 2154483-7f373fac6700: cdpl_ipc.c:1862: in _epoll_accept(): debug: new connection from `152.14.98.36:54886'
1743565466.372321: 2154483-7f373f2c5700: cdpl_server_ipc.c:1225: in _sv_ipc_thread(): debug: received ACCEPT notification
1743565466.372349: 2154483-7f373f2c5700: cdpl_ipc.c:2503: in cdpl_ipc_host_accept(): debug: accepted host `152.14.98.36:54886'
1743565466.372446: 2154483-7f373f2c5700: cdpl_server_ipc.c:1246: in _sv_ipc_thread(): debug: received HELLO message
1743565466.372450: 2154483-7f373f2c5700: cdpl_server_ipc.c:430: in _sv_on_hello(): debug: looking up W1
1743565466.372456: 2154483-7f373f2c5700: cdpl_server_ipc.c:540: in _sv_on_hello(): info: W1 is `152.14.98.36:54886'
1743565466.372468: 2154483-7f373f2c5700: cdpl_server_ipc.c:541: in _sv_on_hello(): debug: hello W1 (B1)
1743565466.372471: 2154483-7f373f2c5700: cdpl_server_ipc.c:542: in _sv_on_hello(): info: W1 log file is /dev/null
1743565466.372494: 2154483-7f373f2c5700: cdpl_server_ipc.c:602: in _sv_on_hello(): info: up to 1 alive workers in B1
1743565466.372503: 2154483-7f373f2c5700: cdpl_farm.c:878: in _release_cmd(): debug: freeing command C1 in bin B1
1743565466.372522: 2154483-7f372b7fe700: cdpl_server_sched.c:960: in _assign(): info: assigning task T0 to worker W1
1743565467.372850: 2154483-7f373f2c5700: cdpl_server_ipc.c:312: in _sv_on_heartbeat(): debug: received HEARTBEAT from worker W1 at 152.14.98.36:54886
1743565468.230473: 2154483-7f372a7fc700: cdpl_monitor.c:533: in cdpl_mn_connect(): debug: connecting to 152.14.98.36:35847
1743565468.230496: 2154483-7f372a7fc700: cdpl_ipc.c:3789: in cdpl_ipc_connect(): info: connecting to 152.14.98.36:35847
1743565468.230724: 2154483-7f372a7fc700: cdpl_ipc.c:3860: in cdpl_ipc_connect(): info: connected as `152.14.98.36:55408'
1743565468.230739: 2154483-7f372a7fc700: cdpl_ipc.c:2503: in cdpl_ipc_host_accept(): debug: accepted host `152.14.98.36:35847'
1743565468.230747: 2154483-7f372a7fc700: cdpl_monitor.c:579: in cdpl_mn_connect(): debug: ok
1743565470.762708: 2154483-7f373f2c5700: cdpl_server_ipc.c:1268: in _sv_ipc_thread(): debug: received RELAY message
1743565470.762728: 2154483-7f373f2c5700: cdpl_server_ipc.c:713: in _sv_on_relay(): debug: RELAY message from W1, size = 58
1743565470.762734: 2154483-7f373f2c5700: cdpl_server_ipc.c:715: in _sv_on_relay(): debug: RELAY message from W1, content = 0$2159200 hydra12.ece.ncsu.edu 2159255 RUNNING 1743565470
1743565494.493785: 2154483-7f373f2c5700: cdpl_server_ipc.c:1268: in _sv_ipc_thread(): debug: received RELAY message
1743565494.496794: 2154483-7f373f2c5700: cdpl_server_ipc.c:713: in _sv_on_relay(): debug: RELAY message from W1, size = 48
1743565494.496806: 2154483-7f373f2c5700: cdpl_server_ipc.c:715: in _sv_on_relay(): debug: RELAY message from W1, content = WORKERDU|1355,dc2isi00nfs.oit.ncsu.edu:/coe_nfs
1743565494.496820: 2154483-7f373f2c5700: cdpl_server_ipc.c:1268: in _sv_ipc_thread(): debug: received RELAY message
1743565494.496826: 2154483-7f373f2c5700: cdpl_server_ipc.c:713: in _sv_on_relay(): debug: RELAY message from W1, size = 197
1743565494.496831: 2154483-7f373f2c5700: cdpl_server_ipc.c:715: in _sv_on_relay(): debug: RELAY message from W1, content = REQPILOT|saeSession0,1,default|&/mnt/coe/workspace/ece/ece546-spr25/group8/group8_project/simulation/group8,2to4_decoder_tb,schematic/history_1/simulation/default/PrimeSimHSPICE/nominal/results|&0
1743565494.496913: 2154483-7f373d2c1700: cdpl_compat_master.c:5948: in cdplMasterLogInfo(): info: [non-CDPL log entry] PWDP send back 'DOPILOT' to worker id:1 key: saeSession0,1,default|&/mnt/coe/workspace/ece/ece546-spr25/group8/group8_project/simulation/group8,2to4_decoder_tb,schematic/history_1/simulation/default/PrimeSimHSPICE/nominal/results
1743565494.507653: 2154483-7f373d2c1700: cdpl_compat_master.c:5948: in cdplMasterLogInfo(): info: [non-CDPL log entry] PWDP: set pilot doing!
1743565494.528128: 2154483-7f373f2c5700: cdpl_server_ipc.c:1268: in _sv_ipc_thread(): debug: received RELAY message
1743565494.528143: 2154483-7f373f2c5700: cdpl_server_ipc.c:713: in _sv_on_relay(): debug: RELAY message from W1, size = 193
1743565494.528149: 2154483-7f373f2c5700: cdpl_server_ipc.c:715: in _sv_on_relay(): debug: RELAY message from W1, content = PILOTOK|saeSession0,1,default|&/mnt/coe/workspace/ece/ece546-spr25/group8/group8_project/simulation/group8,2to4_decoder_tb,schematic/history_1/simulation/default/PrimeSimHSPICE/nominal/results
1743565494.528201: 2154483-7f373d2c1700: cdpl_compat_master.c:5948: in cdplMasterLogInfo(): info: [non-CDPL log entry] PWDP: set pilot done!
1743565494.528344: 2154483-7f373f2c5700: cdpl_server_ipc.c:1268: in _sv_ipc_thread(): debug: received RELAY message
1743565494.528352: 2154483-7f373f2c5700: cdpl_server_ipc.c:713: in _sv_on_relay(): debug: RELAY message from W1, size = 18
1743565494.528357: 2154483-7f373f2c5700: cdpl_server_ipc.c:715: in _sv_on_relay(): debug: RELAY message from W1, content = 0$- - - MEASDOING
1743565501.953748: 2154483-7f373f2c5700: cdpl_server_ipc.c:1268: in _sv_ipc_thread(): debug: received RELAY message
1743565501.956833: 2154483-7f373f2c5700: cdpl_server_ipc.c:713: in _sv_on_relay(): debug: RELAY message from W1, size = 70
1743565501.956842: 2154483-7f373f2c5700: cdpl_server_ipc.c:715: in _sv_on_relay(): debug: RELAY message from W1, content = 0$2159200 hydra12.ece.ncsu.edu 2159255 FINISHED 1743565470|1743565501
1743565501.976844: 2154483-7f373f2c5700: cdpl_server_ipc.c:1268: in _sv_ipc_thread(): debug: received RELAY message
1743565501.976858: 2154483-7f373f2c5700: cdpl_server_ipc.c:713: in _sv_on_relay(): debug: RELAY message from W1, size = 195
1743565501.976872: 2154483-7f373f2c5700: cdpl_server_ipc.c:715: in _sv_on_relay(): debug: RELAY message from W1, content = PILOTDONE|saeSession0,1,default|&/mnt/coe/workspace/ece/ece546-spr25/group8/group8_project/simulation/group8,2to4_decoder_tb,schematic/history_1/simulation/default/PrimeSimHSPICE/nominal/results
1743565501.976923: 2154483-7f373d2c1700: cdpl_compat_master.c:5948: in cdplMasterLogInfo(): info: [non-CDPL log entry] saeSession0,1,default|&/mnt/coe/workspace/ece/ece546-spr25/group8/group8_project/simulation/group8,2to4_decoder_tb,schematic/history_1/simulation/default/PrimeSimHSPICE/nominal/results PILOTDONE!
1743565502.009430: 2154483-7f373f2c5700: cdpl_server_ipc.c:1251: in _sv_ipc_thread(): debug: received FINISH message
1743565502.009447: 2154483-7f373f2c5700: cdpl_server_ipc.c:983: in _sv_on_finish(): info: worker W1 completed task T0
1743565502.009452: 2154483-7f373f2c5700: cdpl_server_ipc.c:988: in _sv_on_finish(): debug: stat T0: utime=17280 stime=2873
1743565502.009456: 2154483-7f373f2c5700: cdpl_server_ipc.c:993: in _sv_on_finish(): debug: statm T0: vsize=2868376 rss=1062212 shared=519636 text=474784 data=734700
1743565502.032281: 2154483-7f377268f540: cdpl_server.c:227: in _sv_free_task_safe(): debug: freeing task T0
1743565502.064382: 2154483-7f373f2c5700: cdpl_server_ipc.c:1268: in _sv_ipc_thread(): debug: received RELAY message
1743565502.064397: 2154483-7f373f2c5700: cdpl_server_ipc.c:713: in _sv_on_relay(): debug: RELAY message from W1, size = 47
1743565502.064402: 2154483-7f373f2c5700: cdpl_server_ipc.c:715: in _sv_on_relay(): debug: RELAY message from W1, content = WORKERDU|108,dc2isi00nfs.oit.ncsu.edu:/coe_nfs
1743565509.967811: 2154483-7f377268f540: cdpl_server.c:3008: in cdpl_sv_halt_job_errno(): info: killing job J1
1743565509.970971: 2154483-7f377268f540: cdpl_server.c:3044: in cdpl_sv_halt_job_errno(): debug: signal bin B1 scheduler to stop
1743565509.971048: 2154483-7f372b7fe700: cdpl_server_sched.c:2484: in _sv_scheduler_thread(): debug: scheduler for bin B1 stopped
1743565509.971084: 2154483-7f372b7fe700: cdpl_ipc.c:1657: in _host_drop__UNSAFE(): debug: dropping host `152.14.98.36:54886'
1743565509.971164: 2154483-7f372b7fe700: cdpl_server_sched.c:2830: in _sv_drop_worker(): info: down to 0 alive workers in B1
1743565509.971174: 2154483-7f372b7fe700: cdpl_farm.c:4152: in cdpl_farm_dismiss(): debug: down to 0 running processes
1743565509.971183: 2154483-7f372b7fe700: cdpl_server_sched.c:121: in _free_worker_2(): debug: freeing worker W1
1743565509.971197: 2154483-7f373f2c5700: cdpl_server_ipc.c:1236: in _sv_ipc_thread(): debug: received DROP notification
1743565509.971269: 2154483-7f372b7fe700: cdpl_ipc.c:2513: in cdpl_ipc_host_release(): debug: releasing host `152.14.98.36:54886'
1743565509.971288: 2154483-7f372b7fe700: cdpl_ipc.c:2529: in cdpl_ipc_host_release(): debug: scheduling for immediate release
1743565509.971340: 2154483-7f377268f540: cdpl_server.c:294: in _sv_free_job(): info: freeing job J1
1743565509.971357: 2154483-7f377268f540: cdpl_server.c:92: in _sv_free_bin(): debug: freeing bin B1
1743565509.971403: 2154483-7f377268f540: cdpl_monitor.c:515: in cdpl_mn_kill(): info: killing monitor
1743565509.971409: 2154483-7f377268f540: cdpl_ipc.c:3677: in cdpl_ipc_kill(): debug: stopping event server
1743565509.971438: 2154483-7f373eac4700: cdpl_ipc.c:2460: in _epoll_main(): debug: server going down...
1743565509.971522: 2154483-7f373fac6700: cdpl_ipc.c:775: in _readv(): warning: read(): EOF
1743565509.971560: 2154483-7f373fac6700: cdpl_ipc.c:2100: in _epoll_recv(): debug: _readv(): Broken pipe
1743565509.971567: 2154483-7f373fac6700: cdpl_ipc.c:2424: in _epoll_main(): debug: _epoll_recv(): Broken pipe
1743565509.971575: 2154483-7f373fac6700: cdpl_ipc.c:1657: in _host_drop__UNSAFE(): debug: dropping host `152.14.98.36:54878'
1743565509.971663: 2154483-7f373fac6700: cdpl_ipc.c:1582: in _host_free__UNSAFE(): debug: freeing host `152.14.98.36:54886'
1743565509.971670: 2154483-7f373fac6700: cdpl_ipc.c:1621: in _host_free__UNSAFE(): debug: [0 outq, 0 spR, 0 spW]
1743565509.971697: 2154483-7f373f2c5700: cdpl_server_ipc.c:1236: in _sv_ipc_thread(): debug: received DROP notification
1743565509.971709: 2154483-7f373f2c5700: cdpl_monitor.c:1269: in cdpl_mn_drop(): debug: detaching from monitor `152.14.98.36:54878'
1743565509.971718: 2154483-7f373f2c5700: cdpl_monitor.c:1101: in mn_systat_stop(): debug: joining systat thread
1743565509.971746: 2154483-7f373dac2700: cdpl_monitor.c:1079: in mn_systat(): debug: exiting
1743565509.971760: 2154483-7f373f2c5700: cdpl_monitor.c:1103: in mn_systat_stop(): debug: systat thread done
1743565509.971768: 2154483-7f373f2c5700: cdpl_ipc.c:2513: in cdpl_ipc_host_release(): debug: releasing host `152.14.98.36:54878'
1743565509.971874: 2154483-7f372a7fc700: cdpl_ipc.c:3728: in cdpl_ipc_free(): debug: releasing IPC handle
1743565509.971885: 2154483-7f372a7fc700: cdpl_ipc.c:1582: in _host_free__UNSAFE(): debug: freeing host `152.14.98.36:35847'
1743565509.971890: 2154483-7f372a7fc700: cdpl_ipc.c:1621: in _host_free__UNSAFE(): debug: [0 outq, 0 spR, 0 spW]
1743565509.971912: 2154483-7f372a7fc700: cdpl_ipc.c:1582: in _host_free__UNSAFE(): debug: freeing host `152.14.98.36:45437'
1743565509.971916: 2154483-7f372a7fc700: cdpl_ipc.c:1621: in _host_free__UNSAFE(): debug: [0 outq, 0 spR, 0 spW]
1743565509.971928: 2154483-7f372a7fc700: cdpl_ipc.c:3756: in cdpl_ipc_free(): warning: 2 host(s) were not released
1743565509.971941: 2154483-7f372a7fc700: cdpl_ipc.c:3767: in cdpl_ipc_free(): debug: done
1743565509.971944: 2154483-7f372a7fc700: cdpl_monitor.c:1390: in cdpl_mn_free(): debug: freeing monitor client
1743565509.972137: 2154483-7f377268f540: cdpl_farm.c:2740: in cdpl_farm_free(): info: freeing farm
1743565509.972200: 2154483-7f372affd700: cdpl_farm.c:2231: in _schedule(): debug: end of idling
1743565509.972213: 2154483-7f372affd700: cdpl_farm.c:2235: in _schedule(): debug: dying
1743565509.972342: 2154483-7f377268f540: cdpl_farm.c:913: in _killall(): debug: killing all remaining commands
1743565509.972360: 2154483-7f377268f540: cdpl_server.c:3144: in cdpl_sv_free(): info: freeing server S1893611513
1743565509.972368: 2154483-7f377268f540: cdpl_server.c:3109: in cdpl_sv_kill_errno(): info: killing server
1743565509.972373: 2154483-7f377268f540: cdpl_ipc.c:3677: in cdpl_ipc_kill(): debug: stopping event server
1743565509.972400: 2154483-7f373f2c5700: cdpl_server_ipc.c:1200: in _sv_ipc_thread(): debug: leaving now
1743565509.972418: 2154483-7f373fac6700: cdpl_ipc.c:2460: in _epoll_main(): debug: server going down...
1743565509.972437: 2154483-7f377268f540: cdpl_server.c:334: in _sv_free_master(): info: freeing master M1
1743565509.972448: 2154483-7f377268f540: cdpl_hash.c:68: in cdpl_h_destroy(): debug: put operations: 1
1743565509.972452: 2154483-7f377268f540: cdpl_hash.c:69: in cdpl_h_destroy(): debug: put collisions: 0
1743565509.972457: 2154483-7f377268f540: cdpl_hash.c:70: in cdpl_h_destroy(): debug: get operations: 1
1743565509.972484: 2154483-7f377268f540: cdpl_hash.c:71: in cdpl_h_destroy(): debug: get iterations: 1
1743565509.972529: 2154483-7f377268f540: cdpl_monitor.c:1390: in cdpl_mn_free(): debug: freeing monitor server
1743565509.972542: 2154483-7f377268f540: cdpl_ipc.c:3728: in cdpl_ipc_free(): debug: releasing IPC handle
1743565509.972546: 2154483-7f377268f540: cdpl_ipc.c:1582: in _host_free__UNSAFE(): debug: freeing host `152.14.98.36:54878'
1743565509.972550: 2154483-7f377268f540: cdpl_ipc.c:1621: in _host_free__UNSAFE(): debug: [0 outq, 0 spR, 0 spW]
1743565509.972625: 2154483-7f377268f540: cdpl_ipc.c:3767: in cdpl_ipc_free(): debug: done
1743565509.972633: 2154483-7f377268f540: cdpl_log.c:481: in cdpl_log_close(): info: @@end_of_log@@
