1743706208.142199: 61283-7f5c677d5540: cdpl_log.c:337: in cdpl_log_open(): info: @@start_of_log@@
1743706208.142215: 61283-7f5c677d5540: cdpl_log.c:1058: in cdpl_log_dump_sysinfo(): info: time: 2025/04/03 14:50:08 EDT -0400
1743706208.142217: 61283-7f5c677d5540: cdpl_log.c:1060: in cdpl_log_dump_sysinfo(): info: version: W-2024.09-SP1-2 
1743706208.142218: 61283-7f5c677d5540: cdpl_log.c:1062: in cdpl_log_dump_sysinfo(): info: system: Linux 4.18.0-553.46.1.el8_10.x86_64 #1 SMP Sat Mar 15 01:37:33 EDT 2025
1743706208.142219: 61283-7f5c677d5540: cdpl_log.c:1067: in cdpl_log_dump_sysinfo(): info: processor: x86_64 64-bits
1743706208.142219: 61283-7f5c677d5540: cdpl_log.c:1071: in cdpl_log_dump_sysinfo(): info: hostname: viper.ece.ncsu.edu
1743706208.142220: 61283-7f5c677d5540: cdpl_log.c:1073: in cdpl_log_dump_sysinfo(): info: program name: custom_shell
1743706208.142222: 61283-7f5c677d5540: cdpl_log.c:340: in cdpl_log_open(): debug: path: /mnt/coe/workspace/ece/ece546-spr25/group8/group8_project/synopsys_custom/pwdp_jobs/saeSession3_default.SimulationSimulation_cdpl.0.61283/logs/master.viper.ece.ncsu.edu.61283.log
1743706208.142223: 61283-7f5c677d5540: cdpl_log.c:341: in cdpl_log_open(): debug: dir: /mnt/coe/workspace/ece/ece546-spr25/group8/group8_project/synopsys_custom/pwdp_jobs/saeSession3_default.SimulationSimulation_cdpl.0.61283/logs
1743706208.142242: 61283-7f5c677d5540: cdpl_server.c:536: in cdpl_sv_init(): info: new server S323054303
1743706208.142248: 61283-7f5c677d5540: cdpl_ipc.c:3475: in cdpl_ipc_init(): info: requesting IPv4 protocol
1743706208.146206: 61283-7f5c677d5540: cdpl_ipc.c:837: in _selectaddrfamily(): info: selected IPv4 protocol
1743706208.146220: 61283-7f5c677d5540: cdpl_ipc.c:1139: in _set_keepalive(): info: TCP keep alive interval: 300
1743706208.149058: 61283-7f5c677d5540: cdpl_monitor.c:1117: in cdpl_mn_new_server(): info: creating server monitor instance
1743706208.149068: 61283-7f5c677d5540: cdpl_server.c:650: in cdpl_sv_new_master(): info: new master M1
1743706208.149074: 61283-7f5c677d5540: cdpl_server.c:6533: in cdpl_sv_ctl_master(): info: Setting worker heartbeat to 120 seconds
1743706208.149075: 61283-7f5c677d5540: cdpl_server.c:6542: in cdpl_sv_ctl_master(): info: Setting worker heartbeat timeout to 3 heartbeats
1743706208.149076: 61283-7f5c677d5540: cdpl_compat_master.c:2090: in _parse_hostfile(): info: reading hostfile `/mnt/coe/workspace/ece/ece546-spr25/group8/group8_project/synopsys_custom/pwdp_jobs/saeSession3_default.SimulationSimulation_cdpl.0.61283/host_file'
1743706208.154235: 61283-7f5c677d5540: cdpl_compat_master.c:1900: in _hostfile_parser(): debug: parsing "1     |localhost|   -1  | /tmp | SH | sh"
1743706208.154246: 61283-7f5c677d5540: cdpl_farm.c:2578: in cdpl_farm_new_sh(): info: creating SH farm on localhost
1743706208.154250: 61283-7f5c677d5540: cdpl_compat_master.c:206: in _set_farm_env(): info: exporting CDPL_LOGDIR as `/mnt/coe/workspace/ece/ece546-spr25/group8/group8_project/synopsys_custom/pwdp_jobs/saeSession3_default.SimulationSimulation_cdpl.0.61283/logs'
1743706208.154251: 61283-7f5c677d5540: cdpl_compat_master.c:212: in _set_farm_env(): info: exporting CDPL_TMPDIR as `/tmp'
1743706208.154253: 61283-7f5c677d5540: cdpl_compat_master.c:219: in _set_farm_env(): info: exporting CDPL_HOME as `/mnt/apps/public/COE/synopsys_apps/hspice/W-2024.09-SP1/hspice/cdpl'
1743706208.154254: 61283-7f5c677d5540: cdpl_compat_master.c:235: in _set_farm_env(): info: exporting SNPSLMD_LICENSE_FILE as `27000@ece-lic-35.ece.ncsu.edu'
1743706208.154255: 61283-7f5c677d5540: cdpl_compat_master.c:259: in _set_farm_env(): info: exporting CDPL_OPTIONS as `[nowlogs]'
1743706208.154256: 61283-7f5c677d5540: cdpl_compat_master.c:266: in _set_farm_env(): info: exporting DISPLAY as `unix:15087'
1743706208.154256: 61283-7f5c677d5540: cdpl_compat_master.c:274: in _set_farm_env(): info: exporting CDPL_HEARTBEAT as `120'
1743706208.154264: 61283-7f5c677d5540: cdpl_farm.c:3149: in cdpl_farm_add_withdir(): debug: added `localhost' (capacity: unlimited)
1743706208.154265: 61283-7f5c677d5540: cdpl_compat_parse.c:147: in parsefile(): debug: read `/mnt/coe/workspace/ece/ece546-spr25/group8/group8_project/synopsys_custom/pwdp_jobs/saeSession3_default.SimulationSimulation_cdpl.0.61283/host_file', 2 lines
1743706208.154268: 61283-7f5c677d5540: cdpl_compat_master.c:2931: in cdplInitMaster(): info: bcast dir is `/mnt/coe/workspace/ece/ece546-spr25/group8/group8_project/synopsys_custom/pwdp_jobs/saeSession3_default.SimulationSimulation_cdpl.0.61283/logs'
1743706208.157728: 61283-7f5c677d5540: cdpl_server.c:6433: in cdpl_sv_ctl_master(): info: farm worker timeout set to 300
1743706208.157729: 61283-7f5c677d5540: cdpl_server.c:6486: in cdpl_sv_ctl_master(): info: maximum number of task execution attempts set to 1
1743706208.157742: 61283-7f5c677d5540: cdpl_server.c:3195: in cdpl_sv_start(): debug: starting server
1743706208.157745: 61283-7f5c677d5540: cdpl_ipc.c:3632: in cdpl_ipc_start(): debug: starting IPC server 152.14.99.205:36959
1743706208.157872: 61283-7f5c22d3c700: cdpl_monitor.c:426: in cdpl_mn_init_client(): info: creating client monitor instance
1743706208.157880: 61283-7f5c22d3c700: cdpl_ipc.c:3475: in cdpl_ipc_init(): info: requesting IPv4 protocol
1743706208.157927: 61283-7f5c2353d700: cdpl_server_ipc.c:1182: in _sv_ipc_thread(): debug: ready
1743706208.163516: 61283-7f5c22d3c700: cdpl_ipc.c:837: in _selectaddrfamily(): info: selected IPv4 protocol
1743706208.163523: 61283-7f5c22d3c700: cdpl_ipc.c:1139: in _set_keepalive(): info: TCP keep alive interval: 300
1743706208.167128: 61283-7f5c22d3c700: cdpl_ipc.c:3632: in cdpl_ipc_start(): debug: starting IPC server 152.14.99.205:39399
1743706208.167200: 61283-7f5c22d3c700: cdpl_monitor.c:471: in cdpl_mn_init_client(): debug: incoming messages in /tmp/cdpl-monitor-QnTEnj
1743706208.167240: 61283-7f5c22d3c700: cdpl_monitor.c:533: in cdpl_mn_connect(): debug: connecting to 152.14.99.205:36959
1743706208.167244: 61283-7f5c22d3c700: cdpl_ipc.c:3789: in cdpl_ipc_connect(): info: connecting to 152.14.99.205:36959
1743706208.167303: 61283-7f5c22d3c700: cdpl_ipc.c:3860: in cdpl_ipc_connect(): info: connected as `152.14.99.205:59512'
1743706208.167309: 61283-7f5c22d3c700: cdpl_ipc.c:2503: in cdpl_ipc_host_accept(): debug: accepted host `152.14.99.205:36959'
1743706208.167324: 61283-7f5c22d3c700: cdpl_monitor.c:579: in cdpl_mn_connect(): debug: ok
1743706208.167337: 61283-7f5c677d5540: cdpl_server.c:731: in cdpl_sv_new_job(): info: new job J1 in M1
1743706208.167352: 61283-7f5c23d3e700: cdpl_ipc.c:1862: in _epoll_accept(): debug: new connection from `152.14.99.205:59512'
1743706208.167361: 61283-7f5c677d5540: cdpl_compat_master.c:1581: in _add_worker(): info: new worker type 10, min:1, max:3, cmd:`/mnt/coe/workspace/ece/ece546-spr25/group8/group8_project/synopsys_custom/pwdp_jobs/saeSession3_default.SimulationSimulation_cdpl.0.61283/START_WORKER pw_worker -i /mnt/coe/workspace/ece/ece546-spr25/group8/group8_pr
1743706208.167369: 61283-7f5c677d5540: cdpl_server.c:908: in cdpl_sv_new_bin_withfarm(): info: new bin B1 in J1
1743706208.167470: 61283-7f5c2353d700: cdpl_server_ipc.c:1225: in _sv_ipc_thread(): debug: received ACCEPT notification
1743706208.167501: 61283-7f5c2353d700: cdpl_ipc.c:2503: in cdpl_ipc_host_accept(): debug: accepted host `152.14.99.205:59512'
1743706208.167506: 61283-7f5c2353d700: cdpl_server_ipc.c:1256: in _sv_ipc_thread(): debug: received MONITOR message
1743706208.167679: 61283-7f5c137fe700: cdpl_monitor.c:910: in mn_systat(): debug: started
1743706208.167684: 61283-7f5c2353d700: cdpl_monitor.c:1207: in cdpl_mn_accept(): debug: accepted monitor `152.14.99.205:59512'
1743706208.167689: 61283-7f5c2353d700: cdpl_server_ipc_mon.c:120: in _globalLOCK(): debug: ENTERTING GLOBAL LOCK
1743706208.167691: 61283-7f5c2353d700: cdpl_server_ipc_mon.c:164: in _globalLOCK(): debug: global lock acquired
1743706208.167819: 61283-7f5c137fe700: cdpl_monitor.c:937: in mn_systat(): debug: monitor server flush rate: 5
1743706208.214369: 61283-7f5c2353d700: cdpl_server_ipc_mon.c:210: in _globalUNLOCK(): debug: LEAVING GLOBAL LOCK
1743706208.341708: 61283-7f5c677d5540: cdpl_server.c:3249: in cdpl_sv_start_job(): info: starting job J1
1743706208.341719: 61283-7f5c677d5540: cdpl_server.c:62: in _sv_start_bin(): debug: starting bin B1 (min: 0, max: 3)
1743706208.341759: 61283-7f5c12ffd700: cdpl_server_sched.c:2482: in _sv_scheduler_thread(): debug: scheduler for bin B1 started
1743706208.341773: 61283-7f5c677d5540: cdpl_server.c:1893: in _sv_gen_task(): info: new task T0 in B1 (prio 0)
1743706208.341791: 61283-7f5c677d5540: cdpl_server.c:2698: in cdpl_sv_label_task_va(): info: setting task T0 label to "HSPICE_1|HSPICE"
1743706208.341813: 61283-7f5c12ffd700: cdpl_server_sched.c:2443: in _scheduler_run(): debug: will start a new worker
1743706208.341830: 61283-7f5c12ffd700: cdpl_farm.c:3977: in cdpl_farm_submit(): debug: 1 running processes
1743706208.341832: 61283-7f5c12ffd700: cdpl_farm.c:3985: in cdpl_farm_submit(): debug: new command C1 in bin B1 assigned to host `localhost'
1743706208.341863: 61283-7f5c12ffd700: cdpl_server_sched.c:705: in _sv_launch_worker(): info: started worker W1 (as C1) in bin B1
1743706208.341871: 61283-7f5c127fc700: cdpl_farm.c:2139: in _schedule(): debug: started
1743706208.341875: 61283-7f5c127fc700: cdpl_farm.c:2303: in _schedule(): debug: submitting command C1 in bin B1
1743706208.341884: 61283-7f5c127fc700: cdpl_sh.c:49: in _sh_detached_submit(): info: SH : /mnt/coe/workspace/ece/ece546-spr25/group8/group8_project/synopsys_custom/pwdp_jobs/saeSession3_default.SimulationSimulation_cdpl.0.61283/START_WORKER pw_worker -i /mnt/coe/workspace/ece/ece546-spr25/group8/group8_project/synopsys_custom/pwdp_jobs/saeSession3_default.SimulationSimulation_cdpl.0.61283 -t 10000
1743706208.344787: 61283-7f5c127fc700: cdpl_farm.c:2343: in _schedule(): debug: C1 in bin B1 running on slot 0
1743706208.344799: 61283-7f5c127fc700: cdpl_farm.c:2167: in _schedule(): debug: idle
1743706208.478628: 61283-7f5c677d5540: cdpl_compat_master.c:5948: in cdplMasterLogInfo(): info: [non-CDPL log entry] PWDP3: reset pilot cache succeeded, pilot_key=saeSession3,1,default|&/mnt/coe/workspace/ece/ece546-spr25/group8/group8_project/simulation/group8,SRAM_8x4_array,schematic/history_1/simulation/default/PrimeSimHSPICE/nominal/results
1743706208.644866: 61283-7f5c127fc700: cdpl_farm.c:1193: in _onexit(): debug: C1 in bin B1 exited normally on slot 0
1743706209.458932: 61283-7f5c20d38700: cdpl_compat_master.c:5948: in cdplMasterLogInfo(): info: [non-CDPL log entry] PWDP - no-workers started ok check start!
1743706210.069819: 61283-7f5c23d3e700: cdpl_ipc.c:1862: in _epoll_accept(): debug: new connection from `152.14.99.205:52210'
1743706210.069860: 61283-7f5c2353d700: cdpl_server_ipc.c:1225: in _sv_ipc_thread(): debug: received ACCEPT notification
1743706210.069890: 61283-7f5c2353d700: cdpl_ipc.c:2503: in cdpl_ipc_host_accept(): debug: accepted host `152.14.99.205:52210'
1743706210.069899: 61283-7f5c2353d700: cdpl_server_ipc.c:1246: in _sv_ipc_thread(): debug: received HELLO message
1743706210.069909: 61283-7f5c2353d700: cdpl_server_ipc.c:430: in _sv_on_hello(): debug: looking up W1
1743706210.069910: 61283-7f5c2353d700: cdpl_server_ipc.c:540: in _sv_on_hello(): info: W1 is `152.14.99.205:52210'
1743706210.069911: 61283-7f5c2353d700: cdpl_server_ipc.c:541: in _sv_on_hello(): debug: hello W1 (B1)
1743706210.069912: 61283-7f5c2353d700: cdpl_server_ipc.c:542: in _sv_on_hello(): info: W1 log file is /dev/null
1743706210.069935: 61283-7f5c2353d700: cdpl_server_ipc.c:602: in _sv_on_hello(): info: up to 1 alive workers in B1
1743706210.069940: 61283-7f5c2353d700: cdpl_farm.c:878: in _release_cmd(): debug: freeing command C1 in bin B1
1743706210.069948: 61283-7f5c12ffd700: cdpl_server_sched.c:960: in _assign(): info: assigning task T0 to worker W1
1743706211.070100: 61283-7f5c2353d700: cdpl_server_ipc.c:312: in _sv_on_heartbeat(): debug: received HEARTBEAT from worker W1 at 152.14.99.205:52210
1743706211.701662: 61283-7f5c2353d700: cdpl_server_ipc.c:1268: in _sv_ipc_thread(): debug: received RELAY message
1743706211.701685: 61283-7f5c2353d700: cdpl_server_ipc.c:713: in _sv_on_relay(): debug: RELAY message from W1, size = 52
1743706211.701700: 61283-7f5c2353d700: cdpl_server_ipc.c:715: in _sv_on_relay(): debug: RELAY message from W1, content = 0$63650 viper.ece.ncsu.edu 63671 RUNNING 1743706210
1743706213.237699: 61283-7f5c22d3c700: cdpl_monitor.c:533: in cdpl_mn_connect(): debug: connecting to 152.14.99.205:46445
1743706213.237706: 61283-7f5c22d3c700: cdpl_ipc.c:3789: in cdpl_ipc_connect(): info: connecting to 152.14.99.205:46445
1743706213.237796: 61283-7f5c22d3c700: cdpl_ipc.c:3860: in cdpl_ipc_connect(): info: connected as `152.14.99.205:58308'
1743706213.237801: 61283-7f5c22d3c700: cdpl_ipc.c:2503: in cdpl_ipc_host_accept(): debug: accepted host `152.14.99.205:46445'
1743706213.237803: 61283-7f5c22d3c700: cdpl_monitor.c:579: in cdpl_mn_connect(): debug: ok
1743706227.209893: 61283-7f5c2353d700: cdpl_server_ipc.c:1268: in _sv_ipc_thread(): debug: received RELAY message
1743706227.211391: 61283-7f5c2353d700: cdpl_server_ipc.c:713: in _sv_on_relay(): debug: RELAY message from W1, size = 47
1743706227.211394: 61283-7f5c2353d700: cdpl_server_ipc.c:715: in _sv_on_relay(): debug: RELAY message from W1, content = WORKERDU|442,dc2isi00nfs.oit.ncsu.edu:/coe_nfs
1743706227.211398: 61283-7f5c2353d700: cdpl_server_ipc.c:1268: in _sv_ipc_thread(): debug: received RELAY message
1743706227.211399: 61283-7f5c2353d700: cdpl_server_ipc.c:713: in _sv_on_relay(): debug: RELAY message from W1, size = 196
1743706227.211400: 61283-7f5c2353d700: cdpl_server_ipc.c:715: in _sv_on_relay(): debug: RELAY message from W1, content = REQPILOT|saeSession3,1,default|&/mnt/coe/workspace/ece/ece546-spr25/group8/group8_project/simulation/group8,SRAM_8x4_array,schematic/history_1/simulation/default/PrimeSimHSPICE/nominal/results|&0
1743706227.211449: 61283-7f5c21539700: cdpl_compat_master.c:5948: in cdplMasterLogInfo(): info: [non-CDPL log entry] PWDP send back 'DOPILOT' to worker id:1 key: saeSession3,1,default|&/mnt/coe/workspace/ece/ece546-spr25/group8/group8_project/simulation/group8,SRAM_8x4_array,schematic/history_1/simulation/default/PrimeSimHSPICE/nominal/results
1743706227.217012: 61283-7f5c21539700: cdpl_compat_master.c:5948: in cdplMasterLogInfo(): info: [non-CDPL log entry] PWDP: set pilot doing!
1743706227.223148: 61283-7f5c2353d700: cdpl_server_ipc.c:1268: in _sv_ipc_thread(): debug: received RELAY message
1743706227.223154: 61283-7f5c2353d700: cdpl_server_ipc.c:713: in _sv_on_relay(): debug: RELAY message from W1, size = 192
1743706227.223155: 61283-7f5c2353d700: cdpl_server_ipc.c:715: in _sv_on_relay(): debug: RELAY message from W1, content = PILOTOK|saeSession3,1,default|&/mnt/coe/workspace/ece/ece546-spr25/group8/group8_project/simulation/group8,SRAM_8x4_array,schematic/history_1/simulation/default/PrimeSimHSPICE/nominal/results
1743706227.223162: 61283-7f5c21539700: cdpl_compat_master.c:5948: in cdplMasterLogInfo(): info: [non-CDPL log entry] PWDP: set pilot done!
1743706227.223372: 61283-7f5c2353d700: cdpl_server_ipc.c:1268: in _sv_ipc_thread(): debug: received RELAY message
1743706227.223377: 61283-7f5c2353d700: cdpl_server_ipc.c:713: in _sv_on_relay(): debug: RELAY message from W1, size = 18
1743706227.223378: 61283-7f5c2353d700: cdpl_server_ipc.c:715: in _sv_on_relay(): debug: RELAY message from W1, content = 0$- - - MEASDOING
1743706229.560209: 61283-7f5c2353d700: cdpl_server_ipc.c:1268: in _sv_ipc_thread(): debug: received RELAY message
1743706229.560217: 61283-7f5c2353d700: cdpl_server_ipc.c:713: in _sv_on_relay(): debug: RELAY message from W1, size = 64
1743706229.560219: 61283-7f5c2353d700: cdpl_server_ipc.c:715: in _sv_on_relay(): debug: RELAY message from W1, content = 0$63650 viper.ece.ncsu.edu 63671 FINISHED 1743706210|1743706229
1743706229.573763: 61283-7f5c2353d700: cdpl_server_ipc.c:1268: in _sv_ipc_thread(): debug: received RELAY message
1743706229.573767: 61283-7f5c2353d700: cdpl_server_ipc.c:713: in _sv_on_relay(): debug: RELAY message from W1, size = 194
1743706229.573768: 61283-7f5c2353d700: cdpl_server_ipc.c:715: in _sv_on_relay(): debug: RELAY message from W1, content = PILOTDONE|saeSession3,1,default|&/mnt/coe/workspace/ece/ece546-spr25/group8/group8_project/simulation/group8,SRAM_8x4_array,schematic/history_1/simulation/default/PrimeSimHSPICE/nominal/results
1743706229.573787: 61283-7f5c21539700: cdpl_compat_master.c:5948: in cdplMasterLogInfo(): info: [non-CDPL log entry] saeSession3,1,default|&/mnt/coe/workspace/ece/ece546-spr25/group8/group8_project/simulation/group8,SRAM_8x4_array,schematic/history_1/simulation/default/PrimeSimHSPICE/nominal/results PILOTDONE!
1743706229.589036: 61283-7f5c2353d700: cdpl_server_ipc.c:1251: in _sv_ipc_thread(): debug: received FINISH message
1743706229.589037: 61283-7f5c2353d700: cdpl_server_ipc.c:983: in _sv_on_finish(): info: worker W1 completed task T0
1743706229.589038: 61283-7f5c2353d700: cdpl_server_ipc.c:988: in _sv_on_finish(): debug: stat T0: utime=4079 stime=689
1743706229.589039: 61283-7f5c2353d700: cdpl_server_ipc.c:993: in _sv_on_finish(): debug: statm T0: vsize=3078692 rss=1063380 shared=518464 text=474784 data=733344
1743706229.607199: 61283-7f5c2353d700: cdpl_server_ipc.c:1268: in _sv_ipc_thread(): debug: received RELAY message
1743706229.607203: 61283-7f5c2353d700: cdpl_server_ipc.c:713: in _sv_on_relay(): debug: RELAY message from W1, size = 47
1743706229.607204: 61283-7f5c2353d700: cdpl_server_ipc.c:715: in _sv_on_relay(): debug: RELAY message from W1, content = WORKERDU|156,dc2isi00nfs.oit.ncsu.edu:/coe_nfs
1743706229.657012: 61283-7f5c677d5540: cdpl_server.c:227: in _sv_free_task_safe(): debug: freeing task T0
1743706233.261437: 61283-7f5c677d5540: cdpl_server.c:3008: in cdpl_sv_halt_job_errno(): info: killing job J1
1743706233.262780: 61283-7f5c677d5540: cdpl_server.c:3044: in cdpl_sv_halt_job_errno(): debug: signal bin B1 scheduler to stop
1743706233.262788: 61283-7f5c12ffd700: cdpl_server_sched.c:2484: in _sv_scheduler_thread(): debug: scheduler for bin B1 stopped
1743706233.262804: 61283-7f5c12ffd700: cdpl_ipc.c:1657: in _host_drop__UNSAFE(): debug: dropping host `152.14.99.205:52210'
1743706233.262824: 61283-7f5c12ffd700: cdpl_server_sched.c:2830: in _sv_drop_worker(): info: down to 0 alive workers in B1
1743706233.262828: 61283-7f5c2353d700: cdpl_server_ipc.c:1236: in _sv_ipc_thread(): debug: received DROP notification
1743706233.262833: 61283-7f5c12ffd700: cdpl_farm.c:4152: in cdpl_farm_dismiss(): debug: down to 0 running processes
1743706233.262842: 61283-7f5c12ffd700: cdpl_server_sched.c:121: in _free_worker_2(): debug: freeing worker W1
1743706233.262849: 61283-7f5c12ffd700: cdpl_ipc.c:2513: in cdpl_ipc_host_release(): debug: releasing host `152.14.99.205:52210'
1743706233.262850: 61283-7f5c12ffd700: cdpl_ipc.c:2529: in cdpl_ipc_host_release(): debug: scheduling for immediate release
1743706233.262859: 61283-7f5c677d5540: cdpl_server.c:294: in _sv_free_job(): info: freeing job J1
1743706233.262860: 61283-7f5c677d5540: cdpl_server.c:92: in _sv_free_bin(): debug: freeing bin B1
1743706233.262883: 61283-7f5c677d5540: cdpl_monitor.c:515: in cdpl_mn_kill(): info: killing monitor
1743706233.262887: 61283-7f5c677d5540: cdpl_ipc.c:3677: in cdpl_ipc_kill(): debug: stopping event server
1743706233.262892: 61283-7f5c2253b700: cdpl_ipc.c:2460: in _epoll_main(): debug: server going down...
1743706233.262910: 61283-7f5c23d3e700: cdpl_ipc.c:775: in _readv(): warning: read(): EOF
1743706233.262922: 61283-7f5c23d3e700: cdpl_ipc.c:2100: in _epoll_recv(): debug: _readv(): Broken pipe
1743706233.262924: 61283-7f5c23d3e700: cdpl_ipc.c:2424: in _epoll_main(): debug: _epoll_recv(): Broken pipe
1743706233.262925: 61283-7f5c23d3e700: cdpl_ipc.c:1657: in _host_drop__UNSAFE(): debug: dropping host `152.14.99.205:59512'
1743706233.262939: 61283-7f5c23d3e700: cdpl_ipc.c:1582: in _host_free__UNSAFE(): debug: freeing host `152.14.99.205:52210'
1743706233.262940: 61283-7f5c23d3e700: cdpl_ipc.c:1621: in _host_free__UNSAFE(): debug: [0 outq, 0 spR, 0 spW]
1743706233.262945: 61283-7f5c2353d700: cdpl_server_ipc.c:1236: in _sv_ipc_thread(): debug: received DROP notification
1743706233.262952: 61283-7f5c2353d700: cdpl_monitor.c:1269: in cdpl_mn_drop(): debug: detaching from monitor `152.14.99.205:59512'
1743706233.262954: 61283-7f5c2353d700: cdpl_monitor.c:1101: in mn_systat_stop(): debug: joining systat thread
1743706233.262967: 61283-7f5c137fe700: cdpl_monitor.c:1079: in mn_systat(): debug: exiting
1743706233.262970: 61283-7f5c2353d700: cdpl_monitor.c:1103: in mn_systat_stop(): debug: systat thread done
1743706233.262971: 61283-7f5c2353d700: cdpl_ipc.c:2513: in cdpl_ipc_host_release(): debug: releasing host `152.14.99.205:59512'
1743706233.263113: 61283-7f5c22d3c700: cdpl_ipc.c:3728: in cdpl_ipc_free(): debug: releasing IPC handle
1743706233.263117: 61283-7f5c22d3c700: cdpl_ipc.c:1582: in _host_free__UNSAFE(): debug: freeing host `152.14.99.205:46445'
1743706233.263118: 61283-7f5c22d3c700: cdpl_ipc.c:1621: in _host_free__UNSAFE(): debug: [0 outq, 0 spR, 0 spW]
1743706233.263125: 61283-7f5c22d3c700: cdpl_ipc.c:1582: in _host_free__UNSAFE(): debug: freeing host `152.14.99.205:36959'
1743706233.263126: 61283-7f5c22d3c700: cdpl_ipc.c:1621: in _host_free__UNSAFE(): debug: [0 outq, 0 spR, 0 spW]
1743706233.263130: 61283-7f5c22d3c700: cdpl_ipc.c:3756: in cdpl_ipc_free(): warning: 2 host(s) were not released
1743706233.263136: 61283-7f5c22d3c700: cdpl_ipc.c:3767: in cdpl_ipc_free(): debug: done
1743706233.263137: 61283-7f5c22d3c700: cdpl_monitor.c:1390: in cdpl_mn_free(): debug: freeing monitor client
1743706233.263183: 61283-7f5c677d5540: cdpl_farm.c:2740: in cdpl_farm_free(): info: freeing farm
1743706233.263188: 61283-7f5c127fc700: cdpl_farm.c:2231: in _schedule(): debug: end of idling
1743706233.263190: 61283-7f5c127fc700: cdpl_farm.c:2235: in _schedule(): debug: dying
1743706233.263207: 61283-7f5c677d5540: cdpl_farm.c:913: in _killall(): debug: killing all remaining commands
1743706233.263213: 61283-7f5c677d5540: cdpl_server.c:3144: in cdpl_sv_free(): info: freeing server S323054303
1743706233.263221: 61283-7f5c677d5540: cdpl_server.c:3109: in cdpl_sv_kill_errno(): info: killing server
1743706233.263222: 61283-7f5c677d5540: cdpl_ipc.c:3677: in cdpl_ipc_kill(): debug: stopping event server
1743706233.263226: 61283-7f5c23d3e700: cdpl_ipc.c:2460: in _epoll_main(): debug: server going down...
1743706233.263228: 61283-7f5c2353d700: cdpl_server_ipc.c:1200: in _sv_ipc_thread(): debug: leaving now
1743706233.263231: 61283-7f5c677d5540: cdpl_server.c:334: in _sv_free_master(): info: freeing master M1
1743706233.263235: 61283-7f5c677d5540: cdpl_hash.c:68: in cdpl_h_destroy(): debug: put operations: 1
1743706233.263236: 61283-7f5c677d5540: cdpl_hash.c:69: in cdpl_h_destroy(): debug: put collisions: 0
1743706233.263236: 61283-7f5c677d5540: cdpl_hash.c:70: in cdpl_h_destroy(): debug: get operations: 1
1743706233.263237: 61283-7f5c677d5540: cdpl_hash.c:71: in cdpl_h_destroy(): debug: get iterations: 1
1743706233.263241: 61283-7f5c677d5540: cdpl_monitor.c:1390: in cdpl_mn_free(): debug: freeing monitor server
1743706233.263243: 61283-7f5c677d5540: cdpl_ipc.c:3728: in cdpl_ipc_free(): debug: releasing IPC handle
1743706233.263244: 61283-7f5c677d5540: cdpl_ipc.c:1582: in _host_free__UNSAFE(): debug: freeing host `152.14.99.205:59512'
1743706233.263245: 61283-7f5c677d5540: cdpl_ipc.c:1621: in _host_free__UNSAFE(): debug: [0 outq, 0 spR, 0 spW]
1743706233.263254: 61283-7f5c677d5540: cdpl_ipc.c:3767: in cdpl_ipc_free(): debug: done
1743706233.263257: 61283-7f5c677d5540: cdpl_log.c:481: in cdpl_log_close(): info: @@end_of_log@@
