1743199315.195105: 982856-7f89f0dea540: cdpl_log.c:337: in cdpl_log_open(): info: @@start_of_log@@
1743199315.195149: 982856-7f89f0dea540: cdpl_log.c:1058: in cdpl_log_dump_sysinfo(): info: time: 2025/03/28 18:01:55 EDT -0400
1743199315.195159: 982856-7f89f0dea540: cdpl_log.c:1060: in cdpl_log_dump_sysinfo(): info: version: W-2024.09-SP1-2 
1743199315.195165: 982856-7f89f0dea540: cdpl_log.c:1062: in cdpl_log_dump_sysinfo(): info: system: Linux 4.18.0-553.44.1.el8_10.x86_64 #1 SMP Wed Mar 5 10:48:41 EST 2025
1743199315.195171: 982856-7f89f0dea540: cdpl_log.c:1067: in cdpl_log_dump_sysinfo(): info: processor: x86_64 64-bits
1743199315.195175: 982856-7f89f0dea540: cdpl_log.c:1071: in cdpl_log_dump_sysinfo(): info: hostname: grendel44.ece.ncsu.edu
1743199315.195180: 982856-7f89f0dea540: cdpl_log.c:1073: in cdpl_log_dump_sysinfo(): info: program name: custom_shell
1743199315.195191: 982856-7f89f0dea540: cdpl_log.c:340: in cdpl_log_open(): debug: path: /mnt/coe/workspace/ece/ece546-spr25/group8/group8_project/synopsys_custom/pwdp_jobs/saeSession0_HSPICEdefault.SimulationSimulation_cdpl.1.982856/logs/master.grendel44.ece.ncsu.edu.982856.log
1743199315.195196: 982856-7f89f0dea540: cdpl_log.c:341: in cdpl_log_open(): debug: dir: /mnt/coe/workspace/ece/ece546-spr25/group8/group8_project/synopsys_custom/pwdp_jobs/saeSession0_HSPICEdefault.SimulationSimulation_cdpl.1.982856/logs
1743199315.195211: 982856-7f89f0dea540: cdpl_server.c:536: in cdpl_sv_init(): info: new server S606690960
1743199315.195220: 982856-7f89f0dea540: cdpl_ipc.c:3475: in cdpl_ipc_init(): info: requesting IPv4 protocol
1743199315.200935: 982856-7f89f0dea540: cdpl_ipc.c:837: in _selectaddrfamily(): info: selected IPv4 protocol
1743199315.200970: 982856-7f89f0dea540: cdpl_ipc.c:1139: in _set_keepalive(): info: TCP keep alive interval: 300
1743199315.203780: 982856-7f89f0dea540: cdpl_monitor.c:1117: in cdpl_mn_new_server(): info: creating server monitor instance
1743199315.203793: 982856-7f89f0dea540: cdpl_server.c:650: in cdpl_sv_new_master(): info: new master M1
1743199315.203809: 982856-7f89f0dea540: cdpl_server.c:6533: in cdpl_sv_ctl_master(): info: Setting worker heartbeat to 120 seconds
1743199315.203815: 982856-7f89f0dea540: cdpl_server.c:6542: in cdpl_sv_ctl_master(): info: Setting worker heartbeat timeout to 3 heartbeats
1743199315.203823: 982856-7f89f0dea540: cdpl_compat_master.c:2090: in _parse_hostfile(): info: reading hostfile `/mnt/coe/workspace/ece/ece546-spr25/group8/group8_project/synopsys_custom/pwdp_jobs/saeSession0_HSPICEdefault.SimulationSimulation_cdpl.1.982856/host_file'
1743199315.206879: 982856-7f89f0dea540: cdpl_compat_master.c:1900: in _hostfile_parser(): debug: parsing "1     |localhost|   -1  | /tmp | SH | sh"
1743199315.206892: 982856-7f89f0dea540: cdpl_farm.c:2578: in cdpl_farm_new_sh(): info: creating SH farm on localhost
1743199315.206902: 982856-7f89f0dea540: cdpl_compat_master.c:206: in _set_farm_env(): info: exporting CDPL_LOGDIR as `/mnt/coe/workspace/ece/ece546-spr25/group8/group8_project/synopsys_custom/pwdp_jobs/saeSession0_HSPICEdefault.SimulationSimulation_cdpl.1.982856/logs'
1743199315.206909: 982856-7f89f0dea540: cdpl_compat_master.c:212: in _set_farm_env(): info: exporting CDPL_TMPDIR as `/tmp'
1743199315.206914: 982856-7f89f0dea540: cdpl_compat_master.c:219: in _set_farm_env(): info: exporting CDPL_HOME as `/mnt/apps/public/COE/synopsys_apps/hspice/W-2024.09-SP1/hspice/cdpl'
1743199315.206921: 982856-7f89f0dea540: cdpl_compat_master.c:235: in _set_farm_env(): info: exporting SNPSLMD_LICENSE_FILE as `27000@ece-lic-35.ece.ncsu.edu'
1743199315.206928: 982856-7f89f0dea540: cdpl_compat_master.c:259: in _set_farm_env(): info: exporting CDPL_OPTIONS as `[nowlogs]'
1743199315.206933: 982856-7f89f0dea540: cdpl_compat_master.c:266: in _set_farm_env(): info: exporting DISPLAY as `unix:1034'
1743199315.206938: 982856-7f89f0dea540: cdpl_compat_master.c:274: in _set_farm_env(): info: exporting CDPL_HEARTBEAT as `120'
1743199315.206951: 982856-7f89f0dea540: cdpl_farm.c:3149: in cdpl_farm_add_withdir(): debug: added `localhost' (capacity: unlimited)
1743199315.206968: 982856-7f89f0dea540: cdpl_compat_parse.c:147: in parsefile(): debug: read `/mnt/coe/workspace/ece/ece546-spr25/group8/group8_project/synopsys_custom/pwdp_jobs/saeSession0_HSPICEdefault.SimulationSimulation_cdpl.1.982856/host_file', 2 lines
1743199315.206975: 982856-7f89f0dea540: cdpl_compat_master.c:2931: in cdplInitMaster(): info: bcast dir is `/mnt/coe/workspace/ece/ece546-spr25/group8/group8_project/synopsys_custom/pwdp_jobs/saeSession0_HSPICEdefault.SimulationSimulation_cdpl.1.982856/logs'
1743199315.210495: 982856-7f89f0dea540: cdpl_server.c:6433: in cdpl_sv_ctl_master(): info: farm worker timeout set to 300
1743199315.210501: 982856-7f89f0dea540: cdpl_server.c:6486: in cdpl_sv_ctl_master(): info: maximum number of task execution attempts set to 1
1743199315.210513: 982856-7f89f0dea540: cdpl_server.c:3195: in cdpl_sv_start(): debug: starting server
1743199315.210519: 982856-7f89f0dea540: cdpl_ipc.c:3632: in cdpl_ipc_start(): debug: starting IPC server 152.14.98.59:43041
1743199315.211605: 982856-7f89c19ad700: cdpl_server_ipc.c:1182: in _sv_ipc_thread(): debug: ready
1743199315.211646: 982856-7f89b4ff9700: cdpl_monitor.c:426: in cdpl_mn_init_client(): info: creating client monitor instance
1743199315.211718: 982856-7f89b4ff9700: cdpl_ipc.c:3475: in cdpl_ipc_init(): info: requesting IPv4 protocol
1743199315.216193: 982856-7f89b4ff9700: cdpl_ipc.c:837: in _selectaddrfamily(): info: selected IPv4 protocol
1743199315.216235: 982856-7f89b4ff9700: cdpl_ipc.c:1139: in _set_keepalive(): info: TCP keep alive interval: 300
1743199315.219128: 982856-7f89b4ff9700: cdpl_ipc.c:3632: in cdpl_ipc_start(): debug: starting IPC server 152.14.98.59:43439
1743199315.219526: 982856-7f89b4ff9700: cdpl_monitor.c:471: in cdpl_mn_init_client(): debug: incoming messages in /tmp/cdpl-monitor-qwmcCV
1743199315.220409: 982856-7f89b4ff9700: cdpl_monitor.c:533: in cdpl_mn_connect(): debug: connecting to 152.14.98.59:43041
1743199315.220415: 982856-7f89b4ff9700: cdpl_ipc.c:3789: in cdpl_ipc_connect(): info: connecting to 152.14.98.59:43041
1743199315.220730: 982856-7f89b4ff9700: cdpl_ipc.c:3860: in cdpl_ipc_connect(): info: connected as `152.14.98.59:60196'
1743199315.220746: 982856-7f89b4ff9700: cdpl_ipc.c:2503: in cdpl_ipc_host_accept(): debug: accepted host `152.14.98.59:43041'
1743199315.220759: 982856-7f89b4ff9700: cdpl_monitor.c:579: in cdpl_mn_connect(): debug: ok
1743199315.220775: 982856-7f89c21ae700: cdpl_ipc.c:1862: in _epoll_accept(): debug: new connection from `152.14.98.59:60196'
1743199315.220816: 982856-7f89f0dea540: cdpl_server.c:731: in cdpl_sv_new_job(): info: new job J1 in M1
1743199315.220846: 982856-7f89f0dea540: cdpl_compat_master.c:1581: in _add_worker(): info: new worker type 10, min:1, max:3, cmd:`/mnt/coe/workspace/ece/ece546-spr25/group8/group8_project/synopsys_custom/pwdp_jobs/saeSession0_HSPICEdefault.SimulationSimulation_cdpl.1.982856/START_WORKER pw_worker -i /mnt/coe/workspace/ece/ece546-spr25/group8/gr
1743199315.220855: 982856-7f89c19ad700: cdpl_server_ipc.c:1225: in _sv_ipc_thread(): debug: received ACCEPT notification
1743199315.220869: 982856-7f89f0dea540: cdpl_server.c:908: in cdpl_sv_new_bin_withfarm(): info: new bin B1 in J1
1743199315.220878: 982856-7f89c19ad700: cdpl_ipc.c:2503: in cdpl_ipc_host_accept(): debug: accepted host `152.14.98.59:60196'
1743199315.220912: 982856-7f89c19ad700: cdpl_server_ipc.c:1256: in _sv_ipc_thread(): debug: received MONITOR message
1743199315.221669: 982856-7f89c19ad700: cdpl_monitor.c:1207: in cdpl_mn_accept(): debug: accepted monitor `152.14.98.59:60196'
1743199315.221688: 982856-7f89c19ad700: cdpl_server_ipc_mon.c:120: in _globalLOCK(): debug: ENTERTING GLOBAL LOCK
1743199315.221694: 982856-7f89c19ad700: cdpl_server_ipc_mon.c:164: in _globalLOCK(): debug: global lock acquired
1743199315.222463: 982856-7f89b77fe700: cdpl_monitor.c:910: in mn_systat(): debug: started
1743199315.223157: 982856-7f89b77fe700: cdpl_monitor.c:937: in mn_systat(): debug: monitor server flush rate: 5
1743199317.235251: 982856-7f89c19ad700: cdpl_server_ipc_mon.c:210: in _globalUNLOCK(): debug: LEAVING GLOBAL LOCK
1743199317.235288: 982856-7f89f0dea540: cdpl_server.c:3249: in cdpl_sv_start_job(): info: starting job J1
1743199317.235328: 982856-7f89f0dea540: cdpl_server.c:62: in _sv_start_bin(): debug: starting bin B1 (min: 0, max: 3)
1743199317.235606: 982856-7f89f0dea540: cdpl_server.c:1893: in _sv_gen_task(): info: new task T0 in B1 (prio 0)
1743199317.235623: 982856-7f89f0dea540: cdpl_server.c:2698: in cdpl_sv_label_task_va(): info: setting task T0 label to "HSPICE_2|HSPICE"
1743199317.235742: 982856-7f89b5ffb700: cdpl_server_sched.c:2482: in _sv_scheduler_thread(): debug: scheduler for bin B1 started
1743199317.235771: 982856-7f89b5ffb700: cdpl_server_sched.c:2443: in _scheduler_run(): debug: will start a new worker
1743199317.235800: 982856-7f89b5ffb700: cdpl_farm.c:3977: in cdpl_farm_submit(): debug: 1 running processes
1743199317.235810: 982856-7f89b5ffb700: cdpl_farm.c:3985: in cdpl_farm_submit(): debug: new command C1 in bin B1 assigned to host `localhost'
1743199317.236110: 982856-7f89b5ffb700: cdpl_server_sched.c:705: in _sv_launch_worker(): info: started worker W1 (as C1) in bin B1
1743199317.236151: 982856-7f89b57fa700: cdpl_farm.c:2139: in _schedule(): debug: started
1743199317.236181: 982856-7f89b57fa700: cdpl_farm.c:2303: in _schedule(): debug: submitting command C1 in bin B1
1743199317.236194: 982856-7f89b57fa700: cdpl_sh.c:49: in _sh_detached_submit(): info: SH : /mnt/coe/workspace/ece/ece546-spr25/group8/group8_project/synopsys_custom/pwdp_jobs/saeSession0_HSPICEdefault.SimulationSimulation_cdpl.1.982856/START_WORKER pw_worker -i /mnt/coe/workspace/ece/ece546-spr25/group8/group8_project/synopsys_custom/pwdp_jobs/saeSession0_HSPICEdefault.SimulationSimulation_cdpl.1.982856 -t 10000
1743199317.244354: 982856-7f89b57fa700: cdpl_farm.c:2343: in _schedule(): debug: C1 in bin B1 running on slot 0
1743199317.244399: 982856-7f89b57fa700: cdpl_farm.c:2167: in _schedule(): debug: idle
1743199317.544523: 982856-7f89b57fa700: cdpl_farm.c:1193: in _onexit(): debug: C1 in bin B1 exited normally on slot 0
1743199320.089700: 982856-7f89b6ffd700: cdpl_compat_master.c:5948: in cdplMasterLogInfo(): info: [non-CDPL log entry] PWDP - no-workers started ok check start!
1743199321.351455: 982856-7f89f0dea540: cdpl_compat_master.c:5948: in cdplMasterLogInfo(): info: [non-CDPL log entry] PWDP3: reset pilot cache succeeded, pilot_key=saeSession0,1,HSPICE_default|&/mnt/coe/workspace/ece/ece546-spr25/group8/group8_project/simulation/group8,tspc_neg_ff_tb,schematic/history_1/simulation/HSPICE_default/HSPICE/nominal/results
1743199322.553655: 982856-7f89c21ae700: cdpl_ipc.c:1862: in _epoll_accept(): debug: new connection from `152.14.98.59:47334'
1743199322.553873: 982856-7f89c19ad700: cdpl_server_ipc.c:1225: in _sv_ipc_thread(): debug: received ACCEPT notification
1743199322.553927: 982856-7f89c19ad700: cdpl_ipc.c:2503: in cdpl_ipc_host_accept(): debug: accepted host `152.14.98.59:47334'
1743199322.554168: 982856-7f89c19ad700: cdpl_server_ipc.c:1246: in _sv_ipc_thread(): debug: received HELLO message
1743199322.554176: 982856-7f89c19ad700: cdpl_server_ipc.c:430: in _sv_on_hello(): debug: looking up W1
1743199322.554184: 982856-7f89c19ad700: cdpl_server_ipc.c:540: in _sv_on_hello(): info: W1 is `152.14.98.59:47334'
1743199322.554189: 982856-7f89c19ad700: cdpl_server_ipc.c:541: in _sv_on_hello(): debug: hello W1 (B1)
1743199322.554194: 982856-7f89c19ad700: cdpl_server_ipc.c:542: in _sv_on_hello(): info: W1 log file is /dev/null
1743199322.554227: 982856-7f89c19ad700: cdpl_server_ipc.c:602: in _sv_on_hello(): info: up to 1 alive workers in B1
1743199322.554243: 982856-7f89c19ad700: cdpl_farm.c:878: in _release_cmd(): debug: freeing command C1 in bin B1
1743199322.554288: 982856-7f89b5ffb700: cdpl_server_sched.c:960: in _assign(): info: assigning task T0 to worker W1
1743199323.554968: 982856-7f89c19ad700: cdpl_server_ipc.c:312: in _sv_on_heartbeat(): debug: received HEARTBEAT from worker W1 at 152.14.98.59:47334
1743199325.323447: 982856-7f89b4ff9700: cdpl_monitor.c:533: in cdpl_mn_connect(): debug: connecting to 152.14.98.59:37353
1743199325.323499: 982856-7f89b4ff9700: cdpl_ipc.c:3789: in cdpl_ipc_connect(): info: connecting to 152.14.98.59:37353
1743199325.323886: 982856-7f89b4ff9700: cdpl_ipc.c:3860: in cdpl_ipc_connect(): info: connected as `152.14.98.59:55868'
1743199325.323921: 982856-7f89b4ff9700: cdpl_ipc.c:2503: in cdpl_ipc_host_accept(): debug: accepted host `152.14.98.59:37353'
1743199325.323937: 982856-7f89b4ff9700: cdpl_monitor.c:579: in cdpl_mn_connect(): debug: ok
1743199328.060953: 982856-7f89c19ad700: cdpl_server_ipc.c:1268: in _sv_ipc_thread(): debug: received RELAY message
1743199328.060996: 982856-7f89c19ad700: cdpl_server_ipc.c:713: in _sv_on_relay(): debug: RELAY message from W1, size = 58
1743199328.061006: 982856-7f89c19ad700: cdpl_server_ipc.c:715: in _sv_on_relay(): debug: RELAY message from W1, content = 0$993227 grendel44.ece.ncsu.edu 993478 RUNNING 1743199326
1743199357.477292: 982856-7f89c19ad700: cdpl_server_ipc.c:1268: in _sv_ipc_thread(): debug: received RELAY message
1743199357.479026: 982856-7f89c19ad700: cdpl_server_ipc.c:713: in _sv_on_relay(): debug: RELAY message from W1, size = 48
1743199357.479046: 982856-7f89c19ad700: cdpl_server_ipc.c:715: in _sv_on_relay(): debug: RELAY message from W1, content = WORKERDU|1251,dc2isi00nfs.oit.ncsu.edu:/coe_nfs
1743199357.479065: 982856-7f89c19ad700: cdpl_server_ipc.c:1268: in _sv_ipc_thread(): debug: received RELAY message
1743199357.479071: 982856-7f89c19ad700: cdpl_server_ipc.c:713: in _sv_on_relay(): debug: RELAY message from W1, size = 202
1743199357.479077: 982856-7f89c19ad700: cdpl_server_ipc.c:715: in _sv_on_relay(): debug: RELAY message from W1, content = REQPILOT|saeSession0,1,HSPICE_default|&/mnt/coe/workspace/ece/ece546-spr25/group8/group8_project/simulation/group8,tspc_neg_ff_tb,schematic/history_1/simulation/HSPICE_default/HSPICE/nominal/results|&0
1743199357.479246: 982856-7f89b7fff700: cdpl_compat_master.c:5948: in cdplMasterLogInfo(): info: [non-CDPL log entry] PWDP send back 'DOPILOT' to worker id:1 key: saeSession0,1,HSPICE_default|&/mnt/coe/workspace/ece/ece546-spr25/group8/group8_project/simulation/group8,tspc_neg_ff_tb,schematic/history_1/simulation/HSPICE_default/HSPICE/nominal/results
1743199357.490030: 982856-7f89b7fff700: cdpl_compat_master.c:5948: in cdplMasterLogInfo(): info: [non-CDPL log entry] PWDP: set pilot doing!
1743199357.506859: 982856-7f89c19ad700: cdpl_server_ipc.c:1268: in _sv_ipc_thread(): debug: received RELAY message
1743199357.506894: 982856-7f89c19ad700: cdpl_server_ipc.c:713: in _sv_on_relay(): debug: RELAY message from W1, size = 198
1743199357.506902: 982856-7f89c19ad700: cdpl_server_ipc.c:715: in _sv_on_relay(): debug: RELAY message from W1, content = PILOTOK|saeSession0,1,HSPICE_default|&/mnt/coe/workspace/ece/ece546-spr25/group8/group8_project/simulation/group8,tspc_neg_ff_tb,schematic/history_1/simulation/HSPICE_default/HSPICE/nominal/results
1743199357.507039: 982856-7f89b7fff700: cdpl_compat_master.c:5948: in cdplMasterLogInfo(): info: [non-CDPL log entry] PWDP: set pilot done!
1743199357.508067: 982856-7f89c19ad700: cdpl_server_ipc.c:1268: in _sv_ipc_thread(): debug: received RELAY message
1743199357.508101: 982856-7f89c19ad700: cdpl_server_ipc.c:713: in _sv_on_relay(): debug: RELAY message from W1, size = 18
1743199357.508109: 982856-7f89c19ad700: cdpl_server_ipc.c:715: in _sv_on_relay(): debug: RELAY message from W1, content = 0$- - - MEASDOING
1743199361.129306: 982856-7f89c19ad700: cdpl_server_ipc.c:1268: in _sv_ipc_thread(): debug: received RELAY message
1743199361.131019: 982856-7f89c19ad700: cdpl_server_ipc.c:713: in _sv_on_relay(): debug: RELAY message from W1, size = 70
1743199361.131039: 982856-7f89c19ad700: cdpl_server_ipc.c:715: in _sv_on_relay(): debug: RELAY message from W1, content = 0$993227 grendel44.ece.ncsu.edu 993478 FINISHED 1743199326|1743199361
1743199361.151902: 982856-7f89c19ad700: cdpl_server_ipc.c:1268: in _sv_ipc_thread(): debug: received RELAY message
1743199361.151936: 982856-7f89c19ad700: cdpl_server_ipc.c:713: in _sv_on_relay(): debug: RELAY message from W1, size = 200
1743199361.151963: 982856-7f89c19ad700: cdpl_server_ipc.c:715: in _sv_on_relay(): debug: RELAY message from W1, content = PILOTDONE|saeSession0,1,HSPICE_default|&/mnt/coe/workspace/ece/ece546-spr25/group8/group8_project/simulation/group8,tspc_neg_ff_tb,schematic/history_1/simulation/HSPICE_default/HSPICE/nominal/results
1743199361.152124: 982856-7f89b7fff700: cdpl_compat_master.c:5948: in cdplMasterLogInfo(): info: [non-CDPL log entry] saeSession0,1,HSPICE_default|&/mnt/coe/workspace/ece/ece546-spr25/group8/group8_project/simulation/group8,tspc_neg_ff_tb,schematic/history_1/simulation/HSPICE_default/HSPICE/nominal/results PILOTDONE!
1743199361.177594: 982856-7f89c19ad700: cdpl_server_ipc.c:1251: in _sv_ipc_thread(): debug: received FINISH message
1743199361.177628: 982856-7f89c19ad700: cdpl_server_ipc.c:983: in _sv_on_finish(): info: worker W1 completed task T0
1743199361.177637: 982856-7f89c19ad700: cdpl_server_ipc.c:988: in _sv_on_finish(): debug: stat T0: utime=10135 stime=4970
1743199361.177643: 982856-7f89c19ad700: cdpl_server_ipc.c:993: in _sv_on_finish(): debug: statm T0: vsize=2866288 rss=1062772 shared=519568 text=474784 data=731552
1743199361.212143: 982856-7f89c19ad700: cdpl_server_ipc.c:1268: in _sv_ipc_thread(): debug: received RELAY message
1743199361.212177: 982856-7f89c19ad700: cdpl_server_ipc.c:713: in _sv_on_relay(): debug: RELAY message from W1, size = 47
1743199361.212186: 982856-7f89c19ad700: cdpl_server_ipc.c:715: in _sv_on_relay(): debug: RELAY message from W1, content = WORKERDU|108,dc2isi00nfs.oit.ncsu.edu:/coe_nfs
1743199361.214532: 982856-7f89f0dea540: cdpl_server.c:227: in _sv_free_task_safe(): debug: freeing task T0
1743199365.797588: 982856-7f89f0dea540: cdpl_server.c:3008: in cdpl_sv_halt_job_errno(): info: killing job J1
1743199365.799354: 982856-7f89f0dea540: cdpl_server.c:3044: in cdpl_sv_halt_job_errno(): debug: signal bin B1 scheduler to stop
1743199365.799524: 982856-7f89b5ffb700: cdpl_server_sched.c:2484: in _sv_scheduler_thread(): debug: scheduler for bin B1 stopped
1743199365.799568: 982856-7f89b5ffb700: cdpl_ipc.c:1657: in _host_drop__UNSAFE(): debug: dropping host `152.14.98.59:47334'
1743199365.799711: 982856-7f89b5ffb700: cdpl_server_sched.c:2830: in _sv_drop_worker(): info: down to 0 alive workers in B1
1743199365.799721: 982856-7f89b5ffb700: cdpl_farm.c:4152: in cdpl_farm_dismiss(): debug: down to 0 running processes
1743199365.799731: 982856-7f89b5ffb700: cdpl_server_sched.c:121: in _free_worker_2(): debug: freeing worker W1
1743199365.799739: 982856-7f89b5ffb700: cdpl_ipc.c:2513: in cdpl_ipc_host_release(): debug: releasing host `152.14.98.59:47334'
1743199365.799768: 982856-7f89f0dea540: cdpl_server.c:294: in _sv_free_job(): info: freeing job J1
1743199365.799780: 982856-7f89f0dea540: cdpl_server.c:92: in _sv_free_bin(): debug: freeing bin B1
1743199365.799798: 982856-7f89f0dea540: cdpl_monitor.c:515: in cdpl_mn_kill(): info: killing monitor
1743199365.799804: 982856-7f89f0dea540: cdpl_ipc.c:3677: in cdpl_ipc_kill(): debug: stopping event server
1743199365.799962: 982856-7f89c19ad700: cdpl_server_ipc.c:1236: in _sv_ipc_thread(): debug: received DROP notification
1743199365.800027: 982856-7f89c11ac700: cdpl_ipc.c:2460: in _epoll_main(): debug: server going down...
1743199365.800095: 982856-7f89c21ae700: cdpl_ipc.c:775: in _readv(): warning: read(): EOF
1743199365.800158: 982856-7f89c21ae700: cdpl_ipc.c:2100: in _epoll_recv(): debug: _readv(): Broken pipe
1743199365.800168: 982856-7f89c21ae700: cdpl_ipc.c:2424: in _epoll_main(): debug: _epoll_recv(): Broken pipe
1743199365.800190: 982856-7f89c21ae700: cdpl_ipc.c:1657: in _host_drop__UNSAFE(): debug: dropping host `152.14.98.59:60196'
1743199365.800338: 982856-7f89c21ae700: cdpl_ipc.c:1582: in _host_free__UNSAFE(): debug: freeing host `152.14.98.59:47334'
1743199365.800347: 982856-7f89c21ae700: cdpl_ipc.c:1621: in _host_free__UNSAFE(): debug: [0 outq, 0 spR, 0 spW]
1743199365.800535: 982856-7f89c19ad700: cdpl_server_ipc.c:1236: in _sv_ipc_thread(): debug: received DROP notification
1743199365.800569: 982856-7f89c19ad700: cdpl_monitor.c:1269: in cdpl_mn_drop(): debug: detaching from monitor `152.14.98.59:60196'
1743199365.800602: 982856-7f89c19ad700: cdpl_monitor.c:1101: in mn_systat_stop(): debug: joining systat thread
1743199365.800739: 982856-7f89b4ff9700: cdpl_ipc.c:3728: in cdpl_ipc_free(): debug: releasing IPC handle
1743199365.800769: 982856-7f89b4ff9700: cdpl_ipc.c:3742: in cdpl_ipc_free(): debug: 1 unread messages
1743199365.800776: 982856-7f89b4ff9700: cdpl_ipc.c:1582: in _host_free__UNSAFE(): debug: freeing host `152.14.98.59:37353'
1743199365.800783: 982856-7f89b4ff9700: cdpl_ipc.c:1621: in _host_free__UNSAFE(): debug: [0 outq, 0 spR, 0 spW]
1743199365.800789: 982856-7f89b77fe700: cdpl_monitor.c:1079: in mn_systat(): debug: exiting
1743199365.800823: 982856-7f89b4ff9700: cdpl_ipc.c:1582: in _host_free__UNSAFE(): debug: freeing host `152.14.98.59:43041'
1743199365.800830: 982856-7f89b4ff9700: cdpl_ipc.c:1621: in _host_free__UNSAFE(): debug: [0 outq, 0 spR, 0 spW]
1743199365.800844: 982856-7f89c19ad700: cdpl_monitor.c:1103: in mn_systat_stop(): debug: systat thread done
1743199365.800873: 982856-7f89c19ad700: cdpl_ipc.c:2513: in cdpl_ipc_host_release(): debug: releasing host `152.14.98.59:60196'
1743199365.800890: 982856-7f89b4ff9700: cdpl_ipc.c:3756: in cdpl_ipc_free(): warning: 2 host(s) were not released
1743199365.800912: 982856-7f89b4ff9700: cdpl_ipc.c:3767: in cdpl_ipc_free(): debug: done
1743199365.800917: 982856-7f89b4ff9700: cdpl_monitor.c:1390: in cdpl_mn_free(): debug: freeing monitor client
1743199365.801106: 982856-7f89f0dea540: cdpl_farm.c:2740: in cdpl_farm_free(): info: freeing farm
1743199365.801148: 982856-7f89b57fa700: cdpl_farm.c:2231: in _schedule(): debug: end of idling
1743199365.801168: 982856-7f89b57fa700: cdpl_farm.c:2235: in _schedule(): debug: dying
1743199365.801281: 982856-7f89f0dea540: cdpl_farm.c:913: in _killall(): debug: killing all remaining commands
1743199365.801296: 982856-7f89f0dea540: cdpl_server.c:3144: in cdpl_sv_free(): info: freeing server S606690960
1743199365.801303: 982856-7f89f0dea540: cdpl_server.c:3109: in cdpl_sv_kill_errno(): info: killing server
1743199365.801308: 982856-7f89f0dea540: cdpl_ipc.c:3677: in cdpl_ipc_kill(): debug: stopping event server
1743199365.801352: 982856-7f89c19ad700: cdpl_server_ipc.c:1200: in _sv_ipc_thread(): debug: leaving now
1743199365.801392: 982856-7f89f0dea540: cdpl_server.c:334: in _sv_free_master(): info: freeing master M1
1743199365.801402: 982856-7f89f0dea540: cdpl_hash.c:68: in cdpl_h_destroy(): debug: put operations: 1
1743199365.801406: 982856-7f89f0dea540: cdpl_hash.c:69: in cdpl_h_destroy(): debug: put collisions: 0
1743199365.801411: 982856-7f89f0dea540: cdpl_hash.c:70: in cdpl_h_destroy(): debug: get operations: 1
1743199365.801415: 982856-7f89f0dea540: cdpl_hash.c:71: in cdpl_h_destroy(): debug: get iterations: 1
1743199365.801424: 982856-7f89f0dea540: cdpl_monitor.c:1390: in cdpl_mn_free(): debug: freeing monitor server
1743199365.801431: 982856-7f89c21ae700: cdpl_ipc.c:2460: in _epoll_main(): debug: server going down...
1743199365.801476: 982856-7f89f0dea540: cdpl_ipc.c:3722: in cdpl_ipc_free(): debug: waiting for event server to shutdown
1743199365.801514: 982856-7f89f0dea540: cdpl_ipc.c:3728: in cdpl_ipc_free(): debug: releasing IPC handle
1743199365.801522: 982856-7f89f0dea540: cdpl_ipc.c:1582: in _host_free__UNSAFE(): debug: freeing host `152.14.98.59:60196'
1743199365.801528: 982856-7f89f0dea540: cdpl_ipc.c:1621: in _host_free__UNSAFE(): debug: [0 outq, 0 spR, 0 spW]
1743199365.801599: 982856-7f89f0dea540: cdpl_ipc.c:3767: in cdpl_ipc_free(): debug: done
1743199365.801606: 982856-7f89f0dea540: cdpl_log.c:481: in cdpl_log_close(): info: @@end_of_log@@
