[17:20:55.45] /o 
              /c                          PrimeWave Design Environment 
              /c 
              /c                Version W-2024.09-SP1-2 for linux64 - Jan 15, 2025
              /c              Based on Custom Infrastructure
              /c Version W-2024.09-SP1-2
              /c 
              /c                     Copyright (c) 2004 - 2025 Synopsys, Inc.
              /c    This software and the associated documentation are proprietary to Synopsys,
              /c  Inc. This software may only be used in accordance with the terms and conditions
              /c  of a written license agreement with Synopsys, Inc. All other use, reproduction,
              /c    or distribution of this software is strictly prohibited.  Licensed Products
              /c      communicate with Synopsys servers for the purpose of providing software
              /c     updates, detecting software piracy and verifying that customers are using
              /c     Licensed Products in conformity with the applicable License Key for such
              /c   Licensed Products. Synopsys will use information gathered in connection with
              /c     this process to deliver software updates and pursue software pirates and
              /c                                    infringers.
              /c 
              /c  Inclusivity & Diversity - Visit SolvNetPlus to read the "Synopsys Statement on
              /c             Inclusivity and Diversity" (Refer to article 000036315 at
              /c                         https://solvnetplus.synopsys.com)
              /c 
              /c Build  (OPT) Config 11252589 compiled on Wed Jan 15 11:01:36 2025 for AlmaLinux 8.4
              /c Invocation: /mnt/apps/public/COE/synopsys_apps/primewave/W-2024.09-SP1-2/linux64/platform/bin/custom_shell -application primewave -gui 0 -uniqueString 424077b79e1069ee8811dab6cadacc65b352b129e5a3670e3b3a965d3326affa3639b7d8cb42d07dde6c9a180f5a14ba -python 0 -command "source /mnt/coe/workspace/ece/ece546-spr25/group8/group8_project/synopsys_custom/sim_server/custom_compiler.nbandeh/stb.group8.tb2025_2_tree_decoder.schematic.session0/sim_server_init.tcl" -log /mnt/coe/workspace/ece/ece546-spr25/group8/group8_project/synopsys_custom/primewave_session0_sim_server_job1 -libDefFile /mnt/coe/workspace/ece/ece546-spr25/group8/group8_project/lib.defs
              /c Execution time: Thu Apr 10 17:20:49 2025
              /c Host: hydra11.ece.ncsu.edu
              /c Working directory: /mnt/coe/workspace/ece/ece546-spr25/group8/group8_project
              /c 
[17:21:08.04] /m Information: Registering ICV PERC package...
[17:21:09.06] /m Information: Feature 'SynopsysCustomSAE' checked out. (LICENSE-003)
[17:21:09.14] /o 
[17:21:09.20] /i source /mnt/coe/workspace/ece/ece546-spr25/group8/group8_project/synopsys_custom/sim_server/custom_compiler.nbandeh/stb.group8.tb2025_2_tree_decoder.schematic.session0/sim_server_init.tcl
[17:21:09.92] /o SimServer socket started on hydra11.ece.ncsu.edu:37035
[17:21:10.24] /m Information: Launching Waveform Viewer "cd /mnt/coe/workspace/ece/ece546-spr25/group8/group8_project/synopsys_custom/sim_server/custom_compiler.nbandeh/stb.group8.tb2025_2_tree_decoder.schematic.session0/logs &&  /mnt/apps/public/COE/synopsys_apps/primewave/W-2024.09-SP1-2/auxx/../linux64/swv/bin/swv  -bg_gui -k -cdesigner -ptype wv -spxkey /mnt/apps/public/COE/synopsys_apps/primewave/W-2024.09-SP1-2/auxx/waveform/sae.spxkey -spxrc /tmp/tmp_sae_spxrc_S4HZBo -unique_string 424077b79e1069ee100ad7ab869592aab352b129e5a3670e3b3a965d3326affa43ab9aba1263e4a5750e0144087a476721512573302db8d1 -lic_type 2   -parent_cc_pid 1425138  > /mnt/coe/workspace/ece/ece546-spr25/group8/group8_project/synopsys_custom/sim_server/custom_compiler.nbandeh/stb.group8.tb2025_2_tree_decoder.schematic.session0/logs/viewer.log 2>&1"
[17:21:10.38] /o ==== Received Msg ====
              /c len=219 sourceSoc=sock3cb841d0 msgIndex=1 rawMsg=AppendTask /mnt/coe/workspace/ece/ece546-spr25/group8/group8_project/synopsys_custom/sim_server/custom_compiler.nbandeh/stb.group8.tb2025_2_tree_decoder.schematic.session0/task0/sim_script0.tcl 0 saeSession0 1 overwrite
[17:21:10.38] /o 
[17:21:12.63] /m Information: "Starting incremental netlisting for design "group8/tb2025_2_tree_decoder/schematic"..." (NETLISTING-010)
[17:21:12.72] /o Loading: Callback files...
[17:21:12.74] /o Loading: scripts/callbacks/callbacks.tcl
[17:21:12.74] /o 
              /c [INFO] : Loading display.drf from /mnt/designkits/ncsu/FreePDK3/syncust/NCSU_TechLib_FreePDK3
              /c 
              /c  if you wish to Load other display.drf, please set shell environment valiable "iPDK_load_display_NCSU_TechLib_FreePDK3" to value = 0
[17:21:12.74] /o 
[17:21:12.80] /w Warning: Could not set the value of preference xtDRCTool because it does not exist. (PREFERENCE-016)
[17:21:12.80] /w Warning: Could not set the value of preference xtDRCICVRunsetFile because it does not exist. (PREFERENCE-016)
[17:21:12.80] /w Warning: Could not set the value of preference xtDRCICVIncludePaths because it does not exist. (PREFERENCE-016)
[17:21:12.80] /w Warning: Could not set the value of preference xtDRCLayDBFormat because it does not exist. (PREFERENCE-016)
[17:21:12.80] /w Warning: Could not set the value of preference xtLVSTool because it does not exist. (PREFERENCE-016)
[17:21:12.80] /w Warning: Could not set the value of preference xtLVSICVRunsetFile because it does not exist. (PREFERENCE-016)
[17:21:12.80] /w Warning: Could not set the value of preference xtLVSICVIncludePaths because it does not exist. (PREFERENCE-016)
[17:21:12.80] /w Warning: Could not set the value of preference xtLVSLayDBFormat because it does not exist. (PREFERENCE-016)
[17:21:12.80] /w Warning: Could not set the value of preference xtLPELVSTool because it does not exist. (PREFERENCE-016)
[17:21:12.80] /w Warning: Could not set the value of preference xtLPETool because it does not exist. (PREFERENCE-016)
[17:21:12.80] /w Warning: Could not set the value of preference xtLPEOpenParasiticView because it does not exist. (PREFERENCE-016)
[17:21:12.80] /w Warning: Could not set the value of preference xtStarTcadGrdFile because it does not exist. (PREFERENCE-016)
[17:21:12.80] /w Warning: Could not set the value of preference xtLPEStarOADeviceMappingFile because it does not exist. (PREFERENCE-016)
[17:21:12.80] /w Warning: Could not set the value of preference xtStarOALayerMappingFile because it does not exist. (PREFERENCE-016)
[17:21:12.80] /o 	#######################################
[17:21:12.80] /o 	CC-PDK Library Name	: FreePDK3
[17:21:12.80] /o 	#######################################
[17:21:12.80] /o 
[17:21:12.84] /o Netlisting
[17:21:12.84] /o Creating output directories
[17:21:13.34] /o No Design Integrity rule violations found in "group8/tb2025_2_tree_decoder/schematic"
[17:21:13.34] /o Scanning: group8/tb2025_2_tree_decoder/schematic
[17:21:13.61] /o Scanning: proj_common/inputbuf/schematic
[17:21:14.09] /o Scanning: group8/memory_array/schematic
[17:21:14.12] /o Scanning: group8/precharge_logic/schematic
[17:21:14.17] /o Scanning: group8/sram_6t/schematic
[17:21:14.28] /o Scanning: group8/static_row_decoder_3by8/schematic
[17:21:14.31] /o Scanning: group8/nand/schematic
[17:21:14.34] /o Scanning: group8/inv/schematic
[17:21:14.36] /o Scanning: group8/buffer_highdrive/schematic
[17:21:14.39] /o Scanning: group8/invx4/schematic
[17:21:14.42] /m Information: 
[17:21:14.42] /o Checking "group8/nor/schematic"
[17:21:14.43] /o No rule violations found in "group8/nor/schematic"
[17:21:14.43] /o Scanning: group8/nor/schematic
[17:21:14.47] /o Scanning: group8/columnDecoder/schematic
[17:21:14.50] /o Scanning: group8/2to4_decoder/schematic
[17:21:14.53] /o Scanning: group8/Write_Driver/schematic
[17:21:14.56] /o Scanning: group8/read_circuit/schematic
[17:21:14.59] /o Scanning: group8/tspc_pos_ff/schematic
[17:21:14.63] /o Scanning: group8/agen_unit/schematic
[17:21:14.66] /m Information: 
[17:21:14.66] /o Checking "group8/Demux/schematic"
[17:21:14.66] /o No rule violations found in "group8/Demux/schematic"
[17:21:14.66] /o Scanning: group8/Demux/schematic
[17:21:14.71] /o Scanning: group8/WLRef_PC/schematic
[17:21:14.74] /m Information: 
[17:21:14.74] /o Checking "group8/buffer/schematic"
[17:21:14.74] /o No rule violations found in "group8/buffer/schematic"
[17:21:14.74] /o Scanning: group8/buffer/schematic
[17:21:14.77] /o Scanning: group8/inv_highdrive/schematic
[17:21:14.77] /o Computing terminal lists
[17:21:14.77] /o Processing terminals of module proj_common/inputbuf/schematic
[17:21:14.81] /o Processing terminals of module group8/precharge_logic/schematic
[17:21:14.81] /o Processing terminals of module group8/sram_6t/schematic
[17:21:14.82] /o Processing terminals of module group8/nand/schematic
[17:21:14.82] /o Processing terminals of module group8/inv/schematic
[17:21:14.82] /o Processing terminals of module group8/buffer_highdrive/schematic
[17:21:14.82] /o Processing terminals of module group8/invx4/schematic
[17:21:14.82] /o Processing terminals of module group8/nor/schematic
[17:21:14.82] /o Processing terminals of module group8/static_row_decoder_3by8/schematic
[17:21:14.82] /o Processing terminals of module group8/2to4_decoder/schematic
[17:21:14.82] /o Processing terminals of module group8/columnDecoder/schematic
[17:21:14.82] /o Processing terminals of module group8/Write_Driver/schematic
[17:21:14.82] /o Processing terminals of module group8/read_circuit/schematic
[17:21:14.82] /o Processing terminals of module group8/tspc_pos_ff/schematic
[17:21:14.83] /o Processing terminals of module group8/Demux/schematic
[17:21:14.83] /o Processing terminals of module group8/agen_unit/schematic
[17:21:14.83] /o Processing terminals of module group8/buffer/schematic
[17:21:14.83] /o Processing terminals of module group8/WLRef_PC/schematic
[17:21:14.83] /o Processing terminals of module group8/inv_highdrive/schematic
[17:21:14.83] /o Processing terminals of module group8/memory_array/schematic
[17:21:14.83] /o Processing terminals of module group8/tb2025_2_tree_decoder/schematic
[17:21:14.84] /o Starting netlisting
[17:21:15.52] /o Formatting group8/tb2025_2_tree_decoder/schematic
[17:21:15.57] /m Information: "group8 tb2025_2_tree_decoder schematic" renetlisted. (NETLISTING-056)
[17:21:15.99] /m Information: "Netlisting design "group8/tb2025_2_tree_decoder/schematic" finished successfully." (NETLISTING-012)
[17:21:16.09] /# Composing simulator input file for design "group8/tb2025_2_tree_decoder/schematic"...
[17:21:17.76] /# Simulator input file composed successfully for design "group8/tb2025_2_tree_decoder/schematic"
[17:21:17.89] /m Information: Save ouputs to /mnt/coe/workspace/ece/ece546-spr25/group8/group8_project/simulation/group8,tb2025_2_tree_decoder,schematic/history_1/simulation/default/PrimeSimHSPICE/nominal/results/outputs.tcl for AVA evaluation.
[17:21:19.09] /o 
[17:21:20.19] /o                                          Composing Nominal                                         
[17:21:20.56] /o                             Launching jobs for testbench default started                            
[17:21:20.58] /# Starting PrimeSimHSPICE simulation for design: group8/tb2025_2_tree_decoder/schematic
[17:21:20.65] /o                             Creating jobs for testbench default (0 / 1)                            
[17:21:20.71] /o                                Launching 1 jobs for testbench default                               
[17:21:21.09] /o                            Launching jobs for testbench default finished                           
[17:21:21.72] /m Information: 0 of 1 testbench(es) done. (PW_GUI-714)
[17:21:27.02] /m Information: Job distribution master (saeSession0,default.Simulation_Simulation session:session0 testbench:default) : up to 1 job running workers.
[17:21:58.02] /w Warning: CDPL (PWDP) - recreate new run for abnormal failed task T0 of pw job cdpl_id V0 OK.
[17:22:01.12] /w Warning: CDPL (PWDP) - abnormal failed rerun overed max count, rerun abort - task T1 of pw job cdpl_id V0.
[17:22:01.22] /# Simulation failed for design: group8/tb2025_2_tree_decoder/schematic  (PW-653)
[17:22:01.27] /# Netlisting and simulation completed for testbench: default in 50s
[17:22:01.42] /m Information: 1 of 1 testbench(es) done. (PW_GUI-714)
[17:25:49.14] /o ==== Received Msg ====
              /c len=8 sourceSoc=sock3cb841d0 msgIndex=4 rawMsg=idleExit
[17:25:49.14] /o 
[17:25:49.24] /m Information: Exiting simulation server process. (PW_GUI-984)
[17:25:52.46] /o Shutdown time: Thu Apr 10 17:25:52 2025
[17:25:52.46] /o Elapsed session real time: 5.01 minutes
[17:25:52.46] /o Session terminated. Log is at /mnt/coe/workspace/ece/ece546-spr25/group8/group8_project/synopsys_custom/logs/primewave.nbandeh.2025_4_10_172049_1425138.log
[17:25:52.48] /e Error: {}
