[23:52:18.05] /o 
              /c                                    pw_worker™ 
              /c 
              /c                Version W-2024.09-SP1-2 for linux64 - Jan 15, 2025
              /c              Based on Custom Infrastructure
              /c Version W-2024.09-SP1-2
              /c 
              /c                     Copyright (c) 2004 - 2025 Synopsys, Inc.
              /c    This software and the associated documentation are proprietary to Synopsys,
              /c  Inc. This software may only be used in accordance with the terms and conditions
              /c  of a written license agreement with Synopsys, Inc. All other use, reproduction,
              /c    or distribution of this software is strictly prohibited.  Licensed Products
              /c      communicate with Synopsys servers for the purpose of providing software
              /c     updates, detecting software piracy and verifying that customers are using
              /c     Licensed Products in conformity with the applicable License Key for such
              /c   Licensed Products. Synopsys will use information gathered in connection with
              /c     this process to deliver software updates and pursue software pirates and
              /c                                    infringers.
              /c 
              /c  Inclusivity & Diversity - Visit SolvNetPlus to read the "Synopsys Statement on
              /c             Inclusivity and Diversity" (Refer to article 000036315 at
              /c                         https://solvnetplus.synopsys.com)
              /c 
              /c Build  (OPT) Config 11252589 compiled on Wed Jan 15 11:01:36 2025 for AlmaLinux 8.4
              /c Invocation: /mnt/apps/public/COE/synopsys_apps/primewave/W-2024.09-SP1-2/linux64/platform/bin/custom_shell -application pw_worker -gui 0 -localDir /mnt/coe/workspace/ece/ece546-spr25/group8/group8_project/synopsys_custom/pwdp_jobs/saeSession4_default.SimulationSimulation_cdpl.0.222436/logs/w1
              /c Execution time: Thu Apr  3 23:52:12 2025
              /c Host: viper.ece.ncsu.edu
              /c Working directory: /mnt/coe/workspace/ece/ece546-spr25/group8/group8_project
              /c 
[23:52:27.58] /m Information: Registering ICV PERC package...
[23:52:27.62] /w Warning: Error: "Job group named 'PrimeWave' already exists under this parent." (IPC-100)
[23:52:28.09] /o #####New Worker job begin - Self history dir=/mnt/coe/workspace/ece/ece546-spr25/group8/group8_project/simulation/group8,memory_array_tb,schematic
[23:52:28.56] /o source /mnt/coe/workspace/ece/ece546-spr25/group8/group8_project/synopsys_custom/pwdp_jobs/saeSession4_default.SimulationSimulation_cdpl.0.222436/ccFile.tcl OK
[23:52:28.56] /o LibDefs : /mnt/coe/workspace/ece/ece546-spr25/group8/group8_project/lib.defs
[23:52:28.82] /o new worker create session at loading state!
[23:52:28.82] /o history_1
[23:52:29.38] /o Loading: Callback files...
[23:52:29.39] /o Loading: scripts/callbacks/callbacks.tcl
[23:52:29.39] /o 
              /c [INFO] : Loading display.drf from /mnt/designkits/ncsu/FreePDK3/syncust/NCSU_TechLib_FreePDK3
              /c 
              /c  if you wish to Load other display.drf, please set shell environment valiable "iPDK_load_display_NCSU_TechLib_FreePDK3" to value = 0
[23:52:29.39] /o 
[23:52:29.41] /w Warning: Preference 'xtStarTcadGrdFile' is deprecated and scheduled for removal in a future release with no replacement. For migration assistance, see the Custom Compiler Tcl Reference Manual. (PREFERENCE-058)
[23:52:29.42] /w Warning: Preference 'xtStarOALayerMappingFile' is deprecated and scheduled for removal in a future release with no replacement. For migration assistance, see the Custom Compiler Tcl Reference Manual. (PREFERENCE-058)
[23:52:29.42] /o 	#######################################
[23:52:29.42] /o 	CC-PDK Library Name	: FreePDK3
[23:52:29.42] /o 	#######################################
[23:52:29.42] /o 
[23:52:29.59] /o source /mnt/coe/workspace/ece/ece546-spr25/group8/group8_project/simulation/group8,memory_array_tb,schematic/history_1/.nw_preference_script.tcl OK!
[23:52:29.59] /o DSPF Options: {hierDelim==|}||{termDelim==:}||{fingerChar==@}||{multiplierString==_nettran_}||{aggregateCurrent==1}||{MOSTermNames==d g s b}||{MOSTermOrder==D G S B}||{MOSTermDspfNames==DRC GATE SRC BULK}||{firstChars==XM}||{probeHierDelim==/}||{caseSensitive==1}||{firstChar==M}||{hierPrefix==X}||{nodePrefix==M}||{plotTermVoltageForNet==0}||{mapNetToMosTerminal==}||{mapSlashDelimToDot==1}||{probePortCurrent==1}||{busBit==[]}||{removeNodePrefix==1}||{nlConDelim==.}||{mosModelType==auto}||{keepSchName==0}
[23:52:29.59] /o _workerLoadStateAction done!
[23:52:29.63] /o _getSimulationDetails : 
[23:52:29.63] /o tbName=default, Mtb=0
[23:52:29.63] /o Got stb tb ok!
[23:52:29.63] /o Self resultsDir: ./simulation
[23:52:29.63] /o Self databaseDir: /mnt/coe/workspace/ece/ece546-spr25/group8/group8_project/simulation/group8,memory_array_tb,schematic/history_1/simulation/default/PrimeSimHSPICE/nominal/results
[23:52:29.67] /o source /mnt/apps/public/COE/synopsys_apps/primewave/W-2024.09-SP1-2/auxx/sae/matlab_script.tcl OK
[23:52:29.70] /o Nominal run.
[23:52:30.14] /o _createResultsMap done!
[23:52:30.17] /o New worker simulation done for nomial run.
[23:52:30.17] /o >>>resultsDir=/mnt/coe/workspace/ece/ece546-spr25/group8/group8_project/simulation/group8,memory_array_tb,schematic/history_1/simulation/default/PrimeSimHSPICE/nominal/results,masterResultsDir=/mnt/coe/workspace/ece/ece546-spr25/group8/group8_project/simulation/group8,memory_array_tb,schematic/history_1/simulation/default/PrimeSimHSPICE/nominal/results
[23:52:30.19] /m Information: Evaluating and plotting outputs...
[23:52:30.69] /m Information: CellView 'group8/memory_array/schematic': Unable to connect to OA Lock File Daemon(oaFSLockD) on host 'grendel32.ece.ncsu.edu'. Check if oaFSLockD is running on the host. If the host is invalid, remove its oacache files. (oaDMFileSys)
[23:52:34.32] /o touch /mnt/coe/workspace/ece/ece546-spr25/group8/group8_project/simulation/group8,memory_array_tb,schematic/history_1/simulation/default/PrimeSimHSPICE/nominal/results/.unitedSimFinished
[23:52:34.39] /o touch /mnt/coe/workspace/ece/ece546-spr25/group8/group8_project/simulation/group8,memory_array_tb,schematic/history_1/simulation/default/PrimeSimHSPICE/nominal/results/.unitedSimFinished
[23:52:35.42] /o New worker simulation done for nomial run finished!
[23:52:35.42] /o _simulationDoneAction done without exception!
[23:52:35.43] /o touch pilot meas done flag file: /mnt/coe/workspace/ece/ece546-spr25/group8/group8_project/simulation/group8,memory_array_tb,schematic/history_1/simulation/default/PrimeSimHSPICE/nominal/results/.pw_nw_meas_done
[23:52:42.73] /o Shutdown time: Thu Apr  3 23:52:42 2025
[23:52:42.73] /o Elapsed session real time: 0.45 minutes
[23:52:42.73] /o Session terminated. Log is at /mnt/coe/workspace/ece/ece546-spr25/group8/group8_project/synopsys_custom/pwdp_jobs/saeSession4_default.SimulationSimulation_cdpl.0.222436/logs/w1/logs/pw_worker.hrajesh.2025_4_3_235212_222958.log
