1743655286.140539: 3955708-7f3f335fd540: cdpl_log.c:337: in cdpl_log_open(): info: @@start_of_log@@
1743655286.140593: 3955708-7f3f335fd540: cdpl_log.c:1058: in cdpl_log_dump_sysinfo(): info: time: 2025/04/03 00:41:26 EDT -0400
1743655286.140603: 3955708-7f3f335fd540: cdpl_log.c:1060: in cdpl_log_dump_sysinfo(): info: version: W-2024.09-SP1-2 
1743655286.140609: 3955708-7f3f335fd540: cdpl_log.c:1062: in cdpl_log_dump_sysinfo(): info: system: Linux 4.18.0-553.46.1.el8_10.x86_64 #1 SMP Sat Mar 15 01:37:33 EDT 2025
1743655286.140614: 3955708-7f3f335fd540: cdpl_log.c:1067: in cdpl_log_dump_sysinfo(): info: processor: x86_64 64-bits
1743655286.140619: 3955708-7f3f335fd540: cdpl_log.c:1071: in cdpl_log_dump_sysinfo(): info: hostname: grendel45.ece.ncsu.edu
1743655286.140624: 3955708-7f3f335fd540: cdpl_log.c:1073: in cdpl_log_dump_sysinfo(): info: program name: custom_shell
1743655286.140635: 3955708-7f3f335fd540: cdpl_log.c:340: in cdpl_log_open(): debug: path: /mnt/coe/workspace/ece/ece546-spr25/group8/group8_project/synopsys_custom/pwdp_jobs/saeSession2_HSPICEdefault.SimulationSimulation_cdpl.1.3955708/logs/master.grendel45.ece.ncsu.edu.3955708.log
1743655286.140641: 3955708-7f3f335fd540: cdpl_log.c:341: in cdpl_log_open(): debug: dir: /mnt/coe/workspace/ece/ece546-spr25/group8/group8_project/synopsys_custom/pwdp_jobs/saeSession2_HSPICEdefault.SimulationSimulation_cdpl.1.3955708/logs
1743655286.140658: 3955708-7f3f335fd540: cdpl_server.c:536: in cdpl_sv_init(): info: new server S711235120
1743655286.140668: 3955708-7f3f335fd540: cdpl_ipc.c:3475: in cdpl_ipc_init(): info: requesting IPv4 protocol
1743655286.145061: 3955708-7f3f335fd540: cdpl_ipc.c:837: in _selectaddrfamily(): info: selected IPv4 protocol
1743655286.145142: 3955708-7f3f335fd540: cdpl_ipc.c:1139: in _set_keepalive(): info: TCP keep alive interval: 300
1743655286.148653: 3955708-7f3f335fd540: cdpl_monitor.c:1117: in cdpl_mn_new_server(): info: creating server monitor instance
1743655286.148690: 3955708-7f3f335fd540: cdpl_server.c:650: in cdpl_sv_new_master(): info: new master M1
1743655286.148712: 3955708-7f3f335fd540: cdpl_server.c:6533: in cdpl_sv_ctl_master(): info: Setting worker heartbeat to 120 seconds
1743655286.148719: 3955708-7f3f335fd540: cdpl_server.c:6542: in cdpl_sv_ctl_master(): info: Setting worker heartbeat timeout to 3 heartbeats
1743655286.148727: 3955708-7f3f335fd540: cdpl_compat_master.c:2090: in _parse_hostfile(): info: reading hostfile `/mnt/coe/workspace/ece/ece546-spr25/group8/group8_project/synopsys_custom/pwdp_jobs/saeSession2_HSPICEdefault.SimulationSimulation_cdpl.1.3955708/host_file'
1743655286.159191: 3955708-7f3f335fd540: cdpl_compat_master.c:1900: in _hostfile_parser(): debug: parsing "1     |localhost|   -1  | /tmp | SH | sh"
1743655286.159229: 3955708-7f3f335fd540: cdpl_farm.c:2578: in cdpl_farm_new_sh(): info: creating SH farm on localhost
1743655286.159244: 3955708-7f3f335fd540: cdpl_compat_master.c:206: in _set_farm_env(): info: exporting CDPL_LOGDIR as `/mnt/coe/workspace/ece/ece546-spr25/group8/group8_project/synopsys_custom/pwdp_jobs/saeSession2_HSPICEdefault.SimulationSimulation_cdpl.1.3955708/logs'
1743655286.159251: 3955708-7f3f335fd540: cdpl_compat_master.c:212: in _set_farm_env(): info: exporting CDPL_TMPDIR as `/tmp'
1743655286.159258: 3955708-7f3f335fd540: cdpl_compat_master.c:219: in _set_farm_env(): info: exporting CDPL_HOME as `/mnt/apps/public/COE/synopsys_apps/hspice/W-2024.09-SP1/hspice/cdpl'
1743655286.159266: 3955708-7f3f335fd540: cdpl_compat_master.c:235: in _set_farm_env(): info: exporting SNPSLMD_LICENSE_FILE as `27000@ece-lic-35.ece.ncsu.edu'
1743655286.159274: 3955708-7f3f335fd540: cdpl_compat_master.c:259: in _set_farm_env(): info: exporting CDPL_OPTIONS as `[nowlogs]'
1743655286.159278: 3955708-7f3f335fd540: cdpl_compat_master.c:266: in _set_farm_env(): info: exporting DISPLAY as `unix:8000'
1743655286.159284: 3955708-7f3f335fd540: cdpl_compat_master.c:274: in _set_farm_env(): info: exporting CDPL_HEARTBEAT as `120'
1743655286.159299: 3955708-7f3f335fd540: cdpl_farm.c:3149: in cdpl_farm_add_withdir(): debug: added `localhost' (capacity: unlimited)
1743655286.159325: 3955708-7f3f335fd540: cdpl_compat_parse.c:147: in parsefile(): debug: read `/mnt/coe/workspace/ece/ece546-spr25/group8/group8_project/synopsys_custom/pwdp_jobs/saeSession2_HSPICEdefault.SimulationSimulation_cdpl.1.3955708/host_file', 2 lines
1743655286.159333: 3955708-7f3f335fd540: cdpl_compat_master.c:2931: in cdplInitMaster(): info: bcast dir is `/mnt/coe/workspace/ece/ece546-spr25/group8/group8_project/synopsys_custom/pwdp_jobs/saeSession2_HSPICEdefault.SimulationSimulation_cdpl.1.3955708/logs'
1743655286.166954: 3955708-7f3f335fd540: cdpl_server.c:6433: in cdpl_sv_ctl_master(): info: farm worker timeout set to 300
1743655286.166969: 3955708-7f3f335fd540: cdpl_server.c:6486: in cdpl_sv_ctl_master(): info: maximum number of task execution attempts set to 1
1743655286.166988: 3955708-7f3f335fd540: cdpl_server.c:3195: in cdpl_sv_start(): debug: starting server
1743655286.166995: 3955708-7f3f335fd540: cdpl_ipc.c:3632: in cdpl_ipc_start(): debug: starting IPC server 152.14.98.62:37067
1743655286.168228: 3955708-7f3f089ba700: cdpl_server_ipc.c:1182: in _sv_ipc_thread(): debug: ready
1743655286.168270: 3955708-7f3ee6ffd700: cdpl_monitor.c:426: in cdpl_mn_init_client(): info: creating client monitor instance
1743655286.168323: 3955708-7f3ee6ffd700: cdpl_ipc.c:3475: in cdpl_ipc_init(): info: requesting IPv4 protocol
1743655286.172269: 3955708-7f3ee6ffd700: cdpl_ipc.c:837: in _selectaddrfamily(): info: selected IPv4 protocol
1743655286.172307: 3955708-7f3ee6ffd700: cdpl_ipc.c:1139: in _set_keepalive(): info: TCP keep alive interval: 300
1743655286.175033: 3955708-7f3ee6ffd700: cdpl_ipc.c:3632: in cdpl_ipc_start(): debug: starting IPC server 152.14.98.62:38083
1743655286.175477: 3955708-7f3ee6ffd700: cdpl_monitor.c:471: in cdpl_mn_init_client(): debug: incoming messages in /tmp/cdpl-monitor-5f8VwK
1743655286.176275: 3955708-7f3ee6ffd700: cdpl_monitor.c:533: in cdpl_mn_connect(): debug: connecting to 152.14.98.62:37067
1743655286.176284: 3955708-7f3ee6ffd700: cdpl_ipc.c:3789: in cdpl_ipc_connect(): info: connecting to 152.14.98.62:37067
1743655286.176665: 3955708-7f3ee6ffd700: cdpl_ipc.c:3860: in cdpl_ipc_connect(): info: connected as `152.14.98.62:39742'
1743655286.176682: 3955708-7f3ee6ffd700: cdpl_ipc.c:2503: in cdpl_ipc_host_accept(): debug: accepted host `152.14.98.62:37067'
1743655286.176695: 3955708-7f3ee6ffd700: cdpl_monitor.c:579: in cdpl_mn_connect(): debug: ok
1743655286.176800: 3955708-7f3ef7fff700: cdpl_ipc.c:1862: in _epoll_accept(): debug: new connection from `152.14.98.62:39742'
1743655286.176845: 3955708-7f3f335fd540: cdpl_server.c:731: in cdpl_sv_new_job(): info: new job J1 in M1
1743655286.176901: 3955708-7f3f335fd540: cdpl_compat_master.c:1581: in _add_worker(): info: new worker type 10, min:1, max:3, cmd:`/mnt/coe/workspace/ece/ece546-spr25/group8/group8_project/synopsys_custom/pwdp_jobs/saeSession2_HSPICEdefault.SimulationSimulation_cdpl.1.3955708/START_WORKER pw_worker -i /mnt/coe/workspace/ece/ece546-spr25/group8/g
1743655286.176918: 3955708-7f3f335fd540: cdpl_server.c:908: in cdpl_sv_new_bin_withfarm(): info: new bin B1 in J1
1743655286.176967: 3955708-7f3f089ba700: cdpl_server_ipc.c:1225: in _sv_ipc_thread(): debug: received ACCEPT notification
1743655286.177018: 3955708-7f3f089ba700: cdpl_ipc.c:2503: in cdpl_ipc_host_accept(): debug: accepted host `152.14.98.62:39742'
1743655286.177076: 3955708-7f3f089ba700: cdpl_server_ipc.c:1256: in _sv_ipc_thread(): debug: received MONITOR message
1743655286.177453: 3955708-7f3f089ba700: cdpl_monitor.c:1207: in cdpl_mn_accept(): debug: accepted monitor `152.14.98.62:39742'
1743655286.177466: 3955708-7f3f089ba700: cdpl_server_ipc_mon.c:120: in _globalLOCK(): debug: ENTERTING GLOBAL LOCK
1743655286.177474: 3955708-7f3f089ba700: cdpl_server_ipc_mon.c:164: in _globalLOCK(): debug: global lock acquired
1743655286.178240: 3955708-7f3ef5ffb700: cdpl_monitor.c:910: in mn_systat(): debug: started
1743655286.178869: 3955708-7f3ef5ffb700: cdpl_monitor.c:937: in mn_systat(): debug: monitor server flush rate: 5
1743655288.102132: 3955708-7f3f089ba700: cdpl_server_ipc_mon.c:210: in _globalUNLOCK(): debug: LEAVING GLOBAL LOCK
1743655288.102194: 3955708-7f3f335fd540: cdpl_server.c:3249: in cdpl_sv_start_job(): info: starting job J1
1743655288.102234: 3955708-7f3f335fd540: cdpl_server.c:62: in _sv_start_bin(): debug: starting bin B1 (min: 0, max: 3)
1743655288.102801: 3955708-7f3ee7fff700: cdpl_server_sched.c:2482: in _sv_scheduler_thread(): debug: scheduler for bin B1 started
1743655288.102838: 3955708-7f3f335fd540: cdpl_server.c:1893: in _sv_gen_task(): info: new task T0 in B1 (prio 0)
1743655288.102858: 3955708-7f3f335fd540: cdpl_server.c:2698: in cdpl_sv_label_task_va(): info: setting task T0 label to "HSPICE_2|HSPICE"
1743655288.102882: 3955708-7f3ee7fff700: cdpl_server_sched.c:2443: in _scheduler_run(): debug: will start a new worker
1743655288.102927: 3955708-7f3ee7fff700: cdpl_farm.c:3977: in cdpl_farm_submit(): debug: 1 running processes
1743655288.102936: 3955708-7f3ee7fff700: cdpl_farm.c:3985: in cdpl_farm_submit(): debug: new command C1 in bin B1 assigned to host `localhost'
1743655288.103186: 3955708-7f3ee7fff700: cdpl_server_sched.c:705: in _sv_launch_worker(): info: started worker W1 (as C1) in bin B1
1743655288.103221: 3955708-7f3ee77fe700: cdpl_farm.c:2139: in _schedule(): debug: started
1743655288.103247: 3955708-7f3ee77fe700: cdpl_farm.c:2303: in _schedule(): debug: submitting command C1 in bin B1
1743655288.103260: 3955708-7f3ee77fe700: cdpl_sh.c:49: in _sh_detached_submit(): info: SH : /mnt/coe/workspace/ece/ece546-spr25/group8/group8_project/synopsys_custom/pwdp_jobs/saeSession2_HSPICEdefault.SimulationSimulation_cdpl.1.3955708/START_WORKER pw_worker -i /mnt/coe/workspace/ece/ece546-spr25/group8/group8_project/synopsys_custom/pwdp_jobs/saeSession2_HSPICEdefault.SimulationSimulation_cdpl.1.3955708 -t 10000
1743655288.112034: 3955708-7f3ee77fe700: cdpl_farm.c:2343: in _schedule(): debug: C1 in bin B1 running on slot 0
1743655288.112060: 3955708-7f3ee77fe700: cdpl_farm.c:2167: in _schedule(): debug: idle
1743655288.412187: 3955708-7f3ee77fe700: cdpl_farm.c:1193: in _onexit(): debug: C1 in bin B1 exited normally on slot 0
1743655291.067210: 3955708-7f3f335fd540: cdpl_compat_master.c:5948: in cdplMasterLogInfo(): info: [non-CDPL log entry] PWDP3: reset pilot cache succeeded, pilot_key=saeSession2,1,HSPICE_default|&/mnt/coe/workspace/ece/ece546-spr25/group8/group8_project/simulation/group8,memory_array_write_test,schematic/history_1/simulation/HSPICE_default/HSPICE/nominal/results
1743655292.676801: 3955708-7f3ef57fa700: cdpl_compat_master.c:5948: in cdplMasterLogInfo(): info: [non-CDPL log entry] PWDP - no-workers started ok check start!
1743655307.212551: 3955708-7f3ef7fff700: cdpl_ipc.c:1862: in _epoll_accept(): debug: new connection from `152.14.98.62:42968'
1743655307.215886: 3955708-7f3f089ba700: cdpl_server_ipc.c:1225: in _sv_ipc_thread(): debug: received ACCEPT notification
1743655307.215925: 3955708-7f3f089ba700: cdpl_ipc.c:2503: in cdpl_ipc_host_accept(): debug: accepted host `152.14.98.62:42968'
1743655307.215970: 3955708-7f3f089ba700: cdpl_server_ipc.c:1246: in _sv_ipc_thread(): debug: received HELLO message
1743655307.215979: 3955708-7f3f089ba700: cdpl_server_ipc.c:430: in _sv_on_hello(): debug: looking up W1
1743655307.215992: 3955708-7f3f089ba700: cdpl_server_ipc.c:540: in _sv_on_hello(): info: W1 is `152.14.98.62:42968'
1743655307.215997: 3955708-7f3f089ba700: cdpl_server_ipc.c:541: in _sv_on_hello(): debug: hello W1 (B1)
1743655307.216002: 3955708-7f3f089ba700: cdpl_server_ipc.c:542: in _sv_on_hello(): info: W1 log file is /dev/null
1743655307.216028: 3955708-7f3f089ba700: cdpl_server_ipc.c:602: in _sv_on_hello(): info: up to 1 alive workers in B1
1743655307.216041: 3955708-7f3f089ba700: cdpl_farm.c:878: in _release_cmd(): debug: freeing command C1 in bin B1
1743655307.216139: 3955708-7f3ee7fff700: cdpl_server_sched.c:960: in _assign(): info: assigning task T0 to worker W1
1743655307.644419: 3955708-7f3f089ba700: cdpl_server_ipc.c:1268: in _sv_ipc_thread(): debug: received RELAY message
1743655307.644453: 3955708-7f3f089ba700: cdpl_server_ipc.c:713: in _sv_on_relay(): debug: RELAY message from W1, size = 60
1743655307.644473: 3955708-7f3f089ba700: cdpl_server_ipc.c:715: in _sv_on_relay(): debug: RELAY message from W1, content = 0$3961892 grendel45.ece.ncsu.edu 3962215 RUNNING 1743655307
1743655308.213696: 3955708-7f3f089ba700: cdpl_server_ipc.c:312: in _sv_on_heartbeat(): debug: received HEARTBEAT from worker W1 at 152.14.98.62:42968
1743655311.186396: 3955708-7f3ee6ffd700: cdpl_monitor.c:533: in cdpl_mn_connect(): debug: connecting to 152.14.98.62:45077
1743655311.186422: 3955708-7f3ee6ffd700: cdpl_ipc.c:3789: in cdpl_ipc_connect(): info: connecting to 152.14.98.62:45077
1743655311.186725: 3955708-7f3ee6ffd700: cdpl_ipc.c:3860: in cdpl_ipc_connect(): info: connected as `152.14.98.62:36138'
1743655311.186753: 3955708-7f3ee6ffd700: cdpl_ipc.c:2503: in cdpl_ipc_host_accept(): debug: accepted host `152.14.98.62:45077'
1743655311.186765: 3955708-7f3ee6ffd700: cdpl_monitor.c:579: in cdpl_mn_connect(): debug: ok
1743655327.087363: 3955708-7f3f089ba700: cdpl_server_ipc.c:1268: in _sv_ipc_thread(): debug: received RELAY message
1743655327.090899: 3955708-7f3f089ba700: cdpl_server_ipc.c:713: in _sv_on_relay(): debug: RELAY message from W1, size = 47
1743655327.090920: 3955708-7f3f089ba700: cdpl_server_ipc.c:715: in _sv_on_relay(): debug: RELAY message from W1, content = WORKERDU|107,dc2isi00nfs.oit.ncsu.edu:/coe_nfs
1743655327.090939: 3955708-7f3f089ba700: cdpl_server_ipc.c:1268: in _sv_ipc_thread(): debug: received RELAY message
1743655327.090945: 3955708-7f3f089ba700: cdpl_server_ipc.c:713: in _sv_on_relay(): debug: RELAY message from W1, size = 211
1743655327.090951: 3955708-7f3f089ba700: cdpl_server_ipc.c:715: in _sv_on_relay(): debug: RELAY message from W1, content = REQPILOT|saeSession2,1,HSPICE_default|&/mnt/coe/workspace/ece/ece546-spr25/group8/group8_project/simulation/group8,memory_array_write_test,schematic/history_1/simulation/HSPICE_default/HSPICE/nominal/results|&0
1743655327.091135: 3955708-7f3ef67fc700: cdpl_compat_master.c:5948: in cdplMasterLogInfo(): info: [non-CDPL log entry] PWDP send back 'DOPILOT' to worker id:1 key: saeSession2,1,HSPICE_default|&/mnt/coe/workspace/ece/ece546-spr25/group8/group8_project/simulation/group8,memory_array_write_test,schematic/history_1/simulation/HSPICE_default/HSPICE/nominal/results
1743655327.102853: 3955708-7f3ef67fc700: cdpl_compat_master.c:5948: in cdplMasterLogInfo(): info: [non-CDPL log entry] PWDP: set pilot doing!
1743655327.123538: 3955708-7f3f089ba700: cdpl_server_ipc.c:1268: in _sv_ipc_thread(): debug: received RELAY message
1743655327.123574: 3955708-7f3f089ba700: cdpl_server_ipc.c:713: in _sv_on_relay(): debug: RELAY message from W1, size = 207
1743655327.123583: 3955708-7f3f089ba700: cdpl_server_ipc.c:715: in _sv_on_relay(): debug: RELAY message from W1, content = PILOTOK|saeSession2,1,HSPICE_default|&/mnt/coe/workspace/ece/ece546-spr25/group8/group8_project/simulation/group8,memory_array_write_test,schematic/history_1/simulation/HSPICE_default/HSPICE/nominal/results
1743655327.123720: 3955708-7f3ef67fc700: cdpl_compat_master.c:5948: in cdplMasterLogInfo(): info: [non-CDPL log entry] PWDP: set pilot done!
1743655327.124646: 3955708-7f3f089ba700: cdpl_server_ipc.c:1268: in _sv_ipc_thread(): debug: received RELAY message
1743655327.124684: 3955708-7f3f089ba700: cdpl_server_ipc.c:713: in _sv_on_relay(): debug: RELAY message from W1, size = 18
1743655327.124692: 3955708-7f3f089ba700: cdpl_server_ipc.c:715: in _sv_on_relay(): debug: RELAY message from W1, content = 0$- - - MEASDOING
1743655333.183161: 3955708-7f3f089ba700: cdpl_server_ipc.c:1268: in _sv_ipc_thread(): debug: received RELAY message
1743655333.186357: 3955708-7f3f089ba700: cdpl_server_ipc.c:713: in _sv_on_relay(): debug: RELAY message from W1, size = 72
1743655333.186404: 3955708-7f3f089ba700: cdpl_server_ipc.c:715: in _sv_on_relay(): debug: RELAY message from W1, content = 0$3961892 grendel45.ece.ncsu.edu 3962215 FINISHED 1743655307|1743655333
1743655333.211302: 3955708-7f3f089ba700: cdpl_server_ipc.c:1268: in _sv_ipc_thread(): debug: received RELAY message
1743655333.211356: 3955708-7f3f089ba700: cdpl_server_ipc.c:713: in _sv_on_relay(): debug: RELAY message from W1, size = 209
1743655333.211377: 3955708-7f3f089ba700: cdpl_server_ipc.c:715: in _sv_on_relay(): debug: RELAY message from W1, content = PILOTDONE|saeSession2,1,HSPICE_default|&/mnt/coe/workspace/ece/ece546-spr25/group8/group8_project/simulation/group8,memory_array_write_test,schematic/history_1/simulation/HSPICE_default/HSPICE/nominal/results
1743655333.211545: 3955708-7f3ef67fc700: cdpl_compat_master.c:5948: in cdplMasterLogInfo(): info: [non-CDPL log entry] saeSession2,1,HSPICE_default|&/mnt/coe/workspace/ece/ece546-spr25/group8/group8_project/simulation/group8,memory_array_write_test,schematic/history_1/simulation/HSPICE_default/HSPICE/nominal/results PILOTDONE!
1743655333.245782: 3955708-7f3f089ba700: cdpl_server_ipc.c:1251: in _sv_ipc_thread(): debug: received FINISH message
1743655333.245816: 3955708-7f3f089ba700: cdpl_server_ipc.c:983: in _sv_on_finish(): info: worker W1 completed task T0
1743655333.245824: 3955708-7f3f089ba700: cdpl_server_ipc.c:988: in _sv_on_finish(): debug: stat T0: utime=9410 stime=4328
1743655333.245830: 3955708-7f3f089ba700: cdpl_server_ipc.c:993: in _sv_on_finish(): debug: statm T0: vsize=2867544 rss=1058780 shared=519532 text=474784 data=733024
1743655333.343556: 3955708-7f3f089ba700: cdpl_server_ipc.c:1268: in _sv_ipc_thread(): debug: received RELAY message
1743655333.343591: 3955708-7f3f089ba700: cdpl_server_ipc.c:713: in _sv_on_relay(): debug: RELAY message from W1, size = 47
1743655333.343599: 3955708-7f3f089ba700: cdpl_server_ipc.c:715: in _sv_on_relay(): debug: RELAY message from W1, content = WORKERDU|252,dc2isi00nfs.oit.ncsu.edu:/coe_nfs
1743655340.284059: 3955708-7f3f335fd540: cdpl_server.c:3008: in cdpl_sv_halt_job_errno(): info: killing job J1
1743655340.287430: 3955708-7f3f335fd540: cdpl_server.c:3044: in cdpl_sv_halt_job_errno(): debug: signal bin B1 scheduler to stop
1743655340.287596: 3955708-7f3ee7fff700: cdpl_server_sched.c:2484: in _sv_scheduler_thread(): debug: scheduler for bin B1 stopped
1743655340.287638: 3955708-7f3ee7fff700: cdpl_ipc.c:1657: in _host_drop__UNSAFE(): debug: dropping host `152.14.98.62:42968'
1743655340.287751: 3955708-7f3ee7fff700: cdpl_server_sched.c:2830: in _sv_drop_worker(): info: down to 0 alive workers in B1
1743655340.287759: 3955708-7f3ee7fff700: cdpl_farm.c:4152: in cdpl_farm_dismiss(): debug: down to 0 running processes
1743655340.287769: 3955708-7f3ee7fff700: cdpl_server_sched.c:121: in _free_worker_2(): debug: freeing worker W1
1743655340.287776: 3955708-7f3ee7fff700: cdpl_ipc.c:2513: in cdpl_ipc_host_release(): debug: releasing host `152.14.98.62:42968'
1743655340.287782: 3955708-7f3f089ba700: cdpl_server_ipc.c:1236: in _sv_ipc_thread(): debug: received DROP notification
1743655340.287828: 3955708-7f3f335fd540: cdpl_server.c:294: in _sv_free_job(): info: freeing job J1
1743655340.287842: 3955708-7f3f335fd540: cdpl_server.c:92: in _sv_free_bin(): debug: freeing bin B1
1743655340.287851: 3955708-7f3f335fd540: cdpl_server.c:184: in _sv_free_task(): debug: freeing task T0
1743655340.287875: 3955708-7f3f335fd540: cdpl_monitor.c:515: in cdpl_mn_kill(): info: killing monitor
1743655340.287915: 3955708-7f3ef7fff700: cdpl_ipc.c:1582: in _host_free__UNSAFE(): debug: freeing host `152.14.98.62:42968'
1743655340.287955: 3955708-7f3ef7fff700: cdpl_ipc.c:1621: in _host_free__UNSAFE(): debug: [0 outq, 0 spR, 0 spW]
1743655340.287963: 3955708-7f3f335fd540: cdpl_ipc.c:3677: in cdpl_ipc_kill(): debug: stopping event server
1743655340.288111: 3955708-7f3ef77fe700: cdpl_ipc.c:2460: in _epoll_main(): debug: server going down...
1743655340.288219: 3955708-7f3ef7fff700: cdpl_ipc.c:775: in _readv(): warning: read(): EOF
1743655340.288288: 3955708-7f3ef7fff700: cdpl_ipc.c:2100: in _epoll_recv(): debug: _readv(): Broken pipe
1743655340.288299: 3955708-7f3ef7fff700: cdpl_ipc.c:2424: in _epoll_main(): debug: _epoll_recv(): Broken pipe
1743655340.288311: 3955708-7f3ef7fff700: cdpl_ipc.c:1657: in _host_drop__UNSAFE(): debug: dropping host `152.14.98.62:39742'
1743655340.288667: 3955708-7f3f089ba700: cdpl_server_ipc.c:1236: in _sv_ipc_thread(): debug: received DROP notification
1743655340.288702: 3955708-7f3f089ba700: cdpl_monitor.c:1269: in cdpl_mn_drop(): debug: detaching from monitor `152.14.98.62:39742'
1743655340.288715: 3955708-7f3f089ba700: cdpl_monitor.c:1101: in mn_systat_stop(): debug: joining systat thread
1743655340.288729: 3955708-7f3ee6ffd700: cdpl_ipc.c:3728: in cdpl_ipc_free(): debug: releasing IPC handle
1743655340.288759: 3955708-7f3ee6ffd700: cdpl_ipc.c:1582: in _host_free__UNSAFE(): debug: freeing host `152.14.98.62:45077'
1743655340.288767: 3955708-7f3ee6ffd700: cdpl_ipc.c:1621: in _host_free__UNSAFE(): debug: [0 outq, 0 spR, 0 spW]
1743655340.288784: 3955708-7f3ef5ffb700: cdpl_monitor.c:1079: in mn_systat(): debug: exiting
1743655340.288828: 3955708-7f3ee6ffd700: cdpl_ipc.c:1582: in _host_free__UNSAFE(): debug: freeing host `152.14.98.62:37067'
1743655340.288837: 3955708-7f3ee6ffd700: cdpl_ipc.c:1621: in _host_free__UNSAFE(): debug: [0 outq, 0 spR, 0 spW]
1743655340.288854: 3955708-7f3ee6ffd700: cdpl_ipc.c:3756: in cdpl_ipc_free(): warning: 2 host(s) were not released
1743655340.288872: 3955708-7f3ee6ffd700: cdpl_ipc.c:3767: in cdpl_ipc_free(): debug: done
1743655340.288879: 3955708-7f3ee6ffd700: cdpl_monitor.c:1390: in cdpl_mn_free(): debug: freeing monitor client
1743655340.288917: 3955708-7f3f089ba700: cdpl_monitor.c:1103: in mn_systat_stop(): debug: systat thread done
1743655340.288960: 3955708-7f3f089ba700: cdpl_ipc.c:2513: in cdpl_ipc_host_release(): debug: releasing host `152.14.98.62:39742'
1743655340.289117: 3955708-7f3f335fd540: cdpl_farm.c:2740: in cdpl_farm_free(): info: freeing farm
1743655340.289175: 3955708-7f3ee77fe700: cdpl_farm.c:2231: in _schedule(): debug: end of idling
1743655340.289186: 3955708-7f3ee77fe700: cdpl_farm.c:2235: in _schedule(): debug: dying
1743655340.289342: 3955708-7f3f335fd540: cdpl_farm.c:913: in _killall(): debug: killing all remaining commands
1743655340.289384: 3955708-7f3f335fd540: cdpl_server.c:3144: in cdpl_sv_free(): info: freeing server S711235120
1743655340.289394: 3955708-7f3f335fd540: cdpl_server.c:3109: in cdpl_sv_kill_errno(): info: killing server
1743655340.289400: 3955708-7f3f335fd540: cdpl_ipc.c:3677: in cdpl_ipc_kill(): debug: stopping event server
1743655340.289557: 3955708-7f3f089ba700: cdpl_server_ipc.c:1200: in _sv_ipc_thread(): debug: leaving now
1743655340.289597: 3955708-7f3ef7fff700: cdpl_ipc.c:2460: in _epoll_main(): debug: server going down...
1743655340.289642: 3955708-7f3f335fd540: cdpl_server.c:334: in _sv_free_master(): info: freeing master M1
1743655340.289654: 3955708-7f3f335fd540: cdpl_hash.c:68: in cdpl_h_destroy(): debug: put operations: 1
1743655340.289659: 3955708-7f3f335fd540: cdpl_hash.c:69: in cdpl_h_destroy(): debug: put collisions: 0
1743655340.289664: 3955708-7f3f335fd540: cdpl_hash.c:70: in cdpl_h_destroy(): debug: get operations: 1
1743655340.289668: 3955708-7f3f335fd540: cdpl_hash.c:71: in cdpl_h_destroy(): debug: get iterations: 1
1743655340.289684: 3955708-7f3f335fd540: cdpl_monitor.c:1390: in cdpl_mn_free(): debug: freeing monitor server
1743655340.289691: 3955708-7f3f335fd540: cdpl_ipc.c:3728: in cdpl_ipc_free(): debug: releasing IPC handle
1743655340.289697: 3955708-7f3f335fd540: cdpl_ipc.c:1582: in _host_free__UNSAFE(): debug: freeing host `152.14.98.62:39742'
1743655340.289703: 3955708-7f3f335fd540: cdpl_ipc.c:1621: in _host_free__UNSAFE(): debug: [0 outq, 0 spR, 0 spW]
1743655340.289760: 3955708-7f3f335fd540: cdpl_ipc.c:3767: in cdpl_ipc_free(): debug: done
1743655340.289766: 3955708-7f3f335fd540: cdpl_log.c:481: in cdpl_log_close(): info: @@end_of_log@@
