[00:48:54.03] /o 
              /c                          PrimeWave Design Environment 
              /c 
              /c                Version W-2024.09-SP1-2 for linux64 - Jan 15, 2025
              /c              Based on Custom Infrastructure
              /c Version W-2024.09-SP1-2
              /c 
              /c                     Copyright (c) 2004 - 2025 Synopsys, Inc.
              /c    This software and the associated documentation are proprietary to Synopsys,
              /c  Inc. This software may only be used in accordance with the terms and conditions
              /c  of a written license agreement with Synopsys, Inc. All other use, reproduction,
              /c    or distribution of this software is strictly prohibited.  Licensed Products
              /c      communicate with Synopsys servers for the purpose of providing software
              /c     updates, detecting software piracy and verifying that customers are using
              /c     Licensed Products in conformity with the applicable License Key for such
              /c   Licensed Products. Synopsys will use information gathered in connection with
              /c     this process to deliver software updates and pursue software pirates and
              /c                                    infringers.
              /c 
              /c  Inclusivity & Diversity - Visit SolvNetPlus to read the "Synopsys Statement on
              /c             Inclusivity and Diversity" (Refer to article 000036315 at
              /c                         https://solvnetplus.synopsys.com)
              /c 
              /c Build  (OPT) Config 11252589 compiled on Wed Jan 15 11:01:36 2025 for AlmaLinux 8.4
              /c Invocation: /mnt/apps/public/COE/synopsys_apps/primewave/W-2024.09-SP1-2/linux64/platform/bin/custom_shell -application primewave -gui 0 -uniqueString 424077b79e1069ee15bf8ef665bc682fa6ce3c83a474c3ab8dd83fb0058eea4a4e0df128c9c8fa0002bffc8e8f352317 -python 0 -command "source /mnt/coe/workspace/ece/ece546-spr25/group8/group8_project/synopsys_custom/sim_server/custom_compiler.svkolach/stb.group8.tspc_neg_ff_tb.schematic.session3/sim_server_init.tcl" -log /mnt/coe/workspace/ece/ece546-spr25/group8/group8_project/synopsys_custom/primewave_session3_sim_server_job1 -libDefFile /mnt/coe/workspace/ece/ece546-spr25/group8/group8_project/lib.defs
              /c Execution time: Mon Mar 24 00:48:50 2025
              /c Host: grendel41.ece.ncsu.edu
              /c Working directory: /mnt/coe/workspace/ece/ece546-spr25/group8/group8_project
              /c 
[00:49:04.59] /m Information: Registering ICV PERC package...
[00:49:05.66] /m Information: Feature 'SynopsysCustomSAE' checked out. (LICENSE-003)
[00:49:06.17] /o 
[00:49:06.22] /i source /mnt/coe/workspace/ece/ece546-spr25/group8/group8_project/synopsys_custom/sim_server/custom_compiler.svkolach/stb.group8.tspc_neg_ff_tb.schematic.session3/sim_server_init.tcl
[00:49:06.65] /o SimServer socket started on grendel41.ece.ncsu.edu:33641
[00:49:07.08] /m Information: Launching Waveform Viewer "cd /mnt/coe/workspace/ece/ece546-spr25/group8/group8_project/synopsys_custom/sim_server/custom_compiler.svkolach/stb.group8.tspc_neg_ff_tb.schematic.session3/logs &&  /mnt/apps/public/COE/synopsys_apps/primewave/W-2024.09-SP1-2/auxx/../linux64/swv/bin/swv  -bg_gui -k -cdesigner -ptype wv -spxkey /mnt/apps/public/COE/synopsys_apps/primewave/W-2024.09-SP1-2/auxx/waveform/sae.spxkey -spxrc /tmp/tmp_sae_spxrc_shJ0fU -unique_string 424077b79e1069eec6a9639a52dcf48ca6ce3c83a474c3ab8dd83fb0058eea4adb87396eccbed9c942180a4bbf45da43eaf35aefca29e22c -lic_type 2   -parent_cc_pid 871881  > /mnt/coe/workspace/ece/ece546-spr25/group8/group8_project/synopsys_custom/sim_server/custom_compiler.svkolach/stb.group8.tspc_neg_ff_tb.schematic.session3/logs/viewer.log 2>&1"
[00:49:07.29] /o ==== Received Msg ====
              /c len=35 sourceSoc=sock44bccff0 msgIndex=5 rawMsg=evalCmd ::wf::updateViewerLicense 2
[00:49:07.29] /o 
[00:49:07.31] /o ==== Received Msg ====
              /c len=35 sourceSoc=sock44bccff0 msgIndex=6 rawMsg=evalCmd ::wf::updateViewerLicense 2
[00:49:07.31] /o 
[00:49:45.31] /o ==== Received Msg ====
              /c len=213 sourceSoc=sock45fb8100 msgIndex=1 rawMsg=AppendTask /mnt/coe/workspace/ece/ece546-spr25/group8/group8_project/synopsys_custom/sim_server/custom_compiler.svkolach/stb.group8.tspc_neg_ff_tb.schematic.session3/task0/sim_script0.tcl 0 saeSession1 1 overwrite
[00:49:45.31] /o 
[00:49:48.03] /m Information: "Starting incremental netlisting for design "group8/tspc_neg_ff_tb/schematic"..." (NETLISTING-010)
[00:49:48.13] /o Loading: Callback files...
[00:49:48.15] /o Loading: scripts/callbacks/callbacks.tcl
[00:49:48.15] /o 
              /c [INFO] : Loading display.drf from /mnt/designkits/ncsu/FreePDK3/syncust/NCSU_TechLib_FreePDK3
              /c 
              /c  if you wish to Load other display.drf, please set shell environment valiable "iPDK_load_display_NCSU_TechLib_FreePDK3" to value = 0
[00:49:48.15] /o 
[00:49:48.18] /w Warning: Could not set the value of preference xtDRCTool because it does not exist. (PREFERENCE-016)
[00:49:48.18] /w Warning: Could not set the value of preference xtDRCICVRunsetFile because it does not exist. (PREFERENCE-016)
[00:49:48.18] /w Warning: Could not set the value of preference xtDRCICVIncludePaths because it does not exist. (PREFERENCE-016)
[00:49:48.18] /w Warning: Could not set the value of preference xtDRCLayDBFormat because it does not exist. (PREFERENCE-016)
[00:49:48.18] /w Warning: Could not set the value of preference xtLVSTool because it does not exist. (PREFERENCE-016)
[00:49:48.18] /w Warning: Could not set the value of preference xtLVSICVRunsetFile because it does not exist. (PREFERENCE-016)
[00:49:48.18] /w Warning: Could not set the value of preference xtLVSICVIncludePaths because it does not exist. (PREFERENCE-016)
[00:49:48.18] /w Warning: Could not set the value of preference xtLVSLayDBFormat because it does not exist. (PREFERENCE-016)
[00:49:48.18] /w Warning: Could not set the value of preference xtLPELVSTool because it does not exist. (PREFERENCE-016)
[00:49:48.18] /w Warning: Could not set the value of preference xtLPETool because it does not exist. (PREFERENCE-016)
[00:49:48.18] /w Warning: Could not set the value of preference xtLPEOpenParasiticView because it does not exist. (PREFERENCE-016)
[00:49:48.18] /w Warning: Could not set the value of preference xtStarTcadGrdFile because it does not exist. (PREFERENCE-016)
[00:49:48.18] /w Warning: Could not set the value of preference xtLPEStarOADeviceMappingFile because it does not exist. (PREFERENCE-016)
[00:49:48.18] /w Warning: Could not set the value of preference xtStarOALayerMappingFile because it does not exist. (PREFERENCE-016)
[00:49:48.18] /o 	#######################################
[00:49:48.18] /o 	CC-PDK Library Name	: FreePDK3
[00:49:48.18] /o 	#######################################
[00:49:48.18] /o 
[00:49:48.26] /o Netlisting
[00:49:48.26] /o Creating output directories
[00:49:48.75] /o No Design Integrity rule violations found in "group8/tspc_neg_ff_tb/schematic"
[00:49:48.75] /o Scanning: group8/tspc_neg_ff_tb/schematic
[00:49:49.00] /o Scanning: group8/tspc_neg_ff/schematic
[00:49:49.26] /o Scanning: FreePDK3_examples/inverter/schematic
[00:49:49.26] /o Computing terminal lists
[00:49:49.26] /o Processing terminals of module group8/tspc_neg_ff/schematic
[00:49:49.29] /o Processing terminals of module FreePDK3_examples/inverter/schematic
[00:49:49.29] /o Processing terminals of module group8/tspc_neg_ff_tb/schematic
[00:49:49.30] /o Starting netlisting
[00:49:49.47] /o Formatting group8/tspc_neg_ff/schematic
[00:49:49.50] /m Information: "group8 tspc_neg_ff schematic" renetlisted. (NETLISTING-056)
[00:49:49.56] /o Formatting FreePDK3_examples/inverter/schematic
[00:49:49.57] /m Information: "FreePDK3_examples inverter schematic" renetlisted. (NETLISTING-056)
[00:49:49.68] /o Formatting group8/tspc_neg_ff_tb/schematic
[00:49:49.70] /m Information: "group8 tspc_neg_ff_tb schematic" renetlisted. (NETLISTING-056)
[00:49:49.97] /m Information: "Netlisting design "group8/tspc_neg_ff_tb/schematic" finished successfully." (NETLISTING-012)
[00:49:50.18] /# Composing simulator input file for design "group8/tspc_neg_ff_tb/schematic"...
[00:49:51.66] /# Simulator input file composed successfully for design "group8/tspc_neg_ff_tb/schematic"
[00:49:51.94] /m Information: Save ouputs to /mnt/coe/workspace/ece/ece546-spr25/group8/group8_project/simulation/group8,tspc_neg_ff_tb,schematic/history_1/simulation/HSPICE_default/HSPICE/nominal/results/outputs.tcl for AVA evaluation.
[00:49:53.68] /o 
[00:49:55.42] /o                                          Composing Nominal                                         
[00:49:56.13] /o                         Launching jobs for testbench HSPICE_default started                        
[00:49:56.16] /# Starting PrimeSimHSPICE simulation for design: group8/tspc_neg_ff_tb/schematic
[00:49:56.29] /o                          Creating jobs for testbench HSPICE_default (0 / 1)                         
[00:49:56.41] /o                            Launching 1 jobs for testbench HSPICE_default                           
[00:50:03.10] /o                         Launching jobs for testbench HSPICE_default finished                        
[00:50:04.71] /m Information: 0 of 1 testbench(es) done. (PW_GUI-714)
[00:50:18.05] /m Information: Job distribution master (saeSession1,HSPICE_default.Simulation_Simulation session:session0 testbench:HSPICE_default) : up to 1 job running workers.
[00:50:40.18] /# Simulation completed successfully for design: group8/tspc_neg_ff_tb/schematic  (PW-651)
[00:50:40.35] /# Netlisting and simulation completed for testbench: HSPICE_default in 53s
[00:50:40.37] /# Evaluating and plotting outputs...
[00:50:46.20] /m Information: Jobs distribution master quit! (PW_GUI-822)
[00:50:46.69] /# Evaluating and plotting completed for testbench: HSPICE_default in 6s
[00:50:46.80] /m Information: 1 of 1 testbench(es) done. (PW_GUI-714)
[00:52:47.83] /o ==== Received Msg ====
              /c len=213 sourceSoc=sock4ce23df0 msgIndex=2 rawMsg=AppendTask /mnt/coe/workspace/ece/ece546-spr25/group8/group8_project/synopsys_custom/sim_server/custom_compiler.svkolach/stb.group8.tspc_neg_ff_tb.schematic.session3/task1/sim_script1.tcl 1 saeSession1 1 overwrite
[00:52:47.83] /o 
[00:52:48.03] /m Information: Feature 'SynopsysCustomSAE' checked in. (LICENSE-004)
[00:52:48.06] /m Information: Feature 'SynopsysCustomSAE' checked out. (LICENSE-003)
[00:52:50.58] /m Information: "Starting incremental netlisting for design "group8/tspc_neg_ff_tb/schematic"..." (NETLISTING-010)
[00:52:50.69] /o Netlisting
[00:52:50.69] /o Creating output directories
[00:52:50.93] /o No Design Integrity rule violations found in "group8/tspc_neg_ff_tb/schematic"
[00:52:50.93] /o Scanning: group8/tspc_neg_ff_tb/schematic
[00:52:51.02] /o Scanning: group8/tspc_neg_ff/schematic
[00:52:51.20] /o Scanning: FreePDK3_examples/inverter/schematic
[00:52:51.21] /o Computing terminal lists
[00:52:51.21] /o Processing terminals of module group8/tspc_neg_ff/schematic
[00:52:51.23] /o Processing terminals of module FreePDK3_examples/inverter/schematic
[00:52:51.23] /o Processing terminals of module group8/tspc_neg_ff_tb/schematic
[00:52:51.24] /o Starting netlisting
[00:52:51.53] /o Formatting group8/tspc_neg_ff_tb/schematic
[00:52:51.55] /m Information: "group8 tspc_neg_ff_tb schematic" renetlisted. (NETLISTING-056)
[00:52:51.76] /m Information: "Netlisting design "group8/tspc_neg_ff_tb/schematic" finished successfully." (NETLISTING-012)
[00:52:51.85] /# Composing simulator input file for design "group8/tspc_neg_ff_tb/schematic"...
[00:52:53.12] /# Simulator input file composed successfully for design "group8/tspc_neg_ff_tb/schematic"
[00:52:53.34] /m Information: Save ouputs to /mnt/coe/workspace/ece/ece546-spr25/group8/group8_project/simulation/group8,tspc_neg_ff_tb,schematic/history_1/simulation/HSPICE_default/HSPICE/nominal/results/outputs.tcl for AVA evaluation.
[00:52:55.66] /o 
[00:52:57.49] /o                                          Composing Nominal                                         
[00:52:58.04] /o                         Launching jobs for testbench HSPICE_default started                        
[00:52:58.06] /# Starting PrimeSimHSPICE simulation for design: group8/tspc_neg_ff_tb/schematic
[00:52:58.17] /o                          Creating jobs for testbench HSPICE_default (0 / 1)                         
[00:52:58.27] /o                            Launching 1 jobs for testbench HSPICE_default                           
[00:53:07.48] /o                         Launching jobs for testbench HSPICE_default finished                        
[00:53:07.62] /o 
[00:53:10.29] /m Information: 1 of 2 testbench(es) done. (PW_GUI-714)
[00:53:28.05] /m Information: Job distribution master (saeSession1,HSPICE_default.Simulation_Simulation session:session1 testbench:HSPICE_default) : up to 1 job running workers.
[00:53:49.86] /# Simulation completed successfully for design: group8/tspc_neg_ff_tb/schematic  (PW-651)
[00:53:50.02] /# Netlisting and simulation completed for testbench: HSPICE_default in 61s
[00:53:50.04] /# Evaluating and plotting outputs...
[00:53:56.28] /m Information: Jobs distribution master quit! (PW_GUI-822)
[00:53:57.25] /# Evaluating and plotting completed for testbench: HSPICE_default in 7s
[00:53:57.46] /m Information: 2 of 2 testbench(es) done. (PW_GUI-714)
[00:53:59.86] /o ==== Received Msg ====
              /c len=8 sourceSoc=sock4ce23df0 msgIndex=7 rawMsg=idleExit
[00:53:59.86] /o 
[00:53:59.89] /m Information: Exiting simulation server process. (PW_GUI-984)
[00:54:01.74] /o Shutdown time: Mon Mar 24 00:54:01 2025
[00:54:01.74] /o Elapsed session real time: 5.16 minutes
[00:54:01.74] /o Session terminated. Log is at /mnt/coe/workspace/ece/ece546-spr25/group8/group8_project/synopsys_custom/logs/primewave.svkolach.2025_3_24_004850_871881.log
[00:54:01.75] /e Error: {}
