   *** running Tcl script ... ***
   ***   -*- Tcl script done -*- ***
  -*- memory usage : 532.17MB -*-
  -*- CPU Time :     0.22s -*-
   *** running Tcl script ... ***
   ***   -*- Tcl script done -*- ***
  -*- memory usage : 532.17MB -*-
  -*- CPU Time :     0.22s -*-
   *** running Tcl script ... ***
   ***   -*- Tcl script done -*- ***
  -*- memory usage : 535.12MB -*-
  -*- CPU Time :     0.23s -*-
   *** running Tcl script ... ***
   ***   -*- Tcl script done -*- ***
  -*- memory usage : 535.12MB -*-
  -*- CPU Time :     0.24s -*-
   *** running Tcl script ... ***
   ***   -*- Tcl script done -*- ***
  -*- memory usage : 535.12MB -*-
  -*- CPU Time :     0.24s -*-
sx_set_data_directory {/mnt/coe/workspace/ece/ece546-spr25/group8/group8_project/simulation/group8,tspc_neg_ff_tb,schematic/history_1/simulation/HSPICE_default/HSPICE/nominal/results}
   *** running Tcl script ... ***
   ***   -*- Tcl script done -*- ***
  -*- memory usage : 535.52MB -*-
  -*- CPU Time :     0.26s -*-
[18:05:45.760] I| Created new database /mnt/coe/workspace/ece/ece546-spr25/group8/group8_project/simulation/group8,tspc_neg_ff_tb,schematic/history_1/simulation/HSPICE_default/HSPICE/nominal/results/post_results.db
[18:05:45.880] I| Setup simulation complete: 
    results directory: /mnt/coe/workspace/ece/ece546-spr25/group8/group8_project/simulation/group8,tspc_neg_ff_tb,schematic/history_1/simulation/HSPICE_default/HSPICE/nominal/results 
    post database directory: /mnt/coe/workspace/ece/ece546-spr25/group8/group8_project/simulation/group8,tspc_neg_ff_tb,schematic/history_1/simulation/HSPICE_default/HSPICE/nominal/results
   *** loading waveform file /mnt/coe/workspace/ece/ece546-spr25/group8/group8_project/simulation/group8,tspc_neg_ff_tb,schematic/history_1/simulation/HSPICE_default/HSPICE/nominal/results/resultsMap.xml ... ***
   *** loading waveform file /mnt/coe/workspace/ece/ece546-spr25/group8/group8_project/simulation/group8,tspc_neg_ff_tb,schematic/history_1/simulation/HSPICE_default/HSPICE/nominal/results/hspice_wdf.tr0 ... ***
   *** Loading waveform file finished ***
   *** Evaluating Equations... ***
Nominal: Start to call cckDBHandler to create handler
Nominal: Start to integrate database
Start to post process[18:05:47.920] I| Start generating post results database...
[18:05:47.920] I| Clear post result data in database.
[18:05:48.120] I| Create Post WDF File ...n/HSPICE_default/HSPICE/nominal/results/post1.wave
[18:05:48.190] I| Generate post results database complete.
