1742962334.555702: 1006090-7f32f42bf540: cdpl_log.c:337: in cdpl_log_open(): info: @@start_of_log@@
1742962334.555785: 1006090-7f32f42bf540: cdpl_log.c:1058: in cdpl_log_dump_sysinfo(): info: time: 2025/03/26 00:12:14 EDT -0400
1742962334.555792: 1006090-7f32f42bf540: cdpl_log.c:1060: in cdpl_log_dump_sysinfo(): info: version: W-2024.09-SP1-2 
1742962334.555796: 1006090-7f32f42bf540: cdpl_log.c:1062: in cdpl_log_dump_sysinfo(): info: system: Linux 4.18.0-553.45.1.el8_10.x86_64 #1 SMP Fri Mar 7 16:18:59 EST 2025
1742962334.555800: 1006090-7f32f42bf540: cdpl_log.c:1067: in cdpl_log_dump_sysinfo(): info: processor: x86_64 64-bits
1742962334.555803: 1006090-7f32f42bf540: cdpl_log.c:1071: in cdpl_log_dump_sysinfo(): info: hostname: hydra11.ece.ncsu.edu
1742962334.555807: 1006090-7f32f42bf540: cdpl_log.c:1073: in cdpl_log_dump_sysinfo(): info: program name: custom_shell
1742962334.555813: 1006090-7f32f42bf540: cdpl_log.c:340: in cdpl_log_open(): debug: path: /mnt/coe/workspace/ece/ece546-spr25/group8/group8_project/synopsys_custom/pwdp_jobs/saeSession0_default.SimulationSimulation_cdpl.0.1006090/logs/master.hydra11.ece.ncsu.edu.1006090.log
1742962334.555817: 1006090-7f32f42bf540: cdpl_log.c:341: in cdpl_log_open(): debug: dir: /mnt/coe/workspace/ece/ece546-spr25/group8/group8_project/synopsys_custom/pwdp_jobs/saeSession0_default.SimulationSimulation_cdpl.0.1006090/logs
1742962334.555899: 1006090-7f32f42bf540: cdpl_server.c:536: in cdpl_sv_init(): info: new server S1757207797
1742962334.555924: 1006090-7f32f42bf540: cdpl_ipc.c:3475: in cdpl_ipc_init(): info: requesting IPv4 protocol
1742962334.561881: 1006090-7f32f42bf540: cdpl_ipc.c:837: in _selectaddrfamily(): info: selected IPv4 protocol
1742962334.561969: 1006090-7f32f42bf540: cdpl_ipc.c:1139: in _set_keepalive(): info: TCP keep alive interval: 300
1742962334.564844: 1006090-7f32f42bf540: cdpl_monitor.c:1117: in cdpl_mn_new_server(): info: creating server monitor instance
1742962334.564890: 1006090-7f32f42bf540: cdpl_server.c:650: in cdpl_sv_new_master(): info: new master M1
1742962334.564918: 1006090-7f32f42bf540: cdpl_server.c:6533: in cdpl_sv_ctl_master(): info: Setting worker heartbeat to 120 seconds
1742962334.564923: 1006090-7f32f42bf540: cdpl_server.c:6542: in cdpl_sv_ctl_master(): info: Setting worker heartbeat timeout to 3 heartbeats
1742962334.564929: 1006090-7f32f42bf540: cdpl_compat_master.c:2090: in _parse_hostfile(): info: reading hostfile `/mnt/coe/workspace/ece/ece546-spr25/group8/group8_project/synopsys_custom/pwdp_jobs/saeSession0_default.SimulationSimulation_cdpl.0.1006090/host_file'
1742962334.569479: 1006090-7f32f42bf540: cdpl_compat_master.c:1900: in _hostfile_parser(): debug: parsing "1     |localhost|   -1  | /tmp | SH | sh"
1742962334.569542: 1006090-7f32f42bf540: cdpl_farm.c:2578: in cdpl_farm_new_sh(): info: creating SH farm on localhost
1742962334.569567: 1006090-7f32f42bf540: cdpl_compat_master.c:206: in _set_farm_env(): info: exporting CDPL_LOGDIR as `/mnt/coe/workspace/ece/ece546-spr25/group8/group8_project/synopsys_custom/pwdp_jobs/saeSession0_default.SimulationSimulation_cdpl.0.1006090/logs'
1742962334.569574: 1006090-7f32f42bf540: cdpl_compat_master.c:212: in _set_farm_env(): info: exporting CDPL_TMPDIR as `/tmp'
1742962334.569580: 1006090-7f32f42bf540: cdpl_compat_master.c:219: in _set_farm_env(): info: exporting CDPL_HOME as `/mnt/apps/public/COE/synopsys_apps/hspice/W-2024.09-SP1/hspice/cdpl'
1742962334.569587: 1006090-7f32f42bf540: cdpl_compat_master.c:235: in _set_farm_env(): info: exporting SNPSLMD_LICENSE_FILE as `27000@ece-lic-35.ece.ncsu.edu'
1742962334.569593: 1006090-7f32f42bf540: cdpl_compat_master.c:259: in _set_farm_env(): info: exporting CDPL_OPTIONS as `[nowlogs]'
1742962334.569598: 1006090-7f32f42bf540: cdpl_compat_master.c:266: in _set_farm_env(): info: exporting DISPLAY as `unix:23378'
1742962334.569604: 1006090-7f32f42bf540: cdpl_compat_master.c:274: in _set_farm_env(): info: exporting CDPL_HEARTBEAT as `120'
1742962334.569643: 1006090-7f32f42bf540: cdpl_farm.c:3149: in cdpl_farm_add_withdir(): debug: added `localhost' (capacity: unlimited)
1742962334.569665: 1006090-7f32f42bf540: cdpl_compat_parse.c:147: in parsefile(): debug: read `/mnt/coe/workspace/ece/ece546-spr25/group8/group8_project/synopsys_custom/pwdp_jobs/saeSession0_default.SimulationSimulation_cdpl.0.1006090/host_file', 2 lines
1742962334.569672: 1006090-7f32f42bf540: cdpl_compat_master.c:2931: in cdplInitMaster(): info: bcast dir is `/mnt/coe/workspace/ece/ece546-spr25/group8/group8_project/synopsys_custom/pwdp_jobs/saeSession0_default.SimulationSimulation_cdpl.0.1006090/logs'
1742962334.573299: 1006090-7f32f42bf540: cdpl_server.c:6433: in cdpl_sv_ctl_master(): info: farm worker timeout set to 300
1742962334.573311: 1006090-7f32f42bf540: cdpl_server.c:6486: in cdpl_sv_ctl_master(): info: maximum number of task execution attempts set to 1
1742962334.573370: 1006090-7f32f42bf540: cdpl_server.c:3195: in cdpl_sv_start(): debug: starting server
1742962334.573386: 1006090-7f32f42bf540: cdpl_ipc.c:3632: in cdpl_ipc_start(): debug: starting IPC server 152.14.98.7:34277
1742962334.573796: 1006090-7f32c8ea7700: cdpl_server_ipc.c:1182: in _sv_ipc_thread(): debug: ready
1742962334.574681: 1006090-7f32b7fff700: cdpl_monitor.c:426: in cdpl_mn_init_client(): info: creating client monitor instance
1742962334.574711: 1006090-7f32b7fff700: cdpl_ipc.c:3475: in cdpl_ipc_init(): info: requesting IPv4 protocol
1742962334.580414: 1006090-7f32b7fff700: cdpl_ipc.c:837: in _selectaddrfamily(): info: selected IPv4 protocol
1742962334.580468: 1006090-7f32b7fff700: cdpl_ipc.c:1139: in _set_keepalive(): info: TCP keep alive interval: 300
1742962334.583121: 1006090-7f32b7fff700: cdpl_ipc.c:3632: in cdpl_ipc_start(): debug: starting IPC server 152.14.98.7:43843
1742962334.583454: 1006090-7f32b7fff700: cdpl_monitor.c:471: in cdpl_mn_init_client(): debug: incoming messages in /tmp/cdpl-monitor-rzywK8
1742962334.583657: 1006090-7f32b7fff700: cdpl_monitor.c:533: in cdpl_mn_connect(): debug: connecting to 152.14.98.7:34277
1742962334.583676: 1006090-7f32b7fff700: cdpl_ipc.c:3789: in cdpl_ipc_connect(): info: connecting to 152.14.98.7:34277
1742962334.583922: 1006090-7f32b7fff700: cdpl_ipc.c:3860: in cdpl_ipc_connect(): info: connected as `152.14.98.7:35050'
1742962334.583957: 1006090-7f32b7fff700: cdpl_ipc.c:2503: in cdpl_ipc_host_accept(): debug: accepted host `152.14.98.7:34277'
1742962334.583996: 1006090-7f32c96a8700: cdpl_ipc.c:1862: in _epoll_accept(): debug: new connection from `152.14.98.7:35050'
1742962334.584018: 1006090-7f32b7fff700: cdpl_monitor.c:579: in cdpl_mn_connect(): debug: ok
1742962334.584113: 1006090-7f32c8ea7700: cdpl_server_ipc.c:1225: in _sv_ipc_thread(): debug: received ACCEPT notification
1742962334.584134: 1006090-7f32f42bf540: cdpl_server.c:731: in cdpl_sv_new_job(): info: new job J1 in M1
1742962334.584154: 1006090-7f32c8ea7700: cdpl_ipc.c:2503: in cdpl_ipc_host_accept(): debug: accepted host `152.14.98.7:35050'
1742962334.584162: 1006090-7f32c8ea7700: cdpl_server_ipc.c:1256: in _sv_ipc_thread(): debug: received MONITOR message
1742962334.584199: 1006090-7f32f42bf540: cdpl_compat_master.c:1581: in _add_worker(): info: new worker type 10, min:1, max:3, cmd:`/mnt/coe/workspace/ece/ece546-spr25/group8/group8_project/synopsys_custom/pwdp_jobs/saeSession0_default.SimulationSimulation_cdpl.0.1006090/START_WORKER pw_worker -i /mnt/coe/workspace/ece/ece546-spr25/group8/group8_
1742962334.584236: 1006090-7f32f42bf540: cdpl_server.c:908: in cdpl_sv_new_bin_withfarm(): info: new bin B1 in J1
1742962334.584398: 1006090-7f32c8ea7700: cdpl_monitor.c:1207: in cdpl_mn_accept(): debug: accepted monitor `152.14.98.7:35050'
1742962334.584408: 1006090-7f32c8ea7700: cdpl_server_ipc_mon.c:120: in _globalLOCK(): debug: ENTERTING GLOBAL LOCK
1742962334.584412: 1006090-7f32c8ea7700: cdpl_server_ipc_mon.c:164: in _globalLOCK(): debug: global lock acquired
1742962334.584450: 1006090-7f32b67fc700: cdpl_monitor.c:910: in mn_systat(): debug: started
1742962334.584925: 1006090-7f32b67fc700: cdpl_monitor.c:937: in mn_systat(): debug: monitor server flush rate: 5
1742962334.672358: 1006090-7f32c8ea7700: cdpl_server_ipc_mon.c:210: in _globalUNLOCK(): debug: LEAVING GLOBAL LOCK
1742962334.810444: 1006090-7f32f42bf540: cdpl_server.c:3249: in cdpl_sv_start_job(): info: starting job J1
1742962334.810483: 1006090-7f32f42bf540: cdpl_server.c:62: in _sv_start_bin(): debug: starting bin B1 (min: 0, max: 3)
1742962334.811208: 1006090-7f329ffff700: cdpl_server_sched.c:2482: in _sv_scheduler_thread(): debug: scheduler for bin B1 started
1742962334.811242: 1006090-7f32f42bf540: cdpl_server.c:1893: in _sv_gen_task(): info: new task T0 in B1 (prio 0)
1742962334.811313: 1006090-7f32f42bf540: cdpl_server.c:2698: in cdpl_sv_label_task_va(): info: setting task T0 label to "HSPICE_1|HSPICE"
1742962334.811422: 1006090-7f329ffff700: cdpl_server_sched.c:2443: in _scheduler_run(): debug: will start a new worker
1742962334.811485: 1006090-7f329ffff700: cdpl_farm.c:3977: in cdpl_farm_submit(): debug: 1 running processes
1742962334.811492: 1006090-7f329ffff700: cdpl_farm.c:3985: in cdpl_farm_submit(): debug: new command C1 in bin B1 assigned to host `localhost'
1742962334.811624: 1006090-7f329ffff700: cdpl_server_sched.c:705: in _sv_launch_worker(): info: started worker W1 (as C1) in bin B1
1742962334.811667: 1006090-7f329f7fe700: cdpl_farm.c:2139: in _schedule(): debug: started
1742962334.811683: 1006090-7f329f7fe700: cdpl_farm.c:2303: in _schedule(): debug: submitting command C1 in bin B1
1742962334.811717: 1006090-7f329f7fe700: cdpl_sh.c:49: in _sh_detached_submit(): info: SH : /mnt/coe/workspace/ece/ece546-spr25/group8/group8_project/synopsys_custom/pwdp_jobs/saeSession0_default.SimulationSimulation_cdpl.0.1006090/START_WORKER pw_worker -i /mnt/coe/workspace/ece/ece546-spr25/group8/group8_project/synopsys_custom/pwdp_jobs/saeSession0_default.SimulationSimulation_cdpl.0.1006090 -t 10000
1742962334.821767: 1006090-7f329f7fe700: cdpl_farm.c:2343: in _schedule(): debug: C1 in bin B1 running on slot 0
1742962334.821829: 1006090-7f329f7fe700: cdpl_farm.c:2167: in _schedule(): debug: idle
1742962334.965043: 1006090-7f32f42bf540: cdpl_compat_master.c:5948: in cdplMasterLogInfo(): info: [non-CDPL log entry] PWDP3: reset pilot cache succeeded, pilot_key=saeSession0,1,default|&/mnt/coe/workspace/ece/ece546-spr25/group8/group8_project/simulation/group8,write_logic,schematic/history_1/simulation/default/PrimeSimHSPICE/nominal/results
1742962335.121949: 1006090-7f329f7fe700: cdpl_farm.c:1193: in _onexit(): debug: C1 in bin B1 exited normally on slot 0
1742962335.916096: 1006090-7f32b57fa700: cdpl_compat_master.c:5948: in cdplMasterLogInfo(): info: [non-CDPL log entry] PWDP - no-workers started ok check start!
1742962337.426967: 1006090-7f32c96a8700: cdpl_ipc.c:1862: in _epoll_accept(): debug: new connection from `152.14.98.7:35060'
1742962337.427049: 1006090-7f32c8ea7700: cdpl_server_ipc.c:1225: in _sv_ipc_thread(): debug: received ACCEPT notification
1742962337.427067: 1006090-7f32c8ea7700: cdpl_ipc.c:2503: in cdpl_ipc_host_accept(): debug: accepted host `152.14.98.7:35060'
1742962337.427198: 1006090-7f32c8ea7700: cdpl_server_ipc.c:1246: in _sv_ipc_thread(): debug: received HELLO message
1742962337.427204: 1006090-7f32c8ea7700: cdpl_server_ipc.c:430: in _sv_on_hello(): debug: looking up W1
1742962337.427209: 1006090-7f32c8ea7700: cdpl_server_ipc.c:540: in _sv_on_hello(): info: W1 is `152.14.98.7:35060'
1742962337.427213: 1006090-7f32c8ea7700: cdpl_server_ipc.c:541: in _sv_on_hello(): debug: hello W1 (B1)
1742962337.427216: 1006090-7f32c8ea7700: cdpl_server_ipc.c:542: in _sv_on_hello(): info: W1 log file is /dev/null
1742962337.427285: 1006090-7f32c8ea7700: cdpl_server_ipc.c:602: in _sv_on_hello(): info: up to 1 alive workers in B1
1742962337.427301: 1006090-7f32c8ea7700: cdpl_farm.c:878: in _release_cmd(): debug: freeing command C1 in bin B1
1742962337.427951: 1006090-7f329ffff700: cdpl_server_sched.c:960: in _assign(): info: assigning task T0 to worker W1
1742962338.427667: 1006090-7f32c8ea7700: cdpl_server_ipc.c:312: in _sv_on_heartbeat(): debug: received HEARTBEAT from worker W1 at 152.14.98.7:35060
1742962339.656201: 1006090-7f32b7fff700: cdpl_monitor.c:533: in cdpl_mn_connect(): debug: connecting to 152.14.98.7:45705
1742962339.656221: 1006090-7f32b7fff700: cdpl_ipc.c:3789: in cdpl_ipc_connect(): info: connecting to 152.14.98.7:45705
1742962339.656403: 1006090-7f32b7fff700: cdpl_ipc.c:3860: in cdpl_ipc_connect(): info: connected as `152.14.98.7:44344'
1742962339.656418: 1006090-7f32b7fff700: cdpl_ipc.c:2503: in cdpl_ipc_host_accept(): debug: accepted host `152.14.98.7:45705'
1742962339.656425: 1006090-7f32b7fff700: cdpl_monitor.c:579: in cdpl_mn_connect(): debug: ok
1742962341.648321: 1006090-7f32c8ea7700: cdpl_server_ipc.c:1268: in _sv_ipc_thread(): debug: received RELAY message
1742962341.648339: 1006090-7f32c8ea7700: cdpl_server_ipc.c:713: in _sv_on_relay(): debug: RELAY message from W1, size = 58
1742962341.648345: 1006090-7f32c8ea7700: cdpl_server_ipc.c:715: in _sv_on_relay(): debug: RELAY message from W1, content = 0$1006768 hydra11.ece.ncsu.edu 1006836 RUNNING 1742962340
1742962364.418099: 1006090-7f32c8ea7700: cdpl_server_ipc.c:1268: in _sv_ipc_thread(): debug: received RELAY message
1742962364.419289: 1006090-7f32c8ea7700: cdpl_server_ipc.c:713: in _sv_on_relay(): debug: RELAY message from W1, size = 48
1742962364.419301: 1006090-7f32c8ea7700: cdpl_server_ipc.c:715: in _sv_on_relay(): debug: RELAY message from W1, content = WORKERDU|1235,dc2isi00nfs.oit.ncsu.edu:/coe_nfs
1742962364.419316: 1006090-7f32c8ea7700: cdpl_server_ipc.c:1268: in _sv_ipc_thread(): debug: received RELAY message
1742962364.419322: 1006090-7f32c8ea7700: cdpl_server_ipc.c:713: in _sv_on_relay(): debug: RELAY message from W1, size = 193
1742962364.419327: 1006090-7f32c8ea7700: cdpl_server_ipc.c:715: in _sv_on_relay(): debug: RELAY message from W1, content = REQPILOT|saeSession0,1,default|&/mnt/coe/workspace/ece/ece546-spr25/group8/group8_project/simulation/group8,write_logic,schematic/history_1/simulation/default/PrimeSimHSPICE/nominal/results|&0
1742962364.419491: 1006090-7f32b5ffb700: cdpl_compat_master.c:5948: in cdplMasterLogInfo(): info: [non-CDPL log entry] PWDP send back 'DOPILOT' to worker id:1 key: saeSession0,1,default|&/mnt/coe/workspace/ece/ece546-spr25/group8/group8_project/simulation/group8,write_logic,schematic/history_1/simulation/default/PrimeSimHSPICE/nominal/results
1742962364.425137: 1006090-7f32b5ffb700: cdpl_compat_master.c:5948: in cdplMasterLogInfo(): info: [non-CDPL log entry] PWDP: set pilot doing!
1742962364.435500: 1006090-7f32c8ea7700: cdpl_server_ipc.c:1268: in _sv_ipc_thread(): debug: received RELAY message
1742962364.435514: 1006090-7f32c8ea7700: cdpl_server_ipc.c:713: in _sv_on_relay(): debug: RELAY message from W1, size = 189
1742962364.435519: 1006090-7f32c8ea7700: cdpl_server_ipc.c:715: in _sv_on_relay(): debug: RELAY message from W1, content = PILOTOK|saeSession0,1,default|&/mnt/coe/workspace/ece/ece546-spr25/group8/group8_project/simulation/group8,write_logic,schematic/history_1/simulation/default/PrimeSimHSPICE/nominal/results
1742962364.435565: 1006090-7f32b5ffb700: cdpl_compat_master.c:5948: in cdplMasterLogInfo(): info: [non-CDPL log entry] PWDP: set pilot done!
1742962364.435706: 1006090-7f32c8ea7700: cdpl_server_ipc.c:1268: in _sv_ipc_thread(): debug: received RELAY message
1742962364.435711: 1006090-7f32c8ea7700: cdpl_server_ipc.c:713: in _sv_on_relay(): debug: RELAY message from W1, size = 18
1742962364.435714: 1006090-7f32c8ea7700: cdpl_server_ipc.c:715: in _sv_on_relay(): debug: RELAY message from W1, content = 0$- - - MEASDOING
1742962367.352651: 1006090-7f32c8ea7700: cdpl_server_ipc.c:1268: in _sv_ipc_thread(): debug: received RELAY message
1742962367.352671: 1006090-7f32c8ea7700: cdpl_server_ipc.c:713: in _sv_on_relay(): debug: RELAY message from W1, size = 70
1742962367.352677: 1006090-7f32c8ea7700: cdpl_server_ipc.c:715: in _sv_on_relay(): debug: RELAY message from W1, content = 0$1006768 hydra11.ece.ncsu.edu 1006836 FINISHED 1742962340|1742962367
1742962367.365652: 1006090-7f32c8ea7700: cdpl_server_ipc.c:1268: in _sv_ipc_thread(): debug: received RELAY message
1742962367.365665: 1006090-7f32c8ea7700: cdpl_server_ipc.c:713: in _sv_on_relay(): debug: RELAY message from W1, size = 191
1742962367.365679: 1006090-7f32c8ea7700: cdpl_server_ipc.c:715: in _sv_on_relay(): debug: RELAY message from W1, content = PILOTDONE|saeSession0,1,default|&/mnt/coe/workspace/ece/ece546-spr25/group8/group8_project/simulation/group8,write_logic,schematic/history_1/simulation/default/PrimeSimHSPICE/nominal/results
1742962367.365740: 1006090-7f32b5ffb700: cdpl_compat_master.c:5948: in cdplMasterLogInfo(): info: [non-CDPL log entry] saeSession0,1,default|&/mnt/coe/workspace/ece/ece546-spr25/group8/group8_project/simulation/group8,write_logic,schematic/history_1/simulation/default/PrimeSimHSPICE/nominal/results PILOTDONE!
1742962367.380175: 1006090-7f32c8ea7700: cdpl_server_ipc.c:1251: in _sv_ipc_thread(): debug: received FINISH message
1742962367.380189: 1006090-7f32c8ea7700: cdpl_server_ipc.c:983: in _sv_on_finish(): info: worker W1 completed task T0
1742962367.380193: 1006090-7f32c8ea7700: cdpl_server_ipc.c:988: in _sv_on_finish(): debug: stat T0: utime=15919 stime=2675
1742962367.380198: 1006090-7f32c8ea7700: cdpl_server_ipc.c:993: in _sv_on_finish(): debug: statm T0: vsize=2867120 rss=1059940 shared=519660 text=474784 data=732532
1742962367.407504: 1006090-7f32c8ea7700: cdpl_server_ipc.c:1268: in _sv_ipc_thread(): debug: received RELAY message
1742962367.407520: 1006090-7f32c8ea7700: cdpl_server_ipc.c:713: in _sv_on_relay(): debug: RELAY message from W1, size = 47
1742962367.407525: 1006090-7f32c8ea7700: cdpl_server_ipc.c:715: in _sv_on_relay(): debug: RELAY message from W1, content = WORKERDU|108,dc2isi00nfs.oit.ncsu.edu:/coe_nfs
1742962367.438930: 1006090-7f32f42bf540: cdpl_server.c:227: in _sv_free_task_safe(): debug: freeing task T0
1742962371.722495: 1006090-7f32f42bf540: cdpl_server.c:3008: in cdpl_sv_halt_job_errno(): info: killing job J1
1742962371.723772: 1006090-7f32f42bf540: cdpl_server.c:3044: in cdpl_sv_halt_job_errno(): debug: signal bin B1 scheduler to stop
1742962371.723826: 1006090-7f329ffff700: cdpl_server_sched.c:2484: in _sv_scheduler_thread(): debug: scheduler for bin B1 stopped
1742962371.723898: 1006090-7f329ffff700: cdpl_ipc.c:1657: in _host_drop__UNSAFE(): debug: dropping host `152.14.98.7:35060'
1742962371.723964: 1006090-7f329ffff700: cdpl_server_sched.c:2830: in _sv_drop_worker(): info: down to 0 alive workers in B1
1742962371.723970: 1006090-7f32c8ea7700: cdpl_server_ipc.c:1236: in _sv_ipc_thread(): debug: received DROP notification
1742962371.723990: 1006090-7f329ffff700: cdpl_farm.c:4152: in cdpl_farm_dismiss(): debug: down to 0 running processes
1742962371.724018: 1006090-7f329ffff700: cdpl_server_sched.c:121: in _free_worker_2(): debug: freeing worker W1
1742962371.724046: 1006090-7f329ffff700: cdpl_ipc.c:2513: in cdpl_ipc_host_release(): debug: releasing host `152.14.98.7:35060'
1742962371.724050: 1006090-7f329ffff700: cdpl_ipc.c:2529: in cdpl_ipc_host_release(): debug: scheduling for immediate release
1742962371.724079: 1006090-7f32f42bf540: cdpl_server.c:294: in _sv_free_job(): info: freeing job J1
1742962371.724087: 1006090-7f32f42bf540: cdpl_server.c:92: in _sv_free_bin(): debug: freeing bin B1
1742962371.724158: 1006090-7f32f42bf540: cdpl_monitor.c:515: in cdpl_mn_kill(): info: killing monitor
1742962371.724171: 1006090-7f32f42bf540: cdpl_ipc.c:3677: in cdpl_ipc_kill(): debug: stopping event server
1742962371.724215: 1006090-7f32b77fe700: cdpl_ipc.c:2460: in _epoll_main(): debug: server going down...
1742962371.724266: 1006090-7f32c96a8700: cdpl_ipc.c:775: in _readv(): warning: read(): EOF
1742962371.724388: 1006090-7f32c96a8700: cdpl_ipc.c:2100: in _epoll_recv(): debug: _readv(): Broken pipe
1742962371.724397: 1006090-7f32c96a8700: cdpl_ipc.c:2424: in _epoll_main(): debug: _epoll_recv(): Broken pipe
1742962371.724405: 1006090-7f32c96a8700: cdpl_ipc.c:1657: in _host_drop__UNSAFE(): debug: dropping host `152.14.98.7:35050'
1742962371.724446: 1006090-7f32b7fff700: cdpl_ipc.c:3728: in cdpl_ipc_free(): debug: releasing IPC handle
1742962371.724459: 1006090-7f32b7fff700: cdpl_ipc.c:1582: in _host_free__UNSAFE(): debug: freeing host `152.14.98.7:45705'
1742962371.724471: 1006090-7f32c96a8700: cdpl_ipc.c:1582: in _host_free__UNSAFE(): debug: freeing host `152.14.98.7:35060'
1742962371.724482: 1006090-7f32c96a8700: cdpl_ipc.c:1621: in _host_free__UNSAFE(): debug: [0 outq, 0 spR, 0 spW]
1742962371.724490: 1006090-7f32b7fff700: cdpl_ipc.c:1621: in _host_free__UNSAFE(): debug: [0 outq, 0 spR, 0 spW]
1742962371.724499: 1006090-7f32c8ea7700: cdpl_server_ipc.c:1236: in _sv_ipc_thread(): debug: received DROP notification
1742962371.724517: 1006090-7f32b7fff700: cdpl_ipc.c:1582: in _host_free__UNSAFE(): debug: freeing host `152.14.98.7:34277'
1742962371.724521: 1006090-7f32b7fff700: cdpl_ipc.c:1621: in _host_free__UNSAFE(): debug: [0 outq, 0 spR, 0 spW]
1742962371.724526: 1006090-7f32c8ea7700: cdpl_monitor.c:1269: in cdpl_mn_drop(): debug: detaching from monitor `152.14.98.7:35050'
1742962371.724534: 1006090-7f32b7fff700: cdpl_ipc.c:3756: in cdpl_ipc_free(): warning: 2 host(s) were not released
1742962371.724543: 1006090-7f32c8ea7700: cdpl_monitor.c:1101: in mn_systat_stop(): debug: joining systat thread
1742962371.724562: 1006090-7f32b7fff700: cdpl_ipc.c:3767: in cdpl_ipc_free(): debug: done
1742962371.724566: 1006090-7f32b7fff700: cdpl_monitor.c:1390: in cdpl_mn_free(): debug: freeing monitor client
1742962371.724601: 1006090-7f32b67fc700: cdpl_monitor.c:1079: in mn_systat(): debug: exiting
1742962371.724618: 1006090-7f32c8ea7700: cdpl_monitor.c:1103: in mn_systat_stop(): debug: systat thread done
1742962371.724627: 1006090-7f32c8ea7700: cdpl_ipc.c:2513: in cdpl_ipc_host_release(): debug: releasing host `152.14.98.7:35050'
1742962371.724922: 1006090-7f32f42bf540: cdpl_farm.c:2740: in cdpl_farm_free(): info: freeing farm
1742962371.724971: 1006090-7f329f7fe700: cdpl_farm.c:2231: in _schedule(): debug: end of idling
1742962371.724977: 1006090-7f329f7fe700: cdpl_farm.c:2235: in _schedule(): debug: dying
1742962371.725047: 1006090-7f32f42bf540: cdpl_farm.c:913: in _killall(): debug: killing all remaining commands
1742962371.725076: 1006090-7f32f42bf540: cdpl_server.c:3144: in cdpl_sv_free(): info: freeing server S1757207797
1742962371.725106: 1006090-7f32f42bf540: cdpl_server.c:3109: in cdpl_sv_kill_errno(): info: killing server
1742962371.725111: 1006090-7f32f42bf540: cdpl_ipc.c:3677: in cdpl_ipc_kill(): debug: stopping event server
1742962371.725127: 1006090-7f32c96a8700: cdpl_ipc.c:2460: in _epoll_main(): debug: server going down...
1742962371.725140: 1006090-7f32c8ea7700: cdpl_server_ipc.c:1200: in _sv_ipc_thread(): debug: leaving now
1742962371.725157: 1006090-7f32f42bf540: cdpl_server.c:334: in _sv_free_master(): info: freeing master M1
1742962371.725177: 1006090-7f32f42bf540: cdpl_hash.c:68: in cdpl_h_destroy(): debug: put operations: 1
1742962371.725182: 1006090-7f32f42bf540: cdpl_hash.c:69: in cdpl_h_destroy(): debug: put collisions: 0
1742962371.725185: 1006090-7f32f42bf540: cdpl_hash.c:70: in cdpl_h_destroy(): debug: get operations: 1
1742962371.725188: 1006090-7f32f42bf540: cdpl_hash.c:71: in cdpl_h_destroy(): debug: get iterations: 1
1742962371.725203: 1006090-7f32f42bf540: cdpl_monitor.c:1390: in cdpl_mn_free(): debug: freeing monitor server
1742962371.725208: 1006090-7f32f42bf540: cdpl_ipc.c:3728: in cdpl_ipc_free(): debug: releasing IPC handle
1742962371.725211: 1006090-7f32f42bf540: cdpl_ipc.c:1582: in _host_free__UNSAFE(): debug: freeing host `152.14.98.7:35050'
1742962371.725215: 1006090-7f32f42bf540: cdpl_ipc.c:1621: in _host_free__UNSAFE(): debug: [0 outq, 0 spR, 0 spW]
1742962371.725238: 1006090-7f32f42bf540: cdpl_ipc.c:3767: in cdpl_ipc_free(): debug: done
1742962371.725250: 1006090-7f32f42bf540: cdpl_log.c:481: in cdpl_log_close(): info: @@end_of_log@@
