1743734476.626884: 182311-7f76a9b3d540: cdpl_log.c:337: in cdpl_log_open(): info: @@start_of_log@@
1743734476.626900: 182311-7f76a9b3d540: cdpl_log.c:1058: in cdpl_log_dump_sysinfo(): info: time: 2025/04/03 22:41:16 EDT -0400
1743734476.626901: 182311-7f76a9b3d540: cdpl_log.c:1060: in cdpl_log_dump_sysinfo(): info: version: W-2024.09-SP1-2 
1743734476.626902: 182311-7f76a9b3d540: cdpl_log.c:1062: in cdpl_log_dump_sysinfo(): info: system: Linux 4.18.0-553.46.1.el8_10.x86_64 #1 SMP Sat Mar 15 01:37:33 EDT 2025
1743734476.626903: 182311-7f76a9b3d540: cdpl_log.c:1067: in cdpl_log_dump_sysinfo(): info: processor: x86_64 64-bits
1743734476.626904: 182311-7f76a9b3d540: cdpl_log.c:1071: in cdpl_log_dump_sysinfo(): info: hostname: viper.ece.ncsu.edu
1743734476.626906: 182311-7f76a9b3d540: cdpl_log.c:1073: in cdpl_log_dump_sysinfo(): info: program name: custom_shell
1743734476.626907: 182311-7f76a9b3d540: cdpl_log.c:340: in cdpl_log_open(): debug: path: /mnt/coe/workspace/ece/ece546-spr25/group8/group8_project/synopsys_custom/pwdp_jobs/saeSession4_default.SimulationSimulation_cdpl.0.182311/logs/master.viper.ece.ncsu.edu.182311.log
1743734476.626908: 182311-7f76a9b3d540: cdpl_log.c:341: in cdpl_log_open(): debug: dir: /mnt/coe/workspace/ece/ece546-spr25/group8/group8_project/synopsys_custom/pwdp_jobs/saeSession4_default.SimulationSimulation_cdpl.0.182311/logs
1743734476.626929: 182311-7f76a9b3d540: cdpl_server.c:536: in cdpl_sv_init(): info: new server S556656688
1743734476.626934: 182311-7f76a9b3d540: cdpl_ipc.c:3475: in cdpl_ipc_init(): info: requesting IPv4 protocol
1743734476.630949: 182311-7f76a9b3d540: cdpl_ipc.c:837: in _selectaddrfamily(): info: selected IPv4 protocol
1743734476.630962: 182311-7f76a9b3d540: cdpl_ipc.c:1139: in _set_keepalive(): info: TCP keep alive interval: 300
1743734476.633744: 182311-7f76a9b3d540: cdpl_monitor.c:1117: in cdpl_mn_new_server(): info: creating server monitor instance
1743734476.633754: 182311-7f76a9b3d540: cdpl_server.c:650: in cdpl_sv_new_master(): info: new master M1
1743734476.633759: 182311-7f76a9b3d540: cdpl_server.c:6533: in cdpl_sv_ctl_master(): info: Setting worker heartbeat to 120 seconds
1743734476.633760: 182311-7f76a9b3d540: cdpl_server.c:6542: in cdpl_sv_ctl_master(): info: Setting worker heartbeat timeout to 3 heartbeats
1743734476.633762: 182311-7f76a9b3d540: cdpl_compat_master.c:2090: in _parse_hostfile(): info: reading hostfile `/mnt/coe/workspace/ece/ece546-spr25/group8/group8_project/synopsys_custom/pwdp_jobs/saeSession4_default.SimulationSimulation_cdpl.0.182311/host_file'
1743734476.637841: 182311-7f76a9b3d540: cdpl_compat_master.c:1900: in _hostfile_parser(): debug: parsing "1     |localhost|   -1  | /tmp | SH | sh"
1743734476.637851: 182311-7f76a9b3d540: cdpl_farm.c:2578: in cdpl_farm_new_sh(): info: creating SH farm on localhost
1743734476.637855: 182311-7f76a9b3d540: cdpl_compat_master.c:206: in _set_farm_env(): info: exporting CDPL_LOGDIR as `/mnt/coe/workspace/ece/ece546-spr25/group8/group8_project/synopsys_custom/pwdp_jobs/saeSession4_default.SimulationSimulation_cdpl.0.182311/logs'
1743734476.637856: 182311-7f76a9b3d540: cdpl_compat_master.c:212: in _set_farm_env(): info: exporting CDPL_TMPDIR as `/tmp'
1743734476.637857: 182311-7f76a9b3d540: cdpl_compat_master.c:219: in _set_farm_env(): info: exporting CDPL_HOME as `/mnt/apps/public/COE/synopsys_apps/hspice/W-2024.09-SP1/hspice/cdpl'
1743734476.637858: 182311-7f76a9b3d540: cdpl_compat_master.c:235: in _set_farm_env(): info: exporting SNPSLMD_LICENSE_FILE as `27000@ece-lic-35.ece.ncsu.edu'
1743734476.637859: 182311-7f76a9b3d540: cdpl_compat_master.c:259: in _set_farm_env(): info: exporting CDPL_OPTIONS as `[nowlogs]'
1743734476.637860: 182311-7f76a9b3d540: cdpl_compat_master.c:266: in _set_farm_env(): info: exporting DISPLAY as `unix:7230'
1743734476.637861: 182311-7f76a9b3d540: cdpl_compat_master.c:274: in _set_farm_env(): info: exporting CDPL_HEARTBEAT as `120'
1743734476.637868: 182311-7f76a9b3d540: cdpl_farm.c:3149: in cdpl_farm_add_withdir(): debug: added `localhost' (capacity: unlimited)
1743734476.637869: 182311-7f76a9b3d540: cdpl_compat_parse.c:147: in parsefile(): debug: read `/mnt/coe/workspace/ece/ece546-spr25/group8/group8_project/synopsys_custom/pwdp_jobs/saeSession4_default.SimulationSimulation_cdpl.0.182311/host_file', 2 lines
1743734476.637873: 182311-7f76a9b3d540: cdpl_compat_master.c:2931: in cdplInitMaster(): info: bcast dir is `/mnt/coe/workspace/ece/ece546-spr25/group8/group8_project/synopsys_custom/pwdp_jobs/saeSession4_default.SimulationSimulation_cdpl.0.182311/logs'
1743734476.640999: 182311-7f76a9b3d540: cdpl_server.c:6433: in cdpl_sv_ctl_master(): info: farm worker timeout set to 300
1743734476.641000: 182311-7f76a9b3d540: cdpl_server.c:6486: in cdpl_sv_ctl_master(): info: maximum number of task execution attempts set to 1
1743734476.641011: 182311-7f76a9b3d540: cdpl_server.c:3195: in cdpl_sv_start(): debug: starting server
1743734476.641014: 182311-7f76a9b3d540: cdpl_ipc.c:3632: in cdpl_ipc_start(): debug: starting IPC server 152.14.99.205:39037
1743734476.641179: 182311-7f766d952700: cdpl_server_ipc.c:1182: in _sv_ipc_thread(): debug: ready
1743734476.641239: 182311-7f766d151700: cdpl_monitor.c:426: in cdpl_mn_init_client(): info: creating client monitor instance
1743734476.641246: 182311-7f766d151700: cdpl_ipc.c:3475: in cdpl_ipc_init(): info: requesting IPv4 protocol
1743734476.646042: 182311-7f766d151700: cdpl_ipc.c:837: in _selectaddrfamily(): info: selected IPv4 protocol
1743734476.646054: 182311-7f766d151700: cdpl_ipc.c:1139: in _set_keepalive(): info: TCP keep alive interval: 300
1743734476.650795: 182311-7f766d151700: cdpl_ipc.c:3632: in cdpl_ipc_start(): debug: starting IPC server 152.14.99.205:37543
1743734476.650880: 182311-7f766d151700: cdpl_monitor.c:471: in cdpl_mn_init_client(): debug: incoming messages in /tmp/cdpl-monitor-08wAvf
1743734476.651041: 182311-7f766d151700: cdpl_monitor.c:533: in cdpl_mn_connect(): debug: connecting to 152.14.99.205:39037
1743734476.651045: 182311-7f766d151700: cdpl_ipc.c:3789: in cdpl_ipc_connect(): info: connecting to 152.14.99.205:39037
1743734476.651109: 182311-7f766d151700: cdpl_ipc.c:3860: in cdpl_ipc_connect(): info: connected as `152.14.99.205:60600'
1743734476.651117: 182311-7f766d151700: cdpl_ipc.c:2503: in cdpl_ipc_host_accept(): debug: accepted host `152.14.99.205:39037'
1743734476.651123: 182311-7f766e153700: cdpl_ipc.c:1862: in _epoll_accept(): debug: new connection from `152.14.99.205:60600'
1743734476.651134: 182311-7f766d151700: cdpl_monitor.c:579: in cdpl_mn_connect(): debug: ok
1743734476.651190: 182311-7f76a9b3d540: cdpl_server.c:731: in cdpl_sv_new_job(): info: new job J1 in M1
1743734476.651211: 182311-7f76a9b3d540: cdpl_compat_master.c:1581: in _add_worker(): info: new worker type 10, min:1, max:3, cmd:`/mnt/coe/workspace/ece/ece546-spr25/group8/group8_project/synopsys_custom/pwdp_jobs/saeSession4_default.SimulationSimulation_cdpl.0.182311/START_WORKER pw_worker -i /mnt/coe/workspace/ece/ece546-spr25/group8/group8_p
1743734476.651219: 182311-7f76a9b3d540: cdpl_server.c:908: in cdpl_sv_new_bin_withfarm(): info: new bin B1 in J1
1743734476.651277: 182311-7f766d952700: cdpl_server_ipc.c:1225: in _sv_ipc_thread(): debug: received ACCEPT notification
1743734476.651285: 182311-7f766d952700: cdpl_ipc.c:2503: in cdpl_ipc_host_accept(): debug: accepted host `152.14.99.205:60600'
1743734476.651290: 182311-7f766d952700: cdpl_server_ipc.c:1256: in _sv_ipc_thread(): debug: received MONITOR message
1743734476.651468: 182311-7f766d952700: cdpl_monitor.c:1207: in cdpl_mn_accept(): debug: accepted monitor `152.14.99.205:60600'
1743734476.651473: 182311-7f766d952700: cdpl_server_ipc_mon.c:120: in _globalLOCK(): debug: ENTERTING GLOBAL LOCK
1743734476.651475: 182311-7f766d952700: cdpl_server_ipc_mon.c:164: in _globalLOCK(): debug: global lock acquired
1743734476.651510: 182311-7f765e7fc700: cdpl_monitor.c:910: in mn_systat(): debug: started
1743734476.651639: 182311-7f765e7fc700: cdpl_monitor.c:937: in mn_systat(): debug: monitor server flush rate: 5
1743734476.699165: 182311-7f766d952700: cdpl_server_ipc_mon.c:210: in _globalUNLOCK(): debug: LEAVING GLOBAL LOCK
1743734476.813043: 182311-7f76a9b3d540: cdpl_server.c:3249: in cdpl_sv_start_job(): info: starting job J1
1743734476.813053: 182311-7f76a9b3d540: cdpl_server.c:62: in _sv_start_bin(): debug: starting bin B1 (min: 0, max: 3)
1743734476.813099: 182311-7f765d7fa700: cdpl_server_sched.c:2482: in _sv_scheduler_thread(): debug: scheduler for bin B1 started
1743734476.813109: 182311-7f76a9b3d540: cdpl_server.c:1893: in _sv_gen_task(): info: new task T0 in B1 (prio 0)
1743734476.813127: 182311-7f76a9b3d540: cdpl_server.c:2698: in cdpl_sv_label_task_va(): info: setting task T0 label to "HSPICE_1|HSPICE"
1743734476.813150: 182311-7f765d7fa700: cdpl_server_sched.c:2443: in _scheduler_run(): debug: will start a new worker
1743734476.813164: 182311-7f765d7fa700: cdpl_farm.c:3977: in cdpl_farm_submit(): debug: 1 running processes
1743734476.813165: 182311-7f765d7fa700: cdpl_farm.c:3985: in cdpl_farm_submit(): debug: new command C1 in bin B1 assigned to host `localhost'
1743734476.813197: 182311-7f765d7fa700: cdpl_server_sched.c:705: in _sv_launch_worker(): info: started worker W1 (as C1) in bin B1
1743734476.813259: 182311-7f765cff9700: cdpl_farm.c:2139: in _schedule(): debug: started
1743734476.813264: 182311-7f765cff9700: cdpl_farm.c:2303: in _schedule(): debug: submitting command C1 in bin B1
1743734476.813274: 182311-7f765cff9700: cdpl_sh.c:49: in _sh_detached_submit(): info: SH : /mnt/coe/workspace/ece/ece546-spr25/group8/group8_project/synopsys_custom/pwdp_jobs/saeSession4_default.SimulationSimulation_cdpl.0.182311/START_WORKER pw_worker -i /mnt/coe/workspace/ece/ece546-spr25/group8/group8_project/synopsys_custom/pwdp_jobs/saeSession4_default.SimulationSimulation_cdpl.0.182311 -t 10000
1743734476.816439: 182311-7f765cff9700: cdpl_farm.c:2343: in _schedule(): debug: C1 in bin B1 running on slot 0
1743734476.816451: 182311-7f765cff9700: cdpl_farm.c:2167: in _schedule(): debug: idle
1743734476.931299: 182311-7f76a9b3d540: cdpl_compat_master.c:5948: in cdplMasterLogInfo(): info: [non-CDPL log entry] PWDP3: reset pilot cache succeeded, pilot_key=saeSession4,1,default|&/mnt/coe/workspace/ece/ece546-spr25/group8/group8_project/simulation/group8,memory_array_tb,schematic/history_1/simulation/default/PrimeSimHSPICE/nominal/results
1743734477.116514: 182311-7f765cff9700: cdpl_farm.c:1193: in _onexit(): debug: C1 in bin B1 exited normally on slot 0
1743734477.899569: 182311-7f765effd700: cdpl_compat_master.c:5948: in cdplMasterLogInfo(): info: [non-CDPL log entry] PWDP - no-workers started ok check start!
1743734478.535698: 182311-7f766e153700: cdpl_ipc.c:1862: in _epoll_accept(): debug: new connection from `152.14.99.205:60608'
1743734478.535716: 182311-7f766d952700: cdpl_server_ipc.c:1225: in _sv_ipc_thread(): debug: received ACCEPT notification
1743734478.535724: 182311-7f766d952700: cdpl_ipc.c:2503: in cdpl_ipc_host_accept(): debug: accepted host `152.14.99.205:60608'
1743734478.535929: 182311-7f766d952700: cdpl_server_ipc.c:1246: in _sv_ipc_thread(): debug: received HELLO message
1743734478.535930: 182311-7f766d952700: cdpl_server_ipc.c:430: in _sv_on_hello(): debug: looking up W1
1743734478.535932: 182311-7f766d952700: cdpl_server_ipc.c:540: in _sv_on_hello(): info: W1 is `152.14.99.205:60608'
1743734478.535933: 182311-7f766d952700: cdpl_server_ipc.c:541: in _sv_on_hello(): debug: hello W1 (B1)
1743734478.535933: 182311-7f766d952700: cdpl_server_ipc.c:542: in _sv_on_hello(): info: W1 log file is /dev/null
1743734478.535961: 182311-7f766d952700: cdpl_server_ipc.c:602: in _sv_on_hello(): info: up to 1 alive workers in B1
1743734478.535966: 182311-7f766d952700: cdpl_farm.c:878: in _release_cmd(): debug: freeing command C1 in bin B1
1743734478.535992: 182311-7f765d7fa700: cdpl_server_sched.c:960: in _assign(): info: assigning task T0 to worker W1
1743734479.536435: 182311-7f766d952700: cdpl_server_ipc.c:312: in _sv_on_heartbeat(): debug: received HEARTBEAT from worker W1 at 152.14.99.205:60608
1743734480.290995: 182311-7f766d952700: cdpl_server_ipc.c:1268: in _sv_ipc_thread(): debug: received RELAY message
1743734480.291001: 182311-7f766d952700: cdpl_server_ipc.c:713: in _sv_on_relay(): debug: RELAY message from W1, size = 54
1743734480.291005: 182311-7f766d952700: cdpl_server_ipc.c:715: in _sv_on_relay(): debug: RELAY message from W1, content = 0$182925 viper.ece.ncsu.edu 182941 RUNNING 1743734479
1743734481.716791: 182311-7f766d151700: cdpl_monitor.c:533: in cdpl_mn_connect(): debug: connecting to 152.14.99.205:38277
1743734481.716797: 182311-7f766d151700: cdpl_ipc.c:3789: in cdpl_ipc_connect(): info: connecting to 152.14.99.205:38277
1743734481.716912: 182311-7f766d151700: cdpl_ipc.c:3860: in cdpl_ipc_connect(): info: connected as `152.14.99.205:56790'
1743734481.716917: 182311-7f766d151700: cdpl_ipc.c:2503: in cdpl_ipc_host_accept(): debug: accepted host `152.14.99.205:38277'
1743734481.716920: 182311-7f766d151700: cdpl_monitor.c:579: in cdpl_mn_connect(): debug: ok
1743734495.331803: 182311-7f766d952700: cdpl_server_ipc.c:1268: in _sv_ipc_thread(): debug: received RELAY message
1743734495.333018: 182311-7f766d952700: cdpl_server_ipc.c:713: in _sv_on_relay(): debug: RELAY message from W1, size = 48
1743734495.333020: 182311-7f766d952700: cdpl_server_ipc.c:715: in _sv_on_relay(): debug: RELAY message from W1, content = WORKERDU|1187,dc2isi00nfs.oit.ncsu.edu:/coe_nfs
1743734495.333167: 182311-7f766d952700: cdpl_server_ipc.c:1268: in _sv_ipc_thread(): debug: received RELAY message
1743734495.333170: 182311-7f766d952700: cdpl_server_ipc.c:713: in _sv_on_relay(): debug: RELAY message from W1, size = 197
1743734495.333171: 182311-7f766d952700: cdpl_server_ipc.c:715: in _sv_on_relay(): debug: RELAY message from W1, content = REQPILOT|saeSession4,1,default|&/mnt/coe/workspace/ece/ece546-spr25/group8/group8_project/simulation/group8,memory_array_tb,schematic/history_1/simulation/default/PrimeSimHSPICE/nominal/results|&0
1743734495.333214: 182311-7f765f7fe700: cdpl_compat_master.c:5948: in cdplMasterLogInfo(): info: [non-CDPL log entry] PWDP send back 'DOPILOT' to worker id:1 key: saeSession4,1,default|&/mnt/coe/workspace/ece/ece546-spr25/group8/group8_project/simulation/group8,memory_array_tb,schematic/history_1/simulation/default/PrimeSimHSPICE/nominal/results
1743734495.338900: 182311-7f765f7fe700: cdpl_compat_master.c:5948: in cdplMasterLogInfo(): info: [non-CDPL log entry] PWDP: set pilot doing!
1743734495.344710: 182311-7f766d952700: cdpl_server_ipc.c:1268: in _sv_ipc_thread(): debug: received RELAY message
1743734495.344717: 182311-7f766d952700: cdpl_server_ipc.c:713: in _sv_on_relay(): debug: RELAY message from W1, size = 193
1743734495.344723: 182311-7f766d952700: cdpl_server_ipc.c:715: in _sv_on_relay(): debug: RELAY message from W1, content = PILOTOK|saeSession4,1,default|&/mnt/coe/workspace/ece/ece546-spr25/group8/group8_project/simulation/group8,memory_array_tb,schematic/history_1/simulation/default/PrimeSimHSPICE/nominal/results
1743734495.344773: 182311-7f766d952700: cdpl_server_ipc.c:1268: in _sv_ipc_thread(): debug: received RELAY message
1743734495.344774: 182311-7f766d952700: cdpl_server_ipc.c:713: in _sv_on_relay(): debug: RELAY message from W1, size = 18
1743734495.344775: 182311-7f766d952700: cdpl_server_ipc.c:715: in _sv_on_relay(): debug: RELAY message from W1, content = 0$- - - MEASDOING
1743734495.344813: 182311-7f765f7fe700: cdpl_compat_master.c:5948: in cdplMasterLogInfo(): info: [non-CDPL log entry] PWDP: set pilot done!
1743734500.637327: 182311-7f766d952700: cdpl_server_ipc.c:1268: in _sv_ipc_thread(): debug: received RELAY message
1743734500.638774: 182311-7f766d952700: cdpl_server_ipc.c:713: in _sv_on_relay(): debug: RELAY message from W1, size = 66
1743734500.638776: 182311-7f766d952700: cdpl_server_ipc.c:715: in _sv_on_relay(): debug: RELAY message from W1, content = 0$182925 viper.ece.ncsu.edu 182941 FINISHED 1743734479|1743734500
1743734500.648416: 182311-7f766d952700: cdpl_server_ipc.c:1268: in _sv_ipc_thread(): debug: received RELAY message
1743734500.648417: 182311-7f766d952700: cdpl_server_ipc.c:713: in _sv_on_relay(): debug: RELAY message from W1, size = 195
1743734500.648418: 182311-7f766d952700: cdpl_server_ipc.c:715: in _sv_on_relay(): debug: RELAY message from W1, content = PILOTDONE|saeSession4,1,default|&/mnt/coe/workspace/ece/ece546-spr25/group8/group8_project/simulation/group8,memory_array_tb,schematic/history_1/simulation/default/PrimeSimHSPICE/nominal/results
1743734500.648425: 182311-7f765f7fe700: cdpl_compat_master.c:5948: in cdplMasterLogInfo(): info: [non-CDPL log entry] saeSession4,1,default|&/mnt/coe/workspace/ece/ece546-spr25/group8/group8_project/simulation/group8,memory_array_tb,schematic/history_1/simulation/default/PrimeSimHSPICE/nominal/results PILOTDONE!
1743734500.662830: 182311-7f766d952700: cdpl_server_ipc.c:1251: in _sv_ipc_thread(): debug: received FINISH message
1743734500.662832: 182311-7f766d952700: cdpl_server_ipc.c:983: in _sv_on_finish(): info: worker W1 completed task T0
1743734500.662833: 182311-7f766d952700: cdpl_server_ipc.c:988: in _sv_on_finish(): debug: stat T0: utime=5084 stime=727
1743734500.662834: 182311-7f766d952700: cdpl_server_ipc.c:993: in _sv_on_finish(): debug: statm T0: vsize=3080468 rss=1070532 shared=520928 text=474784 data=735256
1743734500.680198: 182311-7f766d952700: cdpl_server_ipc.c:1268: in _sv_ipc_thread(): debug: received RELAY message
1743734500.680201: 182311-7f766d952700: cdpl_server_ipc.c:713: in _sv_on_relay(): debug: RELAY message from W1, size = 47
1743734500.680202: 182311-7f766d952700: cdpl_server_ipc.c:715: in _sv_on_relay(): debug: RELAY message from W1, content = WORKERDU|252,dc2isi00nfs.oit.ncsu.edu:/coe_nfs
1743734505.902511: 182311-7f76a9b3d540: cdpl_server.c:3008: in cdpl_sv_halt_job_errno(): info: killing job J1
1743734505.903871: 182311-7f76a9b3d540: cdpl_server.c:3044: in cdpl_sv_halt_job_errno(): debug: signal bin B1 scheduler to stop
1743734505.903956: 182311-7f765d7fa700: cdpl_server_sched.c:2484: in _sv_scheduler_thread(): debug: scheduler for bin B1 stopped
1743734505.904000: 182311-7f765d7fa700: cdpl_ipc.c:1657: in _host_drop__UNSAFE(): debug: dropping host `152.14.99.205:60608'
1743734505.904025: 182311-7f765d7fa700: cdpl_server_sched.c:2830: in _sv_drop_worker(): info: down to 0 alive workers in B1
1743734505.904027: 182311-7f766d952700: cdpl_server_ipc.c:1236: in _sv_ipc_thread(): debug: received DROP notification
1743734505.904037: 182311-7f765d7fa700: cdpl_farm.c:4152: in cdpl_farm_dismiss(): debug: down to 0 running processes
1743734505.904048: 182311-7f765d7fa700: cdpl_server_sched.c:121: in _free_worker_2(): debug: freeing worker W1
1743734505.904056: 182311-7f765d7fa700: cdpl_ipc.c:2513: in cdpl_ipc_host_release(): debug: releasing host `152.14.99.205:60608'
1743734505.904066: 182311-7f76a9b3d540: cdpl_server.c:294: in _sv_free_job(): info: freeing job J1
1743734505.904068: 182311-7f76a9b3d540: cdpl_server.c:92: in _sv_free_bin(): debug: freeing bin B1
1743734505.904071: 182311-7f76a9b3d540: cdpl_server.c:184: in _sv_free_task(): debug: freeing task T0
1743734505.904092: 182311-7f76a9b3d540: cdpl_monitor.c:515: in cdpl_mn_kill(): info: killing monitor
1743734505.904096: 182311-7f76a9b3d540: cdpl_ipc.c:3677: in cdpl_ipc_kill(): debug: stopping event server
1743734505.904102: 182311-7f766c950700: cdpl_ipc.c:2460: in _epoll_main(): debug: server going down...
1743734505.904115: 182311-7f766e153700: cdpl_ipc.c:775: in _readv(): warning: read(): EOF
1743734505.904127: 182311-7f766e153700: cdpl_ipc.c:2100: in _epoll_recv(): debug: _readv(): Broken pipe
1743734505.904128: 182311-7f766e153700: cdpl_ipc.c:2424: in _epoll_main(): debug: _epoll_recv(): Broken pipe
1743734505.904130: 182311-7f766e153700: cdpl_ipc.c:1657: in _host_drop__UNSAFE(): debug: dropping host `152.14.99.205:60600'
1743734505.904146: 182311-7f766e153700: cdpl_ipc.c:1582: in _host_free__UNSAFE(): debug: freeing host `152.14.99.205:60608'
1743734505.904147: 182311-7f766e153700: cdpl_ipc.c:1621: in _host_free__UNSAFE(): debug: [0 outq, 0 spR, 0 spW]
1743734505.904150: 182311-7f766d952700: cdpl_server_ipc.c:1236: in _sv_ipc_thread(): debug: received DROP notification
1743734505.904154: 182311-7f766d952700: cdpl_monitor.c:1269: in cdpl_mn_drop(): debug: detaching from monitor `152.14.99.205:60600'
1743734505.904157: 182311-7f766d952700: cdpl_monitor.c:1101: in mn_systat_stop(): debug: joining systat thread
1743734505.904171: 182311-7f765e7fc700: cdpl_monitor.c:1079: in mn_systat(): debug: exiting
1743734505.904175: 182311-7f766d952700: cdpl_monitor.c:1103: in mn_systat_stop(): debug: systat thread done
1743734505.904177: 182311-7f766d952700: cdpl_ipc.c:2513: in cdpl_ipc_host_release(): debug: releasing host `152.14.99.205:60600'
1743734505.904278: 182311-7f766d151700: cdpl_ipc.c:3728: in cdpl_ipc_free(): debug: releasing IPC handle
1743734505.904282: 182311-7f766d151700: cdpl_ipc.c:1582: in _host_free__UNSAFE(): debug: freeing host `152.14.99.205:38277'
1743734505.904283: 182311-7f766d151700: cdpl_ipc.c:1621: in _host_free__UNSAFE(): debug: [0 outq, 0 spR, 0 spW]
1743734505.904288: 182311-7f766d151700: cdpl_ipc.c:1582: in _host_free__UNSAFE(): debug: freeing host `152.14.99.205:39037'
1743734505.904289: 182311-7f766d151700: cdpl_ipc.c:1621: in _host_free__UNSAFE(): debug: [0 outq, 0 spR, 0 spW]
1743734505.904292: 182311-7f766d151700: cdpl_ipc.c:3756: in cdpl_ipc_free(): warning: 2 host(s) were not released
1743734505.904297: 182311-7f766d151700: cdpl_ipc.c:3767: in cdpl_ipc_free(): debug: done
1743734505.904298: 182311-7f766d151700: cdpl_monitor.c:1390: in cdpl_mn_free(): debug: freeing monitor client
1743734505.904340: 182311-7f76a9b3d540: cdpl_farm.c:2740: in cdpl_farm_free(): info: freeing farm
1743734505.904390: 182311-7f765cff9700: cdpl_farm.c:2231: in _schedule(): debug: end of idling
1743734505.904395: 182311-7f765cff9700: cdpl_farm.c:2235: in _schedule(): debug: dying
1743734505.904418: 182311-7f76a9b3d540: cdpl_farm.c:913: in _killall(): debug: killing all remaining commands
1743734505.904423: 182311-7f76a9b3d540: cdpl_server.c:3144: in cdpl_sv_free(): info: freeing server S556656688
1743734505.904431: 182311-7f76a9b3d540: cdpl_server.c:3109: in cdpl_sv_kill_errno(): info: killing server
1743734505.904432: 182311-7f76a9b3d540: cdpl_ipc.c:3677: in cdpl_ipc_kill(): debug: stopping event server
1743734505.904436: 182311-7f766e153700: cdpl_ipc.c:2460: in _epoll_main(): debug: server going down...
1743734505.904437: 182311-7f766d952700: cdpl_server_ipc.c:1200: in _sv_ipc_thread(): debug: leaving now
1743734505.904443: 182311-7f76a9b3d540: cdpl_server.c:334: in _sv_free_master(): info: freeing master M1
1743734505.904446: 182311-7f76a9b3d540: cdpl_hash.c:68: in cdpl_h_destroy(): debug: put operations: 1
1743734505.904447: 182311-7f76a9b3d540: cdpl_hash.c:69: in cdpl_h_destroy(): debug: put collisions: 0
1743734505.904448: 182311-7f76a9b3d540: cdpl_hash.c:70: in cdpl_h_destroy(): debug: get operations: 1
1743734505.904449: 182311-7f76a9b3d540: cdpl_hash.c:71: in cdpl_h_destroy(): debug: get iterations: 1
1743734505.904454: 182311-7f76a9b3d540: cdpl_monitor.c:1390: in cdpl_mn_free(): debug: freeing monitor server
1743734505.904455: 182311-7f76a9b3d540: cdpl_ipc.c:3728: in cdpl_ipc_free(): debug: releasing IPC handle
1743734505.904456: 182311-7f76a9b3d540: cdpl_ipc.c:1582: in _host_free__UNSAFE(): debug: freeing host `152.14.99.205:60600'
1743734505.904457: 182311-7f76a9b3d540: cdpl_ipc.c:1621: in _host_free__UNSAFE(): debug: [0 outq, 0 spR, 0 spW]
1743734505.904464: 182311-7f76a9b3d540: cdpl_ipc.c:3767: in cdpl_ipc_free(): debug: done
1743734505.904467: 182311-7f76a9b3d540: cdpl_log.c:481: in cdpl_log_close(): info: @@end_of_log@@
