[16:50:06.21] /o 
              /c                                    pw_worker™ 
              /c 
              /c                Version W-2024.09-SP1-2 for linux64 - Jan 15, 2025
              /c              Based on Custom Infrastructure
              /c Version W-2024.09-SP1-2
              /c 
              /c                     Copyright (c) 2004 - 2025 Synopsys, Inc.
              /c    This software and the associated documentation are proprietary to Synopsys,
              /c  Inc. This software may only be used in accordance with the terms and conditions
              /c  of a written license agreement with Synopsys, Inc. All other use, reproduction,
              /c    or distribution of this software is strictly prohibited.  Licensed Products
              /c      communicate with Synopsys servers for the purpose of providing software
              /c     updates, detecting software piracy and verifying that customers are using
              /c     Licensed Products in conformity with the applicable License Key for such
              /c   Licensed Products. Synopsys will use information gathered in connection with
              /c     this process to deliver software updates and pursue software pirates and
              /c                                    infringers.
              /c 
              /c  Inclusivity & Diversity - Visit SolvNetPlus to read the "Synopsys Statement on
              /c             Inclusivity and Diversity" (Refer to article 000036315 at
              /c                         https://solvnetplus.synopsys.com)
              /c 
              /c Build  (OPT) Config 11252589 compiled on Wed Jan 15 11:01:36 2025 for AlmaLinux 8.4
              /c Invocation: /mnt/apps/public/COE/synopsys_apps/primewave/W-2024.09-SP1-2/linux64/platform/bin/custom_shell -application pw_worker -gui 0 -localDir /mnt/coe/workspace/ece/ece546-spr25/group8/group8_project/synopsys_custom/pwdp_jobs/saeSession1_HSPICEdefault.SimulationSimulation_cdpl.1.858174/logs/w1
              /c Execution time: Tue Apr  8 16:49:55 2025
              /c Host: hydra13.ece.ncsu.edu
              /c Working directory: /mnt/coe/workspace/ece/ece546-spr25/group8/group8_project
              /c 
[16:50:24.85] /m Information: Registering ICV PERC package...
[16:50:24.86] /w Warning: Error: "Job group named 'PrimeWave' already exists under this parent." (IPC-100)
[16:50:25.09] /o #####New Worker job begin - Self history dir=/mnt/coe/workspace/ece/ece546-spr25/group8/group8_project/simulation/group8,memory_array_tb,schematic
[16:50:25.54] /o source /mnt/coe/workspace/ece/ece546-spr25/group8/group8_project/synopsys_custom/pwdp_jobs/saeSession1_HSPICEdefault.SimulationSimulation_cdpl.1.858174/ccFile.tcl OK
[16:50:25.54] /o LibDefs : /mnt/coe/workspace/ece/ece546-spr25/group8/group8_project/lib.defs
[16:50:26.27] /o new worker create session at loading state!
[16:50:26.28] /o history_1
[16:50:28.04] /o Loading: Callback files...
[16:50:28.07] /o Loading: scripts/callbacks/callbacks.tcl
[16:50:28.07] /o 
              /c [INFO] : Loading display.drf from /mnt/designkits/ncsu/FreePDK3/syncust/NCSU_TechLib_FreePDK3
              /c 
              /c  if you wish to Load other display.drf, please set shell environment valiable "iPDK_load_display_NCSU_TechLib_FreePDK3" to value = 0
[16:50:28.07] /o 
[16:50:28.14] /w Warning: Preference 'xtStarTcadGrdFile' is deprecated and scheduled for removal in a future release with no replacement. For migration assistance, see the Custom Compiler Tcl Reference Manual. (PREFERENCE-058)
[16:50:28.16] /w Warning: Preference 'xtStarOALayerMappingFile' is deprecated and scheduled for removal in a future release with no replacement. For migration assistance, see the Custom Compiler Tcl Reference Manual. (PREFERENCE-058)
[16:50:28.16] /o 	#######################################
[16:50:28.16] /o 	CC-PDK Library Name	: FreePDK3
[16:50:28.16] /o 	#######################################
[16:50:28.16] /o 
[16:50:28.70] /o source /mnt/coe/workspace/ece/ece546-spr25/group8/group8_project/simulation/group8,memory_array_tb,schematic/history_1/.nw_preference_script.tcl OK!
[16:50:28.70] /o DSPF Options: {hierDelim==|}||{termDelim==:}||{fingerChar==@}||{multiplierString==_nettran_}||{aggregateCurrent==1}||{MOSTermNames==d g s b}||{MOSTermOrder==D G S B}||{MOSTermDspfNames==DRC GATE SRC BULK}||{firstChars==XM}||{probeHierDelim==/}||{caseSensitive==1}||{firstChar==M}||{hierPrefix==X}||{nodePrefix==M}||{plotTermVoltageForNet==0}||{mapNetToMosTerminal==}||{mapSlashDelimToDot==1}||{probePortCurrent==1}||{busBit==[]}||{removeNodePrefix==1}||{nlConDelim==.}||{mosModelType==auto}||{keepSchName==0}
[16:50:28.70] /o _workerLoadStateAction done!
[16:50:28.79] /o _getSimulationDetails : 
[16:50:28.79] /o tbName=HSPICE_default, Mtb=0
[16:50:28.79] /o Got stb tb ok!
[16:50:28.79] /o Self resultsDir: ./simulation
[16:50:28.79] /o Self databaseDir: /mnt/coe/workspace/ece/ece546-spr25/group8/group8_project/simulation/group8,memory_array_tb,schematic/history_1/simulation/HSPICE_default/HSPICE/nominal/results
[16:50:28.88] /o source /mnt/apps/public/COE/synopsys_apps/primewave/W-2024.09-SP1-2/auxx/sae/matlab_script.tcl OK
[16:50:29.02] /o Nominal run.
[16:50:30.27] /o _createResultsMap done!
[16:50:30.34] /o New worker simulation done for nomial run.
[16:50:30.34] /o >>>resultsDir=/mnt/coe/workspace/ece/ece546-spr25/group8/group8_project/simulation/group8,memory_array_tb,schematic/history_1/simulation/HSPICE_default/HSPICE/nominal/results,masterResultsDir=/mnt/coe/workspace/ece/ece546-spr25/group8/group8_project/simulation/group8,memory_array_tb,schematic/history_1/simulation/HSPICE_default/HSPICE/nominal/results
[16:50:30.39] /m Information: Evaluating and plotting outputs...
[16:50:46.91] /o touch /mnt/coe/workspace/ece/ece546-spr25/group8/group8_project/simulation/group8,memory_array_tb,schematic/history_1/simulation/HSPICE_default/HSPICE/nominal/results/.unitedSimFinished
[16:50:46.99] /o touch /mnt/coe/workspace/ece/ece546-spr25/group8/group8_project/simulation/group8,memory_array_tb,schematic/history_1/simulation/HSPICE_default/HSPICE/nominal/results/.unitedSimFinished
[16:50:49.29] /o New worker simulation done for nomial run finished!
[16:50:49.29] /o _simulationDoneAction done without exception!
[16:50:49.33] /o touch pilot meas done flag file: /mnt/coe/workspace/ece/ece546-spr25/group8/group8_project/simulation/group8,memory_array_tb,schematic/history_1/simulation/HSPICE_default/HSPICE/nominal/results/.pw_nw_meas_done
[16:51:07.23] /o Shutdown time: Tue Apr  8 16:51:07 2025
[16:51:07.23] /o Elapsed session real time: 1.08 minutes
[16:51:07.23] /o Session terminated. Log is at /mnt/coe/workspace/ece/ece546-spr25/group8/group8_project/synopsys_custom/pwdp_jobs/saeSession1_HSPICEdefault.SimulationSimulation_cdpl.1.858174/logs/w1/logs/pw_worker.hrajesh.2025_4_8_164955_863078.log
