[20:12:53.86] /o 
              /c                                    pw_worker™ 
              /c 
              /c                Version W-2024.09-SP1-2 for linux64 - Jan 15, 2025
              /c              Based on Custom Infrastructure
              /c Version W-2024.09-SP1-2
              /c 
              /c                     Copyright (c) 2004 - 2025 Synopsys, Inc.
              /c    This software and the associated documentation are proprietary to Synopsys,
              /c  Inc. This software may only be used in accordance with the terms and conditions
              /c  of a written license agreement with Synopsys, Inc. All other use, reproduction,
              /c    or distribution of this software is strictly prohibited.  Licensed Products
              /c      communicate with Synopsys servers for the purpose of providing software
              /c     updates, detecting software piracy and verifying that customers are using
              /c     Licensed Products in conformity with the applicable License Key for such
              /c   Licensed Products. Synopsys will use information gathered in connection with
              /c     this process to deliver software updates and pursue software pirates and
              /c                                    infringers.
              /c 
              /c  Inclusivity & Diversity - Visit SolvNetPlus to read the "Synopsys Statement on
              /c             Inclusivity and Diversity" (Refer to article 000036315 at
              /c                         https://solvnetplus.synopsys.com)
              /c 
              /c Build  (OPT) Config 11252589 compiled on Wed Jan 15 11:01:36 2025 for AlmaLinux 8.4
              /c Invocation: /mnt/apps/public/COE/synopsys_apps/primewave/W-2024.09-SP1-2/linux64/platform/bin/custom_shell -application pw_worker -gui 0 -localDir /mnt/coe/workspace/ece/ece546-spr25/group8/group8_project/synopsys_custom/pwdp_jobs/saeSession2_HSPICEdefault.SimulationSimulation_cdpl.0.78317/logs/w1
              /c Execution time: Sun Apr 13 20:12:49 2025
              /c Host: penny.ece.ncsu.edu
              /c Working directory: /mnt/coe/workspace/ece/ece546-spr25/group8/group8_project
              /c 
[20:13:03.26] /m Information: Registering ICV PERC package...
[20:13:03.30] /w Warning: Error: "Job group named 'PrimeWave' already exists under this parent." (IPC-100)
[20:13:04.20] /o #####New Worker job begin - Self history dir=/mnt/coe/workspace/ece/ece546-spr25/group8/group8_project/simulation/group8,tb2025_1,schematic
[20:13:04.65] /o source /mnt/coe/workspace/ece/ece546-spr25/group8/group8_project/synopsys_custom/pwdp_jobs/saeSession2_HSPICEdefault.SimulationSimulation_cdpl.0.78317/ccFile.tcl OK
[20:13:04.65] /o LibDefs : /mnt/coe/workspace/ece/ece546-spr25/group8/group8_project/lib.defs
[20:13:04.96] /o new worker create session at loading state!
[20:13:04.96] /o history_1
[20:13:05.51] /o Loading: Callback files...
[20:13:05.53] /o Loading: scripts/callbacks/callbacks.tcl
[20:13:05.53] /o 
              /c [INFO] : Loading display.drf from /mnt/designkits/ncsu/FreePDK3/syncust/NCSU_TechLib_FreePDK3
              /c 
              /c  if you wish to Load other display.drf, please set shell environment valiable "iPDK_load_display_NCSU_TechLib_FreePDK3" to value = 0
[20:13:05.53] /o 
[20:13:05.55] /w Warning: Preference 'xtStarTcadGrdFile' is deprecated and scheduled for removal in a future release with no replacement. For migration assistance, see the Custom Compiler Tcl Reference Manual. (PREFERENCE-058)
[20:13:05.56] /w Warning: Preference 'xtStarOALayerMappingFile' is deprecated and scheduled for removal in a future release with no replacement. For migration assistance, see the Custom Compiler Tcl Reference Manual. (PREFERENCE-058)
[20:13:05.56] /o 	#######################################
[20:13:05.56] /o 	CC-PDK Library Name	: FreePDK3
[20:13:05.56] /o 	#######################################
[20:13:05.56] /o 
[20:13:05.73] /o source /mnt/coe/workspace/ece/ece546-spr25/group8/group8_project/simulation/group8,tb2025_1,schematic/history_1/.nw_preference_script.tcl OK!
[20:13:05.73] /o DSPF Options: {hierDelim==|}||{termDelim==:}||{fingerChar==@}||{multiplierString==_nettran_}||{aggregateCurrent==1}||{MOSTermNames==d g s b}||{MOSTermOrder==D G S B}||{MOSTermDspfNames==DRC GATE SRC BULK}||{firstChars==XM}||{probeHierDelim==/}||{caseSensitive==1}||{firstChar==M}||{hierPrefix==X}||{nodePrefix==M}||{plotTermVoltageForNet==0}||{mapNetToMosTerminal==}||{mapSlashDelimToDot==1}||{probePortCurrent==1}||{busBit==[]}||{removeNodePrefix==1}||{nlConDelim==.}||{mosModelType==auto}||{keepSchName==0}
[20:13:05.73] /o _workerLoadStateAction done!
[20:13:23.86] /o _getSimulationDetails : 
[20:13:23.86] /o tbName=HSPICE_default, Mtb=0
[20:13:23.86] /o Got stb tb ok!
[20:13:23.86] /o Self resultsDir: ./simulation
[20:13:23.86] /o Self databaseDir: /mnt/coe/workspace/ece/ece546-spr25/group8/group8_project/simulation/group8,tb2025_1,schematic/history_1/simulation/HSPICE_default/HSPICE/nominal/results
[20:13:23.91] /o source /mnt/apps/public/COE/synopsys_apps/primewave/W-2024.09-SP1-2/auxx/sae/matlab_script.tcl OK
[20:13:23.94] /o Nominal run.
[20:13:24.49] /o _createResultsMap done!
[20:13:24.60] /o New worker simulation done for nomial run.
[20:13:24.60] /o >>>resultsDir=/mnt/coe/workspace/ece/ece546-spr25/group8/group8_project/simulation/group8,tb2025_1,schematic/history_1/simulation/HSPICE_default/HSPICE/nominal/results,masterResultsDir=/mnt/coe/workspace/ece/ece546-spr25/group8/group8_project/simulation/group8,tb2025_1,schematic/history_1/simulation/HSPICE_default/HSPICE/nominal/results
[20:13:24.62] /m Information: Evaluating and plotting outputs...
[20:13:26.48] /o touch /mnt/coe/workspace/ece/ece546-spr25/group8/group8_project/simulation/group8,tb2025_1,schematic/history_1/simulation/HSPICE_default/HSPICE/nominal/results/.unitedSimFinished
[20:13:26.51] /o touch /mnt/coe/workspace/ece/ece546-spr25/group8/group8_project/simulation/group8,tb2025_1,schematic/history_1/simulation/HSPICE_default/HSPICE/nominal/results/.unitedSimFinished
[20:13:27.54] /o New worker simulation done for nomial run finished!
[20:13:27.54] /o _simulationDoneAction done without exception!
[20:13:27.55] /o touch pilot meas done flag file: /mnt/coe/workspace/ece/ece546-spr25/group8/group8_project/simulation/group8,tb2025_1,schematic/history_1/simulation/HSPICE_default/HSPICE/nominal/results/.pw_nw_meas_done
[20:13:34.30] /o Shutdown time: Sun Apr 13 20:13:34 2025
[20:13:34.30] /o Elapsed session real time: 0.71 minutes
[20:13:34.30] /o Session terminated. Log is at /mnt/coe/workspace/ece/ece546-spr25/group8/group8_project/synopsys_custom/pwdp_jobs/saeSession2_HSPICEdefault.SimulationSimulation_cdpl.0.78317/logs/w1/logs/pw_worker.svkolach.2025_4_13_201249_79686.log
