1743733641.392947: 173978-7f43d78be540: cdpl_log.c:337: in cdpl_log_open(): info: @@start_of_log@@
1743733641.392962: 173978-7f43d78be540: cdpl_log.c:1058: in cdpl_log_dump_sysinfo(): info: time: 2025/04/03 22:27:21 EDT -0400
1743733641.392964: 173978-7f43d78be540: cdpl_log.c:1060: in cdpl_log_dump_sysinfo(): info: version: W-2024.09-SP1-2 
1743733641.392965: 173978-7f43d78be540: cdpl_log.c:1062: in cdpl_log_dump_sysinfo(): info: system: Linux 4.18.0-553.46.1.el8_10.x86_64 #1 SMP Sat Mar 15 01:37:33 EDT 2025
1743733641.392966: 173978-7f43d78be540: cdpl_log.c:1067: in cdpl_log_dump_sysinfo(): info: processor: x86_64 64-bits
1743733641.392967: 173978-7f43d78be540: cdpl_log.c:1071: in cdpl_log_dump_sysinfo(): info: hostname: viper.ece.ncsu.edu
1743733641.392967: 173978-7f43d78be540: cdpl_log.c:1073: in cdpl_log_dump_sysinfo(): info: program name: custom_shell
1743733641.392970: 173978-7f43d78be540: cdpl_log.c:340: in cdpl_log_open(): debug: path: /mnt/coe/workspace/ece/ece546-spr25/group8/group8_project/synopsys_custom/pwdp_jobs/saeSession4_default.SimulationSimulation_cdpl.0.173978/logs/master.viper.ece.ncsu.edu.173978.log
1743733641.392971: 173978-7f43d78be540: cdpl_log.c:341: in cdpl_log_open(): debug: dir: /mnt/coe/workspace/ece/ece546-spr25/group8/group8_project/synopsys_custom/pwdp_jobs/saeSession4_default.SimulationSimulation_cdpl.0.173978/logs
1743733641.392990: 173978-7f43d78be540: cdpl_server.c:536: in cdpl_sv_init(): info: new server S831026019
1743733641.392995: 173978-7f43d78be540: cdpl_ipc.c:3475: in cdpl_ipc_init(): info: requesting IPv4 protocol
1743733641.397089: 173978-7f43d78be540: cdpl_ipc.c:837: in _selectaddrfamily(): info: selected IPv4 protocol
1743733641.397102: 173978-7f43d78be540: cdpl_ipc.c:1139: in _set_keepalive(): info: TCP keep alive interval: 300
1743733641.401846: 173978-7f43d78be540: cdpl_monitor.c:1117: in cdpl_mn_new_server(): info: creating server monitor instance
1743733641.401857: 173978-7f43d78be540: cdpl_server.c:650: in cdpl_sv_new_master(): info: new master M1
1743733641.401867: 173978-7f43d78be540: cdpl_server.c:6533: in cdpl_sv_ctl_master(): info: Setting worker heartbeat to 120 seconds
1743733641.401868: 173978-7f43d78be540: cdpl_server.c:6542: in cdpl_sv_ctl_master(): info: Setting worker heartbeat timeout to 3 heartbeats
1743733641.401869: 173978-7f43d78be540: cdpl_compat_master.c:2090: in _parse_hostfile(): info: reading hostfile `/mnt/coe/workspace/ece/ece546-spr25/group8/group8_project/synopsys_custom/pwdp_jobs/saeSession4_default.SimulationSimulation_cdpl.0.173978/host_file'
1743733641.406548: 173978-7f43d78be540: cdpl_compat_master.c:1900: in _hostfile_parser(): debug: parsing "1     |localhost|   -1  | /tmp | SH | sh"
1743733641.406599: 173978-7f43d78be540: cdpl_farm.c:2578: in cdpl_farm_new_sh(): info: creating SH farm on localhost
1743733641.406603: 173978-7f43d78be540: cdpl_compat_master.c:206: in _set_farm_env(): info: exporting CDPL_LOGDIR as `/mnt/coe/workspace/ece/ece546-spr25/group8/group8_project/synopsys_custom/pwdp_jobs/saeSession4_default.SimulationSimulation_cdpl.0.173978/logs'
1743733641.406604: 173978-7f43d78be540: cdpl_compat_master.c:212: in _set_farm_env(): info: exporting CDPL_TMPDIR as `/tmp'
1743733641.406605: 173978-7f43d78be540: cdpl_compat_master.c:219: in _set_farm_env(): info: exporting CDPL_HOME as `/mnt/apps/public/COE/synopsys_apps/hspice/W-2024.09-SP1/hspice/cdpl'
1743733641.406606: 173978-7f43d78be540: cdpl_compat_master.c:235: in _set_farm_env(): info: exporting SNPSLMD_LICENSE_FILE as `27000@ece-lic-35.ece.ncsu.edu'
1743733641.406607: 173978-7f43d78be540: cdpl_compat_master.c:259: in _set_farm_env(): info: exporting CDPL_OPTIONS as `[nowlogs]'
1743733641.406608: 173978-7f43d78be540: cdpl_compat_master.c:266: in _set_farm_env(): info: exporting DISPLAY as `unix:25080'
1743733641.406609: 173978-7f43d78be540: cdpl_compat_master.c:274: in _set_farm_env(): info: exporting CDPL_HEARTBEAT as `120'
1743733641.406617: 173978-7f43d78be540: cdpl_farm.c:3149: in cdpl_farm_add_withdir(): debug: added `localhost' (capacity: unlimited)
1743733641.406618: 173978-7f43d78be540: cdpl_compat_parse.c:147: in parsefile(): debug: read `/mnt/coe/workspace/ece/ece546-spr25/group8/group8_project/synopsys_custom/pwdp_jobs/saeSession4_default.SimulationSimulation_cdpl.0.173978/host_file', 2 lines
1743733641.406621: 173978-7f43d78be540: cdpl_compat_master.c:2931: in cdplInitMaster(): info: bcast dir is `/mnt/coe/workspace/ece/ece546-spr25/group8/group8_project/synopsys_custom/pwdp_jobs/saeSession4_default.SimulationSimulation_cdpl.0.173978/logs'
1743733641.410185: 173978-7f43d78be540: cdpl_server.c:6433: in cdpl_sv_ctl_master(): info: farm worker timeout set to 300
1743733641.410186: 173978-7f43d78be540: cdpl_server.c:6486: in cdpl_sv_ctl_master(): info: maximum number of task execution attempts set to 1
1743733641.410197: 173978-7f43d78be540: cdpl_server.c:3195: in cdpl_sv_start(): debug: starting server
1743733641.410199: 173978-7f43d78be540: cdpl_ipc.c:3632: in cdpl_ipc_start(): debug: starting IPC server 152.14.99.205:33603
1743733641.410362: 173978-7f439353d700: cdpl_server_ipc.c:1182: in _sv_ipc_thread(): debug: ready
1743733641.410424: 173978-7f4392d3c700: cdpl_monitor.c:426: in cdpl_mn_init_client(): info: creating client monitor instance
1743733641.410431: 173978-7f4392d3c700: cdpl_ipc.c:3475: in cdpl_ipc_init(): info: requesting IPv4 protocol
1743733641.414368: 173978-7f4392d3c700: cdpl_ipc.c:837: in _selectaddrfamily(): info: selected IPv4 protocol
1743733641.414381: 173978-7f4392d3c700: cdpl_ipc.c:1139: in _set_keepalive(): info: TCP keep alive interval: 300
1743733641.417354: 173978-7f4392d3c700: cdpl_ipc.c:3632: in cdpl_ipc_start(): debug: starting IPC server 152.14.99.205:41483
1743733641.417437: 173978-7f4392d3c700: cdpl_monitor.c:471: in cdpl_mn_init_client(): debug: incoming messages in /tmp/cdpl-monitor-iULjD1
1743733641.417480: 173978-7f4392d3c700: cdpl_monitor.c:533: in cdpl_mn_connect(): debug: connecting to 152.14.99.205:33603
1743733641.417484: 173978-7f4392d3c700: cdpl_ipc.c:3789: in cdpl_ipc_connect(): info: connecting to 152.14.99.205:33603
1743733641.417543: 173978-7f4392d3c700: cdpl_ipc.c:3860: in cdpl_ipc_connect(): info: connected as `152.14.99.205:50522'
1743733641.417554: 173978-7f4392d3c700: cdpl_ipc.c:2503: in cdpl_ipc_host_accept(): debug: accepted host `152.14.99.205:33603'
1743733641.417569: 173978-7f4392d3c700: cdpl_monitor.c:579: in cdpl_mn_connect(): debug: ok
1743733641.417581: 173978-7f43d78be540: cdpl_server.c:731: in cdpl_sv_new_job(): info: new job J1 in M1
1743733641.417596: 173978-7f43d78be540: cdpl_compat_master.c:1581: in _add_worker(): info: new worker type 10, min:1, max:3, cmd:`/mnt/coe/workspace/ece/ece546-spr25/group8/group8_project/synopsys_custom/pwdp_jobs/saeSession4_default.SimulationSimulation_cdpl.0.173978/START_WORKER pw_worker -i /mnt/coe/workspace/ece/ece546-spr25/group8/group8_p
1743733641.417598: 173978-7f4393d3e700: cdpl_ipc.c:1862: in _epoll_accept(): debug: new connection from `152.14.99.205:50522'
1743733641.417613: 173978-7f43d78be540: cdpl_server.c:908: in cdpl_sv_new_bin_withfarm(): info: new bin B1 in J1
1743733641.417727: 173978-7f439353d700: cdpl_server_ipc.c:1225: in _sv_ipc_thread(): debug: received ACCEPT notification
1743733641.417742: 173978-7f439353d700: cdpl_ipc.c:2503: in cdpl_ipc_host_accept(): debug: accepted host `152.14.99.205:50522'
1743733641.417747: 173978-7f439353d700: cdpl_server_ipc.c:1256: in _sv_ipc_thread(): debug: received MONITOR message
1743733641.417893: 173978-7f439353d700: cdpl_monitor.c:1207: in cdpl_mn_accept(): debug: accepted monitor `152.14.99.205:50522'
1743733641.417895: 173978-7f439353d700: cdpl_server_ipc_mon.c:120: in _globalLOCK(): debug: ENTERTING GLOBAL LOCK
1743733641.417896: 173978-7f439353d700: cdpl_server_ipc_mon.c:164: in _globalLOCK(): debug: global lock acquired
1743733641.417942: 173978-7f43837fe700: cdpl_monitor.c:910: in mn_systat(): debug: started
1743733641.418190: 173978-7f43837fe700: cdpl_monitor.c:937: in mn_systat(): debug: monitor server flush rate: 5
1743733641.466075: 173978-7f439353d700: cdpl_server_ipc_mon.c:210: in _globalUNLOCK(): debug: LEAVING GLOBAL LOCK
1743733641.582870: 173978-7f43d78be540: cdpl_server.c:3249: in cdpl_sv_start_job(): info: starting job J1
1743733641.582881: 173978-7f43d78be540: cdpl_server.c:62: in _sv_start_bin(): debug: starting bin B1 (min: 0, max: 3)
1743733641.582940: 173978-7f4382ffd700: cdpl_server_sched.c:2482: in _sv_scheduler_thread(): debug: scheduler for bin B1 started
1743733641.582954: 173978-7f43d78be540: cdpl_server.c:1893: in _sv_gen_task(): info: new task T0 in B1 (prio 0)
1743733641.582973: 173978-7f43d78be540: cdpl_server.c:2698: in cdpl_sv_label_task_va(): info: setting task T0 label to "HSPICE_1|HSPICE"
1743733641.582998: 173978-7f4382ffd700: cdpl_server_sched.c:2443: in _scheduler_run(): debug: will start a new worker
1743733641.583011: 173978-7f4382ffd700: cdpl_farm.c:3977: in cdpl_farm_submit(): debug: 1 running processes
1743733641.583013: 173978-7f4382ffd700: cdpl_farm.c:3985: in cdpl_farm_submit(): debug: new command C1 in bin B1 assigned to host `localhost'
1743733641.583046: 173978-7f4382ffd700: cdpl_server_sched.c:705: in _sv_launch_worker(): info: started worker W1 (as C1) in bin B1
1743733641.583054: 173978-7f43827fc700: cdpl_farm.c:2139: in _schedule(): debug: started
1743733641.583058: 173978-7f43827fc700: cdpl_farm.c:2303: in _schedule(): debug: submitting command C1 in bin B1
1743733641.583069: 173978-7f43827fc700: cdpl_sh.c:49: in _sh_detached_submit(): info: SH : /mnt/coe/workspace/ece/ece546-spr25/group8/group8_project/synopsys_custom/pwdp_jobs/saeSession4_default.SimulationSimulation_cdpl.0.173978/START_WORKER pw_worker -i /mnt/coe/workspace/ece/ece546-spr25/group8/group8_project/synopsys_custom/pwdp_jobs/saeSession4_default.SimulationSimulation_cdpl.0.173978 -t 10000
1743733641.586314: 173978-7f43827fc700: cdpl_farm.c:2343: in _schedule(): debug: C1 in bin B1 running on slot 0
1743733641.586326: 173978-7f43827fc700: cdpl_farm.c:2167: in _schedule(): debug: idle
1743733641.711884: 173978-7f43d78be540: cdpl_compat_master.c:5948: in cdplMasterLogInfo(): info: [non-CDPL log entry] PWDP3: reset pilot cache succeeded, pilot_key=saeSession4,1,default|&/mnt/coe/workspace/ece/ece546-spr25/group8/group8_project/simulation/group8,memory_array_tb,schematic/history_1/simulation/default/PrimeSimHSPICE/nominal/results
1743733641.886391: 173978-7f43827fc700: cdpl_farm.c:1193: in _onexit(): debug: C1 in bin B1 exited normally on slot 0
1743733642.688517: 173978-7f4390d38700: cdpl_compat_master.c:5948: in cdplMasterLogInfo(): info: [non-CDPL log entry] PWDP - no-workers started ok check start!
1743733643.305966: 173978-7f4393d3e700: cdpl_ipc.c:1862: in _epoll_accept(): debug: new connection from `152.14.99.205:50536'
1743733643.305982: 173978-7f439353d700: cdpl_server_ipc.c:1225: in _sv_ipc_thread(): debug: received ACCEPT notification
1743733643.305990: 173978-7f439353d700: cdpl_ipc.c:2503: in cdpl_ipc_host_accept(): debug: accepted host `152.14.99.205:50536'
1743733643.306055: 173978-7f439353d700: cdpl_server_ipc.c:1246: in _sv_ipc_thread(): debug: received HELLO message
1743733643.306056: 173978-7f439353d700: cdpl_server_ipc.c:430: in _sv_on_hello(): debug: looking up W1
1743733643.306058: 173978-7f439353d700: cdpl_server_ipc.c:540: in _sv_on_hello(): info: W1 is `152.14.99.205:50536'
1743733643.306058: 173978-7f439353d700: cdpl_server_ipc.c:541: in _sv_on_hello(): debug: hello W1 (B1)
1743733643.306059: 173978-7f439353d700: cdpl_server_ipc.c:542: in _sv_on_hello(): info: W1 log file is /dev/null
1743733643.306078: 173978-7f439353d700: cdpl_server_ipc.c:602: in _sv_on_hello(): info: up to 1 alive workers in B1
1743733643.306083: 173978-7f439353d700: cdpl_farm.c:878: in _release_cmd(): debug: freeing command C1 in bin B1
1743733643.306092: 173978-7f4382ffd700: cdpl_server_sched.c:960: in _assign(): info: assigning task T0 to worker W1
1743733644.306228: 173978-7f439353d700: cdpl_server_ipc.c:312: in _sv_on_heartbeat(): debug: received HEARTBEAT from worker W1 at 152.14.99.205:50536
1743733644.964572: 173978-7f439353d700: cdpl_server_ipc.c:1268: in _sv_ipc_thread(): debug: received RELAY message
1743733644.964578: 173978-7f439353d700: cdpl_server_ipc.c:713: in _sv_on_relay(): debug: RELAY message from W1, size = 54
1743733644.964581: 173978-7f439353d700: cdpl_server_ipc.c:715: in _sv_on_relay(): debug: RELAY message from W1, content = 0$174596 viper.ece.ncsu.edu 174613 RUNNING 1743733644
1743733646.483076: 173978-7f4392d3c700: cdpl_monitor.c:533: in cdpl_mn_connect(): debug: connecting to 152.14.99.205:36465
1743733646.483082: 173978-7f4392d3c700: cdpl_ipc.c:3789: in cdpl_ipc_connect(): info: connecting to 152.14.99.205:36465
1743733646.483166: 173978-7f4392d3c700: cdpl_ipc.c:3860: in cdpl_ipc_connect(): info: connected as `152.14.99.205:59014'
1743733646.483170: 173978-7f4392d3c700: cdpl_ipc.c:2503: in cdpl_ipc_host_accept(): debug: accepted host `152.14.99.205:36465'
1743733646.483172: 173978-7f4392d3c700: cdpl_monitor.c:579: in cdpl_mn_connect(): debug: ok
1743733660.019652: 173978-7f439353d700: cdpl_server_ipc.c:1268: in _sv_ipc_thread(): debug: received RELAY message
1743733660.021229: 173978-7f439353d700: cdpl_server_ipc.c:713: in _sv_on_relay(): debug: RELAY message from W1, size = 48
1743733660.021231: 173978-7f439353d700: cdpl_server_ipc.c:715: in _sv_on_relay(): debug: RELAY message from W1, content = WORKERDU|1163,dc2isi00nfs.oit.ncsu.edu:/coe_nfs
1743733660.021234: 173978-7f439353d700: cdpl_server_ipc.c:1268: in _sv_ipc_thread(): debug: received RELAY message
1743733660.021235: 173978-7f439353d700: cdpl_server_ipc.c:713: in _sv_on_relay(): debug: RELAY message from W1, size = 197
1743733660.021237: 173978-7f439353d700: cdpl_server_ipc.c:715: in _sv_on_relay(): debug: RELAY message from W1, content = REQPILOT|saeSession4,1,default|&/mnt/coe/workspace/ece/ece546-spr25/group8/group8_project/simulation/group8,memory_array_tb,schematic/history_1/simulation/default/PrimeSimHSPICE/nominal/results|&0
1743733660.021288: 173978-7f4391539700: cdpl_compat_master.c:5948: in cdplMasterLogInfo(): info: [non-CDPL log entry] PWDP send back 'DOPILOT' to worker id:1 key: saeSession4,1,default|&/mnt/coe/workspace/ece/ece546-spr25/group8/group8_project/simulation/group8,memory_array_tb,schematic/history_1/simulation/default/PrimeSimHSPICE/nominal/results
1743733660.026869: 173978-7f4391539700: cdpl_compat_master.c:5948: in cdplMasterLogInfo(): info: [non-CDPL log entry] PWDP: set pilot doing!
1743733660.032526: 173978-7f439353d700: cdpl_server_ipc.c:1268: in _sv_ipc_thread(): debug: received RELAY message
1743733660.032529: 173978-7f439353d700: cdpl_server_ipc.c:713: in _sv_on_relay(): debug: RELAY message from W1, size = 193
1743733660.032530: 173978-7f439353d700: cdpl_server_ipc.c:715: in _sv_on_relay(): debug: RELAY message from W1, content = PILOTOK|saeSession4,1,default|&/mnt/coe/workspace/ece/ece546-spr25/group8/group8_project/simulation/group8,memory_array_tb,schematic/history_1/simulation/default/PrimeSimHSPICE/nominal/results
1743733660.032535: 173978-7f4391539700: cdpl_compat_master.c:5948: in cdplMasterLogInfo(): info: [non-CDPL log entry] PWDP: set pilot done!
1743733660.032571: 173978-7f439353d700: cdpl_server_ipc.c:1268: in _sv_ipc_thread(): debug: received RELAY message
1743733660.032572: 173978-7f439353d700: cdpl_server_ipc.c:713: in _sv_on_relay(): debug: RELAY message from W1, size = 18
1743733660.032573: 173978-7f439353d700: cdpl_server_ipc.c:715: in _sv_on_relay(): debug: RELAY message from W1, content = 0$- - - MEASDOING
1743733665.283724: 173978-7f439353d700: cdpl_server_ipc.c:1268: in _sv_ipc_thread(): debug: received RELAY message
1743733665.285158: 173978-7f439353d700: cdpl_server_ipc.c:713: in _sv_on_relay(): debug: RELAY message from W1, size = 66
1743733665.285161: 173978-7f439353d700: cdpl_server_ipc.c:715: in _sv_on_relay(): debug: RELAY message from W1, content = 0$174596 viper.ece.ncsu.edu 174613 FINISHED 1743733644|1743733665
1743733665.297391: 173978-7f439353d700: cdpl_server_ipc.c:1268: in _sv_ipc_thread(): debug: received RELAY message
1743733665.297417: 173978-7f439353d700: cdpl_server_ipc.c:713: in _sv_on_relay(): debug: RELAY message from W1, size = 195
1743733665.297424: 173978-7f439353d700: cdpl_server_ipc.c:715: in _sv_on_relay(): debug: RELAY message from W1, content = PILOTDONE|saeSession4,1,default|&/mnt/coe/workspace/ece/ece546-spr25/group8/group8_project/simulation/group8,memory_array_tb,schematic/history_1/simulation/default/PrimeSimHSPICE/nominal/results
1743733665.297433: 173978-7f4391539700: cdpl_compat_master.c:5948: in cdplMasterLogInfo(): info: [non-CDPL log entry] saeSession4,1,default|&/mnt/coe/workspace/ece/ece546-spr25/group8/group8_project/simulation/group8,memory_array_tb,schematic/history_1/simulation/default/PrimeSimHSPICE/nominal/results PILOTDONE!
1743733665.311540: 173978-7f439353d700: cdpl_server_ipc.c:1251: in _sv_ipc_thread(): debug: received FINISH message
1743733665.311545: 173978-7f439353d700: cdpl_server_ipc.c:983: in _sv_on_finish(): info: worker W1 completed task T0
1743733665.311547: 173978-7f439353d700: cdpl_server_ipc.c:988: in _sv_on_finish(): debug: stat T0: utime=5226 stime=725
1743733665.311548: 173978-7f439353d700: cdpl_server_ipc.c:993: in _sv_on_finish(): debug: statm T0: vsize=3080464 rss=1061916 shared=520492 text=474784 data=735244
1743733665.332514: 173978-7f439353d700: cdpl_server_ipc.c:1268: in _sv_ipc_thread(): debug: received RELAY message
1743733665.332520: 173978-7f439353d700: cdpl_server_ipc.c:713: in _sv_on_relay(): debug: RELAY message from W1, size = 47
1743733665.332522: 173978-7f439353d700: cdpl_server_ipc.c:715: in _sv_on_relay(): debug: RELAY message from W1, content = WORKERDU|276,dc2isi00nfs.oit.ncsu.edu:/coe_nfs
1743733665.357195: 173978-7f43d78be540: cdpl_server.c:227: in _sv_free_task_safe(): debug: freeing task T0
1743733671.692041: 173978-7f43d78be540: cdpl_server.c:3008: in cdpl_sv_halt_job_errno(): info: killing job J1
1743733671.693293: 173978-7f43d78be540: cdpl_server.c:3044: in cdpl_sv_halt_job_errno(): debug: signal bin B1 scheduler to stop
1743733671.693301: 173978-7f4382ffd700: cdpl_server_sched.c:2484: in _sv_scheduler_thread(): debug: scheduler for bin B1 stopped
1743733671.693316: 173978-7f4382ffd700: cdpl_ipc.c:1657: in _host_drop__UNSAFE(): debug: dropping host `152.14.99.205:50536'
1743733671.693334: 173978-7f4382ffd700: cdpl_server_sched.c:2830: in _sv_drop_worker(): info: down to 0 alive workers in B1
1743733671.693338: 173978-7f4382ffd700: cdpl_farm.c:4152: in cdpl_farm_dismiss(): debug: down to 0 running processes
1743733671.693341: 173978-7f439353d700: cdpl_server_ipc.c:1236: in _sv_ipc_thread(): debug: received DROP notification
1743733671.693354: 173978-7f4382ffd700: cdpl_server_sched.c:121: in _free_worker_2(): debug: freeing worker W1
1743733671.693361: 173978-7f4382ffd700: cdpl_ipc.c:2513: in cdpl_ipc_host_release(): debug: releasing host `152.14.99.205:50536'
1743733671.693362: 173978-7f4382ffd700: cdpl_ipc.c:2529: in cdpl_ipc_host_release(): debug: scheduling for immediate release
1743733671.693370: 173978-7f43d78be540: cdpl_server.c:294: in _sv_free_job(): info: freeing job J1
1743733671.693371: 173978-7f43d78be540: cdpl_server.c:92: in _sv_free_bin(): debug: freeing bin B1
1743733671.693391: 173978-7f43d78be540: cdpl_monitor.c:515: in cdpl_mn_kill(): info: killing monitor
1743733671.693404: 173978-7f43d78be540: cdpl_ipc.c:3677: in cdpl_ipc_kill(): debug: stopping event server
1743733671.693420: 173978-7f439253b700: cdpl_ipc.c:2386: in _epoll_main(): warning: received EPOLLERR/EPOLLHUP
1743733671.693428: 173978-7f4393d3e700: cdpl_ipc.c:775: in _readv(): warning: read(): EOF
1743733671.693434: 173978-7f439253b700: cdpl_ipc.c:2320: in _check_socket_error(): info: TCP_KEEPIDLE=7200 seconds TCP_KEEPINTVL=75 seconds TCP_KEEPCNT=9
1743733671.693436: 173978-7f439253b700: cdpl_ipc.c:1657: in _host_drop__UNSAFE(): debug: dropping host `152.14.99.205:36465'
1743733671.693441: 173978-7f4393d3e700: cdpl_ipc.c:2100: in _epoll_recv(): debug: _readv(): Broken pipe
1743733671.693443: 173978-7f4393d3e700: cdpl_ipc.c:2424: in _epoll_main(): debug: _epoll_recv(): Broken pipe
1743733671.693445: 173978-7f4393d3e700: cdpl_ipc.c:1657: in _host_drop__UNSAFE(): debug: dropping host `152.14.99.205:50522'
1743733671.693448: 173978-7f439253b700: cdpl_ipc.c:2460: in _epoll_main(): debug: server going down...
1743733671.693460: 173978-7f4393d3e700: cdpl_ipc.c:1582: in _host_free__UNSAFE(): debug: freeing host `152.14.99.205:50536'
1743733671.693462: 173978-7f4393d3e700: cdpl_ipc.c:1621: in _host_free__UNSAFE(): debug: [0 outq, 0 spR, 0 spW]
1743733671.693467: 173978-7f439353d700: cdpl_server_ipc.c:1236: in _sv_ipc_thread(): debug: received DROP notification
1743733671.693471: 173978-7f439353d700: cdpl_monitor.c:1269: in cdpl_mn_drop(): debug: detaching from monitor `152.14.99.205:50522'
1743733671.693475: 173978-7f439353d700: cdpl_monitor.c:1101: in mn_systat_stop(): debug: joining systat thread
1743733671.693485: 173978-7f43837fe700: cdpl_monitor.c:1079: in mn_systat(): debug: exiting
1743733671.693491: 173978-7f439353d700: cdpl_monitor.c:1103: in mn_systat_stop(): debug: systat thread done
1743733671.693492: 173978-7f439353d700: cdpl_ipc.c:2513: in cdpl_ipc_host_release(): debug: releasing host `152.14.99.205:50522'
1743733671.693530: 173978-7f4392d3c700: cdpl_ipc.c:3728: in cdpl_ipc_free(): debug: releasing IPC handle
1743733671.693532: 173978-7f4392d3c700: cdpl_ipc.c:1582: in _host_free__UNSAFE(): debug: freeing host `152.14.99.205:36465'
1743733671.693533: 173978-7f4392d3c700: cdpl_ipc.c:1621: in _host_free__UNSAFE(): debug: [0 outq, 0 spR, 0 spW]
1743733671.693534: 173978-7f4392d3c700: cdpl_ipc.c:1582: in _host_free__UNSAFE(): debug: freeing host `152.14.99.205:33603'
1743733671.693534: 173978-7f4392d3c700: cdpl_ipc.c:1621: in _host_free__UNSAFE(): debug: [0 outq, 0 spR, 0 spW]
1743733671.693539: 173978-7f4392d3c700: cdpl_ipc.c:3756: in cdpl_ipc_free(): warning: 2 host(s) were not released
1743733671.693544: 173978-7f4392d3c700: cdpl_ipc.c:3767: in cdpl_ipc_free(): debug: done
1743733671.693545: 173978-7f4392d3c700: cdpl_monitor.c:1390: in cdpl_mn_free(): debug: freeing monitor client
1743733671.693589: 173978-7f43d78be540: cdpl_farm.c:2740: in cdpl_farm_free(): info: freeing farm
1743733671.693595: 173978-7f43827fc700: cdpl_farm.c:2231: in _schedule(): debug: end of idling
1743733671.693596: 173978-7f43827fc700: cdpl_farm.c:2235: in _schedule(): debug: dying
1743733671.693622: 173978-7f43d78be540: cdpl_farm.c:913: in _killall(): debug: killing all remaining commands
1743733671.693629: 173978-7f43d78be540: cdpl_server.c:3144: in cdpl_sv_free(): info: freeing server S831026019
1743733671.693637: 173978-7f43d78be540: cdpl_server.c:3109: in cdpl_sv_kill_errno(): info: killing server
1743733671.693638: 173978-7f43d78be540: cdpl_ipc.c:3677: in cdpl_ipc_kill(): debug: stopping event server
1743733671.693643: 173978-7f4393d3e700: cdpl_ipc.c:2460: in _epoll_main(): debug: server going down...
1743733671.693645: 173978-7f439353d700: cdpl_server_ipc.c:1200: in _sv_ipc_thread(): debug: leaving now
1743733671.693648: 173978-7f43d78be540: cdpl_server.c:334: in _sv_free_master(): info: freeing master M1
1743733671.693651: 173978-7f43d78be540: cdpl_hash.c:68: in cdpl_h_destroy(): debug: put operations: 1
1743733671.693652: 173978-7f43d78be540: cdpl_hash.c:69: in cdpl_h_destroy(): debug: put collisions: 0
1743733671.693653: 173978-7f43d78be540: cdpl_hash.c:70: in cdpl_h_destroy(): debug: get operations: 1
1743733671.693654: 173978-7f43d78be540: cdpl_hash.c:71: in cdpl_h_destroy(): debug: get iterations: 1
1743733671.693658: 173978-7f43d78be540: cdpl_monitor.c:1390: in cdpl_mn_free(): debug: freeing monitor server
1743733671.693660: 173978-7f43d78be540: cdpl_ipc.c:3728: in cdpl_ipc_free(): debug: releasing IPC handle
1743733671.693661: 173978-7f43d78be540: cdpl_ipc.c:1582: in _host_free__UNSAFE(): debug: freeing host `152.14.99.205:50522'
1743733671.693663: 173978-7f43d78be540: cdpl_ipc.c:1621: in _host_free__UNSAFE(): debug: [0 outq, 0 spR, 0 spW]
1743733671.693669: 173978-7f43d78be540: cdpl_ipc.c:3767: in cdpl_ipc_free(): debug: done
1743733671.693672: 173978-7f43d78be540: cdpl_log.c:481: in cdpl_log_close(): info: @@end_of_log@@
