   *** running Tcl script ... ***
   ***   -*- Tcl script done -*- ***
  -*- memory usage : 532.16MB -*-
  -*- CPU Time :     0.22s -*-
   *** running Tcl script ... ***
   ***   -*- Tcl script done -*- ***
  -*- memory usage : 532.16MB -*-
  -*- CPU Time :     0.22s -*-
   *** running Tcl script ... ***
   ***   -*- Tcl script done -*- ***
  -*- memory usage : 535.12MB -*-
  -*- CPU Time :     0.23s -*-
   *** running Tcl script ... ***
   ***   -*- Tcl script done -*- ***
  -*- memory usage : 535.12MB -*-
  -*- CPU Time :     0.24s -*-
   *** running Tcl script ... ***
   ***   -*- Tcl script done -*- ***
  -*- memory usage : 535.12MB -*-
  -*- CPU Time :     0.24s -*-
sx_set_data_directory {/mnt/coe/workspace/ece/ece546-spr25/group8/group8_project/simulation/simulation/default/PrimeSimHSPICE/nominal/results}
   *** running Tcl script ... ***
   ***   -*- Tcl script done -*- ***
  -*- memory usage : 535.52MB -*-
  -*- CPU Time :     0.25s -*-
[18:36:39.330] I| Created new database /mnt/coe/workspace/ece/ece546-spr25/group8/group8_project/simulation/group8,tspc_pos_ff_tb,schematic/history_1/simulation/default/PrimeSimHSPICE/nominal/results/post_results.db
[18:36:39.440] I| Setup simulation complete: 
    results directory: /mnt/coe/workspace/ece/ece546-spr25/group8/group8_project/simulation/group8,tspc_pos_ff_tb,schematic/history_1/simulation/default/PrimeSimHSPICE/nominal/results 
    post database directory: /mnt/coe/workspace/ece/ece546-spr25/group8/group8_project/simulation/group8,tspc_pos_ff_tb,schematic/history_1/simulation/default/PrimeSimHSPICE/nominal/results
   *** loading waveform file /mnt/coe/workspace/ece/ece546-spr25/group8/group8_project/simulation/group8,tspc_pos_ff_tb,schematic/history_1/simulation/default/PrimeSimHSPICE/nominal/results/resultsMap.xml ... ***
   *** loading waveform file /mnt/coe/workspace/ece/ece546-spr25/group8/group8_project/simulation/group8,tspc_pos_ff_tb,schematic/history_1/simulation/default/PrimeSimHSPICE/nominal/results/hspice_wdf.tr0 ... ***
   *** Loading waveform file finished ***
   *** Evaluating Equations... ***
Nominal: Start to call cckDBHandler to create handler
Nominal: Start to integrate database
Start to post process[18:36:40.080] I| Start generating post results database...
[18:36:40.080] I| Clear post result data in database.
[18:36:41.100] I| Create Post WDF File .../default/PrimeSimHSPICE/nominal/results/post1.wave
[18:36:41.170] I| Generate post results database complete.
