   *** running Tcl script ... ***
   ***   -*- Tcl script done -*- ***
  -*- memory usage : 739.52MB -*-
  -*- CPU Time :     0.08s -*-
   *** running Tcl script ... ***
   ***   -*- Tcl script done -*- ***
  -*- memory usage : 739.52MB -*-
  -*- CPU Time :     0.08s -*-
   *** running Tcl script ... ***
   ***   -*- Tcl script done -*- ***
  -*- memory usage : 742.48MB -*-
  -*- CPU Time :     0.08s -*-
   *** running Tcl script ... ***
   ***   -*- Tcl script done -*- ***
  -*- memory usage : 742.48MB -*-
  -*- CPU Time :     0.09s -*-
   *** running Tcl script ... ***
   ***   -*- Tcl script done -*- ***
  -*- memory usage : 742.48MB -*-
  -*- CPU Time :     0.09s -*-
sx_set_data_directory {/mnt/coe/workspace/ece/ece546-spr25/group8/group8_project/simulation/group8,SRAM_8x4_array,schematic/history_1/simulation/HSPICE_default/HSPICE/nominal/results}
   *** running Tcl script ... ***
   ***   -*- Tcl script done -*- ***
  -*- memory usage : 742.87MB -*-
  -*- CPU Time :     0.09s -*-
[13:52:29.930] I| Created new database /mnt/coe/workspace/ece/ece546-spr25/group8/group8_project/simulation/group8,SRAM_8x4_array,schematic/history_1/simulation/HSPICE_default/HSPICE/nominal/results/post_results.db
[13:52:29.010] I| Setup simulation complete: 
    results directory: /mnt/coe/workspace/ece/ece546-spr25/group8/group8_project/simulation/group8,SRAM_8x4_array,schematic/history_1/simulation/HSPICE_default/HSPICE/nominal/results 
    post database directory: /mnt/coe/workspace/ece/ece546-spr25/group8/group8_project/simulation/group8,SRAM_8x4_array,schematic/history_1/simulation/HSPICE_default/HSPICE/nominal/results
   *** loading waveform file /mnt/coe/workspace/ece/ece546-spr25/group8/group8_project/simulation/group8,SRAM_8x4_array,schematic/history_1/simulation/HSPICE_default/HSPICE/nominal/results/resultsMap.xml ... ***
   *** loading waveform file /mnt/coe/workspace/ece/ece546-spr25/group8/group8_project/simulation/group8,SRAM_8x4_array,schematic/history_1/simulation/HSPICE_default/HSPICE/nominal/results/hspice_wdf.tr0 ... ***
   *** Loading waveform file finished ***
   *** Evaluating Equations... ***
Nominal: Start to call cckDBHandler to create handler
Nominal: Start to integrate database
Start to post process[13:52:31.760] I| Start generating post results database...
[13:52:31.760] I| Clear post result data in database.
[13:52:33.700] I| Create Post WDF File ...n/HSPICE_default/HSPICE/nominal/results/post1.wave
[13:52:34.750] I| Generate post results database complete.
