1743809802.158123: 126666-7f877a233540: cdpl_log.c:337: in cdpl_log_open(): info: @@start_of_log@@
1743809802.158143: 126666-7f877a233540: cdpl_log.c:1058: in cdpl_log_dump_sysinfo(): info: time: 2025/04/04 19:36:42 EDT -0400
1743809802.158145: 126666-7f877a233540: cdpl_log.c:1060: in cdpl_log_dump_sysinfo(): info: version: W-2024.09-SP1-2 
1743809802.158146: 126666-7f877a233540: cdpl_log.c:1062: in cdpl_log_dump_sysinfo(): info: system: Linux 4.18.0-553.47.1.el8_10.x86_64 #1 SMP Thu Mar 20 10:01:53 EDT 2025
1743809802.158147: 126666-7f877a233540: cdpl_log.c:1067: in cdpl_log_dump_sysinfo(): info: processor: x86_64 64-bits
1743809802.158147: 126666-7f877a233540: cdpl_log.c:1071: in cdpl_log_dump_sysinfo(): info: hostname: lib-39615.eos.ncsu.edu
1743809802.158148: 126666-7f877a233540: cdpl_log.c:1073: in cdpl_log_dump_sysinfo(): info: program name: custom_shell
1743809802.158151: 126666-7f877a233540: cdpl_log.c:340: in cdpl_log_open(): debug: path: /mnt/coe/workspace/ece/ece546-spr25/group8/group8_project/synopsys_custom/pwdp_jobs/saeSession0_HSPICEdefault.SimulationSimulation_cdpl.0.126666/logs/master.lib-39615.eos.ncsu.edu.126666.log
1743809802.158152: 126666-7f877a233540: cdpl_log.c:341: in cdpl_log_open(): debug: dir: /mnt/coe/workspace/ece/ece546-spr25/group8/group8_project/synopsys_custom/pwdp_jobs/saeSession0_HSPICEdefault.SimulationSimulation_cdpl.0.126666/logs
1743809802.158177: 126666-7f877a233540: cdpl_server.c:536: in cdpl_sv_init(): info: new server S548551408
1743809802.158182: 126666-7f877a233540: cdpl_ipc.c:3475: in cdpl_ipc_init(): info: requesting IPv4 protocol
1743809802.162009: 126666-7f877a233540: cdpl_ipc.c:837: in _selectaddrfamily(): info: selected IPv4 protocol
1743809802.162026: 126666-7f877a233540: cdpl_ipc.c:1139: in _set_keepalive(): info: TCP keep alive interval: 300
1743809802.166476: 126666-7f877a233540: cdpl_monitor.c:1117: in cdpl_mn_new_server(): info: creating server monitor instance
1743809802.166488: 126666-7f877a233540: cdpl_server.c:650: in cdpl_sv_new_master(): info: new master M1
1743809802.166498: 126666-7f877a233540: cdpl_server.c:6533: in cdpl_sv_ctl_master(): info: Setting worker heartbeat to 120 seconds
1743809802.166499: 126666-7f877a233540: cdpl_server.c:6542: in cdpl_sv_ctl_master(): info: Setting worker heartbeat timeout to 3 heartbeats
1743809802.166500: 126666-7f877a233540: cdpl_compat_master.c:2090: in _parse_hostfile(): info: reading hostfile `/mnt/coe/workspace/ece/ece546-spr25/group8/group8_project/synopsys_custom/pwdp_jobs/saeSession0_HSPICEdefault.SimulationSimulation_cdpl.0.126666/host_file'
1743809802.179370: 126666-7f877a233540: cdpl_compat_master.c:1900: in _hostfile_parser(): debug: parsing "1     |localhost|   -1  | /tmp | SH | sh"
1743809802.179393: 126666-7f877a233540: cdpl_farm.c:2578: in cdpl_farm_new_sh(): info: creating SH farm on localhost
1743809802.179398: 126666-7f877a233540: cdpl_compat_master.c:206: in _set_farm_env(): info: exporting CDPL_LOGDIR as `/mnt/coe/workspace/ece/ece546-spr25/group8/group8_project/synopsys_custom/pwdp_jobs/saeSession0_HSPICEdefault.SimulationSimulation_cdpl.0.126666/logs'
1743809802.179399: 126666-7f877a233540: cdpl_compat_master.c:212: in _set_farm_env(): info: exporting CDPL_TMPDIR as `/tmp'
1743809802.179400: 126666-7f877a233540: cdpl_compat_master.c:219: in _set_farm_env(): info: exporting CDPL_HOME as `/mnt/apps/public/COE/synopsys_apps/hspice/W-2024.09-SP1/hspice/cdpl'
1743809802.179401: 126666-7f877a233540: cdpl_compat_master.c:235: in _set_farm_env(): info: exporting SNPSLMD_LICENSE_FILE as `27000@ece-lic-35.ece.ncsu.edu'
1743809802.179402: 126666-7f877a233540: cdpl_compat_master.c:259: in _set_farm_env(): info: exporting CDPL_OPTIONS as `[nowlogs]'
1743809802.179403: 126666-7f877a233540: cdpl_compat_master.c:266: in _set_farm_env(): info: exporting DISPLAY as `unix:8892'
1743809802.179404: 126666-7f877a233540: cdpl_compat_master.c:274: in _set_farm_env(): info: exporting CDPL_HEARTBEAT as `120'
1743809802.179414: 126666-7f877a233540: cdpl_farm.c:3149: in cdpl_farm_add_withdir(): debug: added `localhost' (capacity: unlimited)
1743809802.179417: 126666-7f877a233540: cdpl_compat_parse.c:147: in parsefile(): debug: read `/mnt/coe/workspace/ece/ece546-spr25/group8/group8_project/synopsys_custom/pwdp_jobs/saeSession0_HSPICEdefault.SimulationSimulation_cdpl.0.126666/host_file', 2 lines
1743809802.179419: 126666-7f877a233540: cdpl_compat_master.c:2931: in cdplInitMaster(): info: bcast dir is `/mnt/coe/workspace/ece/ece546-spr25/group8/group8_project/synopsys_custom/pwdp_jobs/saeSession0_HSPICEdefault.SimulationSimulation_cdpl.0.126666/logs'
1743809802.188720: 126666-7f877a233540: cdpl_server.c:6433: in cdpl_sv_ctl_master(): info: farm worker timeout set to 300
1743809802.188721: 126666-7f877a233540: cdpl_server.c:6486: in cdpl_sv_ctl_master(): info: maximum number of task execution attempts set to 1
1743809802.188735: 126666-7f877a233540: cdpl_server.c:3195: in cdpl_sv_start(): debug: starting server
1743809802.188739: 126666-7f877a233540: cdpl_ipc.c:3632: in cdpl_ipc_start(): debug: starting IPC server 152.14.142.74:42821
1743809802.188888: 126666-7f873d7d6700: cdpl_monitor.c:426: in cdpl_mn_init_client(): info: creating client monitor instance
1743809802.188895: 126666-7f873d7d6700: cdpl_ipc.c:3475: in cdpl_ipc_init(): info: requesting IPv4 protocol
1743809802.188906: 126666-7f873dfd7700: cdpl_server_ipc.c:1182: in _sv_ipc_thread(): debug: ready
1743809802.193001: 126666-7f873d7d6700: cdpl_ipc.c:837: in _selectaddrfamily(): info: selected IPv4 protocol
1743809802.193008: 126666-7f873d7d6700: cdpl_ipc.c:1139: in _set_keepalive(): info: TCP keep alive interval: 300
1743809802.197796: 126666-7f873d7d6700: cdpl_ipc.c:3632: in cdpl_ipc_start(): debug: starting IPC server 152.14.142.74:37253
1743809802.197881: 126666-7f873d7d6700: cdpl_monitor.c:471: in cdpl_mn_init_client(): debug: incoming messages in /tmp/cdpl-monitor-uX7SmG
1743809802.198037: 126666-7f873d7d6700: cdpl_monitor.c:533: in cdpl_mn_connect(): debug: connecting to 152.14.142.74:42821
1743809802.198041: 126666-7f873d7d6700: cdpl_ipc.c:3789: in cdpl_ipc_connect(): info: connecting to 152.14.142.74:42821
1743809802.198106: 126666-7f873d7d6700: cdpl_ipc.c:3860: in cdpl_ipc_connect(): info: connected as `152.14.142.74:59334'
1743809802.198115: 126666-7f873d7d6700: cdpl_ipc.c:2503: in cdpl_ipc_host_accept(): debug: accepted host `152.14.142.74:42821'
1743809802.198145: 126666-7f873d7d6700: cdpl_monitor.c:579: in cdpl_mn_connect(): debug: ok
1743809802.198193: 126666-7f877a233540: cdpl_server.c:731: in cdpl_sv_new_job(): info: new job J1 in M1
1743809802.198209: 126666-7f877a233540: cdpl_compat_master.c:1581: in _add_worker(): info: new worker type 10, min:1, max:3, cmd:`/mnt/coe/workspace/ece/ece546-spr25/group8/group8_project/synopsys_custom/pwdp_jobs/saeSession0_HSPICEdefault.SimulationSimulation_cdpl.0.126666/START_WORKER pw_worker -i /mnt/coe/workspace/ece/ece546-spr25/group8/gr
1743809802.198212: 126666-7f873e7d8700: cdpl_ipc.c:1862: in _epoll_accept(): debug: new connection from `152.14.142.74:59334'
1743809802.198219: 126666-7f877a233540: cdpl_server.c:908: in cdpl_sv_new_bin_withfarm(): info: new bin B1 in J1
1743809802.198319: 126666-7f873dfd7700: cdpl_server_ipc.c:1225: in _sv_ipc_thread(): debug: received ACCEPT notification
1743809802.198328: 126666-7f873dfd7700: cdpl_ipc.c:2503: in cdpl_ipc_host_accept(): debug: accepted host `152.14.142.74:59334'
1743809802.198334: 126666-7f873dfd7700: cdpl_server_ipc.c:1256: in _sv_ipc_thread(): debug: received MONITOR message
1743809802.198392: 126666-7f873dfd7700: cdpl_monitor.c:1207: in cdpl_mn_accept(): debug: accepted monitor `152.14.142.74:59334'
1743809802.198394: 126666-7f873dfd7700: cdpl_server_ipc_mon.c:120: in _globalLOCK(): debug: ENTERTING GLOBAL LOCK
1743809802.198395: 126666-7f873dfd7700: cdpl_server_ipc_mon.c:164: in _globalLOCK(): debug: global lock acquired
1743809802.198399: 126666-7f8731ffb700: cdpl_monitor.c:910: in mn_systat(): debug: started
1743809802.198797: 126666-7f8731ffb700: cdpl_monitor.c:937: in mn_systat(): debug: monitor server flush rate: 5
1743809802.236277: 126666-7f873dfd7700: cdpl_server_ipc_mon.c:210: in _globalUNLOCK(): debug: LEAVING GLOBAL LOCK
1743809802.566552: 126666-7f877a233540: cdpl_server.c:3249: in cdpl_sv_start_job(): info: starting job J1
1743809802.566564: 126666-7f877a233540: cdpl_server.c:62: in _sv_start_bin(): debug: starting bin B1 (min: 0, max: 3)
1743809802.566648: 126666-7f877a233540: cdpl_server.c:1893: in _sv_gen_task(): info: new task T0 in B1 (prio 0)
1743809802.566670: 126666-7f877a233540: cdpl_server.c:2698: in cdpl_sv_label_task_va(): info: setting task T0 label to "HSPICE_1|HSPICE"
1743809802.566703: 126666-7f87317fa700: cdpl_server_sched.c:2482: in _sv_scheduler_thread(): debug: scheduler for bin B1 started
1743809802.566717: 126666-7f87317fa700: cdpl_server_sched.c:2443: in _scheduler_run(): debug: will start a new worker
1743809802.566735: 126666-7f87317fa700: cdpl_farm.c:3977: in cdpl_farm_submit(): debug: 1 running processes
1743809802.566737: 126666-7f87317fa700: cdpl_farm.c:3985: in cdpl_farm_submit(): debug: new command C1 in bin B1 assigned to host `localhost'
1743809802.566780: 126666-7f87317fa700: cdpl_server_sched.c:705: in _sv_launch_worker(): info: started worker W1 (as C1) in bin B1
1743809802.566788: 126666-7f8730ff9700: cdpl_farm.c:2139: in _schedule(): debug: started
1743809802.566793: 126666-7f8730ff9700: cdpl_farm.c:2303: in _schedule(): debug: submitting command C1 in bin B1
1743809802.566808: 126666-7f8730ff9700: cdpl_sh.c:49: in _sh_detached_submit(): info: SH : /mnt/coe/workspace/ece/ece546-spr25/group8/group8_project/synopsys_custom/pwdp_jobs/saeSession0_HSPICEdefault.SimulationSimulation_cdpl.0.126666/START_WORKER pw_worker -i /mnt/coe/workspace/ece/ece546-spr25/group8/group8_project/synopsys_custom/pwdp_jobs/saeSession0_HSPICEdefault.SimulationSimulation_cdpl.0.126666 -t 10000
1743809802.569257: 126666-7f8730ff9700: cdpl_farm.c:2343: in _schedule(): debug: C1 in bin B1 running on slot 0
1743809802.569276: 126666-7f8730ff9700: cdpl_farm.c:2167: in _schedule(): debug: idle
1743809802.869342: 126666-7f8730ff9700: cdpl_farm.c:1193: in _onexit(): debug: C1 in bin B1 exited normally on slot 0
1743809802.932363: 126666-7f877a233540: cdpl_compat_master.c:5948: in cdplMasterLogInfo(): info: [non-CDPL log entry] PWDP3: reset pilot cache succeeded, pilot_key=saeSession0,1,HSPICE_default|&/mnt/coe/workspace/ece/ece546-spr25/group8/group8_project/simulation/group8,memory_array_tb,schematic/history_1/simulation/HSPICE_default/HSPICE/nominal/results
1743809803.529981: 126666-7f8732ffd700: cdpl_compat_master.c:5948: in cdplMasterLogInfo(): info: [non-CDPL log entry] PWDP - no-workers started ok check start!
1743809804.550087: 126666-7f873e7d8700: cdpl_ipc.c:1862: in _epoll_accept(): debug: new connection from `152.14.142.74:59348'
1743809804.550116: 126666-7f873dfd7700: cdpl_server_ipc.c:1225: in _sv_ipc_thread(): debug: received ACCEPT notification
1743809804.550123: 126666-7f873dfd7700: cdpl_ipc.c:2503: in cdpl_ipc_host_accept(): debug: accepted host `152.14.142.74:59348'
1743809804.550160: 126666-7f873dfd7700: cdpl_server_ipc.c:1246: in _sv_ipc_thread(): debug: received HELLO message
1743809804.550179: 126666-7f873dfd7700: cdpl_server_ipc.c:430: in _sv_on_hello(): debug: looking up W1
1743809804.550188: 126666-7f873dfd7700: cdpl_server_ipc.c:540: in _sv_on_hello(): info: W1 is `152.14.142.74:59348'
1743809804.550194: 126666-7f873dfd7700: cdpl_server_ipc.c:541: in _sv_on_hello(): debug: hello W1 (B1)
1743809804.550194: 126666-7f873dfd7700: cdpl_server_ipc.c:542: in _sv_on_hello(): info: W1 log file is /dev/null
1743809804.550220: 126666-7f873dfd7700: cdpl_server_ipc.c:602: in _sv_on_hello(): info: up to 1 alive workers in B1
1743809804.550225: 126666-7f873dfd7700: cdpl_farm.c:878: in _release_cmd(): debug: freeing command C1 in bin B1
1743809804.550301: 126666-7f87317fa700: cdpl_server_sched.c:960: in _assign(): info: assigning task T0 to worker W1
1743809805.550510: 126666-7f873dfd7700: cdpl_server_ipc.c:312: in _sv_on_heartbeat(): debug: received HEARTBEAT from worker W1 at 152.14.142.74:59348
1743809807.267771: 126666-7f873d7d6700: cdpl_monitor.c:533: in cdpl_mn_connect(): debug: connecting to 152.14.142.74:45453
1743809807.267777: 126666-7f873d7d6700: cdpl_ipc.c:3789: in cdpl_ipc_connect(): info: connecting to 152.14.142.74:45453
1743809807.267856: 126666-7f873d7d6700: cdpl_ipc.c:3860: in cdpl_ipc_connect(): info: connected as `152.14.142.74:33468'
1743809807.267860: 126666-7f873d7d6700: cdpl_ipc.c:2503: in cdpl_ipc_host_accept(): debug: accepted host `152.14.142.74:45453'
1743809807.267863: 126666-7f873d7d6700: cdpl_monitor.c:579: in cdpl_mn_connect(): debug: ok
1743809807.840161: 126666-7f873dfd7700: cdpl_server_ipc.c:1268: in _sv_ipc_thread(): debug: received RELAY message
1743809807.840189: 126666-7f873dfd7700: cdpl_server_ipc.c:713: in _sv_on_relay(): debug: RELAY message from W1, size = 58
1743809807.840195: 126666-7f873dfd7700: cdpl_server_ipc.c:715: in _sv_on_relay(): debug: RELAY message from W1, content = 0$127197 lib-39615.eos.ncsu.edu 127218 RUNNING 1743809807
1743809827.097490: 126666-7f873dfd7700: cdpl_server_ipc.c:1268: in _sv_ipc_thread(): debug: received RELAY message
1743809827.100484: 126666-7f873dfd7700: cdpl_server_ipc.c:713: in _sv_on_relay(): debug: RELAY message from W1, size = 48
1743809827.100487: 126666-7f873dfd7700: cdpl_server_ipc.c:715: in _sv_on_relay(): debug: RELAY message from W1, content = WORKERDU|1467,dc2isi00nfs.oit.ncsu.edu:/coe_nfs
1743809827.100583: 126666-7f873dfd7700: cdpl_server_ipc.c:1268: in _sv_ipc_thread(): debug: received RELAY message
1743809827.100584: 126666-7f873dfd7700: cdpl_server_ipc.c:713: in _sv_on_relay(): debug: RELAY message from W1, size = 203
1743809827.100585: 126666-7f873dfd7700: cdpl_server_ipc.c:715: in _sv_on_relay(): debug: RELAY message from W1, content = REQPILOT|saeSession0,1,HSPICE_default|&/mnt/coe/workspace/ece/ece546-spr25/group8/group8_project/simulation/group8,memory_array_tb,schematic/history_1/simulation/HSPICE_default/HSPICE/nominal/results|&0
1743809827.100612: 126666-7f87337fe700: cdpl_compat_master.c:5948: in cdplMasterLogInfo(): info: [non-CDPL log entry] PWDP send back 'DOPILOT' to worker id:1 key: saeSession0,1,HSPICE_default|&/mnt/coe/workspace/ece/ece546-spr25/group8/group8_project/simulation/group8,memory_array_tb,schematic/history_1/simulation/HSPICE_default/HSPICE/nominal/results
1743809827.113958: 126666-7f87337fe700: cdpl_compat_master.c:5948: in cdplMasterLogInfo(): info: [non-CDPL log entry] PWDP: set pilot doing!
1743809827.125210: 126666-7f873dfd7700: cdpl_server_ipc.c:1268: in _sv_ipc_thread(): debug: received RELAY message
1743809827.125214: 126666-7f873dfd7700: cdpl_server_ipc.c:713: in _sv_on_relay(): debug: RELAY message from W1, size = 199
1743809827.125215: 126666-7f873dfd7700: cdpl_server_ipc.c:715: in _sv_on_relay(): debug: RELAY message from W1, content = PILOTOK|saeSession0,1,HSPICE_default|&/mnt/coe/workspace/ece/ece546-spr25/group8/group8_project/simulation/group8,memory_array_tb,schematic/history_1/simulation/HSPICE_default/HSPICE/nominal/results
1743809827.125232: 126666-7f87337fe700: cdpl_compat_master.c:5948: in cdplMasterLogInfo(): info: [non-CDPL log entry] PWDP: set pilot done!
1743809827.125298: 126666-7f873dfd7700: cdpl_server_ipc.c:1268: in _sv_ipc_thread(): debug: received RELAY message
1743809827.125300: 126666-7f873dfd7700: cdpl_server_ipc.c:713: in _sv_on_relay(): debug: RELAY message from W1, size = 18
1743809827.125300: 126666-7f873dfd7700: cdpl_server_ipc.c:715: in _sv_on_relay(): debug: RELAY message from W1, content = 0$- - - MEASDOING
1743809846.654109: 126666-7f873dfd7700: cdpl_server_ipc.c:1268: in _sv_ipc_thread(): debug: received RELAY message
1743809846.657159: 126666-7f873dfd7700: cdpl_server_ipc.c:713: in _sv_on_relay(): debug: RELAY message from W1, size = 70
1743809846.657162: 126666-7f873dfd7700: cdpl_server_ipc.c:715: in _sv_on_relay(): debug: RELAY message from W1, content = 0$127197 lib-39615.eos.ncsu.edu 127218 FINISHED 1743809807|1743809846
1743809846.677806: 126666-7f873dfd7700: cdpl_server_ipc.c:1268: in _sv_ipc_thread(): debug: received RELAY message
1743809846.677812: 126666-7f873dfd7700: cdpl_server_ipc.c:713: in _sv_on_relay(): debug: RELAY message from W1, size = 201
1743809846.677816: 126666-7f873dfd7700: cdpl_server_ipc.c:715: in _sv_on_relay(): debug: RELAY message from W1, content = PILOTDONE|saeSession0,1,HSPICE_default|&/mnt/coe/workspace/ece/ece546-spr25/group8/group8_project/simulation/group8,memory_array_tb,schematic/history_1/simulation/HSPICE_default/HSPICE/nominal/results
1743809846.677848: 126666-7f87337fe700: cdpl_compat_master.c:5948: in cdplMasterLogInfo(): info: [non-CDPL log entry] saeSession0,1,HSPICE_default|&/mnt/coe/workspace/ece/ece546-spr25/group8/group8_project/simulation/group8,memory_array_tb,schematic/history_1/simulation/HSPICE_default/HSPICE/nominal/results PILOTDONE!
1743809846.712281: 126666-7f873dfd7700: cdpl_server_ipc.c:1251: in _sv_ipc_thread(): debug: received FINISH message
1743809846.712288: 126666-7f873dfd7700: cdpl_server_ipc.c:983: in _sv_on_finish(): info: worker W1 completed task T0
1743809846.712298: 126666-7f873dfd7700: cdpl_server_ipc.c:988: in _sv_on_finish(): debug: stat T0: utime=5911 stime=875
1743809846.712307: 126666-7f873dfd7700: cdpl_server_ipc.c:993: in _sv_on_finish(): debug: statm T0: vsize=3082740 rss=1065588 shared=518948 text=474784 data=737516
1743809846.725329: 126666-7f877a233540: cdpl_server.c:227: in _sv_free_task_safe(): debug: freeing task T0
1743809846.760495: 126666-7f873dfd7700: cdpl_server_ipc.c:1268: in _sv_ipc_thread(): debug: received RELAY message
1743809846.760518: 126666-7f873dfd7700: cdpl_server_ipc.c:713: in _sv_on_relay(): debug: RELAY message from W1, size = 47
1743809846.760519: 126666-7f873dfd7700: cdpl_server_ipc.c:715: in _sv_on_relay(): debug: RELAY message from W1, content = WORKERDU|276,dc2isi00nfs.oit.ncsu.edu:/coe_nfs
1743809862.869564: 126666-7f8730ff9700: cdpl_farm.c:2173: in _schedule(): debug: idle
1743809863.438883: 126666-7f877a233540: cdpl_server.c:3008: in cdpl_sv_halt_job_errno(): info: killing job J1
1743809863.438892: 126666-7f877a233540: cdpl_server.c:3044: in cdpl_sv_halt_job_errno(): debug: signal bin B1 scheduler to stop
1743809863.438899: 126666-7f87317fa700: cdpl_server_sched.c:2484: in _sv_scheduler_thread(): debug: scheduler for bin B1 stopped
1743809863.438928: 126666-7f87317fa700: cdpl_ipc.c:1657: in _host_drop__UNSAFE(): debug: dropping host `152.14.142.74:59348'
1743809863.438950: 126666-7f87317fa700: cdpl_server_sched.c:2830: in _sv_drop_worker(): info: down to 0 alive workers in B1
1743809863.438953: 126666-7f873dfd7700: cdpl_server_ipc.c:1236: in _sv_ipc_thread(): debug: received DROP notification
1743809863.438959: 126666-7f87317fa700: cdpl_farm.c:4152: in cdpl_farm_dismiss(): debug: down to 0 running processes
1743809863.438971: 126666-7f87317fa700: cdpl_server_sched.c:121: in _free_worker_2(): debug: freeing worker W1
1743809863.438977: 126666-7f87317fa700: cdpl_ipc.c:2513: in cdpl_ipc_host_release(): debug: releasing host `152.14.142.74:59348'
1743809863.438978: 126666-7f87317fa700: cdpl_ipc.c:2529: in cdpl_ipc_host_release(): debug: scheduling for immediate release
1743809863.438986: 126666-7f877a233540: cdpl_server.c:294: in _sv_free_job(): info: freeing job J1
1743809863.438988: 126666-7f877a233540: cdpl_server.c:92: in _sv_free_bin(): debug: freeing bin B1
1743809863.439033: 126666-7f877a233540: cdpl_monitor.c:515: in cdpl_mn_kill(): info: killing monitor
1743809863.439036: 126666-7f873e7d8700: cdpl_ipc.c:1582: in _host_free__UNSAFE(): debug: freeing host `152.14.142.74:59348'
1743809863.439041: 126666-7f873e7d8700: cdpl_ipc.c:1621: in _host_free__UNSAFE(): debug: [0 outq, 0 spR, 0 spW]
1743809863.439044: 126666-7f877a233540: cdpl_ipc.c:3677: in cdpl_ipc_kill(): debug: stopping event server
1743809863.439051: 126666-7f873cfd5700: cdpl_ipc.c:2460: in _epoll_main(): debug: server going down...
1743809863.439131: 126666-7f873e7d8700: cdpl_ipc.c:775: in _readv(): warning: read(): EOF
1743809863.439145: 126666-7f873e7d8700: cdpl_ipc.c:2100: in _epoll_recv(): debug: _readv(): Broken pipe
1743809863.439147: 126666-7f873e7d8700: cdpl_ipc.c:2424: in _epoll_main(): debug: _epoll_recv(): Broken pipe
1743809863.439149: 126666-7f873e7d8700: cdpl_ipc.c:1657: in _host_drop__UNSAFE(): debug: dropping host `152.14.142.74:59334'
1743809863.439180: 126666-7f873dfd7700: cdpl_server_ipc.c:1236: in _sv_ipc_thread(): debug: received DROP notification
1743809863.439185: 126666-7f873dfd7700: cdpl_monitor.c:1269: in cdpl_mn_drop(): debug: detaching from monitor `152.14.142.74:59334'
1743809863.439187: 126666-7f873dfd7700: cdpl_monitor.c:1101: in mn_systat_stop(): debug: joining systat thread
1743809863.439257: 126666-7f873d7d6700: cdpl_ipc.c:3728: in cdpl_ipc_free(): debug: releasing IPC handle
1743809863.439262: 126666-7f873d7d6700: cdpl_ipc.c:3742: in cdpl_ipc_free(): debug: 1 unread messages
1743809863.439263: 126666-7f873d7d6700: cdpl_ipc.c:1582: in _host_free__UNSAFE(): debug: freeing host `152.14.142.74:45453'
1743809863.439264: 126666-7f873d7d6700: cdpl_ipc.c:1621: in _host_free__UNSAFE(): debug: [0 outq, 0 spR, 0 spW]
1743809863.439269: 126666-7f8731ffb700: cdpl_monitor.c:1079: in mn_systat(): debug: exiting
1743809863.439276: 126666-7f873d7d6700: cdpl_ipc.c:1582: in _host_free__UNSAFE(): debug: freeing host `152.14.142.74:42821'
1743809863.439278: 126666-7f873d7d6700: cdpl_ipc.c:1621: in _host_free__UNSAFE(): debug: [0 outq, 0 spR, 0 spW]
1743809863.439279: 126666-7f873dfd7700: cdpl_monitor.c:1103: in mn_systat_stop(): debug: systat thread done
1743809863.439281: 126666-7f873dfd7700: cdpl_ipc.c:2513: in cdpl_ipc_host_release(): debug: releasing host `152.14.142.74:59334'
1743809863.439283: 126666-7f873d7d6700: cdpl_ipc.c:3756: in cdpl_ipc_free(): warning: 2 host(s) were not released
1743809863.439290: 126666-7f873d7d6700: cdpl_ipc.c:3767: in cdpl_ipc_free(): debug: done
1743809863.439291: 126666-7f873d7d6700: cdpl_monitor.c:1390: in cdpl_mn_free(): debug: freeing monitor client
1743809863.439339: 126666-7f877a233540: cdpl_farm.c:2740: in cdpl_farm_free(): info: freeing farm
1743809863.439345: 126666-7f8730ff9700: cdpl_farm.c:2231: in _schedule(): debug: end of idling
1743809863.439347: 126666-7f8730ff9700: cdpl_farm.c:2235: in _schedule(): debug: dying
1743809863.439365: 126666-7f877a233540: cdpl_farm.c:913: in _killall(): debug: killing all remaining commands
1743809863.439372: 126666-7f877a233540: cdpl_server.c:3144: in cdpl_sv_free(): info: freeing server S548551408
1743809863.439380: 126666-7f877a233540: cdpl_server.c:3109: in cdpl_sv_kill_errno(): info: killing server
1743809863.439381: 126666-7f877a233540: cdpl_ipc.c:3677: in cdpl_ipc_kill(): debug: stopping event server
1743809863.439385: 126666-7f873dfd7700: cdpl_server_ipc.c:1200: in _sv_ipc_thread(): debug: leaving now
1743809863.439388: 126666-7f873e7d8700: cdpl_ipc.c:2460: in _epoll_main(): debug: server going down...
1743809863.439391: 126666-7f877a233540: cdpl_server.c:334: in _sv_free_master(): info: freeing master M1
1743809863.439395: 126666-7f877a233540: cdpl_hash.c:68: in cdpl_h_destroy(): debug: put operations: 1
1743809863.439396: 126666-7f877a233540: cdpl_hash.c:69: in cdpl_h_destroy(): debug: put collisions: 0
1743809863.439397: 126666-7f877a233540: cdpl_hash.c:70: in cdpl_h_destroy(): debug: get operations: 1
1743809863.439397: 126666-7f877a233540: cdpl_hash.c:71: in cdpl_h_destroy(): debug: get iterations: 1
1743809863.439401: 126666-7f877a233540: cdpl_monitor.c:1390: in cdpl_mn_free(): debug: freeing monitor server
1743809863.439403: 126666-7f877a233540: cdpl_ipc.c:3728: in cdpl_ipc_free(): debug: releasing IPC handle
1743809863.439403: 126666-7f877a233540: cdpl_ipc.c:1582: in _host_free__UNSAFE(): debug: freeing host `152.14.142.74:59334'
1743809863.439404: 126666-7f877a233540: cdpl_ipc.c:1621: in _host_free__UNSAFE(): debug: [0 outq, 0 spR, 0 spW]
1743809863.439412: 126666-7f877a233540: cdpl_ipc.c:3767: in cdpl_ipc_free(): debug: done
1743809863.439415: 126666-7f877a233540: cdpl_log.c:481: in cdpl_log_close(): info: @@end_of_log@@
