1744125022.079059: 223159-7f666e5e3540: cdpl_log.c:337: in cdpl_log_open(): info: @@start_of_log@@
1744125022.079119: 223159-7f666e5e3540: cdpl_log.c:1058: in cdpl_log_dump_sysinfo(): info: time: 2025/04/08 11:10:22 EDT -0400
1744125022.079125: 223159-7f666e5e3540: cdpl_log.c:1060: in cdpl_log_dump_sysinfo(): info: version: W-2024.09-SP1-2 
1744125022.079128: 223159-7f666e5e3540: cdpl_log.c:1062: in cdpl_log_dump_sysinfo(): info: system: Linux 4.18.0-553.46.1.el8_10.x86_64 #1 SMP Sat Mar 15 01:37:33 EDT 2025
1744125022.079132: 223159-7f666e5e3540: cdpl_log.c:1067: in cdpl_log_dump_sysinfo(): info: processor: x86_64 64-bits
1744125022.079135: 223159-7f666e5e3540: cdpl_log.c:1071: in cdpl_log_dump_sysinfo(): info: hostname: hydra11.ece.ncsu.edu
1744125022.079138: 223159-7f666e5e3540: cdpl_log.c:1073: in cdpl_log_dump_sysinfo(): info: program name: custom_shell
1744125022.079144: 223159-7f666e5e3540: cdpl_log.c:340: in cdpl_log_open(): debug: path: /mnt/coe/workspace/ece/ece546-spr25/group8/group8_project/synopsys_custom/pwdp_jobs/saeSession0_default.SimulationSimulation_cdpl.0.223159/logs/master.hydra11.ece.ncsu.edu.223159.log
1744125022.079147: 223159-7f666e5e3540: cdpl_log.c:341: in cdpl_log_open(): debug: dir: /mnt/coe/workspace/ece/ece546-spr25/group8/group8_project/synopsys_custom/pwdp_jobs/saeSession0_default.SimulationSimulation_cdpl.0.223159/logs
1744125022.083617: 223159-7f666e5e3540: cdpl_server.c:536: in cdpl_sv_init(): info: new server S41204369
1744125022.083640: 223159-7f666e5e3540: cdpl_ipc.c:3475: in cdpl_ipc_init(): info: requesting IPv4 protocol
1744125022.093735: 223159-7f666e5e3540: cdpl_ipc.c:837: in _selectaddrfamily(): info: selected IPv4 protocol
1744125022.093796: 223159-7f666e5e3540: cdpl_ipc.c:1139: in _set_keepalive(): info: TCP keep alive interval: 300
1744125022.096424: 223159-7f666e5e3540: cdpl_monitor.c:1117: in cdpl_mn_new_server(): info: creating server monitor instance
1744125022.096483: 223159-7f666e5e3540: cdpl_server.c:650: in cdpl_sv_new_master(): info: new master M1
1744125022.096513: 223159-7f666e5e3540: cdpl_server.c:6533: in cdpl_sv_ctl_master(): info: Setting worker heartbeat to 120 seconds
1744125022.096519: 223159-7f666e5e3540: cdpl_server.c:6542: in cdpl_sv_ctl_master(): info: Setting worker heartbeat timeout to 3 heartbeats
1744125022.096526: 223159-7f666e5e3540: cdpl_compat_master.c:2090: in _parse_hostfile(): info: reading hostfile `/mnt/coe/workspace/ece/ece546-spr25/group8/group8_project/synopsys_custom/pwdp_jobs/saeSession0_default.SimulationSimulation_cdpl.0.223159/host_file'
1744125022.101298: 223159-7f666e5e3540: cdpl_compat_master.c:1900: in _hostfile_parser(): debug: parsing "1     |localhost|   -1  | /tmp | SH | sh"
1744125022.101340: 223159-7f666e5e3540: cdpl_farm.c:2578: in cdpl_farm_new_sh(): info: creating SH farm on localhost
1744125022.101356: 223159-7f666e5e3540: cdpl_compat_master.c:206: in _set_farm_env(): info: exporting CDPL_LOGDIR as `/mnt/coe/workspace/ece/ece546-spr25/group8/group8_project/synopsys_custom/pwdp_jobs/saeSession0_default.SimulationSimulation_cdpl.0.223159/logs'
1744125022.101360: 223159-7f666e5e3540: cdpl_compat_master.c:212: in _set_farm_env(): info: exporting CDPL_TMPDIR as `/tmp'
1744125022.101364: 223159-7f666e5e3540: cdpl_compat_master.c:219: in _set_farm_env(): info: exporting CDPL_HOME as `/mnt/apps/public/COE/synopsys_apps/hspice/W-2024.09-SP1/hspice/cdpl'
1744125022.101368: 223159-7f666e5e3540: cdpl_compat_master.c:235: in _set_farm_env(): info: exporting SNPSLMD_LICENSE_FILE as `27000@ece-lic-35.ece.ncsu.edu'
1744125022.101373: 223159-7f666e5e3540: cdpl_compat_master.c:259: in _set_farm_env(): info: exporting CDPL_OPTIONS as `[nowlogs]'
1744125022.101376: 223159-7f666e5e3540: cdpl_compat_master.c:266: in _set_farm_env(): info: exporting DISPLAY as `unix:29100'
1744125022.101379: 223159-7f666e5e3540: cdpl_compat_master.c:274: in _set_farm_env(): info: exporting CDPL_HEARTBEAT as `120'
1744125022.101416: 223159-7f666e5e3540: cdpl_farm.c:3149: in cdpl_farm_add_withdir(): debug: added `localhost' (capacity: unlimited)
1744125022.101421: 223159-7f666e5e3540: cdpl_compat_parse.c:147: in parsefile(): debug: read `/mnt/coe/workspace/ece/ece546-spr25/group8/group8_project/synopsys_custom/pwdp_jobs/saeSession0_default.SimulationSimulation_cdpl.0.223159/host_file', 2 lines
1744125022.101434: 223159-7f666e5e3540: cdpl_compat_master.c:2931: in cdplInitMaster(): info: bcast dir is `/mnt/coe/workspace/ece/ece546-spr25/group8/group8_project/synopsys_custom/pwdp_jobs/saeSession0_default.SimulationSimulation_cdpl.0.223159/logs'
1744125022.105168: 223159-7f666e5e3540: cdpl_server.c:6433: in cdpl_sv_ctl_master(): info: farm worker timeout set to 300
1744125022.105176: 223159-7f666e5e3540: cdpl_server.c:6486: in cdpl_sv_ctl_master(): info: maximum number of task execution attempts set to 1
1744125022.105222: 223159-7f666e5e3540: cdpl_server.c:3195: in cdpl_sv_start(): debug: starting server
1744125022.105244: 223159-7f666e5e3540: cdpl_ipc.c:3632: in cdpl_ipc_start(): debug: starting IPC server 152.14.98.7:41149
1744125022.105542: 223159-7f663b15a700: cdpl_server_ipc.c:1182: in _sv_ipc_thread(): debug: ready
1744125022.105727: 223159-7f663a959700: cdpl_monitor.c:426: in cdpl_mn_init_client(): info: creating client monitor instance
1744125022.105749: 223159-7f663a959700: cdpl_ipc.c:3475: in cdpl_ipc_init(): info: requesting IPv4 protocol
1744125022.109388: 223159-7f663a959700: cdpl_ipc.c:837: in _selectaddrfamily(): info: selected IPv4 protocol
1744125022.109424: 223159-7f663a959700: cdpl_ipc.c:1139: in _set_keepalive(): info: TCP keep alive interval: 300
1744125022.112321: 223159-7f663a959700: cdpl_ipc.c:3632: in cdpl_ipc_start(): debug: starting IPC server 152.14.98.7:37245
1744125022.112646: 223159-7f663a959700: cdpl_monitor.c:471: in cdpl_mn_init_client(): debug: incoming messages in /tmp/cdpl-monitor-nQmAFX
1744125022.112812: 223159-7f663a959700: cdpl_monitor.c:533: in cdpl_mn_connect(): debug: connecting to 152.14.98.7:41149
1744125022.112828: 223159-7f663a959700: cdpl_ipc.c:3789: in cdpl_ipc_connect(): info: connecting to 152.14.98.7:41149
1744125022.113030: 223159-7f663a959700: cdpl_ipc.c:3860: in cdpl_ipc_connect(): info: connected as `152.14.98.7:40040'
1744125022.113058: 223159-7f663a959700: cdpl_ipc.c:2503: in cdpl_ipc_host_accept(): debug: accepted host `152.14.98.7:41149'
1744125022.113087: 223159-7f663b95b700: cdpl_ipc.c:1862: in _epoll_accept(): debug: new connection from `152.14.98.7:40040'
1744125022.113109: 223159-7f663a959700: cdpl_monitor.c:579: in cdpl_mn_connect(): debug: ok
1744125022.113189: 223159-7f663b15a700: cdpl_server_ipc.c:1225: in _sv_ipc_thread(): debug: received ACCEPT notification
1744125022.113207: 223159-7f663b15a700: cdpl_ipc.c:2503: in cdpl_ipc_host_accept(): debug: accepted host `152.14.98.7:40040'
1744125022.113220: 223159-7f666e5e3540: cdpl_server.c:731: in cdpl_sv_new_job(): info: new job J1 in M1
1744125022.113244: 223159-7f663b15a700: cdpl_server_ipc.c:1256: in _sv_ipc_thread(): debug: received MONITOR message
1744125022.113279: 223159-7f666e5e3540: cdpl_compat_master.c:1581: in _add_worker(): info: new worker type 10, min:1, max:3, cmd:`/mnt/coe/workspace/ece/ece546-spr25/group8/group8_project/synopsys_custom/pwdp_jobs/saeSession0_default.SimulationSimulation_cdpl.0.223159/START_WORKER pw_worker -i /mnt/coe/workspace/ece/ece546-spr25/group8/group8_p
1744125022.113309: 223159-7f666e5e3540: cdpl_server.c:908: in cdpl_sv_new_bin_withfarm(): info: new bin B1 in J1
1744125022.113453: 223159-7f663b15a700: cdpl_monitor.c:1207: in cdpl_mn_accept(): debug: accepted monitor `152.14.98.7:40040'
1744125022.113461: 223159-7f663b15a700: cdpl_server_ipc_mon.c:120: in _globalLOCK(): debug: ENTERTING GLOBAL LOCK
1744125022.113465: 223159-7f663b15a700: cdpl_server_ipc_mon.c:164: in _globalLOCK(): debug: global lock acquired
1744125022.113472: 223159-7f6639156700: cdpl_monitor.c:910: in mn_systat(): debug: started
1744125022.113860: 223159-7f6639156700: cdpl_monitor.c:937: in mn_systat(): debug: monitor server flush rate: 5
1744125022.201308: 223159-7f663b15a700: cdpl_server_ipc_mon.c:210: in _globalUNLOCK(): debug: LEAVING GLOBAL LOCK
1744125022.375138: 223159-7f666e5e3540: cdpl_server.c:3249: in cdpl_sv_start_job(): info: starting job J1
1744125022.375182: 223159-7f666e5e3540: cdpl_server.c:62: in _sv_start_bin(): debug: starting bin B1 (min: 0, max: 3)
1744125022.375345: 223159-7f661effd700: cdpl_server_sched.c:2482: in _sv_scheduler_thread(): debug: scheduler for bin B1 started
1744125022.375422: 223159-7f666e5e3540: cdpl_server.c:1893: in _sv_gen_task(): info: new task T0 in B1 (prio 0)
1744125022.375488: 223159-7f666e5e3540: cdpl_server.c:2698: in cdpl_sv_label_task_va(): info: setting task T0 label to "HSPICE_1|HSPICE"
1744125022.375572: 223159-7f661effd700: cdpl_server_sched.c:2443: in _scheduler_run(): debug: will start a new worker
1744125022.375635: 223159-7f661effd700: cdpl_farm.c:3977: in cdpl_farm_submit(): debug: 1 running processes
1744125022.375641: 223159-7f661effd700: cdpl_farm.c:3985: in cdpl_farm_submit(): debug: new command C1 in bin B1 assigned to host `localhost'
1744125022.375758: 223159-7f661effd700: cdpl_server_sched.c:705: in _sv_launch_worker(): info: started worker W1 (as C1) in bin B1
1744125022.375779: 223159-7f661e7fc700: cdpl_farm.c:2139: in _schedule(): debug: started
1744125022.375793: 223159-7f661e7fc700: cdpl_farm.c:2303: in _schedule(): debug: submitting command C1 in bin B1
1744125022.375824: 223159-7f661e7fc700: cdpl_sh.c:49: in _sh_detached_submit(): info: SH : /mnt/coe/workspace/ece/ece546-spr25/group8/group8_project/synopsys_custom/pwdp_jobs/saeSession0_default.SimulationSimulation_cdpl.0.223159/START_WORKER pw_worker -i /mnt/coe/workspace/ece/ece546-spr25/group8/group8_project/synopsys_custom/pwdp_jobs/saeSession0_default.SimulationSimulation_cdpl.0.223159 -t 10000
1744125022.383444: 223159-7f661e7fc700: cdpl_farm.c:2343: in _schedule(): debug: C1 in bin B1 running on slot 0
1744125022.383493: 223159-7f661e7fc700: cdpl_farm.c:2167: in _schedule(): debug: idle
1744125022.529713: 223159-7f666e5e3540: cdpl_compat_master.c:5948: in cdplMasterLogInfo(): info: [non-CDPL log entry] PWDP3: reset pilot cache succeeded, pilot_key=saeSession0,1,default|&/mnt/coe/workspace/ece/ece546-spr25/group8/group8_project/simulation/group8,memory_array_tb,schematic/history_1/simulation/default/PrimeSimHSPICE/nominal/results
1744125022.683583: 223159-7f661e7fc700: cdpl_farm.c:1193: in _onexit(): debug: C1 in bin B1 exited normally on slot 0
1744125023.335005: 223159-7f661ffff700: cdpl_compat_master.c:5948: in cdplMasterLogInfo(): info: [non-CDPL log entry] PWDP - no-workers started ok check start!
1744125025.840813: 223159-7f663b95b700: cdpl_ipc.c:1862: in _epoll_accept(): debug: new connection from `152.14.98.7:40056'
1744125025.840863: 223159-7f663b15a700: cdpl_server_ipc.c:1225: in _sv_ipc_thread(): debug: received ACCEPT notification
1744125025.840882: 223159-7f663b15a700: cdpl_ipc.c:2503: in cdpl_ipc_host_accept(): debug: accepted host `152.14.98.7:40056'
1744125025.841636: 223159-7f663b15a700: cdpl_server_ipc.c:1246: in _sv_ipc_thread(): debug: received HELLO message
1744125025.841648: 223159-7f663b15a700: cdpl_server_ipc.c:430: in _sv_on_hello(): debug: looking up W1
1744125025.841653: 223159-7f663b15a700: cdpl_server_ipc.c:540: in _sv_on_hello(): info: W1 is `152.14.98.7:40056'
1744125025.841657: 223159-7f663b15a700: cdpl_server_ipc.c:541: in _sv_on_hello(): debug: hello W1 (B1)
1744125025.841661: 223159-7f663b15a700: cdpl_server_ipc.c:542: in _sv_on_hello(): info: W1 log file is /dev/null
1744125025.841756: 223159-7f663b15a700: cdpl_server_ipc.c:602: in _sv_on_hello(): info: up to 1 alive workers in B1
1744125025.841776: 223159-7f663b15a700: cdpl_farm.c:878: in _release_cmd(): debug: freeing command C1 in bin B1
1744125025.841809: 223159-7f661effd700: cdpl_server_sched.c:960: in _assign(): info: assigning task T0 to worker W1
1744125026.842987: 223159-7f663b15a700: cdpl_server_ipc.c:312: in _sv_on_heartbeat(): debug: received HEARTBEAT from worker W1 at 152.14.98.7:40056
1744125027.183797: 223159-7f663a959700: cdpl_monitor.c:533: in cdpl_mn_connect(): debug: connecting to 152.14.98.7:40041
1744125027.183814: 223159-7f663a959700: cdpl_ipc.c:3789: in cdpl_ipc_connect(): info: connecting to 152.14.98.7:40041
1744125027.184044: 223159-7f663a959700: cdpl_ipc.c:3860: in cdpl_ipc_connect(): info: connected as `152.14.98.7:37940'
1744125027.184060: 223159-7f663a959700: cdpl_ipc.c:2503: in cdpl_ipc_host_accept(): debug: accepted host `152.14.98.7:40041'
1744125027.184068: 223159-7f663a959700: cdpl_monitor.c:579: in cdpl_mn_connect(): debug: ok
1744125029.684655: 223159-7f663b15a700: cdpl_server_ipc.c:1268: in _sv_ipc_thread(): debug: received RELAY message
1744125029.684675: 223159-7f663b15a700: cdpl_server_ipc.c:713: in _sv_on_relay(): debug: RELAY message from W1, size = 56
1744125029.684681: 223159-7f663b15a700: cdpl_server_ipc.c:715: in _sv_on_relay(): debug: RELAY message from W1, content = 0$225426 hydra11.ece.ncsu.edu 225483 RUNNING 1744125028
1744125058.867064: 223159-7f663b15a700: cdpl_server_ipc.c:1268: in _sv_ipc_thread(): debug: received RELAY message
1744125058.868328: 223159-7f663b15a700: cdpl_server_ipc.c:713: in _sv_on_relay(): debug: RELAY message from W1, size = 48
1744125058.868337: 223159-7f663b15a700: cdpl_server_ipc.c:715: in _sv_on_relay(): debug: RELAY message from W1, content = WORKERDU|1210,dc2isi00nfs.oit.ncsu.edu:/coe_nfs
1744125058.868352: 223159-7f663b15a700: cdpl_server_ipc.c:1268: in _sv_ipc_thread(): debug: received RELAY message
1744125058.868356: 223159-7f663b15a700: cdpl_server_ipc.c:713: in _sv_on_relay(): debug: RELAY message from W1, size = 197
1744125058.868360: 223159-7f663b15a700: cdpl_server_ipc.c:715: in _sv_on_relay(): debug: RELAY message from W1, content = REQPILOT|saeSession0,1,default|&/mnt/coe/workspace/ece/ece546-spr25/group8/group8_project/simulation/group8,memory_array_tb,schematic/history_1/simulation/default/PrimeSimHSPICE/nominal/results|&0
1744125058.868592: 223159-7f6638955700: cdpl_compat_master.c:5948: in cdplMasterLogInfo(): info: [non-CDPL log entry] PWDP send back 'DOPILOT' to worker id:1 key: saeSession0,1,default|&/mnt/coe/workspace/ece/ece546-spr25/group8/group8_project/simulation/group8,memory_array_tb,schematic/history_1/simulation/default/PrimeSimHSPICE/nominal/results
1744125058.874586: 223159-7f6638955700: cdpl_compat_master.c:5948: in cdplMasterLogInfo(): info: [non-CDPL log entry] PWDP: set pilot doing!
1744125058.885431: 223159-7f663b15a700: cdpl_server_ipc.c:1268: in _sv_ipc_thread(): debug: received RELAY message
1744125058.885445: 223159-7f663b15a700: cdpl_server_ipc.c:713: in _sv_on_relay(): debug: RELAY message from W1, size = 193
1744125058.885450: 223159-7f663b15a700: cdpl_server_ipc.c:715: in _sv_on_relay(): debug: RELAY message from W1, content = PILOTOK|saeSession0,1,default|&/mnt/coe/workspace/ece/ece546-spr25/group8/group8_project/simulation/group8,memory_array_tb,schematic/history_1/simulation/default/PrimeSimHSPICE/nominal/results
1744125058.885483: 223159-7f6638955700: cdpl_compat_master.c:5948: in cdplMasterLogInfo(): info: [non-CDPL log entry] PWDP: set pilot done!
1744125058.885597: 223159-7f663b15a700: cdpl_server_ipc.c:1268: in _sv_ipc_thread(): debug: received RELAY message
1744125058.885602: 223159-7f663b15a700: cdpl_server_ipc.c:713: in _sv_on_relay(): debug: RELAY message from W1, size = 18
1744125058.885605: 223159-7f663b15a700: cdpl_server_ipc.c:715: in _sv_on_relay(): debug: RELAY message from W1, content = 0$- - - MEASDOING
1744125061.857254: 223159-7f663b15a700: cdpl_server_ipc.c:1268: in _sv_ipc_thread(): debug: received RELAY message
1744125061.857271: 223159-7f663b15a700: cdpl_server_ipc.c:713: in _sv_on_relay(): debug: RELAY message from W1, size = 68
1744125061.857277: 223159-7f663b15a700: cdpl_server_ipc.c:715: in _sv_on_relay(): debug: RELAY message from W1, content = 0$225426 hydra11.ece.ncsu.edu 225483 FINISHED 1744125028|1744125061
1744125061.870038: 223159-7f663b15a700: cdpl_server_ipc.c:1268: in _sv_ipc_thread(): debug: received RELAY message
1744125061.870050: 223159-7f663b15a700: cdpl_server_ipc.c:713: in _sv_on_relay(): debug: RELAY message from W1, size = 195
1744125061.870055: 223159-7f663b15a700: cdpl_server_ipc.c:715: in _sv_on_relay(): debug: RELAY message from W1, content = PILOTDONE|saeSession0,1,default|&/mnt/coe/workspace/ece/ece546-spr25/group8/group8_project/simulation/group8,memory_array_tb,schematic/history_1/simulation/default/PrimeSimHSPICE/nominal/results
1744125061.870117: 223159-7f6638955700: cdpl_compat_master.c:5948: in cdplMasterLogInfo(): info: [non-CDPL log entry] saeSession0,1,default|&/mnt/coe/workspace/ece/ece546-spr25/group8/group8_project/simulation/group8,memory_array_tb,schematic/history_1/simulation/default/PrimeSimHSPICE/nominal/results PILOTDONE!
1744125061.885501: 223159-7f663b15a700: cdpl_server_ipc.c:1251: in _sv_ipc_thread(): debug: received FINISH message
1744125061.885515: 223159-7f663b15a700: cdpl_server_ipc.c:983: in _sv_on_finish(): info: worker W1 completed task T0
1744125061.885519: 223159-7f663b15a700: cdpl_server_ipc.c:988: in _sv_on_finish(): debug: stat T0: utime=20660 stime=2985
1744125061.885524: 223159-7f663b15a700: cdpl_server_ipc.c:993: in _sv_on_finish(): debug: statm T0: vsize=2868180 rss=1066580 shared=518900 text=474784 data=734012
1744125061.911569: 223159-7f663b15a700: cdpl_server_ipc.c:1268: in _sv_ipc_thread(): debug: received RELAY message
1744125061.911583: 223159-7f663b15a700: cdpl_server_ipc.c:713: in _sv_on_relay(): debug: RELAY message from W1, size = 47
1744125061.911588: 223159-7f663b15a700: cdpl_server_ipc.c:715: in _sv_on_relay(): debug: RELAY message from W1, content = WORKERDU|108,dc2isi00nfs.oit.ncsu.edu:/coe_nfs
1744125061.921860: 223159-7f666e5e3540: cdpl_server.c:227: in _sv_free_task_safe(): debug: freeing task T0
1744125065.841283: 223159-7f666e5e3540: cdpl_server.c:3008: in cdpl_sv_halt_job_errno(): info: killing job J1
1744125065.842607: 223159-7f666e5e3540: cdpl_server.c:3044: in cdpl_sv_halt_job_errno(): debug: signal bin B1 scheduler to stop
1744125065.842685: 223159-7f661effd700: cdpl_server_sched.c:2484: in _sv_scheduler_thread(): debug: scheduler for bin B1 stopped
1744125065.842726: 223159-7f661effd700: cdpl_ipc.c:1657: in _host_drop__UNSAFE(): debug: dropping host `152.14.98.7:40056'
1744125065.842801: 223159-7f661effd700: cdpl_server_sched.c:2830: in _sv_drop_worker(): info: down to 0 alive workers in B1
1744125065.842808: 223159-7f663b15a700: cdpl_server_ipc.c:1236: in _sv_ipc_thread(): debug: received DROP notification
1744125065.842830: 223159-7f661effd700: cdpl_farm.c:4152: in cdpl_farm_dismiss(): debug: down to 0 running processes
1744125065.842858: 223159-7f661effd700: cdpl_server_sched.c:121: in _free_worker_2(): debug: freeing worker W1
1744125065.842882: 223159-7f661effd700: cdpl_ipc.c:2513: in cdpl_ipc_host_release(): debug: releasing host `152.14.98.7:40056'
1744125065.842886: 223159-7f661effd700: cdpl_ipc.c:2529: in cdpl_ipc_host_release(): debug: scheduling for immediate release
1744125065.842914: 223159-7f666e5e3540: cdpl_server.c:294: in _sv_free_job(): info: freeing job J1
1744125065.842920: 223159-7f666e5e3540: cdpl_server.c:92: in _sv_free_bin(): debug: freeing bin B1
1744125065.842984: 223159-7f666e5e3540: cdpl_monitor.c:515: in cdpl_mn_kill(): info: killing monitor
1744125065.842997: 223159-7f666e5e3540: cdpl_ipc.c:3677: in cdpl_ipc_kill(): debug: stopping event server
1744125065.843015: 223159-7f663a158700: cdpl_ipc.c:2460: in _epoll_main(): debug: server going down...
1744125065.843070: 223159-7f663b95b700: cdpl_ipc.c:775: in _readv(): warning: read(): EOF
1744125065.843129: 223159-7f663b95b700: cdpl_ipc.c:2100: in _epoll_recv(): debug: _readv(): Broken pipe
1744125065.843136: 223159-7f663b95b700: cdpl_ipc.c:2424: in _epoll_main(): debug: _epoll_recv(): Broken pipe
1744125065.843160: 223159-7f663b95b700: cdpl_ipc.c:1657: in _host_drop__UNSAFE(): debug: dropping host `152.14.98.7:40040'
1744125065.843226: 223159-7f663b95b700: cdpl_ipc.c:1582: in _host_free__UNSAFE(): debug: freeing host `152.14.98.7:40056'
1744125065.843247: 223159-7f663b95b700: cdpl_ipc.c:1621: in _host_free__UNSAFE(): debug: [0 outq, 0 spR, 0 spW]
1744125065.843259: 223159-7f663b15a700: cdpl_server_ipc.c:1236: in _sv_ipc_thread(): debug: received DROP notification
1744125065.843283: 223159-7f663b15a700: cdpl_monitor.c:1269: in cdpl_mn_drop(): debug: detaching from monitor `152.14.98.7:40040'
1744125065.843298: 223159-7f663b15a700: cdpl_monitor.c:1101: in mn_systat_stop(): debug: joining systat thread
1744125065.843339: 223159-7f6639156700: cdpl_monitor.c:1079: in mn_systat(): debug: exiting
1744125065.843353: 223159-7f663a959700: cdpl_ipc.c:3728: in cdpl_ipc_free(): debug: releasing IPC handle
1744125065.843366: 223159-7f663a959700: cdpl_ipc.c:1582: in _host_free__UNSAFE(): debug: freeing host `152.14.98.7:40041'
1744125065.843372: 223159-7f663a959700: cdpl_ipc.c:1621: in _host_free__UNSAFE(): debug: [0 outq, 0 spR, 0 spW]
1744125065.843379: 223159-7f663b15a700: cdpl_monitor.c:1103: in mn_systat_stop(): debug: systat thread done
1744125065.843385: 223159-7f663b15a700: cdpl_ipc.c:2513: in cdpl_ipc_host_release(): debug: releasing host `152.14.98.7:40040'
1744125065.843395: 223159-7f663a959700: cdpl_ipc.c:1582: in _host_free__UNSAFE(): debug: freeing host `152.14.98.7:41149'
1744125065.843399: 223159-7f663a959700: cdpl_ipc.c:1621: in _host_free__UNSAFE(): debug: [0 outq, 0 spR, 0 spW]
1744125065.843414: 223159-7f663a959700: cdpl_ipc.c:3756: in cdpl_ipc_free(): warning: 2 host(s) were not released
1744125065.843440: 223159-7f663a959700: cdpl_ipc.c:3767: in cdpl_ipc_free(): debug: done
1744125065.843444: 223159-7f663a959700: cdpl_monitor.c:1390: in cdpl_mn_free(): debug: freeing monitor client
1744125065.843627: 223159-7f666e5e3540: cdpl_farm.c:2740: in cdpl_farm_free(): info: freeing farm
1744125065.843650: 223159-7f661e7fc700: cdpl_farm.c:2231: in _schedule(): debug: end of idling
1744125065.843657: 223159-7f661e7fc700: cdpl_farm.c:2235: in _schedule(): debug: dying
1744125065.843728: 223159-7f666e5e3540: cdpl_farm.c:913: in _killall(): debug: killing all remaining commands
1744125065.843760: 223159-7f666e5e3540: cdpl_server.c:3144: in cdpl_sv_free(): info: freeing server S41204369
1744125065.843790: 223159-7f666e5e3540: cdpl_server.c:3109: in cdpl_sv_kill_errno(): info: killing server
1744125065.843794: 223159-7f666e5e3540: cdpl_ipc.c:3677: in cdpl_ipc_kill(): debug: stopping event server
1744125065.843811: 223159-7f663b15a700: cdpl_server_ipc.c:1200: in _sv_ipc_thread(): debug: leaving now
1744125065.843823: 223159-7f666e5e3540: cdpl_server.c:334: in _sv_free_master(): info: freeing master M1
1744125065.843835: 223159-7f663b95b700: cdpl_ipc.c:2460: in _epoll_main(): debug: server going down...
1744125065.843854: 223159-7f666e5e3540: cdpl_hash.c:68: in cdpl_h_destroy(): debug: put operations: 1
1744125065.843861: 223159-7f666e5e3540: cdpl_hash.c:69: in cdpl_h_destroy(): debug: put collisions: 0
1744125065.843864: 223159-7f666e5e3540: cdpl_hash.c:70: in cdpl_h_destroy(): debug: get operations: 1
1744125065.843867: 223159-7f666e5e3540: cdpl_hash.c:71: in cdpl_h_destroy(): debug: get iterations: 1
1744125065.843884: 223159-7f666e5e3540: cdpl_monitor.c:1390: in cdpl_mn_free(): debug: freeing monitor server
1744125065.843888: 223159-7f666e5e3540: cdpl_ipc.c:3728: in cdpl_ipc_free(): debug: releasing IPC handle
1744125065.843891: 223159-7f666e5e3540: cdpl_ipc.c:1582: in _host_free__UNSAFE(): debug: freeing host `152.14.98.7:40040'
1744125065.843895: 223159-7f666e5e3540: cdpl_ipc.c:1621: in _host_free__UNSAFE(): debug: [0 outq, 0 spR, 0 spW]
1744125065.843924: 223159-7f666e5e3540: cdpl_ipc.c:3767: in cdpl_ipc_free(): debug: done
1744125065.843941: 223159-7f666e5e3540: cdpl_log.c:481: in cdpl_log_close(): info: @@end_of_log@@
