1743688229.791786: 1695541-7f83eb2fe540: cdpl_log.c:337: in cdpl_log_open(): info: @@start_of_log@@
1743688229.791913: 1695541-7f83eb2fe540: cdpl_log.c:1058: in cdpl_log_dump_sysinfo(): info: time: 2025/04/03 09:50:29 EDT -0400
1743688229.791926: 1695541-7f83eb2fe540: cdpl_log.c:1060: in cdpl_log_dump_sysinfo(): info: version: W-2024.09-SP1-2 
1743688229.791933: 1695541-7f83eb2fe540: cdpl_log.c:1062: in cdpl_log_dump_sysinfo(): info: system: Linux 4.18.0-553.46.1.el8_10.x86_64 #1 SMP Sat Mar 15 01:37:33 EDT 2025
1743688229.791939: 1695541-7f83eb2fe540: cdpl_log.c:1067: in cdpl_log_dump_sysinfo(): info: processor: x86_64 64-bits
1743688229.791944: 1695541-7f83eb2fe540: cdpl_log.c:1071: in cdpl_log_dump_sysinfo(): info: hostname: grendel42.ece.ncsu.edu
1743688229.791948: 1695541-7f83eb2fe540: cdpl_log.c:1073: in cdpl_log_dump_sysinfo(): info: program name: custom_shell
1743688229.791960: 1695541-7f83eb2fe540: cdpl_log.c:340: in cdpl_log_open(): debug: path: /mnt/coe/workspace/ece/ece546-spr25/group8/group8_project/synopsys_custom/pwdp_jobs/saeSession1_HSPICEdefault2.SimulationSimulation_cdpl.0.1695541/logs/master.grendel42.ece.ncsu.edu.1695541.log
1743688229.791966: 1695541-7f83eb2fe540: cdpl_log.c:341: in cdpl_log_open(): debug: dir: /mnt/coe/workspace/ece/ece546-spr25/group8/group8_project/synopsys_custom/pwdp_jobs/saeSession1_HSPICEdefault2.SimulationSimulation_cdpl.0.1695541/logs
1743688229.792082: 1695541-7f83eb2fe540: cdpl_server.c:536: in cdpl_sv_init(): info: new server S564061121
1743688229.792109: 1695541-7f83eb2fe540: cdpl_ipc.c:3475: in cdpl_ipc_init(): info: requesting IPv4 protocol
1743688229.796979: 1695541-7f83eb2fe540: cdpl_ipc.c:837: in _selectaddrfamily(): info: selected IPv4 protocol
1743688229.797100: 1695541-7f83eb2fe540: cdpl_ipc.c:1139: in _set_keepalive(): info: TCP keep alive interval: 300
1743688229.802037: 1695541-7f83eb2fe540: cdpl_monitor.c:1117: in cdpl_mn_new_server(): info: creating server monitor instance
1743688229.802117: 1695541-7f83eb2fe540: cdpl_server.c:650: in cdpl_sv_new_master(): info: new master M1
1743688229.802159: 1695541-7f83eb2fe540: cdpl_server.c:6533: in cdpl_sv_ctl_master(): info: Setting worker heartbeat to 120 seconds
1743688229.802167: 1695541-7f83eb2fe540: cdpl_server.c:6542: in cdpl_sv_ctl_master(): info: Setting worker heartbeat timeout to 3 heartbeats
1743688229.802176: 1695541-7f83eb2fe540: cdpl_compat_master.c:2090: in _parse_hostfile(): info: reading hostfile `/mnt/coe/workspace/ece/ece546-spr25/group8/group8_project/synopsys_custom/pwdp_jobs/saeSession1_HSPICEdefault2.SimulationSimulation_cdpl.0.1695541/host_file'
1743688229.812468: 1695541-7f83eb2fe540: cdpl_compat_master.c:1900: in _hostfile_parser(): debug: parsing "1     |localhost|   -1  | /tmp | SH | sh"
1743688229.812556: 1695541-7f83eb2fe540: cdpl_farm.c:2578: in cdpl_farm_new_sh(): info: creating SH farm on localhost
1743688229.812587: 1695541-7f83eb2fe540: cdpl_compat_master.c:206: in _set_farm_env(): info: exporting CDPL_LOGDIR as `/mnt/coe/workspace/ece/ece546-spr25/group8/group8_project/synopsys_custom/pwdp_jobs/saeSession1_HSPICEdefault2.SimulationSimulation_cdpl.0.1695541/logs'
1743688229.812595: 1695541-7f83eb2fe540: cdpl_compat_master.c:212: in _set_farm_env(): info: exporting CDPL_TMPDIR as `/tmp'
1743688229.812603: 1695541-7f83eb2fe540: cdpl_compat_master.c:219: in _set_farm_env(): info: exporting CDPL_HOME as `/mnt/apps/public/COE/synopsys_apps/hspice/W-2024.09-SP1/hspice/cdpl'
1743688229.812612: 1695541-7f83eb2fe540: cdpl_compat_master.c:235: in _set_farm_env(): info: exporting SNPSLMD_LICENSE_FILE as `27000@ece-lic-35.ece.ncsu.edu'
1743688229.812620: 1695541-7f83eb2fe540: cdpl_compat_master.c:259: in _set_farm_env(): info: exporting CDPL_OPTIONS as `[nowlogs]'
1743688229.812625: 1695541-7f83eb2fe540: cdpl_compat_master.c:266: in _set_farm_env(): info: exporting DISPLAY as `unix:23835'
1743688229.812631: 1695541-7f83eb2fe540: cdpl_compat_master.c:274: in _set_farm_env(): info: exporting CDPL_HEARTBEAT as `120'
1743688229.812677: 1695541-7f83eb2fe540: cdpl_farm.c:3149: in cdpl_farm_add_withdir(): debug: added `localhost' (capacity: unlimited)
1743688229.812704: 1695541-7f83eb2fe540: cdpl_compat_parse.c:147: in parsefile(): debug: read `/mnt/coe/workspace/ece/ece546-spr25/group8/group8_project/synopsys_custom/pwdp_jobs/saeSession1_HSPICEdefault2.SimulationSimulation_cdpl.0.1695541/host_file', 2 lines
1743688229.812713: 1695541-7f83eb2fe540: cdpl_compat_master.c:2931: in cdplInitMaster(): info: bcast dir is `/mnt/coe/workspace/ece/ece546-spr25/group8/group8_project/synopsys_custom/pwdp_jobs/saeSession1_HSPICEdefault2.SimulationSimulation_cdpl.0.1695541/logs'
1743688229.820411: 1695541-7f83eb2fe540: cdpl_server.c:6433: in cdpl_sv_ctl_master(): info: farm worker timeout set to 300
1743688229.820428: 1695541-7f83eb2fe540: cdpl_server.c:6486: in cdpl_sv_ctl_master(): info: maximum number of task execution attempts set to 1
1743688229.820500: 1695541-7f83eb2fe540: cdpl_server.c:3195: in cdpl_sv_start(): debug: starting server
1743688229.820517: 1695541-7f83eb2fe540: cdpl_ipc.c:3632: in cdpl_ipc_start(): debug: starting IPC server 152.14.98.57:43915
1743688229.821148: 1695541-7f83b77fe700: cdpl_server_ipc.c:1182: in _sv_ipc_thread(): debug: ready
1743688229.821425: 1695541-7f83b6ffd700: cdpl_monitor.c:426: in cdpl_mn_init_client(): info: creating client monitor instance
1743688229.821479: 1695541-7f83b6ffd700: cdpl_ipc.c:3475: in cdpl_ipc_init(): info: requesting IPv4 protocol
1743688229.825416: 1695541-7f83b6ffd700: cdpl_ipc.c:837: in _selectaddrfamily(): info: selected IPv4 protocol
1743688229.825497: 1695541-7f83b6ffd700: cdpl_ipc.c:1139: in _set_keepalive(): info: TCP keep alive interval: 300
1743688229.828528: 1695541-7f83b6ffd700: cdpl_ipc.c:3632: in cdpl_ipc_start(): debug: starting IPC server 152.14.98.57:33159
1743688229.828989: 1695541-7f83b6ffd700: cdpl_monitor.c:471: in cdpl_mn_init_client(): debug: incoming messages in /tmp/cdpl-monitor-dL8Wsq
1743688229.829262: 1695541-7f83b6ffd700: cdpl_monitor.c:533: in cdpl_mn_connect(): debug: connecting to 152.14.98.57:43915
1743688229.829283: 1695541-7f83b6ffd700: cdpl_ipc.c:3789: in cdpl_ipc_connect(): info: connecting to 152.14.98.57:43915
1743688229.829526: 1695541-7f83b6ffd700: cdpl_ipc.c:3860: in cdpl_ipc_connect(): info: connected as `152.14.98.57:56260'
1743688229.829564: 1695541-7f83b6ffd700: cdpl_ipc.c:2503: in cdpl_ipc_host_accept(): debug: accepted host `152.14.98.57:43915'
1743688229.829647: 1695541-7f83b6ffd700: cdpl_monitor.c:579: in cdpl_mn_connect(): debug: ok
1743688229.829702: 1695541-7f83b7fff700: cdpl_ipc.c:1862: in _epoll_accept(): debug: new connection from `152.14.98.57:56260'
1743688229.829846: 1695541-7f83eb2fe540: cdpl_server.c:731: in cdpl_sv_new_job(): info: new job J1 in M1
1743688229.829947: 1695541-7f83b77fe700: cdpl_server_ipc.c:1225: in _sv_ipc_thread(): debug: received ACCEPT notification
1743688229.830004: 1695541-7f83b77fe700: cdpl_ipc.c:2503: in cdpl_ipc_host_accept(): debug: accepted host `152.14.98.57:56260'
1743688229.830015: 1695541-7f83eb2fe540: cdpl_compat_master.c:1581: in _add_worker(): info: new worker type 10, min:1, max:3, cmd:`/mnt/coe/workspace/ece/ece546-spr25/group8/group8_project/synopsys_custom/pwdp_jobs/saeSession1_HSPICEdefault2.SimulationSimulation_cdpl.0.1695541/START_WORKER pw_worker -i /mnt/coe/workspace/ece/ece546-spr25/group8/
1743688229.830046: 1695541-7f83b77fe700: cdpl_server_ipc.c:1256: in _sv_ipc_thread(): debug: received MONITOR message
1743688229.830103: 1695541-7f83eb2fe540: cdpl_server.c:908: in cdpl_sv_new_bin_withfarm(): info: new bin B1 in J1
1743688229.830541: 1695541-7f83b77fe700: cdpl_monitor.c:1207: in cdpl_mn_accept(): debug: accepted monitor `152.14.98.57:56260'
1743688229.830559: 1695541-7f83b77fe700: cdpl_server_ipc_mon.c:120: in _globalLOCK(): debug: ENTERTING GLOBAL LOCK
1743688229.830566: 1695541-7f83b77fe700: cdpl_server_ipc_mon.c:164: in _globalLOCK(): debug: global lock acquired
1743688229.830686: 1695541-7f83b57fa700: cdpl_monitor.c:910: in mn_systat(): debug: started
1743688229.831356: 1695541-7f83b57fa700: cdpl_monitor.c:937: in mn_systat(): debug: monitor server flush rate: 5
1743688231.938023: 1695541-7f83b77fe700: cdpl_server_ipc_mon.c:210: in _globalUNLOCK(): debug: LEAVING GLOBAL LOCK
1743688231.938090: 1695541-7f83eb2fe540: cdpl_server.c:3249: in cdpl_sv_start_job(): info: starting job J1
1743688231.938146: 1695541-7f83eb2fe540: cdpl_server.c:62: in _sv_start_bin(): debug: starting bin B1 (min: 0, max: 3)
1743688231.938537: 1695541-7f839affd700: cdpl_server_sched.c:2482: in _sv_scheduler_thread(): debug: scheduler for bin B1 started
1743688231.938753: 1695541-7f83eb2fe540: cdpl_server.c:1893: in _sv_gen_task(): info: new task T0 in B1 (prio 0)
1743688231.938851: 1695541-7f83eb2fe540: cdpl_server.c:2698: in cdpl_sv_label_task_va(): info: setting task T0 label to "HSPICE_1|HSPICE"
1743688231.938967: 1695541-7f839affd700: cdpl_server_sched.c:2443: in _scheduler_run(): debug: will start a new worker
1743688231.939092: 1695541-7f839affd700: cdpl_farm.c:3977: in cdpl_farm_submit(): debug: 1 running processes
1743688231.939105: 1695541-7f839affd700: cdpl_farm.c:3985: in cdpl_farm_submit(): debug: new command C1 in bin B1 assigned to host `localhost'
1743688231.939307: 1695541-7f839affd700: cdpl_server_sched.c:705: in _sv_launch_worker(): info: started worker W1 (as C1) in bin B1
1743688231.939357: 1695541-7f839a7fc700: cdpl_farm.c:2139: in _schedule(): debug: started
1743688231.939400: 1695541-7f839a7fc700: cdpl_farm.c:2303: in _schedule(): debug: submitting command C1 in bin B1
1743688231.939445: 1695541-7f839a7fc700: cdpl_sh.c:49: in _sh_detached_submit(): info: SH : /mnt/coe/workspace/ece/ece546-spr25/group8/group8_project/synopsys_custom/pwdp_jobs/saeSession1_HSPICEdefault2.SimulationSimulation_cdpl.0.1695541/START_WORKER pw_worker -i /mnt/coe/workspace/ece/ece546-spr25/group8/group8_project/synopsys_custom/pwdp_jobs/saeSession1_HSPICEdefault2.SimulationSimulation_cdpl.0.1695541 -t 10000
1743688231.948114: 1695541-7f839a7fc700: cdpl_farm.c:2343: in _schedule(): debug: C1 in bin B1 running on slot 0
1743688231.948144: 1695541-7f839a7fc700: cdpl_farm.c:2167: in _schedule(): debug: idle
1743688232.248268: 1695541-7f839a7fc700: cdpl_farm.c:1193: in _onexit(): debug: C1 in bin B1 exited normally on slot 0
1743688233.432299: 1695541-7f839bfff700: cdpl_compat_master.c:5948: in cdplMasterLogInfo(): info: [non-CDPL log entry] PWDP - no-workers started ok check start!
1743688234.830180: 1695541-7f83eb2fe540: cdpl_compat_master.c:5948: in cdplMasterLogInfo(): info: [non-CDPL log entry] PWDP3: reset pilot cache succeeded, pilot_key=saeSession1,1,HSPICE_default_2|&/mnt/coe/workspace/ece/ece546-spr25/group8/group8_project/simulation/group8,sram_6t_tb,schematic/history_1/simulation/HSPICE_default_2/HSPICE/nominal/results
1743688235.962880: 1695541-7f83b7fff700: cdpl_ipc.c:1862: in _epoll_accept(): debug: new connection from `152.14.98.57:56274'
1743688235.963077: 1695541-7f83b77fe700: cdpl_server_ipc.c:1225: in _sv_ipc_thread(): debug: received ACCEPT notification
1743688235.963119: 1695541-7f83b77fe700: cdpl_ipc.c:2503: in cdpl_ipc_host_accept(): debug: accepted host `152.14.98.57:56274'
1743688235.963163: 1695541-7f83b77fe700: cdpl_server_ipc.c:1246: in _sv_ipc_thread(): debug: received HELLO message
1743688235.963169: 1695541-7f83b77fe700: cdpl_server_ipc.c:430: in _sv_on_hello(): debug: looking up W1
1743688235.963177: 1695541-7f83b77fe700: cdpl_server_ipc.c:540: in _sv_on_hello(): info: W1 is `152.14.98.57:56274'
1743688235.963183: 1695541-7f83b77fe700: cdpl_server_ipc.c:541: in _sv_on_hello(): debug: hello W1 (B1)
1743688235.963188: 1695541-7f83b77fe700: cdpl_server_ipc.c:542: in _sv_on_hello(): info: W1 log file is /dev/null
1743688235.963288: 1695541-7f83b77fe700: cdpl_server_ipc.c:602: in _sv_on_hello(): info: up to 1 alive workers in B1
1743688235.963310: 1695541-7f83b77fe700: cdpl_farm.c:878: in _release_cmd(): debug: freeing command C1 in bin B1
1743688235.963350: 1695541-7f839affd700: cdpl_server_sched.c:960: in _assign(): info: assigning task T0 to worker W1
1743688236.964432: 1695541-7f83b77fe700: cdpl_server_ipc.c:312: in _sv_on_heartbeat(): debug: received HEARTBEAT from worker W1 at 152.14.98.57:56274
1743688239.685560: 1695541-7f83b77fe700: cdpl_server_ipc.c:1268: in _sv_ipc_thread(): debug: received RELAY message
1743688239.685604: 1695541-7f83b77fe700: cdpl_server_ipc.c:713: in _sv_on_relay(): debug: RELAY message from W1, size = 60
1743688239.685614: 1695541-7f83b77fe700: cdpl_server_ipc.c:715: in _sv_on_relay(): debug: RELAY message from W1, content = 0$1701339 grendel42.ece.ncsu.edu 1701409 RUNNING 1743688239
1743688239.897789: 1695541-7f83b6ffd700: cdpl_monitor.c:533: in cdpl_mn_connect(): debug: connecting to 152.14.98.57:34885
1743688239.897817: 1695541-7f83b6ffd700: cdpl_ipc.c:3789: in cdpl_ipc_connect(): info: connecting to 152.14.98.57:34885
1743688239.898129: 1695541-7f83b6ffd700: cdpl_ipc.c:3860: in cdpl_ipc_connect(): info: connected as `152.14.98.57:43612'
1743688239.898152: 1695541-7f83b6ffd700: cdpl_ipc.c:2503: in cdpl_ipc_host_accept(): debug: accepted host `152.14.98.57:34885'
1743688239.898166: 1695541-7f83b6ffd700: cdpl_monitor.c:579: in cdpl_mn_connect(): debug: ok
1743688259.830431: 1695541-7f83b77fe700: cdpl_server_ipc.c:1268: in _sv_ipc_thread(): debug: received RELAY message
1743688259.833789: 1695541-7f83b77fe700: cdpl_server_ipc.c:713: in _sv_on_relay(): debug: RELAY message from W1, size = 48
1743688259.833801: 1695541-7f83b77fe700: cdpl_server_ipc.c:715: in _sv_on_relay(): debug: RELAY message from W1, content = WORKERDU|1251,dc2isi00nfs.oit.ncsu.edu:/coe_nfs
1743688259.833827: 1695541-7f83b77fe700: cdpl_server_ipc.c:1268: in _sv_ipc_thread(): debug: received RELAY message
1743688259.833833: 1695541-7f83b77fe700: cdpl_server_ipc.c:713: in _sv_on_relay(): debug: RELAY message from W1, size = 202
1743688259.833839: 1695541-7f83b77fe700: cdpl_server_ipc.c:715: in _sv_on_relay(): debug: RELAY message from W1, content = REQPILOT|saeSession1,1,HSPICE_default_2|&/mnt/coe/workspace/ece/ece546-spr25/group8/group8_project/simulation/group8,sram_6t_tb,schematic/history_1/simulation/HSPICE_default_2/HSPICE/nominal/results|&0
1743688259.834021: 1695541-7f83b4ff9700: cdpl_compat_master.c:5948: in cdplMasterLogInfo(): info: [non-CDPL log entry] PWDP send back 'DOPILOT' to worker id:1 key: saeSession1,1,HSPICE_default_2|&/mnt/coe/workspace/ece/ece546-spr25/group8/group8_project/simulation/group8,sram_6t_tb,schematic/history_1/simulation/HSPICE_default_2/HSPICE/nominal/results
1743688259.845128: 1695541-7f83b4ff9700: cdpl_compat_master.c:5948: in cdplMasterLogInfo(): info: [non-CDPL log entry] PWDP: set pilot doing!
1743688259.864792: 1695541-7f83b77fe700: cdpl_server_ipc.c:1268: in _sv_ipc_thread(): debug: received RELAY message
1743688259.864828: 1695541-7f83b77fe700: cdpl_server_ipc.c:713: in _sv_on_relay(): debug: RELAY message from W1, size = 198
1743688259.864836: 1695541-7f83b77fe700: cdpl_server_ipc.c:715: in _sv_on_relay(): debug: RELAY message from W1, content = PILOTOK|saeSession1,1,HSPICE_default_2|&/mnt/coe/workspace/ece/ece546-spr25/group8/group8_project/simulation/group8,sram_6t_tb,schematic/history_1/simulation/HSPICE_default_2/HSPICE/nominal/results
1743688259.864866: 1695541-7f83b4ff9700: cdpl_compat_master.c:5948: in cdplMasterLogInfo(): info: [non-CDPL log entry] PWDP: set pilot done!
1743688259.865531: 1695541-7f83b77fe700: cdpl_server_ipc.c:1268: in _sv_ipc_thread(): debug: received RELAY message
1743688259.865539: 1695541-7f83b77fe700: cdpl_server_ipc.c:713: in _sv_on_relay(): debug: RELAY message from W1, size = 18
1743688259.865544: 1695541-7f83b77fe700: cdpl_server_ipc.c:715: in _sv_on_relay(): debug: RELAY message from W1, content = 0$- - - MEASDOING
1743688265.975231: 1695541-7f83b77fe700: cdpl_server_ipc.c:1268: in _sv_ipc_thread(): debug: received RELAY message
1743688265.978244: 1695541-7f83b77fe700: cdpl_server_ipc.c:713: in _sv_on_relay(): debug: RELAY message from W1, size = 72
1743688265.978264: 1695541-7f83b77fe700: cdpl_server_ipc.c:715: in _sv_on_relay(): debug: RELAY message from W1, content = 0$1701339 grendel42.ece.ncsu.edu 1701409 FINISHED 1743688239|1743688265
1743688266.001441: 1695541-7f83b77fe700: cdpl_server_ipc.c:1268: in _sv_ipc_thread(): debug: received RELAY message
1743688266.001496: 1695541-7f83b77fe700: cdpl_server_ipc.c:713: in _sv_on_relay(): debug: RELAY message from W1, size = 200
1743688266.001505: 1695541-7f83b77fe700: cdpl_server_ipc.c:715: in _sv_on_relay(): debug: RELAY message from W1, content = PILOTDONE|saeSession1,1,HSPICE_default_2|&/mnt/coe/workspace/ece/ece546-spr25/group8/group8_project/simulation/group8,sram_6t_tb,schematic/history_1/simulation/HSPICE_default_2/HSPICE/nominal/results
1743688266.001651: 1695541-7f83b4ff9700: cdpl_compat_master.c:5948: in cdplMasterLogInfo(): info: [non-CDPL log entry] saeSession1,1,HSPICE_default_2|&/mnt/coe/workspace/ece/ece546-spr25/group8/group8_project/simulation/group8,sram_6t_tb,schematic/history_1/simulation/HSPICE_default_2/HSPICE/nominal/results PILOTDONE!
1743688266.034515: 1695541-7f83b77fe700: cdpl_server_ipc.c:1251: in _sv_ipc_thread(): debug: received FINISH message
1743688266.034550: 1695541-7f83b77fe700: cdpl_server_ipc.c:983: in _sv_on_finish(): info: worker W1 completed task T0
1743688266.034558: 1695541-7f83b77fe700: cdpl_server_ipc.c:988: in _sv_on_finish(): debug: stat T0: utime=10738 stime=5723
1743688266.034565: 1695541-7f83b77fe700: cdpl_server_ipc.c:993: in _sv_on_finish(): debug: statm T0: vsize=2867740 rss=1064808 shared=519596 text=474784 data=733240
1743688266.120626: 1695541-7f83b77fe700: cdpl_server_ipc.c:1268: in _sv_ipc_thread(): debug: received RELAY message
1743688266.120661: 1695541-7f83b77fe700: cdpl_server_ipc.c:713: in _sv_on_relay(): debug: RELAY message from W1, size = 47
1743688266.120669: 1695541-7f83b77fe700: cdpl_server_ipc.c:715: in _sv_on_relay(): debug: RELAY message from W1, content = WORKERDU|108,dc2isi00nfs.oit.ncsu.edu:/coe_nfs
1743688273.339548: 1695541-7f83eb2fe540: cdpl_server.c:3008: in cdpl_sv_halt_job_errno(): info: killing job J1
1743688273.342659: 1695541-7f83eb2fe540: cdpl_server.c:3044: in cdpl_sv_halt_job_errno(): debug: signal bin B1 scheduler to stop
1743688273.342819: 1695541-7f839affd700: cdpl_server_sched.c:2484: in _sv_scheduler_thread(): debug: scheduler for bin B1 stopped
1743688273.342893: 1695541-7f839affd700: cdpl_ipc.c:1657: in _host_drop__UNSAFE(): debug: dropping host `152.14.98.57:56274'
1743688273.343035: 1695541-7f839affd700: cdpl_server_sched.c:2830: in _sv_drop_worker(): info: down to 0 alive workers in B1
1743688273.343057: 1695541-7f839affd700: cdpl_farm.c:4152: in cdpl_farm_dismiss(): debug: down to 0 running processes
1743688273.343081: 1695541-7f839affd700: cdpl_server_sched.c:121: in _free_worker_2(): debug: freeing worker W1
1743688273.343113: 1695541-7f839affd700: cdpl_ipc.c:2513: in cdpl_ipc_host_release(): debug: releasing host `152.14.98.57:56274'
1743688273.343272: 1695541-7f83eb2fe540: cdpl_server.c:294: in _sv_free_job(): info: freeing job J1
1743688273.343305: 1695541-7f83eb2fe540: cdpl_server.c:92: in _sv_free_bin(): debug: freeing bin B1
1743688273.343327: 1695541-7f83b77fe700: cdpl_server_ipc.c:1236: in _sv_ipc_thread(): debug: received DROP notification
1743688273.343408: 1695541-7f83eb2fe540: cdpl_server.c:184: in _sv_free_task(): debug: freeing task T0
1743688273.343546: 1695541-7f83eb2fe540: cdpl_monitor.c:515: in cdpl_mn_kill(): info: killing monitor
1743688273.343568: 1695541-7f83eb2fe540: cdpl_ipc.c:3677: in cdpl_ipc_kill(): debug: stopping event server
1743688273.343706: 1695541-7f83b67fc700: cdpl_ipc.c:2460: in _epoll_main(): debug: server going down...
1743688273.343809: 1695541-7f83b7fff700: cdpl_ipc.c:775: in _readv(): warning: read(): EOF
1743688273.343927: 1695541-7f83b7fff700: cdpl_ipc.c:2100: in _epoll_recv(): debug: _readv(): Broken pipe
1743688273.343939: 1695541-7f83b7fff700: cdpl_ipc.c:2424: in _epoll_main(): debug: _epoll_recv(): Broken pipe
1743688273.343952: 1695541-7f83b7fff700: cdpl_ipc.c:1657: in _host_drop__UNSAFE(): debug: dropping host `152.14.98.57:56260'
1743688273.344095: 1695541-7f83b7fff700: cdpl_ipc.c:1582: in _host_free__UNSAFE(): debug: freeing host `152.14.98.57:56274'
1743688273.344104: 1695541-7f83b7fff700: cdpl_ipc.c:1621: in _host_free__UNSAFE(): debug: [0 outq, 0 spR, 0 spW]
1743688273.344303: 1695541-7f83b77fe700: cdpl_server_ipc.c:1236: in _sv_ipc_thread(): debug: received DROP notification
1743688273.344361: 1695541-7f83b77fe700: cdpl_monitor.c:1269: in cdpl_mn_drop(): debug: detaching from monitor `152.14.98.57:56260'
1743688273.344376: 1695541-7f83b77fe700: cdpl_monitor.c:1101: in mn_systat_stop(): debug: joining systat thread
1743688273.344475: 1695541-7f83b6ffd700: cdpl_ipc.c:3728: in cdpl_ipc_free(): debug: releasing IPC handle
1743688273.344504: 1695541-7f83b6ffd700: cdpl_ipc.c:1582: in _host_free__UNSAFE(): debug: freeing host `152.14.98.57:34885'
1743688273.344513: 1695541-7f83b6ffd700: cdpl_ipc.c:1621: in _host_free__UNSAFE(): debug: [0 outq, 0 spR, 0 spW]
1743688273.344553: 1695541-7f83b6ffd700: cdpl_ipc.c:1582: in _host_free__UNSAFE(): debug: freeing host `152.14.98.57:43915'
1743688273.344559: 1695541-7f83b6ffd700: cdpl_ipc.c:1621: in _host_free__UNSAFE(): debug: [0 outq, 0 spR, 0 spW]
1743688273.344581: 1695541-7f83b57fa700: cdpl_monitor.c:1079: in mn_systat(): debug: exiting
1743688273.344625: 1695541-7f83b6ffd700: cdpl_ipc.c:3756: in cdpl_ipc_free(): warning: 2 host(s) were not released
1743688273.344642: 1695541-7f83b77fe700: cdpl_monitor.c:1103: in mn_systat_stop(): debug: systat thread done
1743688273.344651: 1695541-7f83b77fe700: cdpl_ipc.c:2513: in cdpl_ipc_host_release(): debug: releasing host `152.14.98.57:56260'
1743688273.344667: 1695541-7f83b6ffd700: cdpl_ipc.c:3767: in cdpl_ipc_free(): debug: done
1743688273.344674: 1695541-7f83b6ffd700: cdpl_monitor.c:1390: in cdpl_mn_free(): debug: freeing monitor client
1743688273.345073: 1695541-7f83eb2fe540: cdpl_farm.c:2740: in cdpl_farm_free(): info: freeing farm
1743688273.345152: 1695541-7f839a7fc700: cdpl_farm.c:2231: in _schedule(): debug: end of idling
1743688273.345172: 1695541-7f839a7fc700: cdpl_farm.c:2235: in _schedule(): debug: dying
1743688273.345432: 1695541-7f83eb2fe540: cdpl_farm.c:913: in _killall(): debug: killing all remaining commands
1743688273.345506: 1695541-7f83eb2fe540: cdpl_server.c:3144: in cdpl_sv_free(): info: freeing server S564061121
1743688273.345555: 1695541-7f83eb2fe540: cdpl_server.c:3109: in cdpl_sv_kill_errno(): info: killing server
1743688273.345562: 1695541-7f83eb2fe540: cdpl_ipc.c:3677: in cdpl_ipc_kill(): debug: stopping event server
1743688273.345599: 1695541-7f83b77fe700: cdpl_server_ipc.c:1200: in _sv_ipc_thread(): debug: leaving now
1743688273.345622: 1695541-7f83eb2fe540: cdpl_server.c:334: in _sv_free_master(): info: freeing master M1
1743688273.345642: 1695541-7f83eb2fe540: cdpl_hash.c:68: in cdpl_h_destroy(): debug: put operations: 1
1743688273.345648: 1695541-7f83eb2fe540: cdpl_hash.c:69: in cdpl_h_destroy(): debug: put collisions: 0
1743688273.345652: 1695541-7f83eb2fe540: cdpl_hash.c:70: in cdpl_h_destroy(): debug: get operations: 1
1743688273.345656: 1695541-7f83eb2fe540: cdpl_hash.c:71: in cdpl_h_destroy(): debug: get iterations: 1
1743688273.345675: 1695541-7f83eb2fe540: cdpl_monitor.c:1390: in cdpl_mn_free(): debug: freeing monitor server
1743688273.345682: 1695541-7f83eb2fe540: cdpl_ipc.c:3722: in cdpl_ipc_free(): debug: waiting for event server to shutdown
1743688273.345707: 1695541-7f83b7fff700: cdpl_ipc.c:2460: in _epoll_main(): debug: server going down...
1743688273.345861: 1695541-7f83eb2fe540: cdpl_ipc.c:3728: in cdpl_ipc_free(): debug: releasing IPC handle
1743688273.345899: 1695541-7f83eb2fe540: cdpl_ipc.c:1582: in _host_free__UNSAFE(): debug: freeing host `152.14.98.57:56260'
1743688273.345908: 1695541-7f83eb2fe540: cdpl_ipc.c:1621: in _host_free__UNSAFE(): debug: [0 outq, 0 spR, 0 spW]
1743688273.345959: 1695541-7f83eb2fe540: cdpl_ipc.c:3767: in cdpl_ipc_free(): debug: done
1743688273.345988: 1695541-7f83eb2fe540: cdpl_log.c:481: in cdpl_log_close(): info: @@end_of_log@@
