
                                 IC Validator 

          Version W-2024.09-SP2 for linux64 - Dec 03, 2024 cl#11100136

                    Copyright (c) 1996 - 2024 Synopsys, Inc.
   This software and the associated documentation are proprietary to Synopsys,
 Inc. This software may only be used in accordance with the terms and conditions
 of a written license agreement with Synopsys, Inc. All other use, reproduction,
   or distribution of this software is strictly prohibited.  Licensed Products
     communicate with Synopsys servers for the purpose of providing software
    updates, detecting software piracy and verifying that customers are using
    Licensed Products in conformity with the applicable License Key for such
  Licensed Products. Synopsys will use information gathered in connection with
    this process to deliver software updates and pursue software pirates and
                                   infringers.

 Inclusivity & Diversity - Visit SolvNetPlus to read the "Synopsys Statement on
            Inclusivity and Diversity" (Refer to article 000036315 at
                        https://solvnetplus.synopsys.com)

Time Started: 2025-04-13 16:33:52
Running on: payback.ece.ncsu.edu 4.18.0-553.47.1.el8_10.x86_64

-------------

Called as: icv -f gdsii -i /mnt/coe/workspace/ece/ece546-spr25/group8/group8_project/synopsys_custom/bitcell_precharge_filler.icv.drc/bitcell_precharge_filler.custom_compiler.gds -c bitcell_precharge_filler -I /mnt/designkits/ncsu/FreePDK3/syncust/NCSU_TechLib_FreePDK3/../../icv -oa_dm6 -vue /mnt/designkits/ncsu/FreePDK3/icv/FreePDK3_main.drc.rs

-------------

Command Line Summary:
icv
-c bitcell_precharge_filler
-f gdsii
-i /mnt/coe/workspace/ece/ece546-spr25/group8/group8_project/synopsys_custom/bitcell_precharge_filler.icv.drc/bitcell_precharge_filler.custom_compiler.gds
-oa_dm6
-vue
-I /mnt/designkits/ncsu/FreePDK3/syncust/NCSU_TechLib_FreePDK3/../../icv
/mnt/designkits/ncsu/FreePDK3/icv/FreePDK3_main.drc.rs

-------------
Using user-specified ICV_INCLUDES setting as:
"/mnt/apps/public/COE/synopsys_apps/icvalidator/W-2024.09-SP2/include"

Parsing runset "/mnt/designkits/ncsu/FreePDK3/icv/FreePDK3_main.drc.rs"

/mnt/designkits/ncsu/FreePDK3/icv/FreePDK3_main.drc.rs:16: warning: The error_limit_per_check in error_options is set to unlimited.  The user setting of unlimited will be honored but could result in very large error files and increased amount of time to process if the number of errors in a check is very large.
warning: There was 1 evaluation warning
Runset Processing Time=0:00:02 User=0.71 Sys=0.06 Mem=0.313 GB

Parsing finished
Host startup begins.
Host startup done: 2 successes, 0 failures.
	payback.ece.ncsu.edu: 2 total CPUs, maximum 2 commands in parallel.
Selecting "payback.ece.ncsu.edu" as Primary host

System Startup Time=0.240571 User=0.0103469

Command execution begins.  Details recorded in the summary file and log db: 
	"/mnt/coe/workspace/ece/ece546-spr25/group8/group8_project/synopsys_custom/bitcell_precharge_filler.icv.drc/run_details/bitcell_precharge_filler.sum"
	"/mnt/coe/workspace/ece/ece546-spr25/group8/group8_project/synopsys_custom/bitcell_precharge_filler.icv.drc/run_details/dp.eventdb"

Running ...
  [0:00:00][0%]   Added 2 CPUs on host payback.ece.ncsu.edu (Total: 2 CPUs on 1 hosts)
  [0:00:01][1%]   Rules: 0/317, Rules with Violations: 0, Total Violations: 0
  [0:00:01][2%]   
  [0:00:01][3%]   Rules: 1/317, Rules with Violations: 0, Total Violations: 0
  [0:00:01][4%]   Rules: 3/317, Rules with Violations: 0, Total Violations: 0
  [0:00:01][5%]   
  [0:00:01][10%]  Rules: 30/317, Rules with Violations: 0, Total Violations: 0
  [0:00:01][15%]  Rules: 40/317, Rules with Violations: 0, Total Violations: 0
  [0:00:01][20%]  
  [0:00:01][25%]  
  [0:00:01][30%]  
  [0:00:01][35%]  
  [0:00:01][40%]  Rules: 45/317, Rules with Violations: 0, Total Violations: 0
  [0:00:01][45%]  Rules: 50/317, Rules with Violations: 0, Total Violations: 0
  [0:00:01][50%]  Rules: 56/317, Rules with Violations: 0, Total Violations: 0
  [0:00:01][55%]  Rules: 80/317, Rules with Violations: 0, Total Violations: 0
  [0:00:01][60%]  Rules: 86/317, Rules with Violations: 0, Total Violations: 0
  [0:00:01][65%]  Rules: 92/317, Rules with Violations: 0, Total Violations: 0
  [0:00:01][70%]  Rules: 98/317, Rules with Violations: 0, Total Violations: 0
  [0:00:01][75%]  Rules: 144/317, Rules with Violations: 0, Total Violations: 0
  [0:00:01][80%]  Rules: 266/317, Rules with Violations: 0, Total Violations: 0
  [0:00:01][85%]  Rules: 286/317, Rules with Violations: 3, Total Violations: 16
  [0:00:01][90%]  Rules: 309/317, Rules with Violations: 3, Total Violations: 16
  [0:00:01][95%]  Rules: 312/317, Rules with Violations: 3, Total Violations: 16
  [0:00:01][100%] Rules: 317/317, Rules with Violations: 3, Total Violations: 16
Engine Runtime=1.31181 User=0.0358291
Error storage stats...
  User=0.01 Sys=0.01 Mem=0.003 GB

Generating bitcell_precharge_filler.LAYOUT_ERRORS...
  Generation Time=0:00:00  User=0.00 Sys=0.00 Mem=0.001 GB

Overall engine Time=0:00:04 Highest command Mem=0.037 GB

-------------

IC Validator Machine Memory Report
payback.ece.ncsu.edu : Average = 0.374 GB, Peak = 0.374 GB

Overall Disk Usage Disk=0.002 GB
Group File Disk Usage Peak=0.000 GB

Overall Manager Mem=0.313 GB


Time Ended: 2025-04-13 16:33:58

IC Validator is done.
