1744496291.279221: 2811140-7f502134a540: cdpl_log.c:337: in cdpl_log_open(): info: @@start_of_log@@
1744496291.279297: 2811140-7f502134a540: cdpl_log.c:1058: in cdpl_log_dump_sysinfo(): info: time: 2025/04/12 18:18:11 EDT -0400
1744496291.279307: 2811140-7f502134a540: cdpl_log.c:1060: in cdpl_log_dump_sysinfo(): info: version: W-2024.09-SP1-2 
1744496291.279314: 2811140-7f502134a540: cdpl_log.c:1062: in cdpl_log_dump_sysinfo(): info: system: Linux 4.18.0-553.47.1.el8_10.x86_64 #1 SMP Thu Mar 20 10:01:53 EDT 2025
1744496291.279320: 2811140-7f502134a540: cdpl_log.c:1067: in cdpl_log_dump_sysinfo(): info: processor: x86_64 64-bits
1744496291.279325: 2811140-7f502134a540: cdpl_log.c:1071: in cdpl_log_dump_sysinfo(): info: hostname: grendel45.ece.ncsu.edu
1744496291.279330: 2811140-7f502134a540: cdpl_log.c:1073: in cdpl_log_dump_sysinfo(): info: program name: custom_shell
1744496291.279341: 2811140-7f502134a540: cdpl_log.c:340: in cdpl_log_open(): debug: path: /mnt/coe/workspace/ece/ece546-spr25/group8/group8_project/synopsys_custom/pwdp_jobs/saeSession0_HSPICEdefault.SimulationSimulation_cdpl.0.2811140/logs/master.grendel45.ece.ncsu.edu.2811140.log
1744496291.279347: 2811140-7f502134a540: cdpl_log.c:341: in cdpl_log_open(): debug: dir: /mnt/coe/workspace/ece/ece546-spr25/group8/group8_project/synopsys_custom/pwdp_jobs/saeSession0_HSPICEdefault.SimulationSimulation_cdpl.0.2811140/logs
1744496291.279443: 2811140-7f502134a540: cdpl_server.c:536: in cdpl_sv_init(): info: new server S828183490
1744496291.279465: 2811140-7f502134a540: cdpl_ipc.c:3475: in cdpl_ipc_init(): info: requesting IPv4 protocol
1744496291.283526: 2811140-7f502134a540: cdpl_ipc.c:837: in _selectaddrfamily(): info: selected IPv4 protocol
1744496291.283584: 2811140-7f502134a540: cdpl_ipc.c:1139: in _set_keepalive(): info: TCP keep alive interval: 300
1744496291.288140: 2811140-7f502134a540: cdpl_monitor.c:1117: in cdpl_mn_new_server(): info: creating server monitor instance
1744496291.288186: 2811140-7f502134a540: cdpl_server.c:650: in cdpl_sv_new_master(): info: new master M1
1744496291.288216: 2811140-7f502134a540: cdpl_server.c:6533: in cdpl_sv_ctl_master(): info: Setting worker heartbeat to 120 seconds
1744496291.288222: 2811140-7f502134a540: cdpl_server.c:6542: in cdpl_sv_ctl_master(): info: Setting worker heartbeat timeout to 3 heartbeats
1744496291.288230: 2811140-7f502134a540: cdpl_compat_master.c:2090: in _parse_hostfile(): info: reading hostfile `/mnt/coe/workspace/ece/ece546-spr25/group8/group8_project/synopsys_custom/pwdp_jobs/saeSession0_HSPICEdefault.SimulationSimulation_cdpl.0.2811140/host_file'
1744496291.324561: 2811140-7f502134a540: cdpl_compat_master.c:1900: in _hostfile_parser(): debug: parsing "1     |localhost|   -1  | /tmp | SH | sh"
1744496291.324609: 2811140-7f502134a540: cdpl_farm.c:2578: in cdpl_farm_new_sh(): info: creating SH farm on localhost
1744496291.324629: 2811140-7f502134a540: cdpl_compat_master.c:206: in _set_farm_env(): info: exporting CDPL_LOGDIR as `/mnt/coe/workspace/ece/ece546-spr25/group8/group8_project/synopsys_custom/pwdp_jobs/saeSession0_HSPICEdefault.SimulationSimulation_cdpl.0.2811140/logs'
1744496291.324635: 2811140-7f502134a540: cdpl_compat_master.c:212: in _set_farm_env(): info: exporting CDPL_TMPDIR as `/tmp'
1744496291.324641: 2811140-7f502134a540: cdpl_compat_master.c:219: in _set_farm_env(): info: exporting CDPL_HOME as `/mnt/apps/public/COE/synopsys_apps/hspice/W-2024.09-SP1/hspice/cdpl'
1744496291.324648: 2811140-7f502134a540: cdpl_compat_master.c:235: in _set_farm_env(): info: exporting SNPSLMD_LICENSE_FILE as `27000@ece-lic-35.ece.ncsu.edu'
1744496291.324655: 2811140-7f502134a540: cdpl_compat_master.c:259: in _set_farm_env(): info: exporting CDPL_OPTIONS as `[nowlogs]'
1744496291.324660: 2811140-7f502134a540: cdpl_compat_master.c:266: in _set_farm_env(): info: exporting DISPLAY as `unix:9783'
1744496291.324665: 2811140-7f502134a540: cdpl_compat_master.c:274: in _set_farm_env(): info: exporting CDPL_HEARTBEAT as `120'
1744496291.324702: 2811140-7f502134a540: cdpl_farm.c:3149: in cdpl_farm_add_withdir(): debug: added `localhost' (capacity: unlimited)
1744496291.324719: 2811140-7f502134a540: cdpl_compat_parse.c:147: in parsefile(): debug: read `/mnt/coe/workspace/ece/ece546-spr25/group8/group8_project/synopsys_custom/pwdp_jobs/saeSession0_HSPICEdefault.SimulationSimulation_cdpl.0.2811140/host_file', 2 lines
1744496291.324726: 2811140-7f502134a540: cdpl_compat_master.c:2931: in cdplInitMaster(): info: bcast dir is `/mnt/coe/workspace/ece/ece546-spr25/group8/group8_project/synopsys_custom/pwdp_jobs/saeSession0_HSPICEdefault.SimulationSimulation_cdpl.0.2811140/logs'
1744496291.336500: 2811140-7f502134a540: cdpl_server.c:6433: in cdpl_sv_ctl_master(): info: farm worker timeout set to 300
1744496291.336507: 2811140-7f502134a540: cdpl_server.c:6486: in cdpl_sv_ctl_master(): info: maximum number of task execution attempts set to 1
1744496291.336562: 2811140-7f502134a540: cdpl_server.c:3195: in cdpl_sv_start(): debug: starting server
1744496291.336577: 2811140-7f502134a540: cdpl_ipc.c:3632: in cdpl_ipc_start(): debug: starting IPC server 152.14.98.62:39113
1744496291.336989: 2811140-7f4fe9f08700: cdpl_server_ipc.c:1182: in _sv_ipc_thread(): debug: ready
1744496291.337262: 2811140-7f4fe9707700: cdpl_monitor.c:426: in cdpl_mn_init_client(): info: creating client monitor instance
1744496291.337306: 2811140-7f4fe9707700: cdpl_ipc.c:3475: in cdpl_ipc_init(): info: requesting IPv4 protocol
1744496291.341226: 2811140-7f4fe9707700: cdpl_ipc.c:837: in _selectaddrfamily(): info: selected IPv4 protocol
1744496291.341261: 2811140-7f4fe9707700: cdpl_ipc.c:1139: in _set_keepalive(): info: TCP keep alive interval: 300
1744496291.344080: 2811140-7f4fe9707700: cdpl_ipc.c:3632: in cdpl_ipc_start(): debug: starting IPC server 152.14.98.62:33697
1744496291.344466: 2811140-7f4fe9707700: cdpl_monitor.c:471: in cdpl_mn_init_client(): debug: incoming messages in /tmp/cdpl-monitor-hoVuLq
1744496291.344923: 2811140-7f4fe9707700: cdpl_monitor.c:533: in cdpl_mn_connect(): debug: connecting to 152.14.98.62:39113
1744496291.344943: 2811140-7f4fe9707700: cdpl_ipc.c:3789: in cdpl_ipc_connect(): info: connecting to 152.14.98.62:39113
1744496291.345204: 2811140-7f4fe9707700: cdpl_ipc.c:3860: in cdpl_ipc_connect(): info: connected as `152.14.98.62:40980'
1744496291.345248: 2811140-7f4fe9707700: cdpl_ipc.c:2503: in cdpl_ipc_host_accept(): debug: accepted host `152.14.98.62:39113'
1744496291.345265: 2811140-7f4fea709700: cdpl_ipc.c:1862: in _epoll_accept(): debug: new connection from `152.14.98.62:40980'
1744496291.345333: 2811140-7f4fe9707700: cdpl_monitor.c:579: in cdpl_mn_connect(): debug: ok
1744496291.345377: 2811140-7f4fe9f08700: cdpl_server_ipc.c:1225: in _sv_ipc_thread(): debug: received ACCEPT notification
1744496291.345397: 2811140-7f4fe9f08700: cdpl_ipc.c:2503: in cdpl_ipc_host_accept(): debug: accepted host `152.14.98.62:40980'
1744496291.345411: 2811140-7f502134a540: cdpl_server.c:731: in cdpl_sv_new_job(): info: new job J1 in M1
1744496291.345425: 2811140-7f4fe9f08700: cdpl_server_ipc.c:1256: in _sv_ipc_thread(): debug: received MONITOR message
1744496291.345477: 2811140-7f502134a540: cdpl_compat_master.c:1581: in _add_worker(): info: new worker type 10, min:1, max:3, cmd:`/mnt/coe/workspace/ece/ece546-spr25/group8/group8_project/synopsys_custom/pwdp_jobs/saeSession0_HSPICEdefault.SimulationSimulation_cdpl.0.2811140/START_WORKER pw_worker -i /mnt/coe/workspace/ece/ece546-spr25/group8/g
1744496291.345517: 2811140-7f502134a540: cdpl_server.c:908: in cdpl_sv_new_bin_withfarm(): info: new bin B1 in J1
1744496291.345702: 2811140-7f4fe9f08700: cdpl_monitor.c:1207: in cdpl_mn_accept(): debug: accepted monitor `152.14.98.62:40980'
1744496291.345711: 2811140-7f4fe9f08700: cdpl_server_ipc_mon.c:120: in _globalLOCK(): debug: ENTERTING GLOBAL LOCK
1744496291.345717: 2811140-7f4fe9f08700: cdpl_server_ipc_mon.c:164: in _globalLOCK(): debug: global lock acquired
1744496291.345756: 2811140-7f4fe37fe700: cdpl_monitor.c:910: in mn_systat(): debug: started
1744496291.346541: 2811140-7f4fe37fe700: cdpl_monitor.c:937: in mn_systat(): debug: monitor server flush rate: 5
1744496293.754440: 2811140-7f4fe9f08700: cdpl_server_ipc_mon.c:210: in _globalUNLOCK(): debug: LEAVING GLOBAL LOCK
1744496293.754607: 2811140-7f502134a540: cdpl_server.c:3249: in cdpl_sv_start_job(): info: starting job J1
1744496293.754671: 2811140-7f502134a540: cdpl_server.c:62: in _sv_start_bin(): debug: starting bin B1 (min: 0, max: 3)
1744496293.755058: 2811140-7f4fe17fa700: cdpl_server_sched.c:2482: in _sv_scheduler_thread(): debug: scheduler for bin B1 started
1744496293.755233: 2811140-7f502134a540: cdpl_server.c:1893: in _sv_gen_task(): info: new task T0 in B1 (prio 0)
1744496293.755338: 2811140-7f502134a540: cdpl_server.c:2698: in cdpl_sv_label_task_va(): info: setting task T0 label to "HSPICE_1|HSPICE"
1744496293.755540: 2811140-7f4fe17fa700: cdpl_server_sched.c:2443: in _scheduler_run(): debug: will start a new worker
1744496293.755682: 2811140-7f4fe17fa700: cdpl_farm.c:3977: in cdpl_farm_submit(): debug: 1 running processes
1744496293.755691: 2811140-7f4fe17fa700: cdpl_farm.c:3985: in cdpl_farm_submit(): debug: new command C1 in bin B1 assigned to host `localhost'
1744496293.755916: 2811140-7f4fe17fa700: cdpl_server_sched.c:705: in _sv_launch_worker(): info: started worker W1 (as C1) in bin B1
1744496293.755957: 2811140-7f4fe0ff9700: cdpl_farm.c:2139: in _schedule(): debug: started
1744496293.755983: 2811140-7f4fe0ff9700: cdpl_farm.c:2303: in _schedule(): debug: submitting command C1 in bin B1
1744496293.756028: 2811140-7f4fe0ff9700: cdpl_sh.c:49: in _sh_detached_submit(): info: SH : /mnt/coe/workspace/ece/ece546-spr25/group8/group8_project/synopsys_custom/pwdp_jobs/saeSession0_HSPICEdefault.SimulationSimulation_cdpl.0.2811140/START_WORKER pw_worker -i /mnt/coe/workspace/ece/ece546-spr25/group8/group8_project/synopsys_custom/pwdp_jobs/saeSession0_HSPICEdefault.SimulationSimulation_cdpl.0.2811140 -t 10000
1744496293.764511: 2811140-7f4fe0ff9700: cdpl_farm.c:2343: in _schedule(): debug: C1 in bin B1 running on slot 0
1744496293.764549: 2811140-7f4fe0ff9700: cdpl_farm.c:2167: in _schedule(): debug: idle
1744496294.364730: 2811140-7f4fe0ff9700: cdpl_farm.c:1193: in _onexit(): debug: C1 in bin B1 exited normally on slot 0
1744496296.716439: 2811140-7f4fe27fc700: cdpl_compat_master.c:5948: in cdplMasterLogInfo(): info: [non-CDPL log entry] PWDP - no-workers started ok check start!
1744496297.448612: 2811140-7f502134a540: cdpl_compat_master.c:5948: in cdplMasterLogInfo(): info: [non-CDPL log entry] PWDP3: reset pilot cache succeeded, pilot_key=saeSession0,1,HSPICE_default|&/mnt/coe/workspace/ece/ece546-spr25/group8/group8_project/simulation/group8,tb2025_1,schematic/history_1/simulation/HSPICE_default/HSPICE/nominal/results
1744496299.775509: 2811140-7f4fea709700: cdpl_ipc.c:1862: in _epoll_accept(): debug: new connection from `152.14.98.62:34748'
1744496299.819017: 2811140-7f4fe9f08700: cdpl_server_ipc.c:1225: in _sv_ipc_thread(): debug: received ACCEPT notification
1744496299.819056: 2811140-7f4fe9f08700: cdpl_ipc.c:2503: in cdpl_ipc_host_accept(): debug: accepted host `152.14.98.62:34748'
1744496299.819086: 2811140-7f4fe9f08700: cdpl_server_ipc.c:1246: in _sv_ipc_thread(): debug: received HELLO message
1744496299.819093: 2811140-7f4fe9f08700: cdpl_server_ipc.c:430: in _sv_on_hello(): debug: looking up W1
1744496299.819105: 2811140-7f4fe9f08700: cdpl_server_ipc.c:540: in _sv_on_hello(): info: W1 is `152.14.98.62:34748'
1744496299.819110: 2811140-7f4fe9f08700: cdpl_server_ipc.c:541: in _sv_on_hello(): debug: hello W1 (B1)
1744496299.819115: 2811140-7f4fe9f08700: cdpl_server_ipc.c:542: in _sv_on_hello(): info: W1 log file is /dev/null
1744496299.819212: 2811140-7f4fe9f08700: cdpl_server_ipc.c:602: in _sv_on_hello(): info: up to 1 alive workers in B1
1744496299.819235: 2811140-7f4fe9f08700: cdpl_farm.c:878: in _release_cmd(): debug: freeing command C1 in bin B1
1744496299.819275: 2811140-7f4fe17fa700: cdpl_server_sched.c:960: in _assign(): info: assigning task T0 to worker W1
1744496300.776975: 2811140-7f4fe9f08700: cdpl_server_ipc.c:312: in _sv_on_heartbeat(): debug: received HEARTBEAT from worker W1 at 152.14.98.62:34748
1744496301.434641: 2811140-7f4fe9707700: cdpl_monitor.c:533: in cdpl_mn_connect(): debug: connecting to 152.14.98.62:39411
1744496301.434665: 2811140-7f4fe9707700: cdpl_ipc.c:3789: in cdpl_ipc_connect(): info: connecting to 152.14.98.62:39411
1744496301.434931: 2811140-7f4fe9707700: cdpl_ipc.c:3860: in cdpl_ipc_connect(): info: connected as `152.14.98.62:40044'
1744496301.434950: 2811140-7f4fe9707700: cdpl_ipc.c:2503: in cdpl_ipc_host_accept(): debug: accepted host `152.14.98.62:39411'
1744496301.434963: 2811140-7f4fe9707700: cdpl_monitor.c:579: in cdpl_mn_connect(): debug: ok
1744496304.752618: 2811140-7f4fe9f08700: cdpl_server_ipc.c:1268: in _sv_ipc_thread(): debug: received RELAY message
1744496304.752650: 2811140-7f4fe9f08700: cdpl_server_ipc.c:713: in _sv_on_relay(): debug: RELAY message from W1, size = 60
1744496304.752661: 2811140-7f4fe9f08700: cdpl_server_ipc.c:715: in _sv_on_relay(): debug: RELAY message from W1, content = 0$2827557 grendel45.ece.ncsu.edu 2828043 RUNNING 1744496303
1744496332.521973: 2811140-7f4fe9f08700: cdpl_server_ipc.c:1268: in _sv_ipc_thread(): debug: received RELAY message
1744496332.523377: 2811140-7f4fe9f08700: cdpl_server_ipc.c:713: in _sv_on_relay(): debug: RELAY message from W1, size = 48
1744496332.523388: 2811140-7f4fe9f08700: cdpl_server_ipc.c:715: in _sv_on_relay(): debug: RELAY message from W1, content = WORKERDU|1731,dc2isi00nfs.oit.ncsu.edu:/coe_nfs
1744496338.170766: 2811140-7f4fe9f08700: cdpl_server_ipc.c:1268: in _sv_ipc_thread(): debug: received RELAY message
1744496338.172166: 2811140-7f4fe9f08700: cdpl_server_ipc.c:713: in _sv_on_relay(): debug: RELAY message from W1, size = 46
1744496338.172177: 2811140-7f4fe9f08700: cdpl_server_ipc.c:715: in _sv_on_relay(): debug: RELAY message from W1, content = WORKERDU|56,dc2isi00nfs.oit.ncsu.edu:/coe_nfs
1744496344.220601: 2811140-7f4fe9f08700: cdpl_server_ipc.c:1268: in _sv_ipc_thread(): debug: received RELAY message
1744496344.222040: 2811140-7f4fe9f08700: cdpl_server_ipc.c:713: in _sv_on_relay(): debug: RELAY message from W1, size = 46
1744496344.222051: 2811140-7f4fe9f08700: cdpl_server_ipc.c:715: in _sv_on_relay(): debug: RELAY message from W1, content = WORKERDU|56,dc2isi00nfs.oit.ncsu.edu:/coe_nfs
1744496350.945835: 2811140-7f4fe9f08700: cdpl_server_ipc.c:1268: in _sv_ipc_thread(): debug: received RELAY message
1744496350.989685: 2811140-7f4fe9f08700: cdpl_server_ipc.c:713: in _sv_on_relay(): debug: RELAY message from W1, size = 47
1744496350.989703: 2811140-7f4fe9f08700: cdpl_server_ipc.c:715: in _sv_on_relay(): debug: RELAY message from W1, content = WORKERDU|176,dc2isi00nfs.oit.ncsu.edu:/coe_nfs
1744496354.364975: 2811140-7f4fe0ff9700: cdpl_farm.c:2173: in _schedule(): debug: idle
1744496354.545881: 2811140-7f4fe9f08700: cdpl_server_ipc.c:1268: in _sv_ipc_thread(): debug: received RELAY message
1744496354.545933: 2811140-7f4fe9f08700: cdpl_server_ipc.c:713: in _sv_on_relay(): debug: RELAY message from W1, size = 196
1744496354.545942: 2811140-7f4fe9f08700: cdpl_server_ipc.c:715: in _sv_on_relay(): debug: RELAY message from W1, content = REQPILOT|saeSession0,1,HSPICE_default|&/mnt/coe/workspace/ece/ece546-spr25/group8/group8_project/simulation/group8,tb2025_1,schematic/history_1/simulation/HSPICE_default/HSPICE/nominal/results|&0
1744496354.546127: 2811140-7f4fe2ffd700: cdpl_compat_master.c:5948: in cdplMasterLogInfo(): info: [non-CDPL log entry] PWDP send back 'DOPILOT' to worker id:1 key: saeSession0,1,HSPICE_default|&/mnt/coe/workspace/ece/ece546-spr25/group8/group8_project/simulation/group8,tb2025_1,schematic/history_1/simulation/HSPICE_default/HSPICE/nominal/results
1744496354.567458: 2811140-7f4fe2ffd700: cdpl_compat_master.c:5948: in cdplMasterLogInfo(): info: [non-CDPL log entry] PWDP: set pilot doing!
1744496354.586143: 2811140-7f4fe9f08700: cdpl_server_ipc.c:1268: in _sv_ipc_thread(): debug: received RELAY message
1744496354.586177: 2811140-7f4fe9f08700: cdpl_server_ipc.c:713: in _sv_on_relay(): debug: RELAY message from W1, size = 192
1744496354.586186: 2811140-7f4fe9f08700: cdpl_server_ipc.c:715: in _sv_on_relay(): debug: RELAY message from W1, content = PILOTOK|saeSession0,1,HSPICE_default|&/mnt/coe/workspace/ece/ece546-spr25/group8/group8_project/simulation/group8,tb2025_1,schematic/history_1/simulation/HSPICE_default/HSPICE/nominal/results
1744496354.586228: 2811140-7f4fe2ffd700: cdpl_compat_master.c:5948: in cdplMasterLogInfo(): info: [non-CDPL log entry] PWDP: set pilot done!
1744496354.586553: 2811140-7f4fe9f08700: cdpl_server_ipc.c:1268: in _sv_ipc_thread(): debug: received RELAY message
1744496354.586561: 2811140-7f4fe9f08700: cdpl_server_ipc.c:713: in _sv_on_relay(): debug: RELAY message from W1, size = 18
1744496354.586566: 2811140-7f4fe9f08700: cdpl_server_ipc.c:715: in _sv_on_relay(): debug: RELAY message from W1, content = 0$- - - MEASDOING
1744496361.616155: 2811140-7f4fe9f08700: cdpl_server_ipc.c:1268: in _sv_ipc_thread(): debug: received RELAY message
1744496361.617552: 2811140-7f4fe9f08700: cdpl_server_ipc.c:713: in _sv_on_relay(): debug: RELAY message from W1, size = 72
1744496361.617562: 2811140-7f4fe9f08700: cdpl_server_ipc.c:715: in _sv_on_relay(): debug: RELAY message from W1, content = 0$2827557 grendel45.ece.ncsu.edu 2828043 FINISHED 1744496303|1744496361
1744496361.641566: 2811140-7f4fe9f08700: cdpl_server_ipc.c:1268: in _sv_ipc_thread(): debug: received RELAY message
1744496361.641599: 2811140-7f4fe9f08700: cdpl_server_ipc.c:713: in _sv_on_relay(): debug: RELAY message from W1, size = 194
1744496361.641609: 2811140-7f4fe9f08700: cdpl_server_ipc.c:715: in _sv_on_relay(): debug: RELAY message from W1, content = PILOTDONE|saeSession0,1,HSPICE_default|&/mnt/coe/workspace/ece/ece546-spr25/group8/group8_project/simulation/group8,tb2025_1,schematic/history_1/simulation/HSPICE_default/HSPICE/nominal/results
1744496361.641649: 2811140-7f4fe2ffd700: cdpl_compat_master.c:5948: in cdplMasterLogInfo(): info: [non-CDPL log entry] saeSession0,1,HSPICE_default|&/mnt/coe/workspace/ece/ece546-spr25/group8/group8_project/simulation/group8,tb2025_1,schematic/history_1/simulation/HSPICE_default/HSPICE/nominal/results PILOTDONE!
1744496361.661924: 2811140-7f4fe9f08700: cdpl_server_ipc.c:1251: in _sv_ipc_thread(): debug: received FINISH message
1744496361.661951: 2811140-7f4fe9f08700: cdpl_server_ipc.c:983: in _sv_on_finish(): info: worker W1 completed task T0
1744496361.661959: 2811140-7f4fe9f08700: cdpl_server_ipc.c:988: in _sv_on_finish(): debug: stat T0: utime=54894 stime=5760
1744496361.661965: 2811140-7f4fe9f08700: cdpl_server_ipc.c:993: in _sv_on_finish(): debug: statm T0: vsize=2869596 rss=1070520 shared=520756 text=474784 data=735488
1744496361.745022: 2811140-7f4fe9f08700: cdpl_server_ipc.c:1268: in _sv_ipc_thread(): debug: received RELAY message
1744496361.745051: 2811140-7f4fe9f08700: cdpl_server_ipc.c:713: in _sv_on_relay(): debug: RELAY message from W1, size = 47
1744496361.745059: 2811140-7f4fe9f08700: cdpl_server_ipc.c:715: in _sv_on_relay(): debug: RELAY message from W1, content = WORKERDU|205,dc2isi00nfs.oit.ncsu.edu:/coe_nfs
1744496372.627541: 2811140-7f502134a540: cdpl_server.c:3008: in cdpl_sv_halt_job_errno(): info: killing job J1
1744496372.628999: 2811140-7f502134a540: cdpl_server.c:3044: in cdpl_sv_halt_job_errno(): debug: signal bin B1 scheduler to stop
1744496372.629056: 2811140-7f4fe17fa700: cdpl_server_sched.c:2484: in _sv_scheduler_thread(): debug: scheduler for bin B1 stopped
1744496372.629132: 2811140-7f4fe17fa700: cdpl_ipc.c:1657: in _host_drop__UNSAFE(): debug: dropping host `152.14.98.62:34748'
1744496372.629252: 2811140-7f4fe17fa700: cdpl_server_sched.c:2830: in _sv_drop_worker(): info: down to 0 alive workers in B1
1744496372.629261: 2811140-7f4fe9f08700: cdpl_server_ipc.c:1236: in _sv_ipc_thread(): debug: received DROP notification
1744496372.629297: 2811140-7f4fe17fa700: cdpl_farm.c:4152: in cdpl_farm_dismiss(): debug: down to 0 running processes
1744496372.629339: 2811140-7f4fe17fa700: cdpl_server_sched.c:121: in _free_worker_2(): debug: freeing worker W1
1744496372.629370: 2811140-7f4fe17fa700: cdpl_ipc.c:2513: in cdpl_ipc_host_release(): debug: releasing host `152.14.98.62:34748'
1744496372.629420: 2811140-7f502134a540: cdpl_server.c:294: in _sv_free_job(): info: freeing job J1
1744496372.629428: 2811140-7f502134a540: cdpl_server.c:92: in _sv_free_bin(): debug: freeing bin B1
1744496372.629442: 2811140-7f502134a540: cdpl_server.c:184: in _sv_free_task(): debug: freeing task T0
1744496372.629540: 2811140-7f502134a540: cdpl_monitor.c:515: in cdpl_mn_kill(): info: killing monitor
1744496372.629557: 2811140-7f502134a540: cdpl_ipc.c:3677: in cdpl_ipc_kill(): debug: stopping event server
1744496372.629613: 2811140-7f4fe8f06700: cdpl_ipc.c:2460: in _epoll_main(): debug: server going down...
1744496372.629664: 2811140-7f4fea709700: cdpl_ipc.c:775: in _readv(): warning: read(): EOF
1744496372.629755: 2811140-7f4fea709700: cdpl_ipc.c:2100: in _epoll_recv(): debug: _readv(): Broken pipe
1744496372.629771: 2811140-7f4fea709700: cdpl_ipc.c:2424: in _epoll_main(): debug: _epoll_recv(): Broken pipe
1744496372.629781: 2811140-7f4fea709700: cdpl_ipc.c:1657: in _host_drop__UNSAFE(): debug: dropping host `152.14.98.62:40980'
1744496372.629877: 2811140-7f4fea709700: cdpl_ipc.c:1582: in _host_free__UNSAFE(): debug: freeing host `152.14.98.62:34748'
1744496372.629884: 2811140-7f4fea709700: cdpl_ipc.c:1621: in _host_free__UNSAFE(): debug: [0 outq, 0 spR, 0 spW]
1744496372.629910: 2811140-7f4fe9f08700: cdpl_server_ipc.c:1236: in _sv_ipc_thread(): debug: received DROP notification
1744496372.629939: 2811140-7f4fe9f08700: cdpl_monitor.c:1269: in cdpl_mn_drop(): debug: detaching from monitor `152.14.98.62:40980'
1744496372.629949: 2811140-7f4fe9f08700: cdpl_monitor.c:1101: in mn_systat_stop(): debug: joining systat thread
1744496372.630034: 2811140-7f4fe37fe700: cdpl_monitor.c:1079: in mn_systat(): debug: exiting
1744496372.630067: 2811140-7f4fe9f08700: cdpl_monitor.c:1103: in mn_systat_stop(): debug: systat thread done
1744496372.630075: 2811140-7f4fe9f08700: cdpl_ipc.c:2513: in cdpl_ipc_host_release(): debug: releasing host `152.14.98.62:40980'
1744496372.630395: 2811140-7f4fe9707700: cdpl_ipc.c:3728: in cdpl_ipc_free(): debug: releasing IPC handle
1744496372.630407: 2811140-7f4fe9707700: cdpl_ipc.c:1582: in _host_free__UNSAFE(): debug: freeing host `152.14.98.62:39411'
1744496372.630410: 2811140-7f4fe9707700: cdpl_ipc.c:1621: in _host_free__UNSAFE(): debug: [0 outq, 0 spR, 0 spW]
1744496372.630431: 2811140-7f4fe9707700: cdpl_ipc.c:1582: in _host_free__UNSAFE(): debug: freeing host `152.14.98.62:39113'
1744496372.630434: 2811140-7f4fe9707700: cdpl_ipc.c:1621: in _host_free__UNSAFE(): debug: [0 outq, 0 spR, 0 spW]
1744496372.630443: 2811140-7f4fe9707700: cdpl_ipc.c:3756: in cdpl_ipc_free(): warning: 2 host(s) were not released
1744496372.630460: 2811140-7f4fe9707700: cdpl_ipc.c:3767: in cdpl_ipc_free(): debug: done
1744496372.630462: 2811140-7f4fe9707700: cdpl_monitor.c:1390: in cdpl_mn_free(): debug: freeing monitor client
1744496372.630656: 2811140-7f502134a540: cdpl_farm.c:2740: in cdpl_farm_free(): info: freeing farm
1744496372.630775: 2811140-7f4fe0ff9700: cdpl_farm.c:2231: in _schedule(): debug: end of idling
1744496372.630803: 2811140-7f4fe0ff9700: cdpl_farm.c:2235: in _schedule(): debug: dying
1744496372.630957: 2811140-7f502134a540: cdpl_farm.c:913: in _killall(): debug: killing all remaining commands
1744496372.630985: 2811140-7f502134a540: cdpl_server.c:3144: in cdpl_sv_free(): info: freeing server S828183490
1744496372.631021: 2811140-7f502134a540: cdpl_server.c:3109: in cdpl_sv_kill_errno(): info: killing server
1744496372.631027: 2811140-7f502134a540: cdpl_ipc.c:3677: in cdpl_ipc_kill(): debug: stopping event server
1744496372.631046: 2811140-7f4fea709700: cdpl_ipc.c:2460: in _epoll_main(): debug: server going down...
1744496372.631059: 2811140-7f4fe9f08700: cdpl_server_ipc.c:1200: in _sv_ipc_thread(): debug: leaving now
1744496372.631076: 2811140-7f502134a540: cdpl_server.c:334: in _sv_free_master(): info: freeing master M1
1744496372.631091: 2811140-7f502134a540: cdpl_hash.c:68: in cdpl_h_destroy(): debug: put operations: 1
1744496372.631096: 2811140-7f502134a540: cdpl_hash.c:69: in cdpl_h_destroy(): debug: put collisions: 0
1744496372.631111: 2811140-7f502134a540: cdpl_hash.c:70: in cdpl_h_destroy(): debug: get operations: 1
1744496372.631116: 2811140-7f502134a540: cdpl_hash.c:71: in cdpl_h_destroy(): debug: get iterations: 1
1744496372.631133: 2811140-7f502134a540: cdpl_monitor.c:1390: in cdpl_mn_free(): debug: freeing monitor server
1744496372.631139: 2811140-7f502134a540: cdpl_ipc.c:3728: in cdpl_ipc_free(): debug: releasing IPC handle
1744496372.631144: 2811140-7f502134a540: cdpl_ipc.c:1582: in _host_free__UNSAFE(): debug: freeing host `152.14.98.62:40980'
1744496372.631151: 2811140-7f502134a540: cdpl_ipc.c:1621: in _host_free__UNSAFE(): debug: [0 outq, 0 spR, 0 spW]
1744496372.631193: 2811140-7f502134a540: cdpl_ipc.c:3767: in cdpl_ipc_free(): debug: done
1744496372.631209: 2811140-7f502134a540: cdpl_log.c:481: in cdpl_log_close(): info: @@end_of_log@@
