1743712981.581169: 113125-7f0db9e0e540: cdpl_log.c:337: in cdpl_log_open(): info: @@start_of_log@@
1743712981.581175: 113125-7f0db9e0e540: cdpl_log.c:1058: in cdpl_log_dump_sysinfo(): info: time: 2025/04/03 16:43:01 EDT -0400
1743712981.581177: 113125-7f0db9e0e540: cdpl_log.c:1060: in cdpl_log_dump_sysinfo(): info: version: W-2024.09-SP1-2 
1743712981.581178: 113125-7f0db9e0e540: cdpl_log.c:1062: in cdpl_log_dump_sysinfo(): info: system: Linux 4.18.0-553.46.1.el8_10.x86_64 #1 SMP Sat Mar 15 01:37:33 EDT 2025
1743712981.581179: 113125-7f0db9e0e540: cdpl_log.c:1067: in cdpl_log_dump_sysinfo(): info: processor: x86_64 64-bits
1743712981.581179: 113125-7f0db9e0e540: cdpl_log.c:1071: in cdpl_log_dump_sysinfo(): info: hostname: viper.ece.ncsu.edu
1743712981.581180: 113125-7f0db9e0e540: cdpl_log.c:1073: in cdpl_log_dump_sysinfo(): info: program name: custom_shell
1743712981.581182: 113125-7f0db9e0e540: cdpl_log.c:340: in cdpl_log_open(): debug: path: /mnt/coe/workspace/ece/ece546-spr25/group8/group8_project/synopsys_custom/pwdp_jobs/saeSession1_HSPICEdefault.SimulationSimulation_cdpl.2.113125/logs/master.viper.ece.ncsu.edu.113125.log
1743712981.581182: 113125-7f0db9e0e540: cdpl_log.c:341: in cdpl_log_open(): debug: dir: /mnt/coe/workspace/ece/ece546-spr25/group8/group8_project/synopsys_custom/pwdp_jobs/saeSession1_HSPICEdefault.SimulationSimulation_cdpl.2.113125/logs
1743712981.581185: 113125-7f0db9e0e540: cdpl_server.c:536: in cdpl_sv_init(): info: new server S1035464147
1743712981.581187: 113125-7f0db9e0e540: cdpl_ipc.c:3475: in cdpl_ipc_init(): info: requesting IPv4 protocol
1743712981.584952: 113125-7f0db9e0e540: cdpl_ipc.c:837: in _selectaddrfamily(): info: selected IPv4 protocol
1743712981.584960: 113125-7f0db9e0e540: cdpl_ipc.c:1139: in _set_keepalive(): info: TCP keep alive interval: 300
1743712981.587882: 113125-7f0db9e0e540: cdpl_monitor.c:1117: in cdpl_mn_new_server(): info: creating server monitor instance
1743712981.587884: 113125-7f0db9e0e540: cdpl_server.c:650: in cdpl_sv_new_master(): info: new master M1
1743712981.587888: 113125-7f0db9e0e540: cdpl_server.c:6533: in cdpl_sv_ctl_master(): info: Setting worker heartbeat to 120 seconds
1743712981.587889: 113125-7f0db9e0e540: cdpl_server.c:6542: in cdpl_sv_ctl_master(): info: Setting worker heartbeat timeout to 3 heartbeats
1743712981.587890: 113125-7f0db9e0e540: cdpl_compat_master.c:2090: in _parse_hostfile(): info: reading hostfile `/mnt/coe/workspace/ece/ece546-spr25/group8/group8_project/synopsys_custom/pwdp_jobs/saeSession1_HSPICEdefault.SimulationSimulation_cdpl.2.113125/host_file'
1743712981.592582: 113125-7f0db9e0e540: cdpl_compat_master.c:1900: in _hostfile_parser(): debug: parsing "1     |localhost|   -1  | /tmp | SH | sh"
1743712981.592585: 113125-7f0db9e0e540: cdpl_farm.c:2578: in cdpl_farm_new_sh(): info: creating SH farm on localhost
1743712981.592587: 113125-7f0db9e0e540: cdpl_compat_master.c:206: in _set_farm_env(): info: exporting CDPL_LOGDIR as `/mnt/coe/workspace/ece/ece546-spr25/group8/group8_project/synopsys_custom/pwdp_jobs/saeSession1_HSPICEdefault.SimulationSimulation_cdpl.2.113125/logs'
1743712981.592588: 113125-7f0db9e0e540: cdpl_compat_master.c:212: in _set_farm_env(): info: exporting CDPL_TMPDIR as `/tmp'
1743712981.592589: 113125-7f0db9e0e540: cdpl_compat_master.c:219: in _set_farm_env(): info: exporting CDPL_HOME as `/mnt/apps/public/COE/synopsys_apps/hspice/W-2024.09-SP1/hspice/cdpl'
1743712981.592590: 113125-7f0db9e0e540: cdpl_compat_master.c:235: in _set_farm_env(): info: exporting SNPSLMD_LICENSE_FILE as `27000@ece-lic-35.ece.ncsu.edu'
1743712981.592592: 113125-7f0db9e0e540: cdpl_compat_master.c:259: in _set_farm_env(): info: exporting CDPL_OPTIONS as `[nowlogs]'
1743712981.592592: 113125-7f0db9e0e540: cdpl_compat_master.c:266: in _set_farm_env(): info: exporting DISPLAY as `unix:30573'
1743712981.592593: 113125-7f0db9e0e540: cdpl_compat_master.c:274: in _set_farm_env(): info: exporting CDPL_HEARTBEAT as `120'
1743712981.592596: 113125-7f0db9e0e540: cdpl_farm.c:3149: in cdpl_farm_add_withdir(): debug: added `localhost' (capacity: unlimited)
1743712981.592599: 113125-7f0db9e0e540: cdpl_compat_parse.c:147: in parsefile(): debug: read `/mnt/coe/workspace/ece/ece546-spr25/group8/group8_project/synopsys_custom/pwdp_jobs/saeSession1_HSPICEdefault.SimulationSimulation_cdpl.2.113125/host_file', 2 lines
1743712981.592600: 113125-7f0db9e0e540: cdpl_compat_master.c:2931: in cdplInitMaster(): info: bcast dir is `/mnt/coe/workspace/ece/ece546-spr25/group8/group8_project/synopsys_custom/pwdp_jobs/saeSession1_HSPICEdefault.SimulationSimulation_cdpl.2.113125/logs'
1743712981.595914: 113125-7f0db9e0e540: cdpl_server.c:6433: in cdpl_sv_ctl_master(): info: farm worker timeout set to 300
1743712981.595921: 113125-7f0db9e0e540: cdpl_server.c:6486: in cdpl_sv_ctl_master(): info: maximum number of task execution attempts set to 1
1743712981.595932: 113125-7f0db9e0e540: cdpl_server.c:3195: in cdpl_sv_start(): debug: starting server
1743712981.595933: 113125-7f0db9e0e540: cdpl_ipc.c:3632: in cdpl_ipc_start(): debug: starting IPC server 152.14.99.205:40657
1743712981.596032: 113125-7f0d6f7fe700: cdpl_server_ipc.c:1182: in _sv_ipc_thread(): debug: ready
1743712981.596146: 113125-7f0d75c1f700: cdpl_monitor.c:426: in cdpl_mn_init_client(): info: creating client monitor instance
1743712981.596152: 113125-7f0d75c1f700: cdpl_ipc.c:3475: in cdpl_ipc_init(): info: requesting IPv4 protocol
1743712981.600111: 113125-7f0d75c1f700: cdpl_ipc.c:837: in _selectaddrfamily(): info: selected IPv4 protocol
1743712981.600138: 113125-7f0d75c1f700: cdpl_ipc.c:1139: in _set_keepalive(): info: TCP keep alive interval: 300
1743712981.604697: 113125-7f0d75c1f700: cdpl_ipc.c:3632: in cdpl_ipc_start(): debug: starting IPC server 152.14.99.205:38493
1743712981.604766: 113125-7f0d75c1f700: cdpl_monitor.c:471: in cdpl_mn_init_client(): debug: incoming messages in /tmp/cdpl-monitor-0fUU6T
1743712981.604811: 113125-7f0d75c1f700: cdpl_monitor.c:533: in cdpl_mn_connect(): debug: connecting to 152.14.99.205:40657
1743712981.604812: 113125-7f0d75c1f700: cdpl_ipc.c:3789: in cdpl_ipc_connect(): info: connecting to 152.14.99.205:40657
1743712981.604872: 113125-7f0d75c1f700: cdpl_ipc.c:3860: in cdpl_ipc_connect(): info: connected as `152.14.99.205:33250'
1743712981.604874: 113125-7f0d75c1f700: cdpl_ipc.c:2503: in cdpl_ipc_host_accept(): debug: accepted host `152.14.99.205:40657'
1743712981.604876: 113125-7f0d75c1f700: cdpl_monitor.c:579: in cdpl_mn_connect(): debug: ok
1743712981.604880: 113125-7f0d76420700: cdpl_ipc.c:1862: in _epoll_accept(): debug: new connection from `152.14.99.205:33250'
1743712981.604886: 113125-7f0db9e0e540: cdpl_server.c:731: in cdpl_sv_new_job(): info: new job J1 in M1
1743712981.604891: 113125-7f0d6f7fe700: cdpl_server_ipc.c:1225: in _sv_ipc_thread(): debug: received ACCEPT notification
1743712981.604893: 113125-7f0db9e0e540: cdpl_compat_master.c:1581: in _add_worker(): info: new worker type 10, min:1, max:3, cmd:`/mnt/coe/workspace/ece/ece546-spr25/group8/group8_project/synopsys_custom/pwdp_jobs/saeSession1_HSPICEdefault.SimulationSimulation_cdpl.2.113125/START_WORKER pw_worker -i /mnt/coe/workspace/ece/ece546-spr25/group8/gr
1743712981.604895: 113125-7f0d6f7fe700: cdpl_ipc.c:2503: in cdpl_ipc_host_accept(): debug: accepted host `152.14.99.205:33250'
1743712981.604896: 113125-7f0db9e0e540: cdpl_server.c:908: in cdpl_sv_new_bin_withfarm(): info: new bin B1 in J1
1743712981.604900: 113125-7f0d6f7fe700: cdpl_server_ipc.c:1256: in _sv_ipc_thread(): debug: received MONITOR message
1743712981.605087: 113125-7f0d6f7fe700: cdpl_monitor.c:1207: in cdpl_mn_accept(): debug: accepted monitor `152.14.99.205:33250'
1743712981.605089: 113125-7f0d6f7fe700: cdpl_server_ipc_mon.c:120: in _globalLOCK(): debug: ENTERTING GLOBAL LOCK
1743712981.605090: 113125-7f0d6f7fe700: cdpl_server_ipc_mon.c:164: in _globalLOCK(): debug: global lock acquired
1743712981.605094: 113125-7f0d6effd700: cdpl_monitor.c:910: in mn_systat(): debug: started
1743712981.605199: 113125-7f0d6effd700: cdpl_monitor.c:937: in mn_systat(): debug: monitor server flush rate: 5
1743712981.653263: 113125-7f0d6f7fe700: cdpl_server_ipc_mon.c:210: in _globalUNLOCK(): debug: LEAVING GLOBAL LOCK
1743712981.765942: 113125-7f0db9e0e540: cdpl_server.c:3249: in cdpl_sv_start_job(): info: starting job J1
1743712981.765951: 113125-7f0db9e0e540: cdpl_server.c:62: in _sv_start_bin(): debug: starting bin B1 (min: 0, max: 3)
1743712981.765992: 113125-7f0db9e0e540: cdpl_server.c:1893: in _sv_gen_task(): info: new task T0 in B1 (prio 0)
1743712981.765996: 113125-7f0db9e0e540: cdpl_server.c:2698: in cdpl_sv_label_task_va(): info: setting task T0 label to "HSPICE_3|HSPICE"
1743712981.765997: 113125-7f0d6d7fa700: cdpl_server_sched.c:2482: in _sv_scheduler_thread(): debug: scheduler for bin B1 started
1743712981.766002: 113125-7f0d6d7fa700: cdpl_server_sched.c:2443: in _scheduler_run(): debug: will start a new worker
1743712981.766007: 113125-7f0d6d7fa700: cdpl_farm.c:3977: in cdpl_farm_submit(): debug: 1 running processes
1743712981.766009: 113125-7f0d6d7fa700: cdpl_farm.c:3985: in cdpl_farm_submit(): debug: new command C1 in bin B1 assigned to host `localhost'
1743712981.766037: 113125-7f0d6d7fa700: cdpl_server_sched.c:705: in _sv_launch_worker(): info: started worker W1 (as C1) in bin B1
1743712981.766133: 113125-7f0d6cff9700: cdpl_farm.c:2139: in _schedule(): debug: started
1743712981.766138: 113125-7f0d6cff9700: cdpl_farm.c:2303: in _schedule(): debug: submitting command C1 in bin B1
1743712981.766141: 113125-7f0d6cff9700: cdpl_sh.c:49: in _sh_detached_submit(): info: SH : /mnt/coe/workspace/ece/ece546-spr25/group8/group8_project/synopsys_custom/pwdp_jobs/saeSession1_HSPICEdefault.SimulationSimulation_cdpl.2.113125/START_WORKER pw_worker -i /mnt/coe/workspace/ece/ece546-spr25/group8/group8_project/synopsys_custom/pwdp_jobs/saeSession1_HSPICEdefault.SimulationSimulation_cdpl.2.113125 -t 10000
1743712981.769771: 113125-7f0d6cff9700: cdpl_farm.c:2343: in _schedule(): debug: C1 in bin B1 running on slot 0
1743712981.769786: 113125-7f0d6cff9700: cdpl_farm.c:2167: in _schedule(): debug: idle
1743712981.896250: 113125-7f0db9e0e540: cdpl_compat_master.c:5948: in cdplMasterLogInfo(): info: [non-CDPL log entry] PWDP3: reset pilot cache succeeded, pilot_key=saeSession1,1,HSPICE_default|&/mnt/coe/workspace/ece/ece546-spr25/group8/group8_project/simulation/group8,buffer_tb,schematic/history_1/simulation/HSPICE_default/HSPICE/nominal/results
1743712982.069871: 113125-7f0d6cff9700: cdpl_farm.c:1193: in _onexit(): debug: C1 in bin B1 exited normally on slot 0
1743712982.975195: 113125-7f0d6e7fc700: cdpl_compat_master.c:5948: in cdplMasterLogInfo(): info: [non-CDPL log entry] PWDP - no-workers started ok check start!
1743712983.520018: 113125-7f0d76420700: cdpl_ipc.c:1862: in _epoll_accept(): debug: new connection from `152.14.99.205:33258'
1743712983.520035: 113125-7f0d6f7fe700: cdpl_server_ipc.c:1225: in _sv_ipc_thread(): debug: received ACCEPT notification
1743712983.520042: 113125-7f0d6f7fe700: cdpl_ipc.c:2503: in cdpl_ipc_host_accept(): debug: accepted host `152.14.99.205:33258'
1743712983.520105: 113125-7f0d6f7fe700: cdpl_server_ipc.c:1246: in _sv_ipc_thread(): debug: received HELLO message
1743712983.520110: 113125-7f0d6f7fe700: cdpl_server_ipc.c:430: in _sv_on_hello(): debug: looking up W1
1743712983.520118: 113125-7f0d6f7fe700: cdpl_server_ipc.c:540: in _sv_on_hello(): info: W1 is `152.14.99.205:33258'
1743712983.520119: 113125-7f0d6f7fe700: cdpl_server_ipc.c:541: in _sv_on_hello(): debug: hello W1 (B1)
1743712983.520120: 113125-7f0d6f7fe700: cdpl_server_ipc.c:542: in _sv_on_hello(): info: W1 log file is /dev/null
1743712983.520126: 113125-7f0d6f7fe700: cdpl_server_ipc.c:602: in _sv_on_hello(): info: up to 1 alive workers in B1
1743712983.520128: 113125-7f0d6f7fe700: cdpl_farm.c:878: in _release_cmd(): debug: freeing command C1 in bin B1
1743712983.520134: 113125-7f0d6d7fa700: cdpl_server_sched.c:960: in _assign(): info: assigning task T0 to worker W1
1743712984.520254: 113125-7f0d6f7fe700: cdpl_server_ipc.c:312: in _sv_on_heartbeat(): debug: received HEARTBEAT from worker W1 at 152.14.99.205:33258
1743712985.194138: 113125-7f0d6f7fe700: cdpl_server_ipc.c:1268: in _sv_ipc_thread(): debug: received RELAY message
1743712985.194150: 113125-7f0d6f7fe700: cdpl_server_ipc.c:713: in _sv_on_relay(): debug: RELAY message from W1, size = 54
1743712985.194152: 113125-7f0d6f7fe700: cdpl_server_ipc.c:715: in _sv_on_relay(): debug: RELAY message from W1, content = 0$117075 viper.ece.ncsu.edu 117096 RUNNING 1743712984
1743712986.672236: 113125-7f0d75c1f700: cdpl_monitor.c:533: in cdpl_mn_connect(): debug: connecting to 152.14.99.205:44209
1743712986.672243: 113125-7f0d75c1f700: cdpl_ipc.c:3789: in cdpl_ipc_connect(): info: connecting to 152.14.99.205:44209
1743712986.672336: 113125-7f0d75c1f700: cdpl_ipc.c:3860: in cdpl_ipc_connect(): info: connected as `152.14.99.205:40496'
1743712986.672342: 113125-7f0d75c1f700: cdpl_ipc.c:2503: in cdpl_ipc_host_accept(): debug: accepted host `152.14.99.205:44209'
1743712986.672344: 113125-7f0d75c1f700: cdpl_monitor.c:579: in cdpl_mn_connect(): debug: ok
1743713000.495501: 113125-7f0d6f7fe700: cdpl_server_ipc.c:1268: in _sv_ipc_thread(): debug: received RELAY message
1743713000.497289: 113125-7f0d6f7fe700: cdpl_server_ipc.c:713: in _sv_on_relay(): debug: RELAY message from W1, size = 47
1743713000.497293: 113125-7f0d6f7fe700: cdpl_server_ipc.c:715: in _sv_on_relay(): debug: RELAY message from W1, content = WORKERDU|611,dc2isi00nfs.oit.ncsu.edu:/coe_nfs
1743713000.497296: 113125-7f0d6f7fe700: cdpl_server_ipc.c:1268: in _sv_ipc_thread(): debug: received RELAY message
1743713000.497297: 113125-7f0d6f7fe700: cdpl_server_ipc.c:713: in _sv_on_relay(): debug: RELAY message from W1, size = 197
1743713000.497298: 113125-7f0d6f7fe700: cdpl_server_ipc.c:715: in _sv_on_relay(): debug: RELAY message from W1, content = REQPILOT|saeSession1,1,HSPICE_default|&/mnt/coe/workspace/ece/ece546-spr25/group8/group8_project/simulation/group8,buffer_tb,schematic/history_1/simulation/HSPICE_default/HSPICE/nominal/results|&0
1743713000.497356: 113125-7f0d6ffff700: cdpl_compat_master.c:5948: in cdplMasterLogInfo(): info: [non-CDPL log entry] PWDP send back 'DOPILOT' to worker id:1 key: saeSession1,1,HSPICE_default|&/mnt/coe/workspace/ece/ece546-spr25/group8/group8_project/simulation/group8,buffer_tb,schematic/history_1/simulation/HSPICE_default/HSPICE/nominal/results
1743713000.503193: 113125-7f0d6ffff700: cdpl_compat_master.c:5948: in cdplMasterLogInfo(): info: [non-CDPL log entry] PWDP: set pilot doing!
1743713000.510185: 113125-7f0d6f7fe700: cdpl_server_ipc.c:1268: in _sv_ipc_thread(): debug: received RELAY message
1743713000.510187: 113125-7f0d6f7fe700: cdpl_server_ipc.c:713: in _sv_on_relay(): debug: RELAY message from W1, size = 193
1743713000.510188: 113125-7f0d6f7fe700: cdpl_server_ipc.c:715: in _sv_on_relay(): debug: RELAY message from W1, content = PILOTOK|saeSession1,1,HSPICE_default|&/mnt/coe/workspace/ece/ece546-spr25/group8/group8_project/simulation/group8,buffer_tb,schematic/history_1/simulation/HSPICE_default/HSPICE/nominal/results
1743713000.510194: 113125-7f0d6ffff700: cdpl_compat_master.c:5948: in cdplMasterLogInfo(): info: [non-CDPL log entry] PWDP: set pilot done!
1743713000.510289: 113125-7f0d6f7fe700: cdpl_server_ipc.c:1268: in _sv_ipc_thread(): debug: received RELAY message
1743713000.510290: 113125-7f0d6f7fe700: cdpl_server_ipc.c:713: in _sv_on_relay(): debug: RELAY message from W1, size = 18
1743713000.510291: 113125-7f0d6f7fe700: cdpl_server_ipc.c:715: in _sv_on_relay(): debug: RELAY message from W1, content = 0$- - - MEASDOING
1743713003.029283: 113125-7f0d6f7fe700: cdpl_server_ipc.c:1268: in _sv_ipc_thread(): debug: received RELAY message
1743713003.029309: 113125-7f0d6f7fe700: cdpl_server_ipc.c:713: in _sv_on_relay(): debug: RELAY message from W1, size = 66
1743713003.029310: 113125-7f0d6f7fe700: cdpl_server_ipc.c:715: in _sv_on_relay(): debug: RELAY message from W1, content = 0$117075 viper.ece.ncsu.edu 117096 FINISHED 1743712984|1743713003
1743713003.043399: 113125-7f0d6f7fe700: cdpl_server_ipc.c:1268: in _sv_ipc_thread(): debug: received RELAY message
1743713003.043426: 113125-7f0d6f7fe700: cdpl_server_ipc.c:713: in _sv_on_relay(): debug: RELAY message from W1, size = 195
1743713003.043433: 113125-7f0d6f7fe700: cdpl_server_ipc.c:715: in _sv_on_relay(): debug: RELAY message from W1, content = PILOTDONE|saeSession1,1,HSPICE_default|&/mnt/coe/workspace/ece/ece546-spr25/group8/group8_project/simulation/group8,buffer_tb,schematic/history_1/simulation/HSPICE_default/HSPICE/nominal/results
1743713003.043440: 113125-7f0d6ffff700: cdpl_compat_master.c:5948: in cdplMasterLogInfo(): info: [non-CDPL log entry] saeSession1,1,HSPICE_default|&/mnt/coe/workspace/ece/ece546-spr25/group8/group8_project/simulation/group8,buffer_tb,schematic/history_1/simulation/HSPICE_default/HSPICE/nominal/results PILOTDONE!
1743713003.060982: 113125-7f0d6f7fe700: cdpl_server_ipc.c:1251: in _sv_ipc_thread(): debug: received FINISH message
1743713003.060986: 113125-7f0d6f7fe700: cdpl_server_ipc.c:983: in _sv_on_finish(): info: worker W1 completed task T0
1743713003.060988: 113125-7f0d6f7fe700: cdpl_server_ipc.c:988: in _sv_on_finish(): debug: stat T0: utime=4591 stime=703
1743713003.060989: 113125-7f0d6f7fe700: cdpl_server_ipc.c:993: in _sv_on_finish(): debug: statm T0: vsize=3078620 rss=1062376 shared=519564 text=474784 data=733108
1743713003.079426: 113125-7f0d6f7fe700: cdpl_server_ipc.c:1268: in _sv_ipc_thread(): debug: received RELAY message
1743713003.079429: 113125-7f0d6f7fe700: cdpl_server_ipc.c:713: in _sv_on_relay(): debug: RELAY message from W1, size = 47
1743713003.079430: 113125-7f0d6f7fe700: cdpl_server_ipc.c:715: in _sv_on_relay(): debug: RELAY message from W1, content = WORKERDU|588,dc2isi00nfs.oit.ncsu.edu:/coe_nfs
1743713008.777841: 113125-7f0db9e0e540: cdpl_server.c:3008: in cdpl_sv_halt_job_errno(): info: killing job J1
1743713008.779089: 113125-7f0db9e0e540: cdpl_server.c:3044: in cdpl_sv_halt_job_errno(): debug: signal bin B1 scheduler to stop
1743713008.779099: 113125-7f0d6d7fa700: cdpl_server_sched.c:2484: in _sv_scheduler_thread(): debug: scheduler for bin B1 stopped
1743713008.779106: 113125-7f0d6d7fa700: cdpl_ipc.c:1657: in _host_drop__UNSAFE(): debug: dropping host `152.14.99.205:33258'
1743713008.779129: 113125-7f0d6d7fa700: cdpl_server_sched.c:2830: in _sv_drop_worker(): info: down to 0 alive workers in B1
1743713008.779132: 113125-7f0d6d7fa700: cdpl_farm.c:4152: in cdpl_farm_dismiss(): debug: down to 0 running processes
1743713008.779133: 113125-7f0d6f7fe700: cdpl_server_ipc.c:1236: in _sv_ipc_thread(): debug: received DROP notification
1743713008.779140: 113125-7f0d6d7fa700: cdpl_server_sched.c:121: in _free_worker_2(): debug: freeing worker W1
1743713008.779142: 113125-7f0d6d7fa700: cdpl_ipc.c:2513: in cdpl_ipc_host_release(): debug: releasing host `152.14.99.205:33258'
1743713008.779148: 113125-7f0db9e0e540: cdpl_server.c:294: in _sv_free_job(): info: freeing job J1
1743713008.779149: 113125-7f0db9e0e540: cdpl_server.c:92: in _sv_free_bin(): debug: freeing bin B1
1743713008.779151: 113125-7f0db9e0e540: cdpl_server.c:184: in _sv_free_task(): debug: freeing task T0
1743713008.779157: 113125-7f0db9e0e540: cdpl_monitor.c:515: in cdpl_mn_kill(): info: killing monitor
1743713008.779162: 113125-7f0db9e0e540: cdpl_ipc.c:3677: in cdpl_ipc_kill(): debug: stopping event server
1743713008.779170: 113125-7f0d7541e700: cdpl_ipc.c:2460: in _epoll_main(): debug: server going down...
1743713008.779188: 113125-7f0d76420700: cdpl_ipc.c:775: in _readv(): warning: read(): EOF
1743713008.779198: 113125-7f0d76420700: cdpl_ipc.c:2100: in _epoll_recv(): debug: _readv(): Broken pipe
1743713008.779201: 113125-7f0d76420700: cdpl_ipc.c:2424: in _epoll_main(): debug: _epoll_recv(): Broken pipe
1743713008.779203: 113125-7f0d76420700: cdpl_ipc.c:1657: in _host_drop__UNSAFE(): debug: dropping host `152.14.99.205:33250'
1743713008.779228: 113125-7f0d76420700: cdpl_ipc.c:1582: in _host_free__UNSAFE(): debug: freeing host `152.14.99.205:33258'
1743713008.779230: 113125-7f0d76420700: cdpl_ipc.c:1621: in _host_free__UNSAFE(): debug: [0 outq, 0 spR, 0 spW]
1743713008.779233: 113125-7f0d6f7fe700: cdpl_server_ipc.c:1236: in _sv_ipc_thread(): debug: received DROP notification
1743713008.779236: 113125-7f0d6f7fe700: cdpl_monitor.c:1269: in cdpl_mn_drop(): debug: detaching from monitor `152.14.99.205:33250'
1743713008.779241: 113125-7f0d6f7fe700: cdpl_monitor.c:1101: in mn_systat_stop(): debug: joining systat thread
1743713008.779250: 113125-7f0d6effd700: cdpl_monitor.c:1079: in mn_systat(): debug: exiting
1743713008.779254: 113125-7f0d6f7fe700: cdpl_monitor.c:1103: in mn_systat_stop(): debug: systat thread done
1743713008.779256: 113125-7f0d6f7fe700: cdpl_ipc.c:2513: in cdpl_ipc_host_release(): debug: releasing host `152.14.99.205:33250'
1743713008.779341: 113125-7f0d75c1f700: cdpl_ipc.c:3728: in cdpl_ipc_free(): debug: releasing IPC handle
1743713008.779343: 113125-7f0d75c1f700: cdpl_ipc.c:1582: in _host_free__UNSAFE(): debug: freeing host `152.14.99.205:44209'
1743713008.779344: 113125-7f0d75c1f700: cdpl_ipc.c:1621: in _host_free__UNSAFE(): debug: [0 outq, 0 spR, 0 spW]
1743713008.779350: 113125-7f0d75c1f700: cdpl_ipc.c:1582: in _host_free__UNSAFE(): debug: freeing host `152.14.99.205:40657'
1743713008.779351: 113125-7f0d75c1f700: cdpl_ipc.c:1621: in _host_free__UNSAFE(): debug: [0 outq, 0 spR, 0 spW]
1743713008.779355: 113125-7f0d75c1f700: cdpl_ipc.c:3756: in cdpl_ipc_free(): warning: 2 host(s) were not released
1743713008.779359: 113125-7f0d75c1f700: cdpl_ipc.c:3767: in cdpl_ipc_free(): debug: done
1743713008.779360: 113125-7f0d75c1f700: cdpl_monitor.c:1390: in cdpl_mn_free(): debug: freeing monitor client
1743713008.779401: 113125-7f0db9e0e540: cdpl_farm.c:2740: in cdpl_farm_free(): info: freeing farm
1743713008.779411: 113125-7f0d6cff9700: cdpl_farm.c:2231: in _schedule(): debug: end of idling
1743713008.779416: 113125-7f0d6cff9700: cdpl_farm.c:2235: in _schedule(): debug: dying
1743713008.779439: 113125-7f0db9e0e540: cdpl_farm.c:913: in _killall(): debug: killing all remaining commands
1743713008.779443: 113125-7f0db9e0e540: cdpl_server.c:3144: in cdpl_sv_free(): info: freeing server S1035464147
1743713008.779445: 113125-7f0db9e0e540: cdpl_server.c:3109: in cdpl_sv_kill_errno(): info: killing server
1743713008.779447: 113125-7f0db9e0e540: cdpl_ipc.c:3677: in cdpl_ipc_kill(): debug: stopping event server
1743713008.779452: 113125-7f0d6f7fe700: cdpl_server_ipc.c:1200: in _sv_ipc_thread(): debug: leaving now
1743713008.779455: 113125-7f0d76420700: cdpl_ipc.c:2460: in _epoll_main(): debug: server going down...
1743713008.779459: 113125-7f0db9e0e540: cdpl_server.c:334: in _sv_free_master(): info: freeing master M1
1743713008.779461: 113125-7f0db9e0e540: cdpl_hash.c:68: in cdpl_h_destroy(): debug: put operations: 1
1743713008.779462: 113125-7f0db9e0e540: cdpl_hash.c:69: in cdpl_h_destroy(): debug: put collisions: 0
1743713008.779463: 113125-7f0db9e0e540: cdpl_hash.c:70: in cdpl_h_destroy(): debug: get operations: 1
1743713008.779464: 113125-7f0db9e0e540: cdpl_hash.c:71: in cdpl_h_destroy(): debug: get iterations: 1
1743713008.779466: 113125-7f0db9e0e540: cdpl_monitor.c:1390: in cdpl_mn_free(): debug: freeing monitor server
1743713008.779468: 113125-7f0db9e0e540: cdpl_ipc.c:3728: in cdpl_ipc_free(): debug: releasing IPC handle
1743713008.779469: 113125-7f0db9e0e540: cdpl_ipc.c:1582: in _host_free__UNSAFE(): debug: freeing host `152.14.99.205:33250'
1743713008.779470: 113125-7f0db9e0e540: cdpl_ipc.c:1621: in _host_free__UNSAFE(): debug: [0 outq, 0 spR, 0 spW]
1743713008.779485: 113125-7f0db9e0e540: cdpl_ipc.c:3767: in cdpl_ipc_free(): debug: done
1743713008.779487: 113125-7f0db9e0e540: cdpl_log.c:481: in cdpl_log_close(): info: @@end_of_log@@
