1743693786.692928: 3938271-7f4193db0540: cdpl_log.c:337: in cdpl_log_open(): info: @@start_of_log@@
1743693786.692946: 3938271-7f4193db0540: cdpl_log.c:1058: in cdpl_log_dump_sysinfo(): info: time: 2025/04/03 11:23:06 EDT -0400
1743693786.692950: 3938271-7f4193db0540: cdpl_log.c:1060: in cdpl_log_dump_sysinfo(): info: version: W-2024.09-SP1-2 
1743693786.692952: 3938271-7f4193db0540: cdpl_log.c:1062: in cdpl_log_dump_sysinfo(): info: system: Linux 4.18.0-553.46.1.el8_10.x86_64 #1 SMP Sat Mar 15 01:37:33 EDT 2025
1743693786.692954: 3938271-7f4193db0540: cdpl_log.c:1067: in cdpl_log_dump_sysinfo(): info: processor: x86_64 64-bits
1743693786.692956: 3938271-7f4193db0540: cdpl_log.c:1071: in cdpl_log_dump_sysinfo(): info: hostname: grendel32.ece.ncsu.edu
1743693786.692958: 3938271-7f4193db0540: cdpl_log.c:1073: in cdpl_log_dump_sysinfo(): info: program name: custom_shell
1743693786.692962: 3938271-7f4193db0540: cdpl_log.c:340: in cdpl_log_open(): debug: path: /mnt/coe/workspace/ece/ece546-spr25/group8/group8_project/synopsys_custom/pwdp_jobs/saeSession0_default.SimulationSimulation_cdpl.2.3938271/logs/master.grendel32.ece.ncsu.edu.3938271.log
1743693786.692964: 3938271-7f4193db0540: cdpl_log.c:341: in cdpl_log_open(): debug: dir: /mnt/coe/workspace/ece/ece546-spr25/group8/group8_project/synopsys_custom/pwdp_jobs/saeSession0_default.SimulationSimulation_cdpl.2.3938271/logs
1743693786.692970: 3938271-7f4193db0540: cdpl_server.c:536: in cdpl_sv_init(): info: new server S1876888598
1743693786.692974: 3938271-7f4193db0540: cdpl_ipc.c:3475: in cdpl_ipc_init(): info: requesting IPv4 protocol
1743693786.696711: 3938271-7f4193db0540: cdpl_ipc.c:837: in _selectaddrfamily(): info: selected IPv4 protocol
1743693786.696764: 3938271-7f4193db0540: cdpl_ipc.c:1139: in _set_keepalive(): info: TCP keep alive interval: 300
1743693786.699505: 3938271-7f4193db0540: cdpl_monitor.c:1117: in cdpl_mn_new_server(): info: creating server monitor instance
1743693786.699527: 3938271-7f4193db0540: cdpl_server.c:650: in cdpl_sv_new_master(): info: new master M1
1743693786.699542: 3938271-7f4193db0540: cdpl_server.c:6533: in cdpl_sv_ctl_master(): info: Setting worker heartbeat to 120 seconds
1743693786.699548: 3938271-7f4193db0540: cdpl_server.c:6542: in cdpl_sv_ctl_master(): info: Setting worker heartbeat timeout to 3 heartbeats
1743693786.699555: 3938271-7f4193db0540: cdpl_compat_master.c:2090: in _parse_hostfile(): info: reading hostfile `/mnt/coe/workspace/ece/ece546-spr25/group8/group8_project/synopsys_custom/pwdp_jobs/saeSession0_default.SimulationSimulation_cdpl.2.3938271/host_file'
1743693786.704029: 3938271-7f4193db0540: cdpl_compat_master.c:1900: in _hostfile_parser(): debug: parsing "1     |localhost|   -1  | /tmp | SH | sh"
1743693786.704041: 3938271-7f4193db0540: cdpl_farm.c:2578: in cdpl_farm_new_sh(): info: creating SH farm on localhost
1743693786.704047: 3938271-7f4193db0540: cdpl_compat_master.c:206: in _set_farm_env(): info: exporting CDPL_LOGDIR as `/mnt/coe/workspace/ece/ece546-spr25/group8/group8_project/synopsys_custom/pwdp_jobs/saeSession0_default.SimulationSimulation_cdpl.2.3938271/logs'
1743693786.704050: 3938271-7f4193db0540: cdpl_compat_master.c:212: in _set_farm_env(): info: exporting CDPL_TMPDIR as `/tmp'
1743693786.704053: 3938271-7f4193db0540: cdpl_compat_master.c:219: in _set_farm_env(): info: exporting CDPL_HOME as `/mnt/apps/public/COE/synopsys_apps/hspice/W-2024.09-SP1/hspice/cdpl'
1743693786.704056: 3938271-7f4193db0540: cdpl_compat_master.c:235: in _set_farm_env(): info: exporting SNPSLMD_LICENSE_FILE as `27000@ece-lic-35.ece.ncsu.edu'
1743693786.704058: 3938271-7f4193db0540: cdpl_compat_master.c:259: in _set_farm_env(): info: exporting CDPL_OPTIONS as `[nowlogs]'
1743693786.704061: 3938271-7f4193db0540: cdpl_compat_master.c:266: in _set_farm_env(): info: exporting DISPLAY as `unix:9720'
1743693786.704063: 3938271-7f4193db0540: cdpl_compat_master.c:274: in _set_farm_env(): info: exporting CDPL_HEARTBEAT as `120'
1743693786.704068: 3938271-7f4193db0540: cdpl_farm.c:3149: in cdpl_farm_add_withdir(): debug: added `localhost' (capacity: unlimited)
1743693786.704077: 3938271-7f4193db0540: cdpl_compat_parse.c:147: in parsefile(): debug: read `/mnt/coe/workspace/ece/ece546-spr25/group8/group8_project/synopsys_custom/pwdp_jobs/saeSession0_default.SimulationSimulation_cdpl.2.3938271/host_file', 2 lines
1743693786.704080: 3938271-7f4193db0540: cdpl_compat_master.c:2931: in cdplInitMaster(): info: bcast dir is `/mnt/coe/workspace/ece/ece546-spr25/group8/group8_project/synopsys_custom/pwdp_jobs/saeSession0_default.SimulationSimulation_cdpl.2.3938271/logs'
1743693786.707418: 3938271-7f4193db0540: cdpl_server.c:6433: in cdpl_sv_ctl_master(): info: farm worker timeout set to 300
1743693786.707422: 3938271-7f4193db0540: cdpl_server.c:6486: in cdpl_sv_ctl_master(): info: maximum number of task execution attempts set to 1
1743693786.707428: 3938271-7f4193db0540: cdpl_server.c:3195: in cdpl_sv_start(): debug: starting server
1743693786.707431: 3938271-7f4193db0540: cdpl_ipc.c:3632: in cdpl_ipc_start(): debug: starting IPC server 152.14.98.81:42153
1743693786.708323: 3938271-7f4169196700: cdpl_server_ipc.c:1182: in _sv_ipc_thread(): debug: ready
1743693786.708357: 3938271-7f413ffff700: cdpl_monitor.c:426: in cdpl_mn_init_client(): info: creating client monitor instance
1743693786.708369: 3938271-7f413ffff700: cdpl_ipc.c:3475: in cdpl_ipc_init(): info: requesting IPv4 protocol
1743693786.712568: 3938271-7f413ffff700: cdpl_ipc.c:837: in _selectaddrfamily(): info: selected IPv4 protocol
1743693786.712591: 3938271-7f413ffff700: cdpl_ipc.c:1139: in _set_keepalive(): info: TCP keep alive interval: 300
1743693786.717106: 3938271-7f413ffff700: cdpl_ipc.c:3632: in cdpl_ipc_start(): debug: starting IPC server 152.14.98.81:41747
1743693786.717383: 3938271-7f413ffff700: cdpl_monitor.c:471: in cdpl_mn_init_client(): debug: incoming messages in /tmp/cdpl-monitor-h8SjEo
1743693786.717964: 3938271-7f413ffff700: cdpl_monitor.c:533: in cdpl_mn_connect(): debug: connecting to 152.14.98.81:42153
1743693786.717970: 3938271-7f413ffff700: cdpl_ipc.c:3789: in cdpl_ipc_connect(): info: connecting to 152.14.98.81:42153
1743693786.718131: 3938271-7f413ffff700: cdpl_ipc.c:3860: in cdpl_ipc_connect(): info: connected as `152.14.98.81:49672'
1743693786.718157: 3938271-7f413ffff700: cdpl_ipc.c:2503: in cdpl_ipc_host_accept(): debug: accepted host `152.14.98.81:42153'
1743693786.718162: 3938271-7f413ffff700: cdpl_monitor.c:579: in cdpl_mn_connect(): debug: ok
1743693786.718179: 3938271-7f4168995700: cdpl_ipc.c:1862: in _epoll_accept(): debug: new connection from `152.14.98.81:49672'
1743693786.718191: 3938271-7f4193db0540: cdpl_server.c:731: in cdpl_sv_new_job(): info: new job J1 in M1
1743693786.718226: 3938271-7f4193db0540: cdpl_compat_master.c:1581: in _add_worker(): info: new worker type 10, min:1, max:3, cmd:`/mnt/coe/workspace/ece/ece546-spr25/group8/group8_project/synopsys_custom/pwdp_jobs/saeSession0_default.SimulationSimulation_cdpl.2.3938271/START_WORKER pw_worker -i /mnt/coe/workspace/ece/ece546-spr25/group8/group8_
1743693786.718233: 3938271-7f4193db0540: cdpl_server.c:908: in cdpl_sv_new_bin_withfarm(): info: new bin B1 in J1
1743693786.718240: 3938271-7f4169196700: cdpl_server_ipc.c:1225: in _sv_ipc_thread(): debug: received ACCEPT notification
1743693786.718257: 3938271-7f4169196700: cdpl_ipc.c:2503: in cdpl_ipc_host_accept(): debug: accepted host `152.14.98.81:49672'
1743693786.718746: 3938271-7f4169196700: cdpl_server_ipc.c:1256: in _sv_ipc_thread(): debug: received MONITOR message
1743693786.718987: 3938271-7f4169196700: cdpl_monitor.c:1207: in cdpl_mn_accept(): debug: accepted monitor `152.14.98.81:49672'
1743693786.719011: 3938271-7f4169196700: cdpl_server_ipc_mon.c:120: in _globalLOCK(): debug: ENTERTING GLOBAL LOCK
1743693786.719014: 3938271-7f4169196700: cdpl_server_ipc_mon.c:164: in _globalLOCK(): debug: global lock acquired
1743693786.719053: 3938271-7f4156ffd700: cdpl_monitor.c:910: in mn_systat(): debug: started
1743693786.719435: 3938271-7f4156ffd700: cdpl_monitor.c:937: in mn_systat(): debug: monitor server flush rate: 5
1743693786.941017: 3938271-7f4169196700: cdpl_server_ipc_mon.c:210: in _globalUNLOCK(): debug: LEAVING GLOBAL LOCK
1743693786.941058: 3938271-7f4193db0540: cdpl_server.c:3249: in cdpl_sv_start_job(): info: starting job J1
1743693786.941085: 3938271-7f4193db0540: cdpl_server.c:62: in _sv_start_bin(): debug: starting bin B1 (min: 0, max: 3)
1743693786.941270: 3938271-7f4193db0540: cdpl_server.c:1893: in _sv_gen_task(): info: new task T0 in B1 (prio 0)
1743693786.941281: 3938271-7f4193db0540: cdpl_server.c:2698: in cdpl_sv_label_task_va(): info: setting task T0 label to "HSPICE_3|HSPICE"
1743693786.941905: 3938271-7f41557fa700: cdpl_server_sched.c:2482: in _sv_scheduler_thread(): debug: scheduler for bin B1 started
1743693786.941951: 3938271-7f41557fa700: cdpl_server_sched.c:2443: in _scheduler_run(): debug: will start a new worker
1743693786.941986: 3938271-7f41557fa700: cdpl_farm.c:3977: in cdpl_farm_submit(): debug: 1 running processes
1743693786.941990: 3938271-7f41557fa700: cdpl_farm.c:3985: in cdpl_farm_submit(): debug: new command C1 in bin B1 assigned to host `localhost'
1743693786.942124: 3938271-7f41557fa700: cdpl_server_sched.c:705: in _sv_launch_worker(): info: started worker W1 (as C1) in bin B1
1743693786.942137: 3938271-7f4154ff9700: cdpl_farm.c:2139: in _schedule(): debug: started
1743693786.942148: 3938271-7f4154ff9700: cdpl_farm.c:2303: in _schedule(): debug: submitting command C1 in bin B1
1743693786.942154: 3938271-7f4154ff9700: cdpl_sh.c:49: in _sh_detached_submit(): info: SH : /mnt/coe/workspace/ece/ece546-spr25/group8/group8_project/synopsys_custom/pwdp_jobs/saeSession0_default.SimulationSimulation_cdpl.2.3938271/START_WORKER pw_worker -i /mnt/coe/workspace/ece/ece546-spr25/group8/group8_project/synopsys_custom/pwdp_jobs/saeSession0_default.SimulationSimulation_cdpl.2.3938271 -t 10000
1743693786.952080: 3938271-7f4154ff9700: cdpl_farm.c:2343: in _schedule(): debug: C1 in bin B1 running on slot 0
1743693786.952112: 3938271-7f4154ff9700: cdpl_farm.c:2167: in _schedule(): debug: idle
1743693787.076242: 3938271-7f4193db0540: cdpl_compat_master.c:5948: in cdplMasterLogInfo(): info: [non-CDPL log entry] PWDP3: reset pilot cache succeeded, pilot_key=saeSession0,1,default|&/mnt/coe/workspace/ece/ece546-spr25/group8/group8_project/simulation/group8,inv_highdrive,schematic/history_1/simulation/default/PrimeSimHSPICE/nominal/results
1743693787.252193: 3938271-7f4154ff9700: cdpl_farm.c:1193: in _onexit(): debug: C1 in bin B1 exited normally on slot 0
1743693788.164452: 3938271-7f41567fc700: cdpl_compat_master.c:5948: in cdplMasterLogInfo(): info: [non-CDPL log entry] PWDP - no-workers started ok check start!
1743693789.335015: 3938271-7f4168995700: cdpl_ipc.c:1862: in _epoll_accept(): debug: new connection from `152.14.98.81:49684'
1743693789.335073: 3938271-7f4169196700: cdpl_server_ipc.c:1225: in _sv_ipc_thread(): debug: received ACCEPT notification
1743693789.335129: 3938271-7f4169196700: cdpl_ipc.c:2503: in cdpl_ipc_host_accept(): debug: accepted host `152.14.98.81:49684'
1743693789.335242: 3938271-7f4169196700: cdpl_server_ipc.c:1246: in _sv_ipc_thread(): debug: received HELLO message
1743693789.335248: 3938271-7f4169196700: cdpl_server_ipc.c:430: in _sv_on_hello(): debug: looking up W1
1743693789.335254: 3938271-7f4169196700: cdpl_server_ipc.c:540: in _sv_on_hello(): info: W1 is `152.14.98.81:49684'
1743693789.335258: 3938271-7f4169196700: cdpl_server_ipc.c:541: in _sv_on_hello(): debug: hello W1 (B1)
1743693789.335261: 3938271-7f4169196700: cdpl_server_ipc.c:542: in _sv_on_hello(): info: W1 log file is /dev/null
1743693789.335284: 3938271-7f4169196700: cdpl_server_ipc.c:602: in _sv_on_hello(): info: up to 1 alive workers in B1
1743693789.335292: 3938271-7f4169196700: cdpl_farm.c:878: in _release_cmd(): debug: freeing command C1 in bin B1
1743693789.335380: 3938271-7f41557fa700: cdpl_server_sched.c:960: in _assign(): info: assigning task T0 to worker W1
1743693790.336553: 3938271-7f4169196700: cdpl_server_ipc.c:312: in _sv_on_heartbeat(): debug: received HEARTBEAT from worker W1 at 152.14.98.81:49684
1743693791.788099: 3938271-7f413ffff700: cdpl_monitor.c:533: in cdpl_mn_connect(): debug: connecting to 152.14.98.81:32933
1743693791.788119: 3938271-7f413ffff700: cdpl_ipc.c:3789: in cdpl_ipc_connect(): info: connecting to 152.14.98.81:32933
1743693791.788320: 3938271-7f413ffff700: cdpl_ipc.c:3860: in cdpl_ipc_connect(): info: connected as `152.14.98.81:35564'
1743693791.788332: 3938271-7f413ffff700: cdpl_ipc.c:2503: in cdpl_ipc_host_accept(): debug: accepted host `152.14.98.81:32933'
1743693791.788338: 3938271-7f413ffff700: cdpl_monitor.c:579: in cdpl_mn_connect(): debug: ok
1743693792.711206: 3938271-7f4169196700: cdpl_server_ipc.c:1268: in _sv_ipc_thread(): debug: received RELAY message
1743693792.711264: 3938271-7f4169196700: cdpl_server_ipc.c:713: in _sv_on_relay(): debug: RELAY message from W1, size = 60
1743693792.711267: 3938271-7f4169196700: cdpl_server_ipc.c:715: in _sv_on_relay(): debug: RELAY message from W1, content = 0$3943200 grendel32.ece.ncsu.edu 3943251 RUNNING 1743693792
1743693813.319567: 3938271-7f4169196700: cdpl_server_ipc.c:1268: in _sv_ipc_thread(): debug: received RELAY message
1743693813.320767: 3938271-7f4169196700: cdpl_server_ipc.c:713: in _sv_on_relay(): debug: RELAY message from W1, size = 48
1743693813.320773: 3938271-7f4169196700: cdpl_server_ipc.c:715: in _sv_on_relay(): debug: RELAY message from W1, content = WORKERDU|1170,dc2isi00nfs.oit.ncsu.edu:/coe_nfs
1743693813.320780: 3938271-7f4169196700: cdpl_server_ipc.c:1268: in _sv_ipc_thread(): debug: received RELAY message
1743693813.320783: 3938271-7f4169196700: cdpl_server_ipc.c:713: in _sv_on_relay(): debug: RELAY message from W1, size = 195
1743693813.320785: 3938271-7f4169196700: cdpl_server_ipc.c:715: in _sv_on_relay(): debug: RELAY message from W1, content = REQPILOT|saeSession0,1,default|&/mnt/coe/workspace/ece/ece546-spr25/group8/group8_project/simulation/group8,inv_highdrive,schematic/history_1/simulation/default/PrimeSimHSPICE/nominal/results|&0
1743693813.320877: 3938271-7f41577fe700: cdpl_compat_master.c:5948: in cdplMasterLogInfo(): info: [non-CDPL log entry] PWDP send back 'DOPILOT' to worker id:1 key: saeSession0,1,default|&/mnt/coe/workspace/ece/ece546-spr25/group8/group8_project/simulation/group8,inv_highdrive,schematic/history_1/simulation/default/PrimeSimHSPICE/nominal/results
1743693813.326458: 3938271-7f41577fe700: cdpl_compat_master.c:5948: in cdplMasterLogInfo(): info: [non-CDPL log entry] PWDP: set pilot doing!
1743693813.334903: 3938271-7f4169196700: cdpl_server_ipc.c:1268: in _sv_ipc_thread(): debug: received RELAY message
1743693813.334918: 3938271-7f4169196700: cdpl_server_ipc.c:713: in _sv_on_relay(): debug: RELAY message from W1, size = 191
1743693813.334938: 3938271-7f4169196700: cdpl_server_ipc.c:715: in _sv_on_relay(): debug: RELAY message from W1, content = PILOTOK|saeSession0,1,default|&/mnt/coe/workspace/ece/ece546-spr25/group8/group8_project/simulation/group8,inv_highdrive,schematic/history_1/simulation/default/PrimeSimHSPICE/nominal/results
1743693813.334958: 3938271-7f41577fe700: cdpl_compat_master.c:5948: in cdplMasterLogInfo(): info: [non-CDPL log entry] PWDP: set pilot done!
1743693813.335117: 3938271-7f4169196700: cdpl_server_ipc.c:1268: in _sv_ipc_thread(): debug: received RELAY message
1743693813.335120: 3938271-7f4169196700: cdpl_server_ipc.c:713: in _sv_on_relay(): debug: RELAY message from W1, size = 18
1743693813.335122: 3938271-7f4169196700: cdpl_server_ipc.c:715: in _sv_on_relay(): debug: RELAY message from W1, content = 0$- - - MEASDOING
1743693815.679562: 3938271-7f4169196700: cdpl_server_ipc.c:1268: in _sv_ipc_thread(): debug: received RELAY message
1743693815.679593: 3938271-7f4169196700: cdpl_server_ipc.c:713: in _sv_on_relay(): debug: RELAY message from W1, size = 72
1743693815.679596: 3938271-7f4169196700: cdpl_server_ipc.c:715: in _sv_on_relay(): debug: RELAY message from W1, content = 0$3943200 grendel32.ece.ncsu.edu 3943251 FINISHED 1743693792|1743693815
1743693815.691950: 3938271-7f4169196700: cdpl_server_ipc.c:1268: in _sv_ipc_thread(): debug: received RELAY message
1743693815.691960: 3938271-7f4169196700: cdpl_server_ipc.c:713: in _sv_on_relay(): debug: RELAY message from W1, size = 193
1743693815.691968: 3938271-7f4169196700: cdpl_server_ipc.c:715: in _sv_on_relay(): debug: RELAY message from W1, content = PILOTDONE|saeSession0,1,default|&/mnt/coe/workspace/ece/ece546-spr25/group8/group8_project/simulation/group8,inv_highdrive,schematic/history_1/simulation/default/PrimeSimHSPICE/nominal/results
1743693815.692020: 3938271-7f41577fe700: cdpl_compat_master.c:5948: in cdplMasterLogInfo(): info: [non-CDPL log entry] saeSession0,1,default|&/mnt/coe/workspace/ece/ece546-spr25/group8/group8_project/simulation/group8,inv_highdrive,schematic/history_1/simulation/default/PrimeSimHSPICE/nominal/results PILOTDONE!
1743693815.706637: 3938271-7f4169196700: cdpl_server_ipc.c:1251: in _sv_ipc_thread(): debug: received FINISH message
1743693815.706646: 3938271-7f4169196700: cdpl_server_ipc.c:983: in _sv_on_finish(): info: worker W1 completed task T0
1743693815.706648: 3938271-7f4169196700: cdpl_server_ipc.c:988: in _sv_on_finish(): debug: stat T0: utime=11115 stime=2087
1743693815.706651: 3938271-7f4169196700: cdpl_server_ipc.c:993: in _sv_on_finish(): debug: statm T0: vsize=2866824 rss=1067156 shared=518800 text=474784 data=732088
1743693815.729304: 3938271-7f4169196700: cdpl_server_ipc.c:1268: in _sv_ipc_thread(): debug: received RELAY message
1743693815.729314: 3938271-7f4169196700: cdpl_server_ipc.c:713: in _sv_on_relay(): debug: RELAY message from W1, size = 47
1743693815.729316: 3938271-7f4169196700: cdpl_server_ipc.c:715: in _sv_on_relay(): debug: RELAY message from W1, content = WORKERDU|108,dc2isi00nfs.oit.ncsu.edu:/coe_nfs
1743693815.774589: 3938271-7f4193db0540: cdpl_server.c:227: in _sv_free_task_safe(): debug: freeing task T0
1743693819.711183: 3938271-7f4193db0540: cdpl_server.c:3008: in cdpl_sv_halt_job_errno(): info: killing job J1
1743693819.712492: 3938271-7f4193db0540: cdpl_server.c:3044: in cdpl_sv_halt_job_errno(): debug: signal bin B1 scheduler to stop
1743693819.712560: 3938271-7f41557fa700: cdpl_server_sched.c:2484: in _sv_scheduler_thread(): debug: scheduler for bin B1 stopped
1743693819.712588: 3938271-7f41557fa700: cdpl_ipc.c:1657: in _host_drop__UNSAFE(): debug: dropping host `152.14.98.81:49684'
1743693819.712647: 3938271-7f41557fa700: cdpl_server_sched.c:2830: in _sv_drop_worker(): info: down to 0 alive workers in B1
1743693819.712652: 3938271-7f41557fa700: cdpl_farm.c:4152: in cdpl_farm_dismiss(): debug: down to 0 running processes
1743693819.712657: 3938271-7f4169196700: cdpl_server_ipc.c:1236: in _sv_ipc_thread(): debug: received DROP notification
1743693819.712673: 3938271-7f41557fa700: cdpl_server_sched.c:121: in _free_worker_2(): debug: freeing worker W1
1743693819.712693: 3938271-7f41557fa700: cdpl_ipc.c:2513: in cdpl_ipc_host_release(): debug: releasing host `152.14.98.81:49684'
1743693819.712696: 3938271-7f41557fa700: cdpl_ipc.c:2529: in cdpl_ipc_host_release(): debug: scheduling for immediate release
1743693819.712723: 3938271-7f4193db0540: cdpl_server.c:294: in _sv_free_job(): info: freeing job J1
1743693819.712728: 3938271-7f4193db0540: cdpl_server.c:92: in _sv_free_bin(): debug: freeing bin B1
1743693819.712737: 3938271-7f4193db0540: cdpl_monitor.c:515: in cdpl_mn_kill(): info: killing monitor
1743693819.712747: 3938271-7f4193db0540: cdpl_ipc.c:3677: in cdpl_ipc_kill(): debug: stopping event server
1743693819.712771: 3938271-7f413f7fe700: cdpl_ipc.c:2460: in _epoll_main(): debug: server going down...
1743693819.712809: 3938271-7f4168995700: cdpl_ipc.c:775: in _readv(): warning: read(): EOF
1743693819.712831: 3938271-7f4168995700: cdpl_ipc.c:2100: in _epoll_recv(): debug: _readv(): Broken pipe
1743693819.712836: 3938271-7f4168995700: cdpl_ipc.c:2424: in _epoll_main(): debug: _epoll_recv(): Broken pipe
1743693819.712841: 3938271-7f4168995700: cdpl_ipc.c:1657: in _host_drop__UNSAFE(): debug: dropping host `152.14.98.81:49672'
1743693819.712888: 3938271-7f4168995700: cdpl_ipc.c:1582: in _host_free__UNSAFE(): debug: freeing host `152.14.98.81:49684'
1743693819.712892: 3938271-7f4168995700: cdpl_ipc.c:1621: in _host_free__UNSAFE(): debug: [0 outq, 0 spR, 0 spW]
1743693819.712904: 3938271-7f4169196700: cdpl_server_ipc.c:1236: in _sv_ipc_thread(): debug: received DROP notification
1743693819.712917: 3938271-7f4169196700: cdpl_monitor.c:1269: in cdpl_mn_drop(): debug: detaching from monitor `152.14.98.81:49672'
1743693819.712922: 3938271-7f4169196700: cdpl_monitor.c:1101: in mn_systat_stop(): debug: joining systat thread
1743693819.712998: 3938271-7f4156ffd700: cdpl_monitor.c:1079: in mn_systat(): debug: exiting
1743693819.713011: 3938271-7f4169196700: cdpl_monitor.c:1103: in mn_systat_stop(): debug: systat thread done
1743693819.713015: 3938271-7f4169196700: cdpl_ipc.c:2513: in cdpl_ipc_host_release(): debug: releasing host `152.14.98.81:49672'
1743693819.713145: 3938271-7f413ffff700: cdpl_ipc.c:3728: in cdpl_ipc_free(): debug: releasing IPC handle
1743693819.713154: 3938271-7f413ffff700: cdpl_ipc.c:1582: in _host_free__UNSAFE(): debug: freeing host `152.14.98.81:32933'
1743693819.713158: 3938271-7f413ffff700: cdpl_ipc.c:1621: in _host_free__UNSAFE(): debug: [0 outq, 0 spR, 0 spW]
1743693819.713175: 3938271-7f413ffff700: cdpl_ipc.c:1582: in _host_free__UNSAFE(): debug: freeing host `152.14.98.81:42153'
1743693819.713178: 3938271-7f413ffff700: cdpl_ipc.c:1621: in _host_free__UNSAFE(): debug: [0 outq, 0 spR, 0 spW]
1743693819.713202: 3938271-7f413ffff700: cdpl_ipc.c:3756: in cdpl_ipc_free(): warning: 2 host(s) were not released
1743693819.713211: 3938271-7f413ffff700: cdpl_ipc.c:3767: in cdpl_ipc_free(): debug: done
1743693819.713213: 3938271-7f413ffff700: cdpl_monitor.c:1390: in cdpl_mn_free(): debug: freeing monitor client
1743693819.713283: 3938271-7f4193db0540: cdpl_farm.c:2740: in cdpl_farm_free(): info: freeing farm
1743693819.713297: 3938271-7f4154ff9700: cdpl_farm.c:2231: in _schedule(): debug: end of idling
1743693819.713302: 3938271-7f4154ff9700: cdpl_farm.c:2235: in _schedule(): debug: dying
1743693819.713402: 3938271-7f4193db0540: cdpl_farm.c:913: in _killall(): debug: killing all remaining commands
1743693819.713408: 3938271-7f4193db0540: cdpl_server.c:3144: in cdpl_sv_free(): info: freeing server S1876888598
1743693819.713411: 3938271-7f4193db0540: cdpl_server.c:3109: in cdpl_sv_kill_errno(): info: killing server
1743693819.713413: 3938271-7f4193db0540: cdpl_ipc.c:3677: in cdpl_ipc_kill(): debug: stopping event server
1743693819.713424: 3938271-7f4169196700: cdpl_server_ipc.c:1200: in _sv_ipc_thread(): debug: leaving now
1743693819.713449: 3938271-7f4193db0540: cdpl_server.c:334: in _sv_free_master(): info: freeing master M1
1743693819.713452: 3938271-7f4193db0540: cdpl_hash.c:68: in cdpl_h_destroy(): debug: put operations: 1
1743693819.713454: 3938271-7f4193db0540: cdpl_hash.c:69: in cdpl_h_destroy(): debug: put collisions: 0
1743693819.713456: 3938271-7f4193db0540: cdpl_hash.c:70: in cdpl_h_destroy(): debug: get operations: 1
1743693819.713458: 3938271-7f4193db0540: cdpl_hash.c:71: in cdpl_h_destroy(): debug: get iterations: 1
1743693819.713461: 3938271-7f4168995700: cdpl_ipc.c:2460: in _epoll_main(): debug: server going down...
1743693819.713490: 3938271-7f4193db0540: cdpl_monitor.c:1390: in cdpl_mn_free(): debug: freeing monitor server
1743693819.713494: 3938271-7f4193db0540: cdpl_ipc.c:3728: in cdpl_ipc_free(): debug: releasing IPC handle
1743693819.713496: 3938271-7f4193db0540: cdpl_ipc.c:1582: in _host_free__UNSAFE(): debug: freeing host `152.14.98.81:49672'
1743693819.713499: 3938271-7f4193db0540: cdpl_ipc.c:1621: in _host_free__UNSAFE(): debug: [0 outq, 0 spR, 0 spW]
1743693819.713536: 3938271-7f4193db0540: cdpl_ipc.c:3767: in cdpl_ipc_free(): debug: done
1743693819.713541: 3938271-7f4193db0540: cdpl_log.c:481: in cdpl_log_close(): info: @@end_of_log@@
