1744145345.082931: 64537-7f5c7a49e540: cdpl_log.c:337: in cdpl_log_open(): info: @@start_of_log@@
1744145345.082946: 64537-7f5c7a49e540: cdpl_log.c:1058: in cdpl_log_dump_sysinfo(): info: time: 2025/04/08 16:49:05 EDT -0400
1744145345.082947: 64537-7f5c7a49e540: cdpl_log.c:1060: in cdpl_log_dump_sysinfo(): info: version: W-2024.09-SP1-2 
1744145345.082948: 64537-7f5c7a49e540: cdpl_log.c:1062: in cdpl_log_dump_sysinfo(): info: system: Linux 4.18.0-553.47.1.el8_10.x86_64 #1 SMP Thu Mar 20 10:01:53 EDT 2025
1744145345.082949: 64537-7f5c7a49e540: cdpl_log.c:1067: in cdpl_log_dump_sysinfo(): info: processor: x86_64 64-bits
1744145345.082950: 64537-7f5c7a49e540: cdpl_log.c:1071: in cdpl_log_dump_sysinfo(): info: hostname: payback.ece.ncsu.edu
1744145345.082951: 64537-7f5c7a49e540: cdpl_log.c:1073: in cdpl_log_dump_sysinfo(): info: program name: custom_shell
1744145345.082953: 64537-7f5c7a49e540: cdpl_log.c:340: in cdpl_log_open(): debug: path: /mnt/coe/workspace/ece/ece546-spr25/group8/group8_project/synopsys_custom/pwdp_jobs/saeSession1_default.SimulationSimulation_cdpl.0.64537/logs/master.payback.ece.ncsu.edu.64537.log
1744145345.082954: 64537-7f5c7a49e540: cdpl_log.c:341: in cdpl_log_open(): debug: dir: /mnt/coe/workspace/ece/ece546-spr25/group8/group8_project/synopsys_custom/pwdp_jobs/saeSession1_default.SimulationSimulation_cdpl.0.64537/logs
1744145345.082973: 64537-7f5c7a49e540: cdpl_server.c:536: in cdpl_sv_init(): info: new server S146735195
1744145345.082978: 64537-7f5c7a49e540: cdpl_ipc.c:3475: in cdpl_ipc_init(): info: requesting IPv4 protocol
1744145345.086638: 64537-7f5c7a49e540: cdpl_ipc.c:837: in _selectaddrfamily(): info: selected IPv4 protocol
1744145345.086652: 64537-7f5c7a49e540: cdpl_ipc.c:1139: in _set_keepalive(): info: TCP keep alive interval: 300
1744145345.092111: 64537-7f5c7a49e540: cdpl_monitor.c:1117: in cdpl_mn_new_server(): info: creating server monitor instance
1744145345.092121: 64537-7f5c7a49e540: cdpl_server.c:650: in cdpl_sv_new_master(): info: new master M1
1744145345.092127: 64537-7f5c7a49e540: cdpl_server.c:6533: in cdpl_sv_ctl_master(): info: Setting worker heartbeat to 120 seconds
1744145345.092128: 64537-7f5c7a49e540: cdpl_server.c:6542: in cdpl_sv_ctl_master(): info: Setting worker heartbeat timeout to 3 heartbeats
1744145345.092130: 64537-7f5c7a49e540: cdpl_compat_master.c:2090: in _parse_hostfile(): info: reading hostfile `/mnt/coe/workspace/ece/ece546-spr25/group8/group8_project/synopsys_custom/pwdp_jobs/saeSession1_default.SimulationSimulation_cdpl.0.64537/host_file'
1744145345.096553: 64537-7f5c7a49e540: cdpl_compat_master.c:1900: in _hostfile_parser(): debug: parsing "1     |localhost|   -1  | /tmp | SH | sh"
1744145345.096564: 64537-7f5c7a49e540: cdpl_farm.c:2578: in cdpl_farm_new_sh(): info: creating SH farm on localhost
1744145345.096568: 64537-7f5c7a49e540: cdpl_compat_master.c:206: in _set_farm_env(): info: exporting CDPL_LOGDIR as `/mnt/coe/workspace/ece/ece546-spr25/group8/group8_project/synopsys_custom/pwdp_jobs/saeSession1_default.SimulationSimulation_cdpl.0.64537/logs'
1744145345.096569: 64537-7f5c7a49e540: cdpl_compat_master.c:212: in _set_farm_env(): info: exporting CDPL_TMPDIR as `/tmp'
1744145345.096570: 64537-7f5c7a49e540: cdpl_compat_master.c:219: in _set_farm_env(): info: exporting CDPL_HOME as `/mnt/apps/public/COE/synopsys_apps/hspice/W-2024.09-SP1/hspice/cdpl'
1744145345.096571: 64537-7f5c7a49e540: cdpl_compat_master.c:235: in _set_farm_env(): info: exporting SNPSLMD_LICENSE_FILE as `27000@ece-lic-35.ece.ncsu.edu'
1744145345.096572: 64537-7f5c7a49e540: cdpl_compat_master.c:259: in _set_farm_env(): info: exporting CDPL_OPTIONS as `[nowlogs]'
1744145345.096573: 64537-7f5c7a49e540: cdpl_compat_master.c:266: in _set_farm_env(): info: exporting DISPLAY as `unix:6795'
1744145345.096574: 64537-7f5c7a49e540: cdpl_compat_master.c:274: in _set_farm_env(): info: exporting CDPL_HEARTBEAT as `120'
1744145345.096581: 64537-7f5c7a49e540: cdpl_farm.c:3149: in cdpl_farm_add_withdir(): debug: added `localhost' (capacity: unlimited)
1744145345.096582: 64537-7f5c7a49e540: cdpl_compat_parse.c:147: in parsefile(): debug: read `/mnt/coe/workspace/ece/ece546-spr25/group8/group8_project/synopsys_custom/pwdp_jobs/saeSession1_default.SimulationSimulation_cdpl.0.64537/host_file', 2 lines
1744145345.096586: 64537-7f5c7a49e540: cdpl_compat_master.c:2931: in cdplInitMaster(): info: bcast dir is `/mnt/coe/workspace/ece/ece546-spr25/group8/group8_project/synopsys_custom/pwdp_jobs/saeSession1_default.SimulationSimulation_cdpl.0.64537/logs'
1744145345.100096: 64537-7f5c7a49e540: cdpl_server.c:6433: in cdpl_sv_ctl_master(): info: farm worker timeout set to 300
1744145345.100097: 64537-7f5c7a49e540: cdpl_server.c:6486: in cdpl_sv_ctl_master(): info: maximum number of task execution attempts set to 1
1744145345.100108: 64537-7f5c7a49e540: cdpl_server.c:3195: in cdpl_sv_start(): debug: starting server
1744145345.100111: 64537-7f5c7a49e540: cdpl_ipc.c:3632: in cdpl_ipc_start(): debug: starting IPC server 152.14.99.143:38427
1744145345.100228: 64537-7f5c362a4700: cdpl_server_ipc.c:1182: in _sv_ipc_thread(): debug: ready
1744145345.100342: 64537-7f5c35aa3700: cdpl_monitor.c:426: in cdpl_mn_init_client(): info: creating client monitor instance
1744145345.100349: 64537-7f5c35aa3700: cdpl_ipc.c:3475: in cdpl_ipc_init(): info: requesting IPv4 protocol
1744145345.104623: 64537-7f5c35aa3700: cdpl_ipc.c:837: in _selectaddrfamily(): info: selected IPv4 protocol
1744145345.104636: 64537-7f5c35aa3700: cdpl_ipc.c:1139: in _set_keepalive(): info: TCP keep alive interval: 300
1744145345.107279: 64537-7f5c35aa3700: cdpl_ipc.c:3632: in cdpl_ipc_start(): debug: starting IPC server 152.14.99.143:37515
1744145345.107362: 64537-7f5c35aa3700: cdpl_monitor.c:471: in cdpl_mn_init_client(): debug: incoming messages in /tmp/cdpl-monitor-PIJkel
1744145345.107406: 64537-7f5c35aa3700: cdpl_monitor.c:533: in cdpl_mn_connect(): debug: connecting to 152.14.99.143:38427
1744145345.107410: 64537-7f5c35aa3700: cdpl_ipc.c:3789: in cdpl_ipc_connect(): info: connecting to 152.14.99.143:38427
1744145345.107479: 64537-7f5c35aa3700: cdpl_ipc.c:3860: in cdpl_ipc_connect(): info: connected as `152.14.99.143:55192'
1744145345.107486: 64537-7f5c35aa3700: cdpl_ipc.c:2503: in cdpl_ipc_host_accept(): debug: accepted host `152.14.99.143:38427'
1744145345.107502: 64537-7f5c35aa3700: cdpl_monitor.c:579: in cdpl_mn_connect(): debug: ok
1744145345.107514: 64537-7f5c7a49e540: cdpl_server.c:731: in cdpl_sv_new_job(): info: new job J1 in M1
1744145345.107529: 64537-7f5c7a49e540: cdpl_compat_master.c:1581: in _add_worker(): info: new worker type 10, min:1, max:3, cmd:`/mnt/coe/workspace/ece/ece546-spr25/group8/group8_project/synopsys_custom/pwdp_jobs/saeSession1_default.SimulationSimulation_cdpl.0.64537/START_WORKER pw_worker -i /mnt/coe/workspace/ece/ece546-spr25/group8/group8_pr
1744145345.107537: 64537-7f5c7a49e540: cdpl_server.c:908: in cdpl_sv_new_bin_withfarm(): info: new bin B1 in J1
1744145345.107594: 64537-7f5c36aa5700: cdpl_ipc.c:1862: in _epoll_accept(): debug: new connection from `152.14.99.143:55192'
1744145345.107851: 64537-7f5c362a4700: cdpl_server_ipc.c:1225: in _sv_ipc_thread(): debug: received ACCEPT notification
1744145345.107855: 64537-7f5c362a4700: cdpl_ipc.c:2503: in cdpl_ipc_host_accept(): debug: accepted host `152.14.99.143:55192'
1744145345.107863: 64537-7f5c362a4700: cdpl_server_ipc.c:1256: in _sv_ipc_thread(): debug: received MONITOR message
1744145345.107917: 64537-7f5c362a4700: cdpl_monitor.c:1207: in cdpl_mn_accept(): debug: accepted monitor `152.14.99.143:55192'
1744145345.107919: 64537-7f5c362a4700: cdpl_server_ipc_mon.c:120: in _globalLOCK(): debug: ENTERTING GLOBAL LOCK
1744145345.107920: 64537-7f5c362a4700: cdpl_server_ipc_mon.c:164: in _globalLOCK(): debug: global lock acquired
1744145345.107973: 64537-7f5c2effd700: cdpl_monitor.c:910: in mn_systat(): debug: started
1744145345.108248: 64537-7f5c2effd700: cdpl_monitor.c:937: in mn_systat(): debug: monitor server flush rate: 5
1744145345.156162: 64537-7f5c362a4700: cdpl_server_ipc_mon.c:210: in _globalUNLOCK(): debug: LEAVING GLOBAL LOCK
1744145345.278316: 64537-7f5c7a49e540: cdpl_server.c:3249: in cdpl_sv_start_job(): info: starting job J1
1744145345.278327: 64537-7f5c7a49e540: cdpl_server.c:62: in _sv_start_bin(): debug: starting bin B1 (min: 0, max: 3)
1744145345.278385: 64537-7f5c7a49e540: cdpl_server.c:1893: in _sv_gen_task(): info: new task T0 in B1 (prio 0)
1744145345.278403: 64537-7f5c7a49e540: cdpl_server.c:2698: in cdpl_sv_label_task_va(): info: setting task T0 label to "HSPICE_1|HSPICE"
1744145345.278455: 64537-7f5c2e7fc700: cdpl_server_sched.c:2482: in _sv_scheduler_thread(): debug: scheduler for bin B1 started
1744145345.278491: 64537-7f5c2e7fc700: cdpl_server_sched.c:2443: in _scheduler_run(): debug: will start a new worker
1744145345.278509: 64537-7f5c2e7fc700: cdpl_farm.c:3977: in cdpl_farm_submit(): debug: 1 running processes
1744145345.278510: 64537-7f5c2e7fc700: cdpl_farm.c:3985: in cdpl_farm_submit(): debug: new command C1 in bin B1 assigned to host `localhost'
1744145345.278548: 64537-7f5c2e7fc700: cdpl_server_sched.c:705: in _sv_launch_worker(): info: started worker W1 (as C1) in bin B1
1744145345.278555: 64537-7f5c2dffb700: cdpl_farm.c:2139: in _schedule(): debug: started
1744145345.278559: 64537-7f5c2dffb700: cdpl_farm.c:2303: in _schedule(): debug: submitting command C1 in bin B1
1744145345.278568: 64537-7f5c2dffb700: cdpl_sh.c:49: in _sh_detached_submit(): info: SH : /mnt/coe/workspace/ece/ece546-spr25/group8/group8_project/synopsys_custom/pwdp_jobs/saeSession1_default.SimulationSimulation_cdpl.0.64537/START_WORKER pw_worker -i /mnt/coe/workspace/ece/ece546-spr25/group8/group8_project/synopsys_custom/pwdp_jobs/saeSession1_default.SimulationSimulation_cdpl.0.64537 -t 10000
1744145345.281945: 64537-7f5c2dffb700: cdpl_farm.c:2343: in _schedule(): debug: C1 in bin B1 running on slot 0
1744145345.281955: 64537-7f5c2dffb700: cdpl_farm.c:2167: in _schedule(): debug: idle
1744145345.420823: 64537-7f5c7a49e540: cdpl_compat_master.c:5948: in cdplMasterLogInfo(): info: [non-CDPL log entry] PWDP3: reset pilot cache succeeded, pilot_key=saeSession1,1,default|&/mnt/coe/workspace/ece/ece546-spr25/group8/group8_project/simulation/group8,WLRef_PC_tb,schematic/history_1/simulation/default/PrimeSimHSPICE/nominal/results
1744145345.582022: 64537-7f5c2dffb700: cdpl_farm.c:1193: in _onexit(): debug: C1 in bin B1 exited normally on slot 0
1744145346.356045: 64537-7f5c2f7fe700: cdpl_compat_master.c:5948: in cdplMasterLogInfo(): info: [non-CDPL log entry] PWDP - no-workers started ok check start!
1744145347.095623: 64537-7f5c36aa5700: cdpl_ipc.c:1862: in _epoll_accept(): debug: new connection from `152.14.99.143:55196'
1744145347.095656: 64537-7f5c362a4700: cdpl_server_ipc.c:1225: in _sv_ipc_thread(): debug: received ACCEPT notification
1744145347.095684: 64537-7f5c362a4700: cdpl_ipc.c:2503: in cdpl_ipc_host_accept(): debug: accepted host `152.14.99.143:55196'
1744145347.095736: 64537-7f5c362a4700: cdpl_server_ipc.c:1246: in _sv_ipc_thread(): debug: received HELLO message
1744145347.095737: 64537-7f5c362a4700: cdpl_server_ipc.c:430: in _sv_on_hello(): debug: looking up W1
1744145347.095739: 64537-7f5c362a4700: cdpl_server_ipc.c:540: in _sv_on_hello(): info: W1 is `152.14.99.143:55196'
1744145347.095740: 64537-7f5c362a4700: cdpl_server_ipc.c:541: in _sv_on_hello(): debug: hello W1 (B1)
1744145347.095740: 64537-7f5c362a4700: cdpl_server_ipc.c:542: in _sv_on_hello(): info: W1 log file is /dev/null
1744145347.095766: 64537-7f5c362a4700: cdpl_server_ipc.c:602: in _sv_on_hello(): info: up to 1 alive workers in B1
1744145347.095771: 64537-7f5c362a4700: cdpl_farm.c:878: in _release_cmd(): debug: freeing command C1 in bin B1
1744145347.095779: 64537-7f5c2e7fc700: cdpl_server_sched.c:960: in _assign(): info: assigning task T0 to worker W1
1744145348.096046: 64537-7f5c362a4700: cdpl_server_ipc.c:312: in _sv_on_heartbeat(): debug: received HEARTBEAT from worker W1 at 152.14.99.143:55196
1744145349.770958: 64537-7f5c362a4700: cdpl_server_ipc.c:1268: in _sv_ipc_thread(): debug: received RELAY message
1744145349.770965: 64537-7f5c362a4700: cdpl_server_ipc.c:713: in _sv_on_relay(): debug: RELAY message from W1, size = 54
1744145349.770969: 64537-7f5c362a4700: cdpl_server_ipc.c:715: in _sv_on_relay(): debug: RELAY message from W1, content = 0$65169 payback.ece.ncsu.edu 65195 RUNNING 1744145349
1744145350.176308: 64537-7f5c35aa3700: cdpl_monitor.c:533: in cdpl_mn_connect(): debug: connecting to 152.14.99.143:36989
1744145350.176316: 64537-7f5c35aa3700: cdpl_ipc.c:3789: in cdpl_ipc_connect(): info: connecting to 152.14.99.143:36989
1744145350.176444: 64537-7f5c35aa3700: cdpl_ipc.c:3860: in cdpl_ipc_connect(): info: connected as `152.14.99.143:32808'
1744145350.176451: 64537-7f5c35aa3700: cdpl_ipc.c:2503: in cdpl_ipc_host_accept(): debug: accepted host `152.14.99.143:36989'
1744145350.176454: 64537-7f5c35aa3700: cdpl_monitor.c:579: in cdpl_mn_connect(): debug: ok
1744145365.813023: 64537-7f5c362a4700: cdpl_server_ipc.c:1268: in _sv_ipc_thread(): debug: received RELAY message
1744145365.814635: 64537-7f5c362a4700: cdpl_server_ipc.c:713: in _sv_on_relay(): debug: RELAY message from W1, size = 48
1744145365.814637: 64537-7f5c362a4700: cdpl_server_ipc.c:715: in _sv_on_relay(): debug: RELAY message from W1, content = WORKERDU|1115,dc2isi00nfs.oit.ncsu.edu:/coe_nfs
1744145365.814640: 64537-7f5c362a4700: cdpl_server_ipc.c:1268: in _sv_ipc_thread(): debug: received RELAY message
1744145365.814641: 64537-7f5c362a4700: cdpl_server_ipc.c:713: in _sv_on_relay(): debug: RELAY message from W1, size = 193
1744145365.814641: 64537-7f5c362a4700: cdpl_server_ipc.c:715: in _sv_on_relay(): debug: RELAY message from W1, content = REQPILOT|saeSession1,1,default|&/mnt/coe/workspace/ece/ece546-spr25/group8/group8_project/simulation/group8,WLRef_PC_tb,schematic/history_1/simulation/default/PrimeSimHSPICE/nominal/results|&0
1744145365.814692: 64537-7f5c2ffff700: cdpl_compat_master.c:5948: in cdplMasterLogInfo(): info: [non-CDPL log entry] PWDP send back 'DOPILOT' to worker id:1 key: saeSession1,1,default|&/mnt/coe/workspace/ece/ece546-spr25/group8/group8_project/simulation/group8,WLRef_PC_tb,schematic/history_1/simulation/default/PrimeSimHSPICE/nominal/results
1744145365.820177: 64537-7f5c2ffff700: cdpl_compat_master.c:5948: in cdplMasterLogInfo(): info: [non-CDPL log entry] PWDP: set pilot doing!
1744145365.827698: 64537-7f5c362a4700: cdpl_server_ipc.c:1268: in _sv_ipc_thread(): debug: received RELAY message
1744145365.827705: 64537-7f5c362a4700: cdpl_server_ipc.c:713: in _sv_on_relay(): debug: RELAY message from W1, size = 189
1744145365.827710: 64537-7f5c362a4700: cdpl_server_ipc.c:715: in _sv_on_relay(): debug: RELAY message from W1, content = PILOTOK|saeSession1,1,default|&/mnt/coe/workspace/ece/ece546-spr25/group8/group8_project/simulation/group8,WLRef_PC_tb,schematic/history_1/simulation/default/PrimeSimHSPICE/nominal/results
1744145365.827720: 64537-7f5c2ffff700: cdpl_compat_master.c:5948: in cdplMasterLogInfo(): info: [non-CDPL log entry] PWDP: set pilot done!
1744145365.827766: 64537-7f5c362a4700: cdpl_server_ipc.c:1268: in _sv_ipc_thread(): debug: received RELAY message
1744145365.827772: 64537-7f5c362a4700: cdpl_server_ipc.c:713: in _sv_on_relay(): debug: RELAY message from W1, size = 18
1744145365.827773: 64537-7f5c362a4700: cdpl_server_ipc.c:715: in _sv_on_relay(): debug: RELAY message from W1, content = 0$- - - MEASDOING
1744145368.217924: 64537-7f5c362a4700: cdpl_server_ipc.c:1268: in _sv_ipc_thread(): debug: received RELAY message
1744145368.217929: 64537-7f5c362a4700: cdpl_server_ipc.c:713: in _sv_on_relay(): debug: RELAY message from W1, size = 66
1744145368.217930: 64537-7f5c362a4700: cdpl_server_ipc.c:715: in _sv_on_relay(): debug: RELAY message from W1, content = 0$65169 payback.ece.ncsu.edu 65195 FINISHED 1744145349|1744145368
1744145368.232120: 64537-7f5c362a4700: cdpl_server_ipc.c:1268: in _sv_ipc_thread(): debug: received RELAY message
1744145368.232122: 64537-7f5c362a4700: cdpl_server_ipc.c:713: in _sv_on_relay(): debug: RELAY message from W1, size = 191
1744145368.232123: 64537-7f5c362a4700: cdpl_server_ipc.c:715: in _sv_on_relay(): debug: RELAY message from W1, content = PILOTDONE|saeSession1,1,default|&/mnt/coe/workspace/ece/ece546-spr25/group8/group8_project/simulation/group8,WLRef_PC_tb,schematic/history_1/simulation/default/PrimeSimHSPICE/nominal/results
1744145368.232130: 64537-7f5c2ffff700: cdpl_compat_master.c:5948: in cdplMasterLogInfo(): info: [non-CDPL log entry] saeSession1,1,default|&/mnt/coe/workspace/ece/ece546-spr25/group8/group8_project/simulation/group8,WLRef_PC_tb,schematic/history_1/simulation/default/PrimeSimHSPICE/nominal/results PILOTDONE!
1744145368.247861: 64537-7f5c362a4700: cdpl_server_ipc.c:1251: in _sv_ipc_thread(): debug: received FINISH message
1744145368.247863: 64537-7f5c362a4700: cdpl_server_ipc.c:983: in _sv_on_finish(): info: worker W1 completed task T0
1744145368.247864: 64537-7f5c362a4700: cdpl_server_ipc.c:988: in _sv_on_finish(): debug: stat T0: utime=3999 stime=687
1744145368.247865: 64537-7f5c362a4700: cdpl_server_ipc.c:993: in _sv_on_finish(): debug: statm T0: vsize=3079376 rss=1062848 shared=519060 text=474784 data=733864
1744145368.262766: 64537-7f5c7a49e540: cdpl_server.c:227: in _sv_free_task_safe(): debug: freeing task T0
1744145368.267809: 64537-7f5c362a4700: cdpl_server_ipc.c:1268: in _sv_ipc_thread(): debug: received RELAY message
1744145368.267816: 64537-7f5c362a4700: cdpl_server_ipc.c:713: in _sv_on_relay(): debug: RELAY message from W1, size = 47
1744145368.267822: 64537-7f5c362a4700: cdpl_server_ipc.c:715: in _sv_on_relay(): debug: RELAY message from W1, content = WORKERDU|252,dc2isi00nfs.oit.ncsu.edu:/coe_nfs
1744145373.259669: 64537-7f5c7a49e540: cdpl_server.c:3008: in cdpl_sv_halt_job_errno(): info: killing job J1
1744145373.260874: 64537-7f5c7a49e540: cdpl_server.c:3044: in cdpl_sv_halt_job_errno(): debug: signal bin B1 scheduler to stop
1744145373.260883: 64537-7f5c2e7fc700: cdpl_server_sched.c:2484: in _sv_scheduler_thread(): debug: scheduler for bin B1 stopped
1744145373.260899: 64537-7f5c2e7fc700: cdpl_ipc.c:1657: in _host_drop__UNSAFE(): debug: dropping host `152.14.99.143:55196'
1744145373.260920: 64537-7f5c2e7fc700: cdpl_server_sched.c:2830: in _sv_drop_worker(): info: down to 0 alive workers in B1
1744145373.260923: 64537-7f5c362a4700: cdpl_server_ipc.c:1236: in _sv_ipc_thread(): debug: received DROP notification
1744145373.260927: 64537-7f5c2e7fc700: cdpl_farm.c:4152: in cdpl_farm_dismiss(): debug: down to 0 running processes
1744145373.260936: 64537-7f5c2e7fc700: cdpl_server_sched.c:121: in _free_worker_2(): debug: freeing worker W1
1744145373.260943: 64537-7f5c2e7fc700: cdpl_ipc.c:2513: in cdpl_ipc_host_release(): debug: releasing host `152.14.99.143:55196'
1744145373.260944: 64537-7f5c2e7fc700: cdpl_ipc.c:2529: in cdpl_ipc_host_release(): debug: scheduling for immediate release
1744145373.260951: 64537-7f5c7a49e540: cdpl_server.c:294: in _sv_free_job(): info: freeing job J1
1744145373.260953: 64537-7f5c7a49e540: cdpl_server.c:92: in _sv_free_bin(): debug: freeing bin B1
1744145373.260980: 64537-7f5c7a49e540: cdpl_monitor.c:515: in cdpl_mn_kill(): info: killing monitor
1744145373.260984: 64537-7f5c7a49e540: cdpl_ipc.c:3677: in cdpl_ipc_kill(): debug: stopping event server
1744145373.261019: 64537-7f5c352a2700: cdpl_ipc.c:2386: in _epoll_main(): warning: received EPOLLERR/EPOLLHUP
1744145373.261030: 64537-7f5c352a2700: cdpl_ipc.c:2320: in _check_socket_error(): info: TCP_KEEPIDLE=7200 seconds TCP_KEEPINTVL=75 seconds TCP_KEEPCNT=9
1744145373.261031: 64537-7f5c352a2700: cdpl_ipc.c:1657: in _host_drop__UNSAFE(): debug: dropping host `152.14.99.143:38427'
1744145373.261033: 64537-7f5c36aa5700: cdpl_ipc.c:775: in _readv(): warning: read(): EOF
1744145373.261065: 64537-7f5c36aa5700: cdpl_ipc.c:2100: in _epoll_recv(): debug: _readv(): Broken pipe
1744145373.261068: 64537-7f5c36aa5700: cdpl_ipc.c:2424: in _epoll_main(): debug: _epoll_recv(): Broken pipe
1744145373.261071: 64537-7f5c36aa5700: cdpl_ipc.c:1657: in _host_drop__UNSAFE(): debug: dropping host `152.14.99.143:55192'
1744145373.261104: 64537-7f5c36aa5700: cdpl_ipc.c:1582: in _host_free__UNSAFE(): debug: freeing host `152.14.99.143:55196'
1744145373.261107: 64537-7f5c36aa5700: cdpl_ipc.c:1621: in _host_free__UNSAFE(): debug: [0 outq, 0 spR, 0 spW]
1744145373.261115: 64537-7f5c352a2700: cdpl_ipc.c:2460: in _epoll_main(): debug: server going down...
1744145373.261122: 64537-7f5c362a4700: cdpl_server_ipc.c:1236: in _sv_ipc_thread(): debug: received DROP notification
1744145373.261127: 64537-7f5c362a4700: cdpl_monitor.c:1269: in cdpl_mn_drop(): debug: detaching from monitor `152.14.99.143:55192'
1744145373.261129: 64537-7f5c362a4700: cdpl_monitor.c:1101: in mn_systat_stop(): debug: joining systat thread
1744145373.261143: 64537-7f5c2effd700: cdpl_monitor.c:1079: in mn_systat(): debug: exiting
1744145373.261148: 64537-7f5c362a4700: cdpl_monitor.c:1103: in mn_systat_stop(): debug: systat thread done
1744145373.261149: 64537-7f5c362a4700: cdpl_ipc.c:2513: in cdpl_ipc_host_release(): debug: releasing host `152.14.99.143:55192'
1744145373.261168: 64537-7f5c35aa3700: cdpl_ipc.c:3728: in cdpl_ipc_free(): debug: releasing IPC handle
1744145373.261171: 64537-7f5c35aa3700: cdpl_ipc.c:3742: in cdpl_ipc_free(): debug: 1 unread messages
1744145373.261171: 64537-7f5c35aa3700: cdpl_ipc.c:1582: in _host_free__UNSAFE(): debug: freeing host `152.14.99.143:36989'
1744145373.261172: 64537-7f5c35aa3700: cdpl_ipc.c:1621: in _host_free__UNSAFE(): debug: [0 outq, 0 spR, 0 spW]
1744145373.261177: 64537-7f5c35aa3700: cdpl_ipc.c:1582: in _host_free__UNSAFE(): debug: freeing host `152.14.99.143:38427'
1744145373.261178: 64537-7f5c35aa3700: cdpl_ipc.c:1621: in _host_free__UNSAFE(): debug: [0 outq, 0 spR, 0 spW]
1744145373.261179: 64537-7f5c35aa3700: cdpl_ipc.c:3756: in cdpl_ipc_free(): warning: 2 host(s) were not released
1744145373.261185: 64537-7f5c35aa3700: cdpl_ipc.c:3767: in cdpl_ipc_free(): debug: done
1744145373.261186: 64537-7f5c35aa3700: cdpl_monitor.c:1390: in cdpl_mn_free(): debug: freeing monitor client
1744145373.261263: 64537-7f5c7a49e540: cdpl_farm.c:2740: in cdpl_farm_free(): info: freeing farm
1744145373.261268: 64537-7f5c2dffb700: cdpl_farm.c:2231: in _schedule(): debug: end of idling
1744145373.261269: 64537-7f5c2dffb700: cdpl_farm.c:2235: in _schedule(): debug: dying
1744145373.261284: 64537-7f5c7a49e540: cdpl_farm.c:913: in _killall(): debug: killing all remaining commands
1744145373.261290: 64537-7f5c7a49e540: cdpl_server.c:3144: in cdpl_sv_free(): info: freeing server S146735195
1744145373.261298: 64537-7f5c7a49e540: cdpl_server.c:3109: in cdpl_sv_kill_errno(): info: killing server
1744145373.261299: 64537-7f5c7a49e540: cdpl_ipc.c:3677: in cdpl_ipc_kill(): debug: stopping event server
1744145373.261303: 64537-7f5c362a4700: cdpl_server_ipc.c:1200: in _sv_ipc_thread(): debug: leaving now
1744145373.261304: 64537-7f5c36aa5700: cdpl_ipc.c:2460: in _epoll_main(): debug: server going down...
1744145373.261308: 64537-7f5c7a49e540: cdpl_server.c:334: in _sv_free_master(): info: freeing master M1
1744145373.261312: 64537-7f5c7a49e540: cdpl_hash.c:68: in cdpl_h_destroy(): debug: put operations: 1
1744145373.261313: 64537-7f5c7a49e540: cdpl_hash.c:69: in cdpl_h_destroy(): debug: put collisions: 0
1744145373.261313: 64537-7f5c7a49e540: cdpl_hash.c:70: in cdpl_h_destroy(): debug: get operations: 1
1744145373.261314: 64537-7f5c7a49e540: cdpl_hash.c:71: in cdpl_h_destroy(): debug: get iterations: 1
1744145373.261318: 64537-7f5c7a49e540: cdpl_monitor.c:1390: in cdpl_mn_free(): debug: freeing monitor server
1744145373.261319: 64537-7f5c7a49e540: cdpl_ipc.c:3728: in cdpl_ipc_free(): debug: releasing IPC handle
1744145373.261320: 64537-7f5c7a49e540: cdpl_ipc.c:1582: in _host_free__UNSAFE(): debug: freeing host `152.14.99.143:55192'
1744145373.261321: 64537-7f5c7a49e540: cdpl_ipc.c:1621: in _host_free__UNSAFE(): debug: [0 outq, 0 spR, 0 spW]
1744145373.261330: 64537-7f5c7a49e540: cdpl_ipc.c:3767: in cdpl_ipc_free(): debug: done
1744145373.261333: 64537-7f5c7a49e540: cdpl_log.c:481: in cdpl_log_close(): info: @@end_of_log@@
