1743653535.384608: 3928168-7fe13cd21540: cdpl_log.c:337: in cdpl_log_open(): info: @@start_of_log@@
1743653535.384719: 3928168-7fe13cd21540: cdpl_log.c:1058: in cdpl_log_dump_sysinfo(): info: time: 2025/04/03 00:12:15 EDT -0400
1743653535.384731: 3928168-7fe13cd21540: cdpl_log.c:1060: in cdpl_log_dump_sysinfo(): info: version: W-2024.09-SP1-2 
1743653535.384737: 3928168-7fe13cd21540: cdpl_log.c:1062: in cdpl_log_dump_sysinfo(): info: system: Linux 4.18.0-553.46.1.el8_10.x86_64 #1 SMP Sat Mar 15 01:37:33 EDT 2025
1743653535.384743: 3928168-7fe13cd21540: cdpl_log.c:1067: in cdpl_log_dump_sysinfo(): info: processor: x86_64 64-bits
1743653535.384748: 3928168-7fe13cd21540: cdpl_log.c:1071: in cdpl_log_dump_sysinfo(): info: hostname: grendel45.ece.ncsu.edu
1743653535.384753: 3928168-7fe13cd21540: cdpl_log.c:1073: in cdpl_log_dump_sysinfo(): info: program name: custom_shell
1743653535.384764: 3928168-7fe13cd21540: cdpl_log.c:340: in cdpl_log_open(): debug: path: /mnt/coe/workspace/ece/ece546-spr25/group8/group8_project/synopsys_custom/pwdp_jobs/saeSession2_HSPICEdefault.SimulationSimulation_cdpl.0.3928168/logs/master.grendel45.ece.ncsu.edu.3928168.log
1743653535.384771: 3928168-7fe13cd21540: cdpl_log.c:341: in cdpl_log_open(): debug: dir: /mnt/coe/workspace/ece/ece546-spr25/group8/group8_project/synopsys_custom/pwdp_jobs/saeSession2_HSPICEdefault.SimulationSimulation_cdpl.0.3928168/logs
1743653535.384890: 3928168-7fe13cd21540: cdpl_server.c:536: in cdpl_sv_init(): info: new server S377481083
1743653535.384926: 3928168-7fe13cd21540: cdpl_ipc.c:3475: in cdpl_ipc_init(): info: requesting IPv4 protocol
1743653535.389557: 3928168-7fe13cd21540: cdpl_ipc.c:837: in _selectaddrfamily(): info: selected IPv4 protocol
1743653535.389673: 3928168-7fe13cd21540: cdpl_ipc.c:1139: in _set_keepalive(): info: TCP keep alive interval: 300
1743653535.393112: 3928168-7fe13cd21540: cdpl_monitor.c:1117: in cdpl_mn_new_server(): info: creating server monitor instance
1743653535.393168: 3928168-7fe13cd21540: cdpl_server.c:650: in cdpl_sv_new_master(): info: new master M1
1743653535.393204: 3928168-7fe13cd21540: cdpl_server.c:6533: in cdpl_sv_ctl_master(): info: Setting worker heartbeat to 120 seconds
1743653535.393211: 3928168-7fe13cd21540: cdpl_server.c:6542: in cdpl_sv_ctl_master(): info: Setting worker heartbeat timeout to 3 heartbeats
1743653535.393220: 3928168-7fe13cd21540: cdpl_compat_master.c:2090: in _parse_hostfile(): info: reading hostfile `/mnt/coe/workspace/ece/ece546-spr25/group8/group8_project/synopsys_custom/pwdp_jobs/saeSession2_HSPICEdefault.SimulationSimulation_cdpl.0.3928168/host_file'
1743653535.404009: 3928168-7fe13cd21540: cdpl_compat_master.c:1900: in _hostfile_parser(): debug: parsing "1     |localhost|   -1  | /tmp | SH | sh"
1743653535.404092: 3928168-7fe13cd21540: cdpl_farm.c:2578: in cdpl_farm_new_sh(): info: creating SH farm on localhost
1743653535.404121: 3928168-7fe13cd21540: cdpl_compat_master.c:206: in _set_farm_env(): info: exporting CDPL_LOGDIR as `/mnt/coe/workspace/ece/ece546-spr25/group8/group8_project/synopsys_custom/pwdp_jobs/saeSession2_HSPICEdefault.SimulationSimulation_cdpl.0.3928168/logs'
1743653535.404129: 3928168-7fe13cd21540: cdpl_compat_master.c:212: in _set_farm_env(): info: exporting CDPL_TMPDIR as `/tmp'
1743653535.404136: 3928168-7fe13cd21540: cdpl_compat_master.c:219: in _set_farm_env(): info: exporting CDPL_HOME as `/mnt/apps/public/COE/synopsys_apps/hspice/W-2024.09-SP1/hspice/cdpl'
1743653535.404144: 3928168-7fe13cd21540: cdpl_compat_master.c:235: in _set_farm_env(): info: exporting SNPSLMD_LICENSE_FILE as `27000@ece-lic-35.ece.ncsu.edu'
1743653535.404152: 3928168-7fe13cd21540: cdpl_compat_master.c:259: in _set_farm_env(): info: exporting CDPL_OPTIONS as `[nowlogs]'
1743653535.404158: 3928168-7fe13cd21540: cdpl_compat_master.c:266: in _set_farm_env(): info: exporting DISPLAY as `unix:29491'
1743653535.404163: 3928168-7fe13cd21540: cdpl_compat_master.c:274: in _set_farm_env(): info: exporting CDPL_HEARTBEAT as `120'
1743653535.404208: 3928168-7fe13cd21540: cdpl_farm.c:3149: in cdpl_farm_add_withdir(): debug: added `localhost' (capacity: unlimited)
1743653535.404235: 3928168-7fe13cd21540: cdpl_compat_parse.c:147: in parsefile(): debug: read `/mnt/coe/workspace/ece/ece546-spr25/group8/group8_project/synopsys_custom/pwdp_jobs/saeSession2_HSPICEdefault.SimulationSimulation_cdpl.0.3928168/host_file', 2 lines
1743653535.404244: 3928168-7fe13cd21540: cdpl_compat_master.c:2931: in cdplInitMaster(): info: bcast dir is `/mnt/coe/workspace/ece/ece546-spr25/group8/group8_project/synopsys_custom/pwdp_jobs/saeSession2_HSPICEdefault.SimulationSimulation_cdpl.0.3928168/logs'
1743653535.411912: 3928168-7fe13cd21540: cdpl_server.c:6433: in cdpl_sv_ctl_master(): info: farm worker timeout set to 300
1743653535.411929: 3928168-7fe13cd21540: cdpl_server.c:6486: in cdpl_sv_ctl_master(): info: maximum number of task execution attempts set to 1
1743653535.411998: 3928168-7fe13cd21540: cdpl_server.c:3195: in cdpl_sv_start(): debug: starting server
1743653535.412015: 3928168-7fe13cd21540: cdpl_ipc.c:3632: in cdpl_ipc_start(): debug: starting IPC server 152.14.98.62:33419
1743653535.412641: 3928168-7fe10d8df700: cdpl_server_ipc.c:1182: in _sv_ipc_thread(): debug: ready
1743653535.412898: 3928168-7fe10d0de700: cdpl_monitor.c:426: in cdpl_mn_init_client(): info: creating client monitor instance
1743653535.412951: 3928168-7fe10d0de700: cdpl_ipc.c:3475: in cdpl_ipc_init(): info: requesting IPv4 protocol
1743653535.416989: 3928168-7fe10d0de700: cdpl_ipc.c:837: in _selectaddrfamily(): info: selected IPv4 protocol
1743653535.417068: 3928168-7fe10d0de700: cdpl_ipc.c:1139: in _set_keepalive(): info: TCP keep alive interval: 300
1743653535.420421: 3928168-7fe10d0de700: cdpl_ipc.c:3632: in cdpl_ipc_start(): debug: starting IPC server 152.14.98.62:37255
1743653535.420888: 3928168-7fe10d0de700: cdpl_monitor.c:471: in cdpl_mn_init_client(): debug: incoming messages in /tmp/cdpl-monitor-KYXo2u
1743653535.421540: 3928168-7fe10d0de700: cdpl_monitor.c:533: in cdpl_mn_connect(): debug: connecting to 152.14.98.62:33419
1743653535.421565: 3928168-7fe10d0de700: cdpl_ipc.c:3789: in cdpl_ipc_connect(): info: connecting to 152.14.98.62:33419
1743653535.421947: 3928168-7fe10d0de700: cdpl_ipc.c:3860: in cdpl_ipc_connect(): info: connected as `152.14.98.62:60594'
1743653535.421985: 3928168-7fe10d0de700: cdpl_ipc.c:2503: in cdpl_ipc_host_accept(): debug: accepted host `152.14.98.62:33419'
1743653535.422069: 3928168-7fe10d0de700: cdpl_monitor.c:579: in cdpl_mn_connect(): debug: ok
1743653535.422125: 3928168-7fe10e0e0700: cdpl_ipc.c:1862: in _epoll_accept(): debug: new connection from `152.14.98.62:60594'
1743653535.422263: 3928168-7fe13cd21540: cdpl_server.c:731: in cdpl_sv_new_job(): info: new job J1 in M1
1743653535.422386: 3928168-7fe13cd21540: cdpl_compat_master.c:1581: in _add_worker(): info: new worker type 10, min:1, max:3, cmd:`/mnt/coe/workspace/ece/ece546-spr25/group8/group8_project/synopsys_custom/pwdp_jobs/saeSession2_HSPICEdefault.SimulationSimulation_cdpl.0.3928168/START_WORKER pw_worker -i /mnt/coe/workspace/ece/ece546-spr25/group8/g
1743653535.422401: 3928168-7fe10d8df700: cdpl_server_ipc.c:1225: in _sv_ipc_thread(): debug: received ACCEPT notification
1743653535.422441: 3928168-7fe13cd21540: cdpl_server.c:908: in cdpl_sv_new_bin_withfarm(): info: new bin B1 in J1
1743653535.422464: 3928168-7fe10d8df700: cdpl_ipc.c:2503: in cdpl_ipc_host_accept(): debug: accepted host `152.14.98.62:60594'
1743653535.422709: 3928168-7fe10d8df700: cdpl_server_ipc.c:1256: in _sv_ipc_thread(): debug: received MONITOR message
1743653535.423253: 3928168-7fe10d8df700: cdpl_monitor.c:1207: in cdpl_mn_accept(): debug: accepted monitor `152.14.98.62:60594'
1743653535.423267: 3928168-7fe10d8df700: cdpl_server_ipc_mon.c:120: in _globalLOCK(): debug: ENTERTING GLOBAL LOCK
1743653535.423274: 3928168-7fe10d8df700: cdpl_server_ipc_mon.c:164: in _globalLOCK(): debug: global lock acquired
1743653535.423438: 3928168-7fe0fe7fc700: cdpl_monitor.c:910: in mn_systat(): debug: started
1743653535.424101: 3928168-7fe0fe7fc700: cdpl_monitor.c:937: in mn_systat(): debug: monitor server flush rate: 5
1743653537.754431: 3928168-7fe10d8df700: cdpl_server_ipc_mon.c:210: in _globalUNLOCK(): debug: LEAVING GLOBAL LOCK
1743653537.754737: 3928168-7fe13cd21540: cdpl_server.c:3249: in cdpl_sv_start_job(): info: starting job J1
1743653537.754797: 3928168-7fe13cd21540: cdpl_server.c:62: in _sv_start_bin(): debug: starting bin B1 (min: 0, max: 3)
1743653537.755262: 3928168-7fe0fd7fa700: cdpl_server_sched.c:2482: in _sv_scheduler_thread(): debug: scheduler for bin B1 started
1743653537.755330: 3928168-7fe13cd21540: cdpl_server.c:1893: in _sv_gen_task(): info: new task T0 in B1 (prio 0)
1743653537.755436: 3928168-7fe13cd21540: cdpl_server.c:2698: in cdpl_sv_label_task_va(): info: setting task T0 label to "HSPICE_1|HSPICE"
1743653537.755551: 3928168-7fe0fd7fa700: cdpl_server_sched.c:2443: in _scheduler_run(): debug: will start a new worker
1743653537.755798: 3928168-7fe0fd7fa700: cdpl_farm.c:3977: in cdpl_farm_submit(): debug: 1 running processes
1743653537.755810: 3928168-7fe0fd7fa700: cdpl_farm.c:3985: in cdpl_farm_submit(): debug: new command C1 in bin B1 assigned to host `localhost'
1743653537.756011: 3928168-7fe0fd7fa700: cdpl_server_sched.c:705: in _sv_launch_worker(): info: started worker W1 (as C1) in bin B1
1743653537.756061: 3928168-7fe0fcff9700: cdpl_farm.c:2139: in _schedule(): debug: started
1743653537.756091: 3928168-7fe0fcff9700: cdpl_farm.c:2303: in _schedule(): debug: submitting command C1 in bin B1
1743653537.756135: 3928168-7fe0fcff9700: cdpl_sh.c:49: in _sh_detached_submit(): info: SH : /mnt/coe/workspace/ece/ece546-spr25/group8/group8_project/synopsys_custom/pwdp_jobs/saeSession2_HSPICEdefault.SimulationSimulation_cdpl.0.3928168/START_WORKER pw_worker -i /mnt/coe/workspace/ece/ece546-spr25/group8/group8_project/synopsys_custom/pwdp_jobs/saeSession2_HSPICEdefault.SimulationSimulation_cdpl.0.3928168 -t 10000
1743653537.763947: 3928168-7fe0fcff9700: cdpl_farm.c:2343: in _schedule(): debug: C1 in bin B1 running on slot 0
1743653537.763987: 3928168-7fe0fcff9700: cdpl_farm.c:2167: in _schedule(): debug: idle
1743653538.064118: 3928168-7fe0fcff9700: cdpl_farm.c:1193: in _onexit(): debug: C1 in bin B1 exited normally on slot 0
1743653540.599854: 3928168-7fe13cd21540: cdpl_compat_master.c:5948: in cdplMasterLogInfo(): info: [non-CDPL log entry] PWDP3: reset pilot cache succeeded, pilot_key=saeSession2,1,HSPICE_default|&/mnt/coe/workspace/ece/ece546-spr25/group8/group8_project/simulation/group8,memory_array_write_test,schematic/history_1/simulation/HSPICE_default/HSPICE/nominal/results
1743653541.586935: 3928168-7fe0feffd700: cdpl_compat_master.c:5948: in cdplMasterLogInfo(): info: [non-CDPL log entry] PWDP - no-workers started ok check start!
1743653555.882560: 3928168-7fe10e0e0700: cdpl_ipc.c:1862: in _epoll_accept(): debug: new connection from `152.14.98.62:49688'
1743653555.886105: 3928168-7fe10d8df700: cdpl_server_ipc.c:1225: in _sv_ipc_thread(): debug: received ACCEPT notification
1743653555.886156: 3928168-7fe10d8df700: cdpl_ipc.c:2503: in cdpl_ipc_host_accept(): debug: accepted host `152.14.98.62:49688'
1743653555.886198: 3928168-7fe10d8df700: cdpl_server_ipc.c:1246: in _sv_ipc_thread(): debug: received HELLO message
1743653555.886205: 3928168-7fe10d8df700: cdpl_server_ipc.c:430: in _sv_on_hello(): debug: looking up W1
1743653555.886212: 3928168-7fe10d8df700: cdpl_server_ipc.c:540: in _sv_on_hello(): info: W1 is `152.14.98.62:49688'
1743653555.886218: 3928168-7fe10d8df700: cdpl_server_ipc.c:541: in _sv_on_hello(): debug: hello W1 (B1)
1743653555.886223: 3928168-7fe10d8df700: cdpl_server_ipc.c:542: in _sv_on_hello(): info: W1 log file is /dev/null
1743653555.886346: 3928168-7fe10d8df700: cdpl_server_ipc.c:602: in _sv_on_hello(): info: up to 1 alive workers in B1
1743653555.886394: 3928168-7fe10d8df700: cdpl_farm.c:878: in _release_cmd(): debug: freeing command C1 in bin B1
1743653555.886498: 3928168-7fe0fd7fa700: cdpl_server_sched.c:960: in _assign(): info: assigning task T0 to worker W1
1743653556.340323: 3928168-7fe10d8df700: cdpl_server_ipc.c:1268: in _sv_ipc_thread(): debug: received RELAY message
1743653556.340407: 3928168-7fe10d8df700: cdpl_server_ipc.c:713: in _sv_on_relay(): debug: RELAY message from W1, size = 60
1743653556.340430: 3928168-7fe10d8df700: cdpl_server_ipc.c:715: in _sv_on_relay(): debug: RELAY message from W1, content = 0$3929333 grendel45.ece.ncsu.edu 3929414 RUNNING 1743653556
1743653556.883670: 3928168-7fe10d8df700: cdpl_server_ipc.c:312: in _sv_on_heartbeat(): debug: received HEARTBEAT from worker W1 at 152.14.98.62:49688
1743653560.433036: 3928168-7fe10d0de700: cdpl_monitor.c:533: in cdpl_mn_connect(): debug: connecting to 152.14.98.62:37585
1743653560.436454: 3928168-7fe10d0de700: cdpl_ipc.c:3789: in cdpl_ipc_connect(): info: connecting to 152.14.98.62:37585
1743653560.436798: 3928168-7fe10d0de700: cdpl_ipc.c:3860: in cdpl_ipc_connect(): info: connected as `152.14.98.62:35996'
1743653560.436816: 3928168-7fe10d0de700: cdpl_ipc.c:2503: in cdpl_ipc_host_accept(): debug: accepted host `152.14.98.62:37585'
1743653560.436830: 3928168-7fe10d0de700: cdpl_monitor.c:579: in cdpl_mn_connect(): debug: ok
1743653576.009792: 3928168-7fe10d8df700: cdpl_server_ipc.c:1268: in _sv_ipc_thread(): debug: received RELAY message
1743653576.013080: 3928168-7fe10d8df700: cdpl_server_ipc.c:713: in _sv_on_relay(): debug: RELAY message from W1, size = 47
1743653576.013101: 3928168-7fe10d8df700: cdpl_server_ipc.c:715: in _sv_on_relay(): debug: RELAY message from W1, content = WORKERDU|347,dc2isi00nfs.oit.ncsu.edu:/coe_nfs
1743653576.019700: 3928168-7fe10d8df700: cdpl_server_ipc.c:1268: in _sv_ipc_thread(): debug: received RELAY message
1743653576.019734: 3928168-7fe10d8df700: cdpl_server_ipc.c:713: in _sv_on_relay(): debug: RELAY message from W1, size = 211
1743653576.019743: 3928168-7fe10d8df700: cdpl_server_ipc.c:715: in _sv_on_relay(): debug: RELAY message from W1, content = REQPILOT|saeSession2,1,HSPICE_default|&/mnt/coe/workspace/ece/ece546-spr25/group8/group8_project/simulation/group8,memory_array_write_test,schematic/history_1/simulation/HSPICE_default/HSPICE/nominal/results|&0
1743653576.019999: 3928168-7fe0ff7fe700: cdpl_compat_master.c:5948: in cdplMasterLogInfo(): info: [non-CDPL log entry] PWDP send back 'DOPILOT' to worker id:1 key: saeSession2,1,HSPICE_default|&/mnt/coe/workspace/ece/ece546-spr25/group8/group8_project/simulation/group8,memory_array_write_test,schematic/history_1/simulation/HSPICE_default/HSPICE/nominal/results
1743653576.032504: 3928168-7fe0ff7fe700: cdpl_compat_master.c:5948: in cdplMasterLogInfo(): info: [non-CDPL log entry] PWDP: set pilot doing!
1743653576.053401: 3928168-7fe10d8df700: cdpl_server_ipc.c:1268: in _sv_ipc_thread(): debug: received RELAY message
1743653576.053435: 3928168-7fe10d8df700: cdpl_server_ipc.c:713: in _sv_on_relay(): debug: RELAY message from W1, size = 207
1743653576.053444: 3928168-7fe10d8df700: cdpl_server_ipc.c:715: in _sv_on_relay(): debug: RELAY message from W1, content = PILOTOK|saeSession2,1,HSPICE_default|&/mnt/coe/workspace/ece/ece546-spr25/group8/group8_project/simulation/group8,memory_array_write_test,schematic/history_1/simulation/HSPICE_default/HSPICE/nominal/results
1743653576.053576: 3928168-7fe0ff7fe700: cdpl_compat_master.c:5948: in cdplMasterLogInfo(): info: [non-CDPL log entry] PWDP: set pilot done!
1743653576.054610: 3928168-7fe10d8df700: cdpl_server_ipc.c:1268: in _sv_ipc_thread(): debug: received RELAY message
1743653576.054648: 3928168-7fe10d8df700: cdpl_server_ipc.c:713: in _sv_on_relay(): debug: RELAY message from W1, size = 18
1743653576.054656: 3928168-7fe10d8df700: cdpl_server_ipc.c:715: in _sv_on_relay(): debug: RELAY message from W1, content = 0$- - - MEASDOING
1743653582.034785: 3928168-7fe10d8df700: cdpl_server_ipc.c:1268: in _sv_ipc_thread(): debug: received RELAY message
1743653582.037960: 3928168-7fe10d8df700: cdpl_server_ipc.c:713: in _sv_on_relay(): debug: RELAY message from W1, size = 72
1743653582.037981: 3928168-7fe10d8df700: cdpl_server_ipc.c:715: in _sv_on_relay(): debug: RELAY message from W1, content = 0$3929333 grendel45.ece.ncsu.edu 3929414 FINISHED 1743653556|1743653582
1743653582.063147: 3928168-7fe10d8df700: cdpl_server_ipc.c:1268: in _sv_ipc_thread(): debug: received RELAY message
1743653582.063197: 3928168-7fe10d8df700: cdpl_server_ipc.c:713: in _sv_on_relay(): debug: RELAY message from W1, size = 209
1743653582.063207: 3928168-7fe10d8df700: cdpl_server_ipc.c:715: in _sv_on_relay(): debug: RELAY message from W1, content = PILOTDONE|saeSession2,1,HSPICE_default|&/mnt/coe/workspace/ece/ece546-spr25/group8/group8_project/simulation/group8,memory_array_write_test,schematic/history_1/simulation/HSPICE_default/HSPICE/nominal/results
1743653582.063348: 3928168-7fe0ff7fe700: cdpl_compat_master.c:5948: in cdplMasterLogInfo(): info: [non-CDPL log entry] saeSession2,1,HSPICE_default|&/mnt/coe/workspace/ece/ece546-spr25/group8/group8_project/simulation/group8,memory_array_write_test,schematic/history_1/simulation/HSPICE_default/HSPICE/nominal/results PILOTDONE!
1743653582.097799: 3928168-7fe10d8df700: cdpl_server_ipc.c:1251: in _sv_ipc_thread(): debug: received FINISH message
1743653582.097832: 3928168-7fe10d8df700: cdpl_server_ipc.c:983: in _sv_on_finish(): info: worker W1 completed task T0
1743653582.097840: 3928168-7fe10d8df700: cdpl_server_ipc.c:988: in _sv_on_finish(): debug: stat T0: utime=9839 stime=4985
1743653582.097847: 3928168-7fe10d8df700: cdpl_server_ipc.c:993: in _sv_on_finish(): debug: statm T0: vsize=2867468 rss=1057908 shared=518996 text=474784 data=732716
1743653582.168765: 3928168-7fe10d8df700: cdpl_server_ipc.c:1268: in _sv_ipc_thread(): debug: received RELAY message
1743653582.168799: 3928168-7fe10d8df700: cdpl_server_ipc.c:713: in _sv_on_relay(): debug: RELAY message from W1, size = 47
1743653582.168807: 3928168-7fe10d8df700: cdpl_server_ipc.c:715: in _sv_on_relay(): debug: RELAY message from W1, content = WORKERDU|108,dc2isi00nfs.oit.ncsu.edu:/coe_nfs
1743653589.195056: 3928168-7fe13cd21540: cdpl_server.c:3008: in cdpl_sv_halt_job_errno(): info: killing job J1
1743653589.198436: 3928168-7fe13cd21540: cdpl_server.c:3044: in cdpl_sv_halt_job_errno(): debug: signal bin B1 scheduler to stop
1743653589.198593: 3928168-7fe0fd7fa700: cdpl_server_sched.c:2484: in _sv_scheduler_thread(): debug: scheduler for bin B1 stopped
1743653589.198667: 3928168-7fe0fd7fa700: cdpl_ipc.c:1657: in _host_drop__UNSAFE(): debug: dropping host `152.14.98.62:49688'
1743653589.198806: 3928168-7fe0fd7fa700: cdpl_server_sched.c:2830: in _sv_drop_worker(): info: down to 0 alive workers in B1
1743653589.198816: 3928168-7fe10d8df700: cdpl_server_ipc.c:1236: in _sv_ipc_thread(): debug: received DROP notification
1743653589.198862: 3928168-7fe0fd7fa700: cdpl_farm.c:4152: in cdpl_farm_dismiss(): debug: down to 0 running processes
1743653589.198914: 3928168-7fe0fd7fa700: cdpl_server_sched.c:121: in _free_worker_2(): debug: freeing worker W1
1743653589.198946: 3928168-7fe0fd7fa700: cdpl_ipc.c:2513: in cdpl_ipc_host_release(): debug: releasing host `152.14.98.62:49688'
1743653589.199122: 3928168-7fe13cd21540: cdpl_server.c:294: in _sv_free_job(): info: freeing job J1
1743653589.199154: 3928168-7fe13cd21540: cdpl_server.c:92: in _sv_free_bin(): debug: freeing bin B1
1743653589.199171: 3928168-7fe13cd21540: cdpl_server.c:184: in _sv_free_task(): debug: freeing task T0
1743653589.199265: 3928168-7fe13cd21540: cdpl_monitor.c:515: in cdpl_mn_kill(): info: killing monitor
1743653589.199285: 3928168-7fe13cd21540: cdpl_ipc.c:3677: in cdpl_ipc_kill(): debug: stopping event server
1743653589.199421: 3928168-7fe10c8dd700: cdpl_ipc.c:2460: in _epoll_main(): debug: server going down...
1743653589.199531: 3928168-7fe10e0e0700: cdpl_ipc.c:775: in _readv(): warning: read(): EOF
1743653589.199649: 3928168-7fe10e0e0700: cdpl_ipc.c:2100: in _epoll_recv(): debug: _readv(): Broken pipe
1743653589.199661: 3928168-7fe10e0e0700: cdpl_ipc.c:2424: in _epoll_main(): debug: _epoll_recv(): Broken pipe
1743653589.199674: 3928168-7fe10e0e0700: cdpl_ipc.c:1657: in _host_drop__UNSAFE(): debug: dropping host `152.14.98.62:60594'
1743653589.199825: 3928168-7fe10e0e0700: cdpl_ipc.c:1582: in _host_free__UNSAFE(): debug: freeing host `152.14.98.62:49688'
1743653589.199834: 3928168-7fe10e0e0700: cdpl_ipc.c:1621: in _host_free__UNSAFE(): debug: [0 outq, 0 spR, 0 spW]
1743653589.199894: 3928168-7fe10d8df700: cdpl_server_ipc.c:1236: in _sv_ipc_thread(): debug: received DROP notification
1743653589.199951: 3928168-7fe10d8df700: cdpl_monitor.c:1269: in cdpl_mn_drop(): debug: detaching from monitor `152.14.98.62:60594'
1743653589.199966: 3928168-7fe10d8df700: cdpl_monitor.c:1101: in mn_systat_stop(): debug: joining systat thread
1743653589.200029: 3928168-7fe0fe7fc700: cdpl_monitor.c:1079: in mn_systat(): debug: exiting
1743653589.200155: 3928168-7fe10d8df700: cdpl_monitor.c:1103: in mn_systat_stop(): debug: systat thread done
1743653589.200190: 3928168-7fe10d0de700: cdpl_ipc.c:3728: in cdpl_ipc_free(): debug: releasing IPC handle
1743653589.200223: 3928168-7fe10d0de700: cdpl_ipc.c:1582: in _host_free__UNSAFE(): debug: freeing host `152.14.98.62:37585'
1743653589.200232: 3928168-7fe10d0de700: cdpl_ipc.c:1621: in _host_free__UNSAFE(): debug: [0 outq, 0 spR, 0 spW]
1743653589.200245: 3928168-7fe10d8df700: cdpl_ipc.c:2513: in cdpl_ipc_host_release(): debug: releasing host `152.14.98.62:60594'
1743653589.200273: 3928168-7fe10d0de700: cdpl_ipc.c:1582: in _host_free__UNSAFE(): debug: freeing host `152.14.98.62:33419'
1743653589.200280: 3928168-7fe10d0de700: cdpl_ipc.c:1621: in _host_free__UNSAFE(): debug: [0 outq, 0 spR, 0 spW]
1743653589.200297: 3928168-7fe10d0de700: cdpl_ipc.c:3756: in cdpl_ipc_free(): warning: 2 host(s) were not released
1743653589.200330: 3928168-7fe10d0de700: cdpl_ipc.c:3767: in cdpl_ipc_free(): debug: done
1743653589.200336: 3928168-7fe10d0de700: cdpl_monitor.c:1390: in cdpl_mn_free(): debug: freeing monitor client
1743653589.200749: 3928168-7fe13cd21540: cdpl_farm.c:2740: in cdpl_farm_free(): info: freeing farm
1743653589.200953: 3928168-7fe0fcff9700: cdpl_farm.c:2231: in _schedule(): debug: end of idling
1743653589.200985: 3928168-7fe0fcff9700: cdpl_farm.c:2235: in _schedule(): debug: dying
1743653589.201267: 3928168-7fe13cd21540: cdpl_farm.c:913: in _killall(): debug: killing all remaining commands
1743653589.201338: 3928168-7fe13cd21540: cdpl_server.c:3144: in cdpl_sv_free(): info: freeing server S377481083
1743653589.201406: 3928168-7fe13cd21540: cdpl_server.c:3109: in cdpl_sv_kill_errno(): info: killing server
1743653589.201412: 3928168-7fe13cd21540: cdpl_ipc.c:3677: in cdpl_ipc_kill(): debug: stopping event server
1743653589.201571: 3928168-7fe10e0e0700: cdpl_ipc.c:2460: in _epoll_main(): debug: server going down...
1743653589.201746: 3928168-7fe10d8df700: cdpl_server_ipc.c:1200: in _sv_ipc_thread(): debug: leaving now
1743653589.201903: 3928168-7fe13cd21540: cdpl_server.c:334: in _sv_free_master(): info: freeing master M1
1743653589.201962: 3928168-7fe13cd21540: cdpl_hash.c:68: in cdpl_h_destroy(): debug: put operations: 1
1743653589.201970: 3928168-7fe13cd21540: cdpl_hash.c:69: in cdpl_h_destroy(): debug: put collisions: 0
1743653589.201975: 3928168-7fe13cd21540: cdpl_hash.c:70: in cdpl_h_destroy(): debug: get operations: 1
1743653589.201980: 3928168-7fe13cd21540: cdpl_hash.c:71: in cdpl_h_destroy(): debug: get iterations: 1
1743653589.202003: 3928168-7fe13cd21540: cdpl_monitor.c:1390: in cdpl_mn_free(): debug: freeing monitor server
1743653589.202024: 3928168-7fe13cd21540: cdpl_ipc.c:3728: in cdpl_ipc_free(): debug: releasing IPC handle
1743653589.202031: 3928168-7fe13cd21540: cdpl_ipc.c:1582: in _host_free__UNSAFE(): debug: freeing host `152.14.98.62:60594'
1743653589.202038: 3928168-7fe13cd21540: cdpl_ipc.c:1621: in _host_free__UNSAFE(): debug: [0 outq, 0 spR, 0 spW]
1743653589.202087: 3928168-7fe13cd21540: cdpl_ipc.c:3767: in cdpl_ipc_free(): debug: done
1743653589.202105: 3928168-7fe13cd21540: cdpl_log.c:481: in cdpl_log_close(): info: @@end_of_log@@
