[18:03:04.08] /o 
              /c                                 Custom Compiler™ 
              /c 
              /c               Version W-2024.09-SP1-2 for linux64 - Jan 16, 2025 
              /c 
              /c                     Copyright (c) 2004 - 2025 Synopsys, Inc.
              /c    This software and the associated documentation are proprietary to Synopsys,
              /c  Inc. This software may only be used in accordance with the terms and conditions
              /c  of a written license agreement with Synopsys, Inc. All other use, reproduction,
              /c    or distribution of this software is strictly prohibited.  Licensed Products
              /c      communicate with Synopsys servers for the purpose of providing software
              /c     updates, detecting software piracy and verifying that customers are using
              /c     Licensed Products in conformity with the applicable License Key for such
              /c   Licensed Products. Synopsys will use information gathered in connection with
              /c     this process to deliver software updates and pursue software pirates and
              /c                                    infringers.
              /c 
              /c  Inclusivity & Diversity - Visit SolvNetPlus to read the "Synopsys Statement on
              /c             Inclusivity and Diversity" (Refer to article 000036315 at
              /c                         https://solvnetplus.synopsys.com)
              /c 
              /c Build  (OPT) Config 11256978 compiled on Thu Jan 16 10:52:27 2025 for AlmaLinux 8.4
              /c Invocation: /mnt/apps/public/COE/synopsys_apps/customcompiler/W-2024.09-SP1-2/linux64/platform/bin/custom_compiler
              /c Execution time: Sat Apr 19 18:02:57 2025
              /c Host: hydra13.ece.ncsu.edu
              /c Working directory: /mnt/coe/workspace/ece/ece546-spr25/group8/group8_project
              /c 
[18:03:14.06] /m Information: Registering ICV PERC package...
[18:03:15.65] /r giShowFrameTabs true
[18:03:15.65] /r giWindowId 1
[18:03:15.66] /r giWindowGeometry 1040x800
[18:03:23.76] /i db::setAttr geometry -of [gi::getFrames 1] -value 1040x824+224+130
[18:03:25.77] /i db::setAttr maximized -of [gi::getFrames 1] -value true
[18:03:26.03] /i db::setAttr geometry -of [gi::getFrames 1] -value 1536x770+0+46
[18:03:26.94] /i gi::pressButton {/scroll/scrollArea/scrollAreaInnerWidget/applications/dmLibraryManager} -in [gi::getWindows 1]
[18:03:27.24] /r giWindowId 2
[18:03:27.24] /r giWindowGeometry 660x600+50+50
[18:03:29.21] /i gi::setCurrentIndex {libs} -index {group8} -in [gi::getWindows 2]
[18:03:29.63] /i gi::setItemSelection {libs} -index {group8} -in [gi::getWindows 2]
[18:03:31.97] /i gi::setCurrentIndex {cells} -index {tspc_pos_ff} -in [gi::getWindows 2]
[18:03:32.50] /i gi::setItemSelection {cells} -index {tspc_pos_ff} -in [gi::getWindows 2]
[18:03:34.48] /i gi::setCurrentIndex {views} -index {layout} -in [gi::getWindows 2]
[18:03:34.58] /i gi::setItemSelection {views} -index {layout} -in [gi::getWindows 2]
[18:03:35.26] /i gi::setCurrentIndex {views} -index {layout_lvs} -in [gi::getWindows 2]
[18:03:35.42] /i gi::setItemSelection {views} -index {layout_lvs} -in [gi::getWindows 2]
[18:03:35.48] /i gi::executeAction {dmOpen} -in [gi::getWindows 2]
[18:03:35.58] /m Information: Feature 'CustomInfrastructure' checked out. (LICENSE-003)
[18:03:35.60] /m Information: Feature 'SynopsysCustomLayout' checked out. (LICENSE-003)
[18:03:35.80] /o Loading: Callback files...
[18:03:35.82] /o Loading: scripts/callbacks/callbacks.tcl
[18:03:35.82] /o 
              /c [INFO] : Loading display.drf from /mnt/designkits/ncsu/FreePDK3/syncust/NCSU_TechLib_FreePDK3
              /c 
              /c  if you wish to Load other display.drf, please set shell environment valiable "iPDK_load_display_NCSU_TechLib_FreePDK3" to value = 0
[18:03:35.82] /o 
[18:03:35.95] /w Warning: Preference 'xtStarTcadGrdFile' is deprecated and scheduled for removal in a future release with no replacement. For migration assistance, see the Custom Compiler Tcl Reference Manual. (PREFERENCE-058)
[18:03:35.96] /w Warning: Preference 'xtStarOALayerMappingFile' is deprecated and scheduled for removal in a future release with no replacement. For migration assistance, see the Custom Compiler Tcl Reference Manual. (PREFERENCE-058)
[18:03:35.96] /o 	#######################################
[18:03:35.96] /o 	CC-PDK Library Name	: FreePDK3
[18:03:35.96] /o 	#######################################
[18:03:35.96] /o 
[18:03:36.10] /r giWindowId 3
[18:03:36.11] /r giWindowGeometry 3264x972
[18:03:37.13] /i db::setAttr dockSize -of [gi::getAssistants dePropertyEditor -from [gi::getWindows 3]] -value 290x186
[18:03:39.17] /# gi::executeAction {leDisplayAllLevels} -in [gi::getWindows 3]
[18:03:39.17] /i db::setPrefValue leStopLevel -value 32 -scope [db::getNext [de::getContexts -window 3]]
[18:03:51.83] /i db::setAttr maximized -of [gi::getFrames 1] -value false
[18:03:51.83] /i db::setAttr maximized -of [gi::getFrames 1] -value false
[18:03:51.83] /i db::setAttr iconified -of [gi::getFrames 1] -value true
[18:03:52.09] /i db::setAttr geometry -of [gi::getFrames 1] -value 1536x770+0+23
[18:04:24.44] /i db::setAttr geometry -of [gi::getFrames 1] -value 1536x770+0+46
[18:04:24.44] /i db::setAttr maximized -of [gi::getFrames 1] -value true
[18:04:24.44] /i db::setAttr iconified -of [gi::getFrames 1] -value false
[18:04:25.69] /# gi::executeAction {leDisplayTopLevel} -in [gi::getWindows 3]
[18:04:25.69] /i db::setPrefValue leStopLevel -value 0 -scope [db::getNext [de::getContexts -window 3]]; db::setPrefValue leStartLevel -value 0 -scope [db::getNext [de::getContexts -window 3]]; de::redraw -window 3
[18:04:29.54] /i gi::setActiveWindow 2
[18:04:29.54] /i gi::setActiveWindow 2 -raise true
[18:04:31.27] /i gi::setCurrentIndex {views} -index {layout} -in [gi::getWindows 2]
[18:04:31.37] /i gi::setItemSelection {views} -index {layout} -in [gi::getWindows 2]
[18:04:36.62] /i gi::executeAction {dmOpen} -in [gi::getWindows 2]
[18:04:36.81] /r giWindowId 4
[18:04:36.83] /r giWindowGeometry 3264x972
[18:04:37.62] /i db::setAttr dockSize -of [gi::getAssistants dePropertyEditor -from [gi::getWindows 4]] -value 290x186
[18:04:39.35] /# gi::executeAction {leDisplayAllLevels} -in [gi::getWindows 4]
[18:04:39.35] /i db::setPrefValue leStopLevel -value 32 -scope [db::getNext [de::getContexts -window 4]]
[18:04:40.89] /# gi::executeAction {leDisplayTopLevel} -in [gi::getWindows 4]
[18:04:40.89] /i db::setPrefValue leStopLevel -value 0 -scope [db::getNext [de::getContexts -window 4]]; db::setPrefValue leStartLevel -value 0 -scope [db::getNext [de::getContexts -window 4]]; de::redraw -window 4
[18:04:43.57] /# gi::executeAction {deSelectActive} -in [gi::getWindows 4]
[18:04:44.22] /# gi::executeAction {leDisplayTopLevel} -in [gi::getWindows 4]
[18:04:44.22] /i db::setPrefValue leStopLevel -value 0 -scope [db::getNext [de::getContexts -window 4]]; db::setPrefValue leStartLevel -value 0 -scope [db::getNext [de::getContexts -window 4]]; de::redraw -window 4
[18:04:45.90] /# gi::executeAction {leDisplayAllLevels} -in [gi::getWindows 4]
[18:04:45.90] /i db::setPrefValue leStopLevel -value 32 -scope [db::getNext [de::getContexts -window 4]]
[18:04:48.28] /# gi::executeAction {leDisplayAllLevels} -in [gi::getWindows 4]
[18:04:48.28] /i db::setPrefValue leStopLevel -value 32 -scope [db::getNext [de::getContexts -window 4]]
[18:04:49.38] /# gi::executeAction {deSelectActive} -in [gi::getWindows 4]
[18:04:50.31] /# gi::executeAction {leDisplayAllLevels} -in [gi::getWindows 4]
[18:04:50.31] /i db::setPrefValue leStopLevel -value 32 -scope [db::getNext [de::getContexts -window 4]]
[18:04:51.13] /# gi::executeAction {deSelectActive} -in [gi::getWindows 4]
[18:04:51.68] /# gi::executeAction {leDisplayAllLevels} -in [gi::getWindows 4]
[18:04:51.68] /i db::setPrefValue leStopLevel -value 32 -scope [db::getNext [de::getContexts -window 4]]
[18:04:52.56] /# gi::executeAction {leDisplayTopLevel} -in [gi::getWindows 4]
[18:04:52.56] /i db::setPrefValue leStopLevel -value 0 -scope [db::getNext [de::getContexts -window 4]]; db::setPrefValue leStartLevel -value 0 -scope [db::getNext [de::getContexts -window 4]]; de::redraw -window 4
[18:04:59.79] /r giDialog gi::setActiveDialog [gi::getDialogs {giCloseFrame}]
[18:05:00.05] /r giDialog db::setAttr geometry -of [gi::getDialogs {giCloseFrame}] -value 269x106+624+326
[18:05:01.92] /r giDialog gi::pressButton {giCloseTabsButton} -in [gi::getDialogs {giCloseFrame}]
[18:05:02.02] /i exit
[18:05:02.09] /r giDialog gi::setActiveDialog [gi::getDialogs {deExitDialog} -parent [gi::getWindows 4]]
[18:05:02.33] /r giDialog db::setAttr geometry -of [gi::getDialogs {deExitDialog} -parent [gi::getWindows 4]] -value 402x202+557+278
[18:05:04.18] /r giDialog gi::pressButton {ok} -in [gi::getDialogs {deExitDialog} -parent [gi::getWindows 4]]
[18:05:09.27] /o Shutdown time: Sat Apr 19 18:05:09 2025
[18:05:09.27] /o Elapsed session real time: 2.16 minutes
[18:05:09.27] /o Session terminated. Log is at /mnt/coe/workspace/ece/ece546-spr25/group8/group8_project/synopsys_custom/logs/ccompiler.hrajesh.2025_4_19_180257_1891792.log
