[16:47:49.64] /o 
              /c                                 Custom Compiler™ 
              /c 
              /c               Version W-2024.09-SP1-2 for linux64 - Jan 16, 2025 
              /c 
              /c                     Copyright (c) 2004 - 2025 Synopsys, Inc.
              /c    This software and the associated documentation are proprietary to Synopsys,
              /c  Inc. This software may only be used in accordance with the terms and conditions
              /c  of a written license agreement with Synopsys, Inc. All other use, reproduction,
              /c    or distribution of this software is strictly prohibited.  Licensed Products
              /c      communicate with Synopsys servers for the purpose of providing software
              /c     updates, detecting software piracy and verifying that customers are using
              /c     Licensed Products in conformity with the applicable License Key for such
              /c   Licensed Products. Synopsys will use information gathered in connection with
              /c     this process to deliver software updates and pursue software pirates and
              /c                                    infringers.
              /c 
              /c  Inclusivity & Diversity - Visit SolvNetPlus to read the "Synopsys Statement on
              /c             Inclusivity and Diversity" (Refer to article 000036315 at
              /c                         https://solvnetplus.synopsys.com)
              /c 
              /c Build  (OPT) Config 11256978 compiled on Thu Jan 16 10:52:27 2025 for AlmaLinux 8.4
              /c Invocation: /mnt/apps/public/COE/synopsys_apps/customcompiler/W-2024.09-SP1-2/linux64/platform/bin/custom_compiler
              /c Execution time: Tue Apr 15 16:47:47 2025
              /c Host: wolfman.ece.ncsu.edu
              /c Working directory: /mnt/coe/workspace/ece/ece546-spr25/group8/group8_project
              /c 
[16:47:59.17] /m Information: Registering ICV PERC package...
[16:48:00.57] /r giShowFrameTabs true
[16:48:00.57] /r giWindowId 1
[16:48:00.57] /r giWindowGeometry 1040x800
[16:48:03.35] /i gi::pressButton {/scroll/scrollArea/scrollAreaInnerWidget/applications/dmLibraryManager} -in [gi::getWindows 1]
[16:48:03.69] /r giWindowId 2
[16:48:03.69] /r giWindowGeometry 660x600+50+1130
[16:48:04.93] /i db::setAttr maximized -of [gi::getFrames 1] -value true
[16:48:05.25] /i db::setAttr dockSize -of [gi::getAssistants giConsole -from [gi::getWindows 2]] -value 1910x242
[16:48:05.26] /i db::setAttr geometry -of [gi::getFrames 1] -value 1910x1020+5+1135
[16:48:06.04] /i gi::setCurrentIndex {libs} -index {group8} -in [gi::getWindows 2]
[16:48:06.15] /i gi::setItemSelection {libs} -index {group8} -in [gi::getWindows 2]
[16:48:10.61] /i gi::setCurrentIndex {cells} -index {tspc_pos_ff} -in [gi::getWindows 2]
[16:48:10.86] /i gi::setItemSelection {cells} -index {tspc_pos_ff} -in [gi::getWindows 2]
[16:48:12.28] /i gi::setCurrentIndex {views} -index {schematic} -in [gi::getWindows 2]
[16:48:12.36] /i gi::setItemSelection {views} -index {schematic} -in [gi::getWindows 2]
[16:48:12.46] /i gi::executeAction {dmOpen} -in [gi::getWindows 2]
[16:48:12.68] /o Loading: Callback files...
[16:48:12.71] /o Loading: scripts/callbacks/callbacks.tcl
[16:48:12.71] /o 
              /c [INFO] : Loading display.drf from /mnt/designkits/ncsu/FreePDK3/syncust/NCSU_TechLib_FreePDK3
              /c 
              /c  if you wish to Load other display.drf, please set shell environment valiable "iPDK_load_display_NCSU_TechLib_FreePDK3" to value = 0
[16:48:12.71] /o 
[16:48:12.75] /w Warning: Preference 'xtStarTcadGrdFile' is deprecated and scheduled for removal in a future release with no replacement. For migration assistance, see the Custom Compiler Tcl Reference Manual. (PREFERENCE-058)
[16:48:12.76] /w Warning: Preference 'xtStarOALayerMappingFile' is deprecated and scheduled for removal in a future release with no replacement. For migration assistance, see the Custom Compiler Tcl Reference Manual. (PREFERENCE-058)
[16:48:12.76] /o 	#######################################
[16:48:12.76] /o 	CC-PDK Library Name	: FreePDK3
[16:48:12.76] /o 	#######################################
[16:48:12.76] /o 
[16:48:12.82] /m Information: Feature 'CustomInfrastructure' checked out. (LICENSE-003)
[16:48:12.83] /m Information: Feature 'SynopsysCustomLayout' checked out. (LICENSE-003)
[16:48:13.15] /r giWindowId 3
[16:48:13.15] /r giWindowGeometry 1910x1023+143+97
[16:50:00.67] /# gi::executeAction {deSelectActive} -in [gi::getWindows 3]
[16:50:00.67] /i de::deselectAll [db::getNext [de::getContexts -window 3]]
[16:50:00.67] /i de::select [de::getActiveFigure [gi::getWindows 3] -point {1.15 3.15625} -index 0 -intent none]
[16:50:00.67] /o oa:0x368f0b70
[16:50:02.18] /i gi::executeAction {sePropertyEditorToggle} -in [gi::getWindows 3]
[16:50:02.18] /# db::setAttr shown -of [gi::getAssistants dePropertyEditor -from [gi::getWindows 3]] -value false
[16:50:02.83] /# gi::executeAction {deSelectActive} -in [gi::getWindows 3]
[16:50:02.83] /i de::deselectAll [db::getNext [de::getContexts -window 3]]
[16:50:02.83] /i de::select [de::getActiveFigure [gi::getWindows 3] -point {1.2125 2.3625} -index 0 -intent none]
[16:50:02.83] /o oa:0x3dccba00
[16:50:03.52] /i gi::executeAction {sePropertyEditorToggle} -in [gi::getWindows 3]
[16:50:03.52] /# db::setAttr shown -of [gi::getAssistants dePropertyEditor -from [gi::getWindows 3]] -value true
[16:50:05.71] /# gi::executeAction {deSelectActive} -in [gi::getWindows 3]
[16:50:05.71] /i de::deselectAll [db::getNext [de::getContexts -window 3]]
[16:50:05.71] /i de::select [de::getActiveFigure [gi::getWindows 3] -point {1.175 1.60625} -index 0 -intent none]
[16:50:05.71] /o oa:0x3dd1d4f0
[16:50:07.68] /# gi::executeAction {deSelectActive} -in [gi::getWindows 3]
[16:50:07.68] /i de::deselectAll [db::getNext [de::getContexts -window 3]]
[16:50:07.68] /i de::select [de::getActiveFigure [gi::getWindows 3] -point {2.06875 3.20625} -index 0 -intent none]
[16:50:07.68] /o oa:0x3cdb6980
[16:50:09.65] /# gi::executeAction {deSelectActive} -in [gi::getWindows 3]
[16:50:09.65] /i de::deselectAll [db::getNext [de::getContexts -window 3]]
[16:50:09.65] /i de::select [de::getActiveFigure [gi::getWindows 3] -point {1.95 2.3875} -index 0 -intent none]
[16:50:09.65] /o oa:0x3dd3bed0
[16:50:11.54] /# gi::executeAction {deSelectActive} -in [gi::getWindows 3]
[16:50:11.54] /i de::deselectAll [db::getNext [de::getContexts -window 3]]
[16:50:11.54] /i de::select [de::getActiveFigure [gi::getWindows 3] -point {2.00625 1.625} -index 0 -intent none]
[16:50:11.54] /o oa:0x3db36a10
[16:50:13.37] /# gi::executeAction {deSelectActive} -in [gi::getWindows 3]
[16:50:13.37] /i de::deselectAll [db::getNext [de::getContexts -window 3]]
[16:50:13.37] /i de::select [de::getActiveFigure [gi::getWindows 3] -point {2.81875 1.60625} -index 0 -intent none]
[16:50:13.37] /o oa:0x3dc982e0
[16:50:15.29] /# gi::executeAction {deSelectActive} -in [gi::getWindows 3]
[16:50:15.29] /i de::deselectAll [db::getNext [de::getContexts -window 3]]
[16:50:15.29] /i de::select [de::getActiveFigure [gi::getWindows 3] -point {2.8875 2.425} -index 0 -intent none]
[16:50:15.29] /o oa:0x3dc2fa60
[16:50:17.21] /# gi::executeAction {deSelectActive} -in [gi::getWindows 3]
[16:50:17.21] /i de::deselectAll [db::getNext [de::getContexts -window 3]]
[16:50:17.21] /i de::select [de::getActiveFigure [gi::getWindows 3] -point {2.84375 3.20625} -index 0 -intent none]
[16:50:17.21] /o oa:0x3db6e620
[16:50:19.23] /# gi::executeAction {deSelectActive} -in [gi::getWindows 3]
[16:50:19.23] /i de::deselectAll [db::getNext [de::getContexts -window 3]]
[16:50:19.23] /i de::select [de::getActiveFigure [gi::getWindows 3] -point {3.68125 3.25625} -index 0 -intent none]
[16:50:19.23] /o oa:0x3dd72440
[16:50:21.18] /# gi::executeAction {deSelectActive} -in [gi::getWindows 3]
[16:50:21.18] /i de::deselectAll [db::getNext [de::getContexts -window 3]]
[16:50:21.18] /i de::select [de::getActiveFigure [gi::getWindows 3] -point {3.775 2.39375} -index 0 -intent none]
[16:50:21.18] /o oa:0x3ccbe350
[16:50:24.92] /i gi::executeAction {deCanvasDragCancel} -in [gi::getWindows 3]
[16:50:25.33] /i gi::executeAction {deCanvasDragCancel} -in [gi::getWindows 3]
[16:50:25.54] /i gi::executeAction {deCanvasDragCancel} -in [gi::getWindows 3]
[16:50:25.76] /i gi::executeAction {deCanvasDragCancel} -in [gi::getWindows 3]
[16:50:26.12] /# gi::executeAction {deSelectActive} -in [gi::getWindows 3]
[16:50:26.12] /i de::deselectAll [db::getNext [de::getContexts -window 3]]
[16:50:26.12] /i de::deselectAllLogic -context [de::getContexts -filter {%editDesign==[db::getAttr editDesign -of [db::getNext [de::getContexts -window 3]]]}]
[16:50:26.33] /i gi::executeAction {deCanvasDragCancel} -in [gi::getWindows 3]
[16:50:26.55] /i gi::executeAction {deCanvasDragCancel} -in [gi::getWindows 3]
[16:50:26.79] /i gi::executeAction {deCanvasDragCancel} -in [gi::getWindows 3]
[16:50:27.21] /i gi::executeAction {deCanvasDragCancel} -in [gi::getWindows 3]
[16:50:27.44] /i gi::executeAction {deCanvasDragCancel} -in [gi::getWindows 3]
[16:50:27.66] /i gi::executeAction {deCanvasDragCancel} -in [gi::getWindows 3]
[16:50:27.85] /i gi::executeAction {deCanvasDragCancel} -in [gi::getWindows 3]
[16:50:28.04] /i gi::executeAction {deCanvasDragCancel} -in [gi::getWindows 3]
[16:50:28.47] /i gi::executeAction {deCanvasDragCancel} -in [gi::getWindows 3]
[16:50:28.73] /i gi::executeAction {deCanvasDragCancel} -in [gi::getWindows 3]
[16:50:28.95] /i gi::executeAction {deCanvasDragCancel} -in [gi::getWindows 3]
[16:50:31.80] /# gi::executeAction {deSelectActive} -in [gi::getWindows 3]
[16:50:31.80] /i de::deselectAllLogic -context [de::getContexts -filter {%editDesign==[db::getAttr editDesign -of [db::getNext [de::getContexts -window 3]]]}]
[16:50:33.28] /i gi::executeAction {deCanvasDragCancel} -in [gi::getWindows 3]
[16:50:33.46] /i gi::executeAction {deCanvasDragCancel} -in [gi::getWindows 3]
[16:50:33.63] /i gi::executeAction {deCanvasDragCancel} -in [gi::getWindows 3]
[16:50:33.77] /i gi::executeAction {deCanvasDragCancel} -in [gi::getWindows 3]
[16:50:33.92] /i gi::executeAction {deCanvasDragCancel} -in [gi::getWindows 3]
[16:50:34.01] /i gi::executeAction {deCanvasDragCancel} -in [gi::getWindows 3]
[16:58:22.44] /# gi::executeAction {deSelectActive} -in [gi::getWindows 3]
[16:58:22.44] /i de::deselectAll [db::getNext [de::getContexts -window 3]]
[16:58:22.44] /i de::select [de::getActiveFigure [gi::getWindows 3] -point {3.74375 3.15625} -index 0 -intent none]
[16:58:22.44] /o oa:0x3dbfbd50
[16:58:24.08] /i gi::executeAction {sePropertyEditorToggle} -in [gi::getWindows 3]
[16:58:24.08] /# db::setAttr shown -of [gi::getAssistants dePropertyEditor -from [gi::getWindows 3]] -value false
[16:58:24.78] /i gi::executeAction {sePropertyEditorToggle} -in [gi::getWindows 3]
[16:58:24.78] /# db::setAttr shown -of [gi::getAssistants dePropertyEditor -from [gi::getWindows 3]] -value true
[17:00:45.36] /# gi::executeAction {deSelectActive} -in [gi::getWindows 3]
[17:00:45.36] /i de::deselectAll [db::getNext [de::getContexts -window 3]]
[17:00:45.36] /i de::select [de::getActiveFigure [gi::getWindows 3] -point {3.7125 2.3} -index 0 -intent none]
[17:00:45.36] /o oa:0x3db354d0
[17:00:46.08] /i gi::executeAction {sePropertyEditorToggle} -in [gi::getWindows 3]
[17:00:46.08] /# db::setAttr shown -of [gi::getAssistants dePropertyEditor -from [gi::getWindows 3]] -value false
[17:00:47.08] /i gi::executeAction {sePropertyEditorToggle} -in [gi::getWindows 3]
[17:00:47.08] /# db::setAttr shown -of [gi::getAssistants dePropertyEditor -from [gi::getWindows 3]] -value true
[17:00:48.86] /# gi::executeAction {deSelectActive} -in [gi::getWindows 3]
[17:00:48.86] /i de::deselectAll [db::getNext [de::getContexts -window 3]]
[17:00:48.86] /i de::select [de::getActiveFigure [gi::getWindows 3] -point {3.7375 3.3} -index 0 -intent none]
[17:00:48.86] /o oa:0x3db73850
[17:00:52.64] /i gi::setItemSelection {parameters} -index {nfin,all} -in [gi::getAssistants dePropertyEditor -from [gi::getWindows 3]]
[17:00:52.64] /i gi::setCurrentIndex {parameters} -index {nfin,Value} -in [gi::getAssistants dePropertyEditor -from [gi::getWindows 3]]
[17:00:57.37] /i gi::setField {parameters} -value {4} -index {nfin,Value} -in [gi::getAssistants dePropertyEditor -from [gi::getWindows 3]]
[17:00:57.54] /i gi::executeAction dePropertyEditorApplyChanges -in [gi::getAssistants dePropertyEditor -from [gi::getWindows 3]]
[17:01:00.83] /# gi::executeAction {seSchCheckAndSave} -in [gi::getWindows 3]
[17:01:00.83] /i  ::startup::_checkAndSave 
[17:01:01.01] /m Information: 
              /c Cross view checking for group8/tspc_pos_ff/symbol with group8/tspc_pos_ff/schematic
              /c No violations found. (DE_EDIT-007)
[17:01:01.03] /m Information: 
[17:01:01.03] /o Checking "group8/tspc_pos_ff/schematic"
[17:01:01.03] /o No rule violations found in "group8/tspc_pos_ff/schematic"
[17:01:01.03] /m Information: Checking process is completed: marking the design violations
[17:01:01.22] /m Information: Marking of designs is completed
[17:01:03.80] /i gi::setActiveWindow 2
[17:01:03.80] /i gi::setActiveWindow 2 -raise true
[17:01:05.44] /i gi::setCurrentIndex {cells} -index {tb2025_1} -in [gi::getWindows 2]
[17:01:05.85] /i gi::setItemSelection {cells} -index {tb2025_1} -in [gi::getWindows 2]
[17:01:07.16] /i gi::setCurrentIndex {views} -index {HSPICE_default} -in [gi::getWindows 2]
[17:01:07.27] /i gi::setItemSelection {views} -index {HSPICE_default} -in [gi::getWindows 2]
[17:01:07.28] /i gi::executeAction {dmOpen} -in [gi::getWindows 2]
[17:01:10.34] /m Information: Feature 'SynopsysCustomSAE' checked out. (LICENSE-003)
[17:01:10.46] /m Information: Started sharing "WaveView ADV" license. (WAVEFORM-110)
[17:01:10.46] /m Information: Started sharing "Primewave" license. (WAVEFORM-110)
[17:01:11.35] /r giWindowId 4
[17:01:11.35] /r giWindowGeometry 600x500
[17:01:11.48] /r giWindowGeometry 600x500
[17:01:11.94] /m Information: Launching Background pw_shell Server Process "cd /mnt/coe/workspace/ece/ece546-spr25/group8/group8_project && primewave -gui 0 -uniqueString 424077b79e1069ee16953907542c42fe9953e22508b8c8f7f93a5ef511cc936b576a0cb260e41f6f7facb76a30e4504b -python 0  -log pw_shell_session0_job1 -libDefFile /mnt/coe/workspace/ece/ece546-spr25/group8/group8_project/lib.defs". (PW_GUI-174)
[17:01:12.97] /m Information: Launching Simulation Server Process "cd /mnt/coe/workspace/ece/ece546-spr25/group8/group8_project && sh /mnt/coe/workspace/ece/ece546-spr25/group8/group8_project/synopsys_custom/sim_server/custom_compiler.svkolach/stb.group8.tb2025_1.schematic.session0/runSimServer ". (PW_GUI-711)
[17:01:13.26] /m Information: Launching Waveform Viewer "cd /mnt/coe/workspace/ece/ece546-spr25/group8/group8_project/synopsys_custom &&  /mnt/apps/public/COE/synopsys_apps/primewave/W-2024.09-SP1-2/bin/../auxx/auxx_for_cc/../../linux64/swv/bin/swv  -bg_gui -k -cdesigner -ptype wv -spxkey /mnt/apps/public/COE/synopsys_apps/primewave/W-2024.09-SP1-2/auxx/auxx_for_cc/waveform/sae.spxkey -spxrc /tmp/tmp_sae_spxrc_D975jQ -unique_string 424077b79e1069ee16953907542c42fe9953e22508b8c8f7f93a5ef511cc936b576a0cb260e41f6f13571b556f5d616d -lic_type 2   -parent_cc_pid 85833  > /mnt/coe/workspace/ece/ece546-spr25/group8/group8_project/synopsys_custom/viewer.log 2>&1"
[17:01:13.76] /m Information: Launching Result Viewer "cd /mnt/coe/workspace/ece/ece546-spr25/group8/group8_project/synopsys_custom &&  /mnt/apps/public/COE/synopsys_apps/primewave/W-2024.09-SP1-2/bin/../auxx/auxx_for_cc/../../linux64/swv/bin/swv  -bg_gui -log rvcmd.log -ptype rv -k -cdesigner -parent_cc_pid 85833 -spxkey /mnt/apps/public/COE/synopsys_apps/primewave/W-2024.09-SP1-2/auxx/auxx_for_cc/waveform/sae.spxkey -unique_string 424077b79e1069ee16953907542c42fe9953e22508b8c8f7f93a5ef511cc936b576a0cb260e41f6f13571b556f5d616d -lic_type 2    > /mnt/coe/workspace/ece/ece546-spr25/group8/group8_project/synopsys_custom/rviewer.log 2>&1"
[17:01:13.82] /i gi::executeAction {menuPreShow} -in [gi::getWindows 4]
[17:01:13.82] /r giMenuAccess db::getNext [gi::getMenus saResultsMenu -from [gi::getWindows 4]]
[17:01:14.31] /i gi::executeAction {menuPreShow} -in [gi::getWindows 4]
[17:01:14.31] /r giMenuAccess db::getNext [gi::getMenus saConsoleSimMenu -from [gi::getWindows 4]]
[17:01:16.90] /# gi::executeAction {saNetlistAndRun} -in [gi::getWindows 4]
[17:01:16.90] /i ::sa::_testSuite::isShowRunConfirmation 4 "isa::netlistAndRun" [sa::_utils::findRunMode 4]
[17:01:16.93] /i gi::setActiveDialog [gi::getDialogs {saRunConfirmationDialog} -parent [gi::getWindows 4]]
[17:01:17.22] /i db::setAttr geometry -of [gi::getDialogs {saRunConfirmationDialog} -parent [gi::getWindows 4]] -value 400x140+750+1523
[17:01:17.94] /i gi::pressButton {yes} -in [gi::getDialogs {saRunConfirmationDialog} -parent [gi::getWindows 4]]
[17:01:19.55] /r giWindowId 5
[17:01:19.55] /r giWindowGeometry 800x600
[17:01:21.57] /i gi::setActiveDialog [gi::getDialogs {xtBgNRunProgress} -parent [gi::getWindows 4]]
[17:01:21.84] /i db::setAttr geometry -of [gi::getDialogs {xtBgNRunProgress} -parent [gi::getWindows 4]] -value 532x66+710+1607
[17:01:30.67] /m Information: Received ready-for-commands signal from background job "pw_shell_session0_job1" after 18 seconds. (PW_GUI-172)
[17:01:31.66] /i db::setAttr geometry -of [gi::getDialogs {xtBgNRunProgress} -parent [gi::getWindows 4]] -value 549x66+710+1607
[17:01:42.29] /i db::setAttr geometry -of [gi::getDialogs {xtBgNRunProgress} -parent [gi::getWindows 4]] -value 534x66+710+1607
[17:01:46.99] /i db::setAttr geometry -of [gi::getDialogs {xtBgNRunProgress} -parent [gi::getWindows 4]] -value 480x66+710+1607
[17:01:48.37] /i db::setAttr geometry -of [gi::getDialogs {xtBgNRunProgress} -parent [gi::getWindows 4]] -value 514x70+710+1607
[17:01:50.47] /i db::setAttr geometry -of [gi::getDialogs {xtBgNRunProgress} -parent [gi::getWindows 4]] -value 527x70+710+1607
[17:01:55.54] /r giWindowId 6
[17:01:55.54] /r giWindowGeometry 1024x768
[17:02:32.18] /m Information: Simulation completed successfully for design: group8/tb2025_1/schematic  (PW-651)
[17:02:40.74] /m Information: Evaluating and plotting completed for testbench: HSPICE_default in 8s
[17:02:50.83] /m Information: Launching Background pw_shell Server Process "cd /mnt/coe/workspace/ece/ece546-spr25/group8/group8_project && primewave -gui 0 -uniqueString 424077b79e1069ee16953907542c42fe9953e22508b8c8f7f93a5ef511cc936b37e5dd344f4528bb811427bdf9be7540 -python 0  -log pw_shell_session0_job2 -libDefFile /mnt/coe/workspace/ece/ece546-spr25/group8/group8_project/lib.defs". (PW_GUI-174)
[17:02:50.93] /r giWindowId 7
[17:02:50.93] /r giWindowGeometry 1024x768
[17:02:51.39] /i db::setAttr geometry -of [gi::getFrames 2] -value 1024x792+55+1185
[17:03:05.16] /m Information: Received ready-for-commands signal from background job "pw_shell_session0_job2" after 15 seconds. (PW_GUI-172)
[17:03:53.01] /i db::setAttr maximized -of [gi::getFrames 2] -value true
[17:03:53.34] /i db::setAttr geometry -of [gi::getFrames 2] -value 1910x1020+5+1135
[17:04:13.72] /i gi::setActiveWindow 6
[17:04:13.72] /i gi::setActiveWindow 6 -raise true
[17:04:15.48] /i gi::setActiveWindow 3
[17:04:15.48] /i gi::setActiveWindow 3 -raise true
[17:04:16.92] /i gi::setItemSelection {parameters} -index {nfin,all} -in [gi::getAssistants dePropertyEditor -from [gi::getWindows 3]]
[17:04:16.92] /i gi::setCurrentIndex {parameters} -index {nfin,Value} -in [gi::getAssistants dePropertyEditor -from [gi::getWindows 3]]
[17:04:19.02] /i gi::setField {parameters} -value {2} -index {nfin,Value} -in [gi::getAssistants dePropertyEditor -from [gi::getWindows 3]]
[17:04:19.21] /i gi::executeAction dePropertyEditorApplyChanges -in [gi::getAssistants dePropertyEditor -from [gi::getWindows 3]]
[17:04:23.50] /i gi::executeAction giCloseWindow -in [gi::getWindows 7]
[17:04:24.16] /m Information: Waveform viewer exited normally.
[17:04:24.47] /m Information: Launching Waveform Viewer "cd /mnt/coe/workspace/ece/ece546-spr25/group8/group8_project/synopsys_custom &&  /mnt/apps/public/COE/synopsys_apps/primewave/W-2024.09-SP1-2/bin/../auxx/auxx_for_cc/../../linux64/swv/bin/swv  -bg_gui -k -cdesigner -ptype wv -spxkey /mnt/apps/public/COE/synopsys_apps/primewave/W-2024.09-SP1-2/auxx/auxx_for_cc/waveform/sae.spxkey -spxrc /tmp/tmp_sae_spxrc_TEh2qv -unique_string 424077b79e1069ee16953907542c42fe9953e22508b8c8f7f93a5ef511cc936b27d6a2f01c01d15d46d114bce296a00f -lic_type 2   -parent_cc_pid 85833  > /mnt/coe/workspace/ece/ece546-spr25/group8/group8_project/synopsys_custom/viewer.log 2>&1"
[17:04:26.80] /i gi::setActiveWindow 4
[17:04:26.80] /i gi::setActiveWindow 4 -raise true
[17:04:28.09] /i gi::executeAction {menuPreShow} -in [gi::getWindows 4]
[17:04:28.09] /r giMenuAccess db::getNext [gi::getMenus saResultsMenu -from [gi::getWindows 4]]
[17:04:28.34] /i gi::executeAction {menuPreShow} -in [gi::getWindows 4]
[17:04:28.34] /r giMenuAccess db::getNext [gi::getMenus saConsoleSimMenu -from [gi::getWindows 4]]
[17:04:29.07] /# gi::executeAction {saNetlistAndRun} -in [gi::getWindows 4]
[17:04:29.07] /i ::sa::_testSuite::isShowRunConfirmation 4 "isa::netlistAndRun" [sa::_utils::findRunMode 4]
[17:04:29.09] /i gi::setActiveDialog [gi::getDialogs {saRunConfirmationDialog} -parent [gi::getWindows 4]]
[17:04:29.40] /i db::setAttr geometry -of [gi::getDialogs {saRunConfirmationDialog} -parent [gi::getWindows 4]] -value 400x140+750+1523
[17:04:30.15] /i gi::pressButton {yes} -in [gi::getDialogs {saRunConfirmationDialog} -parent [gi::getWindows 4]]
[17:04:31.77] /r giDialog gi::setActiveDialog [gi::getDialogs {xtShowDesignsPrompt}]
[17:04:31.77] /r giDialog gi::setCurrentIndex {target} -index {0,0} -in [gi::getDialogs {xtShowDesignsPrompt}]
[17:04:31.97] /r giDialog db::setAttr geometry -of [gi::getDialogs {xtShowDesignsPrompt}] -value 649x294+626+1433
[17:04:33.76] /r giDialog gi::pressButton {ok} -in [gi::getDialogs {xtShowDesignsPrompt}]
[17:04:34.18] /m Information: 
              /c Cross view checking for group8/tspc_pos_ff/symbol with group8/tspc_pos_ff/schematic
              /c No violations found. (DE_EDIT-007)
[17:04:34.18] /m Information: 
[17:04:34.18] /o Checking "group8/tspc_pos_ff/schematic"
[17:04:34.18] /o No rule violations found in "group8/tspc_pos_ff/schematic"
[17:04:34.23] /o No Design Integrity rule violations found in "group8/tspc_pos_ff/schematic"
[17:04:34.23] /m Information: Checking process is completed: marking the design violations
[17:04:34.24] /m Information: Marking of designs is completed
[17:04:36.34] /i gi::setActiveDialog [gi::getDialogs {xtBgNRunProgress} -parent [gi::getWindows 4]]
[17:04:36.36] /i db::setAttr geometry -of [gi::getDialogs {xtBgNRunProgress} -parent [gi::getWindows 4]] -value 532x66+710+1607
[17:04:38.98] /i db::setAttr geometry -of [gi::getDialogs {xtBgNRunProgress} -parent [gi::getWindows 4]] -value 549x66+710+1607
[17:04:46.70] /i db::setAttr geometry -of [gi::getDialogs {xtBgNRunProgress} -parent [gi::getWindows 4]] -value 534x66+710+1607
[17:04:51.17] /i db::setAttr geometry -of [gi::getDialogs {xtBgNRunProgress} -parent [gi::getWindows 4]] -value 480x66+710+1607
[17:04:52.06] /i db::setAttr geometry -of [gi::getDialogs {xtBgNRunProgress} -parent [gi::getWindows 4]] -value 514x70+710+1607
[17:04:54.06] /i db::setAttr geometry -of [gi::getDialogs {xtBgNRunProgress} -parent [gi::getWindows 4]] -value 527x70+710+1607
[17:05:35.60] /m Information: Simulation completed successfully for design: group8/tb2025_1/schematic  (PW-651)
[17:05:45.24] /m Information: Evaluating and plotting completed for testbench: HSPICE_default in 9s
[17:05:49.89] /r giWindowId 8
[17:05:49.89] /r giWindowGeometry 1910x996+5+1159
[17:05:49.89] /i db::setAttr maximized -of [gi::getFrames 3] -value true
[17:05:49.90] /i db::setAttr maximized -of [gi::getFrames 3] -value false
[17:05:49.90] /i db::setAttr maximized -of [gi::getFrames 3] -value true
[17:06:14.56] /m Information: Feature 'SynopsysCustomSAE' checked in. (LICENSE-004)
[17:06:14.56] /m Information: Stopped sharing "Primewave" license. (WAVEFORM-111)
[17:06:14.57] /m Information: Stopped sharing "WaveView ADV" license. (WAVEFORM-111)
[17:06:14.64] /m Information: Send exit command to simulation server process stb.group8.tb2025_1.schematic.session0. (PW_GUI-979)
[17:06:16.14] /m Information: Stopping query due to no running simulation server process. (PW_GUI-710)
[17:06:33.76] /e Error: Master CalculateEngine exited abnormally.
[17:06:33.76] /e Error: ResultsView exited abnormally.
[17:06:33.81] /e Error: Waveform viewer exited abnormally.
[17:06:33.83] /i gi::setActiveWindow 5
[17:06:33.83] /i gi::setActiveWindow 5 -raise true
[17:06:40.33] /i gi::setActiveWindow 1
[17:06:40.33] /i gi::setActiveWindow 1 -raise true
[17:06:42.44] /i gi::executeAction {giQuit} -in [gi::getWindows 1]
[17:06:42.49] /r giDialog gi::setActiveDialog [gi::getDialogs {deExitDialog} -parent [gi::getWindows 1]]
[17:06:42.77] /r giDialog db::setAttr geometry -of [gi::getDialogs {deExitDialog} -parent [gi::getWindows 1]] -value 419x212+751+1546
[17:06:43.47] /r giDialog gi::pressButton {ok} -in [gi::getDialogs {deExitDialog} -parent [gi::getWindows 1]]
[17:06:44.00] /m Information: Sent exit command to CalculateEngine.
[17:06:44.00] /m Information: Sent exit command to WaveView.
[17:06:44.00] /m Information: Sent exit command to ResultsViewer.
[17:06:44.17] /m Information: Feature 'SynopsysCustomSAE' checked out. (LICENSE-003)
[17:06:44.32] /m Information: Feature 'SynopsysCustomSAE' checked in. (LICENSE-004)
[17:06:46.46] /o Shutdown time: Tue Apr 15 17:06:46 2025
[17:06:46.46] /o Elapsed session real time: 18.96 minutes
[17:06:46.46] /o Session terminated. Log is at /mnt/coe/workspace/ece/ece546-spr25/group8/group8_project/synopsys_custom/logs/ccompiler.svkolach.2025_4_15_164747_85833.log
