[13:30:33.03] /o 
              /c                                 Custom Compiler™ 
              /c 
              /c               Version W-2024.09-SP1-2 for linux64 - Jan 16, 2025 
              /c 
              /c                     Copyright (c) 2004 - 2025 Synopsys, Inc.
              /c    This software and the associated documentation are proprietary to Synopsys,
              /c  Inc. This software may only be used in accordance with the terms and conditions
              /c  of a written license agreement with Synopsys, Inc. All other use, reproduction,
              /c    or distribution of this software is strictly prohibited.  Licensed Products
              /c      communicate with Synopsys servers for the purpose of providing software
              /c     updates, detecting software piracy and verifying that customers are using
              /c     Licensed Products in conformity with the applicable License Key for such
              /c   Licensed Products. Synopsys will use information gathered in connection with
              /c     this process to deliver software updates and pursue software pirates and
              /c                                    infringers.
              /c 
              /c  Inclusivity & Diversity - Visit SolvNetPlus to read the "Synopsys Statement on
              /c             Inclusivity and Diversity" (Refer to article 000036315 at
              /c                         https://solvnetplus.synopsys.com)
              /c 
              /c Build  (OPT) Config 11256978 compiled on Thu Jan 16 10:52:27 2025 for AlmaLinux 8.4
              /c Invocation: /mnt/apps/public/COE/synopsys_apps/customcompiler/W-2024.09-SP1-2/linux64/platform/bin/custom_compiler
              /c Execution time: Thu Apr 17 13:30:26 2025
              /c Host: hydra12.ece.ncsu.edu
              /c Working directory: /mnt/coe/workspace/ece/ece546-spr25/group8/group8_project
              /c 
[13:30:41.54] /m Information: Registering ICV PERC package...
[13:30:42.67] /r giShowFrameTabs true
[13:30:42.68] /r giWindowId 1
[13:30:42.68] /r giWindowGeometry 1040x800
[13:30:49.32] /i db::setAttr maximized -of [gi::getFrames 1] -value true
[13:30:49.62] /i db::setAttr geometry -of [gi::getFrames 1] -value 1920x986+0+46
[13:30:52.18] /i gi::pressButton {/scroll/scrollArea/scrollAreaInnerWidget/applications/deOpengroup82to4decoderstaticschematic} -in [gi::getWindows 1]
[13:30:52.68] /o Loading: Callback files...
[13:30:52.70] /o Loading: scripts/callbacks/callbacks.tcl
[13:30:52.70] /o 
              /c [INFO] : Loading display.drf from /mnt/designkits/ncsu/FreePDK3/syncust/NCSU_TechLib_FreePDK3
              /c 
              /c  if you wish to Load other display.drf, please set shell environment valiable "iPDK_load_display_NCSU_TechLib_FreePDK3" to value = 0
[13:30:52.70] /o 
[13:30:52.84] /w Warning: Preference 'xtStarTcadGrdFile' is deprecated and scheduled for removal in a future release with no replacement. For migration assistance, see the Custom Compiler Tcl Reference Manual. (PREFERENCE-058)
[13:30:52.85] /w Warning: Preference 'xtStarOALayerMappingFile' is deprecated and scheduled for removal in a future release with no replacement. For migration assistance, see the Custom Compiler Tcl Reference Manual. (PREFERENCE-058)
[13:30:52.85] /o 	#######################################
[13:30:52.85] /o 	CC-PDK Library Name	: FreePDK3
[13:30:52.85] /o 	#######################################
[13:30:52.85] /o 
[13:30:52.91] /m Information: Feature 'CustomInfrastructure' checked out. (LICENSE-003)
[13:30:52.94] /m Information: Feature 'CustomInfrastructure' checked in. (LICENSE-004)
[13:30:52.96] /m Information: Feature 'CustomInfrastructure' checked out. (LICENSE-003)
[13:30:52.98] /m Information: Feature 'CustomInfrastructure' checked in. (LICENSE-004)
[13:30:53.00] /m Information: Feature 'CustomInfrastructure' checked out. (LICENSE-003)
[13:30:53.02] /m Information: Feature 'SynopsysCustomShapes' checked out. (LICENSE-003)
[13:30:53.08] /m Information: Lock file /mnt/coe/workspace/ece/ece546-spr25/group8/group8_project/group8/2to4_decoder_static/schematic/sch.oa.cdslck: Unable to connect to OA Lock File Daemon(oaFSLockD) on host 'ice.ece.ncsu.edu'. Check if oaFSLockD is running on the host. If the host is invalid, remove the .cdslck lock file. (oaDMFileSys)
[13:30:53.08] /m Information: Feature 'CustomInfrastructure' checked in. (LICENSE-004)
[13:30:53.08] /m Information: Feature 'SynopsysCustomShapes' checked in. (LICENSE-004)
[13:30:53.13] /r giDialog gi::setActiveDialog [gi::getDialogs {deOpenFailed}]
[13:30:53.42] /r giDialog db::setAttr geometry -of [gi::getDialogs {deOpenFailed}] -value 441x81+730+460
[13:30:55.07] /r giDialog gi::pressButton {ok} -in [gi::getDialogs {deOpenFailed}]
[13:30:55.34] /r giWindowId 2
[13:30:55.35] /r giWindowGeometry 1632x972
[13:35:55.12] /# gi::executeAction {deCanvasPanWest} -in [gi::getWindows 2]
[13:35:55.12] /i de::pan -window [gi::getWindows 2] -direction W -multiplier [db::getPrefValue deCanvasMousePanMultiplier]
[13:35:55.45] /# gi::executeAction {deCanvasPanWest} -in [gi::getWindows 2]
[13:35:55.45] /i de::pan -window [gi::getWindows 2] -direction W -multiplier [db::getPrefValue deCanvasMousePanMultiplier]
[13:35:55.45] /# gi::executeAction {deCanvasPanWest} -in [gi::getWindows 2]
[13:35:55.45] /i de::pan -window [gi::getWindows 2] -direction W -multiplier [db::getPrefValue deCanvasMousePanMultiplier]
[13:35:55.45] /# gi::executeAction {deCanvasPanWest} -in [gi::getWindows 2]
[13:35:55.45] /i de::pan -window [gi::getWindows 2] -direction W -multiplier [db::getPrefValue deCanvasMousePanMultiplier]
[13:35:56.72] /# gi::executeAction {deFitEdit} -in [gi::getWindows 2]
[13:35:56.72] /i de::fit -window 2 -fitEdit true
[13:35:58.66] /# gi::executeAction {deCanvasPanWest} -in [gi::getWindows 2]
[13:35:58.66] /i de::pan -window [gi::getWindows 2] -direction W -multiplier [db::getPrefValue deCanvasMousePanMultiplier]
[13:35:58.86] /# gi::executeAction {deCanvasPanWest} -in [gi::getWindows 2]
[13:35:58.86] /i de::pan -window [gi::getWindows 2] -direction W -multiplier [db::getPrefValue deCanvasMousePanMultiplier]
[13:35:59.67] /# gi::executeAction {deFitEdit} -in [gi::getWindows 2]
[13:35:59.67] /i de::fit -window 2 -fitEdit true
[13:58:02.67] /i gi::setActiveWindow 1
[13:58:02.67] /i gi::setActiveWindow 1 -raise true
[13:58:04.11] /i gi::pressButton {/scroll/scrollArea/scrollAreaInnerWidget/applications/dmLibraryManager} -in [gi::getWindows 1]
[13:58:04.41] /r giWindowId 3
[13:58:04.42] /r giWindowGeometry 660x600+50+50
[13:58:08.71] /i gi::executeAction {dmRefreshLibs} -in [gi::getWindows 3]
[13:58:08.71] /# dm::refreshLibs
[13:58:10.12] /i gi::setCurrentIndex {libs} -index {group8} -in [gi::getWindows 3]
[13:58:11.13] /i gi::setItemSelection {libs} -index {group8} -in [gi::getWindows 3]
[13:58:15.19] /i gi::setCurrentIndex {cells} -index {memory_array_complete} -in [gi::getWindows 3]
[13:58:15.33] /i gi::setItemSelection {cells} -index {memory_array_complete} -in [gi::getWindows 3]
[13:58:24.48] /i gi::setCurrentIndex {cells} -index {memory_array_8by16} -in [gi::getWindows 3]
[13:58:24.72] /i gi::setItemSelection {cells} -index {memory_array_8by16} -in [gi::getWindows 3]
[13:58:26.61] /i gi::setCurrentIndex {views} -index {layout} -in [gi::getWindows 3]
[13:58:26.68] /i gi::setItemSelection {views} -index {layout} -in [gi::getWindows 3]
[13:58:30.64] /i gi::executeAction {dmOpen} -in [gi::getWindows 3]
[13:58:30.69] /m Information: Feature 'CustomInfrastructure' checked out. (LICENSE-003)
[13:58:30.73] /m Information: Feature 'SynopsysCustomLayout' checked out. (LICENSE-003)
[13:58:30.96] /r giWindowId 4
[13:58:30.98] /r giWindowGeometry 1632x972
[13:58:32.14] /i db::setAttr dockSize -of [gi::getAssistants dePropertyEditor -from [gi::getWindows 4]] -value 290x186
[13:58:40.05] /# gi::executeAction {leDisplayAllLevels} -in [gi::getWindows 4]
[13:58:40.05] /i db::setPrefValue leStopLevel -value 32 -scope [db::getNext [de::getContexts -window 4]]
[13:58:46.13] /# gi::executeAction {leDisplayTopLevel} -in [gi::getWindows 4]
[13:58:46.13] /i db::setPrefValue leStopLevel -value 0 -scope [db::getNext [de::getContexts -window 4]]; db::setPrefValue leStartLevel -value 0 -scope [db::getNext [de::getContexts -window 4]]; de::redraw -window 4
[13:58:52.07] /# gi::executeAction {leDisplayAllLevels} -in [gi::getWindows 4]
[13:58:52.07] /i db::setPrefValue leStopLevel -value 32 -scope [db::getNext [de::getContexts -window 4]]
[13:59:01.35] /i gi::executeAction {giCloseWindow} -in [gi::getWindows 4]
[13:59:04.71] /i gi::setCurrentIndex {cells} -index {memory_array_complete} -in [gi::getWindows 3]
[13:59:04.86] /i gi::setItemSelection {cells} -index {memory_array_complete} -in [gi::getWindows 3]
[13:59:06.51] /i gi::setCurrentIndex {cells} -index {memory_array_static_column_decoder} -in [gi::getWindows 3]
[13:59:06.71] /i gi::setItemSelection {cells} -index {memory_array_static_column_decoder} -in [gi::getWindows 3]
[13:59:08.14] /i gi::setCurrentIndex {cells} -index {memory_array_with_precharge} -in [gi::getWindows 3]
[13:59:08.36] /i gi::setItemSelection {cells} -index {memory_array_with_precharge} -in [gi::getWindows 3]
[13:59:11.62] /i gi::setCurrentIndex {views} -index {layout} -in [gi::getWindows 3]
[13:59:11.72] /i gi::executeAction {dmOpen} -in [gi::getWindows 3]
[13:59:11.94] /r giWindowId 5
[13:59:11.95] /r giWindowGeometry 1632x972
[13:59:12.94] /i db::setAttr dockSize -of [gi::getAssistants dePropertyEditor -from [gi::getWindows 5]] -value 290x186
[13:59:18.33] /i gi::executeAction {giCloseWindow} -in [gi::getWindows 5]
[14:01:50.01] /i gi::setCurrentIndex {cells} -index {2to4_decoder_static} -in [gi::getWindows 3]
[14:01:50.60] /i gi::setItemSelection {cells} -index {2to4_decoder_static} -in [gi::getWindows 3]
[14:07:50.09] /i gi::setItemSelection {views} -index {} -in [gi::getWindows 3]
[14:26:57.50] /i gi::setCurrentIndex {views} -index {schematic} -in [gi::getWindows 3]
[14:26:57.69] /i gi::setItemSelection {views} -index {schematic} -in [gi::getWindows 3]
[14:26:57.70] /i gi::executeAction {dmOpen} -in [gi::getWindows 3]
[14:26:57.81] /m Information: Lock file /mnt/coe/workspace/ece/ece546-spr25/group8/group8_project/group8/2to4_decoder_static/schematic/sch.oa.cdslck: Unable to connect to OA Lock File Daemon(oaFSLockD) on host 'ice.ece.ncsu.edu'. Check if oaFSLockD is running on the host. If the host is invalid, remove the .cdslck lock file. (oaDMFileSys)
[14:26:58.01] /r giDialog gi::setActiveDialog [gi::getDialogs {deOpenFailed} -parent [gi::getWindows 3]]
[14:26:58.17] /r giDialog db::setAttr geometry -of [gi::getDialogs {deOpenFailed} -parent [gi::getWindows 3]] -value 441x81+730+447
[14:26:59.22] /r giDialog gi::pressButton {ok} -in [gi::getDialogs {deOpenFailed} -parent [gi::getWindows 3]]
[14:26:59.29] /r giWindowId 6
[14:26:59.30] /r giWindowGeometry 1632x972
[14:27:04.70] /# gi::executeAction {deCanvasPanWest} -in [gi::getWindows 6]
[14:27:04.70] /i de::pan -window [gi::getWindows 6] -direction W -multiplier [db::getPrefValue deCanvasMousePanMultiplier]
[14:27:04.89] /# gi::executeAction {deCanvasPanWest} -in [gi::getWindows 6]
[14:27:04.89] /i de::pan -window [gi::getWindows 6] -direction W -multiplier [db::getPrefValue deCanvasMousePanMultiplier]
[14:27:04.89] /# gi::executeAction {deCanvasPanWest} -in [gi::getWindows 6]
[14:27:04.89] /i de::pan -window [gi::getWindows 6] -direction W -multiplier [db::getPrefValue deCanvasMousePanMultiplier]
[14:27:04.97] /# gi::executeAction {deCanvasPanWest} -in [gi::getWindows 6]
[14:27:04.97] /i de::pan -window [gi::getWindows 6] -direction W -multiplier [db::getPrefValue deCanvasMousePanMultiplier]
[14:27:06.11] /# gi::executeAction {deFitEdit} -in [gi::getWindows 6]
[14:27:06.11] /i de::fit -window 6 -fitEdit true
[14:30:37.90] /i gi::setActiveWindow 3
[14:30:37.90] /i gi::setActiveWindow 3 -raise true
[14:36:27.33] /i gi::setActiveWindow 6
[14:36:27.33] /i gi::setActiveWindow 6 -raise true
[14:36:30.97] /# gi::executeAction {deCanvasPanWest} -in [gi::getWindows 6]
[14:36:30.97] /i de::pan -window [gi::getWindows 6] -direction W -multiplier [db::getPrefValue deCanvasMousePanMultiplier]
[14:36:31.08] /# gi::executeAction {deCanvasPanWest} -in [gi::getWindows 6]
[14:36:31.08] /i de::pan -window [gi::getWindows 6] -direction W -multiplier [db::getPrefValue deCanvasMousePanMultiplier]
[14:36:31.17] /# gi::executeAction {deCanvasPanWest} -in [gi::getWindows 6]
[14:36:31.17] /i de::pan -window [gi::getWindows 6] -direction W -multiplier [db::getPrefValue deCanvasMousePanMultiplier]
[14:36:32.19] /# gi::executeAction {deFitEdit} -in [gi::getWindows 6]
[14:36:32.19] /i de::fit -window 6 -fitEdit true
[14:52:45.53] /i gi::executeAction {giCloseWindow} -in [gi::getWindows 6]
[14:52:47.51] /i gi::setActiveWindow 2
[14:52:47.52] /i gi::setActiveWindow 2 -raise true
[14:52:50.67] /i gi::executeAction {giCloseWindow} -in [gi::getWindows 2]
[14:52:55.23] /i gi::executeAction {giCloseWindow} -in [gi::getWindows 3]
[14:52:59.79] /i gi::executeAction {giQuit} -in [gi::getWindows 1]
[14:52:59.86] /r giDialog gi::setActiveDialog [gi::getDialogs {deExitDialog} -parent [gi::getWindows 1]]
[14:53:00.12] /r giDialog db::setAttr geometry -of [gi::getDialogs {deExitDialog} -parent [gi::getWindows 1]] -value 402x202+749+386
[14:53:02.40] /r giDialog gi::pressButton {ok} -in [gi::getDialogs {deExitDialog} -parent [gi::getWindows 1]]
[14:53:05.81] /o Shutdown time: Thu Apr 17 14:53:05 2025
[14:53:05.81] /o Elapsed session real time: 1 hour 22.61 minutes
[14:53:05.81] /o Session terminated. Log is at /mnt/coe/workspace/ece/ece546-spr25/group8/group8_project/synopsys_custom/logs/ccompiler.svkolach.2025_4_17_133026_924338.log
