[09:16:25.09] /o 
              /c                                 Custom Compiler™ 
              /c 
              /c               Version W-2024.09-SP1-2 for linux64 - Jan 16, 2025 
              /c 
              /c                     Copyright (c) 2004 - 2025 Synopsys, Inc.
              /c    This software and the associated documentation are proprietary to Synopsys,
              /c  Inc. This software may only be used in accordance with the terms and conditions
              /c  of a written license agreement with Synopsys, Inc. All other use, reproduction,
              /c    or distribution of this software is strictly prohibited.  Licensed Products
              /c      communicate with Synopsys servers for the purpose of providing software
              /c     updates, detecting software piracy and verifying that customers are using
              /c     Licensed Products in conformity with the applicable License Key for such
              /c   Licensed Products. Synopsys will use information gathered in connection with
              /c     this process to deliver software updates and pursue software pirates and
              /c                                    infringers.
              /c 
              /c  Inclusivity & Diversity - Visit SolvNetPlus to read the "Synopsys Statement on
              /c             Inclusivity and Diversity" (Refer to article 000036315 at
              /c                         https://solvnetplus.synopsys.com)
              /c 
              /c Build  (OPT) Config 11256978 compiled on Thu Jan 16 10:52:27 2025 for AlmaLinux 8.4
              /c Invocation: /mnt/apps/public/COE/synopsys_apps/customcompiler/W-2024.09-SP1-2/linux64/platform/bin/custom_compiler
              /c Execution time: Thu Apr  3 09:16:20 2025
              /c Host: grendel42.ece.ncsu.edu
              /c Working directory: /mnt/coe/workspace/ece/ece546-spr25/group8/group8_project
              /c 
[09:16:31.20] /m Information: Registering ICV PERC package...
[09:16:32.24] /r giShowFrameTabs true
[09:16:32.24] /r giWindowId 1
[09:16:32.24] /r giWindowGeometry 1040x800
[09:16:33.00] /i db::setAttr geometry -of [gi::getFrames 1] -value 1040x822+247+54
[09:17:02.68] /i db::setAttr maximized -of [gi::getFrames 1] -value true
[09:17:02.96] /i db::setAttr geometry -of [gi::getFrames 1] -value 1536x770+0+46
[09:17:04.59] /i gi::pressButton {/scroll/scrollArea/scrollAreaInnerWidget/applications/dmLibraryManager} -in [gi::getWindows 1]
[09:17:04.90] /r giWindowId 2
[09:17:04.90] /r giWindowGeometry 660x600+50+50
[09:17:06.88] /i gi::setCurrentIndex {libs} -index {group8} -in [gi::getWindows 2]
[09:17:07.90] /i gi::setItemSelection {libs} -index {group8} -in [gi::getWindows 2]
[09:17:09.90] /i gi::setCurrentIndex {cells} -index {memory_array_write_test} -in [gi::getWindows 2]
[09:17:10.14] /i gi::setItemSelection {cells} -index {memory_array_write_test} -in [gi::getWindows 2]
[09:17:11.93] /i gi::setCurrentIndex {views} -index {schematic} -in [gi::getWindows 2]
[09:17:12.01] /i gi::setItemSelection {views} -index {schematic} -in [gi::getWindows 2]
[09:17:12.19] /i gi::executeAction {dmOpen} -in [gi::getWindows 2]
[09:17:12.32] /o Loading: Callback files...
[09:17:12.33] /o Loading: scripts/callbacks/callbacks.tcl
[09:17:12.33] /o 
              /c [INFO] : Loading display.drf from /mnt/designkits/ncsu/FreePDK3/syncust/NCSU_TechLib_FreePDK3
              /c 
              /c  if you wish to Load other display.drf, please set shell environment valiable "iPDK_load_display_NCSU_TechLib_FreePDK3" to value = 0
[09:17:12.33] /o 
[09:17:12.42] /w Warning: Preference 'xtStarTcadGrdFile' is deprecated and scheduled for removal in a future release with no replacement. For migration assistance, see the Custom Compiler Tcl Reference Manual. (PREFERENCE-058)
[09:17:12.43] /w Warning: Preference 'xtStarOALayerMappingFile' is deprecated and scheduled for removal in a future release with no replacement. For migration assistance, see the Custom Compiler Tcl Reference Manual. (PREFERENCE-058)
[09:17:12.43] /o 	#######################################
[09:17:12.43] /o 	CC-PDK Library Name	: FreePDK3
[09:17:12.43] /o 	#######################################
[09:17:12.43] /o 
[09:17:12.49] /m Information: Feature 'CustomInfrastructure' checked out. (LICENSE-003)
[09:17:12.52] /m Information: Feature 'SynopsysCustomLayout' checked out. (LICENSE-003)
[09:17:12.83] /r giWindowId 3
[09:17:12.83] /r giWindowGeometry 1305x777
[09:17:14.07] /# gi::executeAction {deSelectActive} -in [gi::getWindows 3]
[09:17:14.07] /i de::deselectAllLogic -context [de::getContexts -filter {%editDesign==[db::getAttr editDesign -of [db::getNext [de::getContexts -window 3]]]}]
[09:17:14.07] /# gi::executeAction {deSelectActive} -in [gi::getWindows 3]
[09:17:14.07] /i de::deselectAllLogic -context [de::getContexts -filter {%editDesign==[db::getAttr editDesign -of [db::getNext [de::getContexts -window 3]]]}]
[09:17:16.04] /i gi::setActiveWindow 2
[09:17:16.04] /i gi::setActiveWindow 2 -raise true
[09:17:18.07] /i gi::setCurrentIndex {views} -index {HSPICE_default} -in [gi::getWindows 2]
[09:17:18.19] /i gi::setItemSelection {views} -index {HSPICE_default} -in [gi::getWindows 2]
[09:17:20.14] /i gi::executeAction {dmOpen} -in [gi::getWindows 2]
[09:17:22.68] /m Information: Feature 'SynopsysCustomSAE' checked out. (LICENSE-003)
[09:17:22.84] /m Information: Started sharing "WaveView ADV" license. (WAVEFORM-110)
[09:17:22.84] /m Information: Started sharing "Primewave" license. (WAVEFORM-110)
[09:17:23.41] /r giWindowId 4
[09:17:23.42] /r giWindowGeometry 600x500
[09:17:23.63] /r giWindowGeometry 600x500
[09:17:24.40] /m Information: Launching Background pw_shell Server Process "cd /mnt/coe/workspace/ece/ece546-spr25/group8/group8_project && primewave -gui 0 -uniqueString 424077b79e1069ee9f074479862a2487237d0ff9c53bf8841ca54e530ed029672ebc769abb176a49b1de36e1ba5c3d4f -python 0  -log pw_shell_session0_job1 -libDefFile /mnt/coe/workspace/ece/ece546-spr25/group8/group8_project/lib.defs". (PW_GUI-174)
[09:17:26.35] /m Information: Launching Simulation Server Process "cd /mnt/coe/workspace/ece/ece546-spr25/group8/group8_project && sh /mnt/coe/workspace/ece/ece546-spr25/group8/group8_project/synopsys_custom/sim_server/custom_compiler.hrajesh/stb.group8.memory_array_write_test.schematic.session0/runSimServer ". (PW_GUI-711)
[09:17:28.44] /m Information: Launching Waveform Viewer "cd /mnt/coe/workspace/ece/ece546-spr25/group8/group8_project/synopsys_custom &&  /mnt/apps/public/COE/synopsys_apps/primewave/W-2024.09-SP1-2/bin/../auxx/auxx_for_cc/../../linux64/swv/bin/swv  -bg_gui -k -cdesigner -ptype wv -spxkey /mnt/apps/public/COE/synopsys_apps/primewave/W-2024.09-SP1-2/auxx/auxx_for_cc/waveform/sae.spxkey -spxrc /tmp/tmp_sae_spxrc_gFMoMN -unique_string 424077b79e1069ee9f074479862a2487237d0ff9c53bf8841ca54e530ed029672ebc769abb176a49e242b242fac3e3bd -lic_type 2   -parent_cc_pid 1222756  > /mnt/coe/workspace/ece/ece546-spr25/group8/group8_project/synopsys_custom/viewer.log 2>&1"
[09:17:32.33] /m Information: Launching Result Viewer "cd /mnt/coe/workspace/ece/ece546-spr25/group8/group8_project/synopsys_custom &&  /mnt/apps/public/COE/synopsys_apps/primewave/W-2024.09-SP1-2/bin/../auxx/auxx_for_cc/../../linux64/swv/bin/swv  -bg_gui -log rvcmd.log -ptype rv -k -cdesigner -parent_cc_pid 1222756 -spxkey /mnt/apps/public/COE/synopsys_apps/primewave/W-2024.09-SP1-2/auxx/auxx_for_cc/waveform/sae.spxkey -unique_string 424077b79e1069ee9f074479862a2487237d0ff9c53bf8841ca54e530ed029672ebc769abb176a49d5ab8be2f9acc802 -lic_type 2    > /mnt/coe/workspace/ece/ece546-spr25/group8/group8_project/synopsys_custom/rviewer.log 2>&1"
[09:17:32.66] /i gi::executeAction {menuPreShow} -in [gi::getWindows 4]
[09:17:32.66] /r giMenuAccess db::getNext [gi::getMenus saConsoleSessionMenu -from [gi::getWindows 4]]
[09:17:41.31] /i gi::executeAction {menuPreShow} -in [gi::getWindows 4]
[09:17:41.31] /r giMenuAccess db::getNext [gi::getMenus saConsoleSimMenu -from [gi::getWindows 4]]
[09:17:42.59] /i gi::executeAction {menuPreShow} -in [gi::getWindows 4]
[09:17:42.59] /r giMenuAccess db::getNext [gi::getMenus saConsoleSimMenu -from [gi::getWindows 4]]
[09:17:44.35] /# gi::executeAction {saNetlistAndRun} -in [gi::getWindows 4]
[09:17:44.35] /i ::sa::_testSuite::isShowRunConfirmation 4 "isa::netlistAndRun" [sa::_utils::findRunMode 4]
[09:17:44.40] /i gi::setActiveDialog [gi::getDialogs {saRunConfirmationDialog} -parent [gi::getWindows 4]]
[09:17:44.69] /i db::setAttr geometry -of [gi::getDialogs {saRunConfirmationDialog} -parent [gi::getWindows 4]] -value 400x140+558+309
[09:17:46.10] /m Information: Received ready-for-commands signal from background job "pw_shell_session0_job1" after 22 seconds. (PW_GUI-172)
[09:17:46.68] /i gi::pressButton {yes} -in [gi::getDialogs {saRunConfirmationDialog} -parent [gi::getWindows 4]]
[09:17:48.14] /r giWindowId 5
[09:17:48.16] /r giWindowGeometry 800x600
[09:17:50.17] /i gi::setActiveDialog [gi::getDialogs {xtBgNRunProgress} -parent [gi::getWindows 4]]
[09:17:50.22] /i db::setAttr geometry -of [gi::getDialogs {xtBgNRunProgress} -parent [gi::getWindows 4]] -value 532x66+518+393
[09:17:52.70] /i db::setAttr geometry -of [gi::getDialogs {xtBgNRunProgress} -parent [gi::getWindows 4]] -value 535x66+518+393
[09:17:53.02] /i db::setAttr geometry -of [gi::getDialogs {xtBgNRunProgress} -parent [gi::getWindows 4]] -value 549x66+518+393
[09:17:57.59] /i db::setAttr geometry -of [gi::getDialogs {xtBgNRunProgress} -parent [gi::getWindows 4]] -value 534x66+518+393
[09:17:58.92] /i gi::pressButton {ConsoleToggleButton} -in [db::getAttr statusbar -of [gi::getWindows 5]]
[09:18:01.73] /i db::setAttr geometry -of [gi::getDialogs {xtBgNRunProgress} -parent [gi::getWindows 4]] -value 480x66+518+393
[09:18:02.63] /i db::setAttr geometry -of [gi::getDialogs {xtBgNRunProgress} -parent [gi::getWindows 4]] -value 514x70+518+393
[09:18:09.51] /i db::setAttr geometry -of [gi::getDialogs {xtBgNRunProgress} -parent [gi::getWindows 4]] -value 527x70+518+393
[09:18:12.45] /r giWindowId 6
[09:18:12.47] /r giWindowGeometry 1024x768
[09:18:34.48] /m Information: Simulation completed successfully for design: group8/memory_array_write_test/schematic  (PW-651)
[09:18:41.75] /m Information: Evaluating and plotting completed for testbench: HSPICE_default in 7s
[09:18:43.72] /m Information: Launching Background pw_shell Server Process "cd /mnt/coe/workspace/ece/ece546-spr25/group8/group8_project && primewave -gui 0 -uniqueString 424077b79e1069ee9f074479862a2487237d0ff9c53bf8841ca54e530ed029672ebc769abb176a49cb75aef6edbd69d4 -python 0  -log pw_shell_session0_job2 -libDefFile /mnt/coe/workspace/ece/ece546-spr25/group8/group8_project/lib.defs". (PW_GUI-174)
[09:18:43.90] /r giWindowId 7
[09:18:43.92] /r giWindowGeometry 1024x768
[09:18:44.33] /i db::setAttr geometry -of [gi::getFrames 2] -value 1024x792+86+64
[09:18:48.98] /i db::setAttr maximized -of [gi::getFrames 2] -value true
[09:18:49.31] /i db::setAttr geometry -of [gi::getFrames 2] -value 1536x770+0+46
[09:18:56.90] /m Information: Received ready-for-commands signal from background job "pw_shell_session0_job2" after 13 seconds. (PW_GUI-172)
[09:19:14.27] /i gi::executeAction giCloseWindow -in [gi::getWindows 7]
[09:19:14.34] /i gi::setActiveWindow 6
[09:19:14.34] /i gi::setActiveWindow 6 -raise true
[09:19:15.15] /m Information: Waveform viewer exited normally.
[09:19:15.47] /m Information: Launching Waveform Viewer "cd /mnt/coe/workspace/ece/ece546-spr25/group8/group8_project/synopsys_custom &&  /mnt/apps/public/COE/synopsys_apps/primewave/W-2024.09-SP1-2/bin/../auxx/auxx_for_cc/../../linux64/swv/bin/swv  -bg_gui -k -cdesigner -ptype wv -spxkey /mnt/apps/public/COE/synopsys_apps/primewave/W-2024.09-SP1-2/auxx/auxx_for_cc/waveform/sae.spxkey -spxrc /tmp/tmp_sae_spxrc_E1zDIp -unique_string 424077b79e1069ee9f074479862a2487237d0ff9c53bf8841ca54e530ed029672ebc769abb176a4957a25ec056796887 -lic_type 2   -parent_cc_pid 1222756  > /mnt/coe/workspace/ece/ece546-spr25/group8/group8_project/synopsys_custom/viewer.log 2>&1"
[09:19:16.82] /i gi::setActiveWindow 4
[09:19:16.82] /i gi::setActiveWindow 4 -raise true
[09:19:24.19] /i gi::setActiveWindow 3
[09:19:24.19] /i gi::setActiveWindow 3 -raise true
[09:19:26.25] /# gi::executeAction {deSelectActive} -in [gi::getWindows 3]
[09:19:26.25] /i de::deselectAll [db::getNext [de::getContexts -window 3]]
[09:19:26.25] /i de::select [de::getActiveFigure [gi::getWindows 3] -point {5.00625 11.98125} -index 0 -intent none]
[09:19:26.25] /o oa:0x3c611ae0
[09:19:26.49] /i ::se::internal::descendInst 3 [de::getActiveFigure [gi::getWindows 3] -point {5.00625 11.98125} -index 0 -intent none] auto
[09:19:26.62] /# ide::descend 3 -inPlace false -readOnly auto
[09:19:26.78] /# Navigating to group8/sram_6t/schematic (I8)
[09:19:27.04] /r giWindowGeometry 1305x777
[09:19:29.62] /# gi::executeAction {deSelectActive} -in [gi::getWindows 3]
[09:19:29.62] /i de::deselectAll [db::getNext [de::getContexts -window 3]]
[09:19:29.63] /i de::select [de::getActiveFigure [gi::getWindows 3] -point {2.01875 2.1} -index 0 -intent none]
[09:19:29.63] /o oa:0x43799d50
[09:19:30.13] /i gi::executeAction {sePropertyEditorToggle} -in [gi::getWindows 3]
[09:19:30.13] /# db::setAttr shown -of [gi::getAssistants dePropertyEditor -from [gi::getWindows 3]] -value true
[09:19:31.76] /i db::setAttr geometry -of [gi::getAssistants dePropertyEditor -from [gi::getWindows 3]] -value 395x845+28+25
[09:19:34.17] /# gi::executeAction {deSelectActive} -in [gi::getWindows 3]
[09:19:34.17] /i de::deselectAll [db::getNext [de::getContexts -window 3]]
[09:19:34.18] /i de::select [de::getActiveFigure [gi::getWindows 3] -point {3.81875 2.18125} -index 0 -intent none]
[09:19:34.18] /o oa:0x48fa0a00
[09:19:36.91] /# gi::executeAction {deSelectActive} -in [gi::getWindows 3]
[09:19:36.91] /i de::deselectAll [db::getNext [de::getContexts -window 3]]
[09:19:36.91] /i de::select [de::getActiveFigure [gi::getWindows 3] -point {3.79375 1.3375} -index 0 -intent none]
[09:19:36.91] /o oa:0x4b1758c0
[09:19:39.15] /# gi::executeAction {deSelectActive} -in [gi::getWindows 3]
[09:19:39.15] /i de::deselectAll [db::getNext [de::getContexts -window 3]]
[09:19:39.15] /i de::select [de::getActiveFigure [gi::getWindows 3] -point {2.04375 1.2875} -index 0 -intent none]
[09:19:39.15] /o oa:0x499a1d60
[09:19:41.20] /# gi::executeAction {deSelectActive} -in [gi::getWindows 3]
[09:19:41.20] /i de::deselectAll [db::getNext [de::getContexts -window 3]]
[09:19:41.20] /i de::select [de::getActiveFigure [gi::getWindows 3] -point {4.7375 1.75625} -index 0 -intent none]
[09:19:41.20] /o oa:0x4b553570
[09:19:44.03] /i db::setAttr shown -of [gi::getAssistants dePropertyEditor -from [gi::getWindows 3]] -value false
[09:19:45.77] /i gi::setActiveWindow 4
[09:19:45.77] /i gi::setActiveWindow 4 -raise true
[09:19:52.04] /i gi::executeAction {menuPreShow} -in [gi::getWindows 4]
[09:19:52.04] /r giMenuAccess db::getNext [gi::getMenus saConsoleSimMenu -from [gi::getWindows 4]]
[09:19:53.26] /# gi::executeAction {saNetlistAndRun} -in [gi::getWindows 4]
[09:19:53.26] /i ::sa::_testSuite::isShowRunConfirmation 4 "isa::netlistAndRun" [sa::_utils::findRunMode 4]
[09:19:53.32] /i gi::setActiveDialog [gi::getDialogs {saRunConfirmationDialog} -parent [gi::getWindows 4]]
[09:19:53.59] /i db::setAttr geometry -of [gi::getDialogs {saRunConfirmationDialog} -parent [gi::getWindows 4]] -value 400x140+558+309
[09:19:55.82] /i gi::pressButton {yes} -in [gi::getDialogs {saRunConfirmationDialog} -parent [gi::getWindows 4]]
[09:19:59.51] /i gi::setActiveDialog [gi::getDialogs {xtBgNRunProgress} -parent [gi::getWindows 4]]
[09:19:59.61] /i db::setAttr geometry -of [gi::getDialogs {xtBgNRunProgress} -parent [gi::getWindows 4]] -value 532x66+518+393
[09:20:02.53] /i db::setAttr geometry -of [gi::getDialogs {xtBgNRunProgress} -parent [gi::getWindows 4]] -value 532x66+518+393
[09:20:06.83] /i db::setAttr geometry -of [gi::getDialogs {xtBgNRunProgress} -parent [gi::getWindows 4]] -value 549x66+518+393
[09:20:11.39] /i db::setAttr geometry -of [gi::getDialogs {xtBgNRunProgress} -parent [gi::getWindows 4]] -value 480x66+518+393
[09:20:13.02] /i db::setAttr geometry -of [gi::getDialogs {xtBgNRunProgress} -parent [gi::getWindows 4]] -value 514x70+518+393
[09:20:19.80] /i db::setAttr geometry -of [gi::getDialogs {xtBgNRunProgress} -parent [gi::getWindows 4]] -value 527x70+518+393
[09:20:48.36] /m Information: Simulation completed successfully for design: group8/memory_array_write_test/schematic  (PW-651)
[09:21:07.32] /m Information: Evaluating and plotting completed for testbench: HSPICE_default in 17s
[09:21:12.76] /r giWindowId 8
[09:21:12.78] /r giWindowGeometry 1024x768
[09:21:13.71] /i db::setAttr geometry -of [gi::getFrames 3] -value 1024x792+138+64
[09:21:18.17] /i db::setAttr maximized -of [gi::getFrames 3] -value true
[09:21:18.87] /i db::setAttr geometry -of [gi::getFrames 3] -value 1536x770+0+46
[09:22:23.71] /m Information: Feature 'SynopsysCustomSAE' checked in. (LICENSE-004)
[09:22:23.71] /m Information: Stopped sharing "Primewave" license. (WAVEFORM-111)
[09:22:23.71] /m Information: Stopped sharing "WaveView ADV" license. (WAVEFORM-111)
[09:22:23.77] /m Information: Send exit command to simulation server process stb.group8.memory_array_write_test.schematic.session0. (PW_GUI-979)
[09:22:25.04] /m Information: Stopping query due to no running simulation server process. (PW_GUI-710)
[09:22:58.67] /i gi::executeAction giCloseWindow -in [gi::getWindows 8]
[09:22:58.76] /i gi::setActiveWindow 5
[09:22:58.76] /i gi::setActiveWindow 5 -raise true
[09:22:59.50] /m Information: Waveform viewer exited normally.
[09:22:59.58] /m Information: Feature 'SynopsysCustomSAE' checked out. (LICENSE-003)
[09:22:59.92] /m Information: Launching Waveform Viewer "cd /mnt/coe/workspace/ece/ece546-spr25/group8/group8_project/synopsys_custom &&  /mnt/apps/public/COE/synopsys_apps/primewave/W-2024.09-SP1-2/bin/../auxx/auxx_for_cc/../../linux64/swv/bin/swv  -bg_gui -k -cdesigner -ptype wv -spxkey /mnt/apps/public/COE/synopsys_apps/primewave/W-2024.09-SP1-2/auxx/auxx_for_cc/waveform/sae.spxkey -spxrc /tmp/tmp_sae_spxrc_GozizR -unique_string 424077b79e1069ee9f074479862a2487237d0ff9c53bf8841ca54e530ed029672ebc769abb176a495362d62aec9e9235 -lic_type 0   -parent_cc_pid 1222756  > /mnt/coe/workspace/ece/ece546-spr25/group8/group8_project/synopsys_custom/viewer.log 2>&1"
[09:23:00.68] /i gi::setActiveWindow 4
[09:23:00.68] /i gi::setActiveWindow 4 -raise true
[09:23:02.23] /i gi::executeAction {menuPreShow} -in [gi::getWindows 4]
[09:23:02.23] /r giMenuAccess db::getNext [gi::getMenus saConsoleOutputsMenu -from [gi::getWindows 4]]
[09:23:03.09] /i gi::executeAction {menuPreShow} -in [gi::getWindows 4]
[09:23:03.09] /r giMenuAccess db::getNext [gi::getMenus saVariablesMenu -from [gi::getWindows 4]]
[09:23:03.89] /i gi::executeAction {menuPreShow} -in [gi::getWindows 4]
[09:23:03.89] /r giMenuAccess db::getNext [gi::getMenus saConsoleSetupMenu -from [gi::getWindows 4]]
[09:23:05.58] /# gi::executeAction {saEditConvergenceAids} -in [gi::getWindows 4]
[09:23:05.58] /i sa::showConvergenceAids -parent 4
[09:23:05.66] /i gi::setActiveDialog [gi::getDialogs {saConvergenceAidsSetup} -parent [gi::getWindows 4]]
[09:23:05.90] /i db::setAttr geometry -of [gi::getDialogs {saConvergenceAidsSetup} -parent [gi::getWindows 4]] -value 760x330+378+214
[09:23:08.67] /i gi::closeWindows [gi::getDialogs {saConvergenceAidsSetup} -parent [gi::getWindows 4]]
[09:23:10.78] /i gi::setActiveWindow 6
[09:23:10.78] /i gi::setActiveWindow 6 -raise true
[09:23:12.69] /i gi::setActiveWindow 4
[09:23:12.69] /i gi::setActiveWindow 4 -raise true
[09:23:21.31] /i gi::setActiveWindow 2
[09:23:21.31] /i gi::setActiveWindow 2 -raise true
[09:23:25.07] /i gi::setCurrentIndex {cells} -index {sram_6t_tb} -in [gi::getWindows 2]
[09:23:25.54] /i gi::setItemSelection {views} -index {HSPICE_default} -in [gi::getWindows 2]
[09:23:25.61] /i gi::setItemSelection {cells} -index {sram_6t_tb} -in [gi::getWindows 2]
[09:23:28.59] /i gi::setCurrentIndex {views} -index {schematic} -in [gi::getWindows 2]
[09:23:28.69] /i gi::setItemSelection {views} -index {schematic} -in [gi::getWindows 2]
[09:23:28.80] /i gi::executeAction {dmOpen} -in [gi::getWindows 2]
[09:23:28.96] /r giWindowId 9
[09:23:28.97] /r giWindowGeometry 1305x777
[09:23:33.56] /# gi::executeAction {deSelectActive} -in [gi::getWindows 9]
[09:23:33.56] /i de::deselectAll [db::getNext [de::getContexts -window 9]]
[09:23:33.56] /i de::select [de::getActiveFigure [gi::getWindows 9] -point {4.7375 1.4625} -index 0 -intent none]
[09:23:33.57] /o oa:0x43b7ddb0
[09:23:35.95] /# gi::executeAction {seButton1DragStart} -in [gi::getWindows 9]
[09:23:35.96] /i ise::stretch -object [de::getActiveFigure [gi::getWindows 9] -point {4.6625 1.31875} -index 0 -intent none] -point {4.6875 1.3125}
[09:23:38.58] /# gi::executeAction {deEndDrag} -in [gi::getWindows 9]
[09:23:38.58] /i de::endDrag {5.15625 2.26875} -context [db::getNext [de::getContexts -window 9]]
[09:23:40.42] /# gi::executeAction {seButton1DragStart} -in [gi::getWindows 9]
[09:23:40.42] /i ise::stretch -object [de::getActiveFigure [gi::getWindows 9] -point {4.625 1.30625} -index 0 -intent none] -point {4.625 1.3125}
[09:23:42.89] /# gi::executeAction {deEndDrag} -in [gi::getWindows 9]
[09:23:42.89] /i de::endDrag {4.6125 1.325} -context [db::getNext [de::getContexts -window 9]]
[09:23:44.01] /# gi::executeAction {deSelectActive} -in [gi::getWindows 9]
[09:23:44.01] /i de::deselectAll [db::getNext [de::getContexts -window 9]]
[09:23:44.01] /i de::select [de::getActiveFigure [gi::getWindows 9] -point {4.8125 1.3125} -index 0 -intent none]
[09:23:44.01] /o oa:0x4521c580
[09:23:44.68] /# gi::executeAction {seDelete} -in [gi::getWindows 9]
[09:23:44.68] /i ise::delete
[09:23:46.42] /# gi::executeAction {seSchCreateWire} -in [gi::getWindows 9]
[09:23:46.42] /i ise::createWire
[09:23:50.03] /# gi::executeAction {deAddPoint} -in [gi::getWindows 9]
[09:23:50.03] /i de::addPoint {5.15 1.31875} -context [db::getNext [de::getContexts -window 9]]
[09:23:50.29] /i de::setCursor -point {5.125 1.375 }
[09:23:50.30] /i de::setCursor -point {5 1.4375 }
[09:23:50.35] /i de::setCursor -point {4.75 1.75 }
[09:23:52.12] /# gi::executeAction {deAddPoint} -in [gi::getWindows 9]
[09:23:52.12] /i de::addPoint {4.29375 2.43125} -context [db::getNext [de::getContexts -window 9]]
[09:23:58.01] /# gi::executeAction {deAddPoint} -in [gi::getWindows 9]
[09:23:58.01] /i de::addPoint {2.06875 2.4875} -context [db::getNext [de::getContexts -window 9]]
[09:23:58.90] /# gi::executeAction {deStartDrag} -in [gi::getWindows 9]
[09:23:58.90] /i de::startDrag {2.06875 2.4875} -context [db::getNext [de::getContexts -window 9]]
[09:23:58.92] /i de::setCursor -point {2 2.5 }
[09:23:58.97] /i de::setCursor -point {2 2.4375 }
[09:23:58.99] /i de::setCursor -point {1.9375 2.4375 }
[09:23:59.49] /i de::setCursor -point {1.9375 2.375 }
[09:23:59.56] /i de::setCursor -point {1.875 2.375 }
[09:23:59.98] /# gi::executeAction {deEndDrag} -in [gi::getWindows 9]
[09:23:59.98] /i de::endDrag {1.9 2.35625} -context [db::getNext [de::getContexts -window 9]]
[09:24:01.97] /# gi::executeAction {deAddPoint} -in [gi::getWindows 9]
[09:24:01.97] /i de::addPoint {2.06875 2.4875} -context [db::getNext [de::getContexts -window 9]]
[09:24:03.12] /# gi::executeAction {seDelete} -in [gi::getWindows 9]
[09:24:03.12] /i ise::delete
[09:24:04.97] /# gi::executeAction {deAddPoint} -in [gi::getWindows 9]
[09:24:04.97] /i de::addPoint {2.03125 2.49375} -context [db::getNext [de::getContexts -window 9]]
[09:24:12.33] /# gi::executeAction {seSchCheckAndSave} -in [gi::getWindows 9]
[09:24:12.33] /i  ::startup::_checkAndSave 
[09:24:13.58] /m Information: 
[09:24:13.58] /o Checking "group8/sram_6t_tb/schematic"
[09:24:13.59] /o No rule violations found in "group8/sram_6t_tb/schematic"
[09:24:13.59] /m Information: Checking process is completed: marking the design violations
[09:24:15.58] /m Information: Marking of designs is completed
[09:24:24.12] /i gi::setActiveWindow 2
[09:24:24.13] /i gi::setActiveWindow 2 -raise true
[09:24:27.06] /i gi::setCurrentIndex {views} -index {HSPICE_default_2} -in [gi::getWindows 2]
[09:24:27.20] /i gi::setItemSelection {views} -index {HSPICE_default_2} -in [gi::getWindows 2]
[09:24:32.25] /i gi::executeAction {dmOpen} -in [gi::getWindows 2]
[09:24:32.50] /m Information: Started sharing "WaveView ADV" license. (WAVEFORM-110)
[09:24:32.50] /m Information: Started sharing "Primewave" license. (WAVEFORM-110)
[09:24:33.00] /r giWindowId 10
[09:24:33.02] /r giWindowGeometry 600x500
[09:24:33.27] /r giWindowGeometry 600x500
[09:24:34.29] /m Information: Launching Background pw_shell Server Process "cd /mnt/coe/workspace/ece/ece546-spr25/group8/group8_project && primewave -gui 0 -uniqueString 424077b79e1069ee9f074479862a2487237d0ff9c53bf8841ca54e530ed029672ebc769abb176a49c81b1980e22850af -python 0  -log pw_shell_session1_job1 -libDefFile /mnt/coe/workspace/ece/ece546-spr25/group8/group8_project/lib.defs". (PW_GUI-174)
[09:24:34.77] /m Information: Launching Simulation Server Process "cd /mnt/coe/workspace/ece/ece546-spr25/group8/group8_project && sh /mnt/coe/workspace/ece/ece546-spr25/group8/group8_project/synopsys_custom/sim_server/custom_compiler.hrajesh/stb.group8.sram_6t_tb.schematic.session1/runSimServer ". (PW_GUI-711)
[09:24:37.20] /i gi::executeAction {menuPreShow} -in [gi::getWindows 10]
[09:24:37.20] /r giMenuAccess db::getNext [gi::getMenus saConsoleSimMenu -from [gi::getWindows 10]]
[09:24:38.57] /# gi::executeAction {saNetlistAndRun} -in [gi::getWindows 10]
[09:24:38.57] /i ::sa::_testSuite::isShowRunConfirmation 10 "isa::netlistAndRun" [sa::_utils::findRunMode 10]
[09:24:38.63] /i gi::setActiveDialog [gi::getDialogs {saRunConfirmationDialog} -parent [gi::getWindows 10]]
[09:24:38.90] /i db::setAttr geometry -of [gi::getDialogs {saRunConfirmationDialog} -parent [gi::getWindows 10]] -value 400x140+558+309
[09:24:40.84] /i gi::pressButton {yes} -in [gi::getDialogs {saRunConfirmationDialog} -parent [gi::getWindows 10]]
[09:24:44.36] /i gi::setActiveDialog [gi::getDialogs {xtBgNRunProgress} -parent [gi::getWindows 10]]
[09:24:44.40] /i db::setAttr geometry -of [gi::getDialogs {xtBgNRunProgress} -parent [gi::getWindows 10]] -value 532x66+518+393
[09:24:49.20] /m Information: Received ready-for-commands signal from background job "pw_shell_session1_job1" after 15 seconds. (PW_GUI-172)
[09:24:53.99] /i db::setAttr geometry -of [gi::getDialogs {xtBgNRunProgress} -parent [gi::getWindows 10]] -value 555x66+518+393
[09:24:58.41] /i db::setAttr geometry -of [gi::getDialogs {xtBgNRunProgress} -parent [gi::getWindows 10]] -value 555x66+518+393
[09:25:03.30] /i db::setAttr geometry -of [gi::getDialogs {xtBgNRunProgress} -parent [gi::getWindows 10]] -value 540x66+518+393
[09:25:03.99] /i db::setAttr geometry -of [gi::getDialogs {xtBgNRunProgress} -parent [gi::getWindows 10]] -value 534x70+518+393
[09:25:04.66] /i db::setAttr geometry -of [gi::getDialogs {xtBgNRunProgress} -parent [gi::getWindows 10]] -value 534x70+518+393
[09:25:12.08] /i db::setAttr geometry -of [gi::getDialogs {xtBgNRunProgress} -parent [gi::getWindows 10]] -value 533x70+518+393
[09:25:16.91] /r giWindowId 11
[09:25:16.94] /r giWindowGeometry 1024x768
[09:25:44.26] /m Information: Simulation completed successfully for design: group8/sram_6t_tb/schematic  (PW-651)
[09:25:48.59] /i gi::setActiveWindow 10
[09:25:48.59] /i gi::setActiveWindow 10 -raise true
[09:25:51.99] /e Error: Evaluating 'v(/I0/~Q)' Analysis=tran Result=tran:No signal 
[09:25:51.99] /m Information: Evaluating and plotting completed for testbench: HSPICE_default_2 in 7s
[09:25:53.77] /m Information: Launching Background pw_shell Server Process "cd /mnt/coe/workspace/ece/ece546-spr25/group8/group8_project && primewave -gui 0 -uniqueString 424077b79e1069ee9f074479862a2487237d0ff9c53bf8841ca54e530ed029672ebc769abb176a49e9f325bf33ed0ada -python 0  -log pw_shell_session1_job2 -libDefFile /mnt/coe/workspace/ece/ece546-spr25/group8/group8_project/lib.defs". (PW_GUI-174)
[09:25:53.95] /r giWindowId 12
[09:25:53.98] /r giWindowGeometry 1024x768
[09:25:54.40] /i db::setAttr geometry -of [gi::getFrames 4] -value 1024x792+164+64
[09:25:57.34] /i gi::setActiveWindow 10
[09:25:57.34] /i gi::setActiveWindow 10 -raise true
[09:25:57.35] /i db::setAttr iconified -of [gi::getFrames 4] -value true
[09:25:57.61] /i db::setAttr geometry -of [gi::getFrames 4] -value 1024x792+0+23
[09:26:01.53] /i gi::setActiveWindow 12
[09:26:01.53] /i gi::setActiveWindow 12 -raise true
[09:26:01.55] /i db::setAttr iconified -of [gi::getFrames 4] -value false
[09:26:01.81] /i db::setAttr geometry -of [gi::getFrames 4] -value 1024x792+164+64
[09:26:03.47] /i db::setAttr maximized -of [gi::getFrames 4] -value true
[09:26:03.70] /i db::setAttr geometry -of [gi::getFrames 4] -value 1536x770+0+46
[09:26:07.10] /m Information: Received ready-for-commands signal from background job "pw_shell_session1_job2" after 14 seconds. (PW_GUI-172)
[09:26:29.95] /i gi::executeAction giCloseWindow -in [gi::getWindows 12]
[09:26:30.03] /i gi::setActiveWindow 10
[09:26:30.03] /i gi::setActiveWindow 10 -raise true
[09:26:30.87] /m Information: Waveform viewer exited normally.
[09:26:32.90] /m Information: Launching Waveform Viewer "cd /mnt/coe/workspace/ece/ece546-spr25/group8/group8_project/synopsys_custom &&  /mnt/apps/public/COE/synopsys_apps/primewave/W-2024.09-SP1-2/bin/../auxx/auxx_for_cc/../../linux64/swv/bin/swv  -bg_gui -k -cdesigner -ptype wv -spxkey /mnt/apps/public/COE/synopsys_apps/primewave/W-2024.09-SP1-2/auxx/auxx_for_cc/waveform/sae.spxkey -spxrc /tmp/tmp_sae_spxrc_5Mvl02 -unique_string 424077b79e1069ee9f074479862a2487237d0ff9c53bf8841ca54e530ed029672ebc769abb176a492520b40a3828cef3 -lic_type 2   -parent_cc_pid 1222756  > /mnt/coe/workspace/ece/ece546-spr25/group8/group8_project/synopsys_custom/viewer.log 2>&1"
[09:26:33.88] /i gi::setActiveWindow 11
[09:26:33.88] /i gi::setActiveWindow 11 -raise true
[09:26:35.21] /i gi::setActiveWindow 9
[09:26:35.21] /i gi::setActiveWindow 9 -raise true
[09:26:36.97] /# gi::executeAction {deAddPoint} -in [gi::getWindows 9]
[09:26:36.97] /i de::addPoint {3.43125 2.1} -context [db::getNext [de::getContexts -window 9]]
[09:26:37.41] /# gi::executeAction {deCompleteShape} -in [gi::getWindows 9]
[09:26:37.41] /i de::completeShape -context [db::getNext [de::getContexts -window 9]]
[09:26:39.60] /# gi::executeAction {deAbortCommand} -in [gi::getWindows 9]
[09:26:39.60] /i de::abortCommand -context [db::getNext [de::getContexts -window 9]]
[09:26:40.71] /# gi::executeAction {deUndo} -in [gi::getWindows 9]
[09:26:40.71] /i de::undoTransaction -design [db::getAttr editDesign -of [db::getNext [de::getContexts -window 9]]]
[09:26:42.37] /# gi::executeAction {deSelectActive} -in [gi::getWindows 9]
[09:26:42.37] /i de::deselectAll [db::getNext [de::getContexts -window 9]]
[09:26:42.37] /i de::select [de::getActiveFigure [gi::getWindows 9] -point {3.325 2.275} -index 0 -intent none]
[09:26:42.37] /o oa:0x449c8610
[09:26:42.66] /i ::se::internal::descendInst 9 [de::getActiveFigure [gi::getWindows 9] -point {3.325 2.275} -index 0 -intent none] auto
[09:26:42.76] /# ide::descend 9 -inPlace false -readOnly auto
[09:26:42.86] /# Navigating to group8/sram_6t/schematic (I0)
[09:26:42.87] /r giWindowGeometry 1305x777
[09:26:48.42] /# gi::executeAction {deSelectActive} -in [gi::getWindows 9]
[09:26:48.42] /i de::deselectAll [db::getNext [de::getContexts -window 9]]
[09:26:48.42] /i de::select [de::getActiveFigure [gi::getWindows 9] -point {3.80625 1.36875} -index 0 -intent none]
[09:26:48.42] /o oa:0x4511e9b0
[09:26:49.87] /i gi::executeAction {sePropertyEditorToggle} -in [gi::getWindows 9]
[09:26:49.87] /# db::setAttr shown -of [gi::getAssistants dePropertyEditor -from [gi::getWindows 9]] -value true
[09:26:51.44] /i db::setAttr geometry -of [gi::getAssistants dePropertyEditor -from [gi::getWindows 9]] -value 395x845+28+25
[09:26:52.09] /i gi::setItemSelection {parameters} -index {nfin,all} -in [gi::getAssistants dePropertyEditor -from [gi::getWindows 9]]
[09:26:52.09] /i gi::setCurrentIndex {parameters} -index {nfin,Value} -in [gi::getAssistants dePropertyEditor -from [gi::getWindows 9]]
[09:26:53.96] /i gi::setField {parameters} -value {2} -index {nfin,Value} -in [gi::getAssistants dePropertyEditor -from [gi::getWindows 9]]
[09:26:54.06] /i gi::executeAction dePropertyEditorApplyChanges -in [gi::getAssistants dePropertyEditor -from [gi::getWindows 9]]
[09:26:56.59] /# gi::executeAction {deSelectActive} -in [gi::getWindows 9]
[09:26:56.59] /i de::deselectAll [db::getNext [de::getContexts -window 9]]
[09:26:56.59] /i de::select [de::getActiveFigure [gi::getWindows 9] -point {3.8 2.1625} -index 0 -intent none]
[09:26:56.59] /o oa:0x44a2fb90
[09:26:57.96] /i gi::setItemSelection {parameters} -index {nfin,all} -in [gi::getAssistants dePropertyEditor -from [gi::getWindows 9]]
[09:26:57.96] /i gi::setCurrentIndex {parameters} -index {nfin,Value} -in [gi::getAssistants dePropertyEditor -from [gi::getWindows 9]]
[09:27:00.82] /i gi::setField {parameters} -value {4} -index {nfin,Value} -in [gi::getAssistants dePropertyEditor -from [gi::getWindows 9]]
[09:27:00.92] /i gi::executeAction dePropertyEditorApplyChanges -in [gi::getAssistants dePropertyEditor -from [gi::getWindows 9]]
[09:27:03.19] /# gi::executeAction {deSelectActive} -in [gi::getWindows 9]
[09:27:03.19] /i de::deselectAll [db::getNext [de::getContexts -window 9]]
[09:27:03.19] /i de::select [de::getActiveFigure [gi::getWindows 9] -point {1.9125 2.175} -index 0 -intent none]
[09:27:03.19] /o oa:0x4da07490
[09:27:04.78] /i gi::setItemSelection {parameters} -index {nfin,all} -in [gi::getAssistants dePropertyEditor -from [gi::getWindows 9]]
[09:27:04.78] /i gi::setCurrentIndex {parameters} -index {nfin,Value} -in [gi::getAssistants dePropertyEditor -from [gi::getWindows 9]]
[09:27:06.69] /i gi::setField {parameters} -value {4} -index {nfin,Value} -in [gi::getAssistants dePropertyEditor -from [gi::getWindows 9]]
[09:27:06.79] /i gi::executeAction dePropertyEditorApplyChanges -in [gi::getAssistants dePropertyEditor -from [gi::getWindows 9]]
[09:27:08.90] /# gi::executeAction {deSelectActive} -in [gi::getWindows 9]
[09:27:08.90] /i de::deselectAll [db::getNext [de::getContexts -window 9]]
[09:27:08.90] /i de::select [de::getActiveFigure [gi::getWindows 9] -point {2.05625 1.26875} -index 0 -intent none]
[09:27:08.91] /o oa:0x4580efc0
[09:27:10.42] /i gi::setItemSelection {parameters} -index {nfin,all} -in [gi::getAssistants dePropertyEditor -from [gi::getWindows 9]]
[09:27:10.42] /i gi::setCurrentIndex {parameters} -index {nfin,Value} -in [gi::getAssistants dePropertyEditor -from [gi::getWindows 9]]
[09:27:11.98] /i gi::setField {parameters} -value {2} -index {nfin,Value} -in [gi::getAssistants dePropertyEditor -from [gi::getWindows 9]]
[09:27:12.06] /i gi::executeAction dePropertyEditorApplyChanges -in [gi::getAssistants dePropertyEditor -from [gi::getWindows 9]]
[09:27:14.93] /i db::setAttr shown -of [gi::getAssistants dePropertyEditor -from [gi::getWindows 9]] -value false
[09:27:16.49] /# gi::executeAction {seSchCheckAndSave} -in [gi::getWindows 9]
[09:27:16.49] /i  ::startup::_checkAndSave 
[09:27:16.61] /m Information: 
              /c Cross view checking for group8/sram_6t/symbol with group8/sram_6t/schematic
              /c No violations found. (DE_EDIT-007)
[09:27:16.61] /m Information: 
[09:27:16.61] /o Checking "group8/sram_6t/schematic"
[09:27:16.61] /o No rule violations found in "group8/sram_6t/schematic"
[09:27:16.61] /m Information: Checking process is completed: marking the design violations
[09:27:17.01] /m Information: Marking of designs is completed
[09:27:30.56] /# gi::executeAction {deUpdateCellview} -in [gi::getWindows 9]
[09:27:30.57] /i db::showUpdateCellView -parent 9
[09:27:31.22] /i gi::setActiveDialog [gi::getDialogs {dbUpdateCellView} -parent [gi::getWindows 9]]
[09:27:31.93] /i db::setAttr geometry -of [gi::getDialogs {dbUpdateCellView} -parent [gi::getWindows 9]] -value 474x323+588+318
[09:27:33.13] /i gi::pressButton {/ok} -in [gi::getDialogs {dbUpdateCellView} -parent [gi::getWindows 9]]
[09:27:33.58] /r giWindowId 13
[09:27:33.61] /r giWindowGeometry 1305x777
[09:27:36.86] /i gi::setActiveWindow 9
[09:27:36.86] /i gi::setActiveWindow 9 -raise true
[09:27:38.13] /# gi::executeAction {deReturn} -in [gi::getWindows 9]
[09:27:38.13] /i de::return [db::getNext [de::getContexts -window 9]] -errorOnFail false
[09:27:38.33] /# Navigating to group8/sram_6t_tb/schematic
[09:27:38.33] /r giWindowGeometry 1305x777
[09:27:46.64] /# gi::executeAction {seSchCheckAndSave} -in [gi::getWindows 9]
[09:27:46.64] /i  ::startup::_checkAndSave 
[09:27:46.78] /m Information: 
[09:27:46.78] /o Checking "group8/sram_6t_tb/schematic"
[09:27:46.79] /o No rule violations found in "group8/sram_6t_tb/schematic"
[09:27:46.79] /m Information: Checking process is completed: marking the design violations
[09:27:47.16] /m Information: Marking of designs is completed
[09:27:53.77] /i gi::setActiveWindow 10
[09:27:53.77] /i gi::setActiveWindow 10 -raise true
[09:27:56.80] /i gi::setCurrentIndex {outputsTable} -index {3,1} -in [gi::getWindows 10]
[09:27:56.80] /i gi::setItemSelection {outputsTable} -index {3,1} -in [gi::getWindows 10]
[09:27:57.34] /i gi::setField {outputsTable} -index {3,1} -value {v(/I0/~Q)} -in [gi::getWindows 10]
[09:28:01.00] /# gi::executeAction {saDelete} -in [gi::getWindows 10]
[09:28:01.00] /i sa::deleteSelected -window 10
[09:28:01.00] /i gi::setCurrentIndex {outputsTable} -index {2,0} -in [gi::getWindows 10]
[09:28:01.00] /i gi::setItemSelection {outputsTable} -index {2,0-24} -in [gi::getWindows 10]
[09:28:02.63] /i gi::setCurrentIndex {outputsTable} -index {4,1} -in [gi::getWindows 10]
[09:28:02.63] /i gi::setItemSelection {outputsTable} -index {} -in [gi::getWindows 10]
[09:28:04.81] /i sa::selectOutputs -outputIndex 4 -useCustomColors true -testbench [ss::getActiveTestbench]
[09:28:09.03] /# gi::executeAction {deAddPoint} -in [gi::getWindows 9]
[09:28:09.03] /i de::addPoint {3.29375 2.48125} -context [db::getNext [de::getContexts -window 9]]
[09:28:09.26] /# gi::executeAction {deCompleteShape} -in [gi::getWindows 9]
[09:28:09.26] /i de::completeShape -context [db::getNext [de::getContexts -window 9]]
[09:28:09.39] /# Navigating to group8/sram_6t/schematic (I0)
[09:28:09.39] /r giWindowGeometry 1305x777
[09:28:12.50] /# gi::executeAction {deAddPoint} -in [gi::getWindows 9]
[09:28:12.50] /i de::addPoint {1.94375 1.91875} -context [db::getNext [de::getContexts -window 9]]
[09:28:15.78] /i gi::executeAction {menuPreShow} -in [gi::getWindows 10]
[09:28:15.78] /r giMenuAccess db::getNext [gi::getMenus saConsoleSimMenu -from [gi::getWindows 10]]
[09:28:17.24] /# gi::executeAction {saNetlistAndRun} -in [gi::getWindows 10]
[09:28:17.24] /i ::sa::_testSuite::isShowRunConfirmation 10 "isa::netlistAndRun" [sa::_utils::findRunMode 10]
[09:28:17.30] /i gi::setActiveDialog [gi::getDialogs {saRunConfirmationDialog} -parent [gi::getWindows 10]]
[09:28:17.53] /i db::setAttr geometry -of [gi::getDialogs {saRunConfirmationDialog} -parent [gi::getWindows 10]] -value 400x140+558+309
[09:28:18.87] /i gi::pressButton {yes} -in [gi::getDialogs {saRunConfirmationDialog} -parent [gi::getWindows 10]]
[09:28:20.81] /r giDialog gi::setActiveDialog [gi::getDialogs {xtShowDesignsPrompt}]
[09:28:20.81] /r giDialog gi::setCurrentIndex {target} -index {0,0} -in [gi::getDialogs {xtShowDesignsPrompt}]
[09:28:21.00] /r giDialog db::setAttr geometry -of [gi::getDialogs {xtShowDesignsPrompt}] -value 649x294+434+245
[09:28:22.30] /r giDialog gi::pressButton {ok} -in [gi::getDialogs {xtShowDesignsPrompt}]
[09:28:22.48] /m Information: 
[09:28:22.48] /o Checking "group8/memory_array_write_test/schematic"
[09:28:22.48] /o 	[warning] Shorted Output Pins
[09:28:22.48] /o 		Output pin 'Y0' on instance 'I9' is shorted to the following output pin(s): 'Y7' on instance 'I9'
[09:28:22.48] /o 		Output pin 'Y7' on instance 'I9' is shorted to the following output pin(s): 'Y0' on instance 'I9'
[09:28:22.49] /o 0 Error(s),2 Warning(s),0 Message(s) found   in "group8/memory_array_write_test/schematic"
[09:28:22.54] /o No Design Integrity rule violations found in "group8/memory_array_write_test/schematic"
[09:28:22.54] /m Information: Checking process is completed: marking the design violations
[09:28:22.57] /m Information: Marking of designs is completed
[09:28:25.01] /i gi::setActiveDialog [gi::getDialogs {xtBgNRunProgress} -parent [gi::getWindows 10]]
[09:28:25.10] /i db::setAttr geometry -of [gi::getDialogs {xtBgNRunProgress} -parent [gi::getWindows 10]] -value 532x66+518+393
[09:28:28.12] /i db::setAttr geometry -of [gi::getDialogs {xtBgNRunProgress} -parent [gi::getWindows 10]] -value 535x66+518+393
[09:28:28.54] /i db::setAttr geometry -of [gi::getDialogs {xtBgNRunProgress} -parent [gi::getWindows 10]] -value 555x66+518+393
[09:28:32.43] /i db::setAttr geometry -of [gi::getDialogs {xtBgNRunProgress} -parent [gi::getWindows 10]] -value 555x66+518+393
[09:28:36.59] /i db::setAttr geometry -of [gi::getDialogs {xtBgNRunProgress} -parent [gi::getWindows 10]] -value 480x66+518+393
[09:28:38.02] /i db::setAttr geometry -of [gi::getDialogs {xtBgNRunProgress} -parent [gi::getWindows 10]] -value 534x70+518+393
[09:28:44.07] /i db::setAttr geometry -of [gi::getDialogs {xtBgNRunProgress} -parent [gi::getWindows 10]] -value 533x70+518+393
[09:29:13.04] /m Information: Simulation completed successfully for design: group8/sram_6t_tb/schematic  (PW-651)
[09:29:22.27] /m Information: Evaluating and plotting completed for testbench: HSPICE_default_2 in 6s
[09:29:22.30] /r giWindowId 14
[09:29:22.33] /r giWindowGeometry 1024x768
[09:29:22.73] /i db::setAttr geometry -of [gi::getFrames 5] -value 1024x792+190+64
[09:29:27.80] /i db::setAttr maximized -of [gi::getFrames 5] -value true
[09:29:28.10] /i db::setAttr geometry -of [gi::getFrames 5] -value 1536x770+0+46
[09:29:37.71] /m Information: Feature 'SynopsysCustomSAE' checked in. (LICENSE-004)
[09:29:37.71] /m Information: Stopped sharing "Primewave" license. (WAVEFORM-111)
[09:29:37.72] /m Information: Stopped sharing "WaveView ADV" license. (WAVEFORM-111)
[09:29:37.77] /m Information: Send exit command to simulation server process stb.group8.sram_6t_tb.schematic.session1. (PW_GUI-979)
[09:29:39.33] /m Information: Stopping query due to no running simulation server process. (PW_GUI-710)
[09:29:49.20] /i gi::executeAction giCloseWindow -in [gi::getWindows 14]
[09:29:49.27] /i gi::setActiveWindow 5
[09:29:49.27] /i gi::setActiveWindow 5 -raise true
[09:29:50.00] /m Information: Waveform viewer exited normally.
[09:29:50.11] /m Information: Feature 'SynopsysCustomSAE' checked out. (LICENSE-003)
[09:29:50.41] /m Information: Launching Waveform Viewer "cd /mnt/coe/workspace/ece/ece546-spr25/group8/group8_project/synopsys_custom &&  /mnt/apps/public/COE/synopsys_apps/primewave/W-2024.09-SP1-2/bin/../auxx/auxx_for_cc/../../linux64/swv/bin/swv  -bg_gui -k -cdesigner -ptype wv -spxkey /mnt/apps/public/COE/synopsys_apps/primewave/W-2024.09-SP1-2/auxx/auxx_for_cc/waveform/sae.spxkey -spxrc /tmp/tmp_sae_spxrc_5dmBxN -unique_string 424077b79e1069ee9f074479862a2487237d0ff9c53bf8841ca54e530ed029672ebc769abb176a4906e5ada6fc6a863f -lic_type 0   -parent_cc_pid 1222756  > /mnt/coe/workspace/ece/ece546-spr25/group8/group8_project/synopsys_custom/viewer.log 2>&1"
[09:29:52.74] /i gi::setActiveWindow 4
[09:29:52.74] /i gi::setActiveWindow 4 -raise true
[09:29:55.49] /i gi::setActiveWindow 9
[09:29:55.49] /i gi::setActiveWindow 9 -raise true
[09:29:57.55] /# gi::executeAction {deReturn} -in [gi::getWindows 9]
[09:29:57.55] /i de::return [db::getNext [de::getContexts -window 9]] -errorOnFail false
[09:29:57.74] /# Navigating to group8/sram_6t_tb/schematic
[09:29:57.75] /r giWindowGeometry 1305x777
[09:30:06.18] /i gi::setActiveWindow 10
[09:30:06.18] /i gi::setActiveWindow 10 -raise true
[09:30:08.51] /i gi::setActiveWindow 9
[09:30:08.51] /i gi::setActiveWindow 9 -raise true
[09:30:12.09] /i gi::setActiveWindow 2
[09:30:12.09] /i gi::setActiveWindow 2 -raise true
[09:30:16.65] /i gi::setCurrentIndex {cells} -index {memory_array_write_test} -in [gi::getWindows 2]
[09:30:17.03] /i gi::setItemSelection {cells} -index {memory_array_write_test} -in [gi::getWindows 2]
[09:30:19.49] /i gi::setCurrentIndex {views} -index {schematic} -in [gi::getWindows 2]
[09:30:19.58] /i gi::setItemSelection {views} -index {schematic} -in [gi::getWindows 2]
[09:30:19.73] /i gi::executeAction {dmOpen} -in [gi::getWindows 2]
[09:30:19.77] /r giWindowId 15
[09:30:19.80] /r giWindowGeometry 1305x777
[09:30:23.17] /# gi::executeAction {seSchCheckAndSave} -in [gi::getWindows 15]
[09:30:23.17] /i  ::startup::_checkAndSave 
[09:30:23.30] /m Information: 
[09:30:23.30] /o Checking "group8/memory_array_write_test/schematic"
[09:30:23.30] /o 	[warning] Shorted Output Pins
[09:30:23.30] /o 		Output pin 'Y0' on instance 'I9' is shorted to the following output pin(s): 'Y7' on instance 'I9'
[09:30:23.30] /o 		Output pin 'Y7' on instance 'I9' is shorted to the following output pin(s): 'Y0' on instance 'I9'
[09:30:23.30] /o 0 Error(s),2 Warning(s),0 Message(s) found   in "group8/memory_array_write_test/schematic"
[09:30:23.30] /m Information: Checking process is completed: marking the design violations
[09:30:23.77] /m Information: Marking of designs is completed
[09:30:26.35] /i gi::setActiveWindow 10
[09:30:26.35] /i gi::setActiveWindow 10 -raise true
[09:30:29.03] /i gi::setActiveWindow 4
[09:30:29.03] /i gi::setActiveWindow 4 -raise true
[09:30:30.84] /i gi::executeAction {menuPreShow} -in [gi::getWindows 4]
[09:30:30.84] /r giMenuAccess db::getNext [gi::getMenus saConsoleSimMenu -from [gi::getWindows 4]]
[09:30:32.27] /# gi::executeAction {saNetlistAndRun} -in [gi::getWindows 4]
[09:30:32.27] /i ::sa::_testSuite::isShowRunConfirmation 4 "isa::netlistAndRun" [sa::_utils::findRunMode 4]
[09:30:32.34] /i gi::setActiveDialog [gi::getDialogs {saRunConfirmationDialog} -parent [gi::getWindows 4]]
[09:30:32.60] /i db::setAttr geometry -of [gi::getDialogs {saRunConfirmationDialog} -parent [gi::getWindows 4]] -value 400x140+558+309
[09:30:34.11] /i gi::pressButton {yes} -in [gi::getDialogs {saRunConfirmationDialog} -parent [gi::getWindows 4]]
[09:30:34.30] /m Information: Started sharing "WaveView ADV" license. (WAVEFORM-110)
[09:30:34.30] /m Information: Started sharing "Primewave" license. (WAVEFORM-110)
[09:30:36.23] /m Information: Launching Simulation Server Process "cd /mnt/coe/workspace/ece/ece546-spr25/group8/group8_project && sh /mnt/coe/workspace/ece/ece546-spr25/group8/group8_project/synopsys_custom/sim_server/custom_compiler.hrajesh/stb.group8.memory_array_write_test.schematic.session0/runSimServer ". (PW_GUI-711)
[09:30:38.43] /i db::setAttr geometry -of [gi::getDialogs {xtBgNRunProgress} -parent [gi::getWindows 4]] -value 532x66+518+393
[09:30:55.89] /i db::setAttr geometry -of [gi::getDialogs {xtBgNRunProgress} -parent [gi::getWindows 4]] -value 532x66+518+393
[09:31:01.10] /i db::setAttr geometry -of [gi::getDialogs {xtBgNRunProgress} -parent [gi::getWindows 4]] -value 549x66+518+393
[09:31:05.17] /i db::setAttr geometry -of [gi::getDialogs {xtBgNRunProgress} -parent [gi::getWindows 4]] -value 480x66+518+393
[09:31:06.43] /i db::setAttr geometry -of [gi::getDialogs {xtBgNRunProgress} -parent [gi::getWindows 4]] -value 514x70+518+393
[09:31:13.03] /i db::setAttr geometry -of [gi::getDialogs {xtBgNRunProgress} -parent [gi::getWindows 4]] -value 527x70+518+393
[09:31:41.65] /m Information: Simulation completed successfully for design: group8/memory_array_write_test/schematic  (PW-651)
[09:31:49.73] /m Information: Evaluating and plotting completed for testbench: HSPICE_default in 7s
[09:31:51.59] /m Information: Launching Background pw_shell Server Process "cd /mnt/coe/workspace/ece/ece546-spr25/group8/group8_project && primewave -gui 0 -uniqueString 424077b79e1069ee9f074479862a2487237d0ff9c53bf8841ca54e530ed029672ebc769abb176a4927e45991371d3489 -python 0  -log pw_shell_session0_job3 -libDefFile /mnt/coe/workspace/ece/ece546-spr25/group8/group8_project/lib.defs". (PW_GUI-174)
[09:31:51.78] /r giWindowId 16
[09:31:51.82] /r giWindowGeometry 1024x768
[09:31:52.22] /i db::setAttr geometry -of [gi::getFrames 6] -value 1024x792+34+64
[09:31:56.19] /i db::setAttr maximized -of [gi::getFrames 6] -value true
[09:31:56.48] /i db::setAttr geometry -of [gi::getFrames 6] -value 1536x770+0+46
[09:32:04.54] /m Information: Received ready-for-commands signal from background job "pw_shell_session0_job3" after 13 seconds. (PW_GUI-172)
[09:33:43.26] /i gi::setActiveWindow 5
[09:33:43.26] /i gi::setActiveWindow 5 -raise true
[09:33:44.39] /i gi::setActiveWindow 10
[09:33:44.39] /i gi::setActiveWindow 10 -raise true
[09:33:46.07] /i gi::executeAction {menuPreShow} -in [gi::getWindows 10]
[09:33:46.08] /r giMenuAccess db::getNext [gi::getMenus saConsoleSimMenu -from [gi::getWindows 10]]
[09:33:48.75] /# gi::executeAction {saNetlistAndRun} -in [gi::getWindows 10]
[09:33:48.75] /i ::sa::_testSuite::isShowRunConfirmation 10 "isa::netlistAndRun" [sa::_utils::findRunMode 10]
[09:33:48.80] /i gi::setActiveDialog [gi::getDialogs {saRunConfirmationDialog} -parent [gi::getWindows 10]]
[09:33:49.49] /i db::setAttr geometry -of [gi::getDialogs {saRunConfirmationDialog} -parent [gi::getWindows 10]] -value 400x140+558+309
[09:33:51.32] /i gi::pressButton {yes} -in [gi::getDialogs {saRunConfirmationDialog} -parent [gi::getWindows 10]]
[09:33:59.00] /m Information: Launching Simulation Server Process "cd /mnt/coe/workspace/ece/ece546-spr25/group8/group8_project && sh /mnt/coe/workspace/ece/ece546-spr25/group8/group8_project/synopsys_custom/sim_server/custom_compiler.hrajesh/stb.group8.sram_6t_tb.schematic.session1/runSimServer ". (PW_GUI-711)
[09:34:01.38] /i db::setAttr geometry -of [gi::getDialogs {xtBgNRunProgress} -parent [gi::getWindows 10]] -value 532x66+518+393
[09:34:17.50] /i db::setAttr geometry -of [gi::getDialogs {xtBgNRunProgress} -parent [gi::getWindows 10]] -value 555x66+518+393
[09:34:18.36] /i db::setAttr geometry -of [gi::getDialogs {xtBgNRunProgress} -parent [gi::getWindows 10]] -value 532x66+518+393
[09:34:19.03] /i gi::setActiveWindow 10
[09:34:19.03] /i gi::setActiveWindow 10 -raise true
[09:34:21.76] /i db::setAttr geometry -of [gi::getDialogs {xtBgNRunProgress} -parent [gi::getWindows 10]] -value 555x66+518+393
[09:34:23.00] /i db::setAttr geometry -of [gi::getDialogs {xtBgNRunProgress} -parent [gi::getWindows 10]] -value 540x66+518+393
[09:34:24.37] /i gi::setActiveWindow 15
[09:34:24.37] /i gi::setActiveWindow 15 -raise true
[09:34:25.79] /i db::setAttr geometry -of [gi::getDialogs {xtBgNRunProgress} -parent [gi::getWindows 10]] -value 480x66+518+393
[09:34:26.72] /i db::setAttr geometry -of [gi::getDialogs {xtBgNRunProgress} -parent [gi::getWindows 10]] -value 520x70+518+393
[09:34:27.98] /# gi::executeAction {deSelectActive} -in [gi::getWindows 15]
[09:34:27.98] /i de::deselectAll [db::getNext [de::getContexts -window 15]]
[09:34:27.98] /i de::deselectAllLogic -context [de::getContexts -filter {%editDesign==[db::getAttr editDesign -of [db::getNext [de::getContexts -window 15]]]}]
[09:34:39.52] /i gi::setActiveWindow 16
[09:34:39.52] /i gi::setActiveWindow 16 -raise true
[09:34:44.31] /i gi::setActiveWindow 15
[09:34:44.31] /i gi::setActiveWindow 15 -raise true
[09:35:02.30] /m Information: Simulation completed successfully for design: group8/sram_6t_tb/schematic  (PW-651)
[09:35:10.23] /m Information: Evaluating and plotting completed for testbench: HSPICE_default_2 in 6s
[09:35:12.15] /m Information: Launching Background pw_shell Server Process "cd /mnt/coe/workspace/ece/ece546-spr25/group8/group8_project && primewave -gui 0 -uniqueString 424077b79e1069ee9f074479862a2487237d0ff9c53bf8841ca54e530ed029672ebc769abb176a4938f65411e0b7bc96 -python 0  -log pw_shell_session1_job3 -libDefFile /mnt/coe/workspace/ece/ece546-spr25/group8/group8_project/lib.defs". (PW_GUI-174)
[09:35:13.00] /# gi::executeAction {deCanvasPanWest} -in [gi::getWindows 15]
[09:35:13.00] /i de::pan -window [gi::getWindows 15] -direction W -multiplier [db::getPrefValue deCanvasMousePanMultiplier]
[09:35:13.18] /# gi::executeAction {deCanvasPanWest} -in [gi::getWindows 15]
[09:35:13.18] /i de::pan -window [gi::getWindows 15] -direction W -multiplier [db::getPrefValue deCanvasMousePanMultiplier]
[09:35:13.30] /# gi::executeAction {deCanvasPanWest} -in [gi::getWindows 15]
[09:35:13.30] /i de::pan -window [gi::getWindows 15] -direction W -multiplier [db::getPrefValue deCanvasMousePanMultiplier]
[09:35:14.94] /i gi::executeAction {deCanvasDragSelect} -in [gi::getWindows 15]
[09:35:14.95] /r deCanvasDragStart -43.9438 8.7625
[09:35:15.20] /# gi::executeAction {deCanvasDragEnd} -in [gi::getWindows 15]
[09:35:15.20] /i gi::executeAction deCanvasDragEnd -in [gi::getWindows 15]
[09:35:15.20] /r deCanvasDragEnd -52.9312 9.20625
[09:35:16.75] /i gi::executeAction {menuPreShow} -in [gi::getWindows 15]
[09:35:16.75] /r giMenuAccess db::getNext [gi::getMenus giPopupMenu]
[09:35:20.26] /# gi::executeAction {dePan} -in [gi::getWindows 15]
[09:35:20.27] /i ide::pan [db::getNext [de::getContexts -window 15]]
[09:35:21.37] /# gi::executeAction {deZoomInCursor} -in [gi::getWindows 15]
[09:35:21.58] /# gi::executeAction {deEndDrag} -in [gi::getWindows 15]
[09:35:21.59] /i de::setViewport -window [gi::getWindows 15] -box {{-50.1125 2.54375} {-40.4188 6.7}}
[09:35:23.71] /# gi::executeAction {dePan} -in [gi::getWindows 15]
[09:35:23.71] /i ide::pan [db::getNext [de::getContexts -window 15]]
[09:35:24.65] /# gi::executeAction {deZoomInCursor} -in [gi::getWindows 15]
[09:35:24.98] /m Information: Received ready-for-commands signal from background job "pw_shell_session1_job3" after 12 seconds. (PW_GUI-172)
[09:35:24.98] /# gi::executeAction {deEndDrag} -in [gi::getWindows 15]
[09:35:24.98] /i de::setViewport -window [gi::getWindows 15] -box {{-46.45 4.01875} {-44.4188 4.8875}}
[09:35:26.33] /# gi::executeAction {deZoomInCursor} -in [gi::getWindows 15]
[09:35:26.68] /# gi::executeAction {deEndDrag} -in [gi::getWindows 15]
[09:35:26.69] /i de::setViewport -window [gi::getWindows 15] -box {{-45.5125 4.2} {-45.025 4.40625}}
[09:35:27.74] /# gi::executeAction {deFitEdit} -in [gi::getWindows 15]
[09:35:27.74] /i de::fit -window 15 -fitEdit true
[09:35:31.16] /# gi::executeAction {deZoomInCursor} -in [gi::getWindows 15]
[09:35:31.78] /# gi::executeAction {deEndDrag} -in [gi::getWindows 15]
[09:35:31.78] /i de::setViewport -window [gi::getWindows 15] -box {{0.95625 7.7875} {8.3 10.9375}}
[09:35:37.74] /m Information: Feature 'SynopsysCustomSAE' checked in. (LICENSE-004)
[09:35:37.75] /m Information: Stopped sharing "Primewave" license. (WAVEFORM-111)
[09:35:37.76] /m Information: Stopped sharing "WaveView ADV" license. (WAVEFORM-111)
[09:35:37.81] /m Information: Send exit command to simulation server process stb.group8.memory_array_write_test.schematic.session0. (PW_GUI-979)
[09:35:37.83] /m Information: Send exit command to simulation server process stb.group8.sram_6t_tb.schematic.session1. (PW_GUI-979)
[09:35:37.90] /# gi::executeAction {deAddPoint} -in [gi::getWindows 15]
[09:35:37.90] /i de::addPoint {3.5 8.38125} -context [db::getNext [de::getContexts -window 15]]
[09:35:39.27] /m Information: Stopping query due to no running simulation server process. (PW_GUI-710)
[09:35:43.57] /# gi::executeAction {deFitEdit} -in [gi::getWindows 15]
[09:35:43.57] /i de::fit -window 15 -fitEdit true
[09:35:46.25] /# gi::executeAction {deAbortCommand} -in [gi::getWindows 15]
[09:35:46.25] /i de::abortCommand -context [db::getNext [de::getContexts -window 15]]
[09:35:52.62] /# gi::executeAction {deZoomInCursor} -in [gi::getWindows 15]
[09:35:54.83] /# gi::executeAction {deEndDrag} -in [gi::getWindows 15]
[09:35:54.83] /i de::setViewport -window [gi::getWindows 15] -box {{3.28125 12.8688} {3.64375 13.025}}
[09:35:58.68] /# gi::executeAction {giPostContextMenu} -in [gi::getWindows 15]
[09:35:58.68] /i de::setCursor [gi::getWindows 15] -point {3.5 12.9938}
[09:35:58.68] /i gi::executeAction {menuPreShow} -in [gi::getWindows 15]
[09:35:58.68] /r giMenuAccess db::getNext [gi::getMenus seSchWireContextMenu]
[09:36:01.07] /# gi::executeAction {deFitEdit} -in [gi::getWindows 15]
[09:36:01.07] /i de::fit -window 15 -fitEdit true
[09:36:06.67] /# gi::executeAction {seButton1DragStart} -in [gi::getWindows 15]
[09:36:06.67] /i ise::stretch -object [de::getActiveFigure [gi::getWindows 15] -point {3.5 13.24375} -index 0 -intent none] -point {3.5 13.25}
[09:36:14.17] /# gi::executeAction {deEndDrag} -in [gi::getWindows 15]
[09:36:14.17] /i de::endDrag {1.74375 8.9875} -context [db::getNext [de::getContexts -window 15]]
[09:36:19.49] /# gi::executeAction {deSelectActive} -in [gi::getWindows 15]
[09:36:19.49] /i de::deselectAll [db::getNext [de::getContexts -window 15]]
[09:36:19.49] /i de::select [de::getActiveFigure [gi::getWindows 15] -point {4.275 14.04375} -index 0 -intent none]
[09:36:19.49] /o oa:0x447ee8b0
[09:36:20.19] /# gi::executeAction {seDelete} -in [gi::getWindows 15]
[09:36:20.19] /i ise::delete
[09:36:22.43] /# gi::executeAction {giPostContextMenu} -in [gi::getWindows 15]
[09:36:22.43] /i de::setCursor [gi::getWindows 15] -point {3.71875 13.7562}
[09:36:22.43] /i gi::executeAction {menuPreShow} -in [gi::getWindows 15]
[09:36:22.43] /r giMenuAccess db::getNext [gi::getMenus seSchWireContextMenu]
[09:36:25.41] /# gi::executeAction {seDeleteActive} -in [gi::getWindows 15]
[09:36:25.41] /i ise::delete -object [de::getActiveFigure [gi::getWindows 15] -point {3.71875 13.75625} -index 0 -intent none]
[09:36:29.80] /# gi::executeAction {seSchCheckAndSave} -in [gi::getWindows 15]
[09:36:29.80] /i  ::startup::_checkAndSave 
[09:36:29.93] /m Information: 
[09:36:29.93] /o Checking "group8/memory_array_write_test/schematic"
[09:36:29.93] /o 	[warning] Solder on Crossing Wires
[09:36:29.93] /o 		Solder dot on crossing wires
[09:36:29.94] /o 0 Error(s),1 Warning(s),0 Message(s) found   in "group8/memory_array_write_test/schematic"
[09:36:29.94] /m Information: Checking process is completed: marking the design violations
[09:36:30.30] /m Information: Marking of designs is completed
[09:36:34.57] /i gi::setActiveWindow 16
[09:36:34.57] /i gi::setActiveWindow 16 -raise true
[09:40:12.15] /i gi::setActiveWindow 15
[09:40:12.15] /i gi::setActiveWindow 15 -raise true
[09:40:23.24] /i gi::executeAction {deCanvasDragSelect} -in [gi::getWindows 15]
[09:40:23.24] /r deCanvasDragStart -1.78125 9.91875
[09:40:23.63] /# gi::executeAction {deCanvasDragEnd} -in [gi::getWindows 15]
[09:40:23.63] /i gi::executeAction deCanvasDragEnd -in [gi::getWindows 15]
[09:40:23.63] /r deCanvasDragEnd 1.14375 6.56875
[09:40:34.75] /# gi::executeAction {deSelectActive} -in [gi::getWindows 15]
[09:40:34.75] /i de::deselectAll [db::getNext [de::getContexts -window 15]]
[09:40:34.75] /i de::deselectAllLogic -context [de::getContexts -filter {%editDesign==[db::getAttr editDesign -of [db::getNext [de::getContexts -window 15]]]}]
[09:40:36.18] /# gi::executeAction {deSelectActive} -in [gi::getWindows 15]
[09:40:36.18] /i de::deselectAll [db::getNext [de::getContexts -window 15]]
[09:40:36.19] /i de::select [de::getActiveFigure [gi::getWindows 15] -point {-0.5875 8.54375} -index 0 -intent none]
[09:40:36.19] /o oa:0x476ed280
[09:40:36.69] /i gi::executeAction {sePropertyEditorToggle} -in [gi::getWindows 15]
[09:40:36.69] /# db::setAttr shown -of [gi::getAssistants dePropertyEditor -from [gi::getWindows 15]] -value true
[09:40:38.11] /i db::setAttr geometry -of [gi::getAssistants dePropertyEditor -from [gi::getWindows 15]] -value 395x845+28+25
[09:40:40.38] /i db::setAttr shown -of [gi::getAssistants dePropertyEditor -from [gi::getWindows 15]] -value false
[09:41:06.34] /i gi::executeAction {deCanvasDragSelect} -in [gi::getWindows 15]
[09:41:06.34] /r deCanvasDragStart 3.69375 14.7312
[09:41:06.77] /# gi::executeAction {deCanvasDragEnd} -in [gi::getWindows 15]
[09:41:06.77] /i gi::executeAction deCanvasDragEnd -in [gi::getWindows 15]
[09:41:06.77] /r deCanvasDragEnd 7.58125 11.7125
[09:41:07.89] /# gi::executeAction {deSelectActive} -in [gi::getWindows 15]
[09:41:07.89] /i de::deselectAll [db::getNext [de::getContexts -window 15]]
[09:41:07.90] /i de::deselectAllLogic -context [de::getContexts -filter {%editDesign==[db::getAttr editDesign -of [db::getNext [de::getContexts -window 15]]]}]
[09:41:13.05] /i gi::setActiveWindow 16
[09:41:13.05] /i gi::setActiveWindow 16 -raise true
[09:41:31.25] /i gi::executeAction giCloseWindow -in [gi::getWindows 16]
[09:41:31.31] /i gi::setActiveWindow 15
[09:41:31.31] /i gi::setActiveWindow 15 -raise true
[09:41:32.00] /m Information: Waveform viewer exited normally.
[09:41:32.10] /m Information: Feature 'SynopsysCustomSAE' checked out. (LICENSE-003)
[09:41:32.39] /m Information: Launching Waveform Viewer "cd /mnt/coe/workspace/ece/ece546-spr25/group8/group8_project/synopsys_custom &&  /mnt/apps/public/COE/synopsys_apps/primewave/W-2024.09-SP1-2/bin/../auxx/auxx_for_cc/../../linux64/swv/bin/swv  -bg_gui -k -cdesigner -ptype wv -spxkey /mnt/apps/public/COE/synopsys_apps/primewave/W-2024.09-SP1-2/auxx/auxx_for_cc/waveform/sae.spxkey -spxrc /tmp/tmp_sae_spxrc_wylufW -unique_string 424077b79e1069ee9f074479862a2487237d0ff9c53bf8841ca54e530ed029672ebc769abb176a4980515b7b6c26403a -lic_type 0   -parent_cc_pid 1222756  > /mnt/coe/workspace/ece/ece546-spr25/group8/group8_project/synopsys_custom/viewer.log 2>&1"
[09:41:33.76] /i gi::setActiveWindow 4
[09:41:33.76] /i gi::setActiveWindow 4 -raise true
[09:41:36.85] /i gi::executeAction {menuPreShow} -in [gi::getWindows 4]
[09:41:36.85] /r giMenuAccess db::getNext [gi::getMenus saConsoleSimMenu -from [gi::getWindows 4]]
[09:41:38.12] /# gi::executeAction {saNetlistAndRun} -in [gi::getWindows 4]
[09:41:38.12] /i ::sa::_testSuite::isShowRunConfirmation 4 "isa::netlistAndRun" [sa::_utils::findRunMode 4]
[09:41:38.19] /i gi::setActiveDialog [gi::getDialogs {saRunConfirmationDialog} -parent [gi::getWindows 4]]
[09:41:38.42] /i db::setAttr geometry -of [gi::getDialogs {saRunConfirmationDialog} -parent [gi::getWindows 4]] -value 400x140+558+309
[09:41:39.75] /i gi::pressButton {yes} -in [gi::getDialogs {saRunConfirmationDialog} -parent [gi::getWindows 4]]
[09:41:39.87] /m Information: Started sharing "WaveView ADV" license. (WAVEFORM-110)
[09:41:39.87] /m Information: Started sharing "Primewave" license. (WAVEFORM-110)
[09:41:41.72] /m Information: Launching Simulation Server Process "cd /mnt/coe/workspace/ece/ece546-spr25/group8/group8_project && sh /mnt/coe/workspace/ece/ece546-spr25/group8/group8_project/synopsys_custom/sim_server/custom_compiler.hrajesh/stb.group8.memory_array_write_test.schematic.session0/runSimServer ". (PW_GUI-711)
[09:41:44.50] /i db::setAttr geometry -of [gi::getDialogs {xtBgNRunProgress} -parent [gi::getWindows 4]] -value 532x66+518+393
[09:42:01.29] /i db::setAttr geometry -of [gi::getDialogs {xtBgNRunProgress} -parent [gi::getWindows 4]] -value 549x66+518+393
[09:42:06.21] /i db::setAttr geometry -of [gi::getDialogs {xtBgNRunProgress} -parent [gi::getWindows 4]] -value 549x66+518+393
[09:42:10.59] /i db::setAttr geometry -of [gi::getDialogs {xtBgNRunProgress} -parent [gi::getWindows 4]] -value 480x66+518+393
[09:42:11.53] /i db::setAttr geometry -of [gi::getDialogs {xtBgNRunProgress} -parent [gi::getWindows 4]] -value 514x70+518+393
[09:42:18.60] /i db::setAttr geometry -of [gi::getDialogs {xtBgNRunProgress} -parent [gi::getWindows 4]] -value 527x70+518+393
[09:43:01.30] /m Information: Simulation completed successfully for design: group8/memory_array_write_test/schematic  (PW-651)
[09:43:08.60] /m Information: Evaluating and plotting completed for testbench: HSPICE_default in 6s
[09:43:10.52] /m Information: Launching Background pw_shell Server Process "cd /mnt/coe/workspace/ece/ece546-spr25/group8/group8_project && primewave -gui 0 -uniqueString 424077b79e1069ee9f074479862a2487237d0ff9c53bf8841ca54e530ed029672ebc769abb176a49d89943cbdaa34ec1 -python 0  -log pw_shell_session0_job4 -libDefFile /mnt/coe/workspace/ece/ece546-spr25/group8/group8_project/lib.defs". (PW_GUI-174)
[09:43:10.72] /r giWindowId 17
[09:43:10.78] /r giWindowGeometry 1024x768
[09:43:11.23] /i db::setAttr geometry -of [gi::getFrames 7] -value 1024x792+86+64
[09:43:16.42] /i db::setAttr maximized -of [gi::getFrames 7] -value true
[09:43:16.75] /i db::setAttr geometry -of [gi::getFrames 7] -value 1536x770+0+46
[09:43:24.41] /m Information: Received ready-for-commands signal from background job "pw_shell_session0_job4" after 14 seconds. (PW_GUI-172)
[09:44:29.41] /i gi::setActiveWindow 5
[09:44:29.41] /i gi::setActiveWindow 5 -raise true
[09:44:30.79] /i gi::setActiveWindow 10
[09:44:30.79] /i gi::setActiveWindow 10 -raise true
[09:44:32.18] /i gi::executeAction {menuPreShow} -in [gi::getWindows 10]
[09:44:32.18] /r giMenuAccess db::getNext [gi::getMenus saConsoleSimMenu -from [gi::getWindows 10]]
[09:44:33.58] /# gi::executeAction {saNetlistAndRun} -in [gi::getWindows 10]
[09:44:33.58] /i ::sa::_testSuite::isShowRunConfirmation 10 "isa::netlistAndRun" [sa::_utils::findRunMode 10]
[09:44:33.64] /i gi::setActiveDialog [gi::getDialogs {saRunConfirmationDialog} -parent [gi::getWindows 10]]
[09:44:33.96] /i db::setAttr geometry -of [gi::getDialogs {saRunConfirmationDialog} -parent [gi::getWindows 10]] -value 400x140+558+309
[09:44:35.31] /i gi::pressButton {yes} -in [gi::getDialogs {saRunConfirmationDialog} -parent [gi::getWindows 10]]
[09:44:37.38] /m Information: Launching Simulation Server Process "cd /mnt/coe/workspace/ece/ece546-spr25/group8/group8_project && sh /mnt/coe/workspace/ece/ece546-spr25/group8/group8_project/synopsys_custom/sim_server/custom_compiler.hrajesh/stb.group8.sram_6t_tb.schematic.session1/runSimServer ". (PW_GUI-711)
[09:44:39.90] /i db::setAttr geometry -of [gi::getDialogs {xtBgNRunProgress} -parent [gi::getWindows 10]] -value 532x66+518+393
[09:44:57.58] /i db::setAttr geometry -of [gi::getDialogs {xtBgNRunProgress} -parent [gi::getWindows 10]] -value 555x66+518+393
[09:45:02.21] /i db::setAttr geometry -of [gi::getDialogs {xtBgNRunProgress} -parent [gi::getWindows 10]] -value 540x66+518+393
[09:45:06.89] /i db::setAttr geometry -of [gi::getDialogs {xtBgNRunProgress} -parent [gi::getWindows 10]] -value 534x70+518+393
[09:45:07.52] /i db::setAttr geometry -of [gi::getDialogs {xtBgNRunProgress} -parent [gi::getWindows 10]] -value 520x70+518+393
[09:45:15.51] /i db::setAttr geometry -of [gi::getDialogs {xtBgNRunProgress} -parent [gi::getWindows 10]] -value 533x70+518+393
[09:45:40.74] /m Information: Simulation completed successfully for design: group8/sram_6t_tb/schematic  (PW-651)
[09:45:48.23] /m Information: Evaluating and plotting completed for testbench: HSPICE_default_2 in 6s
[09:45:50.99] /m Information: Launching Background pw_shell Server Process "cd /mnt/coe/workspace/ece/ece546-spr25/group8/group8_project && primewave -gui 0 -uniqueString 424077b79e1069ee9f074479862a2487237d0ff9c53bf8841ca54e530ed029672ebc769abb176a49b0d516e373f14d8c -python 0  -log pw_shell_session1_job4 -libDefFile /mnt/coe/workspace/ece/ece546-spr25/group8/group8_project/lib.defs". (PW_GUI-174)
[09:46:03.61] /i gi::setActiveWindow 17
[09:46:03.61] /i gi::setActiveWindow 17 -raise true
[09:46:06.80] /m Information: Received ready-for-commands signal from background job "pw_shell_session1_job4" after 15 seconds. (PW_GUI-172)
[09:46:41.70] /m Information: Feature 'SynopsysCustomSAE' checked in. (LICENSE-004)
[09:46:41.71] /m Information: Stopped sharing "Primewave" license. (WAVEFORM-111)
[09:46:41.71] /m Information: Stopped sharing "WaveView ADV" license. (WAVEFORM-111)
[09:46:41.76] /m Information: Send exit command to simulation server process stb.group8.memory_array_write_test.schematic.session0. (PW_GUI-979)
[09:46:41.78] /m Information: Send exit command to simulation server process stb.group8.sram_6t_tb.schematic.session1. (PW_GUI-979)
[09:46:43.19] /m Information: Stopping query due to no running simulation server process. (PW_GUI-710)
[09:47:06.59] /i gi::setActiveWindow 5
[09:47:06.59] /i gi::setActiveWindow 5 -raise true
[09:47:07.66] /i gi::setActiveWindow 10
[09:47:07.66] /i gi::setActiveWindow 10 -raise true
[09:47:17.72] /i gi::setActiveWindow 17
[09:47:17.72] /i gi::setActiveWindow 17 -raise true
[09:49:12.39] /i gi::executeAction giCloseWindow -in [gi::getWindows 17]
[09:49:12.48] /i gi::setActiveWindow 10
[09:49:12.48] /i gi::setActiveWindow 10 -raise true
[09:49:13.20] /m Information: Waveform viewer exited normally.
[09:49:13.28] /m Information: Feature 'SynopsysCustomSAE' checked out. (LICENSE-003)
[09:49:13.59] /m Information: Launching Waveform Viewer "cd /mnt/coe/workspace/ece/ece546-spr25/group8/group8_project/synopsys_custom &&  /mnt/apps/public/COE/synopsys_apps/primewave/W-2024.09-SP1-2/bin/../auxx/auxx_for_cc/../../linux64/swv/bin/swv  -bg_gui -k -cdesigner -ptype wv -spxkey /mnt/apps/public/COE/synopsys_apps/primewave/W-2024.09-SP1-2/auxx/auxx_for_cc/waveform/sae.spxkey -spxrc /tmp/tmp_sae_spxrc_aBlqfg -unique_string 424077b79e1069ee9f074479862a2487237d0ff9c53bf8841ca54e530ed029672ebc769abb176a498d6740aa604048cc -lic_type 0   -parent_cc_pid 1222756  > /mnt/coe/workspace/ece/ece546-spr25/group8/group8_project/synopsys_custom/viewer.log 2>&1"
[09:49:14.87] /i gi::setActiveWindow 15
[09:49:14.87] /i gi::setActiveWindow 15 -raise true
[09:49:20.27] /i gi::executeAction {deCanvasDragSelect} -in [gi::getWindows 15]
[09:49:20.27] /r deCanvasDragStart 1.7875 3.55
[09:49:20.76] /# gi::executeAction {deCanvasDragEnd} -in [gi::getWindows 15]
[09:49:20.76] /i gi::executeAction deCanvasDragEnd -in [gi::getWindows 15]
[09:49:20.76] /r deCanvasDragEnd 3.60625 2.4625
[09:49:22.38] /i gi::executeAction {sePropertyEditorToggle} -in [gi::getWindows 15]
[09:49:22.39] /# db::setAttr shown -of [gi::getAssistants dePropertyEditor -from [gi::getWindows 15]] -value true
[09:49:23.95] /i db::setAttr geometry -of [gi::getAssistants dePropertyEditor -from [gi::getWindows 15]] -value 395x845+28+25
[09:49:27.49] /i gi::setItemSelection {parameters} -index {tr,all} -in [gi::getAssistants dePropertyEditor -from [gi::getWindows 15]]
[09:49:27.49] /i gi::setCurrentIndex {parameters} -index {tr,Value} -in [gi::getAssistants dePropertyEditor -from [gi::getWindows 15]]
[09:49:32.29] /i gi::setField {parameters} -value {5p} -index {tr,Value} -in [gi::getAssistants dePropertyEditor -from [gi::getWindows 15]]
[09:49:32.45] /i gi::setItemSelection {parameters} -index {tf,all} -in [gi::getAssistants dePropertyEditor -from [gi::getWindows 15]]
[09:49:32.45] /i gi::setCurrentIndex {parameters} -index {tf,Value} -in [gi::getAssistants dePropertyEditor -from [gi::getWindows 15]]
[09:49:37.31] /i gi::setField {parameters} -value {5p} -index {tf,Value} -in [gi::getAssistants dePropertyEditor -from [gi::getWindows 15]]
[09:49:37.48] /i gi::setItemSelection {parameters} -index {pw,all} -in [gi::getAssistants dePropertyEditor -from [gi::getWindows 15]]
[09:49:37.48] /i gi::setCurrentIndex {parameters} -index {pw,Value} -in [gi::getAssistants dePropertyEditor -from [gi::getWindows 15]]
[09:49:43.20] /i gi::setField {parameters} -value {95p} -index {pw,Value} -in [gi::getAssistants dePropertyEditor -from [gi::getWindows 15]]
[09:49:43.38] /i gi::setItemSelection {parameters} -index {per,all} -in [gi::getAssistants dePropertyEditor -from [gi::getWindows 15]]
[09:49:43.38] /i gi::setCurrentIndex {parameters} -index {per,Value} -in [gi::getAssistants dePropertyEditor -from [gi::getWindows 15]]
[09:49:49.00] /i gi::setField {parameters} -value {200p} -index {per,Value} -in [gi::getAssistants dePropertyEditor -from [gi::getWindows 15]]
[09:49:49.18] /i gi::executeAction dePropertyEditorApplyChanges -in [gi::getAssistants dePropertyEditor -from [gi::getWindows 15]]
[09:49:51.67] /i db::setAttr shown -of [gi::getAssistants dePropertyEditor -from [gi::getWindows 15]] -value false
[09:49:53.13] /i gi::setActiveWindow 10
[09:49:53.13] /i gi::setActiveWindow 10 -raise true
[09:49:55.60] /i gi::executeAction {menuPreShow} -in [gi::getWindows 10]
[09:49:55.60] /r giMenuAccess db::getNext [gi::getMenus saConsoleOutputsMenu -from [gi::getWindows 10]]
[09:49:56.58] /i gi::executeAction {menuPreShow} -in [gi::getWindows 10]
[09:49:56.58] /r giMenuAccess db::getNext [gi::getMenus saConsoleSimMenu -from [gi::getWindows 10]]
[09:49:58.15] /# gi::executeAction {saNetlistAndRun} -in [gi::getWindows 10]
[09:49:58.15] /i ::sa::_testSuite::isShowRunConfirmation 10 "isa::netlistAndRun" [sa::_utils::findRunMode 10]
[09:49:58.21] /i gi::setActiveDialog [gi::getDialogs {saRunConfirmationDialog} -parent [gi::getWindows 10]]
[09:49:58.49] /i db::setAttr geometry -of [gi::getDialogs {saRunConfirmationDialog} -parent [gi::getWindows 10]] -value 400x140+558+309
[09:50:00.48] /i gi::pressButton {yes} -in [gi::getDialogs {saRunConfirmationDialog} -parent [gi::getWindows 10]]
[09:50:00.60] /m Information: Started sharing "WaveView ADV" license. (WAVEFORM-110)
[09:50:00.60] /m Information: Started sharing "Primewave" license. (WAVEFORM-110)
[09:50:02.34] /r giDialog gi::setActiveDialog [gi::getDialogs {xtShowDesignsPrompt}]
[09:50:02.34] /r giDialog gi::setCurrentIndex {target} -index {0,0} -in [gi::getDialogs {xtShowDesignsPrompt}]
[09:50:02.53] /r giDialog db::setAttr geometry -of [gi::getDialogs {xtShowDesignsPrompt}] -value 649x294+434+245
[09:50:03.45] /r giDialog gi::pressButton {ok} -in [gi::getDialogs {xtShowDesignsPrompt}]
[09:50:03.76] /m Information: 
[09:50:03.76] /o Checking "group8/memory_array_write_test/schematic"
[09:50:03.76] /o 	[warning] Solder on Crossing Wires
[09:50:03.76] /o 		Solder dot on crossing wires
[09:50:03.77] /o 0 Error(s),1 Warning(s),0 Message(s) found   in "group8/memory_array_write_test/schematic"
[09:50:03.82] /o No Design Integrity rule violations found in "group8/memory_array_write_test/schematic"
[09:50:03.82] /m Information: Checking process is completed: marking the design violations
[09:50:03.85] /m Information: Marking of designs is completed
[09:50:04.60] /m Information: Launching Simulation Server Process "cd /mnt/coe/workspace/ece/ece546-spr25/group8/group8_project && sh /mnt/coe/workspace/ece/ece546-spr25/group8/group8_project/synopsys_custom/sim_server/custom_compiler.hrajesh/stb.group8.sram_6t_tb.schematic.session1/runSimServer ". (PW_GUI-711)
[09:50:06.56] /# gi::setActiveDialog [gi::getDialogs {saRunConfirmationDialog} -parent [gi::getWindows 10]]
[09:50:06.91] /i db::setAttr geometry -of [gi::getDialogs {xtBgNRunProgress} -parent [gi::getWindows 10]] -value 532x66+518+393
[09:50:20.50] /i db::setAttr geometry -of [gi::getDialogs {xtBgNRunProgress} -parent [gi::getWindows 10]] -value 535x66+518+393
[09:50:20.82] /i db::setAttr geometry -of [gi::getDialogs {xtBgNRunProgress} -parent [gi::getWindows 10]] -value 555x66+518+393
[09:50:24.91] /i db::setAttr geometry -of [gi::getDialogs {xtBgNRunProgress} -parent [gi::getWindows 10]] -value 555x66+518+393
[09:50:29.80] /i db::setAttr geometry -of [gi::getDialogs {xtBgNRunProgress} -parent [gi::getWindows 10]] -value 540x66+518+393
[09:50:30.16] /i db::setAttr geometry -of [gi::getDialogs {xtBgNRunProgress} -parent [gi::getWindows 10]] -value 534x70+518+393
[09:50:30.84] /i db::setAttr geometry -of [gi::getDialogs {xtBgNRunProgress} -parent [gi::getWindows 10]] -value 534x70+518+393
[09:50:37.77] /i db::setAttr geometry -of [gi::getDialogs {xtBgNRunProgress} -parent [gi::getWindows 10]] -value 533x70+518+393
[09:51:06.38] /m Information: Simulation completed successfully for design: group8/sram_6t_tb/schematic  (PW-651)
[09:51:14.80] /m Information: Evaluating and plotting completed for testbench: HSPICE_default_2 in 7s
[09:51:16.63] /m Information: Launching Background pw_shell Server Process "cd /mnt/coe/workspace/ece/ece546-spr25/group8/group8_project && primewave -gui 0 -uniqueString 424077b79e1069ee9f074479862a2487237d0ff9c53bf8841ca54e530ed029672ebc769abb176a49cb028445fcb69553 -python 0  -log pw_shell_session1_job5 -libDefFile /mnt/coe/workspace/ece/ece546-spr25/group8/group8_project/lib.defs". (PW_GUI-174)
[09:51:16.79] /r giWindowId 18
[09:51:16.83] /r giWindowGeometry 1024x768
[09:51:17.23] /i db::setAttr geometry -of [gi::getFrames 8] -value 1024x792+164+64
[09:51:22.11] /i db::setAttr maximized -of [gi::getFrames 8] -value true
[09:51:22.40] /i db::setAttr geometry -of [gi::getFrames 8] -value 1536x770+0+46
[09:51:29.10] /m Information: Received ready-for-commands signal from background job "pw_shell_session1_job5" after 13 seconds. (PW_GUI-172)
[09:51:43.17] /i gi::setActiveWindow 5
[09:51:43.17] /i gi::setActiveWindow 5 -raise true
[09:51:48.58] /i gi::setActiveWindow 4
[09:51:48.58] /i gi::setActiveWindow 4 -raise true
[09:51:51.77] /i gi::executeAction giCloseWindow -in [gi::getWindows 18]
[09:51:52.50] /m Information: Waveform viewer exited normally.
[09:51:52.85] /m Information: Launching Waveform Viewer "cd /mnt/coe/workspace/ece/ece546-spr25/group8/group8_project/synopsys_custom &&  /mnt/apps/public/COE/synopsys_apps/primewave/W-2024.09-SP1-2/bin/../auxx/auxx_for_cc/../../linux64/swv/bin/swv  -bg_gui -k -cdesigner -ptype wv -spxkey /mnt/apps/public/COE/synopsys_apps/primewave/W-2024.09-SP1-2/auxx/auxx_for_cc/waveform/sae.spxkey -spxrc /tmp/tmp_sae_spxrc_jmHsmb -unique_string 424077b79e1069ee9f074479862a2487237d0ff9c53bf8841ca54e530ed029672ebc769abb176a49f9e5fd4753feecc3 -lic_type 2   -parent_cc_pid 1222756  > /mnt/coe/workspace/ece/ece546-spr25/group8/group8_project/synopsys_custom/viewer.log 2>&1"
[09:51:54.25] /i gi::executeAction {menuPreShow} -in [gi::getWindows 4]
[09:51:54.25] /r giMenuAccess db::getNext [gi::getMenus saConsoleSimMenu -from [gi::getWindows 4]]
[09:51:55.94] /# gi::executeAction {saNetlistAndRun} -in [gi::getWindows 4]
[09:51:55.94] /i ::sa::_testSuite::isShowRunConfirmation 4 "isa::netlistAndRun" [sa::_utils::findRunMode 4]
[09:51:56.06] /i gi::setActiveDialog [gi::getDialogs {saRunConfirmationDialog} -parent [gi::getWindows 4]]
[09:51:56.27] /i db::setAttr geometry -of [gi::getDialogs {saRunConfirmationDialog} -parent [gi::getWindows 4]] -value 400x140+558+309
[09:51:57.00] /i gi::pressButton {yes} -in [gi::getDialogs {saRunConfirmationDialog} -parent [gi::getWindows 4]]
[09:51:59.00] /m Information: Launching Simulation Server Process "cd /mnt/coe/workspace/ece/ece546-spr25/group8/group8_project && sh /mnt/coe/workspace/ece/ece546-spr25/group8/group8_project/synopsys_custom/sim_server/custom_compiler.hrajesh/stb.group8.memory_array_write_test.schematic.session0/runSimServer ". (PW_GUI-711)
[09:52:01.59] /i db::setAttr geometry -of [gi::getDialogs {xtBgNRunProgress} -parent [gi::getWindows 4]] -value 532x66+518+393
[09:52:17.40] /i db::setAttr geometry -of [gi::getDialogs {xtBgNRunProgress} -parent [gi::getWindows 4]] -value 549x66+518+393
[09:52:22.67] /i db::setAttr geometry -of [gi::getDialogs {xtBgNRunProgress} -parent [gi::getWindows 4]] -value 534x66+518+393
[09:52:27.30] /i db::setAttr geometry -of [gi::getDialogs {xtBgNRunProgress} -parent [gi::getWindows 4]] -value 480x66+518+393
[09:52:29.26] /i db::setAttr geometry -of [gi::getDialogs {xtBgNRunProgress} -parent [gi::getWindows 4]] -value 514x70+518+393
[09:53:02.70] /m Information: Simulation completed successfully for design: group8/memory_array_write_test/schematic  (PW-651)
[09:53:10.60] /m Information: Evaluating and plotting completed for testbench: HSPICE_default in 8s
[09:53:13.32] /m Information: Launching Background pw_shell Server Process "cd /mnt/coe/workspace/ece/ece546-spr25/group8/group8_project && primewave -gui 0 -uniqueString 424077b79e1069ee9f074479862a2487237d0ff9c53bf8841ca54e530ed029672ebc769abb176a49cab6511ae6bae3e6 -python 0  -log pw_shell_session0_job5 -libDefFile /mnt/coe/workspace/ece/ece546-spr25/group8/group8_project/lib.defs". (PW_GUI-174)
[09:53:13.57] /r giWindowId 19
[09:53:13.61] /r giWindowGeometry 1024x768
[09:53:14.10] /i db::setAttr geometry -of [gi::getFrames 9] -value 1024x792+190+64
[09:53:18.22] /i db::setAttr maximized -of [gi::getFrames 9] -value true
[09:53:18.50] /i db::setAttr geometry -of [gi::getFrames 9] -value 1536x770+0+46
[09:53:28.16] /m Information: Received ready-for-commands signal from background job "pw_shell_session0_job5" after 15 seconds. (PW_GUI-172)
[09:53:53.83] /i gi::setActiveWindow 5
[09:53:53.84] /i gi::setActiveWindow 5 -raise true
[09:54:01.12] /i gi::setActiveWindow 15
[09:54:01.12] /i gi::setActiveWindow 15 -raise true
[09:54:04.23] /# gi::executeAction {deCanvasPanWest} -in [gi::getWindows 15]
[09:54:04.23] /i de::pan -window [gi::getWindows 15] -direction W -multiplier [db::getPrefValue deCanvasMousePanMultiplier]
[09:54:05.12] /# gi::executeAction {deCanvasPanEast} -in [gi::getWindows 15]
[09:54:05.12] /i de::pan -window [gi::getWindows 15] -direction E -multiplier [db::getPrefValue deCanvasMousePanMultiplier]
[09:54:05.31] /# gi::executeAction {deCanvasPanEast} -in [gi::getWindows 15]
[09:54:05.31] /i de::pan -window [gi::getWindows 15] -direction E -multiplier [db::getPrefValue deCanvasMousePanMultiplier]
[09:54:06.77] /w Warning: Nothing is bound to the 'Button6' in the current active set. (WINDOW-015)
[09:54:06.83] /w Warning: Nothing is bound to the 'Button6' in the current active set. (WINDOW-015)
[09:54:06.97] /w Warning: Nothing is bound to the 'Button6' in the current active set. (WINDOW-015)
[09:54:08.75] /# gi::executeAction {dePan} -in [gi::getWindows 15]
[09:54:08.75] /i ide::pan [db::getNext [de::getContexts -window 15]]
[09:54:11.37] /# gi::executeAction {deStartDrag} -in [gi::getWindows 15]
[09:54:11.37] /i de::startDrag {4.1625 3.2375} -context [db::getNext [de::getContexts -window 15]]
[09:54:12.86] /# gi::executeAction {deEndDrag} -in [gi::getWindows 15]
[09:54:12.86] /i de::endDrag {4.1625 3.525} -context [db::getNext [de::getContexts -window 15]]
[09:54:12.87] /r dePanToPoint {15.2875 2.79375}
[09:54:14.97] /# gi::executeAction {deZoomIn} -in [gi::getWindows 15]
[09:54:14.97] /i de::zoom -window 15 -factor 2.0
[09:54:16.66] /# gi::executeAction {deStartDrag} -in [gi::getWindows 15]
[09:54:16.66] /i de::startDrag {9.8625 4.8} -context [db::getNext [de::getContexts -window 15]]
[09:54:17.35] /# gi::executeAction {deEndDrag} -in [gi::getWindows 15]
[09:54:17.35] /i de::endDrag {9.85 4.79375} -context [db::getNext [de::getContexts -window 15]]
[09:54:17.35] /r dePanToPoint {9.5625 4.66875}
[09:54:19.21] /# gi::executeAction {deStartDrag} -in [gi::getWindows 15]
[09:54:19.21] /i de::startDrag {5.3125 3.36875} -context [db::getNext [de::getContexts -window 15]]
[09:54:21.72] /# gi::executeAction {deEndDrag} -in [gi::getWindows 15]
[09:54:21.72] /i de::endDrag {5.4 3.36875} -context [db::getNext [de::getContexts -window 15]]
[09:54:21.72] /r dePanToPoint {8.1 4.64375}
[09:54:34.27] /# gi::executeAction {deStartDrag} -in [gi::getWindows 15]
[09:54:34.27] /i de::startDrag {3.35625 2.7625} -context [db::getNext [de::getContexts -window 15]]
[09:54:37.91] /# gi::executeAction {deEndDrag} -in [gi::getWindows 15]
[09:54:37.91] /i de::endDrag {3.35 2.80625} -context [db::getNext [de::getContexts -window 15]]
[09:54:37.91] /r dePanToPoint {5.10625 5.525}
[09:54:39.73] /# gi::executeAction {deStartDrag} -in [gi::getWindows 15]
[09:54:39.74] /i de::startDrag {6.05625 5.68125} -context [db::getNext [de::getContexts -window 15]]
[09:54:40.18] /# gi::executeAction {deEndDrag} -in [gi::getWindows 15]
[09:54:40.18] /i de::endDrag {6.0625 5.65625} -context [db::getNext [de::getContexts -window 15]]
[09:54:40.18] /r dePanToPoint {5.05 7.90625}
[09:54:41.61] /# gi::executeAction {deStartDrag} -in [gi::getWindows 15]
[09:54:41.61] /i de::startDrag {6.6875 8.9375} -context [db::getNext [de::getContexts -window 15]]
[09:54:41.87] /# gi::executeAction {deEndDrag} -in [gi::getWindows 15]
[09:54:41.87] /i de::endDrag {6.7 8.91875} -context [db::getNext [de::getContexts -window 15]]
[09:54:41.87] /r dePanToPoint {5.10625 9.9375}
[09:54:42.86] /# gi::executeAction {deStartDrag} -in [gi::getWindows 15]
[09:54:42.86] /i de::startDrag {6.63125 10.68125} -context [db::getNext [de::getContexts -window 15]]
[09:54:43.20] /# gi::executeAction {deEndDrag} -in [gi::getWindows 15]
[09:54:43.20] /i de::endDrag {6.63125 10.65} -context [db::getNext [de::getContexts -window 15]]
[09:54:43.20] /r dePanToPoint {5.00625 12.0125}
[09:54:44.36] /# gi::executeAction {deStartDrag} -in [gi::getWindows 15]
[09:54:44.36] /i de::startDrag {7.2 12.68125} -context [db::getNext [de::getContexts -window 15]]
[09:54:44.64] /# gi::executeAction {deEndDrag} -in [gi::getWindows 15]
[09:54:44.64] /i de::endDrag {7.20625 12.68125} -context [db::getNext [de::getContexts -window 15]]
[09:54:44.64] /r dePanToPoint {4.88125 13.93125}
[09:54:47.34] /# gi::executeAction {deZoomIn} -in [gi::getWindows 15]
[09:54:47.34] /i de::zoom -window 15 -factor 2.0
[09:54:47.50] /# gi::executeAction {deZoomIn} -in [gi::getWindows 15]
[09:54:47.50] /i de::zoom -window 15 -factor 2.0
[09:54:49.03] /# gi::executeAction {deAddPoint} -in [gi::getWindows 15]
[09:54:49.03] /i de::addPoint {4.8 14.275} -context [db::getNext [de::getContexts -window 15]]
[09:54:51.60] /# gi::executeAction {deAddPoint} -in [gi::getWindows 15]
[09:54:51.60] /i de::addPoint {4.81875 14.29375} -context [db::getNext [de::getContexts -window 15]]
[09:54:54.62] /# gi::executeAction {deStartDrag} -in [gi::getWindows 15]
[09:54:54.62] /i de::startDrag {5.075 14.00625} -context [db::getNext [de::getContexts -window 15]]
[09:55:00.39] /# gi::executeAction {deEndDrag} -in [gi::getWindows 15]
[09:55:00.39] /i de::endDrag {5.075 14.00625} -context [db::getNext [de::getContexts -window 15]]
[09:55:00.39] /r dePanToPoint {4.99375 13.875}
[09:55:03.37] /# gi::executeAction {deAbortCommand} -in [gi::getWindows 15]
[09:55:03.37] /i de::abortCommand -context [db::getNext [de::getContexts -window 15]]
[09:55:05.84] /# gi::executeAction {deSelectActive} -in [gi::getWindows 15]
[09:55:05.84] /i de::deselectAll [db::getNext [de::getContexts -window 15]]
[09:55:05.84] /i de::select [de::getActiveFigure [gi::getWindows 15] -point {4.83125 14.29375} -index 0 -intent none]
[09:55:05.84] /o oa:0x4bf45d80
[09:55:05.84] /i gi::executeAction {deCanvasDragCancel} -in [gi::getWindows 15]
[09:55:05.85] /m Information: Feature 'SynopsysCustomSAE' checked in. (LICENSE-004)
[09:55:05.85] /m Information: Stopped sharing "Primewave" license. (WAVEFORM-111)
[09:55:05.85] /m Information: Stopped sharing "WaveView ADV" license. (WAVEFORM-111)
[09:55:05.91] /m Information: Send exit command to simulation server process stb.group8.sram_6t_tb.schematic.session1. (PW_GUI-979)
[09:55:05.93] /m Information: Send exit command to simulation server process stb.group8.memory_array_write_test.schematic.session0. (PW_GUI-979)
[09:55:07.44] /m Information: Stopping query due to no running simulation server process. (PW_GUI-710)
[09:55:07.48] /# gi::executeAction {deSelectActive} -in [gi::getWindows 15]
[09:55:07.48] /i de::cycleActiveFigure [gi::getWindows 15] -direction next
[09:55:07.48] /o oa:0x4cd01b30
[09:55:07.48] /i gi::executeAction {sePropertyEditorToggle} -in [gi::getWindows 15]
[09:55:07.48] /# db::setAttr shown -of [gi::getAssistants dePropertyEditor -from [gi::getWindows 15]] -value true
[09:55:08.80] /i db::setAttr geometry -of [gi::getAssistants dePropertyEditor -from [gi::getWindows 15]] -value 395x845+28+25
[09:55:52.79] /i gi::setActiveWindow 19
[09:55:52.79] /i gi::setActiveWindow 19 -raise true
[09:55:54.84] /i gi::executeAction giCloseWindow -in [gi::getWindows 19]
[09:55:55.70] /m Information: Waveform viewer exited normally.
[09:55:55.80] /m Information: Feature 'SynopsysCustomSAE' checked out. (LICENSE-003)
[09:55:56.09] /m Information: Launching Waveform Viewer "cd /mnt/coe/workspace/ece/ece546-spr25/group8/group8_project/synopsys_custom &&  /mnt/apps/public/COE/synopsys_apps/primewave/W-2024.09-SP1-2/bin/../auxx/auxx_for_cc/../../linux64/swv/bin/swv  -bg_gui -k -cdesigner -ptype wv -spxkey /mnt/apps/public/COE/synopsys_apps/primewave/W-2024.09-SP1-2/auxx/auxx_for_cc/waveform/sae.spxkey -spxrc /tmp/tmp_sae_spxrc_laawAM -unique_string 424077b79e1069ee9f074479862a2487237d0ff9c53bf8841ca54e530ed029672ebc769abb176a49deeab40f4d9d6d38 -lic_type 0   -parent_cc_pid 1222756  > /mnt/coe/workspace/ece/ece546-spr25/group8/group8_project/synopsys_custom/viewer.log 2>&1"
[09:55:59.20] /i gi::setActiveWindow 15
[09:55:59.20] /i gi::setActiveWindow 15 -raise true
[09:55:59.55] /r giDialog gi::setActiveDialog [gi::getDialogs {giCloseFrame}]
[09:55:59.57] /r giDialog db::setAttr geometry -of [gi::getDialogs {giCloseFrame}] -value 299x110+609+324
[09:56:00.65] /r giDialog gi::pressButton {giCloseTabsButton} -in [gi::getDialogs {giCloseFrame}]
[09:56:00.73] /i exit
[09:56:00.85] /r giDialog gi::setActiveDialog [gi::getDialogs {deExitDialog} -parent [gi::getWindows 15]]
[09:56:01.10] /r giDialog db::setAttr geometry -of [gi::getDialogs {deExitDialog} -parent [gi::getWindows 15]] -value 419x212+549+273
[09:56:02.47] /r giDialog gi::pressButton {ok} -in [gi::getDialogs {deExitDialog} -parent [gi::getWindows 15]]
[09:56:03.13] /m Information: Sent exit command to CalculateEngine.
[09:56:04.55] /r giDialog gi::setActiveDialog [gi::getDialogs {giPrompt} -parent [gi::getWindows 10]]
[09:56:04.58] /r giDialog db::setAttr geometry -of [gi::getDialogs {giPrompt} -parent [gi::getWindows 10]] -value 292x83+612+338
[09:56:13.48] /r giDialog gi::pressButton {discard} -in [gi::getDialogs {giPrompt} -parent [gi::getWindows 10]]
[09:56:13.53] /m Information: Sent exit command to CalculateEngine.
[09:56:13.53] /m Information: Sent exit command to WaveView.
[09:56:13.53] /m Information: Sent exit command to ResultsViewer.
[09:56:13.77] /m Information: Feature 'SynopsysCustomSAE' checked in. (LICENSE-004)
[09:56:17.84] /o Shutdown time: Thu Apr  3 09:56:17 2025
[09:56:17.84] /o Elapsed session real time: 39.91 minutes
[09:56:17.84] /o Session terminated. Log is at /mnt/coe/workspace/ece/ece546-spr25/group8/group8_project/synopsys_custom/logs/ccompiler.hrajesh.2025_4_3_091620_1222756.log
