[18:28:32.20] /o 
              /c                                 Custom Compiler™ 
              /c 
              /c               Version W-2024.09-SP1-2 for linux64 - Jan 16, 2025 
              /c 
              /c                     Copyright (c) 2004 - 2025 Synopsys, Inc.
              /c    This software and the associated documentation are proprietary to Synopsys,
              /c  Inc. This software may only be used in accordance with the terms and conditions
              /c  of a written license agreement with Synopsys, Inc. All other use, reproduction,
              /c    or distribution of this software is strictly prohibited.  Licensed Products
              /c      communicate with Synopsys servers for the purpose of providing software
              /c     updates, detecting software piracy and verifying that customers are using
              /c     Licensed Products in conformity with the applicable License Key for such
              /c   Licensed Products. Synopsys will use information gathered in connection with
              /c     this process to deliver software updates and pursue software pirates and
              /c                                    infringers.
              /c 
              /c  Inclusivity & Diversity - Visit SolvNetPlus to read the "Synopsys Statement on
              /c             Inclusivity and Diversity" (Refer to article 000036315 at
              /c                         https://solvnetplus.synopsys.com)
              /c 
              /c Build  (OPT) Config 11256978 compiled on Thu Jan 16 10:52:27 2025 for AlmaLinux 8.4
              /c Invocation: /mnt/apps/public/COE/synopsys_apps/customcompiler/W-2024.09-SP1-2/linux64/platform/bin/custom_compiler
              /c Execution time: Fri Apr 18 18:28:25 2025
              /c Host: grendel32.ece.ncsu.edu
              /c Working directory: /mnt/coe/workspace/ece/ece546-spr25/group8/group8_project
              /c 
[18:28:40.50] /m Information: Registering ICV PERC package...
[18:28:42.25] /r giShowFrameTabs true
[18:28:42.25] /r giWindowId 1
[18:28:42.25] /r giWindowGeometry 1040x800
[18:28:44.42] /i db::setAttr iconified -of [gi::getFrames 1] -value true
[18:28:44.63] /i db::setAttr geometry -of [gi::getFrames 1] -value 1040x824+0+23
[18:35:58.59] /i db::setAttr geometry -of [gi::getFrames 1] -value 1040x824+1399+115
[18:35:58.59] /i db::setAttr iconified -of [gi::getFrames 1] -value false
[18:36:00.10] /i db::setAttr maximized -of [gi::getFrames 1] -value true
[18:36:00.33] /i db::setAttr geometry -of [gi::getFrames 1] -value 1536x770+0+46
[18:36:03.34] /i gi::pressButton {/scroll/scrollArea/scrollAreaInnerWidget/applications/deOpengroup8memoryarraystaticcolumndecodertestlayout} -in [gi::getWindows 1]
[18:36:03.77] /m Information: Feature 'CustomInfrastructure' checked out. (LICENSE-003)
[18:36:03.80] /m Information: Feature 'SynopsysCustomLayout' checked out. (LICENSE-003)
[18:36:03.99] /o Loading: Callback files...
[18:36:04.01] /o Loading: scripts/callbacks/callbacks.tcl
[18:36:04.01] /o 
              /c [INFO] : Loading display.drf from /mnt/designkits/ncsu/FreePDK3/syncust/NCSU_TechLib_FreePDK3
              /c 
              /c  if you wish to Load other display.drf, please set shell environment valiable "iPDK_load_display_NCSU_TechLib_FreePDK3" to value = 0
[18:36:04.01] /o 
[18:36:04.12] /w Warning: Preference 'xtStarTcadGrdFile' is deprecated and scheduled for removal in a future release with no replacement. For migration assistance, see the Custom Compiler Tcl Reference Manual. (PREFERENCE-058)
[18:36:04.13] /w Warning: Preference 'xtStarOALayerMappingFile' is deprecated and scheduled for removal in a future release with no replacement. For migration assistance, see the Custom Compiler Tcl Reference Manual. (PREFERENCE-058)
[18:36:04.13] /o 	#######################################
[18:36:04.13] /o 	CC-PDK Library Name	: FreePDK3
[18:36:04.13] /o 	#######################################
[18:36:04.13] /o 
[18:36:05.07] /r giWindowId 2
[18:36:05.07] /r giWindowGeometry 3264x972
[18:36:05.94] /# gi::executeAction {deSelectActive} -in [gi::getWindows 2]
[18:36:05.94] /i de::deselectAll [db::getNext [de::getContexts -window 2]]
[18:36:05.94] /i de::select [de::getActiveFigure [gi::getWindows 2] -point {4.655 3.3535} -index 0 -intent none]
[18:36:05.95] /o oa:0x3bef9db0
[18:36:05.95] /# gi::executeAction {deDescend} -in [gi::getWindows 2]
[18:36:05.95] /i ide::descend 2 -inPlace false -readOnly auto
[18:36:06.09] /# Navigating to group8/memory_array_with_precharge/layout (I0)
[18:36:06.37] /r giWindowGeometry 3264x972
[18:36:06.41] /# gi::setItemSelection {sets} -index {Valid} -in [gi::getAssistants leObjectLayerPanel -from [gi::getWindows 2]]
[18:36:06.42] /# gi::setItemSelection {lpps} -index {BPR drawing} -in [gi::getAssistants leObjectLayerPanel -from [gi::getWindows 2]]
[18:36:06.47] /i db::setAttr dockSize -of [gi::getAssistants dePropertyEditor -from [gi::getWindows 2]] -value 290x188
[18:36:10.55] /i gi::setActiveWindow 1
[18:36:10.55] /i gi::setActiveWindow 1 -raise true
[18:36:12.63] /i gi::pressButton {/scroll/scrollArea/scrollAreaInnerWidget/applications/dmLibraryManager} -in [gi::getWindows 1]
[18:36:12.93] /r giWindowId 3
[18:36:12.94] /r giWindowGeometry 660x600+50+50
[18:36:15.11] /i gi::setCurrentIndex {libs} -index {group8} -in [gi::getWindows 3]
[18:36:16.01] /i gi::setItemSelection {libs} -index {group8} -in [gi::getWindows 3]
[18:36:20.53] /i gi::setCurrentIndex {cells} -index {memory_array_static_column_decoder} -in [gi::getWindows 3]
[18:36:20.79] /i gi::setItemSelection {cells} -index {memory_array_static_column_decoder} -in [gi::getWindows 3]
[18:36:22.11] /i gi::setCurrentIndex {cells} -index {memory_array_static_column_decoder_test} -in [gi::getWindows 3]
[18:36:22.54] /i gi::setItemSelection {cells} -index {memory_array_static_column_decoder_test} -in [gi::getWindows 3]
[18:36:25.05] /i gi::setCurrentIndex {views} -index {layout} -in [gi::getWindows 3]
[18:36:25.15] /i gi::setItemSelection {views} -index {layout} -in [gi::getWindows 3]
[18:36:25.24] /i gi::executeAction {dmOpen} -in [gi::getWindows 3]
[18:36:25.27] /r giWindowId 4
[18:36:25.28] /r giWindowGeometry 3264x972
[18:36:26.12] /i db::setAttr dockSize -of [gi::getAssistants dePropertyEditor -from [gi::getWindows 4]] -value 290x188
[18:36:28.91] /# gi::executeAction {leDisplayAllLevels} -in [gi::getWindows 4]
[18:36:28.91] /i db::setPrefValue leStopLevel -value 32 -scope [db::getNext [de::getContexts -window 4]]
[18:38:14.39] /i gi::executeAction giCloseWindow -in [gi::getWindows 4]
[18:38:16.27] /i gi::executeAction giCloseWindow -in [gi::getWindows 3]
[18:38:19.71] /i exit
[18:38:19.78] /r giDialog gi::setActiveDialog [gi::getDialogs {deExitDialog} -parent [gi::getWindows 2]]
[18:38:20.04] /r giDialog db::setAttr geometry -of [gi::getDialogs {deExitDialog} -parent [gi::getWindows 2]] -value 419x212+549+273
[18:38:21.27] /r giDialog gi::pressButton {ok} -in [gi::getDialogs {deExitDialog} -parent [gi::getWindows 2]]
[18:38:25.35] /o Shutdown time: Fri Apr 18 18:38:25 2025
[18:38:25.35] /o Elapsed session real time: 9.96 minutes
[18:38:25.35] /o Session terminated. Log is at /mnt/coe/workspace/ece/ece546-spr25/group8/group8_project/synopsys_custom/logs/ccompiler.hrajesh.2025_4_18_182825_850917.log
