[09:34:45.62] /o 
              /c                                 Custom Compiler™ 
              /c 
              /c               Version W-2024.09-SP1-2 for linux64 - Jan 16, 2025 
              /c 
              /c                     Copyright (c) 2004 - 2025 Synopsys, Inc.
              /c    This software and the associated documentation are proprietary to Synopsys,
              /c  Inc. This software may only be used in accordance with the terms and conditions
              /c  of a written license agreement with Synopsys, Inc. All other use, reproduction,
              /c    or distribution of this software is strictly prohibited.  Licensed Products
              /c      communicate with Synopsys servers for the purpose of providing software
              /c     updates, detecting software piracy and verifying that customers are using
              /c     Licensed Products in conformity with the applicable License Key for such
              /c   Licensed Products. Synopsys will use information gathered in connection with
              /c     this process to deliver software updates and pursue software pirates and
              /c                                    infringers.
              /c 
              /c  Inclusivity & Diversity - Visit SolvNetPlus to read the "Synopsys Statement on
              /c             Inclusivity and Diversity" (Refer to article 000036315 at
              /c                         https://solvnetplus.synopsys.com)
              /c 
              /c Build  (OPT) Config 11256978 compiled on Thu Jan 16 10:52:27 2025 for AlmaLinux 8.4
              /c Invocation: /mnt/apps/public/COE/synopsys_apps/customcompiler/W-2024.09-SP1-2/linux64/platform/bin/custom_compiler
              /c Execution time: Thu Apr 17 09:34:34 2025
              /c Host: hydra12.ece.ncsu.edu
              /c Working directory: /mnt/coe/workspace/ece/ece546-spr25/group8/group8_project
              /c 
[09:34:54.13] /m Information: Registering ICV PERC package...
[09:34:55.18] /r giShowFrameTabs true
[09:34:55.18] /r giWindowId 1
[09:34:55.18] /r giWindowGeometry 1040x800
[09:34:55.80] /r giWindowId 2
[09:34:55.80] /r giWindowGeometry 800x600
[09:34:56.38] /i db::setAttr geometry -of [gi::getFrames 1] -value 1040x822+247+23
[09:34:56.72] /i db::setAttr geometry -of [gi::getFrames 1] -value 1040x822+247+54
[09:35:04.60] /i db::setAttr maximized -of [gi::getFrames 1] -value true
[09:35:04.72] /i db::setAttr geometry -of [gi::getFrames 1] -value 1536x770+0+46
[09:35:05.64] /o Error: Neither an editor nor a viewer license is available. (LICENSE-010)
[09:35:05.65] /o Shutdown time: Thu Apr 17 09:35:05 2025
              /c Session terminated.
