[21:23:33.94] /o 
              /c                                 Custom Compiler™ 
              /c 
              /c               Version W-2024.09-SP1-2 for linux64 - Jan 16, 2025 
              /c 
              /c                     Copyright (c) 2004 - 2025 Synopsys, Inc.
              /c    This software and the associated documentation are proprietary to Synopsys,
              /c  Inc. This software may only be used in accordance with the terms and conditions
              /c  of a written license agreement with Synopsys, Inc. All other use, reproduction,
              /c    or distribution of this software is strictly prohibited.  Licensed Products
              /c      communicate with Synopsys servers for the purpose of providing software
              /c     updates, detecting software piracy and verifying that customers are using
              /c     Licensed Products in conformity with the applicable License Key for such
              /c   Licensed Products. Synopsys will use information gathered in connection with
              /c     this process to deliver software updates and pursue software pirates and
              /c                                    infringers.
              /c 
              /c  Inclusivity & Diversity - Visit SolvNetPlus to read the "Synopsys Statement on
              /c             Inclusivity and Diversity" (Refer to article 000036315 at
              /c                         https://solvnetplus.synopsys.com)
              /c 
              /c Build  (OPT) Config 11256978 compiled on Thu Jan 16 10:52:27 2025 for AlmaLinux 8.4
              /c Invocation: /mnt/apps/public/COE/synopsys_apps/customcompiler/W-2024.09-SP1-2/linux64/platform/bin/custom_compiler
              /c Execution time: Wed Apr  9 21:23:10 2025
              /c Host: hydra11.ece.ncsu.edu
              /c Working directory: /mnt/coe/workspace/ece/ece546-spr25/group8/group8_project
              /c 
[21:23:46.48] /m Information: Registering ICV PERC package...
[21:23:47.73] /r giShowFrameTabs true
[21:23:47.73] /r giWindowId 1
[21:23:47.74] /r giWindowGeometry 1040x800
[21:23:58.09] /i gi::pressButton {/scroll/scrollArea/scrollAreaInnerWidget/applications/dmLibraryManager} -in [gi::getWindows 1]
[21:23:58.45] /r giWindowId 2
[21:23:58.46] /r giWindowGeometry 660x600+50+50
[21:24:23.64] /i gi::setCurrentIndex {libs} -index {group8} -in [gi::getWindows 2]
[21:24:23.78] /i gi::setItemSelection {libs} -index {group8} -in [gi::getWindows 2]
[21:24:29.29] /i gi::setCurrentIndex {cells} -index {sram_6t} -in [gi::getWindows 2]
[21:24:29.43] /i gi::setItemSelection {cells} -index {sram_6t} -in [gi::getWindows 2]
[21:24:32.32] /i db::setAttr maximized -of [gi::getFrames 1] -value true
[21:24:32.53] /i db::setAttr dockSize -of [gi::getAssistants giConsole -from [gi::getWindows 2]] -value 1920x242
[21:24:32.58] /i db::setAttr geometry -of [gi::getFrames 1] -value 1920x986+0+46
[21:24:34.02] /i gi::setCurrentIndex {views} -index {symbol1} -in [gi::getWindows 2]
[21:24:34.08] /i gi::setItemSelection {views} -index {symbol1} -in [gi::getWindows 2]
[21:24:34.19] /i gi::executeAction {dmOpen} -in [gi::getWindows 2]
[21:24:34.29] /m Information: Feature 'CustomInfrastructure' checked out. (LICENSE-003)
[21:24:34.30] /m Information: Feature 'SynopsysCustomLayout' checked out. (LICENSE-003)
[21:24:34.47] /o Loading: Callback files...
[21:24:34.50] /o Loading: scripts/callbacks/callbacks.tcl
[21:24:34.50] /o 
              /c [INFO] : Loading display.drf from /mnt/designkits/ncsu/FreePDK3/syncust/NCSU_TechLib_FreePDK3
              /c 
              /c  if you wish to Load other display.drf, please set shell environment valiable "iPDK_load_display_NCSU_TechLib_FreePDK3" to value = 0
[21:24:34.50] /o 
[21:24:34.64] /w Warning: Preference 'xtStarTcadGrdFile' is deprecated and scheduled for removal in a future release with no replacement. For migration assistance, see the Custom Compiler Tcl Reference Manual. (PREFERENCE-058)
[21:24:34.66] /w Warning: Preference 'xtStarOALayerMappingFile' is deprecated and scheduled for removal in a future release with no replacement. For migration assistance, see the Custom Compiler Tcl Reference Manual. (PREFERENCE-058)
[21:24:34.66] /o 	#######################################
[21:24:34.66] /o 	CC-PDK Library Name	: FreePDK3
[21:24:34.66] /o 	#######################################
[21:24:34.66] /o 
[21:24:34.69] /r giWindowId 3
[21:24:34.70] /r giWindowGeometry 1632x972
[21:24:38.09] /i gi::setActiveWindow 2
[21:24:38.09] /i gi::setActiveWindow 2 -raise true
[21:24:40.05] /i gi::executeAction giCloseWindow -in [gi::getWindows 3]
[21:24:44.75] /i gi::setCurrentIndex {views} -index {schematic} -in [gi::getWindows 2]
[21:24:44.82] /i gi::setItemSelection {views} -index {schematic} -in [gi::getWindows 2]
[21:24:46.09] /i gi::executeAction {dmOpen} -in [gi::getWindows 2]
[21:24:46.58] /r giWindowId 4
[21:24:46.59] /r giWindowGeometry 1632x972
[21:24:55.92] /# gi::executeAction {seButton1DragStart} -in [gi::getWindows 4]
[21:24:55.92] /i ise::stretch -object [de::getActiveFigure [gi::getWindows 4] -point {0.48125 1.6375} -index 0 -intent none] -point {0.5 1.625}
[21:24:57.07] /# gi::executeAction {deEndDrag} -in [gi::getWindows 4]
[21:24:57.07] /i de::endDrag {0.48125 1.7} -context [db::getNext [de::getContexts -window 4]]
[21:24:58.74] /# gi::executeAction {deSelectActive} -in [gi::getWindows 4]
[21:24:58.74] /i de::deselectAll [db::getNext [de::getContexts -window 4]]
[21:24:58.74] /i de::select [de::getActiveFigure [gi::getWindows 4] -point {0.48125 1.68125} -index 0 -intent none]
[21:24:58.74] /o oa:0x3c405f20
[21:25:37.13] /i gi::setActiveWindow 2
[21:25:37.13] /i gi::setActiveWindow 2 -raise true
[21:25:41.14] /i gi::executeAction {dmShowNewCellView} -in [gi::getWindows 2]
[21:25:41.67] /i gi::setActiveDialog [gi::getDialogs {dmNewCellView} -parent [gi::getWindows 2]]
[21:25:41.70] /i db::setAttr geometry -of [gi::getDialogs {dmNewCellView} -parent [gi::getWindows 2]] -value 588x293+656+341
[21:25:47.69] /i gi::setItemSelection {views} -index {} -in [gi::getDialogs {dmNewCellView} -parent [gi::getWindows 2]]
[21:25:47.69] /i gi::setField {cellViewName} -value {layout} -in [gi::getDialogs {dmNewCellView} -parent [gi::getWindows 2]]
[21:25:50.61] /i gi::pressButton {ok} -in [gi::getDialogs {dmNewCellView} -parent [gi::getWindows 2]]
[21:25:50.64] /# db::getAttr viewType -of [dm::findCellView layout -cell [dm::findCell sram\_6t -lib [oa::LibFind [oa::ScalarName [oa::CdbaNS] group8]]]]
[21:25:50.65] /# dm::createCellView layout -cell [dm::findCell sram\_6t -lib [ oa::LibFind [oa::ScalarName [oa::CdbaNS] group8]]] -viewType maskLayout
[21:25:50.68] /# de::open [dm::findCellView layout -cell [dm::findCell sram\_6t -lib [oa::LibFind [oa::ScalarName [oa::CdbaNS] group8]]]] -application leLayout
[21:25:50.87] /r giWindowId 5
[21:25:50.88] /r giWindowGeometry 1632x972
[21:25:54.71] /i gi::setActiveWindow 4
[21:25:54.71] /i gi::setActiveWindow 4 -raise true
[21:25:56.47] /i gi::setActiveWindow 2
[21:25:56.47] /i gi::setActiveWindow 2 -raise true
[21:25:58.31] /i gi::setActiveWindow 5
[21:25:58.31] /i gi::setActiveWindow 5 -raise true
[21:26:00.73] /# gi::executeAction {leInstance} -in [gi::getWindows 5]
[21:26:00.73] /i ile::createInst
[21:26:01.29] /i gi::setActiveDialog [gi::getDialogs {leCreateInst} -parent [gi::getWindows 5]]
[21:26:01.73] /i db::setAttr geometry -of [gi::getDialogs {leCreateInst} -parent [gi::getWindows 5]] -value 612x634+8+31
[21:26:05.25] /i gi::closeWindows [gi::getDialogs {leCreateInst}]
[21:28:39.45] /# gi::executeAction {leInstance} -in [gi::getWindows 5]
[21:28:39.45] /i ile::createInst
[21:28:39.98] /i gi::setActiveDialog [gi::getDialogs {leCreateInst} -parent [gi::getWindows 5]]
[21:28:40.21] /i db::setAttr geometry -of [gi::getDialogs {leCreateInst} -parent [gi::getWindows 5]] -value 612x634+8+31
[21:28:43.78] /i gi::setCurrentIndex {instLCVLibs} -index {NCSU_TechLib_FreePDK3} -in [gi::getDialogs {leCreateInst} -parent [gi::getWindows 5]]
[21:28:43.88] /i gi::setItemSelection {instLCVLibs} -index {NCSU_TechLib_FreePDK3} -in [gi::getDialogs {leCreateInst} -parent [gi::getWindows 5]]
[21:28:46.87] /i gi::setItemSelection {instLCVCells} -index {nmos} -in [gi::getDialogs {leCreateInst} -parent [gi::getWindows 5]]
[21:28:47.70] /i gi::setField {instLCVCellsFilter} -value {nmos} -in [gi::getDialogs {leCreateInst} -parent [gi::getWindows 5]]
[21:28:51.69] /# gi::executeAction {deAddPoint} -in [gi::getWindows 5]
[21:28:51.69] /i de::addPoint {0.5245 0.21} -context [db::getNext [de::getContexts -window 5]]
[21:28:54.92] /i gi::setItemSelection {instLCVCells} -index {pmos} -in [gi::getDialogs {leCreateInst} -parent [gi::getWindows 5]]
[21:28:55.39] /i gi::setField {instLCVCellsFilter} -value {pmos} -in [gi::getDialogs {leCreateInst} -parent [gi::getWindows 5]]
[21:28:55.39] /i gi::pressButton {showCategory} -in [gi::getDialogs {leCreateInst} -parent [gi::getWindows 5]]
[21:29:01.32] /# gi::executeAction {deAddPoint} -in [gi::getWindows 5]
[21:29:01.32] /i de::addPoint {0.524 0.274} -context [db::getNext [de::getContexts -window 5]]
[21:29:06.08] /# gi::executeAction {deCanvasZoomInAtPoint} -in [gi::getWindows 5]
[21:29:06.08] /i de::zoom -window [gi::getWindows 5] -factor [db::getPrefValue deCanvasMouseZoomFactor] -center {0.543 0.314}
[21:29:06.23] /# gi::executeAction {deCanvasZoomInAtPoint} -in [gi::getWindows 5]
[21:29:06.23] /i de::zoom -window [gi::getWindows 5] -factor [db::getPrefValue deCanvasMouseZoomFactor] -center {0.543 0.314}
[21:29:06.35] /# gi::executeAction {deCanvasZoomInAtPoint} -in [gi::getWindows 5]
[21:29:06.35] /i de::zoom -window [gi::getWindows 5] -factor [db::getPrefValue deCanvasMouseZoomFactor] -center {0.543 0.314}
[21:29:06.94] /# gi::executeAction {deCanvasZoomOutAtPoint} -in [gi::getWindows 5]
[21:29:06.94] /i de::zoom -window [gi::getWindows 5] -factor [expr {1.0/[db::getPrefValue deCanvasMouseZoomFactor]}] -center {0.539 0.314}
[21:29:08.00] /# gi::executeAction {deCanvasZoomOutAtPoint} -in [gi::getWindows 5]
[21:29:08.00] /i de::zoom -window [gi::getWindows 5] -factor [expr {1.0/[db::getPrefValue deCanvasMouseZoomFactor]}] -center {0.527 0.3285}
[21:29:15.54] /# gi::executeAction {deAddPoint} -in [gi::getWindows 5]
[21:29:15.54] /i de::addPoint {0.524 0.338} -context [db::getNext [de::getContexts -window 5]]
[21:29:19.56] /i gi::setItemSelection {instLCVCells} -index {nmos} -in [gi::getDialogs {leCreateInst} -parent [gi::getWindows 5]]
[21:29:20.77] /i gi::setField {instLCVCellsFilter} -value {nmos} -in [gi::getDialogs {leCreateInst} -parent [gi::getWindows 5]]
[21:29:21.40] /# gi::executeAction {deCanvasZoomInAtPoint} -in [gi::getWindows 5]
[21:29:21.40] /i de::zoom -window [gi::getWindows 5] -factor [db::getPrefValue deCanvasMouseZoomFactor] -center {0.5185 0.397}
[21:29:21.56] /# gi::executeAction {deCanvasZoomInAtPoint} -in [gi::getWindows 5]
[21:29:21.56] /i de::zoom -window [gi::getWindows 5] -factor [db::getPrefValue deCanvasMouseZoomFactor] -center {0.5185 0.397}
[21:29:26.83] /# gi::executeAction {deAddPoint} -in [gi::getWindows 5]
[21:29:26.83] /i de::addPoint {0.524 0.402} -context [db::getNext [de::getContexts -window 5]]
[21:29:28.07] /# gi::executeAction {deAbortCommand} -in [gi::getWindows 5]
[21:29:28.07] /i de::abortCommand -context [db::getNext [de::getContexts -window 5]]
[21:29:28.52] /# gi::executeAction {deFitView} -in [gi::getWindows 5]
[21:29:28.52] /i de::fit -window 5 -fitView true
[21:29:29.76] /# gi::executeAction {deCanvasZoomInAtPoint} -in [gi::getWindows 5]
[21:29:29.76] /i de::zoom -window [gi::getWindows 5] -factor [db::getPrefValue deCanvasMouseZoomFactor] -center {0.5355 0.205}
[21:29:32.08] /# gi::executeAction {leStartStretchDrag} -in [gi::getWindows 5]
[21:29:32.08] /i layout_editor::directStretch [de::getActiveFigure [gi::getWindows 5] -point {0.5715 0.223} -index 0 -intent none] 5
[21:29:32.08] /i db::setPrefValue deSelectMode -value Replace -scope [db::getScopes [db::getNext [de::getContexts -window 5]]]; ide::selectByRegion -region rectangle -point {0.5715 0.223} 
[21:29:33.67] /# gi::executeAction {deEndDrag} -in [gi::getWindows 5]
[21:29:33.67] /i de::endDrag {0.5675 0.2245} -context [db::getNext [de::getContexts -window 5]]
[21:29:34.34] /# gi::executeAction {deCanvasZoomInAtPoint} -in [gi::getWindows 5]
[21:29:34.34] /i de::zoom -window [gi::getWindows 5] -factor [db::getPrefValue deCanvasMouseZoomFactor] -center {0.57 0.224}
[21:29:35.48] /# gi::executeAction {leStartStretchDrag} -in [gi::getWindows 5]
[21:29:35.48] /i layout_editor::directStretch [de::getActiveFigure [gi::getWindows 5] -point {0.569 0.2285} -index 0 -intent none] 5
[21:29:35.48] /i db::setPrefValue deSelectMode -value Replace -scope [db::getScopes [db::getNext [de::getContexts -window 5]]]; ide::selectByRegion -region rectangle -point {0.569 0.2285} 
[21:29:36.55] /# gi::executeAction {deEndDrag} -in [gi::getWindows 5]
[21:29:36.55] /i de::endDrag {0.5645 0.2295} -context [db::getNext [de::getContexts -window 5]]
[21:29:37.44] /# gi::executeAction {leStartStretchDrag} -in [gi::getWindows 5]
[21:29:37.44] /i layout_editor::directStretch [de::getActiveFigure [gi::getWindows 5] -point {0.5675 0.232} -index 0 -intent none] 5
[21:29:37.44] /i db::setPrefValue deSelectMode -value Replace -scope [db::getScopes [db::getNext [de::getContexts -window 5]]]; ide::selectByRegion -region rectangle -point {0.5675 0.232} 
[21:29:37.93] /# gi::executeAction {deEndDrag} -in [gi::getWindows 5]
[21:29:37.93] /i de::endDrag {0.5635 0.2325} -context [db::getNext [de::getContexts -window 5]]
[21:29:38.49] /# gi::executeAction {deSelectActive} -in [gi::getWindows 5]
[21:29:38.49] /i de::deselectAll [db::getNext [de::getContexts -window 5]]
[21:29:38.49] /i de::select [de::getActiveFigure [gi::getWindows 5] -point {0.567 0.2325} -index 0 -intent none]
[21:29:38.49] /o oa:0x3bb9e490
[21:29:39.33] /# gi::executeAction {leStartStretchDrag} -in [gi::getWindows 5]
[21:29:39.33] /i layout_editor::directStretch [de::getActiveFigure [gi::getWindows 5] -point {0.5665 0.2325} -index 0 -intent none] 5
[21:29:39.33] /i ile::stretch -point {0.5665 0.2325}
[21:29:45.07] /# gi::executeAction {deCanvasZoomInAtPoint} -in [gi::getWindows 5]
[21:29:45.07] /i de::zoom -window [gi::getWindows 5] -factor [db::getPrefValue deCanvasMouseZoomFactor] -center {0.568 0.232}
[21:29:45.17] /# gi::executeAction {deCanvasZoomInAtPoint} -in [gi::getWindows 5]
[21:29:45.17] /i de::zoom -window [gi::getWindows 5] -factor [db::getPrefValue deCanvasMouseZoomFactor] -center {0.568 0.232}
[21:29:45.82] /# gi::executeAction {deCanvasZoomOutAtPoint} -in [gi::getWindows 5]
[21:29:45.82] /i de::zoom -window [gi::getWindows 5] -factor [expr {1.0/[db::getPrefValue deCanvasMouseZoomFactor]}] -center {0.568 0.232}
[21:29:47.56] /# gi::executeAction {deEndDrag} -in [gi::getWindows 5]
[21:29:47.56] /i de::endDrag {0.566 0.2325} -context [db::getNext [de::getContexts -window 5]]
[21:29:48.55] /# gi::executeAction {deSelectActive} -in [gi::getWindows 5]
[21:29:48.55] /i de::deselectAll [db::getNext [de::getContexts -window 5]]
[21:29:49.75] /# gi::executeAction {deFitView} -in [gi::getWindows 5]
[21:29:49.75] /i de::fit -window 5 -fitView true
[21:29:51.41] /# gi::executeAction {leDisplayAllLevels} -in [gi::getWindows 5]
[21:29:51.41] /i db::setPrefValue leStopLevel -value 32 -scope [db::getNext [de::getContexts -window 5]]
[21:29:54.82] /# gi::executeAction {leDisplayAllLevels} -in [gi::getWindows 5]
[21:29:54.82] /i db::setPrefValue leStopLevel -value 32 -scope [db::getNext [de::getContexts -window 5]]
[21:29:55.67] /# gi::executeAction {leDisplayTopLevel} -in [gi::getWindows 5]
[21:29:55.67] /i db::setPrefValue leStopLevel -value 0 -scope [db::getNext [de::getContexts -window 5]]; db::setPrefValue leStartLevel -value 0 -scope [db::getNext [de::getContexts -window 5]]; de::redraw -window 5
[21:29:56.48] /# gi::executeAction {leDisplayAllLevels} -in [gi::getWindows 5]
[21:29:56.49] /i db::setPrefValue leStopLevel -value 32 -scope [db::getNext [de::getContexts -window 5]]
[21:33:03.53] /# gi::executeAction {deSelectActive} -in [gi::getWindows 5]
[21:33:03.53] /i de::deselectAll [db::getNext [de::getContexts -window 5]]
[21:33:03.53] /i de::select [de::getActiveFigure [gi::getWindows 5] -point {0.56 0.283} -index 0 -intent none]
[21:33:03.53] /o oa:0x3c6bdef0
[21:33:04.30] /i gi::executeAction {dePropertyEditorToggleExtended} -in [gi::getWindows 5]
[21:33:04.31] /# db::setAttr shown -of [gi::getAssistants dePropertyEditor -from [gi::getWindows 5]] -value true
[21:33:04.68] /i db::setAttr dockSize -of [gi::getAssistants leObjectLayerPanel -from [gi::getWindows 5]] -value 200x795
[21:33:04.92] /i db::setAttr dockSize -of [gi::getAssistants dePropertyEditor -from [gi::getWindows 5]] -value 290x795
[21:33:06.73] /i db::setAttr shown -of [gi::getAssistants dePropertyEditor -from [gi::getWindows 5]] -value false
[21:33:07.10] /i db::setAttr dockSize -of [gi::getAssistants leObjectLayerPanel -from [gi::getWindows 5]] -value 290x822
[21:33:19.59] /i db::setAttr geometry -of [gi::getFrames 1] -value 1920x986+0+23
[21:33:19.63] /i db::setAttr maximized -of [gi::getFrames 1] -value false
[21:33:19.63] /i db::setAttr maximized -of [gi::getFrames 1] -value false
[21:33:19.63] /i db::setAttr iconified -of [gi::getFrames 1] -value true
[21:33:20.25] /i db::setAttr maximized -of [gi::getFrames 1] -value true
[21:33:20.25] /i db::setAttr iconified -of [gi::getFrames 1] -value false
[21:33:20.31] /i db::setAttr geometry -of [gi::getFrames 1] -value 1920x986+0+46
[21:33:23.52] /i db::setAttr geometry -of [gi::getFrames 1] -value 1920x986+0+23
[21:33:23.55] /i db::setAttr maximized -of [gi::getFrames 1] -value false
[21:33:23.55] /i db::setAttr maximized -of [gi::getFrames 1] -value false
[21:33:23.55] /i db::setAttr iconified -of [gi::getFrames 1] -value true
[21:33:49.86] /i db::setAttr maximized -of [gi::getFrames 1] -value true
[21:33:49.86] /i db::setAttr iconified -of [gi::getFrames 1] -value false
[21:33:50.09] /i db::setAttr geometry -of [gi::getFrames 1] -value 1920x986+0+46
[21:33:50.99] /# gi::executeAction {deSelectActive} -in [gi::getWindows 5]
[21:33:50.99] /i de::deselectAll [db::getNext [de::getContexts -window 5]]
[21:53:27.51] /# gi::executeAction {deSelectActive} -in [gi::getWindows 5]
[21:53:27.51] /i de::deselectAll [db::getNext [de::getContexts -window 5]]
[21:53:27.51] /i de::select [de::getActiveFigure [gi::getWindows 5] -point {0.541 0.3415} -index 0 -intent none]
[21:53:27.51] /o oa:0x3c5b66b0
[21:53:28.51] /# gi::executeAction {leRectangle} -in [gi::getWindows 5]
[21:53:30.73] /# gi::executeAction {deAbortCommand} -in [gi::getWindows 5]
[21:53:31.95] /# gi::executeAction {giPostContextMenu} -in [gi::getWindows 5]
[21:53:31.95] /i de::setCursor [gi::getWindows 5] -point {0.5235 0.339}
[21:53:32.07] /i gi::executeAction giShowContextMenuAccessory -in [gi::getWindows 5]
[21:53:32.11] /i gi::executeAction {menuPreShow} -in [gi::getWindows 5]
[21:53:32.11] /r giMenuAccess db::getNext [gi::getMenus leInstanceContextMenu]
[21:53:32.64] /i gi::setActiveDialog [gi::getDialogs {giContextMenuAccessory}]
[21:53:35.53] /i gi::setField {leCSTInstName} -value {I2} -in [gi::getDialogs {giContextMenuAccessory}]
[21:53:35.55] /i gi::closeWindows [gi::getDialogs {giContextMenuAccessory}]
[21:53:36.81] /# gi::executeAction {giPostContextMenu} -in [gi::getWindows 5]
[21:53:36.81] /i de::setCursor [gi::getWindows 5] -point {0.515 0.3305}
[21:53:36.81] /i gi::executeAction giShowContextMenuAccessory -in [gi::getWindows 5]
[21:53:36.98] /i gi::executeAction {menuPreShow} -in [gi::getWindows 5]
[21:53:36.98] /r giMenuAccess db::getNext [gi::getMenus leInstanceContextMenu]
[21:53:37.54] /i gi::setActiveDialog [gi::getDialogs {giContextMenuAccessory}]
[21:53:38.49] /i gi::setField {leCSTInstName} -value {I2} -in [gi::getDialogs {giContextMenuAccessory}]
[21:53:40.97] /i gi::executeAction {deCanvasDragCancel} -in [gi::getWindows 5]
[21:53:42.23] /# gi::executeAction {giPostContextMenu} -in [gi::getWindows 5]
[21:53:42.23] /i de::setCursor [gi::getWindows 5] -point {0.518 0.3475}
[21:53:42.24] /i gi::executeAction giShowContextMenuAccessory -in [gi::getWindows 5]
[21:53:42.28] /i gi::executeAction {menuPreShow} -in [gi::getWindows 5]
[21:53:42.28] /r giMenuAccess db::getNext [gi::getMenus leInstanceContextMenu]
[21:53:42.59] /i gi::setActiveDialog [gi::getDialogs {giContextMenuAccessory}]
[21:53:43.72] /i gi::setField {leCSTInstName} -value {I2} -in [gi::getDialogs {giContextMenuAccessory}]
[21:53:45.40] /# gi::executeAction {deRedraw} -in [gi::getWindows 5]
[21:53:45.40] /i de::redraw -window 5
[21:53:47.78] /i gi::executeAction {deCanvasDragCancel} -in [gi::getWindows 5]
[21:53:48.86] /# gi::executeAction {deSelectActive} -in [gi::getWindows 5]
[21:53:48.86] /i de::cycleActiveFigure [gi::getWindows 5] -direction next
[21:53:48.87] /o oa:0x3d959230
[21:53:51.40] /i gi::executeAction {dePropertyEditorToggleExtended} -in [gi::getWindows 5]
[21:53:51.40] /# db::setAttr shown -of [gi::getAssistants dePropertyEditor -from [gi::getWindows 5]] -value true
[21:53:51.80] /i db::setAttr dockSize -of [gi::getAssistants leObjectLayerPanel -from [gi::getWindows 5]] -value 290x795
[21:53:54.98] /# gi::executeAction {deSelectActive} -in [gi::getWindows 5]
[21:53:54.98] /i de::deselectAll [db::getNext [de::getContexts -window 5]]
[21:53:56.52] /# gi::executeAction {leStartStretchDrag} -in [gi::getWindows 5]
[21:53:56.52] /i layout_editor::directStretch [de::getActiveFigure [gi::getWindows 5] -point {0.5385 0.3245} -index 0 -intent none] 5
[21:53:56.52] /i db::setPrefValue deSelectMode -value Replace -scope [db::getScopes [db::getNext [de::getContexts -window 5]]]; ide::selectByRegion -region rectangle -point {0.5385 0.3245} 
[21:53:57.65] /# gi::executeAction {deEndDrag} -in [gi::getWindows 5]
[21:53:57.65] /i de::endDrag {0.5485 0.326} -context [db::getNext [de::getContexts -window 5]]
[21:53:58.47] /# gi::executeAction {deSelectActive} -in [gi::getWindows 5]
[21:53:58.47] /i de::deselectAll [db::getNext [de::getContexts -window 5]]
[21:53:58.47] /i de::select [de::getActiveFigure [gi::getWindows 5] -point {0.5175 0.3305} -index 0 -intent none]
[21:53:58.47] /o oa:0x3c6464b0
[21:53:59.74] /# gi::executeAction {leStartStretchDrag} -in [gi::getWindows 5]
[21:53:59.74] /i layout_editor::directStretch [de::getActiveFigure [gi::getWindows 5] -point {0.5175 0.3305} -index 0 -intent none] 5
[21:53:59.75] /i ile::stretch -point {0.5175 0.3305}
[21:54:00.74] /# gi::executeAction {deEndDrag} -in [gi::getWindows 5]
[21:54:00.74] /i de::endDrag {0.3645 0.3} -context [db::getNext [de::getContexts -window 5]]
[21:54:02.17] /i gi::setItemSelection {attributes} -index {orient,all} -in [gi::getAssistants dePropertyEditor -from [gi::getWindows 5]]
[21:54:02.18] /i gi::setCurrentIndex {attributes} -index {orient,Value} -in [gi::getAssistants dePropertyEditor -from [gi::getWindows 5]]
[21:54:06.79] /i gi::setField {attributes} -value {R90} -index {orient,Value} -in [gi::getAssistants dePropertyEditor -from [gi::getWindows 5]]
[21:54:08.71] /i gi::executeAction dePropertyEditorApplyChanges -in [gi::getAssistants dePropertyEditor -from [gi::getWindows 5]]
[21:54:10.12] /# gi::executeAction {deSelectActive} -in [gi::getWindows 5]
[21:54:10.12] /i de::deselectAll [db::getNext [de::getContexts -window 5]]
[21:54:10.99] /# gi::executeAction {deSelectActive} -in [gi::getWindows 5]
[21:54:10.99] /i de::deselectAll [db::getNext [de::getContexts -window 5]]
[21:54:10.99] /i de::select [de::getActiveFigure [gi::getWindows 5] -point {0.5075 0.282} -index 0 -intent none]
[21:54:10.99] /o oa:0x3c869ba0
[21:54:12.79] /i gi::setItemSelection {attributes} -index {orient,all} -in [gi::getAssistants dePropertyEditor -from [gi::getWindows 5]]
[21:54:12.79] /i gi::setCurrentIndex {attributes} -index {orient,Value} -in [gi::getAssistants dePropertyEditor -from [gi::getWindows 5]]
[21:54:14.90] /i gi::setField {attributes} -value {R90} -index {orient,Value} -in [gi::getAssistants dePropertyEditor -from [gi::getWindows 5]]
[21:54:16.73] /# gi::executeAction {deEditCanvasText} -in [gi::getWindows 5]
[21:54:16.73] /i ide::editCanvasText -object [de::getActiveFigure [gi::getWindows 5] -point {0.549 0.279} -index 0 -intent none]
[21:54:16.74] /e Error: Cannot run canvas editing on not text shapes. (DESIGN_COMMANDS-205)
[21:54:21.57] /i gi::executeAction {dePropertyEditorApplyChanges} -in [gi::getAssistants dePropertyEditor -from [gi::getWindows 5]]
[21:54:23.18] /# gi::executeAction {leStartStretchDrag} -in [gi::getWindows 5]
[21:54:23.18] /i layout_editor::directStretch [de::getActiveFigure [gi::getWindows 5] -point {0.5305 0.291} -index 0 -intent none] 5
[21:54:23.18] /i ile::stretch -point {0.5305 0.291}
[21:54:25.38] /# gi::executeAction {deEndDrag} -in [gi::getWindows 5]
[21:54:25.38] /i de::endDrag {0.5775 0.338} -context [db::getNext [de::getContexts -window 5]]
[21:54:26.19] /# gi::executeAction {leStartStretchDrag} -in [gi::getWindows 5]
[21:54:26.19] /i layout_editor::directStretch [de::getActiveFigure [gi::getWindows 5] -point {0.573 0.292} -index 0 -intent none] 5
[21:54:26.20] /i ile::stretch -point {0.573 0.292}
[21:54:27.15] /# gi::executeAction {deEndDrag} -in [gi::getWindows 5]
[21:54:27.15] /i de::endDrag {0.5655 0.3285} -context [db::getNext [de::getContexts -window 5]]
[21:54:27.86] /# gi::executeAction {deSelectActive} -in [gi::getWindows 5]
[21:54:27.86] /i de::deselectAll [db::getNext [de::getContexts -window 5]]
[21:54:27.86] /i de::select [de::getActiveFigure [gi::getWindows 5] -point {0.391 0.3275} -index 0 -intent none]
[21:54:27.86] /o oa:0x3c67ef80
[21:54:28.79] /# gi::executeAction {leStartStretchDrag} -in [gi::getWindows 5]
[21:54:28.79] /i layout_editor::directStretch [de::getActiveFigure [gi::getWindows 5] -point {0.387 0.3325} -index 0 -intent none] 5
[21:54:28.79] /i ile::stretch -point {0.387 0.3325}
[21:54:30.39] /# gi::executeAction {deEndDrag} -in [gi::getWindows 5]
[21:54:30.39] /i de::endDrag {0.5185 0.272} -context [db::getNext [de::getContexts -window 5]]
[21:54:31.16] /# gi::executeAction {leStartStretchDrag} -in [gi::getWindows 5]
[21:54:31.16] /i layout_editor::directStretch [de::getActiveFigure [gi::getWindows 5] -point {0.4975 0.3405} -index 0 -intent none] 5
[21:54:31.16] /i ile::stretch -point {0.4975 0.3405}
[21:54:32.73] /# gi::executeAction {deEndDrag} -in [gi::getWindows 5]
[21:54:32.73] /i de::endDrag {0.4975 0.3125} -context [db::getNext [de::getContexts -window 5]]
[21:54:33.81] /# gi::executeAction {leStartStretchDrag} -in [gi::getWindows 5]
[21:54:33.81] /i layout_editor::directStretch [de::getActiveFigure [gi::getWindows 5] -point {0.4935 0.322} -index 0 -intent none] 5
[21:54:33.81] /i ile::stretch -point {0.4935 0.322}
[21:54:35.92] /# gi::executeAction {deEndDrag} -in [gi::getWindows 5]
[21:54:35.92] /i de::endDrag {0.498 0.3225} -context [db::getNext [de::getContexts -window 5]]
[21:54:36.78] /# gi::executeAction {leStartStretchDrag} -in [gi::getWindows 5]
[21:54:36.78] /i layout_editor::directStretch [de::getActiveFigure [gi::getWindows 5] -point {0.498 0.3225} -index 0 -intent none] 5
[21:54:36.78] /i ile::stretch -point {0.498 0.3225}
[21:54:42.76] /# gi::executeAction {deEndDrag} -in [gi::getWindows 5]
[21:54:42.76] /i de::endDrag {0.497 0.3225} -context [db::getNext [de::getContexts -window 5]]
[21:54:43.23] /# gi::executeAction {deCanvasZoomInAtPoint} -in [gi::getWindows 5]
[21:54:43.23] /i de::zoom -window [gi::getWindows 5] -factor [db::getPrefValue deCanvasMouseZoomFactor] -center {0.497 0.3215}
[21:54:43.42] /# gi::executeAction {deCanvasZoomInAtPoint} -in [gi::getWindows 5]
[21:54:43.42] /i de::zoom -window [gi::getWindows 5] -factor [db::getPrefValue deCanvasMouseZoomFactor] -center {0.497 0.3215}
[21:54:45.21] /# gi::executeAction {leStartStretchDrag} -in [gi::getWindows 5]
[21:54:45.21] /i layout_editor::directStretch [de::getActiveFigure [gi::getWindows 5] -point {0.5055 0.3235} -index 0 -intent none] 5
[21:54:45.21] /i ile::stretch -point {0.5055 0.3235}
[21:54:48.07] /# gi::executeAction {deEndDrag} -in [gi::getWindows 5]
[21:54:48.07] /i de::endDrag {0.507 0.3245} -context [db::getNext [de::getContexts -window 5]]
[21:54:48.88] /# gi::executeAction {leStartStretchDrag} -in [gi::getWindows 5]
[21:54:48.88] /i layout_editor::directStretch [de::getActiveFigure [gi::getWindows 5] -point {0.5055 0.3135} -index 0 -intent none] 5
[21:54:48.88] /i ile::stretch -point {0.5055 0.3135}
[21:54:52.73] /# gi::executeAction {deEndDrag} -in [gi::getWindows 5]
[21:54:52.73] /i de::endDrag {0.506 0.3145} -context [db::getNext [de::getContexts -window 5]]
[21:54:58.00] /# gi::executeAction {leStartStretchDrag} -in [gi::getWindows 5]
[21:54:58.00] /i layout_editor::directStretch [de::getActiveFigure [gi::getWindows 5] -point {0.515 0.302} -index 0 -intent none] 5
[21:54:58.00] /i ile::stretch -point {0.515 0.302}
[21:54:58.79] /# gi::executeAction {deEndDrag} -in [gi::getWindows 5]
[21:54:58.79] /i de::endDrag {0.5115 0.3015} -context [db::getNext [de::getContexts -window 5]]
[21:54:59.51] /# gi::executeAction {leStartStretchDrag} -in [gi::getWindows 5]
[21:54:59.51] /i layout_editor::directStretch [de::getActiveFigure [gi::getWindows 5] -point {0.5135 0.3065} -index 0 -intent none] 5
[21:54:59.51] /i ile::stretch -point {0.5135 0.3065}
[21:55:00.70] /# gi::executeAction {deEndDrag} -in [gi::getWindows 5]
[21:55:00.70] /i de::endDrag {0.5135 0.306} -context [db::getNext [de::getContexts -window 5]]
[21:55:01.73] /# gi::executeAction {leStartStretchDrag} -in [gi::getWindows 5]
[21:55:01.73] /i layout_editor::directStretch [de::getActiveFigure [gi::getWindows 5] -point {0.513 0.307} -index 0 -intent none] 5
[21:55:01.73] /i ile::stretch -point {0.513 0.307}
[21:55:04.66] /# gi::executeAction {deEndDrag} -in [gi::getWindows 5]
[21:55:04.66] /i de::endDrag {0.516 0.307} -context [db::getNext [de::getContexts -window 5]]
[21:55:07.12] /# gi::executeAction {deSelectActive} -in [gi::getWindows 5]
[21:55:07.12] /i de::deselectAll [db::getNext [de::getContexts -window 5]]
[21:55:08.16] /# gi::executeAction {deFitView} -in [gi::getWindows 5]
[21:55:08.16] /i de::fit -window 5 -fitView true
[21:55:26.05] /# gi::executeAction {deSelectActive} -in [gi::getWindows 5]
[21:55:26.05] /i de::deselectAll [db::getNext [de::getContexts -window 5]]
[21:55:26.05] /i de::select [de::getActiveFigure [gi::getWindows 5] -point {0.5315 0.3985} -index 0 -intent none]
[21:55:26.05] /o oa:0x3c709a70
[21:55:27.22] /# gi::executeAction {leStartStretchDrag} -in [gi::getWindows 5]
[21:55:27.22] /i layout_editor::directStretch [de::getActiveFigure [gi::getWindows 5] -point {0.5315 0.3985} -index 0 -intent none] 5
[21:55:27.22] /i ile::stretch -point {0.5315 0.3985}
[21:55:28.53] /# gi::executeAction {deEndDrag} -in [gi::getWindows 5]
[21:55:28.53] /i de::endDrag {0.55 0.3965} -context [db::getNext [de::getContexts -window 5]]
[21:55:29.42] /# gi::executeAction {leStartStretchDrag} -in [gi::getWindows 5]
[21:55:29.42] /i layout_editor::directStretch [de::getActiveFigure [gi::getWindows 5] -point {0.5465 0.3975} -index 0 -intent none] 5
[21:55:29.42] /i ile::stretch -point {0.5465 0.3975}
[21:55:31.07] /# gi::executeAction {deEndDrag} -in [gi::getWindows 5]
[21:55:31.07] /i de::endDrag {0.5455 0.3775} -context [db::getNext [de::getContexts -window 5]]
[21:55:32.16] /# gi::executeAction {deSelectActive} -in [gi::getWindows 5]
[21:55:32.16] /i de::deselectAll [db::getNext [de::getContexts -window 5]]
[21:55:33.07] /# gi::executeAction {leStartStretchDrag} -in [gi::getWindows 5]
[21:55:33.07] /i layout_editor::directStretch [de::getActiveFigure [gi::getWindows 5] -point {0.564 0.3755} -index 0 -intent none] 5
[21:55:33.07] /i db::setPrefValue deSelectMode -value Replace -scope [db::getScopes [db::getNext [de::getContexts -window 5]]]; ide::selectByRegion -region rectangle -point {0.564 0.3755} 
[21:55:34.54] /# gi::executeAction {deEndDrag} -in [gi::getWindows 5]
[21:55:34.54] /i de::endDrag {0.5575 0.376} -context [db::getNext [de::getContexts -window 5]]
[21:55:35.24] /# gi::executeAction {leStartStretchDrag} -in [gi::getWindows 5]
[21:55:35.24] /i layout_editor::directStretch [de::getActiveFigure [gi::getWindows 5] -point {0.5565 0.375} -index 0 -intent none] 5
[21:55:35.24] /i db::setPrefValue deSelectMode -value Replace -scope [db::getScopes [db::getNext [de::getContexts -window 5]]]; ide::selectByRegion -region rectangle -point {0.5565 0.375} 
[21:55:35.78] /# gi::executeAction {deEndDrag} -in [gi::getWindows 5]
[21:55:35.78] /i de::endDrag {0.5485 0.375} -context [db::getNext [de::getContexts -window 5]]
[21:55:36.47] /# gi::executeAction {deSelectActive} -in [gi::getWindows 5]
[21:55:36.47] /i de::deselectAll [db::getNext [de::getContexts -window 5]]
[21:55:36.47] /i de::select [de::getActiveFigure [gi::getWindows 5] -point {0.55 0.3765} -index 0 -intent none]
[21:55:36.47] /o oa:0x3d9c0470
[21:55:37.22] /# gi::executeAction {leStartStretchDrag} -in [gi::getWindows 5]
[21:55:37.22] /i layout_editor::directStretch [de::getActiveFigure [gi::getWindows 5] -point {0.5485 0.3765} -index 0 -intent none] 5
[21:55:37.22] /i ile::stretch -point {0.5485 0.3765}
[21:55:39.69] /# gi::executeAction {deEndDrag} -in [gi::getWindows 5]
[21:55:39.69] /i de::endDrag {0.5485 0.3865} -context [db::getNext [de::getContexts -window 5]]
[21:55:40.50] /# gi::executeAction {leStartStretchDrag} -in [gi::getWindows 5]
[21:55:40.50] /i layout_editor::directStretch [de::getActiveFigure [gi::getWindows 5] -point {0.5485 0.3865} -index 0 -intent none] 5
[21:55:40.51] /i ile::stretch -point {0.5485 0.3865}
[21:55:44.17] /# gi::executeAction {deEndDrag} -in [gi::getWindows 5]
[21:55:44.17] /i de::endDrag {0.5455 0.3865} -context [db::getNext [de::getContexts -window 5]]
[21:55:47.18] /# gi::executeAction {deSelectActive} -in [gi::getWindows 5]
[21:55:47.18] /i de::deselectAll [db::getNext [de::getContexts -window 5]]
[21:55:47.77] /# gi::executeAction {deSelectActive} -in [gi::getWindows 5]
[21:55:47.77] /i de::deselectAll [db::getNext [de::getContexts -window 5]]
[21:55:47.77] /i de::select [de::getActiveFigure [gi::getWindows 5] -point {0.567 0.3785} -index 0 -intent none]
[21:55:47.77] /o oa:0x3c88f690
[21:55:48.85] /# gi::executeAction {leCopy} -in [gi::getWindows 5]
[21:55:48.85] /i ile::copy
[21:55:51.28] /# gi::executeAction {deAbortCommand} -in [gi::getWindows 5]
[21:55:51.28] /i de::abortCommand -context [db::getNext [de::getContexts -window 5]]
[21:55:52.92] /# gi::executeAction {deSelectActive} -in [gi::getWindows 5]
[21:55:52.92] /i de::deselectAll [db::getNext [de::getContexts -window 5]]
[21:55:52.92] /i de::select [de::getActiveFigure [gi::getWindows 5] -point {0.518 0.2065} -index 0 -intent none]
[21:55:52.92] /o oa:0x3c65d290
[21:55:53.92] /# gi::executeAction {leStartStretchDrag} -in [gi::getWindows 5]
[21:55:53.92] /i layout_editor::directStretch [de::getActiveFigure [gi::getWindows 5] -point {0.517 0.2075} -index 0 -intent none] 5
[21:55:53.92] /i ile::stretch -point {0.517 0.2075}
[21:55:54.74] /# gi::executeAction {deEndDrag} -in [gi::getWindows 5]
[21:55:54.74] /i de::endDrag {0.517 0.2215} -context [db::getNext [de::getContexts -window 5]]
[21:55:55.65] /# gi::executeAction {leStartStretchDrag} -in [gi::getWindows 5]
[21:55:55.65] /i layout_editor::directStretch [de::getActiveFigure [gi::getWindows 5] -point {0.5165 0.228} -index 0 -intent none] 5
[21:55:55.65] /i ile::stretch -point {0.5165 0.228}
[21:55:58.28] /# gi::executeAction {deEndDrag} -in [gi::getWindows 5]
[21:55:58.28] /i de::endDrag {0.532 0.228} -context [db::getNext [de::getContexts -window 5]]
[21:55:59.09] /# gi::executeAction {leStartStretchDrag} -in [gi::getWindows 5]
[21:55:59.09] /i layout_editor::directStretch [de::getActiveFigure [gi::getWindows 5] -point {0.5355 0.2305} -index 0 -intent none] 5
[21:55:59.09] /i ile::stretch -point {0.5355 0.2305}
[21:56:04.85] /# gi::executeAction {deEndDrag} -in [gi::getWindows 5]
[21:56:04.85] /i de::endDrag {0.5355 0.2355} -context [db::getNext [de::getContexts -window 5]]
[21:56:05.87] /# gi::executeAction {deSelectActive} -in [gi::getWindows 5]
[21:56:05.87] /i de::deselectAll [db::getNext [de::getContexts -window 5]]
[21:56:09.00] /# gi::executeAction {leInstance} -in [gi::getWindows 5]
[21:56:09.00] /i ile::createInst
[21:56:09.50] /r deInterrupt <loopId:create_instance_interrupt> <positionId:The process was interrupted>
[21:56:09.50] /i gi::setItemSelection {instLCVViews} -index {} -in [gi::getDialogs {leCreateInst} -parent [gi::getWindows 5]]
[21:56:09.50] /i gi::setItemSelection {instLCVCells} -index {} -in [gi::getDialogs {leCreateInst} -parent [gi::getWindows 5]]
[21:56:09.50] /i gi::setItemSelection {instLCVLibs} -index {} -in [gi::getDialogs {leCreateInst} -parent [gi::getWindows 5]]
[21:56:09.51] /i gi::setItemSelection {instLCVLibs} -index {NCSU_TechLib_FreePDK3} -in [gi::getDialogs {leCreateInst} -parent [gi::getWindows 5]]
[21:56:09.65] /i gi::setActiveDialog [gi::getDialogs {leCreateInst} -parent [gi::getWindows 5]]
[21:56:09.69] /i db::setAttr geometry -of [gi::getDialogs {leCreateInst} -parent [gi::getWindows 5]] -value 612x634+8+31
[21:56:12.29] /i gi::setCurrentIndex {instLCVCells} -index {nmos} -in [gi::getDialogs {leCreateInst} -parent [gi::getWindows 5]]
[21:56:12.44] /i gi::setItemSelection {instLCVCells} -index {nmos} -in [gi::getDialogs {leCreateInst} -parent [gi::getWindows 5]]
[21:56:13.75] /# gi::executeAction {deCanvasPanNorth} -in [gi::getWindows 5]
[21:56:13.75] /i de::pan -window [gi::getWindows 5] -direction N -multiplier [db::getPrefValue deCanvasMousePanMultiplier]
[21:56:16.99] /# gi::executeAction {deCanvasZoomInAtPoint} -in [gi::getWindows 5]
[21:56:16.99] /i de::zoom -window [gi::getWindows 5] -factor [db::getPrefValue deCanvasMouseZoomFactor] -center {0.5395 0.445}
[21:56:18.36] /# gi::executeAction {deCanvasZoomInAtPoint} -in [gi::getWindows 5]
[21:56:18.36] /i de::zoom -window [gi::getWindows 5] -factor [db::getPrefValue deCanvasMouseZoomFactor] -center {0.5395 0.445}
[21:56:21.18] /# gi::executeAction {deAddPoint} -in [gi::getWindows 5]
[21:56:21.18] /i de::addPoint {0.5395 0.4445} -context [db::getNext [de::getContexts -window 5]]
[21:56:22.23] /# gi::executeAction {deCanvasPanSouth} -in [gi::getWindows 5]
[21:56:22.23] /i de::pan -window [gi::getWindows 5] -direction S -multiplier [db::getPrefValue deCanvasMousePanMultiplier]
[21:56:22.53] /# gi::executeAction {deCanvasPanSouth} -in [gi::getWindows 5]
[21:56:22.53] /i de::pan -window [gi::getWindows 5] -direction S -multiplier [db::getPrefValue deCanvasMousePanMultiplier]
[21:56:22.85] /# gi::executeAction {deCanvasPanSouth} -in [gi::getWindows 5]
[21:56:22.85] /i de::pan -window [gi::getWindows 5] -direction S -multiplier [db::getPrefValue deCanvasMousePanMultiplier]
[21:56:23.12] /# gi::executeAction {deCanvasPanSouth} -in [gi::getWindows 5]
[21:56:23.12] /i de::pan -window [gi::getWindows 5] -direction S -multiplier [db::getPrefValue deCanvasMousePanMultiplier]
[21:56:23.40] /# gi::executeAction {deCanvasPanSouth} -in [gi::getWindows 5]
[21:56:23.40] /i de::pan -window [gi::getWindows 5] -direction S -multiplier [db::getPrefValue deCanvasMousePanMultiplier]
[21:56:23.76] /# gi::executeAction {deCanvasPanSouth} -in [gi::getWindows 5]
[21:56:23.76] /i de::pan -window [gi::getWindows 5] -direction S -multiplier [db::getPrefValue deCanvasMousePanMultiplier]
[21:56:24.18] /# gi::executeAction {deCanvasPanSouth} -in [gi::getWindows 5]
[21:56:24.18] /i de::pan -window [gi::getWindows 5] -direction S -multiplier [db::getPrefValue deCanvasMousePanMultiplier]
[21:56:24.58] /# gi::executeAction {deCanvasPanSouth} -in [gi::getWindows 5]
[21:56:24.58] /i de::pan -window [gi::getWindows 5] -direction S -multiplier [db::getPrefValue deCanvasMousePanMultiplier]
[21:56:24.87] /# gi::executeAction {deCanvasPanSouth} -in [gi::getWindows 5]
[21:56:24.87] /i de::pan -window [gi::getWindows 5] -direction S -multiplier [db::getPrefValue deCanvasMousePanMultiplier]
[21:56:25.30] /# gi::executeAction {deCanvasPanNorth} -in [gi::getWindows 5]
[21:56:25.30] /i de::pan -window [gi::getWindows 5] -direction N -multiplier [db::getPrefValue deCanvasMousePanMultiplier]
[21:56:25.59] /# gi::executeAction {deAddPoint} -in [gi::getWindows 5]
[21:56:25.59] /i de::addPoint {0.5395 0.138} -context [db::getNext [de::getContexts -window 5]]
[21:56:25.70] /# gi::executeAction {deCanvasPanNorth} -in [gi::getWindows 5]
[21:56:25.70] /i de::pan -window [gi::getWindows 5] -direction N -multiplier [db::getPrefValue deCanvasMousePanMultiplier]
[21:56:34.15] /# gi::executeAction {deAddPoint} -in [gi::getWindows 5]
[21:56:34.15] /i de::addPoint {0.5395 0.176} -context [db::getNext [de::getContexts -window 5]]
[21:56:40.40] /i gi::pressButton {hide} -in [gi::getDialogs {leCreateInst} -parent [gi::getWindows 5]]
[21:56:41.43] /# gi::executeAction {deAbortCommand} -in [gi::getWindows 5]
[21:56:41.43] /i de::abortCommand -context [db::getNext [de::getContexts -window 5]]
[21:56:41.87] /i gi::executeAction {deCanvasDragCancel} -in [gi::getWindows 5]
[21:56:43.24] /# gi::executeAction {deFitView} -in [gi::getWindows 5]
[21:56:43.24] /i de::fit -window 5 -fitView true
[21:56:44.18] /# gi::executeAction {deSelectActive} -in [gi::getWindows 5]
[21:56:48.60] /# gi::executeAction {deCanvasZoomInAtPoint} -in [gi::getWindows 5]
[21:56:48.60] /i de::zoom -window [gi::getWindows 5] -factor [db::getPrefValue deCanvasMouseZoomFactor] -center {0.556 0.0995}
[21:56:48.73] /# gi::executeAction {deCanvasZoomInAtPoint} -in [gi::getWindows 5]
[21:56:48.73] /i de::zoom -window [gi::getWindows 5] -factor [db::getPrefValue deCanvasMouseZoomFactor] -center {0.556 0.0995}
[21:56:51.26] /# gi::executeAction {deSelectActive} -in [gi::getWindows 5]
[21:56:51.26] /i de::deselectAll [db::getNext [de::getContexts -window 5]]
[21:56:51.26] /i de::select [de::getActiveFigure [gi::getWindows 5] -point {0.532 0.1175} -index 0 -intent none]
[21:56:51.26] /o oa:0x3d966140
[21:56:52.02] /# gi::executeAction {leStartStretchDrag} -in [gi::getWindows 5]
[21:56:52.02] /i layout_editor::directStretch [de::getActiveFigure [gi::getWindows 5] -point {0.532 0.1175} -index 0 -intent none] 5
[21:56:52.02] /i ile::stretch -point {0.532 0.1175}
[21:57:04.00] /# gi::executeAction {deEndDrag} -in [gi::getWindows 5]
[21:57:04.00] /i de::endDrag {0.532 0.0915} -context [db::getNext [de::getContexts -window 5]]
[21:57:16.11] /# gi::executeAction {leStartStretchDrag} -in [gi::getWindows 5]
[21:57:16.11] /i layout_editor::directStretch [de::getActiveFigure [gi::getWindows 5] -point {0.535 0.1105} -index 0 -intent none] 5
[21:57:16.11] /i ile::stretch -point {0.535 0.1105}
[21:57:22.73] /# gi::executeAction {deEndDrag} -in [gi::getWindows 5]
[21:57:22.73] /i de::endDrag {0.533 0.133} -context [db::getNext [de::getContexts -window 5]]
[21:57:24.73] /# gi::executeAction {leStartStretchDrag} -in [gi::getWindows 5]
[21:57:24.73] /i layout_editor::directStretch [de::getActiveFigure [gi::getWindows 5] -point {0.5465 0.14} -index 0 -intent none] 5
[21:57:24.74] /i ile::stretch -point {0.5465 0.14}
[21:57:28.86] /# gi::executeAction {deEndDrag} -in [gi::getWindows 5]
[21:57:28.86] /i de::endDrag {0.5465 0.14} -context [db::getNext [de::getContexts -window 5]]
[21:57:29.58] /# gi::executeAction {deSelectActive} -in [gi::getWindows 5]
[21:57:29.58] /i de::deselectAll [db::getNext [de::getContexts -window 5]]
[21:57:30.56] /# gi::executeAction {deCanvasPanNorth} -in [gi::getWindows 5]
[21:57:30.56] /i de::pan -window [gi::getWindows 5] -direction N -multiplier [db::getPrefValue deCanvasMousePanMultiplier]
[21:57:35.83] /# gi::executeAction {deFitView} -in [gi::getWindows 5]
[21:57:35.83] /i de::fit -window 5 -fitView true
[21:57:38.24] /# gi::executeAction {deSelectActiveAdd} -in [gi::getWindows 5]
[21:57:38.24] /i de::select [de::getActiveFigure [gi::getWindows 5] -point {0.5285 0.171} -index 0 -intent select]
[21:57:38.24] /o oa:0x3c6fc830
[21:57:38.87] /# gi::executeAction {deSelectActiveAdd} -in [gi::getWindows 5]
[21:57:38.87] /i de::select [de::getActiveFigure [gi::getWindows 5] -point {0.5325 0.12} -index 0 -intent select]
[21:57:38.87] /o oa:0x3d879240
[21:57:40.73] /# gi::executeAction {leStartStretchDrag} -in [gi::getWindows 5]
[21:57:40.73] /i layout_editor::directStretch [de::getActiveFigure [gi::getWindows 5] -point {0.543 0.129} -index 0 -intent none] 5
[21:57:40.73] /i ile::stretch -point {0.543 0.129}
[21:57:43.36] /# gi::executeAction {deEndDrag} -in [gi::getWindows 5]
[21:57:43.36] /i de::endDrag {0.54 0.1345} -context [db::getNext [de::getContexts -window 5]]
[21:57:44.85] /# gi::executeAction {deCanvasZoomInAtPoint} -in [gi::getWindows 5]
[21:57:44.85] /i de::zoom -window [gi::getWindows 5] -factor [db::getPrefValue deCanvasMouseZoomFactor] -center {0.537 0.135}
[21:57:46.38] /# gi::executeAction {leStartStretchDrag} -in [gi::getWindows 5]
[21:57:46.38] /i layout_editor::directStretch [de::getActiveFigure [gi::getWindows 5] -point {0.538 0.131} -index 0 -intent none] 5
[21:57:46.38] /i ile::stretch -point {0.538 0.131}
[21:57:54.30] /# gi::executeAction {deCanvasZoomInAtPoint} -in [gi::getWindows 5]
[21:57:54.30] /i de::zoom -window [gi::getWindows 5] -factor [db::getPrefValue deCanvasMouseZoomFactor] -center {0.539 0.1365}
[21:57:58.50] /# gi::executeAction {deEndDrag} -in [gi::getWindows 5]
[21:57:58.50] /i de::endDrag {0.539 0.137} -context [db::getNext [de::getContexts -window 5]]
[21:57:59.66] /# gi::executeAction {deSelectActive} -in [gi::getWindows 5]
[21:57:59.66] /i de::deselectAll [db::getNext [de::getContexts -window 5]]
[21:58:02.79] /# gi::executeAction {deFitView} -in [gi::getWindows 5]
[21:58:02.79] /i de::fit -window 5 -fitView true
[21:58:07.95] /# gi::executeAction {deSelectActiveAdd} -in [gi::getWindows 5]
[21:58:07.95] /i de::select [de::getActiveFigure [gi::getWindows 5] -point {0.539 0.232} -index 0 -intent select]
[21:58:07.96] /o oa:0x3d619880
[21:58:09.08] /# gi::executeAction {deSelectActiveAdd} -in [gi::getWindows 5]
[21:58:09.08] /i de::select [de::getActiveFigure [gi::getWindows 5] -point {0.539 0.1785} -index 0 -intent select]
[21:58:09.08] /o oa:0x3d9d7dd0
[21:58:10.03] /# gi::executeAction {deSelectActiveAdd} -in [gi::getWindows 5]
[21:58:10.03] /i de::select [de::getActiveFigure [gi::getWindows 5] -point {0.541 0.19} -index 0 -intent select]
[21:58:10.03] /o oa:0x3db11440
[21:58:11.53] /# gi::executeAction {leStartStretchDrag} -in [gi::getWindows 5]
[21:58:11.53] /i layout_editor::directStretch [de::getActiveFigure [gi::getWindows 5] -point {0.541 0.19} -index 0 -intent none] 5
[21:58:11.53] /i ile::stretch -point {0.541 0.19}
[21:58:15.72] /# gi::executeAction {deCanvasZoomInAtPoint} -in [gi::getWindows 5]
[21:58:15.72] /i de::zoom -window [gi::getWindows 5] -factor [db::getPrefValue deCanvasMouseZoomFactor] -center {0.543 0.195}
[21:58:16.08] /# gi::executeAction {deCanvasZoomInAtPoint} -in [gi::getWindows 5]
[21:58:16.08] /i de::zoom -window [gi::getWindows 5] -factor [db::getPrefValue deCanvasMouseZoomFactor] -center {0.543 0.195}
[21:58:21.85] /# gi::executeAction {deEndDrag} -in [gi::getWindows 5]
[21:58:21.85] /i de::endDrag {0.543 0.1955} -context [db::getNext [de::getContexts -window 5]]
[21:58:22.71] /# gi::executeAction {deSelectActive} -in [gi::getWindows 5]
[21:58:22.71] /i de::deselectAll [db::getNext [de::getContexts -window 5]]
[21:58:23.69] /# gi::executeAction {deCanvasPanNorth} -in [gi::getWindows 5]
[21:58:23.69] /i de::pan -window [gi::getWindows 5] -direction N -multiplier [db::getPrefValue deCanvasMousePanMultiplier]
[21:58:24.13] /# gi::executeAction {deCanvasPanNorth} -in [gi::getWindows 5]
[21:58:24.13] /i de::pan -window [gi::getWindows 5] -direction N -multiplier [db::getPrefValue deCanvasMousePanMultiplier]
[21:58:24.33] /# gi::executeAction {deCanvasPanNorth} -in [gi::getWindows 5]
[21:58:24.33] /i de::pan -window [gi::getWindows 5] -direction N -multiplier [db::getPrefValue deCanvasMousePanMultiplier]
[21:58:24.70] /# gi::executeAction {deCanvasPanNorth} -in [gi::getWindows 5]
[21:58:24.70] /i de::pan -window [gi::getWindows 5] -direction N -multiplier [db::getPrefValue deCanvasMousePanMultiplier]
[21:58:25.50] /# gi::executeAction {deCanvasPanNorth} -in [gi::getWindows 5]
[21:58:25.50] /i de::pan -window [gi::getWindows 5] -direction N -multiplier [db::getPrefValue deCanvasMousePanMultiplier]
[21:58:26.11] /# gi::executeAction {deCanvasPanSouth} -in [gi::getWindows 5]
[21:58:26.11] /i de::pan -window [gi::getWindows 5] -direction S -multiplier [db::getPrefValue deCanvasMousePanMultiplier]
[21:58:27.24] /# gi::executeAction {deSelectActive} -in [gi::getWindows 5]
[21:58:27.24] /i de::deselectAll [db::getNext [de::getContexts -window 5]]
[21:58:27.24] /i de::select [de::getActiveFigure [gi::getWindows 5] -point {0.537 0.4395} -index 0 -intent none]
[21:58:27.24] /o oa:0x3d9bc8f0
[21:58:30.45] /# gi::executeAction {leStartStretchDrag} -in [gi::getWindows 5]
[21:58:30.45] /i layout_editor::directStretch [de::getActiveFigure [gi::getWindows 5] -point {0.5435 0.439} -index 0 -intent none] 5
[21:58:30.45] /i ile::stretch -point {0.5435 0.439}
[21:58:36.18] /# gi::executeAction {deEndDrag} -in [gi::getWindows 5]
[21:58:36.18] /i de::endDrag {0.543 0.428} -context [db::getNext [de::getContexts -window 5]]
[21:58:37.10] /# gi::executeAction {deSelectActive} -in [gi::getWindows 5]
[21:58:37.10] /i de::deselectAll [db::getNext [de::getContexts -window 5]]
[21:58:38.66] /# gi::executeAction {deCanvasZoomOutAtPoint} -in [gi::getWindows 5]
[21:58:38.66] /i de::zoom -window [gi::getWindows 5] -factor [expr {1.0/[db::getPrefValue deCanvasMouseZoomFactor]}] -center {0.5515 0.4215}
[21:58:41.39] /# gi::executeAction {deSelectActiveAdd} -in [gi::getWindows 5]
[21:58:41.39] /i de::select [de::getActiveFigure [gi::getWindows 5] -point {0.5355 0.4335} -index 0 -intent select]
[21:58:41.39] /o oa:0x3db50030
[21:58:42.08] /# gi::executeAction {deSelectActiveAdd} -in [gi::getWindows 5]
[21:58:42.08] /i de::select [de::getActiveFigure [gi::getWindows 5] -point {0.5385 0.3795} -index 0 -intent select]
[21:58:42.08] /o oa:0x3daf7fd0
[21:58:43.36] /# gi::executeAction {leStartStretchDrag} -in [gi::getWindows 5]
[21:58:43.36] /i layout_editor::directStretch [de::getActiveFigure [gi::getWindows 5] -point {0.5385 0.3855} -index 0 -intent none] 5
[21:58:43.36] /i ile::stretch -point {0.5385 0.3855}
[21:58:49.08] /# gi::executeAction {deEndDrag} -in [gi::getWindows 5]
[21:58:49.09] /i de::endDrag {0.5385 0.3805} -context [db::getNext [de::getContexts -window 5]]
[21:58:51.90] /# gi::executeAction {deCanvasZoomInAtPoint} -in [gi::getWindows 5]
[21:58:51.90] /i de::zoom -window [gi::getWindows 5] -factor [db::getPrefValue deCanvasMouseZoomFactor] -center {0.5335 0.36}
[21:58:51.97] /# gi::executeAction {deCanvasZoomInAtPoint} -in [gi::getWindows 5]
[21:58:51.97] /i de::zoom -window [gi::getWindows 5] -factor [db::getPrefValue deCanvasMouseZoomFactor] -center {0.5335 0.36}
[21:58:54.29] /# gi::executeAction {deFitView} -in [gi::getWindows 5]
[21:58:54.29] /i de::fit -window 5 -fitView true
[21:58:55.08] /# gi::executeAction {deSelectActive} -in [gi::getWindows 5]
[21:58:55.08] /i de::deselectAll [db::getNext [de::getContexts -window 5]]
[21:59:02.37] /# gi::executeAction {deSelectActive} -in [gi::getWindows 5]
[21:59:02.37] /i de::deselectAll [db::getNext [de::getContexts -window 5]]
[21:59:02.37] /i de::select [de::getActiveFigure [gi::getWindows 5] -point {0.5385 0.129} -index 0 -intent none]
[21:59:02.37] /o oa:0x3d8fe3c0
[21:59:03.03] /# gi::executeAction {deSelectActive} -in [gi::getWindows 5]
[21:59:03.03] /i de::deselectAll [db::getNext [de::getContexts -window 5]]
[21:59:03.03] /i de::select [de::getActiveFigure [gi::getWindows 5] -point {0.5505 0.201} -index 0 -intent none]
[21:59:03.03] /o oa:0x3c625a20
[21:59:04.15] /# gi::executeAction {deSelectActive} -in [gi::getWindows 5]
[21:59:04.15] /i de::deselectAll [db::getNext [de::getContexts -window 5]]
[21:59:04.15] /i de::select [de::getActiveFigure [gi::getWindows 5] -point {0.559 0.19} -index 0 -intent none]
[21:59:04.15] /o oa:0x3d8c03f0
[21:59:04.82] /# gi::executeAction {deSelectActive} -in [gi::getWindows 5]
[21:59:04.82] /i de::deselectAll [db::getNext [de::getContexts -window 5]]
[21:59:11.83] /# gi::executeAction {deSelectActive} -in [gi::getWindows 5]
[21:59:11.83] /i de::deselectAll [db::getNext [de::getContexts -window 5]]
[21:59:11.83] /i de::select [de::getActiveFigure [gi::getWindows 5] -point {0.539 0.1555} -index 0 -intent none]
[21:59:11.83] /o oa:0x3d8c3db0
[21:59:13.42] /# gi::executeAction {leDelete} -in [gi::getWindows 5]
[21:59:13.43] /i le::delete [de::getSelected -design [ed]] -partialObject ignore
[21:59:15.18] /i gi::executeAction {deCanvasDragCancel} -in [gi::getWindows 5]
[21:59:15.96] /# gi::executeAction {deFitView} -in [gi::getWindows 5]
[21:59:15.96] /i de::fit -window 5 -fitView true
[22:00:09.39] /i gi::executeAction {deSaveDesign} -in [gi::getWindows 5]
[22:00:09.70] /m Information: Saving design 'group8 sram_6t layout'. (DESIGN_WINDOW-004)
[22:00:22.39] /i gi::setActiveWindow 4
[22:00:22.39] /i gi::setActiveWindow 4 -raise true
[22:00:24.78] /i gi::setActiveWindow 5
[22:00:24.78] /i gi::setActiveWindow 5 -raise true
[22:00:28.09] /i gi::executeAction {giCloseWindow} -in [gi::getWindows 5]
[22:00:31.20] /i gi::setActiveWindow 2
[22:00:31.20] /i gi::setActiveWindow 2 -raise true
[22:00:33.04] /i gi::setCurrentIndex {views} -index {layout} -in [gi::getWindows 2]
[22:00:33.10] /i gi::setItemSelection {views} -index {layout} -in [gi::getWindows 2]
[22:00:38.79] /i gi::setActiveWindow 4
[22:00:38.79] /i gi::setActiveWindow 4 -raise true
[22:00:41.79] /i gi::setActiveWindow 2
[22:00:41.79] /i gi::setActiveWindow 2 -raise true
[22:00:42.43] /i gi::setActiveWindow 4
[22:00:42.43] /i gi::setActiveWindow 4 -raise true
[22:00:46.10] /i gi::executeAction {giCloseWindow} -in [gi::getWindows 4]
[22:00:46.98] /r giDialog gi::setActiveDialog [gi::getDialogs {deCloseDesign} -parent [gi::getWindows 4]]
[22:00:48.07] /r giDialog db::setAttr geometry -of [gi::getDialogs {deCloseDesign} -parent [gi::getWindows 4]] -value 460x83+720+446
[22:00:52.92] /r giDialog gi::pressButton {discard} -in [gi::getDialogs {deCloseDesign} -parent [gi::getWindows 4]]
[22:00:55.23] /i gi::executeAction {menuPreShow} -in [gi::getWindows 2]
[22:00:55.23] /r giMenuAccess db::getNext [gi::getMenus dmEditMenu -from [gi::getWindows 2]]
[22:00:57.85] /i gi::executeAction {giCloseWindow} -in [gi::getWindows 2]
[22:01:00.78] /# gi::executeAction {deCloseDesigns} -in [gi::getWindows 1]
[22:01:00.78] /i de::showCloseDesigns
[22:01:01.07] /i gi::setActiveDialog [gi::getDialogs {deCloseData} -parent [gi::getWindows 1]]
[22:01:01.07] /i gi::setCurrentIndex {target} -index {0,0} -in [gi::getDialogs {deCloseData} -parent [gi::getWindows 1]]
[22:01:01.13] /i db::setAttr geometry -of [gi::getDialogs {deCloseData} -parent [gi::getWindows 1]] -value 438x281+731+347
[22:01:03.43] /i gi::pressButton {close} -in [gi::getDialogs {deCloseData} -parent [gi::getWindows 1]]
[22:01:07.71] /i gi::executeAction {giQuit} -in [gi::getWindows 1]
[22:01:07.96] /r giDialog gi::setActiveDialog [gi::getDialogs {deExitDialog} -parent [gi::getWindows 1]]
[22:01:08.05] /r giDialog db::setAttr geometry -of [gi::getDialogs {deExitDialog} -parent [gi::getWindows 1]] -value 419x212+741+381
[22:01:08.78] /r giDialog gi::pressButton {ok} -in [gi::getDialogs {deExitDialog} -parent [gi::getWindows 1]]
[22:01:12.26] /o Shutdown time: Wed Apr  9 22:01:12 2025
[22:01:12.26] /o Elapsed session real time: 37.91 minutes
[22:01:12.26] /o Session terminated. Log is at /mnt/coe/workspace/ece/ece546-spr25/group8/group8_project/synopsys_custom/logs/ccompiler.svkolach.2025_4_9_212310_1117072.log
