[18:22:14.18] /o 
              /c                                 Custom Compiler™ 
              /c 
              /c               Version W-2024.09-SP1-2 for linux64 - Jan 16, 2025 
              /c 
              /c                     Copyright (c) 2004 - 2025 Synopsys, Inc.
              /c    This software and the associated documentation are proprietary to Synopsys,
              /c  Inc. This software may only be used in accordance with the terms and conditions
              /c  of a written license agreement with Synopsys, Inc. All other use, reproduction,
              /c    or distribution of this software is strictly prohibited.  Licensed Products
              /c      communicate with Synopsys servers for the purpose of providing software
              /c     updates, detecting software piracy and verifying that customers are using
              /c     Licensed Products in conformity with the applicable License Key for such
              /c   Licensed Products. Synopsys will use information gathered in connection with
              /c     this process to deliver software updates and pursue software pirates and
              /c                                    infringers.
              /c 
              /c  Inclusivity & Diversity - Visit SolvNetPlus to read the "Synopsys Statement on
              /c             Inclusivity and Diversity" (Refer to article 000036315 at
              /c                         https://solvnetplus.synopsys.com)
              /c 
              /c Build  (OPT) Config 11256978 compiled on Thu Jan 16 10:52:27 2025 for AlmaLinux 8.4
              /c Invocation: /mnt/apps/public/COE/synopsys_apps/customcompiler/W-2024.09-SP1-2/linux64/platform/bin/custom_compiler
              /c Execution time: Wed Mar 26 18:22:02 2025
              /c Host: grendel32.ece.ncsu.edu
              /c Working directory: /mnt/coe/workspace/ece/ece546-spr25/group8/group8_project
              /c 
[18:22:27.15] /m Information: Registering ICV PERC package...
[18:22:27.51] /w Warning: In file /mnt/coe/workspace/ece/ece546-spr25/group8/group8_project/lib.defs: Unable to open library proj_common at path /mnt/coe/workspace/ece/ece546-common/proj_common : No access permission. (DATA_MANAGEMENT-014)
[18:22:28.83] /r giShowFrameTabs true
[18:22:28.83] /r giWindowId 1
[18:22:28.83] /r giWindowGeometry 1040x800
[18:22:30.03] /i db::setAttr geometry -of [gi::getFrames 1] -value 1040x822+247+54
[18:22:57.26] /i db::setAttr geometry -of [gi::getFrames 1] -value 1536x770+0+46
[18:22:57.26] /i db::setAttr maximized -of [gi::getFrames 1] -value true
[18:23:00.81] /i gi::pressButton {/scroll/scrollArea/scrollAreaInnerWidget/applications/deOpengroup8norrow3by8schematic} -in [gi::getWindows 1]
[18:23:01.36] /o Loading: Callback files...
[18:23:01.38] /o Loading: scripts/callbacks/callbacks.tcl
[18:23:01.38] /o 
              /c [INFO] : Loading display.drf from /mnt/designkits/ncsu/FreePDK3/syncust/NCSU_TechLib_FreePDK3
              /c 
              /c  if you wish to Load other display.drf, please set shell environment valiable "iPDK_load_display_NCSU_TechLib_FreePDK3" to value = 0
[18:23:01.38] /o 
[18:23:01.47] /w Warning: Preference 'xtStarTcadGrdFile' is deprecated and scheduled for removal in a future release with no replacement. For migration assistance, see the Custom Compiler Tcl Reference Manual. (PREFERENCE-058)
[18:23:01.48] /w Warning: Preference 'xtStarOALayerMappingFile' is deprecated and scheduled for removal in a future release with no replacement. For migration assistance, see the Custom Compiler Tcl Reference Manual. (PREFERENCE-058)
[18:23:01.48] /o 	#######################################
[18:23:01.48] /o 	CC-PDK Library Name	: FreePDK3
[18:23:01.48] /o 	#######################################
[18:23:01.48] /o 
[18:23:01.57] /m Information: Feature 'CustomInfrastructure' checked out. (LICENSE-003)
[18:23:01.59] /m Information: Feature 'SynopsysCustomLayout' checked out. (LICENSE-003)
[18:23:01.98] /r giWindowId 2
[18:23:01.99] /r giWindowGeometry 1305x777
[18:29:19.41] /i db::setAttr maximized -of [gi::getFrames 1] -value false
[18:29:19.41] /i db::setAttr maximized -of [gi::getFrames 1] -value false
[18:29:19.41] /i db::setAttr iconified -of [gi::getFrames 1] -value true
[18:29:19.42] /i db::setAttr geometry -of [gi::getFrames 1] -value 1536x770+0+23
[19:04:48.12] /i db::setAttr maximized -of [gi::getFrames 1] -value true
[19:04:48.12] /i db::setAttr iconified -of [gi::getFrames 1] -value false
[19:04:48.81] /i db::setAttr geometry -of [gi::getFrames 1] -value 1536x770+0+46
[19:21:31.53] /i gi::setActiveWindow 1
[19:21:31.53] /i gi::setActiveWindow 1 -raise true
[19:21:34.10] /i gi::pressButton {/scroll/scrollArea/scrollAreaInnerWidget/applications/dmLibraryManager} -in [gi::getWindows 1]
[19:21:34.40] /r giWindowId 3
[19:21:34.41] /r giWindowGeometry 660x600+50+50
[19:21:37.11] /i gi::setCurrentIndex {libs} -index {group8} -in [gi::getWindows 3]
[19:21:37.18] /i gi::setItemSelection {libs} -index {group8} -in [gi::getWindows 3]
[19:21:41.38] /i gi::setCurrentIndex {cells} -index {2to4decodermux} -in [gi::getWindows 3]
[19:21:41.59] /i gi::setItemSelection {cells} -index {2to4decodermux} -in [gi::getWindows 3]
[19:21:44.30] /i gi::setCurrentIndex {views} -index {schematic} -in [gi::getWindows 3]
[19:21:44.45] /i gi::setItemSelection {views} -index {schematic} -in [gi::getWindows 3]
[19:21:52.24] /i gi::executeAction {dmOpen} -in [gi::getWindows 3]
[19:21:52.45] /r giWindowId 4
[19:21:52.46] /r giWindowGeometry 1305x777
[19:22:05.30] /# gi::executeAction {deFitEdit} -in [gi::getWindows 4]
[19:22:05.30] /i de::fit -window 4 -fitEdit true
[19:22:07.16] /i gi::executeAction {deCanvasDragSelect} -in [gi::getWindows 4]
[19:22:07.16] /r deCanvasDragStart 3.76875 4.1875
[19:22:07.62] /# gi::executeAction {deCanvasDragEnd} -in [gi::getWindows 4]
[19:22:07.62] /i gi::executeAction deCanvasDragEnd -in [gi::getWindows 4]
[19:22:07.62] /r deCanvasDragEnd 7.4625 2.1875
[19:22:11.58] /# gi::executeAction {deZoomIn} -in [gi::getWindows 4]
[19:22:11.58] /i de::zoom -window 4 -factor 2.0
[19:22:12.04] /# gi::executeAction {deZoomIn} -in [gi::getWindows 4]
[19:22:12.04] /i de::zoom -window 4 -factor 2.0
[19:22:14.41] /# gi::executeAction {deCanvasPanEast} -in [gi::getWindows 4]
[19:22:14.41] /i de::pan -window [gi::getWindows 4] -direction E -multiplier [db::getPrefValue deCanvasMousePanMultiplier]
[19:22:14.58] /# gi::executeAction {deCanvasPanEast} -in [gi::getWindows 4]
[19:22:14.58] /i de::pan -window [gi::getWindows 4] -direction E -multiplier [db::getPrefValue deCanvasMousePanMultiplier]
[19:22:17.21] /# gi::executeAction {deCanvasPanEast} -in [gi::getWindows 4]
[19:22:17.21] /i de::pan -window [gi::getWindows 4] -direction E -multiplier [db::getPrefValue deCanvasMousePanMultiplier]
[19:22:17.39] /# gi::executeAction {deCanvasPanEast} -in [gi::getWindows 4]
[19:22:17.39] /i de::pan -window [gi::getWindows 4] -direction E -multiplier [db::getPrefValue deCanvasMousePanMultiplier]
[19:22:19.10] /w Warning: Nothing is bound to the 'Button6' in the current active set. (WINDOW-015)
[19:22:19.16] /w Warning: Nothing is bound to the 'Button6' in the current active set. (WINDOW-015)
[19:22:20.96] /# gi::executeAction {deCanvasPanEast} -in [gi::getWindows 4]
[19:22:20.96] /i de::pan -window [gi::getWindows 4] -direction E -multiplier [db::getPrefValue deCanvasMousePanMultiplier]
[19:22:21.08] /# gi::executeAction {deCanvasPanEast} -in [gi::getWindows 4]
[19:22:21.08] /i de::pan -window [gi::getWindows 4] -direction E -multiplier [db::getPrefValue deCanvasMousePanMultiplier]
[19:22:22.33] /# gi::executeAction {deFitEdit} -in [gi::getWindows 4]
[19:22:22.33] /i de::fit -window 4 -fitEdit true
[19:22:24.17] /# gi::executeAction {deSelectActive} -in [gi::getWindows 4]
[19:22:24.17] /i de::deselectAll [db::getNext [de::getContexts -window 4]]
[19:22:24.17] /i de::deselectAllLogic -context [de::getContexts -filter {%editDesign==[db::getAttr editDesign -of [db::getNext [de::getContexts -window 4]]]}]
[19:22:47.30] /# gi::executeAction {deZoomIn} -in [gi::getWindows 4]
[19:22:47.30] /i de::zoom -window 4 -factor 2.0
[19:22:48.24] /# gi::executeAction {deZoomIn} -in [gi::getWindows 4]
[19:22:48.24] /i de::zoom -window 4 -factor 2.0
[19:22:48.64] /# gi::executeAction {deCanvasZoomOutAtPoint} -in [gi::getWindows 4]
[19:22:48.64] /i de::zoom -window [gi::getWindows 4] -factor [expr {1.0/[db::getPrefValue deCanvasMouseZoomFactor]}] -center {7.875 2.7375}
[19:22:48.65] /# gi::executeAction {deCanvasZoomOutAtPoint} -in [gi::getWindows 4]
[19:22:48.65] /i de::zoom -window [gi::getWindows 4] -factor [expr {1.0/[db::getPrefValue deCanvasMouseZoomFactor]}] -center {7.875 2.74375}
[19:22:48.71] /# gi::executeAction {deCanvasZoomOutAtPoint} -in [gi::getWindows 4]
[19:22:48.71] /i de::zoom -window [gi::getWindows 4] -factor [expr {1.0/[db::getPrefValue deCanvasMouseZoomFactor]}] -center {7.88125 2.74375}
[19:22:48.72] /# gi::executeAction {deCanvasZoomOutAtPoint} -in [gi::getWindows 4]
[19:22:48.72] /i de::zoom -window [gi::getWindows 4] -factor [expr {1.0/[db::getPrefValue deCanvasMouseZoomFactor]}] -center {7.875 2.74375}
[19:22:48.80] /# gi::executeAction {deCanvasZoomOutAtPoint} -in [gi::getWindows 4]
[19:22:48.80] /i de::zoom -window [gi::getWindows 4] -factor [expr {1.0/[db::getPrefValue deCanvasMouseZoomFactor]}] -center {7.88125 2.74375}
[19:22:48.91] /# gi::executeAction {deCanvasZoomOutAtPoint} -in [gi::getWindows 4]
[19:22:48.91] /i de::zoom -window [gi::getWindows 4] -factor [expr {1.0/[db::getPrefValue deCanvasMouseZoomFactor]}] -center {7.88125 2.7375}
[19:22:49.88] /# gi::executeAction {deSelectActive} -in [gi::getWindows 4]
[19:22:49.88] /i de::deselectAllLogic -context [de::getContexts -filter {%editDesign==[db::getAttr editDesign -of [db::getNext [de::getContexts -window 4]]]}]
[19:22:51.39] /# gi::executeAction {deFitEdit} -in [gi::getWindows 4]
[19:22:51.39] /i de::fit -window 4 -fitEdit true
[19:22:53.65] /# gi::executeAction {dePan} -in [gi::getWindows 4]
[19:22:53.65] /i ide::pan [db::getNext [de::getContexts -window 4]]
[19:22:57.84] /# gi::executeAction {deStartDrag} -in [gi::getWindows 4]
[19:22:57.84] /i de::startDrag {3.55 0.49375} -context [db::getNext [de::getContexts -window 4]]
[19:22:57.84] /# gi::executeAction {deEndDrag} -in [gi::getWindows 4]
[19:22:57.84] /i de::endDrag {3.39375 2.11875} -context [db::getNext [de::getContexts -window 4]]
[19:22:57.84] /r dePanToPoint {9.2375 -0.31875}
[19:22:58.28] /# gi::executeAction {deStartDrag} -in [gi::getWindows 4]
[19:22:58.28] /i de::startDrag {5.06875 -2.4375} -context [db::getNext [de::getContexts -window 4]]
[19:23:03.37] /# gi::executeAction {deEndDrag} -in [gi::getWindows 4]
[19:23:03.37] /i de::endDrag {5.06875 -2.45} -context [db::getNext [de::getContexts -window 4]]
[19:23:03.37] /r dePanToPoint {8.3375 1.85}
[19:23:05.25] /i gi::executeAction deObjectActivation -in [gi::getWindows 4]
[19:23:05.54] /# gi::executeAction {deCanvasPanWest} -in [gi::getWindows 4]
[19:23:05.54] /i de::pan -window [gi::getWindows 4] -direction W -multiplier [db::getPrefValue deCanvasMousePanMultiplier]
[19:23:05.74] /# gi::executeAction {deCanvasPanWest} -in [gi::getWindows 4]
[19:23:05.74] /i de::pan -window [gi::getWindows 4] -direction W -multiplier [db::getPrefValue deCanvasMousePanMultiplier]
[19:23:05.86] /# gi::executeAction {deCanvasPanWest} -in [gi::getWindows 4]
[19:23:05.86] /i de::pan -window [gi::getWindows 4] -direction W -multiplier [db::getPrefValue deCanvasMousePanMultiplier]
[19:23:06.00] /i gi::executeAction deObjectActivation -in [gi::getWindows 4]
[19:23:07.13] /# gi::executeAction {deFitEdit} -in [gi::getWindows 4]
[19:23:07.13] /i de::fit -window 4 -fitEdit true
[19:23:09.36] /# gi::executeAction {deStartDrag} -in [gi::getWindows 4]
[19:23:09.36] /i de::startDrag {2.15 4.03125} -context [db::getNext [de::getContexts -window 4]]
[19:23:10.21] /# gi::executeAction {deEndDrag} -in [gi::getWindows 4]
[19:23:10.21] /i de::endDrag {2.15 4.06875} -context [db::getNext [de::getContexts -window 4]]
[19:23:10.21] /r dePanToPoint {8.3625 3.0375}
[19:23:27.61] /i gi::executeAction deObjectActivation -in [gi::getWindows 4]
[19:23:27.67] /# gi::executeAction {deCanvasPanWest} -in [gi::getWindows 4]
[19:23:27.67] /i de::pan -window [gi::getWindows 4] -direction W -multiplier [db::getPrefValue deCanvasMousePanMultiplier]
[19:23:27.74] /# gi::executeAction {deCanvasPanWest} -in [gi::getWindows 4]
[19:23:27.74] /i de::pan -window [gi::getWindows 4] -direction W -multiplier [db::getPrefValue deCanvasMousePanMultiplier]
[19:23:27.84] /# gi::executeAction {deCanvasPanWest} -in [gi::getWindows 4]
[19:23:27.84] /i de::pan -window [gi::getWindows 4] -direction W -multiplier [db::getPrefValue deCanvasMousePanMultiplier]
[19:23:27.97] /# gi::executeAction {deCanvasPanWest} -in [gi::getWindows 4]
[19:23:27.97] /i de::pan -window [gi::getWindows 4] -direction W -multiplier [db::getPrefValue deCanvasMousePanMultiplier]
[19:23:28.08] /# gi::executeAction {deCanvasPanWest} -in [gi::getWindows 4]
[19:23:28.08] /i de::pan -window [gi::getWindows 4] -direction W -multiplier [db::getPrefValue deCanvasMousePanMultiplier]
[19:23:28.09] /i gi::executeAction deObjectActivation -in [gi::getWindows 4]
[19:23:28.67] /i gi::executeAction deObjectActivation -in [gi::getWindows 4]
[19:23:28.74] /# gi::executeAction {deCanvasPanEast} -in [gi::getWindows 4]
[19:23:28.74] /i de::pan -window [gi::getWindows 4] -direction E -multiplier [db::getPrefValue deCanvasMousePanMultiplier]
[19:23:28.79] /# gi::executeAction {deCanvasPanEast} -in [gi::getWindows 4]
[19:23:28.79] /i de::pan -window [gi::getWindows 4] -direction E -multiplier [db::getPrefValue deCanvasMousePanMultiplier]
[19:23:28.86] /# gi::executeAction {deCanvasPanEast} -in [gi::getWindows 4]
[19:23:28.86] /i de::pan -window [gi::getWindows 4] -direction E -multiplier [db::getPrefValue deCanvasMousePanMultiplier]
[19:23:28.96] /# gi::executeAction {deCanvasPanEast} -in [gi::getWindows 4]
[19:23:28.96] /i de::pan -window [gi::getWindows 4] -direction E -multiplier [db::getPrefValue deCanvasMousePanMultiplier]
[19:23:29.04] /# gi::executeAction {deCanvasPanEast} -in [gi::getWindows 4]
[19:23:29.04] /i de::pan -window [gi::getWindows 4] -direction E -multiplier [db::getPrefValue deCanvasMousePanMultiplier]
[19:23:29.19] /i gi::executeAction deObjectActivation -in [gi::getWindows 4]
[19:23:30.33] /i gi::executeAction deObjectActivation -in [gi::getWindows 4]
[19:23:30.68] /i gi::executeAction deObjectActivation -in [gi::getWindows 4]
[19:23:34.04] /# gi::executeAction {deStartDrag} -in [gi::getWindows 4]
[19:23:34.04] /i de::startDrag {2.5625 3.8} -context [db::getNext [de::getContexts -window 4]]
[19:23:34.33] /# gi::executeAction {deEndDrag} -in [gi::getWindows 4]
[19:23:34.33] /i de::endDrag {2.56875 3.8} -context [db::getNext [de::getContexts -window 4]]
[19:23:34.33] /r dePanToPoint {6.15 5}
[19:23:36.08] /# gi::executeAction {deStartDrag} -in [gi::getWindows 4]
[19:23:36.08] /i de::startDrag {4.35 3.54375} -context [db::getNext [de::getContexts -window 4]]
[19:23:37.31] /# gi::executeAction {deEndDrag} -in [gi::getWindows 4]
[19:23:37.31] /i de::endDrag {4.3375 3.55625} -context [db::getNext [de::getContexts -window 4]]
[19:23:37.31] /r dePanToPoint {10.08125 2.6125}
[19:23:38.26] /i gi::executeAction deObjectActivation -in [gi::getWindows 4]
[19:23:38.32] /# gi::executeAction {deCanvasPanWest} -in [gi::getWindows 4]
[19:23:38.32] /i de::pan -window [gi::getWindows 4] -direction W -multiplier [db::getPrefValue deCanvasMousePanMultiplier]
[19:23:38.37] /# gi::executeAction {deCanvasPanWest} -in [gi::getWindows 4]
[19:23:38.37] /i de::pan -window [gi::getWindows 4] -direction W -multiplier [db::getPrefValue deCanvasMousePanMultiplier]
[19:23:38.45] /# gi::executeAction {deCanvasPanWest} -in [gi::getWindows 4]
[19:23:38.45] /i de::pan -window [gi::getWindows 4] -direction W -multiplier [db::getPrefValue deCanvasMousePanMultiplier]
[19:23:38.53] /# gi::executeAction {deCanvasPanWest} -in [gi::getWindows 4]
[19:23:38.53] /i de::pan -window [gi::getWindows 4] -direction W -multiplier [db::getPrefValue deCanvasMousePanMultiplier]
[19:23:38.68] /# gi::executeAction {deCanvasPanWest} -in [gi::getWindows 4]
[19:23:38.68] /i de::pan -window [gi::getWindows 4] -direction W -multiplier [db::getPrefValue deCanvasMousePanMultiplier]
[19:23:38.88] /i gi::executeAction deObjectActivation -in [gi::getWindows 4]
[19:23:40.04] /# gi::executeAction {deStartDrag} -in [gi::getWindows 4]
[19:23:40.04] /i de::startDrag {-36.20625 2.675} -context [db::getNext [de::getContexts -window 4]]
[19:23:41.07] /# gi::executeAction {deEndDrag} -in [gi::getWindows 4]
[19:23:41.07] /i de::endDrag {-37.04375 2.81875} -context [db::getNext [de::getContexts -window 4]]
[19:23:41.07] /r dePanToPoint {-25.8125 2.46875}
[19:23:41.85] /# gi::executeAction {deStartDrag} -in [gi::getWindows 4]
[19:23:41.85] /i de::startDrag {-29.9625 2.55} -context [db::getNext [de::getContexts -window 4]]
[19:23:42.14] /# gi::executeAction {deEndDrag} -in [gi::getWindows 4]
[19:23:42.14] /i de::endDrag {-30.09375 2.675} -context [db::getNext [de::getContexts -window 4]]
[19:23:42.14] /r dePanToPoint {-21.35625 2.89375}
[19:23:43.13] /# gi::executeAction {deStartDrag} -in [gi::getWindows 4]
[19:23:43.13] /i de::startDrag {-23.4 2.06875} -context [db::getNext [de::getContexts -window 4]]
[19:23:43.40] /# gi::executeAction {deEndDrag} -in [gi::getWindows 4]
[19:23:43.40] /i de::endDrag {-23.4625 2.08125} -context [db::getNext [de::getContexts -window 4]]
[19:23:43.40] /r dePanToPoint {-15.425 3.19375}
[19:23:44.65] /# gi::executeAction {deStartDrag} -in [gi::getWindows 4]
[19:23:44.65] /i de::startDrag {-17.1375 2.625} -context [db::getNext [de::getContexts -window 4]]
[19:23:45.04] /# gi::executeAction {deEndDrag} -in [gi::getWindows 4]
[19:23:45.04] /i de::endDrag {-18.425 2.325} -context [db::getNext [de::getContexts -window 4]]
[19:23:45.04] /r dePanToPoint {-6.29375 4.5375}
[19:23:46.07] /# gi::executeAction {deStartDrag} -in [gi::getWindows 4]
[19:23:46.07] /i de::startDrag {-9.5625 3.35} -context [db::getNext [de::getContexts -window 4]]
[19:23:46.63] /# gi::executeAction {deEndDrag} -in [gi::getWindows 4]
[19:23:46.63] /i de::endDrag {-10.175 3.51875} -context [db::getNext [de::getContexts -window 4]]
[19:23:46.63] /r dePanToPoint {0.6125 3.15625}
[19:23:47.75] /# gi::executeAction {deStartDrag} -in [gi::getWindows 4]
[19:23:47.75] /i de::startDrag {2.075 2.04375} -context [db::getNext [de::getContexts -window 4]]
[19:23:48.15] /# gi::executeAction {deEndDrag} -in [gi::getWindows 4]
[19:23:48.15] /i de::endDrag {2.05 2.04375} -context [db::getNext [de::getContexts -window 4]]
[19:23:48.15] /r dePanToPoint {5.21875 2.2375}
[19:23:49.77] /i gi::executeAction deObjectActivation -in [gi::getWindows 4]
[19:23:50.06] /# gi::executeAction {deCanvasPanWest} -in [gi::getWindows 4]
[19:23:50.06] /i de::pan -window [gi::getWindows 4] -direction W -multiplier [db::getPrefValue deCanvasMousePanMultiplier]
[19:23:50.29] /# gi::executeAction {deCanvasPanWest} -in [gi::getWindows 4]
[19:23:50.29] /i de::pan -window [gi::getWindows 4] -direction W -multiplier [db::getPrefValue deCanvasMousePanMultiplier]
[19:23:50.41] /# gi::executeAction {deCanvasPanWest} -in [gi::getWindows 4]
[19:23:50.41] /i de::pan -window [gi::getWindows 4] -direction W -multiplier [db::getPrefValue deCanvasMousePanMultiplier]
[19:23:50.63] /i gi::executeAction deObjectActivation -in [gi::getWindows 4]
[19:23:51.71] /# gi::executeAction {deStartDrag} -in [gi::getWindows 4]
[19:23:51.71] /i de::startDrag {-18.2875 1.5} -context [db::getNext [de::getContexts -window 4]]
[19:23:52.82] /# gi::executeAction {deEndDrag} -in [gi::getWindows 4]
[19:23:52.82] /i de::endDrag {-18.3125 1.4875} -context [db::getNext [de::getContexts -window 4]]
[19:23:52.82] /r dePanToPoint {-11.05625 2.1625}
[19:23:53.75] /# gi::executeAction {deStartDrag} -in [gi::getWindows 4]
[19:23:53.75] /i de::startDrag {-9.925 2.40625} -context [db::getNext [de::getContexts -window 4]]
[19:23:54.09] /# gi::executeAction {deEndDrag} -in [gi::getWindows 4]
[19:23:54.09] /i de::endDrag {-9.9625 2.40625} -context [db::getNext [de::getContexts -window 4]]
[19:23:54.09] /r dePanToPoint {-4.3375 2.06875}
[19:23:55.48] /# gi::executeAction {deStartDrag} -in [gi::getWindows 4]
[19:23:55.48] /i de::startDrag {-0.675 0.94375} -context [db::getNext [de::getContexts -window 4]]
[19:23:56.61] /# gi::executeAction {deEndDrag} -in [gi::getWindows 4]
[19:23:56.61] /i de::endDrag {-0.675 0.95625} -context [db::getNext [de::getContexts -window 4]]
[19:23:56.61] /r dePanToPoint {3.19375 1.95625}
[19:23:59.49] /i gi::executeAction deObjectActivation -in [gi::getWindows 4]
[19:24:00.13] /# gi::executeAction {deCanvasPanWest} -in [gi::getWindows 4]
[19:24:00.13] /i de::pan -window [gi::getWindows 4] -direction W -multiplier [db::getPrefValue deCanvasMousePanMultiplier]
[19:24:00.31] /# gi::executeAction {deCanvasPanWest} -in [gi::getWindows 4]
[19:24:00.31] /i de::pan -window [gi::getWindows 4] -direction W -multiplier [db::getPrefValue deCanvasMousePanMultiplier]
[19:24:00.50] /# gi::executeAction {deCanvasPanWest} -in [gi::getWindows 4]
[19:24:00.50] /i de::pan -window [gi::getWindows 4] -direction W -multiplier [db::getPrefValue deCanvasMousePanMultiplier]
[19:24:00.71] /i gi::executeAction deObjectActivation -in [gi::getWindows 4]
[19:24:01.69] /# gi::executeAction {deStartDrag} -in [gi::getWindows 4]
[19:24:01.69] /i de::startDrag {-18.90625 2.03125} -context [db::getNext [de::getContexts -window 4]]
[19:24:03.22] /# gi::executeAction {deEndDrag} -in [gi::getWindows 4]
[19:24:03.22] /i de::endDrag {-18.90625 2.01875} -context [db::getNext [de::getContexts -window 4]]
[19:24:03.22] /r dePanToPoint {-9.35 2.36875}
[19:24:07.66] /# gi::executeAction {deFitEdit} -in [gi::getWindows 4]
[19:24:07.66] /i de::fit -window 4 -fitEdit true
[19:24:59.64] /# gi::executeAction {deStartDrag} -in [gi::getWindows 4]
[19:24:59.64] /i de::startDrag {6.81875 1.4375} -context [db::getNext [de::getContexts -window 4]]
[19:25:01.11] /# gi::executeAction {deEndDrag} -in [gi::getWindows 4]
[19:25:01.11] /i de::endDrag {6.83125 1.4375} -context [db::getNext [de::getContexts -window 4]]
[19:25:01.11] /r dePanToPoint {7.48125 2.5875}
[19:25:02.56] /i gi::executeAction deObjectActivation -in [gi::getWindows 4]
[19:25:02.79] /# gi::executeAction {deCanvasPanWest} -in [gi::getWindows 4]
[19:25:02.79] /i de::pan -window [gi::getWindows 4] -direction W -multiplier [db::getPrefValue deCanvasMousePanMultiplier]
[19:25:03.00] /# gi::executeAction {deCanvasPanWest} -in [gi::getWindows 4]
[19:25:03.00] /i de::pan -window [gi::getWindows 4] -direction W -multiplier [db::getPrefValue deCanvasMousePanMultiplier]
[19:25:03.27] /i gi::executeAction deObjectActivation -in [gi::getWindows 4]
[19:25:04.76] /# gi::executeAction {deStartDrag} -in [gi::getWindows 4]
[19:25:04.76] /i de::startDrag {-11.4125 1.4375} -context [db::getNext [de::getContexts -window 4]]
[19:25:05.07] /# gi::executeAction {deEndDrag} -in [gi::getWindows 4]
[19:25:05.07] /i de::endDrag {-11.4375 1.45} -context [db::getNext [de::getContexts -window 4]]
[19:25:05.07] /r dePanToPoint {-6.76875 2.03125}
[19:25:06.05] /# gi::executeAction {deStartDrag} -in [gi::getWindows 4]
[19:25:06.05] /i de::startDrag {-6.3625 1.475} -context [db::getNext [de::getContexts -window 4]]
[19:25:06.56] /# gi::executeAction {deEndDrag} -in [gi::getWindows 4]
[19:25:06.56] /i de::endDrag {-6.4 1.475} -context [db::getNext [de::getContexts -window 4]]
[19:25:06.56] /r dePanToPoint {-2.725 1.925}
[19:25:07.61] /# gi::executeAction {deStartDrag} -in [gi::getWindows 4]
[19:25:07.61] /i de::startDrag {-1.99375 0.98125} -context [db::getNext [de::getContexts -window 4]]
[19:25:08.02] /# gi::executeAction {deEndDrag} -in [gi::getWindows 4]
[19:25:08.02] /i de::endDrag {-2.00625 0.98125} -context [db::getNext [de::getContexts -window 4]]
[19:25:08.02] /r dePanToPoint {1.1375 1.925}
[19:25:09.32] /# gi::executeAction {deStartDrag} -in [gi::getWindows 4]
[19:25:09.32] /i de::startDrag {2.9125 1.0875} -context [db::getNext [de::getContexts -window 4]]
[19:25:10.53] /# gi::executeAction {deEndDrag} -in [gi::getWindows 4]
[19:25:10.53] /i de::endDrag {2.8625 1.1} -context [db::getNext [de::getContexts -window 4]]
[19:25:10.53] /r dePanToPoint {3.3125 1.65625}
[19:25:12.79] /# gi::executeAction {deStartDrag} -in [gi::getWindows 4]
[19:25:12.79] /i de::startDrag {5.525 0.59375} -context [db::getNext [de::getContexts -window 4]]
[19:25:13.53] /# gi::executeAction {deEndDrag} -in [gi::getWindows 4]
[19:25:13.53] /i de::endDrag {5.5125 0.59375} -context [db::getNext [de::getContexts -window 4]]
[19:25:13.53] /r dePanToPoint {5.25 1.375}
[19:25:14.82] /i gi::executeAction deObjectActivation -in [gi::getWindows 4]
[19:25:15.07] /# gi::executeAction {deCanvasPanWest} -in [gi::getWindows 4]
[19:25:15.07] /i de::pan -window [gi::getWindows 4] -direction W -multiplier [db::getPrefValue deCanvasMousePanMultiplier]
[19:25:15.25] /# gi::executeAction {deCanvasPanWest} -in [gi::getWindows 4]
[19:25:15.25] /i de::pan -window [gi::getWindows 4] -direction W -multiplier [db::getPrefValue deCanvasMousePanMultiplier]
[19:25:15.54] /i gi::executeAction deObjectActivation -in [gi::getWindows 4]
[19:25:16.49] /i gi::executeAction deObjectActivation -in [gi::getWindows 4]
[19:25:16.50] /# gi::executeAction {deCanvasPanWest} -in [gi::getWindows 4]
[19:25:16.50] /i de::pan -window [gi::getWindows 4] -direction W -multiplier [db::getPrefValue deCanvasMousePanMultiplier]
[19:25:16.58] /# gi::executeAction {deCanvasPanWest} -in [gi::getWindows 4]
[19:25:16.58] /i de::pan -window [gi::getWindows 4] -direction W -multiplier [db::getPrefValue deCanvasMousePanMultiplier]
[19:25:16.76] /# gi::executeAction {deCanvasPanWest} -in [gi::getWindows 4]
[19:25:16.76] /i de::pan -window [gi::getWindows 4] -direction W -multiplier [db::getPrefValue deCanvasMousePanMultiplier]
[19:25:16.81] /# gi::executeAction {deCanvasPanWest} -in [gi::getWindows 4]
[19:25:16.81] /i de::pan -window [gi::getWindows 4] -direction W -multiplier [db::getPrefValue deCanvasMousePanMultiplier]
[19:25:16.90] /# gi::executeAction {deCanvasPanWest} -in [gi::getWindows 4]
[19:25:16.90] /i de::pan -window [gi::getWindows 4] -direction W -multiplier [db::getPrefValue deCanvasMousePanMultiplier]
[19:25:17.00] /i gi::executeAction deObjectActivation -in [gi::getWindows 4]
[19:25:18.07] /w Warning: Nothing is bound to the 'Button7' in the current active set. (WINDOW-015)
[19:25:18.12] /w Warning: Nothing is bound to the 'Button7' in the current active set. (WINDOW-015)
[19:25:18.15] /w Warning: Nothing is bound to the 'Button7' in the current active set. (WINDOW-015)
[19:25:18.18] /w Warning: Nothing is bound to the 'Button7' in the current active set. (WINDOW-015)
[19:25:18.24] /w Warning: Nothing is bound to the 'Button7' in the current active set. (WINDOW-015)
[19:25:18.28] /w Warning: Nothing is bound to the 'Button7' in the current active set. (WINDOW-015)
[19:25:18.76] /w Warning: Nothing is bound to the 'Button7' in the current active set. (WINDOW-015)
[19:25:18.77] /w Warning: Nothing is bound to the 'Button7' in the current active set. (WINDOW-015)
[19:25:18.78] /w Warning: Nothing is bound to the 'Button7' in the current active set. (WINDOW-015)
[19:25:18.83] /w Warning: Nothing is bound to the 'Button7' in the current active set. (WINDOW-015)
[19:25:18.86] /w Warning: Nothing is bound to the 'Button7' in the current active set. (WINDOW-015)
[19:25:19.99] /w Warning: Nothing is bound to the 'Button7' in the current active set. (WINDOW-015)
[19:25:20.05] /w Warning: Nothing is bound to the 'Button7' in the current active set. (WINDOW-015)
[19:25:20.09] /w Warning: Nothing is bound to the 'Button7' in the current active set. (WINDOW-015)
[19:25:20.14] /w Warning: Nothing is bound to the 'Button7' in the current active set. (WINDOW-015)
[19:25:20.83] /w Warning: Nothing is bound to the 'Button7' in the current active set. (WINDOW-015)
[19:25:20.87] /w Warning: Nothing is bound to the 'Button7' in the current active set. (WINDOW-015)
[19:25:20.92] /w Warning: Nothing is bound to the 'Button7' in the current active set. (WINDOW-015)
[19:25:20.96] /w Warning: Nothing is bound to the 'Button7' in the current active set. (WINDOW-015)
[19:25:20.99] /w Warning: Nothing is bound to the 'Button7' in the current active set. (WINDOW-015)
[19:25:25.66] /w Warning: Nothing is bound to the 'Button7' in the current active set. (WINDOW-015)
[19:25:25.70] /w Warning: Nothing is bound to the 'Button7' in the current active set. (WINDOW-015)
[19:25:25.73] /w Warning: Nothing is bound to the 'Button7' in the current active set. (WINDOW-015)
[19:25:25.76] /w Warning: Nothing is bound to the 'Button7' in the current active set. (WINDOW-015)
[19:25:25.81] /w Warning: Nothing is bound to the 'Button7' in the current active set. (WINDOW-015)
[19:25:25.94] /w Warning: Nothing is bound to the 'Button7' in the current active set. (WINDOW-015)
[19:25:26.15] /w Warning: Nothing is bound to the 'Button7' in the current active set. (WINDOW-015)
[19:25:26.16] /w Warning: Nothing is bound to the 'Button7' in the current active set. (WINDOW-015)
[19:25:26.21] /w Warning: Nothing is bound to the 'Button7' in the current active set. (WINDOW-015)
[19:25:26.25] /w Warning: Nothing is bound to the 'Button7' in the current active set. (WINDOW-015)
[19:25:26.30] /w Warning: Nothing is bound to the 'Button7' in the current active set. (WINDOW-015)
[19:25:26.42] /w Warning: Nothing is bound to the 'Button7' in the current active set. (WINDOW-015)
[19:25:26.68] /# gi::executeAction {deFitEdit} -in [gi::getWindows 4]
[19:25:26.68] /i de::fit -window 4 -fitEdit true
[19:25:28.53] /i gi::executeAction deObjectActivation -in [gi::getWindows 4]
[19:25:28.80] /# gi::executeAction {deCanvasPanWest} -in [gi::getWindows 4]
[19:25:28.80] /i de::pan -window [gi::getWindows 4] -direction W -multiplier [db::getPrefValue deCanvasMousePanMultiplier]
[19:25:29.01] /# gi::executeAction {deCanvasPanWest} -in [gi::getWindows 4]
[19:25:29.01] /i de::pan -window [gi::getWindows 4] -direction W -multiplier [db::getPrefValue deCanvasMousePanMultiplier]
[19:25:29.13] /i gi::executeAction deObjectActivation -in [gi::getWindows 4]
[19:25:30.05] /w Warning: Nothing is bound to the 'Button7' in the current active set. (WINDOW-015)
[19:25:30.07] /w Warning: Nothing is bound to the 'Button7' in the current active set. (WINDOW-015)
[19:25:30.10] /w Warning: Nothing is bound to the 'Button7' in the current active set. (WINDOW-015)
[19:25:30.11] /w Warning: Nothing is bound to the 'Button7' in the current active set. (WINDOW-015)
[19:25:30.16] /w Warning: Nothing is bound to the 'Button7' in the current active set. (WINDOW-015)
[19:25:30.21] /w Warning: Nothing is bound to the 'Button7' in the current active set. (WINDOW-015)
[19:25:30.62] /w Warning: Nothing is bound to the 'Button7' in the current active set. (WINDOW-015)
[19:25:30.63] /w Warning: Nothing is bound to the 'Button7' in the current active set. (WINDOW-015)
[19:25:30.68] /w Warning: Nothing is bound to the 'Button7' in the current active set. (WINDOW-015)
[19:25:30.68] /w Warning: Nothing is bound to the 'Button7' in the current active set. (WINDOW-015)
[19:25:30.69] /w Warning: Nothing is bound to the 'Button7' in the current active set. (WINDOW-015)
[19:25:30.80] /w Warning: Nothing is bound to the 'Button7' in the current active set. (WINDOW-015)
[19:25:31.27] /# gi::executeAction {deFitEdit} -in [gi::getWindows 4]
[19:25:31.27] /i de::fit -window 4 -fitEdit true
[19:25:34.01] /# gi::executeAction {deStartDrag} -in [gi::getWindows 4]
[19:25:34.01] /i de::startDrag {8.11875 2.975} -context [db::getNext [de::getContexts -window 4]]
[19:25:35.67] /# gi::executeAction {deEndDrag} -in [gi::getWindows 4]
[19:25:35.67] /i de::endDrag {8.11875 2.9875} -context [db::getNext [de::getContexts -window 4]]
[19:25:35.67] /r dePanToPoint {8.1 2.95}
[21:47:38.93] /r giDialog gi::setActiveDialog [gi::getDialogs {giCloseFrame}]
[21:47:39.16] /r giDialog db::setAttr geometry -of [gi::getDialogs {giCloseFrame}] -value 299x110+609+324
[21:47:40.81] /r giDialog gi::pressButton {giCloseTabsButton} -in [gi::getDialogs {giCloseFrame}]
[21:47:40.95] /i exit
[21:47:41.08] /r giDialog gi::setActiveDialog [gi::getDialogs {deExitDialog} -parent [gi::getWindows 4]]
[21:47:41.26] /r giDialog db::setAttr geometry -of [gi::getDialogs {deExitDialog} -parent [gi::getWindows 4]] -value 419x212+549+273
[21:47:42.57] /r giDialog gi::pressButton {ok} -in [gi::getDialogs {deExitDialog} -parent [gi::getWindows 4]]
[21:47:46.08] /o Shutdown time: Wed Mar 26 21:47:46 2025
[21:47:46.08] /o Elapsed session real time: 3 hours 25.66 minutes
[21:47:46.08] /o Session terminated. Log is at /mnt/coe/workspace/ece/ece546-spr25/group8/group8_project/synopsys_custom/logs/ccompiler.hrajesh.2025_3_26_182202_2278433.log
