[16:55:38.57] /o 
              /c                                 Custom Compiler™ 
              /c 
              /c               Version W-2024.09-SP1-2 for linux64 - Jan 16, 2025 
              /c 
              /c                     Copyright (c) 2004 - 2025 Synopsys, Inc.
              /c    This software and the associated documentation are proprietary to Synopsys,
              /c  Inc. This software may only be used in accordance with the terms and conditions
              /c  of a written license agreement with Synopsys, Inc. All other use, reproduction,
              /c    or distribution of this software is strictly prohibited.  Licensed Products
              /c      communicate with Synopsys servers for the purpose of providing software
              /c     updates, detecting software piracy and verifying that customers are using
              /c     Licensed Products in conformity with the applicable License Key for such
              /c   Licensed Products. Synopsys will use information gathered in connection with
              /c     this process to deliver software updates and pursue software pirates and
              /c                                    infringers.
              /c 
              /c  Inclusivity & Diversity - Visit SolvNetPlus to read the "Synopsys Statement on
              /c             Inclusivity and Diversity" (Refer to article 000036315 at
              /c                         https://solvnetplus.synopsys.com)
              /c 
              /c Build  (OPT) Config 11256978 compiled on Thu Jan 16 10:52:27 2025 for AlmaLinux 8.4
              /c Invocation: /mnt/apps/public/COE/synopsys_apps/customcompiler/W-2024.09-SP1-2/linux64/platform/bin/custom_compiler
              /c Execution time: Fri Mar 28 16:55:23 2025
              /c Host: hydra12.ece.ncsu.edu
              /c Working directory: /mnt/coe/workspace/ece/ece546-spr25/group8/group8_project
              /c 
[16:55:51.27] /m Information: Registering ICV PERC package...
[16:55:51.64] /w Warning: In file /mnt/coe/workspace/ece/ece546-spr25/group8/group8_project/lib.defs: Unable to open library proj_common at path /mnt/coe/workspace/ece/ece546-common/proj_common : No access permission. (DATA_MANAGEMENT-014)
[16:55:52.78] /r giShowFrameTabs true
[16:55:52.78] /r giWindowId 1
[16:55:52.78] /r giWindowGeometry 1040x800
[16:55:53.73] /i db::setAttr geometry -of [gi::getFrames 1] -value 1040x822+247+54
[16:56:58.92] /i db::setAttr geometry -of [gi::getFrames 1] -value 1536x770+0+46
[16:56:58.92] /i db::setAttr maximized -of [gi::getFrames 1] -value true
[16:57:00.64] /i gi::pressButton {/scroll/scrollArea/scrollAreaInnerWidget/applications/dmLibraryManager} -in [gi::getWindows 1]
[16:57:00.95] /r giWindowId 2
[16:57:00.95] /r giWindowGeometry 660x600+50+50
[16:57:03.04] /i gi::setCurrentIndex {libs} -index {group8} -in [gi::getWindows 2]
[16:57:03.12] /i gi::setItemSelection {libs} -index {group8} -in [gi::getWindows 2]
[16:57:05.41] /i gi::setCurrentIndex {cells} -index {sram_6t_tb} -in [gi::getWindows 2]
[16:57:05.66] /i gi::setItemSelection {cells} -index {sram_6t_tb} -in [gi::getWindows 2]
[16:57:07.48] /i gi::setCurrentIndex {views} -index {schematic} -in [gi::getWindows 2]
[16:57:07.57] /i gi::setItemSelection {views} -index {schematic} -in [gi::getWindows 2]
[16:57:08.24] /i gi::executeAction {dmOpen} -in [gi::getWindows 2]
[16:57:08.43] /o Loading: Callback files...
[16:57:08.45] /o Loading: scripts/callbacks/callbacks.tcl
[16:57:08.45] /o 
              /c [INFO] : Loading display.drf from /mnt/designkits/ncsu/FreePDK3/syncust/NCSU_TechLib_FreePDK3
              /c 
              /c  if you wish to Load other display.drf, please set shell environment valiable "iPDK_load_display_NCSU_TechLib_FreePDK3" to value = 0
[16:57:08.45] /o 
[16:57:08.60] /w Warning: Preference 'xtStarTcadGrdFile' is deprecated and scheduled for removal in a future release with no replacement. For migration assistance, see the Custom Compiler Tcl Reference Manual. (PREFERENCE-058)
[16:57:08.61] /w Warning: Preference 'xtStarOALayerMappingFile' is deprecated and scheduled for removal in a future release with no replacement. For migration assistance, see the Custom Compiler Tcl Reference Manual. (PREFERENCE-058)
[16:57:08.61] /o 	#######################################
[16:57:08.61] /o 	CC-PDK Library Name	: FreePDK3
[16:57:08.61] /o 	#######################################
[16:57:08.61] /o 
[16:57:08.68] /m Information: Feature 'CustomInfrastructure' checked out. (LICENSE-003)
[16:57:08.70] /m Information: Feature 'SynopsysCustomLayout' checked out. (LICENSE-003)
[16:57:09.08] /r giWindowId 3
[16:57:09.08] /r giWindowGeometry 1305x777
[16:57:18.24] /i gi::setActiveWindow 2
[16:57:18.24] /i gi::setActiveWindow 2 -raise true
[16:57:19.86] /i gi::setCurrentIndex {views} -index {HSPICE_default} -in [gi::getWindows 2]
[16:57:20.00] /i gi::setItemSelection {views} -index {HSPICE_default} -in [gi::getWindows 2]
[16:57:20.07] /i gi::executeAction {dmOpen} -in [gi::getWindows 2]
[16:57:26.57] /m Information: Feature 'SynopsysCustomSAE' checked out. (LICENSE-003)
[16:57:26.73] /m Information: Started sharing "WaveView ADV" license. (WAVEFORM-110)
[16:57:26.73] /m Information: Started sharing "Primewave" license. (WAVEFORM-110)
[16:57:27.87] /r giWindowId 4
[16:57:27.89] /r giWindowGeometry 600x500
[16:57:28.39] /r giWindowGeometry 600x500
[16:57:30.11] /m Information: Launching Background pw_shell Server Process "cd /mnt/coe/workspace/ece/ece546-spr25/group8/group8_project && primewave -gui 0 -uniqueString 424077b79e1069ee4664ba510ad633bb4d49f0484e1ba41a3b3a965d3326affa72f015f0a5f7433ad13cf318ecba0847 -python 0  -log pw_shell_session0_job1 -libDefFile /mnt/coe/workspace/ece/ece546-spr25/group8/group8_project/lib.defs". (PW_GUI-174)
[16:57:30.52] /m Information: Launching Simulation Server Process "cd /mnt/coe/workspace/ece/ece546-spr25/group8/group8_project && sh /mnt/coe/workspace/ece/ece546-spr25/group8/group8_project/synopsys_custom/sim_server/custom_compiler.hrajesh/stb.group8.sram_6t_tb.schematic.session0/runSimServer ". (PW_GUI-711)
[16:57:30.90] /m Information: Launching Waveform Viewer "cd /mnt/coe/workspace/ece/ece546-spr25/group8/group8_project/synopsys_custom &&  /mnt/apps/public/COE/synopsys_apps/primewave/W-2024.09-SP1-2/bin/../auxx/auxx_for_cc/../../linux64/swv/bin/swv  -bg_gui -k -cdesigner -ptype wv -spxkey /mnt/apps/public/COE/synopsys_apps/primewave/W-2024.09-SP1-2/auxx/auxx_for_cc/waveform/sae.spxkey -spxrc /tmp/tmp_sae_spxrc_VWSeRF -unique_string 424077b79e1069ee4664ba510ad633bb4d49f0484e1ba41a3b3a965d3326affa72f015f0a5f7433ad13cf318ecba0847 -lic_type 2   -parent_cc_pid 2701863  > /mnt/coe/workspace/ece/ece546-spr25/group8/group8_project/synopsys_custom/viewer.log 2>&1"
[16:57:31.31] /m Information: Launching Result Viewer "cd /mnt/coe/workspace/ece/ece546-spr25/group8/group8_project/synopsys_custom &&  /mnt/apps/public/COE/synopsys_apps/primewave/W-2024.09-SP1-2/bin/../auxx/auxx_for_cc/../../linux64/swv/bin/swv  -bg_gui -log rvcmd.log -ptype rv -k -cdesigner -parent_cc_pid 2701863 -spxkey /mnt/apps/public/COE/synopsys_apps/primewave/W-2024.09-SP1-2/auxx/auxx_for_cc/waveform/sae.spxkey -unique_string 424077b79e1069ee4664ba510ad633bb4d49f0484e1ba41a3b3a965d3326affa72f015f0a5f7433a989bb93c226d592a -lic_type 2    > /mnt/coe/workspace/ece/ece546-spr25/group8/group8_project/synopsys_custom/rviewer.log 2>&1"
[16:57:33.42] /i gi::executeAction {menuPreShow} -in [gi::getWindows 4]
[16:57:33.42] /r giMenuAccess db::getNext [gi::getMenus saConsoleSimMenu -from [gi::getWindows 4]]
[16:57:34.93] /# gi::executeAction {saNetlistAndRun} -in [gi::getWindows 4]
[16:57:34.93] /i ::sa::_testSuite::isShowRunConfirmation 4 "isa::netlistAndRun" [sa::_utils::findRunMode 4]
[16:57:35.16] /i gi::setActiveDialog [gi::getDialogs {saRunConfirmationDialog} -parent [gi::getWindows 4]]
[16:57:35.26] /i db::setAttr geometry -of [gi::getDialogs {saRunConfirmationDialog} -parent [gi::getWindows 4]] -value 400x140+558+309
[16:57:37.34] /i gi::pressButton {yes} -in [gi::getDialogs {saRunConfirmationDialog} -parent [gi::getWindows 4]]
[16:57:39.08] /r giWindowId 5
[16:57:39.11] /r giWindowGeometry 800x600
[16:57:42.09] /i db::setAttr geometry -of [gi::getDialogs {xtBgNRunProgress} -parent [gi::getWindows 4]] -value 438x65+518+393
[16:57:42.09] /i gi::setActiveDialog [gi::getDialogs {xtBgNRunProgress} -parent [gi::getWindows 4]]
[16:57:58.72] /m Information: Received ready-for-commands signal from background job "pw_shell_session0_job1" after 28 seconds. (PW_GUI-172)
[16:57:59.74] /i db::setAttr geometry -of [gi::getDialogs {xtBgNRunProgress} -parent [gi::getWindows 4]] -value 457x65+518+393
[16:58:01.56] /i gi::pressButton {ConsoleToggleButton} -in [db::getAttr statusbar -of [gi::getWindows 5]]
[16:58:04.68] /i db::setAttr geometry -of [gi::getDialogs {xtBgNRunProgress} -parent [gi::getWindows 4]] -value 445x65+518+393
[16:58:09.04] /i db::setAttr geometry -of [gi::getDialogs {xtBgNRunProgress} -parent [gi::getWindows 4]] -value 386x65+518+393
[16:58:09.73] /i db::setAttr geometry -of [gi::getDialogs {xtBgNRunProgress} -parent [gi::getWindows 4]] -value 429x68+518+393
[16:58:10.51] /i db::setAttr geometry -of [gi::getDialogs {xtBgNRunProgress} -parent [gi::getWindows 4]] -value 431x68+518+393
[16:58:11.52] /i db::setAttr geometry -of [gi::getDialogs {xtBgNRunProgress} -parent [gi::getWindows 4]] -value 446x68+518+393
[16:58:13.83] /r giWindowId 6
[16:58:13.85] /r giWindowGeometry 1024x768
[16:58:50.78] /e Error: Simulation failed for design: group8/sram_6t_tb/schematic  (PW-653)
[16:58:58.92] /i gi::pressButton {ConsoleToggleButton} -in [db::getAttr statusbar -of [gi::getWindows 6]]
[16:59:07.01] /i gi::setActiveWindow 4
[16:59:07.01] /i gi::setActiveWindow 4 -raise true
[16:59:12.53] /i gi::setActiveWindow 6
[16:59:12.53] /i gi::setActiveWindow 6 -raise true
[16:59:15.89] /i gi::setActiveWindow 3
[16:59:15.89] /i gi::setActiveWindow 3 -raise true
[16:59:24.56] /# gi::executeAction {seButton1DragStart} -in [gi::getWindows 3]
[16:59:24.56] /i ise::stretch -object [de::getActiveFigure [gi::getWindows 3] -point {3.24375 2.4} -index 0 -intent none] -point {3.25 2.375}
[16:59:24.74] /# gi::executeAction {deEndDrag} -in [gi::getWindows 3]
[16:59:24.74] /i de::endDrag {3.24375 2.45625} -context [db::getNext [de::getContexts -window 3]]
[16:59:25.58] /# gi::executeAction {deSelectActive} -in [gi::getWindows 3]
[16:59:25.58] /i de::deselectAll [db::getNext [de::getContexts -window 3]]
[16:59:25.58] /i de::select [de::getActiveFigure [gi::getWindows 3] -point {3.24375 2.45625} -index 0 -intent none]
[16:59:25.58] /o oa:0x46ca9720
[16:59:26.72] /# gi::executeAction {deSelectActive} -in [gi::getWindows 3]
[16:59:26.72] /i de::cycleActiveFigure [gi::getWindows 3] -direction next
[16:59:26.72] /o oa:0x42803390
[16:59:26.72] /i ::se::internal::descendInst 3 [de::getActiveFigure [gi::getWindows 3] -point {3.24375 2.45625} -index 0 -intent none] auto
[16:59:26.84] /# ide::descend 3 -inPlace false -readOnly auto
[16:59:27.15] /# Navigating to group8/sram_6t/schematic (I0)
[16:59:27.47] /r giWindowGeometry 1305x777
[16:59:38.54] /i gi::setActiveWindow 6
[16:59:38.54] /i gi::setActiveWindow 6 -raise true
[16:59:47.74] /i gi::setActiveWindow 4
[16:59:47.74] /i gi::setActiveWindow 4 -raise true
[16:59:50.30] /i gi::executeAction {menuPreShow} -in [gi::getWindows 4]
[16:59:50.30] /r giMenuAccess db::getNext [gi::getMenus saConsoleSimMenu -from [gi::getWindows 4]]
[16:59:51.05] /i gi::executeAction {menuPreShow} -in [gi::getWindows 4]
[16:59:51.06] /r giMenuAccess db::getNext [gi::getMenus saConsoleOutputsMenu -from [gi::getWindows 4]]
[16:59:51.36] /i gi::executeAction {menuPreShow} -in [gi::getWindows 4]
[16:59:51.36] /r giMenuAccess db::getNext [gi::getMenus saVariablesMenu -from [gi::getWindows 4]]
[16:59:52.32] /i gi::executeAction {menuPreShow} -in [gi::getWindows 4]
[16:59:52.32] /r giMenuAccess db::getNext [gi::getMenus saConsoleOutputsMenu -from [gi::getWindows 4]]
[16:59:52.98] /i gi::executeAction {menuPreShow} -in [gi::getWindows 4]
[16:59:52.98] /r giMenuAccess db::getNext [gi::getMenus saVariablesMenu -from [gi::getWindows 4]]
[16:59:53.17] /i gi::executeAction {menuPreShow} -in [gi::getWindows 4]
[16:59:53.17] /r giMenuAccess db::getNext [gi::getMenus saConsoleSetupMenu -from [gi::getWindows 4]]
[16:59:55.01] /# gi::executeAction {saEditConvergenceAids} -in [gi::getWindows 4]
[16:59:55.02] /i sa::showConvergenceAids -parent 4
[16:59:55.31] /i gi::setActiveDialog [gi::getDialogs {saConvergenceAidsSetup} -parent [gi::getWindows 4]]
[16:59:55.59] /i db::setAttr geometry -of [gi::getDialogs {saConvergenceAidsSetup} -parent [gi::getWindows 4]] -value 760x330+378+214
[17:00:17.35] /i gi::setField {Model} -index {0,0} -value {false} -in [gi::getDialogs {saConvergenceAidsSetup} -parent [gi::getWindows 4]]
[17:00:18.10] /i gi::setField {Model} -index {1,0} -value {false} -in [gi::getDialogs {saConvergenceAidsSetup} -parent [gi::getWindows 4]]
[17:00:18.84] /i gi::setField {Model} -index {2,0} -value {false} -in [gi::getDialogs {saConvergenceAidsSetup} -parent [gi::getWindows 4]]
[17:00:19.52] /i gi::setField {Model} -index {3,0} -value {false} -in [gi::getDialogs {saConvergenceAidsSetup} -parent [gi::getWindows 4]]
[17:00:21.08] /i gi::pressButton {ok} -in [gi::getDialogs {saConvergenceAidsSetup} -parent [gi::getWindows 4]]
[17:00:23.29] /i gi::executeAction {menuPreShow} -in [gi::getWindows 4]
[17:00:23.29] /r giMenuAccess db::getNext [gi::getMenus saConsoleSimMenu -from [gi::getWindows 4]]
[17:00:24.57] /# gi::executeAction {saNetlistAndRun} -in [gi::getWindows 4]
[17:00:24.58] /i ::sa::_testSuite::isShowRunConfirmation 4 "isa::netlistAndRun" [sa::_utils::findRunMode 4]
[17:00:24.80] /i gi::setActiveDialog [gi::getDialogs {saRunConfirmationDialog} -parent [gi::getWindows 4]]
[17:00:24.92] /i db::setAttr geometry -of [gi::getDialogs {saRunConfirmationDialog} -parent [gi::getWindows 4]] -value 400x140+558+309
[17:00:25.99] /i gi::pressButton {yes} -in [gi::getDialogs {saRunConfirmationDialog} -parent [gi::getWindows 4]]
[17:00:27.87] /r giDialog gi::setActiveDialog [gi::getDialogs {xtShowDesignsPrompt}]
[17:00:27.87] /r giDialog gi::setCurrentIndex {target} -index {0,0} -in [gi::getDialogs {xtShowDesignsPrompt}]
[17:00:28.02] /r giDialog db::setAttr geometry -of [gi::getDialogs {xtShowDesignsPrompt}] -value 564x289+476+248
[17:00:29.99] /r giDialog gi::pressButton {ok} -in [gi::getDialogs {xtShowDesignsPrompt}]
[17:00:30.25] /m Information: 
[17:00:30.25] /o Checking "group8/sram_6t_tb/schematic"
[17:00:30.26] /o No rule violations found in "group8/sram_6t_tb/schematic"
[17:00:30.30] /o No Design Integrity rule violations found in "group8/sram_6t_tb/schematic"
[17:00:30.30] /m Information: Checking process is completed: marking the design violations
[17:00:30.31] /m Information: Marking of designs is completed
[17:00:33.64] /i db::setAttr geometry -of [gi::getDialogs {xtBgNRunProgress} -parent [gi::getWindows 4]] -value 438x65+518+393
[17:00:33.64] /i gi::setActiveDialog [gi::getDialogs {xtBgNRunProgress} -parent [gi::getWindows 4]]
[17:00:36.43] /i db::setAttr geometry -of [gi::getDialogs {xtBgNRunProgress} -parent [gi::getWindows 4]] -value 457x65+518+393
[17:00:40.39] /i db::setAttr geometry -of [gi::getDialogs {xtBgNRunProgress} -parent [gi::getWindows 4]] -value 445x65+518+393
[17:00:44.45] /i db::setAttr geometry -of [gi::getDialogs {xtBgNRunProgress} -parent [gi::getWindows 4]] -value 386x65+518+393
[17:00:45.14] /i db::setAttr geometry -of [gi::getDialogs {xtBgNRunProgress} -parent [gi::getWindows 4]] -value 429x68+518+393
[17:00:45.85] /i db::setAttr geometry -of [gi::getDialogs {xtBgNRunProgress} -parent [gi::getWindows 4]] -value 431x68+518+393
[17:01:23.93] /i db::setAttr geometry -of [gi::getFrames 1] -value 1536x770+0+23
[17:01:23.99] /i db::setAttr maximized -of [gi::getFrames 1] -value false
[17:01:23.99] /i db::setAttr maximized -of [gi::getFrames 1] -value false
[17:01:23.99] /i db::setAttr iconified -of [gi::getFrames 1] -value true
[17:01:24.65] /i db::setAttr maximized -of [gi::getFrames 1] -value true
[17:01:24.65] /i db::setAttr iconified -of [gi::getFrames 1] -value false
[17:01:24.91] /i db::setAttr geometry -of [gi::getFrames 1] -value 1536x770+0+46
[17:01:26.01] /e Error: Simulation failed for design: group8/sram_6t_tb/schematic  (PW-653)
[17:01:29.82] /i gi::setActiveWindow 4
[17:01:29.82] /i gi::setActiveWindow 4 -raise true
[17:01:32.66] /i gi::setActiveWindow 3
[17:01:32.66] /i gi::setActiveWindow 3 -raise true
[17:01:35.81] /i gi::setActiveWindow 1
[17:01:35.81] /i gi::setActiveWindow 1 -raise true
[17:01:41.11] /i gi::pressButton {/scroll/scrollArea/scrollAreaInnerWidget/applications/deOpengroup8sram6ttbschematic} -in [gi::getWindows 1]
[17:01:41.46] /r giWindowId 7
[17:01:41.49] /r giWindowGeometry 1305x777
[17:01:48.61] /# gi::executeAction {seSchCheckAndSave} -in [gi::getWindows 7]
[17:01:48.61] /i  ::startup::_checkAndSave 
[17:01:48.73] /m Information: 
[17:01:48.73] /o Checking "group8/sram_6t_tb/schematic"
[17:01:48.74] /o No rule violations found in "group8/sram_6t_tb/schematic"
[17:01:48.74] /m Information: Checking process is completed: marking the design violations
[17:01:48.74] /m Information: Marking of designs is completed
[17:01:55.52] /i gi::setActiveWindow 3
[17:01:55.52] /i gi::setActiveWindow 3 -raise true
[17:01:57.75] /# gi::executeAction {seSchCheckAndSave} -in [gi::getWindows 3]
[17:01:57.76] /i  ::startup::_checkAndSave 
[17:01:57.87] /m Information: 
              /c Cross view checking for group8/sram_6t/symbol with group8/sram_6t/schematic
              /c No violations found. (DE_EDIT-007)
[17:01:57.88] /m Information: 
[17:01:57.88] /o Checking "group8/sram_6t/schematic"
[17:01:57.89] /o No rule violations found in "group8/sram_6t/schematic"
[17:01:57.89] /m Information: Checking process is completed: marking the design violations
[17:01:57.90] /m Information: Marking of designs is completed
[17:02:09.07] /i gi::setActiveWindow 4
[17:02:09.07] /i gi::setActiveWindow 4 -raise true
[17:02:18.89] /i gi::setActiveWindow 3
[17:02:18.89] /i gi::setActiveWindow 3 -raise true
[17:02:23.31] /i gi::setActiveWindow 7
[17:02:23.31] /i gi::setActiveWindow 7 -raise true
[17:02:31.13] /m Information: Feature 'SynopsysCustomSAE' checked in. (LICENSE-004)
[17:02:31.13] /m Information: Stopped sharing "Primewave" license. (WAVEFORM-111)
[17:02:31.13] /m Information: Stopped sharing "WaveView ADV" license. (WAVEFORM-111)
[17:02:31.21] /m Information: Send exit command to simulation server process stb.group8.sram_6t_tb.schematic.session0. (PW_GUI-979)
[17:02:32.35] /m Information: Stopping query due to no running simulation server process. (PW_GUI-710)
[17:02:46.10] /i gi::setActiveWindow 4
[17:02:46.10] /i gi::setActiveWindow 4 -raise true
[17:02:55.78] /i gi::pressButton {plotButton} -in [gi::getWindows 4]
[17:02:55.93] /m Information: Feature 'SynopsysCustomSAE' checked out. (LICENSE-003)
[17:02:56.54] /# gi::setActiveDialog [gi::getDialogs {saEvalExprProgressBar} -parent [gi::getWindows 4]]
[17:02:56.93] /i db::setAttr geometry -of [gi::getDialogs {saEvalExprProgressBar} -parent [gi::getWindows 4]] -value 317x45+400+420
[17:02:57.22] /i db::setAttr geometry -of [gi::getDialogs {saEvalExprProgressBar} -parent [gi::getWindows 4]] -value 349x45+400+420
[17:03:01.27] /m Information: Jobs distribution master quit! (PW_GUI-822)
[17:03:01.49] /i db::setAttr geometry -of [gi::getDialogs {saEvalExprProgressBar} -parent [gi::getWindows 4]] -value 323x45+400+420
[17:03:03.68] /m Information: Launching Background pw_shell Server Process "cd /mnt/coe/workspace/ece/ece546-spr25/group8/group8_project && primewave -gui 0 -uniqueString 424077b79e1069ee4664ba510ad633bb4d49f0484e1ba41a3b3a965d3326affaac8b4bdeddb0f3242c67b19e75f1ee13 -python 0  -log pw_shell_session0_job2 -libDefFile /mnt/coe/workspace/ece/ece546-spr25/group8/group8_project/lib.defs". (PW_GUI-174)
[17:03:03.76] /m Information: Evaluating and plotting completed for testbench: HSPICE_default in 8s
[17:03:07.96] /i gi::pressButton {ConsoleToggleButton} -in [db::getAttr statusbar -of [gi::getWindows 4]]
[17:03:25.03] /i gi::setCurrentIndex {outputsTable} -index {0,1} -in [gi::getWindows 4]
[17:03:25.03] /i gi::setItemSelection {outputsTable} -index {0,1} -in [gi::getWindows 4]
[17:03:26.74] /m Information: Received ready-for-commands signal from background job "pw_shell_session0_job2" after 23 seconds. (PW_GUI-172)
[17:03:28.43] /i gi::setField {outputsTable} -index {0,1} -value {v(/BL)} -in [gi::getWindows 4]
[17:03:35.27] /i gi::setActiveWindow 3
[17:03:35.27] /i gi::setActiveWindow 3 -raise true
[17:03:40.83] /# gi::executeAction {deUpdateCellview} -in [gi::getWindows 3]
[17:03:40.83] /i db::showUpdateCellView -parent 3
[17:03:42.52] /i gi::setActiveDialog [gi::getDialogs {dbUpdateCellView} -parent [gi::getWindows 3]]
[17:03:43.15] /i db::setAttr geometry -of [gi::getDialogs {dbUpdateCellView} -parent [gi::getWindows 3]] -value 528x317+601+319
[17:03:44.31] /i gi::pressButton {/ok} -in [gi::getDialogs {dbUpdateCellView} -parent [gi::getWindows 3]]
[17:03:45.00] /r giWindowId 8
[17:03:45.04] /r giWindowGeometry 1305x777
[17:03:50.33] /i gi::executeAction {deSaveDesign} -in [gi::getWindows 8]
[17:03:50.57] /m Information: Saving design 'group8 sram_6t symbol'. (DESIGN_WINDOW-004)
[17:03:57.28] /i gi::setActiveWindow 2
[17:03:57.28] /i gi::setActiveWindow 2 -raise true
[17:03:59.74] /i gi::setActiveWindow 4
[17:03:59.74] /i gi::setActiveWindow 4 -raise true
[17:04:02.26] /i gi::setCurrentIndex {outputsTable} -index {5,1} -in [gi::getWindows 4]
[17:04:02.26] /i gi::setItemSelection {outputsTable} -index {} -in [gi::getWindows 4]
[17:04:02.66] /i gi::setItemSelection {outputsTable} -index {4,1} -in [gi::getWindows 4]
[17:04:02.66] /i gi::setCurrentIndex {outputsTable} -index {4,1} -in [gi::getWindows 4]
[17:04:02.72] /i gi::setItemSelection {outputsTable} -index {3,1 4,1} -in [gi::getWindows 4]
[17:04:02.72] /i gi::setCurrentIndex {outputsTable} -index {3,1} -in [gi::getWindows 4]
[17:04:02.89] /i gi::setItemSelection {outputsTable} -index {2,1 3,1 4,1} -in [gi::getWindows 4]
[17:04:02.89] /i gi::setCurrentIndex {outputsTable} -index {2,1} -in [gi::getWindows 4]
[17:04:03.03] /i gi::setItemSelection {outputsTable} -index {1,1 2,1 3,1 4,1} -in [gi::getWindows 4]
[17:04:03.04] /i gi::setCurrentIndex {outputsTable} -index {1,1} -in [gi::getWindows 4]
[17:04:03.20] /i gi::setItemSelection {outputsTable} -index {0,1 1,1 2,1 3,1 4,1} -in [gi::getWindows 4]
[17:04:03.20] /i gi::setCurrentIndex {outputsTable} -index {0,1} -in [gi::getWindows 4]
[17:04:06.36] /i gi::executeAction {menuPreShow} -in [gi::getWindows 4]
[17:04:06.36] /r giMenuAccess db::getNext [gi::getMenus saConsoleSimMenu -from [gi::getWindows 4]]
[17:04:07.56] /# gi::executeAction {saNetlistAndRun} -in [gi::getWindows 4]
[17:04:07.56] /i ::sa::_testSuite::isShowRunConfirmation 4 "isa::netlistAndRun" [sa::_utils::findRunMode 4]
[17:04:07.77] /i gi::setActiveDialog [gi::getDialogs {saRunConfirmationDialog} -parent [gi::getWindows 4]]
[17:04:07.91] /i db::setAttr geometry -of [gi::getDialogs {saRunConfirmationDialog} -parent [gi::getWindows 4]] -value 400x140+558+309
[17:04:08.24] /i gi::pressButton {yes} -in [gi::getDialogs {saRunConfirmationDialog} -parent [gi::getWindows 4]]
[17:04:08.35] /m Information: Started sharing "WaveView ADV" license. (WAVEFORM-110)
[17:04:08.35] /m Information: Started sharing "Primewave" license. (WAVEFORM-110)
[17:04:10.27] /r giDialog gi::setActiveDialog [gi::getDialogs {xtShowDesignsPrompt}]
[17:04:10.27] /r giDialog gi::setCurrentIndex {target} -index {0,0} -in [gi::getDialogs {xtShowDesignsPrompt}]
[17:04:10.34] /r giDialog db::setAttr geometry -of [gi::getDialogs {xtShowDesignsPrompt}] -value 564x289+476+248
[17:04:11.22] /r giDialog gi::pressButton {ok} -in [gi::getDialogs {xtShowDesignsPrompt}]
[17:04:11.65] /m Information: 
[17:04:11.65] /o Checking "group8/sram_6t_tb/schematic"
[17:04:11.66] /o No rule violations found in "group8/sram_6t_tb/schematic"
[17:04:11.70] /o No Design Integrity rule violations found in "group8/sram_6t_tb/schematic"
[17:04:11.70] /m Information: Checking process is completed: marking the design violations
[17:04:11.71] /m Information: Marking of designs is completed
[17:04:12.91] /m Information: Launching Simulation Server Process "cd /mnt/coe/workspace/ece/ece546-spr25/group8/group8_project && sh /mnt/coe/workspace/ece/ece546-spr25/group8/group8_project/synopsys_custom/sim_server/custom_compiler.hrajesh/stb.group8.sram_6t_tb.schematic.session0/runSimServer ". (PW_GUI-711)
[17:04:15.33] /# gi::setActiveDialog [gi::getDialogs {saRunConfirmationDialog} -parent [gi::getWindows 4]]
[17:04:15.82] /i db::setAttr geometry -of [gi::getDialogs {xtBgNRunProgress} -parent [gi::getWindows 4]] -value 438x65+518+393
[17:04:42.44] /i db::setAttr geometry -of [gi::getDialogs {xtBgNRunProgress} -parent [gi::getWindows 4]] -value 457x65+518+393
[17:04:47.04] /i db::setAttr geometry -of [gi::getDialogs {xtBgNRunProgress} -parent [gi::getWindows 4]] -value 457x65+518+393
[17:04:51.46] /i db::setAttr geometry -of [gi::getDialogs {xtBgNRunProgress} -parent [gi::getWindows 4]] -value 445x65+518+393
[17:04:52.53] /i db::setAttr geometry -of [gi::getDialogs {xtBgNRunProgress} -parent [gi::getWindows 4]] -value 431x68+518+393
[17:04:53.78] /i db::setAttr geometry -of [gi::getDialogs {xtBgNRunProgress} -parent [gi::getWindows 4]] -value 431x68+518+393
[17:05:33.16] /e Error: Simulation failed for design: group8/sram_6t_tb/schematic  (PW-653)
[17:05:44.60] /i gi::setActiveWindow 4
[17:05:44.60] /i gi::setActiveWindow 4 -raise true
[17:05:47.71] /i db::setAttr shown -of [gi::getAssistants giConsole -from [gi::getWindows 4]] -value false
[17:05:50.93] /i gi::pressButton {plotButton} -in [gi::getWindows 4]
[17:05:51.86] /i db::setAttr geometry -of [gi::getDialogs {saEvalExprProgressBar} -parent [gi::getWindows 4]] -value 317x45+400+420
[17:05:51.87] /i gi::setActiveDialog [gi::getDialogs {saEvalExprProgressBar} -parent [gi::getWindows 4]]
[17:05:52.15] /i db::setAttr geometry -of [gi::getDialogs {saEvalExprProgressBar} -parent [gi::getWindows 4]] -value 349x45+400+420
[17:05:56.39] /m Information: Jobs distribution master quit! (PW_GUI-822)
[17:05:58.34] /m Information: Launching Background pw_shell Server Process "cd /mnt/coe/workspace/ece/ece546-spr25/group8/group8_project && primewave -gui 0 -uniqueString 424077b79e1069ee4664ba510ad633bb4d49f0484e1ba41a3b3a965d3326affaac8b4bdeddb0f324d85d0ad475682c01 -python 0  -log pw_shell_session0_job3 -libDefFile /mnt/coe/workspace/ece/ece546-spr25/group8/group8_project/lib.defs". (PW_GUI-174)
[17:05:58.41] /m Information: Evaluating and plotting completed for testbench: HSPICE_default in 7s
[17:06:07.06] /i gi::setItemSelection {outputsTable} -index {} -in [gi::getWindows 4]
[17:06:08.30] /i gi::setCurrentIndex {outputsTable} -index {5,1} -in [gi::getWindows 4]
[17:06:08.30] /i gi::setItemSelection {outputsTable} -index {} -in [gi::getWindows 4]
[17:06:08.65] /i gi::setItemSelection {outputsTable} -index {4,1} -in [gi::getWindows 4]
[17:06:08.65] /i gi::setCurrentIndex {outputsTable} -index {4,1} -in [gi::getWindows 4]
[17:06:08.69] /i gi::setItemSelection {outputsTable} -index {3,1 4,1} -in [gi::getWindows 4]
[17:06:08.69] /i gi::setCurrentIndex {outputsTable} -index {3,1} -in [gi::getWindows 4]
[17:06:08.73] /i gi::setItemSelection {outputsTable} -index {2,1 3,1 4,1} -in [gi::getWindows 4]
[17:06:08.73] /i gi::setCurrentIndex {outputsTable} -index {2,1} -in [gi::getWindows 4]
[17:06:08.80] /i gi::setItemSelection {outputsTable} -index {1,1 2,1 3,1 4,1} -in [gi::getWindows 4]
[17:06:08.80] /i gi::setCurrentIndex {outputsTable} -index {1,1} -in [gi::getWindows 4]
[17:06:09.37] /i gi::setItemSelection {outputsTable} -index {0,1 1,1 2,1 3,1 4,1} -in [gi::getWindows 4]
[17:06:09.37] /i gi::setCurrentIndex {outputsTable} -index {0,1} -in [gi::getWindows 4]
[17:06:10.12] /# gi::executeAction {saDelete} -in [gi::getWindows 4]
[17:06:10.12] /i sa::deleteSelected -window 4
[17:06:10.13] /i gi::setCurrentIndex {outputsTable} -index {0,0} -in [gi::getWindows 4]
[17:06:10.13] /i gi::setItemSelection {outputsTable} -index {} -in [gi::getWindows 4]
[17:06:12.37] /i gi::executeAction {menuPreShow} -in [gi::getWindows 4]
[17:06:12.37] /r giMenuAccess db::getNext [gi::getMenus saConsoleOutputsMenu -from [gi::getWindows 4]]
[17:06:14.92] /# gi::executeAction {saSelectInDesign} -in [gi::getWindows 4]
[17:06:14.92] /i sa::selectOutputs -window 4 -useCustomColors true 
[17:06:20.92] /m Information: Received ready-for-commands signal from background job "pw_shell_session0_job3" after 22 seconds. (PW_GUI-172)
[17:06:24.85] /# gi::executeAction {deAddPoint} -in [gi::getWindows 7]
[17:06:24.85] /i de::addPoint {2.45625 2.4375} -context [db::getNext [de::getContexts -window 7]]
[17:06:26.90] /# gi::executeAction {deAddPoint} -in [gi::getWindows 7]
[17:06:26.90] /i de::addPoint {2.48125 2.3} -context [db::getNext [de::getContexts -window 7]]
[17:06:29.76] /# gi::executeAction {deAddPoint} -in [gi::getWindows 7]
[17:06:29.76] /i de::addPoint {4.23125 2.38125} -context [db::getNext [de::getContexts -window 7]]
[17:06:37.49] /# gi::executeAction {deAddPoint} -in [gi::getWindows 7]
[17:06:37.49] /i de::addPoint {3.3875 2.43125} -context [db::getNext [de::getContexts -window 7]]
[17:06:37.70] /# gi::executeAction {deCompleteShape} -in [gi::getWindows 7]
[17:06:37.70] /i de::completeShape -context [db::getNext [de::getContexts -window 7]]
[17:06:37.97] /# Navigating to group8/sram_6t/schematic (I0)
[17:06:37.98] /r giWindowGeometry 1305x777
[17:06:48.18] /# gi::executeAction {deAddPoint} -in [gi::getWindows 7]
[17:06:48.18] /i de::addPoint {1.9375 1.69375} -context [db::getNext [de::getContexts -window 7]]
[17:06:52.06] /# gi::executeAction {deAddPoint} -in [gi::getWindows 7]
[17:06:52.06] /i de::addPoint {3.8875 1.7875} -context [db::getNext [de::getContexts -window 7]]
[17:06:56.91] /# gi::executeAction {deAbortCommand} -in [gi::getWindows 7]
[17:06:56.91] /i de::abortCommand -context [db::getNext [de::getContexts -window 7]]
[17:07:03.88] /i gi::executeAction {menuPreShow} -in [gi::getWindows 4]
[17:07:03.88] /r giMenuAccess db::getNext [gi::getMenus saConsoleSimMenu -from [gi::getWindows 4]]
[17:07:05.34] /# gi::executeAction {saNetlistAndRun} -in [gi::getWindows 4]
[17:07:05.35] /i ::sa::_testSuite::isShowRunConfirmation 4 "isa::netlistAndRun" [sa::_utils::findRunMode 4]
[17:07:05.54] /i gi::setActiveDialog [gi::getDialogs {saRunConfirmationDialog} -parent [gi::getWindows 4]]
[17:07:05.70] /i db::setAttr geometry -of [gi::getDialogs {saRunConfirmationDialog} -parent [gi::getWindows 4]] -value 400x140+558+309
[17:07:08.68] /i gi::pressButton {yes} -in [gi::getDialogs {saRunConfirmationDialog} -parent [gi::getWindows 4]]
[17:07:13.19] /i db::setAttr geometry -of [gi::getDialogs {xtBgNRunProgress} -parent [gi::getWindows 4]] -value 438x65+518+393
[17:07:13.19] /i gi::setActiveDialog [gi::getDialogs {xtBgNRunProgress} -parent [gi::getWindows 4]]
[17:07:16.32] /i db::setAttr geometry -of [gi::getDialogs {xtBgNRunProgress} -parent [gi::getWindows 4]] -value 457x65+518+393
[17:07:20.25] /i db::setAttr geometry -of [gi::getDialogs {xtBgNRunProgress} -parent [gi::getWindows 4]] -value 445x65+518+393
[17:07:24.32] /i db::setAttr geometry -of [gi::getDialogs {xtBgNRunProgress} -parent [gi::getWindows 4]] -value 386x65+518+393
[17:07:25.35] /i db::setAttr geometry -of [gi::getDialogs {xtBgNRunProgress} -parent [gi::getWindows 4]] -value 431x68+518+393
[17:08:04.55] /e Error: Simulation failed for design: group8/sram_6t_tb/schematic  (PW-653)
[17:08:16.23] /i gi::setActiveWindow 6
[17:08:16.23] /i gi::setActiveWindow 6 -raise true
[17:08:30.26] /i gi::setActiveWindow 2
[17:08:30.26] /i gi::setActiveWindow 2 -raise true
[17:08:34.68] /i gi::setCurrentIndex {cells} -index {sram_6t} -in [gi::getWindows 2]
[17:08:34.97] /i gi::setItemSelection {cells} -index {sram_6t} -in [gi::getWindows 2]
[17:08:36.42] /i gi::setCurrentIndex {cells} -index {sram_6t_tb} -in [gi::getWindows 2]
[17:08:36.63] /i gi::setItemSelection {cells} -index {sram_6t_tb} -in [gi::getWindows 2]
[17:08:37.53] /i gi::setActiveWindow 4
[17:08:37.53] /i gi::setActiveWindow 4 -raise true
[17:08:39.38] /i gi::setActiveWindow 2
[17:08:39.38] /i gi::setActiveWindow 2 -raise true
[17:08:50.78] /i gi::setCurrentIndex {views} -index {schematic} -in [gi::getWindows 2]
[17:08:50.88] /i gi::setItemSelection {views} -index {schematic} -in [gi::getWindows 2]
[17:08:53.71] /i gi::setActiveWindow 4
[17:08:53.71] /i gi::setActiveWindow 4 -raise true
[17:08:55.57] /i gi::executeAction giCloseWindow -in [gi::getWindows 4]
[17:08:55.77] /r giDialog gi::setActiveDialog [gi::getDialogs {giPrompt} -parent [gi::getWindows 4]]
[17:08:55.95] /r giDialog db::setAttr geometry -of [gi::getDialogs {giPrompt} -parent [gi::getWindows 4]] -value 274x81+621+339
[17:08:59.38] /r giDialog gi::pressButton {discard} -in [gi::getDialogs {giPrompt} -parent [gi::getWindows 4]]
[17:08:59.64] /m Information: Sent exit command to CalculateEngine.
[17:08:59.64] /m Information: Sent exit command to WaveView.
[17:08:59.64] /m Information: Sent exit command to ResultsViewer.
[17:09:00.83] /m Information: Send exit command to simulation server process stb.group8.sram_6t_tb.schematic.session0. (PW_GUI-979)
[17:09:00.88] /m Information: Stopped sharing "Primewave" license. (WAVEFORM-111)
[17:09:00.88] /m Information: Stopped sharing "WaveView ADV" license. (WAVEFORM-111)
[17:09:00.88] /m Information: Feature 'SynopsysCustomSAE' checked in. (LICENSE-004)
[17:09:02.52] /m Information: Waveform viewer exited normally.
[17:09:02.53] /m Information: ResultsView exited normally.
[17:09:02.81] /m Information: Stopping query due to no running simulation server process. (PW_GUI-710)
[17:09:08.29] /i gi::executeAction {sePropertyEditorToggle} -in [gi::getWindows 7]
[17:09:08.29] /# db::setAttr shown -of [gi::getAssistants dePropertyEditor -from [gi::getWindows 7]] -value true
[17:09:09.11] /i db::setAttr geometry -of [gi::getAssistants dePropertyEditor -from [gi::getWindows 7]] -value 395x845+0+0
[17:09:10.17] /i db::setAttr geometry -of [gi::getAssistants dePropertyEditor -from [gi::getWindows 7]] -value 395x856+899+25
[17:09:11.05] /i db::setAttr shown -of [gi::getAssistants dePropertyEditor -from [gi::getWindows 7]] -value false
[17:09:11.75] /# gi::executeAction {deReturn} -in [gi::getWindows 7]
[17:09:11.75] /i de::return [db::getNext [de::getContexts -window 7]] -errorOnFail false
[17:09:12.12] /# Navigating to group8/sram_6t_tb/schematic
[17:09:12.12] /r giWindowGeometry 1305x777
[17:09:14.05] /# gi::executeAction {deSelectActive} -in [gi::getWindows 7]
[17:09:14.05] /i de::deselectAll [db::getNext [de::getContexts -window 7]]
[17:09:14.05] /i de::deselectAllLogic -context [de::getContexts -filter {%editDesign==[db::getAttr editDesign -of [db::getNext [de::getContexts -window 7]]]}]
[17:09:14.05] /# gi::executeAction {deReturn} -in [gi::getWindows 7]
[17:09:14.05] /i de::return [db::getNext [de::getContexts -window 7]] -errorOnFail false
[17:09:14.06] /m Information: Context is already at top. (DESIGN-713)
[17:09:15.76] /# gi::executeAction {deSelectActive} -in [gi::getWindows 7]
[17:09:15.76] /i de::deselectAllLogic -context [de::getContexts -filter {%editDesign==[db::getAttr editDesign -of [db::getNext [de::getContexts -window 7]]]}]
[17:09:20.63] /# gi::executeAction {seSchCheckAndSave} -in [gi::getWindows 7]
[17:09:20.63] /i  ::startup::_checkAndSave 
[17:09:20.77] /m Information: 
[17:09:20.77] /o Checking "group8/sram_6t_tb/schematic"
[17:09:20.78] /o No rule violations found in "group8/sram_6t_tb/schematic"
[17:09:20.78] /m Information: Checking process is completed: marking the design violations
[17:09:20.78] /m Information: Marking of designs is completed
[17:09:29.92] /i gi::executeAction {seShowConsoleForWindow} -in [gi::getWindows 7]
[17:09:30.41] /m Information: Feature 'SynopsysCustomSAE' checked out. (LICENSE-003)
[17:09:30.46] /m Information: Started sharing "WaveView ADV" license. (WAVEFORM-110)
[17:09:30.46] /m Information: Started sharing "Primewave" license. (WAVEFORM-110)
[17:09:30.64] /r giWindowId 9
[17:09:30.68] /r giWindowGeometry 600x500
[17:09:30.99] /r giWindowGeometry 600x500
[17:09:31.75] /m Information: Launching Background pw_shell Server Process "cd /mnt/coe/workspace/ece/ece546-spr25/group8/group8_project && primewave -gui 0 -uniqueString 424077b79e1069ee4664ba510ad633bb4d49f0484e1ba41a3b3a965d3326affaac8b4bdeddb0f32499395c8034e7ab8d -python 0  -log pw_shell_session1_job1 -libDefFile /mnt/coe/workspace/ece/ece546-spr25/group8/group8_project/lib.defs". (PW_GUI-174)
[17:09:32.08] /m Information: Launching Simulation Server Process "cd /mnt/coe/workspace/ece/ece546-spr25/group8/group8_project && sh /mnt/coe/workspace/ece/ece546-spr25/group8/group8_project/synopsys_custom/sim_server/custom_compiler.hrajesh/stb.group8.sram_6t_tb.schematic.session1/runSimServer ". (PW_GUI-711)
[17:09:32.40] /m Information: Launching Waveform Viewer "cd /mnt/coe/workspace/ece/ece546-spr25/group8/group8_project/synopsys_custom &&  /mnt/apps/public/COE/synopsys_apps/primewave/W-2024.09-SP1-2/bin/../auxx/auxx_for_cc/../../linux64/swv/bin/swv  -bg_gui -k -cdesigner -ptype wv -spxkey /mnt/apps/public/COE/synopsys_apps/primewave/W-2024.09-SP1-2/auxx/auxx_for_cc/waveform/sae.spxkey -spxrc /tmp/tmp_sae_spxrc_7lKDwE -unique_string 424077b79e1069ee4664ba510ad633bb4d49f0484e1ba41a3b3a965d3326affaac8b4bdeddb0f3240afcc35d866e0d08 -lic_type 2   -parent_cc_pid 2701863  > /mnt/coe/workspace/ece/ece546-spr25/group8/group8_project/synopsys_custom/viewer.log 2>&1"
[17:09:32.76] /m Information: Launching Result Viewer "cd /mnt/coe/workspace/ece/ece546-spr25/group8/group8_project/synopsys_custom &&  /mnt/apps/public/COE/synopsys_apps/primewave/W-2024.09-SP1-2/bin/../auxx/auxx_for_cc/../../linux64/swv/bin/swv  -bg_gui -log rvcmd.log -ptype rv -k -cdesigner -parent_cc_pid 2701863 -spxkey /mnt/apps/public/COE/synopsys_apps/primewave/W-2024.09-SP1-2/auxx/auxx_for_cc/waveform/sae.spxkey -unique_string 424077b79e1069ee4664ba510ad633bb4d49f0484e1ba41a3b3a965d3326affaac8b4bdeddb0f3240afcc35d866e0d08 -lic_type 2    > /mnt/coe/workspace/ece/ece546-spr25/group8/group8_project/synopsys_custom/rviewer.log 2>&1"
[17:09:36.00] /i gi::executeAction {menuPreShow} -in [gi::getWindows 9]
[17:09:36.00] /r giMenuAccess db::getNext [gi::getMenus saVariablesMenu -from [gi::getWindows 9]]
[17:09:38.64] /# gi::executeAction {saAddCellViewVariableAction} -in [gi::getWindows 9]
[17:09:38.64] /i ::sa::_utils::addCellVariable1 [sa::findActiveTestbench -window 9]
[17:09:42.43] /i gi::setActiveWindow 9
[17:09:42.43] /i gi::setActiveWindow 9 -raise true
[17:09:43.60] /i gi::executeAction {menuPreShow} -in [gi::getWindows 9]
[17:09:43.60] /r giMenuAccess db::getNext [gi::getMenus saVariablesMenu -from [gi::getWindows 9]]
[17:09:46.46] /# gi::executeAction {saCopyDesVarsFromDesign} -in [gi::getWindows 9]
[17:09:46.46] /i sa::copyDesVars -window 9
[17:09:48.39] /i gi::setCurrentIndex {variablesTable} -index {1,1} -in [gi::getWindows 9]
[17:09:48.39] /i gi::setItemSelection {variablesTable} -index {1,1} -in [gi::getWindows 9]
[17:09:48.39] /i gi::setItemSelection {variablesTable} -index {1,1} -in [gi::getWindows 9]
[17:09:50.58] /i gi::setField {variablesTable} -index {1,1} -value {0.8} -in [gi::getWindows 9]
[17:09:50.71] /i gi::setItemSelection {variablesTable} -index {} -in [gi::getWindows 9]
[17:09:50.71] /i gi::setItemSelection {variablesTable} -index {} -in [gi::getWindows 9]
[17:09:51.90] /i gi::executeAction {menuPreShow} -in [gi::getWindows 9]
[17:09:51.90] /r giMenuAccess db::getNext [gi::getMenus saConsoleOutputsMenu -from [gi::getWindows 9]]
[17:09:53.50] /# gi::executeAction {saSelectInDesign} -in [gi::getWindows 9]
[17:09:53.50] /i sa::selectOutputs -window 9 -useCustomColors true 
[17:09:56.16] /m Information: Received ready-for-commands signal from background job "pw_shell_session1_job1" after 24 seconds. (PW_GUI-172)
[17:09:57.96] /# gi::executeAction {deAddPoint} -in [gi::getWindows 7]
[17:09:57.96] /i de::addPoint {2.34375 2.43125} -context [db::getNext [de::getContexts -window 7]]
[17:09:59.43] /# gi::executeAction {deAddPoint} -in [gi::getWindows 7]
[17:09:59.43] /i de::addPoint {2.425 2.29375} -context [db::getNext [de::getContexts -window 7]]
[17:10:01.36] /# gi::executeAction {deAddPoint} -in [gi::getWindows 7]
[17:10:01.36] /i de::addPoint {4.275 2.36875} -context [db::getNext [de::getContexts -window 7]]
[17:10:04.70] /# gi::executeAction {deAddPoint} -in [gi::getWindows 7]
[17:10:04.70] /i de::addPoint {3.3625 2.6375} -context [db::getNext [de::getContexts -window 7]]
[17:10:04.89] /# gi::executeAction {deCompleteShape} -in [gi::getWindows 7]
[17:10:04.89] /i de::completeShape -context [db::getNext [de::getContexts -window 7]]
[17:10:05.09] /# Navigating to group8/sram_6t/schematic (I0)
[17:10:05.09] /r giWindowGeometry 1305x777
[17:10:11.36] /# gi::executeAction {deAddPoint} -in [gi::getWindows 7]
[17:10:11.36] /i de::addPoint {1.60625 1.80625} -context [db::getNext [de::getContexts -window 7]]
[17:10:14.00] /# gi::executeAction {deAddPoint} -in [gi::getWindows 7]
[17:10:14.00] /i de::addPoint {4.11875 1.6625} -context [db::getNext [de::getContexts -window 7]]
[17:10:16.39] /i gi::setActiveWindow 9
[17:10:16.39] /i gi::setActiveWindow 9 -raise true
[17:10:20.00] /# gi::executeAction {saShowEditAnalyses} -in [gi::getWindows 9]
[17:10:20.00] /i sa::showEditAnalyses -parent 9 -analysisName "" 
[17:10:21.06] /i gi::setActiveDialog [gi::getDialogs {saEditAnalysesDialogXsaeSession1} -parent [gi::getWindows 9]]
[17:10:21.91] /i db::setAttr geometry -of [gi::getDialogs {saEditAnalysesDialogXsaeSession1} -parent [gi::getWindows 9]] -value 680x789+600+50
[17:10:22.39] /i db::setAttr geometry -of [gi::getDialogs {saEditAnalysesDialogXsaeSession1} -parent [gi::getWindows 9]] -value 680x845+600+50
[17:10:28.15] /i gi::setField {/analysesGroups/tabGeneral/anaPane/step} -value {0.1p} -in [gi::getDialogs {saEditAnalysesDialogXsaeSession1} -parent [gi::getWindows 9]]
[17:10:34.19] /i gi::setField {/analysesGroups/tabGeneral/anaPane/stop} -value {200p} -in [gi::getDialogs {saEditAnalysesDialogXsaeSession1} -parent [gi::getWindows 9]]
[17:10:34.19] /i gi::pressButton {/ok} -in [gi::getDialogs {saEditAnalysesDialogXsaeSession1} -parent [gi::getWindows 9]]
[17:10:34.41] /o false
[17:10:38.74] /i gi::setActiveWindow 7
[17:10:38.74] /i gi::setActiveWindow 7 -raise true
[17:10:40.27] /# gi::executeAction {deReturn} -in [gi::getWindows 7]
[17:10:40.27] /i de::return [db::getNext [de::getContexts -window 7]] -errorOnFail false
[17:10:40.55] /# Navigating to group8/sram_6t_tb/schematic
[17:10:40.56] /r giWindowGeometry 1305x777
[17:10:43.56] /# gi::executeAction {deSelectActive} -in [gi::getWindows 7]
[17:10:43.56] /i de::deselectAll [db::getNext [de::getContexts -window 7]]
[17:10:43.56] /i de::select [de::getActiveFigure [gi::getWindows 7] -point {3.2375 2.64375} -index 0 -intent none]
[17:10:43.56] /o oa:0x4a56e770
[17:10:45.74] /# gi::executeAction {deSelectActive} -in [gi::getWindows 7]
[17:10:45.74] /i de::deselectAll [db::getNext [de::getContexts -window 7]]
[17:10:45.74] /i de::select [de::getActiveFigure [gi::getWindows 7] -point {1.8875 2.84375} -index 0 -intent none]
[17:10:45.74] /o oa:0x4c4a0990
[17:10:46.72] /i gi::executeAction {sePropertyEditorToggle} -in [gi::getWindows 7]
[17:10:46.72] /# db::setAttr shown -of [gi::getAssistants dePropertyEditor -from [gi::getWindows 7]] -value true
[17:10:51.32] /i db::setAttr geometry -of [gi::getAssistants dePropertyEditor -from [gi::getWindows 7]] -value 395x856+899+25
[17:10:57.68] /i db::setAttr shown -of [gi::getAssistants dePropertyEditor -from [gi::getWindows 7]] -value false
[17:11:04.74] /i gi::setActiveWindow 9
[17:11:04.74] /i gi::setActiveWindow 9 -raise true
[17:11:06.60] /i gi::executeAction {menuPreShow} -in [gi::getWindows 9]
[17:11:06.61] /r giMenuAccess db::getNext [gi::getMenus saConsoleSimMenu -from [gi::getWindows 9]]
[17:11:08.27] /# gi::executeAction {saNetlistAndRun} -in [gi::getWindows 9]
[17:11:08.27] /i ::sa::_testSuite::isShowRunConfirmation 9 "isa::netlistAndRun" [sa::_utils::findRunMode 9]
[17:11:08.43] /i gi::setActiveDialog [gi::getDialogs {saRunConfirmationDialog} -parent [gi::getWindows 9]]
[17:11:08.62] /i db::setAttr geometry -of [gi::getDialogs {saRunConfirmationDialog} -parent [gi::getWindows 9]] -value 400x140+558+309
[17:11:09.88] /i gi::pressButton {yes} -in [gi::getDialogs {saRunConfirmationDialog} -parent [gi::getWindows 9]]
[17:11:14.06] /i gi::setActiveDialog [gi::getDialogs {xtBgNRunProgress} -parent [gi::getWindows 9]]
[17:11:14.20] /i db::setAttr geometry -of [gi::getDialogs {xtBgNRunProgress} -parent [gi::getWindows 9]] -value 438x65+518+393
[17:11:17.32] /i db::setAttr geometry -of [gi::getDialogs {xtBgNRunProgress} -parent [gi::getWindows 9]] -value 438x65+518+393
[17:11:22.46] /i db::setAttr geometry -of [gi::getDialogs {xtBgNRunProgress} -parent [gi::getWindows 9]] -value 426x65+518+393
[17:11:27.22] /i db::setAttr geometry -of [gi::getDialogs {xtBgNRunProgress} -parent [gi::getWindows 9]] -value 386x65+518+393
[17:11:33.14] /r giWindowId 10
[17:11:33.20] /r giWindowGeometry 1024x768
[17:11:45.45] /i gi::setActiveWindow 5
[17:11:45.45] /i gi::setActiveWindow 5 -raise true
[17:12:10.53] /m Information: Simulation completed successfully for design: group8/sram_6t_tb/schematic  (PW-651)
[17:12:17.71] /m Information: Evaluating and plotting completed for testbench: default in 6s
[17:12:20.31] /m Information: Launching Background pw_shell Server Process "cd /mnt/coe/workspace/ece/ece546-spr25/group8/group8_project && primewave -gui 0 -uniqueString 424077b79e1069ee4664ba510ad633bb4d49f0484e1ba41a3b3a965d3326affaade50b249d956dcb29196e8a0d307fa2 -python 0  -log pw_shell_session1_job2 -libDefFile /mnt/coe/workspace/ece/ece546-spr25/group8/group8_project/lib.defs". (PW_GUI-174)
[17:12:20.50] /r giWindowId 11
[17:12:20.56] /r giWindowGeometry 1024x768
[17:12:21.40] /i db::setAttr geometry -of [gi::getFrames 2] -value 1024x792+190+64
[17:12:27.05] /i db::setAttr maximized -of [gi::getFrames 2] -value true
[17:12:27.33] /i db::setAttr geometry -of [gi::getFrames 2] -value 1536x770+0+46
[17:12:43.02] /m Information: Received ready-for-commands signal from background job "pw_shell_session1_job2" after 22 seconds. (PW_GUI-172)
[17:12:48.58] /i gi::executeAction giCloseWindow -in [gi::getWindows 11]
[17:12:48.71] /i gi::setActiveWindow 5
[17:12:48.71] /i gi::setActiveWindow 5 -raise true
[17:12:49.43] /m Information: Waveform viewer exited normally.
[17:12:49.78] /m Information: Launching Waveform Viewer "cd /mnt/coe/workspace/ece/ece546-spr25/group8/group8_project/synopsys_custom &&  /mnt/apps/public/COE/synopsys_apps/primewave/W-2024.09-SP1-2/bin/../auxx/auxx_for_cc/../../linux64/swv/bin/swv  -bg_gui -k -cdesigner -ptype wv -spxkey /mnt/apps/public/COE/synopsys_apps/primewave/W-2024.09-SP1-2/auxx/auxx_for_cc/waveform/sae.spxkey -spxrc /tmp/tmp_sae_spxrc_ganE0U -unique_string 424077b79e1069ee4664ba510ad633bb4d49f0484e1ba41a3b3a965d3326affaade50b249d956dcbd539de2bd4a54a1e -lic_type 2   -parent_cc_pid 2701863  > /mnt/coe/workspace/ece/ece546-spr25/group8/group8_project/synopsys_custom/viewer.log 2>&1"
[17:12:51.73] /i gi::setActiveWindow 9
[17:12:51.73] /i gi::setActiveWindow 9 -raise true
[17:12:53.82] /i gi::executeAction {menuPreShow} -in [gi::getWindows 9]
[17:12:53.82] /r giMenuAccess db::getNext [gi::getMenus saConsoleSessionMenu -from [gi::getWindows 9]]
[17:12:56.13] /# gi::executeAction {saSaveState} -in [gi::getWindows 9]
[17:12:56.13] /i sa::showSaveState -parent 9
[17:12:57.17] /i gi::setActiveDialog [gi::getDialogs {saShowSaveState} -parent [gi::getWindows 9]]
[17:12:57.42] /i db::setAttr geometry -of [gi::getDialogs {saShowSaveState} -parent [gi::getWindows 9]] -value 503x753+540+256
[17:13:01.64] /i gi::setField {/name} -value {HSPICE_default_2} -in [gi::getDialogs {saShowSaveState} -parent [gi::getWindows 9]]
[17:13:01.64] /i gi::pressButton {/ok} -in [gi::getDialogs {saShowSaveState} -parent [gi::getWindows 9]]
[17:13:04.30] /i gi::executeAction {menuPreShow} -in [gi::getWindows 9]
[17:13:04.30] /r giMenuAccess db::getNext [gi::getMenus saVariablesMenu -from [gi::getWindows 9]]
[17:13:05.08] /i gi::executeAction {menuPreShow} -in [gi::getWindows 9]
[17:13:05.08] /r giMenuAccess db::getNext [gi::getMenus saConsoleSetupMenu -from [gi::getWindows 9]]
[17:13:09.02] /# gi::executeAction {saEditConvergenceAids} -in [gi::getWindows 9]
[17:13:09.02] /i sa::showConvergenceAids -parent 9
[17:13:09.30] /i gi::setActiveDialog [gi::getDialogs {saConvergenceAidsSetup} -parent [gi::getWindows 9]]
[17:13:09.67] /i db::setAttr geometry -of [gi::getDialogs {saConvergenceAidsSetup} -parent [gi::getWindows 9]] -value 760x330+378+214
[17:13:11.45] /i gi::setCurrentIndex {Model} -index {0,2} -in [gi::getDialogs {saConvergenceAidsSetup} -parent [gi::getWindows 9]]
[17:13:15.44] /i gi::setField {Model} -index {0,2} -value {} -in [gi::getDialogs {saConvergenceAidsSetup} -parent [gi::getWindows 9]]
[17:13:15.44] /i gi::setField {Model} -index {0,2} -value {} -in [gi::getDialogs {saConvergenceAidsSetup} -parent [gi::getWindows 9]]
[17:13:19.75] /i gi::setCurrentIndex {Model} -index {0,3} -in [gi::getDialogs {saConvergenceAidsSetup} -parent [gi::getWindows 9]]
[17:13:21.19] /i gi::setField {Model} -index {0,3} -value {0} -in [gi::getDialogs {saConvergenceAidsSetup} -parent [gi::getWindows 9]]
[17:13:21.88] /i gi::setCurrentIndex {Model} -index {0,2} -in [gi::getDialogs {saConvergenceAidsSetup} -parent [gi::getWindows 9]]
[17:13:28.45] /i db::setAttr geometry -of [gi::getDialogs {saConvergenceAidsSetup} -parent [gi::getWindows 9]] -value 760x280+378+264
[17:13:30.06] /i db::setAttr geometry -of [gi::getDialogs {saConvergenceAidsSetup} -parent [gi::getWindows 9]] -value 760x280+811+258
[17:13:31.85] /# gi::executeAction {deAddPoint} -in [gi::getWindows 7]
[17:13:31.85] /i de::addPoint {2.425 2.43125} -context [db::getNext [de::getContexts -window 7]]
[17:13:32.04] /# gi::setField {Model} -index {0,2} -value {/BLB} -in [gi::getDialogs {saConvergenceAidsSetup} -parent [gi::getWindows 9]]
[17:13:35.32] /i db::setAttr geometry -of [gi::getDialogs {saConvergenceAidsSetup} -parent [gi::getWindows 9]] -value 760x280+2+280
[17:13:36.31] /# gi::executeAction {deAddPoint} -in [gi::getWindows 7]
[17:13:36.31] /i de::addPoint {4.2375 2.35} -context [db::getNext [de::getContexts -window 7]]
[17:13:36.52] /# gi::setField {Model} -index {1,2} -value {/BL} -in [gi::getDialogs {saConvergenceAidsSetup} -parent [gi::getWindows 9]]
[17:13:38.43] /# gi::executeAction {deAddPoint} -in [gi::getWindows 7]
[17:13:38.43] /i de::addPoint {3.50625 2.25} -context [db::getNext [de::getContexts -window 7]]
[17:13:38.60] /# gi::executeAction {deCompleteShape} -in [gi::getWindows 7]
[17:13:38.60] /i de::completeShape -context [db::getNext [de::getContexts -window 7]]
[17:13:38.86] /# Navigating to group8/sram_6t/schematic (I0)
[17:13:38.86] /r giWindowGeometry 1305x777
[17:13:43.16] /i db::setAttr geometry -of [gi::getDialogs {saConvergenceAidsSetup} -parent [gi::getWindows 9]] -value 760x280+499+130
[17:13:45.63] /# gi::executeAction {deAddPoint} -in [gi::getWindows 7]
[17:13:45.63] /i de::addPoint {1.59375 1.8} -context [db::getNext [de::getContexts -window 7]]
[17:13:46.15] /# gi::setField {Model} -index {2,2} -value {/I0/~Q} -in [gi::getDialogs {saConvergenceAidsSetup} -parent [gi::getWindows 9]]
[17:13:48.64] /# gi::executeAction {deAddPoint} -in [gi::getWindows 7]
[17:13:48.64] /i de::addPoint {4.23125 1.66875} -context [db::getNext [de::getContexts -window 7]]
[17:13:49.15] /# gi::setField {Model} -index {3,2} -value {/I0/Q} -in [gi::getDialogs {saConvergenceAidsSetup} -parent [gi::getWindows 9]]
[17:14:06.89] /i gi::setActiveWindow 9
[17:14:06.89] /i gi::setActiveWindow 9 -raise true
[17:14:11.50] /i gi::setCurrentIndex {Model} -index {0,3} -in [gi::getDialogs {saConvergenceAidsSetup} -parent [gi::getWindows 9]]
[17:14:11.50] /i gi::setItemSelection {Model} -index {0,3} -in [gi::getDialogs {saConvergenceAidsSetup} -parent [gi::getWindows 9]]
[17:14:20.70] /i gi::setField {Model} -index {0,3} -value {0} -in [gi::getDialogs {saConvergenceAidsSetup} -parent [gi::getWindows 9]]
[17:14:20.70] /i gi::setCurrentIndex {Model} -index {1,3} -in [gi::getDialogs {saConvergenceAidsSetup} -parent [gi::getWindows 9]]
[17:14:20.70] /i gi::setItemSelection {Model} -index {1,3} -in [gi::getDialogs {saConvergenceAidsSetup} -parent [gi::getWindows 9]]
[17:14:21.86] /i gi::setField {Model} -index {1,3} -value {0} -in [gi::getDialogs {saConvergenceAidsSetup} -parent [gi::getWindows 9]]
[17:14:21.86] /i gi::setCurrentIndex {Model} -index {0,3} -in [gi::getDialogs {saConvergenceAidsSetup} -parent [gi::getWindows 9]]
[17:14:21.86] /i gi::setItemSelection {Model} -index {0,3} -in [gi::getDialogs {saConvergenceAidsSetup} -parent [gi::getWindows 9]]
[17:14:24.90] /i gi::setField {Model} -index {0,3} -value {1} -in [gi::getDialogs {saConvergenceAidsSetup} -parent [gi::getWindows 9]]
[17:14:24.90] /i gi::setCurrentIndex {Model} -index {1,3} -in [gi::getDialogs {saConvergenceAidsSetup} -parent [gi::getWindows 9]]
[17:14:24.90] /i gi::setItemSelection {Model} -index {1,3} -in [gi::getDialogs {saConvergenceAidsSetup} -parent [gi::getWindows 9]]
[17:14:31.02] /i gi::setField {Model} -index {1,3} -value {0.8} -in [gi::getDialogs {saConvergenceAidsSetup} -parent [gi::getWindows 9]]
[17:14:31.03] /i gi::setCurrentIndex {Model} -index {0,3} -in [gi::getDialogs {saConvergenceAidsSetup} -parent [gi::getWindows 9]]
[17:14:31.03] /i gi::setItemSelection {Model} -index {0,3} -in [gi::getDialogs {saConvergenceAidsSetup} -parent [gi::getWindows 9]]
[17:14:35.19] /i gi::setField {Model} -index {0,3} -value {0} -in [gi::getDialogs {saConvergenceAidsSetup} -parent [gi::getWindows 9]]
[17:14:35.19] /i gi::setCurrentIndex {Model} -index {2,3} -in [gi::getDialogs {saConvergenceAidsSetup} -parent [gi::getWindows 9]]
[17:14:35.19] /i gi::setItemSelection {Model} -index {2,3} -in [gi::getDialogs {saConvergenceAidsSetup} -parent [gi::getWindows 9]]
[17:14:36.38] /i gi::setField {Model} -index {2,3} -value {0} -in [gi::getDialogs {saConvergenceAidsSetup} -parent [gi::getWindows 9]]
[17:14:36.38] /i gi::setCurrentIndex {Model} -index {3,3} -in [gi::getDialogs {saConvergenceAidsSetup} -parent [gi::getWindows 9]]
[17:14:36.38] /i gi::setItemSelection {Model} -index {3,3} -in [gi::getDialogs {saConvergenceAidsSetup} -parent [gi::getWindows 9]]
[17:14:39.24] /i gi::setField {Model} -index {3,3} -value {0} -in [gi::getDialogs {saConvergenceAidsSetup} -parent [gi::getWindows 9]]
[17:14:39.24] /i gi::setCurrentIndex {Model} -index {2,3} -in [gi::getDialogs {saConvergenceAidsSetup} -parent [gi::getWindows 9]]
[17:14:39.24] /i gi::setItemSelection {Model} -index {2,3} -in [gi::getDialogs {saConvergenceAidsSetup} -parent [gi::getWindows 9]]
[17:14:42.24] /i gi::setField {Model} -index {2,3} -value {0} -in [gi::getDialogs {saConvergenceAidsSetup} -parent [gi::getWindows 9]]
[17:14:42.24] /i gi::setCurrentIndex {Model} -index {3,3} -in [gi::getDialogs {saConvergenceAidsSetup} -parent [gi::getWindows 9]]
[17:14:42.24] /i gi::setItemSelection {Model} -index {3,3} -in [gi::getDialogs {saConvergenceAidsSetup} -parent [gi::getWindows 9]]
[17:14:45.69] /i gi::setField {Model} -index {3,3} -value {0.8} -in [gi::getDialogs {saConvergenceAidsSetup} -parent [gi::getWindows 9]]
[17:14:45.98] /i gi::pressButton {ok} -in [gi::getDialogs {saConvergenceAidsSetup} -parent [gi::getWindows 9]]
[17:14:50.31] /i gi::executeAction {menuPreShow} -in [gi::getWindows 9]
[17:14:50.31] /r giMenuAccess db::getNext [gi::getMenus saConsoleSetupMenu -from [gi::getWindows 9]]
[17:14:53.21] /# gi::executeAction {saEditConvergenceAids} -in [gi::getWindows 9]
[17:14:53.21] /i sa::showConvergenceAids -parent 9
[17:14:53.48] /i gi::setActiveDialog [gi::getDialogs {saConvergenceAidsSetup} -parent [gi::getWindows 9]]
[17:14:53.59] /i db::setAttr geometry -of [gi::getDialogs {saConvergenceAidsSetup} -parent [gi::getWindows 9]] -value 760x280+499+130
[17:14:57.20] /i gi::pressButton {ok} -in [gi::getDialogs {saConvergenceAidsSetup} -parent [gi::getWindows 9]]
[17:15:01.77] /i gi::executeAction {menuPreShow} -in [gi::getWindows 9]
[17:15:01.77] /r giMenuAccess db::getNext [gi::getMenus saConsoleSimMenu -from [gi::getWindows 9]]
[17:15:03.20] /# gi::executeAction {saNetlistAndRun} -in [gi::getWindows 9]
[17:15:03.20] /i ::sa::_testSuite::isShowRunConfirmation 9 "isa::netlistAndRun" [sa::_utils::findRunMode 9]
[17:15:03.41] /i gi::setActiveDialog [gi::getDialogs {saRunConfirmationDialog} -parent [gi::getWindows 9]]
[17:15:03.52] /i db::setAttr geometry -of [gi::getDialogs {saRunConfirmationDialog} -parent [gi::getWindows 9]] -value 400x140+558+309
[17:15:05.02] /i gi::pressButton {yes} -in [gi::getDialogs {saRunConfirmationDialog} -parent [gi::getWindows 9]]
[17:15:09.23] /i db::setAttr geometry -of [gi::getDialogs {xtBgNRunProgress} -parent [gi::getWindows 9]] -value 438x65+518+393
[17:15:09.23] /i gi::setActiveDialog [gi::getDialogs {xtBgNRunProgress} -parent [gi::getWindows 9]]
[17:15:12.36] /i db::setAttr geometry -of [gi::getDialogs {xtBgNRunProgress} -parent [gi::getWindows 9]] -value 465x65+518+393
[17:15:16.27] /i db::setAttr geometry -of [gi::getDialogs {xtBgNRunProgress} -parent [gi::getWindows 9]] -value 453x65+518+393
[17:15:20.06] /i db::setAttr geometry -of [gi::getDialogs {xtBgNRunProgress} -parent [gi::getWindows 9]] -value 386x65+518+393
[17:16:02.96] /m Information: Simulation completed successfully for design: group8/sram_6t_tb/schematic  (PW-651)
[17:16:09.80] /m Information: Evaluating and plotting completed for testbench: HSPICE_default_2 in 6s
[17:16:11.76] /r giWindowId 12
[17:16:11.81] /r giWindowGeometry 1024x768
[17:16:12.79] /i db::setAttr geometry -of [gi::getFrames 3] -value 1024x792+34+64
[17:16:19.53] /i db::setAttr maximized -of [gi::getFrames 3] -value true
[17:16:19.92] /i db::setAttr geometry -of [gi::getFrames 3] -value 1536x770+0+46
[17:17:23.97] /i gi::executeAction giCloseWindow -in [gi::getWindows 12]
[17:17:24.25] /i gi::setActiveWindow 5
[17:17:24.25] /i gi::setActiveWindow 5 -raise true
[17:17:24.82] /m Information: Waveform viewer exited normally.
[17:17:25.17] /m Information: Launching Waveform Viewer "cd /mnt/coe/workspace/ece/ece546-spr25/group8/group8_project/synopsys_custom &&  /mnt/apps/public/COE/synopsys_apps/primewave/W-2024.09-SP1-2/bin/../auxx/auxx_for_cc/../../linux64/swv/bin/swv  -bg_gui -k -cdesigner -ptype wv -spxkey /mnt/apps/public/COE/synopsys_apps/primewave/W-2024.09-SP1-2/auxx/auxx_for_cc/waveform/sae.spxkey -spxrc /tmp/tmp_sae_spxrc_q4QsOF -unique_string 424077b79e1069ee4664ba510ad633bb4d49f0484e1ba41a3b3a965d3326affaade50b249d956dcb34d48921782318a1 -lic_type 2   -parent_cc_pid 2701863  > /mnt/coe/workspace/ece/ece546-spr25/group8/group8_project/synopsys_custom/viewer.log 2>&1"
[17:17:29.36] /i gi::executeAction giCloseWindow -in [gi::getWindows 5]
[17:17:34.87] /i gi::executeAction {menuPreShow} -in [gi::getWindows 9]
[17:17:34.87] /r giMenuAccess db::getNext [gi::getMenus saVariablesMenu -from [gi::getWindows 9]]
[17:17:35.94] /i gi::executeAction {menuPreShow} -in [gi::getWindows 9]
[17:17:35.94] /r giMenuAccess db::getNext [gi::getMenus saConsoleSetupMenu -from [gi::getWindows 9]]
[17:17:42.79] /# gi::executeAction {saEditConvergenceAids} -in [gi::getWindows 9]
[17:17:42.79] /i sa::showConvergenceAids -parent 9
[17:17:43.05] /i gi::setActiveDialog [gi::getDialogs {saConvergenceAidsSetup} -parent [gi::getWindows 9]]
[17:17:43.13] /i db::setAttr geometry -of [gi::getDialogs {saConvergenceAidsSetup} -parent [gi::getWindows 9]] -value 760x280+499+130
[17:17:45.40] /i gi::setCurrentIndex {Model} -index {0,3} -in [gi::getDialogs {saConvergenceAidsSetup} -parent [gi::getWindows 9]]
[17:17:45.40] /i gi::setItemSelection {Model} -index {0,3} -in [gi::getDialogs {saConvergenceAidsSetup} -parent [gi::getWindows 9]]
[17:17:52.43] /i gi::setField {Model} -index {0,3} -value {0.8} -in [gi::getDialogs {saConvergenceAidsSetup} -parent [gi::getWindows 9]]
[17:17:52.43] /i gi::setCurrentIndex {Model} -index {2,3} -in [gi::getDialogs {saConvergenceAidsSetup} -parent [gi::getWindows 9]]
[17:17:52.43] /i gi::setItemSelection {Model} -index {2,3} -in [gi::getDialogs {saConvergenceAidsSetup} -parent [gi::getWindows 9]]
[17:17:56.27] /i gi::setField {Model} -index {2,3} -value {} -in [gi::getDialogs {saConvergenceAidsSetup} -parent [gi::getWindows 9]]
[17:17:56.36] /i gi::setField {Model} -index {2,0} -value {false} -in [gi::getDialogs {saConvergenceAidsSetup} -parent [gi::getWindows 9]]
[17:17:57.13] /m Information: Feature 'SynopsysCustomSAE' checked in. (LICENSE-004)
[17:17:57.13] /m Information: Stopped sharing "Primewave" license. (WAVEFORM-111)
[17:17:57.13] /m Information: Stopped sharing "WaveView ADV" license. (WAVEFORM-111)
[17:17:57.21] /m Information: Send exit command to simulation server process stb.group8.sram_6t_tb.schematic.session1. (PW_GUI-979)
[17:17:58.62] /m Information: Stopping query due to no running simulation server process. (PW_GUI-710)
[17:17:59.35] /i gi::pressButton {ok} -in [gi::getDialogs {saConvergenceAidsSetup} -parent [gi::getWindows 9]]
[17:17:59.37] /m Information: Feature 'SynopsysCustomSAE' checked out. (LICENSE-003)
[17:18:01.35] /i gi::executeAction {menuPreShow} -in [gi::getWindows 9]
[17:18:01.35] /r giMenuAccess db::getNext [gi::getMenus saConsoleSimMenu -from [gi::getWindows 9]]
[17:18:02.78] /# gi::executeAction {saNetlistAndRun} -in [gi::getWindows 9]
[17:18:02.78] /i ::sa::_testSuite::isShowRunConfirmation 9 "isa::netlistAndRun" [sa::_utils::findRunMode 9]
[17:18:03.00] /i gi::setActiveDialog [gi::getDialogs {saRunConfirmationDialog} -parent [gi::getWindows 9]]
[17:18:03.12] /i db::setAttr geometry -of [gi::getDialogs {saRunConfirmationDialog} -parent [gi::getWindows 9]] -value 400x140+558+309
[17:18:04.55] /i gi::pressButton {yes} -in [gi::getDialogs {saRunConfirmationDialog} -parent [gi::getWindows 9]]
[17:18:04.68] /m Information: Started sharing "WaveView ADV" license. (WAVEFORM-110)
[17:18:04.68] /m Information: Started sharing "Primewave" license. (WAVEFORM-110)
[17:18:06.36] /r giWindowId 13
[17:18:06.40] /r giWindowGeometry 800x600
[17:18:06.94] /m Information: Launching Simulation Server Process "cd /mnt/coe/workspace/ece/ece546-spr25/group8/group8_project && sh /mnt/coe/workspace/ece/ece546-spr25/group8/group8_project/synopsys_custom/sim_server/custom_compiler.hrajesh/stb.group8.sram_6t_tb.schematic.session1/runSimServer ". (PW_GUI-711)
[17:18:09.92] /i db::setAttr geometry -of [gi::getDialogs {xtBgNRunProgress} -parent [gi::getWindows 9]] -value 426x65+518+393
[17:18:35.15] /i db::setAttr geometry -of [gi::getDialogs {xtBgNRunProgress} -parent [gi::getWindows 9]] -value 465x65+518+393
[17:18:39.65] /i db::setAttr geometry -of [gi::getDialogs {xtBgNRunProgress} -parent [gi::getWindows 9]] -value 453x65+518+393
[17:18:44.13] /i db::setAttr geometry -of [gi::getDialogs {xtBgNRunProgress} -parent [gi::getWindows 9]] -value 453x65+518+393
[17:18:45.42] /i db::setAttr geometry -of [gi::getDialogs {xtBgNRunProgress} -parent [gi::getWindows 9]] -value 439x68+518+393
[17:18:46.36] /i db::setAttr geometry -of [gi::getDialogs {xtBgNRunProgress} -parent [gi::getWindows 9]] -value 454x68+518+393
[17:19:27.86] /m Information: Simulation completed successfully for design: group8/sram_6t_tb/schematic  (PW-651)
[17:19:35.79] /m Information: Evaluating and plotting completed for testbench: HSPICE_default_2 in 7s
[17:19:37.95] /m Information: Launching Background pw_shell Server Process "cd /mnt/coe/workspace/ece/ece546-spr25/group8/group8_project && primewave -gui 0 -uniqueString 424077b79e1069ee4664ba510ad633bb4d49f0484e1ba41a3b3a965d3326affaade50b249d956dcba155a09dc9b7af73 -python 0  -log pw_shell_session1_job3 -libDefFile /mnt/coe/workspace/ece/ece546-spr25/group8/group8_project/lib.defs". (PW_GUI-174)
[17:19:38.14] /r giWindowId 14
[17:19:38.20] /r giWindowGeometry 1024x768
[17:19:39.11] /i db::setAttr geometry -of [gi::getFrames 4] -value 1024x792+60+64
[17:19:43.47] /i db::setAttr maximized -of [gi::getFrames 4] -value true
[17:19:43.76] /i db::setAttr geometry -of [gi::getFrames 4] -value 1536x770+0+46
[17:20:00.52] /m Information: Received ready-for-commands signal from background job "pw_shell_session1_job3" after 23 seconds. (PW_GUI-172)
[17:20:25.79] /i gi::setActiveWindow 13
[17:20:25.79] /i gi::setActiveWindow 13 -raise true
[17:20:32.98] /i gi::setActiveWindow 9
[17:20:32.98] /i gi::setActiveWindow 9 -raise true
[17:20:34.79] /# gi::executeAction {saSaveState} -in [gi::getWindows 9]
[17:20:34.79] /i sa::showSaveState -parent 9
[17:20:36.18] /i gi::setActiveDialog [gi::getDialogs {saShowSaveState} -parent [gi::getWindows 9]]
[17:20:36.68] /i db::setAttr geometry -of [gi::getDialogs {saShowSaveState} -parent [gi::getWindows 9]] -value 503x753+540+256
[17:20:38.05] /i gi::pressButton {/ok} -in [gi::getDialogs {saShowSaveState} -parent [gi::getWindows 9]]
[17:20:44.57] /i gi::setActiveWindow 7
[17:20:44.57] /i gi::setActiveWindow 7 -raise true
[17:20:47.30] /# gi::executeAction {deSelectActive} -in [gi::getWindows 7]
[17:20:47.30] /i de::deselectAll [db::getNext [de::getContexts -window 7]]
[17:20:47.30] /i de::select [de::getActiveFigure [gi::getWindows 7] -point {2.025 2.1625} -index 0 -intent none]
[17:20:47.30] /o oa:0x434843e0
[17:20:48.53] /i gi::executeAction {sePropertyEditorToggle} -in [gi::getWindows 7]
[17:20:48.53] /# db::setAttr shown -of [gi::getAssistants dePropertyEditor -from [gi::getWindows 7]] -value true
[17:20:51.13] /i db::setAttr geometry -of [gi::getAssistants dePropertyEditor -from [gi::getWindows 7]] -value 395x856+899+25
[17:20:53.39] /# gi::executeAction {deSelectActive} -in [gi::getWindows 7]
[17:20:53.39] /i de::deselectAll [db::getNext [de::getContexts -window 7]]
[17:20:53.39] /i de::select [de::getActiveFigure [gi::getWindows 7] -point {2.025 1.3375} -index 0 -intent none]
[17:20:53.39] /o oa:0x431dc9c0
[17:21:00.03] /# gi::executeAction {deSelectActive} -in [gi::getWindows 7]
[17:21:00.03] /i de::deselectAll [db::getNext [de::getContexts -window 7]]
[17:21:00.03] /i de::select [de::getActiveFigure [gi::getWindows 7] -point {1.0625 1.8} -index 0 -intent none]
[17:21:00.03] /o oa:0x43cea2c0
[17:21:03.63] /# gi::executeAction {deSelectActive} -in [gi::getWindows 7]
[17:21:03.63] /i de::cycleActiveFigure [gi::getWindows 7] -direction next
[17:21:03.63] /o oa:0x4c3a84c0
[17:21:07.99] /i db::setAttr shown -of [gi::getAssistants dePropertyEditor -from [gi::getWindows 7]] -value false
[17:22:39.43] /r giDialog gi::setActiveDialog [gi::getDialogs {giCloseFrame}]
[17:22:39.46] /r giDialog db::setAttr geometry -of [gi::getDialogs {giCloseFrame}] -value 269x106+624+326
[17:22:41.37] /r giDialog gi::pressButton {giCloseTabsButton} -in [gi::getDialogs {giCloseFrame}]
[17:22:41.54] /i gi::executeAction giCloseWindow -in [gi::getWindows 7]
[17:22:42.27] /i gi::executeAction giCloseWindow -in [gi::getWindows 9]
[17:22:42.43] /m Information: Sent exit command to CalculateEngine.
[17:22:42.60] /m Information: Sent exit command to WaveView.
[17:22:42.60] /m Information: Sent exit command to ResultsViewer.
[17:22:43.13] /m Information: Stopped sharing "Primewave" license. (WAVEFORM-111)
[17:22:43.13] /m Information: Stopped sharing "WaveView ADV" license. (WAVEFORM-111)
[17:22:43.24] /m Information: Send exit command to simulation server process stb.group8.sram_6t_tb.schematic.session1. (PW_GUI-979)
[17:22:43.33] /m Information: Feature 'SynopsysCustomSAE' checked in. (LICENSE-004)
[17:22:43.35] /i gi::executeAction giCloseWindow -in [gi::getWindows 1]
[17:22:43.47] /i gi::executeAction giCloseWindow -in [gi::getWindows 13]
[17:22:43.57] /i gi::executeAction giCloseWindow -in [gi::getWindows 2]
[17:22:43.67] /i gi::executeAction giCloseWindow -in [gi::getWindows 3]
[17:22:44.04] /i gi::executeAction giCloseWindow -in [gi::getWindows 8]
[17:22:44.60] /r giDialog gi::setActiveDialog [gi::getDialogs {deExitDialog} -parent [gi::getWindows 8]]
[17:22:44.69] /m Information: Stopping query due to no running simulation server process. (PW_GUI-710)
[17:22:44.81] /r giDialog db::setAttr geometry -of [gi::getDialogs {deExitDialog} -parent [gi::getWindows 8]] -value 402x202+557+278
[17:22:46.78] /r giDialog gi::pressButton {ok} -in [gi::getDialogs {deExitDialog} -parent [gi::getWindows 8]]
[17:22:53.76] /o Shutdown time: Fri Mar 28 17:22:53 2025
[17:22:53.76] /o Elapsed session real time: 27.41 minutes
[17:22:53.76] /o Session terminated. Log is at /mnt/coe/workspace/ece/ece546-spr25/group8/group8_project/synopsys_custom/logs/ccompiler.hrajesh.2025_3_28_165523_2701863.log
[17:22:53.83] /m Information: ResultsView exited normally.
[17:22:53.83] /m Information: Waveform viewer exited normally.
