[10:26:46.54] /o 
              /c                          PrimeWave Design Environment 
              /c 
              /c                Version W-2024.09-SP1-2 for linux64 - Jan 15, 2025
              /c              Based on Custom Infrastructure
              /c Version W-2024.09-SP1-2
              /c 
              /c                     Copyright (c) 2004 - 2025 Synopsys, Inc.
              /c    This software and the associated documentation are proprietary to Synopsys,
              /c  Inc. This software may only be used in accordance with the terms and conditions
              /c  of a written license agreement with Synopsys, Inc. All other use, reproduction,
              /c    or distribution of this software is strictly prohibited.  Licensed Products
              /c      communicate with Synopsys servers for the purpose of providing software
              /c     updates, detecting software piracy and verifying that customers are using
              /c     Licensed Products in conformity with the applicable License Key for such
              /c   Licensed Products. Synopsys will use information gathered in connection with
              /c     this process to deliver software updates and pursue software pirates and
              /c                                    infringers.
              /c 
              /c  Inclusivity & Diversity - Visit SolvNetPlus to read the "Synopsys Statement on
              /c             Inclusivity and Diversity" (Refer to article 000036315 at
              /c                         https://solvnetplus.synopsys.com)
              /c 
              /c Build  (OPT) Config 11252589 compiled on Wed Jan 15 11:01:36 2025 for AlmaLinux 8.4
              /c Invocation: /mnt/apps/public/COE/synopsys_apps/primewave/W-2024.09-SP1-2/linux64/platform/bin/custom_shell -application primewave -gui 0 -uniqueString 424077b79e1069ee87fee02827dbad7e9b5804bf5a3160b260938094302124e577f04e5beda933f4140b955df18db5d7 -python 0 -log pw_shell_session1_job1 -libDefFile /mnt/coe/workspace/ece/ece546-spr25/group8/group8_project/lib.defs
              /c Execution time: Thu Mar 20 10:26:43 2025
              /c Host: grendel33.ece.ncsu.edu
              /c Working directory: /mnt/coe/workspace/ece/ece546-spr25/group8/group8_project
              /c 
[10:26:56.86] /m Information: Registering ICV PERC package...
[10:26:57.69] /m Information: Feature 'SynopsysCustomSAE' checked out. (LICENSE-003)
[10:26:57.69] /i catch {source /tmp/copyScript86223}; ::sa::_backgroundSaeShell::signalProcessReady 1742480800 1421769
[10:26:57.71] /o saeInterBGSaeShell:  ::sa::_backgroundSaeShell::processReady 17
[10:26:57.91] /o 
[10:26:57.91] /i ::wf::updateViewerLicense 2
[10:26:57.94] /i ::wf::updateViewerLicense 2
[10:31:55.41] /i ::sa::_backgroundSaeShell::exit
[10:31:55.41] /o saeInterBGSaeShell:  ::sa::_backgroundSaeShell::childFormallyExiting
[10:31:57.53] /o Shutdown time: Thu Mar 20 10:31:57 2025
[10:31:57.53] /o Elapsed session real time: 5.21 minutes
[10:31:57.53] /o Session terminated. Log is at /mnt/coe/workspace/ece/ece546-spr25/group8/group8_project/synopsys_custom/logs/primewave.svkolach.2025_3_20_102643_1424795.log
