[23:06:31.43] /o 
              /c                          PrimeWave Design Environment 
              /c 
              /c                Version W-2024.09-SP1-2 for linux64 - Jan 15, 2025
              /c              Based on Custom Infrastructure
              /c Version W-2024.09-SP1-2
              /c 
              /c                     Copyright (c) 2004 - 2025 Synopsys, Inc.
              /c    This software and the associated documentation are proprietary to Synopsys,
              /c  Inc. This software may only be used in accordance with the terms and conditions
              /c  of a written license agreement with Synopsys, Inc. All other use, reproduction,
              /c    or distribution of this software is strictly prohibited.  Licensed Products
              /c      communicate with Synopsys servers for the purpose of providing software
              /c     updates, detecting software piracy and verifying that customers are using
              /c     Licensed Products in conformity with the applicable License Key for such
              /c   Licensed Products. Synopsys will use information gathered in connection with
              /c     this process to deliver software updates and pursue software pirates and
              /c                                    infringers.
              /c 
              /c  Inclusivity & Diversity - Visit SolvNetPlus to read the "Synopsys Statement on
              /c             Inclusivity and Diversity" (Refer to article 000036315 at
              /c                         https://solvnetplus.synopsys.com)
              /c 
              /c Build  (OPT) Config 11252589 compiled on Wed Jan 15 11:01:36 2025 for AlmaLinux 8.4
              /c Invocation: /mnt/apps/public/COE/synopsys_apps/primewave/W-2024.09-SP1-2/linux64/platform/bin/custom_shell -application primewave -gui 0 -uniqueString 424077b79e1069ee0d98d8038f0bc3c01821bd3b15388cbc66f921a156078c1a8bc2cd4413d8dfe66649df0220ee50f7 -python 0 -command "source /mnt/coe/workspace/ece/ece546-spr25/group8/group8_project/synopsys_custom/sim_server/custom_compiler.hrajesh/stb.group8.memory_array_tb.schematic.session4/sim_server_init.tcl" -log /mnt/coe/workspace/ece/ece546-spr25/group8/group8_project/synopsys_custom/primewave_session4_sim_server_job1 -libDefFile /mnt/coe/workspace/ece/ece546-spr25/group8/group8_project/lib.defs
              /c Execution time: Thu Apr  3 23:06:30 2025
              /c Host: viper.ece.ncsu.edu
              /c Working directory: /mnt/coe/workspace/ece/ece546-spr25/group8/group8_project
              /c 
[23:06:35.73] /m Information: Registering ICV PERC package...
[23:06:36.22] /m Information: Feature 'SynopsysCustomSAE' checked out. (LICENSE-003)
[23:06:36.57] /o 
[23:06:36.57] /i source /mnt/coe/workspace/ece/ece546-spr25/group8/group8_project/synopsys_custom/sim_server/custom_compiler.hrajesh/stb.group8.memory_array_tb.schematic.session4/sim_server_init.tcl
[23:06:36.78] /o SimServer socket started on viper.ece.ncsu.edu:39041
[23:06:37.16] /m Information: Launching Waveform Viewer "cd /mnt/coe/workspace/ece/ece546-spr25/group8/group8_project/synopsys_custom/sim_server/custom_compiler.hrajesh/stb.group8.memory_array_tb.schematic.session4/logs &&  /mnt/apps/public/COE/synopsys_apps/primewave/W-2024.09-SP1-2/auxx/../linux64/swv/bin/swv  -bg_gui -k -cdesigner -ptype wv -spxkey /mnt/apps/public/COE/synopsys_apps/primewave/W-2024.09-SP1-2/auxx/waveform/sae.spxkey -spxrc /tmp/tmp_sae_spxrc_aFKfKN -unique_string 424077b79e1069eef46d64329b7a29091821bd3b15388cbc66f921a156078c1a5436d32e2b3ebddcd28ad4f0fe9a79f2f65b323265a0d56f -lic_type 2   -parent_cc_pid 194454  > /mnt/coe/workspace/ece/ece546-spr25/group8/group8_project/synopsys_custom/sim_server/custom_compiler.hrajesh/stb.group8.memory_array_tb.schematic.session4/logs/viewer.log 2>&1"
[23:06:37.20] /o ==== Received Msg ====
              /c len=213 sourceSoc=sock45299610 msgIndex=14 rawMsg=AppendTask /mnt/coe/workspace/ece/ece546-spr25/group8/group8_project/synopsys_custom/sim_server/custom_compiler.hrajesh/stb.group8.memory_array_tb.schematic.session4/task0/sim_script0.tcl 0 saeSession4 1 overwrite
[23:06:37.20] /o 
[23:06:38.42] /m Information: "Starting incremental netlisting for design "group8/memory_array_tb/schematic"..." (NETLISTING-010)
[23:06:38.46] /o Loading: Callback files...
[23:06:38.47] /o Loading: scripts/callbacks/callbacks.tcl
[23:06:38.47] /o 
              /c [INFO] : Loading display.drf from /mnt/designkits/ncsu/FreePDK3/syncust/NCSU_TechLib_FreePDK3
              /c 
              /c  if you wish to Load other display.drf, please set shell environment valiable "iPDK_load_display_NCSU_TechLib_FreePDK3" to value = 0
[23:06:38.47] /o 
[23:06:38.49] /w Warning: Could not set the value of preference xtDRCTool because it does not exist. (PREFERENCE-016)
[23:06:38.49] /w Warning: Could not set the value of preference xtDRCICVRunsetFile because it does not exist. (PREFERENCE-016)
[23:06:38.49] /w Warning: Could not set the value of preference xtDRCICVIncludePaths because it does not exist. (PREFERENCE-016)
[23:06:38.49] /w Warning: Could not set the value of preference xtDRCLayDBFormat because it does not exist. (PREFERENCE-016)
[23:06:38.49] /w Warning: Could not set the value of preference xtLVSTool because it does not exist. (PREFERENCE-016)
[23:06:38.49] /w Warning: Could not set the value of preference xtLVSICVRunsetFile because it does not exist. (PREFERENCE-016)
[23:06:38.49] /w Warning: Could not set the value of preference xtLVSICVIncludePaths because it does not exist. (PREFERENCE-016)
[23:06:38.49] /w Warning: Could not set the value of preference xtLVSLayDBFormat because it does not exist. (PREFERENCE-016)
[23:06:38.49] /w Warning: Could not set the value of preference xtLPELVSTool because it does not exist. (PREFERENCE-016)
[23:06:38.49] /w Warning: Could not set the value of preference xtLPETool because it does not exist. (PREFERENCE-016)
[23:06:38.49] /w Warning: Could not set the value of preference xtLPEOpenParasiticView because it does not exist. (PREFERENCE-016)
[23:06:38.49] /w Warning: Could not set the value of preference xtStarTcadGrdFile because it does not exist. (PREFERENCE-016)
[23:06:38.49] /w Warning: Could not set the value of preference xtLPEStarOADeviceMappingFile because it does not exist. (PREFERENCE-016)
[23:06:38.49] /w Warning: Could not set the value of preference xtStarOALayerMappingFile because it does not exist. (PREFERENCE-016)
[23:06:38.49] /o 	#######################################
[23:06:38.49] /o 	CC-PDK Library Name	: FreePDK3
[23:06:38.49] /o 	#######################################
[23:06:38.49] /o 
[23:06:38.52] /o Netlisting
[23:06:38.52] /o Creating output directories
[23:06:38.67] /o No Design Integrity rule violations found in "group8/memory_array_tb/schematic"
[23:06:38.67] /o Scanning: group8/memory_array_tb/schematic
[23:06:38.85] /o Scanning: group8/memory_array/schematic
[23:06:38.95] /o Scanning: group8/precharge_logic/schematic
[23:06:39.02] /o Scanning: group8/sram_6t/schematic
[23:06:39.15] /o Scanning: group8/static_row_decoder_3by8/schematic
[23:06:39.17] /o Scanning: group8/nand_i3/schematic
[23:06:39.20] /o Scanning: group8/inv/schematic
[23:06:39.22] /o Scanning: group8/buffer_highdrive/schematic
[23:06:39.25] /o Scanning: group8/invx4/schematic
[23:06:39.28] /o Scanning: group8/columnDecoder/schematic
[23:06:39.31] /o Scanning: group8/2to4_decoder/schematic
[23:06:39.33] /o Scanning: group8/Write_Driver/schematic
[23:06:39.36] /o Scanning: group8/read_circuit/schematic
[23:06:39.38] /o Scanning: group8/nand/schematic
[23:06:39.41] /o Scanning: group8/tspc_pos_ff/schematic
[23:06:39.46] /o Scanning: group8/agen_unit/schematic
[23:06:39.48] /m Information: 
[23:06:39.48] /o Checking "group8/Demux/schematic"
[23:06:39.48] /o No rule violations found in "group8/Demux/schematic"
[23:06:39.48] /o Scanning: group8/Demux/schematic
[23:06:39.51] /m Information: 
[23:06:39.51] /o Checking "group8/nor/schematic"
[23:06:39.51] /o No rule violations found in "group8/nor/schematic"
[23:06:39.51] /o Scanning: group8/nor/schematic
[23:06:39.55] /o Scanning: group8/WLRef_PC/schematic
[23:06:39.58] /m Information: 
[23:06:39.58] /o Checking "group8/buffer/schematic"
[23:06:39.58] /o No rule violations found in "group8/buffer/schematic"
[23:06:39.58] /o Scanning: group8/buffer/schematic
[23:06:39.63] /o Computing terminal lists
[23:06:39.63] /o Processing terminals of module group8/precharge_logic/schematic
[23:06:39.65] /o Processing terminals of module group8/sram_6t/schematic
[23:06:39.65] /o Processing terminals of module group8/nand_i3/schematic
[23:06:39.65] /o Processing terminals of module group8/inv/schematic
[23:06:39.65] /o Processing terminals of module group8/buffer_highdrive/schematic
[23:06:39.65] /o Processing terminals of module group8/invx4/schematic
[23:06:39.65] /o Processing terminals of module group8/static_row_decoder_3by8/schematic
[23:06:39.65] /o Processing terminals of module group8/2to4_decoder/schematic
[23:06:39.65] /o Processing terminals of module group8/columnDecoder/schematic
[23:06:39.66] /o Processing terminals of module group8/Write_Driver/schematic
[23:06:39.66] /o Processing terminals of module group8/nand/schematic
[23:06:39.66] /o Processing terminals of module group8/read_circuit/schematic
[23:06:39.66] /o Processing terminals of module group8/tspc_pos_ff/schematic
[23:06:39.66] /o Processing terminals of module group8/Demux/schematic
[23:06:39.66] /o Processing terminals of module group8/nor/schematic
[23:06:39.66] /o Processing terminals of module group8/agen_unit/schematic
[23:06:39.66] /o Processing terminals of module group8/buffer/schematic
[23:06:39.66] /o Processing terminals of module group8/WLRef_PC/schematic
[23:06:39.66] /o Processing terminals of module group8/memory_array/schematic
[23:06:39.66] /o Processing terminals of module group8/memory_array_tb/schematic
[23:06:39.66] /o Starting netlisting
[23:06:40.04] /o Formatting group8/WLRef_PC/schematic
[23:06:40.05] /m Information: "group8 WLRef_PC schematic" renetlisted. (NETLISTING-056)
[23:06:40.08] /o Formatting group8/memory_array/schematic
[23:06:40.10] /m Information: "group8 memory_array schematic" renetlisted. (NETLISTING-056)
[23:06:40.49] /m Information: "Netlisting design "group8/memory_array_tb/schematic" finished successfully." (NETLISTING-012)
[23:06:40.55] /# Composing simulator input file for design "group8/memory_array_tb/schematic"...
[23:06:48.33] /# Simulator input file composed successfully for design "group8/memory_array_tb/schematic"
[23:06:48.45] /m Information: Save ouputs to /mnt/coe/workspace/ece/ece546-spr25/group8/group8_project/simulation/group8,memory_array_tb,schematic/history_1/simulation/default/PrimeSimHSPICE/nominal/results/outputs.tcl for AVA evaluation.
[23:06:49.55] /o 
[23:06:50.48] /o                                          Composing Nominal                                         
[23:06:50.74] /o                             Launching jobs for testbench default started                            
[23:06:50.75] /# Starting PrimeSimHSPICE simulation for design: group8/memory_array_tb/schematic
[23:06:50.80] /o                             Creating jobs for testbench default (0 / 1)                            
[23:06:50.85] /o                                Launching 1 jobs for testbench default                               
[23:06:51.14] /o                            Launching jobs for testbench default finished                           
[23:06:52.57] /m Information: 0 of 1 testbench(es) done. (PW_GUI-714)
[23:06:54.17] /m Information: Job distribution master (saeSession4,default.Simulation_Simulation session:session0 testbench:default) : up to 1 job running workers.
[23:07:15.94] /# Simulation completed successfully for design: group8/memory_array_tb/schematic  (PW-651)
[23:07:16.01] /# Netlisting and simulation completed for testbench: default in 38s
[23:07:16.02] /# Evaluating and plotting outputs...
[23:07:21.96] /m Information: Jobs distribution master quit! (PW_GUI-822)
[23:07:22.20] /# Evaluating and plotting completed for testbench: default in 6s
[23:07:22.24] /m Information: 1 of 1 testbench(es) done. (PW_GUI-714)
[23:12:19.00] /o ==== Received Msg ====
              /c len=213 sourceSoc=sock4ec959a0 msgIndex=15 rawMsg=AppendTask /mnt/coe/workspace/ece/ece546-spr25/group8/group8_project/synopsys_custom/sim_server/custom_compiler.hrajesh/stb.group8.memory_array_tb.schematic.session4/task1/sim_script1.tcl 1 saeSession4 1 overwrite
[23:12:19.00] /o 
[23:12:19.12] /m Information: Feature 'SynopsysCustomSAE' checked in. (LICENSE-004)
[23:12:19.14] /m Information: Feature 'SynopsysCustomSAE' checked out. (LICENSE-003)
[23:12:20.35] /m Information: "Starting incremental netlisting for design "group8/memory_array_tb/schematic"..." (NETLISTING-010)
[23:12:20.41] /o Netlisting
[23:12:20.41] /o Creating output directories
[23:12:20.51] /o No Design Integrity rule violations found in "group8/memory_array_tb/schematic"
[23:12:20.51] /o Scanning: group8/memory_array_tb/schematic
[23:12:20.64] /o Scanning: group8/memory_array/schematic
[23:12:20.66] /o Scanning: group8/precharge_logic/schematic
[23:12:20.73] /o Scanning: group8/sram_6t/schematic
[23:12:20.79] /o Scanning: group8/static_row_decoder_3by8/schematic
[23:12:20.81] /o Scanning: group8/nand_i3/schematic
[23:12:20.84] /o Scanning: group8/inv/schematic
[23:12:20.86] /o Scanning: group8/buffer_highdrive/schematic
[23:12:20.89] /o Scanning: group8/invx4/schematic
[23:12:20.92] /o Scanning: group8/columnDecoder/schematic
[23:12:20.94] /o Scanning: group8/2to4_decoder/schematic
[23:12:20.96] /o Scanning: group8/Write_Driver/schematic
[23:12:20.99] /o Scanning: group8/read_circuit/schematic
[23:12:21.01] /o Scanning: group8/nand/schematic
[23:12:21.04] /o Scanning: group8/tspc_pos_ff/schematic
[23:12:21.08] /o Scanning: group8/agen_unit/schematic
[23:12:21.11] /m Information: 
[23:12:21.11] /o Checking "group8/Demux/schematic"
[23:12:21.11] /o No rule violations found in "group8/Demux/schematic"
[23:12:21.11] /o Scanning: group8/Demux/schematic
[23:12:21.13] /m Information: 
[23:12:21.13] /o Checking "group8/nor/schematic"
[23:12:21.13] /o No rule violations found in "group8/nor/schematic"
[23:12:21.13] /o Scanning: group8/nor/schematic
[23:12:21.17] /o Scanning: group8/WLRef_PC/schematic
[23:12:21.20] /m Information: 
[23:12:21.20] /o Checking "group8/buffer/schematic"
[23:12:21.20] /o No rule violations found in "group8/buffer/schematic"
[23:12:21.20] /o Scanning: group8/buffer/schematic
[23:12:21.25] /o Computing terminal lists
[23:12:21.25] /o Processing terminals of module group8/precharge_logic/schematic
[23:12:21.26] /o Processing terminals of module group8/sram_6t/schematic
[23:12:21.27] /o Processing terminals of module group8/nand_i3/schematic
[23:12:21.27] /o Processing terminals of module group8/inv/schematic
[23:12:21.27] /o Processing terminals of module group8/buffer_highdrive/schematic
[23:12:21.27] /o Processing terminals of module group8/invx4/schematic
[23:12:21.27] /o Processing terminals of module group8/static_row_decoder_3by8/schematic
[23:12:21.27] /o Processing terminals of module group8/2to4_decoder/schematic
[23:12:21.27] /o Processing terminals of module group8/columnDecoder/schematic
[23:12:21.27] /o Processing terminals of module group8/Write_Driver/schematic
[23:12:21.27] /o Processing terminals of module group8/nand/schematic
[23:12:21.27] /o Processing terminals of module group8/read_circuit/schematic
[23:12:21.27] /o Processing terminals of module group8/tspc_pos_ff/schematic
[23:12:21.27] /o Processing terminals of module group8/Demux/schematic
[23:12:21.27] /o Processing terminals of module group8/nor/schematic
[23:12:21.27] /o Processing terminals of module group8/agen_unit/schematic
[23:12:21.27] /o Processing terminals of module group8/buffer/schematic
[23:12:21.27] /o Processing terminals of module group8/WLRef_PC/schematic
[23:12:21.27] /o Processing terminals of module group8/memory_array/schematic
[23:12:21.27] /o Processing terminals of module group8/memory_array_tb/schematic
[23:12:21.27] /o Starting netlisting
[23:12:21.76] /o Formatting group8/memory_array_tb/schematic
[23:12:21.77] /m Information: "group8 memory_array_tb schematic" renetlisted. (NETLISTING-056)
[23:12:22.12] /m Information: "Netlisting design "group8/memory_array_tb/schematic" finished successfully." (NETLISTING-012)
[23:12:22.17] /# Composing simulator input file for design "group8/memory_array_tb/schematic"...
[23:12:29.58] /# Simulator input file composed successfully for design "group8/memory_array_tb/schematic"
[23:12:29.69] /m Information: Save ouputs to /mnt/coe/workspace/ece/ece546-spr25/group8/group8_project/simulation/group8,memory_array_tb,schematic/history_1/simulation/default/PrimeSimHSPICE/nominal/results/outputs.tcl for AVA evaluation.
[23:12:30.77] /o 
[23:12:31.68] /o                                          Composing Nominal                                         
[23:12:31.95] /o                             Launching jobs for testbench default started                            
[23:12:31.96] /# Starting PrimeSimHSPICE simulation for design: group8/memory_array_tb/schematic
[23:12:32.01] /o                             Creating jobs for testbench default (0 / 1)                            
[23:12:32.05] /o                                Launching 1 jobs for testbench default                               
[23:12:32.30] /o                            Launching jobs for testbench default finished                           
[23:12:32.31] /o 
[23:12:33.37] /m Information: 1 of 2 testbench(es) done. (PW_GUI-714)
[23:12:35.05] /m Information: Job distribution master (saeSession4,default.Simulation_Simulation session:session1 testbench:default) : up to 1 job running workers.
[23:12:39.28] /o ==== Received Msg ====
              /c len=26 sourceSoc=sock4ec959a0 msgIndex=37 rawMsg=evalCmd ::wf::viewerExited
[23:12:39.28] /o 
[23:12:44.98] /o ==== Received Msg ====
              /c len=35 sourceSoc=sock4ec959a0 msgIndex=38 rawMsg=evalCmd ::wf::updateViewerLicense 2
[23:12:44.98] /o 
[23:12:52.94] /# Simulation failed for design: group8/memory_array_tb/schematic  (PW-653)
[23:12:52.98] /# Netlisting and simulation completed for testbench: default in 33s
[23:12:53.09] /m Information: 2 of 2 testbench(es) done. (PW_GUI-714)
[23:13:09.67] /o ==== Received Msg ====
              /c len=213 sourceSoc=sock45e217c0 msgIndex=16 rawMsg=AppendTask /mnt/coe/workspace/ece/ece546-spr25/group8/group8_project/synopsys_custom/sim_server/custom_compiler.hrajesh/stb.group8.memory_array_tb.schematic.session4/task2/sim_script2.tcl 2 saeSession4 1 overwrite
[23:13:09.67] /o 
[23:13:09.78] /m Information: Feature 'SynopsysCustomSAE' checked in. (LICENSE-004)
[23:13:09.80] /m Information: Feature 'SynopsysCustomSAE' checked out. (LICENSE-003)
[23:13:10.95] /m Information: "Starting incremental netlisting for design "group8/memory_array_tb/schematic"..." (NETLISTING-010)
[23:13:11.00] /o Netlisting
[23:13:11.00] /o Creating output directories
[23:13:11.10] /o No Design Integrity rule violations found in "group8/memory_array_tb/schematic"
[23:13:11.10] /o Scanning: group8/memory_array_tb/schematic
[23:13:11.23] /o Scanning: group8/memory_array/schematic
[23:13:11.25] /o Scanning: group8/precharge_logic/schematic
[23:13:11.32] /o Scanning: group8/sram_6t/schematic
[23:13:11.38] /o Scanning: group8/static_row_decoder_3by8/schematic
[23:13:11.41] /o Scanning: group8/nand_i3/schematic
[23:13:11.43] /o Scanning: group8/inv/schematic
[23:13:11.45] /o Scanning: group8/buffer_highdrive/schematic
[23:13:11.48] /o Scanning: group8/invx4/schematic
[23:13:11.51] /o Scanning: group8/columnDecoder/schematic
[23:13:11.53] /o Scanning: group8/2to4_decoder/schematic
[23:13:11.56] /o Scanning: group8/Write_Driver/schematic
[23:13:11.58] /o Scanning: group8/read_circuit/schematic
[23:13:11.60] /o Scanning: group8/nand/schematic
[23:13:11.63] /o Scanning: group8/tspc_pos_ff/schematic
[23:13:11.66] /o Scanning: group8/agen_unit/schematic
[23:13:11.69] /m Information: 
[23:13:11.69] /o Checking "group8/Demux/schematic"
[23:13:11.69] /o No rule violations found in "group8/Demux/schematic"
[23:13:11.69] /o Scanning: group8/Demux/schematic
[23:13:11.71] /m Information: 
[23:13:11.71] /o Checking "group8/nor/schematic"
[23:13:11.71] /o No rule violations found in "group8/nor/schematic"
[23:13:11.71] /o Scanning: group8/nor/schematic
[23:13:11.74] /o Scanning: group8/WLRef_PC/schematic
[23:13:11.77] /m Information: 
[23:13:11.77] /o Checking "group8/buffer/schematic"
[23:13:11.77] /o No rule violations found in "group8/buffer/schematic"
[23:13:11.77] /o Scanning: group8/buffer/schematic
[23:13:11.82] /o Computing terminal lists
[23:13:11.82] /o Processing terminals of module group8/precharge_logic/schematic
[23:13:11.83] /o Processing terminals of module group8/sram_6t/schematic
[23:13:11.84] /o Processing terminals of module group8/nand_i3/schematic
[23:13:11.84] /o Processing terminals of module group8/inv/schematic
[23:13:11.84] /o Processing terminals of module group8/buffer_highdrive/schematic
[23:13:11.84] /o Processing terminals of module group8/invx4/schematic
[23:13:11.84] /o Processing terminals of module group8/static_row_decoder_3by8/schematic
[23:13:11.84] /o Processing terminals of module group8/2to4_decoder/schematic
[23:13:11.84] /o Processing terminals of module group8/columnDecoder/schematic
[23:13:11.84] /o Processing terminals of module group8/Write_Driver/schematic
[23:13:11.84] /o Processing terminals of module group8/nand/schematic
[23:13:11.84] /o Processing terminals of module group8/read_circuit/schematic
[23:13:11.84] /o Processing terminals of module group8/tspc_pos_ff/schematic
[23:13:11.84] /o Processing terminals of module group8/Demux/schematic
[23:13:11.84] /o Processing terminals of module group8/nor/schematic
[23:13:11.84] /o Processing terminals of module group8/agen_unit/schematic
[23:13:11.84] /o Processing terminals of module group8/buffer/schematic
[23:13:11.84] /o Processing terminals of module group8/WLRef_PC/schematic
[23:13:11.84] /o Processing terminals of module group8/memory_array/schematic
[23:13:11.84] /o Processing terminals of module group8/memory_array_tb/schematic
[23:13:11.84] /o Starting netlisting
[23:13:12.68] /m Information: "Netlisting design "group8/memory_array_tb/schematic" finished successfully." (NETLISTING-012)
[23:13:12.72] /# Composing simulator input file for design "group8/memory_array_tb/schematic"...
[23:13:20.66] /# Simulator input file composed successfully for design "group8/memory_array_tb/schematic"
[23:13:20.78] /m Information: Save ouputs to /mnt/coe/workspace/ece/ece546-spr25/group8/group8_project/simulation/group8,memory_array_tb,schematic/history_1/simulation/default/PrimeSimHSPICE/nominal/results/outputs.tcl for AVA evaluation.
[23:13:21.82] /o 
[23:13:22.67] /o                                          Composing Nominal                                         
[23:13:22.92] /o                             Launching jobs for testbench default started                            
[23:13:22.93] /# Starting PrimeSimHSPICE simulation for design: group8/memory_array_tb/schematic
[23:13:22.98] /o                             Creating jobs for testbench default (0 / 1)                            
[23:13:23.03] /o                                Launching 1 jobs for testbench default                               
[23:13:23.29] /o                            Launching jobs for testbench default finished                           
[23:13:23.30] /o 
[23:13:24.47] /m Information: 2 of 3 testbench(es) done. (PW_GUI-714)
[23:13:26.05] /m Information: Job distribution master (saeSession4,default.Simulation_Simulation session:session2 testbench:default) : up to 1 job running workers.
[23:13:43.73] /# Simulation failed for design: group8/memory_array_tb/schematic  (PW-653)
[23:13:43.77] /# Netlisting and simulation completed for testbench: default in 33s
[23:13:43.88] /m Information: 3 of 3 testbench(es) done. (PW_GUI-714)
[23:14:24.87] /o ==== Received Msg ====
              /c len=213 sourceSoc=sock45398450 msgIndex=17 rawMsg=AppendTask /mnt/coe/workspace/ece/ece546-spr25/group8/group8_project/synopsys_custom/sim_server/custom_compiler.hrajesh/stb.group8.memory_array_tb.schematic.session4/task3/sim_script3.tcl 3 saeSession4 1 overwrite
[23:14:24.87] /o 
[23:14:24.96] /m Information: Feature 'SynopsysCustomSAE' checked in. (LICENSE-004)
[23:14:24.98] /m Information: Feature 'SynopsysCustomSAE' checked out. (LICENSE-003)
[23:14:26.15] /m Information: "Starting incremental netlisting for design "group8/memory_array_tb/schematic"..." (NETLISTING-010)
[23:14:26.21] /o Netlisting
[23:14:26.21] /o Creating output directories
[23:14:26.31] /o No Design Integrity rule violations found in "group8/memory_array_tb/schematic"
[23:14:26.31] /o Scanning: group8/memory_array_tb/schematic
[23:14:26.43] /o Scanning: group8/memory_array/schematic
[23:14:26.46] /o Scanning: group8/precharge_logic/schematic
[23:14:26.52] /o Scanning: group8/sram_6t/schematic
[23:14:26.59] /o Scanning: group8/static_row_decoder_3by8/schematic
[23:14:26.61] /o Scanning: group8/nand_i3/schematic
[23:14:26.64] /o Scanning: group8/inv/schematic
[23:14:26.66] /o Scanning: group8/buffer_highdrive/schematic
[23:14:26.68] /o Scanning: group8/invx4/schematic
[23:14:26.72] /o Scanning: group8/columnDecoder/schematic
[23:14:26.74] /o Scanning: group8/2to4_decoder/schematic
[23:14:26.76] /o Scanning: group8/Write_Driver/schematic
[23:14:26.79] /o Scanning: group8/read_circuit/schematic
[23:14:26.81] /o Scanning: group8/nand/schematic
[23:14:26.83] /o Scanning: group8/tspc_pos_ff/schematic
[23:14:26.87] /o Scanning: group8/agen_unit/schematic
[23:14:26.89] /m Information: 
[23:14:26.89] /o Checking "group8/Demux/schematic"
[23:14:26.89] /o No rule violations found in "group8/Demux/schematic"
[23:14:26.89] /o Scanning: group8/Demux/schematic
[23:14:26.92] /m Information: 
[23:14:26.92] /o Checking "group8/nor/schematic"
[23:14:26.92] /o No rule violations found in "group8/nor/schematic"
[23:14:26.92] /o Scanning: group8/nor/schematic
[23:14:26.95] /o Scanning: group8/WLRef_PC/schematic
[23:14:26.98] /m Information: 
[23:14:26.98] /o Checking "group8/buffer/schematic"
[23:14:26.98] /o No rule violations found in "group8/buffer/schematic"
[23:14:26.98] /o Scanning: group8/buffer/schematic
[23:14:27.03] /o Computing terminal lists
[23:14:27.03] /o Processing terminals of module group8/precharge_logic/schematic
[23:14:27.04] /o Processing terminals of module group8/sram_6t/schematic
[23:14:27.04] /o Processing terminals of module group8/nand_i3/schematic
[23:14:27.04] /o Processing terminals of module group8/inv/schematic
[23:14:27.04] /o Processing terminals of module group8/buffer_highdrive/schematic
[23:14:27.04] /o Processing terminals of module group8/invx4/schematic
[23:14:27.04] /o Processing terminals of module group8/static_row_decoder_3by8/schematic
[23:14:27.04] /o Processing terminals of module group8/2to4_decoder/schematic
[23:14:27.04] /o Processing terminals of module group8/columnDecoder/schematic
[23:14:27.04] /o Processing terminals of module group8/Write_Driver/schematic
[23:14:27.04] /o Processing terminals of module group8/nand/schematic
[23:14:27.04] /o Processing terminals of module group8/read_circuit/schematic
[23:14:27.04] /o Processing terminals of module group8/tspc_pos_ff/schematic
[23:14:27.04] /o Processing terminals of module group8/Demux/schematic
[23:14:27.04] /o Processing terminals of module group8/nor/schematic
[23:14:27.04] /o Processing terminals of module group8/agen_unit/schematic
[23:14:27.04] /o Processing terminals of module group8/buffer/schematic
[23:14:27.04] /o Processing terminals of module group8/WLRef_PC/schematic
[23:14:27.04] /o Processing terminals of module group8/memory_array/schematic
[23:14:27.05] /o Processing terminals of module group8/memory_array_tb/schematic
[23:14:27.05] /o Starting netlisting
[23:14:27.56] /o Formatting group8/memory_array_tb/schematic
[23:14:27.57] /m Information: "group8 memory_array_tb schematic" renetlisted. (NETLISTING-056)
[23:14:27.91] /m Information: "Netlisting design "group8/memory_array_tb/schematic" finished successfully." (NETLISTING-012)
[23:14:27.96] /# Composing simulator input file for design "group8/memory_array_tb/schematic"...
[23:14:35.21] /# Simulator input file composed successfully for design "group8/memory_array_tb/schematic"
[23:14:35.31] /m Information: Save ouputs to /mnt/coe/workspace/ece/ece546-spr25/group8/group8_project/simulation/group8,memory_array_tb,schematic/history_1/simulation/default/PrimeSimHSPICE/nominal/results/outputs.tcl for AVA evaluation.
[23:14:36.30] /o 
[23:14:37.15] /o                                          Composing Nominal                                         
[23:14:37.39] /o                             Launching jobs for testbench default started                            
[23:14:37.40] /# Starting PrimeSimHSPICE simulation for design: group8/memory_array_tb/schematic
[23:14:37.45] /o                             Creating jobs for testbench default (0 / 1)                            
[23:14:37.49] /o                                Launching 1 jobs for testbench default                               
[23:14:37.76] /o                            Launching jobs for testbench default finished                           
[23:14:37.77] /o 
[23:14:38.91] /m Information: 3 of 4 testbench(es) done. (PW_GUI-714)
[23:14:40.05] /m Information: Job distribution master (saeSession4,default.Simulation_Simulation session:session3 testbench:default) : up to 1 job running workers.
[23:14:55.58] /o ==== Received Msg ====
              /c len=8 sourceSoc=sock45398450 msgIndex=39 rawMsg=idleExit
[23:14:55.58] /o 
[23:15:02.35] /# Simulation completed successfully for design: group8/memory_array_tb/schematic  (PW-651)
[23:15:02.43] /# Netlisting and simulation completed for testbench: default in 37s
[23:15:02.43] /# Evaluating and plotting outputs...
[23:15:08.15] /m Information: Jobs distribution master quit! (PW_GUI-822)
[23:15:08.86] /# Evaluating and plotting completed for testbench: default in 6s
[23:15:08.92] /m Information: 4 of 4 testbench(es) done. (PW_GUI-714)
[23:15:08.93] /m Information: Exiting simulation server process. (PW_GUI-984)
[23:15:10.07] /o Shutdown time: Thu Apr  3 23:15:10 2025
[23:15:10.07] /o Elapsed session real time: 8.65 minutes
[23:15:10.07] /o Session terminated. Log is at /mnt/coe/workspace/ece/ece546-spr25/group8/group8_project/synopsys_custom/logs/primewave.hrajesh.2025_4_3_230630_194454.log
