[17:57:48.19] /o 
              /c                          PrimeWave Design Environment 
              /c 
              /c                Version W-2024.09-SP1-2 for linux64 - Jan 15, 2025
              /c              Based on Custom Infrastructure
              /c Version W-2024.09-SP1-2
              /c 
              /c                     Copyright (c) 2004 - 2025 Synopsys, Inc.
              /c    This software and the associated documentation are proprietary to Synopsys,
              /c  Inc. This software may only be used in accordance with the terms and conditions
              /c  of a written license agreement with Synopsys, Inc. All other use, reproduction,
              /c    or distribution of this software is strictly prohibited.  Licensed Products
              /c      communicate with Synopsys servers for the purpose of providing software
              /c     updates, detecting software piracy and verifying that customers are using
              /c     Licensed Products in conformity with the applicable License Key for such
              /c   Licensed Products. Synopsys will use information gathered in connection with
              /c     this process to deliver software updates and pursue software pirates and
              /c                                    infringers.
              /c 
              /c  Inclusivity & Diversity - Visit SolvNetPlus to read the "Synopsys Statement on
              /c             Inclusivity and Diversity" (Refer to article 000036315 at
              /c                         https://solvnetplus.synopsys.com)
              /c 
              /c Build  (OPT) Config 11252589 compiled on Wed Jan 15 11:01:36 2025 for AlmaLinux 8.4
              /c Invocation: /mnt/apps/public/COE/synopsys_apps/primewave/W-2024.09-SP1-2/linux64/platform/bin/custom_shell -application primewave -gui 0 -uniqueString 424077b79e1069ee117170d893055bfebd7412d89786468bf93a5ef511cc936b82bbff222ee36308c1379b308bd6532c -python 0 -log pw_shell_session1_job2 -libDefFile /mnt/coe/workspace/ece/ece546-spr25/group8/group8_project/lib.defs
              /c Execution time: Sun Apr 13 17:57:46 2025
              /c Host: payback.ece.ncsu.edu
              /c Working directory: /mnt/coe/workspace/ece/ece546-spr25/group8/group8_project
              /c 
[17:57:52.54] /m Information: Registering ICV PERC package...
[17:57:53.08] /m Information: Feature 'SynopsysCustomSAE' checked out. (LICENSE-003)
[17:57:53.08] /i catch {source /tmp/copyScript35667}; ::sa::_backgroundSaeShell::signalProcessReady 1744581464 23301
[17:57:53.10] /o saeInterBGSaeShell:  ::sa::_backgroundSaeShell::processReady 9
[17:57:53.57] /o 
[18:01:01.57] /i ::sa::_backgroundSaeShell::exit
[18:01:01.57] /o saeInterBGSaeShell:  ::sa::_backgroundSaeShell::childFormallyExiting
[18:01:02.32] /o Shutdown time: Sun Apr 13 18:01:02 2025
[18:01:02.32] /o Elapsed session real time: 3.25 minutes
[18:01:02.32] /o Session terminated. Log is at /mnt/coe/workspace/ece/ece546-spr25/group8/group8_project/synopsys_custom/logs/primewave.hrajesh.2025_4_13_175746_103867.log
