[10:10:29.48] /o 
              /c                          PrimeWave Design Environment 
              /c 
              /c                Version W-2024.09-SP1-2 for linux64 - Jan 15, 2025
              /c              Based on Custom Infrastructure
              /c Version W-2024.09-SP1-2
              /c 
              /c                     Copyright (c) 2004 - 2025 Synopsys, Inc.
              /c    This software and the associated documentation are proprietary to Synopsys,
              /c  Inc. This software may only be used in accordance with the terms and conditions
              /c  of a written license agreement with Synopsys, Inc. All other use, reproduction,
              /c    or distribution of this software is strictly prohibited.  Licensed Products
              /c      communicate with Synopsys servers for the purpose of providing software
              /c     updates, detecting software piracy and verifying that customers are using
              /c     Licensed Products in conformity with the applicable License Key for such
              /c   Licensed Products. Synopsys will use information gathered in connection with
              /c     this process to deliver software updates and pursue software pirates and
              /c                                    infringers.
              /c 
              /c  Inclusivity & Diversity - Visit SolvNetPlus to read the "Synopsys Statement on
              /c             Inclusivity and Diversity" (Refer to article 000036315 at
              /c                         https://solvnetplus.synopsys.com)
              /c 
              /c Build  (OPT) Config 11252589 compiled on Wed Jan 15 11:01:36 2025 for AlmaLinux 8.4
              /c Invocation: /mnt/apps/public/COE/synopsys_apps/primewave/W-2024.09-SP1-2/linux64/platform/bin/custom_shell -application primewave -gui 0 -uniqueString 424077b79e1069eebd9e9cb6c2fc6f76f03d3135d99f0755c1cb7792ad947542880e11ac1416172fe562daea1cc31577 -python 0 -command "source /mnt/coe/workspace/ece/ece546-spr25/group8/group8_project/synopsys_custom/sim_server/custom_compiler.hrajesh/stb.group8.memory_array_write_test.schematic.session0/sim_server_init.tcl" -log /mnt/coe/workspace/ece/ece546-spr25/group8/group8_project/synopsys_custom/primewave_session0_sim_server_job1 -libDefFile /mnt/coe/workspace/ece/ece546-spr25/group8/group8_project/lib.defs
              /c Execution time: Thu Apr  3 10:10:23 2025
              /c Host: hydra11.ece.ncsu.edu
              /c Working directory: /mnt/coe/workspace/ece/ece546-spr25/group8/group8_project
              /c 
[10:10:42.81] /m Information: Registering ICV PERC package...
[10:10:43.78] /m Information: Feature 'SynopsysCustomSAE' checked out. (LICENSE-003)
[10:10:44.17] /o 
[10:10:44.21] /i source /mnt/coe/workspace/ece/ece546-spr25/group8/group8_project/synopsys_custom/sim_server/custom_compiler.hrajesh/stb.group8.memory_array_write_test.schematic.session0/sim_server_init.tcl
[10:10:44.90] /o SimServer socket started on hydra11.ece.ncsu.edu:37243
[10:10:45.35] /m Information: Launching Waveform Viewer "cd /mnt/coe/workspace/ece/ece546-spr25/group8/group8_project/synopsys_custom/sim_server/custom_compiler.hrajesh/stb.group8.memory_array_write_test.schematic.session0/logs &&  /mnt/apps/public/COE/synopsys_apps/primewave/W-2024.09-SP1-2/auxx/../linux64/swv/bin/swv  -bg_gui -k -cdesigner -ptype wv -spxkey /mnt/apps/public/COE/synopsys_apps/primewave/W-2024.09-SP1-2/auxx/waveform/sae.spxkey -spxrc /tmp/tmp_sae_spxrc_TAr5qF -unique_string 424077b79e1069ee96750b2b190bb256f03d3135d99f0755c1cb7792ad94754215911dea03ed9e14cfa1a0fb5f51cdd4aeedfd4d8adbd99f -lic_type 2   -parent_cc_pid 706531  > /mnt/coe/workspace/ece/ece546-spr25/group8/group8_project/synopsys_custom/sim_server/custom_compiler.hrajesh/stb.group8.memory_array_write_test.schematic.session0/logs/viewer.log 2>&1"
[10:10:45.40] /o ==== Received Msg ====
              /c len=35 sourceSoc=sock43bd2b70 msgIndex=0 rawMsg=evalCmd ::wf::updateViewerLicense 2
[10:10:45.40] /o 
[10:10:45.41] /o ==== Received Msg ====
              /c len=35 sourceSoc=sock43bd2b70 msgIndex=1 rawMsg=evalCmd ::wf::updateViewerLicense 2
[10:10:45.41] /o 
[10:10:48.02] /o ==== Received Msg ====
              /c len=221 sourceSoc=sock442d3010 msgIndex=0 rawMsg=AppendTask /mnt/coe/workspace/ece/ece546-spr25/group8/group8_project/synopsys_custom/sim_server/custom_compiler.hrajesh/stb.group8.memory_array_write_test.schematic.session0/task0/sim_script0.tcl 0 saeSession0 1 overwrite
[10:10:48.02] /o 
[10:10:50.18] /m Information: "Starting incremental netlisting for design "group8/memory_array_write_test/schematic"..." (NETLISTING-010)
[10:10:50.27] /o Loading: Callback files...
[10:10:50.29] /o Loading: scripts/callbacks/callbacks.tcl
[10:10:50.29] /o 
              /c [INFO] : Loading display.drf from /mnt/designkits/ncsu/FreePDK3/syncust/NCSU_TechLib_FreePDK3
              /c 
              /c  if you wish to Load other display.drf, please set shell environment valiable "iPDK_load_display_NCSU_TechLib_FreePDK3" to value = 0
[10:10:50.29] /o 
[10:10:50.34] /w Warning: Could not set the value of preference xtDRCTool because it does not exist. (PREFERENCE-016)
[10:10:50.34] /w Warning: Could not set the value of preference xtDRCICVRunsetFile because it does not exist. (PREFERENCE-016)
[10:10:50.34] /w Warning: Could not set the value of preference xtDRCICVIncludePaths because it does not exist. (PREFERENCE-016)
[10:10:50.34] /w Warning: Could not set the value of preference xtDRCLayDBFormat because it does not exist. (PREFERENCE-016)
[10:10:50.34] /w Warning: Could not set the value of preference xtLVSTool because it does not exist. (PREFERENCE-016)
[10:10:50.34] /w Warning: Could not set the value of preference xtLVSICVRunsetFile because it does not exist. (PREFERENCE-016)
[10:10:50.34] /w Warning: Could not set the value of preference xtLVSICVIncludePaths because it does not exist. (PREFERENCE-016)
[10:10:50.34] /w Warning: Could not set the value of preference xtLVSLayDBFormat because it does not exist. (PREFERENCE-016)
[10:10:50.35] /w Warning: Could not set the value of preference xtLPELVSTool because it does not exist. (PREFERENCE-016)
[10:10:50.35] /w Warning: Could not set the value of preference xtLPETool because it does not exist. (PREFERENCE-016)
[10:10:50.35] /w Warning: Could not set the value of preference xtLPEOpenParasiticView because it does not exist. (PREFERENCE-016)
[10:10:50.35] /w Warning: Could not set the value of preference xtStarTcadGrdFile because it does not exist. (PREFERENCE-016)
[10:10:50.35] /w Warning: Could not set the value of preference xtLPEStarOADeviceMappingFile because it does not exist. (PREFERENCE-016)
[10:10:50.35] /w Warning: Could not set the value of preference xtStarOALayerMappingFile because it does not exist. (PREFERENCE-016)
[10:10:50.35] /o 	#######################################
[10:10:50.35] /o 	CC-PDK Library Name	: FreePDK3
[10:10:50.35] /o 	#######################################
[10:10:50.35] /o 
[10:10:50.39] /o Netlisting
[10:10:50.39] /o Creating output directories
[10:10:50.89] /o No Design Integrity rule violations found in "group8/memory_array_write_test/schematic"
[10:10:50.89] /o Scanning: group8/memory_array_write_test/schematic
[10:10:51.16] /o Scanning: group8/sram_6t/schematic
[10:10:51.38] /o Scanning: group8/static_row_decoder_3by8/schematic
[10:10:51.42] /o Scanning: group8/nand_i3/schematic
[10:10:51.46] /o Scanning: group8/inv/schematic
[10:10:51.65] /o Computing terminal lists
[10:10:51.65] /o Processing terminals of module group8/sram_6t/schematic
[10:10:51.68] /o Processing terminals of module group8/nand_i3/schematic
[10:10:51.69] /o Processing terminals of module group8/inv/schematic
[10:10:51.69] /o Processing terminals of module group8/static_row_decoder_3by8/schematic
[10:10:51.69] /o Processing terminals of module group8/memory_array_write_test/schematic
[10:10:51.69] /o Starting netlisting
[10:10:51.98] /o Formatting group8/memory_array_write_test/schematic
[10:10:52.06] /m Information: "group8 memory_array_write_test schematic" renetlisted. (NETLISTING-056)
[10:10:52.22] /m Information: "Netlisting design "group8/memory_array_write_test/schematic" finished successfully." (NETLISTING-012)
[10:10:52.33] /# Composing simulator input file for design "group8/memory_array_write_test/schematic"...
[10:10:53.46] /# Simulator input file composed successfully for design "group8/memory_array_write_test/schematic"
[10:10:53.59] /m Information: Save ouputs to /mnt/coe/workspace/ece/ece546-spr25/group8/group8_project/simulation/group8,memory_array_write_test,schematic/history_1/simulation/HSPICE_default/HSPICE/nominal/results/outputs.tcl for AVA evaluation.
[10:10:54.85] /o 
[10:10:55.86] /o                                          Composing Nominal                                         
[10:10:56.25] /o                         Launching jobs for testbench HSPICE_default started                        
[10:10:56.27] /# Starting PrimeSimHSPICE simulation for design: group8/memory_array_write_test/schematic
[10:10:56.34] /o                          Creating jobs for testbench HSPICE_default (0 / 1)                         
[10:10:56.40] /o                            Launching 1 jobs for testbench HSPICE_default                           
[10:10:56.75] /o                         Launching jobs for testbench HSPICE_default finished                        
[10:10:57.08] /m Information: 0 of 1 testbench(es) done. (PW_GUI-714)
[10:11:02.03] /m Information: Job distribution master (saeSession0,HSPICE_default.Simulation_Simulation session:session0 testbench:HSPICE_default) : up to 1 job running workers.
[10:11:35.65] /# Simulation completed successfully for design: group8/memory_array_write_test/schematic  (PW-651)
[10:11:35.74] /# Netlisting and simulation completed for testbench: HSPICE_default in 46s
[10:11:35.75] /# Evaluating and plotting outputs...
[10:11:38.97] /m Information: Jobs distribution master quit! (PW_GUI-822)
[10:11:39.09] /# Evaluating and plotting completed for testbench: HSPICE_default in 4s
[10:11:39.15] /m Information: 1 of 1 testbench(es) done. (PW_GUI-714)
[10:13:48.63] /o ==== Received Msg ====
              /c len=26 sourceSoc=sock442d3010 msgIndex=2 rawMsg=evalCmd ::wf::viewerExited
[10:13:48.63] /o 
[10:13:52.74] /o ==== Received Msg ====
              /c len=35 sourceSoc=sock442d3010 msgIndex=3 rawMsg=evalCmd ::wf::updateViewerLicense 2
[10:13:52.74] /o 
[10:13:55.58] /o ==== Received Msg ====
              /c len=221 sourceSoc=sock444c4e60 msgIndex=1 rawMsg=AppendTask /mnt/coe/workspace/ece/ece546-spr25/group8/group8_project/synopsys_custom/sim_server/custom_compiler.hrajesh/stb.group8.memory_array_write_test.schematic.session0/task1/sim_script1.tcl 1 saeSession0 1 overwrite
[10:13:55.58] /o 
[10:13:55.77] /m Information: Feature 'SynopsysCustomSAE' checked in. (LICENSE-004)
[10:13:55.80] /m Information: Feature 'SynopsysCustomSAE' checked out. (LICENSE-003)
[10:13:58.18] /m Information: "Starting incremental netlisting for design "group8/memory_array_write_test/schematic"..." (NETLISTING-010)
[10:13:58.24] /o Netlisting
[10:13:58.24] /o Creating output directories
[10:13:58.46] /o No Design Integrity rule violations found in "group8/memory_array_write_test/schematic"
[10:13:58.46] /o Scanning: group8/memory_array_write_test/schematic
[10:13:58.56] /o Scanning: group8/sram_6t/schematic
[10:13:58.80] /o Scanning: group8/inv/schematic
[10:13:58.86] /o Computing terminal lists
[10:13:58.86] /o Processing terminals of module group8/sram_6t/schematic
[10:13:58.89] /o Processing terminals of module group8/inv/schematic
[10:13:58.89] /o Processing terminals of module group8/memory_array_write_test/schematic
[10:13:58.90] /o Starting netlisting
[10:13:59.09] /o Formatting group8/memory_array_write_test/schematic
[10:13:59.15] /m Information: "group8 memory_array_write_test schematic" renetlisted. (NETLISTING-056)
[10:13:59.27] /m Information: "Netlisting design "group8/memory_array_write_test/schematic" finished successfully." (NETLISTING-012)
[10:13:59.33] /# Composing simulator input file for design "group8/memory_array_write_test/schematic"...
[10:14:00.44] /# Simulator input file composed successfully for design "group8/memory_array_write_test/schematic"
[10:14:00.56] /m Information: Save ouputs to /mnt/coe/workspace/ece/ece546-spr25/group8/group8_project/simulation/group8,memory_array_write_test,schematic/history_1/simulation/HSPICE_default/HSPICE/nominal/results/outputs.tcl for AVA evaluation.
[10:14:01.84] /o 
[10:14:02.98] /o                                          Composing Nominal                                         
[10:14:03.31] /o                         Launching jobs for testbench HSPICE_default started                        
[10:14:03.32] /# Starting PrimeSimHSPICE simulation for design: group8/memory_array_write_test/schematic
[10:14:03.38] /o                          Creating jobs for testbench HSPICE_default (0 / 1)                         
[10:14:03.44] /o                            Launching 1 jobs for testbench HSPICE_default                           
[10:14:03.77] /o                         Launching jobs for testbench HSPICE_default finished                        
[10:14:03.78] /o 
[10:14:04.04] /m Information: 1 of 2 testbench(es) done. (PW_GUI-714)
[10:14:09.11] /m Information: Job distribution master (saeSession0,HSPICE_default.Simulation_Simulation session:session1 testbench:HSPICE_default) : up to 1 job running workers.
[10:14:41.84] /# Simulation completed successfully for design: group8/memory_array_write_test/schematic  (PW-651)
[10:14:41.94] /# Netlisting and simulation completed for testbench: HSPICE_default in 44s
[10:14:41.95] /# Evaluating and plotting outputs...
[10:14:45.92] /m Information: Jobs distribution master quit! (PW_GUI-822)
[10:14:46.02] /# Evaluating and plotting completed for testbench: HSPICE_default in 5s
[10:14:46.07] /m Information: 2 of 2 testbench(es) done. (PW_GUI-714)
[10:15:37.15] /o ==== Received Msg ====
              /c len=8 sourceSoc=sock444c4e60 msgIndex=4 rawMsg=idleExit
[10:15:37.15] /o 
[10:15:37.24] /m Information: Exiting simulation server process. (PW_GUI-984)
[10:15:40.45] /o Shutdown time: Thu Apr  3 10:15:40 2025
[10:15:40.45] /o Elapsed session real time: 5.25 minutes
[10:15:40.45] /o Session terminated. Log is at /mnt/coe/workspace/ece/ece546-spr25/group8/group8_project/synopsys_custom/logs/primewave.hrajesh.2025_4_3_101023_706531.log
[10:15:40.49] /e Error: {}
