[11:45:30.37] /o 
              /c                          PrimeWave Design Environment 
              /c 
              /c                Version W-2024.09-SP1-2 for linux64 - Jan 15, 2025
              /c              Based on Custom Infrastructure
              /c Version W-2024.09-SP1-2
              /c 
              /c                     Copyright (c) 2004 - 2025 Synopsys, Inc.
              /c    This software and the associated documentation are proprietary to Synopsys,
              /c  Inc. This software may only be used in accordance with the terms and conditions
              /c  of a written license agreement with Synopsys, Inc. All other use, reproduction,
              /c    or distribution of this software is strictly prohibited.  Licensed Products
              /c      communicate with Synopsys servers for the purpose of providing software
              /c     updates, detecting software piracy and verifying that customers are using
              /c     Licensed Products in conformity with the applicable License Key for such
              /c   Licensed Products. Synopsys will use information gathered in connection with
              /c     this process to deliver software updates and pursue software pirates and
              /c                                    infringers.
              /c 
              /c  Inclusivity & Diversity - Visit SolvNetPlus to read the "Synopsys Statement on
              /c             Inclusivity and Diversity" (Refer to article 000036315 at
              /c                         https://solvnetplus.synopsys.com)
              /c 
              /c Build  (OPT) Config 11252589 compiled on Wed Jan 15 11:01:36 2025 for AlmaLinux 8.4
              /c Invocation: /mnt/apps/public/COE/synopsys_apps/primewave/W-2024.09-SP1-2/linux64/platform/bin/custom_shell -application primewave -gui 0 -uniqueString 424077b79e1069ee71b9cccebafe1c064d49f0484e1ba41a3b3a965d3326affa684f86f7aecfe7a38abe5a1c47f3ff93 -python 0 -command "source /mnt/coe/workspace/ece/ece546-spr25/group8/group8_project/synopsys_custom/sim_server/custom_compiler.nbandeh/stb.group8.SRAM_8x4_array.schematic.session0/sim_server_init.tcl" -log /mnt/coe/workspace/ece/ece546-spr25/group8/group8_project/synopsys_custom/primewave_session0_sim_server_job1 -libDefFile /mnt/coe/workspace/ece/ece546-spr25/group8/group8_project/lib.defs
              /c Execution time: Thu Apr  3 11:45:24 2025
              /c Host: hydra12.ece.ncsu.edu
              /c Working directory: /mnt/coe/workspace/ece/ece546-spr25/group8/group8_project
              /c 
[11:45:39.00] /m Information: Registering ICV PERC package...
[11:45:39.81] /m Information: Feature 'SynopsysCustomSAE' checked out. (LICENSE-003)
[11:45:40.15] /o 
[11:45:40.18] /i source /mnt/coe/workspace/ece/ece546-spr25/group8/group8_project/synopsys_custom/sim_server/custom_compiler.nbandeh/stb.group8.SRAM_8x4_array.schematic.session0/sim_server_init.tcl
[11:45:41.05] /o SimServer socket started on hydra12.ece.ncsu.edu:43767
[11:45:41.84] /m Information: Launching Waveform Viewer "cd /mnt/coe/workspace/ece/ece546-spr25/group8/group8_project/synopsys_custom/sim_server/custom_compiler.nbandeh/stb.group8.SRAM_8x4_array.schematic.session0/logs &&  /mnt/apps/public/COE/synopsys_apps/primewave/W-2024.09-SP1-2/auxx/../linux64/swv/bin/swv  -bg_gui -k -cdesigner -ptype wv -spxkey /mnt/apps/public/COE/synopsys_apps/primewave/W-2024.09-SP1-2/auxx/waveform/sae.spxkey -spxrc /tmp/tmp_sae_spxrc_gmgKQi -unique_string 424077b79e1069ee377f9d5d665b61204d49f0484e1ba41a3b3a965d3326affa43ab9aba1263e4a556202dfbf1af4d8572bddb75a26c98e5 -lic_type 2   -parent_cc_pid 3930666  > /mnt/coe/workspace/ece/ece546-spr25/group8/group8_project/synopsys_custom/sim_server/custom_compiler.nbandeh/stb.group8.SRAM_8x4_array.schematic.session0/logs/viewer.log 2>&1"
[11:45:41.89] /o ==== Received Msg ====
              /c len=212 sourceSoc=sock489ed980 msgIndex=6 rawMsg=AppendTask /mnt/coe/workspace/ece/ece546-spr25/group8/group8_project/synopsys_custom/sim_server/custom_compiler.nbandeh/stb.group8.SRAM_8x4_array.schematic.session0/task0/sim_script0.tcl 0 saeSession0 1 overwrite
[11:45:41.89] /o 
[11:45:42.02] /o ==== Received Msg ====
              /c len=26 sourceSoc=sock489ed980 msgIndex=14 rawMsg=evalCmd ::wf::viewerExited
[11:45:42.02] /o 
[11:45:42.04] /o ==== Received Msg ====
              /c len=35 sourceSoc=sock489ed980 msgIndex=15 rawMsg=evalCmd ::wf::updateViewerLicense 2
[11:45:42.04] /o 
[11:45:45.16] /m Information: "Starting incremental netlisting for design "group8/SRAM_8x4_array/schematic"..." (NETLISTING-010)
[11:45:45.26] /o Loading: Callback files...
[11:45:45.28] /o Loading: scripts/callbacks/callbacks.tcl
[11:45:45.28] /o 
              /c [INFO] : Loading display.drf from /mnt/designkits/ncsu/FreePDK3/syncust/NCSU_TechLib_FreePDK3
              /c 
              /c  if you wish to Load other display.drf, please set shell environment valiable "iPDK_load_display_NCSU_TechLib_FreePDK3" to value = 0
[11:45:45.28] /o 
[11:45:45.34] /w Warning: Could not set the value of preference xtDRCTool because it does not exist. (PREFERENCE-016)
[11:45:45.34] /w Warning: Could not set the value of preference xtDRCICVRunsetFile because it does not exist. (PREFERENCE-016)
[11:45:45.34] /w Warning: Could not set the value of preference xtDRCICVIncludePaths because it does not exist. (PREFERENCE-016)
[11:45:45.34] /w Warning: Could not set the value of preference xtDRCLayDBFormat because it does not exist. (PREFERENCE-016)
[11:45:45.34] /w Warning: Could not set the value of preference xtLVSTool because it does not exist. (PREFERENCE-016)
[11:45:45.34] /w Warning: Could not set the value of preference xtLVSICVRunsetFile because it does not exist. (PREFERENCE-016)
[11:45:45.34] /w Warning: Could not set the value of preference xtLVSICVIncludePaths because it does not exist. (PREFERENCE-016)
[11:45:45.34] /w Warning: Could not set the value of preference xtLVSLayDBFormat because it does not exist. (PREFERENCE-016)
[11:45:45.34] /w Warning: Could not set the value of preference xtLPELVSTool because it does not exist. (PREFERENCE-016)
[11:45:45.34] /w Warning: Could not set the value of preference xtLPETool because it does not exist. (PREFERENCE-016)
[11:45:45.34] /w Warning: Could not set the value of preference xtLPEOpenParasiticView because it does not exist. (PREFERENCE-016)
[11:45:45.34] /w Warning: Could not set the value of preference xtStarTcadGrdFile because it does not exist. (PREFERENCE-016)
[11:45:45.34] /w Warning: Could not set the value of preference xtLPEStarOADeviceMappingFile because it does not exist. (PREFERENCE-016)
[11:45:45.34] /w Warning: Could not set the value of preference xtStarOALayerMappingFile because it does not exist. (PREFERENCE-016)
[11:45:45.34] /o 	#######################################
[11:45:45.34] /o 	CC-PDK Library Name	: FreePDK3
[11:45:45.34] /o 	#######################################
[11:45:45.34] /o 
[11:45:45.45] /o Netlisting
[11:45:45.45] /o Creating output directories
[11:45:45.96] /o No Design Integrity rule violations found in "group8/SRAM_8x4_array/schematic"
[11:45:45.96] /o Scanning: group8/SRAM_8x4_array/schematic
[11:45:46.26] /o Scanning: group8/sram_6t/schematic
[11:45:46.50] /m Information: 
[11:45:46.50] /o Checking "group8/static_row_decoder_3by8/schematic"
[11:45:46.50] /o No rule violations found in "group8/static_row_decoder_3by8/schematic"
[11:45:46.50] /o Scanning: group8/static_row_decoder_3by8/schematic
[11:45:46.55] /o Scanning: group8/nand_i3/schematic
[11:45:46.61] /o Scanning: group8/inv/schematic
[11:45:46.68] /m Information: 
[11:45:46.68] /o Checking "group8/2to4_decoder/schematic"
[11:45:46.68] /o No rule violations found in "group8/2to4_decoder/schematic"
[11:45:46.68] /o Scanning: group8/2to4_decoder/schematic
[11:45:46.73] /m Information: 
[11:45:46.73] /o Checking "group8/precharge_logic/schematic"
[11:45:46.73] /o No rule violations found in "group8/precharge_logic/schematic"
[11:45:46.73] /o Scanning: group8/precharge_logic/schematic
[11:45:46.84] /o Scanning: group8/nand/schematic
[11:45:46.85] /o Computing terminal lists
[11:45:46.85] /o Processing terminals of module group8/sram_6t/schematic
[11:45:46.86] /o Processing terminals of module group8/nand_i3/schematic
[11:45:46.87] /o Processing terminals of module group8/inv/schematic
[11:45:46.87] /o Processing terminals of module group8/static_row_decoder_3by8/schematic
[11:45:46.87] /o Processing terminals of module group8/2to4_decoder/schematic
[11:45:46.87] /o Processing terminals of module group8/precharge_logic/schematic
[11:45:46.87] /o Processing terminals of module group8/nand/schematic
[11:45:46.87] /o Processing terminals of module group8/SRAM_8x4_array/schematic
[11:45:46.88] /o Starting netlisting
[11:45:47.77] /m Information: "Netlisting design "group8/SRAM_8x4_array/schematic" finished successfully." (NETLISTING-012)
[11:45:47.89] /# Composing simulator input file for design "group8/SRAM_8x4_array/schematic"...
[11:45:51.38] /# Simulator input file composed successfully for design "group8/SRAM_8x4_array/schematic"
[11:45:51.63] /m Information: Save ouputs to /mnt/coe/workspace/ece/ece546-spr25/group8/group8_project/simulation/group8,SRAM_8x4_array,schematic/history_1/simulation/default/PrimeSimHSPICE/nominal/results/outputs.tcl for AVA evaluation.
[11:45:53.93] /o 
[11:45:55.91] /o                                          Composing Nominal                                         
[11:45:56.52] /o                             Launching jobs for testbench default started                            
[11:45:56.54] /# Starting PrimeSimHSPICE simulation for design: group8/SRAM_8x4_array/schematic
[11:45:56.67] /o                             Creating jobs for testbench default (0 / 1)                            
[11:45:56.78] /o                                Launching 1 jobs for testbench default                               
[11:45:57.42] /o                            Launching jobs for testbench default finished                           
[11:45:58.85] /m Information: 0 of 1 testbench(es) done. (PW_GUI-714)
[11:46:00.03] /m Information: Job distribution master (saeSession0,default.Simulation_Simulation session:session0 testbench:default) : up to 1 job running workers.
[11:46:34.44] /# Simulation completed successfully for design: group8/SRAM_8x4_array/schematic  (PW-651)
[11:46:34.60] /# Netlisting and simulation completed for testbench: default in 50s
[11:46:34.62] /# Evaluating and plotting outputs...
[11:46:42.41] /m Information: Jobs distribution master quit! (PW_GUI-822)
[11:46:43.21] /# Evaluating and plotting completed for testbench: default in 9s
[11:46:43.37] /m Information: 1 of 1 testbench(es) done. (PW_GUI-714)
[11:49:01.87] /o ==== Received Msg ====
              /c len=212 sourceSoc=sock44b17240 msgIndex=7 rawMsg=AppendTask /mnt/coe/workspace/ece/ece546-spr25/group8/group8_project/synopsys_custom/sim_server/custom_compiler.nbandeh/stb.group8.SRAM_8x4_array.schematic.session0/task1/sim_script1.tcl 1 saeSession0 1 overwrite
[11:49:01.87] /o 
[11:49:02.10] /m Information: Feature 'SynopsysCustomSAE' checked in. (LICENSE-004)
[11:49:02.13] /m Information: Feature 'SynopsysCustomSAE' checked out. (LICENSE-003)
[11:49:05.30] /m Information: "Starting incremental netlisting for design "group8/SRAM_8x4_array/schematic"..." (NETLISTING-010)
[11:49:05.42] /o Netlisting
[11:49:05.42] /o Creating output directories
[11:49:05.68] /o No Design Integrity rule violations found in "group8/SRAM_8x4_array/schematic"
[11:49:05.68] /o Scanning: group8/SRAM_8x4_array/schematic
[11:49:05.80] /o Scanning: group8/sram_6t/schematic
[11:49:06.02] /m Information: 
[11:49:06.02] /o Checking "group8/static_row_decoder_3by8/schematic"
[11:49:06.02] /o No rule violations found in "group8/static_row_decoder_3by8/schematic"
[11:49:06.02] /o Scanning: group8/static_row_decoder_3by8/schematic
[11:49:06.08] /o Scanning: group8/nand_i3/schematic
[11:49:06.14] /o Scanning: group8/inv/schematic
[11:49:06.20] /m Information: 
[11:49:06.20] /o Checking "group8/2to4_decoder/schematic"
[11:49:06.20] /o No rule violations found in "group8/2to4_decoder/schematic"
[11:49:06.20] /o Scanning: group8/2to4_decoder/schematic
[11:49:06.26] /m Information: 
[11:49:06.26] /o Checking "group8/precharge_logic/schematic"
[11:49:06.26] /o No rule violations found in "group8/precharge_logic/schematic"
[11:49:06.26] /o Scanning: group8/precharge_logic/schematic
[11:49:06.37] /o Scanning: group8/nand/schematic
[11:49:06.37] /o Computing terminal lists
[11:49:06.37] /o Processing terminals of module group8/sram_6t/schematic
[11:49:06.39] /o Processing terminals of module group8/nand_i3/schematic
[11:49:06.39] /o Processing terminals of module group8/inv/schematic
[11:49:06.39] /o Processing terminals of module group8/static_row_decoder_3by8/schematic
[11:49:06.39] /o Processing terminals of module group8/2to4_decoder/schematic
[11:49:06.39] /o Processing terminals of module group8/precharge_logic/schematic
[11:49:06.39] /o Processing terminals of module group8/nand/schematic
[11:49:06.39] /o Processing terminals of module group8/SRAM_8x4_array/schematic
[11:49:06.40] /o Starting netlisting
[11:49:06.91] /o Formatting group8/SRAM_8x4_array/schematic
[11:49:07.04] /m Information: "group8 SRAM_8x4_array schematic" renetlisted. (NETLISTING-056)
[11:49:07.44] /m Information: "Netlisting design "group8/SRAM_8x4_array/schematic" finished successfully." (NETLISTING-012)
[11:49:07.55] /# Composing simulator input file for design "group8/SRAM_8x4_array/schematic"...
[11:49:11.07] /# Simulator input file composed successfully for design "group8/SRAM_8x4_array/schematic"
[11:49:11.33] /m Information: Save ouputs to /mnt/coe/workspace/ece/ece546-spr25/group8/group8_project/simulation/group8,SRAM_8x4_array,schematic/history_1/simulation/default/PrimeSimHSPICE/nominal/results/outputs.tcl for AVA evaluation.
[11:49:13.68] /o 
[11:49:15.66] /o                                          Composing Nominal                                         
[11:49:16.26] /o                             Launching jobs for testbench default started                            
[11:49:16.29] /# Starting PrimeSimHSPICE simulation for design: group8/SRAM_8x4_array/schematic
[11:49:16.41] /o                             Creating jobs for testbench default (0 / 1)                            
[11:49:16.52] /o                                Launching 1 jobs for testbench default                               
[11:49:17.15] /o                            Launching jobs for testbench default finished                           
[11:49:17.18] /o 
[11:49:17.46] /m Information: 1 of 2 testbench(es) done. (PW_GUI-714)
[11:49:17.74] /o ==== Received Msg ====
              /c len=26 sourceSoc=sock44b17240 msgIndex=16 rawMsg=evalCmd ::wf::viewerExited
[11:49:17.74] /o 
[11:49:20.03] /m Information: Job distribution master (saeSession0,default.Simulation_Simulation session:session1 testbench:default) : up to 1 job running workers.
[11:49:24.89] /o ==== Received Msg ====
              /c len=35 sourceSoc=sock44b17240 msgIndex=17 rawMsg=evalCmd ::wf::updateViewerLicense 2
[11:49:24.89] /o 
[11:49:55.83] /# Simulation completed successfully for design: group8/SRAM_8x4_array/schematic  (PW-651)
[11:49:55.99] /# Netlisting and simulation completed for testbench: default in 51s
[11:49:56.01] /# Evaluating and plotting outputs...
[11:50:03.32] /m Information: Jobs distribution master quit! (PW_GUI-822)
[11:50:04.21] /# Evaluating and plotting completed for testbench: default in 9s
[11:50:04.31] /m Information: 2 of 2 testbench(es) done. (PW_GUI-714)
[11:50:24.53] /o ==== Received Msg ====
              /c len=8 sourceSoc=sock44b17240 msgIndex=18 rawMsg=idleExit
[11:50:24.53] /o 
[11:50:25.01] /m Information: Exiting simulation server process. (PW_GUI-984)
[11:50:34.10] /o Shutdown time: Thu Apr  3 11:50:34 2025
[11:50:34.10] /o Elapsed session real time: 5.13 minutes
[11:50:34.10] /o Session terminated. Log is at /mnt/coe/workspace/ece/ece546-spr25/group8/group8_project/synopsys_custom/logs/primewave.nbandeh.2025_4_3_114524_3930666.log
[11:50:34.13] /e Error: {}
