[15:35:23.79] /o 
              /c                          PrimeWave Design Environment 
              /c 
              /c                Version W-2024.09-SP1-2 for linux64 - Jan 15, 2025
              /c              Based on Custom Infrastructure
              /c Version W-2024.09-SP1-2
              /c 
              /c                     Copyright (c) 2004 - 2025 Synopsys, Inc.
              /c    This software and the associated documentation are proprietary to Synopsys,
              /c  Inc. This software may only be used in accordance with the terms and conditions
              /c  of a written license agreement with Synopsys, Inc. All other use, reproduction,
              /c    or distribution of this software is strictly prohibited.  Licensed Products
              /c      communicate with Synopsys servers for the purpose of providing software
              /c     updates, detecting software piracy and verifying that customers are using
              /c     Licensed Products in conformity with the applicable License Key for such
              /c   Licensed Products. Synopsys will use information gathered in connection with
              /c     this process to deliver software updates and pursue software pirates and
              /c                                    infringers.
              /c 
              /c  Inclusivity & Diversity - Visit SolvNetPlus to read the "Synopsys Statement on
              /c             Inclusivity and Diversity" (Refer to article 000036315 at
              /c                         https://solvnetplus.synopsys.com)
              /c 
              /c Build  (OPT) Config 11252589 compiled on Wed Jan 15 11:01:36 2025 for AlmaLinux 8.4
              /c Invocation: /mnt/apps/public/COE/synopsys_apps/primewave/W-2024.09-SP1-2/linux64/platform/bin/custom_shell -application primewave -gui 0 -uniqueString 424077b79e1069eedd8578c011d9500f2c97bf2f98d5b5cdf93a5ef511cc936bab40e5445ef61c8c8c4c4ef50091884e -python 0 -log pw_shell_session0_job5 -libDefFile /mnt/coe/workspace/ece/ece546-spr25/group8/group8_project/lib.defs
              /c Execution time: Tue Apr  1 15:35:22 2025
              /c Host: warlock.ece.ncsu.edu
              /c Working directory: /mnt/coe/workspace/ece/ece546-spr25/group8/group8_project
              /c 
[15:35:28.64] /m Information: Registering ICV PERC package...
[15:35:29.44] /m Information: Feature 'SynopsysCustomSAE' checked out. (LICENSE-003)
[15:35:29.44] /i catch {source /tmp/copyScript45387}; ::sa::_backgroundSaeShell::signalProcessReady 1743536120 29470
[15:35:29.45] /o saeInterBGSaeShell:  ::sa::_backgroundSaeShell::processReady 9
[15:35:29.57] /o 
[15:37:10.57] /i ::sa::_backgroundSaeShell::exit
[15:37:10.57] /o saeInterBGSaeShell:  ::sa::_backgroundSaeShell::childFormallyExiting
[15:37:11.47] /e Error: Error happens when creating .sae.spxrc
[15:37:11.48] /o Shutdown time: Tue Apr  1 15:37:11 2025
[15:37:11.48] /o Elapsed session real time: 1.8 minutes
[15:37:11.48] /o Session terminated. Log is at /mnt/coe/workspace/ece/ece546-spr25/group8/group8_project/synopsys_custom/logs/primewave.nbandeh.2025_4_1_153522_42359.log
