[23:54:42.85] /o 
              /c                          PrimeWave Design Environment 
              /c 
              /c                Version W-2024.09-SP1-2 for linux64 - Jan 15, 2025
              /c              Based on Custom Infrastructure
              /c Version W-2024.09-SP1-2
              /c 
              /c                     Copyright (c) 2004 - 2025 Synopsys, Inc.
              /c    This software and the associated documentation are proprietary to Synopsys,
              /c  Inc. This software may only be used in accordance with the terms and conditions
              /c  of a written license agreement with Synopsys, Inc. All other use, reproduction,
              /c    or distribution of this software is strictly prohibited.  Licensed Products
              /c      communicate with Synopsys servers for the purpose of providing software
              /c     updates, detecting software piracy and verifying that customers are using
              /c     Licensed Products in conformity with the applicable License Key for such
              /c   Licensed Products. Synopsys will use information gathered in connection with
              /c     this process to deliver software updates and pursue software pirates and
              /c                                    infringers.
              /c 
              /c  Inclusivity & Diversity - Visit SolvNetPlus to read the "Synopsys Statement on
              /c             Inclusivity and Diversity" (Refer to article 000036315 at
              /c                         https://solvnetplus.synopsys.com)
              /c 
              /c Build  (OPT) Config 11252589 compiled on Wed Jan 15 11:01:36 2025 for AlmaLinux 8.4
              /c Invocation: /mnt/apps/public/COE/synopsys_apps/primewave/W-2024.09-SP1-2/linux64/platform/bin/custom_shell -application primewave -gui 0 -uniqueString 424077b79e1069ee38309584560f0273f03d3135d99f0755c1cb7792ad9475422599f914e16d00e54ee89ea50c8478bc -python 0 -log pw_shell_session0_job6 -libDefFile /mnt/coe/workspace/ece/ece546-spr25/group8/group8_project/lib.defs
              /c Execution time: Tue Mar 25 23:54:37 2025
              /c Host: hydra11.ece.ncsu.edu
              /c Working directory: /mnt/coe/workspace/ece/ece546-spr25/group8/group8_project
              /c 
[23:54:50.94] /m Information: Registering ICV PERC package...
[23:54:51.10] /w Warning: In file /mnt/coe/workspace/ece/ece546-spr25/group8/group8_project/lib.defs: Unable to open library proj_common at path /mnt/coe/workspace/ece/ece546-common/proj_common : No access permission. (DATA_MANAGEMENT-014)
[23:54:51.51] /m Information: Feature 'SynopsysCustomSAE' checked out. (LICENSE-003)
[23:54:51.52] /i catch {source /tmp/copyScript93434}; ::sa::_backgroundSaeShell::signalProcessReady 1742961274 955642
[23:54:51.53] /o saeInterBGSaeShell:  ::sa::_backgroundSaeShell::processReady 17
[23:54:51.65] /o 
[23:56:44.74] /i ::wf::viewerExited
[23:56:49.97] /i ::wf::updateViewerLicense 2
[23:58:31.14] /i ::sa::_backgroundSaeShell::exit
[23:58:31.14] /o saeInterBGSaeShell:  ::sa::_backgroundSaeShell::childFormallyExiting
[23:58:33.98] /o Shutdown time: Tue Mar 25 23:58:33 2025
[23:58:33.98] /o Elapsed session real time: 3.91 minutes
[23:58:33.98] /o Session terminated. Log is at /mnt/coe/workspace/ece/ece546-spr25/group8/group8_project/synopsys_custom/logs/primewave.hrajesh.2025_3_25_235437_989469.log
