[14:06:31.47] /o 
              /c                          PrimeWave Design Environment 
              /c 
              /c                Version W-2024.09-SP1-2 for linux64 - Jan 15, 2025
              /c              Based on Custom Infrastructure
              /c Version W-2024.09-SP1-2
              /c 
              /c                     Copyright (c) 2004 - 2025 Synopsys, Inc.
              /c    This software and the associated documentation are proprietary to Synopsys,
              /c  Inc. This software may only be used in accordance with the terms and conditions
              /c  of a written license agreement with Synopsys, Inc. All other use, reproduction,
              /c    or distribution of this software is strictly prohibited.  Licensed Products
              /c      communicate with Synopsys servers for the purpose of providing software
              /c     updates, detecting software piracy and verifying that customers are using
              /c     Licensed Products in conformity with the applicable License Key for such
              /c   Licensed Products. Synopsys will use information gathered in connection with
              /c     this process to deliver software updates and pursue software pirates and
              /c                                    infringers.
              /c 
              /c  Inclusivity & Diversity - Visit SolvNetPlus to read the "Synopsys Statement on
              /c             Inclusivity and Diversity" (Refer to article 000036315 at
              /c                         https://solvnetplus.synopsys.com)
              /c 
              /c Build  (OPT) Config 11252589 compiled on Wed Jan 15 11:01:36 2025 for AlmaLinux 8.4
              /c Invocation: /mnt/apps/public/COE/synopsys_apps/primewave/W-2024.09-SP1-2/linux64/platform/bin/custom_shell -application primewave -gui 0 -uniqueString 424077b79e1069ee91043358a18402d3fe01eb4215c734e6103ebf0b7deb01df8ac57c668c710369 -python 0 -log pw_shell_session2_job2 -libDefFile /mnt/coe/workspace/ece/ece546-spr25/group8/group8_project/lib.defs
              /c Execution time: Thu Apr  3 14:06:29 2025
              /c Host: viper.ece.ncsu.edu
              /c Working directory: /mnt/coe/workspace/ece/ece546-spr25/group8/group8_project
              /c 
[14:06:35.71] /m Information: Registering ICV PERC package...
[14:06:36.19] /m Information: Feature 'SynopsysCustomSAE' checked out. (LICENSE-003)
[14:06:36.19] /i catch {source /tmp/copyScript95485}; ::sa::_backgroundSaeShell::signalProcessReady 1743703587 22212
[14:06:36.20] /o saeInterBGSaeShell:  ::sa::_backgroundSaeShell::processReady 9
[14:06:36.56] /o 
[14:11:22.97] /i ::wf::viewerExited
[14:11:24.61] /i ::wf::updateViewerLicense 2
[14:11:37.38] /o saeInterBGSaeShell:  ::sa::_backgroundSaeShell::pingBack
[14:11:38.09] /i ::sa::_backgroundSaeShell::parentRunning
[14:11:38.09] /o false
[14:11:54.56] /i ::sa::_backgroundSaeShell::exit
[14:11:54.56] /o saeInterBGSaeShell:  ::sa::_backgroundSaeShell::childFormallyExiting
[14:11:57.32] /o Shutdown time: Thu Apr  3 14:11:57 2025
[14:11:57.32] /o Elapsed session real time: 5.45 minutes
[14:11:57.32] /o Session terminated. Log is at /mnt/coe/workspace/ece/ece546-spr25/group8/group8_project/synopsys_custom/logs/primewave.hrajesh.2025_4_3_140629_46249.log
