[20:58:53.05] /o 
              /c                          PrimeWave Design Environment 
              /c 
              /c                Version W-2024.09-SP1-2 for linux64 - Jan 15, 2025
              /c              Based on Custom Infrastructure
              /c Version W-2024.09-SP1-2
              /c 
              /c                     Copyright (c) 2004 - 2025 Synopsys, Inc.
              /c    This software and the associated documentation are proprietary to Synopsys,
              /c  Inc. This software may only be used in accordance with the terms and conditions
              /c  of a written license agreement with Synopsys, Inc. All other use, reproduction,
              /c    or distribution of this software is strictly prohibited.  Licensed Products
              /c      communicate with Synopsys servers for the purpose of providing software
              /c     updates, detecting software piracy and verifying that customers are using
              /c     Licensed Products in conformity with the applicable License Key for such
              /c   Licensed Products. Synopsys will use information gathered in connection with
              /c     this process to deliver software updates and pursue software pirates and
              /c                                    infringers.
              /c 
              /c  Inclusivity & Diversity - Visit SolvNetPlus to read the "Synopsys Statement on
              /c             Inclusivity and Diversity" (Refer to article 000036315 at
              /c                         https://solvnetplus.synopsys.com)
              /c 
              /c Build  (OPT) Config 11252589 compiled on Wed Jan 15 11:01:36 2025 for AlmaLinux 8.4
              /c Invocation: /mnt/apps/public/COE/synopsys_apps/primewave/W-2024.09-SP1-2/linux64/platform/bin/custom_shell -application primewave -gui 0 -uniqueString 424077b79e1069eec647c84b622085a76c7dd0c34ddd3fe0c1cb7792ad947542e71406f07cf9b102a25c7b5f7d0824b8 -python 0 -command "source /mnt/coe/workspace/ece/ece546-spr25/group8/group8_project/synopsys_custom/sim_server/custom_compiler.nbandeh/stb.group8.2to4decodermux_tb.schematic.session0/sim_server_init.tcl" -log /mnt/coe/workspace/ece/ece546-spr25/group8/group8_project/synopsys_custom/primewave_session0_sim_server_job1 -libDefFile /mnt/coe/workspace/ece/ece546-spr25/group8/group8_project/lib.defs
              /c Execution time: Mon Mar 31 20:58:47 2025
              /c Host: hydra12.ece.ncsu.edu
              /c Working directory: /mnt/coe/workspace/ece/ece546-spr25/group8/group8_project
              /c 
[20:59:01.62] /m Information: Registering ICV PERC package...
[20:59:02.43] /m Information: Feature 'SynopsysCustomSAE' checked out. (LICENSE-003)
[20:59:02.65] /o 
[20:59:02.68] /i source /mnt/coe/workspace/ece/ece546-spr25/group8/group8_project/synopsys_custom/sim_server/custom_compiler.nbandeh/stb.group8.2to4decodermux_tb.schematic.session0/sim_server_init.tcl
[20:59:03.38] /o SimServer socket started on hydra12.ece.ncsu.edu:34735
[20:59:03.99] /m Information: Launching Waveform Viewer "cd /mnt/coe/workspace/ece/ece546-spr25/group8/group8_project/synopsys_custom/sim_server/custom_compiler.nbandeh/stb.group8.2to4decodermux_tb.schematic.session0/logs &&  /mnt/apps/public/COE/synopsys_apps/primewave/W-2024.09-SP1-2/auxx/../linux64/swv/bin/swv  -bg_gui -k -cdesigner -ptype wv -spxkey /mnt/apps/public/COE/synopsys_apps/primewave/W-2024.09-SP1-2/auxx/waveform/sae.spxkey -spxrc /tmp/tmp_sae_spxrc_g0XdXe -unique_string 424077b79e1069ee5fededadb0d9826d6c7dd0c34ddd3fe0c1cb7792ad94754215911dea03ed9e14af7a8bbb810d054342458ac5ff26f0e1 -lic_type 2   -parent_cc_pid 919844  > /mnt/coe/workspace/ece/ece546-spr25/group8/group8_project/synopsys_custom/sim_server/custom_compiler.nbandeh/stb.group8.2to4decodermux_tb.schematic.session0/logs/viewer.log 2>&1"
[20:59:04.05] /o ==== Received Msg ====
              /c len=215 sourceSoc=sock43bf4630 msgIndex=0 rawMsg=AppendTask /mnt/coe/workspace/ece/ece546-spr25/group8/group8_project/synopsys_custom/sim_server/custom_compiler.nbandeh/stb.group8.2to4decodermux_tb.schematic.session0/task0/sim_script0.tcl 0 saeSession0 1 overwrite
[20:59:04.05] /o 
[20:59:07.26] /m Information: "Starting incremental netlisting for design "group8/2to4decodermux_tb/schematic"..." (NETLISTING-010)
[20:59:07.38] /o Loading: Callback files...
[20:59:07.40] /o Loading: scripts/callbacks/callbacks.tcl
[20:59:07.40] /o 
              /c [INFO] : Loading display.drf from /mnt/designkits/ncsu/FreePDK3/syncust/NCSU_TechLib_FreePDK3
              /c 
              /c  if you wish to Load other display.drf, please set shell environment valiable "iPDK_load_display_NCSU_TechLib_FreePDK3" to value = 0
[20:59:07.40] /o 
[20:59:07.46] /w Warning: Could not set the value of preference xtDRCTool because it does not exist. (PREFERENCE-016)
[20:59:07.46] /w Warning: Could not set the value of preference xtDRCICVRunsetFile because it does not exist. (PREFERENCE-016)
[20:59:07.46] /w Warning: Could not set the value of preference xtDRCICVIncludePaths because it does not exist. (PREFERENCE-016)
[20:59:07.46] /w Warning: Could not set the value of preference xtDRCLayDBFormat because it does not exist. (PREFERENCE-016)
[20:59:07.46] /w Warning: Could not set the value of preference xtLVSTool because it does not exist. (PREFERENCE-016)
[20:59:07.46] /w Warning: Could not set the value of preference xtLVSICVRunsetFile because it does not exist. (PREFERENCE-016)
[20:59:07.46] /w Warning: Could not set the value of preference xtLVSICVIncludePaths because it does not exist. (PREFERENCE-016)
[20:59:07.46] /w Warning: Could not set the value of preference xtLVSLayDBFormat because it does not exist. (PREFERENCE-016)
[20:59:07.46] /w Warning: Could not set the value of preference xtLPELVSTool because it does not exist. (PREFERENCE-016)
[20:59:07.46] /w Warning: Could not set the value of preference xtLPETool because it does not exist. (PREFERENCE-016)
[20:59:07.46] /w Warning: Could not set the value of preference xtLPEOpenParasiticView because it does not exist. (PREFERENCE-016)
[20:59:07.46] /w Warning: Could not set the value of preference xtStarTcadGrdFile because it does not exist. (PREFERENCE-016)
[20:59:07.46] /w Warning: Could not set the value of preference xtLPEStarOADeviceMappingFile because it does not exist. (PREFERENCE-016)
[20:59:07.46] /w Warning: Could not set the value of preference xtStarOALayerMappingFile because it does not exist. (PREFERENCE-016)
[20:59:07.46] /o 	#######################################
[20:59:07.46] /o 	CC-PDK Library Name	: FreePDK3
[20:59:07.46] /o 	#######################################
[20:59:07.46] /o 
[20:59:07.54] /o Netlisting
[20:59:07.54] /o Creating output directories
[20:59:07.95] /o No Design Integrity rule violations found in "group8/2to4decodermux_tb/schematic"
[20:59:07.95] /o Scanning: group8/2to4decodermux_tb/schematic
[20:59:08.31] /o Scanning: group8/2to4decodermux/schematic
[20:59:08.62] /o Scanning: group8/inv/schematic
[20:59:08.82] /o Computing terminal lists
[20:59:08.82] /o Processing terminals of module group8/inv/schematic
[20:59:08.86] /o Processing terminals of module group8/2to4decodermux/schematic
[20:59:08.87] /o Processing terminals of module group8/2to4decodermux_tb/schematic
[20:59:08.87] /o Starting netlisting
[20:59:09.04] /o Formatting group8/inv/schematic
[20:59:09.06] /m Information: "group8 inv schematic" renetlisted. (NETLISTING-056)
[20:59:09.13] /o Formatting group8/2to4decodermux/schematic
[20:59:09.24] /m Information: "group8 2to4decodermux schematic" renetlisted. (NETLISTING-056)
[20:59:09.35] /o Formatting group8/2to4decodermux_tb/schematic
[20:59:09.40] /m Information: "group8 2to4decodermux_tb schematic" renetlisted. (NETLISTING-056)
[20:59:09.66] /m Information: "Netlisting design "group8/2to4decodermux_tb/schematic" finished successfully." (NETLISTING-012)
[20:59:09.85] /# Composing simulator input file for design "group8/2to4decodermux_tb/schematic"...
[20:59:18.51] /# Simulator input file composed successfully for design "group8/2to4decodermux_tb/schematic"
[20:59:18.79] /m Information: Save ouputs to /mnt/coe/workspace/ece/ece546-spr25/group8/group8_project/simulation/group8,2to4decodermux_tb,schematic/history_1/simulation/HSPICE_default/HSPICE/nominal/results/outputs.tcl for AVA evaluation.
[20:59:20.47] /o 
[20:59:22.23] /o                                          Composing Nominal                                         
[20:59:22.92] /o                         Launching jobs for testbench HSPICE_default started                        
[20:59:22.94] /# Starting PrimeSimHSPICE simulation for design: group8/2to4decodermux_tb/schematic
[20:59:23.06] /o                          Creating jobs for testbench HSPICE_default (0 / 1)                         
[20:59:23.17] /o                            Launching 1 jobs for testbench HSPICE_default                           
[20:59:23.79] /o                         Launching jobs for testbench HSPICE_default finished                        
[20:59:25.23] /m Information: 0 of 1 testbench(es) done. (PW_GUI-714)
[20:59:29.03] /m Information: Job distribution master (saeSession0,HSPICE_default.Simulation_Simulation session:session0 testbench:HSPICE_default) : up to 1 job running workers.
[21:00:00.63] /# Simulation completed successfully for design: group8/2to4decodermux_tb/schematic  (PW-651)
[21:00:00.78] /# Netlisting and simulation completed for testbench: HSPICE_default in 54s
[21:00:00.80] /# Evaluating and plotting outputs...
[21:00:06.56] /m Information: Jobs distribution master quit! (PW_GUI-822)
[21:00:07.60] /# Evaluating and plotting completed for testbench: HSPICE_default in 7s
[21:00:07.71] /m Information: 1 of 1 testbench(es) done. (PW_GUI-714)
[21:01:10.24] /o ==== Received Msg ====
              /c len=26 sourceSoc=sock43bf4630 msgIndex=3 rawMsg=evalCmd ::wf::viewerExited
[21:01:10.24] /o 
[21:01:13.64] /o ==== Received Msg ====
              /c len=35 sourceSoc=sock43bf4630 msgIndex=4 rawMsg=evalCmd ::wf::updateViewerLicense 2
[21:01:13.64] /o 
[21:04:37.94] /o ==== Received Msg ====
              /c len=26 sourceSoc=sock43bf4630 msgIndex=5 rawMsg=evalCmd ::wf::viewerExited
[21:04:37.94] /o 
[21:04:45.54] /o ==== Received Msg ====
              /c len=35 sourceSoc=sock43bf4630 msgIndex=6 rawMsg=evalCmd ::wf::updateViewerLicense 2
[21:04:45.54] /o 
[21:05:00.03] /o ==== Received Msg ====
              /c len=26 sourceSoc=sock43bf4630 msgIndex=7 rawMsg=evalCmd ::wf::viewerExited
[21:05:00.03] /o 
[21:05:03.56] /o ==== Received Msg ====
              /c len=35 sourceSoc=sock43bf4630 msgIndex=8 rawMsg=evalCmd ::wf::updateViewerLicense 2
[21:05:03.56] /o 
[21:05:07.07] /m Information: Exiting simulation server process. (PW_GUI-984)
[21:05:10.68] /o Shutdown time: Mon Mar 31 21:05:10 2025
[21:05:10.68] /o Elapsed session real time: 6.36 minutes
[21:05:10.69] /o Session terminated. Log is at /mnt/coe/workspace/ece/ece546-spr25/group8/group8_project/synopsys_custom/logs/primewave.nbandeh.2025_3_31_205847_919844.log
[21:05:10.71] /e Error: {}
