[21:05:16.48] /o 
              /c                          PrimeWave Design Environment 
              /c 
              /c                Version W-2024.09-SP1-2 for linux64 - Jan 15, 2025
              /c              Based on Custom Infrastructure
              /c Version W-2024.09-SP1-2
              /c 
              /c                     Copyright (c) 2004 - 2025 Synopsys, Inc.
              /c    This software and the associated documentation are proprietary to Synopsys,
              /c  Inc. This software may only be used in accordance with the terms and conditions
              /c  of a written license agreement with Synopsys, Inc. All other use, reproduction,
              /c    or distribution of this software is strictly prohibited.  Licensed Products
              /c      communicate with Synopsys servers for the purpose of providing software
              /c     updates, detecting software piracy and verifying that customers are using
              /c     Licensed Products in conformity with the applicable License Key for such
              /c   Licensed Products. Synopsys will use information gathered in connection with
              /c     this process to deliver software updates and pursue software pirates and
              /c                                    infringers.
              /c 
              /c  Inclusivity & Diversity - Visit SolvNetPlus to read the "Synopsys Statement on
              /c             Inclusivity and Diversity" (Refer to article 000036315 at
              /c                         https://solvnetplus.synopsys.com)
              /c 
              /c Build  (OPT) Config 11252589 compiled on Wed Jan 15 11:01:36 2025 for AlmaLinux 8.4
              /c Invocation: /mnt/apps/public/COE/synopsys_apps/primewave/W-2024.09-SP1-2/linux64/platform/bin/custom_shell -application primewave -gui 0 -uniqueString 424077b79e1069eec647c84b622085a76c7dd0c34ddd3fe0c1cb7792ad947542b2fea7d71bd09d1184a5cb98ca4c21fe -python 0 -command "source /mnt/coe/workspace/ece/ece546-spr25/group8/group8_project/synopsys_custom/sim_server/custom_compiler.nbandeh/stb.group8.2to4decodermux_tb.schematic.session0/sim_server_init.tcl" -log /mnt/coe/workspace/ece/ece546-spr25/group8/group8_project/synopsys_custom/primewave_session0_sim_server_job2 -libDefFile /mnt/coe/workspace/ece/ece546-spr25/group8/group8_project/lib.defs
              /c Execution time: Mon Mar 31 21:05:10 2025
              /c Host: hydra12.ece.ncsu.edu
              /c Working directory: /mnt/coe/workspace/ece/ece546-spr25/group8/group8_project
              /c 
[21:05:25.12] /m Information: Registering ICV PERC package...
[21:05:25.91] /m Information: Feature 'SynopsysCustomSAE' checked out. (LICENSE-003)
[21:05:26.14] /o 
[21:05:26.19] /i source /mnt/coe/workspace/ece/ece546-spr25/group8/group8_project/synopsys_custom/sim_server/custom_compiler.nbandeh/stb.group8.2to4decodermux_tb.schematic.session0/sim_server_init.tcl
[21:05:26.96] /o SimServer socket started on hydra12.ece.ncsu.edu:38331
[21:05:27.72] /m Information: Launching Waveform Viewer "cd /mnt/coe/workspace/ece/ece546-spr25/group8/group8_project/synopsys_custom/sim_server/custom_compiler.nbandeh/stb.group8.2to4decodermux_tb.schematic.session0/logs &&  /mnt/apps/public/COE/synopsys_apps/primewave/W-2024.09-SP1-2/auxx/../linux64/swv/bin/swv  -bg_gui -k -cdesigner -ptype wv -spxkey /mnt/apps/public/COE/synopsys_apps/primewave/W-2024.09-SP1-2/auxx/waveform/sae.spxkey -spxrc /tmp/tmp_sae_spxrc_t0gDW5 -unique_string 424077b79e1069eefadfe8478029dbba6c7dd0c34ddd3fe0c1cb7792ad94754215911dea03ed9e141afc8515360922c88851f173345d46c7 -lic_type 2   -parent_cc_pid 953781  > /mnt/coe/workspace/ece/ece546-spr25/group8/group8_project/synopsys_custom/sim_server/custom_compiler.nbandeh/stb.group8.2to4decodermux_tb.schematic.session0/logs/viewer.log 2>&1"
[21:05:27.78] /o ==== Received Msg ====
              /c len=215 sourceSoc=sock472ac1a0 msgIndex=1 rawMsg=AppendTask /mnt/coe/workspace/ece/ece546-spr25/group8/group8_project/synopsys_custom/sim_server/custom_compiler.nbandeh/stb.group8.2to4decodermux_tb.schematic.session0/task0/sim_script0.tcl 0 saeSession0 1 overwrite
[21:05:27.78] /o 
[21:05:31.32] /m Information: "Starting incremental netlisting for design "group8/2to4decodermux_tb/schematic"..." (NETLISTING-010)
[21:05:31.45] /o Loading: Callback files...
[21:05:31.48] /o Loading: scripts/callbacks/callbacks.tcl
[21:05:31.48] /o 
              /c [INFO] : Loading display.drf from /mnt/designkits/ncsu/FreePDK3/syncust/NCSU_TechLib_FreePDK3
              /c 
              /c  if you wish to Load other display.drf, please set shell environment valiable "iPDK_load_display_NCSU_TechLib_FreePDK3" to value = 0
[21:05:31.48] /o 
[21:05:31.54] /w Warning: Could not set the value of preference xtDRCTool because it does not exist. (PREFERENCE-016)
[21:05:31.54] /w Warning: Could not set the value of preference xtDRCICVRunsetFile because it does not exist. (PREFERENCE-016)
[21:05:31.54] /w Warning: Could not set the value of preference xtDRCICVIncludePaths because it does not exist. (PREFERENCE-016)
[21:05:31.54] /w Warning: Could not set the value of preference xtDRCLayDBFormat because it does not exist. (PREFERENCE-016)
[21:05:31.54] /w Warning: Could not set the value of preference xtLVSTool because it does not exist. (PREFERENCE-016)
[21:05:31.54] /w Warning: Could not set the value of preference xtLVSICVRunsetFile because it does not exist. (PREFERENCE-016)
[21:05:31.54] /w Warning: Could not set the value of preference xtLVSICVIncludePaths because it does not exist. (PREFERENCE-016)
[21:05:31.54] /w Warning: Could not set the value of preference xtLVSLayDBFormat because it does not exist. (PREFERENCE-016)
[21:05:31.54] /w Warning: Could not set the value of preference xtLPELVSTool because it does not exist. (PREFERENCE-016)
[21:05:31.54] /w Warning: Could not set the value of preference xtLPETool because it does not exist. (PREFERENCE-016)
[21:05:31.54] /w Warning: Could not set the value of preference xtLPEOpenParasiticView because it does not exist. (PREFERENCE-016)
[21:05:31.54] /w Warning: Could not set the value of preference xtStarTcadGrdFile because it does not exist. (PREFERENCE-016)
[21:05:31.54] /w Warning: Could not set the value of preference xtLPEStarOADeviceMappingFile because it does not exist. (PREFERENCE-016)
[21:05:31.54] /w Warning: Could not set the value of preference xtStarOALayerMappingFile because it does not exist. (PREFERENCE-016)
[21:05:31.54] /o 	#######################################
[21:05:31.54] /o 	CC-PDK Library Name	: FreePDK3
[21:05:31.54] /o 	#######################################
[21:05:31.54] /o 
[21:05:31.62] /o Netlisting
[21:05:31.62] /o Creating output directories
[21:05:31.93] /o No Design Integrity rule violations found in "group8/2to4decodermux_tb/schematic"
[21:05:31.93] /o Scanning: group8/2to4decodermux_tb/schematic
[21:05:32.17] /o Scanning: group8/2to4decodermux/schematic
[21:05:32.42] /o Scanning: group8/inv/schematic
[21:05:32.56] /o Computing terminal lists
[21:05:32.56] /o Processing terminals of module group8/inv/schematic
[21:05:32.58] /o Processing terminals of module group8/2to4decodermux/schematic
[21:05:32.58] /o Processing terminals of module group8/2to4decodermux_tb/schematic
[21:05:32.59] /o Starting netlisting
[21:05:32.93] /o Formatting group8/2to4decodermux_tb/schematic
[21:05:32.96] /m Information: "group8 2to4decodermux_tb schematic" renetlisted. (NETLISTING-056)
[21:05:33.22] /m Information: "Netlisting design "group8/2to4decodermux_tb/schematic" finished successfully." (NETLISTING-012)
[21:05:33.35] /# Composing simulator input file for design "group8/2to4decodermux_tb/schematic"...
[21:05:42.85] /# Simulator input file composed successfully for design "group8/2to4decodermux_tb/schematic"
[21:05:43.13] /m Information: Save ouputs to /mnt/coe/workspace/ece/ece546-spr25/group8/group8_project/simulation/group8,2to4decodermux_tb,schematic/history_1/simulation/HSPICE_default/HSPICE/nominal/results/outputs.tcl for AVA evaluation.
[21:05:45.58] /o 
[21:05:47.51] /o                                          Composing Nominal                                         
[21:05:48.11] /o                         Launching jobs for testbench HSPICE_default started                        
[21:05:48.14] /# Starting PrimeSimHSPICE simulation for design: group8/2to4decodermux_tb/schematic
[21:05:48.26] /o                          Creating jobs for testbench HSPICE_default (0 / 1)                         
[21:05:48.38] /o                            Launching 1 jobs for testbench HSPICE_default                           
[21:05:49.09] /o                         Launching jobs for testbench HSPICE_default finished                        
[21:05:50.73] /m Information: 0 of 1 testbench(es) done. (PW_GUI-714)
[21:05:52.09] /m Information: Job distribution master (saeSession0,HSPICE_default.Simulation_Simulation session:session0 testbench:HSPICE_default) : up to 1 job running workers.
[21:06:27.13] /# Simulation completed successfully for design: group8/2to4decodermux_tb/schematic  (PW-651)
[21:06:27.28] /# Netlisting and simulation completed for testbench: HSPICE_default in 57s
[21:06:27.30] /# Evaluating and plotting outputs...
[21:06:34.66] /m Information: Jobs distribution master quit! (PW_GUI-822)
[21:06:34.98] /# Evaluating and plotting completed for testbench: HSPICE_default in 7s
[21:06:35.09] /m Information: 1 of 1 testbench(es) done. (PW_GUI-714)
[21:08:09.14] /o ==== Received Msg ====
              /c len=26 sourceSoc=sock472ac1a0 msgIndex=9 rawMsg=evalCmd ::wf::viewerExited
[21:08:09.14] /o 
[21:08:12.46] /o ==== Received Msg ====
              /c len=35 sourceSoc=sock472ac1a0 msgIndex=10 rawMsg=evalCmd ::wf::updateViewerLicense 2
[21:08:12.46] /o 
[21:09:11.73] /o ==== Received Msg ====
              /c len=215 sourceSoc=sock431ed290 msgIndex=2 rawMsg=AppendTask /mnt/coe/workspace/ece/ece546-spr25/group8/group8_project/synopsys_custom/sim_server/custom_compiler.nbandeh/stb.group8.2to4decodermux_tb.schematic.session0/task1/sim_script1.tcl 1 saeSession0 1 overwrite
[21:09:11.73] /o 
[21:09:11.92] /m Information: Feature 'SynopsysCustomSAE' checked in. (LICENSE-004)
[21:09:11.95] /m Information: Feature 'SynopsysCustomSAE' checked out. (LICENSE-003)
[21:09:15.03] /m Information: "Starting incremental netlisting for design "group8/2to4decodermux_tb/schematic"..." (NETLISTING-010)
[21:09:15.15] /o Netlisting
[21:09:15.15] /o Creating output directories
[21:09:15.33] /o No Design Integrity rule violations found in "group8/2to4decodermux_tb/schematic"
[21:09:15.33] /o Scanning: group8/2to4decodermux_tb/schematic
[21:09:15.46] /o Scanning: group8/2to4decodermux/schematic
[21:09:15.59] /o Scanning: group8/inv/schematic
[21:09:15.71] /o Computing terminal lists
[21:09:15.71] /o Processing terminals of module group8/inv/schematic
[21:09:15.72] /o Processing terminals of module group8/2to4decodermux/schematic
[21:09:15.73] /o Processing terminals of module group8/2to4decodermux_tb/schematic
[21:09:15.73] /o Starting netlisting
[21:09:16.04] /o Formatting group8/2to4decodermux_tb/schematic
[21:09:16.07] /m Information: "group8 2to4decodermux_tb schematic" renetlisted. (NETLISTING-056)
[21:09:16.35] /m Information: "Netlisting design "group8/2to4decodermux_tb/schematic" finished successfully." (NETLISTING-012)
[21:09:16.43] /# Composing simulator input file for design "group8/2to4decodermux_tb/schematic"...
[21:09:25.80] /# Simulator input file composed successfully for design "group8/2to4decodermux_tb/schematic"
[21:09:26.05] /m Information: Save ouputs to /mnt/coe/workspace/ece/ece546-spr25/group8/group8_project/simulation/group8,2to4decodermux_tb,schematic/history_1/simulation/HSPICE_default/HSPICE/nominal/results/outputs.tcl for AVA evaluation.
[21:09:28.39] /o 
[21:09:30.32] /o                                          Composing Nominal                                         
[21:09:30.93] /o                         Launching jobs for testbench HSPICE_default started                        
[21:09:30.95] /# Starting PrimeSimHSPICE simulation for design: group8/2to4decodermux_tb/schematic
[21:09:31.07] /o                          Creating jobs for testbench HSPICE_default (0 / 1)                         
[21:09:31.18] /o                            Launching 1 jobs for testbench HSPICE_default                           
[21:09:31.78] /o                         Launching jobs for testbench HSPICE_default finished                        
[21:09:31.80] /o 
[21:09:32.07] /m Information: 1 of 2 testbench(es) done. (PW_GUI-714)
[21:09:37.03] /m Information: Job distribution master (saeSession0,HSPICE_default.Simulation_Simulation session:session1 testbench:HSPICE_default) : up to 1 job running workers.
[21:09:43.42] /o ==== Received Msg ====
              /c len=8 sourceSoc=sock431ed290 msgIndex=11 rawMsg=idleExit
[21:09:43.42] /o 
[21:10:10.43] /# Simulation completed successfully for design: group8/2to4decodermux_tb/schematic  (PW-651)
[21:10:10.58] /# Netlisting and simulation completed for testbench: HSPICE_default in 56s
[21:10:10.60] /# Evaluating and plotting outputs...
[21:10:16.40] /m Information: Jobs distribution master quit! (PW_GUI-822)
[21:10:16.99] /# Evaluating and plotting completed for testbench: HSPICE_default in 6s
[21:10:17.10] /m Information: 2 of 2 testbench(es) done. (PW_GUI-714)
[21:10:17.13] /m Information: Exiting simulation server process. (PW_GUI-984)
[21:10:20.76] /o Shutdown time: Mon Mar 31 21:10:20 2025
[21:10:20.76] /o Elapsed session real time: 5.15 minutes
[21:10:20.76] /o Session terminated. Log is at /mnt/coe/workspace/ece/ece546-spr25/group8/group8_project/synopsys_custom/logs/primewave.nbandeh.2025_3_31_210510_953781.log
[21:10:20.79] /e Error: {}
