[14:01:52.35] /o 
              /c                          PrimeWave Design Environment 
              /c 
              /c                Version W-2024.09-SP1-2 for linux64 - Jan 15, 2025
              /c              Based on Custom Infrastructure
              /c Version W-2024.09-SP1-2
              /c 
              /c                     Copyright (c) 2004 - 2025 Synopsys, Inc.
              /c    This software and the associated documentation are proprietary to Synopsys,
              /c  Inc. This software may only be used in accordance with the terms and conditions
              /c  of a written license agreement with Synopsys, Inc. All other use, reproduction,
              /c    or distribution of this software is strictly prohibited.  Licensed Products
              /c      communicate with Synopsys servers for the purpose of providing software
              /c     updates, detecting software piracy and verifying that customers are using
              /c     Licensed Products in conformity with the applicable License Key for such
              /c   Licensed Products. Synopsys will use information gathered in connection with
              /c     this process to deliver software updates and pursue software pirates and
              /c                                    infringers.
              /c 
              /c  Inclusivity & Diversity - Visit SolvNetPlus to read the "Synopsys Statement on
              /c             Inclusivity and Diversity" (Refer to article 000036315 at
              /c                         https://solvnetplus.synopsys.com)
              /c 
              /c Build  (OPT) Config 11252589 compiled on Wed Jan 15 11:01:36 2025 for AlmaLinux 8.4
              /c Invocation: /mnt/apps/public/COE/synopsys_apps/primewave/W-2024.09-SP1-2/linux64/platform/bin/custom_shell -application primewave -gui 0 -uniqueString 424077b79e1069ee39333aa5dfb80e24bdddc168bfe6e4e8f93a5ef511cc936bad01a9a57eafac337bd6abaa60b006d2 -python 0 -command "source /mnt/coe/workspace/ece/ece546-spr25/group8/group8_project/synopsys_custom/sim_server/custom_compiler.nbandeh/stb.group8.2to4decodermux_tb.schematic.session0/sim_server_init.tcl" -log /mnt/coe/workspace/ece/ece546-spr25/group8/group8_project/synopsys_custom/primewave_session0_sim_server_job1 -libDefFile /mnt/coe/workspace/ece/ece546-spr25/group8/group8_project/lib.defs
              /c Execution time: Mon Mar 31 14:01:39 2025
              /c Host: hydra13.ece.ncsu.edu
              /c Working directory: /mnt/coe/workspace/ece/ece546-spr25/group8/group8_project
              /c 
[14:02:09.34] /m Information: Registering ICV PERC package...
[14:02:09.80] /w Warning: In file /mnt/coe/workspace/ece/ece546-spr25/group8/group8_project/lib.defs: Unable to open library proj_common at path /mnt/coe/workspace/ece/ece546-common/proj_common : No access permission. (DATA_MANAGEMENT-014)
[14:02:10.75] /m Information: Started sharing "WaveView ADV" license. (WAVEFORM-110)
[14:02:10.75] /m Information: Started sharing "Primewave" license. (WAVEFORM-110)
[14:02:10.88] /m Information: Feature 'SynopsysCustomSAE' checked out. (LICENSE-003)
[14:02:11.20] /o 
[14:02:16.48] /i source /mnt/coe/workspace/ece/ece546-spr25/group8/group8_project/synopsys_custom/sim_server/custom_compiler.nbandeh/stb.group8.2to4decodermux_tb.schematic.session0/sim_server_init.tcl
[14:02:17.35] /o SimServer socket started on hydra13.ece.ncsu.edu:45593
[14:02:17.80] /m Information: Launching Waveform Viewer "cd /mnt/coe/workspace/ece/ece546-spr25/group8/group8_project/synopsys_custom/sim_server/custom_compiler.nbandeh/stb.group8.2to4decodermux_tb.schematic.session0/logs &&  /mnt/apps/public/COE/synopsys_apps/primewave/W-2024.09-SP1-2/auxx/../linux64/swv/bin/swv  -bg_gui -k -cdesigner -ptype wv -spxkey /mnt/apps/public/COE/synopsys_apps/primewave/W-2024.09-SP1-2/auxx/waveform/sae.spxkey -spxrc /tmp/tmp_sae_spxrc_GxMw5U -unique_string 424077b79e1069ee37bf8dad6b67b639bdddc168bfe6e4e8f93a5ef511cc936b7dbd8dfb82ea2dbd53921ccd3349b42a -lic_type 2   -parent_cc_pid 95361  > /mnt/coe/workspace/ece/ece546-spr25/group8/group8_project/synopsys_custom/sim_server/custom_compiler.nbandeh/stb.group8.2to4decodermux_tb.schematic.session0/logs/viewer.log 2>&1"
[14:02:17.84] /o ==== Received Msg ====
              /c len=35 sourceSoc=sock47682cf0 msgIndex=0 rawMsg=evalCmd ::wf::updateViewerLicense 2
[14:02:17.84] /o 
[14:02:17.86] /o ==== Received Msg ====
              /c len=35 sourceSoc=sock47682cf0 msgIndex=1 rawMsg=evalCmd ::wf::updateViewerLicense 2
[14:02:17.86] /o 
[14:06:32.30] /o ==== Received Msg ====
              /c len=215 sourceSoc=sock3cf54f90 msgIndex=0 rawMsg=AppendTask /mnt/coe/workspace/ece/ece546-spr25/group8/group8_project/synopsys_custom/sim_server/custom_compiler.nbandeh/stb.group8.2to4decodermux_tb.schematic.session0/task0/sim_script0.tcl 0 saeSession0 1 overwrite
[14:06:32.30] /o 
[14:06:34.01] /w Warning: In file /mnt/coe/workspace/ece/ece546-spr25/group8/group8_project/lib.defs: Unable to open library proj_common at path /mnt/coe/workspace/ece/ece546-common/proj_common : No access permission. (DATA_MANAGEMENT-014)
[14:06:35.66] /m Information: "Starting incremental netlisting for design "group8/2to4decodermux_tb/schematic"..." (NETLISTING-010)
[14:06:35.81] /o Loading: Callback files...
[14:06:35.83] /o Loading: scripts/callbacks/callbacks.tcl
[14:06:35.83] /o 
              /c [INFO] : Loading display.drf from /mnt/designkits/ncsu/FreePDK3/syncust/NCSU_TechLib_FreePDK3
              /c 
              /c  if you wish to Load other display.drf, please set shell environment valiable "iPDK_load_display_NCSU_TechLib_FreePDK3" to value = 0
[14:06:35.83] /o 
[14:06:35.89] /w Warning: Could not set the value of preference xtDRCTool because it does not exist. (PREFERENCE-016)
[14:06:35.89] /w Warning: Could not set the value of preference xtDRCICVRunsetFile because it does not exist. (PREFERENCE-016)
[14:06:35.89] /w Warning: Could not set the value of preference xtDRCICVIncludePaths because it does not exist. (PREFERENCE-016)
[14:06:35.89] /w Warning: Could not set the value of preference xtDRCLayDBFormat because it does not exist. (PREFERENCE-016)
[14:06:35.89] /w Warning: Could not set the value of preference xtLVSTool because it does not exist. (PREFERENCE-016)
[14:06:35.89] /w Warning: Could not set the value of preference xtLVSICVRunsetFile because it does not exist. (PREFERENCE-016)
[14:06:35.89] /w Warning: Could not set the value of preference xtLVSICVIncludePaths because it does not exist. (PREFERENCE-016)
[14:06:35.89] /w Warning: Could not set the value of preference xtLVSLayDBFormat because it does not exist. (PREFERENCE-016)
[14:06:35.89] /w Warning: Could not set the value of preference xtLPELVSTool because it does not exist. (PREFERENCE-016)
[14:06:35.89] /w Warning: Could not set the value of preference xtLPETool because it does not exist. (PREFERENCE-016)
[14:06:35.89] /w Warning: Could not set the value of preference xtLPEOpenParasiticView because it does not exist. (PREFERENCE-016)
[14:06:35.89] /w Warning: Could not set the value of preference xtStarTcadGrdFile because it does not exist. (PREFERENCE-016)
[14:06:35.89] /w Warning: Could not set the value of preference xtLPEStarOADeviceMappingFile because it does not exist. (PREFERENCE-016)
[14:06:35.89] /w Warning: Could not set the value of preference xtStarOALayerMappingFile because it does not exist. (PREFERENCE-016)
[14:06:35.89] /o 	#######################################
[14:06:35.89] /o 	CC-PDK Library Name	: FreePDK3
[14:06:35.89] /o 	#######################################
[14:06:35.89] /o 
[14:06:35.98] /o Netlisting
[14:06:35.98] /o Creating output directories
[14:06:36.39] /o No Design Integrity rule violations found in "group8/2to4decodermux_tb/schematic"
[14:06:36.39] /o Scanning: group8/2to4decodermux_tb/schematic
[14:06:36.74] /o Scanning: group8/2to4decodermux/schematic
[14:06:37.06] /o Scanning: group8/inv/schematic
[14:06:37.26] /o Computing terminal lists
[14:06:37.26] /o Processing terminals of module group8/inv/schematic
[14:06:37.35] /o Processing terminals of module group8/2to4decodermux/schematic
[14:06:37.37] /o Processing terminals of module group8/2to4decodermux_tb/schematic
[14:06:37.37] /o Starting netlisting
[14:06:37.57] /o Formatting group8/inv/schematic
[14:06:37.59] /m Information: "group8 inv schematic" renetlisted. (NETLISTING-056)
[14:06:37.67] /o Formatting group8/2to4decodermux/schematic
[14:06:37.79] /m Information: "group8 2to4decodermux schematic" renetlisted. (NETLISTING-056)
[14:06:37.91] /o Formatting group8/2to4decodermux_tb/schematic
[14:06:37.95] /m Information: "group8 2to4decodermux_tb schematic" renetlisted. (NETLISTING-056)
[14:06:38.25] /m Information: "Netlisting design "group8/2to4decodermux_tb/schematic" finished successfully." (NETLISTING-012)
[14:06:38.46] /# Composing simulator input file for design "group8/2to4decodermux_tb/schematic"...
[14:06:41.78] /# Simulator input file composed successfully for design "group8/2to4decodermux_tb/schematic"
[14:06:42.12] /m Information: Save ouputs to /mnt/coe/workspace/ece/ece546-spr25/group8/group8_project/simulation/group8,2to4decodermux_tb,schematic/history_1/simulation/default/PrimeSimHSPICE/nominal/results/outputs.tcl for AVA evaluation.
[14:06:43.85] /o 
[14:06:45.61] /o                                          Composing Nominal                                         
[14:06:46.51] /o                             Launching jobs for testbench default started                            
[14:06:46.53] /# Starting PrimeSimHSPICE simulation for design: group8/2to4decodermux_tb/schematic
[14:06:46.66] /o                             Creating jobs for testbench default (0 / 1)                            
[14:06:46.78] /o                                Launching 1 jobs for testbench default                               
[14:06:47.43] /o                            Launching jobs for testbench default finished                           
[14:06:47.56] /m Information: 0 of 1 testbench(es) done. (PW_GUI-714)
[14:06:53.02] /m Information: Job distribution master (saeSession0,default.Simulation_Simulation session:session0 testbench:default) : up to 1 job running workers.
[14:07:17.13] /m Information: Feature 'SynopsysCustomSAE' checked in. (LICENSE-004)
[14:07:17.13] /m Information: Stopped sharing "Primewave" license. (WAVEFORM-111)
[14:07:17.13] /m Information: Stopped sharing "WaveView ADV" license. (WAVEFORM-111)
[14:07:29.39] /# Simulation completed successfully for design: group8/2to4decodermux_tb/schematic  (PW-651)
[14:07:29.57] /# Netlisting and simulation completed for testbench: default in 55s
[14:07:29.60] /# Evaluating and plotting outputs...
[14:07:29.62] /m Information: Feature 'SynopsysCustomSAE' checked out. (LICENSE-003)
[14:07:30.03] /o 
[14:07:35.95] /m Information: Jobs distribution master quit! (PW_GUI-822)
[14:07:36.63] /# Evaluating and plotting completed for testbench: default in 7s
[14:07:36.81] /m Information: 1 of 1 testbench(es) done. (PW_GUI-714)
[14:08:11.04] /o ==== Received Msg ====
              /c len=26 sourceSoc=sock3cf54f90 msgIndex=2 rawMsg=evalCmd ::wf::viewerExited
[14:08:11.04] /o 
[14:08:16.60] /o ==== Received Msg ====
              /c len=35 sourceSoc=sock3cf54f90 msgIndex=3 rawMsg=evalCmd ::wf::updateViewerLicense 2
[14:08:16.60] /o 
[14:08:27.50] /o ==== Received Msg ====
              /c len=8 sourceSoc=sock3cf54f90 msgIndex=4 rawMsg=idleExit
[14:08:27.50] /o 
[14:08:27.53] /m Information: Exiting simulation server process. (PW_GUI-984)
[14:08:30.94] /o Shutdown time: Mon Mar 31 14:08:30 2025
[14:08:30.94] /o Elapsed session real time: 6.8 minutes
[14:08:30.94] /o Session terminated. Log is at /mnt/coe/workspace/ece/ece546-spr25/group8/group8_project/synopsys_custom/logs/primewave.nbandeh.2025_3_31_140139_95361.log
[14:08:30.96] /e Error: {}
