[17:27:23.54] /o 
              /c                          PrimeWave Design Environment 
              /c 
              /c                Version W-2024.09-SP1-2 for linux64 - Jan 15, 2025
              /c              Based on Custom Infrastructure
              /c Version W-2024.09-SP1-2
              /c 
              /c                     Copyright (c) 2004 - 2025 Synopsys, Inc.
              /c    This software and the associated documentation are proprietary to Synopsys,
              /c  Inc. This software may only be used in accordance with the terms and conditions
              /c  of a written license agreement with Synopsys, Inc. All other use, reproduction,
              /c    or distribution of this software is strictly prohibited.  Licensed Products
              /c      communicate with Synopsys servers for the purpose of providing software
              /c     updates, detecting software piracy and verifying that customers are using
              /c     Licensed Products in conformity with the applicable License Key for such
              /c   Licensed Products. Synopsys will use information gathered in connection with
              /c     this process to deliver software updates and pursue software pirates and
              /c                                    infringers.
              /c 
              /c  Inclusivity & Diversity - Visit SolvNetPlus to read the "Synopsys Statement on
              /c             Inclusivity and Diversity" (Refer to article 000036315 at
              /c                         https://solvnetplus.synopsys.com)
              /c 
              /c Build  (OPT) Config 11252589 compiled on Wed Jan 15 11:01:36 2025 for AlmaLinux 8.4
              /c Invocation: /mnt/apps/public/COE/synopsys_apps/primewave/W-2024.09-SP1-2/linux64/platform/bin/custom_shell -application primewave -gui 0 -uniqueString 424077b79e1069ee587031cbba5d89f980d130a7cac7f62ec1cb7792ad947542b5ade31b8c4224dfecf6545926fffdd1 -python 0 -command "source /mnt/coe/workspace/ece/ece546-spr25/group8/group8_project/synopsys_custom/sim_server/custom_compiler.hrajesh/stb.group8.memory_array_tb.schematic.session0/sim_server_init.tcl" -log /mnt/coe/workspace/ece/ece546-spr25/group8/group8_project/synopsys_custom/primewave_session0_sim_server_job1 -libDefFile /mnt/coe/workspace/ece/ece546-spr25/group8/group8_project/lib.defs
              /c Execution time: Tue Apr  8 17:27:14 2025
              /c Host: theflash.ece.ncsu.edu
              /c Working directory: /mnt/coe/workspace/ece/ece546-spr25/group8/group8_project
              /c 
[17:27:35.42] /m Information: Registering ICV PERC package...
[17:27:36.37] /m Information: Feature 'SynopsysCustomSAE' checked out. (LICENSE-003)
[17:27:36.79] /o 
[17:27:36.84] /i source /mnt/coe/workspace/ece/ece546-spr25/group8/group8_project/synopsys_custom/sim_server/custom_compiler.hrajesh/stb.group8.memory_array_tb.schematic.session0/sim_server_init.tcl
[17:27:37.10] /o SimServer socket started on theflash.ece.ncsu.edu:43043
[17:27:37.49] /m Information: Launching Waveform Viewer "cd /mnt/coe/workspace/ece/ece546-spr25/group8/group8_project/synopsys_custom/sim_server/custom_compiler.hrajesh/stb.group8.memory_array_tb.schematic.session0/logs &&  /mnt/apps/public/COE/synopsys_apps/primewave/W-2024.09-SP1-2/auxx/../linux64/swv/bin/swv  -bg_gui -k -cdesigner -ptype wv -spxkey /mnt/apps/public/COE/synopsys_apps/primewave/W-2024.09-SP1-2/auxx/waveform/sae.spxkey -spxrc /tmp/tmp_sae_spxrc_Ug5iF7 -unique_string 424077b79e1069eef38c5f3296fae66180d130a7cac7f62ec1cb7792ad94754215911dea03ed9e143a02aec84957a0c6125a3480065fb17d -lic_type 2   -parent_cc_pid 34550  > /mnt/coe/workspace/ece/ece546-spr25/group8/group8_project/synopsys_custom/sim_server/custom_compiler.hrajesh/stb.group8.memory_array_tb.schematic.session0/logs/viewer.log 2>&1"
[17:27:37.56] /o ==== Received Msg ====
              /c len=35 sourceSoc=sock44bd8e50 msgIndex=0 rawMsg=evalCmd ::wf::updateViewerLicense 2
[17:27:37.56] /o 
[17:27:37.58] /o ==== Received Msg ====
              /c len=35 sourceSoc=sock44bd8e50 msgIndex=1 rawMsg=evalCmd ::wf::updateViewerLicense 2
[17:27:37.58] /o 
[17:27:52.85] /o ==== Received Msg ====
              /c len=213 sourceSoc=sock44a90c90 msgIndex=0 rawMsg=AppendTask /mnt/coe/workspace/ece/ece546-spr25/group8/group8_project/synopsys_custom/sim_server/custom_compiler.hrajesh/stb.group8.memory_array_tb.schematic.session0/task0/sim_script0.tcl 0 saeSession0 1 overwrite
[17:27:52.85] /o 
[17:27:54.28] /m Information: "Starting incremental netlisting for design "group8/memory_array_tb/schematic"..." (NETLISTING-010)
[17:27:54.32] /o Loading: Callback files...
[17:27:54.33] /o Loading: scripts/callbacks/callbacks.tcl
[17:27:54.33] /o 
              /c [INFO] : Loading display.drf from /mnt/designkits/ncsu/FreePDK3/syncust/NCSU_TechLib_FreePDK3
              /c 
              /c  if you wish to Load other display.drf, please set shell environment valiable "iPDK_load_display_NCSU_TechLib_FreePDK3" to value = 0
[17:27:54.33] /o 
[17:27:54.35] /w Warning: Could not set the value of preference xtDRCTool because it does not exist. (PREFERENCE-016)
[17:27:54.35] /w Warning: Could not set the value of preference xtDRCICVRunsetFile because it does not exist. (PREFERENCE-016)
[17:27:54.35] /w Warning: Could not set the value of preference xtDRCICVIncludePaths because it does not exist. (PREFERENCE-016)
[17:27:54.35] /w Warning: Could not set the value of preference xtDRCLayDBFormat because it does not exist. (PREFERENCE-016)
[17:27:54.35] /w Warning: Could not set the value of preference xtLVSTool because it does not exist. (PREFERENCE-016)
[17:27:54.35] /w Warning: Could not set the value of preference xtLVSICVRunsetFile because it does not exist. (PREFERENCE-016)
[17:27:54.35] /w Warning: Could not set the value of preference xtLVSICVIncludePaths because it does not exist. (PREFERENCE-016)
[17:27:54.35] /w Warning: Could not set the value of preference xtLVSLayDBFormat because it does not exist. (PREFERENCE-016)
[17:27:54.35] /w Warning: Could not set the value of preference xtLPELVSTool because it does not exist. (PREFERENCE-016)
[17:27:54.35] /w Warning: Could not set the value of preference xtLPETool because it does not exist. (PREFERENCE-016)
[17:27:54.35] /w Warning: Could not set the value of preference xtLPEOpenParasiticView because it does not exist. (PREFERENCE-016)
[17:27:54.35] /w Warning: Could not set the value of preference xtStarTcadGrdFile because it does not exist. (PREFERENCE-016)
[17:27:54.35] /w Warning: Could not set the value of preference xtLPEStarOADeviceMappingFile because it does not exist. (PREFERENCE-016)
[17:27:54.35] /w Warning: Could not set the value of preference xtStarOALayerMappingFile because it does not exist. (PREFERENCE-016)
[17:27:54.35] /o 	#######################################
[17:27:54.35] /o 	CC-PDK Library Name	: FreePDK3
[17:27:54.35] /o 	#######################################
[17:27:54.35] /o 
[17:27:54.39] /o Netlisting
[17:27:54.39] /o Creating output directories
[17:27:54.76] /o No Design Integrity rule violations found in "group8/memory_array_tb/schematic"
[17:27:54.76] /o Scanning: group8/memory_array_tb/schematic
[17:27:55.05] /o Scanning: group8/memory_array_static_column_decoder/schematic
[17:27:55.12] /o Scanning: group8/precharge_logic/schematic
[17:27:55.30] /o Scanning: group8/sram_6t/schematic
[17:27:55.44] /o Scanning: group8/static_row_decoder_3by8/schematic
[17:27:55.48] /o Scanning: group8/nand_i3/schematic
[17:27:55.52] /o Scanning: group8/inv/schematic
[17:27:55.56] /o Scanning: group8/buffer_highdrive/schematic
[17:27:55.60] /o Scanning: group8/invx4/schematic
[17:27:55.68] /o Scanning: group8/columnDecoderstatic/schematic
[17:27:55.72] /o Scanning: group8/2to4_decoder_static/schematic
[17:27:55.76] /o Scanning: group8/nand/schematic
[17:27:55.80] /m Information: 
[17:27:55.80] /o Checking "group8/nor/schematic"
[17:27:55.82] /o No rule violations found in "group8/nor/schematic"
[17:27:55.82] /o Scanning: group8/nor/schematic
[17:27:55.87] /o Scanning: group8/Write_Driver/schematic
[17:27:55.91] /o Scanning: group8/read_circuit/schematic
[17:27:55.96] /o Scanning: group8/tspc_pos_ff/schematic
[17:27:56.03] /o Scanning: group8/agen_unit/schematic
[17:27:56.07] /m Information: 
[17:27:56.07] /o Checking "group8/Demux/schematic"
[17:27:56.07] /o No rule violations found in "group8/Demux/schematic"
[17:27:56.07] /o Scanning: group8/Demux/schematic
[17:27:56.11] /o Scanning: group8/WLRef_PC/schematic
[17:27:56.15] /m Information: 
[17:27:56.15] /o Checking "group8/buffer/schematic"
[17:27:56.15] /o No rule violations found in "group8/buffer/schematic"
[17:27:56.15] /o Scanning: group8/buffer/schematic
[17:27:56.29] /o Computing terminal lists
[17:27:56.29] /o Processing terminals of module group8/precharge_logic/schematic
[17:27:56.35] /o Processing terminals of module group8/sram_6t/schematic
[17:27:56.40] /o Processing terminals of module group8/nand_i3/schematic
[17:27:56.40] /o Processing terminals of module group8/inv/schematic
[17:27:56.40] /o Processing terminals of module group8/buffer_highdrive/schematic
[17:27:56.40] /o Processing terminals of module group8/invx4/schematic
[17:27:56.40] /o Processing terminals of module group8/static_row_decoder_3by8/schematic
[17:27:56.40] /o Processing terminals of module group8/nand/schematic
[17:27:56.40] /o Processing terminals of module group8/nor/schematic
[17:27:56.40] /o Processing terminals of module group8/2to4_decoder_static/schematic
[17:27:56.40] /o Processing terminals of module group8/columnDecoderstatic/schematic
[17:27:56.40] /o Processing terminals of module group8/Write_Driver/schematic
[17:27:56.40] /o Processing terminals of module group8/read_circuit/schematic
[17:27:56.40] /o Processing terminals of module group8/tspc_pos_ff/schematic
[17:27:56.40] /o Processing terminals of module group8/Demux/schematic
[17:27:56.40] /o Processing terminals of module group8/agen_unit/schematic
[17:27:56.40] /o Processing terminals of module group8/buffer/schematic
[17:27:56.40] /o Processing terminals of module group8/WLRef_PC/schematic
[17:27:56.40] /o Processing terminals of module group8/memory_array_static_column_decoder/schematic
[17:27:56.40] /o Processing terminals of module group8/memory_array_tb/schematic
[17:27:56.40] /o Starting netlisting
[17:27:57.00] /o Formatting group8/WLRef_PC/schematic
[17:27:57.01] /m Information: "group8 WLRef_PC schematic" renetlisted. (NETLISTING-056)
[17:27:57.04] /o Formatting group8/memory_array_static_column_decoder/schematic
[17:27:57.06] /m Information: "group8 memory_array_static_column_decoder schematic" renetlisted. (NETLISTING-056)
[17:27:57.73] /m Information: "Netlisting design "group8/memory_array_tb/schematic" finished successfully." (NETLISTING-012)
[17:27:57.83] /# Composing simulator input file for design "group8/memory_array_tb/schematic"...
[17:28:08.15] /# Simulator input file composed successfully for design "group8/memory_array_tb/schematic"
[17:28:08.25] /m Information: Save ouputs to /mnt/coe/workspace/ece/ece546-spr25/group8/group8_project/simulation/group8,memory_array_tb,schematic/history_1/simulation/HSPICE_default/HSPICE/nominal/results/outputs.tcl for AVA evaluation.
[17:28:09.29] /o 
[17:28:10.16] /o                                          Composing Nominal                                         
[17:28:10.49] /o                         Launching jobs for testbench HSPICE_default started                        
[17:28:10.50] /# Starting PrimeSimHSPICE simulation for design: group8/memory_array_tb/schematic
[17:28:10.55] /o                          Creating jobs for testbench HSPICE_default (0 / 1)                         
[17:28:10.59] /o                            Launching 1 jobs for testbench HSPICE_default                           
[17:28:10.90] /o                         Launching jobs for testbench HSPICE_default finished                        
[17:28:11.01] /m Information: 0 of 1 testbench(es) done. (PW_GUI-714)
[17:28:13.02] /m Information: Job distribution master (saeSession0,HSPICE_default.Simulation_Simulation session:session0 testbench:HSPICE_default) : up to 1 job running workers.
[17:28:43.51] /# Simulation completed successfully for design: group8/memory_array_tb/schematic  (PW-651)
[17:28:43.57] /# Netlisting and simulation completed for testbench: HSPICE_default in 50s
[17:28:43.58] /# Evaluating and plotting outputs...
[17:28:48.75] /m Information: Jobs distribution master quit! (PW_GUI-822)
[17:28:49.65] /# Evaluating and plotting completed for testbench: HSPICE_default in 6s
[17:28:49.70] /m Information: 1 of 1 testbench(es) done. (PW_GUI-714)
[17:31:54.25] /o ==== Received Msg ====
              /c len=8 sourceSoc=sock44a90c90 msgIndex=2 rawMsg=idleExit
[17:31:54.25] /o 
[17:31:54.30] /m Information: Exiting simulation server process. (PW_GUI-984)
[17:31:55.16] /o Shutdown time: Tue Apr  8 17:31:55 2025
[17:31:55.16] /o Elapsed session real time: 4.61 minutes
[17:31:55.17] /o Session terminated. Log is at /mnt/coe/workspace/ece/ece546-spr25/group8/group8_project/synopsys_custom/logs/primewave.hrajesh.2025_4_8_172714_34550.log
[17:31:55.17] /e Error: {}
