[11:29:18.42] /o 
              /c                          PrimeWave Design Environment 
              /c 
              /c                Version W-2024.09-SP1-2 for linux64 - Jan 15, 2025
              /c              Based on Custom Infrastructure
              /c Version W-2024.09-SP1-2
              /c 
              /c                     Copyright (c) 2004 - 2025 Synopsys, Inc.
              /c    This software and the associated documentation are proprietary to Synopsys,
              /c  Inc. This software may only be used in accordance with the terms and conditions
              /c  of a written license agreement with Synopsys, Inc. All other use, reproduction,
              /c    or distribution of this software is strictly prohibited.  Licensed Products
              /c      communicate with Synopsys servers for the purpose of providing software
              /c     updates, detecting software piracy and verifying that customers are using
              /c     Licensed Products in conformity with the applicable License Key for such
              /c   Licensed Products. Synopsys will use information gathered in connection with
              /c     this process to deliver software updates and pursue software pirates and
              /c                                    infringers.
              /c 
              /c  Inclusivity & Diversity - Visit SolvNetPlus to read the "Synopsys Statement on
              /c             Inclusivity and Diversity" (Refer to article 000036315 at
              /c                         https://solvnetplus.synopsys.com)
              /c 
              /c Build  (OPT) Config 11252589 compiled on Wed Jan 15 11:01:36 2025 for AlmaLinux 8.4
              /c Invocation: /mnt/apps/public/COE/synopsys_apps/primewave/W-2024.09-SP1-2/linux64/platform/bin/custom_shell -application primewave -gui 0 -uniqueString 424077b79e1069ee71b9cccebafe1c064d49f0484e1ba41a3b3a965d3326affa7ee5bd5cdccc75e8b9eec6d746c81e04 -python 0 -log pw_shell_session0_job4 -libDefFile /mnt/coe/workspace/ece/ece546-spr25/group8/group8_project/lib.defs
              /c Execution time: Thu Apr  3 11:29:12 2025
              /c Host: hydra12.ece.ncsu.edu
              /c Working directory: /mnt/coe/workspace/ece/ece546-spr25/group8/group8_project
              /c 
[11:29:26.94] /m Information: Registering ICV PERC package...
[11:29:27.74] /m Information: Feature 'SynopsysCustomSAE' checked out. (LICENSE-003)
[11:29:27.75] /i catch {source /tmp/copyScript23327}; ::sa::_backgroundSaeShell::signalProcessReady 1743694150 3828483
[11:29:27.76] /o saeInterBGSaeShell:  ::sa::_backgroundSaeShell::processReady 17
[11:29:28.14] /o 
[11:30:21.14] /i ::sa::_backgroundSaeShell::exit
[11:30:21.14] /o saeInterBGSaeShell:  ::sa::_backgroundSaeShell::childFormallyExiting
[11:30:24.35] /o Shutdown time: Thu Apr  3 11:30:24 2025
[11:30:24.35] /o Elapsed session real time: 1.16 minutes
[11:30:24.36] /o Session terminated. Log is at /mnt/coe/workspace/ece/ece546-spr25/group8/group8_project/synopsys_custom/logs/primewave.nbandeh.2025_4_3_112912_3899845.log
