[16:00:28.24] /o 
              /c                          PrimeWave Design Environment 
              /c 
              /c                Version W-2024.09-SP1-2 for linux64 - Jan 15, 2025
              /c              Based on Custom Infrastructure
              /c Version W-2024.09-SP1-2
              /c 
              /c                     Copyright (c) 2004 - 2025 Synopsys, Inc.
              /c    This software and the associated documentation are proprietary to Synopsys,
              /c  Inc. This software may only be used in accordance with the terms and conditions
              /c  of a written license agreement with Synopsys, Inc. All other use, reproduction,
              /c    or distribution of this software is strictly prohibited.  Licensed Products
              /c      communicate with Synopsys servers for the purpose of providing software
              /c     updates, detecting software piracy and verifying that customers are using
              /c     Licensed Products in conformity with the applicable License Key for such
              /c   Licensed Products. Synopsys will use information gathered in connection with
              /c     this process to deliver software updates and pursue software pirates and
              /c                                    infringers.
              /c 
              /c  Inclusivity & Diversity - Visit SolvNetPlus to read the "Synopsys Statement on
              /c             Inclusivity and Diversity" (Refer to article 000036315 at
              /c                         https://solvnetplus.synopsys.com)
              /c 
              /c Build  (OPT) Config 11252589 compiled on Wed Jan 15 11:01:36 2025 for AlmaLinux 8.4
              /c Invocation: /mnt/apps/public/COE/synopsys_apps/primewave/W-2024.09-SP1-2/linux64/platform/bin/custom_shell -application primewave -gui 0 -uniqueString 424077b79e1069ee8706a0fd71027ae81dd0752b5a1cdc2f3b3a965d3326affa65364a41cb4344ddcc1cd98e4e9732d7 -python 0 -command "source /mnt/coe/workspace/ece/ece546-spr25/group8/group8_project/synopsys_custom/sim_server/custom_compiler.svkolach/stb.group8.sram_6t_tb.schematic.session0/sim_server_init.tcl" -log /mnt/coe/workspace/ece/ece546-spr25/group8/group8_project/synopsys_custom/primewave_session0_sim_server_job1 -libDefFile /mnt/coe/workspace/ece/ece546-spr25/group8/group8_project/lib.defs
              /c Execution time: Thu Apr  3 16:00:24 2025
              /c Host: grendel32.ece.ncsu.edu
              /c Working directory: /mnt/coe/workspace/ece/ece546-spr25/group8/group8_project
              /c 
[16:00:35.51] /m Information: Registering ICV PERC package...
[16:00:36.11] /m Information: Feature 'SynopsysCustomSAE' checked out. (LICENSE-003)
[16:00:36.29] /o 
[16:00:36.29] /i source /mnt/coe/workspace/ece/ece546-spr25/group8/group8_project/synopsys_custom/sim_server/custom_compiler.svkolach/stb.group8.sram_6t_tb.schematic.session0/sim_server_init.tcl
[16:00:36.76] /o SimServer socket started on grendel32.ece.ncsu.edu:46133
[16:00:37.21] /m Information: Launching Waveform Viewer "cd /mnt/coe/workspace/ece/ece546-spr25/group8/group8_project/synopsys_custom/sim_server/custom_compiler.svkolach/stb.group8.sram_6t_tb.schematic.session0/logs &&  /mnt/apps/public/COE/synopsys_apps/primewave/W-2024.09-SP1-2/auxx/../linux64/swv/bin/swv  -bg_gui -k -cdesigner -ptype wv -spxkey /mnt/apps/public/COE/synopsys_apps/primewave/W-2024.09-SP1-2/auxx/waveform/sae.spxkey -spxrc /tmp/tmp_sae_spxrc_PscpZa -unique_string 424077b79e1069ee2683307fec8bfbc55e4b032e723460088dd83fb0058eea4adb87396eccbed9c91f29ce540c56cc6baa4967c188e253bd -lic_type 2   -parent_cc_pid 352027  > /mnt/coe/workspace/ece/ece546-spr25/group8/group8_project/synopsys_custom/sim_server/custom_compiler.svkolach/stb.group8.sram_6t_tb.schematic.session0/logs/viewer.log 2>&1"
[16:00:37.26] /o ==== Received Msg ====
              /c len=209 sourceSoc=sock44972ff0 msgIndex=1 rawMsg=AppendTask /mnt/coe/workspace/ece/ece546-spr25/group8/group8_project/synopsys_custom/sim_server/custom_compiler.svkolach/stb.group8.sram_6t_tb.schematic.session0/task0/sim_script0.tcl 0 saeSession0 1 overwrite
[16:00:37.26] /o 
[16:00:39.31] /m Information: "Starting incremental netlisting for design "group8/sram_6t_tb/schematic"..." (NETLISTING-010)
[16:00:39.36] /o Loading: Callback files...
[16:00:39.37] /o Loading: scripts/callbacks/callbacks.tcl
[16:00:39.37] /o 
              /c [INFO] : Loading display.drf from /mnt/designkits/ncsu/FreePDK3/syncust/NCSU_TechLib_FreePDK3
              /c 
              /c  if you wish to Load other display.drf, please set shell environment valiable "iPDK_load_display_NCSU_TechLib_FreePDK3" to value = 0
[16:00:39.37] /o 
[16:00:39.41] /w Warning: Could not set the value of preference xtDRCTool because it does not exist. (PREFERENCE-016)
[16:00:39.41] /w Warning: Could not set the value of preference xtDRCICVRunsetFile because it does not exist. (PREFERENCE-016)
[16:00:39.41] /w Warning: Could not set the value of preference xtDRCICVIncludePaths because it does not exist. (PREFERENCE-016)
[16:00:39.41] /w Warning: Could not set the value of preference xtDRCLayDBFormat because it does not exist. (PREFERENCE-016)
[16:00:39.41] /w Warning: Could not set the value of preference xtLVSTool because it does not exist. (PREFERENCE-016)
[16:00:39.41] /w Warning: Could not set the value of preference xtLVSICVRunsetFile because it does not exist. (PREFERENCE-016)
[16:00:39.41] /w Warning: Could not set the value of preference xtLVSICVIncludePaths because it does not exist. (PREFERENCE-016)
[16:00:39.41] /w Warning: Could not set the value of preference xtLVSLayDBFormat because it does not exist. (PREFERENCE-016)
[16:00:39.41] /w Warning: Could not set the value of preference xtLPELVSTool because it does not exist. (PREFERENCE-016)
[16:00:39.41] /w Warning: Could not set the value of preference xtLPETool because it does not exist. (PREFERENCE-016)
[16:00:39.41] /w Warning: Could not set the value of preference xtLPEOpenParasiticView because it does not exist. (PREFERENCE-016)
[16:00:39.41] /w Warning: Could not set the value of preference xtStarTcadGrdFile because it does not exist. (PREFERENCE-016)
[16:00:39.41] /w Warning: Could not set the value of preference xtLPEStarOADeviceMappingFile because it does not exist. (PREFERENCE-016)
[16:00:39.41] /w Warning: Could not set the value of preference xtStarOALayerMappingFile because it does not exist. (PREFERENCE-016)
[16:00:39.41] /o 	#######################################
[16:00:39.41] /o 	CC-PDK Library Name	: FreePDK3
[16:00:39.41] /o 	#######################################
[16:00:39.41] /o 
[16:00:39.45] /o Netlisting
[16:00:39.45] /o Creating output directories
[16:00:39.70] /o No Design Integrity rule violations found in "group8/sram_6t_tb/schematic"
[16:00:39.70] /o Scanning: group8/sram_6t_tb/schematic
[16:00:39.83] /o Scanning: group8/sram_6t/schematic
[16:00:39.98] /o Computing terminal lists
[16:00:39.98] /o Processing terminals of module group8/sram_6t/schematic
[16:00:40.00] /o Processing terminals of module group8/sram_6t_tb/schematic
[16:00:40.00] /o Starting netlisting
[16:00:40.24] /m Information: "Netlisting design "group8/sram_6t_tb/schematic" finished successfully." (NETLISTING-012)
[16:00:40.30] /# Composing simulator input file for design "group8/sram_6t_tb/schematic"...
[16:00:41.34] /# Simulator input file composed successfully for design "group8/sram_6t_tb/schematic"
[16:00:41.45] /m Information: Save ouputs to /mnt/coe/workspace/ece/ece546-spr25/group8/group8_project/simulation/group8,sram_6t_tb,schematic/history_1/simulation/HSPICE_default_2/HSPICE/nominal/results/outputs.tcl for AVA evaluation.
[16:00:42.58] /o 
[16:00:43.51] /o                                          Composing Nominal                                         
[16:00:43.85] /o                        Launching jobs for testbench HSPICE_default_2 started                       
[16:00:43.87] /# Starting PrimeSimHSPICE simulation for design: group8/sram_6t_tb/schematic
[16:00:43.93] /o                         Creating jobs for testbench HSPICE_default_2 (0 / 1)                        
[16:00:43.99] /o                           Launching 1 jobs for testbench HSPICE_default_2                          
[16:00:44.34] /o                        Launching jobs for testbench HSPICE_default_2 finished                       
[16:00:44.84] /m Information: 0 of 1 testbench(es) done. (PW_GUI-714)
[16:00:47.07] /m Information: Job distribution master (saeSession0,HSPICE_default_2.Simulation_Simulation session:session0 testbench:HSPICE_default_2) : up to 1 job running workers.
[16:01:26.17] /# Simulation completed successfully for design: group8/sram_6t_tb/schematic  (PW-651)
[16:01:26.24] /# Netlisting and simulation completed for testbench: HSPICE_default_2 in 48s
[16:01:26.25] /# Evaluating and plotting outputs...
[16:01:30.52] /m Information: Jobs distribution master quit! (PW_GUI-822)
[16:01:31.09] /# Evaluating and plotting completed for testbench: HSPICE_default_2 in 5s
[16:01:31.14] /m Information: 1 of 1 testbench(es) done. (PW_GUI-714)
[16:02:45.97] /o ==== Received Msg ====
              /c len=8 sourceSoc=sock44972ff0 msgIndex=3 rawMsg=idleExit
[16:02:45.97] /o 
[16:02:46.07] /m Information: Exiting simulation server process. (PW_GUI-984)
[16:02:48.67] /o Shutdown time: Thu Apr  3 16:02:48 2025
[16:02:48.67] /o Elapsed session real time: 2.38 minutes
[16:02:48.67] /o Session terminated. Log is at /mnt/coe/workspace/ece/ece546-spr25/group8/group8_project/synopsys_custom/logs/primewave.svkolach.2025_4_3_160024_352027.log
[16:02:48.69] /e Error: {}
