[20:59:33.76] /o 
              /c                          PrimeWave Design Environment 
              /c 
              /c                Version W-2024.09-SP1-2 for linux64 - Jan 15, 2025
              /c              Based on Custom Infrastructure
              /c Version W-2024.09-SP1-2
              /c 
              /c                     Copyright (c) 2004 - 2025 Synopsys, Inc.
              /c    This software and the associated documentation are proprietary to Synopsys,
              /c  Inc. This software may only be used in accordance with the terms and conditions
              /c  of a written license agreement with Synopsys, Inc. All other use, reproduction,
              /c    or distribution of this software is strictly prohibited.  Licensed Products
              /c      communicate with Synopsys servers for the purpose of providing software
              /c     updates, detecting software piracy and verifying that customers are using
              /c     Licensed Products in conformity with the applicable License Key for such
              /c   Licensed Products. Synopsys will use information gathered in connection with
              /c     this process to deliver software updates and pursue software pirates and
              /c                                    infringers.
              /c 
              /c  Inclusivity & Diversity - Visit SolvNetPlus to read the "Synopsys Statement on
              /c             Inclusivity and Diversity" (Refer to article 000036315 at
              /c                         https://solvnetplus.synopsys.com)
              /c 
              /c Build  (OPT) Config 11252589 compiled on Wed Jan 15 11:01:36 2025 for AlmaLinux 8.4
              /c Invocation: /mnt/apps/public/COE/synopsys_apps/primewave/W-2024.09-SP1-2/linux64/platform/bin/custom_shell -application primewave -gui 0 -uniqueString 424077b79e1069eea23cf3be4e8d4a3ab352b129e5a3670e3b3a965d3326affa386e110f53a84955026f1c4828e2c3b1 -python 0 -command "source /mnt/coe/workspace/ece/ece546-spr25/group8/group8_project/synopsys_custom/sim_server/custom_compiler.hrajesh/stb.group8.tb2025_1.schematic.session0/sim_server_init.tcl" -log /mnt/coe/workspace/ece/ece546-spr25/group8/group8_project/synopsys_custom/primewave_session0_sim_server_job1 -libDefFile /mnt/coe/workspace/ece/ece546-spr25/group8/group8_project/lib.defs
              /c Execution time: Wed Apr  9 20:59:28 2025
              /c Host: hydra11.ece.ncsu.edu
              /c Working directory: /mnt/coe/workspace/ece/ece546-spr25/group8/group8_project
              /c 
[20:59:46.13] /m Information: Registering ICV PERC package...
[20:59:47.09] /m Information: Feature 'SynopsysCustomSAE' checked out. (LICENSE-003)
[20:59:47.14] /o 
[20:59:47.20] /i source /mnt/coe/workspace/ece/ece546-spr25/group8/group8_project/synopsys_custom/sim_server/custom_compiler.hrajesh/stb.group8.tb2025_1.schematic.session0/sim_server_init.tcl
[20:59:47.95] /o SimServer socket started on hydra11.ece.ncsu.edu:35987
[20:59:48.46] /m Information: Launching Waveform Viewer "cd /mnt/coe/workspace/ece/ece546-spr25/group8/group8_project/synopsys_custom/sim_server/custom_compiler.hrajesh/stb.group8.tb2025_1.schematic.session0/logs &&  /mnt/apps/public/COE/synopsys_apps/primewave/W-2024.09-SP1-2/auxx/../linux64/swv/bin/swv  -bg_gui -k -cdesigner -ptype wv -spxkey /mnt/apps/public/COE/synopsys_apps/primewave/W-2024.09-SP1-2/auxx/waveform/sae.spxkey -spxrc /tmp/tmp_sae_spxrc_ixnkdO -unique_string 424077b79e1069eedbd19ef536b555c7b352b129e5a3670e3b3a965d3326affa43ab9aba1263e4a5c72a97692f04b7315d417e9887cdc208 -lic_type 2   -parent_cc_pid 1094583  > /mnt/coe/workspace/ece/ece546-spr25/group8/group8_project/synopsys_custom/sim_server/custom_compiler.hrajesh/stb.group8.tb2025_1.schematic.session0/logs/viewer.log 2>&1"
[20:59:48.51] /o ==== Received Msg ====
              /c len=206 sourceSoc=sock4d32f610 msgIndex=19 rawMsg=AppendTask /mnt/coe/workspace/ece/ece546-spr25/group8/group8_project/synopsys_custom/sim_server/custom_compiler.hrajesh/stb.group8.tb2025_1.schematic.session0/task0/sim_script0.tcl 0 saeSession0 1 overwrite
[20:59:48.51] /o 
[20:59:48.57] /o ==== Received Msg ====
              /c len=35 sourceSoc=sock4d32f610 msgIndex=33 rawMsg=evalCmd ::wf::updateViewerLicense 2
[20:59:48.57] /o 
[20:59:50.77] /m Information: "Starting incremental netlisting for design "group8/tb2025_1/schematic"..." (NETLISTING-010)
[20:59:50.83] /o Loading: Callback files...
[20:59:50.85] /o Loading: scripts/callbacks/callbacks.tcl
[20:59:50.85] /o 
              /c [INFO] : Loading display.drf from /mnt/designkits/ncsu/FreePDK3/syncust/NCSU_TechLib_FreePDK3
              /c 
              /c  if you wish to Load other display.drf, please set shell environment valiable "iPDK_load_display_NCSU_TechLib_FreePDK3" to value = 0
[20:59:50.85] /o 
[20:59:50.91] /w Warning: Could not set the value of preference xtDRCTool because it does not exist. (PREFERENCE-016)
[20:59:50.91] /w Warning: Could not set the value of preference xtDRCICVRunsetFile because it does not exist. (PREFERENCE-016)
[20:59:50.91] /w Warning: Could not set the value of preference xtDRCICVIncludePaths because it does not exist. (PREFERENCE-016)
[20:59:50.91] /w Warning: Could not set the value of preference xtDRCLayDBFormat because it does not exist. (PREFERENCE-016)
[20:59:50.91] /w Warning: Could not set the value of preference xtLVSTool because it does not exist. (PREFERENCE-016)
[20:59:50.91] /w Warning: Could not set the value of preference xtLVSICVRunsetFile because it does not exist. (PREFERENCE-016)
[20:59:50.91] /w Warning: Could not set the value of preference xtLVSICVIncludePaths because it does not exist. (PREFERENCE-016)
[20:59:50.91] /w Warning: Could not set the value of preference xtLVSLayDBFormat because it does not exist. (PREFERENCE-016)
[20:59:50.91] /w Warning: Could not set the value of preference xtLPELVSTool because it does not exist. (PREFERENCE-016)
[20:59:50.91] /w Warning: Could not set the value of preference xtLPETool because it does not exist. (PREFERENCE-016)
[20:59:50.91] /w Warning: Could not set the value of preference xtLPEOpenParasiticView because it does not exist. (PREFERENCE-016)
[20:59:50.91] /w Warning: Could not set the value of preference xtStarTcadGrdFile because it does not exist. (PREFERENCE-016)
[20:59:50.91] /w Warning: Could not set the value of preference xtLPEStarOADeviceMappingFile because it does not exist. (PREFERENCE-016)
[20:59:50.91] /w Warning: Could not set the value of preference xtStarOALayerMappingFile because it does not exist. (PREFERENCE-016)
[20:59:50.91] /o 	#######################################
[20:59:50.91] /o 	CC-PDK Library Name	: FreePDK3
[20:59:50.91] /o 	#######################################
[20:59:50.91] /o 
[20:59:50.95] /o Netlisting
[20:59:50.95] /o Creating output directories
[20:59:51.46] /o No Design Integrity rule violations found in "group8/tb2025_1/schematic"
[20:59:51.46] /o Scanning: group8/tb2025_1/schematic
[20:59:51.74] /o Scanning: proj_common/inputbuf/schematic
[20:59:52.29] /o Scanning: group8/memory_array_static_column_decoder/schematic
[20:59:52.32] /o Scanning: group8/precharge_logic/schematic
[20:59:52.38] /o Scanning: group8/sram_6t/schematic
[20:59:52.43] /o Scanning: group8/static_row_decoder_3by8/schematic
[20:59:52.46] /o Scanning: group8/nand/schematic
[20:59:52.49] /o Scanning: group8/inv/schematic
[20:59:52.51] /o Scanning: group8/buffer_highdrive/schematic
[20:59:52.54] /o Scanning: group8/invx4/schematic
[20:59:52.57] /m Information: 
[20:59:52.57] /o Checking "group8/nor/schematic"
[20:59:52.58] /o No rule violations found in "group8/nor/schematic"
[20:59:52.58] /o Scanning: group8/nor/schematic
[20:59:52.62] /o Scanning: group8/columnDecoderstatic/schematic
[20:59:52.65] /o Scanning: group8/2to4_decoder_static/schematic
[20:59:52.68] /o Scanning: group8/Write_Driver/schematic
[20:59:52.70] /o Scanning: group8/read_circuit/schematic
[20:59:52.73] /o Scanning: group8/tspc_pos_ff/schematic
[20:59:52.77] /o Scanning: group8/agen_unit/schematic
[20:59:52.80] /m Information: 
[20:59:52.80] /o Checking "group8/Demux/schematic"
[20:59:52.80] /o No rule violations found in "group8/Demux/schematic"
[20:59:52.80] /o Scanning: group8/Demux/schematic
[20:59:52.84] /o Scanning: group8/WLRef_PC/schematic
[20:59:52.90] /m Information: 
[20:59:52.90] /o Checking "group8/buffer/schematic"
[20:59:52.90] /o No rule violations found in "group8/buffer/schematic"
[20:59:52.90] /o Scanning: group8/buffer/schematic
[20:59:52.90] /o Computing terminal lists
[20:59:52.90] /o Processing terminals of module proj_common/inputbuf/schematic
[20:59:52.94] /o Processing terminals of module group8/precharge_logic/schematic
[20:59:52.94] /o Processing terminals of module group8/sram_6t/schematic
[20:59:52.95] /o Processing terminals of module group8/nand/schematic
[20:59:52.95] /o Processing terminals of module group8/inv/schematic
[20:59:52.95] /o Processing terminals of module group8/buffer_highdrive/schematic
[20:59:52.95] /o Processing terminals of module group8/invx4/schematic
[20:59:52.95] /o Processing terminals of module group8/nor/schematic
[20:59:52.95] /o Processing terminals of module group8/static_row_decoder_3by8/schematic
[20:59:52.95] /o Processing terminals of module group8/2to4_decoder_static/schematic
[20:59:52.96] /o Processing terminals of module group8/columnDecoderstatic/schematic
[20:59:52.96] /o Processing terminals of module group8/Write_Driver/schematic
[20:59:52.96] /o Processing terminals of module group8/read_circuit/schematic
[20:59:52.96] /o Processing terminals of module group8/tspc_pos_ff/schematic
[20:59:52.96] /o Processing terminals of module group8/Demux/schematic
[20:59:52.96] /o Processing terminals of module group8/agen_unit/schematic
[20:59:52.96] /o Processing terminals of module group8/buffer/schematic
[20:59:52.96] /o Processing terminals of module group8/WLRef_PC/schematic
[20:59:52.97] /o Processing terminals of module group8/memory_array_static_column_decoder/schematic
[20:59:52.97] /o Processing terminals of module group8/tb2025_1/schematic
[20:59:52.97] /o Starting netlisting
[20:59:53.97] /m Information: "Netlisting design "group8/tb2025_1/schematic" finished successfully." (NETLISTING-012)
[20:59:54.07] /# Composing simulator input file for design "group8/tb2025_1/schematic"...
[20:59:55.97] /# Simulator input file composed successfully for design "group8/tb2025_1/schematic"
[20:59:56.10] /m Information: Save ouputs to /mnt/coe/workspace/ece/ece546-spr25/group8/group8_project/simulation/group8,tb2025_1,schematic/history_1/simulation/HSPICE_default/HSPICE/nominal/results/outputs.tcl for AVA evaluation.
[20:59:57.39] /o 
[20:59:58.47] /o                                          Composing Nominal                                         
[20:59:58.90] /o                         Launching jobs for testbench HSPICE_default started                        
[20:59:58.92] /# Starting PrimeSimHSPICE simulation for design: group8/tb2025_1/schematic
[20:59:58.98] /o                          Creating jobs for testbench HSPICE_default (0 / 1)                         
[20:59:59.04] /o                            Launching 1 jobs for testbench HSPICE_default                           
[20:59:59.43] /o                         Launching jobs for testbench HSPICE_default finished                        
[20:59:59.98] /m Information: 0 of 1 testbench(es) done. (PW_GUI-714)
[21:00:05.02] /m Information: Job distribution master (saeSession0,HSPICE_default.Simulation_Simulation session:session0 testbench:HSPICE_default) : up to 1 job running workers.
[21:02:21.63] /# Simulation completed successfully for design: group8/tb2025_1/schematic  (PW-651)
[21:02:21.80] /# Netlisting and simulation completed for testbench: HSPICE_default in 151s
[21:02:21.81] /# Evaluating and plotting outputs...
[21:02:27.89] /m Information: Jobs distribution master quit! (PW_GUI-822)
[21:02:28.18] /# Evaluating and plotting completed for testbench: HSPICE_default in 7s
[21:02:28.31] /m Information: 1 of 1 testbench(es) done. (PW_GUI-714)
[21:03:16.22] /o ==== Received Msg ====
              /c len=26 sourceSoc=sock4d32f610 msgIndex=34 rawMsg=evalCmd ::wf::viewerExited
[21:03:16.22] /o 
[21:03:22.98] /o ==== Received Msg ====
              /c len=206 sourceSoc=sock43da6be0 msgIndex=20 rawMsg=AppendTask /mnt/coe/workspace/ece/ece546-spr25/group8/group8_project/synopsys_custom/sim_server/custom_compiler.hrajesh/stb.group8.tb2025_1.schematic.session0/task1/sim_script1.tcl 1 saeSession0 1 overwrite
[21:03:22.98] /o 
[21:03:23.13] /m Information: Feature 'SynopsysCustomSAE' checked in. (LICENSE-004)
[21:03:23.17] /m Information: Feature 'SynopsysCustomSAE' checked out. (LICENSE-003)
[21:03:25.51] /m Information: "Starting incremental netlisting for design "group8/tb2025_1/schematic"..." (NETLISTING-010)
[21:03:25.57] /o Netlisting
[21:03:25.57] /o Creating output directories
[21:03:25.81] /o No Design Integrity rule violations found in "group8/tb2025_1/schematic"
[21:03:25.81] /o Scanning: group8/tb2025_1/schematic
[21:03:26.00] /o Scanning: proj_common/inputbuf/schematic
[21:03:26.39] /o Scanning: group8/memory_array_static_column_decoder/schematic
[21:03:26.42] /o Scanning: group8/precharge_logic/schematic
[21:03:26.47] /o Scanning: group8/sram_6t/schematic
[21:03:26.53] /o Scanning: group8/static_row_decoder_3by8/schematic
[21:03:26.56] /o Scanning: group8/nand/schematic
[21:03:26.59] /o Scanning: group8/inv/schematic
[21:03:26.61] /o Scanning: group8/buffer_highdrive/schematic
[21:03:26.64] /o Scanning: group8/invx4/schematic
[21:03:26.67] /m Information: 
[21:03:26.67] /o Checking "group8/nor/schematic"
[21:03:26.68] /o No rule violations found in "group8/nor/schematic"
[21:03:26.68] /o Scanning: group8/nor/schematic
[21:03:26.72] /o Scanning: group8/columnDecoderstatic/schematic
[21:03:26.75] /o Scanning: group8/2to4_decoder_static/schematic
[21:03:26.78] /o Scanning: group8/Write_Driver/schematic
[21:03:26.80] /o Scanning: group8/read_circuit/schematic
[21:03:26.83] /o Scanning: group8/tspc_pos_ff/schematic
[21:03:26.87] /o Scanning: group8/agen_unit/schematic
[21:03:26.90] /m Information: 
[21:03:26.90] /o Checking "group8/Demux/schematic"
[21:03:26.90] /o No rule violations found in "group8/Demux/schematic"
[21:03:26.90] /o Scanning: group8/Demux/schematic
[21:03:26.94] /o Scanning: group8/WLRef_PC/schematic
[21:03:26.98] /m Information: 
[21:03:26.98] /o Checking "group8/buffer/schematic"
[21:03:26.98] /o No rule violations found in "group8/buffer/schematic"
[21:03:26.98] /o Scanning: group8/buffer/schematic
[21:03:26.98] /o Computing terminal lists
[21:03:26.98] /o Processing terminals of module proj_common/inputbuf/schematic
[21:03:27.02] /o Processing terminals of module group8/precharge_logic/schematic
[21:03:27.02] /o Processing terminals of module group8/sram_6t/schematic
[21:03:27.03] /o Processing terminals of module group8/nand/schematic
[21:03:27.03] /o Processing terminals of module group8/inv/schematic
[21:03:27.03] /o Processing terminals of module group8/buffer_highdrive/schematic
[21:03:27.03] /o Processing terminals of module group8/invx4/schematic
[21:03:27.03] /o Processing terminals of module group8/nor/schematic
[21:03:27.03] /o Processing terminals of module group8/static_row_decoder_3by8/schematic
[21:03:27.03] /o Processing terminals of module group8/2to4_decoder_static/schematic
[21:03:27.03] /o Processing terminals of module group8/columnDecoderstatic/schematic
[21:03:27.04] /o Processing terminals of module group8/Write_Driver/schematic
[21:03:27.04] /o Processing terminals of module group8/read_circuit/schematic
[21:03:27.04] /o Processing terminals of module group8/tspc_pos_ff/schematic
[21:03:27.04] /o Processing terminals of module group8/Demux/schematic
[21:03:27.04] /o Processing terminals of module group8/agen_unit/schematic
[21:03:27.04] /o Processing terminals of module group8/buffer/schematic
[21:03:27.04] /o Processing terminals of module group8/WLRef_PC/schematic
[21:03:27.04] /o Processing terminals of module group8/memory_array_static_column_decoder/schematic
[21:03:27.04] /o Processing terminals of module group8/tb2025_1/schematic
[21:03:27.05] /o Starting netlisting
[21:03:28.04] /m Information: "Netlisting design "group8/tb2025_1/schematic" finished successfully." (NETLISTING-012)
[21:03:28.13] /# Composing simulator input file for design "group8/tb2025_1/schematic"...
[21:03:30.01] /# Simulator input file composed successfully for design "group8/tb2025_1/schematic"
[21:03:30.13] /m Information: Save ouputs to /mnt/coe/workspace/ece/ece546-spr25/group8/group8_project/simulation/group8,tb2025_1,schematic/history_1/simulation/HSPICE_default/HSPICE/nominal/results/outputs.tcl for AVA evaluation.
[21:03:31.42] /o 
[21:03:32.46] /o                                          Composing Nominal                                         
[21:03:32.80] /o                         Launching jobs for testbench HSPICE_default started                        
[21:03:32.81] /# Starting PrimeSimHSPICE simulation for design: group8/tb2025_1/schematic
[21:03:32.91] /o                          Creating jobs for testbench HSPICE_default (0 / 1)                         
[21:03:32.97] /o                            Launching 1 jobs for testbench HSPICE_default                           
[21:03:33.36] /o                         Launching jobs for testbench HSPICE_default finished                        
[21:03:33.37] /o 
[21:03:33.38] /o ==== Received Msg ====
              /c len=35 sourceSoc=sock43da6be0 msgIndex=35 rawMsg=evalCmd ::wf::updateViewerLicense 2
[21:03:33.38] /o 
[21:03:33.63] /m Information: 1 of 2 testbench(es) done. (PW_GUI-714)
[21:03:39.02] /m Information: Job distribution master (saeSession0,HSPICE_default.Simulation_Simulation session:session1 testbench:HSPICE_default) : up to 1 job running workers.
[21:04:25.15] /o ==== Received Msg ====
              /c len=8 sourceSoc=sock43da6be0 msgIndex=36 rawMsg=idleExit
[21:04:25.15] /o 
[21:05:50.02] /# Simulation completed successfully for design: group8/tb2025_1/schematic  (PW-651)
[21:05:50.18] /# Netlisting and simulation completed for testbench: HSPICE_default in 146s
[21:05:50.19] /# Evaluating and plotting outputs...
[21:05:56.05] /m Information: Jobs distribution master quit! (PW_GUI-822)
[21:05:56.63] /# Evaluating and plotting completed for testbench: HSPICE_default in 6s
[21:05:56.72] /m Information: 2 of 2 testbench(es) done. (PW_GUI-714)
[21:05:56.73] /m Information: Exiting simulation server process. (PW_GUI-984)
[21:06:00.18] /o Shutdown time: Wed Apr  9 21:06:00 2025
[21:06:00.18] /o Elapsed session real time: 6.51 minutes
[21:06:00.19] /o Session terminated. Log is at /mnt/coe/workspace/ece/ece546-spr25/group8/group8_project/synopsys_custom/logs/primewave.hrajesh.2025_4_9_205928_1094583.log
[21:06:00.21] /e Error: {}
