[14:29:25.13] /o 
              /c                          PrimeWave Design Environment 
              /c 
              /c                Version W-2024.09-SP1-2 for linux64 - Jan 15, 2025
              /c              Based on Custom Infrastructure
              /c Version W-2024.09-SP1-2
              /c 
              /c                     Copyright (c) 2004 - 2025 Synopsys, Inc.
              /c    This software and the associated documentation are proprietary to Synopsys,
              /c  Inc. This software may only be used in accordance with the terms and conditions
              /c  of a written license agreement with Synopsys, Inc. All other use, reproduction,
              /c    or distribution of this software is strictly prohibited.  Licensed Products
              /c      communicate with Synopsys servers for the purpose of providing software
              /c     updates, detecting software piracy and verifying that customers are using
              /c     Licensed Products in conformity with the applicable License Key for such
              /c   Licensed Products. Synopsys will use information gathered in connection with
              /c     this process to deliver software updates and pursue software pirates and
              /c                                    infringers.
              /c 
              /c  Inclusivity & Diversity - Visit SolvNetPlus to read the "Synopsys Statement on
              /c             Inclusivity and Diversity" (Refer to article 000036315 at
              /c                         https://solvnetplus.synopsys.com)
              /c 
              /c Build  (OPT) Config 11252589 compiled on Wed Jan 15 11:01:36 2025 for AlmaLinux 8.4
              /c Invocation: /mnt/apps/public/COE/synopsys_apps/primewave/W-2024.09-SP1-2/linux64/platform/bin/custom_shell -application primewave -gui 0 -uniqueString 424077b79e1069ee0b73611fb0816457f03d3135d99f0755c1cb7792ad94754216c3a593cfc9746a29971783f42ada8e -python 0 -command "source /mnt/coe/workspace/ece/ece546-spr25/group8/group8_project/synopsys_custom/sim_server/custom_compiler.hrajesh/stb.group8.precharge_logic_tb.schematic.session1/sim_server_init.tcl" -log /mnt/coe/workspace/ece/ece546-spr25/group8/group8_project/synopsys_custom/primewave_session1_sim_server_job1 -libDefFile /mnt/coe/workspace/ece/ece546-spr25/group8/group8_project/lib.defs
              /c Execution time: Tue Mar 25 14:29:19 2025
              /c Host: hydra11.ece.ncsu.edu
              /c Working directory: /mnt/coe/workspace/ece/ece546-spr25/group8/group8_project
              /c 
[14:29:33.62] /m Information: Registering ICV PERC package...
[14:29:33.78] /w Warning: In file /mnt/coe/workspace/ece/ece546-spr25/group8/group8_project/lib.defs: Unable to open library proj_common at path /mnt/coe/workspace/ece/ece546-common/proj_common : No access permission. (DATA_MANAGEMENT-014)
[14:29:34.28] /m Information: Feature 'SynopsysCustomSAE' checked out. (LICENSE-003)
[14:29:34.65] /o 
[14:29:34.69] /i source /mnt/coe/workspace/ece/ece546-spr25/group8/group8_project/synopsys_custom/sim_server/custom_compiler.hrajesh/stb.group8.precharge_logic_tb.schematic.session1/sim_server_init.tcl
[14:29:35.30] /o SimServer socket started on hydra11.ece.ncsu.edu:37999
[14:29:35.76] /m Information: Launching Waveform Viewer "cd /mnt/coe/workspace/ece/ece546-spr25/group8/group8_project/synopsys_custom/sim_server/custom_compiler.hrajesh/stb.group8.precharge_logic_tb.schematic.session1/logs &&  /mnt/apps/public/COE/synopsys_apps/primewave/W-2024.09-SP1-2/auxx/../linux64/swv/bin/swv  -bg_gui -k -cdesigner -ptype wv -spxkey /mnt/apps/public/COE/synopsys_apps/primewave/W-2024.09-SP1-2/auxx/waveform/sae.spxkey -spxrc /tmp/tmp_sae_spxrc_aItmC4 -unique_string 424077b79e1069ee8ee18243e2c114f1f03d3135d99f0755c1cb7792ad94754215911dea03ed9e1465aaebc252bb0d9ab33138b361a7013f -lic_type 2   -parent_cc_pid 621219  > /mnt/coe/workspace/ece/ece546-spr25/group8/group8_project/synopsys_custom/sim_server/custom_compiler.hrajesh/stb.group8.precharge_logic_tb.schematic.session1/logs/viewer.log 2>&1"
[14:29:35.80] /o ==== Received Msg ====
              /c len=216 sourceSoc=sock4d114f30 msgIndex=12 rawMsg=AppendTask /mnt/coe/workspace/ece/ece546-spr25/group8/group8_project/synopsys_custom/sim_server/custom_compiler.hrajesh/stb.group8.precharge_logic_tb.schematic.session1/task0/sim_script0.tcl 0 saeSession1 1 overwrite
[14:29:35.80] /o 
[14:29:36.91] /w Warning: In file /mnt/coe/workspace/ece/ece546-spr25/group8/group8_project/lib.defs: Unable to open library proj_common at path /mnt/coe/workspace/ece/ece546-common/proj_common : No access permission. (DATA_MANAGEMENT-014)
[14:29:37.95] /m Information: "Starting incremental netlisting for design "group8/precharge_logic_tb/schematic"..." (NETLISTING-010)
[14:29:38.02] /o Loading: Callback files...
[14:29:38.04] /o Loading: scripts/callbacks/callbacks.tcl
[14:29:38.04] /o 
              /c [INFO] : Loading display.drf from /mnt/designkits/ncsu/FreePDK3/syncust/NCSU_TechLib_FreePDK3
              /c 
              /c  if you wish to Load other display.drf, please set shell environment valiable "iPDK_load_display_NCSU_TechLib_FreePDK3" to value = 0
[14:29:38.04] /o 
[14:29:38.09] /w Warning: Could not set the value of preference xtDRCTool because it does not exist. (PREFERENCE-016)
[14:29:38.09] /w Warning: Could not set the value of preference xtDRCICVRunsetFile because it does not exist. (PREFERENCE-016)
[14:29:38.09] /w Warning: Could not set the value of preference xtDRCICVIncludePaths because it does not exist. (PREFERENCE-016)
[14:29:38.09] /w Warning: Could not set the value of preference xtDRCLayDBFormat because it does not exist. (PREFERENCE-016)
[14:29:38.09] /w Warning: Could not set the value of preference xtLVSTool because it does not exist. (PREFERENCE-016)
[14:29:38.09] /w Warning: Could not set the value of preference xtLVSICVRunsetFile because it does not exist. (PREFERENCE-016)
[14:29:38.09] /w Warning: Could not set the value of preference xtLVSICVIncludePaths because it does not exist. (PREFERENCE-016)
[14:29:38.09] /w Warning: Could not set the value of preference xtLVSLayDBFormat because it does not exist. (PREFERENCE-016)
[14:29:38.09] /w Warning: Could not set the value of preference xtLPELVSTool because it does not exist. (PREFERENCE-016)
[14:29:38.09] /w Warning: Could not set the value of preference xtLPETool because it does not exist. (PREFERENCE-016)
[14:29:38.09] /w Warning: Could not set the value of preference xtLPEOpenParasiticView because it does not exist. (PREFERENCE-016)
[14:29:38.09] /w Warning: Could not set the value of preference xtStarTcadGrdFile because it does not exist. (PREFERENCE-016)
[14:29:38.10] /w Warning: Could not set the value of preference xtLPEStarOADeviceMappingFile because it does not exist. (PREFERENCE-016)
[14:29:38.10] /w Warning: Could not set the value of preference xtStarOALayerMappingFile because it does not exist. (PREFERENCE-016)
[14:29:38.10] /o 	#######################################
[14:29:38.10] /o 	CC-PDK Library Name	: FreePDK3
[14:29:38.10] /o 	#######################################
[14:29:38.10] /o 
[14:29:38.14] /o Netlisting
[14:29:38.14] /o Creating output directories
[14:29:38.33] /o No Design Integrity rule violations found in "group8/precharge_logic_tb/schematic"
[14:29:38.33] /o Scanning: group8/precharge_logic_tb/schematic
[14:29:38.48] /o Scanning: group8/precharge_logic/schematic
[14:29:38.63] /o Computing terminal lists
[14:29:38.63] /o Processing terminals of module group8/precharge_logic/schematic
[14:29:38.64] /o Processing terminals of module group8/precharge_logic_tb/schematic
[14:29:38.64] /o Starting netlisting
[14:29:38.73] /o Formatting group8/precharge_logic/schematic
[14:29:38.75] /m Information: "group8 precharge_logic schematic" renetlisted. (NETLISTING-056)
[14:29:38.81] /o Formatting group8/precharge_logic_tb/schematic
[14:29:38.83] /m Information: "group8 precharge_logic_tb schematic" renetlisted. (NETLISTING-056)
[14:29:38.93] /m Information: "Netlisting design "group8/precharge_logic_tb/schematic" finished successfully." (NETLISTING-012)
[14:29:39.00] /# Composing simulator input file for design "group8/precharge_logic_tb/schematic"...
[14:29:39.73] /# Simulator input file composed successfully for design "group8/precharge_logic_tb/schematic"
[14:29:39.86] /m Information: Save ouputs to /mnt/coe/workspace/ece/ece546-spr25/group8/group8_project/simulation/group8,precharge_logic_tb,schematic/history_1/simulation/default/PrimeSimHSPICE/nominal/results/outputs.tcl for AVA evaluation.
[14:29:40.98] /o 
[14:29:42.00] /o                                          Composing Nominal                                         
[14:29:42.34] /o                             Launching jobs for testbench default started                            
[14:29:42.35] /# Starting PrimeSimHSPICE simulation for design: group8/precharge_logic_tb/schematic
[14:29:42.42] /o                             Creating jobs for testbench default (0 / 1)                            
[14:29:42.48] /o                                Launching 1 jobs for testbench default                               
[14:29:42.82] /o                            Launching jobs for testbench default finished                           
[14:29:43.41] /m Information: 0 of 1 testbench(es) done. (PW_GUI-714)
[14:29:48.03] /m Information: Job distribution master (saeSession1,default.Simulation_Simulation session:session0 testbench:default) : up to 1 job running workers.
[14:30:15.63] /# Simulation completed successfully for design: group8/precharge_logic_tb/schematic  (PW-651)
[14:30:15.72] /# Netlisting and simulation completed for testbench: default in 38s
[14:30:15.73] /# Evaluating and plotting outputs...
[14:30:20.75] /m Information: Jobs distribution master quit! (PW_GUI-822)
[14:30:21.61] /# Evaluating and plotting completed for testbench: default in 6s
[14:30:21.68] /m Information: 1 of 1 testbench(es) done. (PW_GUI-714)
[14:31:37.77] /o ==== Received Msg ====
              /c len=216 sourceSoc=sock505db430 msgIndex=13 rawMsg=AppendTask /mnt/coe/workspace/ece/ece546-spr25/group8/group8_project/synopsys_custom/sim_server/custom_compiler.hrajesh/stb.group8.precharge_logic_tb.schematic.session1/task1/sim_script1.tcl 1 saeSession1 1 overwrite
[14:31:37.77] /o 
[14:31:37.89] /m Information: Feature 'SynopsysCustomSAE' checked in. (LICENSE-004)
[14:31:37.91] /m Information: Feature 'SynopsysCustomSAE' checked out. (LICENSE-003)
[14:31:38.91] /w Warning: In file /mnt/coe/workspace/ece/ece546-spr25/group8/group8_project/lib.defs: Unable to open library proj_common at path /mnt/coe/workspace/ece/ece546-common/proj_common : No access permission. (DATA_MANAGEMENT-014)
[14:31:40.10] /m Information: "Starting incremental netlisting for design "group8/precharge_logic_tb/schematic"..." (NETLISTING-010)
[14:31:40.16] /o Netlisting
[14:31:40.16] /o Creating output directories
[14:31:40.30] /o No Design Integrity rule violations found in "group8/precharge_logic_tb/schematic"
[14:31:40.30] /o Scanning: group8/precharge_logic_tb/schematic
[14:31:40.38] /o Scanning: group8/precharge_logic/schematic
[14:31:40.52] /o Computing terminal lists
[14:31:40.52] /o Processing terminals of module group8/precharge_logic/schematic
[14:31:40.52] /o Processing terminals of module group8/precharge_logic_tb/schematic
[14:31:40.53] /o Starting netlisting
[14:31:40.68] /o Formatting group8/precharge_logic_tb/schematic
[14:31:40.70] /m Information: "group8 precharge_logic_tb schematic" renetlisted. (NETLISTING-056)
[14:31:40.80] /m Information: "Netlisting design "group8/precharge_logic_tb/schematic" finished successfully." (NETLISTING-012)
[14:31:40.85] /# Composing simulator input file for design "group8/precharge_logic_tb/schematic"...
[14:31:41.56] /# Simulator input file composed successfully for design "group8/precharge_logic_tb/schematic"
[14:31:41.67] /m Information: Save ouputs to /mnt/coe/workspace/ece/ece546-spr25/group8/group8_project/simulation/group8,precharge_logic_tb,schematic/history_1/simulation/default/PrimeSimHSPICE/nominal/results/outputs.tcl for AVA evaluation.
[14:31:42.81] /o 
[14:31:43.83] /o                                          Composing Nominal                                         
[14:31:44.13] /o                             Launching jobs for testbench default started                            
[14:31:44.15] /# Starting PrimeSimHSPICE simulation for design: group8/precharge_logic_tb/schematic
[14:31:44.21] /o                             Creating jobs for testbench default (0 / 1)                            
[14:31:44.27] /o                                Launching 1 jobs for testbench default                               
[14:31:44.58] /o                            Launching jobs for testbench default finished                           
[14:31:44.59] /o 
[14:31:44.83] /m Information: 1 of 2 testbench(es) done. (PW_GUI-714)
[14:31:47.03] /m Information: Job distribution master (saeSession1,default.Simulation_Simulation session:session1 testbench:default) : up to 1 job running workers.
[14:32:16.64] /# Simulation completed successfully for design: group8/precharge_logic_tb/schematic  (PW-651)
[14:32:16.72] /# Netlisting and simulation completed for testbench: default in 37s
[14:32:16.73] /# Evaluating and plotting outputs...
[14:32:21.42] /m Information: Jobs distribution master quit! (PW_GUI-822)
[14:32:22.33] /# Evaluating and plotting completed for testbench: default in 6s
[14:32:22.42] /m Information: 2 of 2 testbench(es) done. (PW_GUI-714)
[14:34:04.48] /o ==== Received Msg ====
              /c len=26 sourceSoc=sock505db430 msgIndex=12 rawMsg=evalCmd ::wf::viewerExited
[14:34:04.48] /o 
[14:34:08.38] /o ==== Received Msg ====
              /c len=35 sourceSoc=sock505db430 msgIndex=13 rawMsg=evalCmd ::wf::updateViewerLicense 2
[14:34:08.38] /o 
[14:34:19.15] /o ==== Received Msg ====
              /c len=8 sourceSoc=sock505db430 msgIndex=14 rawMsg=idleExit
[14:34:19.15] /o 
[14:34:19.20] /m Information: Exiting simulation server process. (PW_GUI-984)
[14:34:22.39] /o Shutdown time: Tue Mar 25 14:34:22 2025
[14:34:22.39] /o Elapsed session real time: 5.03 minutes
[14:34:22.40] /o Session terminated. Log is at /mnt/coe/workspace/ece/ece546-spr25/group8/group8_project/synopsys_custom/logs/primewave.hrajesh.2025_3_25_142919_621219.log
[14:34:22.43] /e Error: {}
