[20:52:42.65] /o 
              /c                          PrimeWave Design Environment 
              /c 
              /c                Version W-2024.09-SP1-2 for linux64 - Jan 15, 2025
              /c              Based on Custom Infrastructure
              /c Version W-2024.09-SP1-2
              /c 
              /c                     Copyright (c) 2004 - 2025 Synopsys, Inc.
              /c    This software and the associated documentation are proprietary to Synopsys,
              /c  Inc. This software may only be used in accordance with the terms and conditions
              /c  of a written license agreement with Synopsys, Inc. All other use, reproduction,
              /c    or distribution of this software is strictly prohibited.  Licensed Products
              /c      communicate with Synopsys servers for the purpose of providing software
              /c     updates, detecting software piracy and verifying that customers are using
              /c     Licensed Products in conformity with the applicable License Key for such
              /c   Licensed Products. Synopsys will use information gathered in connection with
              /c     this process to deliver software updates and pursue software pirates and
              /c                                    infringers.
              /c 
              /c  Inclusivity & Diversity - Visit SolvNetPlus to read the "Synopsys Statement on
              /c             Inclusivity and Diversity" (Refer to article 000036315 at
              /c                         https://solvnetplus.synopsys.com)
              /c 
              /c Build  (OPT) Config 11252589 compiled on Wed Jan 15 11:01:36 2025 for AlmaLinux 8.4
              /c Invocation: /mnt/apps/public/COE/synopsys_apps/primewave/W-2024.09-SP1-2/linux64/platform/bin/custom_shell -application primewave -gui 0 -uniqueString 424077b79e1069eea23cf3be4e8d4a3ab352b129e5a3670e3b3a965d3326affa386e110f53a84955bc12f715691054fb -python 0 -command "source /mnt/coe/workspace/ece/ece546-spr25/group8/group8_project/synopsys_custom/sim_server/custom_compiler.hrajesh/stb.group8.tb2025_1.schematic.session0/sim_server_init.tcl" -log /mnt/coe/workspace/ece/ece546-spr25/group8/group8_project/synopsys_custom/primewave_session0_sim_server_job1 -libDefFile /mnt/coe/workspace/ece/ece546-spr25/group8/group8_project/lib.defs
              /c Execution time: Wed Apr  9 20:52:36 2025
              /c Host: hydra11.ece.ncsu.edu
              /c Working directory: /mnt/coe/workspace/ece/ece546-spr25/group8/group8_project
              /c 
[20:52:55.11] /m Information: Registering ICV PERC package...
[20:52:56.07] /m Information: Feature 'SynopsysCustomSAE' checked out. (LICENSE-003)
[20:52:56.14] /o 
[20:52:56.20] /i source /mnt/coe/workspace/ece/ece546-spr25/group8/group8_project/synopsys_custom/sim_server/custom_compiler.hrajesh/stb.group8.tb2025_1.schematic.session0/sim_server_init.tcl
[20:52:56.94] /o SimServer socket started on hydra11.ece.ncsu.edu:44861
[20:52:57.46] /m Information: Launching Waveform Viewer "cd /mnt/coe/workspace/ece/ece546-spr25/group8/group8_project/synopsys_custom/sim_server/custom_compiler.hrajesh/stb.group8.tb2025_1.schematic.session0/logs &&  /mnt/apps/public/COE/synopsys_apps/primewave/W-2024.09-SP1-2/auxx/../linux64/swv/bin/swv  -bg_gui -k -cdesigner -ptype wv -spxkey /mnt/apps/public/COE/synopsys_apps/primewave/W-2024.09-SP1-2/auxx/waveform/sae.spxkey -spxrc /tmp/tmp_sae_spxrc_3dribD -unique_string 424077b79e1069ee250d41cc4a411ff7b352b129e5a3670e3b3a965d3326affa43ab9aba1263e4a5c72a97692f04b731d2e1ce0e5df88723 -lic_type 2   -parent_cc_pid 1086691  > /mnt/coe/workspace/ece/ece546-spr25/group8/group8_project/synopsys_custom/sim_server/custom_compiler.hrajesh/stb.group8.tb2025_1.schematic.session0/logs/viewer.log 2>&1"
[20:52:57.50] /o ==== Received Msg ====
              /c len=206 sourceSoc=sock46ab3260 msgIndex=17 rawMsg=AppendTask /mnt/coe/workspace/ece/ece546-spr25/group8/group8_project/synopsys_custom/sim_server/custom_compiler.hrajesh/stb.group8.tb2025_1.schematic.session0/task0/sim_script0.tcl 0 saeSession0 1 overwrite
[20:52:57.50] /o 
[20:52:57.56] /o ==== Received Msg ====
              /c len=35 sourceSoc=sock46ab3260 msgIndex=29 rawMsg=evalCmd ::wf::updateViewerLicense 2
[20:52:57.56] /o 
[20:52:59.79] /m Information: "Starting incremental netlisting for design "group8/tb2025_1/schematic"..." (NETLISTING-010)
[20:52:59.85] /o Loading: Callback files...
[20:52:59.87] /o Loading: scripts/callbacks/callbacks.tcl
[20:52:59.88] /o 
              /c [INFO] : Loading display.drf from /mnt/designkits/ncsu/FreePDK3/syncust/NCSU_TechLib_FreePDK3
              /c 
              /c  if you wish to Load other display.drf, please set shell environment valiable "iPDK_load_display_NCSU_TechLib_FreePDK3" to value = 0
[20:52:59.88] /o 
[20:52:59.93] /w Warning: Could not set the value of preference xtDRCTool because it does not exist. (PREFERENCE-016)
[20:52:59.93] /w Warning: Could not set the value of preference xtDRCICVRunsetFile because it does not exist. (PREFERENCE-016)
[20:52:59.93] /w Warning: Could not set the value of preference xtDRCICVIncludePaths because it does not exist. (PREFERENCE-016)
[20:52:59.93] /w Warning: Could not set the value of preference xtDRCLayDBFormat because it does not exist. (PREFERENCE-016)
[20:52:59.93] /w Warning: Could not set the value of preference xtLVSTool because it does not exist. (PREFERENCE-016)
[20:52:59.93] /w Warning: Could not set the value of preference xtLVSICVRunsetFile because it does not exist. (PREFERENCE-016)
[20:52:59.93] /w Warning: Could not set the value of preference xtLVSICVIncludePaths because it does not exist. (PREFERENCE-016)
[20:52:59.93] /w Warning: Could not set the value of preference xtLVSLayDBFormat because it does not exist. (PREFERENCE-016)
[20:52:59.93] /w Warning: Could not set the value of preference xtLPELVSTool because it does not exist. (PREFERENCE-016)
[20:52:59.93] /w Warning: Could not set the value of preference xtLPETool because it does not exist. (PREFERENCE-016)
[20:52:59.93] /w Warning: Could not set the value of preference xtLPEOpenParasiticView because it does not exist. (PREFERENCE-016)
[20:52:59.93] /w Warning: Could not set the value of preference xtStarTcadGrdFile because it does not exist. (PREFERENCE-016)
[20:52:59.93] /w Warning: Could not set the value of preference xtLPEStarOADeviceMappingFile because it does not exist. (PREFERENCE-016)
[20:52:59.93] /w Warning: Could not set the value of preference xtStarOALayerMappingFile because it does not exist. (PREFERENCE-016)
[20:52:59.93] /o 	#######################################
[20:52:59.93] /o 	CC-PDK Library Name	: FreePDK3
[20:52:59.93] /o 	#######################################
[20:52:59.93] /o 
[20:52:59.97] /o Netlisting
[20:52:59.97] /o Creating output directories
[20:53:00.48] /o No Design Integrity rule violations found in "group8/tb2025_1/schematic"
[20:53:00.48] /o Scanning: group8/tb2025_1/schematic
[20:53:00.75] /o Scanning: proj_common/inputbuf/schematic
[20:53:01.30] /o Scanning: group8/memory_array_static_column_decoder/schematic
[20:53:01.34] /o Scanning: group8/precharge_logic/schematic
[20:53:01.40] /o Scanning: group8/sram_6t/schematic
[20:53:01.45] /o Scanning: group8/static_row_decoder_3by8/schematic
[20:53:01.48] /o Scanning: group8/nand/schematic
[20:53:01.52] /o Scanning: group8/inv/schematic
[20:53:01.55] /o Scanning: group8/buffer_highdrive/schematic
[20:53:01.58] /o Scanning: group8/invx4/schematic
[20:53:01.61] /m Information: 
[20:53:01.61] /o Checking "group8/nor/schematic"
[20:53:01.61] /o No rule violations found in "group8/nor/schematic"
[20:53:01.61] /o Scanning: group8/nor/schematic
[20:53:01.65] /o Scanning: group8/columnDecoderstatic/schematic
[20:53:01.68] /o Scanning: group8/2to4_decoder_static/schematic
[20:53:01.71] /o Scanning: group8/Write_Driver/schematic
[20:53:01.74] /o Scanning: group8/read_circuit/schematic
[20:53:01.77] /o Scanning: group8/tspc_pos_ff/schematic
[20:53:01.81] /o Scanning: group8/agen_unit/schematic
[20:53:01.84] /m Information: 
[20:53:01.84] /o Checking "group8/Demux/schematic"
[20:53:01.84] /o No rule violations found in "group8/Demux/schematic"
[20:53:01.84] /o Scanning: group8/Demux/schematic
[20:53:01.89] /o Scanning: group8/WLRef_PC/schematic
[20:53:01.93] /m Information: 
[20:53:01.93] /o Checking "group8/buffer/schematic"
[20:53:01.93] /o No rule violations found in "group8/buffer/schematic"
[20:53:01.93] /o Scanning: group8/buffer/schematic
[20:53:01.93] /o Computing terminal lists
[20:53:01.93] /o Processing terminals of module proj_common/inputbuf/schematic
[20:53:01.97] /o Processing terminals of module group8/precharge_logic/schematic
[20:53:01.97] /o Processing terminals of module group8/sram_6t/schematic
[20:53:01.98] /o Processing terminals of module group8/nand/schematic
[20:53:01.98] /o Processing terminals of module group8/inv/schematic
[20:53:01.98] /o Processing terminals of module group8/buffer_highdrive/schematic
[20:53:01.98] /o Processing terminals of module group8/invx4/schematic
[20:53:01.98] /o Processing terminals of module group8/nor/schematic
[20:53:01.98] /o Processing terminals of module group8/static_row_decoder_3by8/schematic
[20:53:01.98] /o Processing terminals of module group8/2to4_decoder_static/schematic
[20:53:01.99] /o Processing terminals of module group8/columnDecoderstatic/schematic
[20:53:01.99] /o Processing terminals of module group8/Write_Driver/schematic
[20:53:01.99] /o Processing terminals of module group8/read_circuit/schematic
[20:53:01.99] /o Processing terminals of module group8/tspc_pos_ff/schematic
[20:53:01.99] /o Processing terminals of module group8/Demux/schematic
[20:53:01.99] /o Processing terminals of module group8/agen_unit/schematic
[20:53:01.99] /o Processing terminals of module group8/buffer/schematic
[20:53:01.99] /o Processing terminals of module group8/WLRef_PC/schematic
[20:53:01.99] /o Processing terminals of module group8/memory_array_static_column_decoder/schematic
[20:53:02.00] /o Processing terminals of module group8/tb2025_1/schematic
[20:53:02.00] /o Starting netlisting
[20:53:03.13] /m Information: "Netlisting design "group8/tb2025_1/schematic" finished successfully." (NETLISTING-012)
[20:53:03.24] /# Composing simulator input file for design "group8/tb2025_1/schematic"...
[20:53:05.21] /# Simulator input file composed successfully for design "group8/tb2025_1/schematic"
[20:53:05.34] /m Information: Save ouputs to /mnt/coe/workspace/ece/ece546-spr25/group8/group8_project/simulation/group8,tb2025_1,schematic/history_1/simulation/HSPICE_default/HSPICE/nominal/results/outputs.tcl for AVA evaluation.
[20:53:06.63] /o 
[20:53:07.69] /o                                          Composing Nominal                                         
[20:53:08.10] /o                         Launching jobs for testbench HSPICE_default started                        
[20:53:08.11] /# Starting PrimeSimHSPICE simulation for design: group8/tb2025_1/schematic
[20:53:08.18] /o                          Creating jobs for testbench HSPICE_default (0 / 1)                         
[20:53:08.24] /o                            Launching 1 jobs for testbench HSPICE_default                           
[20:53:08.61] /o                         Launching jobs for testbench HSPICE_default finished                        
[20:53:09.15] /m Information: 0 of 1 testbench(es) done. (PW_GUI-714)
[20:53:14.02] /m Information: Job distribution master (saeSession0,HSPICE_default.Simulation_Simulation session:session0 testbench:HSPICE_default) : up to 1 job running workers.
[20:55:23.73] /# Simulation completed successfully for design: group8/tb2025_1/schematic  (PW-651)
[20:55:23.90] /# Netlisting and simulation completed for testbench: HSPICE_default in 144s
[20:55:23.91] /# Evaluating and plotting outputs...
[20:55:30.29] /m Information: Jobs distribution master quit! (PW_GUI-822)
[20:55:30.68] /# Evaluating and plotting completed for testbench: HSPICE_default in 7s
[20:55:30.84] /m Information: 1 of 1 testbench(es) done. (PW_GUI-714)
[20:56:01.17] /o ==== Received Msg ====
              /c len=26 sourceSoc=sock46ab3260 msgIndex=30 rawMsg=evalCmd ::wf::viewerExited
[20:56:01.17] /o 
[20:56:06.70] /o ==== Received Msg ====
              /c len=35 sourceSoc=sock46ab3260 msgIndex=31 rawMsg=evalCmd ::wf::updateViewerLicense 2
[20:56:06.70] /o 
[20:56:09.43] /o ==== Received Msg ====
              /c len=206 sourceSoc=sock46253810 msgIndex=18 rawMsg=AppendTask /mnt/coe/workspace/ece/ece546-spr25/group8/group8_project/synopsys_custom/sim_server/custom_compiler.hrajesh/stb.group8.tb2025_1.schematic.session0/task1/sim_script1.tcl 1 saeSession0 1 overwrite
[20:56:09.43] /o 
[20:56:09.58] /m Information: Feature 'SynopsysCustomSAE' checked in. (LICENSE-004)
[20:56:09.61] /m Information: Feature 'SynopsysCustomSAE' checked out. (LICENSE-003)
[20:56:12.03] /m Information: "Starting incremental netlisting for design "group8/tb2025_1/schematic"..." (NETLISTING-010)
[20:56:12.10] /o Netlisting
[20:56:12.10] /o Creating output directories
[20:56:12.33] /o No Design Integrity rule violations found in "group8/tb2025_1/schematic"
[20:56:12.33] /o Scanning: group8/tb2025_1/schematic
[20:56:12.52] /o Scanning: proj_common/inputbuf/schematic
[20:56:12.93] /o Scanning: group8/memory_array_static_column_decoder/schematic
[20:56:12.96] /o Scanning: group8/precharge_logic/schematic
[20:56:13.01] /o Scanning: group8/sram_6t/schematic
[20:56:13.07] /o Scanning: group8/static_row_decoder_3by8/schematic
[20:56:13.10] /o Scanning: group8/nand/schematic
[20:56:13.13] /o Scanning: group8/inv/schematic
[20:56:13.16] /o Scanning: group8/buffer_highdrive/schematic
[20:56:13.19] /o Scanning: group8/invx4/schematic
[20:56:13.22] /m Information: 
[20:56:13.22] /o Checking "group8/nor/schematic"
[20:56:13.23] /o No rule violations found in "group8/nor/schematic"
[20:56:13.23] /o Scanning: group8/nor/schematic
[20:56:13.27] /o Scanning: group8/columnDecoderstatic/schematic
[20:56:13.30] /o Scanning: group8/2to4_decoder_static/schematic
[20:56:13.33] /o Scanning: group8/Write_Driver/schematic
[20:56:13.36] /o Scanning: group8/read_circuit/schematic
[20:56:13.39] /o Scanning: group8/tspc_pos_ff/schematic
[20:56:13.44] /o Scanning: group8/agen_unit/schematic
[20:56:13.47] /m Information: 
[20:56:13.47] /o Checking "group8/Demux/schematic"
[20:56:13.47] /o No rule violations found in "group8/Demux/schematic"
[20:56:13.47] /o Scanning: group8/Demux/schematic
[20:56:13.51] /o Scanning: group8/WLRef_PC/schematic
[20:56:13.55] /m Information: 
[20:56:13.55] /o Checking "group8/buffer/schematic"
[20:56:13.55] /o No rule violations found in "group8/buffer/schematic"
[20:56:13.55] /o Scanning: group8/buffer/schematic
[20:56:13.55] /o Computing terminal lists
[20:56:13.55] /o Processing terminals of module proj_common/inputbuf/schematic
[20:56:13.59] /o Processing terminals of module group8/precharge_logic/schematic
[20:56:13.59] /o Processing terminals of module group8/sram_6t/schematic
[20:56:13.60] /o Processing terminals of module group8/nand/schematic
[20:56:13.60] /o Processing terminals of module group8/inv/schematic
[20:56:13.60] /o Processing terminals of module group8/buffer_highdrive/schematic
[20:56:13.60] /o Processing terminals of module group8/invx4/schematic
[20:56:13.60] /o Processing terminals of module group8/nor/schematic
[20:56:13.60] /o Processing terminals of module group8/static_row_decoder_3by8/schematic
[20:56:13.60] /o Processing terminals of module group8/2to4_decoder_static/schematic
[20:56:13.60] /o Processing terminals of module group8/columnDecoderstatic/schematic
[20:56:13.61] /o Processing terminals of module group8/Write_Driver/schematic
[20:56:13.61] /o Processing terminals of module group8/read_circuit/schematic
[20:56:13.61] /o Processing terminals of module group8/tspc_pos_ff/schematic
[20:56:13.61] /o Processing terminals of module group8/Demux/schematic
[20:56:13.61] /o Processing terminals of module group8/agen_unit/schematic
[20:56:13.61] /o Processing terminals of module group8/buffer/schematic
[20:56:13.61] /o Processing terminals of module group8/WLRef_PC/schematic
[20:56:13.61] /o Processing terminals of module group8/memory_array_static_column_decoder/schematic
[20:56:13.61] /o Processing terminals of module group8/tb2025_1/schematic
[20:56:13.62] /o Starting netlisting
[20:56:14.66] /m Information: "Netlisting design "group8/tb2025_1/schematic" finished successfully." (NETLISTING-012)
[20:56:14.75] /# Composing simulator input file for design "group8/tb2025_1/schematic"...
[20:56:16.57] /# Simulator input file composed successfully for design "group8/tb2025_1/schematic"
[20:56:16.68] /m Information: Save ouputs to /mnt/coe/workspace/ece/ece546-spr25/group8/group8_project/simulation/group8,tb2025_1,schematic/history_1/simulation/HSPICE_default/HSPICE/nominal/results/outputs.tcl for AVA evaluation.
[20:56:17.95] /o 
[20:56:18.99] /o                                          Composing Nominal                                         
[20:56:19.32] /o                         Launching jobs for testbench HSPICE_default started                        
[20:56:19.33] /# Starting PrimeSimHSPICE simulation for design: group8/tb2025_1/schematic
[20:56:19.40] /o                          Creating jobs for testbench HSPICE_default (0 / 1)                         
[20:56:19.45] /o                            Launching 1 jobs for testbench HSPICE_default                           
[20:56:19.81] /o                         Launching jobs for testbench HSPICE_default finished                        
[20:56:19.82] /o 
[20:56:20.08] /m Information: 1 of 2 testbench(es) done. (PW_GUI-714)
[20:56:25.11] /m Information: Job distribution master (saeSession0,HSPICE_default.Simulation_Simulation session:session1 testbench:HSPICE_default) : up to 1 job running workers.
[20:57:34.15] /o ==== Received Msg ====
              /c len=8 sourceSoc=sock46253810 msgIndex=32 rawMsg=idleExit
[20:57:34.15] /o 
[20:58:37.43] /# Simulation completed successfully for design: group8/tb2025_1/schematic  (PW-651)
[20:58:37.61] /# Netlisting and simulation completed for testbench: HSPICE_default in 146s
[20:58:37.62] /# Evaluating and plotting outputs...
[20:58:42.44] /m Information: Jobs distribution master quit! (PW_GUI-822)
[20:58:43.04] /# Evaluating and plotting completed for testbench: HSPICE_default in 6s
[20:58:43.11] /m Information: 2 of 2 testbench(es) done. (PW_GUI-714)
[20:58:43.12] /m Information: Exiting simulation server process. (PW_GUI-984)
[20:58:46.54] /o Shutdown time: Wed Apr  9 20:58:46 2025
[20:58:46.54] /o Elapsed session real time: 6.13 minutes
[20:58:46.54] /o Session terminated. Log is at /mnt/coe/workspace/ece/ece546-spr25/group8/group8_project/synopsys_custom/logs/primewave.hrajesh.2025_4_9_205236_1086691.log
[20:58:46.56] /e Error: {}
