[12:08:02.90] /o 
              /c                          PrimeWave Design Environment 
              /c 
              /c                Version W-2024.09-SP1-2 for linux64 - Jan 15, 2025
              /c              Based on Custom Infrastructure
              /c Version W-2024.09-SP1-2
              /c 
              /c                     Copyright (c) 2004 - 2025 Synopsys, Inc.
              /c    This software and the associated documentation are proprietary to Synopsys,
              /c  Inc. This software may only be used in accordance with the terms and conditions
              /c  of a written license agreement with Synopsys, Inc. All other use, reproduction,
              /c    or distribution of this software is strictly prohibited.  Licensed Products
              /c      communicate with Synopsys servers for the purpose of providing software
              /c     updates, detecting software piracy and verifying that customers are using
              /c     Licensed Products in conformity with the applicable License Key for such
              /c   Licensed Products. Synopsys will use information gathered in connection with
              /c     this process to deliver software updates and pursue software pirates and
              /c                                    infringers.
              /c 
              /c  Inclusivity & Diversity - Visit SolvNetPlus to read the "Synopsys Statement on
              /c             Inclusivity and Diversity" (Refer to article 000036315 at
              /c                         https://solvnetplus.synopsys.com)
              /c 
              /c Build  (OPT) Config 11252589 compiled on Wed Jan 15 11:01:36 2025 for AlmaLinux 8.4
              /c Invocation: /mnt/apps/public/COE/synopsys_apps/primewave/W-2024.09-SP1-2/linux64/platform/bin/custom_shell -application primewave -gui 0 -uniqueString 424077b79e1069eeef8da69a41743584237d0ff9c53bf884984b241ac24fdb90e332389e68257413a1ca6ffa4fdc662a -python 0 -command "source /mnt/coe/workspace/ece/ece546-spr25/group8/group8_project/synopsys_custom/sim_server/custom_compiler.svkolach/stb.group8.tb2025_1.schematic.session0/sim_server_init.tcl" -log /mnt/coe/workspace/ece/ece546-spr25/group8/group8_project/synopsys_custom/primewave_session0_sim_server_job1 -libDefFile /mnt/coe/workspace/ece/ece546-spr25/group8/group8_project/lib.defs
              /c Execution time: Wed Apr  9 12:07:59 2025
              /c Host: grendel40.ece.ncsu.edu
              /c Working directory: /mnt/coe/workspace/ece/ece546-spr25/group8/group8_project
              /c 
[12:08:23.12] /m Information: Registering ICV PERC package...
[12:08:24.37] /m Information: Feature 'SynopsysCustomSAE' checked out. (LICENSE-003)
[12:08:24.44] /o 
[12:08:24.45] /i source /mnt/coe/workspace/ece/ece546-spr25/group8/group8_project/synopsys_custom/sim_server/custom_compiler.svkolach/stb.group8.tb2025_1.schematic.session0/sim_server_init.tcl
[12:08:25.03] /o SimServer socket started on grendel40.ece.ncsu.edu:43807
[12:08:25.63] /m Information: Launching Waveform Viewer "cd /mnt/coe/workspace/ece/ece546-spr25/group8/group8_project/synopsys_custom/sim_server/custom_compiler.svkolach/stb.group8.tb2025_1.schematic.session0/logs &&  /mnt/apps/public/COE/synopsys_apps/primewave/W-2024.09-SP1-2/auxx/../linux64/swv/bin/swv  -bg_gui -k -cdesigner -ptype wv -spxkey /mnt/apps/public/COE/synopsys_apps/primewave/W-2024.09-SP1-2/auxx/waveform/sae.spxkey -spxrc /tmp/tmp_sae_spxrc_Q4Opmt -unique_string 424077b79e1069ee7504bfad9acc6a06237d0ff9c53bf884984b241ac24fdb9014d50a043ab99cd0d929de7e2793666f4795834ff57e2c36 -lic_type 2   -parent_cc_pid 2873372  > /mnt/coe/workspace/ece/ece546-spr25/group8/group8_project/synopsys_custom/sim_server/custom_compiler.svkolach/stb.group8.tb2025_1.schematic.session0/logs/viewer.log 2>&1"
[12:08:25.69] /o ==== Received Msg ====
              /c len=207 sourceSoc=sock49379e90 msgIndex=0 rawMsg=AppendTask /mnt/coe/workspace/ece/ece546-spr25/group8/group8_project/synopsys_custom/sim_server/custom_compiler.svkolach/stb.group8.tb2025_1.schematic.session0/task0/sim_script0.tcl 0 saeSession0 1 overwrite
[12:08:25.69] /o 
[12:08:25.82] /o ==== Received Msg ====
              /c len=35 sourceSoc=sock49379e90 msgIndex=0 rawMsg=evalCmd ::wf::updateViewerLicense 2
[12:08:25.82] /o 
[12:08:25.84] /o ==== Received Msg ====
              /c len=35 sourceSoc=sock49379e90 msgIndex=1 rawMsg=evalCmd ::wf::updateViewerLicense 2
[12:08:25.84] /o 
[12:08:29.00] /m Information: "Starting incremental netlisting for design "group8/tb2025_1/schematic"..." (NETLISTING-010)
[12:08:29.11] /o Loading: Callback files...
[12:08:29.13] /o Loading: scripts/callbacks/callbacks.tcl
[12:08:29.13] /o 
              /c [INFO] : Loading display.drf from /mnt/designkits/ncsu/FreePDK3/syncust/NCSU_TechLib_FreePDK3
              /c 
              /c  if you wish to Load other display.drf, please set shell environment valiable "iPDK_load_display_NCSU_TechLib_FreePDK3" to value = 0
[12:08:29.13] /o 
[12:08:29.17] /w Warning: Could not set the value of preference xtDRCTool because it does not exist. (PREFERENCE-016)
[12:08:29.17] /w Warning: Could not set the value of preference xtDRCICVRunsetFile because it does not exist. (PREFERENCE-016)
[12:08:29.17] /w Warning: Could not set the value of preference xtDRCICVIncludePaths because it does not exist. (PREFERENCE-016)
[12:08:29.17] /w Warning: Could not set the value of preference xtDRCLayDBFormat because it does not exist. (PREFERENCE-016)
[12:08:29.17] /w Warning: Could not set the value of preference xtLVSTool because it does not exist. (PREFERENCE-016)
[12:08:29.17] /w Warning: Could not set the value of preference xtLVSICVRunsetFile because it does not exist. (PREFERENCE-016)
[12:08:29.17] /w Warning: Could not set the value of preference xtLVSICVIncludePaths because it does not exist. (PREFERENCE-016)
[12:08:29.17] /w Warning: Could not set the value of preference xtLVSLayDBFormat because it does not exist. (PREFERENCE-016)
[12:08:29.17] /w Warning: Could not set the value of preference xtLPELVSTool because it does not exist. (PREFERENCE-016)
[12:08:29.17] /w Warning: Could not set the value of preference xtLPETool because it does not exist. (PREFERENCE-016)
[12:08:29.17] /w Warning: Could not set the value of preference xtLPEOpenParasiticView because it does not exist. (PREFERENCE-016)
[12:08:29.17] /w Warning: Could not set the value of preference xtStarTcadGrdFile because it does not exist. (PREFERENCE-016)
[12:08:29.17] /w Warning: Could not set the value of preference xtLPEStarOADeviceMappingFile because it does not exist. (PREFERENCE-016)
[12:08:29.17] /w Warning: Could not set the value of preference xtStarOALayerMappingFile because it does not exist. (PREFERENCE-016)
[12:08:29.17] /o 	#######################################
[12:08:29.17] /o 	CC-PDK Library Name	: FreePDK3
[12:08:29.17] /o 	#######################################
[12:08:29.17] /o 
[12:08:29.26] /o Netlisting
[12:08:29.26] /o Creating output directories
[12:08:30.05] /o No Design Integrity rule violations found in "group8/tb2025_1/schematic"
[12:08:30.05] /o Scanning: group8/tb2025_1/schematic
[12:08:30.40] /o Scanning: proj_common/inputbuf/schematic
[12:08:31.51] /o Scanning: group8/memory_array_static_column_decoder/schematic
[12:08:31.64] /o Scanning: group8/precharge_logic/schematic
[12:08:31.75] /o Scanning: group8/sram_6t/schematic
[12:08:31.91] /o Scanning: group8/static_row_decoder_3by8/schematic
[12:08:31.99] /o Scanning: group8/nand/schematic
[12:08:32.08] /o Scanning: group8/inv/schematic
[12:08:32.15] /o Scanning: group8/buffer_highdrive/schematic
[12:08:32.23] /o Scanning: group8/invx4/schematic
[12:08:32.31] /m Information: 
[12:08:32.31] /o Checking "group8/nor/schematic"
[12:08:32.32] /o No rule violations found in "group8/nor/schematic"
[12:08:32.32] /o Scanning: group8/nor/schematic
[12:08:32.51] /o Scanning: group8/columnDecoderstatic/schematic
[12:08:32.62] /o Scanning: group8/2to4_decoder_static/schematic
[12:08:32.71] /o Scanning: group8/Write_Driver/schematic
[12:08:32.81] /o Scanning: group8/read_circuit/schematic
[12:08:32.91] /o Scanning: group8/tspc_pos_ff/schematic
[12:08:33.08] /o Scanning: group8/agen_unit/schematic
[12:08:33.17] /m Information: 
[12:08:33.17] /o Checking "group8/Demux/schematic"
[12:08:33.17] /o No rule violations found in "group8/Demux/schematic"
[12:08:33.17] /o Scanning: group8/Demux/schematic
[12:08:33.33] /o Scanning: group8/WLRef_PC/schematic
[12:08:33.45] /m Information: 
[12:08:33.45] /o Checking "group8/buffer/schematic"
[12:08:33.45] /o No rule violations found in "group8/buffer/schematic"
[12:08:33.45] /o Scanning: group8/buffer/schematic
[12:08:33.46] /o Computing terminal lists
[12:08:33.46] /o Processing terminals of module proj_common/inputbuf/schematic
[12:08:33.59] /o Processing terminals of module group8/precharge_logic/schematic
[12:08:33.59] /o Processing terminals of module group8/sram_6t/schematic
[12:08:33.60] /o Processing terminals of module group8/nand/schematic
[12:08:33.60] /o Processing terminals of module group8/inv/schematic
[12:08:33.60] /o Processing terminals of module group8/buffer_highdrive/schematic
[12:08:33.60] /o Processing terminals of module group8/invx4/schematic
[12:08:33.60] /o Processing terminals of module group8/nor/schematic
[12:08:33.60] /o Processing terminals of module group8/static_row_decoder_3by8/schematic
[12:08:33.60] /o Processing terminals of module group8/2to4_decoder_static/schematic
[12:08:33.60] /o Processing terminals of module group8/columnDecoderstatic/schematic
[12:08:33.60] /o Processing terminals of module group8/Write_Driver/schematic
[12:08:33.60] /o Processing terminals of module group8/read_circuit/schematic
[12:08:33.60] /o Processing terminals of module group8/tspc_pos_ff/schematic
[12:08:33.60] /o Processing terminals of module group8/Demux/schematic
[12:08:33.60] /o Processing terminals of module group8/agen_unit/schematic
[12:08:33.60] /o Processing terminals of module group8/buffer/schematic
[12:08:33.60] /o Processing terminals of module group8/WLRef_PC/schematic
[12:08:33.61] /o Processing terminals of module group8/memory_array_static_column_decoder/schematic
[12:08:33.61] /o Processing terminals of module group8/tb2025_1/schematic
[12:08:33.62] /o Starting netlisting
[12:08:36.70] /m Information: "Netlisting design "group8/tb2025_1/schematic" finished successfully." (NETLISTING-012)
[12:08:36.99] /# Composing simulator input file for design "group8/tb2025_1/schematic"...
[12:08:40.65] /# Simulator input file composed successfully for design "group8/tb2025_1/schematic"
[12:08:40.94] /m Information: Save ouputs to /mnt/coe/workspace/ece/ece546-spr25/group8/group8_project/simulation/group8,tb2025_1,schematic/history_1/simulation/HSPICE_default/HSPICE/nominal/results/outputs.tcl for AVA evaluation.
[12:08:43.55] /o 
[12:08:45.75] /o                                          Composing Nominal                                         
[12:08:46.49] /o                         Launching jobs for testbench HSPICE_default started                        
[12:08:46.51] /# Starting PrimeSimHSPICE simulation for design: group8/tb2025_1/schematic
[12:08:46.65] /o                          Creating jobs for testbench HSPICE_default (0 / 1)                         
[12:08:46.78] /o                            Launching 1 jobs for testbench HSPICE_default                           
[12:08:56.98] /o                         Launching jobs for testbench HSPICE_default finished                        
[12:09:01.33] /m Information: 0 of 1 testbench(es) done. (PW_GUI-714)
[12:09:01.72] /m Information: Job distribution master (saeSession0,HSPICE_default.Simulation_Simulation session:session0 testbench:HSPICE_default) : up to 1 job running workers.
[12:09:44.77] /# Simulation completed successfully for design: group8/tb2025_1/schematic  (PW-651)
[12:09:45.16] /# Netlisting and simulation completed for testbench: HSPICE_default in 77s
[12:09:45.18] /# Evaluating and plotting outputs...
[12:09:52.31] /m Information: Jobs distribution master quit! (PW_GUI-822)
[12:09:53.30] /# Evaluating and plotting completed for testbench: HSPICE_default in 8s
[12:09:53.43] /m Information: 1 of 1 testbench(es) done. (PW_GUI-714)
[12:11:43.13] /o ==== Received Msg ====
              /c len=26 sourceSoc=sock49379e90 msgIndex=2 rawMsg=evalCmd ::wf::viewerExited
[12:11:43.13] /o 
[12:11:47.87] /o ==== Received Msg ====
              /c len=35 sourceSoc=sock49379e90 msgIndex=3 rawMsg=evalCmd ::wf::updateViewerLicense 2
[12:11:47.87] /o 
[12:12:59.44] /o ==== Received Msg ====
              /c len=8 sourceSoc=sock49379e90 msgIndex=4 rawMsg=idleExit
[12:12:59.44] /o 
[12:12:59.58] /m Information: Exiting simulation server process. (PW_GUI-984)
[12:13:01.33] /e Error: Error happens when creating .sae.spxrc
[12:13:01.34] /o Shutdown time: Wed Apr  9 12:13:01 2025
[12:13:01.34] /o Elapsed session real time: 5 minutes
[12:13:01.34] /o Session terminated. Log is at /mnt/coe/workspace/ece/ece546-spr25/group8/group8_project/synopsys_custom/logs/primewave.svkolach.2025_4_9_120759_2873372.log
[12:13:01.36] /e Error: {}
