[22:24:12.09] /o 
              /c                          PrimeWave Design Environment 
              /c 
              /c                Version W-2024.09-SP1-2 for linux64 - Jan 15, 2025
              /c              Based on Custom Infrastructure
              /c Version W-2024.09-SP1-2
              /c 
              /c                     Copyright (c) 2004 - 2025 Synopsys, Inc.
              /c    This software and the associated documentation are proprietary to Synopsys,
              /c  Inc. This software may only be used in accordance with the terms and conditions
              /c  of a written license agreement with Synopsys, Inc. All other use, reproduction,
              /c    or distribution of this software is strictly prohibited.  Licensed Products
              /c      communicate with Synopsys servers for the purpose of providing software
              /c     updates, detecting software piracy and verifying that customers are using
              /c     Licensed Products in conformity with the applicable License Key for such
              /c   Licensed Products. Synopsys will use information gathered in connection with
              /c     this process to deliver software updates and pursue software pirates and
              /c                                    infringers.
              /c 
              /c  Inclusivity & Diversity - Visit SolvNetPlus to read the "Synopsys Statement on
              /c             Inclusivity and Diversity" (Refer to article 000036315 at
              /c                         https://solvnetplus.synopsys.com)
              /c 
              /c Build  (OPT) Config 11252589 compiled on Wed Jan 15 11:01:36 2025 for AlmaLinux 8.4
              /c Invocation: /mnt/apps/public/COE/synopsys_apps/primewave/W-2024.09-SP1-2/linux64/platform/bin/custom_shell -application primewave -gui 0 -uniqueString 424077b79e1069ee151279727293c4f34d49f0484e1ba41a3b3a965d3326affa6692579ab18afaa1c02f52edd0aa379e -python 0 -command "source /mnt/coe/workspace/ece/ece546-spr25/group8/group8_project/synopsys_custom/sim_server/custom_compiler.nbandeh/stb.group8.2to4_decoder_tb.schematic.session0/sim_server_init.tcl" -log /mnt/coe/workspace/ece/ece546-spr25/group8/group8_project/synopsys_custom/primewave_session0_sim_server_job1 -libDefFile /mnt/coe/workspace/ece/ece546-spr25/group8/group8_project/lib.defs
              /c Execution time: Tue Apr  1 22:24:06 2025
              /c Host: hydra12.ece.ncsu.edu
              /c Working directory: /mnt/coe/workspace/ece/ece546-spr25/group8/group8_project
              /c 
[22:24:20.79] /m Information: Registering ICV PERC package...
[22:24:21.62] /m Information: Feature 'SynopsysCustomSAE' checked out. (LICENSE-003)
[22:24:22.15] /o 
[22:24:22.19] /i source /mnt/coe/workspace/ece/ece546-spr25/group8/group8_project/synopsys_custom/sim_server/custom_compiler.nbandeh/stb.group8.2to4_decoder_tb.schematic.session0/sim_server_init.tcl
[22:24:22.89] /o SimServer socket started on hydra12.ece.ncsu.edu:40957
[22:24:23.52] /m Information: Launching Waveform Viewer "cd /mnt/coe/workspace/ece/ece546-spr25/group8/group8_project/synopsys_custom/sim_server/custom_compiler.nbandeh/stb.group8.2to4_decoder_tb.schematic.session0/logs &&  /mnt/apps/public/COE/synopsys_apps/primewave/W-2024.09-SP1-2/auxx/../linux64/swv/bin/swv  -bg_gui -k -cdesigner -ptype wv -spxkey /mnt/apps/public/COE/synopsys_apps/primewave/W-2024.09-SP1-2/auxx/waveform/sae.spxkey -spxrc /tmp/tmp_sae_spxrc_TvKgE9 -unique_string 424077b79e1069ee7debac5bba7379fa4d49f0484e1ba41a3b3a965d3326affa43ab9aba1263e4a536a4856477cae05dc1d580b21d76d299 -lic_type 2   -parent_cc_pid 2116923  > /mnt/coe/workspace/ece/ece546-spr25/group8/group8_project/synopsys_custom/sim_server/custom_compiler.nbandeh/stb.group8.2to4_decoder_tb.schematic.session0/logs/viewer.log 2>&1"
[22:24:23.58] /o ==== Received Msg ====
              /c len=213 sourceSoc=sock48aa0830 msgIndex=1 rawMsg=AppendTask /mnt/coe/workspace/ece/ece546-spr25/group8/group8_project/synopsys_custom/sim_server/custom_compiler.nbandeh/stb.group8.2to4_decoder_tb.schematic.session0/task0/sim_script0.tcl 0 saeSession0 1 overwrite
[22:24:23.58] /o 
[22:24:26.87] /m Information: "Starting incremental netlisting for design "group8/2to4_decoder_tb/schematic"..." (NETLISTING-010)
[22:24:27.00] /o Loading: Callback files...
[22:24:27.02] /o Loading: scripts/callbacks/callbacks.tcl
[22:24:27.02] /o 
              /c [INFO] : Loading display.drf from /mnt/designkits/ncsu/FreePDK3/syncust/NCSU_TechLib_FreePDK3
              /c 
              /c  if you wish to Load other display.drf, please set shell environment valiable "iPDK_load_display_NCSU_TechLib_FreePDK3" to value = 0
[22:24:27.02] /o 
[22:24:27.08] /w Warning: Could not set the value of preference xtDRCTool because it does not exist. (PREFERENCE-016)
[22:24:27.08] /w Warning: Could not set the value of preference xtDRCICVRunsetFile because it does not exist. (PREFERENCE-016)
[22:24:27.08] /w Warning: Could not set the value of preference xtDRCICVIncludePaths because it does not exist. (PREFERENCE-016)
[22:24:27.08] /w Warning: Could not set the value of preference xtDRCLayDBFormat because it does not exist. (PREFERENCE-016)
[22:24:27.08] /w Warning: Could not set the value of preference xtLVSTool because it does not exist. (PREFERENCE-016)
[22:24:27.08] /w Warning: Could not set the value of preference xtLVSICVRunsetFile because it does not exist. (PREFERENCE-016)
[22:24:27.08] /w Warning: Could not set the value of preference xtLVSICVIncludePaths because it does not exist. (PREFERENCE-016)
[22:24:27.08] /w Warning: Could not set the value of preference xtLVSLayDBFormat because it does not exist. (PREFERENCE-016)
[22:24:27.08] /w Warning: Could not set the value of preference xtLPELVSTool because it does not exist. (PREFERENCE-016)
[22:24:27.08] /w Warning: Could not set the value of preference xtLPETool because it does not exist. (PREFERENCE-016)
[22:24:27.08] /w Warning: Could not set the value of preference xtLPEOpenParasiticView because it does not exist. (PREFERENCE-016)
[22:24:27.08] /w Warning: Could not set the value of preference xtStarTcadGrdFile because it does not exist. (PREFERENCE-016)
[22:24:27.08] /w Warning: Could not set the value of preference xtLPEStarOADeviceMappingFile because it does not exist. (PREFERENCE-016)
[22:24:27.08] /w Warning: Could not set the value of preference xtStarOALayerMappingFile because it does not exist. (PREFERENCE-016)
[22:24:27.08] /o 	#######################################
[22:24:27.08] /o 	CC-PDK Library Name	: FreePDK3
[22:24:27.08] /o 	#######################################
[22:24:27.08] /o 
[22:24:27.17] /o Netlisting
[22:24:27.17] /o Creating output directories
[22:24:27.45] /o No Design Integrity rule violations found in "group8/2to4_decoder_tb/schematic"
[22:24:27.45] /o Scanning: group8/2to4_decoder_tb/schematic
[22:24:27.83] /o Scanning: group8/2to4_decoder/schematic
[22:24:28.02] /o Scanning: group8/inv/schematic
[22:24:28.11] /o Scanning: group8/Demux/schematic
[22:24:28.17] /o Scanning: group8/nand/schematic
[22:24:28.23] /o Computing terminal lists
[22:24:28.23] /o Processing terminals of module group8/inv/schematic
[22:24:28.24] /o Processing terminals of module group8/2to4_decoder/schematic
[22:24:28.25] /o Processing terminals of module group8/nand/schematic
[22:24:28.25] /o Processing terminals of module group8/Demux/schematic
[22:24:28.25] /o Processing terminals of module group8/2to4_decoder_tb/schematic
[22:24:28.25] /o Starting netlisting
[22:24:28.49] /o Formatting group8/2to4_decoder/schematic
[22:24:28.57] /m Information: "group8 2to4_decoder schematic" renetlisted. (NETLISTING-056)
[22:24:28.80] /o Formatting group8/2to4_decoder_tb/schematic
[22:24:28.87] /m Information: "group8 2to4_decoder_tb schematic" renetlisted. (NETLISTING-056)
[22:24:29.19] /m Information: "Netlisting design "group8/2to4_decoder_tb/schematic" finished successfully." (NETLISTING-012)
[22:24:29.31] /# Composing simulator input file for design "group8/2to4_decoder_tb/schematic"...
[22:24:34.37] /# Simulator input file composed successfully for design "group8/2to4_decoder_tb/schematic"
[22:24:34.63] /m Information: Save ouputs to /mnt/coe/workspace/ece/ece546-spr25/group8/group8_project/simulation/group8,2to4_decoder_tb,schematic/history_1/simulation/default/PrimeSimHSPICE/nominal/results/outputs.tcl for AVA evaluation.
[22:24:37.01] /o 
[22:24:39.42] /o                                          Composing Nominal                                         
[22:24:40.18] /o                             Launching jobs for testbench default started                            
[22:24:40.21] /# Starting PrimeSimHSPICE simulation for design: group8/2to4_decoder_tb/schematic
[22:24:40.36] /o                             Creating jobs for testbench default (0 / 1)                            
[22:24:40.51] /o                                Launching 1 jobs for testbench default                               
[22:24:41.26] /o                            Launching jobs for testbench default finished                           
[22:24:43.67] /m Information: 0 of 1 testbench(es) done. (PW_GUI-714)
[22:24:44.43] /m Information: Job distribution master (saeSession0,default.Simulation_Simulation session:session0 testbench:default) : up to 1 job running workers.
[22:25:31.84] /# Simulation completed successfully for design: group8/2to4_decoder_tb/schematic  (PW-651)
[22:25:32.00] /# Netlisting and simulation completed for testbench: default in 67s
[22:25:32.02] /# Evaluating and plotting outputs...
[22:25:39.43] /m Information: Jobs distribution master quit! (PW_GUI-822)
[22:25:40.17] /# Evaluating and plotting completed for testbench: default in 8s
[22:25:40.29] /m Information: 1 of 1 testbench(es) done. (PW_GUI-714)
[22:29:00.16] /o ==== Received Msg ====
              /c len=8 sourceSoc=sock48aa0830 msgIndex=4 rawMsg=idleExit
[22:29:00.16] /o 
[22:29:00.21] /m Information: Exiting simulation server process. (PW_GUI-984)
[22:29:03.63] /o Shutdown time: Tue Apr  1 22:29:03 2025
[22:29:03.63] /o Elapsed session real time: 4.93 minutes
[22:29:03.63] /o Session terminated. Log is at /mnt/coe/workspace/ece/ece546-spr25/group8/group8_project/synopsys_custom/logs/primewave.nbandeh.2025_4_1_222406_2116923.log
[22:29:03.65] /e Error: {}
