[20:09:10.80] /o 
              /c                          PrimeWave Design Environment 
              /c 
              /c                Version W-2024.09-SP1-2 for linux64 - Jan 15, 2025
              /c              Based on Custom Infrastructure
              /c Version W-2024.09-SP1-2
              /c 
              /c                     Copyright (c) 2004 - 2025 Synopsys, Inc.
              /c    This software and the associated documentation are proprietary to Synopsys,
              /c  Inc. This software may only be used in accordance with the terms and conditions
              /c  of a written license agreement with Synopsys, Inc. All other use, reproduction,
              /c    or distribution of this software is strictly prohibited.  Licensed Products
              /c      communicate with Synopsys servers for the purpose of providing software
              /c     updates, detecting software piracy and verifying that customers are using
              /c     Licensed Products in conformity with the applicable License Key for such
              /c   Licensed Products. Synopsys will use information gathered in connection with
              /c     this process to deliver software updates and pursue software pirates and
              /c                                    infringers.
              /c 
              /c  Inclusivity & Diversity - Visit SolvNetPlus to read the "Synopsys Statement on
              /c             Inclusivity and Diversity" (Refer to article 000036315 at
              /c                         https://solvnetplus.synopsys.com)
              /c 
              /c Build  (OPT) Config 11252589 compiled on Wed Jan 15 11:01:36 2025 for AlmaLinux 8.4
              /c Invocation: /mnt/apps/public/COE/synopsys_apps/primewave/W-2024.09-SP1-2/linux64/platform/bin/custom_shell -application primewave -gui 0 -uniqueString 424077b79e1069eec353896ac0011fd8237d0ff9c53bf884c7744a297d993ecea33a2e3b569ae7e38c838493d93009a6 -python 0 -command "source /mnt/coe/workspace/ece/ece546-spr25/group8/group8_project/synopsys_custom/sim_server/custom_compiler.svkolach/stb.group8.buffer.schematic.session0/sim_server_init.tcl" -log /mnt/coe/workspace/ece/ece546-spr25/group8/group8_project/synopsys_custom/primewave_session0_sim_server_job1 -libDefFile /mnt/coe/workspace/ece/ece546-spr25/group8/group8_project/lib.defs
              /c Execution time: Fri Mar 28 20:09:08 2025
              /c Host: grendel46.ece.ncsu.edu
              /c Working directory: /mnt/coe/workspace/ece/ece546-spr25/group8/group8_project
              /c 
[20:09:25.53] /m Information: Registering ICV PERC package...
[20:09:25.92] /w Warning: In file /mnt/coe/workspace/ece/ece546-spr25/group8/group8_project/lib.defs: Unable to open library proj_common at path /mnt/coe/workspace/ece/ece546-common/proj_common : No access permission. (DATA_MANAGEMENT-014)
[20:09:26.84] /m Information: Feature 'SynopsysCustomSAE' checked out. (LICENSE-003)
[20:09:27.02] /o 
[20:09:27.07] /i source /mnt/coe/workspace/ece/ece546-spr25/group8/group8_project/synopsys_custom/sim_server/custom_compiler.svkolach/stb.group8.buffer.schematic.session0/sim_server_init.tcl
[20:09:27.54] /o SimServer socket started on grendel46.ece.ncsu.edu:45975
[20:09:28.01] /m Information: Launching Waveform Viewer "cd /mnt/coe/workspace/ece/ece546-spr25/group8/group8_project/synopsys_custom/sim_server/custom_compiler.svkolach/stb.group8.buffer.schematic.session0/logs &&  /mnt/apps/public/COE/synopsys_apps/primewave/W-2024.09-SP1-2/auxx/../linux64/swv/bin/swv  -bg_gui -k -cdesigner -ptype wv -spxkey /mnt/apps/public/COE/synopsys_apps/primewave/W-2024.09-SP1-2/auxx/waveform/sae.spxkey -spxrc /tmp/tmp_sae_spxrc_XjnRCf -unique_string 424077b79e1069eec4fa9e053bac22ad237d0ff9c53bf884c7744a297d993ece14d50a043ab99cd084ec15977c4be6f0aca086c95b64088e -lic_type 2   -parent_cc_pid 2260095  > /mnt/coe/workspace/ece/ece546-spr25/group8/group8_project/synopsys_custom/sim_server/custom_compiler.svkolach/stb.group8.buffer.schematic.session0/logs/viewer.log 2>&1"
[20:09:28.06] /o ==== Received Msg ====
              /c len=35 sourceSoc=sock3d5bd7e0 msgIndex=0 rawMsg=evalCmd ::wf::updateViewerLicense 2
[20:09:28.06] /o 
[20:09:28.08] /o ==== Received Msg ====
              /c len=35 sourceSoc=sock3d5bd7e0 msgIndex=1 rawMsg=evalCmd ::wf::updateViewerLicense 2
[20:09:28.08] /o 
[20:10:23.56] /o ==== Received Msg ====
              /c len=205 sourceSoc=sock43ebb180 msgIndex=0 rawMsg=AppendTask /mnt/coe/workspace/ece/ece546-spr25/group8/group8_project/synopsys_custom/sim_server/custom_compiler.svkolach/stb.group8.buffer.schematic.session0/task0/sim_script0.tcl 0 saeSession0 1 overwrite
[20:10:23.56] /o 
[20:10:25.01] /w Warning: In file /mnt/coe/workspace/ece/ece546-spr25/group8/group8_project/lib.defs: Unable to open library proj_common at path /mnt/coe/workspace/ece/ece546-common/proj_common : No access permission. (DATA_MANAGEMENT-014)
[20:10:26.61] /m Information: "Starting incremental netlisting for design "group8/buffer/schematic"..." (NETLISTING-010)
[20:10:26.74] /o Loading: Callback files...
[20:10:26.75] /o Loading: scripts/callbacks/callbacks.tcl
[20:10:26.75] /o 
              /c [INFO] : Loading display.drf from /mnt/designkits/ncsu/FreePDK3/syncust/NCSU_TechLib_FreePDK3
              /c 
              /c  if you wish to Load other display.drf, please set shell environment valiable "iPDK_load_display_NCSU_TechLib_FreePDK3" to value = 0
[20:10:26.75] /o 
[20:10:26.79] /w Warning: Could not set the value of preference xtDRCTool because it does not exist. (PREFERENCE-016)
[20:10:26.79] /w Warning: Could not set the value of preference xtDRCICVRunsetFile because it does not exist. (PREFERENCE-016)
[20:10:26.79] /w Warning: Could not set the value of preference xtDRCICVIncludePaths because it does not exist. (PREFERENCE-016)
[20:10:26.79] /w Warning: Could not set the value of preference xtDRCLayDBFormat because it does not exist. (PREFERENCE-016)
[20:10:26.79] /w Warning: Could not set the value of preference xtLVSTool because it does not exist. (PREFERENCE-016)
[20:10:26.79] /w Warning: Could not set the value of preference xtLVSICVRunsetFile because it does not exist. (PREFERENCE-016)
[20:10:26.79] /w Warning: Could not set the value of preference xtLVSICVIncludePaths because it does not exist. (PREFERENCE-016)
[20:10:26.79] /w Warning: Could not set the value of preference xtLVSLayDBFormat because it does not exist. (PREFERENCE-016)
[20:10:26.79] /w Warning: Could not set the value of preference xtLPELVSTool because it does not exist. (PREFERENCE-016)
[20:10:26.79] /w Warning: Could not set the value of preference xtLPETool because it does not exist. (PREFERENCE-016)
[20:10:26.79] /w Warning: Could not set the value of preference xtLPEOpenParasiticView because it does not exist. (PREFERENCE-016)
[20:10:26.79] /w Warning: Could not set the value of preference xtStarTcadGrdFile because it does not exist. (PREFERENCE-016)
[20:10:26.79] /w Warning: Could not set the value of preference xtLPEStarOADeviceMappingFile because it does not exist. (PREFERENCE-016)
[20:10:26.79] /w Warning: Could not set the value of preference xtStarOALayerMappingFile because it does not exist. (PREFERENCE-016)
[20:10:26.79] /o 	#######################################
[20:10:26.79] /o 	CC-PDK Library Name	: FreePDK3
[20:10:26.79] /o 	#######################################
[20:10:26.79] /o 
[20:10:26.88] /o Netlisting
[20:10:26.88] /o Creating output directories
[20:10:27.45] /o No Design Integrity rule violations found in "group8/buffer/schematic"
[20:10:27.45] /o Scanning: group8/buffer/schematic
[20:10:27.72] /o Scanning: group8/inv/schematic
[20:10:28.00] /o Computing terminal lists
[20:10:28.00] /o Processing terminals of module group8/inv/schematic
[20:10:28.04] /o Processing terminals of module group8/buffer/schematic
[20:10:28.05] /o Starting netlisting
[20:10:28.27] /o Formatting group8/inv/schematic
[20:10:28.29] /m Information: "group8 inv schematic" renetlisted. (NETLISTING-056)
[20:10:28.43] /o Formatting group8/buffer/schematic
[20:10:28.47] /m Information: "group8 buffer schematic" renetlisted. (NETLISTING-056)
[20:10:28.76] /m Information: "Netlisting design "group8/buffer/schematic" finished successfully." (NETLISTING-012)
[20:10:28.95] /# Composing simulator input file for design "group8/buffer/schematic"...
[20:10:30.40] /# Simulator input file composed successfully for design "group8/buffer/schematic"
[20:10:30.71] /m Information: Save ouputs to /mnt/coe/workspace/ece/ece546-spr25/group8/group8_project/simulation/group8,buffer,schematic/history_1/simulation/default/PrimeSimHSPICE/nominal/results/outputs.tcl for AVA evaluation.
[20:10:32.76] /o 
[20:10:34.82] /o                                          Composing Nominal                                         
[20:10:35.57] /o                             Launching jobs for testbench default started                            
[20:10:35.60] /# Starting PrimeSimHSPICE simulation for design: group8/buffer/schematic
[20:10:35.74] /o                             Creating jobs for testbench default (0 / 1)                            
[20:10:35.88] /o                                Launching 1 jobs for testbench default                               
[20:10:42.81] /o                            Launching jobs for testbench default finished                           
[20:10:44.09] /m Information: 0 of 1 testbench(es) done. (PW_GUI-714)
[20:10:45.07] /m Information: Job distribution master (saeSession0,default.Simulation_Simulation session:session0 testbench:default) : up to 1 job running workers.
[20:11:17.42] /# Simulation completed successfully for design: group8/buffer/schematic  (PW-651)
[20:11:17.60] /# Netlisting and simulation completed for testbench: default in 52s
[20:11:17.62] /# Evaluating and plotting outputs...
[20:11:23.73] /m Information: Jobs distribution master quit! (PW_GUI-822)
[20:11:24.82] /# Evaluating and plotting completed for testbench: default in 7s
[20:11:25.01] /m Information: 1 of 1 testbench(es) done. (PW_GUI-714)
[20:12:00.10] /o ==== Received Msg ====
              /c len=26 sourceSoc=sock43ebb180 msgIndex=2 rawMsg=evalCmd ::wf::viewerExited
[20:12:00.10] /o 
[20:12:05.35] /o ==== Received Msg ====
              /c len=35 sourceSoc=sock43ebb180 msgIndex=3 rawMsg=evalCmd ::wf::updateViewerLicense 2
[20:12:05.35] /o 
[20:12:12.82] /o ==== Received Msg ====
              /c len=8 sourceSoc=sock43ebb180 msgIndex=4 rawMsg=idleExit
[20:12:12.82] /o 
[20:12:12.87] /m Information: Exiting simulation server process. (PW_GUI-984)
[20:12:15.33] /o Shutdown time: Fri Mar 28 20:12:15 2025
[20:12:15.33] /o Elapsed session real time: 3.1 minutes
[20:12:15.34] /o Session terminated. Log is at /mnt/coe/workspace/ece/ece546-spr25/group8/group8_project/synopsys_custom/logs/primewave.svkolach.2025_3_28_200908_2260095.log
[20:12:15.37] /e Error: {}
