[16:12:57.13] /o 
              /c                          PrimeWave Design Environment 
              /c 
              /c                Version W-2024.09-SP1-2 for linux64 - Jan 15, 2025
              /c              Based on Custom Infrastructure
              /c Version W-2024.09-SP1-2
              /c 
              /c                     Copyright (c) 2004 - 2025 Synopsys, Inc.
              /c    This software and the associated documentation are proprietary to Synopsys,
              /c  Inc. This software may only be used in accordance with the terms and conditions
              /c  of a written license agreement with Synopsys, Inc. All other use, reproduction,
              /c    or distribution of this software is strictly prohibited.  Licensed Products
              /c      communicate with Synopsys servers for the purpose of providing software
              /c     updates, detecting software piracy and verifying that customers are using
              /c     Licensed Products in conformity with the applicable License Key for such
              /c   Licensed Products. Synopsys will use information gathered in connection with
              /c     this process to deliver software updates and pursue software pirates and
              /c                                    infringers.
              /c 
              /c  Inclusivity & Diversity - Visit SolvNetPlus to read the "Synopsys Statement on
              /c             Inclusivity and Diversity" (Refer to article 000036315 at
              /c                         https://solvnetplus.synopsys.com)
              /c 
              /c Build  (OPT) Config 11252589 compiled on Wed Jan 15 11:01:36 2025 for AlmaLinux 8.4
              /c Invocation: /mnt/apps/public/COE/synopsys_apps/primewave/W-2024.09-SP1-2/linux64/platform/bin/custom_shell -application primewave -gui 0 -uniqueString 424077b79e1069ee91043358a18402d3fe01eb4215c734e6103ebf0b7deb01dff1a442ff570ab218 -python 0 -command "source /mnt/coe/workspace/ece/ece546-spr25/group8/group8_project/synopsys_custom/sim_server/custom_compiler.hrajesh/stb.group8.SRAM_8x4_array_dummy.schematic.session8/sim_server_init.tcl" -log /mnt/coe/workspace/ece/ece546-spr25/group8/group8_project/synopsys_custom/primewave_session8_sim_server_job1 -libDefFile /mnt/coe/workspace/ece/ece546-spr25/group8/group8_project/lib.defs
              /c Execution time: Thu Apr  3 16:12:55 2025
              /c Host: viper.ece.ncsu.edu
              /c Working directory: /mnt/coe/workspace/ece/ece546-spr25/group8/group8_project
              /c 
[16:13:01.54] /m Information: Registering ICV PERC package...
[16:13:02.06] /m Information: Feature 'SynopsysCustomSAE' checked out. (LICENSE-003)
[16:13:02.57] /o 
[16:13:02.57] /i source /mnt/coe/workspace/ece/ece546-spr25/group8/group8_project/synopsys_custom/sim_server/custom_compiler.hrajesh/stb.group8.SRAM_8x4_array_dummy.schematic.session8/sim_server_init.tcl
[16:13:02.80] /o SimServer socket started on viper.ece.ncsu.edu:42755
[16:13:03.19] /m Information: Launching Waveform Viewer "cd /mnt/coe/workspace/ece/ece546-spr25/group8/group8_project/synopsys_custom/sim_server/custom_compiler.hrajesh/stb.group8.SRAM_8x4_array_dummy.schematic.session8/logs &&  /mnt/apps/public/COE/synopsys_apps/primewave/W-2024.09-SP1-2/auxx/../linux64/swv/bin/swv  -bg_gui -k -cdesigner -ptype wv -spxkey /mnt/apps/public/COE/synopsys_apps/primewave/W-2024.09-SP1-2/auxx/waveform/sae.spxkey -spxrc /tmp/tmp_sae_spxrc_2bmSkr -unique_string 424077b79e1069ee2b129f7b3a814f4ffe01eb4215c734e6103ebf0b7deb01df5539b4eb7a3e44b618f2b2747bb3da76 -lic_type 2   -parent_cc_pid 98128  > /mnt/coe/workspace/ece/ece546-spr25/group8/group8_project/synopsys_custom/sim_server/custom_compiler.hrajesh/stb.group8.SRAM_8x4_array_dummy.schematic.session8/logs/viewer.log 2>&1"
[16:13:03.22] /o ==== Received Msg ====
              /c len=218 sourceSoc=sock5466faf0 msgIndex=23 rawMsg=AppendTask /mnt/coe/workspace/ece/ece546-spr25/group8/group8_project/synopsys_custom/sim_server/custom_compiler.hrajesh/stb.group8.SRAM_8x4_array_dummy.schematic.session8/task0/sim_script0.tcl 0 saeSession4 1 overwrite
[16:13:03.22] /o 
[16:13:03.28] /o ==== Received Msg ====
              /c len=26 sourceSoc=sock5466faf0 msgIndex=37 rawMsg=evalCmd ::wf::viewerExited
[16:13:03.28] /o 
[16:13:03.30] /o ==== Received Msg ====
              /c len=35 sourceSoc=sock5466faf0 msgIndex=38 rawMsg=evalCmd ::wf::updateViewerLicense 2
[16:13:03.30] /o 
[16:13:04.44] /m Information: "Starting incremental netlisting for design "group8/SRAM_8x4_array_dummy/schematic"..." (NETLISTING-010)
[16:13:04.49] /o Loading: Callback files...
[16:13:04.50] /o Loading: scripts/callbacks/callbacks.tcl
[16:13:04.50] /o 
              /c [INFO] : Loading display.drf from /mnt/designkits/ncsu/FreePDK3/syncust/NCSU_TechLib_FreePDK3
              /c 
              /c  if you wish to Load other display.drf, please set shell environment valiable "iPDK_load_display_NCSU_TechLib_FreePDK3" to value = 0
[16:13:04.50] /o 
[16:13:04.52] /w Warning: Could not set the value of preference xtDRCTool because it does not exist. (PREFERENCE-016)
[16:13:04.52] /w Warning: Could not set the value of preference xtDRCICVRunsetFile because it does not exist. (PREFERENCE-016)
[16:13:04.52] /w Warning: Could not set the value of preference xtDRCICVIncludePaths because it does not exist. (PREFERENCE-016)
[16:13:04.52] /w Warning: Could not set the value of preference xtDRCLayDBFormat because it does not exist. (PREFERENCE-016)
[16:13:04.52] /w Warning: Could not set the value of preference xtLVSTool because it does not exist. (PREFERENCE-016)
[16:13:04.52] /w Warning: Could not set the value of preference xtLVSICVRunsetFile because it does not exist. (PREFERENCE-016)
[16:13:04.52] /w Warning: Could not set the value of preference xtLVSICVIncludePaths because it does not exist. (PREFERENCE-016)
[16:13:04.52] /w Warning: Could not set the value of preference xtLVSLayDBFormat because it does not exist. (PREFERENCE-016)
[16:13:04.52] /w Warning: Could not set the value of preference xtLPELVSTool because it does not exist. (PREFERENCE-016)
[16:13:04.52] /w Warning: Could not set the value of preference xtLPETool because it does not exist. (PREFERENCE-016)
[16:13:04.52] /w Warning: Could not set the value of preference xtLPEOpenParasiticView because it does not exist. (PREFERENCE-016)
[16:13:04.52] /w Warning: Could not set the value of preference xtStarTcadGrdFile because it does not exist. (PREFERENCE-016)
[16:13:04.52] /w Warning: Could not set the value of preference xtLPEStarOADeviceMappingFile because it does not exist. (PREFERENCE-016)
[16:13:04.52] /w Warning: Could not set the value of preference xtStarOALayerMappingFile because it does not exist. (PREFERENCE-016)
[16:13:04.52] /o 	#######################################
[16:13:04.52] /o 	CC-PDK Library Name	: FreePDK3
[16:13:04.52] /o 	#######################################
[16:13:04.52] /o 
[16:13:04.55] /o Netlisting
[16:13:04.55] /o Creating output directories
[16:13:04.91] /o No Design Integrity rule violations found in "group8/SRAM_8x4_array_dummy/schematic"
[16:13:04.91] /o Scanning: group8/SRAM_8x4_array_dummy/schematic
[16:13:05.00] /o Scanning: group8/sram_6t/schematic
[16:13:05.11] /o Scanning: group8/static_row_decoder_3by8/schematic
[16:13:05.14] /o Scanning: group8/nand_i3/schematic
[16:13:05.17] /o Scanning: group8/inv/schematic
[16:13:05.19] /o Scanning: group8/precharge_logic/schematic
[16:13:05.27] /o Scanning: group8/nand/schematic
[16:13:05.30] /o Computing terminal lists
[16:13:05.30] /o Processing terminals of module group8/sram_6t/schematic
[16:13:05.32] /o Processing terminals of module group8/nand_i3/schematic
[16:13:05.32] /o Processing terminals of module group8/inv/schematic
[16:13:05.32] /o Processing terminals of module group8/static_row_decoder_3by8/schematic
[16:13:05.32] /o Processing terminals of module group8/precharge_logic/schematic
[16:13:05.32] /o Processing terminals of module group8/nand/schematic
[16:13:05.32] /o Processing terminals of module group8/SRAM_8x4_array_dummy/schematic
[16:13:05.32] /o Starting netlisting
[16:13:05.40] /o Formatting group8/sram_6t/schematic
[16:13:05.41] /m Information: "group8 sram_6t schematic" renetlisted. (NETLISTING-056)
[16:13:05.75] /m Information: "Netlisting design "group8/SRAM_8x4_array_dummy/schematic" finished successfully." (NETLISTING-012)
[16:13:05.79] /# Composing simulator input file for design "group8/SRAM_8x4_array_dummy/schematic"...
[16:13:06.96] /# Simulator input file composed successfully for design "group8/SRAM_8x4_array_dummy/schematic"
[16:13:07.07] /m Information: Save ouputs to /mnt/coe/workspace/ece/ece546-spr25/group8/group8_project/simulation/group8,SRAM_8x4_array_dummy,schematic/history_1/simulation/default/PrimeSimHSPICE/nominal/results/outputs.tcl for AVA evaluation.
[16:13:08.08] /o 
[16:13:08.94] /o                                          Composing Nominal                                         
[16:13:09.21] /o                             Launching jobs for testbench default started                            
[16:13:09.22] /# Starting PrimeSimHSPICE simulation for design: group8/SRAM_8x4_array_dummy/schematic
[16:13:09.27] /o                             Creating jobs for testbench default (0 / 1)                            
[16:13:09.32] /o                                Launching 1 jobs for testbench default                               
[16:13:09.59] /o                            Launching jobs for testbench default finished                           
[16:13:10.86] /m Information: 0 of 1 testbench(es) done. (PW_GUI-714)
[16:13:12.05] /m Information: Job distribution master (saeSession4,default.Simulation_Simulation session:session0 testbench:default) : up to 1 job running workers.
[16:13:31.15] /# Simulation completed successfully for design: group8/SRAM_8x4_array_dummy/schematic  (PW-651)
[16:13:31.21] /# Netlisting and simulation completed for testbench: default in 27s
[16:13:31.22] /# Evaluating and plotting outputs...
[16:13:35.68] /m Information: Jobs distribution master quit! (PW_GUI-822)
[16:13:36.38] /# Evaluating and plotting completed for testbench: default in 5s
[16:13:36.45] /m Information: 1 of 1 testbench(es) done. (PW_GUI-714)
[16:16:25.46] /o ==== Received Msg ====
              /c len=8 sourceSoc=sock5466faf0 msgIndex=39 rawMsg=idleExit
[16:16:25.46] /o 
[16:16:25.51] /m Information: Exiting simulation server process. (PW_GUI-984)
[16:16:26.59] /o Shutdown time: Thu Apr  3 16:16:26 2025
[16:16:26.59] /o Elapsed session real time: 3.5 minutes
[16:16:26.59] /o Session terminated. Log is at /mnt/coe/workspace/ece/ece546-spr25/group8/group8_project/synopsys_custom/logs/primewave.hrajesh.2025_4_3_161255_98128.log
[16:16:26.60] /e Error: {}
