[17:35:24.53] /o 
              /c                          PrimeWave Design Environment 
              /c 
              /c                Version W-2024.09-SP1-2 for linux64 - Jan 15, 2025
              /c              Based on Custom Infrastructure
              /c Version W-2024.09-SP1-2
              /c 
              /c                     Copyright (c) 2004 - 2025 Synopsys, Inc.
              /c    This software and the associated documentation are proprietary to Synopsys,
              /c  Inc. This software may only be used in accordance with the terms and conditions
              /c  of a written license agreement with Synopsys, Inc. All other use, reproduction,
              /c    or distribution of this software is strictly prohibited.  Licensed Products
              /c      communicate with Synopsys servers for the purpose of providing software
              /c     updates, detecting software piracy and verifying that customers are using
              /c     Licensed Products in conformity with the applicable License Key for such
              /c   Licensed Products. Synopsys will use information gathered in connection with
              /c     this process to deliver software updates and pursue software pirates and
              /c                                    infringers.
              /c 
              /c  Inclusivity & Diversity - Visit SolvNetPlus to read the "Synopsys Statement on
              /c             Inclusivity and Diversity" (Refer to article 000036315 at
              /c                         https://solvnetplus.synopsys.com)
              /c 
              /c Build  (OPT) Config 11252589 compiled on Wed Jan 15 11:01:36 2025 for AlmaLinux 8.4
              /c Invocation: /mnt/apps/public/COE/synopsys_apps/primewave/W-2024.09-SP1-2/linux64/platform/bin/custom_shell -application primewave -gui 0 -uniqueString 424077b79e1069ee6434565451434b707309051d656ee0b6ebcfc3aba3b3b44da4dffcf0049fbd6f26653acca87a01df -python 0 -command "source /mnt/coe/workspace/ece/ece546-spr25/group8/group8_project/synopsys_custom/sim_server/custom_compiler.svkolach/stb.group8.memory_array_tb.schematic.session11/sim_server_init.tcl" -log /mnt/coe/workspace/ece/ece546-spr25/group8/group8_project/synopsys_custom/primewave_session11_sim_server_job1 -libDefFile /mnt/coe/workspace/ece/ece546-spr25/group8/group8_project/lib.defs
              /c Execution time: Sun Apr  6 17:35:22 2025
              /c Host: lib-41922.eos.ncsu.edu
              /c Working directory: /mnt/coe/workspace/ece/ece546-spr25/group8/group8_project
              /c 
[17:35:32.19] /m Information: Registering ICV PERC package...
[17:35:32.87] /m Information: Feature 'SynopsysCustomSAE' checked out. (LICENSE-003)
[17:35:33.27] /o 
[17:35:33.30] /i source /mnt/coe/workspace/ece/ece546-spr25/group8/group8_project/synopsys_custom/sim_server/custom_compiler.svkolach/stb.group8.memory_array_tb.schematic.session11/sim_server_init.tcl
[17:35:33.60] /o SimServer socket started on lib-41922.eos.ncsu.edu:44673
[17:35:34.29] /m Information: Launching Waveform Viewer "cd /mnt/coe/workspace/ece/ece546-spr25/group8/group8_project/synopsys_custom/sim_server/custom_compiler.svkolach/stb.group8.memory_array_tb.schematic.session11/logs &&  /mnt/apps/public/COE/synopsys_apps/primewave/W-2024.09-SP1-2/auxx/../linux64/swv/bin/swv  -bg_gui -k -cdesigner -ptype wv -spxkey /mnt/apps/public/COE/synopsys_apps/primewave/W-2024.09-SP1-2/auxx/waveform/sae.spxkey -spxrc /tmp/tmp_sae_spxrc_uxF6Au -unique_string 424077b79e1069ee0c53280a03b5fb307309051d656ee0b6ebcfc3aba3b3b44d43ab9aba1263e4a509477de178a53da49bef6c545ea08f01 -lic_type 2   -parent_cc_pid 76578  > /mnt/coe/workspace/ece/ece546-spr25/group8/group8_project/synopsys_custom/sim_server/custom_compiler.svkolach/stb.group8.memory_array_tb.schematic.session11/logs/viewer.log 2>&1"
[17:35:34.34] /o ==== Received Msg ====
              /c len=215 sourceSoc=sock3fae7a40 msgIndex=14 rawMsg=AppendTask /mnt/coe/workspace/ece/ece546-spr25/group8/group8_project/synopsys_custom/sim_server/custom_compiler.svkolach/stb.group8.memory_array_tb.schematic.session11/task0/sim_script0.tcl 0 saeSession6 1 overwrite
[17:35:34.34] /o 
[17:35:34.46] /o ==== Received Msg ====
              /c len=26 sourceSoc=sock3fae7a40 msgIndex=29 rawMsg=evalCmd ::wf::viewerExited
[17:35:34.46] /o 
[17:35:34.48] /o ==== Received Msg ====
              /c len=35 sourceSoc=sock3fae7a40 msgIndex=30 rawMsg=evalCmd ::wf::updateViewerLicense 2
[17:35:34.48] /o 
[17:35:36.50] /m Information: "Starting incremental netlisting for design "group8/memory_array_tb/schematic"..." (NETLISTING-010)
[17:35:36.59] /o Loading: Callback files...
[17:35:36.60] /o Loading: scripts/callbacks/callbacks.tcl
[17:35:36.60] /o 
              /c [INFO] : Loading display.drf from /mnt/designkits/ncsu/FreePDK3/syncust/NCSU_TechLib_FreePDK3
              /c 
              /c  if you wish to Load other display.drf, please set shell environment valiable "iPDK_load_display_NCSU_TechLib_FreePDK3" to value = 0
[17:35:36.60] /o 
[17:35:36.61] /w Warning: Could not set the value of preference xtDRCTool because it does not exist. (PREFERENCE-016)
[17:35:36.61] /w Warning: Could not set the value of preference xtDRCICVRunsetFile because it does not exist. (PREFERENCE-016)
[17:35:36.61] /w Warning: Could not set the value of preference xtDRCICVIncludePaths because it does not exist. (PREFERENCE-016)
[17:35:36.61] /w Warning: Could not set the value of preference xtDRCLayDBFormat because it does not exist. (PREFERENCE-016)
[17:35:36.61] /w Warning: Could not set the value of preference xtLVSTool because it does not exist. (PREFERENCE-016)
[17:35:36.61] /w Warning: Could not set the value of preference xtLVSICVRunsetFile because it does not exist. (PREFERENCE-016)
[17:35:36.61] /w Warning: Could not set the value of preference xtLVSICVIncludePaths because it does not exist. (PREFERENCE-016)
[17:35:36.61] /w Warning: Could not set the value of preference xtLVSLayDBFormat because it does not exist. (PREFERENCE-016)
[17:35:36.61] /w Warning: Could not set the value of preference xtLPELVSTool because it does not exist. (PREFERENCE-016)
[17:35:36.61] /w Warning: Could not set the value of preference xtLPETool because it does not exist. (PREFERENCE-016)
[17:35:36.61] /w Warning: Could not set the value of preference xtLPEOpenParasiticView because it does not exist. (PREFERENCE-016)
[17:35:36.61] /w Warning: Could not set the value of preference xtStarTcadGrdFile because it does not exist. (PREFERENCE-016)
[17:35:36.61] /w Warning: Could not set the value of preference xtLPEStarOADeviceMappingFile because it does not exist. (PREFERENCE-016)
[17:35:36.61] /w Warning: Could not set the value of preference xtStarOALayerMappingFile because it does not exist. (PREFERENCE-016)
[17:35:36.61] /o 	#######################################
[17:35:36.61] /o 	CC-PDK Library Name	: FreePDK3
[17:35:36.61] /o 	#######################################
[17:35:36.61] /o 
[17:35:36.73] /o Netlisting
[17:35:36.73] /o Creating output directories
[17:35:37.09] /o No Design Integrity rule violations found in "group8/memory_array_tb/schematic"
[17:35:37.09] /o Scanning: group8/memory_array_tb/schematic
[17:35:37.44] /o Scanning: group8/memory_array_static_column_decoder/schematic
[17:35:37.51] /o Scanning: group8/precharge_logic/schematic
[17:35:37.63] /o Scanning: group8/sram_6t/schematic
[17:35:37.74] /o Scanning: group8/static_row_decoder_3by8/schematic
[17:35:37.79] /o Scanning: group8/nand_i3/schematic
[17:35:37.84] /o Scanning: group8/inv/schematic
[17:35:37.89] /o Scanning: group8/buffer_highdrive/schematic
[17:35:37.94] /o Scanning: group8/invx4/schematic
[17:35:38.00] /o Scanning: group8/columnDecoderstatic/schematic
[17:35:38.06] /o Scanning: group8/2to4_decoder_static/schematic
[17:35:38.11] /o Scanning: group8/nand/schematic
[17:35:38.16] /m Information: 
[17:35:38.16] /o Checking "group8/nor/schematic"
[17:35:38.16] /o No rule violations found in "group8/nor/schematic"
[17:35:38.16] /o Scanning: group8/nor/schematic
[17:35:38.22] /o Scanning: group8/Write_Driver/schematic
[17:35:38.27] /o Scanning: group8/read_circuit/schematic
[17:35:38.32] /o Scanning: group8/tspc_pos_ff/schematic
[17:35:38.40] /o Scanning: group8/agen_unit/schematic
[17:35:38.45] /m Information: 
[17:35:38.45] /o Checking "group8/Demux/schematic"
[17:35:38.45] /o No rule violations found in "group8/Demux/schematic"
[17:35:38.45] /o Scanning: group8/Demux/schematic
[17:35:38.51] /o Scanning: group8/WLRef_PC/schematic
[17:35:38.57] /m Information: 
[17:35:38.57] /o Checking "group8/buffer/schematic"
[17:35:38.57] /o No rule violations found in "group8/buffer/schematic"
[17:35:38.57] /o Scanning: group8/buffer/schematic
[17:35:38.68] /o Computing terminal lists
[17:35:38.68] /o Processing terminals of module group8/precharge_logic/schematic
[17:35:38.70] /o Processing terminals of module group8/sram_6t/schematic
[17:35:38.72] /o Processing terminals of module group8/nand_i3/schematic
[17:35:38.72] /o Processing terminals of module group8/inv/schematic
[17:35:38.72] /o Processing terminals of module group8/buffer_highdrive/schematic
[17:35:38.72] /o Processing terminals of module group8/invx4/schematic
[17:35:38.72] /o Processing terminals of module group8/static_row_decoder_3by8/schematic
[17:35:38.72] /o Processing terminals of module group8/nand/schematic
[17:35:38.72] /o Processing terminals of module group8/nor/schematic
[17:35:38.72] /o Processing terminals of module group8/2to4_decoder_static/schematic
[17:35:38.72] /o Processing terminals of module group8/columnDecoderstatic/schematic
[17:35:38.72] /o Processing terminals of module group8/Write_Driver/schematic
[17:35:38.72] /o Processing terminals of module group8/read_circuit/schematic
[17:35:38.72] /o Processing terminals of module group8/tspc_pos_ff/schematic
[17:35:38.72] /o Processing terminals of module group8/Demux/schematic
[17:35:38.72] /o Processing terminals of module group8/agen_unit/schematic
[17:35:38.72] /o Processing terminals of module group8/buffer/schematic
[17:35:38.72] /o Processing terminals of module group8/WLRef_PC/schematic
[17:35:38.72] /o Processing terminals of module group8/memory_array_static_column_decoder/schematic
[17:35:38.72] /o Processing terminals of module group8/memory_array_tb/schematic
[17:35:38.72] /o Starting netlisting
[17:35:39.60] /o Formatting group8/memory_array_static_column_decoder/schematic
[17:35:39.62] /m Information: "group8 memory_array_static_column_decoder schematic" renetlisted. (NETLISTING-056)
[17:35:40.47] /m Information: "Netlisting design "group8/memory_array_tb/schematic" finished successfully." (NETLISTING-012)
[17:35:40.55] /# Composing simulator input file for design "group8/memory_array_tb/schematic"...
[17:35:46.04] /# Simulator input file composed successfully for design "group8/memory_array_tb/schematic"
[17:35:46.28] /m Information: Save ouputs to /mnt/coe/workspace/ece/ece546-spr25/group8/group8_project/simulation/group8,memory_array_tb,schematic/history_1/simulation/default/PrimeSimHSPICE/nominal/results/outputs.tcl for AVA evaluation.
[17:35:48.42] /o 
[17:35:50.16] /o                                          Composing Nominal                                         
[17:35:50.69] /o                             Launching jobs for testbench default started                            
[17:35:50.72] /# Starting PrimeSimHSPICE simulation for design: group8/memory_array_tb/schematic
[17:35:50.83] /o                             Creating jobs for testbench default (0 / 1)                            
[17:35:50.93] /o                                Launching 1 jobs for testbench default                               
[17:35:52.44] /o                            Launching jobs for testbench default finished                           
[17:35:54.05] /m Information: 0 of 1 testbench(es) done. (PW_GUI-714)
[17:35:55.05] /m Information: Job distribution master (saeSession6,default.Simulation_Simulation session:session0 testbench:default) : up to 1 job running workers.
[17:36:19.36] /# Simulation completed successfully for design: group8/memory_array_tb/schematic  (PW-651)
[17:36:19.48] /# Netlisting and simulation completed for testbench: default in 44s
[17:36:19.50] /# Evaluating and plotting outputs...
[17:36:25.57] /m Information: Jobs distribution master quit! (PW_GUI-822)
[17:36:26.57] /# Evaluating and plotting completed for testbench: default in 7s
[17:36:26.64] /m Information: 1 of 1 testbench(es) done. (PW_GUI-714)
[17:38:32.37] /o ==== Received Msg ====
              /c len=215 sourceSoc=sock51614d40 msgIndex=15 rawMsg=AppendTask /mnt/coe/workspace/ece/ece546-spr25/group8/group8_project/synopsys_custom/sim_server/custom_compiler.svkolach/stb.group8.memory_array_tb.schematic.session11/task1/sim_script1.tcl 1 saeSession6 1 overwrite
[17:38:32.37] /o 
[17:38:32.56] /m Information: Feature 'SynopsysCustomSAE' checked in. (LICENSE-004)
[17:38:32.59] /m Information: Feature 'SynopsysCustomSAE' checked out. (LICENSE-003)
[17:38:34.76] /m Information: "Starting incremental netlisting for design "group8/memory_array_tb/schematic"..." (NETLISTING-010)
[17:38:34.87] /o Netlisting
[17:38:34.87] /o Creating output directories
[17:38:35.05] /o No Design Integrity rule violations found in "group8/memory_array_tb/schematic"
[17:38:35.05] /o Scanning: group8/memory_array_tb/schematic
[17:38:35.36] /o Scanning: group8/memory_array_static_column_decoder/schematic
[17:38:35.42] /o Scanning: group8/precharge_logic/schematic
[17:38:35.51] /o Scanning: group8/sram_6t/schematic
[17:38:35.62] /o Scanning: group8/static_row_decoder_3by8/schematic
[17:38:35.66] /o Scanning: group8/nand_i3/schematic
[17:38:35.71] /o Scanning: group8/inv/schematic
[17:38:35.76] /o Scanning: group8/buffer_highdrive/schematic
[17:38:35.80] /o Scanning: group8/invx4/schematic
[17:38:35.86] /o Scanning: group8/columnDecoderstatic/schematic
[17:38:35.92] /o Scanning: group8/2to4_decoder_static/schematic
[17:38:35.97] /o Scanning: group8/nand/schematic
[17:38:36.02] /m Information: 
[17:38:36.02] /o Checking "group8/nor/schematic"
[17:38:36.02] /o No rule violations found in "group8/nor/schematic"
[17:38:36.02] /o Scanning: group8/nor/schematic
[17:38:36.08] /o Scanning: group8/Write_Driver/schematic
[17:38:36.13] /o Scanning: group8/read_circuit/schematic
[17:38:36.18] /o Scanning: group8/tspc_pos_ff/schematic
[17:38:36.26] /o Scanning: group8/agen_unit/schematic
[17:38:36.31] /m Information: 
[17:38:36.31] /o Checking "group8/Demux/schematic"
[17:38:36.31] /o No rule violations found in "group8/Demux/schematic"
[17:38:36.31] /o Scanning: group8/Demux/schematic
[17:38:36.37] /o Scanning: group8/WLRef_PC/schematic
[17:38:36.43] /m Information: 
[17:38:36.43] /o Checking "group8/buffer/schematic"
[17:38:36.43] /o No rule violations found in "group8/buffer/schematic"
[17:38:36.43] /o Scanning: group8/buffer/schematic
[17:38:36.54] /o Computing terminal lists
[17:38:36.54] /o Processing terminals of module group8/precharge_logic/schematic
[17:38:36.56] /o Processing terminals of module group8/sram_6t/schematic
[17:38:36.57] /o Processing terminals of module group8/nand_i3/schematic
[17:38:36.58] /o Processing terminals of module group8/inv/schematic
[17:38:36.58] /o Processing terminals of module group8/buffer_highdrive/schematic
[17:38:36.58] /o Processing terminals of module group8/invx4/schematic
[17:38:36.58] /o Processing terminals of module group8/static_row_decoder_3by8/schematic
[17:38:36.58] /o Processing terminals of module group8/nand/schematic
[17:38:36.58] /o Processing terminals of module group8/nor/schematic
[17:38:36.58] /o Processing terminals of module group8/2to4_decoder_static/schematic
[17:38:36.58] /o Processing terminals of module group8/columnDecoderstatic/schematic
[17:38:36.58] /o Processing terminals of module group8/Write_Driver/schematic
[17:38:36.58] /o Processing terminals of module group8/read_circuit/schematic
[17:38:36.58] /o Processing terminals of module group8/tspc_pos_ff/schematic
[17:38:36.58] /o Processing terminals of module group8/Demux/schematic
[17:38:36.58] /o Processing terminals of module group8/agen_unit/schematic
[17:38:36.58] /o Processing terminals of module group8/buffer/schematic
[17:38:36.58] /o Processing terminals of module group8/WLRef_PC/schematic
[17:38:36.58] /o Processing terminals of module group8/memory_array_static_column_decoder/schematic
[17:38:36.58] /o Processing terminals of module group8/memory_array_tb/schematic
[17:38:36.58] /o Starting netlisting
[17:38:37.18] /o Formatting group8/Write_Driver/schematic
[17:38:37.20] /m Information: "group8 Write_Driver schematic" renetlisted. (NETLISTING-056)
[17:38:37.51] /o Formatting group8/memory_array_static_column_decoder/schematic
[17:38:37.54] /m Information: "group8 memory_array_static_column_decoder schematic" renetlisted. (NETLISTING-056)
[17:38:38.37] /m Information: "Netlisting design "group8/memory_array_tb/schematic" finished successfully." (NETLISTING-012)
[17:38:38.47] /# Composing simulator input file for design "group8/memory_array_tb/schematic"...
[17:38:43.91] /# Simulator input file composed successfully for design "group8/memory_array_tb/schematic"
[17:38:44.13] /m Information: Save ouputs to /mnt/coe/workspace/ece/ece546-spr25/group8/group8_project/simulation/group8,memory_array_tb,schematic/history_1/simulation/default/PrimeSimHSPICE/nominal/results/outputs.tcl for AVA evaluation.
[17:38:46.22] /o 
[17:38:47.96] /o                                          Composing Nominal                                         
[17:38:48.50] /o                             Launching jobs for testbench default started                            
[17:38:48.52] /# Starting PrimeSimHSPICE simulation for design: group8/memory_array_tb/schematic
[17:38:48.63] /o                             Creating jobs for testbench default (0 / 1)                            
[17:38:48.73] /o                                Launching 1 jobs for testbench default                               
[17:38:50.15] /o                            Launching jobs for testbench default finished                           
[17:38:50.29] /o 
[17:38:50.33] /o ==== Received Msg ====
              /c len=26 sourceSoc=sock51614d40 msgIndex=31 rawMsg=evalCmd ::wf::viewerExited
[17:38:50.33] /o 
[17:38:50.67] /o ==== Received Msg ====
              /c len=35 sourceSoc=sock51614d40 msgIndex=32 rawMsg=evalCmd ::wf::updateViewerLicense 2
[17:38:50.67] /o 
[17:38:51.31] /m Information: 1 of 2 testbench(es) done. (PW_GUI-714)
[17:38:53.06] /m Information: Job distribution master (saeSession6,default.Simulation_Simulation session:session1 testbench:default) : up to 1 job running workers.
[17:39:19.96] /# Simulation completed successfully for design: group8/memory_array_tb/schematic  (PW-651)
[17:39:20.10] /# Netlisting and simulation completed for testbench: default in 46s
[17:39:20.11] /# Evaluating and plotting outputs...
[17:39:26.75] /m Information: Jobs distribution master quit! (PW_GUI-822)
[17:39:27.66] /# Evaluating and plotting completed for testbench: default in 7s
[17:39:27.72] /m Information: 2 of 2 testbench(es) done. (PW_GUI-714)
[17:40:21.78] /o ==== Received Msg ====
              /c len=8 sourceSoc=sock51614d40 msgIndex=33 rawMsg=idleExit
[17:40:21.78] /o 
[17:40:21.86] /m Information: Exiting simulation server process. (PW_GUI-984)
[17:40:23.14] /o Shutdown time: Sun Apr  6 17:40:23 2025
[17:40:23.14] /o Elapsed session real time: 5 minutes
[17:40:23.14] /o Session terminated. Log is at /mnt/coe/workspace/ece/ece546-spr25/group8/group8_project/synopsys_custom/logs/primewave.svkolach.2025_4_6_173522_76578.log
[17:40:23.15] /e Error: {}
