[23:53:06.03] /o 
              /c                          PrimeWave Design Environment 
              /c 
              /c                Version W-2024.09-SP1-2 for linux64 - Jan 15, 2025
              /c              Based on Custom Infrastructure
              /c Version W-2024.09-SP1-2
              /c 
              /c                     Copyright (c) 2004 - 2025 Synopsys, Inc.
              /c    This software and the associated documentation are proprietary to Synopsys,
              /c  Inc. This software may only be used in accordance with the terms and conditions
              /c  of a written license agreement with Synopsys, Inc. All other use, reproduction,
              /c    or distribution of this software is strictly prohibited.  Licensed Products
              /c      communicate with Synopsys servers for the purpose of providing software
              /c     updates, detecting software piracy and verifying that customers are using
              /c     Licensed Products in conformity with the applicable License Key for such
              /c   Licensed Products. Synopsys will use information gathered in connection with
              /c     this process to deliver software updates and pursue software pirates and
              /c                                    infringers.
              /c 
              /c  Inclusivity & Diversity - Visit SolvNetPlus to read the "Synopsys Statement on
              /c             Inclusivity and Diversity" (Refer to article 000036315 at
              /c                         https://solvnetplus.synopsys.com)
              /c 
              /c Build  (OPT) Config 11252589 compiled on Wed Jan 15 11:01:36 2025 for AlmaLinux 8.4
              /c Invocation: /mnt/apps/public/COE/synopsys_apps/primewave/W-2024.09-SP1-2/linux64/platform/bin/custom_shell -application primewave -gui 0 -uniqueString 424077b79e1069ee151279727293c4f34d49f0484e1ba41a3b3a965d3326affaef7a12dfbe12e849d2e1ce0e5df88723 -python 0 -log pw_shell_session0_job14 -libDefFile /mnt/coe/workspace/ece/ece546-spr25/group8/group8_project/lib.defs
              /c Execution time: Tue Apr  1 23:53:00 2025
              /c Host: hydra12.ece.ncsu.edu
              /c Working directory: /mnt/coe/workspace/ece/ece546-spr25/group8/group8_project
              /c 
[23:53:14.59] /m Information: Registering ICV PERC package...
[23:53:15.42] /m Information: Feature 'SynopsysCustomSAE' checked out. (LICENSE-003)
[23:53:15.43] /i catch {source /tmp/copyScript85921}; ::sa::_backgroundSaeShell::signalProcessReady 1743565977 2089142
[23:53:15.44] /o saeInterBGSaeShell:  ::sa::_backgroundSaeShell::processReady 18
[23:53:15.64] /o 
[23:53:15.65] /i ::sa::_backgroundSaeShell::runScript /mnt/coe/workspace/ece/ece546-spr25/group8/group8_project/simulation/group8,2to4_decoder_tb,schematic/history_1/simulation/default/PrimeSimHSPICE/nominal/.bg_measurement_script.tcl 0 sa::_resultsDatabase::saeShellProcessingCompletedProc testSuiteName saeSession0 uniqueSessionName {} testbenchName default resultsDir /mnt/coe/workspace/ece/ece546-spr25/group8/group8_project/simulation/group8,2to4_decoder_tb,schematic/history_1/simulation/default/PrimeSimHSPICE/nominal/results testSuiteDir /mnt/coe/workspace/ece/ece546-spr25/group8/group8_project/simulation/group8,2to4_decoder_tb,schematic/history_1/simulation/default/PrimeSimHSPICE/nominal databaseName /mnt/coe/workspace/ece/ece546-spr25/group8/group8_project/simulation/group8,2to4_decoder_tb,schematic/history_1/simulation/default/PrimeSimHSPICE/nominal/resultsDatabase remoteRun {} testbenchId 1 saveImages true invokeFrom SIM_DONE
[23:53:17.30] /m Information: Loading preferences from /mnt/coe/workspace/ece/ece546-spr25/group8/group8_project/simulation/group8,2to4_decoder_tb,schematic/history_1/simulation/default/PrimeSimHSPICE/nominal/pw_shell_session_prefs.xml
[23:53:17.60] /o Loading: Callback files...
[23:53:17.63] /o Loading: scripts/callbacks/callbacks.tcl
[23:53:17.63] /o 
              /c [INFO] : Loading display.drf from /mnt/designkits/ncsu/FreePDK3/syncust/NCSU_TechLib_FreePDK3
              /c 
              /c  if you wish to Load other display.drf, please set shell environment valiable "iPDK_load_display_NCSU_TechLib_FreePDK3" to value = 0
[23:53:17.63] /o 
[23:53:17.68] /w Warning: Could not set the value of preference xtDRCTool because it does not exist. (PREFERENCE-016)
[23:53:17.68] /w Warning: Could not set the value of preference xtDRCICVRunsetFile because it does not exist. (PREFERENCE-016)
[23:53:17.68] /w Warning: Could not set the value of preference xtDRCICVIncludePaths because it does not exist. (PREFERENCE-016)
[23:53:17.68] /w Warning: Could not set the value of preference xtDRCLayDBFormat because it does not exist. (PREFERENCE-016)
[23:53:17.68] /w Warning: Could not set the value of preference xtLVSTool because it does not exist. (PREFERENCE-016)
[23:53:17.68] /w Warning: Could not set the value of preference xtLVSICVRunsetFile because it does not exist. (PREFERENCE-016)
[23:53:17.68] /w Warning: Could not set the value of preference xtLVSICVIncludePaths because it does not exist. (PREFERENCE-016)
[23:53:17.68] /w Warning: Could not set the value of preference xtLVSLayDBFormat because it does not exist. (PREFERENCE-016)
[23:53:17.68] /w Warning: Could not set the value of preference xtLPELVSTool because it does not exist. (PREFERENCE-016)
[23:53:17.68] /w Warning: Could not set the value of preference xtLPETool because it does not exist. (PREFERENCE-016)
[23:53:17.68] /w Warning: Could not set the value of preference xtLPEOpenParasiticView because it does not exist. (PREFERENCE-016)
[23:53:17.68] /w Warning: Could not set the value of preference xtStarTcadGrdFile because it does not exist. (PREFERENCE-016)
[23:53:17.68] /w Warning: Could not set the value of preference xtLPEStarOADeviceMappingFile because it does not exist. (PREFERENCE-016)
[23:53:17.68] /w Warning: Could not set the value of preference xtStarOALayerMappingFile because it does not exist. (PREFERENCE-016)
[23:53:17.68] /o 	#######################################
[23:53:17.68] /o 	CC-PDK Library Name	: FreePDK3
[23:53:17.68] /o 	#######################################
[23:53:17.68] /o 
[23:53:18.19] /m Information: Start incremental database creation...
[23:53:18.31] /m Information: Create Iter role param id map
[23:53:19.29] /o saeInterBGSaeShell:  ::sa::_backgroundSaeShell::scriptFinished 3.6 {} sa::_resultsDatabase::saeShellProcessingCompletedProc testSuiteName saeSession0 uniqueSessionName {} testbenchName default resultsDir /mnt/coe/workspace/ece/ece546-spr25/group8/group8_project/simulation/group8,2to4_decoder_tb,schematic/history_1/simulation/default/PrimeSimHSPICE/nominal/results testSuiteDir /mnt/coe/workspace/ece/ece546-spr25/group8/group8_project/simulation/group8,2to4_decoder_tb,schematic/history_1/simulation/default/PrimeSimHSPICE/nominal databaseName /mnt/coe/workspace/ece/ece546-spr25/group8/group8_project/simulation/group8,2to4_decoder_tb,schematic/history_1/simulation/default/PrimeSimHSPICE/nominal/resultsDatabase remoteRun {} testbenchId 1 saveImages true invokeFrom SIM_DONE
[23:53:19.29] /o false
[23:58:21.21] /o saeInterBGSaeShell:  ::sa::_backgroundSaeShell::pingBack
[23:58:21.33] /i ::sa::_backgroundSaeShell::parentRunning
[23:58:21.33] /o false
[00:03:22.08] /# Date and Time: Wed Apr  2 00:03:22 2025
[00:03:22.08] /o saeInterBGSaeShell:  ::sa::_backgroundSaeShell::pingBack
[00:03:22.23] /i ::sa::_backgroundSaeShell::parentRunning
[00:03:22.23] /o false
[00:08:23.44] /o saeInterBGSaeShell:  ::sa::_backgroundSaeShell::pingBack
[00:08:23.63] /i ::sa::_backgroundSaeShell::parentRunning
[00:08:23.63] /o false
[00:13:24.22] /o saeInterBGSaeShell:  ::sa::_backgroundSaeShell::pingBack
[00:13:24.23] /i ::sa::_backgroundSaeShell::parentRunning
[00:13:24.23] /o false
[00:18:25.03] /o saeInterBGSaeShell:  ::sa::_backgroundSaeShell::pingBack
[00:18:25.23] /i ::sa::_backgroundSaeShell::parentRunning
[00:18:25.23] /o false
[00:23:26.20] /o saeInterBGSaeShell:  ::sa::_backgroundSaeShell::pingBack
[00:23:26.33] /i ::sa::_backgroundSaeShell::parentRunning
[00:23:26.33] /o false
[00:26:56.73] /i ::wf::viewerExited
[00:27:01.93] /i ::wf::updateViewerLicense 2
[00:28:31.52] /o saeInterBGSaeShell:  ::sa::_backgroundSaeShell::pingBack
[00:28:32.14] /i ::sa::_backgroundSaeShell::parentRunning
[00:28:32.14] /o false
[00:29:05.46] /i ::sa::_backgroundSaeShell::runScript /mnt/coe/workspace/ece/ece546-spr25/group8/group8_project/simulation/group8,2to4_decoder_tb,schematic/history_1/simulation/default/PrimeSimHSPICE/nominal/.bg_measurement_script.tcl 0 sa::_resultsDatabase::saeShellProcessingCompletedProc testSuiteName saeSession0 uniqueSessionName {} testbenchName default resultsDir /mnt/coe/workspace/ece/ece546-spr25/group8/group8_project/simulation/group8,2to4_decoder_tb,schematic/history_1/simulation/default/PrimeSimHSPICE/nominal/results testSuiteDir /mnt/coe/workspace/ece/ece546-spr25/group8/group8_project/simulation/group8,2to4_decoder_tb,schematic/history_1/simulation/default/PrimeSimHSPICE/nominal databaseName /mnt/coe/workspace/ece/ece546-spr25/group8/group8_project/simulation/group8,2to4_decoder_tb,schematic/history_1/simulation/default/PrimeSimHSPICE/nominal/resultsDatabase remoteRun {} testbenchId 1 saveImages true invokeFrom SIM_DONE
[00:29:05.55] /m Information: Feature 'SynopsysCustomSAE' checked in. (LICENSE-004)
[00:29:05.58] /m Information: Feature 'SynopsysCustomSAE' checked out. (LICENSE-003)
[00:29:06.65] /m Information: Loading preferences from /mnt/coe/workspace/ece/ece546-spr25/group8/group8_project/simulation/group8,2to4_decoder_tb,schematic/history_1/simulation/default/PrimeSimHSPICE/nominal/pw_shell_session_prefs.xml
[00:29:07.34] /m Information: Start incremental database creation...
[00:29:07.46] /m Information: Create Iter role param id map
[00:29:08.40] /o saeInterBGSaeShell:  ::sa::_backgroundSaeShell::scriptFinished 2.9 {} sa::_resultsDatabase::saeShellProcessingCompletedProc testSuiteName saeSession0 uniqueSessionName {} testbenchName default resultsDir /mnt/coe/workspace/ece/ece546-spr25/group8/group8_project/simulation/group8,2to4_decoder_tb,schematic/history_1/simulation/default/PrimeSimHSPICE/nominal/results testSuiteDir /mnt/coe/workspace/ece/ece546-spr25/group8/group8_project/simulation/group8,2to4_decoder_tb,schematic/history_1/simulation/default/PrimeSimHSPICE/nominal databaseName /mnt/coe/workspace/ece/ece546-spr25/group8/group8_project/simulation/group8,2to4_decoder_tb,schematic/history_1/simulation/default/PrimeSimHSPICE/nominal/resultsDatabase remoteRun {} testbenchId 1 saveImages true invokeFrom SIM_DONE
[00:29:08.40] /o false
[00:29:08.40] /o 
[00:32:08.14] /i ::sa::_backgroundSaeShell::exit
[00:32:08.14] /o saeInterBGSaeShell:  ::sa::_backgroundSaeShell::childFormallyExiting
[00:32:11.60] /o Shutdown time: Wed Apr  2 00:32:11 2025
[00:32:11.60] /o Elapsed session real time: 39.16 minutes
[00:32:11.60] /o Session terminated. Log is at /mnt/coe/workspace/ece/ece546-spr25/group8/group8_project/synopsys_custom/logs/primewave.nbandeh.2025_4_1_235300_2165819.log
