[14:10:35.47] /o 
              /c                          PrimeWave Design Environment 
              /c 
              /c                Version W-2024.09-SP1-2 for linux64 - Jan 15, 2025
              /c              Based on Custom Infrastructure
              /c Version W-2024.09-SP1-2
              /c 
              /c                     Copyright (c) 2004 - 2025 Synopsys, Inc.
              /c    This software and the associated documentation are proprietary to Synopsys,
              /c  Inc. This software may only be used in accordance with the terms and conditions
              /c  of a written license agreement with Synopsys, Inc. All other use, reproduction,
              /c    or distribution of this software is strictly prohibited.  Licensed Products
              /c      communicate with Synopsys servers for the purpose of providing software
              /c     updates, detecting software piracy and verifying that customers are using
              /c     Licensed Products in conformity with the applicable License Key for such
              /c   Licensed Products. Synopsys will use information gathered in connection with
              /c     this process to deliver software updates and pursue software pirates and
              /c                                    infringers.
              /c 
              /c  Inclusivity & Diversity - Visit SolvNetPlus to read the "Synopsys Statement on
              /c             Inclusivity and Diversity" (Refer to article 000036315 at
              /c                         https://solvnetplus.synopsys.com)
              /c 
              /c Build  (OPT) Config 11252589 compiled on Wed Jan 15 11:01:36 2025 for AlmaLinux 8.4
              /c Invocation: /mnt/apps/public/COE/synopsys_apps/primewave/W-2024.09-SP1-2/linux64/platform/bin/custom_shell -application primewave -gui 0 -uniqueString 424077b79e1069ee0b73611fb0816457f03d3135d99f0755c1cb7792ad947542a876587ccc9428358851f173345d46c7 -python 0 -log pw_shell_session1_job1 -libDefFile /mnt/coe/workspace/ece/ece546-spr25/group8/group8_project/lib.defs
              /c Execution time: Tue Mar 25 14:10:29 2025
              /c Host: hydra11.ece.ncsu.edu
              /c Working directory: /mnt/coe/workspace/ece/ece546-spr25/group8/group8_project
              /c 
[14:10:48.93] /m Information: Registering ICV PERC package...
[14:10:49.07] /w Warning: In file /mnt/coe/workspace/ece/ece546-spr25/group8/group8_project/lib.defs: Unable to open library proj_common at path /mnt/coe/workspace/ece/ece546-common/proj_common : No access permission. (DATA_MANAGEMENT-014)
[14:10:49.53] /m Information: Feature 'SynopsysCustomSAE' checked out. (LICENSE-003)
[14:10:49.53] /i catch {source /tmp/copyScript39503}; ::sa::_backgroundSaeShell::signalProcessReady 1742926227 285840
[14:10:49.55] /o saeInterBGSaeShell:  ::sa::_backgroundSaeShell::processReady 22
[14:10:49.57] /o 
[14:13:00.08] /i ::sa::_backgroundSaeShell::runScript /mnt/coe/workspace/ece/ece546-spr25/group8/group8_project/simulation/group8,precharge_logic_tb,schematic/history_1/simulation/default/PrimeSimHSPICE/nominal/.bg_measurement_script.tcl 0 sa::_resultsDatabase::saeShellProcessingCompletedProc testSuiteName saeSession1 uniqueSessionName {} testbenchName default resultsDir /mnt/coe/workspace/ece/ece546-spr25/group8/group8_project/simulation/group8,precharge_logic_tb,schematic/history_1/simulation/default/PrimeSimHSPICE/nominal/results testSuiteDir /mnt/coe/workspace/ece/ece546-spr25/group8/group8_project/simulation/group8,precharge_logic_tb,schematic/history_1/simulation/default/PrimeSimHSPICE/nominal databaseName /mnt/coe/workspace/ece/ece546-spr25/group8/group8_project/simulation/group8,precharge_logic_tb,schematic/history_1/simulation/default/PrimeSimHSPICE/nominal/resultsDatabase remoteRun {} testbenchId 1 saveImages true invokeFrom SIM_DONE
[14:13:00.74] /w Warning: In file /mnt/coe/workspace/ece/ece546-spr25/group8/group8_project/lib.defs: Unable to open library proj_common at path /mnt/coe/workspace/ece/ece546-common/proj_common : No access permission. (DATA_MANAGEMENT-014)
[14:13:01.32] /m Information: Loading preferences from /mnt/coe/workspace/ece/ece546-spr25/group8/group8_project/simulation/group8,precharge_logic_tb,schematic/history_1/simulation/default/PrimeSimHSPICE/nominal/pw_shell_session_prefs.xml
[14:13:01.57] /o Loading: Callback files...
[14:13:01.59] /o Loading: scripts/callbacks/callbacks.tcl
[14:13:01.59] /o 
              /c [INFO] : Loading display.drf from /mnt/designkits/ncsu/FreePDK3/syncust/NCSU_TechLib_FreePDK3
              /c 
              /c  if you wish to Load other display.drf, please set shell environment valiable "iPDK_load_display_NCSU_TechLib_FreePDK3" to value = 0
[14:13:01.59] /o 
[14:13:01.64] /w Warning: Could not set the value of preference xtDRCTool because it does not exist. (PREFERENCE-016)
[14:13:01.64] /w Warning: Could not set the value of preference xtDRCICVRunsetFile because it does not exist. (PREFERENCE-016)
[14:13:01.64] /w Warning: Could not set the value of preference xtDRCICVIncludePaths because it does not exist. (PREFERENCE-016)
[14:13:01.64] /w Warning: Could not set the value of preference xtDRCLayDBFormat because it does not exist. (PREFERENCE-016)
[14:13:01.64] /w Warning: Could not set the value of preference xtLVSTool because it does not exist. (PREFERENCE-016)
[14:13:01.64] /w Warning: Could not set the value of preference xtLVSICVRunsetFile because it does not exist. (PREFERENCE-016)
[14:13:01.64] /w Warning: Could not set the value of preference xtLVSICVIncludePaths because it does not exist. (PREFERENCE-016)
[14:13:01.64] /w Warning: Could not set the value of preference xtLVSLayDBFormat because it does not exist. (PREFERENCE-016)
[14:13:01.64] /w Warning: Could not set the value of preference xtLPELVSTool because it does not exist. (PREFERENCE-016)
[14:13:01.64] /w Warning: Could not set the value of preference xtLPETool because it does not exist. (PREFERENCE-016)
[14:13:01.64] /w Warning: Could not set the value of preference xtLPEOpenParasiticView because it does not exist. (PREFERENCE-016)
[14:13:01.64] /w Warning: Could not set the value of preference xtStarTcadGrdFile because it does not exist. (PREFERENCE-016)
[14:13:01.64] /w Warning: Could not set the value of preference xtLPEStarOADeviceMappingFile because it does not exist. (PREFERENCE-016)
[14:13:01.64] /w Warning: Could not set the value of preference xtStarOALayerMappingFile because it does not exist. (PREFERENCE-016)
[14:13:01.64] /o 	#######################################
[14:13:01.64] /o 	CC-PDK Library Name	: FreePDK3
[14:13:01.64] /o 	#######################################
[14:13:01.64] /o 
[14:13:01.96] /m Information: Start incremental database creation...
[14:13:02.01] /m Information: Create Iter role param id map
[14:13:02.17] /o saeInterBGSaeShell:  ::sa::_backgroundSaeShell::scriptFinished 2.0 {} sa::_resultsDatabase::saeShellProcessingCompletedProc testSuiteName saeSession1 uniqueSessionName {} testbenchName default resultsDir /mnt/coe/workspace/ece/ece546-spr25/group8/group8_project/simulation/group8,precharge_logic_tb,schematic/history_1/simulation/default/PrimeSimHSPICE/nominal/results testSuiteDir /mnt/coe/workspace/ece/ece546-spr25/group8/group8_project/simulation/group8,precharge_logic_tb,schematic/history_1/simulation/default/PrimeSimHSPICE/nominal databaseName /mnt/coe/workspace/ece/ece546-spr25/group8/group8_project/simulation/group8,precharge_logic_tb,schematic/history_1/simulation/default/PrimeSimHSPICE/nominal/resultsDatabase remoteRun {} testbenchId 1 saveImages true invokeFrom SIM_DONE
[14:13:02.17] /o false
[14:14:31.14] /i ::wf::viewerExited
[14:14:34.20] /i ::wf::updateViewerLicense 2
[14:15:23.39] /i ::sa::_backgroundSaeShell::runScript /mnt/coe/workspace/ece/ece546-spr25/group8/group8_project/simulation/group8,precharge_logic_tb,schematic/history_1/simulation/default/PrimeSimHSPICE/nominal/.bg_measurement_script.tcl 0 sa::_resultsDatabase::saeShellProcessingCompletedProc testSuiteName saeSession1 uniqueSessionName {} testbenchName default resultsDir /mnt/coe/workspace/ece/ece546-spr25/group8/group8_project/simulation/group8,precharge_logic_tb,schematic/history_1/simulation/default/PrimeSimHSPICE/nominal/results testSuiteDir /mnt/coe/workspace/ece/ece546-spr25/group8/group8_project/simulation/group8,precharge_logic_tb,schematic/history_1/simulation/default/PrimeSimHSPICE/nominal databaseName /mnt/coe/workspace/ece/ece546-spr25/group8/group8_project/simulation/group8,precharge_logic_tb,schematic/history_1/simulation/default/PrimeSimHSPICE/nominal/resultsDatabase remoteRun {} testbenchId 1 saveImages true invokeFrom SIM_DONE
[14:15:23.43] /m Information: Feature 'SynopsysCustomSAE' checked in. (LICENSE-004)
[14:15:23.45] /m Information: Feature 'SynopsysCustomSAE' checked out. (LICENSE-003)
[14:15:23.57] /w Warning: In file /mnt/coe/workspace/ece/ece546-spr25/group8/group8_project/lib.defs: Unable to open library proj_common at path /mnt/coe/workspace/ece/ece546-common/proj_common : No access permission. (DATA_MANAGEMENT-014)
[14:15:24.04] /m Information: Loading preferences from /mnt/coe/workspace/ece/ece546-spr25/group8/group8_project/simulation/group8,precharge_logic_tb,schematic/history_1/simulation/default/PrimeSimHSPICE/nominal/pw_shell_session_prefs.xml
[14:15:24.52] /m Information: Start incremental database creation...
[14:15:24.56] /m Information: Create Iter role param id map
[14:15:24.71] /o saeInterBGSaeShell:  ::sa::_backgroundSaeShell::scriptFinished 1.3 {} sa::_resultsDatabase::saeShellProcessingCompletedProc testSuiteName saeSession1 uniqueSessionName {} testbenchName default resultsDir /mnt/coe/workspace/ece/ece546-spr25/group8/group8_project/simulation/group8,precharge_logic_tb,schematic/history_1/simulation/default/PrimeSimHSPICE/nominal/results testSuiteDir /mnt/coe/workspace/ece/ece546-spr25/group8/group8_project/simulation/group8,precharge_logic_tb,schematic/history_1/simulation/default/PrimeSimHSPICE/nominal databaseName /mnt/coe/workspace/ece/ece546-spr25/group8/group8_project/simulation/group8,precharge_logic_tb,schematic/history_1/simulation/default/PrimeSimHSPICE/nominal/resultsDatabase remoteRun {} testbenchId 1 saveImages true invokeFrom SIM_DONE
[14:15:24.71] /o false
[14:15:24.71] /o 
[14:16:00.74] /i ::wf::viewerExited
[14:16:03.63] /i ::wf::updateViewerLicense 2
[14:16:08.05] /i ::sa::_backgroundSaeShell::runScript /mnt/coe/workspace/ece/ece546-spr25/group8/group8_project/simulation/group8,precharge_logic_tb,schematic/history_1/simulation/default/PrimeSimHSPICE/nominal/.bg_measurement_script.tcl 0 sa::_resultsDatabase::saeShellProcessingCompletedProc testSuiteName saeSession1 uniqueSessionName {} testbenchName default resultsDir /mnt/coe/workspace/ece/ece546-spr25/group8/group8_project/simulation/group8,precharge_logic_tb,schematic/history_1/simulation/default/PrimeSimHSPICE/nominal/results testSuiteDir /mnt/coe/workspace/ece/ece546-spr25/group8/group8_project/simulation/group8,precharge_logic_tb,schematic/history_1/simulation/default/PrimeSimHSPICE/nominal databaseName /mnt/coe/workspace/ece/ece546-spr25/group8/group8_project/simulation/group8,precharge_logic_tb,schematic/history_1/simulation/default/PrimeSimHSPICE/nominal/resultsDatabase remoteRun {} testbenchId 1 saveImages true invokeFrom PLOT_ACTION
[14:16:08.09] /m Information: Feature 'SynopsysCustomSAE' checked in. (LICENSE-004)
[14:16:08.11] /m Information: Feature 'SynopsysCustomSAE' checked out. (LICENSE-003)
[14:16:08.22] /w Warning: In file /mnt/coe/workspace/ece/ece546-spr25/group8/group8_project/lib.defs: Unable to open library proj_common at path /mnt/coe/workspace/ece/ece546-common/proj_common : No access permission. (DATA_MANAGEMENT-014)
[14:16:08.63] /m Information: Loading preferences from /mnt/coe/workspace/ece/ece546-spr25/group8/group8_project/simulation/group8,precharge_logic_tb,schematic/history_1/simulation/default/PrimeSimHSPICE/nominal/pw_shell_session_prefs.xml
[14:16:09.07] /m Information: Start incremental database creation...
[14:16:09.11] /m Information: Create Iter role param id map
[14:16:09.26] /o saeInterBGSaeShell:  ::sa::_backgroundSaeShell::scriptFinished 1.2 {} sa::_resultsDatabase::saeShellProcessingCompletedProc testSuiteName saeSession1 uniqueSessionName {} testbenchName default resultsDir /mnt/coe/workspace/ece/ece546-spr25/group8/group8_project/simulation/group8,precharge_logic_tb,schematic/history_1/simulation/default/PrimeSimHSPICE/nominal/results testSuiteDir /mnt/coe/workspace/ece/ece546-spr25/group8/group8_project/simulation/group8,precharge_logic_tb,schematic/history_1/simulation/default/PrimeSimHSPICE/nominal databaseName /mnt/coe/workspace/ece/ece546-spr25/group8/group8_project/simulation/group8,precharge_logic_tb,schematic/history_1/simulation/default/PrimeSimHSPICE/nominal/resultsDatabase remoteRun {} testbenchId 1 saveImages true invokeFrom PLOT_ACTION
[14:16:09.26] /o false
[14:16:09.26] /o 
[14:16:53.15] /i ::sa::_backgroundSaeShell::exit
[14:16:53.15] /o saeInterBGSaeShell:  ::sa::_backgroundSaeShell::childFormallyExiting
[14:16:56.34] /o Shutdown time: Tue Mar 25 14:16:56 2025
[14:16:56.34] /o Elapsed session real time: 6.41 minutes
[14:16:56.35] /o Session terminated. Log is at /mnt/coe/workspace/ece/ece546-spr25/group8/group8_project/synopsys_custom/logs/primewave.hrajesh.2025_3_25_141029_521320.log
