[16:11:01.38] /o 
              /c                          PrimeWave Design Environment 
              /c 
              /c                Version W-2024.09-SP1-2 for linux64 - Jan 15, 2025
              /c              Based on Custom Infrastructure
              /c Version W-2024.09-SP1-2
              /c 
              /c                     Copyright (c) 2004 - 2025 Synopsys, Inc.
              /c    This software and the associated documentation are proprietary to Synopsys,
              /c  Inc. This software may only be used in accordance with the terms and conditions
              /c  of a written license agreement with Synopsys, Inc. All other use, reproduction,
              /c    or distribution of this software is strictly prohibited.  Licensed Products
              /c      communicate with Synopsys servers for the purpose of providing software
              /c     updates, detecting software piracy and verifying that customers are using
              /c     Licensed Products in conformity with the applicable License Key for such
              /c   Licensed Products. Synopsys will use information gathered in connection with
              /c     this process to deliver software updates and pursue software pirates and
              /c                                    infringers.
              /c 
              /c  Inclusivity & Diversity - Visit SolvNetPlus to read the "Synopsys Statement on
              /c             Inclusivity and Diversity" (Refer to article 000036315 at
              /c                         https://solvnetplus.synopsys.com)
              /c 
              /c Build  (OPT) Config 11252589 compiled on Wed Jan 15 11:01:36 2025 for AlmaLinux 8.4
              /c Invocation: /mnt/apps/public/COE/synopsys_apps/primewave/W-2024.09-SP1-2/linux64/platform/bin/custom_shell -application primewave -gui 0 -uniqueString 424077b79e1069eeff4bacd052326deef5f70016eafc506166f921a156078c1ab3aabadb2bc6b9b4f65b323265a0d56f -python 0 -command "source /mnt/coe/workspace/ece/ece546-spr25/group8/group8_project/synopsys_custom/sim_server/custom_compiler.nbandeh/stb.group8.2to4decodermux_tb.schematic.session1/sim_server_init.tcl" -log /mnt/coe/workspace/ece/ece546-spr25/group8/group8_project/synopsys_custom/primewave_session0_sim_server_job1 -libDefFile /mnt/coe/workspace/ece/ece546-spr25/group8/group8_project/lib.defs
              /c Execution time: Tue Apr  1 16:10:59 2025
              /c Host: warlock.ece.ncsu.edu
              /c Working directory: /mnt/coe/workspace/ece/ece546-spr25/group8/group8_project
              /c 
[16:11:10.16] /m Information: Registering ICV PERC package...
[16:11:11.19] /m Information: Feature 'SynopsysCustomSAE' checked out. (LICENSE-003)
[16:11:11.48] /o 
[16:11:11.52] /i source /mnt/coe/workspace/ece/ece546-spr25/group8/group8_project/synopsys_custom/sim_server/custom_compiler.nbandeh/stb.group8.2to4decodermux_tb.schematic.session1/sim_server_init.tcl
[16:11:11.78] /o SimServer socket started on warlock.ece.ncsu.edu:44563
[16:11:12.37] /m Information: Launching Waveform Viewer "cd /mnt/coe/workspace/ece/ece546-spr25/group8/group8_project/synopsys_custom/sim_server/custom_compiler.nbandeh/stb.group8.2to4decodermux_tb.schematic.session1/logs &&  /mnt/apps/public/COE/synopsys_apps/primewave/W-2024.09-SP1-2/auxx/../linux64/swv/bin/swv  -bg_gui -k -cdesigner -ptype wv -spxkey /mnt/apps/public/COE/synopsys_apps/primewave/W-2024.09-SP1-2/auxx/waveform/sae.spxkey -spxrc /tmp/tmp_sae_spxrc_X9U2gD -unique_string 424077b79e1069ee8d3c20c963f35c62f5f70016eafc506166f921a156078c1a5436d32e2b3ebddcf097dbd4196c36e9c0ad88cc94a10231 -lic_type 2   -parent_cc_pid 9863  > /mnt/coe/workspace/ece/ece546-spr25/group8/group8_project/synopsys_custom/sim_server/custom_compiler.nbandeh/stb.group8.2to4decodermux_tb.schematic.session1/logs/viewer.log 2>&1"
[16:11:12.41] /o ==== Received Msg ====
              /c len=215 sourceSoc=sock43c21190 msgIndex=1 rawMsg=AppendTask /mnt/coe/workspace/ece/ece546-spr25/group8/group8_project/synopsys_custom/sim_server/custom_compiler.nbandeh/stb.group8.2to4decodermux_tb.schematic.session1/task0/sim_script0.tcl 0 saeSession0 1 overwrite
[16:11:12.41] /o 
[16:11:12.54] /o ==== Received Msg ====
              /c len=26 sourceSoc=sock43c21190 msgIndex=3 rawMsg=evalCmd ::wf::viewerExited
[16:11:12.54] /o 
[16:11:12.56] /o ==== Received Msg ====
              /c len=35 sourceSoc=sock43c21190 msgIndex=4 rawMsg=evalCmd ::wf::updateViewerLicense 2
[16:11:12.56] /o 
[16:11:14.80] /m Information: "Starting incremental netlisting for design "group8/2to4decodermux_tb/schematic"..." (NETLISTING-010)
[16:11:14.92] /o Loading: Callback files...
[16:11:14.94] /o Loading: scripts/callbacks/callbacks.tcl
[16:11:14.94] /o 
              /c [INFO] : Loading display.drf from /mnt/designkits/ncsu/FreePDK3/syncust/NCSU_TechLib_FreePDK3
              /c 
              /c  if you wish to Load other display.drf, please set shell environment valiable "iPDK_load_display_NCSU_TechLib_FreePDK3" to value = 0
[16:11:14.94] /o 
[16:11:14.96] /w Warning: Could not set the value of preference xtDRCTool because it does not exist. (PREFERENCE-016)
[16:11:14.96] /w Warning: Could not set the value of preference xtDRCICVRunsetFile because it does not exist. (PREFERENCE-016)
[16:11:14.96] /w Warning: Could not set the value of preference xtDRCICVIncludePaths because it does not exist. (PREFERENCE-016)
[16:11:14.96] /w Warning: Could not set the value of preference xtDRCLayDBFormat because it does not exist. (PREFERENCE-016)
[16:11:14.96] /w Warning: Could not set the value of preference xtLVSTool because it does not exist. (PREFERENCE-016)
[16:11:14.96] /w Warning: Could not set the value of preference xtLVSICVRunsetFile because it does not exist. (PREFERENCE-016)
[16:11:14.96] /w Warning: Could not set the value of preference xtLVSICVIncludePaths because it does not exist. (PREFERENCE-016)
[16:11:14.96] /w Warning: Could not set the value of preference xtLVSLayDBFormat because it does not exist. (PREFERENCE-016)
[16:11:14.96] /w Warning: Could not set the value of preference xtLPELVSTool because it does not exist. (PREFERENCE-016)
[16:11:14.96] /w Warning: Could not set the value of preference xtLPETool because it does not exist. (PREFERENCE-016)
[16:11:14.96] /w Warning: Could not set the value of preference xtLPEOpenParasiticView because it does not exist. (PREFERENCE-016)
[16:11:14.96] /w Warning: Could not set the value of preference xtStarTcadGrdFile because it does not exist. (PREFERENCE-016)
[16:11:14.96] /w Warning: Could not set the value of preference xtLPEStarOADeviceMappingFile because it does not exist. (PREFERENCE-016)
[16:11:14.96] /w Warning: Could not set the value of preference xtStarOALayerMappingFile because it does not exist. (PREFERENCE-016)
[16:11:14.96] /o 	#######################################
[16:11:14.96] /o 	CC-PDK Library Name	: FreePDK3
[16:11:14.96] /o 	#######################################
[16:11:14.96] /o 
[16:11:15.03] /o Netlisting
[16:11:15.03] /o Creating output directories
[16:11:15.28] /o No Design Integrity rule violations found in "group8/2to4decodermux_tb/schematic"
[16:11:15.28] /o Scanning: group8/2to4decodermux_tb/schematic
[16:11:15.54] /o Scanning: group8/2to4decodermux/schematic
[16:11:15.79] /o Scanning: group8/inv/schematic
[16:11:15.97] /o Computing terminal lists
[16:11:15.97] /o Processing terminals of module group8/inv/schematic
[16:11:16.01] /o Processing terminals of module group8/2to4decodermux/schematic
[16:11:16.02] /o Processing terminals of module group8/2to4decodermux_tb/schematic
[16:11:16.02] /o Starting netlisting
[16:11:16.22] /o Formatting group8/2to4decodermux/schematic
[16:11:16.24] /m Information: "group8 2to4decodermux schematic" renetlisted. (NETLISTING-056)
[16:11:16.57] /m Information: "Netlisting design "group8/2to4decodermux_tb/schematic" finished successfully." (NETLISTING-012)
[16:11:16.67] /# Composing simulator input file for design "group8/2to4decodermux_tb/schematic"...
[16:11:26.14] /# Simulator input file composed successfully for design "group8/2to4decodermux_tb/schematic"
[16:11:26.39] /m Information: Save ouputs to /mnt/coe/workspace/ece/ece546-spr25/group8/group8_project/simulation/group8,2to4decodermux_tb,schematic/history_1/simulation/HSPICE_default/HSPICE/nominal/results/outputs.tcl for AVA evaluation.
[16:11:28.59] /o 
[16:11:30.43] /o                                          Composing Nominal                                         
[16:11:31.01] /o                         Launching jobs for testbench HSPICE_default started                        
[16:11:31.04] /# Starting PrimeSimHSPICE simulation for design: group8/2to4decodermux_tb/schematic
[16:11:31.15] /o                          Creating jobs for testbench HSPICE_default (0 / 1)                         
[16:11:31.26] /o                            Launching 1 jobs for testbench HSPICE_default                           
[16:11:33.26] /o                         Launching jobs for testbench HSPICE_default finished                        
[16:11:35.09] /m Information: 0 of 1 testbench(es) done. (PW_GUI-714)
[16:11:36.08] /m Information: Job distribution master (saeSession0,HSPICE_default.Simulation_Simulation session:session0 testbench:HSPICE_default) : up to 1 job running workers.
[16:12:03.37] /# Simulation completed successfully for design: group8/2to4decodermux_tb/schematic  (PW-651)
[16:12:03.50] /# Netlisting and simulation completed for testbench: HSPICE_default in 49s
[16:12:03.51] /# Evaluating and plotting outputs...
[16:12:10.13] /m Information: Jobs distribution master quit! (PW_GUI-822)
[16:12:11.24] /# Evaluating and plotting completed for testbench: HSPICE_default in 8s
[16:12:11.36] /m Information: 1 of 1 testbench(es) done. (PW_GUI-714)
[16:13:26.27] /o ==== Received Msg ====
              /c len=215 sourceSoc=sock437d7930 msgIndex=2 rawMsg=AppendTask /mnt/coe/workspace/ece/ece546-spr25/group8/group8_project/synopsys_custom/sim_server/custom_compiler.nbandeh/stb.group8.2to4decodermux_tb.schematic.session1/task1/sim_script1.tcl 1 saeSession0 1 overwrite
[16:13:26.27] /o 
[16:13:26.46] /m Information: Feature 'SynopsysCustomSAE' checked in. (LICENSE-004)
[16:13:26.49] /m Information: Feature 'SynopsysCustomSAE' checked out. (LICENSE-003)
[16:13:28.60] /m Information: "Starting incremental netlisting for design "group8/2to4decodermux_tb/schematic"..." (NETLISTING-010)
[16:13:28.72] /o Netlisting
[16:13:28.72] /o Creating output directories
[16:13:28.92] /o No Design Integrity rule violations found in "group8/2to4decodermux_tb/schematic"
[16:13:28.92] /o Scanning: group8/2to4decodermux_tb/schematic
[16:13:29.07] /o Scanning: group8/2to4decodermux/schematic
[16:13:29.20] /o Scanning: group8/inv/schematic
[16:13:29.36] /o Computing terminal lists
[16:13:29.36] /o Processing terminals of module group8/inv/schematic
[16:13:29.39] /o Processing terminals of module group8/2to4decodermux/schematic
[16:13:29.39] /o Processing terminals of module group8/2to4decodermux_tb/schematic
[16:13:29.39] /o Starting netlisting
[16:13:29.68] /o Formatting group8/2to4decodermux_tb/schematic
[16:13:29.69] /m Information: "group8 2to4decodermux_tb schematic" renetlisted. (NETLISTING-056)
[16:13:29.92] /m Information: "Netlisting design "group8/2to4decodermux_tb/schematic" finished successfully." (NETLISTING-012)
[16:13:30.01] /# Composing simulator input file for design "group8/2to4decodermux_tb/schematic"...
[16:13:39.43] /# Simulator input file composed successfully for design "group8/2to4decodermux_tb/schematic"
[16:13:39.65] /m Information: Save ouputs to /mnt/coe/workspace/ece/ece546-spr25/group8/group8_project/simulation/group8,2to4decodermux_tb,schematic/history_1/simulation/HSPICE_default/HSPICE/nominal/results/outputs.tcl for AVA evaluation.
[16:13:41.84] /o 
[16:13:43.59] /o                                          Composing Nominal                                         
[16:13:44.15] /o                         Launching jobs for testbench HSPICE_default started                        
[16:13:44.17] /# Starting PrimeSimHSPICE simulation for design: group8/2to4decodermux_tb/schematic
[16:13:44.27] /o                          Creating jobs for testbench HSPICE_default (0 / 1)                         
[16:13:44.37] /o                            Launching 1 jobs for testbench HSPICE_default                           
[16:13:45.76] /o                         Launching jobs for testbench HSPICE_default finished                        
[16:13:45.89] /o 
[16:13:46.09] /o ==== Received Msg ====
              /c len=26 sourceSoc=sock437d7930 msgIndex=5 rawMsg=evalCmd ::wf::viewerExited
[16:13:46.09] /o 
[16:13:46.44] /o ==== Received Msg ====
              /c len=35 sourceSoc=sock437d7930 msgIndex=6 rawMsg=evalCmd ::wf::updateViewerLicense 2
[16:13:46.44] /o 
[16:13:47.36] /m Information: 1 of 2 testbench(es) done. (PW_GUI-714)
[16:13:48.09] /m Information: Job distribution master (saeSession0,HSPICE_default.Simulation_Simulation session:session1 testbench:HSPICE_default) : up to 1 job running workers.
[16:14:16.17] /# Simulation completed successfully for design: group8/2to4decodermux_tb/schematic  (PW-651)
[16:14:16.30] /# Netlisting and simulation completed for testbench: HSPICE_default in 49s
[16:14:16.32] /# Evaluating and plotting outputs...
[16:14:24.43] /m Information: Jobs distribution master quit! (PW_GUI-822)
[16:14:25.36] /# Evaluating and plotting completed for testbench: HSPICE_default in 9s
[16:14:25.44] /m Information: 2 of 2 testbench(es) done. (PW_GUI-714)
[16:15:58.52] /o ==== Received Msg ====
              /c len=8 sourceSoc=sock437d7930 msgIndex=7 rawMsg=idleExit
[16:15:58.52] /o 
[16:15:58.63] /m Information: Exiting simulation server process. (PW_GUI-984)
[16:15:59.79] /o Shutdown time: Tue Apr  1 16:15:59 2025
[16:15:59.79] /o Elapsed session real time: 4.98 minutes
[16:15:59.79] /o Session terminated. Log is at /mnt/coe/workspace/ece/ece546-spr25/group8/group8_project/synopsys_custom/logs/primewave.nbandeh.2025_4_1_161059_9863.log
[16:15:59.79] /e Error: {}
