[03:24:00.39] /o 
              /c                          PrimeWave Design Environment 
              /c 
              /c                Version W-2024.09-SP1-2 for linux64 - Jan 15, 2025
              /c              Based on Custom Infrastructure
              /c Version W-2024.09-SP1-2
              /c 
              /c                     Copyright (c) 2004 - 2025 Synopsys, Inc.
              /c    This software and the associated documentation are proprietary to Synopsys,
              /c  Inc. This software may only be used in accordance with the terms and conditions
              /c  of a written license agreement with Synopsys, Inc. All other use, reproduction,
              /c    or distribution of this software is strictly prohibited.  Licensed Products
              /c      communicate with Synopsys servers for the purpose of providing software
              /c     updates, detecting software piracy and verifying that customers are using
              /c     Licensed Products in conformity with the applicable License Key for such
              /c   Licensed Products. Synopsys will use information gathered in connection with
              /c     this process to deliver software updates and pursue software pirates and
              /c                                    infringers.
              /c 
              /c  Inclusivity & Diversity - Visit SolvNetPlus to read the "Synopsys Statement on
              /c             Inclusivity and Diversity" (Refer to article 000036315 at
              /c                         https://solvnetplus.synopsys.com)
              /c 
              /c Build  (OPT) Config 11252589 compiled on Wed Jan 15 11:01:36 2025 for AlmaLinux 8.4
              /c Invocation: /mnt/apps/public/COE/synopsys_apps/primewave/W-2024.09-SP1-2/linux64/platform/bin/custom_shell -application primewave -gui 0 -uniqueString 424077b79e1069ee359205e731444edb722e93b915232eb83b3a965d3326affa3061f15115f80c7a43d524816329af4d -python 0 -command "source /mnt/coe/workspace/ece/ece546-spr25/group8/group8_project/synopsys_custom/sim_server/custom_compiler.nbandeh/stb.group8.tb2025_1.schematic.session0/sim_server_init.tcl" -log /mnt/coe/workspace/ece/ece546-spr25/group8/group8_project/synopsys_custom/primewave_session0_sim_server_job1 -libDefFile /mnt/coe/workspace/ece/ece546-spr25/group8/group8_project/lib.defs
              /c Execution time: Mon Apr 14 03:23:54 2025
              /c Host: hydra13.ece.ncsu.edu
              /c Working directory: /mnt/coe/workspace/ece/ece546-spr25/group8/group8_project
              /c 
[03:24:13.12] /m Information: Registering ICV PERC package...
[03:24:14.32] /m Information: Feature 'SynopsysCustomSAE' checked out. (LICENSE-003)
[03:24:14.59] /o 
[03:24:14.61] /i source /mnt/coe/workspace/ece/ece546-spr25/group8/group8_project/synopsys_custom/sim_server/custom_compiler.nbandeh/stb.group8.tb2025_1.schematic.session0/sim_server_init.tcl
[03:24:15.58] /o SimServer socket started on hydra13.ece.ncsu.edu:42673
[03:24:16.42] /m Information: Launching Waveform Viewer "cd /mnt/coe/workspace/ece/ece546-spr25/group8/group8_project/synopsys_custom/sim_server/custom_compiler.nbandeh/stb.group8.tb2025_1.schematic.session0/logs &&  /mnt/apps/public/COE/synopsys_apps/primewave/W-2024.09-SP1-2/auxx/../linux64/swv/bin/swv  -bg_gui -k -cdesigner -ptype wv -spxkey /mnt/apps/public/COE/synopsys_apps/primewave/W-2024.09-SP1-2/auxx/waveform/sae.spxkey -spxrc /tmp/tmp_sae_spxrc_k15Sjy -unique_string 424077b79e1069ee6a172dca91139fb7722e93b915232eb83b3a965d3326affa43ab9aba1263e4a55b3ca233570a2b4195b8e05d70e1b887 -lic_type 2   -parent_cc_pid 3600754  > /mnt/coe/workspace/ece/ece546-spr25/group8/group8_project/synopsys_custom/sim_server/custom_compiler.nbandeh/stb.group8.tb2025_1.schematic.session0/logs/viewer.log 2>&1"
[03:24:16.47] /o ==== Received Msg ====
              /c len=206 sourceSoc=sock47119d50 msgIndex=5 rawMsg=AppendTask /mnt/coe/workspace/ece/ece546-spr25/group8/group8_project/synopsys_custom/sim_server/custom_compiler.nbandeh/stb.group8.tb2025_1.schematic.session0/task0/sim_script0.tcl 0 saeSession0 1 overwrite
[03:24:16.47] /o 
[03:24:19.91] /m Information: "Starting incremental netlisting for design "group8/tb2025_1/schematic"..." (NETLISTING-010)
[03:24:20.09] /o Loading: Callback files...
[03:24:20.11] /o Loading: scripts/callbacks/callbacks.tcl
[03:24:20.11] /o 
              /c [INFO] : Loading display.drf from /mnt/designkits/ncsu/FreePDK3/syncust/NCSU_TechLib_FreePDK3
              /c 
              /c  if you wish to Load other display.drf, please set shell environment valiable "iPDK_load_display_NCSU_TechLib_FreePDK3" to value = 0
[03:24:20.11] /o 
[03:24:20.16] /w Warning: Could not set the value of preference xtDRCTool because it does not exist. (PREFERENCE-016)
[03:24:20.16] /w Warning: Could not set the value of preference xtDRCICVRunsetFile because it does not exist. (PREFERENCE-016)
[03:24:20.16] /w Warning: Could not set the value of preference xtDRCICVIncludePaths because it does not exist. (PREFERENCE-016)
[03:24:20.16] /w Warning: Could not set the value of preference xtDRCLayDBFormat because it does not exist. (PREFERENCE-016)
[03:24:20.16] /w Warning: Could not set the value of preference xtLVSTool because it does not exist. (PREFERENCE-016)
[03:24:20.16] /w Warning: Could not set the value of preference xtLVSICVRunsetFile because it does not exist. (PREFERENCE-016)
[03:24:20.16] /w Warning: Could not set the value of preference xtLVSICVIncludePaths because it does not exist. (PREFERENCE-016)
[03:24:20.16] /w Warning: Could not set the value of preference xtLVSLayDBFormat because it does not exist. (PREFERENCE-016)
[03:24:20.16] /w Warning: Could not set the value of preference xtLPELVSTool because it does not exist. (PREFERENCE-016)
[03:24:20.16] /w Warning: Could not set the value of preference xtLPETool because it does not exist. (PREFERENCE-016)
[03:24:20.16] /w Warning: Could not set the value of preference xtLPEOpenParasiticView because it does not exist. (PREFERENCE-016)
[03:24:20.16] /w Warning: Could not set the value of preference xtStarTcadGrdFile because it does not exist. (PREFERENCE-016)
[03:24:20.16] /w Warning: Could not set the value of preference xtLPEStarOADeviceMappingFile because it does not exist. (PREFERENCE-016)
[03:24:20.16] /w Warning: Could not set the value of preference xtStarOALayerMappingFile because it does not exist. (PREFERENCE-016)
[03:24:20.17] /o 	#######################################
[03:24:20.17] /o 	CC-PDK Library Name	: FreePDK3
[03:24:20.17] /o 	#######################################
[03:24:20.17] /o 
[03:24:20.24] /o Netlisting
[03:24:20.24] /o Creating output directories
[03:24:20.89] /o No Design Integrity rule violations found in "group8/tb2025_1/schematic"
[03:24:20.89] /o Scanning: group8/tb2025_1/schematic
[03:24:21.19] /o Scanning: proj_common/inputbuf/schematic
[03:24:22.07] /m Information: 
[03:24:22.07] /o Checking "group8/memory_array_static_column_decoder/schematic"
[03:24:22.07] /o No rule violations found in "group8/memory_array_static_column_decoder/schematic"
[03:24:22.07] /o Scanning: group8/memory_array_static_column_decoder/schematic
[03:24:22.13] /o Scanning: group8/precharge_logic/schematic
[03:24:22.21] /o Scanning: group8/sram_6t/schematic
[03:24:22.29] /o Scanning: group8/static_row_decoder_3by8/schematic
[03:24:22.35] /o Scanning: group8/nand/schematic
[03:24:22.41] /o Scanning: group8/inv/schematic
[03:24:22.49] /o Scanning: group8/buffer_highdrive/schematic
[03:24:22.55] /o Scanning: group8/invx4/schematic
[03:24:22.61] /o Scanning: group8/nor/schematic
[03:24:22.69] /o Scanning: group8/columnDecoderstatic/schematic
[03:24:22.77] /m Information: 
[03:24:22.77] /o Checking "group8/2to4_decoder_static/schematic"
[03:24:22.77] /o No rule violations found in "group8/2to4_decoder_static/schematic"
[03:24:22.77] /o Scanning: group8/2to4_decoder_static/schematic
[03:24:22.86] /o Scanning: group8/Write_Driver/schematic
[03:24:22.92] /m Information: 
[03:24:22.92] /o Checking "group8/buffer/schematic"
[03:24:22.92] /o No rule violations found in "group8/buffer/schematic"
[03:24:22.92] /o Scanning: group8/buffer/schematic
[03:24:22.98] /m Information: 
[03:24:22.98] /o Checking "group8/read_circuit/schematic"
[03:24:22.98] /o No rule violations found in "group8/read_circuit/schematic"
[03:24:22.98] /o Scanning: group8/read_circuit/schematic
[03:24:23.04] /o Scanning: group8/tspc_pos_ff/schematic
[03:24:23.13] /m Information: 
[03:24:23.13] /o Checking "group8/agen_unit/schematic"
[03:24:23.13] /o No rule violations found in "group8/agen_unit/schematic"
[03:24:23.13] /o Scanning: group8/agen_unit/schematic
[03:24:23.19] /m Information: 
[03:24:23.19] /o Checking "group8/Demux/schematic"
[03:24:23.19] /o No rule violations found in "group8/Demux/schematic"
[03:24:23.19] /o Scanning: group8/Demux/schematic
[03:24:23.25] /o Scanning: group8/WLRef_PC/schematic
[03:24:23.25] /o Computing terminal lists
[03:24:23.25] /o Processing terminals of module proj_common/inputbuf/schematic
[03:24:23.32] /o Processing terminals of module group8/precharge_logic/schematic
[03:24:23.32] /o Processing terminals of module group8/sram_6t/schematic
[03:24:23.32] /o Processing terminals of module group8/nand/schematic
[03:24:23.32] /o Processing terminals of module group8/inv/schematic
[03:24:23.33] /o Processing terminals of module group8/invx4/schematic
[03:24:23.33] /o Processing terminals of module group8/buffer_highdrive/schematic
[03:24:23.33] /o Processing terminals of module group8/nor/schematic
[03:24:23.33] /o Processing terminals of module group8/static_row_decoder_3by8/schematic
[03:24:23.33] /o Processing terminals of module group8/2to4_decoder_static/schematic
[03:24:23.33] /o Processing terminals of module group8/columnDecoderstatic/schematic
[03:24:23.33] /o Processing terminals of module group8/buffer/schematic
[03:24:23.33] /o Processing terminals of module group8/Write_Driver/schematic
[03:24:23.33] /o Processing terminals of module group8/read_circuit/schematic
[03:24:23.33] /o Processing terminals of module group8/tspc_pos_ff/schematic
[03:24:23.33] /o Processing terminals of module group8/Demux/schematic
[03:24:23.34] /o Processing terminals of module group8/agen_unit/schematic
[03:24:23.34] /o Processing terminals of module group8/WLRef_PC/schematic
[03:24:23.34] /o Processing terminals of module group8/memory_array_static_column_decoder/schematic
[03:24:23.34] /o Processing terminals of module group8/tb2025_1/schematic
[03:24:23.35] /o Starting netlisting
[03:24:24.28] /o Formatting group8/WLRef_PC/schematic
[03:24:24.30] /m Information: "group8 WLRef_PC schematic" renetlisted. (NETLISTING-056)
[03:24:25.37] /m Information: "Netlisting design "group8/tb2025_1/schematic" finished successfully." (NETLISTING-012)
[03:24:25.52] /# Composing simulator input file for design "group8/tb2025_1/schematic"...
[03:24:28.76] /# Simulator input file composed successfully for design "group8/tb2025_1/schematic"
[03:24:29.01] /m Information: Save ouputs to /mnt/coe/workspace/ece/ece546-spr25/group8/group8_project/simulation/group8,tb2025_1,schematic/history_1/simulation/HSPICE_default/HSPICE/nominal/results/outputs.tcl for AVA evaluation.
[03:24:31.42] /o 
[03:24:33.49] /o                                          Composing Nominal                                         
[03:24:34.11] /o                         Launching jobs for testbench HSPICE_default started                        
[03:24:34.13] /# Starting PrimeSimHSPICE simulation for design: group8/tb2025_1/schematic
[03:24:34.25] /o                          Creating jobs for testbench HSPICE_default (0 / 1)                         
[03:24:34.36] /o                            Launching 1 jobs for testbench HSPICE_default                           
[03:24:35.14] /o                         Launching jobs for testbench HSPICE_default finished                        
[03:24:36.65] /m Information: 0 of 1 testbench(es) done. (PW_GUI-714)
[03:24:38.29] /m Information: Job distribution master (saeSession0,HSPICE_default.Simulation_Simulation session:session0 testbench:HSPICE_default) : up to 1 job running workers.
[03:26:47.28] /# Simulation completed successfully for design: group8/tb2025_1/schematic  (PW-651)
[03:26:47.60] /# Netlisting and simulation completed for testbench: HSPICE_default in 149s
[03:26:47.62] /# Evaluating and plotting outputs...
[03:26:56.09] /m Information: Jobs distribution master quit! (PW_GUI-822)
[03:26:56.45] /# Evaluating and plotting completed for testbench: HSPICE_default in 9s
[03:26:56.57] /m Information: 1 of 1 testbench(es) done. (PW_GUI-714)
[03:27:28.68] /o ==== Received Msg ====
              /c len=26 sourceSoc=sock47119d50 msgIndex=10 rawMsg=evalCmd ::wf::viewerExited
[03:27:28.69] /o 
[03:27:34.32] /o ==== Received Msg ====
              /c len=35 sourceSoc=sock47119d50 msgIndex=11 rawMsg=evalCmd ::wf::updateViewerLicense 2
[03:27:34.32] /o 
[03:27:39.74] /o ==== Received Msg ====
              /c len=206 sourceSoc=sock4cb26f00 msgIndex=6 rawMsg=AppendTask /mnt/coe/workspace/ece/ece546-spr25/group8/group8_project/synopsys_custom/sim_server/custom_compiler.nbandeh/stb.group8.tb2025_1.schematic.session0/task1/sim_script1.tcl 1 saeSession0 1 overwrite
[03:27:39.74] /o 
[03:27:39.97] /m Information: Feature 'SynopsysCustomSAE' checked in. (LICENSE-004)
[03:27:40.00] /m Information: Feature 'SynopsysCustomSAE' checked out. (LICENSE-003)
[03:27:43.31] /m Information: "Starting incremental netlisting for design "group8/tb2025_1/schematic"..." (NETLISTING-010)
[03:27:43.43] /o Netlisting
[03:27:43.43] /o Creating output directories
[03:27:43.74] /o No Design Integrity rule violations found in "group8/tb2025_1/schematic"
[03:27:43.74] /o Scanning: group8/tb2025_1/schematic
[03:27:43.98] /o Scanning: proj_common/inputbuf/schematic
[03:27:44.59] /m Information: 
[03:27:44.59] /o Checking "group8/memory_array_static_column_decoder/schematic"
[03:27:44.60] /o No rule violations found in "group8/memory_array_static_column_decoder/schematic"
[03:27:44.60] /o Scanning: group8/memory_array_static_column_decoder/schematic
[03:27:44.65] /o Scanning: group8/precharge_logic/schematic
[03:27:44.74] /o Scanning: group8/sram_6t/schematic
[03:27:44.83] /o Scanning: group8/static_row_decoder_3by8/schematic
[03:27:44.90] /o Scanning: group8/nand/schematic
[03:27:44.97] /o Scanning: group8/inv/schematic
[03:27:45.06] /o Scanning: group8/buffer_highdrive/schematic
[03:27:45.11] /o Scanning: group8/invx4/schematic
[03:27:45.18] /o Scanning: group8/nor/schematic
[03:27:45.27] /o Scanning: group8/columnDecoderstatic/schematic
[03:27:45.34] /m Information: 
[03:27:45.34] /o Checking "group8/2to4_decoder_static/schematic"
[03:27:45.34] /o No rule violations found in "group8/2to4_decoder_static/schematic"
[03:27:45.34] /o Scanning: group8/2to4_decoder_static/schematic
[03:27:45.42] /o Scanning: group8/Write_Driver/schematic
[03:27:45.49] /m Information: 
[03:27:45.49] /o Checking "group8/buffer/schematic"
[03:27:45.49] /o No rule violations found in "group8/buffer/schematic"
[03:27:45.49] /o Scanning: group8/buffer/schematic
[03:27:45.55] /m Information: 
[03:27:45.55] /o Checking "group8/read_circuit/schematic"
[03:27:45.55] /o No rule violations found in "group8/read_circuit/schematic"
[03:27:45.55] /o Scanning: group8/read_circuit/schematic
[03:27:45.60] /o Scanning: group8/tspc_pos_ff/schematic
[03:27:45.70] /m Information: 
[03:27:45.70] /o Checking "group8/agen_unit/schematic"
[03:27:45.70] /o No rule violations found in "group8/agen_unit/schematic"
[03:27:45.70] /o Scanning: group8/agen_unit/schematic
[03:27:45.76] /m Information: 
[03:27:45.76] /o Checking "group8/Demux/schematic"
[03:27:45.76] /o No rule violations found in "group8/Demux/schematic"
[03:27:45.76] /o Scanning: group8/Demux/schematic
[03:27:45.82] /o Scanning: group8/WLRef_PC/schematic
[03:27:45.82] /o Computing terminal lists
[03:27:45.82] /o Processing terminals of module proj_common/inputbuf/schematic
[03:27:45.87] /o Processing terminals of module group8/precharge_logic/schematic
[03:27:45.87] /o Processing terminals of module group8/sram_6t/schematic
[03:27:45.88] /o Processing terminals of module group8/nand/schematic
[03:27:45.88] /o Processing terminals of module group8/inv/schematic
[03:27:45.88] /o Processing terminals of module group8/invx4/schematic
[03:27:45.88] /o Processing terminals of module group8/buffer_highdrive/schematic
[03:27:45.88] /o Processing terminals of module group8/nor/schematic
[03:27:45.88] /o Processing terminals of module group8/static_row_decoder_3by8/schematic
[03:27:45.89] /o Processing terminals of module group8/2to4_decoder_static/schematic
[03:27:45.89] /o Processing terminals of module group8/columnDecoderstatic/schematic
[03:27:45.89] /o Processing terminals of module group8/buffer/schematic
[03:27:45.89] /o Processing terminals of module group8/Write_Driver/schematic
[03:27:45.89] /o Processing terminals of module group8/read_circuit/schematic
[03:27:45.89] /o Processing terminals of module group8/tspc_pos_ff/schematic
[03:27:45.89] /o Processing terminals of module group8/Demux/schematic
[03:27:45.89] /o Processing terminals of module group8/agen_unit/schematic
[03:27:45.89] /o Processing terminals of module group8/WLRef_PC/schematic
[03:27:45.89] /o Processing terminals of module group8/memory_array_static_column_decoder/schematic
[03:27:45.90] /o Processing terminals of module group8/tb2025_1/schematic
[03:27:45.90] /o Starting netlisting
[03:27:46.80] /o Formatting group8/WLRef_PC/schematic
[03:27:46.82] /m Information: "group8 WLRef_PC schematic" renetlisted. (NETLISTING-056)
[03:27:47.89] /m Information: "Netlisting design "group8/tb2025_1/schematic" finished successfully." (NETLISTING-012)
[03:27:48.03] /# Composing simulator input file for design "group8/tb2025_1/schematic"...
[03:27:51.21] /# Simulator input file composed successfully for design "group8/tb2025_1/schematic"
[03:27:51.45] /m Information: Save ouputs to /mnt/coe/workspace/ece/ece546-spr25/group8/group8_project/simulation/group8,tb2025_1,schematic/history_1/simulation/HSPICE_default/HSPICE/nominal/results/outputs.tcl for AVA evaluation.
[03:27:53.84] /o 
[03:27:55.87] /o                                          Composing Nominal                                         
[03:27:56.47] /o                         Launching jobs for testbench HSPICE_default started                        
[03:27:56.49] /# Starting PrimeSimHSPICE simulation for design: group8/tb2025_1/schematic
[03:27:56.61] /o                          Creating jobs for testbench HSPICE_default (0 / 1)                         
[03:27:56.72] /o                            Launching 1 jobs for testbench HSPICE_default                           
[03:27:57.34] /o                         Launching jobs for testbench HSPICE_default finished                        
[03:27:57.36] /o 
[03:27:57.65] /m Information: 1 of 2 testbench(es) done. (PW_GUI-714)
[03:28:03.21] /m Information: Job distribution master (saeSession0,HSPICE_default.Simulation_Simulation session:session1 testbench:HSPICE_default) : up to 1 job running workers.
[03:28:50.09] /o ==== Received Msg ====
              /c len=8 sourceSoc=sock4cb26f00 msgIndex=12 rawMsg=idleExit
[03:28:50.09] /o 
[03:30:10.97] /# Simulation completed successfully for design: group8/tb2025_1/schematic  (PW-651)
[03:30:11.30] /# Netlisting and simulation completed for testbench: HSPICE_default in 149s
[03:30:11.31] /# Evaluating and plotting outputs...
[03:30:20.25] /m Information: Jobs distribution master quit! (PW_GUI-822)
[03:30:20.92] /# Evaluating and plotting completed for testbench: HSPICE_default in 9s
[03:30:21.02] /m Information: 2 of 2 testbench(es) done. (PW_GUI-714)
[03:30:21.04] /m Information: Exiting simulation server process. (PW_GUI-984)
[03:30:24.80] /o Shutdown time: Mon Apr 14 03:30:24 2025
[03:30:24.80] /o Elapsed session real time: 6.46 minutes
[03:30:24.80] /o Session terminated. Log is at /mnt/coe/workspace/ece/ece546-spr25/group8/group8_project/synopsys_custom/logs/primewave.nbandeh.2025_4_14_032354_3600754.log
[03:30:24.82] /e Error: {}
