[23:39:27.97] /o 
              /c                          PrimeWave Design Environment 
              /c 
              /c                Version W-2024.09-SP1-2 for linux64 - Jan 15, 2025
              /c              Based on Custom Infrastructure
              /c Version W-2024.09-SP1-2
              /c 
              /c                     Copyright (c) 2004 - 2025 Synopsys, Inc.
              /c    This software and the associated documentation are proprietary to Synopsys,
              /c  Inc. This software may only be used in accordance with the terms and conditions
              /c  of a written license agreement with Synopsys, Inc. All other use, reproduction,
              /c    or distribution of this software is strictly prohibited.  Licensed Products
              /c      communicate with Synopsys servers for the purpose of providing software
              /c     updates, detecting software piracy and verifying that customers are using
              /c     Licensed Products in conformity with the applicable License Key for such
              /c   Licensed Products. Synopsys will use information gathered in connection with
              /c     this process to deliver software updates and pursue software pirates and
              /c                                    infringers.
              /c 
              /c  Inclusivity & Diversity - Visit SolvNetPlus to read the "Synopsys Statement on
              /c             Inclusivity and Diversity" (Refer to article 000036315 at
              /c                         https://solvnetplus.synopsys.com)
              /c 
              /c Build  (OPT) Config 11252589 compiled on Wed Jan 15 11:01:36 2025 for AlmaLinux 8.4
              /c Invocation: /mnt/apps/public/COE/synopsys_apps/primewave/W-2024.09-SP1-2/linux64/platform/bin/custom_shell -application primewave -gui 0 -uniqueString 424077b79e1069ee151279727293c4f34d49f0484e1ba41a3b3a965d3326affa7d35c6e723be5b59b4b6fb7202e26afe -python 0 -command "source /mnt/coe/workspace/ece/ece546-spr25/group8/group8_project/synopsys_custom/sim_server/custom_compiler.nbandeh/stb.group8.2to4_decoder_tb.schematic.session0/sim_server_init.tcl" -log /mnt/coe/workspace/ece/ece546-spr25/group8/group8_project/synopsys_custom/primewave_session0_sim_server_job1 -libDefFile /mnt/coe/workspace/ece/ece546-spr25/group8/group8_project/lib.defs
              /c Execution time: Tue Apr  1 23:39:22 2025
              /c Host: hydra12.ece.ncsu.edu
              /c Working directory: /mnt/coe/workspace/ece/ece546-spr25/group8/group8_project
              /c 
[23:39:36.59] /m Information: Registering ICV PERC package...
[23:39:37.38] /m Information: Feature 'SynopsysCustomSAE' checked out. (LICENSE-003)
[23:39:37.65] /o 
[23:39:37.68] /i source /mnt/coe/workspace/ece/ece546-spr25/group8/group8_project/synopsys_custom/sim_server/custom_compiler.nbandeh/stb.group8.2to4_decoder_tb.schematic.session0/sim_server_init.tcl
[23:39:38.59] /o SimServer socket started on hydra12.ece.ncsu.edu:41959
[23:39:39.45] /m Information: Launching Waveform Viewer "cd /mnt/coe/workspace/ece/ece546-spr25/group8/group8_project/synopsys_custom/sim_server/custom_compiler.nbandeh/stb.group8.2to4_decoder_tb.schematic.session0/logs &&  /mnt/apps/public/COE/synopsys_apps/primewave/W-2024.09-SP1-2/auxx/../linux64/swv/bin/swv  -bg_gui -k -cdesigner -ptype wv -spxkey /mnt/apps/public/COE/synopsys_apps/primewave/W-2024.09-SP1-2/auxx/waveform/sae.spxkey -spxrc /tmp/tmp_sae_spxrc_oEcfjo -unique_string 424077b79e1069ee1fb3914a1d0a6aab4d49f0484e1ba41a3b3a965d3326affa43ab9aba1263e4a5ab3cea23a217bb67029d0627bd624052 -lic_type 2   -parent_cc_pid 2154483  > /mnt/coe/workspace/ece/ece546-spr25/group8/group8_project/synopsys_custom/sim_server/custom_compiler.nbandeh/stb.group8.2to4_decoder_tb.schematic.session0/logs/viewer.log 2>&1"
[23:39:39.50] /o ==== Received Msg ====
              /c len=213 sourceSoc=sock47d1ce90 msgIndex=9 rawMsg=AppendTask /mnt/coe/workspace/ece/ece546-spr25/group8/group8_project/synopsys_custom/sim_server/custom_compiler.nbandeh/stb.group8.2to4_decoder_tb.schematic.session0/task0/sim_script0.tcl 0 saeSession0 1 overwrite
[23:39:39.50] /o 
[23:39:42.70] /m Information: "Starting incremental netlisting for design "group8/2to4_decoder_tb/schematic"..." (NETLISTING-010)
[23:39:42.81] /o Loading: Callback files...
[23:39:42.84] /o Loading: scripts/callbacks/callbacks.tcl
[23:39:42.84] /o 
              /c [INFO] : Loading display.drf from /mnt/designkits/ncsu/FreePDK3/syncust/NCSU_TechLib_FreePDK3
              /c 
              /c  if you wish to Load other display.drf, please set shell environment valiable "iPDK_load_display_NCSU_TechLib_FreePDK3" to value = 0
[23:39:42.84] /o 
[23:39:42.90] /w Warning: Could not set the value of preference xtDRCTool because it does not exist. (PREFERENCE-016)
[23:39:42.90] /w Warning: Could not set the value of preference xtDRCICVRunsetFile because it does not exist. (PREFERENCE-016)
[23:39:42.90] /w Warning: Could not set the value of preference xtDRCICVIncludePaths because it does not exist. (PREFERENCE-016)
[23:39:42.90] /w Warning: Could not set the value of preference xtDRCLayDBFormat because it does not exist. (PREFERENCE-016)
[23:39:42.90] /w Warning: Could not set the value of preference xtLVSTool because it does not exist. (PREFERENCE-016)
[23:39:42.90] /w Warning: Could not set the value of preference xtLVSICVRunsetFile because it does not exist. (PREFERENCE-016)
[23:39:42.90] /w Warning: Could not set the value of preference xtLVSICVIncludePaths because it does not exist. (PREFERENCE-016)
[23:39:42.90] /w Warning: Could not set the value of preference xtLVSLayDBFormat because it does not exist. (PREFERENCE-016)
[23:39:42.90] /w Warning: Could not set the value of preference xtLPELVSTool because it does not exist. (PREFERENCE-016)
[23:39:42.90] /w Warning: Could not set the value of preference xtLPETool because it does not exist. (PREFERENCE-016)
[23:39:42.90] /w Warning: Could not set the value of preference xtLPEOpenParasiticView because it does not exist. (PREFERENCE-016)
[23:39:42.90] /w Warning: Could not set the value of preference xtStarTcadGrdFile because it does not exist. (PREFERENCE-016)
[23:39:42.90] /w Warning: Could not set the value of preference xtLPEStarOADeviceMappingFile because it does not exist. (PREFERENCE-016)
[23:39:42.90] /w Warning: Could not set the value of preference xtStarOALayerMappingFile because it does not exist. (PREFERENCE-016)
[23:39:42.90] /o 	#######################################
[23:39:42.90] /o 	CC-PDK Library Name	: FreePDK3
[23:39:42.90] /o 	#######################################
[23:39:42.90] /o 
[23:39:43.01] /o Netlisting
[23:39:43.01] /o Creating output directories
[23:39:43.31] /o No Design Integrity rule violations found in "group8/2to4_decoder_tb/schematic"
[23:39:43.31] /o Scanning: group8/2to4_decoder_tb/schematic
[23:39:43.61] /o Scanning: group8/2to4_decoder/schematic
[23:39:43.80] /o Scanning: group8/inv/schematic
[23:39:43.89] /o Scanning: group8/Demux/schematic
[23:39:43.95] /o Scanning: group8/nand/schematic
[23:39:44.00] /o Computing terminal lists
[23:39:44.00] /o Processing terminals of module group8/inv/schematic
[23:39:44.02] /o Processing terminals of module group8/2to4_decoder/schematic
[23:39:44.02] /o Processing terminals of module group8/nand/schematic
[23:39:44.02] /o Processing terminals of module group8/Demux/schematic
[23:39:44.02] /o Processing terminals of module group8/2to4_decoder_tb/schematic
[23:39:44.03] /o Starting netlisting
[23:39:44.69] /m Information: "Netlisting design "group8/2to4_decoder_tb/schematic" finished successfully." (NETLISTING-012)
[23:39:44.80] /# Composing simulator input file for design "group8/2to4_decoder_tb/schematic"...
[23:39:50.76] /# Simulator input file composed successfully for design "group8/2to4_decoder_tb/schematic"
[23:39:51.04] /m Information: Save ouputs to /mnt/coe/workspace/ece/ece546-spr25/group8/group8_project/simulation/group8,2to4_decoder_tb,schematic/history_1/simulation/default/PrimeSimHSPICE/nominal/results/outputs.tcl for AVA evaluation.
[23:39:53.40] /o 
[23:39:55.37] /o                                          Composing Nominal                                         
[23:39:55.98] /o                             Launching jobs for testbench default started                            
[23:39:56.01] /# Starting PrimeSimHSPICE simulation for design: group8/2to4_decoder_tb/schematic
[23:39:56.14] /o                             Creating jobs for testbench default (0 / 1)                            
[23:39:56.26] /o                                Launching 1 jobs for testbench default                               
[23:39:56.92] /o                            Launching jobs for testbench default finished                           
[23:39:58.51] /m Information: 0 of 1 testbench(es) done. (PW_GUI-714)
[23:40:02.03] /m Information: Job distribution master (saeSession0,default.Simulation_Simulation session:session0 testbench:default) : up to 1 job running workers.
[23:40:35.94] /# Simulation completed successfully for design: group8/2to4_decoder_tb/schematic  (PW-651)
[23:40:36.10] /# Netlisting and simulation completed for testbench: default in 55s
[23:40:36.13] /# Evaluating and plotting outputs...
[23:40:43.95] /m Information: Jobs distribution master quit! (PW_GUI-822)
[23:40:44.91] /# Evaluating and plotting completed for testbench: default in 8s
[23:40:45.01] /m Information: 1 of 1 testbench(es) done. (PW_GUI-714)
[23:42:34.68] /o ==== Received Msg ====
              /c len=26 sourceSoc=sock47d1ce90 msgIndex=14 rawMsg=evalCmd ::wf::viewerExited
[23:42:34.68] /o 
[23:42:49.16] /o ==== Received Msg ====
              /c len=35 sourceSoc=sock47d1ce90 msgIndex=15 rawMsg=evalCmd ::wf::updateViewerLicense 2
[23:42:49.16] /o 
[23:44:07.33] /o ==== Received Msg ====
              /c len=213 sourceSoc=sock494821b0 msgIndex=10 rawMsg=AppendTask /mnt/coe/workspace/ece/ece546-spr25/group8/group8_project/synopsys_custom/sim_server/custom_compiler.nbandeh/stb.group8.2to4_decoder_tb.schematic.session0/task1/sim_script1.tcl 1 saeSession0 1 overwrite
[23:44:07.33] /o 
[23:44:07.53] /m Information: Feature 'SynopsysCustomSAE' checked in. (LICENSE-004)
[23:44:07.56] /m Information: Feature 'SynopsysCustomSAE' checked out. (LICENSE-003)
[23:44:10.67] /m Information: "Starting incremental netlisting for design "group8/2to4_decoder_tb/schematic"..." (NETLISTING-010)
[23:44:10.79] /o Netlisting
[23:44:10.79] /o Creating output directories
[23:44:11.02] /o No Design Integrity rule violations found in "group8/2to4_decoder_tb/schematic"
[23:44:11.02] /o Scanning: group8/2to4_decoder_tb/schematic
[23:44:11.13] /o Scanning: group8/2to4_decoder/schematic
[23:44:11.31] /o Scanning: group8/inv/schematic
[23:44:11.40] /o Scanning: group8/Demux/schematic
[23:44:11.45] /o Scanning: group8/nand/schematic
[23:44:11.51] /o Computing terminal lists
[23:44:11.51] /o Processing terminals of module group8/inv/schematic
[23:44:11.52] /o Processing terminals of module group8/2to4_decoder/schematic
[23:44:11.53] /o Processing terminals of module group8/nand/schematic
[23:44:11.53] /o Processing terminals of module group8/Demux/schematic
[23:44:11.53] /o Processing terminals of module group8/2to4_decoder_tb/schematic
[23:44:11.53] /o Starting netlisting
[23:44:12.18] /m Information: "Netlisting design "group8/2to4_decoder_tb/schematic" finished successfully." (NETLISTING-012)
[23:44:12.28] /# Composing simulator input file for design "group8/2to4_decoder_tb/schematic"...
[23:44:17.91] /# Simulator input file composed successfully for design "group8/2to4_decoder_tb/schematic"
[23:44:18.22] /m Information: Save ouputs to /mnt/coe/workspace/ece/ece546-spr25/group8/group8_project/simulation/group8,2to4_decoder_tb,schematic/history_1/simulation/default/PrimeSimHSPICE/nominal/results/outputs.tcl for AVA evaluation.
[23:44:20.67] /o 
[23:44:22.56] /o                                          Composing Nominal                                         
[23:44:23.16] /o                             Launching jobs for testbench default started                            
[23:44:23.18] /# Starting PrimeSimHSPICE simulation for design: group8/2to4_decoder_tb/schematic
[23:44:23.30] /o                             Creating jobs for testbench default (0 / 1)                            
[23:44:23.42] /o                                Launching 1 jobs for testbench default                               
[23:44:24.03] /o                            Launching jobs for testbench default finished                           
[23:44:24.04] /o 
[23:44:24.05] /o ==== Received Msg ====
              /c len=8 sourceSoc=sock494821b0 msgIndex=16 rawMsg=idleExit
[23:44:24.05] /o 
[23:44:24.34] /m Information: 1 of 2 testbench(es) done. (PW_GUI-714)
[23:44:27.14] /m Information: Job distribution master (saeSession0,default.Simulation_Simulation session:session1 testbench:default) : up to 1 job running workers.
[23:45:02.24] /# Simulation completed successfully for design: group8/2to4_decoder_tb/schematic  (PW-651)
[23:45:02.40] /# Netlisting and simulation completed for testbench: default in 53s
[23:45:02.42] /# Evaluating and plotting outputs...
[23:45:09.26] /m Information: Jobs distribution master quit! (PW_GUI-822)
[23:45:10.13] /# Evaluating and plotting completed for testbench: default in 8s
[23:45:10.33] /m Information: 2 of 2 testbench(es) done. (PW_GUI-714)
[23:45:10.34] /m Information: Exiting simulation server process. (PW_GUI-984)
[23:45:14.01] /o Shutdown time: Tue Apr  1 23:45:14 2025
[23:45:14.01] /o Elapsed session real time: 5.83 minutes
[23:45:14.01] /o Session terminated. Log is at /mnt/coe/workspace/ece/ece546-spr25/group8/group8_project/synopsys_custom/logs/primewave.nbandeh.2025_4_1_233922_2154483.log
