[19:43:18.10] /o 
              /c                          PrimeWave Design Environment 
              /c 
              /c                Version W-2024.09-SP1-2 for linux64 - Jan 15, 2025
              /c              Based on Custom Infrastructure
              /c Version W-2024.09-SP1-2
              /c 
              /c                     Copyright (c) 2004 - 2025 Synopsys, Inc.
              /c    This software and the associated documentation are proprietary to Synopsys,
              /c  Inc. This software may only be used in accordance with the terms and conditions
              /c  of a written license agreement with Synopsys, Inc. All other use, reproduction,
              /c    or distribution of this software is strictly prohibited.  Licensed Products
              /c      communicate with Synopsys servers for the purpose of providing software
              /c     updates, detecting software piracy and verifying that customers are using
              /c     Licensed Products in conformity with the applicable License Key for such
              /c   Licensed Products. Synopsys will use information gathered in connection with
              /c     this process to deliver software updates and pursue software pirates and
              /c                                    infringers.
              /c 
              /c  Inclusivity & Diversity - Visit SolvNetPlus to read the "Synopsys Statement on
              /c             Inclusivity and Diversity" (Refer to article 000036315 at
              /c                         https://solvnetplus.synopsys.com)
              /c 
              /c Build  (OPT) Config 11252589 compiled on Wed Jan 15 11:01:36 2025 for AlmaLinux 8.4
              /c Invocation: /mnt/apps/public/COE/synopsys_apps/primewave/W-2024.09-SP1-2/linux64/platform/bin/custom_shell -application primewave -gui 0 -uniqueString 424077b79e1069eee5daf2e93884b0ae648e53716f53bf28784e342c0127f008e280ad3a7c1392e6ab18a8f02d007634 -python 0 -command "source /mnt/coe/workspace/ece/ece546-spr25/group8/group8_project/synopsys_custom/sim_server/custom_compiler.hrajesh/stb.group8.memory_array_tb.schematic.session0/sim_server_init.tcl" -log /mnt/coe/workspace/ece/ece546-spr25/group8/group8_project/synopsys_custom/primewave_session0_sim_server_job1 -libDefFile /mnt/coe/workspace/ece/ece546-spr25/group8/group8_project/lib.defs
              /c Execution time: Fri Apr  4 19:43:16 2025
              /c Host: lib-39615.eos.ncsu.edu
              /c Working directory: /mnt/coe/workspace/ece/ece546-spr25/group8/group8_project
              /c 
[19:43:25.84] /m Information: Registering ICV PERC package...
[19:43:26.64] /m Information: Feature 'SynopsysCustomSAE' checked out. (LICENSE-003)
[19:43:27.03] /o 
[19:43:27.06] /i source /mnt/coe/workspace/ece/ece546-spr25/group8/group8_project/synopsys_custom/sim_server/custom_compiler.hrajesh/stb.group8.memory_array_tb.schematic.session0/sim_server_init.tcl
[19:43:27.33] /o SimServer socket started on lib-39615.eos.ncsu.edu:40343
[19:43:28.08] /m Information: Launching Waveform Viewer "cd /mnt/coe/workspace/ece/ece546-spr25/group8/group8_project/synopsys_custom/sim_server/custom_compiler.hrajesh/stb.group8.memory_array_tb.schematic.session0/logs &&  /mnt/apps/public/COE/synopsys_apps/primewave/W-2024.09-SP1-2/auxx/../linux64/swv/bin/swv  -bg_gui -k -cdesigner -ptype wv -spxkey /mnt/apps/public/COE/synopsys_apps/primewave/W-2024.09-SP1-2/auxx/waveform/sae.spxkey -spxrc /tmp/tmp_sae_spxrc_mmyEag -unique_string 424077b79e1069ee445df4a4940e94d7648e53716f53bf28784e342c0127f008db87396eccbed9c963e930ecf1f70bf4124ab3b81a74dc61 -lic_type 2   -parent_cc_pid 130010  > /mnt/coe/workspace/ece/ece546-spr25/group8/group8_project/synopsys_custom/sim_server/custom_compiler.hrajesh/stb.group8.memory_array_tb.schematic.session0/logs/viewer.log 2>&1"
[19:43:28.13] /o ==== Received Msg ====
              /c len=213 sourceSoc=sock4478bfd0 msgIndex=2 rawMsg=AppendTask /mnt/coe/workspace/ece/ece546-spr25/group8/group8_project/synopsys_custom/sim_server/custom_compiler.hrajesh/stb.group8.memory_array_tb.schematic.session0/task0/sim_script0.tcl 0 saeSession0 1 overwrite
[19:43:28.13] /o 
[19:43:28.28] /o ==== Received Msg ====
              /c len=26 sourceSoc=sock4478bfd0 msgIndex=5 rawMsg=evalCmd ::wf::viewerExited
[19:43:28.28] /o 
[19:43:28.30] /o ==== Received Msg ====
              /c len=35 sourceSoc=sock4478bfd0 msgIndex=6 rawMsg=evalCmd ::wf::updateViewerLicense 2
[19:43:28.30] /o 
[19:43:30.66] /m Information: "Starting incremental netlisting for design "group8/memory_array_tb/schematic"..." (NETLISTING-010)
[19:43:30.78] /o Loading: Callback files...
[19:43:30.81] /o Loading: scripts/callbacks/callbacks.tcl
[19:43:30.81] /o 
              /c [INFO] : Loading display.drf from /mnt/designkits/ncsu/FreePDK3/syncust/NCSU_TechLib_FreePDK3
              /c 
              /c  if you wish to Load other display.drf, please set shell environment valiable "iPDK_load_display_NCSU_TechLib_FreePDK3" to value = 0
[19:43:30.81] /o 
[19:43:30.83] /w Warning: Could not set the value of preference xtDRCTool because it does not exist. (PREFERENCE-016)
[19:43:30.83] /w Warning: Could not set the value of preference xtDRCICVRunsetFile because it does not exist. (PREFERENCE-016)
[19:43:30.83] /w Warning: Could not set the value of preference xtDRCICVIncludePaths because it does not exist. (PREFERENCE-016)
[19:43:30.83] /w Warning: Could not set the value of preference xtDRCLayDBFormat because it does not exist. (PREFERENCE-016)
[19:43:30.83] /w Warning: Could not set the value of preference xtLVSTool because it does not exist. (PREFERENCE-016)
[19:43:30.83] /w Warning: Could not set the value of preference xtLVSICVRunsetFile because it does not exist. (PREFERENCE-016)
[19:43:30.83] /w Warning: Could not set the value of preference xtLVSICVIncludePaths because it does not exist. (PREFERENCE-016)
[19:43:30.83] /w Warning: Could not set the value of preference xtLVSLayDBFormat because it does not exist. (PREFERENCE-016)
[19:43:30.83] /w Warning: Could not set the value of preference xtLPELVSTool because it does not exist. (PREFERENCE-016)
[19:43:30.83] /w Warning: Could not set the value of preference xtLPETool because it does not exist. (PREFERENCE-016)
[19:43:30.83] /w Warning: Could not set the value of preference xtLPEOpenParasiticView because it does not exist. (PREFERENCE-016)
[19:43:30.83] /w Warning: Could not set the value of preference xtStarTcadGrdFile because it does not exist. (PREFERENCE-016)
[19:43:30.83] /w Warning: Could not set the value of preference xtLPEStarOADeviceMappingFile because it does not exist. (PREFERENCE-016)
[19:43:30.83] /w Warning: Could not set the value of preference xtStarOALayerMappingFile because it does not exist. (PREFERENCE-016)
[19:43:30.83] /o 	#######################################
[19:43:30.83] /o 	CC-PDK Library Name	: FreePDK3
[19:43:30.83] /o 	#######################################
[19:43:30.83] /o 
[19:43:30.92] /o Netlisting
[19:43:30.92] /o Creating output directories
[19:43:31.41] /o No Design Integrity rule violations found in "group8/memory_array_tb/schematic"
[19:43:31.41] /o Scanning: group8/memory_array_tb/schematic
[19:43:31.87] /m Information: 
[19:43:31.87] /o Checking "group8/memory_array/schematic"
[19:43:31.88] /o 	[error] Name Shorts
[19:43:31.88] /o 		Net 'WL' is shorted to the following nets: 'WLref' (2 times)
[19:43:31.88] /o 2 Error(s),0 Warning(s),0 Message(s) found   in "group8/memory_array/schematic"
[19:43:31.88] /e Error: "Design group8/memory_array/schematic is not netlistable because ERC check for design is out of date." (NETLISTING-039)
[19:43:31.88] /e Error: Fatal error occured, netlisting will be terminated. (NETLISTING-001)
[19:43:31.88] /m Information: "Netlisting design "group8/memory_array_tb/schematic" didn't finish." (NETLISTING-013)
[19:43:32.11] /m Information: 1 of 1 testbench(es) done. (PW_GUI-714)
[19:44:27.87] /o ==== Received Msg ====
              /c len=213 sourceSoc=sock442d3c70 msgIndex=3 rawMsg=AppendTask /mnt/coe/workspace/ece/ece546-spr25/group8/group8_project/synopsys_custom/sim_server/custom_compiler.hrajesh/stb.group8.memory_array_tb.schematic.session0/task1/sim_script1.tcl 1 saeSession0 1 overwrite
[19:44:27.87] /o 
[19:44:28.11] /m Information: Feature 'SynopsysCustomSAE' checked in. (LICENSE-004)
[19:44:28.13] /m Information: Feature 'SynopsysCustomSAE' checked out. (LICENSE-003)
[19:44:30.58] /m Information: "Starting incremental netlisting for design "group8/memory_array_tb/schematic"..." (NETLISTING-010)
[19:44:30.73] /o Netlisting
[19:44:30.73] /o Creating output directories
[19:44:30.87] /o No Design Integrity rule violations found in "group8/memory_array_tb/schematic"
[19:44:30.87] /o Scanning: group8/memory_array_tb/schematic
[19:44:31.30] /m Information: 
[19:44:31.30] /o Checking "group8/memory_array/schematic"
[19:44:31.30] /o 	[error] Name Shorts
[19:44:31.30] /o 		Net 'WL' is shorted to the following nets: 'WLref' (2 times)
[19:44:31.30] /o 2 Error(s),0 Warning(s),0 Message(s) found   in "group8/memory_array/schematic"
[19:44:31.31] /e Error: "Design group8/memory_array/schematic is not netlistable because ERC check for design is out of date." (NETLISTING-039)
[19:44:31.31] /e Error: Fatal error occured, netlisting will be terminated. (NETLISTING-001)
[19:44:31.31] /m Information: "Netlisting design "group8/memory_array_tb/schematic" didn't finish." (NETLISTING-013)
[19:44:31.53] /m Information: 2 of 2 testbench(es) done. (PW_GUI-714)
[19:44:31.55] /o 
[19:46:14.11] /o ==== Received Msg ====
              /c len=213 sourceSoc=sock44bc3400 msgIndex=4 rawMsg=AppendTask /mnt/coe/workspace/ece/ece546-spr25/group8/group8_project/synopsys_custom/sim_server/custom_compiler.hrajesh/stb.group8.memory_array_tb.schematic.session0/task2/sim_script2.tcl 2 saeSession0 1 overwrite
[19:46:14.11] /o 
[19:46:14.35] /m Information: Feature 'SynopsysCustomSAE' checked in. (LICENSE-004)
[19:46:14.38] /m Information: Feature 'SynopsysCustomSAE' checked out. (LICENSE-003)
[19:46:16.89] /m Information: "Starting incremental netlisting for design "group8/memory_array_tb/schematic"..." (NETLISTING-010)
[19:46:17.05] /o Netlisting
[19:46:17.05] /o Creating output directories
[19:46:17.22] /o No Design Integrity rule violations found in "group8/memory_array_tb/schematic"
[19:46:17.22] /o Scanning: group8/memory_array_tb/schematic
[19:46:17.61] /o Scanning: group8/memory_array/schematic
[19:46:17.83] /o Scanning: group8/precharge_logic/schematic
[19:46:18.00] /o Scanning: group8/sram_6t/schematic
[19:46:18.32] /o Scanning: group8/static_row_decoder_3by8/schematic
[19:46:18.38] /o Scanning: group8/nand_i3/schematic
[19:46:18.44] /o Scanning: group8/inv/schematic
[19:46:18.50] /o Scanning: group8/buffer_highdrive/schematic
[19:46:18.57] /o Scanning: group8/invx4/schematic
[19:46:18.64] /o Scanning: group8/columnDecoder/schematic
[19:46:18.71] /o Scanning: group8/2to4_decoder/schematic
[19:46:18.77] /o Scanning: group8/Write_Driver/schematic
[19:46:18.83] /o Scanning: group8/read_circuit/schematic
[19:46:18.89] /o Scanning: group8/nand/schematic
[19:46:18.95] /o Scanning: group8/tspc_pos_ff/schematic
[19:46:19.06] /o Scanning: group8/agen_unit/schematic
[19:46:19.13] /m Information: 
[19:46:19.13] /o Checking "group8/Demux/schematic"
[19:46:19.13] /o No rule violations found in "group8/Demux/schematic"
[19:46:19.13] /o Scanning: group8/Demux/schematic
[19:46:19.20] /m Information: 
[19:46:19.20] /o Checking "group8/nor/schematic"
[19:46:19.20] /o No rule violations found in "group8/nor/schematic"
[19:46:19.20] /o Scanning: group8/nor/schematic
[19:46:19.29] /o Scanning: group8/WLRef_PC/schematic
[19:46:19.36] /m Information: 
[19:46:19.36] /o Checking "group8/buffer/schematic"
[19:46:19.36] /o No rule violations found in "group8/buffer/schematic"
[19:46:19.36] /o Scanning: group8/buffer/schematic
[19:46:19.42] /o Scanning: group8/inv_highdrive/schematic
[19:46:19.52] /o Computing terminal lists
[19:46:19.52] /o Processing terminals of module group8/precharge_logic/schematic
[19:46:19.55] /o Processing terminals of module group8/sram_6t/schematic
[19:46:19.57] /o Processing terminals of module group8/nand_i3/schematic
[19:46:19.57] /o Processing terminals of module group8/inv/schematic
[19:46:19.57] /o Processing terminals of module group8/buffer_highdrive/schematic
[19:46:19.57] /o Processing terminals of module group8/invx4/schematic
[19:46:19.57] /o Processing terminals of module group8/static_row_decoder_3by8/schematic
[19:46:19.57] /o Processing terminals of module group8/2to4_decoder/schematic
[19:46:19.57] /o Processing terminals of module group8/columnDecoder/schematic
[19:46:19.57] /o Processing terminals of module group8/Write_Driver/schematic
[19:46:19.57] /o Processing terminals of module group8/nand/schematic
[19:46:19.57] /o Processing terminals of module group8/read_circuit/schematic
[19:46:19.57] /o Processing terminals of module group8/tspc_pos_ff/schematic
[19:46:19.57] /o Processing terminals of module group8/Demux/schematic
[19:46:19.57] /o Processing terminals of module group8/nor/schematic
[19:46:19.57] /o Processing terminals of module group8/agen_unit/schematic
[19:46:19.57] /o Processing terminals of module group8/buffer/schematic
[19:46:19.57] /o Processing terminals of module group8/WLRef_PC/schematic
[19:46:19.57] /o Processing terminals of module group8/inv_highdrive/schematic
[19:46:19.57] /o Processing terminals of module group8/memory_array/schematic
[19:46:19.59] /o Processing terminals of module group8/memory_array_tb/schematic
[19:46:19.59] /o Starting netlisting
[19:46:20.69] /o Formatting group8/memory_array/schematic
[19:46:20.70] /m Information: "group8 memory_array schematic" renetlisted. (NETLISTING-056)
[19:46:20.86] /o Formatting group8/memory_array_tb/schematic
[19:46:20.87] /m Information: "group8 memory_array_tb schematic" renetlisted. (NETLISTING-056)
[19:46:21.82] /m Information: "Netlisting design "group8/memory_array_tb/schematic" finished successfully." (NETLISTING-012)
[19:46:21.91] /# Composing simulator input file for design "group8/memory_array_tb/schematic"...
[19:46:41.74] /# Simulator input file composed successfully for design "group8/memory_array_tb/schematic"
[19:46:42.00] /m Information: Save ouputs to /mnt/coe/workspace/ece/ece546-spr25/group8/group8_project/simulation/group8,memory_array_tb,schematic/history_1/simulation/HSPICE_default/HSPICE/nominal/results/outputs.tcl for AVA evaluation.
[19:46:44.34] /o 
[19:46:46.29] /o                                          Composing Nominal                                         
[19:46:46.85] /o                         Launching jobs for testbench HSPICE_default started                        
[19:46:46.88] /# Starting PrimeSimHSPICE simulation for design: group8/memory_array_tb/schematic
[19:46:47.00] /o                          Creating jobs for testbench HSPICE_default (0 / 1)                         
[19:46:47.11] /o                            Launching 1 jobs for testbench HSPICE_default                           
[19:46:49.45] /o                         Launching jobs for testbench HSPICE_default finished                        
[19:46:49.62] /o 
[19:46:50.70] /m Information: 2 of 3 testbench(es) done. (PW_GUI-714)
[19:46:52.04] /m Information: Job distribution master (saeSession0,HSPICE_default.Simulation_Simulation session:session2 testbench:HSPICE_default) : up to 1 job running workers.
[19:47:31.13] /# Simulation completed successfully for design: group8/memory_array_tb/schematic  (PW-651)
[19:47:31.27] /# Netlisting and simulation completed for testbench: HSPICE_default in 75s
[19:47:31.29] /# Evaluating and plotting outputs...
[19:47:46.40] /m Information: Jobs distribution master quit! (PW_GUI-822)
[19:47:47.14] /# Evaluating and plotting completed for testbench: HSPICE_default in 16s
[19:47:47.21] /m Information: 3 of 3 testbench(es) done. (PW_GUI-714)
[19:48:13.04] /o ==== Received Msg ====
              /c len=8 sourceSoc=sock44bc3400 msgIndex=7 rawMsg=idleExit
[19:48:13.04] /o 
[19:48:13.12] /m Information: Exiting simulation server process. (PW_GUI-984)
[19:48:14.34] /o Shutdown time: Fri Apr  4 19:48:14 2025
[19:48:14.34] /o Elapsed session real time: 4.95 minutes
[19:48:14.34] /o Session terminated. Log is at /mnt/coe/workspace/ece/ece546-spr25/group8/group8_project/synopsys_custom/logs/primewave.hrajesh.2025_4_4_194316_130010.log
[19:48:14.34] /e Error: {}
