[10:57:38.58] /o 
              /c                          PrimeWave Design Environment 
              /c 
              /c                Version W-2024.09-SP1-2 for linux64 - Jan 15, 2025
              /c              Based on Custom Infrastructure
              /c Version W-2024.09-SP1-2
              /c 
              /c                     Copyright (c) 2004 - 2025 Synopsys, Inc.
              /c    This software and the associated documentation are proprietary to Synopsys,
              /c  Inc. This software may only be used in accordance with the terms and conditions
              /c  of a written license agreement with Synopsys, Inc. All other use, reproduction,
              /c    or distribution of this software is strictly prohibited.  Licensed Products
              /c      communicate with Synopsys servers for the purpose of providing software
              /c     updates, detecting software piracy and verifying that customers are using
              /c     Licensed Products in conformity with the applicable License Key for such
              /c   Licensed Products. Synopsys will use information gathered in connection with
              /c     this process to deliver software updates and pursue software pirates and
              /c                                    infringers.
              /c 
              /c  Inclusivity & Diversity - Visit SolvNetPlus to read the "Synopsys Statement on
              /c             Inclusivity and Diversity" (Refer to article 000036315 at
              /c                         https://solvnetplus.synopsys.com)
              /c 
              /c Build  (OPT) Config 11252589 compiled on Wed Jan 15 11:01:36 2025 for AlmaLinux 8.4
              /c Invocation: /mnt/apps/public/COE/synopsys_apps/primewave/W-2024.09-SP1-2/linux64/platform/bin/custom_shell -application primewave -gui 0 -uniqueString 424077b79e1069ee621325246ee3e966f03d3135d99f0755c1cb7792ad94754261f3124b7bafd074e057779a5c884b5b -python 0 -command "source /mnt/coe/workspace/ece/ece546-spr25/group8/group8_project/synopsys_custom/sim_server/custom_compiler.hrajesh/stb.group8.tb2025.schematic.session1/sim_server_init.tcl" -log /mnt/coe/workspace/ece/ece546-spr25/group8/group8_project/synopsys_custom/primewave_session1_sim_server_job1 -libDefFile /mnt/coe/workspace/ece/ece546-spr25/group8/group8_project/lib.defs
              /c Execution time: Tue Apr  8 10:57:32 2025
              /c Host: hydra11.ece.ncsu.edu
              /c Working directory: /mnt/coe/workspace/ece/ece546-spr25/group8/group8_project
              /c 
[10:57:55.69] /m Information: Registering ICV PERC package...
[10:57:56.57] /m Information: Feature 'SynopsysCustomSAE' checked out. (LICENSE-003)
[10:57:56.64] /o 
[10:57:56.65] /i source /mnt/coe/workspace/ece/ece546-spr25/group8/group8_project/synopsys_custom/sim_server/custom_compiler.hrajesh/stb.group8.tb2025.schematic.session1/sim_server_init.tcl
[10:57:57.83] /o SimServer socket started on hydra11.ece.ncsu.edu:41699
[10:57:58.11] /m Information: Launching Waveform Viewer "cd /mnt/coe/workspace/ece/ece546-spr25/group8/group8_project/synopsys_custom/sim_server/custom_compiler.hrajesh/stb.group8.tb2025.schematic.session1/logs &&  /mnt/apps/public/COE/synopsys_apps/primewave/W-2024.09-SP1-2/auxx/../linux64/swv/bin/swv  -bg_gui -k -cdesigner -ptype wv -spxkey /mnt/apps/public/COE/synopsys_apps/primewave/W-2024.09-SP1-2/auxx/waveform/sae.spxkey -spxrc /tmp/tmp_sae_spxrc_tNFoLX -unique_string 424077b79e1069ee9a79c767d9b23ca8f03d3135d99f0755c1cb7792ad94754215911dea03ed9e140eccb245a763622ec7a6c52d5f021c10 -lic_type 2   -parent_cc_pid 216346  > /mnt/coe/workspace/ece/ece546-spr25/group8/group8_project/synopsys_custom/sim_server/custom_compiler.hrajesh/stb.group8.tb2025.schematic.session1/logs/viewer.log 2>&1"
[10:57:58.15] /o ==== Received Msg ====
              /c len=162 sourceSoc=sock437fd350 msgIndex=2 rawMsg=StopTb /mnt/coe/workspace/ece/ece546-spr25/group8/group8_project/simulation/group8,tb2025,schematic/history_1/simulation/HSPICE_default/HSPICE/nominal/results 1 0
[10:57:58.15] /o 
[10:58:01.72] /o ==== Received Msg ====
              /c len=162 sourceSoc=sock437fd350 msgIndex=3 rawMsg=StopTb /mnt/coe/workspace/ece/ece546-spr25/group8/group8_project/simulation/group8,tb2025,schematic/history_1/simulation/HSPICE_default/HSPICE/nominal/results 1 0
[10:58:01.72] /o 
[10:59:29.23] /o ==== Received Msg ====
              /c len=26 sourceSoc=sock437fd350 msgIndex=5 rawMsg=evalCmd ::wf::viewerExited
[10:59:29.23] /o 
[10:59:33.24] /o ==== Received Msg ====
              /c len=35 sourceSoc=sock437fd350 msgIndex=7 rawMsg=evalCmd ::wf::updateViewerLicense 2
[10:59:33.24] /o 
[10:59:46.81] /o ==== Received Msg ====
              /c len=162 sourceSoc=sock437fd350 msgIndex=8 rawMsg=StopTb /mnt/coe/workspace/ece/ece546-spr25/group8/group8_project/simulation/group8,tb2025,schematic/history_1/simulation/HSPICE_default/HSPICE/nominal/results 1 0
[10:59:46.81] /o 
[10:59:57.64] /o ==== Received Msg ====
              /c len=162 sourceSoc=sock437fd350 msgIndex=9 rawMsg=StopTb /mnt/coe/workspace/ece/ece546-spr25/group8/group8_project/simulation/group8,tb2025,schematic/history_1/simulation/HSPICE_default/HSPICE/nominal/results 1 0
[10:59:57.64] /o 
[11:01:02.85] /o ==== Received Msg ====
              /c len=162 sourceSoc=sock437fd350 msgIndex=10 rawMsg=StopTb /mnt/coe/workspace/ece/ece546-spr25/group8/group8_project/simulation/group8,tb2025,schematic/history_1/simulation/HSPICE_default/HSPICE/nominal/results 1 0
[11:01:02.85] /o 
[11:01:42.95] /o ==== Received Msg ====
              /c len=8 sourceSoc=sock437fd350 msgIndex=11 rawMsg=idleExit
[11:01:42.95] /o 
[11:01:42.98] /m Information: Exiting simulation server process. (PW_GUI-984)
[11:01:46.17] /o Shutdown time: Tue Apr  8 11:01:46 2025
[11:01:46.17] /o Elapsed session real time: 4.2 minutes
[11:01:46.17] /o Session terminated. Log is at /mnt/coe/workspace/ece/ece546-spr25/group8/group8_project/synopsys_custom/logs/primewave.hrajesh.2025_4_8_105732_216346.log
[11:01:46.19] /e Error: {}
