[16:45:44.76] /o 
              /c                          PrimeWave Design Environment 
              /c 
              /c                Version W-2024.09-SP1-2 for linux64 - Jan 15, 2025
              /c              Based on Custom Infrastructure
              /c Version W-2024.09-SP1-2
              /c 
              /c                     Copyright (c) 2004 - 2025 Synopsys, Inc.
              /c    This software and the associated documentation are proprietary to Synopsys,
              /c  Inc. This software may only be used in accordance with the terms and conditions
              /c  of a written license agreement with Synopsys, Inc. All other use, reproduction,
              /c    or distribution of this software is strictly prohibited.  Licensed Products
              /c      communicate with Synopsys servers for the purpose of providing software
              /c     updates, detecting software piracy and verifying that customers are using
              /c     Licensed Products in conformity with the applicable License Key for such
              /c   Licensed Products. Synopsys will use information gathered in connection with
              /c     this process to deliver software updates and pursue software pirates and
              /c                                    infringers.
              /c 
              /c  Inclusivity & Diversity - Visit SolvNetPlus to read the "Synopsys Statement on
              /c             Inclusivity and Diversity" (Refer to article 000036315 at
              /c                         https://solvnetplus.synopsys.com)
              /c 
              /c Build  (OPT) Config 11252589 compiled on Wed Jan 15 11:01:36 2025 for AlmaLinux 8.4
              /c Invocation: /mnt/apps/public/COE/synopsys_apps/primewave/W-2024.09-SP1-2/linux64/platform/bin/custom_shell -application primewave -gui 0 -uniqueString 424077b79e1069ee7b83c826b6253d846d31d537f80fd0133b3a965d3326affa333c677c00c055a96ad05eea24f806c6 -python 0 -log pw_shell_session0_job3 -libDefFile /mnt/coe/workspace/ece/ece546-spr25/group8/group8_project/lib.defs
              /c Execution time: Fri Apr  4 16:45:41 2025
              /c Host: grendel41.ece.ncsu.edu
              /c Working directory: /mnt/coe/workspace/ece/ece546-spr25/group8/group8_project
              /c 
[16:45:49.96] /m Information: Registering ICV PERC package...
[16:45:50.53] /m Information: Feature 'SynopsysCustomSAE' checked out. (LICENSE-003)
[16:45:50.53] /i catch {source /tmp/copyScript4787}; ::sa::_backgroundSaeShell::signalProcessReady 1743799539 73142
[16:45:50.54] /o saeInterBGSaeShell:  ::sa::_backgroundSaeShell::processReady 11
[16:45:50.62] /o 
[16:48:38.91] /i ::wf::viewerExited
[16:48:41.75] /i ::wf::updateViewerLicense 2
[16:49:28.62] /i ::sa::_backgroundSaeShell::exit
[16:49:28.62] /o saeInterBGSaeShell:  ::sa::_backgroundSaeShell::childFormallyExiting
[16:49:29.87] /o Shutdown time: Fri Apr  4 16:49:29 2025
[16:49:29.87] /o Elapsed session real time: 3.78 minutes
[16:49:29.87] /o Session terminated. Log is at /mnt/coe/workspace/ece/ece546-spr25/group8/group8_project/synopsys_custom/logs/primewave.svkolach.2025_4_4_164541_290182.log
