[16:01:53.10] /o 
              /c                          PrimeWave Design Environment 
              /c 
              /c                Version W-2024.09-SP1-2 for linux64 - Jan 15, 2025
              /c              Based on Custom Infrastructure
              /c Version W-2024.09-SP1-2
              /c 
              /c                     Copyright (c) 2004 - 2025 Synopsys, Inc.
              /c    This software and the associated documentation are proprietary to Synopsys,
              /c  Inc. This software may only be used in accordance with the terms and conditions
              /c  of a written license agreement with Synopsys, Inc. All other use, reproduction,
              /c    or distribution of this software is strictly prohibited.  Licensed Products
              /c      communicate with Synopsys servers for the purpose of providing software
              /c     updates, detecting software piracy and verifying that customers are using
              /c     Licensed Products in conformity with the applicable License Key for such
              /c   Licensed Products. Synopsys will use information gathered in connection with
              /c     this process to deliver software updates and pursue software pirates and
              /c                                    infringers.
              /c 
              /c  Inclusivity & Diversity - Visit SolvNetPlus to read the "Synopsys Statement on
              /c             Inclusivity and Diversity" (Refer to article 000036315 at
              /c                         https://solvnetplus.synopsys.com)
              /c 
              /c Build  (OPT) Config 11252589 compiled on Wed Jan 15 11:01:36 2025 for AlmaLinux 8.4
              /c Invocation: /mnt/apps/public/COE/synopsys_apps/primewave/W-2024.09-SP1-2/linux64/platform/bin/custom_shell -application primewave -gui 0 -uniqueString 424077b79e1069eeff4bacd052326deef5f70016eafc506166f921a156078c1aaff50d02f59ce0796649df0220ee50f7 -python 0 -log pw_shell_session0_job2 -libDefFile /mnt/coe/workspace/ece/ece546-spr25/group8/group8_project/lib.defs
              /c Execution time: Tue Apr  1 16:01:51 2025
              /c Host: warlock.ece.ncsu.edu
              /c Working directory: /mnt/coe/workspace/ece/ece546-spr25/group8/group8_project
              /c 
[16:02:01.54] /m Information: Registering ICV PERC package...
[16:02:02.48] /m Information: Feature 'SynopsysCustomSAE' checked out. (LICENSE-003)
[16:02:02.49] /i catch {source /tmp/copyScript16736}; ::sa::_backgroundSaeShell::signalProcessReady 1743537708 4607
[16:02:02.50] /o saeInterBGSaeShell:  ::sa::_backgroundSaeShell::processReady 14
[16:02:02.98] /o 
[16:04:27.48] /i ::sa::_backgroundSaeShell::exit
[16:04:27.48] /o saeInterBGSaeShell:  ::sa::_backgroundSaeShell::childFormallyExiting
[16:04:28.36] /o Shutdown time: Tue Apr  1 16:04:28 2025
[16:04:28.36] /o Elapsed session real time: 2.6 minutes
[16:04:28.36] /o Session terminated. Log is at /mnt/coe/workspace/ece/ece546-spr25/group8/group8_project/synopsys_custom/logs/primewave.nbandeh.2025_4_1_160151_7328.log
