[22:08:28.33] /o 
              /c                          PrimeWave Design Environment 
              /c 
              /c                Version W-2024.09-SP1-2 for linux64 - Jan 15, 2025
              /c              Based on Custom Infrastructure
              /c Version W-2024.09-SP1-2
              /c 
              /c                     Copyright (c) 2004 - 2025 Synopsys, Inc.
              /c    This software and the associated documentation are proprietary to Synopsys,
              /c  Inc. This software may only be used in accordance with the terms and conditions
              /c  of a written license agreement with Synopsys, Inc. All other use, reproduction,
              /c    or distribution of this software is strictly prohibited.  Licensed Products
              /c      communicate with Synopsys servers for the purpose of providing software
              /c     updates, detecting software piracy and verifying that customers are using
              /c     Licensed Products in conformity with the applicable License Key for such
              /c   Licensed Products. Synopsys will use information gathered in connection with
              /c     this process to deliver software updates and pursue software pirates and
              /c                                    infringers.
              /c 
              /c  Inclusivity & Diversity - Visit SolvNetPlus to read the "Synopsys Statement on
              /c             Inclusivity and Diversity" (Refer to article 000036315 at
              /c                         https://solvnetplus.synopsys.com)
              /c 
              /c Build  (OPT) Config 11252589 compiled on Wed Jan 15 11:01:36 2025 for AlmaLinux 8.4
              /c Invocation: /mnt/apps/public/COE/synopsys_apps/primewave/W-2024.09-SP1-2/linux64/platform/bin/custom_shell -application primewave -gui 0 -uniqueString 424077b79e1069ee151279727293c4f34d49f0484e1ba41a3b3a965d3326affa526c827f3277af440197bf8be6e97d0f -python 0 -command "source /mnt/coe/workspace/ece/ece546-spr25/group8/group8_project/synopsys_custom/sim_server/custom_compiler.nbandeh/stb.group8.2to4_decoder_tb.schematic.session0/sim_server_init.tcl" -log /mnt/coe/workspace/ece/ece546-spr25/group8/group8_project/synopsys_custom/primewave_session0_sim_server_job1 -libDefFile /mnt/coe/workspace/ece/ece546-spr25/group8/group8_project/lib.defs
              /c Execution time: Tue Apr  1 22:08:22 2025
              /c Host: hydra12.ece.ncsu.edu
              /c Working directory: /mnt/coe/workspace/ece/ece546-spr25/group8/group8_project
              /c 
[22:08:37.13] /m Information: Registering ICV PERC package...
[22:08:37.96] /m Information: Feature 'SynopsysCustomSAE' checked out. (LICENSE-003)
[22:08:38.15] /o 
[22:08:38.18] /i source /mnt/coe/workspace/ece/ece546-spr25/group8/group8_project/synopsys_custom/sim_server/custom_compiler.nbandeh/stb.group8.2to4_decoder_tb.schematic.session0/sim_server_init.tcl
[22:08:38.83] /o SimServer socket started on hydra12.ece.ncsu.edu:33451
[22:08:39.34] /m Information: Launching Waveform Viewer "cd /mnt/coe/workspace/ece/ece546-spr25/group8/group8_project/synopsys_custom/sim_server/custom_compiler.nbandeh/stb.group8.2to4_decoder_tb.schematic.session0/logs &&  /mnt/apps/public/COE/synopsys_apps/primewave/W-2024.09-SP1-2/auxx/../linux64/swv/bin/swv  -bg_gui -k -cdesigner -ptype wv -spxkey /mnt/apps/public/COE/synopsys_apps/primewave/W-2024.09-SP1-2/auxx/waveform/sae.spxkey -spxrc /tmp/tmp_sae_spxrc_rbvqB3 -unique_string 424077b79e1069eeb358758e735bcd014d49f0484e1ba41a3b3a965d3326affa43ab9aba1263e4a5cab27b6ad69b9c82ac7fd9029f80f33b -lic_type 2   -parent_cc_pid 2110887  > /mnt/coe/workspace/ece/ece546-spr25/group8/group8_project/synopsys_custom/sim_server/custom_compiler.nbandeh/stb.group8.2to4_decoder_tb.schematic.session0/logs/viewer.log 2>&1"
[22:08:39.40] /o ==== Received Msg ====
              /c len=213 sourceSoc=sock44937b20 msgIndex=0 rawMsg=AppendTask /mnt/coe/workspace/ece/ece546-spr25/group8/group8_project/synopsys_custom/sim_server/custom_compiler.nbandeh/stb.group8.2to4_decoder_tb.schematic.session0/task0/sim_script0.tcl 0 saeSession0 1 overwrite
[22:08:39.40] /o 
[22:08:42.52] /m Information: "Starting incremental netlisting for design "group8/2to4_decoder_tb/schematic"..." (NETLISTING-010)
[22:08:42.63] /o Loading: Callback files...
[22:08:42.65] /o Loading: scripts/callbacks/callbacks.tcl
[22:08:42.65] /o 
              /c [INFO] : Loading display.drf from /mnt/designkits/ncsu/FreePDK3/syncust/NCSU_TechLib_FreePDK3
              /c 
              /c  if you wish to Load other display.drf, please set shell environment valiable "iPDK_load_display_NCSU_TechLib_FreePDK3" to value = 0
[22:08:42.65] /o 
[22:08:42.71] /w Warning: Could not set the value of preference xtDRCTool because it does not exist. (PREFERENCE-016)
[22:08:42.71] /w Warning: Could not set the value of preference xtDRCICVRunsetFile because it does not exist. (PREFERENCE-016)
[22:08:42.71] /w Warning: Could not set the value of preference xtDRCICVIncludePaths because it does not exist. (PREFERENCE-016)
[22:08:42.71] /w Warning: Could not set the value of preference xtDRCLayDBFormat because it does not exist. (PREFERENCE-016)
[22:08:42.71] /w Warning: Could not set the value of preference xtLVSTool because it does not exist. (PREFERENCE-016)
[22:08:42.71] /w Warning: Could not set the value of preference xtLVSICVRunsetFile because it does not exist. (PREFERENCE-016)
[22:08:42.71] /w Warning: Could not set the value of preference xtLVSICVIncludePaths because it does not exist. (PREFERENCE-016)
[22:08:42.71] /w Warning: Could not set the value of preference xtLVSLayDBFormat because it does not exist. (PREFERENCE-016)
[22:08:42.71] /w Warning: Could not set the value of preference xtLPELVSTool because it does not exist. (PREFERENCE-016)
[22:08:42.71] /w Warning: Could not set the value of preference xtLPETool because it does not exist. (PREFERENCE-016)
[22:08:42.71] /w Warning: Could not set the value of preference xtLPEOpenParasiticView because it does not exist. (PREFERENCE-016)
[22:08:42.71] /w Warning: Could not set the value of preference xtStarTcadGrdFile because it does not exist. (PREFERENCE-016)
[22:08:42.71] /w Warning: Could not set the value of preference xtLPEStarOADeviceMappingFile because it does not exist. (PREFERENCE-016)
[22:08:42.71] /w Warning: Could not set the value of preference xtStarOALayerMappingFile because it does not exist. (PREFERENCE-016)
[22:08:42.71] /o 	#######################################
[22:08:42.71] /o 	CC-PDK Library Name	: FreePDK3
[22:08:42.71] /o 	#######################################
[22:08:42.71] /o 
[22:08:42.79] /o Netlisting
[22:08:42.79] /o Creating output directories
[22:08:43.10] /o No Design Integrity rule violations found in "group8/2to4_decoder_tb/schematic"
[22:08:43.10] /o Scanning: group8/2to4_decoder_tb/schematic
[22:08:43.46] /o Scanning: group8/2to4_decoder/schematic
[22:08:43.66] /o Scanning: group8/inv/schematic
[22:08:43.75] /o Scanning: group8/Demux/schematic
[22:08:43.84] /o Scanning: group8/nand/schematic
[22:08:43.90] /o Computing terminal lists
[22:08:43.90] /o Processing terminals of module group8/inv/schematic
[22:08:43.92] /o Processing terminals of module group8/2to4_decoder/schematic
[22:08:43.93] /o Processing terminals of module group8/nand/schematic
[22:08:43.93] /o Processing terminals of module group8/Demux/schematic
[22:08:43.93] /o Processing terminals of module group8/2to4_decoder_tb/schematic
[22:08:43.93] /o Starting netlisting
[22:08:44.11] /o Formatting group8/inv/schematic
[22:08:44.13] /m Information: "group8 inv schematic" renetlisted. (NETLISTING-056)
[22:08:44.18] /o Formatting group8/2to4_decoder/schematic
[22:08:44.26] /m Information: "group8 2to4_decoder schematic" renetlisted. (NETLISTING-056)
[22:08:44.31] /o Formatting group8/nand/schematic
[22:08:44.32] /m Information: "group8 nand schematic" renetlisted. (NETLISTING-056)
[22:08:44.37] /o Formatting group8/Demux/schematic
[22:08:44.38] /m Information: "group8 Demux schematic" renetlisted. (NETLISTING-056)
[22:08:44.50] /o Formatting group8/2to4_decoder_tb/schematic
[22:08:44.56] /m Information: "group8 2to4_decoder_tb schematic" renetlisted. (NETLISTING-056)
[22:08:44.90] /m Information: "Netlisting design "group8/2to4_decoder_tb/schematic" finished successfully." (NETLISTING-012)
[22:08:45.08] /# Composing simulator input file for design "group8/2to4_decoder_tb/schematic"...
[22:08:51.94] /# Simulator input file composed successfully for design "group8/2to4_decoder_tb/schematic"
[22:08:52.21] /m Information: Save ouputs to /mnt/coe/workspace/ece/ece546-spr25/group8/group8_project/simulation/group8,2to4_decoder_tb,schematic/history_1/simulation/default/PrimeSimHSPICE/nominal/results/outputs.tcl for AVA evaluation.
[22:08:53.97] /o 
[22:08:55.73] /o                                          Composing Nominal                                         
[22:08:56.36] /o                             Launching jobs for testbench default started                            
[22:08:56.39] /# Starting PrimeSimHSPICE simulation for design: group8/2to4_decoder_tb/schematic
[22:08:56.51] /o                             Creating jobs for testbench default (0 / 1)                            
[22:08:56.63] /o                                Launching 1 jobs for testbench default                               
[22:08:57.26] /o                            Launching jobs for testbench default finished                           
[22:08:58.74] /m Information: 0 of 1 testbench(es) done. (PW_GUI-714)
[22:09:00.03] /m Information: Job distribution master (saeSession0,default.Simulation_Simulation session:session0 testbench:default) : up to 1 job running workers.
[22:09:38.24] /# Simulation completed successfully for design: group8/2to4_decoder_tb/schematic  (PW-651)
[22:09:38.39] /# Netlisting and simulation completed for testbench: default in 57s
[22:09:38.41] /# Evaluating and plotting outputs...
[22:09:46.34] /m Information: Jobs distribution master quit! (PW_GUI-822)
[22:09:47.46] /# Evaluating and plotting completed for testbench: default in 9s
[22:09:47.55] /m Information: 1 of 1 testbench(es) done. (PW_GUI-714)
[22:13:03.16] /o ==== Received Msg ====
              /c len=8 sourceSoc=sock44937b20 msgIndex=3 rawMsg=idleExit
[22:13:03.16] /o 
[22:13:03.20] /m Information: Exiting simulation server process. (PW_GUI-984)
[22:13:06.62] /o Shutdown time: Tue Apr  1 22:13:06 2025
[22:13:06.62] /o Elapsed session real time: 4.71 minutes
[22:13:06.62] /o Session terminated. Log is at /mnt/coe/workspace/ece/ece546-spr25/group8/group8_project/synopsys_custom/logs/primewave.nbandeh.2025_4_1_220822_2110887.log
[22:13:06.66] /e Error: {}
