[11:07:51.32] /o 
              /c                          PrimeWave Design Environment 
              /c 
              /c                Version W-2024.09-SP1-2 for linux64 - Jan 15, 2025
              /c              Based on Custom Infrastructure
              /c Version W-2024.09-SP1-2
              /c 
              /c                     Copyright (c) 2004 - 2025 Synopsys, Inc.
              /c    This software and the associated documentation are proprietary to Synopsys,
              /c  Inc. This software may only be used in accordance with the terms and conditions
              /c  of a written license agreement with Synopsys, Inc. All other use, reproduction,
              /c    or distribution of this software is strictly prohibited.  Licensed Products
              /c      communicate with Synopsys servers for the purpose of providing software
              /c     updates, detecting software piracy and verifying that customers are using
              /c     Licensed Products in conformity with the applicable License Key for such
              /c   Licensed Products. Synopsys will use information gathered in connection with
              /c     this process to deliver software updates and pursue software pirates and
              /c                                    infringers.
              /c 
              /c  Inclusivity & Diversity - Visit SolvNetPlus to read the "Synopsys Statement on
              /c             Inclusivity and Diversity" (Refer to article 000036315 at
              /c                         https://solvnetplus.synopsys.com)
              /c 
              /c Build  (OPT) Config 11252589 compiled on Wed Jan 15 11:01:36 2025 for AlmaLinux 8.4
              /c Invocation: /mnt/apps/public/COE/synopsys_apps/primewave/W-2024.09-SP1-2/linux64/platform/bin/custom_shell -application primewave -gui 0 -uniqueString 424077b79e1069ee0088e213408f56e1f03d3135d99f0755c1cb7792ad9475427e9b95ce69ba73f8bd25d21c9f079de7 -python 0 -command "source /mnt/coe/workspace/ece/ece546-spr25/group8/group8_project/synopsys_custom/sim_server/custom_compiler.hrajesh/stb.group8.memory_array_tb.schematic.session0/sim_server_init.tcl" -log /mnt/coe/workspace/ece/ece546-spr25/group8/group8_project/synopsys_custom/primewave_session0_sim_server_job1 -libDefFile /mnt/coe/workspace/ece/ece546-spr25/group8/group8_project/lib.defs
              /c Execution time: Tue Apr  8 11:07:45 2025
              /c Host: hydra11.ece.ncsu.edu
              /c Working directory: /mnt/coe/workspace/ece/ece546-spr25/group8/group8_project
              /c 
[11:08:03.25] /m Information: Registering ICV PERC package...
[11:08:04.20] /m Information: Feature 'SynopsysCustomSAE' checked out. (LICENSE-003)
[11:08:04.64] /o 
[11:08:04.68] /i source /mnt/coe/workspace/ece/ece546-spr25/group8/group8_project/synopsys_custom/sim_server/custom_compiler.hrajesh/stb.group8.memory_array_tb.schematic.session0/sim_server_init.tcl
[11:08:05.83] /o SimServer socket started on hydra11.ece.ncsu.edu:34527
[11:08:06.41] /m Information: Launching Waveform Viewer "cd /mnt/coe/workspace/ece/ece546-spr25/group8/group8_project/synopsys_custom/sim_server/custom_compiler.hrajesh/stb.group8.memory_array_tb.schematic.session0/logs &&  /mnt/apps/public/COE/synopsys_apps/primewave/W-2024.09-SP1-2/auxx/../linux64/swv/bin/swv  -bg_gui -k -cdesigner -ptype wv -spxkey /mnt/apps/public/COE/synopsys_apps/primewave/W-2024.09-SP1-2/auxx/waveform/sae.spxkey -spxrc /tmp/tmp_sae_spxrc_yF6oS8 -unique_string 424077b79e1069ee1cea37fdc12e5566f03d3135d99f0755c1cb7792ad94754215911dea03ed9e143ff2603c0e28ac67b3397a13af19ef1c -lic_type 2   -parent_cc_pid 223159  > /mnt/coe/workspace/ece/ece546-spr25/group8/group8_project/synopsys_custom/sim_server/custom_compiler.hrajesh/stb.group8.memory_array_tb.schematic.session0/logs/viewer.log 2>&1"
[11:08:06.45] /o ==== Received Msg ====
              /c len=35 sourceSoc=sock45324a70 msgIndex=0 rawMsg=evalCmd ::wf::updateViewerLicense 2
[11:08:06.45] /o 
[11:08:06.47] /o ==== Received Msg ====
              /c len=35 sourceSoc=sock45324a70 msgIndex=1 rawMsg=evalCmd ::wf::updateViewerLicense 2
[11:08:06.47] /o 
[11:10:09.95] /o ==== Received Msg ====
              /c len=213 sourceSoc=sock45a2b5c0 msgIndex=0 rawMsg=AppendTask /mnt/coe/workspace/ece/ece546-spr25/group8/group8_project/synopsys_custom/sim_server/custom_compiler.hrajesh/stb.group8.memory_array_tb.schematic.session0/task0/sim_script0.tcl 0 saeSession0 1 overwrite
[11:10:09.95] /o 
[11:10:13.07] /m Information: "Starting incremental netlisting for design "group8/memory_array_tb/schematic"..." (NETLISTING-010)
[11:10:13.14] /o Loading: Callback files...
[11:10:13.17] /o Loading: scripts/callbacks/callbacks.tcl
[11:10:13.17] /o 
              /c [INFO] : Loading display.drf from /mnt/designkits/ncsu/FreePDK3/syncust/NCSU_TechLib_FreePDK3
              /c 
              /c  if you wish to Load other display.drf, please set shell environment valiable "iPDK_load_display_NCSU_TechLib_FreePDK3" to value = 0
[11:10:13.17] /o 
[11:10:13.23] /w Warning: Could not set the value of preference xtDRCTool because it does not exist. (PREFERENCE-016)
[11:10:13.23] /w Warning: Could not set the value of preference xtDRCICVRunsetFile because it does not exist. (PREFERENCE-016)
[11:10:13.23] /w Warning: Could not set the value of preference xtDRCICVIncludePaths because it does not exist. (PREFERENCE-016)
[11:10:13.23] /w Warning: Could not set the value of preference xtDRCLayDBFormat because it does not exist. (PREFERENCE-016)
[11:10:13.23] /w Warning: Could not set the value of preference xtLVSTool because it does not exist. (PREFERENCE-016)
[11:10:13.23] /w Warning: Could not set the value of preference xtLVSICVRunsetFile because it does not exist. (PREFERENCE-016)
[11:10:13.23] /w Warning: Could not set the value of preference xtLVSICVIncludePaths because it does not exist. (PREFERENCE-016)
[11:10:13.23] /w Warning: Could not set the value of preference xtLVSLayDBFormat because it does not exist. (PREFERENCE-016)
[11:10:13.23] /w Warning: Could not set the value of preference xtLPELVSTool because it does not exist. (PREFERENCE-016)
[11:10:13.23] /w Warning: Could not set the value of preference xtLPETool because it does not exist. (PREFERENCE-016)
[11:10:13.23] /w Warning: Could not set the value of preference xtLPEOpenParasiticView because it does not exist. (PREFERENCE-016)
[11:10:13.23] /w Warning: Could not set the value of preference xtStarTcadGrdFile because it does not exist. (PREFERENCE-016)
[11:10:13.23] /w Warning: Could not set the value of preference xtLPEStarOADeviceMappingFile because it does not exist. (PREFERENCE-016)
[11:10:13.23] /w Warning: Could not set the value of preference xtStarOALayerMappingFile because it does not exist. (PREFERENCE-016)
[11:10:13.23] /o 	#######################################
[11:10:13.23] /o 	CC-PDK Library Name	: FreePDK3
[11:10:13.23] /o 	#######################################
[11:10:13.23] /o 
[11:10:13.29] /o Netlisting
[11:10:13.29] /o Creating output directories
[11:10:13.86] /m Information: 
[11:10:13.86] /o Checking "group8/memory_array_tb/schematic"
[11:10:13.86] /o No rule violations found in "group8/memory_array_tb/schematic"
[11:10:13.86] /o No Design Integrity rule violations found in "group8/memory_array_tb/schematic"
[11:10:13.86] /o Scanning: group8/memory_array_tb/schematic
[11:10:14.30] /o Scanning: group8/memory_array_static_column_decoder/schematic
[11:10:14.43] /o Scanning: group8/precharge_logic/schematic
[11:10:14.61] /o Scanning: group8/sram_6t/schematic
[11:10:14.77] /o Scanning: group8/static_row_decoder_3by8/schematic
[11:10:14.80] /o Scanning: group8/nand_i3/schematic
[11:10:14.83] /o Scanning: group8/inv/schematic
[11:10:14.86] /o Scanning: group8/buffer_highdrive/schematic
[11:10:14.89] /o Scanning: group8/invx4/schematic
[11:10:14.93] /o Scanning: group8/columnDecoderstatic/schematic
[11:10:14.98] /o Scanning: group8/2to4_decoder_static/schematic
[11:10:15.01] /o Scanning: group8/nand/schematic
[11:10:15.04] /m Information: 
[11:10:15.04] /o Checking "group8/nor/schematic"
[11:10:15.04] /o No rule violations found in "group8/nor/schematic"
[11:10:15.04] /o Scanning: group8/nor/schematic
[11:10:15.07] /o Scanning: group8/Write_Driver/schematic
[11:10:15.10] /o Scanning: group8/read_circuit/schematic
[11:10:15.13] /o Scanning: group8/tspc_pos_ff/schematic
[11:10:15.19] /o Scanning: group8/agen_unit/schematic
[11:10:15.22] /m Information: 
[11:10:15.22] /o Checking "group8/Demux/schematic"
[11:10:15.22] /o No rule violations found in "group8/Demux/schematic"
[11:10:15.22] /o Scanning: group8/Demux/schematic
[11:10:15.29] /o Scanning: group8/WLRef_PC/schematic
[11:10:15.33] /m Information: 
[11:10:15.33] /o Checking "group8/buffer/schematic"
[11:10:15.34] /o No rule violations found in "group8/buffer/schematic"
[11:10:15.34] /o Scanning: group8/buffer/schematic
[11:10:15.51] /o Computing terminal lists
[11:10:15.51] /o Processing terminals of module group8/precharge_logic/schematic
[11:10:15.58] /o Processing terminals of module group8/sram_6t/schematic
[11:10:15.63] /o Processing terminals of module group8/nand_i3/schematic
[11:10:15.63] /o Processing terminals of module group8/inv/schematic
[11:10:15.63] /o Processing terminals of module group8/buffer_highdrive/schematic
[11:10:15.63] /o Processing terminals of module group8/invx4/schematic
[11:10:15.63] /o Processing terminals of module group8/static_row_decoder_3by8/schematic
[11:10:15.63] /o Processing terminals of module group8/nand/schematic
[11:10:15.64] /o Processing terminals of module group8/nor/schematic
[11:10:15.64] /o Processing terminals of module group8/2to4_decoder_static/schematic
[11:10:15.64] /o Processing terminals of module group8/columnDecoderstatic/schematic
[11:10:15.64] /o Processing terminals of module group8/Write_Driver/schematic
[11:10:15.64] /o Processing terminals of module group8/read_circuit/schematic
[11:10:15.64] /o Processing terminals of module group8/tspc_pos_ff/schematic
[11:10:15.64] /o Processing terminals of module group8/Demux/schematic
[11:10:15.64] /o Processing terminals of module group8/agen_unit/schematic
[11:10:15.64] /o Processing terminals of module group8/buffer/schematic
[11:10:15.64] /o Processing terminals of module group8/WLRef_PC/schematic
[11:10:15.64] /o Processing terminals of module group8/memory_array_static_column_decoder/schematic
[11:10:15.65] /o Processing terminals of module group8/memory_array_tb/schematic
[11:10:15.65] /o Starting netlisting
[11:10:16.65] /o Formatting group8/memory_array_static_column_decoder/schematic
[11:10:16.73] /m Information: "group8 memory_array_static_column_decoder schematic" renetlisted. (NETLISTING-056)
[11:10:16.88] /o Formatting group8/memory_array_tb/schematic
[11:10:16.94] /m Information: "group8 memory_array_tb schematic" renetlisted. (NETLISTING-056)
[11:10:17.61] /m Information: "Netlisting design "group8/memory_array_tb/schematic" finished successfully." (NETLISTING-012)
[11:10:17.77] /# Composing simulator input file for design "group8/memory_array_tb/schematic"...
[11:10:19.00] /# Simulator input file composed successfully for design "group8/memory_array_tb/schematic"
[11:10:19.14] /m Information: Save ouputs to /mnt/coe/workspace/ece/ece546-spr25/group8/group8_project/simulation/group8,memory_array_tb,schematic/history_1/simulation/default/PrimeSimHSPICE/nominal/results/outputs.tcl for AVA evaluation.
[11:10:20.52] /o 
[11:10:21.66] /o                                          Composing Nominal                                         
[11:10:22.11] /o                             Launching jobs for testbench default started                            
[11:10:22.13] /# Starting PrimeSimHSPICE simulation for design: group8/memory_array_tb/schematic
[11:10:22.20] /o                             Creating jobs for testbench default (0 / 1)                            
[11:10:22.27] /o                                Launching 1 jobs for testbench default                               
[11:10:22.68] /o                            Launching jobs for testbench default finished                           
[11:10:22.75] /m Information: 0 of 1 testbench(es) done. (PW_GUI-714)
[11:10:28.02] /m Information: Job distribution master (saeSession0,default.Simulation_Simulation session:session0 testbench:default) : up to 1 job running workers.
[11:11:02.02] /# Simulation completed successfully for design: group8/memory_array_tb/schematic  (PW-651)
[11:11:02.12] /# Netlisting and simulation completed for testbench: default in 50s
[11:11:02.13] /# Evaluating and plotting outputs...
[11:11:05.69] /m Information: Jobs distribution master quit! (PW_GUI-822)
[11:11:05.91] /# Evaluating and plotting completed for testbench: default in 3s
[11:11:05.98] /m Information: 1 of 1 testbench(es) done. (PW_GUI-714)
[11:12:48.14] /o ==== Received Msg ====
              /c len=8 sourceSoc=sock45a2b5c0 msgIndex=2 rawMsg=idleExit
[11:12:48.14] /o 
[11:12:48.17] /m Information: Exiting simulation server process. (PW_GUI-984)
[11:12:51.52] /o Shutdown time: Tue Apr  8 11:12:51 2025
[11:12:51.52] /o Elapsed session real time: 5.06 minutes
[11:12:51.53] /o Session terminated. Log is at /mnt/coe/workspace/ece/ece546-spr25/group8/group8_project/synopsys_custom/logs/primewave.hrajesh.2025_4_8_110745_223159.log
[11:12:51.55] /e Error: {}
