[17:09:43.71] /o 
              /c                          PrimeWave Design Environment 
              /c 
              /c                Version W-2024.09-SP1-2 for linux64 - Jan 15, 2025
              /c              Based on Custom Infrastructure
              /c Version W-2024.09-SP1-2
              /c 
              /c                     Copyright (c) 2004 - 2025 Synopsys, Inc.
              /c    This software and the associated documentation are proprietary to Synopsys,
              /c  Inc. This software may only be used in accordance with the terms and conditions
              /c  of a written license agreement with Synopsys, Inc. All other use, reproduction,
              /c    or distribution of this software is strictly prohibited.  Licensed Products
              /c      communicate with Synopsys servers for the purpose of providing software
              /c     updates, detecting software piracy and verifying that customers are using
              /c     Licensed Products in conformity with the applicable License Key for such
              /c   Licensed Products. Synopsys will use information gathered in connection with
              /c     this process to deliver software updates and pursue software pirates and
              /c                                    infringers.
              /c 
              /c  Inclusivity & Diversity - Visit SolvNetPlus to read the "Synopsys Statement on
              /c             Inclusivity and Diversity" (Refer to article 000036315 at
              /c                         https://solvnetplus.synopsys.com)
              /c 
              /c Build  (OPT) Config 11252589 compiled on Wed Jan 15 11:01:36 2025 for AlmaLinux 8.4
              /c Invocation: /mnt/apps/public/COE/synopsys_apps/primewave/W-2024.09-SP1-2/linux64/platform/bin/custom_shell -application primewave -gui 0 -uniqueString 424077b79e1069ee4664ba510ad633bb4d49f0484e1ba41a3b3a965d3326affaac8b4bdeddb0f3240afcc35d866e0d08 -python 0 -command "source /mnt/coe/workspace/ece/ece546-spr25/group8/group8_project/synopsys_custom/sim_server/custom_compiler.hrajesh/stb.group8.sram_6t_tb.schematic.session1/sim_server_init.tcl" -log /mnt/coe/workspace/ece/ece546-spr25/group8/group8_project/synopsys_custom/primewave_session1_sim_server_job1 -libDefFile /mnt/coe/workspace/ece/ece546-spr25/group8/group8_project/lib.defs
              /c Execution time: Fri Mar 28 17:09:38 2025
              /c Host: hydra12.ece.ncsu.edu
              /c Working directory: /mnt/coe/workspace/ece/ece546-spr25/group8/group8_project
              /c 
[17:09:54.58] /m Information: Registering ICV PERC package...
[17:09:54.84] /w Warning: In file /mnt/coe/workspace/ece/ece546-spr25/group8/group8_project/lib.defs: Unable to open library proj_common at path /mnt/coe/workspace/ece/ece546-common/proj_common : No access permission. (DATA_MANAGEMENT-014)
[17:09:55.62] /m Information: Feature 'SynopsysCustomSAE' checked out. (LICENSE-003)
[17:09:56.15] /o 
[17:09:56.19] /i source /mnt/coe/workspace/ece/ece546-spr25/group8/group8_project/synopsys_custom/sim_server/custom_compiler.hrajesh/stb.group8.sram_6t_tb.schematic.session1/sim_server_init.tcl
[17:09:57.22] /o SimServer socket started on hydra12.ece.ncsu.edu:34583
[17:09:57.72] /m Information: Launching Waveform Viewer "cd /mnt/coe/workspace/ece/ece546-spr25/group8/group8_project/synopsys_custom/sim_server/custom_compiler.hrajesh/stb.group8.sram_6t_tb.schematic.session1/logs &&  /mnt/apps/public/COE/synopsys_apps/primewave/W-2024.09-SP1-2/auxx/../linux64/swv/bin/swv  -bg_gui -k -cdesigner -ptype wv -spxkey /mnt/apps/public/COE/synopsys_apps/primewave/W-2024.09-SP1-2/auxx/waveform/sae.spxkey -spxrc /tmp/tmp_sae_spxrc_5OHOWK -unique_string 424077b79e1069eef4693fa0921fd1b94d49f0484e1ba41a3b3a965d3326affa43ab9aba1263e4a5aac12a1ef94c66c6218204775da19d1d -lic_type 2   -parent_cc_pid 2716357  > /mnt/coe/workspace/ece/ece546-spr25/group8/group8_project/synopsys_custom/sim_server/custom_compiler.hrajesh/stb.group8.sram_6t_tb.schematic.session1/logs/viewer.log 2>&1"
[17:09:57.78] /o ==== Received Msg ====
              /c len=35 sourceSoc=sock4c3d4810 msgIndex=4 rawMsg=evalCmd ::wf::updateViewerLicense 2
[17:09:57.78] /o 
[17:09:57.80] /o ==== Received Msg ====
              /c len=35 sourceSoc=sock4c3d4810 msgIndex=5 rawMsg=evalCmd ::wf::updateViewerLicense 2
[17:09:57.80] /o 
[17:11:13.72] /o ==== Received Msg ====
              /c len=208 sourceSoc=sock4a1aac40 msgIndex=4 rawMsg=AppendTask /mnt/coe/workspace/ece/ece546-spr25/group8/group8_project/synopsys_custom/sim_server/custom_compiler.hrajesh/stb.group8.sram_6t_tb.schematic.session1/task0/sim_script0.tcl 0 saeSession1 1 overwrite
[17:11:13.72] /o 
[17:11:15.30] /w Warning: In file /mnt/coe/workspace/ece/ece546-spr25/group8/group8_project/lib.defs: Unable to open library proj_common at path /mnt/coe/workspace/ece/ece546-common/proj_common : No access permission. (DATA_MANAGEMENT-014)
[17:11:17.09] /m Information: "Starting incremental netlisting for design "group8/sram_6t_tb/schematic"..." (NETLISTING-010)
[17:11:17.27] /o Loading: Callback files...
[17:11:17.29] /o Loading: scripts/callbacks/callbacks.tcl
[17:11:17.29] /o 
              /c [INFO] : Loading display.drf from /mnt/designkits/ncsu/FreePDK3/syncust/NCSU_TechLib_FreePDK3
              /c 
              /c  if you wish to Load other display.drf, please set shell environment valiable "iPDK_load_display_NCSU_TechLib_FreePDK3" to value = 0
[17:11:17.29] /o 
[17:11:17.36] /w Warning: Could not set the value of preference xtDRCTool because it does not exist. (PREFERENCE-016)
[17:11:17.36] /w Warning: Could not set the value of preference xtDRCICVRunsetFile because it does not exist. (PREFERENCE-016)
[17:11:17.36] /w Warning: Could not set the value of preference xtDRCICVIncludePaths because it does not exist. (PREFERENCE-016)
[17:11:17.36] /w Warning: Could not set the value of preference xtDRCLayDBFormat because it does not exist. (PREFERENCE-016)
[17:11:17.36] /w Warning: Could not set the value of preference xtLVSTool because it does not exist. (PREFERENCE-016)
[17:11:17.36] /w Warning: Could not set the value of preference xtLVSICVRunsetFile because it does not exist. (PREFERENCE-016)
[17:11:17.36] /w Warning: Could not set the value of preference xtLVSICVIncludePaths because it does not exist. (PREFERENCE-016)
[17:11:17.36] /w Warning: Could not set the value of preference xtLVSLayDBFormat because it does not exist. (PREFERENCE-016)
[17:11:17.36] /w Warning: Could not set the value of preference xtLPELVSTool because it does not exist. (PREFERENCE-016)
[17:11:17.36] /w Warning: Could not set the value of preference xtLPETool because it does not exist. (PREFERENCE-016)
[17:11:17.36] /w Warning: Could not set the value of preference xtLPEOpenParasiticView because it does not exist. (PREFERENCE-016)
[17:11:17.36] /w Warning: Could not set the value of preference xtStarTcadGrdFile because it does not exist. (PREFERENCE-016)
[17:11:17.36] /w Warning: Could not set the value of preference xtLPEStarOADeviceMappingFile because it does not exist. (PREFERENCE-016)
[17:11:17.36] /w Warning: Could not set the value of preference xtStarOALayerMappingFile because it does not exist. (PREFERENCE-016)
[17:11:17.36] /o 	#######################################
[17:11:17.36] /o 	CC-PDK Library Name	: FreePDK3
[17:11:17.36] /o 	#######################################
[17:11:17.36] /o 
[17:11:17.44] /o Netlisting
[17:11:17.44] /o Creating output directories
[17:11:17.90] /o No Design Integrity rule violations found in "group8/sram_6t_tb/schematic"
[17:11:17.90] /o Scanning: group8/sram_6t_tb/schematic
[17:11:18.17] /o Scanning: group8/sram_6t/schematic
[17:11:18.49] /o Computing terminal lists
[17:11:18.49] /o Processing terminals of module group8/sram_6t/schematic
[17:11:18.51] /o Processing terminals of module group8/sram_6t_tb/schematic
[17:11:18.53] /o Starting netlisting
[17:11:18.84] /o Formatting group8/sram_6t/schematic
[17:11:18.87] /m Information: "group8 sram_6t schematic" renetlisted. (NETLISTING-056)
[17:11:19.09] /o Formatting group8/sram_6t_tb/schematic
[17:11:19.20] /m Information: "group8 sram_6t_tb schematic" renetlisted. (NETLISTING-056)
[17:11:19.47] /m Information: "Netlisting design "group8/sram_6t_tb/schematic" finished successfully." (NETLISTING-012)
[17:11:19.64] /# Composing simulator input file for design "group8/sram_6t_tb/schematic"...
[17:11:21.89] /# Simulator input file composed successfully for design "group8/sram_6t_tb/schematic"
[17:11:22.16] /m Information: Save ouputs to /mnt/coe/workspace/ece/ece546-spr25/group8/group8_project/simulation/group8,sram_6t_tb,schematic/history_1/simulation/default/PrimeSimHSPICE/nominal/results/outputs.tcl for AVA evaluation.
[17:11:24.67] /o 
[17:11:26.77] /o                                          Composing Nominal                                         
[17:11:27.44] /o                             Launching jobs for testbench default started                            
[17:11:27.46] /# Starting PrimeSimHSPICE simulation for design: group8/sram_6t_tb/schematic
[17:11:27.60] /o                             Creating jobs for testbench default (0 / 1)                            
[17:11:27.72] /o                                Launching 1 jobs for testbench default                               
[17:11:28.47] /o                            Launching jobs for testbench default finished                           
[17:11:28.59] /m Information: 0 of 1 testbench(es) done. (PW_GUI-714)
[17:11:34.02] /m Information: Job distribution master (saeSession1,default.Simulation_Simulation session:session0 testbench:default) : up to 1 job running workers.
[17:12:10.25] /# Simulation completed successfully for design: group8/sram_6t_tb/schematic  (PW-651)
[17:12:10.41] /# Netlisting and simulation completed for testbench: default in 54s
[17:12:10.43] /# Evaluating and plotting outputs...
[17:12:16.25] /m Information: Jobs distribution master quit! (PW_GUI-822)
[17:12:16.56] /# Evaluating and plotting completed for testbench: default in 6s
[17:12:16.66] /m Information: 1 of 1 testbench(es) done. (PW_GUI-714)
[17:12:49.44] /o ==== Received Msg ====
              /c len=26 sourceSoc=sock4a1aac40 msgIndex=6 rawMsg=evalCmd ::wf::viewerExited
[17:12:49.44] /o 
[17:12:55.33] /o ==== Received Msg ====
              /c len=35 sourceSoc=sock4a1aac40 msgIndex=7 rawMsg=evalCmd ::wf::updateViewerLicense 2
[17:12:55.33] /o 
[17:15:08.78] /o ==== Received Msg ====
              /c len=208 sourceSoc=sock4a110060 msgIndex=5 rawMsg=AppendTask /mnt/coe/workspace/ece/ece546-spr25/group8/group8_project/synopsys_custom/sim_server/custom_compiler.hrajesh/stb.group8.sram_6t_tb.schematic.session1/task1/sim_script1.tcl 1 saeSession1 1 overwrite
[17:15:08.78] /o 
[17:15:08.99] /m Information: Feature 'SynopsysCustomSAE' checked in. (LICENSE-004)
[17:15:09.04] /m Information: Feature 'SynopsysCustomSAE' checked out. (LICENSE-003)
[17:15:10.48] /w Warning: In file /mnt/coe/workspace/ece/ece546-spr25/group8/group8_project/lib.defs: Unable to open library proj_common at path /mnt/coe/workspace/ece/ece546-common/proj_common : No access permission. (DATA_MANAGEMENT-014)
[17:15:12.05] /m Information: "Starting incremental netlisting for design "group8/sram_6t_tb/schematic"..." (NETLISTING-010)
[17:15:12.18] /o Netlisting
[17:15:12.18] /o Creating output directories
[17:15:12.48] /o No Design Integrity rule violations found in "group8/sram_6t_tb/schematic"
[17:15:12.48] /o Scanning: group8/sram_6t_tb/schematic
[17:15:12.59] /o Scanning: group8/sram_6t/schematic
[17:15:12.89] /o Computing terminal lists
[17:15:12.89] /o Processing terminals of module group8/sram_6t/schematic
[17:15:12.91] /o Processing terminals of module group8/sram_6t_tb/schematic
[17:15:12.93] /o Starting netlisting
[17:15:13.43] /m Information: "Netlisting design "group8/sram_6t_tb/schematic" finished successfully." (NETLISTING-012)
[17:15:13.52] /# Composing simulator input file for design "group8/sram_6t_tb/schematic"...
[17:15:15.73] /# Simulator input file composed successfully for design "group8/sram_6t_tb/schematic"
[17:15:16.02] /m Information: Save ouputs to /mnt/coe/workspace/ece/ece546-spr25/group8/group8_project/simulation/group8,sram_6t_tb,schematic/history_1/simulation/HSPICE_default_2/PrimeSimHSPICE/nominal/results/outputs.tcl for AVA evaluation.
[17:15:17.78] /o 
[17:15:19.60] /o                                          Composing Nominal                                         
[17:15:20.20] /o                        Launching jobs for testbench HSPICE_default_2 started                       
[17:15:20.23] /# Starting PrimeSimHSPICE simulation for design: group8/sram_6t_tb/schematic
[17:15:20.35] /o                         Creating jobs for testbench HSPICE_default_2 (0 / 1)                        
[17:15:20.47] /o                           Launching 1 jobs for testbench HSPICE_default_2                          
[17:15:21.09] /o                        Launching jobs for testbench HSPICE_default_2 finished                       
[17:15:21.10] /o 
[17:15:21.40] /m Information: 1 of 2 testbench(es) done. (PW_GUI-714)
[17:15:24.26] /m Information: Job distribution master (saeSession1,HSPICE_default_2.Simulation_Simulation session:session1 testbench:HSPICE_default_2) : up to 1 job running workers.
[17:16:02.73] /# Simulation completed successfully for design: group8/sram_6t_tb/schematic  (PW-651)
[17:16:02.90] /# Netlisting and simulation completed for testbench: HSPICE_default_2 in 51s
[17:16:02.92] /# Evaluating and plotting outputs...
[17:16:07.92] /m Information: Jobs distribution master quit! (PW_GUI-822)
[17:16:08.46] /# Evaluating and plotting completed for testbench: HSPICE_default_2 in 6s
[17:16:08.58] /m Information: 2 of 2 testbench(es) done. (PW_GUI-714)
[17:17:24.84] /o ==== Received Msg ====
              /c len=26 sourceSoc=sock4a110060 msgIndex=8 rawMsg=evalCmd ::wf::viewerExited
[17:17:24.84] /o 
[17:17:31.14] /o ==== Received Msg ====
              /c len=35 sourceSoc=sock4a110060 msgIndex=9 rawMsg=evalCmd ::wf::updateViewerLicense 2
[17:17:31.14] /o 
[17:17:57.15] /o ==== Received Msg ====
              /c len=8 sourceSoc=sock4a110060 msgIndex=10 rawMsg=idleExit
[17:17:57.15] /o 
[17:17:57.27] /m Information: Exiting simulation server process. (PW_GUI-984)
[17:18:00.84] /o Shutdown time: Fri Mar 28 17:18:00 2025
[17:18:00.84] /o Elapsed session real time: 8.35 minutes
[17:18:00.84] /o Session terminated. Log is at /mnt/coe/workspace/ece/ece546-spr25/group8/group8_project/synopsys_custom/logs/primewave.hrajesh.2025_3_28_170938_2716357.log
[17:18:00.89] /e Error: {}
