[08:45:32.42] /o 
              /c                          PrimeWave Design Environment 
              /c 
              /c                Version W-2024.09-SP1-2 for linux64 - Jan 15, 2025
              /c              Based on Custom Infrastructure
              /c Version W-2024.09-SP1-2
              /c 
              /c                     Copyright (c) 2004 - 2025 Synopsys, Inc.
              /c    This software and the associated documentation are proprietary to Synopsys,
              /c  Inc. This software may only be used in accordance with the terms and conditions
              /c  of a written license agreement with Synopsys, Inc. All other use, reproduction,
              /c    or distribution of this software is strictly prohibited.  Licensed Products
              /c      communicate with Synopsys servers for the purpose of providing software
              /c     updates, detecting software piracy and verifying that customers are using
              /c     Licensed Products in conformity with the applicable License Key for such
              /c   Licensed Products. Synopsys will use information gathered in connection with
              /c     this process to deliver software updates and pursue software pirates and
              /c                                    infringers.
              /c 
              /c  Inclusivity & Diversity - Visit SolvNetPlus to read the "Synopsys Statement on
              /c             Inclusivity and Diversity" (Refer to article 000036315 at
              /c                         https://solvnetplus.synopsys.com)
              /c 
              /c Build  (OPT) Config 11252589 compiled on Wed Jan 15 11:01:36 2025 for AlmaLinux 8.4
              /c Invocation: /mnt/apps/public/COE/synopsys_apps/primewave/W-2024.09-SP1-2/linux64/platform/bin/custom_shell -application primewave -gui 0 -uniqueString 424077b79e1069eeef493fcc6eb9b54b237d0ff9c53bf8841ca54e530ed029672a5ef1dfdc490dbb623cbadf6f465ea8 -python 0 -log pw_shell_session0_job2 -libDefFile /mnt/coe/workspace/ece/ece546-spr25/group8/group8_project/lib.defs
              /c Execution time: Thu Apr  3 08:45:29 2025
              /c Host: grendel42.ece.ncsu.edu
              /c Working directory: /mnt/coe/workspace/ece/ece546-spr25/group8/group8_project
              /c 
[08:45:39.09] /m Information: Registering ICV PERC package...
[08:45:39.86] /m Information: Feature 'SynopsysCustomSAE' checked out. (LICENSE-003)
[08:45:39.86] /i catch {source /tmp/copyScript53134}; ::sa::_backgroundSaeShell::signalProcessReady 1743684326 1008052
[08:45:39.88] /o saeInterBGSaeShell:  ::sa::_backgroundSaeShell::processReady 13
[08:45:40.22] /o 
[08:47:53.95] /i ::wf::viewerExited
[08:47:57.33] /i ::wf::updateViewerLicense 2
[08:49:09.71] /i ::sa::_backgroundSaeShell::exit
[08:49:09.71] /o saeInterBGSaeShell:  ::sa::_backgroundSaeShell::childFormallyExiting
[08:49:11.68] /o Shutdown time: Thu Apr  3 08:49:11 2025
[08:49:11.68] /o Elapsed session real time: 3.68 minutes
[08:49:11.69] /o Session terminated. Log is at /mnt/coe/workspace/ece/ece546-spr25/group8/group8_project/synopsys_custom/logs/primewave.hrajesh.2025_4_3_084529_1013176.log
