[20:51:47.66] /o 
              /c                          PrimeWave Design Environment 
              /c 
              /c                Version W-2024.09-SP1-2 for linux64 - Jan 15, 2025
              /c              Based on Custom Infrastructure
              /c Version W-2024.09-SP1-2
              /c 
              /c                     Copyright (c) 2004 - 2025 Synopsys, Inc.
              /c    This software and the associated documentation are proprietary to Synopsys,
              /c  Inc. This software may only be used in accordance with the terms and conditions
              /c  of a written license agreement with Synopsys, Inc. All other use, reproduction,
              /c    or distribution of this software is strictly prohibited.  Licensed Products
              /c      communicate with Synopsys servers for the purpose of providing software
              /c     updates, detecting software piracy and verifying that customers are using
              /c     Licensed Products in conformity with the applicable License Key for such
              /c   Licensed Products. Synopsys will use information gathered in connection with
              /c     this process to deliver software updates and pursue software pirates and
              /c                                    infringers.
              /c 
              /c  Inclusivity & Diversity - Visit SolvNetPlus to read the "Synopsys Statement on
              /c             Inclusivity and Diversity" (Refer to article 000036315 at
              /c                         https://solvnetplus.synopsys.com)
              /c 
              /c Build  (OPT) Config 11252589 compiled on Wed Jan 15 11:01:36 2025 for AlmaLinux 8.4
              /c Invocation: /mnt/apps/public/COE/synopsys_apps/primewave/W-2024.09-SP1-2/linux64/platform/bin/custom_shell -application primewave -gui 0 -uniqueString 424077b79e1069eec647c84b622085a76c7dd0c34ddd3fe0c1cb7792ad9475423fe2d349ef205de776f47198451c7978 -python 0 -command "source /mnt/coe/workspace/ece/ece546-spr25/group8/group8_project/synopsys_custom/sim_server/custom_compiler.nbandeh/stb.group8.2to4decodermux_tb.schematic.session0/sim_server_init.tcl" -log /mnt/coe/workspace/ece/ece546-spr25/group8/group8_project/synopsys_custom/primewave_session0_sim_server_job1 -libDefFile /mnt/coe/workspace/ece/ece546-spr25/group8/group8_project/lib.defs
              /c Execution time: Mon Mar 31 20:51:37 2025
              /c Host: hydra12.ece.ncsu.edu
              /c Working directory: /mnt/coe/workspace/ece/ece546-spr25/group8/group8_project
              /c 
[20:51:58.88] /m Information: Registering ICV PERC package...
[20:51:59.87] /m Information: Feature 'SynopsysCustomSAE' checked out. (LICENSE-003)
[20:52:00.18] /o 
[20:52:00.25] /i source /mnt/coe/workspace/ece/ece546-spr25/group8/group8_project/synopsys_custom/sim_server/custom_compiler.nbandeh/stb.group8.2to4decodermux_tb.schematic.session0/sim_server_init.tcl
[20:52:01.00] /o SimServer socket started on hydra12.ece.ncsu.edu:46289
[20:52:01.56] /m Information: Launching Waveform Viewer "cd /mnt/coe/workspace/ece/ece546-spr25/group8/group8_project/synopsys_custom/sim_server/custom_compiler.nbandeh/stb.group8.2to4decodermux_tb.schematic.session0/logs &&  /mnt/apps/public/COE/synopsys_apps/primewave/W-2024.09-SP1-2/auxx/../linux64/swv/bin/swv  -bg_gui -k -cdesigner -ptype wv -spxkey /mnt/apps/public/COE/synopsys_apps/primewave/W-2024.09-SP1-2/auxx/waveform/sae.spxkey -spxrc /tmp/tmp_sae_spxrc_jROxq9 -unique_string 424077b79e1069ee485c51949fd62ba56c7dd0c34ddd3fe0c1cb7792ad94754215911dea03ed9e14b2369205c21566b0d7bcbac861e565f3 -lic_type 2   -parent_cc_pid 909035  > /mnt/coe/workspace/ece/ece546-spr25/group8/group8_project/synopsys_custom/sim_server/custom_compiler.nbandeh/stb.group8.2to4decodermux_tb.schematic.session0/logs/viewer.log 2>&1"
[20:52:01.62] /o ==== Received Msg ====
              /c len=35 sourceSoc=sock3c587bd0 msgIndex=0 rawMsg=evalCmd ::wf::updateViewerLicense 2
[20:52:01.62] /o 
[20:52:01.64] /o ==== Received Msg ====
              /c len=35 sourceSoc=sock3c587bd0 msgIndex=1 rawMsg=evalCmd ::wf::updateViewerLicense 2
[20:52:01.64] /o 
[20:57:05.16] /o ==== Received Msg ====
              /c len=8 sourceSoc=sock3c587bd0 msgIndex=2 rawMsg=idleExit
[20:57:05.16] /o 
[20:57:05.20] /m Information: Exiting simulation server process. (PW_GUI-984)
[20:57:08.74] /o Shutdown time: Mon Mar 31 20:57:08 2025
[20:57:08.74] /o Elapsed session real time: 5.48 minutes
[20:57:08.74] /o Session terminated. Log is at /mnt/coe/workspace/ece/ece546-spr25/group8/group8_project/synopsys_custom/logs/primewave.nbandeh.2025_3_31_205137_909035.log
[20:57:08.77] /e Error: {}
