[17:18:15.93] /o 
              /c                          PrimeWave Design Environment 
              /c 
              /c                Version W-2024.09-SP1-2 for linux64 - Jan 15, 2025
              /c              Based on Custom Infrastructure
              /c Version W-2024.09-SP1-2
              /c 
              /c                     Copyright (c) 2004 - 2025 Synopsys, Inc.
              /c    This software and the associated documentation are proprietary to Synopsys,
              /c  Inc. This software may only be used in accordance with the terms and conditions
              /c  of a written license agreement with Synopsys, Inc. All other use, reproduction,
              /c    or distribution of this software is strictly prohibited.  Licensed Products
              /c      communicate with Synopsys servers for the purpose of providing software
              /c     updates, detecting software piracy and verifying that customers are using
              /c     Licensed Products in conformity with the applicable License Key for such
              /c   Licensed Products. Synopsys will use information gathered in connection with
              /c     this process to deliver software updates and pursue software pirates and
              /c                                    infringers.
              /c 
              /c  Inclusivity & Diversity - Visit SolvNetPlus to read the "Synopsys Statement on
              /c             Inclusivity and Diversity" (Refer to article 000036315 at
              /c                         https://solvnetplus.synopsys.com)
              /c 
              /c Build  (OPT) Config 11252589 compiled on Wed Jan 15 11:01:36 2025 for AlmaLinux 8.4
              /c Invocation: /mnt/apps/public/COE/synopsys_apps/primewave/W-2024.09-SP1-2/linux64/platform/bin/custom_shell -application primewave -gui 0 -uniqueString 424077b79e1069ee4664ba510ad633bb4d49f0484e1ba41a3b3a965d3326affaade50b249d956dcb8573f62bd9537fd0 -python 0 -command "source /mnt/coe/workspace/ece/ece546-spr25/group8/group8_project/synopsys_custom/sim_server/custom_compiler.hrajesh/stb.group8.sram_6t_tb.schematic.session1/sim_server_init.tcl" -log /mnt/coe/workspace/ece/ece546-spr25/group8/group8_project/synopsys_custom/primewave_session1_sim_server_job1 -libDefFile /mnt/coe/workspace/ece/ece546-spr25/group8/group8_project/lib.defs
              /c Execution time: Fri Mar 28 17:18:10 2025
              /c Host: hydra12.ece.ncsu.edu
              /c Working directory: /mnt/coe/workspace/ece/ece546-spr25/group8/group8_project
              /c 
[17:18:28.94] /m Information: Registering ICV PERC package...
[17:18:29.26] /w Warning: In file /mnt/coe/workspace/ece/ece546-spr25/group8/group8_project/lib.defs: Unable to open library proj_common at path /mnt/coe/workspace/ece/ece546-common/proj_common : No access permission. (DATA_MANAGEMENT-014)
[17:18:30.04] /m Information: Feature 'SynopsysCustomSAE' checked out. (LICENSE-003)
[17:18:30.15] /o 
[17:18:30.21] /i source /mnt/coe/workspace/ece/ece546-spr25/group8/group8_project/synopsys_custom/sim_server/custom_compiler.hrajesh/stb.group8.sram_6t_tb.schematic.session1/sim_server_init.tcl
[17:18:30.96] /o SimServer socket started on hydra12.ece.ncsu.edu:43025
[17:18:31.46] /m Information: Launching Waveform Viewer "cd /mnt/coe/workspace/ece/ece546-spr25/group8/group8_project/synopsys_custom/sim_server/custom_compiler.hrajesh/stb.group8.sram_6t_tb.schematic.session1/logs &&  /mnt/apps/public/COE/synopsys_apps/primewave/W-2024.09-SP1-2/auxx/../linux64/swv/bin/swv  -bg_gui -k -cdesigner -ptype wv -spxkey /mnt/apps/public/COE/synopsys_apps/primewave/W-2024.09-SP1-2/auxx/waveform/sae.spxkey -spxrc /tmp/tmp_sae_spxrc_saNbwj -unique_string 424077b79e1069ee6bfc0b2034f0f27b4d49f0484e1ba41a3b3a965d3326affa43ab9aba1263e4a596b60e189376580b8b23115c90f69fe5 -lic_type 2   -parent_cc_pid 2725764  > /mnt/coe/workspace/ece/ece546-spr25/group8/group8_project/synopsys_custom/sim_server/custom_compiler.hrajesh/stb.group8.sram_6t_tb.schematic.session1/logs/viewer.log 2>&1"
[17:18:31.52] /o ==== Received Msg ====
              /c len=208 sourceSoc=sock45d52010 msgIndex=6 rawMsg=AppendTask /mnt/coe/workspace/ece/ece546-spr25/group8/group8_project/synopsys_custom/sim_server/custom_compiler.hrajesh/stb.group8.sram_6t_tb.schematic.session1/task0/sim_script0.tcl 0 saeSession1 1 overwrite
[17:18:31.52] /o 
[17:18:33.16] /w Warning: In file /mnt/coe/workspace/ece/ece546-spr25/group8/group8_project/lib.defs: Unable to open library proj_common at path /mnt/coe/workspace/ece/ece546-common/proj_common : No access permission. (DATA_MANAGEMENT-014)
[17:18:34.77] /m Information: "Starting incremental netlisting for design "group8/sram_6t_tb/schematic"..." (NETLISTING-010)
[17:18:34.89] /o Loading: Callback files...
[17:18:34.91] /o Loading: scripts/callbacks/callbacks.tcl
[17:18:34.91] /o 
              /c [INFO] : Loading display.drf from /mnt/designkits/ncsu/FreePDK3/syncust/NCSU_TechLib_FreePDK3
              /c 
              /c  if you wish to Load other display.drf, please set shell environment valiable "iPDK_load_display_NCSU_TechLib_FreePDK3" to value = 0
[17:18:34.91] /o 
[17:18:34.97] /w Warning: Could not set the value of preference xtDRCTool because it does not exist. (PREFERENCE-016)
[17:18:34.97] /w Warning: Could not set the value of preference xtDRCICVRunsetFile because it does not exist. (PREFERENCE-016)
[17:18:34.97] /w Warning: Could not set the value of preference xtDRCICVIncludePaths because it does not exist. (PREFERENCE-016)
[17:18:34.97] /w Warning: Could not set the value of preference xtDRCLayDBFormat because it does not exist. (PREFERENCE-016)
[17:18:34.97] /w Warning: Could not set the value of preference xtLVSTool because it does not exist. (PREFERENCE-016)
[17:18:34.97] /w Warning: Could not set the value of preference xtLVSICVRunsetFile because it does not exist. (PREFERENCE-016)
[17:18:34.97] /w Warning: Could not set the value of preference xtLVSICVIncludePaths because it does not exist. (PREFERENCE-016)
[17:18:34.97] /w Warning: Could not set the value of preference xtLVSLayDBFormat because it does not exist. (PREFERENCE-016)
[17:18:34.97] /w Warning: Could not set the value of preference xtLPELVSTool because it does not exist. (PREFERENCE-016)
[17:18:34.97] /w Warning: Could not set the value of preference xtLPETool because it does not exist. (PREFERENCE-016)
[17:18:34.97] /w Warning: Could not set the value of preference xtLPEOpenParasiticView because it does not exist. (PREFERENCE-016)
[17:18:34.97] /w Warning: Could not set the value of preference xtStarTcadGrdFile because it does not exist. (PREFERENCE-016)
[17:18:34.97] /w Warning: Could not set the value of preference xtLPEStarOADeviceMappingFile because it does not exist. (PREFERENCE-016)
[17:18:34.97] /w Warning: Could not set the value of preference xtStarOALayerMappingFile because it does not exist. (PREFERENCE-016)
[17:18:34.97] /o 	#######################################
[17:18:34.97] /o 	CC-PDK Library Name	: FreePDK3
[17:18:34.97] /o 	#######################################
[17:18:34.97] /o 
[17:18:35.05] /o Netlisting
[17:18:35.05] /o Creating output directories
[17:18:35.52] /o No Design Integrity rule violations found in "group8/sram_6t_tb/schematic"
[17:18:35.52] /o Scanning: group8/sram_6t_tb/schematic
[17:18:35.78] /o Scanning: group8/sram_6t/schematic
[17:18:36.09] /o Computing terminal lists
[17:18:36.09] /o Processing terminals of module group8/sram_6t/schematic
[17:18:36.11] /o Processing terminals of module group8/sram_6t_tb/schematic
[17:18:36.12] /o Starting netlisting
[17:18:36.61] /m Information: "Netlisting design "group8/sram_6t_tb/schematic" finished successfully." (NETLISTING-012)
[17:18:36.73] /# Composing simulator input file for design "group8/sram_6t_tb/schematic"...
[17:18:38.92] /# Simulator input file composed successfully for design "group8/sram_6t_tb/schematic"
[17:18:39.17] /m Information: Save ouputs to /mnt/coe/workspace/ece/ece546-spr25/group8/group8_project/simulation/group8,sram_6t_tb,schematic/history_1/simulation/HSPICE_default_2/PrimeSimHSPICE/nominal/results/outputs.tcl for AVA evaluation.
[17:18:41.51] /o 
[17:18:43.54] /o                                          Composing Nominal                                         
[17:18:44.21] /o                        Launching jobs for testbench HSPICE_default_2 started                       
[17:18:44.23] /# Starting PrimeSimHSPICE simulation for design: group8/sram_6t_tb/schematic
[17:18:44.36] /o                         Creating jobs for testbench HSPICE_default_2 (0 / 1)                        
[17:18:44.48] /o                           Launching 1 jobs for testbench HSPICE_default_2                          
[17:18:45.23] /o                        Launching jobs for testbench HSPICE_default_2 finished                       
[17:18:46.70] /m Information: 0 of 1 testbench(es) done. (PW_GUI-714)
[17:18:51.39] /m Information: Job distribution master (saeSession1,HSPICE_default_2.Simulation_Simulation session:session0 testbench:HSPICE_default_2) : up to 1 job running workers.
[17:19:27.76] /# Simulation completed successfully for design: group8/sram_6t_tb/schematic  (PW-651)
[17:19:27.91] /# Netlisting and simulation completed for testbench: HSPICE_default_2 in 54s
[17:19:27.94] /# Evaluating and plotting outputs...
[17:19:33.52] /m Information: Jobs distribution master quit! (PW_GUI-822)
[17:19:34.42] /# Evaluating and plotting completed for testbench: HSPICE_default_2 in 7s
[17:19:34.63] /m Information: 1 of 1 testbench(es) done. (PW_GUI-714)
[17:22:43.17] /o ==== Received Msg ====
              /c len=8 sourceSoc=sock45d52010 msgIndex=11 rawMsg=idleExit
[17:22:43.17] /o 
[17:22:43.22] /m Information: Exiting simulation server process. (PW_GUI-984)
[17:22:46.97] /e Error: Error happens when creating .sae.spxrc
[17:22:46.99] /o Shutdown time: Fri Mar 28 17:22:46 2025
[17:22:46.99] /o Elapsed session real time: 4.58 minutes
[17:22:46.99] /o Session terminated. Log is at /mnt/coe/workspace/ece/ece546-spr25/group8/group8_project/synopsys_custom/logs/primewave.hrajesh.2025_3_28_171810_2725764.log
[17:22:47.03] /e Error: {}
