[17:06:07.09] /o 
              /c                          PrimeWave Design Environment 
              /c 
              /c                Version W-2024.09-SP1-2 for linux64 - Jan 15, 2025
              /c              Based on Custom Infrastructure
              /c Version W-2024.09-SP1-2
              /c 
              /c                     Copyright (c) 2004 - 2025 Synopsys, Inc.
              /c    This software and the associated documentation are proprietary to Synopsys,
              /c  Inc. This software may only be used in accordance with the terms and conditions
              /c  of a written license agreement with Synopsys, Inc. All other use, reproduction,
              /c    or distribution of this software is strictly prohibited.  Licensed Products
              /c      communicate with Synopsys servers for the purpose of providing software
              /c     updates, detecting software piracy and verifying that customers are using
              /c     Licensed Products in conformity with the applicable License Key for such
              /c   Licensed Products. Synopsys will use information gathered in connection with
              /c     this process to deliver software updates and pursue software pirates and
              /c                                    infringers.
              /c 
              /c  Inclusivity & Diversity - Visit SolvNetPlus to read the "Synopsys Statement on
              /c             Inclusivity and Diversity" (Refer to article 000036315 at
              /c                         https://solvnetplus.synopsys.com)
              /c 
              /c Build  (OPT) Config 11252589 compiled on Wed Jan 15 11:01:36 2025 for AlmaLinux 8.4
              /c Invocation: /mnt/apps/public/COE/synopsys_apps/primewave/W-2024.09-SP1-2/linux64/platform/bin/custom_shell -application primewave -gui 0 -uniqueString 424077b79e1069ee4664ba510ad633bb4d49f0484e1ba41a3b3a965d3326affaac8b4bdeddb0f324d85d0ad475682c01 -python 0 -log pw_shell_session0_job3 -libDefFile /mnt/coe/workspace/ece/ece546-spr25/group8/group8_project/lib.defs
              /c Execution time: Fri Mar 28 17:06:01 2025
              /c Host: hydra12.ece.ncsu.edu
              /c Working directory: /mnt/coe/workspace/ece/ece546-spr25/group8/group8_project
              /c 
[17:06:19.71] /m Information: Registering ICV PERC package...
[17:06:19.94] /w Warning: In file /mnt/coe/workspace/ece/ece546-spr25/group8/group8_project/lib.defs: Unable to open library proj_common at path /mnt/coe/workspace/ece/ece546-common/proj_common : No access permission. (DATA_MANAGEMENT-014)
[17:06:20.74] /m Information: Feature 'SynopsysCustomSAE' checked out. (LICENSE-003)
[17:06:20.75] /i catch {source /tmp/copyScript77697}; ::sa::_backgroundSaeShell::signalProcessReady 1743195958 2701863
[17:06:20.77] /o saeInterBGSaeShell:  ::sa::_backgroundSaeShell::processReady 22
[17:06:21.15] /o 
[17:09:00.74] /i ::sa::_backgroundSaeShell::exit
[17:09:00.74] /o saeInterBGSaeShell:  ::sa::_backgroundSaeShell::childFormallyExiting
[17:09:03.76] /o Shutdown time: Fri Mar 28 17:09:03 2025
[17:09:03.76] /o Elapsed session real time: 3.01 minutes
[17:09:03.76] /o Session terminated. Log is at /mnt/coe/workspace/ece/ece546-spr25/group8/group8_project/synopsys_custom/logs/primewave.hrajesh.2025_3_28_170601_2712259.log
[17:09:03.78] /i ::wf::viewerExited
[17:09:03.79] /i ::wf::viewerExited
