[21:42:53.95] /o 
              /c                          PrimeWave Design Environment 
              /c 
              /c                Version W-2024.09-SP1-2 for linux64 - Jan 15, 2025
              /c              Based on Custom Infrastructure
              /c Version W-2024.09-SP1-2
              /c 
              /c                     Copyright (c) 2004 - 2025 Synopsys, Inc.
              /c    This software and the associated documentation are proprietary to Synopsys,
              /c  Inc. This software may only be used in accordance with the terms and conditions
              /c  of a written license agreement with Synopsys, Inc. All other use, reproduction,
              /c    or distribution of this software is strictly prohibited.  Licensed Products
              /c      communicate with Synopsys servers for the purpose of providing software
              /c     updates, detecting software piracy and verifying that customers are using
              /c     Licensed Products in conformity with the applicable License Key for such
              /c   Licensed Products. Synopsys will use information gathered in connection with
              /c     this process to deliver software updates and pursue software pirates and
              /c                                    infringers.
              /c 
              /c  Inclusivity & Diversity - Visit SolvNetPlus to read the "Synopsys Statement on
              /c             Inclusivity and Diversity" (Refer to article 000036315 at
              /c                         https://solvnetplus.synopsys.com)
              /c 
              /c Build  (OPT) Config 11252589 compiled on Wed Jan 15 11:01:36 2025 for AlmaLinux 8.4
              /c Invocation: /mnt/apps/public/COE/synopsys_apps/primewave/W-2024.09-SP1-2/linux64/platform/bin/custom_shell -application primewave -gui 0 -uniqueString 424077b79e1069eeb22b3c236a49c119237d0ff9c53bf8841ab29029250ab5319b88686ade74306a9113dbb610614e9e -python 0 -log pw_shell_session0_job6 -libDefFile /mnt/coe/workspace/ece/ece546-spr25/group8/group8_project/lib.defs
              /c Execution time: Wed Apr  2 21:42:50 2025
              /c Host: grendel45.ece.ncsu.edu
              /c Working directory: /mnt/coe/workspace/ece/ece546-spr25/group8/group8_project
              /c 
[21:43:04.68] /m Information: Registering ICV PERC package...
[21:43:05.72] /m Information: Feature 'SynopsysCustomSAE' checked out. (LICENSE-003)
[21:43:05.73] /i catch {source /tmp/copyScript89205}; ::sa::_backgroundSaeShell::signalProcessReady 1743644567 3501133
[21:43:05.75] /o saeInterBGSaeShell:  ::sa::_backgroundSaeShell::processReady 18
[21:43:05.86] /o 
[21:43:05.87] /i ::sa::_backgroundSaeShell::runScript /mnt/coe/workspace/ece/ece546-spr25/group8/group8_project/simulation/group8,buffer_tb,schematic/history_1/simulation/default/PrimeSimHSPICE/nominal/.bg_measurement_script.tcl 0 sa::_resultsDatabase::saeShellProcessingCompletedProc testSuiteName saeSession0 uniqueSessionName {} testbenchName default resultsDir /mnt/coe/workspace/ece/ece546-spr25/group8/group8_project/simulation/group8,buffer_tb,schematic/history_1/simulation/default/PrimeSimHSPICE/nominal/results testSuiteDir /mnt/coe/workspace/ece/ece546-spr25/group8/group8_project/simulation/group8,buffer_tb,schematic/history_1/simulation/default/PrimeSimHSPICE/nominal databaseName /mnt/coe/workspace/ece/ece546-spr25/group8/group8_project/simulation/group8,buffer_tb,schematic/history_1/simulation/default/PrimeSimHSPICE/nominal/resultsDatabase remoteRun {} testbenchId 1 saveImages true invokeFrom SIM_DONE
[21:43:07.34] /m Information: Loading preferences from /mnt/coe/workspace/ece/ece546-spr25/group8/group8_project/simulation/group8,buffer_tb,schematic/history_1/simulation/default/PrimeSimHSPICE/nominal/pw_shell_session_prefs.xml
[21:43:07.60] /o Loading: Callback files...
[21:43:07.63] /o Loading: scripts/callbacks/callbacks.tcl
[21:43:07.63] /o 
              /c [INFO] : Loading display.drf from /mnt/designkits/ncsu/FreePDK3/syncust/NCSU_TechLib_FreePDK3
              /c 
              /c  if you wish to Load other display.drf, please set shell environment valiable "iPDK_load_display_NCSU_TechLib_FreePDK3" to value = 0
[21:43:07.63] /o 
[21:43:07.67] /w Warning: Could not set the value of preference xtDRCTool because it does not exist. (PREFERENCE-016)
[21:43:07.67] /w Warning: Could not set the value of preference xtDRCICVRunsetFile because it does not exist. (PREFERENCE-016)
[21:43:07.67] /w Warning: Could not set the value of preference xtDRCICVIncludePaths because it does not exist. (PREFERENCE-016)
[21:43:07.67] /w Warning: Could not set the value of preference xtDRCLayDBFormat because it does not exist. (PREFERENCE-016)
[21:43:07.67] /w Warning: Could not set the value of preference xtLVSTool because it does not exist. (PREFERENCE-016)
[21:43:07.67] /w Warning: Could not set the value of preference xtLVSICVRunsetFile because it does not exist. (PREFERENCE-016)
[21:43:07.67] /w Warning: Could not set the value of preference xtLVSICVIncludePaths because it does not exist. (PREFERENCE-016)
[21:43:07.67] /w Warning: Could not set the value of preference xtLVSLayDBFormat because it does not exist. (PREFERENCE-016)
[21:43:07.67] /w Warning: Could not set the value of preference xtLPELVSTool because it does not exist. (PREFERENCE-016)
[21:43:07.67] /w Warning: Could not set the value of preference xtLPETool because it does not exist. (PREFERENCE-016)
[21:43:07.67] /w Warning: Could not set the value of preference xtLPEOpenParasiticView because it does not exist. (PREFERENCE-016)
[21:43:07.67] /w Warning: Could not set the value of preference xtStarTcadGrdFile because it does not exist. (PREFERENCE-016)
[21:43:07.67] /w Warning: Could not set the value of preference xtLPEStarOADeviceMappingFile because it does not exist. (PREFERENCE-016)
[21:43:07.67] /w Warning: Could not set the value of preference xtStarOALayerMappingFile because it does not exist. (PREFERENCE-016)
[21:43:07.67] /o 	#######################################
[21:43:07.67] /o 	CC-PDK Library Name	: FreePDK3
[21:43:07.67] /o 	#######################################
[21:43:07.67] /o 
[21:43:08.15] /m Information: Start incremental database creation...
[21:43:08.25] /m Information: Create Iter role param id map
[21:43:08.79] /o saeInterBGSaeShell:  ::sa::_backgroundSaeShell::scriptFinished 2.9 {} sa::_resultsDatabase::saeShellProcessingCompletedProc testSuiteName saeSession0 uniqueSessionName {} testbenchName default resultsDir /mnt/coe/workspace/ece/ece546-spr25/group8/group8_project/simulation/group8,buffer_tb,schematic/history_1/simulation/default/PrimeSimHSPICE/nominal/results testSuiteDir /mnt/coe/workspace/ece/ece546-spr25/group8/group8_project/simulation/group8,buffer_tb,schematic/history_1/simulation/default/PrimeSimHSPICE/nominal databaseName /mnt/coe/workspace/ece/ece546-spr25/group8/group8_project/simulation/group8,buffer_tb,schematic/history_1/simulation/default/PrimeSimHSPICE/nominal/resultsDatabase remoteRun {} testbenchId 1 saveImages true invokeFrom SIM_DONE
[21:43:08.79] /o false
[21:43:33.04] /i ::wf::viewerExited
[21:43:39.36] /i ::wf::updateViewerLicense 2
[21:44:57.76] /i ::sa::_backgroundSaeShell::runScript /mnt/coe/workspace/ece/ece546-spr25/group8/group8_project/simulation/group8,buffer_tb,schematic/history_1/simulation/default/PrimeSimHSPICE/nominal/.bg_measurement_script.tcl 0 sa::_resultsDatabase::saeShellProcessingCompletedProc testSuiteName saeSession0 uniqueSessionName {} testbenchName default resultsDir /mnt/coe/workspace/ece/ece546-spr25/group8/group8_project/simulation/group8,buffer_tb,schematic/history_1/simulation/default/PrimeSimHSPICE/nominal/results testSuiteDir /mnt/coe/workspace/ece/ece546-spr25/group8/group8_project/simulation/group8,buffer_tb,schematic/history_1/simulation/default/PrimeSimHSPICE/nominal databaseName /mnt/coe/workspace/ece/ece546-spr25/group8/group8_project/simulation/group8,buffer_tb,schematic/history_1/simulation/default/PrimeSimHSPICE/nominal/resultsDatabase remoteRun {} testbenchId 1 saveImages true invokeFrom SIM_DONE
[21:44:57.84] /m Information: Feature 'SynopsysCustomSAE' checked in. (LICENSE-004)
[21:44:57.88] /m Information: Feature 'SynopsysCustomSAE' checked out. (LICENSE-003)
[21:44:58.94] /m Information: Loading preferences from /mnt/coe/workspace/ece/ece546-spr25/group8/group8_project/simulation/group8,buffer_tb,schematic/history_1/simulation/default/PrimeSimHSPICE/nominal/pw_shell_session_prefs.xml
[21:44:59.50] /m Information: Start incremental database creation...
[21:44:59.58] /m Information: Create Iter role param id map
[21:45:00.05] /o saeInterBGSaeShell:  ::sa::_backgroundSaeShell::scriptFinished 2.2 {} sa::_resultsDatabase::saeShellProcessingCompletedProc testSuiteName saeSession0 uniqueSessionName {} testbenchName default resultsDir /mnt/coe/workspace/ece/ece546-spr25/group8/group8_project/simulation/group8,buffer_tb,schematic/history_1/simulation/default/PrimeSimHSPICE/nominal/results testSuiteDir /mnt/coe/workspace/ece/ece546-spr25/group8/group8_project/simulation/group8,buffer_tb,schematic/history_1/simulation/default/PrimeSimHSPICE/nominal databaseName /mnt/coe/workspace/ece/ece546-spr25/group8/group8_project/simulation/group8,buffer_tb,schematic/history_1/simulation/default/PrimeSimHSPICE/nominal/resultsDatabase remoteRun {} testbenchId 1 saveImages true invokeFrom SIM_DONE
[21:45:00.05] /o false
[21:45:00.05] /o 
[21:46:18.35] /i ::sa::_backgroundSaeShell::exit
[21:46:18.35] /o saeInterBGSaeShell:  ::sa::_backgroundSaeShell::childFormallyExiting
[21:46:20.49] /e Error: Error happens when creating .sae.spxrc
[21:46:20.50] /o Shutdown time: Wed Apr  2 21:46:20 2025
[21:46:20.50] /o Elapsed session real time: 3.46 minutes
[21:46:20.51] /o Session terminated. Log is at /mnt/coe/workspace/ece/ece546-spr25/group8/group8_project/synopsys_custom/logs/primewave.hrajesh.2025_4_2_214250_3817943.log
