[15:32:12.54] /o 
              /c                          PrimeWave Design Environment 
              /c 
              /c                Version W-2024.09-SP1-2 for linux64 - Jan 15, 2025
              /c              Based on Custom Infrastructure
              /c Version W-2024.09-SP1-2
              /c 
              /c                     Copyright (c) 2004 - 2025 Synopsys, Inc.
              /c    This software and the associated documentation are proprietary to Synopsys,
              /c  Inc. This software may only be used in accordance with the terms and conditions
              /c  of a written license agreement with Synopsys, Inc. All other use, reproduction,
              /c    or distribution of this software is strictly prohibited.  Licensed Products
              /c      communicate with Synopsys servers for the purpose of providing software
              /c     updates, detecting software piracy and verifying that customers are using
              /c     Licensed Products in conformity with the applicable License Key for such
              /c   Licensed Products. Synopsys will use information gathered in connection with
              /c     this process to deliver software updates and pursue software pirates and
              /c                                    infringers.
              /c 
              /c  Inclusivity & Diversity - Visit SolvNetPlus to read the "Synopsys Statement on
              /c             Inclusivity and Diversity" (Refer to article 000036315 at
              /c                         https://solvnetplus.synopsys.com)
              /c 
              /c Build  (OPT) Config 11252589 compiled on Wed Jan 15 11:01:36 2025 for AlmaLinux 8.4
              /c Invocation: /mnt/apps/public/COE/synopsys_apps/primewave/W-2024.09-SP1-2/linux64/platform/bin/custom_shell -application primewave -gui 0 -uniqueString 424077b79e1069eedd8578c011d9500f2c97bf2f98d5b5cdf93a5ef511cc936b94924875c1f320c6909454f9cec83f01 -python 0 -command "source /mnt/coe/workspace/ece/ece546-spr25/group8/group8_project/synopsys_custom/sim_server/custom_compiler.nbandeh/stb.group8.2to4decodermux_tb.schematic.session0/sim_server_init.tcl" -log /mnt/coe/workspace/ece/ece546-spr25/group8/group8_project/synopsys_custom/primewave_session0_sim_server_job1 -libDefFile /mnt/coe/workspace/ece/ece546-spr25/group8/group8_project/lib.defs
              /c Execution time: Tue Apr  1 15:32:11 2025
              /c Host: warlock.ece.ncsu.edu
              /c Working directory: /mnt/coe/workspace/ece/ece546-spr25/group8/group8_project
              /c 
[15:32:17.61] /m Information: Registering ICV PERC package...
[15:32:18.28] /m Information: Feature 'SynopsysCustomSAE' checked out. (LICENSE-003)
[15:32:18.57] /o 
[15:32:18.59] /i source /mnt/coe/workspace/ece/ece546-spr25/group8/group8_project/synopsys_custom/sim_server/custom_compiler.nbandeh/stb.group8.2to4decodermux_tb.schematic.session0/sim_server_init.tcl
[15:32:18.87] /o SimServer socket started on warlock.ece.ncsu.edu:42383
[15:32:19.57] /m Information: Launching Waveform Viewer "cd /mnt/coe/workspace/ece/ece546-spr25/group8/group8_project/synopsys_custom/sim_server/custom_compiler.nbandeh/stb.group8.2to4decodermux_tb.schematic.session0/logs &&  /mnt/apps/public/COE/synopsys_apps/primewave/W-2024.09-SP1-2/auxx/../linux64/swv/bin/swv  -bg_gui -k -cdesigner -ptype wv -spxkey /mnt/apps/public/COE/synopsys_apps/primewave/W-2024.09-SP1-2/auxx/waveform/sae.spxkey -spxrc /tmp/tmp_sae_spxrc_XaFCn0 -unique_string 424077b79e1069eef78abf048dd2bf922c97bf2f98d5b5cdf93a5ef511cc936b2fbd9b5d04ce3189ee84d9fda5b27c49b73cd335ed5c2b5e -lic_type 2   -parent_cc_pid 39063  > /mnt/coe/workspace/ece/ece546-spr25/group8/group8_project/synopsys_custom/sim_server/custom_compiler.nbandeh/stb.group8.2to4decodermux_tb.schematic.session0/logs/viewer.log 2>&1"
[15:32:19.61] /o ==== Received Msg ====
              /c len=215 sourceSoc=sock43e33800 msgIndex=3 rawMsg=AppendTask /mnt/coe/workspace/ece/ece546-spr25/group8/group8_project/synopsys_custom/sim_server/custom_compiler.nbandeh/stb.group8.2to4decodermux_tb.schematic.session0/task0/sim_script0.tcl 0 saeSession0 1 overwrite
[15:32:19.61] /o 
[15:32:19.73] /o ==== Received Msg ====
              /c len=26 sourceSoc=sock43e33800 msgIndex=6 rawMsg=evalCmd ::wf::viewerExited
[15:32:19.73] /o 
[15:32:19.75] /o ==== Received Msg ====
              /c len=35 sourceSoc=sock43e33800 msgIndex=7 rawMsg=evalCmd ::wf::updateViewerLicense 2
[15:32:19.75] /o 
[15:32:21.88] /m Information: "Starting incremental netlisting for design "group8/2to4decodermux_tb/schematic"..." (NETLISTING-010)
[15:32:22.01] /o Loading: Callback files...
[15:32:22.03] /o Loading: scripts/callbacks/callbacks.tcl
[15:32:22.03] /o 
              /c [INFO] : Loading display.drf from /mnt/designkits/ncsu/FreePDK3/syncust/NCSU_TechLib_FreePDK3
              /c 
              /c  if you wish to Load other display.drf, please set shell environment valiable "iPDK_load_display_NCSU_TechLib_FreePDK3" to value = 0
[15:32:22.03] /o 
[15:32:22.05] /w Warning: Could not set the value of preference xtDRCTool because it does not exist. (PREFERENCE-016)
[15:32:22.05] /w Warning: Could not set the value of preference xtDRCICVRunsetFile because it does not exist. (PREFERENCE-016)
[15:32:22.05] /w Warning: Could not set the value of preference xtDRCICVIncludePaths because it does not exist. (PREFERENCE-016)
[15:32:22.05] /w Warning: Could not set the value of preference xtDRCLayDBFormat because it does not exist. (PREFERENCE-016)
[15:32:22.05] /w Warning: Could not set the value of preference xtLVSTool because it does not exist. (PREFERENCE-016)
[15:32:22.05] /w Warning: Could not set the value of preference xtLVSICVRunsetFile because it does not exist. (PREFERENCE-016)
[15:32:22.05] /w Warning: Could not set the value of preference xtLVSICVIncludePaths because it does not exist. (PREFERENCE-016)
[15:32:22.05] /w Warning: Could not set the value of preference xtLVSLayDBFormat because it does not exist. (PREFERENCE-016)
[15:32:22.05] /w Warning: Could not set the value of preference xtLPELVSTool because it does not exist. (PREFERENCE-016)
[15:32:22.05] /w Warning: Could not set the value of preference xtLPETool because it does not exist. (PREFERENCE-016)
[15:32:22.05] /w Warning: Could not set the value of preference xtLPEOpenParasiticView because it does not exist. (PREFERENCE-016)
[15:32:22.05] /w Warning: Could not set the value of preference xtStarTcadGrdFile because it does not exist. (PREFERENCE-016)
[15:32:22.05] /w Warning: Could not set the value of preference xtLPEStarOADeviceMappingFile because it does not exist. (PREFERENCE-016)
[15:32:22.05] /w Warning: Could not set the value of preference xtStarOALayerMappingFile because it does not exist. (PREFERENCE-016)
[15:32:22.05] /o 	#######################################
[15:32:22.05] /o 	CC-PDK Library Name	: FreePDK3
[15:32:22.05] /o 	#######################################
[15:32:22.05] /o 
[15:32:22.11] /o Netlisting
[15:32:22.11] /o Creating output directories
[15:32:22.32] /o No Design Integrity rule violations found in "group8/2to4decodermux_tb/schematic"
[15:32:22.32] /o Scanning: group8/2to4decodermux_tb/schematic
[15:32:22.52] /o Scanning: group8/2to4decodermux/schematic
[15:32:22.74] /o Scanning: group8/inv/schematic
[15:32:22.89] /o Computing terminal lists
[15:32:22.89] /o Processing terminals of module group8/inv/schematic
[15:32:22.91] /o Processing terminals of module group8/2to4decodermux/schematic
[15:32:22.91] /o Processing terminals of module group8/2to4decodermux_tb/schematic
[15:32:22.91] /o Starting netlisting
[15:32:23.20] /o Formatting group8/2to4decodermux_tb/schematic
[15:32:23.22] /m Information: "group8 2to4decodermux_tb schematic" renetlisted. (NETLISTING-056)
[15:32:23.45] /m Information: "Netlisting design "group8/2to4decodermux_tb/schematic" finished successfully." (NETLISTING-012)
[15:32:23.54] /# Composing simulator input file for design "group8/2to4decodermux_tb/schematic"...
[15:32:26.59] /# Simulator input file composed successfully for design "group8/2to4decodermux_tb/schematic"
[15:32:26.82] /m Information: Save ouputs to /mnt/coe/workspace/ece/ece546-spr25/group8/group8_project/simulation/group8,2to4decodermux_tb,schematic/history_1/simulation/HSPICE_default/HSPICE/nominal/results/outputs.tcl for AVA evaluation.
[15:32:28.93] /o 
[15:32:30.70] /o                                          Composing Nominal                                         
[15:32:31.24] /o                         Launching jobs for testbench HSPICE_default started                        
[15:32:31.25] /# Starting PrimeSimHSPICE simulation for design: group8/2to4decodermux_tb/schematic
[15:32:31.36] /o                          Creating jobs for testbench HSPICE_default (0 / 1)                         
[15:32:31.46] /o                            Launching 1 jobs for testbench HSPICE_default                           
[15:32:32.91] /o                         Launching jobs for testbench HSPICE_default finished                        
[15:32:34.64] /m Information: 0 of 1 testbench(es) done. (PW_GUI-714)
[15:32:36.06] /m Information: Job distribution master (saeSession0,HSPICE_default.Simulation_Simulation session:session0 testbench:HSPICE_default) : up to 1 job running workers.
[15:32:57.45] /# Simulation completed successfully for design: group8/2to4decodermux_tb/schematic  (PW-651)
[15:32:57.57] /# Netlisting and simulation completed for testbench: HSPICE_default in 36s
[15:32:57.58] /# Evaluating and plotting outputs...
[15:33:03.31] /m Information: Jobs distribution master quit! (PW_GUI-822)
[15:33:03.91] /# Evaluating and plotting completed for testbench: HSPICE_default in 6s
[15:33:03.99] /m Information: 1 of 1 testbench(es) done. (PW_GUI-714)
[15:34:16.86] /o ==== Received Msg ====
              /c len=26 sourceSoc=sock43e33800 msgIndex=8 rawMsg=evalCmd ::wf::viewerExited
[15:34:16.86] /o 
[15:34:18.66] /o ==== Received Msg ====
              /c len=35 sourceSoc=sock43e33800 msgIndex=9 rawMsg=evalCmd ::wf::updateViewerLicense 2
[15:34:18.66] /o 
[15:34:33.18] /o ==== Received Msg ====
              /c len=215 sourceSoc=sock43c331a0 msgIndex=4 rawMsg=AppendTask /mnt/coe/workspace/ece/ece546-spr25/group8/group8_project/synopsys_custom/sim_server/custom_compiler.nbandeh/stb.group8.2to4decodermux_tb.schematic.session0/task1/sim_script1.tcl 1 saeSession0 1 overwrite
[15:34:33.18] /o 
[15:34:33.36] /m Information: Feature 'SynopsysCustomSAE' checked in. (LICENSE-004)
[15:34:33.38] /m Information: Feature 'SynopsysCustomSAE' checked out. (LICENSE-003)
[15:34:35.53] /m Information: "Starting incremental netlisting for design "group8/2to4decodermux_tb/schematic"..." (NETLISTING-010)
[15:34:35.65] /o Netlisting
[15:34:35.65] /o Creating output directories
[15:34:35.80] /o No Design Integrity rule violations found in "group8/2to4decodermux_tb/schematic"
[15:34:35.80] /o Scanning: group8/2to4decodermux_tb/schematic
[15:34:35.93] /o Scanning: group8/2to4decodermux/schematic
[15:34:36.05] /o Scanning: group8/inv/schematic
[15:34:36.19] /o Computing terminal lists
[15:34:36.19] /o Processing terminals of module group8/inv/schematic
[15:34:36.20] /o Processing terminals of module group8/2to4decodermux/schematic
[15:34:36.20] /o Processing terminals of module group8/2to4decodermux_tb/schematic
[15:34:36.21] /o Starting netlisting
[15:34:36.50] /o Formatting group8/2to4decodermux_tb/schematic
[15:34:36.51] /m Information: "group8 2to4decodermux_tb schematic" renetlisted. (NETLISTING-056)
[15:34:36.75] /m Information: "Netlisting design "group8/2to4decodermux_tb/schematic" finished successfully." (NETLISTING-012)
[15:34:36.82] /# Composing simulator input file for design "group8/2to4decodermux_tb/schematic"...
[15:34:40.05] /# Simulator input file composed successfully for design "group8/2to4decodermux_tb/schematic"
[15:34:40.27] /m Information: Save ouputs to /mnt/coe/workspace/ece/ece546-spr25/group8/group8_project/simulation/group8,2to4decodermux_tb,schematic/history_1/simulation/HSPICE_default/HSPICE/nominal/results/outputs.tcl for AVA evaluation.
[15:34:42.41] /o 
[15:34:44.11] /o                                          Composing Nominal                                         
[15:34:44.64] /o                         Launching jobs for testbench HSPICE_default started                        
[15:34:44.66] /# Starting PrimeSimHSPICE simulation for design: group8/2to4decodermux_tb/schematic
[15:34:44.76] /o                          Creating jobs for testbench HSPICE_default (0 / 1)                         
[15:34:44.86] /o                            Launching 1 jobs for testbench HSPICE_default                           
[15:34:45.99] /o                         Launching jobs for testbench HSPICE_default finished                        
[15:34:46.19] /o 
[15:34:47.36] /m Information: 1 of 2 testbench(es) done. (PW_GUI-714)
[15:34:49.06] /m Information: Job distribution master (saeSession0,HSPICE_default.Simulation_Simulation session:session1 testbench:HSPICE_default) : up to 1 job running workers.
[15:35:11.94] /# Simulation completed successfully for design: group8/2to4decodermux_tb/schematic  (PW-651)
[15:35:12.07] /# Netlisting and simulation completed for testbench: HSPICE_default in 38s
[15:35:12.08] /# Evaluating and plotting outputs...
[15:35:17.19] /m Information: Jobs distribution master quit! (PW_GUI-822)
[15:35:17.52] /# Evaluating and plotting completed for testbench: HSPICE_default in 5s
[15:35:17.61] /m Information: 2 of 2 testbench(es) done. (PW_GUI-714)
[15:37:10.58] /o ==== Received Msg ====
              /c len=8 sourceSoc=sock43c331a0 msgIndex=10 rawMsg=idleExit
[15:37:10.58] /o 
[15:37:10.68] /m Information: Exiting simulation server process. (PW_GUI-984)
[15:37:11.79] /o Shutdown time: Tue Apr  1 15:37:11 2025
[15:37:11.79] /o Elapsed session real time: 5 minutes
[15:37:11.79] /o Session terminated. Log is at /mnt/coe/workspace/ece/ece546-spr25/group8/group8_project/synopsys_custom/logs/primewave.nbandeh.2025_4_1_153211_39063.log
[15:37:11.80] /e Error: {}
