[00:11:55.98] /o 
              /c                          PrimeWave Design Environment 
              /c 
              /c                Version W-2024.09-SP1-2 for linux64 - Jan 15, 2025
              /c              Based on Custom Infrastructure
              /c Version W-2024.09-SP1-2
              /c 
              /c                     Copyright (c) 2004 - 2025 Synopsys, Inc.
              /c    This software and the associated documentation are proprietary to Synopsys,
              /c  Inc. This software may only be used in accordance with the terms and conditions
              /c  of a written license agreement with Synopsys, Inc. All other use, reproduction,
              /c    or distribution of this software is strictly prohibited.  Licensed Products
              /c      communicate with Synopsys servers for the purpose of providing software
              /c     updates, detecting software piracy and verifying that customers are using
              /c     Licensed Products in conformity with the applicable License Key for such
              /c   Licensed Products. Synopsys will use information gathered in connection with
              /c     this process to deliver software updates and pursue software pirates and
              /c                                    infringers.
              /c 
              /c  Inclusivity & Diversity - Visit SolvNetPlus to read the "Synopsys Statement on
              /c             Inclusivity and Diversity" (Refer to article 000036315 at
              /c                         https://solvnetplus.synopsys.com)
              /c 
              /c Build  (OPT) Config 11252589 compiled on Wed Jan 15 11:01:36 2025 for AlmaLinux 8.4
              /c Invocation: /mnt/apps/public/COE/synopsys_apps/primewave/W-2024.09-SP1-2/linux64/platform/bin/custom_shell -application primewave -gui 0 -uniqueString 424077b79e1069ee38309584560f0273f03d3135d99f0755c1cb7792ad9475422d93ee803f5e26a5d3162e2bb66a5bb9 -python 0 -command "source /mnt/coe/workspace/ece/ece546-spr25/group8/group8_project/synopsys_custom/sim_server/custom_compiler.hrajesh/stb.group8.write_logic.schematic.session0/sim_server_init.tcl" -log /mnt/coe/workspace/ece/ece546-spr25/group8/group8_project/synopsys_custom/primewave_session0_sim_server_job1 -libDefFile /mnt/coe/workspace/ece/ece546-spr25/group8/group8_project/lib.defs
              /c Execution time: Wed Mar 26 00:11:50 2025
              /c Host: hydra11.ece.ncsu.edu
              /c Working directory: /mnt/coe/workspace/ece/ece546-spr25/group8/group8_project
              /c 
[00:12:04.86] /m Information: Registering ICV PERC package...
[00:12:05.06] /w Warning: In file /mnt/coe/workspace/ece/ece546-spr25/group8/group8_project/lib.defs: Unable to open library proj_common at path /mnt/coe/workspace/ece/ece546-common/proj_common : No access permission. (DATA_MANAGEMENT-014)
[00:12:05.51] /m Information: Feature 'SynopsysCustomSAE' checked out. (LICENSE-003)
[00:12:05.65] /o 
[00:12:05.69] /i source /mnt/coe/workspace/ece/ece546-spr25/group8/group8_project/synopsys_custom/sim_server/custom_compiler.hrajesh/stb.group8.write_logic.schematic.session0/sim_server_init.tcl
[00:12:06.75] /o SimServer socket started on hydra11.ece.ncsu.edu:36919
[00:12:07.19] /m Information: Launching Waveform Viewer "cd /mnt/coe/workspace/ece/ece546-spr25/group8/group8_project/synopsys_custom/sim_server/custom_compiler.hrajesh/stb.group8.write_logic.schematic.session0/logs &&  /mnt/apps/public/COE/synopsys_apps/primewave/W-2024.09-SP1-2/auxx/../linux64/swv/bin/swv  -bg_gui -k -cdesigner -ptype wv -spxkey /mnt/apps/public/COE/synopsys_apps/primewave/W-2024.09-SP1-2/auxx/waveform/sae.spxkey -spxrc /tmp/tmp_sae_spxrc_5rt1xr -unique_string 424077b79e1069ee3b15788885888eceb352b129e5a3670e3b3a965d3326affa43ab9aba1263e4a5ba95e0f2b689ea056f3ddce32f02cc34 -lic_type 2   -parent_cc_pid 1006090  > /mnt/coe/workspace/ece/ece546-spr25/group8/group8_project/synopsys_custom/sim_server/custom_compiler.hrajesh/stb.group8.write_logic.schematic.session0/logs/viewer.log 2>&1"
[00:12:07.23] /o ==== Received Msg ====
              /c len=209 sourceSoc=sock48902730 msgIndex=8 rawMsg=AppendTask /mnt/coe/workspace/ece/ece546-spr25/group8/group8_project/synopsys_custom/sim_server/custom_compiler.hrajesh/stb.group8.write_logic.schematic.session0/task0/sim_script0.tcl 0 saeSession0 1 overwrite
[00:12:07.23] /o 
[00:12:08.41] /w Warning: In file /mnt/coe/workspace/ece/ece546-spr25/group8/group8_project/lib.defs: Unable to open library proj_common at path /mnt/coe/workspace/ece/ece546-common/proj_common : No access permission. (DATA_MANAGEMENT-014)
[00:12:09.52] /m Information: "Starting incremental netlisting for design "group8/write_logic/schematic"..." (NETLISTING-010)
[00:12:09.58] /o Loading: Callback files...
[00:12:09.60] /o Loading: scripts/callbacks/callbacks.tcl
[00:12:09.61] /o 
              /c [INFO] : Loading display.drf from /mnt/designkits/ncsu/FreePDK3/syncust/NCSU_TechLib_FreePDK3
              /c 
              /c  if you wish to Load other display.drf, please set shell environment valiable "iPDK_load_display_NCSU_TechLib_FreePDK3" to value = 0
[00:12:09.61] /o 
[00:12:09.66] /w Warning: Could not set the value of preference xtDRCTool because it does not exist. (PREFERENCE-016)
[00:12:09.66] /w Warning: Could not set the value of preference xtDRCICVRunsetFile because it does not exist. (PREFERENCE-016)
[00:12:09.66] /w Warning: Could not set the value of preference xtDRCICVIncludePaths because it does not exist. (PREFERENCE-016)
[00:12:09.66] /w Warning: Could not set the value of preference xtDRCLayDBFormat because it does not exist. (PREFERENCE-016)
[00:12:09.66] /w Warning: Could not set the value of preference xtLVSTool because it does not exist. (PREFERENCE-016)
[00:12:09.66] /w Warning: Could not set the value of preference xtLVSICVRunsetFile because it does not exist. (PREFERENCE-016)
[00:12:09.66] /w Warning: Could not set the value of preference xtLVSICVIncludePaths because it does not exist. (PREFERENCE-016)
[00:12:09.66] /w Warning: Could not set the value of preference xtLVSLayDBFormat because it does not exist. (PREFERENCE-016)
[00:12:09.66] /w Warning: Could not set the value of preference xtLPELVSTool because it does not exist. (PREFERENCE-016)
[00:12:09.66] /w Warning: Could not set the value of preference xtLPETool because it does not exist. (PREFERENCE-016)
[00:12:09.66] /w Warning: Could not set the value of preference xtLPEOpenParasiticView because it does not exist. (PREFERENCE-016)
[00:12:09.66] /w Warning: Could not set the value of preference xtStarTcadGrdFile because it does not exist. (PREFERENCE-016)
[00:12:09.66] /w Warning: Could not set the value of preference xtLPEStarOADeviceMappingFile because it does not exist. (PREFERENCE-016)
[00:12:09.66] /w Warning: Could not set the value of preference xtStarOALayerMappingFile because it does not exist. (PREFERENCE-016)
[00:12:09.66] /o 	#######################################
[00:12:09.66] /o 	CC-PDK Library Name	: FreePDK3
[00:12:09.66] /o 	#######################################
[00:12:09.66] /o 
[00:12:09.71] /o Netlisting
[00:12:09.71] /o Creating output directories
[00:12:10.04] /o No Design Integrity rule violations found in "group8/write_logic/schematic"
[00:12:10.04] /o Scanning: group8/write_logic/schematic
[00:12:10.13] /o Scanning: group8/inv/schematic
[00:12:10.33] /o Computing terminal lists
[00:12:10.33] /o Processing terminals of module group8/inv/schematic
[00:12:10.34] /o Processing terminals of module group8/write_logic/schematic
[00:12:10.34] /o Starting netlisting
[00:12:10.52] /o Formatting group8/write_logic/schematic
[00:12:10.56] /m Information: "group8 write_logic schematic" renetlisted. (NETLISTING-056)
[00:12:10.67] /m Information: "Netlisting design "group8/write_logic/schematic" finished successfully." (NETLISTING-012)
[00:12:10.73] /# Composing simulator input file for design "group8/write_logic/schematic"...
[00:12:11.73] /# Simulator input file composed successfully for design "group8/write_logic/schematic"
[00:12:11.87] /m Information: Save ouputs to /mnt/coe/workspace/ece/ece546-spr25/group8/group8_project/simulation/group8,write_logic,schematic/history_1/simulation/default/PrimeSimHSPICE/nominal/results/outputs.tcl for AVA evaluation.
[00:12:13.12] /o 
[00:12:14.24] /o                                          Composing Nominal                                         
[00:12:14.58] /o                             Launching jobs for testbench default started                            
[00:12:14.60] /# Starting PrimeSimHSPICE simulation for design: group8/write_logic/schematic
[00:12:14.67] /o                             Creating jobs for testbench default (0 / 1)                            
[00:12:14.74] /o                                Launching 1 jobs for testbench default                               
[00:12:15.12] /o                            Launching jobs for testbench default finished                           
[00:12:15.65] /m Information: 0 of 1 testbench(es) done. (PW_GUI-714)
[00:12:18.22] /m Information: Job distribution master (saeSession0,default.Simulation_Simulation session:session0 testbench:default) : up to 1 job running workers.
[00:12:47.54] /# Simulation completed successfully for design: group8/write_logic/schematic  (PW-651)
[00:12:47.63] /# Netlisting and simulation completed for testbench: default in 39s
[00:12:47.64] /# Evaluating and plotting outputs...
[00:12:51.00] /m Information: Jobs distribution master quit! (PW_GUI-822)
[00:12:51.79] /# Evaluating and plotting completed for testbench: default in 4s
[00:12:51.89] /m Information: 1 of 1 testbench(es) done. (PW_GUI-714)
[00:16:47.16] /o ==== Received Msg ====
              /c len=8 sourceSoc=sock48902730 msgIndex=9 rawMsg=idleExit
[00:16:47.16] /o 
[00:16:47.23] /m Information: Exiting simulation server process. (PW_GUI-984)
[00:16:50.40] /o Shutdown time: Wed Mar 26 00:16:50 2025
[00:16:50.40] /o Elapsed session real time: 4.98 minutes
[00:16:50.40] /o Session terminated. Log is at /mnt/coe/workspace/ece/ece546-spr25/group8/group8_project/synopsys_custom/logs/primewave.hrajesh.2025_3_26_001150_1006090.log
[00:16:50.41] /e Error: {}
