[23:39:55.00] /o 
              /c                          PrimeWave Design Environment 
              /c 
              /c                Version W-2024.09-SP1-2 for linux64 - Jan 15, 2025
              /c              Based on Custom Infrastructure
              /c Version W-2024.09-SP1-2
              /c 
              /c                     Copyright (c) 2004 - 2025 Synopsys, Inc.
              /c    This software and the associated documentation are proprietary to Synopsys,
              /c  Inc. This software may only be used in accordance with the terms and conditions
              /c  of a written license agreement with Synopsys, Inc. All other use, reproduction,
              /c    or distribution of this software is strictly prohibited.  Licensed Products
              /c      communicate with Synopsys servers for the purpose of providing software
              /c     updates, detecting software piracy and verifying that customers are using
              /c     Licensed Products in conformity with the applicable License Key for such
              /c   Licensed Products. Synopsys will use information gathered in connection with
              /c     this process to deliver software updates and pursue software pirates and
              /c                                    infringers.
              /c 
              /c  Inclusivity & Diversity - Visit SolvNetPlus to read the "Synopsys Statement on
              /c             Inclusivity and Diversity" (Refer to article 000036315 at
              /c                         https://solvnetplus.synopsys.com)
              /c 
              /c Build  (OPT) Config 11252589 compiled on Wed Jan 15 11:01:36 2025 for AlmaLinux 8.4
              /c Invocation: /mnt/apps/public/COE/synopsys_apps/primewave/W-2024.09-SP1-2/linux64/platform/bin/custom_shell -application primewave -gui 0 -uniqueString 424077b79e1069ee38309584560f0273f03d3135d99f0755c1cb7792ad947542232dc516cbe6c7e8487a7efdb05c140c -python 0 -command "source /mnt/coe/workspace/ece/ece546-spr25/group8/group8_project/synopsys_custom/sim_server/custom_compiler.hrajesh/stb.group8.write_logic.schematic.session0/sim_server_init.tcl" -log /mnt/coe/workspace/ece/ece546-spr25/group8/group8_project/synopsys_custom/primewave_session0_sim_server_job1 -libDefFile /mnt/coe/workspace/ece/ece546-spr25/group8/group8_project/lib.defs
              /c Execution time: Tue Mar 25 23:39:49 2025
              /c Host: hydra11.ece.ncsu.edu
              /c Working directory: /mnt/coe/workspace/ece/ece546-spr25/group8/group8_project
              /c 
[23:40:03.77] /m Information: Registering ICV PERC package...
[23:40:03.96] /w Warning: In file /mnt/coe/workspace/ece/ece546-spr25/group8/group8_project/lib.defs: Unable to open library proj_common at path /mnt/coe/workspace/ece/ece546-common/proj_common : No access permission. (DATA_MANAGEMENT-014)
[23:40:04.43] /m Information: Feature 'SynopsysCustomSAE' checked out. (LICENSE-003)
[23:40:04.65] /o 
[23:40:04.68] /i source /mnt/coe/workspace/ece/ece546-spr25/group8/group8_project/synopsys_custom/sim_server/custom_compiler.hrajesh/stb.group8.write_logic.schematic.session0/sim_server_init.tcl
[23:40:05.29] /o SimServer socket started on hydra11.ece.ncsu.edu:43607
[23:40:05.56] /m Information: Launching Waveform Viewer "cd /mnt/coe/workspace/ece/ece546-spr25/group8/group8_project/synopsys_custom/sim_server/custom_compiler.hrajesh/stb.group8.write_logic.schematic.session0/logs &&  /mnt/apps/public/COE/synopsys_apps/primewave/W-2024.09-SP1-2/auxx/../linux64/swv/bin/swv  -bg_gui -k -cdesigner -ptype wv -spxkey /mnt/apps/public/COE/synopsys_apps/primewave/W-2024.09-SP1-2/auxx/waveform/sae.spxkey -spxrc /tmp/tmp_sae_spxrc_RFe1Nk -unique_string 424077b79e1069eea26f341150fd99a2f03d3135d99f0755c1cb7792ad94754215911dea03ed9e14e0c4877e8d8a337cd1c4fd6b4a4b7499 -lic_type 2   -parent_cc_pid 972958  > /mnt/coe/workspace/ece/ece546-spr25/group8/group8_project/synopsys_custom/sim_server/custom_compiler.hrajesh/stb.group8.write_logic.schematic.session0/logs/viewer.log 2>&1"
[23:40:05.68] /o ==== Received Msg ====
              /c len=35 sourceSoc=sock436e61f0 msgIndex=0 rawMsg=evalCmd ::wf::updateViewerLicense 2
[23:40:05.68] /o 
[23:40:05.69] /o ==== Received Msg ====
              /c len=35 sourceSoc=sock436e61f0 msgIndex=1 rawMsg=evalCmd ::wf::updateViewerLicense 2
[23:40:05.69] /o 
[23:40:40.70] /o ==== Received Msg ====
              /c len=209 sourceSoc=sock43848c00 msgIndex=0 rawMsg=AppendTask /mnt/coe/workspace/ece/ece546-spr25/group8/group8_project/synopsys_custom/sim_server/custom_compiler.hrajesh/stb.group8.write_logic.schematic.session0/task0/sim_script0.tcl 0 saeSession0 1 overwrite
[23:40:40.70] /o 
[23:40:41.82] /w Warning: In file /mnt/coe/workspace/ece/ece546-spr25/group8/group8_project/lib.defs: Unable to open library proj_common at path /mnt/coe/workspace/ece/ece546-common/proj_common : No access permission. (DATA_MANAGEMENT-014)
[23:40:42.82] /m Information: "Starting incremental netlisting for design "group8/write_logic/schematic"..." (NETLISTING-010)
[23:40:42.88] /o Loading: Callback files...
[23:40:42.91] /o Loading: scripts/callbacks/callbacks.tcl
[23:40:42.91] /o 
              /c [INFO] : Loading display.drf from /mnt/designkits/ncsu/FreePDK3/syncust/NCSU_TechLib_FreePDK3
              /c 
              /c  if you wish to Load other display.drf, please set shell environment valiable "iPDK_load_display_NCSU_TechLib_FreePDK3" to value = 0
[23:40:42.91] /o 
[23:40:42.96] /w Warning: Could not set the value of preference xtDRCTool because it does not exist. (PREFERENCE-016)
[23:40:42.96] /w Warning: Could not set the value of preference xtDRCICVRunsetFile because it does not exist. (PREFERENCE-016)
[23:40:42.96] /w Warning: Could not set the value of preference xtDRCICVIncludePaths because it does not exist. (PREFERENCE-016)
[23:40:42.96] /w Warning: Could not set the value of preference xtDRCLayDBFormat because it does not exist. (PREFERENCE-016)
[23:40:42.96] /w Warning: Could not set the value of preference xtLVSTool because it does not exist. (PREFERENCE-016)
[23:40:42.96] /w Warning: Could not set the value of preference xtLVSICVRunsetFile because it does not exist. (PREFERENCE-016)
[23:40:42.96] /w Warning: Could not set the value of preference xtLVSICVIncludePaths because it does not exist. (PREFERENCE-016)
[23:40:42.96] /w Warning: Could not set the value of preference xtLVSLayDBFormat because it does not exist. (PREFERENCE-016)
[23:40:42.96] /w Warning: Could not set the value of preference xtLPELVSTool because it does not exist. (PREFERENCE-016)
[23:40:42.96] /w Warning: Could not set the value of preference xtLPETool because it does not exist. (PREFERENCE-016)
[23:40:42.96] /w Warning: Could not set the value of preference xtLPEOpenParasiticView because it does not exist. (PREFERENCE-016)
[23:40:42.96] /w Warning: Could not set the value of preference xtStarTcadGrdFile because it does not exist. (PREFERENCE-016)
[23:40:42.96] /w Warning: Could not set the value of preference xtLPEStarOADeviceMappingFile because it does not exist. (PREFERENCE-016)
[23:40:42.96] /w Warning: Could not set the value of preference xtStarOALayerMappingFile because it does not exist. (PREFERENCE-016)
[23:40:42.96] /o 	#######################################
[23:40:42.96] /o 	CC-PDK Library Name	: FreePDK3
[23:40:42.96] /o 	#######################################
[23:40:42.96] /o 
[23:40:43.01] /o Netlisting
[23:40:43.01] /o Creating output directories
[23:40:43.36] /o No Design Integrity rule violations found in "group8/write_logic/schematic"
[23:40:43.36] /o Scanning: group8/write_logic/schematic
[23:40:43.49] /o Scanning: FreePDK3_examples/inverter/schematic
[23:40:43.64] /o Computing terminal lists
[23:40:43.64] /o Processing terminals of module FreePDK3_examples/inverter/schematic
[23:40:43.66] /o Processing terminals of module group8/write_logic/schematic
[23:40:43.66] /o Starting netlisting
[23:40:43.75] /o Formatting FreePDK3_examples/inverter/schematic
[23:40:43.77] /m Information: "FreePDK3_examples inverter schematic" renetlisted. (NETLISTING-056)
[23:40:43.81] /o Formatting group8/write_logic/schematic
[23:40:43.84] /m Information: "group8 write_logic schematic" renetlisted. (NETLISTING-056)
[23:40:43.95] /m Information: "Netlisting design "group8/write_logic/schematic" finished successfully." (NETLISTING-012)
[23:40:44.03] /# Composing simulator input file for design "group8/write_logic/schematic"...
[23:40:44.96] /# Simulator input file composed successfully for design "group8/write_logic/schematic"
[23:40:45.10] /m Information: Save ouputs to /mnt/coe/workspace/ece/ece546-spr25/group8/group8_project/simulation/group8,write_logic,schematic/history_1/simulation/default/PrimeSimHSPICE/nominal/results/outputs.tcl for AVA evaluation.
[23:40:46.01] /o 
[23:40:46.87] /o                                          Composing Nominal                                         
[23:40:47.20] /o                             Launching jobs for testbench default started                            
[23:40:47.22] /# Starting PrimeSimHSPICE simulation for design: group8/write_logic/schematic
[23:40:47.29] /o                             Creating jobs for testbench default (0 / 1)                            
[23:40:47.35] /o                                Launching 1 jobs for testbench default                               
[23:40:47.70] /o                            Launching jobs for testbench default finished                           
[23:40:47.74] /m Information: 0 of 1 testbench(es) done. (PW_GUI-714)
[23:40:50.03] /m Information: Job distribution master (saeSession0,default.Simulation_Simulation session:session0 testbench:default) : up to 1 job running workers.
[23:41:20.64] /# Simulation completed successfully for design: group8/write_logic/schematic  (PW-651)
[23:41:20.72] /# Netlisting and simulation completed for testbench: default in 38s
[23:41:20.73] /# Evaluating and plotting outputs...
[23:41:23.84] /m Information: Jobs distribution master quit! (PW_GUI-822)
[23:41:24.52] /# Evaluating and plotting completed for testbench: default in 4s
[23:41:24.62] /m Information: 1 of 1 testbench(es) done. (PW_GUI-714)
[23:45:21.74] /o ==== Received Msg ====
              /c len=8 sourceSoc=sock43848c00 msgIndex=2 rawMsg=idleExit
[23:45:21.74] /o 
[23:45:21.86] /m Information: Exiting simulation server process. (PW_GUI-984)
[23:45:25.01] /o Shutdown time: Tue Mar 25 23:45:25 2025
[23:45:25.01] /o Elapsed session real time: 5.56 minutes
[23:45:25.01] /o Session terminated. Log is at /mnt/coe/workspace/ece/ece546-spr25/group8/group8_project/synopsys_custom/logs/primewave.hrajesh.2025_3_25_233949_972958.log
[23:45:25.04] /e Error: {}
