[10:45:59.20] /o 
              /c                          PrimeWave Design Environment 
              /c 
              /c                Version W-2024.09-SP1-2 for linux64 - Jan 15, 2025
              /c              Based on Custom Infrastructure
              /c Version W-2024.09-SP1-2
              /c 
              /c                     Copyright (c) 2004 - 2025 Synopsys, Inc.
              /c    This software and the associated documentation are proprietary to Synopsys,
              /c  Inc. This software may only be used in accordance with the terms and conditions
              /c  of a written license agreement with Synopsys, Inc. All other use, reproduction,
              /c    or distribution of this software is strictly prohibited.  Licensed Products
              /c      communicate with Synopsys servers for the purpose of providing software
              /c     updates, detecting software piracy and verifying that customers are using
              /c     Licensed Products in conformity with the applicable License Key for such
              /c   Licensed Products. Synopsys will use information gathered in connection with
              /c     this process to deliver software updates and pursue software pirates and
              /c                                    infringers.
              /c 
              /c  Inclusivity & Diversity - Visit SolvNetPlus to read the "Synopsys Statement on
              /c             Inclusivity and Diversity" (Refer to article 000036315 at
              /c                         https://solvnetplus.synopsys.com)
              /c 
              /c Build  (OPT) Config 11252589 compiled on Wed Jan 15 11:01:36 2025 for AlmaLinux 8.4
              /c Invocation: /mnt/apps/public/COE/synopsys_apps/primewave/W-2024.09-SP1-2/linux64/platform/bin/custom_shell -application primewave -gui 0 -uniqueString 424077b79e1069eebd9e9cb6c2fc6f76f03d3135d99f0755c1cb7792ad9475422d82ed38855f02b5c1111760d5188f70 -python 0 -command "source /mnt/coe/workspace/ece/ece546-spr25/group8/group8_project/synopsys_custom/sim_server/custom_compiler.hrajesh/stb.group8.memory_array_write_test.schematic.session2/sim_server_init.tcl" -log /mnt/coe/workspace/ece/ece546-spr25/group8/group8_project/synopsys_custom/primewave_session2_sim_server_job1 -libDefFile /mnt/coe/workspace/ece/ece546-spr25/group8/group8_project/lib.defs
              /c Execution time: Thu Apr  3 10:45:53 2025
              /c Host: hydra11.ece.ncsu.edu
              /c Working directory: /mnt/coe/workspace/ece/ece546-spr25/group8/group8_project
              /c 
[10:46:11.47] /m Information: Registering ICV PERC package...
[10:46:12.40] /m Information: Feature 'SynopsysCustomSAE' checked out. (LICENSE-003)
[10:46:12.65] /o 
[10:46:12.70] /i source /mnt/coe/workspace/ece/ece546-spr25/group8/group8_project/synopsys_custom/sim_server/custom_compiler.hrajesh/stb.group8.memory_array_write_test.schematic.session2/sim_server_init.tcl
[10:46:13.39] /o SimServer socket started on hydra11.ece.ncsu.edu:34619
[10:46:13.92] /m Information: Launching Waveform Viewer "cd /mnt/coe/workspace/ece/ece546-spr25/group8/group8_project/synopsys_custom/sim_server/custom_compiler.hrajesh/stb.group8.memory_array_write_test.schematic.session2/logs &&  /mnt/apps/public/COE/synopsys_apps/primewave/W-2024.09-SP1-2/auxx/../linux64/swv/bin/swv  -bg_gui -k -cdesigner -ptype wv -spxkey /mnt/apps/public/COE/synopsys_apps/primewave/W-2024.09-SP1-2/auxx/waveform/sae.spxkey -spxrc /tmp/tmp_sae_spxrc_PGfCWC -unique_string 424077b79e1069eeae0cff7c536cd228f03d3135d99f0755c1cb7792ad94754215911dea03ed9e14aa67bf488bba24b0d1122c6190c499e9 -lic_type 2   -parent_cc_pid 808175  > /mnt/coe/workspace/ece/ece546-spr25/group8/group8_project/synopsys_custom/sim_server/custom_compiler.hrajesh/stb.group8.memory_array_write_test.schematic.session2/logs/viewer.log 2>&1"
[10:46:13.96] /o ==== Received Msg ====
              /c len=221 sourceSoc=sock4a0b1bd0 msgIndex=5 rawMsg=AppendTask /mnt/coe/workspace/ece/ece546-spr25/group8/group8_project/synopsys_custom/sim_server/custom_compiler.hrajesh/stb.group8.memory_array_write_test.schematic.session2/task0/sim_script0.tcl 0 saeSession1 1 overwrite
[10:46:13.96] /o 
[10:46:14.03] /o ==== Received Msg ====
              /c len=35 sourceSoc=sock4a0b1bd0 msgIndex=13 rawMsg=evalCmd ::wf::updateViewerLicense 2
[10:46:14.03] /o 
[10:46:14.05] /o ==== Received Msg ====
              /c len=35 sourceSoc=sock4a0b1bd0 msgIndex=14 rawMsg=evalCmd ::wf::updateViewerLicense 2
[10:46:14.05] /o 
[10:46:16.25] /m Information: "Starting incremental netlisting for design "group8/memory_array_write_test/schematic"..." (NETLISTING-010)
[10:46:16.32] /o Loading: Callback files...
[10:46:16.34] /o Loading: scripts/callbacks/callbacks.tcl
[10:46:16.34] /o 
              /c [INFO] : Loading display.drf from /mnt/designkits/ncsu/FreePDK3/syncust/NCSU_TechLib_FreePDK3
              /c 
              /c  if you wish to Load other display.drf, please set shell environment valiable "iPDK_load_display_NCSU_TechLib_FreePDK3" to value = 0
[10:46:16.34] /o 
[10:46:16.39] /w Warning: Could not set the value of preference xtDRCTool because it does not exist. (PREFERENCE-016)
[10:46:16.39] /w Warning: Could not set the value of preference xtDRCICVRunsetFile because it does not exist. (PREFERENCE-016)
[10:46:16.39] /w Warning: Could not set the value of preference xtDRCICVIncludePaths because it does not exist. (PREFERENCE-016)
[10:46:16.39] /w Warning: Could not set the value of preference xtDRCLayDBFormat because it does not exist. (PREFERENCE-016)
[10:46:16.39] /w Warning: Could not set the value of preference xtLVSTool because it does not exist. (PREFERENCE-016)
[10:46:16.39] /w Warning: Could not set the value of preference xtLVSICVRunsetFile because it does not exist. (PREFERENCE-016)
[10:46:16.39] /w Warning: Could not set the value of preference xtLVSICVIncludePaths because it does not exist. (PREFERENCE-016)
[10:46:16.39] /w Warning: Could not set the value of preference xtLVSLayDBFormat because it does not exist. (PREFERENCE-016)
[10:46:16.39] /w Warning: Could not set the value of preference xtLPELVSTool because it does not exist. (PREFERENCE-016)
[10:46:16.39] /w Warning: Could not set the value of preference xtLPETool because it does not exist. (PREFERENCE-016)
[10:46:16.39] /w Warning: Could not set the value of preference xtLPEOpenParasiticView because it does not exist. (PREFERENCE-016)
[10:46:16.39] /w Warning: Could not set the value of preference xtStarTcadGrdFile because it does not exist. (PREFERENCE-016)
[10:46:16.39] /w Warning: Could not set the value of preference xtLPEStarOADeviceMappingFile because it does not exist. (PREFERENCE-016)
[10:46:16.39] /w Warning: Could not set the value of preference xtStarOALayerMappingFile because it does not exist. (PREFERENCE-016)
[10:46:16.40] /o 	#######################################
[10:46:16.40] /o 	CC-PDK Library Name	: FreePDK3
[10:46:16.40] /o 	#######################################
[10:46:16.40] /o 
[10:46:16.44] /o Netlisting
[10:46:16.44] /o Creating output directories
[10:46:16.85] /o No Design Integrity rule violations found in "group8/memory_array_write_test/schematic"
[10:46:16.85] /o Scanning: group8/memory_array_write_test/schematic
[10:46:17.08] /o Scanning: group8/sram_6t/schematic
[10:46:17.33] /m Information: 
[10:46:17.33] /o Checking "group8/static_row_decoder_3by8/schematic"
[10:46:17.33] /o No rule violations found in "group8/static_row_decoder_3by8/schematic"
[10:46:17.33] /o Scanning: group8/static_row_decoder_3by8/schematic
[10:46:17.36] /o Scanning: group8/nand_i3/schematic
[10:46:17.39] /o Scanning: group8/inv/schematic
[10:46:17.56] /o Computing terminal lists
[10:46:17.56] /o Processing terminals of module group8/sram_6t/schematic
[10:46:17.58] /o Processing terminals of module group8/nand_i3/schematic
[10:46:17.59] /o Processing terminals of module group8/inv/schematic
[10:46:17.59] /o Processing terminals of module group8/static_row_decoder_3by8/schematic
[10:46:17.59] /o Processing terminals of module group8/memory_array_write_test/schematic
[10:46:17.60] /o Starting netlisting
[10:46:17.84] /o Formatting group8/memory_array_write_test/schematic
[10:46:17.95] /m Information: "group8 memory_array_write_test schematic" renetlisted. (NETLISTING-056)
[10:46:18.12] /m Information: "Netlisting design "group8/memory_array_write_test/schematic" finished successfully." (NETLISTING-012)
[10:46:18.19] /# Composing simulator input file for design "group8/memory_array_write_test/schematic"...
[10:46:19.31] /# Simulator input file composed successfully for design "group8/memory_array_write_test/schematic"
[10:46:19.43] /m Information: Save ouputs to /mnt/coe/workspace/ece/ece546-spr25/group8/group8_project/simulation/group8,memory_array_write_test,schematic/history_1/simulation/HSPICE_default/HSPICE/nominal/results/outputs.tcl for AVA evaluation.
[10:46:20.71] /o 
[10:46:21.85] /o                                          Composing Nominal                                         
[10:46:22.22] /o                         Launching jobs for testbench HSPICE_default started                        
[10:46:22.23] /# Starting PrimeSimHSPICE simulation for design: group8/memory_array_write_test/schematic
[10:46:22.30] /o                          Creating jobs for testbench HSPICE_default (0 / 1)                         
[10:46:22.36] /o                            Launching 1 jobs for testbench HSPICE_default                           
[10:46:22.69] /o                         Launching jobs for testbench HSPICE_default finished                        
[10:46:23.24] /m Information: 0 of 1 testbench(es) done. (PW_GUI-714)
[10:46:28.11] /m Information: Job distribution master (saeSession1,HSPICE_default.Simulation_Simulation session:session0 testbench:HSPICE_default) : up to 1 job running workers.
[10:47:00.74] /# Simulation completed successfully for design: group8/memory_array_write_test/schematic  (PW-651)
[10:47:00.82] /# Netlisting and simulation completed for testbench: HSPICE_default in 45s
[10:47:00.83] /# Evaluating and plotting outputs...
[10:47:04.16] /m Information: Jobs distribution master quit! (PW_GUI-822)
[10:47:04.92] /# Evaluating and plotting completed for testbench: HSPICE_default in 4s
[10:47:05.01] /m Information: 1 of 1 testbench(es) done. (PW_GUI-714)
[10:50:59.15] /o ==== Received Msg ====
              /c len=8 sourceSoc=sock4a0b1bd0 msgIndex=15 rawMsg=idleExit
[10:50:59.15] /o 
[10:50:59.21] /m Information: Exiting simulation server process. (PW_GUI-984)
[10:51:02.38] /o Shutdown time: Thu Apr  3 10:51:02 2025
[10:51:02.38] /o Elapsed session real time: 5.11 minutes
[10:51:02.39] /o Session terminated. Log is at /mnt/coe/workspace/ece/ece546-spr25/group8/group8_project/synopsys_custom/logs/primewave.hrajesh.2025_4_3_104553_808175.log
[10:51:02.42] /e Error: {}
