[09:52:04.32] /o 
              /c                          PrimeWave Design Environment 
              /c 
              /c                Version W-2024.09-SP1-2 for linux64 - Jan 15, 2025
              /c              Based on Custom Infrastructure
              /c Version W-2024.09-SP1-2
              /c 
              /c                     Copyright (c) 2004 - 2025 Synopsys, Inc.
              /c    This software and the associated documentation are proprietary to Synopsys,
              /c  Inc. This software may only be used in accordance with the terms and conditions
              /c  of a written license agreement with Synopsys, Inc. All other use, reproduction,
              /c    or distribution of this software is strictly prohibited.  Licensed Products
              /c      communicate with Synopsys servers for the purpose of providing software
              /c     updates, detecting software piracy and verifying that customers are using
              /c     Licensed Products in conformity with the applicable License Key for such
              /c   Licensed Products. Synopsys will use information gathered in connection with
              /c     this process to deliver software updates and pursue software pirates and
              /c                                    infringers.
              /c 
              /c  Inclusivity & Diversity - Visit SolvNetPlus to read the "Synopsys Statement on
              /c             Inclusivity and Diversity" (Refer to article 000036315 at
              /c                         https://solvnetplus.synopsys.com)
              /c 
              /c Build  (OPT) Config 11252589 compiled on Wed Jan 15 11:01:36 2025 for AlmaLinux 8.4
              /c Invocation: /mnt/apps/public/COE/synopsys_apps/primewave/W-2024.09-SP1-2/linux64/platform/bin/custom_shell -application primewave -gui 0 -uniqueString 424077b79e1069ee9f074479862a2487237d0ff9c53bf8841ca54e530ed029672ebc769abb176a493be0f44fcfbb296d -python 0 -command "source /mnt/coe/workspace/ece/ece546-spr25/group8/group8_project/synopsys_custom/sim_server/custom_compiler.hrajesh/stb.group8.memory_array_write_test.schematic.session0/sim_server_init.tcl" -log /mnt/coe/workspace/ece/ece546-spr25/group8/group8_project/synopsys_custom/primewave_session0_sim_server_job1 -libDefFile /mnt/coe/workspace/ece/ece546-spr25/group8/group8_project/lib.defs
              /c Execution time: Thu Apr  3 09:52:01 2025
              /c Host: grendel42.ece.ncsu.edu
              /c Working directory: /mnt/coe/workspace/ece/ece546-spr25/group8/group8_project
              /c 
[09:52:11.70] /m Information: Registering ICV PERC package...
[09:52:12.50] /m Information: Feature 'SynopsysCustomSAE' checked out. (LICENSE-003)
[09:52:12.72] /o 
[09:52:12.76] /i source /mnt/coe/workspace/ece/ece546-spr25/group8/group8_project/synopsys_custom/sim_server/custom_compiler.hrajesh/stb.group8.memory_array_write_test.schematic.session0/sim_server_init.tcl
[09:52:13.18] /o SimServer socket started on grendel42.ece.ncsu.edu:33673
[09:52:13.97] /m Information: Launching Waveform Viewer "cd /mnt/coe/workspace/ece/ece546-spr25/group8/group8_project/synopsys_custom/sim_server/custom_compiler.hrajesh/stb.group8.memory_array_write_test.schematic.session0/logs &&  /mnt/apps/public/COE/synopsys_apps/primewave/W-2024.09-SP1-2/auxx/../linux64/swv/bin/swv  -bg_gui -k -cdesigner -ptype wv -spxkey /mnt/apps/public/COE/synopsys_apps/primewave/W-2024.09-SP1-2/auxx/waveform/sae.spxkey -spxrc /tmp/tmp_sae_spxrc_R1ovsL -unique_string 424077b79e1069ee9706df51f4ef19bd237d0ff9c53bf8841ca54e530ed0296714d50a043ab99cd010b7b66ccf41452f3f1d9a7277454721 -lic_type 2   -parent_cc_pid 1716967  > /mnt/coe/workspace/ece/ece546-spr25/group8/group8_project/synopsys_custom/sim_server/custom_compiler.hrajesh/stb.group8.memory_array_write_test.schematic.session0/logs/viewer.log 2>&1"
[09:52:14.03] /o ==== Received Msg ====
              /c len=221 sourceSoc=sock4d289f80 msgIndex=9 rawMsg=AppendTask /mnt/coe/workspace/ece/ece546-spr25/group8/group8_project/synopsys_custom/sim_server/custom_compiler.hrajesh/stb.group8.memory_array_write_test.schematic.session0/task0/sim_script0.tcl 0 saeSession0 1 overwrite
[09:52:14.03] /o 
[09:52:17.16] /m Information: "Starting incremental netlisting for design "group8/memory_array_write_test/schematic"..." (NETLISTING-010)
[09:52:17.27] /o Loading: Callback files...
[09:52:17.29] /o Loading: scripts/callbacks/callbacks.tcl
[09:52:17.29] /o 
              /c [INFO] : Loading display.drf from /mnt/designkits/ncsu/FreePDK3/syncust/NCSU_TechLib_FreePDK3
              /c 
              /c  if you wish to Load other display.drf, please set shell environment valiable "iPDK_load_display_NCSU_TechLib_FreePDK3" to value = 0
[09:52:17.29] /o 
[09:52:17.32] /w Warning: Could not set the value of preference xtDRCTool because it does not exist. (PREFERENCE-016)
[09:52:17.32] /w Warning: Could not set the value of preference xtDRCICVRunsetFile because it does not exist. (PREFERENCE-016)
[09:52:17.32] /w Warning: Could not set the value of preference xtDRCICVIncludePaths because it does not exist. (PREFERENCE-016)
[09:52:17.32] /w Warning: Could not set the value of preference xtDRCLayDBFormat because it does not exist. (PREFERENCE-016)
[09:52:17.32] /w Warning: Could not set the value of preference xtLVSTool because it does not exist. (PREFERENCE-016)
[09:52:17.32] /w Warning: Could not set the value of preference xtLVSICVRunsetFile because it does not exist. (PREFERENCE-016)
[09:52:17.32] /w Warning: Could not set the value of preference xtLVSICVIncludePaths because it does not exist. (PREFERENCE-016)
[09:52:17.32] /w Warning: Could not set the value of preference xtLVSLayDBFormat because it does not exist. (PREFERENCE-016)
[09:52:17.32] /w Warning: Could not set the value of preference xtLPELVSTool because it does not exist. (PREFERENCE-016)
[09:52:17.32] /w Warning: Could not set the value of preference xtLPETool because it does not exist. (PREFERENCE-016)
[09:52:17.32] /w Warning: Could not set the value of preference xtLPEOpenParasiticView because it does not exist. (PREFERENCE-016)
[09:52:17.32] /w Warning: Could not set the value of preference xtStarTcadGrdFile because it does not exist. (PREFERENCE-016)
[09:52:17.32] /w Warning: Could not set the value of preference xtLPEStarOADeviceMappingFile because it does not exist. (PREFERENCE-016)
[09:52:17.32] /w Warning: Could not set the value of preference xtStarOALayerMappingFile because it does not exist. (PREFERENCE-016)
[09:52:17.32] /o 	#######################################
[09:52:17.32] /o 	CC-PDK Library Name	: FreePDK3
[09:52:17.32] /o 	#######################################
[09:52:17.32] /o 
[09:52:17.40] /o Netlisting
[09:52:17.40] /o Creating output directories
[09:52:18.02] /o No Design Integrity rule violations found in "group8/memory_array_write_test/schematic"
[09:52:18.02] /o Scanning: group8/memory_array_write_test/schematic
[09:52:18.32] /o Scanning: group8/sram_6t/schematic
[09:52:18.49] /o Scanning: group8/static_row_decoder_3by8/schematic
[09:52:18.56] /o Scanning: group8/nand_i3/schematic
[09:52:18.62] /o Scanning: group8/inv/schematic
[09:52:18.74] /o Computing terminal lists
[09:52:18.74] /o Processing terminals of module group8/sram_6t/schematic
[09:52:18.76] /o Processing terminals of module group8/nand_i3/schematic
[09:52:18.76] /o Processing terminals of module group8/inv/schematic
[09:52:18.76] /o Processing terminals of module group8/static_row_decoder_3by8/schematic
[09:52:18.76] /o Processing terminals of module group8/memory_array_write_test/schematic
[09:52:18.77] /o Starting netlisting
[09:52:19.24] /o Formatting group8/memory_array_write_test/schematic
[09:52:19.29] /m Information: "group8 memory_array_write_test schematic" renetlisted. (NETLISTING-056)
[09:52:19.63] /m Information: "Netlisting design "group8/memory_array_write_test/schematic" finished successfully." (NETLISTING-012)
[09:52:19.76] /# Composing simulator input file for design "group8/memory_array_write_test/schematic"...
[09:52:21.98] /# Simulator input file composed successfully for design "group8/memory_array_write_test/schematic"
[09:52:22.27] /m Information: Save ouputs to /mnt/coe/workspace/ece/ece546-spr25/group8/group8_project/simulation/group8,memory_array_write_test,schematic/history_1/simulation/HSPICE_default/HSPICE/nominal/results/outputs.tcl for AVA evaluation.
[09:52:24.72] /o 
[09:52:26.72] /o                                          Composing Nominal                                         
[09:52:27.38] /o                         Launching jobs for testbench HSPICE_default started                        
[09:52:27.41] /# Starting PrimeSimHSPICE simulation for design: group8/memory_array_write_test/schematic
[09:52:27.55] /o                          Creating jobs for testbench HSPICE_default (0 / 1)                         
[09:52:27.68] /o                            Launching 1 jobs for testbench HSPICE_default                           
[09:52:34.39] /o                         Launching jobs for testbench HSPICE_default finished                        
[09:52:36.34] /m Information: 0 of 1 testbench(es) done. (PW_GUI-714)
[09:52:37.07] /m Information: Job distribution master (saeSession0,HSPICE_default.Simulation_Simulation session:session0 testbench:HSPICE_default) : up to 1 job running workers.
[09:53:02.54] /# Simulation completed successfully for design: group8/memory_array_write_test/schematic  (PW-651)
[09:53:02.72] /# Netlisting and simulation completed for testbench: HSPICE_default in 46s
[09:53:02.74] /# Evaluating and plotting outputs...
[09:53:09.73] /m Information: Jobs distribution master quit! (PW_GUI-822)
[09:53:10.07] /# Evaluating and plotting completed for testbench: HSPICE_default in 8s
[09:53:10.17] /m Information: 1 of 1 testbench(es) done. (PW_GUI-714)
[09:55:05.93] /o ==== Received Msg ====
              /c len=8 sourceSoc=sock4d289f80 msgIndex=15 rawMsg=idleExit
[09:55:05.93] /o 
[09:55:05.98] /m Information: Exiting simulation server process. (PW_GUI-984)
[09:55:08.29] /o Shutdown time: Thu Apr  3 09:55:08 2025
[09:55:08.29] /o Elapsed session real time: 3.08 minutes
[09:55:08.29] /o Session terminated. Log is at /mnt/coe/workspace/ece/ece546-spr25/group8/group8_project/synopsys_custom/logs/primewave.hrajesh.2025_4_3_095201_1716967.log
[09:55:08.32] /e Error: {}
