[13:03:22.51] /o 
              /c                          PrimeWave Design Environment 
              /c 
              /c                Version W-2024.09-SP1-2 for linux64 - Jan 15, 2025
              /c              Based on Custom Infrastructure
              /c Version W-2024.09-SP1-2
              /c 
              /c                     Copyright (c) 2004 - 2025 Synopsys, Inc.
              /c    This software and the associated documentation are proprietary to Synopsys,
              /c  Inc. This software may only be used in accordance with the terms and conditions
              /c  of a written license agreement with Synopsys, Inc. All other use, reproduction,
              /c    or distribution of this software is strictly prohibited.  Licensed Products
              /c      communicate with Synopsys servers for the purpose of providing software
              /c     updates, detecting software piracy and verifying that customers are using
              /c     Licensed Products in conformity with the applicable License Key for such
              /c   Licensed Products. Synopsys will use information gathered in connection with
              /c     this process to deliver software updates and pursue software pirates and
              /c                                    infringers.
              /c 
              /c  Inclusivity & Diversity - Visit SolvNetPlus to read the "Synopsys Statement on
              /c             Inclusivity and Diversity" (Refer to article 000036315 at
              /c                         https://solvnetplus.synopsys.com)
              /c 
              /c Build  (OPT) Config 11252589 compiled on Wed Jan 15 11:01:36 2025 for AlmaLinux 8.4
              /c Invocation: /mnt/apps/public/COE/synopsys_apps/primewave/W-2024.09-SP1-2/linux64/platform/bin/custom_shell -application primewave -gui 0 -uniqueString 424077b79e1069ee7782231c2452b3ad4d49f0484e1ba41a3b3a965d3326affa0c7c97e34c567f1ade6d25973afc6a3e -python 0 -command "source /mnt/coe/workspace/ece/ece546-spr25/group8/group8_project/synopsys_custom/sim_server/custom_compiler.nbandeh/stb.group8.memory_array_tb.schematic.session0/sim_server_init.tcl" -log /mnt/coe/workspace/ece/ece546-spr25/group8/group8_project/synopsys_custom/primewave_session0_sim_server_job1 -libDefFile /mnt/coe/workspace/ece/ece546-spr25/group8/group8_project/lib.defs
              /c Execution time: Sat Apr  5 13:03:16 2025
              /c Host: hydra12.ece.ncsu.edu
              /c Working directory: /mnt/coe/workspace/ece/ece546-spr25/group8/group8_project
              /c 
[13:03:35.63] /m Information: Registering ICV PERC package...
[13:03:36.64] /m Information: Feature 'SynopsysCustomSAE' checked out. (LICENSE-003)
[13:03:37.17] /o 
[13:03:37.23] /i source /mnt/coe/workspace/ece/ece546-spr25/group8/group8_project/synopsys_custom/sim_server/custom_compiler.nbandeh/stb.group8.memory_array_tb.schematic.session0/sim_server_init.tcl
[13:03:37.96] /o SimServer socket started on hydra12.ece.ncsu.edu:35099
[13:03:38.42] /m Information: Launching Waveform Viewer "cd /mnt/coe/workspace/ece/ece546-spr25/group8/group8_project/synopsys_custom/sim_server/custom_compiler.nbandeh/stb.group8.memory_array_tb.schematic.session0/logs &&  /mnt/apps/public/COE/synopsys_apps/primewave/W-2024.09-SP1-2/auxx/../linux64/swv/bin/swv  -bg_gui -k -cdesigner -ptype wv -spxkey /mnt/apps/public/COE/synopsys_apps/primewave/W-2024.09-SP1-2/auxx/waveform/sae.spxkey -spxrc /tmp/tmp_sae_spxrc_zz5hci -unique_string 424077b79e1069ee863577fca0b769024d49f0484e1ba41a3b3a965d3326affa43ab9aba1263e4a505cc3cf45bd54407d77ce3ad6843feef -lic_type 2   -parent_cc_pid 1256133  > /mnt/coe/workspace/ece/ece546-spr25/group8/group8_project/synopsys_custom/sim_server/custom_compiler.nbandeh/stb.group8.memory_array_tb.schematic.session0/logs/viewer.log 2>&1"
[13:03:38.46] /o ==== Received Msg ====
              /c len=213 sourceSoc=sock45c97050 msgIndex=5 rawMsg=AppendTask /mnt/coe/workspace/ece/ece546-spr25/group8/group8_project/synopsys_custom/sim_server/custom_compiler.nbandeh/stb.group8.memory_array_tb.schematic.session0/task0/sim_script0.tcl 0 saeSession0 1 overwrite
[13:03:38.46] /o 
[13:03:40.15] /o Loading: Callback files...
[13:03:40.18] /o Loading: scripts/callbacks/callbacks.tcl
[13:03:40.18] /o 
              /c [INFO] : Loading display.drf from /mnt/designkits/ncsu/FreePDK3/syncust/NCSU_TechLib_FreePDK3
              /c 
              /c  if you wish to Load other display.drf, please set shell environment valiable "iPDK_load_display_NCSU_TechLib_FreePDK3" to value = 0
[13:03:40.18] /o 
[13:03:40.23] /w Warning: Could not set the value of preference xtDRCTool because it does not exist. (PREFERENCE-016)
[13:03:40.23] /w Warning: Could not set the value of preference xtDRCICVRunsetFile because it does not exist. (PREFERENCE-016)
[13:03:40.23] /w Warning: Could not set the value of preference xtDRCICVIncludePaths because it does not exist. (PREFERENCE-016)
[13:03:40.23] /w Warning: Could not set the value of preference xtDRCLayDBFormat because it does not exist. (PREFERENCE-016)
[13:03:40.23] /w Warning: Could not set the value of preference xtLVSTool because it does not exist. (PREFERENCE-016)
[13:03:40.23] /w Warning: Could not set the value of preference xtLVSICVRunsetFile because it does not exist. (PREFERENCE-016)
[13:03:40.23] /w Warning: Could not set the value of preference xtLVSICVIncludePaths because it does not exist. (PREFERENCE-016)
[13:03:40.23] /w Warning: Could not set the value of preference xtLVSLayDBFormat because it does not exist. (PREFERENCE-016)
[13:03:40.24] /w Warning: Could not set the value of preference xtLPELVSTool because it does not exist. (PREFERENCE-016)
[13:03:40.24] /w Warning: Could not set the value of preference xtLPETool because it does not exist. (PREFERENCE-016)
[13:03:40.24] /w Warning: Could not set the value of preference xtLPEOpenParasiticView because it does not exist. (PREFERENCE-016)
[13:03:40.24] /w Warning: Could not set the value of preference xtStarTcadGrdFile because it does not exist. (PREFERENCE-016)
[13:03:40.24] /w Warning: Could not set the value of preference xtLPEStarOADeviceMappingFile because it does not exist. (PREFERENCE-016)
[13:03:40.24] /w Warning: Could not set the value of preference xtStarOALayerMappingFile because it does not exist. (PREFERENCE-016)
[13:03:40.24] /o 	#######################################
[13:03:40.24] /o 	CC-PDK Library Name	: FreePDK3
[13:03:40.24] /o 	#######################################
[13:03:40.24] /o 
[13:03:40.42] /m Information: Save ouputs to /mnt/coe/workspace/ece/ece546-spr25/group8/group8_project/simulation/group8,memory_array_tb,schematic/history_1/simulation/HSPICE_default_working_Makes_Sense/HSPICE/nominal/results/outputs.tcl for AVA evaluation.
[13:03:42.39] /o 
[13:03:42.68] /# Composing simulator input file for design "group8/memory_array_tb/schematic"...
[13:03:46.75] /# Simulator input file composed successfully for design "group8/memory_array_tb/schematic"
[13:03:47.93] /o                                          Composing Nominal                                         
[13:03:48.29] /o               Launching jobs for testbench HSPICE_default_working_Makes_Sense started              
[13:03:48.31] /# Starting PrimeSimHSPICE simulation for design: group8/memory_array_tb/schematic
[13:03:48.38] /o                Creating jobs for testbench HSPICE_default_working_Makes_Sense (0 / 1)               
[13:03:48.44] /o                  Launching 1 jobs for testbench HSPICE_default_working_Makes_Sense                 
[13:03:48.82] /o               Launching jobs for testbench HSPICE_default_working_Makes_Sense finished              
[13:03:49.37] /m Information: 0 of 1 testbench(es) done. (PW_GUI-714)
[13:03:54.03] /m Information: Job distribution master (saeSession0,HSPICE_default_working_Makes_Sense.Simulation_Simulation session:session0 testbench:HSPICE_default_working_Makes_Sense) : up to 1 job running workers.
[13:04:29.14] /# Simulation completed successfully for design: group8/memory_array_tb/schematic  (PW-651)
[13:04:29.23] /# Netlisting and simulation completed for testbench: HSPICE_default_working_Makes_Sense in 49s
[13:04:29.24] /# Evaluating and plotting outputs...
[13:04:33.95] /m Information: Jobs distribution master quit! (PW_GUI-822)
[13:04:34.13] /# Evaluating and plotting completed for testbench: HSPICE_default_working_Makes_Sense in 5s
[13:04:34.46] /m Information: 1 of 1 testbench(es) done. (PW_GUI-714)
[13:06:51.09] /o ==== Received Msg ====
              /c len=213 sourceSoc=sock43da4fb0 msgIndex=6 rawMsg=AppendTask /mnt/coe/workspace/ece/ece546-spr25/group8/group8_project/synopsys_custom/sim_server/custom_compiler.nbandeh/stb.group8.memory_array_tb.schematic.session0/task1/sim_script1.tcl 1 saeSession0 1 overwrite
[13:06:51.09] /o 
[13:06:51.20] /m Information: Feature 'SynopsysCustomSAE' checked in. (LICENSE-004)
[13:06:51.23] /m Information: Feature 'SynopsysCustomSAE' checked out. (LICENSE-003)
[13:06:53.65] /m Information: "Starting incremental netlisting for design "group8/memory_array_tb/schematic"..." (NETLISTING-010)
[13:06:53.71] /o Netlisting
[13:06:53.71] /o Creating output directories
[13:06:54.05] /o No Design Integrity rule violations found in "group8/memory_array_tb/schematic"
[13:06:54.05] /o Scanning: group8/memory_array_tb/schematic
[13:06:54.35] /o Scanning: group8/memory_array/schematic
[13:06:54.42] /o Scanning: group8/precharge_logic/schematic
[13:06:54.63] /o Scanning: group8/sram_6t/schematic
[13:06:54.79] /o Scanning: group8/static_row_decoder_3by8/schematic
[13:06:54.82] /o Scanning: group8/nand_i3/schematic
[13:06:54.85] /o Scanning: group8/inv/schematic
[13:06:54.88] /o Scanning: group8/buffer_highdrive/schematic
[13:06:54.91] /o Scanning: group8/invx4/schematic
[13:06:54.95] /o Scanning: group8/columnDecoder/schematic
[13:06:54.97] /o Scanning: group8/2to4_decoder/schematic
[13:06:55.00] /o Scanning: group8/Write_Driver/schematic
[13:06:55.03] /o Scanning: group8/read_circuit/schematic
[13:06:55.06] /o Scanning: group8/nand/schematic
[13:06:55.09] /o Scanning: group8/tspc_pos_ff/schematic
[13:06:55.15] /o Scanning: group8/agen_unit/schematic
[13:06:55.18] /m Information: 
[13:06:55.18] /o Checking "group8/Demux/schematic"
[13:06:55.18] /o No rule violations found in "group8/Demux/schematic"
[13:06:55.18] /o Scanning: group8/Demux/schematic
[13:06:55.21] /m Information: 
[13:06:55.21] /o Checking "group8/nor/schematic"
[13:06:55.21] /o No rule violations found in "group8/nor/schematic"
[13:06:55.21] /o Scanning: group8/nor/schematic
[13:06:55.26] /o Scanning: group8/WLRef_PC/schematic
[13:06:55.29] /m Information: 
[13:06:55.29] /o Checking "group8/buffer/schematic"
[13:06:55.29] /o No rule violations found in "group8/buffer/schematic"
[13:06:55.29] /o Scanning: group8/buffer/schematic
[13:06:55.32] /o Scanning: group8/inv_highdrive/schematic
[13:06:55.44] /o Computing terminal lists
[13:06:55.44] /o Processing terminals of module group8/precharge_logic/schematic
[13:06:55.47] /o Processing terminals of module group8/sram_6t/schematic
[13:06:55.48] /o Processing terminals of module group8/nand_i3/schematic
[13:06:55.48] /o Processing terminals of module group8/inv/schematic
[13:06:55.48] /o Processing terminals of module group8/buffer_highdrive/schematic
[13:06:55.48] /o Processing terminals of module group8/invx4/schematic
[13:06:55.48] /o Processing terminals of module group8/static_row_decoder_3by8/schematic
[13:06:55.48] /o Processing terminals of module group8/2to4_decoder/schematic
[13:06:55.48] /o Processing terminals of module group8/columnDecoder/schematic
[13:06:55.49] /o Processing terminals of module group8/Write_Driver/schematic
[13:06:55.49] /o Processing terminals of module group8/nand/schematic
[13:06:55.49] /o Processing terminals of module group8/read_circuit/schematic
[13:06:55.49] /o Processing terminals of module group8/tspc_pos_ff/schematic
[13:06:55.49] /o Processing terminals of module group8/Demux/schematic
[13:06:55.49] /o Processing terminals of module group8/nor/schematic
[13:06:55.49] /o Processing terminals of module group8/agen_unit/schematic
[13:06:55.49] /o Processing terminals of module group8/buffer/schematic
[13:06:55.49] /o Processing terminals of module group8/WLRef_PC/schematic
[13:06:55.49] /o Processing terminals of module group8/inv_highdrive/schematic
[13:06:55.49] /o Processing terminals of module group8/memory_array/schematic
[13:06:55.51] /o Processing terminals of module group8/memory_array_tb/schematic
[13:06:55.51] /o Starting netlisting
[13:06:56.13] /o Formatting group8/memory_array_tb/schematic
[13:06:56.18] /m Information: "group8 memory_array_tb schematic" renetlisted. (NETLISTING-056)
[13:06:56.58] /m Information: "Netlisting design "group8/memory_array_tb/schematic" finished successfully." (NETLISTING-012)
[13:06:56.66] /# Composing simulator input file for design "group8/memory_array_tb/schematic"...
[13:07:00.54] /# Simulator input file composed successfully for design "group8/memory_array_tb/schematic"
[13:07:00.67] /m Information: Save ouputs to /mnt/coe/workspace/ece/ece546-spr25/group8/group8_project/simulation/group8,memory_array_tb,schematic/history_1/simulation/HSPICE_default_working_Makes_Sense/HSPICE/nominal/results/outputs.tcl for AVA evaluation.
[13:07:02.00] /o 
[13:07:03.10] /o                                          Composing Nominal                                         
[13:07:03.47] /o               Launching jobs for testbench HSPICE_default_working_Makes_Sense started              
[13:07:03.48] /# Starting PrimeSimHSPICE simulation for design: group8/memory_array_tb/schematic
[13:07:03.54] /o                Creating jobs for testbench HSPICE_default_working_Makes_Sense (0 / 1)               
[13:07:03.61] /o                  Launching 1 jobs for testbench HSPICE_default_working_Makes_Sense                 
[13:07:04.02] /o               Launching jobs for testbench HSPICE_default_working_Makes_Sense finished              
[13:07:04.03] /o 
[13:07:04.04] /o ==== Received Msg ====
              /c len=26 sourceSoc=sock43da4fb0 msgIndex=12 rawMsg=evalCmd ::wf::viewerExited
[13:07:04.04] /o 
[13:07:04.24] /o ==== Received Msg ====
              /c len=35 sourceSoc=sock43da4fb0 msgIndex=13 rawMsg=evalCmd ::wf::updateViewerLicense 2
[13:07:04.24] /o 
[13:07:04.31] /m Information: 1 of 2 testbench(es) done. (PW_GUI-714)
[13:07:07.20] /m Information: Job distribution master (saeSession0,HSPICE_default_working_Makes_Sense.Simulation_Simulation session:session1 testbench:HSPICE_default_working_Makes_Sense) : up to 1 job running workers.
[13:07:45.54] /# Simulation completed successfully for design: group8/memory_array_tb/schematic  (PW-651)
[13:07:45.63] /# Netlisting and simulation completed for testbench: HSPICE_default_working_Makes_Sense in 53s
[13:07:45.64] /# Evaluating and plotting outputs...
[13:07:50.29] /m Information: Jobs distribution master quit! (PW_GUI-822)
[13:07:50.60] /# Evaluating and plotting completed for testbench: HSPICE_default_working_Makes_Sense in 5s
[13:07:50.74] /m Information: 2 of 2 testbench(es) done. (PW_GUI-714)
[13:08:14.17] /o ==== Received Msg ====
              /c len=8 sourceSoc=sock43da4fb0 msgIndex=14 rawMsg=idleExit
[13:08:14.17] /o 
[13:08:14.29] /m Information: Exiting simulation server process. (PW_GUI-984)
[13:08:17.70] /o Shutdown time: Sat Apr  5 13:08:17 2025
[13:08:17.70] /o Elapsed session real time: 4.98 minutes
[13:08:17.71] /o Session terminated. Log is at /mnt/coe/workspace/ece/ece546-spr25/group8/group8_project/synopsys_custom/logs/primewave.nbandeh.2025_4_5_130316_1256133.log
[13:08:17.73] /e Error: {}
