[20:51:10.46] /o 
              /c                          PrimeWave Design Environment 
              /c 
              /c                Version W-2024.09-SP1-2 for linux64 - Jan 15, 2025
              /c              Based on Custom Infrastructure
              /c Version W-2024.09-SP1-2
              /c 
              /c                     Copyright (c) 2004 - 2025 Synopsys, Inc.
              /c    This software and the associated documentation are proprietary to Synopsys,
              /c  Inc. This software may only be used in accordance with the terms and conditions
              /c  of a written license agreement with Synopsys, Inc. All other use, reproduction,
              /c    or distribution of this software is strictly prohibited.  Licensed Products
              /c      communicate with Synopsys servers for the purpose of providing software
              /c     updates, detecting software piracy and verifying that customers are using
              /c     Licensed Products in conformity with the applicable License Key for such
              /c   Licensed Products. Synopsys will use information gathered in connection with
              /c     this process to deliver software updates and pursue software pirates and
              /c                                    infringers.
              /c 
              /c  Inclusivity & Diversity - Visit SolvNetPlus to read the "Synopsys Statement on
              /c             Inclusivity and Diversity" (Refer to article 000036315 at
              /c                         https://solvnetplus.synopsys.com)
              /c 
              /c Build  (OPT) Config 11252589 compiled on Wed Jan 15 11:01:36 2025 for AlmaLinux 8.4
              /c Invocation: /mnt/apps/public/COE/synopsys_apps/primewave/W-2024.09-SP1-2/linux64/platform/bin/custom_shell -application primewave -gui 0 -uniqueString 424077b79e1069eeac4205361709ee4d4d49f0484e1ba41a3b3a965d3326affa386e110f53a84955fd0ffb7f4d848e3a -python 0 -log pw_shell_session0_job1 -libDefFile /mnt/coe/workspace/ece/ece546-spr25/group8/group8_project/lib.defs
              /c Execution time: Sun Apr  6 20:51:04 2025
              /c Host: hydra12.ece.ncsu.edu
              /c Working directory: /mnt/coe/workspace/ece/ece546-spr25/group8/group8_project
              /c 
[20:51:24.16] /m Information: Registering ICV PERC package...
[20:51:25.21] /m Information: Feature 'SynopsysCustomSAE' checked out. (LICENSE-003)
[20:51:25.22] /i catch {source /tmp/copyScript72927}; ::sa::_backgroundSaeShell::signalProcessReady 1743987058 2283329
[20:51:25.24] /o saeInterBGSaeShell:  ::sa::_backgroundSaeShell::processReady 27
[20:51:25.65] /o 
[20:51:25.65] /i ::wf::updateViewerLicense 2
[20:51:25.66] /i ::wf::updateViewerLicense 2
[20:52:06.63] /i ::sa::_backgroundSaeShell::exit
[20:52:06.63] /o saeInterBGSaeShell:  ::sa::_backgroundSaeShell::childFormallyExiting
[20:52:09.51] /o Shutdown time: Sun Apr  6 20:52:09 2025
[20:52:09.51] /o Elapsed session real time: 1.05 minutes
[20:52:09.51] /o Session terminated. Log is at /mnt/coe/workspace/ece/ece546-spr25/group8/group8_project/synopsys_custom/logs/primewave.hrajesh.2025_4_6_205104_2284618.log
