[18:04:36.76] /o 
              /c                          PrimeWave Design Environment 
              /c 
              /c                Version W-2024.09-SP1-2 for linux64 - Jan 15, 2025
              /c              Based on Custom Infrastructure
              /c Version W-2024.09-SP1-2
              /c 
              /c                     Copyright (c) 2004 - 2025 Synopsys, Inc.
              /c    This software and the associated documentation are proprietary to Synopsys,
              /c  Inc. This software may only be used in accordance with the terms and conditions
              /c  of a written license agreement with Synopsys, Inc. All other use, reproduction,
              /c    or distribution of this software is strictly prohibited.  Licensed Products
              /c      communicate with Synopsys servers for the purpose of providing software
              /c     updates, detecting software piracy and verifying that customers are using
              /c     Licensed Products in conformity with the applicable License Key for such
              /c   Licensed Products. Synopsys will use information gathered in connection with
              /c     this process to deliver software updates and pursue software pirates and
              /c                                    infringers.
              /c 
              /c  Inclusivity & Diversity - Visit SolvNetPlus to read the "Synopsys Statement on
              /c             Inclusivity and Diversity" (Refer to article 000036315 at
              /c                         https://solvnetplus.synopsys.com)
              /c 
              /c Build  (OPT) Config 11252589 compiled on Wed Jan 15 11:01:36 2025 for AlmaLinux 8.4
              /c Invocation: /mnt/apps/public/COE/synopsys_apps/primewave/W-2024.09-SP1-2/linux64/platform/bin/custom_shell -application primewave -gui 0 -uniqueString 424077b79e1069ee40c7e2bdb174746445d07a13aadabfc18dd83fb0058eea4a12f2765df4c4d713f0b097da648dcf39 -python 0 -command "source /mnt/coe/workspace/ece/ece546-spr25/group8/group8_project/synopsys_custom/sim_server/custom_compiler.svkolach/stb.group8.tspc_neg_ff_tb.schematic.session0/sim_server_init.tcl" -log /mnt/coe/workspace/ece/ece546-spr25/group8/group8_project/synopsys_custom/primewave_session0_sim_server_job1 -libDefFile /mnt/coe/workspace/ece/ece546-spr25/group8/group8_project/lib.defs
              /c Execution time: Fri Mar 28 18:04:34 2025
              /c Host: grendel44.ece.ncsu.edu
              /c Working directory: /mnt/coe/workspace/ece/ece546-spr25/group8/group8_project
              /c 
[18:04:48.99] /m Information: Registering ICV PERC package...
[18:04:49.32] /w Warning: In file /mnt/coe/workspace/ece/ece546-spr25/group8/group8_project/lib.defs: Unable to open library proj_common at path /mnt/coe/workspace/ece/ece546-common/proj_common : No access permission. (DATA_MANAGEMENT-014)
[18:04:50.19] /m Information: Feature 'SynopsysCustomSAE' checked out. (LICENSE-003)
[18:04:50.24] /o 
[18:04:50.32] /i source /mnt/coe/workspace/ece/ece546-spr25/group8/group8_project/synopsys_custom/sim_server/custom_compiler.svkolach/stb.group8.tspc_neg_ff_tb.schematic.session0/sim_server_init.tcl
[18:04:50.76] /o SimServer socket started on grendel44.ece.ncsu.edu:35791
[18:04:51.22] /m Information: Launching Waveform Viewer "cd /mnt/coe/workspace/ece/ece546-spr25/group8/group8_project/synopsys_custom/sim_server/custom_compiler.svkolach/stb.group8.tspc_neg_ff_tb.schematic.session0/logs &&  /mnt/apps/public/COE/synopsys_apps/primewave/W-2024.09-SP1-2/auxx/../linux64/swv/bin/swv  -bg_gui -k -cdesigner -ptype wv -spxkey /mnt/apps/public/COE/synopsys_apps/primewave/W-2024.09-SP1-2/auxx/waveform/sae.spxkey -spxrc /tmp/tmp_sae_spxrc_uXIpfy -unique_string 424077b79e1069eea002e7310cc095b245d07a13aadabfc18dd83fb0058eea4adb87396eccbed9c9a39bee8212e065cb51d525664afb1618 -lic_type 2   -parent_cc_pid 995336  > /mnt/coe/workspace/ece/ece546-spr25/group8/group8_project/synopsys_custom/sim_server/custom_compiler.svkolach/stb.group8.tspc_neg_ff_tb.schematic.session0/logs/viewer.log 2>&1"
[18:04:51.28] /o ==== Received Msg ====
              /c len=213 sourceSoc=sock43260ac0 msgIndex=2 rawMsg=AppendTask /mnt/coe/workspace/ece/ece546-spr25/group8/group8_project/synopsys_custom/sim_server/custom_compiler.svkolach/stb.group8.tspc_neg_ff_tb.schematic.session0/task0/sim_script0.tcl 0 saeSession0 1 overwrite
[18:04:51.28] /o 
[18:04:52.47] /w Warning: In file /mnt/coe/workspace/ece/ece546-spr25/group8/group8_project/lib.defs: Unable to open library proj_common at path /mnt/coe/workspace/ece/ece546-common/proj_common : No access permission. (DATA_MANAGEMENT-014)
[18:04:53.64] /m Information: "Starting incremental netlisting for design "group8/tspc_neg_ff_tb/schematic"..." (NETLISTING-010)
[18:04:53.76] /o Loading: Callback files...
[18:04:53.78] /o Loading: scripts/callbacks/callbacks.tcl
[18:04:53.78] /o 
              /c [INFO] : Loading display.drf from /mnt/designkits/ncsu/FreePDK3/syncust/NCSU_TechLib_FreePDK3
              /c 
              /c  if you wish to Load other display.drf, please set shell environment valiable "iPDK_load_display_NCSU_TechLib_FreePDK3" to value = 0
[18:04:53.78] /o 
[18:04:53.83] /w Warning: Could not set the value of preference xtDRCTool because it does not exist. (PREFERENCE-016)
[18:04:53.83] /w Warning: Could not set the value of preference xtDRCICVRunsetFile because it does not exist. (PREFERENCE-016)
[18:04:53.83] /w Warning: Could not set the value of preference xtDRCICVIncludePaths because it does not exist. (PREFERENCE-016)
[18:04:53.83] /w Warning: Could not set the value of preference xtDRCLayDBFormat because it does not exist. (PREFERENCE-016)
[18:04:53.83] /w Warning: Could not set the value of preference xtLVSTool because it does not exist. (PREFERENCE-016)
[18:04:53.83] /w Warning: Could not set the value of preference xtLVSICVRunsetFile because it does not exist. (PREFERENCE-016)
[18:04:53.83] /w Warning: Could not set the value of preference xtLVSICVIncludePaths because it does not exist. (PREFERENCE-016)
[18:04:53.83] /w Warning: Could not set the value of preference xtLVSLayDBFormat because it does not exist. (PREFERENCE-016)
[18:04:53.83] /w Warning: Could not set the value of preference xtLPELVSTool because it does not exist. (PREFERENCE-016)
[18:04:53.83] /w Warning: Could not set the value of preference xtLPETool because it does not exist. (PREFERENCE-016)
[18:04:53.83] /w Warning: Could not set the value of preference xtLPEOpenParasiticView because it does not exist. (PREFERENCE-016)
[18:04:53.83] /w Warning: Could not set the value of preference xtStarTcadGrdFile because it does not exist. (PREFERENCE-016)
[18:04:53.83] /w Warning: Could not set the value of preference xtLPEStarOADeviceMappingFile because it does not exist. (PREFERENCE-016)
[18:04:53.83] /w Warning: Could not set the value of preference xtStarOALayerMappingFile because it does not exist. (PREFERENCE-016)
[18:04:53.83] /o 	#######################################
[18:04:53.83] /o 	CC-PDK Library Name	: FreePDK3
[18:04:53.83] /o 	#######################################
[18:04:53.83] /o 
[18:04:53.88] /o Netlisting
[18:04:53.88] /o Creating output directories
[18:04:54.33] /o No Design Integrity rule violations found in "group8/tspc_neg_ff_tb/schematic"
[18:04:54.33] /o Scanning: group8/tspc_neg_ff_tb/schematic
[18:04:54.61] /o Scanning: group8/tspc_neg_ff/schematic
[18:04:55.03] /o Scanning: FreePDK3_examples/inverter/schematic
[18:04:55.03] /o Computing terminal lists
[18:04:55.03] /o Processing terminals of module group8/tspc_neg_ff/schematic
[18:04:55.07] /o Processing terminals of module FreePDK3_examples/inverter/schematic
[18:04:55.07] /o Processing terminals of module group8/tspc_neg_ff_tb/schematic
[18:04:55.08] /o Starting netlisting
[18:04:55.33] /o Formatting group8/tspc_neg_ff_tb/schematic
[18:04:55.36] /m Information: "group8 tspc_neg_ff_tb schematic" renetlisted. (NETLISTING-056)
[18:04:55.56] /m Information: "Netlisting design "group8/tspc_neg_ff_tb/schematic" finished successfully." (NETLISTING-012)
[18:04:55.67] /# Composing simulator input file for design "group8/tspc_neg_ff_tb/schematic"...
[18:04:56.60] /# Simulator input file composed successfully for design "group8/tspc_neg_ff_tb/schematic"
[18:04:56.78] /m Information: Save ouputs to /mnt/coe/workspace/ece/ece546-spr25/group8/group8_project/simulation/group8,tspc_neg_ff_tb,schematic/history_1/simulation/HSPICE_default/HSPICE/nominal/results/outputs.tcl for AVA evaluation.
[18:04:58.50] /o 
[18:05:00.09] /o                                          Composing Nominal                                         
[18:05:00.56] /o                         Launching jobs for testbench HSPICE_default started                        
[18:05:00.57] /# Starting PrimeSimHSPICE simulation for design: group8/tspc_neg_ff_tb/schematic
[18:05:00.66] /o                          Creating jobs for testbench HSPICE_default (0 / 1)                         
[18:05:00.75] /o                            Launching 1 jobs for testbench HSPICE_default                           
[18:05:09.60] /o                         Launching jobs for testbench HSPICE_default finished                        
[18:05:12.64] /m Information: 0 of 1 testbench(es) done. (PW_GUI-714)
[18:05:12.99] /m Information: Job distribution master (saeSession0,HSPICE_default.Simulation_Simulation session:session0 testbench:HSPICE_default) : up to 1 job running workers.
[18:05:44.75] /# Simulation completed successfully for design: group8/tspc_neg_ff_tb/schematic  (PW-651)
[18:05:44.85] /# Netlisting and simulation completed for testbench: HSPICE_default in 52s
[18:05:44.86] /# Evaluating and plotting outputs...
[18:05:48.70] /m Information: Jobs distribution master quit! (PW_GUI-822)
[18:05:49.44] /# Evaluating and plotting completed for testbench: HSPICE_default in 5s
[18:05:49.61] /m Information: 1 of 1 testbench(es) done. (PW_GUI-714)
[18:09:33.74] /o ==== Received Msg ====
              /c len=8 sourceSoc=sock43260ac0 msgIndex=3 rawMsg=idleExit
[18:09:33.74] /o 
[18:09:33.77] /m Information: Exiting simulation server process. (PW_GUI-984)
[18:09:36.16] /o Shutdown time: Fri Mar 28 18:09:36 2025
[18:09:36.16] /o Elapsed session real time: 5 minutes
[18:09:36.16] /o Session terminated. Log is at /mnt/coe/workspace/ece/ece546-spr25/group8/group8_project/synopsys_custom/logs/primewave.svkolach.2025_3_28_180434_995336.log
[18:09:36.19] /e Error: {}
