[17:34:22.61] /o 
              /c                          PrimeWave Design Environment 
              /c 
              /c                Version W-2024.09-SP1-2 for linux64 - Jan 15, 2025
              /c              Based on Custom Infrastructure
              /c Version W-2024.09-SP1-2
              /c 
              /c                     Copyright (c) 2004 - 2025 Synopsys, Inc.
              /c    This software and the associated documentation are proprietary to Synopsys,
              /c  Inc. This software may only be used in accordance with the terms and conditions
              /c  of a written license agreement with Synopsys, Inc. All other use, reproduction,
              /c    or distribution of this software is strictly prohibited.  Licensed Products
              /c      communicate with Synopsys servers for the purpose of providing software
              /c     updates, detecting software piracy and verifying that customers are using
              /c     Licensed Products in conformity with the applicable License Key for such
              /c   Licensed Products. Synopsys will use information gathered in connection with
              /c     this process to deliver software updates and pursue software pirates and
              /c                                    infringers.
              /c 
              /c  Inclusivity & Diversity - Visit SolvNetPlus to read the "Synopsys Statement on
              /c             Inclusivity and Diversity" (Refer to article 000036315 at
              /c                         https://solvnetplus.synopsys.com)
              /c 
              /c Build  (OPT) Config 11252589 compiled on Wed Jan 15 11:01:36 2025 for AlmaLinux 8.4
              /c Invocation: /mnt/apps/public/COE/synopsys_apps/primewave/W-2024.09-SP1-2/linux64/platform/bin/custom_shell -application primewave -gui 0 -uniqueString 424077b79e1069ee9d83af899b672ab09953e22508b8c8f7f93a5ef511cc936bfe8e21b6d86bfc2b6a11b438fe12765b -python 0 -log pw_shell_session0_job2 -libDefFile /mnt/coe/workspace/ece/ece546-spr25/group8/group8_project/lib.defs
              /c Execution time: Tue Apr  1 17:34:20 2025
              /c Host: wolfman.ece.ncsu.edu
              /c Working directory: /mnt/coe/workspace/ece/ece546-spr25/group8/group8_project
              /c 
[17:34:30.62] /m Information: Registering ICV PERC package...
[17:34:31.41] /m Information: Feature 'SynopsysCustomSAE' checked out. (LICENSE-003)
[17:34:31.41] /i catch {source /tmp/copyScript91607}; ::sa::_backgroundSaeShell::signalProcessReady 1743543258 29092
[17:34:31.43] /o saeInterBGSaeShell:  ::sa::_backgroundSaeShell::processReady 13
[17:34:31.57] /o 
[17:37:47.57] /i ::sa::_backgroundSaeShell::exit
[17:37:47.57] /o saeInterBGSaeShell:  ::sa::_backgroundSaeShell::childFormallyExiting
[17:37:48.34] /o Shutdown time: Tue Apr  1 17:37:48 2025
[17:37:48.34] /o Elapsed session real time: 3.43 minutes
[17:37:48.35] /o Session terminated. Log is at /mnt/coe/workspace/ece/ece546-spr25/group8/group8_project/synopsys_custom/logs/primewave.svkolach.2025_4_1_173420_42567.log
