[17:58:57.81] /o 
              /c                          PrimeWave Design Environment 
              /c 
              /c                Version W-2024.09-SP1-2 for linux64 - Jan 15, 2025
              /c              Based on Custom Infrastructure
              /c Version W-2024.09-SP1-2
              /c 
              /c                     Copyright (c) 2004 - 2025 Synopsys, Inc.
              /c    This software and the associated documentation are proprietary to Synopsys,
              /c  Inc. This software may only be used in accordance with the terms and conditions
              /c  of a written license agreement with Synopsys, Inc. All other use, reproduction,
              /c    or distribution of this software is strictly prohibited.  Licensed Products
              /c      communicate with Synopsys servers for the purpose of providing software
              /c     updates, detecting software piracy and verifying that customers are using
              /c     Licensed Products in conformity with the applicable License Key for such
              /c   Licensed Products. Synopsys will use information gathered in connection with
              /c     this process to deliver software updates and pursue software pirates and
              /c                                    infringers.
              /c 
              /c  Inclusivity & Diversity - Visit SolvNetPlus to read the "Synopsys Statement on
              /c             Inclusivity and Diversity" (Refer to article 000036315 at
              /c                         https://solvnetplus.synopsys.com)
              /c 
              /c Build  (OPT) Config 11252589 compiled on Wed Jan 15 11:01:36 2025 for AlmaLinux 8.4
              /c Invocation: /mnt/apps/public/COE/synopsys_apps/primewave/W-2024.09-SP1-2/linux64/platform/bin/custom_shell -application primewave -gui 0 -uniqueString 424077b79e1069ee7b83c826b6253d846d31d537f80fd0133b3a965d3326affa37efd44a6291330be29176c85da840a7 -python 0 -command "source /mnt/coe/workspace/ece/ece546-spr25/group8/group8_project/synopsys_custom/sim_server/custom_compiler.svkolach/stb.group8.memory_array_tb.schematic.session11/sim_server_init.tcl" -log /mnt/coe/workspace/ece/ece546-spr25/group8/group8_project/synopsys_custom/primewave_session11_sim_server_job1 -libDefFile /mnt/coe/workspace/ece/ece546-spr25/group8/group8_project/lib.defs
              /c Execution time: Fri Apr  4 17:58:55 2025
              /c Host: grendel41.ece.ncsu.edu
              /c Working directory: /mnt/coe/workspace/ece/ece546-spr25/group8/group8_project
              /c 
[17:59:03.45] /m Information: Registering ICV PERC package...
[17:59:04.01] /m Information: Feature 'SynopsysCustomSAE' checked out. (LICENSE-003)
[17:59:04.12] /o 
[17:59:04.15] /i source /mnt/coe/workspace/ece/ece546-spr25/group8/group8_project/synopsys_custom/sim_server/custom_compiler.svkolach/stb.group8.memory_array_tb.schematic.session11/sim_server_init.tcl
[17:59:04.47] /o SimServer socket started on grendel41.ece.ncsu.edu:34839
[17:59:04.70] /m Information: Launching Waveform Viewer "cd /mnt/coe/workspace/ece/ece546-spr25/group8/group8_project/synopsys_custom/sim_server/custom_compiler.svkolach/stb.group8.memory_array_tb.schematic.session11/logs &&  /mnt/apps/public/COE/synopsys_apps/primewave/W-2024.09-SP1-2/auxx/../linux64/swv/bin/swv  -bg_gui -k -cdesigner -ptype wv -spxkey /mnt/apps/public/COE/synopsys_apps/primewave/W-2024.09-SP1-2/auxx/waveform/sae.spxkey -spxrc /tmp/tmp_sae_spxrc_f8pDh2 -unique_string 424077b79e1069ee1dc758019589a97da6ce3c83a474c3ab8dd83fb0058eea4adb87396eccbed9c9440c9e63001d7c36f45eb03155f2f961 -lic_type 2   -parent_cc_pid 817660  > /mnt/coe/workspace/ece/ece546-spr25/group8/group8_project/synopsys_custom/sim_server/custom_compiler.svkolach/stb.group8.memory_array_tb.schematic.session11/logs/viewer.log 2>&1"
[17:59:04.89] /o ==== Received Msg ====
              /c len=215 sourceSoc=sock3cc35010 msgIndex=8 rawMsg=AppendTask /mnt/coe/workspace/ece/ece546-spr25/group8/group8_project/synopsys_custom/sim_server/custom_compiler.svkolach/stb.group8.memory_array_tb.schematic.session11/task0/sim_script0.tcl 0 saeSession6 1 overwrite
[17:59:04.89] /o 
[17:59:06.79] /m Information: "Starting incremental netlisting for design "group8/memory_array_tb/schematic"..." (NETLISTING-010)
[17:59:07.40] /o Loading: Callback files...
[17:59:07.64] /o Loading: scripts/callbacks/callbacks.tcl
[17:59:07.64] /o 
              /c [INFO] : Loading display.drf from /mnt/designkits/ncsu/FreePDK3/syncust/NCSU_TechLib_FreePDK3
              /c 
              /c  if you wish to Load other display.drf, please set shell environment valiable "iPDK_load_display_NCSU_TechLib_FreePDK3" to value = 0
[17:59:07.64] /o 
[17:59:07.78] /w Warning: Could not set the value of preference xtDRCTool because it does not exist. (PREFERENCE-016)
[17:59:07.78] /w Warning: Could not set the value of preference xtDRCICVRunsetFile because it does not exist. (PREFERENCE-016)
[17:59:07.78] /w Warning: Could not set the value of preference xtDRCICVIncludePaths because it does not exist. (PREFERENCE-016)
[17:59:07.78] /w Warning: Could not set the value of preference xtDRCLayDBFormat because it does not exist. (PREFERENCE-016)
[17:59:07.78] /w Warning: Could not set the value of preference xtLVSTool because it does not exist. (PREFERENCE-016)
[17:59:07.78] /w Warning: Could not set the value of preference xtLVSICVRunsetFile because it does not exist. (PREFERENCE-016)
[17:59:07.78] /w Warning: Could not set the value of preference xtLVSICVIncludePaths because it does not exist. (PREFERENCE-016)
[17:59:07.78] /w Warning: Could not set the value of preference xtLVSLayDBFormat because it does not exist. (PREFERENCE-016)
[17:59:07.78] /w Warning: Could not set the value of preference xtLPELVSTool because it does not exist. (PREFERENCE-016)
[17:59:07.78] /w Warning: Could not set the value of preference xtLPETool because it does not exist. (PREFERENCE-016)
[17:59:07.78] /w Warning: Could not set the value of preference xtLPEOpenParasiticView because it does not exist. (PREFERENCE-016)
[17:59:07.78] /w Warning: Could not set the value of preference xtStarTcadGrdFile because it does not exist. (PREFERENCE-016)
[17:59:07.78] /w Warning: Could not set the value of preference xtLPEStarOADeviceMappingFile because it does not exist. (PREFERENCE-016)
[17:59:07.78] /w Warning: Could not set the value of preference xtStarOALayerMappingFile because it does not exist. (PREFERENCE-016)
[17:59:07.78] /o 	#######################################
[17:59:07.78] /o 	CC-PDK Library Name	: FreePDK3
[17:59:07.78] /o 	#######################################
[17:59:07.78] /o 
[17:59:07.82] /o Netlisting
[17:59:07.82] /o Creating output directories
[17:59:08.23] /o No Design Integrity rule violations found in "group8/memory_array_tb/schematic"
[17:59:08.23] /o Scanning: group8/memory_array_tb/schematic
[17:59:08.44] /o Scanning: group8/memory_array/schematic
[17:59:08.86] /o Scanning: group8/precharge_logic/schematic
[17:59:09.87] /o Scanning: group8/sram_6t/schematic
[17:59:10.84] /o Scanning: group8/static_row_decoder_3by8/schematic
[17:59:10.87] /o Scanning: group8/nand_i3/schematic
[17:59:10.89] /o Scanning: group8/inv/schematic
[17:59:10.92] /o Scanning: group8/buffer_highdrive/schematic
[17:59:10.95] /o Scanning: group8/invx4/schematic
[17:59:10.99] /o Scanning: group8/columnDecoder/schematic
[17:59:11.01] /o Scanning: group8/2to4_decoder/schematic
[17:59:11.04] /o Scanning: group8/Write_Driver/schematic
[17:59:11.06] /o Scanning: group8/read_circuit/schematic
[17:59:11.09] /o Scanning: group8/nand/schematic
[17:59:11.12] /o Scanning: group8/tspc_pos_ff/schematic
[17:59:11.17] /o Scanning: group8/agen_unit/schematic
[17:59:11.20] /m Information: 
[17:59:11.20] /o Checking "group8/Demux/schematic"
[17:59:11.20] /o No rule violations found in "group8/Demux/schematic"
[17:59:11.20] /o Scanning: group8/Demux/schematic
[17:59:11.23] /m Information: 
[17:59:11.23] /o Checking "group8/nor/schematic"
[17:59:11.23] /o No rule violations found in "group8/nor/schematic"
[17:59:11.23] /o Scanning: group8/nor/schematic
[17:59:11.27] /o Scanning: group8/WLRef_PC/schematic
[17:59:11.30] /m Information: 
[17:59:11.30] /o Checking "group8/buffer/schematic"
[17:59:11.30] /o No rule violations found in "group8/buffer/schematic"
[17:59:11.30] /o Scanning: group8/buffer/schematic
[17:59:11.33] /o Scanning: group8/inv_highdrive/schematic
[17:59:11.39] /o Computing terminal lists
[17:59:11.39] /o Processing terminals of module group8/precharge_logic/schematic
[17:59:11.42] /o Processing terminals of module group8/sram_6t/schematic
[17:59:11.43] /o Processing terminals of module group8/nand_i3/schematic
[17:59:11.44] /o Processing terminals of module group8/inv/schematic
[17:59:11.44] /o Processing terminals of module group8/buffer_highdrive/schematic
[17:59:11.44] /o Processing terminals of module group8/invx4/schematic
[17:59:11.44] /o Processing terminals of module group8/static_row_decoder_3by8/schematic
[17:59:11.44] /o Processing terminals of module group8/2to4_decoder/schematic
[17:59:11.44] /o Processing terminals of module group8/columnDecoder/schematic
[17:59:11.44] /o Processing terminals of module group8/Write_Driver/schematic
[17:59:11.45] /o Processing terminals of module group8/nand/schematic
[17:59:11.45] /o Processing terminals of module group8/read_circuit/schematic
[17:59:11.45] /o Processing terminals of module group8/tspc_pos_ff/schematic
[17:59:11.45] /o Processing terminals of module group8/Demux/schematic
[17:59:11.45] /o Processing terminals of module group8/nor/schematic
[17:59:11.45] /o Processing terminals of module group8/agen_unit/schematic
[17:59:11.45] /o Processing terminals of module group8/buffer/schematic
[17:59:11.45] /o Processing terminals of module group8/WLRef_PC/schematic
[17:59:11.46] /o Processing terminals of module group8/inv_highdrive/schematic
[17:59:11.46] /o Processing terminals of module group8/memory_array/schematic
[17:59:11.46] /o Processing terminals of module group8/memory_array_tb/schematic
[17:59:11.46] /o Starting netlisting
[17:59:12.51] /m Information: "Netlisting design "group8/memory_array_tb/schematic" finished successfully." (NETLISTING-012)
[17:59:12.61] /# Composing simulator input file for design "group8/memory_array_tb/schematic"...
[17:59:18.33] /# Simulator input file composed successfully for design "group8/memory_array_tb/schematic"
[17:59:18.45] /m Information: Save ouputs to /mnt/coe/workspace/ece/ece546-spr25/group8/group8_project/simulation/group8,memory_array_tb,schematic/history_1/simulation/HSPICE_default/HSPICE/nominal/results/outputs.tcl for AVA evaluation.
[17:59:19.89] /o 
[17:59:20.93] /o                                          Composing Nominal                                         
[17:59:21.23] /o                         Launching jobs for testbench HSPICE_default started                        
[17:59:21.24] /# Starting PrimeSimHSPICE simulation for design: group8/memory_array_tb/schematic
[17:59:21.30] /o                          Creating jobs for testbench HSPICE_default (0 / 1)                         
[17:59:21.36] /o                            Launching 1 jobs for testbench HSPICE_default                           
[17:59:28.87] /o                         Launching jobs for testbench HSPICE_default finished                        
[17:59:30.74] /m Information: 0 of 1 testbench(es) done. (PW_GUI-714)
[17:59:32.20] /m Information: Job distribution master (saeSession6,HSPICE_default.Simulation_Simulation session:session0 testbench:HSPICE_default) : up to 1 job running workers.
[17:59:53.30] /# Simulation completed successfully for design: group8/memory_array_tb/schematic  (PW-651)
[17:59:53.38] /# Netlisting and simulation completed for testbench: HSPICE_default in 47s
[17:59:53.39] /# Evaluating and plotting outputs...
[17:59:57.62] /m Information: Jobs distribution master quit! (PW_GUI-822)
[17:59:57.86] /# Evaluating and plotting completed for testbench: HSPICE_default in 4s
[17:59:57.92] /m Information: 1 of 1 testbench(es) done. (PW_GUI-714)
[18:03:55.68] /o ==== Received Msg ====
              /c len=8 sourceSoc=sock3cc35010 msgIndex=23 rawMsg=idleExit
[18:03:55.68] /o 
[18:03:55.74] /m Information: Exiting simulation server process. (PW_GUI-984)
[18:03:57.21] /o Shutdown time: Fri Apr  4 18:03:57 2025
[18:03:57.21] /o Elapsed session real time: 5.01 minutes
[18:03:57.21] /o Session terminated. Log is at /mnt/coe/workspace/ece/ece546-spr25/group8/group8_project/synopsys_custom/logs/primewave.svkolach.2025_4_4_175855_817660.log
[18:03:57.22] /e Error: {}
