[19:25:24.57] /o 
              /c                          PrimeWave Design Environment 
              /c 
              /c                Version W-2024.09-SP1-2 for linux64 - Jan 15, 2025
              /c              Based on Custom Infrastructure
              /c Version W-2024.09-SP1-2
              /c 
              /c                     Copyright (c) 2004 - 2025 Synopsys, Inc.
              /c    This software and the associated documentation are proprietary to Synopsys,
              /c  Inc. This software may only be used in accordance with the terms and conditions
              /c  of a written license agreement with Synopsys, Inc. All other use, reproduction,
              /c    or distribution of this software is strictly prohibited.  Licensed Products
              /c      communicate with Synopsys servers for the purpose of providing software
              /c     updates, detecting software piracy and verifying that customers are using
              /c     Licensed Products in conformity with the applicable License Key for such
              /c   Licensed Products. Synopsys will use information gathered in connection with
              /c     this process to deliver software updates and pursue software pirates and
              /c                                    infringers.
              /c 
              /c  Inclusivity & Diversity - Visit SolvNetPlus to read the "Synopsys Statement on
              /c             Inclusivity and Diversity" (Refer to article 000036315 at
              /c                         https://solvnetplus.synopsys.com)
              /c 
              /c Build  (OPT) Config 11252589 compiled on Wed Jan 15 11:01:36 2025 for AlmaLinux 8.4
              /c Invocation: /mnt/apps/public/COE/synopsys_apps/primewave/W-2024.09-SP1-2/linux64/platform/bin/custom_shell -application primewave -gui 0 -uniqueString 424077b79e1069eeb22b3c236a49c119237d0ff9c53bf8841ab29029250ab531726bf2b39099463560cdeee35c32de3f -python 0 -log pw_shell_session0_job2 -libDefFile /mnt/coe/workspace/ece/ece546-spr25/group8/group8_project/lib.defs
              /c Execution time: Wed Apr  2 19:25:21 2025
              /c Host: grendel45.ece.ncsu.edu
              /c Working directory: /mnt/coe/workspace/ece/ece546-spr25/group8/group8_project
              /c 
[19:25:37.14] /m Information: Registering ICV PERC package...
[19:25:38.49] /m Information: Feature 'SynopsysCustomSAE' checked out. (LICENSE-003)
[19:25:38.49] /i catch {source /tmp/copyScript89205}; ::sa::_backgroundSaeShell::signalProcessReady 1743636318 3501133
[19:25:38.52] /o saeInterBGSaeShell:  ::sa::_backgroundSaeShell::processReady 20
[19:25:38.86] /o 
[19:28:04.25] /i ::wf::viewerExited
[19:28:10.57] /i ::wf::updateViewerLicense 2
[19:28:48.35] /i ::sa::_backgroundSaeShell::exit
[19:28:48.35] /o saeInterBGSaeShell:  ::sa::_backgroundSaeShell::childFormallyExiting
[19:28:50.18] /e Error: Error happens when creating .sae.spxrc
[19:28:50.19] /o Shutdown time: Wed Apr  2 19:28:50 2025
[19:28:50.19] /o Elapsed session real time: 3.45 minutes
[19:28:50.19] /o Session terminated. Log is at /mnt/coe/workspace/ece/ece546-spr25/group8/group8_project/synopsys_custom/logs/primewave.hrajesh.2025_4_2_192521_3730608.log
