[18:09:59.49] /o 
              /c                          PrimeWave Design Environment 
              /c 
              /c                Version W-2024.09-SP1-2 for linux64 - Jan 15, 2025
              /c              Based on Custom Infrastructure
              /c Version W-2024.09-SP1-2
              /c 
              /c                     Copyright (c) 2004 - 2025 Synopsys, Inc.
              /c    This software and the associated documentation are proprietary to Synopsys,
              /c  Inc. This software may only be used in accordance with the terms and conditions
              /c  of a written license agreement with Synopsys, Inc. All other use, reproduction,
              /c    or distribution of this software is strictly prohibited.  Licensed Products
              /c      communicate with Synopsys servers for the purpose of providing software
              /c     updates, detecting software piracy and verifying that customers are using
              /c     Licensed Products in conformity with the applicable License Key for such
              /c   Licensed Products. Synopsys will use information gathered in connection with
              /c     this process to deliver software updates and pursue software pirates and
              /c                                    infringers.
              /c 
              /c  Inclusivity & Diversity - Visit SolvNetPlus to read the "Synopsys Statement on
              /c             Inclusivity and Diversity" (Refer to article 000036315 at
              /c                         https://solvnetplus.synopsys.com)
              /c 
              /c Build  (OPT) Config 11252589 compiled on Wed Jan 15 11:01:36 2025 for AlmaLinux 8.4
              /c Invocation: /mnt/apps/public/COE/synopsys_apps/primewave/W-2024.09-SP1-2/linux64/platform/bin/custom_shell -application primewave -gui 0 -uniqueString 424077b79e1069ee9b2c903c81195b83237d0ff9c53bf8841ab29029250ab531e9d66eea0c8e1f99faee19308ffdc5fa -python 0 -command "source /mnt/coe/workspace/ece/ece546-spr25/group8/group8_project/synopsys_custom/sim_server/custom_compiler.hrajesh/stb.group8.tb2025_1.schematic.session0/sim_server_init.tcl" -log /mnt/coe/workspace/ece/ece546-spr25/group8/group8_project/synopsys_custom/primewave_session0_sim_server_job1 -libDefFile /mnt/coe/workspace/ece/ece546-spr25/group8/group8_project/lib.defs
              /c Execution time: Sat Apr 12 18:09:56 2025
              /c Host: grendel45.ece.ncsu.edu
              /c Working directory: /mnt/coe/workspace/ece/ece546-spr25/group8/group8_project
              /c 
[18:10:14.50] /m Information: Registering ICV PERC package...
[18:10:15.89] /m Information: Feature 'SynopsysCustomSAE' checked out. (LICENSE-003)
[18:10:16.38] /o 
[18:10:16.39] /i source /mnt/coe/workspace/ece/ece546-spr25/group8/group8_project/synopsys_custom/sim_server/custom_compiler.hrajesh/stb.group8.tb2025_1.schematic.session0/sim_server_init.tcl
[18:10:16.86] /o SimServer socket started on grendel45.ece.ncsu.edu:45207
[18:10:17.71] /m Information: Launching Waveform Viewer "cd /mnt/coe/workspace/ece/ece546-spr25/group8/group8_project/synopsys_custom/sim_server/custom_compiler.hrajesh/stb.group8.tb2025_1.schematic.session0/logs &&  /mnt/apps/public/COE/synopsys_apps/primewave/W-2024.09-SP1-2/auxx/../linux64/swv/bin/swv  -bg_gui -k -cdesigner -ptype wv -spxkey /mnt/apps/public/COE/synopsys_apps/primewave/W-2024.09-SP1-2/auxx/waveform/sae.spxkey -spxrc /tmp/tmp_sae_spxrc_bSObLq -unique_string 424077b79e1069ee26909091350a5081237d0ff9c53bf8841ab29029250ab53114d50a043ab99cd07c6b218e83a7971a3e886928ac1fc18f -lic_type 2   -parent_cc_pid 2698408  > /mnt/coe/workspace/ece/ece546-spr25/group8/group8_project/synopsys_custom/sim_server/custom_compiler.hrajesh/stb.group8.tb2025_1.schematic.session0/logs/viewer.log 2>&1"
[18:10:17.77] /o ==== Received Msg ====
              /c len=206 sourceSoc=sock4f155de0 msgIndex=0 rawMsg=AppendTask /mnt/coe/workspace/ece/ece546-spr25/group8/group8_project/synopsys_custom/sim_server/custom_compiler.hrajesh/stb.group8.tb2025_1.schematic.session0/task0/sim_script0.tcl 0 saeSession0 1 overwrite
[18:10:17.77] /o 
[18:10:17.88] /o ==== Received Msg ====
              /c len=35 sourceSoc=sock4f155de0 msgIndex=0 rawMsg=evalCmd ::wf::updateViewerLicense 2
[18:10:17.88] /o 
[18:10:17.90] /o ==== Received Msg ====
              /c len=35 sourceSoc=sock4f155de0 msgIndex=1 rawMsg=evalCmd ::wf::updateViewerLicense 2
[18:10:17.90] /o 
[18:10:20.60] /m Information: "Starting incremental netlisting for design "group8/tb2025_1/schematic"..." (NETLISTING-010)
[18:10:20.71] /o Loading: Callback files...
[18:10:20.73] /o Loading: scripts/callbacks/callbacks.tcl
[18:10:20.73] /o 
              /c [INFO] : Loading display.drf from /mnt/designkits/ncsu/FreePDK3/syncust/NCSU_TechLib_FreePDK3
              /c 
              /c  if you wish to Load other display.drf, please set shell environment valiable "iPDK_load_display_NCSU_TechLib_FreePDK3" to value = 0
[18:10:20.73] /o 
[18:10:20.77] /w Warning: Could not set the value of preference xtDRCTool because it does not exist. (PREFERENCE-016)
[18:10:20.77] /w Warning: Could not set the value of preference xtDRCICVRunsetFile because it does not exist. (PREFERENCE-016)
[18:10:20.77] /w Warning: Could not set the value of preference xtDRCICVIncludePaths because it does not exist. (PREFERENCE-016)
[18:10:20.77] /w Warning: Could not set the value of preference xtDRCLayDBFormat because it does not exist. (PREFERENCE-016)
[18:10:20.77] /w Warning: Could not set the value of preference xtLVSTool because it does not exist. (PREFERENCE-016)
[18:10:20.77] /w Warning: Could not set the value of preference xtLVSICVRunsetFile because it does not exist. (PREFERENCE-016)
[18:10:20.77] /w Warning: Could not set the value of preference xtLVSICVIncludePaths because it does not exist. (PREFERENCE-016)
[18:10:20.77] /w Warning: Could not set the value of preference xtLVSLayDBFormat because it does not exist. (PREFERENCE-016)
[18:10:20.77] /w Warning: Could not set the value of preference xtLPELVSTool because it does not exist. (PREFERENCE-016)
[18:10:20.77] /w Warning: Could not set the value of preference xtLPETool because it does not exist. (PREFERENCE-016)
[18:10:20.77] /w Warning: Could not set the value of preference xtLPEOpenParasiticView because it does not exist. (PREFERENCE-016)
[18:10:20.77] /w Warning: Could not set the value of preference xtStarTcadGrdFile because it does not exist. (PREFERENCE-016)
[18:10:20.77] /w Warning: Could not set the value of preference xtLPEStarOADeviceMappingFile because it does not exist. (PREFERENCE-016)
[18:10:20.77] /w Warning: Could not set the value of preference xtStarOALayerMappingFile because it does not exist. (PREFERENCE-016)
[18:10:20.77] /o 	#######################################
[18:10:20.77] /o 	CC-PDK Library Name	: FreePDK3
[18:10:20.77] /o 	#######################################
[18:10:20.77] /o 
[18:10:20.85] /o Netlisting
[18:10:20.85] /o Creating output directories
[18:10:21.73] /o No Design Integrity rule violations found in "group8/tb2025_1/schematic"
[18:10:21.73] /o Scanning: group8/tb2025_1/schematic
[18:10:22.15] /o Scanning: proj_common/inputbuf/schematic
[18:10:23.11] /o Scanning: group8/memory_array_static_column_decoder/schematic
[18:10:23.22] /o Scanning: group8/precharge_logic/schematic
[18:10:23.35] /o Scanning: group8/sram_6t/schematic
[18:10:23.51] /o Scanning: group8/static_row_decoder_3by8/schematic
[18:10:23.57] /o Scanning: group8/nand/schematic
[18:10:23.66] /o Scanning: group8/inv/schematic
[18:10:23.74] /o Scanning: group8/buffer_highdrive/schematic
[18:10:23.84] /o Scanning: group8/invx4/schematic
[18:10:23.92] /m Information: 
[18:10:23.92] /o Checking "group8/nor/schematic"
[18:10:23.93] /o No rule violations found in "group8/nor/schematic"
[18:10:23.93] /o Scanning: group8/nor/schematic
[18:10:24.08] /o Scanning: group8/columnDecoderstatic/schematic
[18:10:24.17] /o Scanning: group8/2to4_decoder_static/schematic
[18:10:24.23] /o Scanning: group8/Write_Driver/schematic
[18:10:24.29] /o Scanning: group8/read_circuit/schematic
[18:10:24.35] /o Scanning: group8/tspc_pos_ff/schematic
[18:10:24.47] /o Scanning: group8/agen_unit/schematic
[18:10:24.53] /m Information: 
[18:10:24.53] /o Checking "group8/Demux/schematic"
[18:10:24.53] /o No rule violations found in "group8/Demux/schematic"
[18:10:24.53] /o Scanning: group8/Demux/schematic
[18:10:24.65] /o Scanning: group8/WLRef_PC/schematic
[18:10:24.78] /m Information: 
[18:10:24.78] /o Checking "group8/buffer/schematic"
[18:10:24.78] /o No rule violations found in "group8/buffer/schematic"
[18:10:24.78] /o Scanning: group8/buffer/schematic
[18:10:24.78] /o Computing terminal lists
[18:10:24.78] /o Processing terminals of module proj_common/inputbuf/schematic
[18:10:24.90] /o Processing terminals of module group8/precharge_logic/schematic
[18:10:24.90] /o Processing terminals of module group8/sram_6t/schematic
[18:10:24.91] /o Processing terminals of module group8/nand/schematic
[18:10:24.91] /o Processing terminals of module group8/inv/schematic
[18:10:24.91] /o Processing terminals of module group8/buffer_highdrive/schematic
[18:10:24.91] /o Processing terminals of module group8/invx4/schematic
[18:10:24.91] /o Processing terminals of module group8/nor/schematic
[18:10:24.91] /o Processing terminals of module group8/static_row_decoder_3by8/schematic
[18:10:24.92] /o Processing terminals of module group8/2to4_decoder_static/schematic
[18:10:24.92] /o Processing terminals of module group8/columnDecoderstatic/schematic
[18:10:24.92] /o Processing terminals of module group8/Write_Driver/schematic
[18:10:24.92] /o Processing terminals of module group8/read_circuit/schematic
[18:10:24.92] /o Processing terminals of module group8/tspc_pos_ff/schematic
[18:10:24.92] /o Processing terminals of module group8/Demux/schematic
[18:10:24.92] /o Processing terminals of module group8/agen_unit/schematic
[18:10:24.92] /o Processing terminals of module group8/buffer/schematic
[18:10:24.92] /o Processing terminals of module group8/WLRef_PC/schematic
[18:10:24.92] /o Processing terminals of module group8/memory_array_static_column_decoder/schematic
[18:10:24.92] /o Processing terminals of module group8/tb2025_1/schematic
[18:10:24.93] /o Starting netlisting
[18:10:26.05] /o Formatting group8/Write_Driver/schematic
[18:10:26.08] /m Information: "group8 Write_Driver schematic" renetlisted. (NETLISTING-056)
[18:10:28.24] /m Information: "Netlisting design "group8/tb2025_1/schematic" finished successfully." (NETLISTING-012)
[18:10:28.43] /# Composing simulator input file for design "group8/tb2025_1/schematic"...
[18:10:31.26] /# Simulator input file composed successfully for design "group8/tb2025_1/schematic"
[18:10:31.49] /m Information: Save ouputs to /mnt/coe/workspace/ece/ece546-spr25/group8/group8_project/simulation/group8,tb2025_1,schematic/history_1/simulation/HSPICE_default/HSPICE/nominal/results/outputs.tcl for AVA evaluation.
[18:10:33.61] /o 
[18:10:35.33] /o                                          Composing Nominal                                         
[18:10:35.87] /o                         Launching jobs for testbench HSPICE_default started                        
[18:10:35.89] /# Starting PrimeSimHSPICE simulation for design: group8/tb2025_1/schematic
[18:10:36.00] /o                          Creating jobs for testbench HSPICE_default (0 / 1)                         
[18:10:36.12] /o                            Launching 1 jobs for testbench HSPICE_default                           
[18:10:45.29] /o                         Launching jobs for testbench HSPICE_default finished                        
[18:10:48.18] /m Information: 0 of 1 testbench(es) done. (PW_GUI-714)
[18:10:48.44] /m Information: Job distribution master (saeSession0,HSPICE_default.Simulation_Simulation session:session0 testbench:HSPICE_default) : up to 1 job running workers.
[18:11:46.64] /# Simulation completed successfully for design: group8/tb2025_1/schematic  (PW-651)
[18:11:46.99] /# Netlisting and simulation completed for testbench: HSPICE_default in 87s
[18:11:47.00] /# Evaluating and plotting outputs...
[18:11:54.40] /m Information: Jobs distribution master quit! (PW_GUI-822)
[18:11:55.43] /# Evaluating and plotting completed for testbench: HSPICE_default in 9s
[18:11:55.55] /m Information: 1 of 1 testbench(es) done. (PW_GUI-714)
[18:14:54.92] /o ==== Received Msg ====
              /c len=8 sourceSoc=sock4f155de0 msgIndex=2 rawMsg=idleExit
[18:14:54.92] /o 
[18:14:55.05] /m Information: Exiting simulation server process. (PW_GUI-984)
[18:14:56.86] /o Shutdown time: Sat Apr 12 18:14:56 2025
[18:14:56.86] /o Elapsed session real time: 4.98 minutes
[18:14:56.86] /o Session terminated. Log is at /mnt/coe/workspace/ece/ece546-spr25/group8/group8_project/synopsys_custom/logs/primewave.hrajesh.2025_4_12_180956_2698408.log
[18:14:56.88] /e Error: {}
