[13:29:32.03] /o 
              /c                          PrimeWave Design Environment 
              /c 
              /c                Version W-2024.09-SP1-2 for linux64 - Jan 15, 2025
              /c              Based on Custom Infrastructure
              /c Version W-2024.09-SP1-2
              /c 
              /c                     Copyright (c) 2004 - 2025 Synopsys, Inc.
              /c    This software and the associated documentation are proprietary to Synopsys,
              /c  Inc. This software may only be used in accordance with the terms and conditions
              /c  of a written license agreement with Synopsys, Inc. All other use, reproduction,
              /c    or distribution of this software is strictly prohibited.  Licensed Products
              /c      communicate with Synopsys servers for the purpose of providing software
              /c     updates, detecting software piracy and verifying that customers are using
              /c     Licensed Products in conformity with the applicable License Key for such
              /c   Licensed Products. Synopsys will use information gathered in connection with
              /c     this process to deliver software updates and pursue software pirates and
              /c                                    infringers.
              /c 
              /c  Inclusivity & Diversity - Visit SolvNetPlus to read the "Synopsys Statement on
              /c             Inclusivity and Diversity" (Refer to article 000036315 at
              /c                         https://solvnetplus.synopsys.com)
              /c 
              /c Build  (OPT) Config 11252589 compiled on Wed Jan 15 11:01:36 2025 for AlmaLinux 8.4
              /c Invocation: /mnt/apps/public/COE/synopsys_apps/primewave/W-2024.09-SP1-2/linux64/platform/bin/custom_shell -application primewave -gui 0 -uniqueString 424077b79e1069ee91043358a18402d3fe01eb4215c734e6103ebf0b7deb01dff95059c619d0b415 -python 0 -log pw_shell_session0_job1 -libDefFile /mnt/coe/workspace/ece/ece546-spr25/group8/group8_project/lib.defs
              /c Execution time: Thu Apr  3 13:29:25 2025
              /c Host: viper.ece.ncsu.edu
              /c Working directory: /mnt/coe/workspace/ece/ece546-spr25/group8/group8_project
              /c 
[13:29:38.64] /m Information: Registering ICV PERC package...
[13:29:39.32] /m Information: Feature 'SynopsysCustomSAE' checked out. (LICENSE-003)
[13:29:39.32] /i catch {source /tmp/copyScript95485}; ::sa::_backgroundSaeShell::signalProcessReady 1743701352 22212
[13:29:39.34] /o saeInterBGSaeShell:  ::sa::_backgroundSaeShell::processReady 27
[13:29:39.60] /o 
[13:29:39.60] /i ::wf::updateViewerLicense 2
[13:29:39.63] /i ::wf::updateViewerLicense 2
[13:30:29.68] /i ::sa::_backgroundSaeShell::runScript /mnt/coe/workspace/ece/ece546-spr25/group8/group8_project/simulation/group8,SRAM_8x4_array,schematic/history_1/simulation/HSPICE_default/HSPICE/nominal/.bg_measurement_script.tcl 0 sa::_resultsDatabase::saeShellProcessingCompletedProc testSuiteName saeSession0 uniqueSessionName {} testbenchName HSPICE_default resultsDir /mnt/coe/workspace/ece/ece546-spr25/group8/group8_project/simulation/group8,SRAM_8x4_array,schematic/history_1/simulation/HSPICE_default/HSPICE/nominal/results testSuiteDir /mnt/coe/workspace/ece/ece546-spr25/group8/group8_project/simulation/group8,SRAM_8x4_array,schematic/history_1/simulation/HSPICE_default/HSPICE/nominal databaseName /mnt/coe/workspace/ece/ece546-spr25/group8/group8_project/simulation/group8,SRAM_8x4_array,schematic/history_1/simulation/HSPICE_default/HSPICE/nominal/resultsDatabase remoteRun {} testbenchId 1 saveImages true invokeFrom SIM_DONE
[13:30:30.36] /m Information: Loading preferences from /mnt/coe/workspace/ece/ece546-spr25/group8/group8_project/simulation/group8,SRAM_8x4_array,schematic/history_1/simulation/HSPICE_default/HSPICE/nominal/pw_shell_session_prefs.xml
[13:30:30.47] /o Loading: Callback files...
[13:30:30.48] /o Loading: scripts/callbacks/callbacks.tcl
[13:30:30.48] /o 
              /c [INFO] : Loading display.drf from /mnt/designkits/ncsu/FreePDK3/syncust/NCSU_TechLib_FreePDK3
              /c 
              /c  if you wish to Load other display.drf, please set shell environment valiable "iPDK_load_display_NCSU_TechLib_FreePDK3" to value = 0
[13:30:30.48] /o 
[13:30:30.49] /w Warning: Could not set the value of preference xtDRCTool because it does not exist. (PREFERENCE-016)
[13:30:30.49] /w Warning: Could not set the value of preference xtDRCICVRunsetFile because it does not exist. (PREFERENCE-016)
[13:30:30.49] /w Warning: Could not set the value of preference xtDRCICVIncludePaths because it does not exist. (PREFERENCE-016)
[13:30:30.49] /w Warning: Could not set the value of preference xtDRCLayDBFormat because it does not exist. (PREFERENCE-016)
[13:30:30.49] /w Warning: Could not set the value of preference xtLVSTool because it does not exist. (PREFERENCE-016)
[13:30:30.49] /w Warning: Could not set the value of preference xtLVSICVRunsetFile because it does not exist. (PREFERENCE-016)
[13:30:30.49] /w Warning: Could not set the value of preference xtLVSICVIncludePaths because it does not exist. (PREFERENCE-016)
[13:30:30.49] /w Warning: Could not set the value of preference xtLVSLayDBFormat because it does not exist. (PREFERENCE-016)
[13:30:30.49] /w Warning: Could not set the value of preference xtLPELVSTool because it does not exist. (PREFERENCE-016)
[13:30:30.49] /w Warning: Could not set the value of preference xtLPETool because it does not exist. (PREFERENCE-016)
[13:30:30.49] /w Warning: Could not set the value of preference xtLPEOpenParasiticView because it does not exist. (PREFERENCE-016)
[13:30:30.49] /w Warning: Could not set the value of preference xtStarTcadGrdFile because it does not exist. (PREFERENCE-016)
[13:30:30.49] /w Warning: Could not set the value of preference xtLPEStarOADeviceMappingFile because it does not exist. (PREFERENCE-016)
[13:30:30.49] /w Warning: Could not set the value of preference xtStarOALayerMappingFile because it does not exist. (PREFERENCE-016)
[13:30:30.49] /o 	#######################################
[13:30:30.49] /o 	CC-PDK Library Name	: FreePDK3
[13:30:30.49] /o 	#######################################
[13:30:30.49] /o 
[13:30:30.69] /m Information: Start incremental database creation...
[13:30:30.73] /m Information: Create Iter role param id map
[13:30:31.07] /o saeInterBGSaeShell:  ::sa::_backgroundSaeShell::scriptFinished 1.3 {} sa::_resultsDatabase::saeShellProcessingCompletedProc testSuiteName saeSession0 uniqueSessionName {} testbenchName HSPICE_default resultsDir /mnt/coe/workspace/ece/ece546-spr25/group8/group8_project/simulation/group8,SRAM_8x4_array,schematic/history_1/simulation/HSPICE_default/HSPICE/nominal/results testSuiteDir /mnt/coe/workspace/ece/ece546-spr25/group8/group8_project/simulation/group8,SRAM_8x4_array,schematic/history_1/simulation/HSPICE_default/HSPICE/nominal databaseName /mnt/coe/workspace/ece/ece546-spr25/group8/group8_project/simulation/group8,SRAM_8x4_array,schematic/history_1/simulation/HSPICE_default/HSPICE/nominal/resultsDatabase remoteRun {} testbenchId 1 saveImages true invokeFrom SIM_DONE
[13:30:31.07] /o false
[13:31:02.35] /i ::wf::viewerExited
[13:31:04.02] /i ::wf::updateViewerLicense 2
[13:32:50.14] /i ::sa::_backgroundSaeShell::runScript /mnt/coe/workspace/ece/ece546-spr25/group8/group8_project/simulation/group8,SRAM_8x4_array,schematic/history_1/simulation/HSPICE_default/HSPICE/nominal/.bg_measurement_script.tcl 0 sa::_resultsDatabase::saeShellProcessingCompletedProc testSuiteName saeSession0 uniqueSessionName {} testbenchName HSPICE_default resultsDir /mnt/coe/workspace/ece/ece546-spr25/group8/group8_project/simulation/group8,SRAM_8x4_array,schematic/history_1/simulation/HSPICE_default/HSPICE/nominal/results testSuiteDir /mnt/coe/workspace/ece/ece546-spr25/group8/group8_project/simulation/group8,SRAM_8x4_array,schematic/history_1/simulation/HSPICE_default/HSPICE/nominal databaseName /mnt/coe/workspace/ece/ece546-spr25/group8/group8_project/simulation/group8,SRAM_8x4_array,schematic/history_1/simulation/HSPICE_default/HSPICE/nominal/resultsDatabase remoteRun {} testbenchId 1 saveImages true invokeFrom SIM_DONE
[13:32:50.18] /m Information: Feature 'SynopsysCustomSAE' checked in. (LICENSE-004)
[13:32:50.20] /m Information: Feature 'SynopsysCustomSAE' checked out. (LICENSE-003)
[13:32:50.70] /m Information: Loading preferences from /mnt/coe/workspace/ece/ece546-spr25/group8/group8_project/simulation/group8,SRAM_8x4_array,schematic/history_1/simulation/HSPICE_default/HSPICE/nominal/pw_shell_session_prefs.xml
[13:32:50.96] /m Information: Start incremental database creation...
[13:32:51.00] /m Information: Create Iter role param id map
[13:32:51.30] /o saeInterBGSaeShell:  ::sa::_backgroundSaeShell::scriptFinished 1.1 {} sa::_resultsDatabase::saeShellProcessingCompletedProc testSuiteName saeSession0 uniqueSessionName {} testbenchName HSPICE_default resultsDir /mnt/coe/workspace/ece/ece546-spr25/group8/group8_project/simulation/group8,SRAM_8x4_array,schematic/history_1/simulation/HSPICE_default/HSPICE/nominal/results testSuiteDir /mnt/coe/workspace/ece/ece546-spr25/group8/group8_project/simulation/group8,SRAM_8x4_array,schematic/history_1/simulation/HSPICE_default/HSPICE/nominal databaseName /mnt/coe/workspace/ece/ece546-spr25/group8/group8_project/simulation/group8,SRAM_8x4_array,schematic/history_1/simulation/HSPICE_default/HSPICE/nominal/resultsDatabase remoteRun {} testbenchId 1 saveImages true invokeFrom SIM_DONE
[13:32:51.30] /o false
[13:32:51.31] /o 
[13:33:31.25] /i ::wf::viewerExited
[13:33:32.83] /i ::wf::updateViewerLicense 2
[13:34:22.56] /i ::sa::_backgroundSaeShell::exit
[13:34:22.56] /o saeInterBGSaeShell:  ::sa::_backgroundSaeShell::childFormallyExiting
[13:34:23.37] /o Shutdown time: Thu Apr  3 13:34:23 2025
[13:34:23.37] /o Elapsed session real time: 4.91 minutes
[13:34:23.37] /o Session terminated. Log is at /mnt/coe/workspace/ece/ece546-spr25/group8/group8_project/synopsys_custom/logs/primewave.hrajesh.2025_4_3_132925_25116.log
