[10:58:29.27] /o 
              /c                          PrimeWave Design Environment 
              /c 
              /c                Version W-2024.09-SP1-2 for linux64 - Jan 15, 2025
              /c              Based on Custom Infrastructure
              /c Version W-2024.09-SP1-2
              /c 
              /c                     Copyright (c) 2004 - 2025 Synopsys, Inc.
              /c    This software and the associated documentation are proprietary to Synopsys,
              /c  Inc. This software may only be used in accordance with the terms and conditions
              /c  of a written license agreement with Synopsys, Inc. All other use, reproduction,
              /c    or distribution of this software is strictly prohibited.  Licensed Products
              /c      communicate with Synopsys servers for the purpose of providing software
              /c     updates, detecting software piracy and verifying that customers are using
              /c     Licensed Products in conformity with the applicable License Key for such
              /c   Licensed Products. Synopsys will use information gathered in connection with
              /c     this process to deliver software updates and pursue software pirates and
              /c                                    infringers.
              /c 
              /c  Inclusivity & Diversity - Visit SolvNetPlus to read the "Synopsys Statement on
              /c             Inclusivity and Diversity" (Refer to article 000036315 at
              /c                         https://solvnetplus.synopsys.com)
              /c 
              /c Build  (OPT) Config 11252589 compiled on Wed Jan 15 11:01:36 2025 for AlmaLinux 8.4
              /c Invocation: /mnt/apps/public/COE/synopsys_apps/primewave/W-2024.09-SP1-2/linux64/platform/bin/custom_shell -application primewave -gui 0 -uniqueString 424077b79e1069ee621325246ee3e966f03d3135d99f0755c1cb7792ad94754227b58a01e53120f4e562daea1cc31577 -python 0 -log pw_shell_session1_job2 -libDefFile /mnt/coe/workspace/ece/ece546-spr25/group8/group8_project/lib.defs
              /c Execution time: Tue Apr  8 10:58:23 2025
              /c Host: hydra11.ece.ncsu.edu
              /c Working directory: /mnt/coe/workspace/ece/ece546-spr25/group8/group8_project
              /c 
[10:58:41.59] /m Information: Registering ICV PERC package...
[10:58:42.52] /m Information: Feature 'SynopsysCustomSAE' checked out. (LICENSE-003)
[10:58:42.53] /i catch {source /tmp/copyScript19209}; ::sa::_backgroundSaeShell::signalProcessReady 1744124300 214712
[10:58:42.55] /o saeInterBGSaeShell:  ::sa::_backgroundSaeShell::processReady 22
[10:58:42.64] /o 
[10:59:29.22] /i ::wf::viewerExited
[10:59:33.24] /i ::wf::updateViewerLicense 2
[11:01:42.93] /i ::sa::_backgroundSaeShell::exit
[11:01:42.93] /o saeInterBGSaeShell:  ::sa::_backgroundSaeShell::childFormallyExiting
[11:01:45.69] /o Shutdown time: Tue Apr  8 11:01:45 2025
[11:01:45.69] /o Elapsed session real time: 3.35 minutes
[11:01:45.69] /o Session terminated. Log is at /mnt/coe/workspace/ece/ece546-spr25/group8/group8_project/synopsys_custom/logs/primewave.hrajesh.2025_4_8_105823_217963.log
