[12:10:05.58] /o 
              /c                          PrimeWave Design Environment 
              /c 
              /c                Version W-2024.09-SP1-2 for linux64 - Jan 15, 2025
              /c              Based on Custom Infrastructure
              /c Version W-2024.09-SP1-2
              /c 
              /c                     Copyright (c) 2004 - 2025 Synopsys, Inc.
              /c    This software and the associated documentation are proprietary to Synopsys,
              /c  Inc. This software may only be used in accordance with the terms and conditions
              /c  of a written license agreement with Synopsys, Inc. All other use, reproduction,
              /c    or distribution of this software is strictly prohibited.  Licensed Products
              /c      communicate with Synopsys servers for the purpose of providing software
              /c     updates, detecting software piracy and verifying that customers are using
              /c     Licensed Products in conformity with the applicable License Key for such
              /c   Licensed Products. Synopsys will use information gathered in connection with
              /c     this process to deliver software updates and pursue software pirates and
              /c                                    infringers.
              /c 
              /c  Inclusivity & Diversity - Visit SolvNetPlus to read the "Synopsys Statement on
              /c             Inclusivity and Diversity" (Refer to article 000036315 at
              /c                         https://solvnetplus.synopsys.com)
              /c 
              /c Build  (OPT) Config 11252589 compiled on Wed Jan 15 11:01:36 2025 for AlmaLinux 8.4
              /c Invocation: /mnt/apps/public/COE/synopsys_apps/primewave/W-2024.09-SP1-2/linux64/platform/bin/custom_shell -application primewave -gui 0 -uniqueString 424077b79e1069eeef8da69a41743584237d0ff9c53bf884984b241ac24fdb90e332389e68257413dcef5f7f71341d8d -python 0 -log pw_shell_session0_job2 -libDefFile /mnt/coe/workspace/ece/ece546-spr25/group8/group8_project/lib.defs
              /c Execution time: Wed Apr  9 12:10:02 2025
              /c Host: grendel40.ece.ncsu.edu
              /c Working directory: /mnt/coe/workspace/ece/ece546-spr25/group8/group8_project
              /c 
[12:10:17.62] /m Information: Registering ICV PERC package...
[12:10:18.81] /m Information: Feature 'SynopsysCustomSAE' checked out. (LICENSE-003)
[12:10:18.82] /i catch {source /tmp/copyScript83363}; ::sa::_backgroundSaeShell::signalProcessReady 1744214999 2870365
[12:10:18.84] /o saeInterBGSaeShell:  ::sa::_backgroundSaeShell::processReady 19
[12:10:18.94] /o 
[12:11:43.12] /i ::wf::viewerExited
[12:11:47.85] /i ::wf::updateViewerLicense 2
[12:12:59.43] /i ::sa::_backgroundSaeShell::exit
[12:12:59.43] /o saeInterBGSaeShell:  ::sa::_backgroundSaeShell::childFormallyExiting
[12:13:01.33] /o Shutdown time: Wed Apr  9 12:13:01 2025
[12:13:01.33] /o Elapsed session real time: 2.95 minutes
[12:13:01.33] /o Session terminated. Log is at /mnt/coe/workspace/ece/ece546-spr25/group8/group8_project/synopsys_custom/logs/primewave.svkolach.2025_4_9_121002_2876177.log
