[19:45:56.57] /o 
              /c                          PrimeWave Design Environment 
              /c 
              /c                Version W-2024.09-SP1-2 for linux64 - Jan 15, 2025
              /c              Based on Custom Infrastructure
              /c Version W-2024.09-SP1-2
              /c 
              /c                     Copyright (c) 2004 - 2025 Synopsys, Inc.
              /c    This software and the associated documentation are proprietary to Synopsys,
              /c  Inc. This software may only be used in accordance with the terms and conditions
              /c  of a written license agreement with Synopsys, Inc. All other use, reproduction,
              /c    or distribution of this software is strictly prohibited.  Licensed Products
              /c      communicate with Synopsys servers for the purpose of providing software
              /c     updates, detecting software piracy and verifying that customers are using
              /c     Licensed Products in conformity with the applicable License Key for such
              /c   Licensed Products. Synopsys will use information gathered in connection with
              /c     this process to deliver software updates and pursue software pirates and
              /c                                    infringers.
              /c 
              /c  Inclusivity & Diversity - Visit SolvNetPlus to read the "Synopsys Statement on
              /c             Inclusivity and Diversity" (Refer to article 000036315 at
              /c                         https://solvnetplus.synopsys.com)
              /c 
              /c Build  (OPT) Config 11252589 compiled on Wed Jan 15 11:01:36 2025 for AlmaLinux 8.4
              /c Invocation: /mnt/apps/public/COE/synopsys_apps/primewave/W-2024.09-SP1-2/linux64/platform/bin/custom_shell -application primewave -gui 0 -uniqueString 424077b79e1069eecd708d39402f9b5aa6637bf26a454d71c1cb7792ad9475427beca7710897915b30bcf609c2dc5c69 -python 0 -command "source /mnt/coe/workspace/ece/ece546-spr25/group8/group8_project/synopsys_custom/sim_server/custom_compiler.nbandeh/stb.group8.tb2025_1.schematic.session0/sim_server_init.tcl" -log /mnt/coe/workspace/ece/ece546-spr25/group8/group8_project/synopsys_custom/primewave_session0_sim_server_job1 -libDefFile /mnt/coe/workspace/ece/ece546-spr25/group8/group8_project/lib.defs
              /c Execution time: Tue Apr  8 19:45:50 2025
              /c Host: hydra13.ece.ncsu.edu
              /c Working directory: /mnt/coe/workspace/ece/ece546-spr25/group8/group8_project
              /c 
[19:46:09.29] /m Information: Registering ICV PERC package...
[19:46:10.43] /m Information: Feature 'SynopsysCustomSAE' checked out. (LICENSE-003)
[19:46:10.59] /o 
[19:46:10.65] /i source /mnt/coe/workspace/ece/ece546-spr25/group8/group8_project/synopsys_custom/sim_server/custom_compiler.nbandeh/stb.group8.tb2025_1.schematic.session0/sim_server_init.tcl
[19:46:11.46] /o SimServer socket started on hydra13.ece.ncsu.edu:46687
[19:46:12.09] /m Information: Launching Waveform Viewer "cd /mnt/coe/workspace/ece/ece546-spr25/group8/group8_project/synopsys_custom/sim_server/custom_compiler.nbandeh/stb.group8.tb2025_1.schematic.session0/logs &&  /mnt/apps/public/COE/synopsys_apps/primewave/W-2024.09-SP1-2/auxx/../linux64/swv/bin/swv  -bg_gui -k -cdesigner -ptype wv -spxkey /mnt/apps/public/COE/synopsys_apps/primewave/W-2024.09-SP1-2/auxx/waveform/sae.spxkey -spxrc /tmp/tmp_sae_spxrc_QLDZGy -unique_string 424077b79e1069eeca6f20e266d076e7a6637bf26a454d71c1cb7792ad94754215911dea03ed9e14d04cb36f7eeb1ef055eb820fb25f0205 -lic_type 2   -parent_cc_pid 940155  > /mnt/coe/workspace/ece/ece546-spr25/group8/group8_project/synopsys_custom/sim_server/custom_compiler.nbandeh/stb.group8.tb2025_1.schematic.session0/logs/viewer.log 2>&1"
[19:46:12.14] /o ==== Received Msg ====
              /c len=206 sourceSoc=sock475e0760 msgIndex=2 rawMsg=AppendTask /mnt/coe/workspace/ece/ece546-spr25/group8/group8_project/synopsys_custom/sim_server/custom_compiler.nbandeh/stb.group8.tb2025_1.schematic.session0/task0/sim_script0.tcl 0 saeSession0 1 overwrite
[19:46:12.14] /o 
[19:46:15.44] /m Information: "Starting incremental netlisting for design "group8/tb2025_1/schematic"..." (NETLISTING-010)
[19:46:15.55] /o Loading: Callback files...
[19:46:15.57] /o Loading: scripts/callbacks/callbacks.tcl
[19:46:15.57] /o 
              /c [INFO] : Loading display.drf from /mnt/designkits/ncsu/FreePDK3/syncust/NCSU_TechLib_FreePDK3
              /c 
              /c  if you wish to Load other display.drf, please set shell environment valiable "iPDK_load_display_NCSU_TechLib_FreePDK3" to value = 0
[19:46:15.57] /o 
[19:46:15.63] /w Warning: Could not set the value of preference xtDRCTool because it does not exist. (PREFERENCE-016)
[19:46:15.63] /w Warning: Could not set the value of preference xtDRCICVRunsetFile because it does not exist. (PREFERENCE-016)
[19:46:15.63] /w Warning: Could not set the value of preference xtDRCICVIncludePaths because it does not exist. (PREFERENCE-016)
[19:46:15.63] /w Warning: Could not set the value of preference xtDRCLayDBFormat because it does not exist. (PREFERENCE-016)
[19:46:15.63] /w Warning: Could not set the value of preference xtLVSTool because it does not exist. (PREFERENCE-016)
[19:46:15.63] /w Warning: Could not set the value of preference xtLVSICVRunsetFile because it does not exist. (PREFERENCE-016)
[19:46:15.63] /w Warning: Could not set the value of preference xtLVSICVIncludePaths because it does not exist. (PREFERENCE-016)
[19:46:15.63] /w Warning: Could not set the value of preference xtLVSLayDBFormat because it does not exist. (PREFERENCE-016)
[19:46:15.63] /w Warning: Could not set the value of preference xtLPELVSTool because it does not exist. (PREFERENCE-016)
[19:46:15.63] /w Warning: Could not set the value of preference xtLPETool because it does not exist. (PREFERENCE-016)
[19:46:15.63] /w Warning: Could not set the value of preference xtLPEOpenParasiticView because it does not exist. (PREFERENCE-016)
[19:46:15.63] /w Warning: Could not set the value of preference xtStarTcadGrdFile because it does not exist. (PREFERENCE-016)
[19:46:15.63] /w Warning: Could not set the value of preference xtLPEStarOADeviceMappingFile because it does not exist. (PREFERENCE-016)
[19:46:15.63] /w Warning: Could not set the value of preference xtStarOALayerMappingFile because it does not exist. (PREFERENCE-016)
[19:46:15.64] /o 	#######################################
[19:46:15.64] /o 	CC-PDK Library Name	: FreePDK3
[19:46:15.64] /o 	#######################################
[19:46:15.64] /o 
[19:46:15.77] /o Netlisting
[19:46:15.77] /o Creating output directories
[19:46:16.45] /o No Design Integrity rule violations found in "group8/tb2025_1/schematic"
[19:46:16.45] /o Scanning: group8/tb2025_1/schematic
[19:46:16.75] /o Scanning: proj_common/inputbuf/schematic
[19:46:17.50] /o Scanning: group8/memory_array_static_column_decoder/schematic
[19:46:17.57] /o Scanning: group8/precharge_logic/schematic
[19:46:17.65] /o Scanning: group8/sram_6t/schematic
[19:46:17.76] /o Scanning: group8/static_row_decoder_3by8/schematic
[19:46:17.82] /o Scanning: group8/nand_i3/schematic
[19:46:17.88] /o Scanning: group8/inv/schematic
[19:46:17.93] /o Scanning: group8/buffer_highdrive/schematic
[19:46:17.99] /o Scanning: group8/invx4/schematic
[19:46:18.08] /o Scanning: group8/columnDecoderstatic/schematic
[19:46:18.14] /o Scanning: group8/2to4_decoder_static/schematic
[19:46:18.20] /o Scanning: group8/nand/schematic
[19:46:18.26] /m Information: 
[19:46:18.26] /o Checking "group8/nor/schematic"
[19:46:18.26] /o No rule violations found in "group8/nor/schematic"
[19:46:18.26] /o Scanning: group8/nor/schematic
[19:46:18.32] /o Scanning: group8/Write_Driver/schematic
[19:46:18.38] /o Scanning: group8/read_circuit/schematic
[19:46:18.44] /o Scanning: group8/tspc_pos_ff/schematic
[19:46:18.52] /o Scanning: group8/agen_unit/schematic
[19:46:18.58] /m Information: 
[19:46:18.58] /o Checking "group8/Demux/schematic"
[19:46:18.58] /o No rule violations found in "group8/Demux/schematic"
[19:46:18.58] /o Scanning: group8/Demux/schematic
[19:46:18.66] /o Scanning: group8/WLRef_PC/schematic
[19:46:18.73] /m Information: 
[19:46:18.73] /o Checking "group8/buffer/schematic"
[19:46:18.73] /o No rule violations found in "group8/buffer/schematic"
[19:46:18.73] /o Scanning: group8/buffer/schematic
[19:46:18.73] /o Computing terminal lists
[19:46:18.73] /o Processing terminals of module proj_common/inputbuf/schematic
[19:46:18.79] /o Processing terminals of module group8/precharge_logic/schematic
[19:46:18.80] /o Processing terminals of module group8/sram_6t/schematic
[19:46:18.80] /o Processing terminals of module group8/nand_i3/schematic
[19:46:18.80] /o Processing terminals of module group8/inv/schematic
[19:46:18.80] /o Processing terminals of module group8/buffer_highdrive/schematic
[19:46:18.80] /o Processing terminals of module group8/invx4/schematic
[19:46:18.81] /o Processing terminals of module group8/static_row_decoder_3by8/schematic
[19:46:18.81] /o Processing terminals of module group8/nand/schematic
[19:46:18.81] /o Processing terminals of module group8/nor/schematic
[19:46:18.81] /o Processing terminals of module group8/2to4_decoder_static/schematic
[19:46:18.81] /o Processing terminals of module group8/columnDecoderstatic/schematic
[19:46:18.81] /o Processing terminals of module group8/Write_Driver/schematic
[19:46:18.81] /o Processing terminals of module group8/read_circuit/schematic
[19:46:18.81] /o Processing terminals of module group8/tspc_pos_ff/schematic
[19:46:18.81] /o Processing terminals of module group8/Demux/schematic
[19:46:18.81] /o Processing terminals of module group8/agen_unit/schematic
[19:46:18.82] /o Processing terminals of module group8/buffer/schematic
[19:46:18.82] /o Processing terminals of module group8/WLRef_PC/schematic
[19:46:18.82] /o Processing terminals of module group8/memory_array_static_column_decoder/schematic
[19:46:18.82] /o Processing terminals of module group8/tb2025_1/schematic
[19:46:18.83] /o Starting netlisting
[19:46:19.35] /o Formatting group8/static_row_decoder_3by8/schematic
[19:46:19.37] /m Information: "group8 static_row_decoder_3by8 schematic" renetlisted. (NETLISTING-056)
[19:46:19.53] /o Formatting group8/2to4_decoder_static/schematic
[19:46:19.59] /m Information: "group8 2to4_decoder_static schematic" renetlisted. (NETLISTING-056)
[19:46:19.67] /o Formatting group8/columnDecoderstatic/schematic
[19:46:19.67] /m Information: "group8 columnDecoderstatic schematic" renetlisted. (NETLISTING-056)
[19:46:21.06] /m Information: "Netlisting design "group8/tb2025_1/schematic" finished successfully." (NETLISTING-012)
[19:46:21.21] /# Composing simulator input file for design "group8/tb2025_1/schematic"...
[19:46:28.91] /# Simulator input file composed successfully for design "group8/tb2025_1/schematic"
[19:46:29.16] /m Information: Save ouputs to /mnt/coe/workspace/ece/ece546-spr25/group8/group8_project/simulation/group8,tb2025_1,schematic/history_1/simulation/HSPICE_default/HSPICE/nominal/results/outputs.tcl for AVA evaluation.
[19:46:31.50] /o 
[19:46:33.52] /o                                          Composing Nominal                                         
[19:46:34.14] /o                         Launching jobs for testbench HSPICE_default started                        
[19:46:34.16] /# Starting PrimeSimHSPICE simulation for design: group8/tb2025_1/schematic
[19:46:34.28] /o                          Creating jobs for testbench HSPICE_default (0 / 1)                         
[19:46:34.39] /o                            Launching 1 jobs for testbench HSPICE_default                           
[19:46:35.04] /o                         Launching jobs for testbench HSPICE_default finished                        
[19:46:36.56] /m Information: 0 of 1 testbench(es) done. (PW_GUI-714)
[19:46:38.27] /m Information: Job distribution master (saeSession0,HSPICE_default.Simulation_Simulation session:session0 testbench:HSPICE_default) : up to 1 job running workers.
[19:48:24.68] /# Simulation completed successfully for design: group8/tb2025_1/schematic  (PW-651)
[19:48:25.02] /# Netlisting and simulation completed for testbench: HSPICE_default in 131s
[19:48:25.04] /# Evaluating and plotting outputs...
[19:48:33.66] /m Information: Jobs distribution master quit! (PW_GUI-822)
[19:48:34.46] /# Evaluating and plotting completed for testbench: HSPICE_default in 9s
[19:48:34.66] /m Information: 1 of 1 testbench(es) done. (PW_GUI-714)
[19:49:46.17] /o ==== Received Msg ====
              /c len=26 sourceSoc=sock475e0760 msgIndex=4 rawMsg=evalCmd ::wf::viewerExited
[19:49:46.17] /o 
[19:49:53.25] /o ==== Received Msg ====
              /c len=35 sourceSoc=sock475e0760 msgIndex=5 rawMsg=evalCmd ::wf::updateViewerLicense 2
[19:49:53.25] /o 
[19:50:32.22] /o ==== Received Msg ====
              /c len=8 sourceSoc=sock475e0760 msgIndex=6 rawMsg=idleExit
[19:50:32.22] /o 
[19:50:32.30] /m Information: Exiting simulation server process. (PW_GUI-984)
[19:50:35.74] /o Shutdown time: Tue Apr  8 19:50:35 2025
[19:50:35.74] /o Elapsed session real time: 4.71 minutes
[19:50:35.75] /o Session terminated. Log is at /mnt/coe/workspace/ece/ece546-spr25/group8/group8_project/synopsys_custom/logs/primewave.nbandeh.2025_4_8_194550_940155.log
[19:50:35.76] /e Error: {}
