[16:03:16.70] /o 
              /c                          PrimeWave Design Environment 
              /c 
              /c                Version W-2024.09-SP1-2 for linux64 - Jan 15, 2025
              /c              Based on Custom Infrastructure
              /c Version W-2024.09-SP1-2
              /c 
              /c                     Copyright (c) 2004 - 2025 Synopsys, Inc.
              /c    This software and the associated documentation are proprietary to Synopsys,
              /c  Inc. This software may only be used in accordance with the terms and conditions
              /c  of a written license agreement with Synopsys, Inc. All other use, reproduction,
              /c    or distribution of this software is strictly prohibited.  Licensed Products
              /c      communicate with Synopsys servers for the purpose of providing software
              /c     updates, detecting software piracy and verifying that customers are using
              /c     Licensed Products in conformity with the applicable License Key for such
              /c   Licensed Products. Synopsys will use information gathered in connection with
              /c     this process to deliver software updates and pursue software pirates and
              /c                                    infringers.
              /c 
              /c  Inclusivity & Diversity - Visit SolvNetPlus to read the "Synopsys Statement on
              /c             Inclusivity and Diversity" (Refer to article 000036315 at
              /c                         https://solvnetplus.synopsys.com)
              /c 
              /c Build  (OPT) Config 11252589 compiled on Wed Jan 15 11:01:36 2025 for AlmaLinux 8.4
              /c Invocation: /mnt/apps/public/COE/synopsys_apps/primewave/W-2024.09-SP1-2/linux64/platform/bin/custom_shell -application primewave -gui 0 -uniqueString 424077b79e1069eeacad11149867122e237d0ff9c53bf884c7744a297d993ece2e36d24aeefbecc07edd36a0ae396e1c -python 0 -log pw_shell_session2_job1 -libDefFile /mnt/coe/workspace/ece/ece546-spr25/group8/group8_project/lib.defs
              /c Execution time: Sat Apr  5 16:03:13 2025
              /c Host: grendel46.ece.ncsu.edu
              /c Working directory: /mnt/coe/workspace/ece/ece546-spr25/group8/group8_project
              /c 
[16:03:27.61] /m Information: Registering ICV PERC package...
[16:03:28.54] /m Information: Feature 'SynopsysCustomSAE' checked out. (LICENSE-003)
[16:03:28.54] /i catch {source /tmp/copyScript3543}; ::sa::_backgroundSaeShell::signalProcessReady 1743883389 4181882
[16:03:28.56] /o saeInterBGSaeShell:  ::sa::_backgroundSaeShell::processReady 19
[16:03:28.91] /o 
[16:03:28.91] /i ::wf::updateViewerLicense 2
[16:03:28.95] /i ::wf::updateViewerLicense 2
[16:05:43.95] /i ::sa::_backgroundSaeShell::exit
[16:05:43.95] /o saeInterBGSaeShell:  ::sa::_backgroundSaeShell::childFormallyExiting
[16:05:46.05] /o Shutdown time: Sat Apr  5 16:05:46 2025
[16:05:46.05] /o Elapsed session real time: 2.51 minutes
[16:05:46.05] /o Session terminated. Log is at /mnt/coe/workspace/ece/ece546-spr25/group8/group8_project/synopsys_custom/logs/primewave.svkolach.2025_4_5_160313_4189895.log
[16:05:46.09] /i ::wf::viewerExited
[16:05:46.11] /i ::wf::viewerExited
