[17:33:57.21] /o 
              /c                          PrimeWave Design Environment 
              /c 
              /c                Version W-2024.09-SP1-2 for linux64 - Jan 15, 2025
              /c              Based on Custom Infrastructure
              /c Version W-2024.09-SP1-2
              /c 
              /c                     Copyright (c) 2004 - 2025 Synopsys, Inc.
              /c    This software and the associated documentation are proprietary to Synopsys,
              /c  Inc. This software may only be used in accordance with the terms and conditions
              /c  of a written license agreement with Synopsys, Inc. All other use, reproduction,
              /c    or distribution of this software is strictly prohibited.  Licensed Products
              /c      communicate with Synopsys servers for the purpose of providing software
              /c     updates, detecting software piracy and verifying that customers are using
              /c     Licensed Products in conformity with the applicable License Key for such
              /c   Licensed Products. Synopsys will use information gathered in connection with
              /c     this process to deliver software updates and pursue software pirates and
              /c                                    infringers.
              /c 
              /c  Inclusivity & Diversity - Visit SolvNetPlus to read the "Synopsys Statement on
              /c             Inclusivity and Diversity" (Refer to article 000036315 at
              /c                         https://solvnetplus.synopsys.com)
              /c 
              /c Build  (OPT) Config 11252589 compiled on Wed Jan 15 11:01:36 2025 for AlmaLinux 8.4
              /c Invocation: /mnt/apps/public/COE/synopsys_apps/primewave/W-2024.09-SP1-2/linux64/platform/bin/custom_shell -application primewave -gui 0 -uniqueString 424077b79e1069ee7b83c826b6253d846d31d537f80fd0133b3a965d3326affaa4dffcf0049fbd6f43d524816329af4d -python 0 -command "source /mnt/coe/workspace/ece/ece546-spr25/group8/group8_project/synopsys_custom/sim_server/custom_compiler.svkolach/stb.group8.memory_array_tb.schematic.session5/sim_server_init.tcl" -log /mnt/coe/workspace/ece/ece546-spr25/group8/group8_project/synopsys_custom/primewave_session5_sim_server_job1 -libDefFile /mnt/coe/workspace/ece/ece546-spr25/group8/group8_project/lib.defs
              /c Execution time: Fri Apr  4 17:33:54 2025
              /c Host: grendel41.ece.ncsu.edu
              /c Working directory: /mnt/coe/workspace/ece/ece546-spr25/group8/group8_project
              /c 
[17:34:04.08] /m Information: Registering ICV PERC package...
[17:34:04.71] /m Information: Feature 'SynopsysCustomSAE' checked out. (LICENSE-003)
[17:34:05.12] /o 
[17:34:05.16] /i source /mnt/coe/workspace/ece/ece546-spr25/group8/group8_project/synopsys_custom/sim_server/custom_compiler.svkolach/stb.group8.memory_array_tb.schematic.session5/sim_server_init.tcl
[17:34:05.50] /o SimServer socket started on grendel41.ece.ncsu.edu:45737
[17:34:05.81] /m Information: Launching Waveform Viewer "cd /mnt/coe/workspace/ece/ece546-spr25/group8/group8_project/synopsys_custom/sim_server/custom_compiler.svkolach/stb.group8.memory_array_tb.schematic.session5/logs &&  /mnt/apps/public/COE/synopsys_apps/primewave/W-2024.09-SP1-2/auxx/../linux64/swv/bin/swv  -bg_gui -k -cdesigner -ptype wv -spxkey /mnt/apps/public/COE/synopsys_apps/primewave/W-2024.09-SP1-2/auxx/waveform/sae.spxkey -spxrc /tmp/tmp_sae_spxrc_RKXAtB -unique_string 424077b79e1069eeecbd71ababa82b95a6ce3c83a474c3ab8dd83fb0058eea4adb87396eccbed9c9440c9e63001d7c36d6a409a2504a316a -lic_type 2   -parent_cc_pid 656174  > /mnt/coe/workspace/ece/ece546-spr25/group8/group8_project/synopsys_custom/sim_server/custom_compiler.svkolach/stb.group8.memory_array_tb.schematic.session5/logs/viewer.log 2>&1"
[17:34:06.01] /o ==== Received Msg ====
              /c len=214 sourceSoc=sock467cbb50 msgIndex=5 rawMsg=AppendTask /mnt/coe/workspace/ece/ece546-spr25/group8/group8_project/synopsys_custom/sim_server/custom_compiler.svkolach/stb.group8.memory_array_tb.schematic.session5/task0/sim_script0.tcl 0 saeSession2 1 overwrite
[17:34:06.01] /o 
[17:34:07.73] /m Information: "Starting incremental netlisting for design "group8/memory_array_tb/schematic"..." (NETLISTING-010)
[17:34:07.83] /o Loading: Callback files...
[17:34:07.84] /o Loading: scripts/callbacks/callbacks.tcl
[17:34:07.84] /o 
              /c [INFO] : Loading display.drf from /mnt/designkits/ncsu/FreePDK3/syncust/NCSU_TechLib_FreePDK3
              /c 
              /c  if you wish to Load other display.drf, please set shell environment valiable "iPDK_load_display_NCSU_TechLib_FreePDK3" to value = 0
[17:34:07.84] /o 
[17:34:07.87] /w Warning: Could not set the value of preference xtDRCTool because it does not exist. (PREFERENCE-016)
[17:34:07.87] /w Warning: Could not set the value of preference xtDRCICVRunsetFile because it does not exist. (PREFERENCE-016)
[17:34:07.87] /w Warning: Could not set the value of preference xtDRCICVIncludePaths because it does not exist. (PREFERENCE-016)
[17:34:07.87] /w Warning: Could not set the value of preference xtDRCLayDBFormat because it does not exist. (PREFERENCE-016)
[17:34:07.87] /w Warning: Could not set the value of preference xtLVSTool because it does not exist. (PREFERENCE-016)
[17:34:07.87] /w Warning: Could not set the value of preference xtLVSICVRunsetFile because it does not exist. (PREFERENCE-016)
[17:34:07.87] /w Warning: Could not set the value of preference xtLVSICVIncludePaths because it does not exist. (PREFERENCE-016)
[17:34:07.87] /w Warning: Could not set the value of preference xtLVSLayDBFormat because it does not exist. (PREFERENCE-016)
[17:34:07.87] /w Warning: Could not set the value of preference xtLPELVSTool because it does not exist. (PREFERENCE-016)
[17:34:07.87] /w Warning: Could not set the value of preference xtLPETool because it does not exist. (PREFERENCE-016)
[17:34:07.87] /w Warning: Could not set the value of preference xtLPEOpenParasiticView because it does not exist. (PREFERENCE-016)
[17:34:07.87] /w Warning: Could not set the value of preference xtStarTcadGrdFile because it does not exist. (PREFERENCE-016)
[17:34:07.88] /w Warning: Could not set the value of preference xtLPEStarOADeviceMappingFile because it does not exist. (PREFERENCE-016)
[17:34:07.88] /w Warning: Could not set the value of preference xtStarOALayerMappingFile because it does not exist. (PREFERENCE-016)
[17:34:07.88] /o 	#######################################
[17:34:07.88] /o 	CC-PDK Library Name	: FreePDK3
[17:34:07.88] /o 	#######################################
[17:34:07.88] /o 
[17:34:07.92] /o Netlisting
[17:34:07.92] /o Creating output directories
[17:34:08.44] /o No Design Integrity rule violations found in "group8/memory_array_tb/schematic"
[17:34:08.44] /o Scanning: group8/memory_array_tb/schematic
[17:34:08.71] /o Scanning: group8/memory_array/schematic
[17:34:08.82] /o Scanning: group8/precharge_logic/schematic
[17:34:08.91] /o Scanning: group8/sram_6t/schematic
[17:34:09.06] /o Scanning: group8/static_row_decoder_3by8/schematic
[17:34:09.09] /o Scanning: group8/nand_i3/schematic
[17:34:09.12] /o Scanning: group8/inv/schematic
[17:34:09.16] /o Scanning: group8/buffer_highdrive/schematic
[17:34:09.19] /o Scanning: group8/invx4/schematic
[17:34:09.23] /o Scanning: group8/columnDecoder/schematic
[17:34:09.27] /o Scanning: group8/2to4_decoder/schematic
[17:34:09.30] /o Scanning: group8/Write_Driver/schematic
[17:34:09.33] /o Scanning: group8/read_circuit/schematic
[17:34:09.37] /o Scanning: group8/nand/schematic
[17:34:09.40] /o Scanning: group8/tspc_pos_ff/schematic
[17:34:09.46] /o Scanning: group8/agen_unit/schematic
[17:34:09.50] /m Information: 
[17:34:09.50] /o Checking "group8/Demux/schematic"
[17:34:09.50] /o No rule violations found in "group8/Demux/schematic"
[17:34:09.50] /o Scanning: group8/Demux/schematic
[17:34:09.54] /m Information: 
[17:34:09.54] /o Checking "group8/nor/schematic"
[17:34:09.54] /o No rule violations found in "group8/nor/schematic"
[17:34:09.54] /o Scanning: group8/nor/schematic
[17:34:09.58] /o Scanning: group8/WLRef_PC/schematic
[17:34:09.62] /m Information: 
[17:34:09.62] /o Checking "group8/buffer/schematic"
[17:34:09.62] /o No rule violations found in "group8/buffer/schematic"
[17:34:09.62] /o Scanning: group8/buffer/schematic
[17:34:09.66] /o Scanning: group8/inv_highdrive/schematic
[17:34:09.73] /o Computing terminal lists
[17:34:09.73] /o Processing terminals of module group8/precharge_logic/schematic
[17:34:09.74] /o Processing terminals of module group8/sram_6t/schematic
[17:34:09.75] /o Processing terminals of module group8/nand_i3/schematic
[17:34:09.75] /o Processing terminals of module group8/inv/schematic
[17:34:09.75] /o Processing terminals of module group8/buffer_highdrive/schematic
[17:34:09.75] /o Processing terminals of module group8/invx4/schematic
[17:34:09.75] /o Processing terminals of module group8/static_row_decoder_3by8/schematic
[17:34:09.75] /o Processing terminals of module group8/2to4_decoder/schematic
[17:34:09.75] /o Processing terminals of module group8/columnDecoder/schematic
[17:34:09.75] /o Processing terminals of module group8/Write_Driver/schematic
[17:34:09.76] /o Processing terminals of module group8/nand/schematic
[17:34:09.76] /o Processing terminals of module group8/read_circuit/schematic
[17:34:09.76] /o Processing terminals of module group8/tspc_pos_ff/schematic
[17:34:09.76] /o Processing terminals of module group8/Demux/schematic
[17:34:09.76] /o Processing terminals of module group8/nor/schematic
[17:34:09.76] /o Processing terminals of module group8/agen_unit/schematic
[17:34:09.76] /o Processing terminals of module group8/buffer/schematic
[17:34:09.76] /o Processing terminals of module group8/WLRef_PC/schematic
[17:34:09.76] /o Processing terminals of module group8/inv_highdrive/schematic
[17:34:09.76] /o Processing terminals of module group8/memory_array/schematic
[17:34:09.77] /o Processing terminals of module group8/memory_array_tb/schematic
[17:34:09.77] /o Starting netlisting
[17:34:10.39] /o Formatting group8/memory_array_tb/schematic
[17:34:10.41] /m Information: "group8 memory_array_tb schematic" renetlisted. (NETLISTING-056)
[17:34:10.78] /m Information: "Netlisting design "group8/memory_array_tb/schematic" finished successfully." (NETLISTING-012)
[17:34:10.85] /# Composing simulator input file for design "group8/memory_array_tb/schematic"...
[17:34:17.02] /# Simulator input file composed successfully for design "group8/memory_array_tb/schematic"
[17:34:17.15] /m Information: Save ouputs to /mnt/coe/workspace/ece/ece546-spr25/group8/group8_project/simulation/group8,memory_array_tb,schematic/history_1/simulation/HSPICE_default/HSPICE/nominal/results/outputs.tcl for AVA evaluation.
[17:34:18.61] /o 
[17:34:19.59] /o                                          Composing Nominal                                         
[17:34:19.88] /o                         Launching jobs for testbench HSPICE_default started                        
[17:34:19.89] /# Starting PrimeSimHSPICE simulation for design: group8/memory_array_tb/schematic
[17:34:19.97] /o                          Creating jobs for testbench HSPICE_default (0 / 1)                         
[17:34:20.04] /o                            Launching 1 jobs for testbench HSPICE_default                           
[17:34:27.02] /o                         Launching jobs for testbench HSPICE_default finished                        
[17:34:28.89] /m Information: 0 of 1 testbench(es) done. (PW_GUI-714)
[17:34:30.62] /m Information: Job distribution master (saeSession2,HSPICE_default.Simulation_Simulation session:session0 testbench:HSPICE_default) : up to 1 job running workers.
[17:34:53.43] /# Simulation completed successfully for design: group8/memory_array_tb/schematic  (PW-651)
[17:34:53.53] /# Netlisting and simulation completed for testbench: HSPICE_default in 46s
[17:34:53.54] /# Evaluating and plotting outputs...
[17:34:58.67] /m Information: Jobs distribution master quit! (PW_GUI-822)
[17:34:59.39] /# Evaluating and plotting completed for testbench: HSPICE_default in 6s
[17:34:59.46] /m Information: 1 of 1 testbench(es) done. (PW_GUI-714)
[17:38:47.63] /o ==== Received Msg ====
              /c len=8 sourceSoc=sock467cbb50 msgIndex=15 rawMsg=idleExit
[17:38:47.63] /o 
[17:38:47.75] /m Information: Exiting simulation server process. (PW_GUI-984)
[17:38:49.56] /o Shutdown time: Fri Apr  4 17:38:49 2025
[17:38:49.56] /o Elapsed session real time: 4.9 minutes
[17:38:49.57] /o Session terminated. Log is at /mnt/coe/workspace/ece/ece546-spr25/group8/group8_project/synopsys_custom/logs/primewave.svkolach.2025_4_4_173354_656174.log
[17:38:49.58] /e Error: {}
