[15:25:21.91] /o 
              /c                          PrimeWave Design Environment 
              /c 
              /c                Version W-2024.09-SP1-2 for linux64 - Jan 15, 2025
              /c              Based on Custom Infrastructure
              /c Version W-2024.09-SP1-2
              /c 
              /c                     Copyright (c) 2004 - 2025 Synopsys, Inc.
              /c    This software and the associated documentation are proprietary to Synopsys,
              /c  Inc. This software may only be used in accordance with the terms and conditions
              /c  of a written license agreement with Synopsys, Inc. All other use, reproduction,
              /c    or distribution of this software is strictly prohibited.  Licensed Products
              /c      communicate with Synopsys servers for the purpose of providing software
              /c     updates, detecting software piracy and verifying that customers are using
              /c     Licensed Products in conformity with the applicable License Key for such
              /c   Licensed Products. Synopsys will use information gathered in connection with
              /c     this process to deliver software updates and pursue software pirates and
              /c                                    infringers.
              /c 
              /c  Inclusivity & Diversity - Visit SolvNetPlus to read the "Synopsys Statement on
              /c             Inclusivity and Diversity" (Refer to article 000036315 at
              /c                         https://solvnetplus.synopsys.com)
              /c 
              /c Build  (OPT) Config 11252589 compiled on Wed Jan 15 11:01:36 2025 for AlmaLinux 8.4
              /c Invocation: /mnt/apps/public/COE/synopsys_apps/primewave/W-2024.09-SP1-2/linux64/platform/bin/custom_shell -application primewave -gui 0 -uniqueString 424077b79e1069ee7b6a78dc849980096c7dd0c34ddd3fe0c1cb7792ad9475423dba3be622dc1ca9d1122c6190c499e9 -python 0 -log pw_shell_session0_job2 -libDefFile /mnt/coe/workspace/ece/ece546-spr25/group8/group8_project/lib.defs
              /c Execution time: Wed Apr 16 15:25:16 2025
              /c Host: hydra12.ece.ncsu.edu
              /c Working directory: /mnt/coe/workspace/ece/ece546-spr25/group8/group8_project
              /c 
[15:25:30.78] /m Information: Registering ICV PERC package...
[15:25:31.65] /m Information: Feature 'SynopsysCustomSAE' checked out. (LICENSE-003)
[15:25:31.65] /i catch {source /tmp/copyScript88764}; ::sa::_backgroundSaeShell::signalProcessReady 1744831513 670128
[15:25:31.67] /o saeInterBGSaeShell:  ::sa::_backgroundSaeShell::processReady 18
[15:25:32.14] /o 
[15:25:32.14] /i ::sa::_backgroundSaeShell::runScript /mnt/coe/workspace/ece/ece546-spr25/group8/group8_project/simulation/group8,tb2025_1,schematic/history_1/simulation/HSPICE_default/HSPICE/nominal/.bg_measurement_script.tcl 0 sa::_resultsDatabase::saeShellProcessingCompletedProc testSuiteName saeSession0 uniqueSessionName {} testbenchName HSPICE_default resultsDir /mnt/coe/workspace/ece/ece546-spr25/group8/group8_project/simulation/group8,tb2025_1,schematic/history_1/simulation/HSPICE_default/HSPICE/nominal/results testSuiteDir /mnt/coe/workspace/ece/ece546-spr25/group8/group8_project/simulation/group8,tb2025_1,schematic/history_1/simulation/HSPICE_default/HSPICE/nominal databaseName /mnt/coe/workspace/ece/ece546-spr25/group8/group8_project/simulation/group8,tb2025_1,schematic/history_1/simulation/HSPICE_default/HSPICE/nominal/resultsDatabase remoteRun {} testbenchId 1 saveImages true invokeFrom SIM_DONE
[15:25:33.92] /m Information: Loading preferences from /mnt/coe/workspace/ece/ece546-spr25/group8/group8_project/simulation/group8,tb2025_1,schematic/history_1/simulation/HSPICE_default/HSPICE/nominal/pw_shell_session_prefs.xml
[15:25:34.24] /o Loading: Callback files...
[15:25:34.26] /o Loading: scripts/callbacks/callbacks.tcl
[15:25:34.26] /o 
              /c [INFO] : Loading display.drf from /mnt/designkits/ncsu/FreePDK3/syncust/NCSU_TechLib_FreePDK3
              /c 
              /c  if you wish to Load other display.drf, please set shell environment valiable "iPDK_load_display_NCSU_TechLib_FreePDK3" to value = 0
[15:25:34.26] /o 
[15:25:34.30] /w Warning: Could not set the value of preference xtDRCTool because it does not exist. (PREFERENCE-016)
[15:25:34.30] /w Warning: Could not set the value of preference xtDRCICVRunsetFile because it does not exist. (PREFERENCE-016)
[15:25:34.30] /w Warning: Could not set the value of preference xtDRCICVIncludePaths because it does not exist. (PREFERENCE-016)
[15:25:34.30] /w Warning: Could not set the value of preference xtDRCLayDBFormat because it does not exist. (PREFERENCE-016)
[15:25:34.30] /w Warning: Could not set the value of preference xtLVSTool because it does not exist. (PREFERENCE-016)
[15:25:34.30] /w Warning: Could not set the value of preference xtLVSICVRunsetFile because it does not exist. (PREFERENCE-016)
[15:25:34.30] /w Warning: Could not set the value of preference xtLVSICVIncludePaths because it does not exist. (PREFERENCE-016)
[15:25:34.30] /w Warning: Could not set the value of preference xtLVSLayDBFormat because it does not exist. (PREFERENCE-016)
[15:25:34.30] /w Warning: Could not set the value of preference xtLPELVSTool because it does not exist. (PREFERENCE-016)
[15:25:34.30] /w Warning: Could not set the value of preference xtLPETool because it does not exist. (PREFERENCE-016)
[15:25:34.30] /w Warning: Could not set the value of preference xtLPEOpenParasiticView because it does not exist. (PREFERENCE-016)
[15:25:34.30] /w Warning: Could not set the value of preference xtStarTcadGrdFile because it does not exist. (PREFERENCE-016)
[15:25:34.31] /w Warning: Could not set the value of preference xtLPEStarOADeviceMappingFile because it does not exist. (PREFERENCE-016)
[15:25:34.31] /w Warning: Could not set the value of preference xtStarOALayerMappingFile because it does not exist. (PREFERENCE-016)
[15:25:34.31] /o 	#######################################
[15:25:34.31] /o 	CC-PDK Library Name	: FreePDK3
[15:25:34.31] /o 	#######################################
[15:25:34.31] /o 
[15:25:34.76] /m Information: Start incremental database creation...
[15:25:34.92] /m Information: Create Iter role param id map
[15:25:36.32] /o saeInterBGSaeShell:  ::sa::_backgroundSaeShell::scriptFinished 4.1 {} sa::_resultsDatabase::saeShellProcessingCompletedProc testSuiteName saeSession0 uniqueSessionName {} testbenchName HSPICE_default resultsDir /mnt/coe/workspace/ece/ece546-spr25/group8/group8_project/simulation/group8,tb2025_1,schematic/history_1/simulation/HSPICE_default/HSPICE/nominal/results testSuiteDir /mnt/coe/workspace/ece/ece546-spr25/group8/group8_project/simulation/group8,tb2025_1,schematic/history_1/simulation/HSPICE_default/HSPICE/nominal databaseName /mnt/coe/workspace/ece/ece546-spr25/group8/group8_project/simulation/group8,tb2025_1,schematic/history_1/simulation/HSPICE_default/HSPICE/nominal/resultsDatabase remoteRun {} testbenchId 1 saveImages true invokeFrom SIM_DONE
[15:25:36.32] /o false
[15:30:41.78] /o saeInterBGSaeShell:  ::sa::_backgroundSaeShell::pingBack
[15:30:41.83] /i ::sa::_backgroundSaeShell::parentRunning
[15:30:41.83] /o false
[15:35:46.71] /o saeInterBGSaeShell:  ::sa::_backgroundSaeShell::pingBack
[15:35:46.73] /i ::sa::_backgroundSaeShell::parentRunning
[15:35:46.73] /o false
[15:40:52.06] /o saeInterBGSaeShell:  ::sa::_backgroundSaeShell::pingBack
[15:40:52.23] /i ::sa::_backgroundSaeShell::parentRunning
[15:40:52.23] /o false
[15:45:57.16] /o saeInterBGSaeShell:  ::sa::_backgroundSaeShell::pingBack
[15:45:57.33] /i ::sa::_backgroundSaeShell::parentRunning
[15:45:57.33] /o false
[15:51:02.26] /o saeInterBGSaeShell:  ::sa::_backgroundSaeShell::pingBack
[15:51:02.33] /i ::sa::_backgroundSaeShell::parentRunning
[15:51:02.33] /o false
[15:56:07.37] /o saeInterBGSaeShell:  ::sa::_backgroundSaeShell::pingBack
[15:56:07.43] /i ::sa::_backgroundSaeShell::parentRunning
[15:56:07.43] /o false
[15:56:57.53] /i ::wf::viewerExited
[15:57:03.66] /i ::wf::updateViewerLicense 2
[16:01:12.46] /o saeInterBGSaeShell:  ::sa::_backgroundSaeShell::pingBack
[16:01:12.64] /i ::sa::_backgroundSaeShell::parentRunning
[16:01:12.64] /o false
[16:06:17.52] /o saeInterBGSaeShell:  ::sa::_backgroundSaeShell::pingBack
[16:06:17.53] /i ::sa::_backgroundSaeShell::parentRunning
[16:06:17.53] /o false
[16:11:22.57] /o saeInterBGSaeShell:  ::sa::_backgroundSaeShell::pingBack
[16:11:22.73] /i ::sa::_backgroundSaeShell::parentRunning
[16:11:22.73] /o false
[16:16:27.17] /o saeInterBGSaeShell:  ::sa::_backgroundSaeShell::pingBack
[16:16:27.34] /i ::sa::_backgroundSaeShell::parentRunning
[16:16:27.34] /o false
[16:21:31.59] /o saeInterBGSaeShell:  ::sa::_backgroundSaeShell::pingBack
[16:21:31.73] /i ::sa::_backgroundSaeShell::parentRunning
[16:21:31.73] /o false
[16:26:36.55] /o saeInterBGSaeShell:  ::sa::_backgroundSaeShell::pingBack
[16:26:36.73] /i ::sa::_backgroundSaeShell::parentRunning
[16:26:36.73] /o false
[16:31:41.75] /o saeInterBGSaeShell:  ::sa::_backgroundSaeShell::pingBack
[16:31:41.83] /i ::sa::_backgroundSaeShell::parentRunning
[16:31:41.83] /o false
[16:36:46.94] /o saeInterBGSaeShell:  ::sa::_backgroundSaeShell::pingBack
[16:36:47.03] /i ::sa::_backgroundSaeShell::parentRunning
[16:36:47.03] /o false
[16:41:51.88] /o saeInterBGSaeShell:  ::sa::_backgroundSaeShell::pingBack
[16:41:51.93] /i ::sa::_backgroundSaeShell::parentRunning
[16:41:51.93] /o false
[16:46:56.80] /o saeInterBGSaeShell:  ::sa::_backgroundSaeShell::pingBack
[16:46:56.93] /i ::sa::_backgroundSaeShell::parentRunning
[16:46:56.93] /o false
[16:52:01.69] /o saeInterBGSaeShell:  ::sa::_backgroundSaeShell::pingBack
[16:52:01.73] /i ::sa::_backgroundSaeShell::parentRunning
[16:52:01.73] /o false
[16:57:06.35] /o saeInterBGSaeShell:  ::sa::_backgroundSaeShell::pingBack
[16:57:06.43] /i ::sa::_backgroundSaeShell::parentRunning
[16:57:06.43] /o false
[17:02:10.79] /o saeInterBGSaeShell:  ::sa::_backgroundSaeShell::pingBack
[17:02:10.83] /i ::sa::_backgroundSaeShell::parentRunning
[17:02:10.83] /o false
[17:07:16.05] /o saeInterBGSaeShell:  ::sa::_backgroundSaeShell::pingBack
[17:07:16.23] /i ::sa::_backgroundSaeShell::parentRunning
[17:07:16.23] /o false
[17:12:21.28] /o saeInterBGSaeShell:  ::sa::_backgroundSaeShell::pingBack
[17:12:21.33] /i ::sa::_backgroundSaeShell::parentRunning
[17:12:21.33] /o false
[17:17:26.36] /o saeInterBGSaeShell:  ::sa::_backgroundSaeShell::pingBack
[17:17:26.53] /i ::sa::_backgroundSaeShell::parentRunning
[17:17:26.53] /o false
[17:22:31.38] /o saeInterBGSaeShell:  ::sa::_backgroundSaeShell::pingBack
[17:22:31.53] /i ::sa::_backgroundSaeShell::parentRunning
[17:22:31.53] /o false
[17:27:36.43] /o saeInterBGSaeShell:  ::sa::_backgroundSaeShell::pingBack
[17:27:36.53] /i ::sa::_backgroundSaeShell::parentRunning
[17:27:36.53] /o false
[17:32:41.41] /o saeInterBGSaeShell:  ::sa::_backgroundSaeShell::pingBack
[17:32:41.53] /i ::sa::_backgroundSaeShell::parentRunning
[17:32:41.53] /o false
[17:37:46.44] /o saeInterBGSaeShell:  ::sa::_backgroundSaeShell::pingBack
[17:37:46.63] /i ::sa::_backgroundSaeShell::parentRunning
[17:37:46.63] /o false
[17:42:51.47] /o saeInterBGSaeShell:  ::sa::_backgroundSaeShell::pingBack
[17:42:51.63] /i ::sa::_backgroundSaeShell::parentRunning
[17:42:51.63] /o false
[17:47:56.52] /o saeInterBGSaeShell:  ::sa::_backgroundSaeShell::pingBack
[17:47:56.63] /i ::sa::_backgroundSaeShell::parentRunning
[17:47:56.63] /o false
[17:53:01.56] /o saeInterBGSaeShell:  ::sa::_backgroundSaeShell::pingBack
[17:53:01.73] /i ::sa::_backgroundSaeShell::parentRunning
[17:53:01.73] /o false
[17:58:06.63] /o saeInterBGSaeShell:  ::sa::_backgroundSaeShell::pingBack
[17:58:06.83] /i ::sa::_backgroundSaeShell::parentRunning
[17:58:06.83] /o false
[18:03:11.84] /o saeInterBGSaeShell:  ::sa::_backgroundSaeShell::pingBack
[18:03:12.03] /i ::sa::_backgroundSaeShell::parentRunning
[18:03:12.03] /o false
[18:08:17.73] /o saeInterBGSaeShell:  ::sa::_backgroundSaeShell::pingBack
[18:08:17.83] /i ::sa::_backgroundSaeShell::parentRunning
[18:08:17.83] /o false
[18:13:18.47] /o saeInterBGSaeShell:  ::sa::_backgroundSaeShell::pingBack
[18:13:18.63] /i ::sa::_backgroundSaeShell::parentRunning
[18:13:18.63] /o false
[18:18:23.83] /o saeInterBGSaeShell:  ::sa::_backgroundSaeShell::pingBack
[18:18:23.93] /i ::sa::_backgroundSaeShell::parentRunning
[18:18:23.93] /o false
[18:23:24.91] /o saeInterBGSaeShell:  ::sa::_backgroundSaeShell::pingBack
[18:23:25.03] /i ::sa::_backgroundSaeShell::parentRunning
[18:23:25.03] /o false
[18:28:26.37] /o saeInterBGSaeShell:  ::sa::_backgroundSaeShell::pingBack
[18:28:26.43] /i ::sa::_backgroundSaeShell::parentRunning
[18:28:26.43] /o false
[18:33:31.97] /o saeInterBGSaeShell:  ::sa::_backgroundSaeShell::pingBack
[18:33:32.03] /i ::sa::_backgroundSaeShell::parentRunning
[18:33:32.03] /o false
[18:38:37.79] /o saeInterBGSaeShell:  ::sa::_backgroundSaeShell::pingBack
[18:38:37.83] /i ::sa::_backgroundSaeShell::parentRunning
[18:38:37.83] /o false
[18:43:38.76] /o saeInterBGSaeShell:  ::sa::_backgroundSaeShell::pingBack
[18:43:38.83] /i ::sa::_backgroundSaeShell::parentRunning
[18:43:38.83] /o false
[18:48:39.86] /o saeInterBGSaeShell:  ::sa::_backgroundSaeShell::pingBack
[18:48:39.93] /i ::sa::_backgroundSaeShell::parentRunning
[18:48:39.93] /o false
[18:53:40.91] /o saeInterBGSaeShell:  ::sa::_backgroundSaeShell::pingBack
[18:53:40.93] /i ::sa::_backgroundSaeShell::parentRunning
[18:53:40.93] /o false
[18:58:41.90] /o saeInterBGSaeShell:  ::sa::_backgroundSaeShell::pingBack
[18:58:41.93] /i ::sa::_backgroundSaeShell::parentRunning
[18:58:41.93] /o false
[19:03:43.18] /o saeInterBGSaeShell:  ::sa::_backgroundSaeShell::pingBack
[19:03:43.23] /i ::sa::_backgroundSaeShell::parentRunning
[19:03:43.23] /o false
[19:08:44.34] /o saeInterBGSaeShell:  ::sa::_backgroundSaeShell::pingBack
[19:08:44.52] /i ::sa::_backgroundSaeShell::parentRunning
[19:08:44.53] /o false
[19:13:45.43] /o saeInterBGSaeShell:  ::sa::_backgroundSaeShell::pingBack
[19:13:45.64] /i ::sa::_backgroundSaeShell::parentRunning
[19:13:45.64] /o false
[19:18:46.81] /o saeInterBGSaeShell:  ::sa::_backgroundSaeShell::pingBack
[19:18:46.93] /i ::sa::_backgroundSaeShell::parentRunning
[19:18:46.93] /o false
[19:23:47.34] /o saeInterBGSaeShell:  ::sa::_backgroundSaeShell::pingBack
[19:23:47.43] /i ::sa::_backgroundSaeShell::parentRunning
[19:23:47.43] /o false
[19:28:48.39] /o saeInterBGSaeShell:  ::sa::_backgroundSaeShell::pingBack
[19:28:48.53] /i ::sa::_backgroundSaeShell::parentRunning
[19:28:48.53] /o false
[19:33:49.41] /o saeInterBGSaeShell:  ::sa::_backgroundSaeShell::pingBack
[19:33:49.53] /i ::sa::_backgroundSaeShell::parentRunning
[19:33:49.53] /o false
[19:38:54.87] /o saeInterBGSaeShell:  ::sa::_backgroundSaeShell::pingBack
[19:38:54.93] /i ::sa::_backgroundSaeShell::parentRunning
[19:38:54.93] /o false
[19:43:55.46] /o saeInterBGSaeShell:  ::sa::_backgroundSaeShell::pingBack
[19:43:55.53] /i ::sa::_backgroundSaeShell::parentRunning
[19:43:55.53] /o false
[19:48:56.00] /o saeInterBGSaeShell:  ::sa::_backgroundSaeShell::pingBack
[19:48:56.13] /i ::sa::_backgroundSaeShell::parentRunning
[19:48:56.13] /o false
[19:54:01.81] /o saeInterBGSaeShell:  ::sa::_backgroundSaeShell::pingBack
[19:54:01.83] /i ::sa::_backgroundSaeShell::parentRunning
[19:54:01.83] /o false
[19:59:02.04] /o saeInterBGSaeShell:  ::sa::_backgroundSaeShell::pingBack
[19:59:02.13] /i ::sa::_backgroundSaeShell::parentRunning
[19:59:02.13] /o false
[20:02:40.85] /i ::sa::_backgroundSaeShell::exit
[20:02:40.85] /o saeInterBGSaeShell:  ::sa::_backgroundSaeShell::childFormallyExiting
[20:02:44.01] /o Shutdown time: Wed Apr 16 20:02:44 2025
[20:02:44.01] /o Elapsed session real time: 4 hours 37.43 minutes
[20:02:44.01] /o Session terminated. Log is at /mnt/coe/workspace/ece/ece546-spr25/group8/group8_project/synopsys_custom/logs/primewave.hrajesh.2025_4_16_152516_702619.log
[20:02:44.02] /i ::wf::viewerExited
[20:02:44.04] /i ::wf::viewerExited
