[21:41:24.68] /o 
              /c                          PrimeWave Design Environment 
              /c 
              /c                Version W-2024.09-SP1-2 for linux64 - Jan 15, 2025
              /c              Based on Custom Infrastructure
              /c Version W-2024.09-SP1-2
              /c 
              /c                     Copyright (c) 2004 - 2025 Synopsys, Inc.
              /c    This software and the associated documentation are proprietary to Synopsys,
              /c  Inc. This software may only be used in accordance with the terms and conditions
              /c  of a written license agreement with Synopsys, Inc. All other use, reproduction,
              /c    or distribution of this software is strictly prohibited.  Licensed Products
              /c      communicate with Synopsys servers for the purpose of providing software
              /c     updates, detecting software piracy and verifying that customers are using
              /c     Licensed Products in conformity with the applicable License Key for such
              /c   Licensed Products. Synopsys will use information gathered in connection with
              /c     this process to deliver software updates and pursue software pirates and
              /c                                    infringers.
              /c 
              /c  Inclusivity & Diversity - Visit SolvNetPlus to read the "Synopsys Statement on
              /c             Inclusivity and Diversity" (Refer to article 000036315 at
              /c                         https://solvnetplus.synopsys.com)
              /c 
              /c Build  (OPT) Config 11252589 compiled on Wed Jan 15 11:01:36 2025 for AlmaLinux 8.4
              /c Invocation: /mnt/apps/public/COE/synopsys_apps/primewave/W-2024.09-SP1-2/linux64/platform/bin/custom_shell -application primewave -gui 0 -uniqueString 424077b79e1069eee5daf2e93884b0ae648e53716f53bf28784e342c0127f0086edbfe9a20f3fb8c3634e55306d714a7 -python 0 -command "source /mnt/coe/workspace/ece/ece546-spr25/group8/group8_project/synopsys_custom/sim_server/custom_compiler.hrajesh/stb.group8.memory_array_tb.schematic.session0/sim_server_init.tcl" -log /mnt/coe/workspace/ece/ece546-spr25/group8/group8_project/synopsys_custom/primewave_session0_sim_server_job1 -libDefFile /mnt/coe/workspace/ece/ece546-spr25/group8/group8_project/lib.defs
              /c Execution time: Fri Apr  4 21:41:22 2025
              /c Host: lib-39615.eos.ncsu.edu
              /c Working directory: /mnt/coe/workspace/ece/ece546-spr25/group8/group8_project
              /c 
[21:41:31.98] /m Information: Registering ICV PERC package...
[21:41:32.71] /m Information: Feature 'SynopsysCustomSAE' checked out. (LICENSE-003)
[21:41:33.03] /o 
[21:41:33.06] /i source /mnt/coe/workspace/ece/ece546-spr25/group8/group8_project/synopsys_custom/sim_server/custom_compiler.hrajesh/stb.group8.memory_array_tb.schematic.session0/sim_server_init.tcl
[21:41:33.33] /o SimServer socket started on lib-39615.eos.ncsu.edu:34015
[21:41:34.02] /m Information: Launching Waveform Viewer "cd /mnt/coe/workspace/ece/ece546-spr25/group8/group8_project/synopsys_custom/sim_server/custom_compiler.hrajesh/stb.group8.memory_array_tb.schematic.session0/logs &&  /mnt/apps/public/COE/synopsys_apps/primewave/W-2024.09-SP1-2/auxx/../linux64/swv/bin/swv  -bg_gui -k -cdesigner -ptype wv -spxkey /mnt/apps/public/COE/synopsys_apps/primewave/W-2024.09-SP1-2/auxx/waveform/sae.spxkey -spxrc /tmp/tmp_sae_spxrc_lkvcql -unique_string 424077b79e1069eed801e08b1d51b9af648e53716f53bf28784e342c0127f008db87396eccbed9c950db02fe60e36a7697e4e175da30e3e9 -lic_type 2   -parent_cc_pid 162226  > /mnt/coe/workspace/ece/ece546-spr25/group8/group8_project/synopsys_custom/sim_server/custom_compiler.hrajesh/stb.group8.memory_array_tb.schematic.session0/logs/viewer.log 2>&1"
[21:41:34.06] /o ==== Received Msg ====
              /c len=213 sourceSoc=sock489b6720 msgIndex=14 rawMsg=AppendTask /mnt/coe/workspace/ece/ece546-spr25/group8/group8_project/synopsys_custom/sim_server/custom_compiler.hrajesh/stb.group8.memory_array_tb.schematic.session0/task0/sim_script0.tcl 0 saeSession0 1 overwrite
[21:41:34.06] /o 
[21:41:36.20] /m Information: "Starting incremental netlisting for design "group8/memory_array_tb/schematic"..." (NETLISTING-010)
[21:41:36.29] /o Loading: Callback files...
[21:41:36.32] /o Loading: scripts/callbacks/callbacks.tcl
[21:41:36.32] /o 
              /c [INFO] : Loading display.drf from /mnt/designkits/ncsu/FreePDK3/syncust/NCSU_TechLib_FreePDK3
              /c 
              /c  if you wish to Load other display.drf, please set shell environment valiable "iPDK_load_display_NCSU_TechLib_FreePDK3" to value = 0
[21:41:36.32] /o 
[21:41:36.34] /w Warning: Could not set the value of preference xtDRCTool because it does not exist. (PREFERENCE-016)
[21:41:36.34] /w Warning: Could not set the value of preference xtDRCICVRunsetFile because it does not exist. (PREFERENCE-016)
[21:41:36.34] /w Warning: Could not set the value of preference xtDRCICVIncludePaths because it does not exist. (PREFERENCE-016)
[21:41:36.34] /w Warning: Could not set the value of preference xtDRCLayDBFormat because it does not exist. (PREFERENCE-016)
[21:41:36.34] /w Warning: Could not set the value of preference xtLVSTool because it does not exist. (PREFERENCE-016)
[21:41:36.34] /w Warning: Could not set the value of preference xtLVSICVRunsetFile because it does not exist. (PREFERENCE-016)
[21:41:36.34] /w Warning: Could not set the value of preference xtLVSICVIncludePaths because it does not exist. (PREFERENCE-016)
[21:41:36.34] /w Warning: Could not set the value of preference xtLVSLayDBFormat because it does not exist. (PREFERENCE-016)
[21:41:36.34] /w Warning: Could not set the value of preference xtLPELVSTool because it does not exist. (PREFERENCE-016)
[21:41:36.34] /w Warning: Could not set the value of preference xtLPETool because it does not exist. (PREFERENCE-016)
[21:41:36.34] /w Warning: Could not set the value of preference xtLPEOpenParasiticView because it does not exist. (PREFERENCE-016)
[21:41:36.34] /w Warning: Could not set the value of preference xtStarTcadGrdFile because it does not exist. (PREFERENCE-016)
[21:41:36.34] /w Warning: Could not set the value of preference xtLPEStarOADeviceMappingFile because it does not exist. (PREFERENCE-016)
[21:41:36.34] /w Warning: Could not set the value of preference xtStarOALayerMappingFile because it does not exist. (PREFERENCE-016)
[21:41:36.34] /o 	#######################################
[21:41:36.34] /o 	CC-PDK Library Name	: FreePDK3
[21:41:36.34] /o 	#######################################
[21:41:36.34] /o 
[21:41:36.40] /o Netlisting
[21:41:36.40] /o Creating output directories
[21:41:36.84] /o No Design Integrity rule violations found in "group8/memory_array_tb/schematic"
[21:41:36.84] /o Scanning: group8/memory_array_tb/schematic
[21:41:37.21] /o Scanning: group8/memory_array/schematic
[21:41:37.38] /o Scanning: group8/precharge_logic/schematic
[21:41:37.57] /o Scanning: group8/sram_6t/schematic
[21:41:37.83] /o Scanning: group8/static_row_decoder_3by8/schematic
[21:41:37.88] /o Scanning: group8/nand_i3/schematic
[21:41:37.93] /o Scanning: group8/inv/schematic
[21:41:37.98] /o Scanning: group8/buffer_highdrive/schematic
[21:41:38.02] /o Scanning: group8/invx4/schematic
[21:41:38.09] /o Scanning: group8/columnDecoder/schematic
[21:41:38.13] /o Scanning: group8/2to4_decoder/schematic
[21:41:38.18] /o Scanning: group8/Write_Driver/schematic
[21:41:38.24] /o Scanning: group8/read_circuit/schematic
[21:41:38.29] /o Scanning: group8/nand/schematic
[21:41:38.34] /o Scanning: group8/tspc_pos_ff/schematic
[21:41:38.43] /o Scanning: group8/agen_unit/schematic
[21:41:38.48] /m Information: 
[21:41:38.48] /o Checking "group8/Demux/schematic"
[21:41:38.48] /o No rule violations found in "group8/Demux/schematic"
[21:41:38.48] /o Scanning: group8/Demux/schematic
[21:41:38.53] /m Information: 
[21:41:38.53] /o Checking "group8/nor/schematic"
[21:41:38.53] /o No rule violations found in "group8/nor/schematic"
[21:41:38.53] /o Scanning: group8/nor/schematic
[21:41:38.60] /o Scanning: group8/WLRef_PC/schematic
[21:41:38.66] /m Information: 
[21:41:38.66] /o Checking "group8/buffer/schematic"
[21:41:38.66] /o No rule violations found in "group8/buffer/schematic"
[21:41:38.66] /o Scanning: group8/buffer/schematic
[21:41:38.71] /o Scanning: group8/inv_highdrive/schematic
[21:41:38.86] /o Computing terminal lists
[21:41:38.86] /o Processing terminals of module group8/precharge_logic/schematic
[21:41:38.88] /o Processing terminals of module group8/sram_6t/schematic
[21:41:38.90] /o Processing terminals of module group8/nand_i3/schematic
[21:41:38.90] /o Processing terminals of module group8/inv/schematic
[21:41:38.90] /o Processing terminals of module group8/buffer_highdrive/schematic
[21:41:38.90] /o Processing terminals of module group8/invx4/schematic
[21:41:38.90] /o Processing terminals of module group8/static_row_decoder_3by8/schematic
[21:41:38.90] /o Processing terminals of module group8/2to4_decoder/schematic
[21:41:38.90] /o Processing terminals of module group8/columnDecoder/schematic
[21:41:38.90] /o Processing terminals of module group8/Write_Driver/schematic
[21:41:38.90] /o Processing terminals of module group8/nand/schematic
[21:41:38.90] /o Processing terminals of module group8/read_circuit/schematic
[21:41:38.90] /o Processing terminals of module group8/tspc_pos_ff/schematic
[21:41:38.90] /o Processing terminals of module group8/Demux/schematic
[21:41:38.90] /o Processing terminals of module group8/nor/schematic
[21:41:38.90] /o Processing terminals of module group8/agen_unit/schematic
[21:41:38.90] /o Processing terminals of module group8/buffer/schematic
[21:41:38.90] /o Processing terminals of module group8/WLRef_PC/schematic
[21:41:38.90] /o Processing terminals of module group8/inv_highdrive/schematic
[21:41:38.90] /o Processing terminals of module group8/memory_array/schematic
[21:41:38.91] /o Processing terminals of module group8/memory_array_tb/schematic
[21:41:38.91] /o Starting netlisting
[21:41:39.51] /o Formatting group8/read_circuit/schematic
[21:41:39.51] /m Information: "group8 read_circuit schematic" renetlisted. (NETLISTING-056)
[21:41:40.72] /m Information: "Netlisting design "group8/memory_array_tb/schematic" finished successfully." (NETLISTING-012)
[21:41:40.79] /# Composing simulator input file for design "group8/memory_array_tb/schematic"...
[21:41:57.22] /# Simulator input file composed successfully for design "group8/memory_array_tb/schematic"
[21:41:57.46] /m Information: Save ouputs to /mnt/coe/workspace/ece/ece546-spr25/group8/group8_project/simulation/group8,memory_array_tb,schematic/history_1/simulation/HSPICE_default/HSPICE/nominal/results/outputs.tcl for AVA evaluation.
[21:41:59.61] /o 
[21:42:01.37] /o                                          Composing Nominal                                         
[21:42:01.89] /o                         Launching jobs for testbench HSPICE_default started                        
[21:42:01.91] /# Starting PrimeSimHSPICE simulation for design: group8/memory_array_tb/schematic
[21:42:02.03] /o                          Creating jobs for testbench HSPICE_default (0 / 1)                         
[21:42:02.13] /o                            Launching 1 jobs for testbench HSPICE_default                           
[21:42:03.70] /o                         Launching jobs for testbench HSPICE_default finished                        
[21:42:05.25] /m Information: 0 of 1 testbench(es) done. (PW_GUI-714)
[21:42:06.02] /m Information: Job distribution master (saeSession0,HSPICE_default.Simulation_Simulation session:session0 testbench:HSPICE_default) : up to 1 job running workers.
[21:42:38.72] /# Simulation completed successfully for design: group8/memory_array_tb/schematic  (PW-651)
[21:42:38.85] /# Netlisting and simulation completed for testbench: HSPICE_default in 63s
[21:42:38.87] /# Evaluating and plotting outputs...
[21:42:48.13] /m Information: Jobs distribution master quit! (PW_GUI-822)
[21:42:48.49] /# Evaluating and plotting completed for testbench: HSPICE_default in 10s
[21:42:48.56] /m Information: 1 of 1 testbench(es) done. (PW_GUI-714)
[21:45:30.68] /o ==== Received Msg ====
              /c len=213 sourceSoc=sock465860c0 msgIndex=15 rawMsg=AppendTask /mnt/coe/workspace/ece/ece546-spr25/group8/group8_project/synopsys_custom/sim_server/custom_compiler.hrajesh/stb.group8.memory_array_tb.schematic.session0/task1/sim_script1.tcl 1 saeSession0 1 overwrite
[21:45:30.68] /o 
[21:45:30.87] /m Information: Feature 'SynopsysCustomSAE' checked in. (LICENSE-004)
[21:45:30.89] /m Information: Feature 'SynopsysCustomSAE' checked out. (LICENSE-003)
[21:45:32.88] /m Information: Save ouputs to /mnt/coe/workspace/ece/ece546-spr25/group8/group8_project/simulation/group8,memory_array_tb,schematic/history_1/simulation/HSPICE_default/HSPICE/nominal/results/outputs.tcl for AVA evaluation.
[21:45:35.35] /o 
[21:45:35.50] /# Composing simulator input file for design "group8/memory_array_tb/schematic"...
[21:45:52.16] /# Simulator input file composed successfully for design "group8/memory_array_tb/schematic"
[21:45:53.79] /o                                          Composing Nominal                                         
[21:45:54.06] /# Starting PrimeSimHSPICE simulation for design: group8/memory_array_tb/schematic
[21:45:55.86] /o 
[21:45:59.88] /m Information: 1 of 2 testbench(es) done. (PW_GUI-714)
[21:46:00.14] /m Information: Job distribution master (saeSession0,HSPICE_default.Simulation_Simulation session:session1 testbench:HSPICE_default) : up to 1 job running workers.
[21:46:17.67] /o ==== Received Msg ====
              /c len=8 sourceSoc=sock465860c0 msgIndex=23 rawMsg=idleExit
[21:46:17.67] /o 
[21:46:33.02] /# Simulation completed successfully for design: group8/memory_array_tb/schematic  (PW-651)
[21:46:33.14] /# Netlisting and simulation completed for testbench: HSPICE_default in 61s
[21:46:33.16] /# Evaluating and plotting outputs...
[21:46:42.90] /m Information: Jobs distribution master quit! (PW_GUI-822)
[21:46:43.86] /# Evaluating and plotting completed for testbench: HSPICE_default in 10s
[21:46:43.93] /m Information: 2 of 2 testbench(es) done. (PW_GUI-714)
[21:46:43.94] /m Information: Exiting simulation server process. (PW_GUI-984)
[21:46:45.11] /o Shutdown time: Fri Apr  4 21:46:45 2025
[21:46:45.11] /o Elapsed session real time: 5.35 minutes
[21:46:45.12] /o Session terminated. Log is at /mnt/coe/workspace/ece/ece546-spr25/group8/group8_project/synopsys_custom/logs/primewave.hrajesh.2025_4_4_214122_162226.log
[21:46:45.12] /e Error: {}
