[23:50:23.76] /o 
              /c                          PrimeWave Design Environment 
              /c 
              /c                Version W-2024.09-SP1-2 for linux64 - Jan 15, 2025
              /c              Based on Custom Infrastructure
              /c Version W-2024.09-SP1-2
              /c 
              /c                     Copyright (c) 2004 - 2025 Synopsys, Inc.
              /c    This software and the associated documentation are proprietary to Synopsys,
              /c  Inc. This software may only be used in accordance with the terms and conditions
              /c  of a written license agreement with Synopsys, Inc. All other use, reproduction,
              /c    or distribution of this software is strictly prohibited.  Licensed Products
              /c      communicate with Synopsys servers for the purpose of providing software
              /c     updates, detecting software piracy and verifying that customers are using
              /c     Licensed Products in conformity with the applicable License Key for such
              /c   Licensed Products. Synopsys will use information gathered in connection with
              /c     this process to deliver software updates and pursue software pirates and
              /c                                    infringers.
              /c 
              /c  Inclusivity & Diversity - Visit SolvNetPlus to read the "Synopsys Statement on
              /c             Inclusivity and Diversity" (Refer to article 000036315 at
              /c                         https://solvnetplus.synopsys.com)
              /c 
              /c Build  (OPT) Config 11252589 compiled on Wed Jan 15 11:01:36 2025 for AlmaLinux 8.4
              /c Invocation: /mnt/apps/public/COE/synopsys_apps/primewave/W-2024.09-SP1-2/linux64/platform/bin/custom_shell -application primewave -gui 0 -uniqueString 424077b79e1069ee0e8ff5dfb4be2f065e4b032e723460088dd83fb0058eea4aefd9175a1bace4f2bba3798e8975bdf5 -python 0 -log pw_shell_session3_job2 -libDefFile /mnt/coe/workspace/ece/ece546-spr25/group8/group8_project/lib.defs
              /c Execution time: Thu Apr  3 23:50:19 2025
              /c Host: grendel32.ece.ncsu.edu
              /c Working directory: /mnt/coe/workspace/ece/ece546-spr25/group8/group8_project
              /c 
[23:50:30.74] /m Information: Registering ICV PERC package...
[23:50:31.40] /m Information: Feature 'SynopsysCustomSAE' checked out. (LICENSE-003)
[23:50:31.41] /i catch {source /tmp/copyScript94622}; ::sa::_backgroundSaeShell::signalProcessReady 1743738617 510297
[23:50:31.42] /o saeInterBGSaeShell:  ::sa::_backgroundSaeShell::processReady 14
[23:50:31.78] /o 
[23:54:22.28] /i ::sa::_backgroundSaeShell::exit
[23:54:22.28] /o saeInterBGSaeShell:  ::sa::_backgroundSaeShell::childFormallyExiting
[23:54:24.55] /o Shutdown time: Thu Apr  3 23:54:24 2025
[23:54:24.55] /o Elapsed session real time: 4.06 minutes
[23:54:24.55] /o Session terminated. Log is at /mnt/coe/workspace/ece/ece546-spr25/group8/group8_project/synopsys_custom/logs/primewave.svkolach.2025_4_3_235019_566849.log
