[12:18:07.08] /o 
              /c                          PrimeWave Design Environment 
              /c 
              /c                Version W-2024.09-SP1-2 for linux64 - Jan 15, 2025
              /c              Based on Custom Infrastructure
              /c Version W-2024.09-SP1-2
              /c 
              /c                     Copyright (c) 2004 - 2025 Synopsys, Inc.
              /c    This software and the associated documentation are proprietary to Synopsys,
              /c  Inc. This software may only be used in accordance with the terms and conditions
              /c  of a written license agreement with Synopsys, Inc. All other use, reproduction,
              /c    or distribution of this software is strictly prohibited.  Licensed Products
              /c      communicate with Synopsys servers for the purpose of providing software
              /c     updates, detecting software piracy and verifying that customers are using
              /c     Licensed Products in conformity with the applicable License Key for such
              /c   Licensed Products. Synopsys will use information gathered in connection with
              /c     this process to deliver software updates and pursue software pirates and
              /c                                    infringers.
              /c 
              /c  Inclusivity & Diversity - Visit SolvNetPlus to read the "Synopsys Statement on
              /c             Inclusivity and Diversity" (Refer to article 000036315 at
              /c                         https://solvnetplus.synopsys.com)
              /c 
              /c Build  (OPT) Config 11252589 compiled on Wed Jan 15 11:01:36 2025 for AlmaLinux 8.4
              /c Invocation: /mnt/apps/public/COE/synopsys_apps/primewave/W-2024.09-SP1-2/linux64/platform/bin/custom_shell -application primewave -gui 0 -uniqueString 424077b79e1069ee0b73611fb0816457f03d3135d99f0755c1cb7792ad94754205119f87f557720147cc89c934c62120 -python 0 -log pw_shell_session0_job2 -libDefFile /mnt/coe/workspace/ece/ece546-spr25/group8/group8_project/lib.defs
              /c Execution time: Tue Mar 25 12:18:01 2025
              /c Host: hydra11.ece.ncsu.edu
              /c Working directory: /mnt/coe/workspace/ece/ece546-spr25/group8/group8_project
              /c 
[12:18:15.33] /m Information: Registering ICV PERC package...
[12:18:15.49] /w Warning: In file /mnt/coe/workspace/ece/ece546-spr25/group8/group8_project/lib.defs: Unable to open library proj_common at path /mnt/coe/workspace/ece/ece546-common/proj_common : No access permission. (DATA_MANAGEMENT-014)
[12:18:15.98] /m Information: Feature 'SynopsysCustomSAE' checked out. (LICENSE-003)
[12:18:15.98] /i catch {source /tmp/copyScript39503}; ::sa::_backgroundSaeShell::signalProcessReady 1742919479 285840
[12:18:15.99] /o saeInterBGSaeShell:  ::sa::_backgroundSaeShell::processReady 16
[12:18:16.15] /o 
[12:19:42.15] /i ::sa::_backgroundSaeShell::exit
[12:19:42.15] /o saeInterBGSaeShell:  ::sa::_backgroundSaeShell::childFormallyExiting
[12:19:44.94] /o Shutdown time: Tue Mar 25 12:19:44 2025
[12:19:44.94] /o Elapsed session real time: 1.7 minutes
[12:19:44.95] /o Session terminated. Log is at /mnt/coe/workspace/ece/ece546-spr25/group8/group8_project/synopsys_custom/logs/primewave.hrajesh.2025_3_25_121801_291130.log
