[13:29:32.03] /o 
              /c                          PrimeWave Design Environment 
              /c 
              /c                Version W-2024.09-SP1-2 for linux64 - Jan 15, 2025
              /c              Based on Custom Infrastructure
              /c Version W-2024.09-SP1-2
              /c 
              /c                     Copyright (c) 2004 - 2025 Synopsys, Inc.
              /c    This software and the associated documentation are proprietary to Synopsys,
              /c  Inc. This software may only be used in accordance with the terms and conditions
              /c  of a written license agreement with Synopsys, Inc. All other use, reproduction,
              /c    or distribution of this software is strictly prohibited.  Licensed Products
              /c      communicate with Synopsys servers for the purpose of providing software
              /c     updates, detecting software piracy and verifying that customers are using
              /c     Licensed Products in conformity with the applicable License Key for such
              /c   Licensed Products. Synopsys will use information gathered in connection with
              /c     this process to deliver software updates and pursue software pirates and
              /c                                    infringers.
              /c 
              /c  Inclusivity & Diversity - Visit SolvNetPlus to read the "Synopsys Statement on
              /c             Inclusivity and Diversity" (Refer to article 000036315 at
              /c                         https://solvnetplus.synopsys.com)
              /c 
              /c Build  (OPT) Config 11252589 compiled on Wed Jan 15 11:01:36 2025 for AlmaLinux 8.4
              /c Invocation: /mnt/apps/public/COE/synopsys_apps/primewave/W-2024.09-SP1-2/linux64/platform/bin/custom_shell -application primewave -gui 0 -uniqueString 424077b79e1069ee91043358a18402d3fe01eb4215c734e6103ebf0b7deb01dff95059c619d0b415 -python 0 -command "source /mnt/coe/workspace/ece/ece546-spr25/group8/group8_project/synopsys_custom/sim_server/custom_compiler.hrajesh/stb.group8.SRAM_8x4_array.schematic.session0/sim_server_init.tcl" -log /mnt/coe/workspace/ece/ece546-spr25/group8/group8_project/synopsys_custom/primewave_session0_sim_server_job1 -libDefFile /mnt/coe/workspace/ece/ece546-spr25/group8/group8_project/lib.defs
              /c Execution time: Thu Apr  3 13:29:25 2025
              /c Host: viper.ece.ncsu.edu
              /c Working directory: /mnt/coe/workspace/ece/ece546-spr25/group8/group8_project
              /c 
[13:29:38.64] /m Information: Registering ICV PERC package...
[13:29:39.33] /m Information: Feature 'SynopsysCustomSAE' checked out. (LICENSE-003)
[13:29:39.60] /o 
[13:29:39.63] /i source /mnt/coe/workspace/ece/ece546-spr25/group8/group8_project/synopsys_custom/sim_server/custom_compiler.hrajesh/stb.group8.SRAM_8x4_array.schematic.session0/sim_server_init.tcl
[13:29:39.86] /o SimServer socket started on viper.ece.ncsu.edu:42265
[13:29:40.05] /m Information: Launching Waveform Viewer "cd /mnt/coe/workspace/ece/ece546-spr25/group8/group8_project/synopsys_custom/sim_server/custom_compiler.hrajesh/stb.group8.SRAM_8x4_array.schematic.session0/logs &&  /mnt/apps/public/COE/synopsys_apps/primewave/W-2024.09-SP1-2/auxx/../linux64/swv/bin/swv  -bg_gui -k -cdesigner -ptype wv -spxkey /mnt/apps/public/COE/synopsys_apps/primewave/W-2024.09-SP1-2/auxx/waveform/sae.spxkey -spxrc /tmp/tmp_sae_spxrc_GfEvyV -unique_string 424077b79e1069eed489497ae3086601fe01eb4215c734e6103ebf0b7deb01df5539b4eb7a3e44b6a57ffaa1265fbdd4 -lic_type 2   -parent_cc_pid 25117  > /mnt/coe/workspace/ece/ece546-spr25/group8/group8_project/synopsys_custom/sim_server/custom_compiler.hrajesh/stb.group8.SRAM_8x4_array.schematic.session0/logs/viewer.log 2>&1"
[13:29:40.31] /o ==== Received Msg ====
              /c len=35 sourceSoc=sock7f5dc8023400 msgIndex=0 rawMsg=evalCmd ::wf::updateViewerLicense 2
[13:29:40.31] /o 
[13:29:40.33] /o ==== Received Msg ====
              /c len=35 sourceSoc=sock7f5dc8023400 msgIndex=1 rawMsg=evalCmd ::wf::updateViewerLicense 2
[13:29:40.33] /o 
[13:29:53.95] /o ==== Received Msg ====
              /c len=212 sourceSoc=sock44308880 msgIndex=0 rawMsg=AppendTask /mnt/coe/workspace/ece/ece546-spr25/group8/group8_project/synopsys_custom/sim_server/custom_compiler.hrajesh/stb.group8.SRAM_8x4_array.schematic.session0/task0/sim_script0.tcl 0 saeSession0 1 overwrite
[13:29:53.95] /o 
[13:29:55.24] /m Information: "Starting incremental netlisting for design "group8/SRAM_8x4_array/schematic"..." (NETLISTING-010)
[13:29:55.30] /o Loading: Callback files...
[13:29:55.31] /o Loading: scripts/callbacks/callbacks.tcl
[13:29:55.31] /o 
              /c [INFO] : Loading display.drf from /mnt/designkits/ncsu/FreePDK3/syncust/NCSU_TechLib_FreePDK3
              /c 
              /c  if you wish to Load other display.drf, please set shell environment valiable "iPDK_load_display_NCSU_TechLib_FreePDK3" to value = 0
[13:29:55.31] /o 
[13:29:55.33] /w Warning: Could not set the value of preference xtDRCTool because it does not exist. (PREFERENCE-016)
[13:29:55.33] /w Warning: Could not set the value of preference xtDRCICVRunsetFile because it does not exist. (PREFERENCE-016)
[13:29:55.33] /w Warning: Could not set the value of preference xtDRCICVIncludePaths because it does not exist. (PREFERENCE-016)
[13:29:55.33] /w Warning: Could not set the value of preference xtDRCLayDBFormat because it does not exist. (PREFERENCE-016)
[13:29:55.33] /w Warning: Could not set the value of preference xtLVSTool because it does not exist. (PREFERENCE-016)
[13:29:55.33] /w Warning: Could not set the value of preference xtLVSICVRunsetFile because it does not exist. (PREFERENCE-016)
[13:29:55.33] /w Warning: Could not set the value of preference xtLVSICVIncludePaths because it does not exist. (PREFERENCE-016)
[13:29:55.33] /w Warning: Could not set the value of preference xtLVSLayDBFormat because it does not exist. (PREFERENCE-016)
[13:29:55.33] /w Warning: Could not set the value of preference xtLPELVSTool because it does not exist. (PREFERENCE-016)
[13:29:55.33] /w Warning: Could not set the value of preference xtLPETool because it does not exist. (PREFERENCE-016)
[13:29:55.33] /w Warning: Could not set the value of preference xtLPEOpenParasiticView because it does not exist. (PREFERENCE-016)
[13:29:55.33] /w Warning: Could not set the value of preference xtStarTcadGrdFile because it does not exist. (PREFERENCE-016)
[13:29:55.33] /w Warning: Could not set the value of preference xtLPEStarOADeviceMappingFile because it does not exist. (PREFERENCE-016)
[13:29:55.33] /w Warning: Could not set the value of preference xtStarOALayerMappingFile because it does not exist. (PREFERENCE-016)
[13:29:55.33] /o 	#######################################
[13:29:55.33] /o 	CC-PDK Library Name	: FreePDK3
[13:29:55.33] /o 	#######################################
[13:29:55.33] /o 
[13:29:55.37] /o Netlisting
[13:29:55.37] /o Creating output directories
[13:29:55.69] /o No Design Integrity rule violations found in "group8/SRAM_8x4_array/schematic"
[13:29:55.69] /o Scanning: group8/SRAM_8x4_array/schematic
[13:29:55.91] /o Scanning: group8/sram_6t/schematic
[13:29:56.05] /o Scanning: group8/static_row_decoder_3by8/schematic
[13:29:56.08] /o Scanning: group8/nand_i3/schematic
[13:29:56.11] /o Scanning: group8/inv/schematic
[13:29:56.14] /o Scanning: group8/2to4_decoder/schematic
[13:29:56.17] /m Information: 
[13:29:56.17] /o Checking "group8/precharge_logic/schematic"
[13:29:56.19] /o No rule violations found in "group8/precharge_logic/schematic"
[13:29:56.19] /o Scanning: group8/precharge_logic/schematic
[13:29:56.30] /o Scanning: group8/nand/schematic
[13:29:56.34] /o Computing terminal lists
[13:29:56.34] /o Processing terminals of module group8/sram_6t/schematic
[13:29:56.38] /o Processing terminals of module group8/nand_i3/schematic
[13:29:56.39] /o Processing terminals of module group8/inv/schematic
[13:29:56.39] /o Processing terminals of module group8/static_row_decoder_3by8/schematic
[13:29:56.39] /o Processing terminals of module group8/2to4_decoder/schematic
[13:29:56.39] /o Processing terminals of module group8/precharge_logic/schematic
[13:29:56.39] /o Processing terminals of module group8/nand/schematic
[13:29:56.39] /o Processing terminals of module group8/SRAM_8x4_array/schematic
[13:29:56.39] /o Starting netlisting
[13:29:56.48] /o Formatting group8/sram_6t/schematic
[13:29:56.49] /m Information: "group8 sram_6t schematic" renetlisted. (NETLISTING-056)
[13:29:56.51] /o Formatting group8/nand_i3/schematic
[13:29:56.52] /m Information: "group8 nand_i3 schematic" renetlisted. (NETLISTING-056)
[13:29:56.54] /o Formatting group8/inv/schematic
[13:29:56.55] /m Information: "group8 inv schematic" renetlisted. (NETLISTING-056)
[13:29:56.57] /o Formatting group8/static_row_decoder_3by8/schematic
[13:29:56.57] /m Information: "group8 static_row_decoder_3by8 schematic" renetlisted. (NETLISTING-056)
[13:29:56.60] /o Formatting group8/2to4_decoder/schematic
[13:29:56.61] /m Information: "group8 2to4_decoder schematic" renetlisted. (NETLISTING-056)
[13:29:56.64] /o Formatting group8/precharge_logic/schematic
[13:29:56.64] /m Information: "group8 precharge_logic schematic" renetlisted. (NETLISTING-056)
[13:29:56.66] /o Formatting group8/nand/schematic
[13:29:56.67] /m Information: "group8 nand schematic" renetlisted. (NETLISTING-056)
[13:29:56.74] /o Formatting group8/SRAM_8x4_array/schematic
[13:29:56.77] /m Information: "group8 SRAM_8x4_array schematic" renetlisted. (NETLISTING-056)
[13:29:57.01] /m Information: "Netlisting design "group8/SRAM_8x4_array/schematic" finished successfully." (NETLISTING-012)
[13:29:57.10] /# Composing simulator input file for design "group8/SRAM_8x4_array/schematic"...
[13:29:58.56] /# Simulator input file composed successfully for design "group8/SRAM_8x4_array/schematic"
[13:29:58.67] /m Information: Save ouputs to /mnt/coe/workspace/ece/ece546-spr25/group8/group8_project/simulation/group8,SRAM_8x4_array,schematic/history_1/simulation/HSPICE_default/HSPICE/nominal/results/outputs.tcl for AVA evaluation.
[13:29:59.44] /o 
[13:30:00.28] /o                                          Composing Nominal                                         
[13:30:00.57] /o                         Launching jobs for testbench HSPICE_default started                        
[13:30:00.58] /# Starting PrimeSimHSPICE simulation for design: group8/SRAM_8x4_array/schematic
[13:30:00.63] /o                          Creating jobs for testbench HSPICE_default (0 / 1)                         
[13:30:00.68] /o                            Launching 1 jobs for testbench HSPICE_default                           
[13:30:00.95] /o                         Launching jobs for testbench HSPICE_default finished                        
[13:30:01.00] /m Information: 0 of 1 testbench(es) done. (PW_GUI-714)
[13:30:03.05] /m Information: Job distribution master (saeSession0,HSPICE_default.Simulation_Simulation session:session0 testbench:HSPICE_default) : up to 1 job running workers.
[13:30:23.94] /# Simulation completed successfully for design: group8/SRAM_8x4_array/schematic  (PW-651)
[13:30:24.01] /# Netlisting and simulation completed for testbench: HSPICE_default in 30s
[13:30:24.02] /# Evaluating and plotting outputs...
[13:30:27.68] /m Information: Jobs distribution master quit! (PW_GUI-822)
[13:30:27.95] /# Evaluating and plotting completed for testbench: HSPICE_default in 3s
[13:30:27.98] /m Information: 1 of 1 testbench(es) done. (PW_GUI-714)
[13:31:02.36] /o ==== Received Msg ====
              /c len=26 sourceSoc=sock44308880 msgIndex=2 rawMsg=evalCmd ::wf::viewerExited
[13:31:02.36] /o 
[13:31:04.02] /o ==== Received Msg ====
              /c len=35 sourceSoc=sock44308880 msgIndex=3 rawMsg=evalCmd ::wf::updateViewerLicense 2
[13:31:04.02] /o 
[13:32:16.10] /o ==== Received Msg ====
              /c len=212 sourceSoc=sock445279b0 msgIndex=1 rawMsg=AppendTask /mnt/coe/workspace/ece/ece546-spr25/group8/group8_project/synopsys_custom/sim_server/custom_compiler.hrajesh/stb.group8.SRAM_8x4_array.schematic.session0/task1/sim_script1.tcl 1 saeSession0 1 overwrite
[13:32:16.10] /o 
[13:32:16.21] /m Information: Feature 'SynopsysCustomSAE' checked in. (LICENSE-004)
[13:32:16.24] /m Information: Feature 'SynopsysCustomSAE' checked out. (LICENSE-003)
[13:32:17.40] /m Information: "Starting incremental netlisting for design "group8/SRAM_8x4_array/schematic"..." (NETLISTING-010)
[13:32:17.45] /o Netlisting
[13:32:17.45] /o Creating output directories
[13:32:17.57] /o No Design Integrity rule violations found in "group8/SRAM_8x4_array/schematic"
[13:32:17.57] /o Scanning: group8/SRAM_8x4_array/schematic
[13:32:17.63] /o Scanning: group8/sram_6t/schematic
[13:32:17.73] /o Scanning: group8/static_row_decoder_3by8/schematic
[13:32:17.75] /o Scanning: group8/nand_i3/schematic
[13:32:17.78] /o Scanning: group8/inv/schematic
[13:32:17.80] /o Scanning: group8/2to4_decoder/schematic
[13:32:17.82] /m Information: 
[13:32:17.82] /o Checking "group8/precharge_logic/schematic"
[13:32:17.83] /o No rule violations found in "group8/precharge_logic/schematic"
[13:32:17.83] /o Scanning: group8/precharge_logic/schematic
[13:32:17.90] /o Scanning: group8/nand/schematic
[13:32:17.93] /o Computing terminal lists
[13:32:17.93] /o Processing terminals of module group8/sram_6t/schematic
[13:32:17.94] /o Processing terminals of module group8/nand_i3/schematic
[13:32:17.94] /o Processing terminals of module group8/inv/schematic
[13:32:17.94] /o Processing terminals of module group8/static_row_decoder_3by8/schematic
[13:32:17.94] /o Processing terminals of module group8/2to4_decoder/schematic
[13:32:17.94] /o Processing terminals of module group8/precharge_logic/schematic
[13:32:17.94] /o Processing terminals of module group8/nand/schematic
[13:32:17.94] /o Processing terminals of module group8/SRAM_8x4_array/schematic
[13:32:17.94] /o Starting netlisting
[13:32:18.38] /m Information: "Netlisting design "group8/SRAM_8x4_array/schematic" finished successfully." (NETLISTING-012)
[13:32:18.42] /# Composing simulator input file for design "group8/SRAM_8x4_array/schematic"...
[13:32:19.78] /# Simulator input file composed successfully for design "group8/SRAM_8x4_array/schematic"
[13:32:19.89] /m Information: Save ouputs to /mnt/coe/workspace/ece/ece546-spr25/group8/group8_project/simulation/group8,SRAM_8x4_array,schematic/history_1/simulation/HSPICE_default/HSPICE/nominal/results/outputs.tcl for AVA evaluation.
[13:32:20.95] /o 
[13:32:21.83] /o                                          Composing Nominal                                         
[13:32:22.10] /o                         Launching jobs for testbench HSPICE_default started                        
[13:32:22.11] /# Starting PrimeSimHSPICE simulation for design: group8/SRAM_8x4_array/schematic
[13:32:22.16] /o                          Creating jobs for testbench HSPICE_default (0 / 1)                         
[13:32:22.21] /o                            Launching 1 jobs for testbench HSPICE_default                           
[13:32:22.47] /o                         Launching jobs for testbench HSPICE_default finished                        
[13:32:22.48] /o 
[13:32:23.42] /m Information: 1 of 2 testbench(es) done. (PW_GUI-714)
[13:32:25.05] /m Information: Job distribution master (saeSession0,HSPICE_default.Simulation_Simulation session:session1 testbench:HSPICE_default) : up to 1 job running workers.
[13:32:43.85] /# Simulation completed successfully for design: group8/SRAM_8x4_array/schematic  (PW-651)
[13:32:43.91] /# Netlisting and simulation completed for testbench: HSPICE_default in 26s
[13:32:43.92] /# Evaluating and plotting outputs...
[13:32:48.19] /m Information: Jobs distribution master quit! (PW_GUI-822)
[13:32:48.34] /# Evaluating and plotting completed for testbench: HSPICE_default in 5s
[13:32:48.37] /m Information: 2 of 2 testbench(es) done. (PW_GUI-714)
[13:33:31.27] /o ==== Received Msg ====
              /c len=26 sourceSoc=sock445279b0 msgIndex=4 rawMsg=evalCmd ::wf::viewerExited
[13:33:31.27] /o 
[13:33:32.85] /o ==== Received Msg ====
              /c len=35 sourceSoc=sock445279b0 msgIndex=5 rawMsg=evalCmd ::wf::updateViewerLicense 2
[13:33:32.85] /o 
[13:33:51.00] /o ==== Received Msg ====
              /c len=212 sourceSoc=sock43da3fb0 msgIndex=2 rawMsg=AppendTask /mnt/coe/workspace/ece/ece546-spr25/group8/group8_project/synopsys_custom/sim_server/custom_compiler.hrajesh/stb.group8.SRAM_8x4_array.schematic.session0/task2/sim_script2.tcl 2 saeSession0 1 overwrite
[13:33:51.00] /o 
[13:33:51.19] /m Information: Feature 'SynopsysCustomSAE' checked in. (LICENSE-004)
[13:33:51.22] /m Information: Feature 'SynopsysCustomSAE' checked out. (LICENSE-003)
[13:33:52.42] /m Information: "Starting incremental netlisting for design "group8/SRAM_8x4_array/schematic"..." (NETLISTING-010)
[13:33:52.47] /o Netlisting
[13:33:52.47] /o Creating output directories
[13:33:52.59] /o No Design Integrity rule violations found in "group8/SRAM_8x4_array/schematic"
[13:33:52.59] /o Scanning: group8/SRAM_8x4_array/schematic
[13:33:52.65] /o Scanning: group8/sram_6t/schematic
[13:33:52.75] /o Scanning: group8/static_row_decoder_3by8/schematic
[13:33:52.78] /o Scanning: group8/nand_i3/schematic
[13:33:52.80] /o Scanning: group8/inv/schematic
[13:33:52.83] /o Scanning: group8/2to4_decoder/schematic
[13:33:52.85] /m Information: 
[13:33:52.85] /o Checking "group8/precharge_logic/schematic"
[13:33:52.85] /o No rule violations found in "group8/precharge_logic/schematic"
[13:33:52.85] /o Scanning: group8/precharge_logic/schematic
[13:33:52.93] /o Scanning: group8/nand/schematic
[13:33:52.96] /o Computing terminal lists
[13:33:52.96] /o Processing terminals of module group8/sram_6t/schematic
[13:33:52.97] /o Processing terminals of module group8/nand_i3/schematic
[13:33:52.97] /o Processing terminals of module group8/inv/schematic
[13:33:52.97] /o Processing terminals of module group8/static_row_decoder_3by8/schematic
[13:33:52.97] /o Processing terminals of module group8/2to4_decoder/schematic
[13:33:52.97] /o Processing terminals of module group8/precharge_logic/schematic
[13:33:52.97] /o Processing terminals of module group8/nand/schematic
[13:33:52.97] /o Processing terminals of module group8/SRAM_8x4_array/schematic
[13:33:52.98] /o Starting netlisting
[13:33:53.42] /m Information: "Netlisting design "group8/SRAM_8x4_array/schematic" finished successfully." (NETLISTING-012)
[13:33:53.45] /# Composing simulator input file for design "group8/SRAM_8x4_array/schematic"...
[13:33:54.93] /# Simulator input file composed successfully for design "group8/SRAM_8x4_array/schematic"
[13:33:55.03] /m Information: Save ouputs to /mnt/coe/workspace/ece/ece546-spr25/group8/group8_project/simulation/group8,SRAM_8x4_array,schematic/history_1/simulation/HSPICE_default/HSPICE/nominal/results/outputs.tcl for AVA evaluation.
[13:33:56.13] /o 
[13:33:57.02] /o                                          Composing Nominal                                         
[13:33:57.29] /o                         Launching jobs for testbench HSPICE_default started                        
[13:33:57.30] /# Starting PrimeSimHSPICE simulation for design: group8/SRAM_8x4_array/schematic
[13:33:57.35] /o                          Creating jobs for testbench HSPICE_default (0 / 1)                         
[13:33:57.40] /o                            Launching 1 jobs for testbench HSPICE_default                           
[13:33:57.67] /o                         Launching jobs for testbench HSPICE_default finished                        
[13:33:57.68] /o 
[13:33:58.60] /m Information: 2 of 3 testbench(es) done. (PW_GUI-714)
[13:34:00.05] /m Information: Job distribution master (saeSession0,HSPICE_default.Simulation_Simulation session:session2 testbench:HSPICE_default) : up to 1 job running workers.
[13:34:19.35] /# Simulation completed successfully for design: group8/SRAM_8x4_array/schematic  (PW-651)
[13:34:19.41] /# Netlisting and simulation completed for testbench: HSPICE_default in 27s
[13:34:19.42] /# Evaluating and plotting outputs...
[13:34:22.58] /o ==== Received Msg ====
              /c len=8 sourceSoc=sock43da3fb0 msgIndex=6 rawMsg=idleExit
[13:34:22.58] /o 
[13:34:24.98] /m Information: Jobs distribution master quit! (PW_GUI-822)
[13:34:25.46] /# Evaluating and plotting completed for testbench: HSPICE_default in 6s
[13:34:25.51] /m Information: 3 of 3 testbench(es) done. (PW_GUI-714)
[13:34:25.51] /m Information: Exiting simulation server process. (PW_GUI-984)
[13:34:26.62] /o Shutdown time: Thu Apr  3 13:34:26 2025
[13:34:26.62] /o Elapsed session real time: 4.98 minutes
[13:34:26.62] /o Session terminated. Log is at /mnt/coe/workspace/ece/ece546-spr25/group8/group8_project/synopsys_custom/logs/primewave.hrajesh.2025_4_3_132925_25117.log
[13:34:26.62] /e Error: {}
