[16:41:52.94] /o 
              /c                          PrimeWave Design Environment 
              /c 
              /c                Version W-2024.09-SP1-2 for linux64 - Jan 15, 2025
              /c              Based on Custom Infrastructure
              /c Version W-2024.09-SP1-2
              /c 
              /c                     Copyright (c) 2004 - 2025 Synopsys, Inc.
              /c    This software and the associated documentation are proprietary to Synopsys,
              /c  Inc. This software may only be used in accordance with the terms and conditions
              /c  of a written license agreement with Synopsys, Inc. All other use, reproduction,
              /c    or distribution of this software is strictly prohibited.  Licensed Products
              /c      communicate with Synopsys servers for the purpose of providing software
              /c     updates, detecting software piracy and verifying that customers are using
              /c     Licensed Products in conformity with the applicable License Key for such
              /c   Licensed Products. Synopsys will use information gathered in connection with
              /c     this process to deliver software updates and pursue software pirates and
              /c                                    infringers.
              /c 
              /c  Inclusivity & Diversity - Visit SolvNetPlus to read the "Synopsys Statement on
              /c             Inclusivity and Diversity" (Refer to article 000036315 at
              /c                         https://solvnetplus.synopsys.com)
              /c 
              /c Build  (OPT) Config 11252589 compiled on Wed Jan 15 11:01:36 2025 for AlmaLinux 8.4
              /c Invocation: /mnt/apps/public/COE/synopsys_apps/primewave/W-2024.09-SP1-2/linux64/platform/bin/custom_shell -application primewave -gui 0 -uniqueString 424077b79e1069eeb4d047b0d08136db237d0ff9c53bf88460938094302124e52e36d24aeefbecc0c6bd0cfc7290d0f1 -python 0 -log pw_shell_session0_job1 -libDefFile /mnt/coe/workspace/ece/ece546-spr25/group8/group8_project/lib.defs
              /c Execution time: Fri Mar 28 16:41:50 2025
              /c Host: grendel43.ece.ncsu.edu
              /c Working directory: /mnt/coe/workspace/ece/ece546-spr25/group8/group8_project
              /c 
[16:41:59.61] /m Information: Registering ICV PERC package...
[16:41:59.80] /w Warning: In file /mnt/coe/workspace/ece/ece546-spr25/group8/group8_project/lib.defs: Unable to open library proj_common at path /mnt/coe/workspace/ece/ece546-common/proj_common : No access permission. (DATA_MANAGEMENT-014)
[16:42:00.33] /m Information: Feature 'SynopsysCustomSAE' checked out. (LICENSE-003)
[16:42:00.33] /i catch {source /tmp/copyScript39614}; ::sa::_backgroundSaeShell::signalProcessReady 1743194507 2608538
[16:42:00.35] /o saeInterBGSaeShell:  ::sa::_backgroundSaeShell::processReady 13
[16:42:00.56] /o 
[16:42:00.56] /i ::wf::updateViewerLicense 2
[16:42:00.57] /i ::wf::updateViewerLicense 2
[16:44:24.35] /i ::sa::_backgroundSaeShell::exit
[16:44:24.35] /o saeInterBGSaeShell:  ::sa::_backgroundSaeShell::childFormallyExiting
[16:44:25.68] /o Shutdown time: Fri Mar 28 16:44:25 2025
[16:44:25.68] /o Elapsed session real time: 2.56 minutes
[16:44:25.69] /o Session terminated. Log is at /mnt/coe/workspace/ece/ece546-spr25/group8/group8_project/synopsys_custom/logs/primewave.svkolach.2025_3_28_164150_2609689.log
[16:44:25.72] /i ::wf::viewerExited
[16:44:25.72] /i ::wf::viewerExited
