[23:41:05.67] /o 
              /c                          PrimeWave Design Environment 
              /c 
              /c                Version W-2024.09-SP1-2 for linux64 - Jan 15, 2025
              /c              Based on Custom Infrastructure
              /c Version W-2024.09-SP1-2
              /c 
              /c                     Copyright (c) 2004 - 2025 Synopsys, Inc.
              /c    This software and the associated documentation are proprietary to Synopsys,
              /c  Inc. This software may only be used in accordance with the terms and conditions
              /c  of a written license agreement with Synopsys, Inc. All other use, reproduction,
              /c    or distribution of this software is strictly prohibited.  Licensed Products
              /c      communicate with Synopsys servers for the purpose of providing software
              /c     updates, detecting software piracy and verifying that customers are using
              /c     Licensed Products in conformity with the applicable License Key for such
              /c   Licensed Products. Synopsys will use information gathered in connection with
              /c     this process to deliver software updates and pursue software pirates and
              /c                                    infringers.
              /c 
              /c  Inclusivity & Diversity - Visit SolvNetPlus to read the "Synopsys Statement on
              /c             Inclusivity and Diversity" (Refer to article 000036315 at
              /c                         https://solvnetplus.synopsys.com)
              /c 
              /c Build  (OPT) Config 11252589 compiled on Wed Jan 15 11:01:36 2025 for AlmaLinux 8.4
              /c Invocation: /mnt/apps/public/COE/synopsys_apps/primewave/W-2024.09-SP1-2/linux64/platform/bin/custom_shell -application primewave -gui 0 -uniqueString 424077b79e1069ee1a1493cac3a8f6bb237d0ff9c53bf8841ab29029250ab531fe29bdf4db9fae8556c8c5eac664e718 -python 0 -command "source /mnt/coe/workspace/ece/ece546-spr25/group8/group8_project/synopsys_custom/sim_server/custom_compiler.hrajesh/stb.group8.sram_6t_tb.schematic.session0/sim_server_init.tcl" -log /mnt/coe/workspace/ece/ece546-spr25/group8/group8_project/synopsys_custom/primewave_session0_sim_server_job1 -libDefFile /mnt/coe/workspace/ece/ece546-spr25/group8/group8_project/lib.defs
              /c Execution time: Wed Apr  2 23:41:02 2025
              /c Host: grendel45.ece.ncsu.edu
              /c Working directory: /mnt/coe/workspace/ece/ece546-spr25/group8/group8_project
              /c 
[23:41:16.99] /m Information: Registering ICV PERC package...
[23:41:18.32] /m Information: Feature 'SynopsysCustomSAE' checked out. (LICENSE-003)
[23:41:18.36] /o 
[23:41:18.37] /i source /mnt/coe/workspace/ece/ece546-spr25/group8/group8_project/synopsys_custom/sim_server/custom_compiler.hrajesh/stb.group8.sram_6t_tb.schematic.session0/sim_server_init.tcl
[23:41:18.86] /o SimServer socket started on grendel45.ece.ncsu.edu:35145
[23:41:19.81] /m Information: Launching Waveform Viewer "cd /mnt/coe/workspace/ece/ece546-spr25/group8/group8_project/synopsys_custom/sim_server/custom_compiler.hrajesh/stb.group8.sram_6t_tb.schematic.session0/logs &&  /mnt/apps/public/COE/synopsys_apps/primewave/W-2024.09-SP1-2/auxx/../linux64/swv/bin/swv  -bg_gui -k -cdesigner -ptype wv -spxkey /mnt/apps/public/COE/synopsys_apps/primewave/W-2024.09-SP1-2/auxx/waveform/sae.spxkey -spxrc /tmp/tmp_sae_spxrc_DtZfVP -unique_string 424077b79e1069ee8c2dbe79d5a940eb237d0ff9c53bf8841ab29029250ab53114d50a043ab99cd0a79a0c09bfae3b8dbae3d9b815e4ba6a -lic_type 2   -parent_cc_pid 3899786  > /mnt/coe/workspace/ece/ece546-spr25/group8/group8_project/synopsys_custom/sim_server/custom_compiler.hrajesh/stb.group8.sram_6t_tb.schematic.session0/logs/viewer.log 2>&1"
[23:41:19.87] /o ==== Received Msg ====
              /c len=208 sourceSoc=sock43657d10 msgIndex=0 rawMsg=AppendTask /mnt/coe/workspace/ece/ece546-spr25/group8/group8_project/synopsys_custom/sim_server/custom_compiler.hrajesh/stb.group8.sram_6t_tb.schematic.session0/task0/sim_script0.tcl 0 saeSession0 1 overwrite
[23:41:19.87] /o 
[23:41:20.01] /o ==== Received Msg ====
              /c len=35 sourceSoc=sock43657d10 msgIndex=0 rawMsg=evalCmd ::wf::updateViewerLicense 2
[23:41:20.01] /o 
[23:41:20.03] /o ==== Received Msg ====
              /c len=35 sourceSoc=sock43657d10 msgIndex=1 rawMsg=evalCmd ::wf::updateViewerLicense 2
[23:41:20.03] /o 
[23:41:23.26] /m Information: "Starting incremental netlisting for design "group8/sram_6t_tb/schematic"..." (NETLISTING-010)
[23:41:23.37] /o Loading: Callback files...
[23:41:23.40] /o Loading: scripts/callbacks/callbacks.tcl
[23:41:23.40] /o 
              /c [INFO] : Loading display.drf from /mnt/designkits/ncsu/FreePDK3/syncust/NCSU_TechLib_FreePDK3
              /c 
              /c  if you wish to Load other display.drf, please set shell environment valiable "iPDK_load_display_NCSU_TechLib_FreePDK3" to value = 0
[23:41:23.40] /o 
[23:41:23.44] /w Warning: Could not set the value of preference xtDRCTool because it does not exist. (PREFERENCE-016)
[23:41:23.44] /w Warning: Could not set the value of preference xtDRCICVRunsetFile because it does not exist. (PREFERENCE-016)
[23:41:23.44] /w Warning: Could not set the value of preference xtDRCICVIncludePaths because it does not exist. (PREFERENCE-016)
[23:41:23.44] /w Warning: Could not set the value of preference xtDRCLayDBFormat because it does not exist. (PREFERENCE-016)
[23:41:23.44] /w Warning: Could not set the value of preference xtLVSTool because it does not exist. (PREFERENCE-016)
[23:41:23.44] /w Warning: Could not set the value of preference xtLVSICVRunsetFile because it does not exist. (PREFERENCE-016)
[23:41:23.44] /w Warning: Could not set the value of preference xtLVSICVIncludePaths because it does not exist. (PREFERENCE-016)
[23:41:23.44] /w Warning: Could not set the value of preference xtLVSLayDBFormat because it does not exist. (PREFERENCE-016)
[23:41:23.44] /w Warning: Could not set the value of preference xtLPELVSTool because it does not exist. (PREFERENCE-016)
[23:41:23.44] /w Warning: Could not set the value of preference xtLPETool because it does not exist. (PREFERENCE-016)
[23:41:23.44] /w Warning: Could not set the value of preference xtLPEOpenParasiticView because it does not exist. (PREFERENCE-016)
[23:41:23.44] /w Warning: Could not set the value of preference xtStarTcadGrdFile because it does not exist. (PREFERENCE-016)
[23:41:23.44] /w Warning: Could not set the value of preference xtLPEStarOADeviceMappingFile because it does not exist. (PREFERENCE-016)
[23:41:23.44] /w Warning: Could not set the value of preference xtStarOALayerMappingFile because it does not exist. (PREFERENCE-016)
[23:41:23.44] /o 	#######################################
[23:41:23.44] /o 	CC-PDK Library Name	: FreePDK3
[23:41:23.44] /o 	#######################################
[23:41:23.44] /o 
[23:41:23.57] /o Netlisting
[23:41:23.57] /o Creating output directories
[23:41:24.13] /o No Design Integrity rule violations found in "group8/sram_6t_tb/schematic"
[23:41:24.13] /o Scanning: group8/sram_6t_tb/schematic
[23:41:24.47] /o Scanning: group8/sram_6t/schematic
[23:41:24.87] /o Computing terminal lists
[23:41:24.87] /o Processing terminals of module group8/sram_6t/schematic
[23:41:24.91] /o Processing terminals of module group8/sram_6t_tb/schematic
[23:41:24.91] /o Starting netlisting
[23:41:25.55] /m Information: "Netlisting design "group8/sram_6t_tb/schematic" finished successfully." (NETLISTING-012)
[23:41:25.74] /# Composing simulator input file for design "group8/sram_6t_tb/schematic"...
[23:41:28.07] /# Simulator input file composed successfully for design "group8/sram_6t_tb/schematic"
[23:41:28.37] /m Information: Save ouputs to /mnt/coe/workspace/ece/ece546-spr25/group8/group8_project/simulation/group8,sram_6t_tb,schematic/history_1/simulation/HSPICE_default_2/HSPICE/nominal/results/outputs.tcl for AVA evaluation.
[23:41:30.96] /o 
[23:41:33.04] /o                                          Composing Nominal                                         
[23:41:33.77] /o                        Launching jobs for testbench HSPICE_default_2 started                       
[23:41:33.79] /# Starting PrimeSimHSPICE simulation for design: group8/sram_6t_tb/schematic
[23:41:33.93] /o                         Creating jobs for testbench HSPICE_default_2 (0 / 1)                        
[23:41:34.06] /o                           Launching 1 jobs for testbench HSPICE_default_2                          
[23:41:40.49] /o                        Launching jobs for testbench HSPICE_default_2 finished                       
[23:41:43.44] /m Information: 0 of 1 testbench(es) done. (PW_GUI-714)
[23:41:55.03] /m Information: Job distribution master (saeSession0,HSPICE_default_2.Simulation_Simulation session:session0 testbench:HSPICE_default_2) : up to 1 job running workers.
[23:42:23.07] /# Simulation completed successfully for design: group8/sram_6t_tb/schematic  (PW-651)
[23:42:23.23] /# Netlisting and simulation completed for testbench: HSPICE_default_2 in 61s
[23:42:23.25] /# Evaluating and plotting outputs...
[23:42:29.39] /m Information: Jobs distribution master quit! (PW_GUI-822)
[23:42:30.30] /# Evaluating and plotting completed for testbench: HSPICE_default_2 in 7s
[23:42:30.48] /m Information: 1 of 1 testbench(es) done. (PW_GUI-714)
[23:43:33.06] /o ==== Received Msg ====
              /c len=26 sourceSoc=sock43657d10 msgIndex=2 rawMsg=evalCmd ::wf::viewerExited
[23:43:33.06] /o 
[23:43:38.98] /o ==== Received Msg ====
              /c len=35 sourceSoc=sock43657d10 msgIndex=3 rawMsg=evalCmd ::wf::updateViewerLicense 2
[23:43:38.98] /o 
[23:44:39.56] /o ==== Received Msg ====
              /c len=8 sourceSoc=sock43657d10 msgIndex=4 rawMsg=idleExit
[23:44:39.56] /o 
[23:44:39.67] /m Information: Exiting simulation server process. (PW_GUI-984)
[23:44:42.16] /o Shutdown time: Wed Apr  2 23:44:42 2025
[23:44:42.16] /o Elapsed session real time: 3.63 minutes
[23:44:42.16] /o Session terminated. Log is at /mnt/coe/workspace/ece/ece546-spr25/group8/group8_project/synopsys_custom/logs/primewave.hrajesh.2025_4_2_234102_3899786.log
[23:44:42.19] /e Error: {}
