[15:54:59.93] /o 
              /c                          PrimeWave Design Environment 
              /c 
              /c                Version W-2024.09-SP1-2 for linux64 - Jan 15, 2025
              /c              Based on Custom Infrastructure
              /c Version W-2024.09-SP1-2
              /c 
              /c                     Copyright (c) 2004 - 2025 Synopsys, Inc.
              /c    This software and the associated documentation are proprietary to Synopsys,
              /c  Inc. This software may only be used in accordance with the terms and conditions
              /c  of a written license agreement with Synopsys, Inc. All other use, reproduction,
              /c    or distribution of this software is strictly prohibited.  Licensed Products
              /c      communicate with Synopsys servers for the purpose of providing software
              /c     updates, detecting software piracy and verifying that customers are using
              /c     Licensed Products in conformity with the applicable License Key for such
              /c   Licensed Products. Synopsys will use information gathered in connection with
              /c     this process to deliver software updates and pursue software pirates and
              /c                                    infringers.
              /c 
              /c  Inclusivity & Diversity - Visit SolvNetPlus to read the "Synopsys Statement on
              /c             Inclusivity and Diversity" (Refer to article 000036315 at
              /c                         https://solvnetplus.synopsys.com)
              /c 
              /c Build  (OPT) Config 11252589 compiled on Wed Jan 15 11:01:36 2025 for AlmaLinux 8.4
              /c Invocation: /mnt/apps/public/COE/synopsys_apps/primewave/W-2024.09-SP1-2/linux64/platform/bin/custom_shell -application primewave -gui 0 -uniqueString 424077b79e1069eeacad11149867122e237d0ff9c53bf884c7744a297d993ece06faabe5eaf75cf7d10b8b58f8a2bd3b -python 0 -log pw_shell_session0_job2 -libDefFile /mnt/coe/workspace/ece/ece546-spr25/group8/group8_project/lib.defs
              /c Execution time: Sat Apr  5 15:54:57 2025
              /c Host: grendel46.ece.ncsu.edu
              /c Working directory: /mnt/coe/workspace/ece/ece546-spr25/group8/group8_project
              /c 
[15:55:11.37] /m Information: Registering ICV PERC package...
[15:55:12.42] /m Information: Feature 'SynopsysCustomSAE' checked out. (LICENSE-003)
[15:55:12.43] /i catch {source /tmp/copyScript3543}; ::sa::_backgroundSaeShell::signalProcessReady 1743882893 4181882
[15:55:12.46] /o saeInterBGSaeShell:  ::sa::_backgroundSaeShell::processReady 19
[15:55:12.91] /o 
[15:57:26.89] /i ::wf::viewerExited
[15:57:36.02] /i ::wf::updateViewerLicense 2
[15:58:29.13] /i ::sa::_backgroundSaeShell::exit
[15:58:29.13] /o saeInterBGSaeShell:  ::sa::_backgroundSaeShell::childFormallyExiting
[15:58:31.03] /o Shutdown time: Sat Apr  5 15:58:31 2025
[15:58:31.03] /o Elapsed session real time: 3.53 minutes
[15:58:31.04] /o Session terminated. Log is at /mnt/coe/workspace/ece/ece546-spr25/group8/group8_project/synopsys_custom/logs/primewave.svkolach.2025_4_5_155457_4184778.log
[15:58:31.06] /i ::wf::viewerExited
[15:58:31.06] /i ::wf::viewerExited
