[13:52:40.52] /o 
              /c                          PrimeWave Design Environment 
              /c 
              /c                Version W-2024.09-SP1-2 for linux64 - Jan 15, 2025
              /c              Based on Custom Infrastructure
              /c Version W-2024.09-SP1-2
              /c 
              /c                     Copyright (c) 2004 - 2025 Synopsys, Inc.
              /c    This software and the associated documentation are proprietary to Synopsys,
              /c  Inc. This software may only be used in accordance with the terms and conditions
              /c  of a written license agreement with Synopsys, Inc. All other use, reproduction,
              /c    or distribution of this software is strictly prohibited.  Licensed Products
              /c      communicate with Synopsys servers for the purpose of providing software
              /c     updates, detecting software piracy and verifying that customers are using
              /c     Licensed Products in conformity with the applicable License Key for such
              /c   Licensed Products. Synopsys will use information gathered in connection with
              /c     this process to deliver software updates and pursue software pirates and
              /c                                    infringers.
              /c 
              /c  Inclusivity & Diversity - Visit SolvNetPlus to read the "Synopsys Statement on
              /c             Inclusivity and Diversity" (Refer to article 000036315 at
              /c                         https://solvnetplus.synopsys.com)
              /c 
              /c Build  (OPT) Config 11252589 compiled on Wed Jan 15 11:01:36 2025 for AlmaLinux 8.4
              /c Invocation: /mnt/apps/public/COE/synopsys_apps/primewave/W-2024.09-SP1-2/linux64/platform/bin/custom_shell -application primewave -gui 0 -uniqueString 424077b79e1069ee91043358a18402d3fe01eb4215c734e6103ebf0b7deb01df6a1cc1f97387c7ef -python 0 -log pw_shell_session0_job7 -libDefFile /mnt/coe/workspace/ece/ece546-spr25/group8/group8_project/lib.defs
              /c Execution time: Thu Apr  3 13:52:38 2025
              /c Host: viper.ece.ncsu.edu
              /c Working directory: /mnt/coe/workspace/ece/ece546-spr25/group8/group8_project
              /c 
[13:52:44.86] /m Information: Registering ICV PERC package...
[13:52:45.39] /m Information: Feature 'SynopsysCustomSAE' checked out. (LICENSE-003)
[13:52:45.39] /i catch {source /tmp/copyScript95485}; ::sa::_backgroundSaeShell::signalProcessReady 1743702757 22212
[13:52:45.40] /o saeInterBGSaeShell:  ::sa::_backgroundSaeShell::processReady 8
[13:52:45.56] /o 
[13:52:45.56] /i ::sa::_backgroundSaeShell::runScript /mnt/coe/workspace/ece/ece546-spr25/group8/group8_project/simulation/group8,SRAM_8x4_array,schematic/history_1/simulation/HSPICE_default/HSPICE/nominal/.bg_measurement_script.tcl 0 sa::_resultsDatabase::saeShellProcessingCompletedProc testSuiteName saeSession0 uniqueSessionName {} testbenchName HSPICE_default resultsDir /mnt/coe/workspace/ece/ece546-spr25/group8/group8_project/simulation/group8,SRAM_8x4_array,schematic/history_1/simulation/HSPICE_default/HSPICE/nominal/results testSuiteDir /mnt/coe/workspace/ece/ece546-spr25/group8/group8_project/simulation/group8,SRAM_8x4_array,schematic/history_1/simulation/HSPICE_default/HSPICE/nominal databaseName /mnt/coe/workspace/ece/ece546-spr25/group8/group8_project/simulation/group8,SRAM_8x4_array,schematic/history_1/simulation/HSPICE_default/HSPICE/nominal/resultsDatabase remoteRun {} testbenchId 1 saveImages true invokeFrom SIM_DONE
[13:52:46.18] /m Information: Loading preferences from /mnt/coe/workspace/ece/ece546-spr25/group8/group8_project/simulation/group8,SRAM_8x4_array,schematic/history_1/simulation/HSPICE_default/HSPICE/nominal/pw_shell_session_prefs.xml
[13:52:46.28] /o Loading: Callback files...
[13:52:46.29] /o Loading: scripts/callbacks/callbacks.tcl
[13:52:46.29] /o 
              /c [INFO] : Loading display.drf from /mnt/designkits/ncsu/FreePDK3/syncust/NCSU_TechLib_FreePDK3
              /c 
              /c  if you wish to Load other display.drf, please set shell environment valiable "iPDK_load_display_NCSU_TechLib_FreePDK3" to value = 0
[13:52:46.29] /o 
[13:52:46.31] /w Warning: Could not set the value of preference xtDRCTool because it does not exist. (PREFERENCE-016)
[13:52:46.31] /w Warning: Could not set the value of preference xtDRCICVRunsetFile because it does not exist. (PREFERENCE-016)
[13:52:46.31] /w Warning: Could not set the value of preference xtDRCICVIncludePaths because it does not exist. (PREFERENCE-016)
[13:52:46.31] /w Warning: Could not set the value of preference xtDRCLayDBFormat because it does not exist. (PREFERENCE-016)
[13:52:46.31] /w Warning: Could not set the value of preference xtLVSTool because it does not exist. (PREFERENCE-016)
[13:52:46.31] /w Warning: Could not set the value of preference xtLVSICVRunsetFile because it does not exist. (PREFERENCE-016)
[13:52:46.31] /w Warning: Could not set the value of preference xtLVSICVIncludePaths because it does not exist. (PREFERENCE-016)
[13:52:46.31] /w Warning: Could not set the value of preference xtLVSLayDBFormat because it does not exist. (PREFERENCE-016)
[13:52:46.31] /w Warning: Could not set the value of preference xtLPELVSTool because it does not exist. (PREFERENCE-016)
[13:52:46.31] /w Warning: Could not set the value of preference xtLPETool because it does not exist. (PREFERENCE-016)
[13:52:46.31] /w Warning: Could not set the value of preference xtLPEOpenParasiticView because it does not exist. (PREFERENCE-016)
[13:52:46.31] /w Warning: Could not set the value of preference xtStarTcadGrdFile because it does not exist. (PREFERENCE-016)
[13:52:46.31] /w Warning: Could not set the value of preference xtLPEStarOADeviceMappingFile because it does not exist. (PREFERENCE-016)
[13:52:46.31] /w Warning: Could not set the value of preference xtStarOALayerMappingFile because it does not exist. (PREFERENCE-016)
[13:52:46.31] /o 	#######################################
[13:52:46.31] /o 	CC-PDK Library Name	: FreePDK3
[13:52:46.31] /o 	#######################################
[13:52:46.31] /o 
[13:52:46.57] /m Information: Start incremental database creation...
[13:52:46.63] /m Information: Create Iter role param id map
[13:52:47.36] /o saeInterBGSaeShell:  ::sa::_backgroundSaeShell::scriptFinished 1.7 {} sa::_resultsDatabase::saeShellProcessingCompletedProc testSuiteName saeSession0 uniqueSessionName {} testbenchName HSPICE_default resultsDir /mnt/coe/workspace/ece/ece546-spr25/group8/group8_project/simulation/group8,SRAM_8x4_array,schematic/history_1/simulation/HSPICE_default/HSPICE/nominal/results testSuiteDir /mnt/coe/workspace/ece/ece546-spr25/group8/group8_project/simulation/group8,SRAM_8x4_array,schematic/history_1/simulation/HSPICE_default/HSPICE/nominal databaseName /mnt/coe/workspace/ece/ece546-spr25/group8/group8_project/simulation/group8,SRAM_8x4_array,schematic/history_1/simulation/HSPICE_default/HSPICE/nominal/resultsDatabase remoteRun {} testbenchId 1 saveImages true invokeFrom SIM_DONE
[13:52:47.36] /o false
[13:56:53.56] /i ::sa::_backgroundSaeShell::exit
[13:56:53.56] /o saeInterBGSaeShell:  ::sa::_backgroundSaeShell::childFormallyExiting
[13:56:54.38] /o Shutdown time: Thu Apr  3 13:56:54 2025
[13:56:54.38] /o Elapsed session real time: 4.25 minutes
[13:56:54.38] /o Session terminated. Log is at /mnt/coe/workspace/ece/ece546-spr25/group8/group8_project/synopsys_custom/logs/primewave.hrajesh.2025_4_3_135238_41439.log
