[22:57:25.99] /o 
              /c                          PrimeWave Design Environment 
              /c 
              /c                Version W-2024.09-SP1-2 for linux64 - Jan 15, 2025
              /c              Based on Custom Infrastructure
              /c Version W-2024.09-SP1-2
              /c 
              /c                     Copyright (c) 2004 - 2025 Synopsys, Inc.
              /c    This software and the associated documentation are proprietary to Synopsys,
              /c  Inc. This software may only be used in accordance with the terms and conditions
              /c  of a written license agreement with Synopsys, Inc. All other use, reproduction,
              /c    or distribution of this software is strictly prohibited.  Licensed Products
              /c      communicate with Synopsys servers for the purpose of providing software
              /c     updates, detecting software piracy and verifying that customers are using
              /c     Licensed Products in conformity with the applicable License Key for such
              /c   Licensed Products. Synopsys will use information gathered in connection with
              /c     this process to deliver software updates and pursue software pirates and
              /c                                    infringers.
              /c 
              /c  Inclusivity & Diversity - Visit SolvNetPlus to read the "Synopsys Statement on
              /c             Inclusivity and Diversity" (Refer to article 000036315 at
              /c                         https://solvnetplus.synopsys.com)
              /c 
              /c Build  (OPT) Config 11252589 compiled on Wed Jan 15 11:01:36 2025 for AlmaLinux 8.4
              /c Invocation: /mnt/apps/public/COE/synopsys_apps/primewave/W-2024.09-SP1-2/linux64/platform/bin/custom_shell -application primewave -gui 0 -uniqueString 424077b79e1069ee151279727293c4f34d49f0484e1ba41a3b3a965d3326affa1f8cbf1c29e3910d4034ecf9be547b3f -python 0 -command "source /mnt/coe/workspace/ece/ece546-spr25/group8/group8_project/synopsys_custom/sim_server/custom_compiler.nbandeh/stb.group8.2to4_decoder_tb.schematic.session0/sim_server_init.tcl" -log /mnt/coe/workspace/ece/ece546-spr25/group8/group8_project/synopsys_custom/primewave_session0_sim_server_job1 -libDefFile /mnt/coe/workspace/ece/ece546-spr25/group8/group8_project/lib.defs
              /c Execution time: Tue Apr  1 22:57:20 2025
              /c Host: hydra12.ece.ncsu.edu
              /c Working directory: /mnt/coe/workspace/ece/ece546-spr25/group8/group8_project
              /c 
[22:57:34.66] /m Information: Registering ICV PERC package...
[22:57:35.46] /m Information: Feature 'SynopsysCustomSAE' checked out. (LICENSE-003)
[22:57:35.65] /o 
[22:57:35.68] /i source /mnt/coe/workspace/ece/ece546-spr25/group8/group8_project/synopsys_custom/sim_server/custom_compiler.nbandeh/stb.group8.2to4_decoder_tb.schematic.session0/sim_server_init.tcl
[22:57:36.35] /o SimServer socket started on hydra12.ece.ncsu.edu:43985
[22:57:37.13] /m Information: Launching Waveform Viewer "cd /mnt/coe/workspace/ece/ece546-spr25/group8/group8_project/synopsys_custom/sim_server/custom_compiler.nbandeh/stb.group8.2to4_decoder_tb.schematic.session0/logs &&  /mnt/apps/public/COE/synopsys_apps/primewave/W-2024.09-SP1-2/auxx/../linux64/swv/bin/swv  -bg_gui -k -cdesigner -ptype wv -spxkey /mnt/apps/public/COE/synopsys_apps/primewave/W-2024.09-SP1-2/auxx/waveform/sae.spxkey -spxrc /tmp/tmp_sae_spxrc_H2mdHs -unique_string 424077b79e1069ee452c6094b6c5ba804d49f0484e1ba41a3b3a965d3326affa43ab9aba1263e4a5e21b0a6ec2b74f444b7f67214e2ca3c3 -lic_type 2   -parent_cc_pid 2134856  > /mnt/coe/workspace/ece/ece546-spr25/group8/group8_project/synopsys_custom/sim_server/custom_compiler.nbandeh/stb.group8.2to4_decoder_tb.schematic.session0/logs/viewer.log 2>&1"
[22:57:37.18] /o ==== Received Msg ====
              /c len=213 sourceSoc=sock47bfe240 msgIndex=4 rawMsg=AppendTask /mnt/coe/workspace/ece/ece546-spr25/group8/group8_project/synopsys_custom/sim_server/custom_compiler.nbandeh/stb.group8.2to4_decoder_tb.schematic.session0/task0/sim_script0.tcl 0 saeSession0 1 overwrite
[22:57:37.18] /o 
[22:57:40.44] /m Information: "Starting incremental netlisting for design "group8/2to4_decoder_tb/schematic"..." (NETLISTING-010)
[22:57:40.56] /o Loading: Callback files...
[22:57:40.58] /o Loading: scripts/callbacks/callbacks.tcl
[22:57:40.58] /o 
              /c [INFO] : Loading display.drf from /mnt/designkits/ncsu/FreePDK3/syncust/NCSU_TechLib_FreePDK3
              /c 
              /c  if you wish to Load other display.drf, please set shell environment valiable "iPDK_load_display_NCSU_TechLib_FreePDK3" to value = 0
[22:57:40.58] /o 
[22:57:40.64] /w Warning: Could not set the value of preference xtDRCTool because it does not exist. (PREFERENCE-016)
[22:57:40.64] /w Warning: Could not set the value of preference xtDRCICVRunsetFile because it does not exist. (PREFERENCE-016)
[22:57:40.64] /w Warning: Could not set the value of preference xtDRCICVIncludePaths because it does not exist. (PREFERENCE-016)
[22:57:40.64] /w Warning: Could not set the value of preference xtDRCLayDBFormat because it does not exist. (PREFERENCE-016)
[22:57:40.64] /w Warning: Could not set the value of preference xtLVSTool because it does not exist. (PREFERENCE-016)
[22:57:40.64] /w Warning: Could not set the value of preference xtLVSICVRunsetFile because it does not exist. (PREFERENCE-016)
[22:57:40.64] /w Warning: Could not set the value of preference xtLVSICVIncludePaths because it does not exist. (PREFERENCE-016)
[22:57:40.64] /w Warning: Could not set the value of preference xtLVSLayDBFormat because it does not exist. (PREFERENCE-016)
[22:57:40.64] /w Warning: Could not set the value of preference xtLPELVSTool because it does not exist. (PREFERENCE-016)
[22:57:40.64] /w Warning: Could not set the value of preference xtLPETool because it does not exist. (PREFERENCE-016)
[22:57:40.64] /w Warning: Could not set the value of preference xtLPEOpenParasiticView because it does not exist. (PREFERENCE-016)
[22:57:40.64] /w Warning: Could not set the value of preference xtStarTcadGrdFile because it does not exist. (PREFERENCE-016)
[22:57:40.64] /w Warning: Could not set the value of preference xtLPEStarOADeviceMappingFile because it does not exist. (PREFERENCE-016)
[22:57:40.64] /w Warning: Could not set the value of preference xtStarOALayerMappingFile because it does not exist. (PREFERENCE-016)
[22:57:40.64] /o 	#######################################
[22:57:40.64] /o 	CC-PDK Library Name	: FreePDK3
[22:57:40.64] /o 	#######################################
[22:57:40.64] /o 
[22:57:40.72] /o Netlisting
[22:57:40.72] /o Creating output directories
[22:57:41.02] /o No Design Integrity rule violations found in "group8/2to4_decoder_tb/schematic"
[22:57:41.02] /o Scanning: group8/2to4_decoder_tb/schematic
[22:57:41.36] /o Scanning: group8/2to4_decoder/schematic
[22:57:41.55] /o Scanning: group8/inv/schematic
[22:57:41.64] /o Scanning: group8/Demux/schematic
[22:57:41.70] /o Scanning: group8/nand/schematic
[22:57:41.76] /o Computing terminal lists
[22:57:41.76] /o Processing terminals of module group8/inv/schematic
[22:57:41.77] /o Processing terminals of module group8/2to4_decoder/schematic
[22:57:41.77] /o Processing terminals of module group8/nand/schematic
[22:57:41.78] /o Processing terminals of module group8/Demux/schematic
[22:57:41.78] /o Processing terminals of module group8/2to4_decoder_tb/schematic
[22:57:41.78] /o Starting netlisting
[22:57:42.18] /o Formatting group8/2to4_decoder_tb/schematic
[22:57:42.25] /m Information: "group8 2to4_decoder_tb schematic" renetlisted. (NETLISTING-056)
[22:57:42.55] /m Information: "Netlisting design "group8/2to4_decoder_tb/schematic" finished successfully." (NETLISTING-012)
[22:57:42.67] /# Composing simulator input file for design "group8/2to4_decoder_tb/schematic"...
[22:57:48.05] /# Simulator input file composed successfully for design "group8/2to4_decoder_tb/schematic"
[22:57:48.31] /m Information: Save ouputs to /mnt/coe/workspace/ece/ece546-spr25/group8/group8_project/simulation/group8,2to4_decoder_tb,schematic/history_1/simulation/default/PrimeSimHSPICE/nominal/results/outputs.tcl for AVA evaluation.
[22:57:50.68] /o 
[22:57:52.67] /o                                          Composing Nominal                                         
[22:57:53.27] /o                             Launching jobs for testbench default started                            
[22:57:53.31] /# Starting PrimeSimHSPICE simulation for design: group8/2to4_decoder_tb/schematic
[22:57:53.43] /o                             Creating jobs for testbench default (0 / 1)                            
[22:57:53.54] /o                                Launching 1 jobs for testbench default                               
[22:57:54.17] /o                            Launching jobs for testbench default finished                           
[22:57:55.71] /m Information: 0 of 1 testbench(es) done. (PW_GUI-714)
[22:57:57.19] /m Information: Job distribution master (saeSession0,default.Simulation_Simulation session:session0 testbench:default) : up to 1 job running workers.
[22:58:31.93] /# Simulation completed successfully for design: group8/2to4_decoder_tb/schematic  (PW-651)
[22:58:32.09] /# Netlisting and simulation completed for testbench: default in 53s
[22:58:32.11] /# Evaluating and plotting outputs...
[22:58:39.03] /m Information: Jobs distribution master quit! (PW_GUI-822)
[22:58:40.08] /# Evaluating and plotting completed for testbench: default in 8s
[22:58:40.23] /m Information: 1 of 1 testbench(es) done. (PW_GUI-714)
[23:02:19.18] /o ==== Received Msg ====
              /c len=8 sourceSoc=sock47bfe240 msgIndex=9 rawMsg=idleExit
[23:02:19.18] /o 
[23:02:19.21] /m Information: Exiting simulation server process. (PW_GUI-984)
[23:02:22.78] /o Shutdown time: Tue Apr  1 23:02:22 2025
[23:02:22.78] /o Elapsed session real time: 5.01 minutes
[23:02:22.78] /o Session terminated. Log is at /mnt/coe/workspace/ece/ece546-spr25/group8/group8_project/synopsys_custom/logs/primewave.nbandeh.2025_4_1_225720_2134856.log
[23:02:22.82] /e Error: {}
