[10:50:35.84] /o 
              /c                          PrimeWave Design Environment 
              /c 
              /c                Version W-2024.09-SP1-2 for linux64 - Jan 15, 2025
              /c              Based on Custom Infrastructure
              /c Version W-2024.09-SP1-2
              /c 
              /c                     Copyright (c) 2004 - 2025 Synopsys, Inc.
              /c    This software and the associated documentation are proprietary to Synopsys,
              /c  Inc. This software may only be used in accordance with the terms and conditions
              /c  of a written license agreement with Synopsys, Inc. All other use, reproduction,
              /c    or distribution of this software is strictly prohibited.  Licensed Products
              /c      communicate with Synopsys servers for the purpose of providing software
              /c     updates, detecting software piracy and verifying that customers are using
              /c     Licensed Products in conformity with the applicable License Key for such
              /c   Licensed Products. Synopsys will use information gathered in connection with
              /c     this process to deliver software updates and pursue software pirates and
              /c                                    infringers.
              /c 
              /c  Inclusivity & Diversity - Visit SolvNetPlus to read the "Synopsys Statement on
              /c             Inclusivity and Diversity" (Refer to article 000036315 at
              /c                         https://solvnetplus.synopsys.com)
              /c 
              /c Build  (OPT) Config 11252589 compiled on Wed Jan 15 11:01:36 2025 for AlmaLinux 8.4
              /c Invocation: /mnt/apps/public/COE/synopsys_apps/primewave/W-2024.09-SP1-2/linux64/platform/bin/custom_shell -application primewave -gui 0 -uniqueString 424077b79e1069eed270a163d8bbb139f03d3135d99f0755c1cb7792ad94754224ca8392588d8d7bc7a6c52d5f021c10 -python 0 -log pw_shell_session0_job1 -libDefFile /mnt/coe/workspace/ece/ece546-spr25/group8/group8_project/lib.defs
              /c Execution time: Tue Apr  8 10:50:22 2025
              /c Host: hydra11.ece.ncsu.edu
              /c Working directory: /mnt/coe/workspace/ece/ece546-spr25/group8/group8_project
              /c 
[10:50:52.64] /m Information: Registering ICV PERC package...
[10:50:53.84] /m Information: Started sharing "WaveView ADV" license. (WAVEFORM-110)
[10:50:53.84] /m Information: Started sharing "Primewave" license. (WAVEFORM-110)
[10:50:53.98] /m Information: Feature 'SynopsysCustomSAE' checked out. (LICENSE-003)
[10:50:53.98] /i catch {source /tmp/copyScript71978}; ::sa::_backgroundSaeShell::signalProcessReady 1744123798 209864
[10:50:54.02] /o saeInterBGSaeShell:  ::sa::_backgroundSaeShell::processReady 56
[10:50:54.63] /o 
[10:50:54.63] /i ::wf::updateViewerLicense 2
[10:50:54.68] /i ::wf::updateViewerLicense 2
[10:55:54.12] /m Information: Feature 'SynopsysCustomSAE' checked in. (LICENSE-004)
[10:55:54.12] /m Information: Stopped sharing "Primewave" license. (WAVEFORM-111)
[10:55:54.13] /m Information: Stopped sharing "WaveView ADV" license. (WAVEFORM-111)
[10:55:55.94] /o saeInterBGSaeShell:  ::sa::_backgroundSaeShell::pingBack
[10:55:59.66] /i ::sa::_backgroundSaeShell::exit
[10:55:59.66] /o saeInterBGSaeShell:  ::sa::_backgroundSaeShell::childFormallyExiting
[10:56:02.87] /o Shutdown time: Tue Apr  8 10:56:02 2025
[10:56:02.87] /o Elapsed session real time: 5.56 minutes
[10:56:02.87] /o Session terminated. Log is at /mnt/coe/workspace/ece/ece546-spr25/group8/group8_project/synopsys_custom/logs/primewave.hrajesh.2025_4_8_105022_211199.log
