[23:47:12.12] /o 
              /c                          PrimeWave Design Environment 
              /c 
              /c                Version W-2024.09-SP1-2 for linux64 - Jan 15, 2025
              /c              Based on Custom Infrastructure
              /c Version W-2024.09-SP1-2
              /c 
              /c                     Copyright (c) 2004 - 2025 Synopsys, Inc.
              /c    This software and the associated documentation are proprietary to Synopsys,
              /c  Inc. This software may only be used in accordance with the terms and conditions
              /c  of a written license agreement with Synopsys, Inc. All other use, reproduction,
              /c    or distribution of this software is strictly prohibited.  Licensed Products
              /c      communicate with Synopsys servers for the purpose of providing software
              /c     updates, detecting software piracy and verifying that customers are using
              /c     Licensed Products in conformity with the applicable License Key for such
              /c   Licensed Products. Synopsys will use information gathered in connection with
              /c     this process to deliver software updates and pursue software pirates and
              /c                                    infringers.
              /c 
              /c  Inclusivity & Diversity - Visit SolvNetPlus to read the "Synopsys Statement on
              /c             Inclusivity and Diversity" (Refer to article 000036315 at
              /c                         https://solvnetplus.synopsys.com)
              /c 
              /c Build  (OPT) Config 11252589 compiled on Wed Jan 15 11:01:36 2025 for AlmaLinux 8.4
              /c Invocation: /mnt/apps/public/COE/synopsys_apps/primewave/W-2024.09-SP1-2/linux64/platform/bin/custom_shell -application primewave -gui 0 -uniqueString 424077b79e1069ee151279727293c4f34d49f0484e1ba41a3b3a965d3326affa5e149a1240be768b4f691bc92b831961 -python 0 -command "source /mnt/coe/workspace/ece/ece546-spr25/group8/group8_project/synopsys_custom/sim_server/custom_compiler.nbandeh/stb.group8.2to4_decoder_tb.schematic.session0/sim_server_init.tcl" -log /mnt/coe/workspace/ece/ece546-spr25/group8/group8_project/synopsys_custom/primewave_session0_sim_server_job1 -libDefFile /mnt/coe/workspace/ece/ece546-spr25/group8/group8_project/lib.defs
              /c Execution time: Tue Apr  1 23:47:06 2025
              /c Host: hydra12.ece.ncsu.edu
              /c Working directory: /mnt/coe/workspace/ece/ece546-spr25/group8/group8_project
              /c 
[23:47:20.78] /m Information: Registering ICV PERC package...
[23:47:21.55] /m Information: Feature 'SynopsysCustomSAE' checked out. (LICENSE-003)
[23:47:21.64] /o 
[23:47:21.68] /i source /mnt/coe/workspace/ece/ece546-spr25/group8/group8_project/synopsys_custom/sim_server/custom_compiler.nbandeh/stb.group8.2to4_decoder_tb.schematic.session0/sim_server_init.tcl
[23:47:23.02] /o SimServer socket started on hydra12.ece.ncsu.edu:34079
[23:47:23.79] /m Information: Launching Waveform Viewer "cd /mnt/coe/workspace/ece/ece546-spr25/group8/group8_project/synopsys_custom/sim_server/custom_compiler.nbandeh/stb.group8.2to4_decoder_tb.schematic.session0/logs &&  /mnt/apps/public/COE/synopsys_apps/primewave/W-2024.09-SP1-2/auxx/../linux64/swv/bin/swv  -bg_gui -k -cdesigner -ptype wv -spxkey /mnt/apps/public/COE/synopsys_apps/primewave/W-2024.09-SP1-2/auxx/waveform/sae.spxkey -spxrc /tmp/tmp_sae_spxrc_b5Btrt -unique_string 424077b79e1069ee6c9f097576192fda4d49f0484e1ba41a3b3a965d3326affa43ab9aba1263e4a542756924dfe011a9abff2c91271830df -lic_type 2   -parent_cc_pid 2160791  > /mnt/coe/workspace/ece/ece546-spr25/group8/group8_project/synopsys_custom/sim_server/custom_compiler.nbandeh/stb.group8.2to4_decoder_tb.schematic.session0/logs/viewer.log 2>&1"
[23:47:23.86] /o ==== Received Msg ====
              /c len=213 sourceSoc=sock4504d550 msgIndex=11 rawMsg=AppendTask /mnt/coe/workspace/ece/ece546-spr25/group8/group8_project/synopsys_custom/sim_server/custom_compiler.nbandeh/stb.group8.2to4_decoder_tb.schematic.session0/task0/sim_script0.tcl 0 saeSession0 1 overwrite
[23:47:23.86] /o 
[23:47:27.18] /m Information: "Starting incremental netlisting for design "group8/2to4_decoder_tb/schematic"..." (NETLISTING-010)
[23:47:27.33] /o Loading: Callback files...
[23:47:27.35] /o Loading: scripts/callbacks/callbacks.tcl
[23:47:27.35] /o 
              /c [INFO] : Loading display.drf from /mnt/designkits/ncsu/FreePDK3/syncust/NCSU_TechLib_FreePDK3
              /c 
              /c  if you wish to Load other display.drf, please set shell environment valiable "iPDK_load_display_NCSU_TechLib_FreePDK3" to value = 0
[23:47:27.35] /o 
[23:47:27.41] /w Warning: Could not set the value of preference xtDRCTool because it does not exist. (PREFERENCE-016)
[23:47:27.41] /w Warning: Could not set the value of preference xtDRCICVRunsetFile because it does not exist. (PREFERENCE-016)
[23:47:27.41] /w Warning: Could not set the value of preference xtDRCICVIncludePaths because it does not exist. (PREFERENCE-016)
[23:47:27.41] /w Warning: Could not set the value of preference xtDRCLayDBFormat because it does not exist. (PREFERENCE-016)
[23:47:27.41] /w Warning: Could not set the value of preference xtLVSTool because it does not exist. (PREFERENCE-016)
[23:47:27.41] /w Warning: Could not set the value of preference xtLVSICVRunsetFile because it does not exist. (PREFERENCE-016)
[23:47:27.41] /w Warning: Could not set the value of preference xtLVSICVIncludePaths because it does not exist. (PREFERENCE-016)
[23:47:27.41] /w Warning: Could not set the value of preference xtLVSLayDBFormat because it does not exist. (PREFERENCE-016)
[23:47:27.41] /w Warning: Could not set the value of preference xtLPELVSTool because it does not exist. (PREFERENCE-016)
[23:47:27.41] /w Warning: Could not set the value of preference xtLPETool because it does not exist. (PREFERENCE-016)
[23:47:27.41] /w Warning: Could not set the value of preference xtLPEOpenParasiticView because it does not exist. (PREFERENCE-016)
[23:47:27.41] /w Warning: Could not set the value of preference xtStarTcadGrdFile because it does not exist. (PREFERENCE-016)
[23:47:27.41] /w Warning: Could not set the value of preference xtLPEStarOADeviceMappingFile because it does not exist. (PREFERENCE-016)
[23:47:27.41] /w Warning: Could not set the value of preference xtStarOALayerMappingFile because it does not exist. (PREFERENCE-016)
[23:47:27.41] /o 	#######################################
[23:47:27.41] /o 	CC-PDK Library Name	: FreePDK3
[23:47:27.41] /o 	#######################################
[23:47:27.41] /o 
[23:47:27.49] /o Netlisting
[23:47:27.49] /o Creating output directories
[23:47:27.80] /o No Design Integrity rule violations found in "group8/2to4_decoder_tb/schematic"
[23:47:27.80] /o Scanning: group8/2to4_decoder_tb/schematic
[23:47:28.12] /o Scanning: group8/2to4_decoder/schematic
[23:47:28.32] /o Scanning: group8/inv/schematic
[23:47:28.41] /o Scanning: group8/Demux/schematic
[23:47:28.46] /o Scanning: group8/nand/schematic
[23:47:28.52] /o Computing terminal lists
[23:47:28.52] /o Processing terminals of module group8/inv/schematic
[23:47:28.54] /o Processing terminals of module group8/2to4_decoder/schematic
[23:47:28.54] /o Processing terminals of module group8/nand/schematic
[23:47:28.54] /o Processing terminals of module group8/Demux/schematic
[23:47:28.55] /o Processing terminals of module group8/2to4_decoder_tb/schematic
[23:47:28.55] /o Starting netlisting
[23:47:29.24] /m Information: "Netlisting design "group8/2to4_decoder_tb/schematic" finished successfully." (NETLISTING-012)
[23:47:29.37] /# Composing simulator input file for design "group8/2to4_decoder_tb/schematic"...
[23:47:35.46] /# Simulator input file composed successfully for design "group8/2to4_decoder_tb/schematic"
[23:47:35.73] /m Information: Save ouputs to /mnt/coe/workspace/ece/ece546-spr25/group8/group8_project/simulation/group8,2to4_decoder_tb,schematic/history_1/simulation/default/PrimeSimHSPICE/nominal/results/outputs.tcl for AVA evaluation.
[23:47:38.11] /o 
[23:47:40.07] /o                                          Composing Nominal                                         
[23:47:40.73] /o                             Launching jobs for testbench default started                            
[23:47:40.76] /# Starting PrimeSimHSPICE simulation for design: group8/2to4_decoder_tb/schematic
[23:47:40.89] /o                             Creating jobs for testbench default (0 / 1)                            
[23:47:41.01] /o                                Launching 1 jobs for testbench default                               
[23:47:42.52] /o                            Launching jobs for testbench default finished                           
[23:47:44.28] /m Information: 0 of 1 testbench(es) done. (PW_GUI-714)
[23:47:45.10] /m Information: Job distribution master (saeSession0,default.Simulation_Simulation session:session0 testbench:default) : up to 1 job running workers.
[23:48:20.24] /# Simulation completed successfully for design: group8/2to4_decoder_tb/schematic  (PW-651)
[23:48:20.43] /# Netlisting and simulation completed for testbench: default in 54s
[23:48:20.45] /# Evaluating and plotting outputs...
[23:48:27.60] /m Information: Jobs distribution master quit! (PW_GUI-822)
[23:48:28.64] /# Evaluating and plotting completed for testbench: default in 8s
[23:48:28.79] /m Information: 1 of 1 testbench(es) done. (PW_GUI-714)
[23:51:17.13] /o ==== Received Msg ====
              /c len=26 sourceSoc=sock4504d550 msgIndex=17 rawMsg=evalCmd ::wf::viewerExited
[23:51:17.13] /o 
[23:51:23.05] /o ==== Received Msg ====
              /c len=35 sourceSoc=sock4504d550 msgIndex=18 rawMsg=evalCmd ::wf::updateViewerLicense 2
[23:51:23.05] /o 
[23:51:44.93] /o ==== Received Msg ====
              /c len=213 sourceSoc=sock4cb92e20 msgIndex=12 rawMsg=AppendTask /mnt/coe/workspace/ece/ece546-spr25/group8/group8_project/synopsys_custom/sim_server/custom_compiler.nbandeh/stb.group8.2to4_decoder_tb.schematic.session0/task1/sim_script1.tcl 1 saeSession0 1 overwrite
[23:51:44.93] /o 
[23:51:45.15] /m Information: Feature 'SynopsysCustomSAE' checked in. (LICENSE-004)
[23:51:45.18] /m Information: Feature 'SynopsysCustomSAE' checked out. (LICENSE-003)
[23:51:48.47] /m Information: "Starting incremental netlisting for design "group8/2to4_decoder_tb/schematic"..." (NETLISTING-010)
[23:51:48.60] /o Netlisting
[23:51:48.60] /o Creating output directories
[23:51:48.83] /o No Design Integrity rule violations found in "group8/2to4_decoder_tb/schematic"
[23:51:48.83] /o Scanning: group8/2to4_decoder_tb/schematic
[23:51:48.96] /o Scanning: group8/2to4_decoder/schematic
[23:51:49.13] /o Scanning: group8/inv/schematic
[23:51:49.22] /o Scanning: group8/Demux/schematic
[23:51:49.28] /o Scanning: group8/nand/schematic
[23:51:49.33] /o Computing terminal lists
[23:51:49.33] /o Processing terminals of module group8/inv/schematic
[23:51:49.35] /o Processing terminals of module group8/2to4_decoder/schematic
[23:51:49.35] /o Processing terminals of module group8/nand/schematic
[23:51:49.35] /o Processing terminals of module group8/Demux/schematic
[23:51:49.35] /o Processing terminals of module group8/2to4_decoder_tb/schematic
[23:51:49.36] /o Starting netlisting
[23:51:49.75] /o Formatting group8/2to4_decoder_tb/schematic
[23:51:49.81] /m Information: "group8 2to4_decoder_tb schematic" renetlisted. (NETLISTING-056)
[23:51:50.11] /m Information: "Netlisting design "group8/2to4_decoder_tb/schematic" finished successfully." (NETLISTING-012)
[23:51:50.22] /# Composing simulator input file for design "group8/2to4_decoder_tb/schematic"...
[23:51:56.25] /# Simulator input file composed successfully for design "group8/2to4_decoder_tb/schematic"
[23:51:56.51] /m Information: Save ouputs to /mnt/coe/workspace/ece/ece546-spr25/group8/group8_project/simulation/group8,2to4_decoder_tb,schematic/history_1/simulation/default/PrimeSimHSPICE/nominal/results/outputs.tcl for AVA evaluation.
[23:51:58.93] /o 
[23:52:00.91] /o                                          Composing Nominal                                         
[23:52:01.53] /o                             Launching jobs for testbench default started                            
[23:52:01.56] /# Starting PrimeSimHSPICE simulation for design: group8/2to4_decoder_tb/schematic
[23:52:01.69] /o                             Creating jobs for testbench default (0 / 1)                            
[23:52:01.80] /o                                Launching 1 jobs for testbench default                               
[23:52:02.43] /o                            Launching jobs for testbench default finished                           
[23:52:02.45] /o 
[23:52:04.67] /m Information: 1 of 2 testbench(es) done. (PW_GUI-714)
[23:52:05.22] /m Information: Job distribution master (saeSession0,default.Simulation_Simulation session:session1 testbench:default) : up to 1 job running workers.
[23:52:05.22] /o ==== Received Msg ====
              /c len=8 sourceSoc=sock4cb92e20 msgIndex=19 rawMsg=idleExit
[23:52:05.22] /o 
[23:52:41.75] /# Simulation completed successfully for design: group8/2to4_decoder_tb/schematic  (PW-651)
[23:52:41.91] /# Netlisting and simulation completed for testbench: default in 54s
[23:52:41.94] /# Evaluating and plotting outputs...
[23:52:50.46] /m Information: Jobs distribution master quit! (PW_GUI-822)
[23:52:51.59] /# Evaluating and plotting completed for testbench: default in 10s
[23:52:51.74] /m Information: 2 of 2 testbench(es) done. (PW_GUI-714)
[23:52:51.75] /m Information: Exiting simulation server process. (PW_GUI-984)
[23:52:55.38] /o Shutdown time: Tue Apr  1 23:52:55 2025
[23:52:55.38] /o Elapsed session real time: 5.8 minutes
[23:52:55.39] /o Session terminated. Log is at /mnt/coe/workspace/ece/ece546-spr25/group8/group8_project/synopsys_custom/logs/primewave.nbandeh.2025_4_1_234706_2160791.log
[23:52:55.43] /e Error: {}
