[21:17:48.82] /o 
              /c                          PrimeWave Design Environment 
              /c 
              /c                Version W-2024.09-SP1-2 for linux64 - Jan 15, 2025
              /c              Based on Custom Infrastructure
              /c Version W-2024.09-SP1-2
              /c 
              /c                     Copyright (c) 2004 - 2025 Synopsys, Inc.
              /c    This software and the associated documentation are proprietary to Synopsys,
              /c  Inc. This software may only be used in accordance with the terms and conditions
              /c  of a written license agreement with Synopsys, Inc. All other use, reproduction,
              /c    or distribution of this software is strictly prohibited.  Licensed Products
              /c      communicate with Synopsys servers for the purpose of providing software
              /c     updates, detecting software piracy and verifying that customers are using
              /c     Licensed Products in conformity with the applicable License Key for such
              /c   Licensed Products. Synopsys will use information gathered in connection with
              /c     this process to deliver software updates and pursue software pirates and
              /c                                    infringers.
              /c 
              /c  Inclusivity & Diversity - Visit SolvNetPlus to read the "Synopsys Statement on
              /c             Inclusivity and Diversity" (Refer to article 000036315 at
              /c                         https://solvnetplus.synopsys.com)
              /c 
              /c Build  (OPT) Config 11252589 compiled on Wed Jan 15 11:01:36 2025 for AlmaLinux 8.4
              /c Invocation: /mnt/apps/public/COE/synopsys_apps/primewave/W-2024.09-SP1-2/linux64/platform/bin/custom_shell -application primewave -gui 0 -uniqueString 424077b79e1069eec647c84b622085a76c7dd0c34ddd3fe0c1cb7792ad947542e01bb103422805780886ae5e20d8441e -python 0 -log pw_shell_session0_job5 -libDefFile /mnt/coe/workspace/ece/ece546-spr25/group8/group8_project/lib.defs
              /c Execution time: Mon Mar 31 21:17:43 2025
              /c Host: hydra12.ece.ncsu.edu
              /c Working directory: /mnt/coe/workspace/ece/ece546-spr25/group8/group8_project
              /c 
[21:17:57.49] /m Information: Registering ICV PERC package...
[21:17:58.25] /m Information: Feature 'SynopsysCustomSAE' checked out. (LICENSE-003)
[21:17:58.25] /i catch {source /tmp/copyScript81227}; ::sa::_backgroundSaeShell::signalProcessReady 1743470260 905346
[21:17:58.27] /o saeInterBGSaeShell:  ::sa::_backgroundSaeShell::processReady 18
[21:17:58.64] /o 
[21:19:23.12] /i ::wf::viewerExited
[21:19:26.62] /i ::wf::updateViewerLicense 2
[21:19:43.47] /i ::sa::_backgroundSaeShell::exit
[21:19:43.47] /o saeInterBGSaeShell:  ::sa::_backgroundSaeShell::childFormallyExiting
[21:19:46.52] /o Shutdown time: Mon Mar 31 21:19:46 2025
[21:19:46.52] /o Elapsed session real time: 2.03 minutes
[21:19:46.53] /o Session terminated. Log is at /mnt/coe/workspace/ece/ece546-spr25/group8/group8_project/synopsys_custom/logs/primewave.nbandeh.2025_3_31_211743_1046913.log
[21:19:46.55] /i ::wf::viewerExited
[21:19:46.56] /i ::wf::viewerExited
