[12:03:34.16] /o 
              /c                          PrimeWave Design Environment 
              /c 
              /c                Version W-2024.09-SP1-2 for linux64 - Jan 15, 2025
              /c              Based on Custom Infrastructure
              /c Version W-2024.09-SP1-2
              /c 
              /c                     Copyright (c) 2004 - 2025 Synopsys, Inc.
              /c    This software and the associated documentation are proprietary to Synopsys,
              /c  Inc. This software may only be used in accordance with the terms and conditions
              /c  of a written license agreement with Synopsys, Inc. All other use, reproduction,
              /c    or distribution of this software is strictly prohibited.  Licensed Products
              /c      communicate with Synopsys servers for the purpose of providing software
              /c     updates, detecting software piracy and verifying that customers are using
              /c     Licensed Products in conformity with the applicable License Key for such
              /c   Licensed Products. Synopsys will use information gathered in connection with
              /c     this process to deliver software updates and pursue software pirates and
              /c                                    infringers.
              /c 
              /c  Inclusivity & Diversity - Visit SolvNetPlus to read the "Synopsys Statement on
              /c             Inclusivity and Diversity" (Refer to article 000036315 at
              /c                         https://solvnetplus.synopsys.com)
              /c 
              /c Build  (OPT) Config 11252589 compiled on Wed Jan 15 11:01:36 2025 for AlmaLinux 8.4
              /c Invocation: /mnt/apps/public/COE/synopsys_apps/primewave/W-2024.09-SP1-2/linux64/platform/bin/custom_shell -application primewave -gui 0 -uniqueString 424077b79e1069ee0088e213408f56e1f03d3135d99f0755c1cb7792ad9475425e087bd0e0eb76641292ce132b0fe9a7 -python 0 -log pw_shell_session0_job8 -libDefFile /mnt/coe/workspace/ece/ece546-spr25/group8/group8_project/lib.defs
              /c Execution time: Tue Apr  8 12:03:28 2025
              /c Host: hydra11.ece.ncsu.edu
              /c Working directory: /mnt/coe/workspace/ece/ece546-spr25/group8/group8_project
              /c 
[12:03:46.70] /m Information: Registering ICV PERC package...
[12:03:47.68] /m Information: Feature 'SynopsysCustomSAE' checked out. (LICENSE-003)
[12:03:47.68] /i catch {source /tmp/copyScript1873}; ::sa::_backgroundSaeShell::signalProcessReady 1744128205 222124
[12:03:47.71] /o saeInterBGSaeShell:  ::sa::_backgroundSaeShell::processReady 22
[12:03:48.14] /o 
[12:06:44.13] /i ::sa::_backgroundSaeShell::exit
[12:06:44.13] /o saeInterBGSaeShell:  ::sa::_backgroundSaeShell::childFormallyExiting
[12:06:46.98] /o Shutdown time: Tue Apr  8 12:06:46 2025
[12:06:46.98] /o Elapsed session real time: 3.28 minutes
[12:06:46.98] /o Session terminated. Log is at /mnt/coe/workspace/ece/ece546-spr25/group8/group8_project/synopsys_custom/logs/primewave.hrajesh.2025_4_8_120328_248924.log
