[16:05:55.13] /o 
              /c                          PrimeWave Design Environment 
              /c 
              /c                Version W-2024.09-SP1-2 for linux64 - Jan 15, 2025
              /c              Based on Custom Infrastructure
              /c Version W-2024.09-SP1-2
              /c 
              /c                     Copyright (c) 2004 - 2025 Synopsys, Inc.
              /c    This software and the associated documentation are proprietary to Synopsys,
              /c  Inc. This software may only be used in accordance with the terms and conditions
              /c  of a written license agreement with Synopsys, Inc. All other use, reproduction,
              /c    or distribution of this software is strictly prohibited.  Licensed Products
              /c      communicate with Synopsys servers for the purpose of providing software
              /c     updates, detecting software piracy and verifying that customers are using
              /c     Licensed Products in conformity with the applicable License Key for such
              /c   Licensed Products. Synopsys will use information gathered in connection with
              /c     this process to deliver software updates and pursue software pirates and
              /c                                    infringers.
              /c 
              /c  Inclusivity & Diversity - Visit SolvNetPlus to read the "Synopsys Statement on
              /c             Inclusivity and Diversity" (Refer to article 000036315 at
              /c                         https://solvnetplus.synopsys.com)
              /c 
              /c Build  (OPT) Config 11252589 compiled on Wed Jan 15 11:01:36 2025 for AlmaLinux 8.4
              /c Invocation: /mnt/apps/public/COE/synopsys_apps/primewave/W-2024.09-SP1-2/linux64/platform/bin/custom_shell -application primewave -gui 0 -uniqueString 424077b79e1069eeacad11149867122e237d0ff9c53bf884c7744a297d993ece2e36d24aeefbecc06cb4eb416db1eeb8 -python 0 -command "source /mnt/coe/workspace/ece/ece546-spr25/group8/group8_project/synopsys_custom/sim_server/custom_compiler.svkolach/stb.group8.tb2025.schematic.session4/sim_server_init.tcl" -log /mnt/coe/workspace/ece/ece546-spr25/group8/group8_project/synopsys_custom/primewave_session4_sim_server_job1 -libDefFile /mnt/coe/workspace/ece/ece546-spr25/group8/group8_project/lib.defs
              /c Execution time: Sat Apr  5 16:05:52 2025
              /c Host: grendel46.ece.ncsu.edu
              /c Working directory: /mnt/coe/workspace/ece/ece546-spr25/group8/group8_project
              /c 
[16:06:05.45] /m Information: Registering ICV PERC package...
[16:06:06.47] /m Information: Feature 'SynopsysCustomSAE' checked out. (LICENSE-003)
[16:06:06.91] /o 
[16:06:06.97] /i source /mnt/coe/workspace/ece/ece546-spr25/group8/group8_project/synopsys_custom/sim_server/custom_compiler.svkolach/stb.group8.tb2025.schematic.session4/sim_server_init.tcl
[16:06:07.39] /o SimServer socket started on grendel46.ece.ncsu.edu:35375
[16:06:07.68] /m Information: Launching Waveform Viewer "cd /mnt/coe/workspace/ece/ece546-spr25/group8/group8_project/synopsys_custom/sim_server/custom_compiler.svkolach/stb.group8.tb2025.schematic.session4/logs &&  /mnt/apps/public/COE/synopsys_apps/primewave/W-2024.09-SP1-2/auxx/../linux64/swv/bin/swv  -bg_gui -k -cdesigner -ptype wv -spxkey /mnt/apps/public/COE/synopsys_apps/primewave/W-2024.09-SP1-2/auxx/waveform/sae.spxkey -spxrc /tmp/tmp_sae_spxrc_vwmvK5 -unique_string 424077b79e1069ee0e4b6a56373f2fac237d0ff9c53bf884c7744a297d993ece14d50a043ab99cd04d72ce3f6389a292483477cc00ff8832 -lic_type 2   -parent_cc_pid 4192578  > /mnt/coe/workspace/ece/ece546-spr25/group8/group8_project/synopsys_custom/sim_server/custom_compiler.svkolach/stb.group8.tb2025.schematic.session4/logs/viewer.log 2>&1"
[16:06:07.79] /o ==== Received Msg ====
              /c len=35 sourceSoc=sock45abf4d0 msgIndex=9 rawMsg=evalCmd ::wf::updateViewerLicense 2
[16:06:07.79] /o 
[16:06:07.81] /o ==== Received Msg ====
              /c len=35 sourceSoc=sock45abf4d0 msgIndex=10 rawMsg=evalCmd ::wf::updateViewerLicense 2
[16:06:07.81] /o 
[16:07:45.32] /o ==== Received Msg ====
              /c len=8 sourceSoc=sock45abf4d0 msgIndex=11 rawMsg=idleExit
[16:07:45.32] /o 
[16:07:45.35] /m Information: Exiting simulation server process. (PW_GUI-984)
[16:07:47.60] /o Shutdown time: Sat Apr  5 16:07:47 2025
[16:07:47.60] /o Elapsed session real time: 1.9 minutes
[16:07:47.60] /o Session terminated. Log is at /mnt/coe/workspace/ece/ece546-spr25/group8/group8_project/synopsys_custom/logs/primewave.svkolach.2025_4_5_160552_4192578.log
[16:07:47.63] /e Error: {}
