[09:41:47.71] /o 
              /c                          PrimeWave Design Environment 
              /c 
              /c                Version W-2024.09-SP1-2 for linux64 - Jan 15, 2025
              /c              Based on Custom Infrastructure
              /c Version W-2024.09-SP1-2
              /c 
              /c                     Copyright (c) 2004 - 2025 Synopsys, Inc.
              /c    This software and the associated documentation are proprietary to Synopsys,
              /c  Inc. This software may only be used in accordance with the terms and conditions
              /c  of a written license agreement with Synopsys, Inc. All other use, reproduction,
              /c    or distribution of this software is strictly prohibited.  Licensed Products
              /c      communicate with Synopsys servers for the purpose of providing software
              /c     updates, detecting software piracy and verifying that customers are using
              /c     Licensed Products in conformity with the applicable License Key for such
              /c   Licensed Products. Synopsys will use information gathered in connection with
              /c     this process to deliver software updates and pursue software pirates and
              /c                                    infringers.
              /c 
              /c  Inclusivity & Diversity - Visit SolvNetPlus to read the "Synopsys Statement on
              /c             Inclusivity and Diversity" (Refer to article 000036315 at
              /c                         https://solvnetplus.synopsys.com)
              /c 
              /c Build  (OPT) Config 11252589 compiled on Wed Jan 15 11:01:36 2025 for AlmaLinux 8.4
              /c Invocation: /mnt/apps/public/COE/synopsys_apps/primewave/W-2024.09-SP1-2/linux64/platform/bin/custom_shell -application primewave -gui 0 -uniqueString 424077b79e1069ee9f074479862a2487237d0ff9c53bf8841ca54e530ed029672ebc769abb176a49953779d10f087e89 -python 0 -command "source /mnt/coe/workspace/ece/ece546-spr25/group8/group8_project/synopsys_custom/sim_server/custom_compiler.hrajesh/stb.group8.memory_array_write_test.schematic.session0/sim_server_init.tcl" -log /mnt/coe/workspace/ece/ece546-spr25/group8/group8_project/synopsys_custom/primewave_session0_sim_server_job1 -libDefFile /mnt/coe/workspace/ece/ece546-spr25/group8/group8_project/lib.defs
              /c Execution time: Thu Apr  3 09:41:44 2025
              /c Host: grendel42.ece.ncsu.edu
              /c Working directory: /mnt/coe/workspace/ece/ece546-spr25/group8/group8_project
              /c 
[09:41:55.72] /m Information: Registering ICV PERC package...
[09:41:56.57] /m Information: Feature 'SynopsysCustomSAE' checked out. (LICENSE-003)
[09:41:56.72] /o 
[09:41:56.76] /i source /mnt/coe/workspace/ece/ece546-spr25/group8/group8_project/synopsys_custom/sim_server/custom_compiler.hrajesh/stb.group8.memory_array_write_test.schematic.session0/sim_server_init.tcl
[09:41:57.20] /o SimServer socket started on grendel42.ece.ncsu.edu:43029
[09:41:57.98] /m Information: Launching Waveform Viewer "cd /mnt/coe/workspace/ece/ece546-spr25/group8/group8_project/synopsys_custom/sim_server/custom_compiler.hrajesh/stb.group8.memory_array_write_test.schematic.session0/logs &&  /mnt/apps/public/COE/synopsys_apps/primewave/W-2024.09-SP1-2/auxx/../linux64/swv/bin/swv  -bg_gui -k -cdesigner -ptype wv -spxkey /mnt/apps/public/COE/synopsys_apps/primewave/W-2024.09-SP1-2/auxx/waveform/sae.spxkey -spxrc /tmp/tmp_sae_spxrc_DCq8Qb -unique_string 424077b79e1069eed9091894caa50363237d0ff9c53bf8841ca54e530ed0296714d50a043ab99cd010b7b66ccf41452ff61db0a64eb8e755 -lic_type 2   -parent_cc_pid 1550032  > /mnt/coe/workspace/ece/ece546-spr25/group8/group8_project/synopsys_custom/sim_server/custom_compiler.hrajesh/stb.group8.memory_array_write_test.schematic.session0/logs/viewer.log 2>&1"
[09:41:58.04] /o ==== Received Msg ====
              /c len=221 sourceSoc=sock4481a830 msgIndex=6 rawMsg=AppendTask /mnt/coe/workspace/ece/ece546-spr25/group8/group8_project/synopsys_custom/sim_server/custom_compiler.hrajesh/stb.group8.memory_array_write_test.schematic.session0/task0/sim_script0.tcl 0 saeSession0 1 overwrite
[09:41:58.04] /o 
[09:42:00.92] /m Information: "Starting incremental netlisting for design "group8/memory_array_write_test/schematic"..." (NETLISTING-010)
[09:42:01.02] /o Loading: Callback files...
[09:42:01.03] /o Loading: scripts/callbacks/callbacks.tcl
[09:42:01.03] /o 
              /c [INFO] : Loading display.drf from /mnt/designkits/ncsu/FreePDK3/syncust/NCSU_TechLib_FreePDK3
              /c 
              /c  if you wish to Load other display.drf, please set shell environment valiable "iPDK_load_display_NCSU_TechLib_FreePDK3" to value = 0
[09:42:01.03] /o 
[09:42:01.06] /w Warning: Could not set the value of preference xtDRCTool because it does not exist. (PREFERENCE-016)
[09:42:01.06] /w Warning: Could not set the value of preference xtDRCICVRunsetFile because it does not exist. (PREFERENCE-016)
[09:42:01.06] /w Warning: Could not set the value of preference xtDRCICVIncludePaths because it does not exist. (PREFERENCE-016)
[09:42:01.06] /w Warning: Could not set the value of preference xtDRCLayDBFormat because it does not exist. (PREFERENCE-016)
[09:42:01.06] /w Warning: Could not set the value of preference xtLVSTool because it does not exist. (PREFERENCE-016)
[09:42:01.06] /w Warning: Could not set the value of preference xtLVSICVRunsetFile because it does not exist. (PREFERENCE-016)
[09:42:01.06] /w Warning: Could not set the value of preference xtLVSICVIncludePaths because it does not exist. (PREFERENCE-016)
[09:42:01.06] /w Warning: Could not set the value of preference xtLVSLayDBFormat because it does not exist. (PREFERENCE-016)
[09:42:01.06] /w Warning: Could not set the value of preference xtLPELVSTool because it does not exist. (PREFERENCE-016)
[09:42:01.06] /w Warning: Could not set the value of preference xtLPETool because it does not exist. (PREFERENCE-016)
[09:42:01.06] /w Warning: Could not set the value of preference xtLPEOpenParasiticView because it does not exist. (PREFERENCE-016)
[09:42:01.06] /w Warning: Could not set the value of preference xtStarTcadGrdFile because it does not exist. (PREFERENCE-016)
[09:42:01.06] /w Warning: Could not set the value of preference xtLPEStarOADeviceMappingFile because it does not exist. (PREFERENCE-016)
[09:42:01.06] /w Warning: Could not set the value of preference xtStarOALayerMappingFile because it does not exist. (PREFERENCE-016)
[09:42:01.06] /o 	#######################################
[09:42:01.06] /o 	CC-PDK Library Name	: FreePDK3
[09:42:01.06] /o 	#######################################
[09:42:01.06] /o 
[09:42:01.15] /o Netlisting
[09:42:01.15] /o Creating output directories
[09:42:01.72] /o No Design Integrity rule violations found in "group8/memory_array_write_test/schematic"
[09:42:01.72] /o Scanning: group8/memory_array_write_test/schematic
[09:42:01.97] /o Scanning: group8/sram_6t/schematic
[09:42:02.14] /o Scanning: group8/static_row_decoder_3by8/schematic
[09:42:02.20] /o Scanning: group8/nand_i3/schematic
[09:42:02.26] /o Scanning: group8/inv/schematic
[09:42:02.36] /o Computing terminal lists
[09:42:02.36] /o Processing terminals of module group8/sram_6t/schematic
[09:42:02.38] /o Processing terminals of module group8/nand_i3/schematic
[09:42:02.39] /o Processing terminals of module group8/inv/schematic
[09:42:02.39] /o Processing terminals of module group8/static_row_decoder_3by8/schematic
[09:42:02.39] /o Processing terminals of module group8/memory_array_write_test/schematic
[09:42:02.40] /o Starting netlisting
[09:42:02.84] /o Formatting group8/memory_array_write_test/schematic
[09:42:02.89] /m Information: "group8 memory_array_write_test schematic" renetlisted. (NETLISTING-056)
[09:42:03.21] /m Information: "Netlisting design "group8/memory_array_write_test/schematic" finished successfully." (NETLISTING-012)
[09:42:03.33] /# Composing simulator input file for design "group8/memory_array_write_test/schematic"...
[09:42:05.44] /# Simulator input file composed successfully for design "group8/memory_array_write_test/schematic"
[09:42:05.68] /m Information: Save ouputs to /mnt/coe/workspace/ece/ece546-spr25/group8/group8_project/simulation/group8,memory_array_write_test,schematic/history_1/simulation/HSPICE_default/HSPICE/nominal/results/outputs.tcl for AVA evaluation.
[09:42:08.00] /o 
[09:42:09.94] /o                                          Composing Nominal                                         
[09:42:10.55] /o                         Launching jobs for testbench HSPICE_default started                        
[09:42:10.59] /# Starting PrimeSimHSPICE simulation for design: group8/memory_array_write_test/schematic
[09:42:10.72] /o                          Creating jobs for testbench HSPICE_default (0 / 1)                         
[09:42:10.83] /o                            Launching 1 jobs for testbench HSPICE_default                           
[09:42:17.73] /o                         Launching jobs for testbench HSPICE_default finished                        
[09:42:19.87] /m Information: 0 of 1 testbench(es) done. (PW_GUI-714)
[09:42:20.19] /m Information: Job distribution master (saeSession0,HSPICE_default.Simulation_Simulation session:session0 testbench:HSPICE_default) : up to 1 job running workers.
[09:43:01.12] /# Simulation completed successfully for design: group8/memory_array_write_test/schematic  (PW-651)
[09:43:01.29] /# Netlisting and simulation completed for testbench: HSPICE_default in 61s
[09:43:01.31] /# Evaluating and plotting outputs...
[09:43:07.01] /m Information: Jobs distribution master quit! (PW_GUI-822)
[09:43:07.91] /# Evaluating and plotting completed for testbench: HSPICE_default in 6s
[09:43:08.01] /m Information: 1 of 1 testbench(es) done. (PW_GUI-714)
[09:46:41.73] /o ==== Received Msg ====
              /c len=8 sourceSoc=sock4481a830 msgIndex=10 rawMsg=idleExit
[09:46:41.73] /o 
[09:46:41.76] /m Information: Exiting simulation server process. (PW_GUI-984)
[09:46:44.05] /e Error: Error happens when creating .sae.spxrc
[09:46:44.06] /o Shutdown time: Thu Apr  3 09:46:44 2025
[09:46:44.06] /o Elapsed session real time: 4.96 minutes
[09:46:44.06] /o Session terminated. Log is at /mnt/coe/workspace/ece/ece546-spr25/group8/group8_project/synopsys_custom/logs/primewave.hrajesh.2025_4_3_094144_1550032.log
[09:46:44.09] /e Error: {}
