[22:45:40.53] /o 
              /c                          PrimeWave Design Environment 
              /c 
              /c                Version W-2024.09-SP1-2 for linux64 - Jan 15, 2025
              /c              Based on Custom Infrastructure
              /c Version W-2024.09-SP1-2
              /c 
              /c                     Copyright (c) 2004 - 2025 Synopsys, Inc.
              /c    This software and the associated documentation are proprietary to Synopsys,
              /c  Inc. This software may only be used in accordance with the terms and conditions
              /c  of a written license agreement with Synopsys, Inc. All other use, reproduction,
              /c    or distribution of this software is strictly prohibited.  Licensed Products
              /c      communicate with Synopsys servers for the purpose of providing software
              /c     updates, detecting software piracy and verifying that customers are using
              /c     Licensed Products in conformity with the applicable License Key for such
              /c   Licensed Products. Synopsys will use information gathered in connection with
              /c     this process to deliver software updates and pursue software pirates and
              /c                                    infringers.
              /c 
              /c  Inclusivity & Diversity - Visit SolvNetPlus to read the "Synopsys Statement on
              /c             Inclusivity and Diversity" (Refer to article 000036315 at
              /c                         https://solvnetplus.synopsys.com)
              /c 
              /c Build  (OPT) Config 11252589 compiled on Wed Jan 15 11:01:36 2025 for AlmaLinux 8.4
              /c Invocation: /mnt/apps/public/COE/synopsys_apps/primewave/W-2024.09-SP1-2/linux64/platform/bin/custom_shell -application primewave -gui 0 -uniqueString 424077b79e1069ee4b51458a3ed88f4812133a5cb105ecfd8dd83fb0058eea4a2c6cb793c94d0e470ac4f101140d444e -python 0 -log pw_shell_session1_job2 -libDefFile /mnt/coe/workspace/ece/ece546-spr25/group8/group8_project/lib.defs
              /c Execution time: Tue Apr 15 22:45:39 2025
              /c Host: greenarrow.ece.ncsu.edu
              /c Working directory: /mnt/coe/workspace/ece/ece546-spr25/group8/group8_project
              /c 
[22:45:44.60] /m Information: Registering ICV PERC package...
[22:45:45.17] /m Information: Feature 'SynopsysCustomSAE' checked out. (LICENSE-003)
[22:45:45.17] /i catch {source /tmp/copyScript44541}; ::sa::_backgroundSaeShell::signalProcessReady 1744771537 35672
[22:45:45.18] /o saeInterBGSaeShell:  ::sa::_backgroundSaeShell::processReady 8
[22:45:45.23] /o 
[22:46:13.04] /o signal number = 15
              /c Information: Received "Terminate" signal. Sending  PID: 89231 UID: 442036 Process name: "/mnt/apps/public/COE/synopsys_apps/customcompiler/W-2024.09-SP1-2/linux64/platform/bin/ipc_wrapper". Process is terminated.
[22:46:13.05] /e Error: The application was unexpectedly terminated.
              /c See the session log file for recovery details. (SHUT_DOWN-001)
