[08:44:11.97] /o 
              /c                          PrimeWave Design Environment 
              /c 
              /c                Version W-2024.09-SP1-2 for linux64 - Jan 15, 2025
              /c              Based on Custom Infrastructure
              /c Version W-2024.09-SP1-2
              /c 
              /c                     Copyright (c) 2004 - 2025 Synopsys, Inc.
              /c    This software and the associated documentation are proprietary to Synopsys,
              /c  Inc. This software may only be used in accordance with the terms and conditions
              /c  of a written license agreement with Synopsys, Inc. All other use, reproduction,
              /c    or distribution of this software is strictly prohibited.  Licensed Products
              /c      communicate with Synopsys servers for the purpose of providing software
              /c     updates, detecting software piracy and verifying that customers are using
              /c     Licensed Products in conformity with the applicable License Key for such
              /c   Licensed Products. Synopsys will use information gathered in connection with
              /c     this process to deliver software updates and pursue software pirates and
              /c                                    infringers.
              /c 
              /c  Inclusivity & Diversity - Visit SolvNetPlus to read the "Synopsys Statement on
              /c             Inclusivity and Diversity" (Refer to article 000036315 at
              /c                         https://solvnetplus.synopsys.com)
              /c 
              /c Build  (OPT) Config 11252589 compiled on Wed Jan 15 11:01:36 2025 for AlmaLinux 8.4
              /c Invocation: /mnt/apps/public/COE/synopsys_apps/primewave/W-2024.09-SP1-2/linux64/platform/bin/custom_shell -application primewave -gui 0 -uniqueString 424077b79e1069eeef493fcc6eb9b54b237d0ff9c53bf8841ca54e530ed029672a5ef1dfdc490dbb47c3fa762b35a520 -python 0 -log pw_shell_session0_job1 -libDefFile /mnt/coe/workspace/ece/ece546-spr25/group8/group8_project/lib.defs
              /c Execution time: Thu Apr  3 08:44:08 2025
              /c Host: grendel42.ece.ncsu.edu
              /c Working directory: /mnt/coe/workspace/ece/ece546-spr25/group8/group8_project
              /c 
[08:44:20.02] /m Information: Registering ICV PERC package...
[08:44:20.94] /m Information: Feature 'SynopsysCustomSAE' checked out. (LICENSE-003)
[08:44:20.94] /i catch {source /tmp/copyScript53134}; ::sa::_backgroundSaeShell::signalProcessReady 1743684246 1008052
[08:44:20.95] /o saeInterBGSaeShell:  ::sa::_backgroundSaeShell::processReady 14
[08:44:21.22] /o 
[08:44:21.22] /i ::wf::updateViewerLicense 2
[08:44:21.23] /i ::wf::updateViewerLicense 2
[08:45:26.83] /i ::sa::_backgroundSaeShell::runScript /mnt/coe/workspace/ece/ece546-spr25/group8/group8_project/simulation/group8,memory_array_write_test,schematic/history_1/simulation/HSPICE_default/HSPICE/nominal/.bg_measurement_script.tcl 0 sa::_resultsDatabase::saeShellProcessingCompletedProc testSuiteName saeSession0 uniqueSessionName {} testbenchName HSPICE_default resultsDir /mnt/coe/workspace/ece/ece546-spr25/group8/group8_project/simulation/group8,memory_array_write_test,schematic/history_1/simulation/HSPICE_default/HSPICE/nominal/results testSuiteDir /mnt/coe/workspace/ece/ece546-spr25/group8/group8_project/simulation/group8,memory_array_write_test,schematic/history_1/simulation/HSPICE_default/HSPICE/nominal databaseName /mnt/coe/workspace/ece/ece546-spr25/group8/group8_project/simulation/group8,memory_array_write_test,schematic/history_1/simulation/HSPICE_default/HSPICE/nominal/resultsDatabase remoteRun {} testbenchId 1 saveImages true invokeFrom SIM_DONE
[08:45:28.14] /m Information: Loading preferences from /mnt/coe/workspace/ece/ece546-spr25/group8/group8_project/simulation/group8,memory_array_write_test,schematic/history_1/simulation/HSPICE_default/HSPICE/nominal/pw_shell_session_prefs.xml
[08:45:28.36] /o Loading: Callback files...
[08:45:28.37] /o Loading: scripts/callbacks/callbacks.tcl
[08:45:28.37] /o 
              /c [INFO] : Loading display.drf from /mnt/designkits/ncsu/FreePDK3/syncust/NCSU_TechLib_FreePDK3
              /c 
              /c  if you wish to Load other display.drf, please set shell environment valiable "iPDK_load_display_NCSU_TechLib_FreePDK3" to value = 0
[08:45:28.37] /o 
[08:45:28.40] /w Warning: Could not set the value of preference xtDRCTool because it does not exist. (PREFERENCE-016)
[08:45:28.40] /w Warning: Could not set the value of preference xtDRCICVRunsetFile because it does not exist. (PREFERENCE-016)
[08:45:28.40] /w Warning: Could not set the value of preference xtDRCICVIncludePaths because it does not exist. (PREFERENCE-016)
[08:45:28.40] /w Warning: Could not set the value of preference xtDRCLayDBFormat because it does not exist. (PREFERENCE-016)
[08:45:28.40] /w Warning: Could not set the value of preference xtLVSTool because it does not exist. (PREFERENCE-016)
[08:45:28.40] /w Warning: Could not set the value of preference xtLVSICVRunsetFile because it does not exist. (PREFERENCE-016)
[08:45:28.40] /w Warning: Could not set the value of preference xtLVSICVIncludePaths because it does not exist. (PREFERENCE-016)
[08:45:28.40] /w Warning: Could not set the value of preference xtLVSLayDBFormat because it does not exist. (PREFERENCE-016)
[08:45:28.40] /w Warning: Could not set the value of preference xtLPELVSTool because it does not exist. (PREFERENCE-016)
[08:45:28.40] /w Warning: Could not set the value of preference xtLPETool because it does not exist. (PREFERENCE-016)
[08:45:28.40] /w Warning: Could not set the value of preference xtLPEOpenParasiticView because it does not exist. (PREFERENCE-016)
[08:45:28.40] /w Warning: Could not set the value of preference xtStarTcadGrdFile because it does not exist. (PREFERENCE-016)
[08:45:28.40] /w Warning: Could not set the value of preference xtLPEStarOADeviceMappingFile because it does not exist. (PREFERENCE-016)
[08:45:28.40] /w Warning: Could not set the value of preference xtStarOALayerMappingFile because it does not exist. (PREFERENCE-016)
[08:45:28.40] /o 	#######################################
[08:45:28.40] /o 	CC-PDK Library Name	: FreePDK3
[08:45:28.40] /o 	#######################################
[08:45:28.40] /o 
[08:45:28.81] /m Information: Start incremental database creation...
[08:45:28.89] /m Information: Create Iter role param id map
[08:45:29.27] /o saeInterBGSaeShell:  ::sa::_backgroundSaeShell::scriptFinished 2.4 {} sa::_resultsDatabase::saeShellProcessingCompletedProc testSuiteName saeSession0 uniqueSessionName {} testbenchName HSPICE_default resultsDir /mnt/coe/workspace/ece/ece546-spr25/group8/group8_project/simulation/group8,memory_array_write_test,schematic/history_1/simulation/HSPICE_default/HSPICE/nominal/results testSuiteDir /mnt/coe/workspace/ece/ece546-spr25/group8/group8_project/simulation/group8,memory_array_write_test,schematic/history_1/simulation/HSPICE_default/HSPICE/nominal databaseName /mnt/coe/workspace/ece/ece546-spr25/group8/group8_project/simulation/group8,memory_array_write_test,schematic/history_1/simulation/HSPICE_default/HSPICE/nominal/resultsDatabase remoteRun {} testbenchId 1 saveImages true invokeFrom SIM_DONE
[08:45:29.27] /o false
[08:47:53.95] /i ::wf::viewerExited
[08:47:57.33] /i ::wf::updateViewerLicense 2
[08:49:09.71] /i ::sa::_backgroundSaeShell::exit
[08:49:09.71] /o saeInterBGSaeShell:  ::sa::_backgroundSaeShell::childFormallyExiting
[08:49:11.84] /o Shutdown time: Thu Apr  3 08:49:11 2025
[08:49:11.84] /o Elapsed session real time: 5.03 minutes
[08:49:11.84] /o Session terminated. Log is at /mnt/coe/workspace/ece/ece546-spr25/group8/group8_project/synopsys_custom/logs/primewave.hrajesh.2025_4_3_084408_1010039.log
