[10:25:36.78] /o 
              /c                          PrimeWave Design Environment 
              /c 
              /c                Version W-2024.09-SP1-2 for linux64 - Jan 15, 2025
              /c              Based on Custom Infrastructure
              /c Version W-2024.09-SP1-2
              /c 
              /c                     Copyright (c) 2004 - 2025 Synopsys, Inc.
              /c    This software and the associated documentation are proprietary to Synopsys,
              /c  Inc. This software may only be used in accordance with the terms and conditions
              /c  of a written license agreement with Synopsys, Inc. All other use, reproduction,
              /c    or distribution of this software is strictly prohibited.  Licensed Products
              /c      communicate with Synopsys servers for the purpose of providing software
              /c     updates, detecting software piracy and verifying that customers are using
              /c     Licensed Products in conformity with the applicable License Key for such
              /c   Licensed Products. Synopsys will use information gathered in connection with
              /c     this process to deliver software updates and pursue software pirates and
              /c                                    infringers.
              /c 
              /c  Inclusivity & Diversity - Visit SolvNetPlus to read the "Synopsys Statement on
              /c             Inclusivity and Diversity" (Refer to article 000036315 at
              /c                         https://solvnetplus.synopsys.com)
              /c 
              /c Build  (OPT) Config 11252589 compiled on Wed Jan 15 11:01:36 2025 for AlmaLinux 8.4
              /c Invocation: /mnt/apps/public/COE/synopsys_apps/primewave/W-2024.09-SP1-2/linux64/platform/bin/custom_shell -application primewave -gui 0 -uniqueString 424077b79e1069eebd9e9cb6c2fc6f76f03d3135d99f0755c1cb7792ad9475420aa8402141423d53dfcf52b231665276 -python 0 -log pw_shell_session0_job4 -libDefFile /mnt/coe/workspace/ece/ece546-spr25/group8/group8_project/lib.defs
              /c Execution time: Thu Apr  3 10:25:31 2025
              /c Host: hydra11.ece.ncsu.edu
              /c Working directory: /mnt/coe/workspace/ece/ece546-spr25/group8/group8_project
              /c 
[10:25:49.16] /m Information: Registering ICV PERC package...
[10:25:50.08] /m Information: Feature 'SynopsysCustomSAE' checked out. (LICENSE-003)
[10:25:50.08] /i catch {source /tmp/copyScript54210}; ::sa::_backgroundSaeShell::signalProcessReady 1743690328 704855
[10:25:50.10] /o saeInterBGSaeShell:  ::sa::_backgroundSaeShell::processReady 22
[10:25:50.15] /o 
[10:26:43.14] /i ::sa::_backgroundSaeShell::exit
[10:26:43.14] /o saeInterBGSaeShell:  ::sa::_backgroundSaeShell::childFormallyExiting
[10:26:46.04] /o Shutdown time: Thu Apr  3 10:26:46 2025
[10:26:46.04] /o Elapsed session real time: 1.21 minutes
[10:26:46.04] /o Session terminated. Log is at /mnt/coe/workspace/ece/ece546-spr25/group8/group8_project/synopsys_custom/logs/primewave.hrajesh.2025_4_3_102531_751786.log
