[14:29:23.36] /o 
              /c                          PrimeWave Design Environment 
              /c 
              /c                Version W-2024.09-SP1-2 for linux64 - Jan 15, 2025
              /c              Based on Custom Infrastructure
              /c Version W-2024.09-SP1-2
              /c 
              /c                     Copyright (c) 2004 - 2025 Synopsys, Inc.
              /c    This software and the associated documentation are proprietary to Synopsys,
              /c  Inc. This software may only be used in accordance with the terms and conditions
              /c  of a written license agreement with Synopsys, Inc. All other use, reproduction,
              /c    or distribution of this software is strictly prohibited.  Licensed Products
              /c      communicate with Synopsys servers for the purpose of providing software
              /c     updates, detecting software piracy and verifying that customers are using
              /c     Licensed Products in conformity with the applicable License Key for such
              /c   Licensed Products. Synopsys will use information gathered in connection with
              /c     this process to deliver software updates and pursue software pirates and
              /c                                    infringers.
              /c 
              /c  Inclusivity & Diversity - Visit SolvNetPlus to read the "Synopsys Statement on
              /c             Inclusivity and Diversity" (Refer to article 000036315 at
              /c                         https://solvnetplus.synopsys.com)
              /c 
              /c Build  (OPT) Config 11252589 compiled on Wed Jan 15 11:01:36 2025 for AlmaLinux 8.4
              /c Invocation: /mnt/apps/public/COE/synopsys_apps/primewave/W-2024.09-SP1-2/linux64/platform/bin/custom_shell -application primewave -gui 0 -uniqueString 424077b79e1069ee117170d893055bfebd7412d89786468bf93a5ef511cc936b2c20f45fab7ca44ae8fd365d1b52d4e7 -python 0 -log pw_shell_session0_job1 -libDefFile /mnt/coe/workspace/ece/ece546-spr25/group8/group8_project/lib.defs
              /c Execution time: Sun Apr 13 14:29:16 2025
              /c Host: payback.ece.ncsu.edu
              /c Working directory: /mnt/coe/workspace/ece/ece546-spr25/group8/group8_project
              /c 
[14:29:29.82] /m Information: Registering ICV PERC package...
[14:29:30.54] /m Information: Feature 'SynopsysCustomSAE' checked out. (LICENSE-003)
[14:29:30.54] /i catch {source /tmp/copyScript35667}; ::sa::_backgroundSaeShell::signalProcessReady 1744568942 23301
[14:29:30.56] /o saeInterBGSaeShell:  ::sa::_backgroundSaeShell::processReady 28
[14:29:31.10] /o 
[14:29:31.10] /i ::wf::updateViewerLicense 2
[14:29:31.14] /i ::wf::updateViewerLicense 2
[14:34:06.57] /i ::sa::_backgroundSaeShell::exit
[14:34:06.57] /o saeInterBGSaeShell:  ::sa::_backgroundSaeShell::childFormallyExiting
[14:34:07.35] /o Shutdown time: Sun Apr 13 14:34:07 2025
[14:34:07.35] /o Elapsed session real time: 4.8 minutes
[14:34:07.35] /o Session terminated. Log is at /mnt/coe/workspace/ece/ece546-spr25/group8/group8_project/synopsys_custom/logs/primewave.hrajesh.2025_4_13_142916_44134.log
