[11:25:53.24] /o 
              /c                          PrimeWave Design Environment 
              /c 
              /c                Version W-2024.09-SP1-2 for linux64 - Jan 15, 2025
              /c              Based on Custom Infrastructure
              /c Version W-2024.09-SP1-2
              /c 
              /c                     Copyright (c) 2004 - 2025 Synopsys, Inc.
              /c    This software and the associated documentation are proprietary to Synopsys,
              /c  Inc. This software may only be used in accordance with the terms and conditions
              /c  of a written license agreement with Synopsys, Inc. All other use, reproduction,
              /c    or distribution of this software is strictly prohibited.  Licensed Products
              /c      communicate with Synopsys servers for the purpose of providing software
              /c     updates, detecting software piracy and verifying that customers are using
              /c     Licensed Products in conformity with the applicable License Key for such
              /c   Licensed Products. Synopsys will use information gathered in connection with
              /c     this process to deliver software updates and pursue software pirates and
              /c                                    infringers.
              /c 
              /c  Inclusivity & Diversity - Visit SolvNetPlus to read the "Synopsys Statement on
              /c             Inclusivity and Diversity" (Refer to article 000036315 at
              /c                         https://solvnetplus.synopsys.com)
              /c 
              /c Build  (OPT) Config 11252589 compiled on Wed Jan 15 11:01:36 2025 for AlmaLinux 8.4
              /c Invocation: /mnt/apps/public/COE/synopsys_apps/primewave/W-2024.09-SP1-2/linux64/platform/bin/custom_shell -application primewave -gui 0 -uniqueString 424077b79e1069eec9c0fa9fcb9fea2f9b5804bf5a3160b21ca54e530ed02967593a79a989d41fc991511d41a415d9f9 -python 0 -log pw_shell_session0_job6 -libDefFile /mnt/coe/workspace/ece/ece546-spr25/group8/group8_project/lib.defs
              /c Execution time: Thu Apr  3 11:25:49 2025
              /c Host: grendel32.ece.ncsu.edu
              /c Working directory: /mnt/coe/workspace/ece/ece546-spr25/group8/group8_project
              /c 
[11:26:00.07] /m Information: Registering ICV PERC package...
[11:26:00.75] /m Information: Feature 'SynopsysCustomSAE' checked out. (LICENSE-003)
[11:26:00.75] /i catch {source /tmp/copyScript73813}; ::sa::_backgroundSaeShell::signalProcessReady 1743693947 3927528
[11:26:00.76] /o saeInterBGSaeShell:  ::sa::_backgroundSaeShell::processReady 13
[11:26:01.28] /o 
[11:29:28.28] /i ::sa::_backgroundSaeShell::exit
[11:29:28.28] /o saeInterBGSaeShell:  ::sa::_backgroundSaeShell::childFormallyExiting
[11:29:30.44] /o Shutdown time: Thu Apr  3 11:29:30 2025
[11:29:30.44] /o Elapsed session real time: 3.66 minutes
[11:29:30.45] /o Session terminated. Log is at /mnt/coe/workspace/ece/ece546-spr25/group8/group8_project/synopsys_custom/logs/primewave.svkolach.2025_4_3_112549_3945856.log
