[15:11:10.53] /o 
              /c                          PrimeWave Design Environment 
              /c 
              /c                Version W-2024.09-SP1-2 for linux64 - Jan 15, 2025
              /c              Based on Custom Infrastructure
              /c Version W-2024.09-SP1-2
              /c 
              /c                     Copyright (c) 2004 - 2025 Synopsys, Inc.
              /c    This software and the associated documentation are proprietary to Synopsys,
              /c  Inc. This software may only be used in accordance with the terms and conditions
              /c  of a written license agreement with Synopsys, Inc. All other use, reproduction,
              /c    or distribution of this software is strictly prohibited.  Licensed Products
              /c      communicate with Synopsys servers for the purpose of providing software
              /c     updates, detecting software piracy and verifying that customers are using
              /c     Licensed Products in conformity with the applicable License Key for such
              /c   Licensed Products. Synopsys will use information gathered in connection with
              /c     this process to deliver software updates and pursue software pirates and
              /c                                    infringers.
              /c 
              /c  Inclusivity & Diversity - Visit SolvNetPlus to read the "Synopsys Statement on
              /c             Inclusivity and Diversity" (Refer to article 000036315 at
              /c                         https://solvnetplus.synopsys.com)
              /c 
              /c Build  (OPT) Config 11252589 compiled on Wed Jan 15 11:01:36 2025 for AlmaLinux 8.4
              /c Invocation: /mnt/apps/public/COE/synopsys_apps/primewave/W-2024.09-SP1-2/linux64/platform/bin/custom_shell -application primewave -gui 0 -uniqueString 424077b79e1069ee2b5c7bf3b1d4e37ba6637bf26a454d71c1cb7792ad9475424d0edd5c65a9f4bad7bcbac861e565f3 -python 0 -log pw_shell_session1_job1 -libDefFile /mnt/coe/workspace/ece/ece546-spr25/group8/group8_project/lib.defs
              /c Execution time: Tue Apr  8 15:11:04 2025
              /c Host: hydra13.ece.ncsu.edu
              /c Working directory: /mnt/coe/workspace/ece/ece546-spr25/group8/group8_project
              /c 
[15:11:28.69] /m Information: Registering ICV PERC package...
[15:11:29.54] /m Information: Feature 'SynopsysCustomSAE' checked out. (LICENSE-003)
[15:11:29.55] /i catch {source /tmp/copyScript10299}; ::sa::_backgroundSaeShell::signalProcessReady 1744139461 708452
[15:11:29.58] /o saeInterBGSaeShell:  ::sa::_backgroundSaeShell::processReady 28
[15:11:30.09] /o 
[15:11:30.09] /i ::wf::updateViewerLicense 2
[15:11:30.17] /i ::wf::updateViewerLicense 2
[15:13:32.69] /i ::sa::_backgroundSaeShell::runScript /mnt/coe/workspace/ece/ece546-spr25/group8/group8_project/simulation/group8,memory_array_tb,schematic/history_1/simulation/HSPICE_default/HSPICE/nominal/.bg_measurement_script.tcl 0 sa::_resultsDatabase::saeShellProcessingCompletedProc testSuiteName saeSession1 uniqueSessionName {} testbenchName HSPICE_default resultsDir /mnt/coe/workspace/ece/ece546-spr25/group8/group8_project/simulation/group8,memory_array_tb,schematic/history_1/simulation/HSPICE_default/HSPICE/nominal/results testSuiteDir /mnt/coe/workspace/ece/ece546-spr25/group8/group8_project/simulation/group8,memory_array_tb,schematic/history_1/simulation/HSPICE_default/HSPICE/nominal databaseName /mnt/coe/workspace/ece/ece546-spr25/group8/group8_project/simulation/group8,memory_array_tb,schematic/history_1/simulation/HSPICE_default/HSPICE/nominal/resultsDatabase remoteRun {} testbenchId 1 saveImages true invokeFrom SIM_DONE
[15:13:34.68] /m Information: Loading preferences from /mnt/coe/workspace/ece/ece546-spr25/group8/group8_project/simulation/group8,memory_array_tb,schematic/history_1/simulation/HSPICE_default/HSPICE/nominal/pw_shell_session_prefs.xml
[15:13:34.99] /o Loading: Callback files...
[15:13:35.01] /o Loading: scripts/callbacks/callbacks.tcl
[15:13:35.01] /o 
              /c [INFO] : Loading display.drf from /mnt/designkits/ncsu/FreePDK3/syncust/NCSU_TechLib_FreePDK3
              /c 
              /c  if you wish to Load other display.drf, please set shell environment valiable "iPDK_load_display_NCSU_TechLib_FreePDK3" to value = 0
[15:13:35.01] /o 
[15:13:35.06] /w Warning: Could not set the value of preference xtDRCTool because it does not exist. (PREFERENCE-016)
[15:13:35.06] /w Warning: Could not set the value of preference xtDRCICVRunsetFile because it does not exist. (PREFERENCE-016)
[15:13:35.06] /w Warning: Could not set the value of preference xtDRCICVIncludePaths because it does not exist. (PREFERENCE-016)
[15:13:35.06] /w Warning: Could not set the value of preference xtDRCLayDBFormat because it does not exist. (PREFERENCE-016)
[15:13:35.06] /w Warning: Could not set the value of preference xtLVSTool because it does not exist. (PREFERENCE-016)
[15:13:35.06] /w Warning: Could not set the value of preference xtLVSICVRunsetFile because it does not exist. (PREFERENCE-016)
[15:13:35.06] /w Warning: Could not set the value of preference xtLVSICVIncludePaths because it does not exist. (PREFERENCE-016)
[15:13:35.06] /w Warning: Could not set the value of preference xtLVSLayDBFormat because it does not exist. (PREFERENCE-016)
[15:13:35.06] /w Warning: Could not set the value of preference xtLPELVSTool because it does not exist. (PREFERENCE-016)
[15:13:35.06] /w Warning: Could not set the value of preference xtLPETool because it does not exist. (PREFERENCE-016)
[15:13:35.06] /w Warning: Could not set the value of preference xtLPEOpenParasiticView because it does not exist. (PREFERENCE-016)
[15:13:35.07] /w Warning: Could not set the value of preference xtStarTcadGrdFile because it does not exist. (PREFERENCE-016)
[15:13:35.07] /w Warning: Could not set the value of preference xtLPEStarOADeviceMappingFile because it does not exist. (PREFERENCE-016)
[15:13:35.07] /w Warning: Could not set the value of preference xtStarOALayerMappingFile because it does not exist. (PREFERENCE-016)
[15:13:35.07] /o 	#######################################
[15:13:35.07] /o 	CC-PDK Library Name	: FreePDK3
[15:13:35.07] /o 	#######################################
[15:13:35.07] /o 
[15:13:35.55] /m Information: Start incremental database creation...
[15:13:35.73] /m Information: Create Iter role param id map
[15:13:37.67] /o saeInterBGSaeShell:  ::sa::_backgroundSaeShell::scriptFinished 4.9 {} sa::_resultsDatabase::saeShellProcessingCompletedProc testSuiteName saeSession1 uniqueSessionName {} testbenchName HSPICE_default resultsDir /mnt/coe/workspace/ece/ece546-spr25/group8/group8_project/simulation/group8,memory_array_tb,schematic/history_1/simulation/HSPICE_default/HSPICE/nominal/results testSuiteDir /mnt/coe/workspace/ece/ece546-spr25/group8/group8_project/simulation/group8,memory_array_tb,schematic/history_1/simulation/HSPICE_default/HSPICE/nominal databaseName /mnt/coe/workspace/ece/ece546-spr25/group8/group8_project/simulation/group8,memory_array_tb,schematic/history_1/simulation/HSPICE_default/HSPICE/nominal/resultsDatabase remoteRun {} testbenchId 1 saveImages true invokeFrom SIM_DONE
[15:13:37.67] /o false
[15:16:03.07] /i ::sa::_backgroundSaeShell::exit
[15:16:03.08] /o saeInterBGSaeShell:  ::sa::_backgroundSaeShell::childFormallyExiting
[15:16:06.48] /o Shutdown time: Tue Apr  8 15:16:06 2025
[15:16:06.48] /o Elapsed session real time: 5 minutes
[15:16:06.48] /o Session terminated. Log is at /mnt/coe/workspace/ece/ece546-spr25/group8/group8_project/synopsys_custom/logs/primewave.hrajesh.2025_4_8_151104_715177.log
