[10:57:17.50] /o 
              /c                          PrimeWave Design Environment 
              /c 
              /c                Version W-2024.09-SP1-2 for linux64 - Jan 15, 2025
              /c              Based on Custom Infrastructure
              /c Version W-2024.09-SP1-2
              /c 
              /c                     Copyright (c) 2004 - 2025 Synopsys, Inc.
              /c    This software and the associated documentation are proprietary to Synopsys,
              /c  Inc. This software may only be used in accordance with the terms and conditions
              /c  of a written license agreement with Synopsys, Inc. All other use, reproduction,
              /c    or distribution of this software is strictly prohibited.  Licensed Products
              /c      communicate with Synopsys servers for the purpose of providing software
              /c     updates, detecting software piracy and verifying that customers are using
              /c     Licensed Products in conformity with the applicable License Key for such
              /c   Licensed Products. Synopsys will use information gathered in connection with
              /c     this process to deliver software updates and pursue software pirates and
              /c                                    infringers.
              /c 
              /c  Inclusivity & Diversity - Visit SolvNetPlus to read the "Synopsys Statement on
              /c             Inclusivity and Diversity" (Refer to article 000036315 at
              /c                         https://solvnetplus.synopsys.com)
              /c 
              /c Build  (OPT) Config 11252589 compiled on Wed Jan 15 11:01:36 2025 for AlmaLinux 8.4
              /c Invocation: /mnt/apps/public/COE/synopsys_apps/primewave/W-2024.09-SP1-2/linux64/platform/bin/custom_shell -application primewave -gui 0 -uniqueString 424077b79e1069ee621325246ee3e966f03d3135d99f0755c1cb7792ad94754261f3124b7bafd07484a5cb98ca4c21fe -python 0 -command "source /mnt/coe/workspace/ece/ece546-spr25/group8/group8_project/synopsys_custom/sim_server/custom_compiler.hrajesh/stb.group8.2to4decodermux_tb.schematic.session0/sim_server_init.tcl" -log /mnt/coe/workspace/ece/ece546-spr25/group8/group8_project/synopsys_custom/primewave_session0_sim_server_job1 -libDefFile /mnt/coe/workspace/ece/ece546-spr25/group8/group8_project/lib.defs
              /c Execution time: Tue Apr  8 10:57:11 2025
              /c Host: hydra11.ece.ncsu.edu
              /c Working directory: /mnt/coe/workspace/ece/ece546-spr25/group8/group8_project
              /c 
[10:57:30.18] /m Information: Registering ICV PERC package...
[10:57:31.10] /m Information: Feature 'SynopsysCustomSAE' checked out. (LICENSE-003)
[10:57:31.13] /o 
[10:57:31.14] /i source /mnt/coe/workspace/ece/ece546-spr25/group8/group8_project/synopsys_custom/sim_server/custom_compiler.hrajesh/stb.group8.2to4decodermux_tb.schematic.session0/sim_server_init.tcl
[10:57:32.25] /o SimServer socket started on hydra11.ece.ncsu.edu:33781
[10:57:32.58] /m Information: Launching Waveform Viewer "cd /mnt/coe/workspace/ece/ece546-spr25/group8/group8_project/synopsys_custom/sim_server/custom_compiler.hrajesh/stb.group8.2to4decodermux_tb.schematic.session0/logs &&  /mnt/apps/public/COE/synopsys_apps/primewave/W-2024.09-SP1-2/auxx/../linux64/swv/bin/swv  -bg_gui -k -cdesigner -ptype wv -spxkey /mnt/apps/public/COE/synopsys_apps/primewave/W-2024.09-SP1-2/auxx/waveform/sae.spxkey -spxrc /tmp/tmp_sae_spxrc_v6rOXM -unique_string 424077b79e1069ee14dfec4ee396348af03d3135d99f0755c1cb7792ad94754215911dea03ed9e140eccb245a763622e76e2f70fad3ad36b -lic_type 2   -parent_cc_pid 215617  > /mnt/coe/workspace/ece/ece546-spr25/group8/group8_project/synopsys_custom/sim_server/custom_compiler.hrajesh/stb.group8.2to4decodermux_tb.schematic.session0/logs/viewer.log 2>&1"
[10:57:32.63] /o ==== Received Msg ====
              /c len=35 sourceSoc=sock4382dd90 msgIndex=0 rawMsg=evalCmd ::wf::updateViewerLicense 2
[10:57:32.63] /o 
[10:57:32.65] /o ==== Received Msg ====
              /c len=35 sourceSoc=sock4382dd90 msgIndex=1 rawMsg=evalCmd ::wf::updateViewerLicense 2
[10:57:32.65] /o 
[10:59:29.23] /o ==== Received Msg ====
              /c len=26 sourceSoc=sock4382dd90 msgIndex=4 rawMsg=evalCmd ::wf::viewerExited
[10:59:29.23] /o 
[10:59:33.24] /o ==== Received Msg ====
              /c len=35 sourceSoc=sock4382dd90 msgIndex=6 rawMsg=evalCmd ::wf::updateViewerLicense 2
[10:59:33.24] /o 
[11:01:46.85] /o ==== Received Msg ====
              /c len=8 sourceSoc=sock4382dd90 msgIndex=12 rawMsg=idleExit
[11:01:46.85] /o 
[11:01:46.88] /m Information: Exiting simulation server process. (PW_GUI-984)
[11:01:50.06] /o Shutdown time: Tue Apr  8 11:01:50 2025
[11:01:50.06] /o Elapsed session real time: 4.61 minutes
[11:01:50.06] /o Session terminated. Log is at /mnt/coe/workspace/ece/ece546-spr25/group8/group8_project/synopsys_custom/logs/primewave.hrajesh.2025_4_8_105711_215617.log
[11:01:50.09] /e Error: {}
