[15:58:04.89] /o 
              /c                          PrimeWave Design Environment 
              /c 
              /c                Version W-2024.09-SP1-2 for linux64 - Jan 15, 2025
              /c              Based on Custom Infrastructure
              /c Version W-2024.09-SP1-2
              /c 
              /c                     Copyright (c) 2004 - 2025 Synopsys, Inc.
              /c    This software and the associated documentation are proprietary to Synopsys,
              /c  Inc. This software may only be used in accordance with the terms and conditions
              /c  of a written license agreement with Synopsys, Inc. All other use, reproduction,
              /c    or distribution of this software is strictly prohibited.  Licensed Products
              /c      communicate with Synopsys servers for the purpose of providing software
              /c     updates, detecting software piracy and verifying that customers are using
              /c     Licensed Products in conformity with the applicable License Key for such
              /c   Licensed Products. Synopsys will use information gathered in connection with
              /c     this process to deliver software updates and pursue software pirates and
              /c                                    infringers.
              /c 
              /c  Inclusivity & Diversity - Visit SolvNetPlus to read the "Synopsys Statement on
              /c             Inclusivity and Diversity" (Refer to article 000036315 at
              /c                         https://solvnetplus.synopsys.com)
              /c 
              /c Build  (OPT) Config 11252589 compiled on Wed Jan 15 11:01:36 2025 for AlmaLinux 8.4
              /c Invocation: /mnt/apps/public/COE/synopsys_apps/primewave/W-2024.09-SP1-2/linux64/platform/bin/custom_shell -application primewave -gui 0 -uniqueString 424077b79e1069ee91043358a18402d3fe01eb4215c734e6103ebf0b7deb01df010d09d6dda69c58 -python 0 -command "source /mnt/coe/workspace/ece/ece546-spr25/group8/group8_project/synopsys_custom/sim_server/custom_compiler.hrajesh/stb.group8.SRAM_8x4_array_dummy.schematic.session8/sim_server_init.tcl" -log /mnt/coe/workspace/ece/ece546-spr25/group8/group8_project/synopsys_custom/primewave_session8_sim_server_job1 -libDefFile /mnt/coe/workspace/ece/ece546-spr25/group8/group8_project/lib.defs
              /c Execution time: Thu Apr  3 15:58:03 2025
              /c Host: viper.ece.ncsu.edu
              /c Working directory: /mnt/coe/workspace/ece/ece546-spr25/group8/group8_project
              /c 
[15:58:09.35] /m Information: Registering ICV PERC package...
[15:58:09.89] /m Information: Feature 'SynopsysCustomSAE' checked out. (LICENSE-003)
[15:58:10.07] /o 
[15:58:10.07] /i source /mnt/coe/workspace/ece/ece546-spr25/group8/group8_project/synopsys_custom/sim_server/custom_compiler.hrajesh/stb.group8.SRAM_8x4_array_dummy.schematic.session8/sim_server_init.tcl
[15:58:10.26] /o SimServer socket started on viper.ece.ncsu.edu:37485
[15:58:10.62] /m Information: Launching Waveform Viewer "cd /mnt/coe/workspace/ece/ece546-spr25/group8/group8_project/synopsys_custom/sim_server/custom_compiler.hrajesh/stb.group8.SRAM_8x4_array_dummy.schematic.session8/logs &&  /mnt/apps/public/COE/synopsys_apps/primewave/W-2024.09-SP1-2/auxx/../linux64/swv/bin/swv  -bg_gui -k -cdesigner -ptype wv -spxkey /mnt/apps/public/COE/synopsys_apps/primewave/W-2024.09-SP1-2/auxx/waveform/sae.spxkey -spxrc /tmp/tmp_sae_spxrc_XxhWpz -unique_string 424077b79e1069eeb6e5f8e659b505b7fe01eb4215c734e6103ebf0b7deb01df5539b4eb7a3e44b6e520c74639c35aaf -lic_type 2   -parent_cc_pid 89961  > /mnt/coe/workspace/ece/ece546-spr25/group8/group8_project/synopsys_custom/sim_server/custom_compiler.hrajesh/stb.group8.SRAM_8x4_array_dummy.schematic.session8/logs/viewer.log 2>&1"
[15:58:10.66] /o ==== Received Msg ====
              /c len=218 sourceSoc=sock3e040150 msgIndex=21 rawMsg=AppendTask /mnt/coe/workspace/ece/ece546-spr25/group8/group8_project/synopsys_custom/sim_server/custom_compiler.hrajesh/stb.group8.SRAM_8x4_array_dummy.schematic.session8/task0/sim_script0.tcl 0 saeSession4 1 overwrite
[15:58:10.66] /o 
[15:58:11.83] /m Information: "Starting incremental netlisting for design "group8/SRAM_8x4_array_dummy/schematic"..." (NETLISTING-010)
[15:58:11.88] /o Loading: Callback files...
[15:58:11.89] /o Loading: scripts/callbacks/callbacks.tcl
[15:58:11.89] /o 
              /c [INFO] : Loading display.drf from /mnt/designkits/ncsu/FreePDK3/syncust/NCSU_TechLib_FreePDK3
              /c 
              /c  if you wish to Load other display.drf, please set shell environment valiable "iPDK_load_display_NCSU_TechLib_FreePDK3" to value = 0
[15:58:11.89] /o 
[15:58:11.91] /w Warning: Could not set the value of preference xtDRCTool because it does not exist. (PREFERENCE-016)
[15:58:11.91] /w Warning: Could not set the value of preference xtDRCICVRunsetFile because it does not exist. (PREFERENCE-016)
[15:58:11.91] /w Warning: Could not set the value of preference xtDRCICVIncludePaths because it does not exist. (PREFERENCE-016)
[15:58:11.91] /w Warning: Could not set the value of preference xtDRCLayDBFormat because it does not exist. (PREFERENCE-016)
[15:58:11.91] /w Warning: Could not set the value of preference xtLVSTool because it does not exist. (PREFERENCE-016)
[15:58:11.91] /w Warning: Could not set the value of preference xtLVSICVRunsetFile because it does not exist. (PREFERENCE-016)
[15:58:11.91] /w Warning: Could not set the value of preference xtLVSICVIncludePaths because it does not exist. (PREFERENCE-016)
[15:58:11.91] /w Warning: Could not set the value of preference xtLVSLayDBFormat because it does not exist. (PREFERENCE-016)
[15:58:11.91] /w Warning: Could not set the value of preference xtLPELVSTool because it does not exist. (PREFERENCE-016)
[15:58:11.91] /w Warning: Could not set the value of preference xtLPETool because it does not exist. (PREFERENCE-016)
[15:58:11.91] /w Warning: Could not set the value of preference xtLPEOpenParasiticView because it does not exist. (PREFERENCE-016)
[15:58:11.91] /w Warning: Could not set the value of preference xtStarTcadGrdFile because it does not exist. (PREFERENCE-016)
[15:58:11.91] /w Warning: Could not set the value of preference xtLPEStarOADeviceMappingFile because it does not exist. (PREFERENCE-016)
[15:58:11.91] /w Warning: Could not set the value of preference xtStarOALayerMappingFile because it does not exist. (PREFERENCE-016)
[15:58:11.91] /o 	#######################################
[15:58:11.91] /o 	CC-PDK Library Name	: FreePDK3
[15:58:11.91] /o 	#######################################
[15:58:11.91] /o 
[15:58:11.94] /o Netlisting
[15:58:11.94] /o Creating output directories
[15:58:12.28] /o No Design Integrity rule violations found in "group8/SRAM_8x4_array_dummy/schematic"
[15:58:12.28] /o Scanning: group8/SRAM_8x4_array_dummy/schematic
[15:58:12.35] /o Scanning: group8/sram_6t/schematic
[15:58:12.46] /o Scanning: group8/static_row_decoder_3by8/schematic
[15:58:12.48] /o Scanning: group8/nand_i3/schematic
[15:58:12.51] /o Scanning: group8/inv/schematic
[15:58:12.53] /o Scanning: group8/precharge_logic/schematic
[15:58:12.61] /o Scanning: group8/nand/schematic
[15:58:12.64] /o Computing terminal lists
[15:58:12.64] /o Processing terminals of module group8/sram_6t/schematic
[15:58:12.65] /o Processing terminals of module group8/nand_i3/schematic
[15:58:12.65] /o Processing terminals of module group8/inv/schematic
[15:58:12.66] /o Processing terminals of module group8/static_row_decoder_3by8/schematic
[15:58:12.66] /o Processing terminals of module group8/precharge_logic/schematic
[15:58:12.66] /o Processing terminals of module group8/nand/schematic
[15:58:12.66] /o Processing terminals of module group8/SRAM_8x4_array_dummy/schematic
[15:58:12.66] /o Starting netlisting
[15:58:12.89] /o Formatting group8/SRAM_8x4_array_dummy/schematic
[15:58:12.91] /m Information: "group8 SRAM_8x4_array_dummy schematic" renetlisted. (NETLISTING-056)
[15:58:13.09] /m Information: "Netlisting design "group8/SRAM_8x4_array_dummy/schematic" finished successfully." (NETLISTING-012)
[15:58:13.15] /# Composing simulator input file for design "group8/SRAM_8x4_array_dummy/schematic"...
[15:58:14.32] /# Simulator input file composed successfully for design "group8/SRAM_8x4_array_dummy/schematic"
[15:58:14.44] /m Information: Save ouputs to /mnt/coe/workspace/ece/ece546-spr25/group8/group8_project/simulation/group8,SRAM_8x4_array_dummy,schematic/history_1/simulation/default/PrimeSimHSPICE/nominal/results/outputs.tcl for AVA evaluation.
[15:58:15.48] /o 
[15:58:16.38] /o                                          Composing Nominal                                         
[15:58:16.66] /o                             Launching jobs for testbench default started                            
[15:58:16.67] /# Starting PrimeSimHSPICE simulation for design: group8/SRAM_8x4_array_dummy/schematic
[15:58:16.72] /o                             Creating jobs for testbench default (0 / 1)                            
[15:58:16.77] /o                                Launching 1 jobs for testbench default                               
[15:58:17.05] /o                            Launching jobs for testbench default finished                           
[15:58:18.33] /m Information: 0 of 1 testbench(es) done. (PW_GUI-714)
[15:58:20.41] /m Information: Job distribution master (saeSession4,default.Simulation_Simulation session:session0 testbench:default) : up to 1 job running workers.
[15:58:53.55] /# Simulation completed successfully for design: group8/SRAM_8x4_array_dummy/schematic  (PW-651)
[15:58:53.62] /# Netlisting and simulation completed for testbench: default in 42s
[15:58:53.62] /# Evaluating and plotting outputs...
[15:59:03.19] /m Information: Jobs distribution master quit! (PW_GUI-822)
[15:59:04.20] /# Evaluating and plotting completed for testbench: default in 11s
[15:59:04.26] /m Information: 1 of 1 testbench(es) done. (PW_GUI-714)
[16:03:03.57] /o ==== Received Msg ====
              /c len=8 sourceSoc=sock3e040150 msgIndex=35 rawMsg=idleExit
[16:03:03.57] /o 
[16:03:03.66] /m Information: Exiting simulation server process. (PW_GUI-984)
[16:03:04.53] /o Shutdown time: Thu Apr  3 16:03:04 2025
[16:03:04.53] /o Elapsed session real time: 5 minutes
[16:03:04.54] /o Session terminated. Log is at /mnt/coe/workspace/ece/ece546-spr25/group8/group8_project/synopsys_custom/logs/primewave.hrajesh.2025_4_3_155803_89961.log
[16:03:04.54] /e Error: {}
