[14:16:14.05] /o 
              /c                          PrimeWave Design Environment 
              /c 
              /c                Version W-2024.09-SP1-2 for linux64 - Jan 15, 2025
              /c              Based on Custom Infrastructure
              /c Version W-2024.09-SP1-2
              /c 
              /c                     Copyright (c) 2004 - 2025 Synopsys, Inc.
              /c    This software and the associated documentation are proprietary to Synopsys,
              /c  Inc. This software may only be used in accordance with the terms and conditions
              /c  of a written license agreement with Synopsys, Inc. All other use, reproduction,
              /c    or distribution of this software is strictly prohibited.  Licensed Products
              /c      communicate with Synopsys servers for the purpose of providing software
              /c     updates, detecting software piracy and verifying that customers are using
              /c     Licensed Products in conformity with the applicable License Key for such
              /c   Licensed Products. Synopsys will use information gathered in connection with
              /c     this process to deliver software updates and pursue software pirates and
              /c                                    infringers.
              /c 
              /c  Inclusivity & Diversity - Visit SolvNetPlus to read the "Synopsys Statement on
              /c             Inclusivity and Diversity" (Refer to article 000036315 at
              /c                         https://solvnetplus.synopsys.com)
              /c 
              /c Build  (OPT) Config 11252589 compiled on Wed Jan 15 11:01:36 2025 for AlmaLinux 8.4
              /c Invocation: /mnt/apps/public/COE/synopsys_apps/primewave/W-2024.09-SP1-2/linux64/platform/bin/custom_shell -application primewave -gui 0 -uniqueString 424077b79e1069ee0b5cfdd22337b1f3bd7412d89786468bf93a5ef511cc936b6c4bc0afe28ccae2fe4ffaad0d4f4fca -python 0 -log pw_shell_session0_job2 -libDefFile /mnt/coe/workspace/ece/ece546-spr25/group8/group8_project/lib.defs
              /c Execution time: Tue Apr  8 14:16:12 2025
              /c Host: payback.ece.ncsu.edu
              /c Working directory: /mnt/coe/workspace/ece/ece546-spr25/group8/group8_project
              /c 
[14:16:18.63] /m Information: Registering ICV PERC package...
[14:16:19.15] /m Information: Feature 'SynopsysCustomSAE' checked out. (LICENSE-003)
[14:16:19.15] /i catch {source /tmp/copyScript5764}; ::sa::_backgroundSaeShell::signalProcessReady 1744136170 26472
[14:16:19.16] /o saeInterBGSaeShell:  ::sa::_backgroundSaeShell::processReady 9
[14:16:19.57] /o 
[14:19:43.56] /i ::sa::_backgroundSaeShell::exit
[14:19:43.56] /o saeInterBGSaeShell:  ::sa::_backgroundSaeShell::childFormallyExiting
[14:19:44.27] /o Shutdown time: Tue Apr  8 14:19:44 2025
[14:19:44.27] /o Elapsed session real time: 3.51 minutes
[14:19:44.27] /o Session terminated. Log is at /mnt/coe/workspace/ece/ece546-spr25/group8/group8_project/synopsys_custom/logs/primewave.hrajesh.2025_4_8_141612_29031.log
