[00:11:46.95] /o 
              /c                          PrimeWave Design Environment 
              /c 
              /c                Version W-2024.09-SP1-2 for linux64 - Jan 15, 2025
              /c              Based on Custom Infrastructure
              /c Version W-2024.09-SP1-2
              /c 
              /c                     Copyright (c) 2004 - 2025 Synopsys, Inc.
              /c    This software and the associated documentation are proprietary to Synopsys,
              /c  Inc. This software may only be used in accordance with the terms and conditions
              /c  of a written license agreement with Synopsys, Inc. All other use, reproduction,
              /c    or distribution of this software is strictly prohibited.  Licensed Products
              /c      communicate with Synopsys servers for the purpose of providing software
              /c     updates, detecting software piracy and verifying that customers are using
              /c     Licensed Products in conformity with the applicable License Key for such
              /c   Licensed Products. Synopsys will use information gathered in connection with
              /c     this process to deliver software updates and pursue software pirates and
              /c                                    infringers.
              /c 
              /c  Inclusivity & Diversity - Visit SolvNetPlus to read the "Synopsys Statement on
              /c             Inclusivity and Diversity" (Refer to article 000036315 at
              /c                         https://solvnetplus.synopsys.com)
              /c 
              /c Build  (OPT) Config 11252589 compiled on Wed Jan 15 11:01:36 2025 for AlmaLinux 8.4
              /c Invocation: /mnt/apps/public/COE/synopsys_apps/primewave/W-2024.09-SP1-2/linux64/platform/bin/custom_shell -application primewave -gui 0 -uniqueString 424077b79e1069ee1a1493cac3a8f6bb237d0ff9c53bf8841ab29029250ab531e450baa6c70ecd7a4ca8451ee4a8e9d9 -python 0 -command "source /mnt/coe/workspace/ece/ece546-spr25/group8/group8_project/synopsys_custom/sim_server/custom_compiler.hrajesh/stb.group8.memory_array_write_test.schematic.session2/sim_server_init.tcl" -log /mnt/coe/workspace/ece/ece546-spr25/group8/group8_project/synopsys_custom/primewave_session2_sim_server_job1 -libDefFile /mnt/coe/workspace/ece/ece546-spr25/group8/group8_project/lib.defs
              /c Execution time: Thu Apr  3 00:11:44 2025
              /c Host: grendel45.ece.ncsu.edu
              /c Working directory: /mnt/coe/workspace/ece/ece546-spr25/group8/group8_project
              /c 
[00:11:58.36] /m Information: Registering ICV PERC package...
[00:11:59.68] /m Information: Feature 'SynopsysCustomSAE' checked out. (LICENSE-003)
[00:11:59.87] /o 
[00:11:59.95] /i source /mnt/coe/workspace/ece/ece546-spr25/group8/group8_project/synopsys_custom/sim_server/custom_compiler.hrajesh/stb.group8.memory_array_write_test.schematic.session2/sim_server_init.tcl
[00:12:00.51] /o SimServer socket started on grendel45.ece.ncsu.edu:37201
[00:12:01.07] /m Information: Launching Waveform Viewer "cd /mnt/coe/workspace/ece/ece546-spr25/group8/group8_project/synopsys_custom/sim_server/custom_compiler.hrajesh/stb.group8.memory_array_write_test.schematic.session2/logs &&  /mnt/apps/public/COE/synopsys_apps/primewave/W-2024.09-SP1-2/auxx/../linux64/swv/bin/swv  -bg_gui -k -cdesigner -ptype wv -spxkey /mnt/apps/public/COE/synopsys_apps/primewave/W-2024.09-SP1-2/auxx/waveform/sae.spxkey -spxrc /tmp/tmp_sae_spxrc_XXrx9L -unique_string 424077b79e1069ee1d7dbc7e5c5b903a237d0ff9c53bf8841ab29029250ab53114d50a043ab99cd08deaa646598f904fb38b6b56e68a08fe -lic_type 2   -parent_cc_pid 3928168  > /mnt/coe/workspace/ece/ece546-spr25/group8/group8_project/synopsys_custom/sim_server/custom_compiler.hrajesh/stb.group8.memory_array_write_test.schematic.session2/logs/viewer.log 2>&1"
[00:12:01.13] /o ==== Received Msg ====
              /c len=221 sourceSoc=sock4e577d90 msgIndex=4 rawMsg=AppendTask /mnt/coe/workspace/ece/ece546-spr25/group8/group8_project/synopsys_custom/sim_server/custom_compiler.hrajesh/stb.group8.memory_array_write_test.schematic.session2/task0/sim_script0.tcl 0 saeSession2 1 overwrite
[00:12:01.13] /o 
[00:12:04.42] /m Information: "Starting incremental netlisting for design "group8/memory_array_write_test/schematic"..." (NETLISTING-010)
[00:12:04.55] /o Loading: Callback files...
[00:12:04.57] /o Loading: scripts/callbacks/callbacks.tcl
[00:12:04.57] /o 
              /c [INFO] : Loading display.drf from /mnt/designkits/ncsu/FreePDK3/syncust/NCSU_TechLib_FreePDK3
              /c 
              /c  if you wish to Load other display.drf, please set shell environment valiable "iPDK_load_display_NCSU_TechLib_FreePDK3" to value = 0
[00:12:04.57] /o 
[00:12:04.61] /w Warning: Could not set the value of preference xtDRCTool because it does not exist. (PREFERENCE-016)
[00:12:04.61] /w Warning: Could not set the value of preference xtDRCICVRunsetFile because it does not exist. (PREFERENCE-016)
[00:12:04.61] /w Warning: Could not set the value of preference xtDRCICVIncludePaths because it does not exist. (PREFERENCE-016)
[00:12:04.61] /w Warning: Could not set the value of preference xtDRCLayDBFormat because it does not exist. (PREFERENCE-016)
[00:12:04.61] /w Warning: Could not set the value of preference xtLVSTool because it does not exist. (PREFERENCE-016)
[00:12:04.61] /w Warning: Could not set the value of preference xtLVSICVRunsetFile because it does not exist. (PREFERENCE-016)
[00:12:04.61] /w Warning: Could not set the value of preference xtLVSICVIncludePaths because it does not exist. (PREFERENCE-016)
[00:12:04.61] /w Warning: Could not set the value of preference xtLVSLayDBFormat because it does not exist. (PREFERENCE-016)
[00:12:04.61] /w Warning: Could not set the value of preference xtLPELVSTool because it does not exist. (PREFERENCE-016)
[00:12:04.61] /w Warning: Could not set the value of preference xtLPETool because it does not exist. (PREFERENCE-016)
[00:12:04.61] /w Warning: Could not set the value of preference xtLPEOpenParasiticView because it does not exist. (PREFERENCE-016)
[00:12:04.61] /w Warning: Could not set the value of preference xtStarTcadGrdFile because it does not exist. (PREFERENCE-016)
[00:12:04.61] /w Warning: Could not set the value of preference xtLPEStarOADeviceMappingFile because it does not exist. (PREFERENCE-016)
[00:12:04.61] /w Warning: Could not set the value of preference xtStarOALayerMappingFile because it does not exist. (PREFERENCE-016)
[00:12:04.61] /o 	#######################################
[00:12:04.61] /o 	CC-PDK Library Name	: FreePDK3
[00:12:04.61] /o 	#######################################
[00:12:04.61] /o 
[00:12:04.70] /o Netlisting
[00:12:04.70] /o Creating output directories
[00:12:05.40] /o No Design Integrity rule violations found in "group8/memory_array_write_test/schematic"
[00:12:05.40] /o Scanning: group8/memory_array_write_test/schematic
[00:12:05.73] /o Scanning: group8/sram_6t/schematic
[00:12:06.01] /o Scanning: group8/static_row_decoder_3by8/schematic
[00:12:06.07] /o Scanning: group8/nand_i3/schematic
[00:12:06.14] /o Scanning: group8/inv/schematic
[00:12:06.27] /o Computing terminal lists
[00:12:06.27] /o Processing terminals of module group8/sram_6t/schematic
[00:12:06.31] /o Processing terminals of module group8/nand_i3/schematic
[00:12:06.32] /o Processing terminals of module group8/inv/schematic
[00:12:06.32] /o Processing terminals of module group8/static_row_decoder_3by8/schematic
[00:12:06.32] /o Processing terminals of module group8/memory_array_write_test/schematic
[00:12:06.33] /o Starting netlisting
[00:12:06.55] /o Formatting group8/sram_6t/schematic
[00:12:06.56] /m Information: "group8 sram_6t schematic" renetlisted. (NETLISTING-056)
[00:12:06.86] /o Formatting group8/memory_array_write_test/schematic
[00:12:06.88] /m Information: "group8 memory_array_write_test schematic" renetlisted. (NETLISTING-056)
[00:12:07.22] /m Information: "Netlisting design "group8/memory_array_write_test/schematic" finished successfully." (NETLISTING-012)
[00:12:07.37] /# Composing simulator input file for design "group8/memory_array_write_test/schematic"...
[00:12:09.75] /# Simulator input file composed successfully for design "group8/memory_array_write_test/schematic"
[00:12:10.04] /m Information: Save ouputs to /mnt/coe/workspace/ece/ece546-spr25/group8/group8_project/simulation/group8,memory_array_write_test,schematic/history_1/simulation/HSPICE_default/HSPICE/nominal/results/outputs.tcl for AVA evaluation.
[00:12:12.60] /o 
[00:12:14.65] /o                                          Composing Nominal                                         
[00:12:15.42] /o                         Launching jobs for testbench HSPICE_default started                        
[00:12:15.46] /# Starting PrimeSimHSPICE simulation for design: group8/memory_array_write_test/schematic
[00:12:15.60] /o                          Creating jobs for testbench HSPICE_default (0 / 1)                         
[00:12:15.73] /o                            Launching 1 jobs for testbench HSPICE_default                           
[00:12:22.36] /o                         Launching jobs for testbench HSPICE_default finished                        
[00:12:26.32] /m Information: 0 of 1 testbench(es) done. (PW_GUI-714)
[00:12:38.04] /m Information: Job distribution master (saeSession2,HSPICE_default.Simulation_Simulation session:session0 testbench:HSPICE_default) : up to 1 job running workers.
[00:13:02.26] /# Simulation completed successfully for design: group8/memory_array_write_test/schematic  (PW-651)
[00:13:02.44] /# Netlisting and simulation completed for testbench: HSPICE_default in 59s
[00:13:02.47] /# Evaluating and plotting outputs...
[00:13:08.48] /m Information: Jobs distribution master quit! (PW_GUI-822)
[00:13:09.37] /# Evaluating and plotting completed for testbench: HSPICE_default in 7s
[00:13:09.49] /m Information: 1 of 1 testbench(es) done. (PW_GUI-714)
[00:16:31.33] /o ==== Received Msg ====
              /c len=8 sourceSoc=sock4e577d90 msgIndex=11 rawMsg=idleExit
[00:16:31.33] /o 
[00:16:31.37] /m Information: Exiting simulation server process. (PW_GUI-984)
[00:16:33.76] /o Shutdown time: Thu Apr  3 00:16:33 2025
[00:16:33.76] /o Elapsed session real time: 4.8 minutes
[00:16:33.76] /o Session terminated. Log is at /mnt/coe/workspace/ece/ece546-spr25/group8/group8_project/synopsys_custom/logs/primewave.hrajesh.2025_4_3_001144_3928168.log
[00:16:33.78] /e Error: {}
