[17:13:37.97] /o 
              /c                          PrimeWave Design Environment 
              /c 
              /c                Version W-2024.09-SP1-2 for linux64 - Jan 15, 2025
              /c              Based on Custom Infrastructure
              /c Version W-2024.09-SP1-2
              /c 
              /c                     Copyright (c) 2004 - 2025 Synopsys, Inc.
              /c    This software and the associated documentation are proprietary to Synopsys,
              /c  Inc. This software may only be used in accordance with the terms and conditions
              /c  of a written license agreement with Synopsys, Inc. All other use, reproduction,
              /c    or distribution of this software is strictly prohibited.  Licensed Products
              /c      communicate with Synopsys servers for the purpose of providing software
              /c     updates, detecting software piracy and verifying that customers are using
              /c     Licensed Products in conformity with the applicable License Key for such
              /c   Licensed Products. Synopsys will use information gathered in connection with
              /c     this process to deliver software updates and pursue software pirates and
              /c                                    infringers.
              /c 
              /c  Inclusivity & Diversity - Visit SolvNetPlus to read the "Synopsys Statement on
              /c             Inclusivity and Diversity" (Refer to article 000036315 at
              /c                         https://solvnetplus.synopsys.com)
              /c 
              /c Build  (OPT) Config 11252589 compiled on Wed Jan 15 11:01:36 2025 for AlmaLinux 8.4
              /c Invocation: /mnt/apps/public/COE/synopsys_apps/primewave/W-2024.09-SP1-2/linux64/platform/bin/custom_shell -application primewave -gui 0 -uniqueString 424077b79e1069ee7b83c826b6253d846d31d537f80fd0133b3a965d3326affaade50b249d956dcb6af44104d838eb07 -python 0 -command "source /mnt/coe/workspace/ece/ece546-spr25/group8/group8_project/synopsys_custom/sim_server/custom_compiler.svkolach/stb.group8.memory_array_tb.schematic.session3/sim_server_init.tcl" -log /mnt/coe/workspace/ece/ece546-spr25/group8/group8_project/synopsys_custom/primewave_session3_sim_server_job1 -libDefFile /mnt/coe/workspace/ece/ece546-spr25/group8/group8_project/lib.defs
              /c Execution time: Fri Apr  4 17:13:35 2025
              /c Host: grendel41.ece.ncsu.edu
              /c Working directory: /mnt/coe/workspace/ece/ece546-spr25/group8/group8_project
              /c 
[17:13:43.42] /m Information: Registering ICV PERC package...
[17:13:43.96] /m Information: Feature 'SynopsysCustomSAE' checked out. (LICENSE-003)
[17:13:44.12] /o 
[17:13:44.15] /i source /mnt/coe/workspace/ece/ece546-spr25/group8/group8_project/synopsys_custom/sim_server/custom_compiler.svkolach/stb.group8.memory_array_tb.schematic.session3/sim_server_init.tcl
[17:13:44.40] /o SimServer socket started on grendel41.ece.ncsu.edu:36989
[17:13:44.63] /m Information: Launching Waveform Viewer "cd /mnt/coe/workspace/ece/ece546-spr25/group8/group8_project/synopsys_custom/sim_server/custom_compiler.svkolach/stb.group8.memory_array_tb.schematic.session3/logs &&  /mnt/apps/public/COE/synopsys_apps/primewave/W-2024.09-SP1-2/auxx/../linux64/swv/bin/swv  -bg_gui -k -cdesigner -ptype wv -spxkey /mnt/apps/public/COE/synopsys_apps/primewave/W-2024.09-SP1-2/auxx/waveform/sae.spxkey -spxrc /tmp/tmp_sae_spxrc_0ENtqG -unique_string 424077b79e1069ee3805c79bdf19b9d2a6ce3c83a474c3ab8dd83fb0058eea4adb87396eccbed9c9440c9e63001d7c366fe72ed680689c7e -lic_type 2   -parent_cc_pid 502428  > /mnt/coe/workspace/ece/ece546-spr25/group8/group8_project/synopsys_custom/sim_server/custom_compiler.svkolach/stb.group8.memory_array_tb.schematic.session3/logs/viewer.log 2>&1"
[17:13:45.19] /o ==== Received Msg ====
              /c len=35 sourceSoc=sock40279620 msgIndex=9 rawMsg=evalCmd ::wf::updateViewerLicense 2
[17:13:45.19] /o 
[17:13:45.20] /o ==== Received Msg ====
              /c len=35 sourceSoc=sock40279620 msgIndex=10 rawMsg=evalCmd ::wf::updateViewerLicense 2
[17:13:45.20] /o 
[17:18:32.62] /o ==== Received Msg ====
              /c len=8 sourceSoc=sock40279620 msgIndex=11 rawMsg=idleExit
[17:18:32.62] /o 
[17:18:32.65] /m Information: Exiting simulation server process. (PW_GUI-984)
[17:18:34.65] /o Shutdown time: Fri Apr  4 17:18:34 2025
[17:18:34.65] /o Elapsed session real time: 4.96 minutes
[17:18:34.66] /o Session terminated. Log is at /mnt/coe/workspace/ece/ece546-spr25/group8/group8_project/synopsys_custom/logs/primewave.svkolach.2025_4_4_171335_502428.log
[17:18:34.67] /e Error: {}
