[19:39:14.83] /o 
              /c                          PrimeWave Design Environment 
              /c 
              /c                Version W-2024.09-SP1-2 for linux64 - Jan 15, 2025
              /c              Based on Custom Infrastructure
              /c Version W-2024.09-SP1-2
              /c 
              /c                     Copyright (c) 2004 - 2025 Synopsys, Inc.
              /c    This software and the associated documentation are proprietary to Synopsys,
              /c  Inc. This software may only be used in accordance with the terms and conditions
              /c  of a written license agreement with Synopsys, Inc. All other use, reproduction,
              /c    or distribution of this software is strictly prohibited.  Licensed Products
              /c      communicate with Synopsys servers for the purpose of providing software
              /c     updates, detecting software piracy and verifying that customers are using
              /c     Licensed Products in conformity with the applicable License Key for such
              /c   Licensed Products. Synopsys will use information gathered in connection with
              /c     this process to deliver software updates and pursue software pirates and
              /c                                    infringers.
              /c 
              /c  Inclusivity & Diversity - Visit SolvNetPlus to read the "Synopsys Statement on
              /c             Inclusivity and Diversity" (Refer to article 000036315 at
              /c                         https://solvnetplus.synopsys.com)
              /c 
              /c Build  (OPT) Config 11252589 compiled on Wed Jan 15 11:01:36 2025 for AlmaLinux 8.4
              /c Invocation: /mnt/apps/public/COE/synopsys_apps/primewave/W-2024.09-SP1-2/linux64/platform/bin/custom_shell -application primewave -gui 0 -uniqueString 424077b79e1069eedf3569777a342c134d49f0484e1ba41a3b3a965d3326affa70f4f4f790c9bf8cbe31ddebb28fc819 -python 0 -log pw_shell_session4_job4 -libDefFile /mnt/coe/workspace/ece/ece546-spr25/group8/group8_project/lib.defs
              /c Execution time: Sat Apr  5 19:39:09 2025
              /c Host: hydra12.ece.ncsu.edu
              /c Working directory: /mnt/coe/workspace/ece/ece546-spr25/group8/group8_project
              /c 
[19:39:27.42] /m Information: Registering ICV PERC package...
[19:39:28.41] /m Information: Feature 'SynopsysCustomSAE' checked out. (LICENSE-003)
[19:39:28.42] /i catch {source /tmp/copyScript95518}; ::sa::_backgroundSaeShell::signalProcessReady 1743896346 1382271
[19:39:28.44] /o saeInterBGSaeShell:  ::sa::_backgroundSaeShell::processReady 22
[19:39:28.65] /o 
[19:39:28.65] /i ::sa::_backgroundSaeShell::exit
[19:39:28.65] /o saeInterBGSaeShell:  ::sa::_backgroundSaeShell::childFormallyExiting
[19:39:31.44] /o Shutdown time: Sat Apr  5 19:39:31 2025
[19:39:31.44] /o Elapsed session real time: 0.35 minutes
[19:39:31.44] /o Session terminated. Log is at /mnt/coe/workspace/ece/ece546-spr25/group8/group8_project/synopsys_custom/logs/primewave.nbandeh.2025_4_5_193909_1443977.log
