[19:53:47.78] /o 
              /c                          PrimeWave Design Environment 
              /c 
              /c                Version W-2024.09-SP1-2 for linux64 - Jan 15, 2025
              /c              Based on Custom Infrastructure
              /c Version W-2024.09-SP1-2
              /c 
              /c                     Copyright (c) 2004 - 2025 Synopsys, Inc.
              /c    This software and the associated documentation are proprietary to Synopsys,
              /c  Inc. This software may only be used in accordance with the terms and conditions
              /c  of a written license agreement with Synopsys, Inc. All other use, reproduction,
              /c    or distribution of this software is strictly prohibited.  Licensed Products
              /c      communicate with Synopsys servers for the purpose of providing software
              /c     updates, detecting software piracy and verifying that customers are using
              /c     Licensed Products in conformity with the applicable License Key for such
              /c   Licensed Products. Synopsys will use information gathered in connection with
              /c     this process to deliver software updates and pursue software pirates and
              /c                                    infringers.
              /c 
              /c  Inclusivity & Diversity - Visit SolvNetPlus to read the "Synopsys Statement on
              /c             Inclusivity and Diversity" (Refer to article 000036315 at
              /c                         https://solvnetplus.synopsys.com)
              /c 
              /c Build  (OPT) Config 11252589 compiled on Wed Jan 15 11:01:36 2025 for AlmaLinux 8.4
              /c Invocation: /mnt/apps/public/COE/synopsys_apps/primewave/W-2024.09-SP1-2/linux64/platform/bin/custom_shell -application primewave -gui 0 -uniqueString 424077b79e1069eeede02639ed073d35d867f31ce9841581784e342c0127f008e280ad3a7c1392e6e9449073d59df446 -python 0 -command "source /mnt/coe/workspace/ece/ece546-spr25/group8/group8_project/synopsys_custom/sim_server/custom_compiler.svkolach/stb.group8.tb2025.schematic.session0/sim_server_init.tcl" -log /mnt/coe/workspace/ece/ece546-spr25/group8/group8_project/synopsys_custom/primewave_session0_sim_server_job1 -libDefFile /mnt/coe/workspace/ece/ece546-spr25/group8/group8_project/lib.defs
              /c Execution time: Sun Apr  6 19:53:45 2025
              /c Host: lib-41922.eos.ncsu.edu
              /c Working directory: /mnt/coe/workspace/ece/ece546-spr25/group8/group8_project
              /c 
[19:53:55.65] /m Information: Registering ICV PERC package...
[19:53:56.36] /m Information: Feature 'SynopsysCustomSAE' checked out. (LICENSE-003)
[19:53:56.77] /o 
[19:53:56.80] /i source /mnt/coe/workspace/ece/ece546-spr25/group8/group8_project/synopsys_custom/sim_server/custom_compiler.svkolach/stb.group8.tb2025.schematic.session0/sim_server_init.tcl
[19:53:57.13] /o SimServer socket started on lib-41922.eos.ncsu.edu:38453
[19:53:57.83] /m Information: Launching Waveform Viewer "cd /mnt/coe/workspace/ece/ece546-spr25/group8/group8_project/synopsys_custom/sim_server/custom_compiler.svkolach/stb.group8.tb2025.schematic.session0/logs &&  /mnt/apps/public/COE/synopsys_apps/primewave/W-2024.09-SP1-2/auxx/../linux64/swv/bin/swv  -bg_gui -k -cdesigner -ptype wv -spxkey /mnt/apps/public/COE/synopsys_apps/primewave/W-2024.09-SP1-2/auxx/waveform/sae.spxkey -spxrc /tmp/tmp_sae_spxrc_y8NGxn -unique_string 424077b79e1069eeee004d2dd705144fd867f31ce9841581784e342c0127f008db87396eccbed9c963e930ecf1f70bf4762b21d3483715f0 -lic_type 2   -parent_cc_pid 147622  > /mnt/coe/workspace/ece/ece546-spr25/group8/group8_project/synopsys_custom/sim_server/custom_compiler.svkolach/stb.group8.tb2025.schematic.session0/logs/viewer.log 2>&1"
[19:53:57.87] /o ==== Received Msg ====
              /c len=205 sourceSoc=sock48d19e90 msgIndex=3 rawMsg=AppendTask /mnt/coe/workspace/ece/ece546-spr25/group8/group8_project/synopsys_custom/sim_server/custom_compiler.svkolach/stb.group8.tb2025.schematic.session0/task0/sim_script0.tcl 0 saeSession0 1 overwrite
[19:53:57.87] /o 
[19:54:00.03] /m Information: "Starting incremental netlisting for design "group8/tb2025/schematic"..." (NETLISTING-010)
[19:54:00.11] /o Loading: Callback files...
[19:54:00.12] /o Loading: scripts/callbacks/callbacks.tcl
[19:54:00.13] /o 
              /c [INFO] : Loading display.drf from /mnt/designkits/ncsu/FreePDK3/syncust/NCSU_TechLib_FreePDK3
              /c 
              /c  if you wish to Load other display.drf, please set shell environment valiable "iPDK_load_display_NCSU_TechLib_FreePDK3" to value = 0
[19:54:00.13] /o 
[19:54:00.14] /w Warning: Could not set the value of preference xtDRCTool because it does not exist. (PREFERENCE-016)
[19:54:00.14] /w Warning: Could not set the value of preference xtDRCICVRunsetFile because it does not exist. (PREFERENCE-016)
[19:54:00.14] /w Warning: Could not set the value of preference xtDRCICVIncludePaths because it does not exist. (PREFERENCE-016)
[19:54:00.14] /w Warning: Could not set the value of preference xtDRCLayDBFormat because it does not exist. (PREFERENCE-016)
[19:54:00.14] /w Warning: Could not set the value of preference xtLVSTool because it does not exist. (PREFERENCE-016)
[19:54:00.14] /w Warning: Could not set the value of preference xtLVSICVRunsetFile because it does not exist. (PREFERENCE-016)
[19:54:00.14] /w Warning: Could not set the value of preference xtLVSICVIncludePaths because it does not exist. (PREFERENCE-016)
[19:54:00.14] /w Warning: Could not set the value of preference xtLVSLayDBFormat because it does not exist. (PREFERENCE-016)
[19:54:00.14] /w Warning: Could not set the value of preference xtLPELVSTool because it does not exist. (PREFERENCE-016)
[19:54:00.14] /w Warning: Could not set the value of preference xtLPETool because it does not exist. (PREFERENCE-016)
[19:54:00.14] /w Warning: Could not set the value of preference xtLPEOpenParasiticView because it does not exist. (PREFERENCE-016)
[19:54:00.14] /w Warning: Could not set the value of preference xtStarTcadGrdFile because it does not exist. (PREFERENCE-016)
[19:54:00.14] /w Warning: Could not set the value of preference xtLPEStarOADeviceMappingFile because it does not exist. (PREFERENCE-016)
[19:54:00.14] /w Warning: Could not set the value of preference xtStarOALayerMappingFile because it does not exist. (PREFERENCE-016)
[19:54:00.14] /o 	#######################################
[19:54:00.14] /o 	CC-PDK Library Name	: FreePDK3
[19:54:00.14] /o 	#######################################
[19:54:00.14] /o 
[19:54:00.21] /o Netlisting
[19:54:00.21] /o Creating output directories
[19:54:00.74] /o No Design Integrity rule violations found in "group8/tb2025/schematic"
[19:54:00.74] /o Scanning: group8/tb2025/schematic
[19:54:00.99] /o Scanning: proj_common/inputbuf/schematic
[19:54:01.55] /o Scanning: group8/memory_array_static_column_decoder/schematic
[19:54:01.60] /o Scanning: group8/precharge_logic/schematic
[19:54:01.68] /o Scanning: group8/sram_6t/schematic
[19:54:01.76] /o Scanning: group8/static_row_decoder_3by8/schematic
[19:54:01.81] /o Scanning: group8/nand_i3/schematic
[19:54:01.86] /o Scanning: group8/inv/schematic
[19:54:01.91] /o Scanning: group8/buffer_highdrive/schematic
[19:54:01.96] /o Scanning: group8/invx4/schematic
[19:54:02.03] /o Scanning: group8/columnDecoderstatic/schematic
[19:54:02.10] /o Scanning: group8/2to4_decoder_static/schematic
[19:54:02.15] /o Scanning: group8/nand/schematic
[19:54:02.20] /m Information: 
[19:54:02.20] /o Checking "group8/nor/schematic"
[19:54:02.20] /o No rule violations found in "group8/nor/schematic"
[19:54:02.20] /o Scanning: group8/nor/schematic
[19:54:02.25] /o Scanning: group8/Write_Driver/schematic
[19:54:02.31] /o Scanning: group8/read_circuit/schematic
[19:54:02.36] /o Scanning: group8/tspc_pos_ff/schematic
[19:54:02.42] /o Scanning: group8/agen_unit/schematic
[19:54:02.48] /m Information: 
[19:54:02.48] /o Checking "group8/Demux/schematic"
[19:54:02.48] /o No rule violations found in "group8/Demux/schematic"
[19:54:02.48] /o Scanning: group8/Demux/schematic
[19:54:02.54] /o Scanning: group8/WLRef_PC/schematic
[19:54:02.61] /m Information: 
[19:54:02.61] /o Checking "group8/buffer/schematic"
[19:54:02.61] /o No rule violations found in "group8/buffer/schematic"
[19:54:02.61] /o Scanning: group8/buffer/schematic
[19:54:02.61] /o Computing terminal lists
[19:54:02.61] /o Processing terminals of module proj_common/inputbuf/schematic
[19:54:02.63] /o Processing terminals of module group8/precharge_logic/schematic
[19:54:02.63] /o Processing terminals of module group8/sram_6t/schematic
[19:54:02.64] /o Processing terminals of module group8/nand_i3/schematic
[19:54:02.64] /o Processing terminals of module group8/inv/schematic
[19:54:02.64] /o Processing terminals of module group8/buffer_highdrive/schematic
[19:54:02.64] /o Processing terminals of module group8/invx4/schematic
[19:54:02.64] /o Processing terminals of module group8/static_row_decoder_3by8/schematic
[19:54:02.64] /o Processing terminals of module group8/nand/schematic
[19:54:02.64] /o Processing terminals of module group8/nor/schematic
[19:54:02.64] /o Processing terminals of module group8/2to4_decoder_static/schematic
[19:54:02.64] /o Processing terminals of module group8/columnDecoderstatic/schematic
[19:54:02.64] /o Processing terminals of module group8/Write_Driver/schematic
[19:54:02.64] /o Processing terminals of module group8/read_circuit/schematic
[19:54:02.64] /o Processing terminals of module group8/tspc_pos_ff/schematic
[19:54:02.64] /o Processing terminals of module group8/Demux/schematic
[19:54:02.64] /o Processing terminals of module group8/agen_unit/schematic
[19:54:02.64] /o Processing terminals of module group8/buffer/schematic
[19:54:02.64] /o Processing terminals of module group8/WLRef_PC/schematic
[19:54:02.64] /o Processing terminals of module group8/memory_array_static_column_decoder/schematic
[19:54:02.65] /o Processing terminals of module group8/tb2025/schematic
[19:54:02.65] /o Starting netlisting
[19:54:04.49] /m Information: "Netlisting design "group8/tb2025/schematic" finished successfully." (NETLISTING-012)
[19:54:04.57] /# Composing simulator input file for design "group8/tb2025/schematic"...
[19:54:06.96] /# Simulator input file composed successfully for design "group8/tb2025/schematic"
[19:54:07.20] /m Information: Save ouputs to /mnt/coe/workspace/ece/ece546-spr25/group8/group8_project/simulation/group8,tb2025,schematic/history_1/simulation/default/PrimeSimHSPICE/nominal/results/outputs.tcl for AVA evaluation.
[19:54:09.26] /o 
[19:54:10.95] /o                                          Composing Nominal                                         
[19:54:11.47] /o                             Launching jobs for testbench default started                            
[19:54:11.50] /# Starting PrimeSimHSPICE simulation for design: group8/tb2025/schematic
[19:54:11.61] /o                             Creating jobs for testbench default (0 / 1)                            
[19:54:11.72] /o                                Launching 1 jobs for testbench default                               
[19:54:13.36] /o                            Launching jobs for testbench default finished                           
[19:54:14.94] /m Information: 0 of 1 testbench(es) done. (PW_GUI-714)
[19:54:16.05] /m Information: Job distribution master (saeSession0,default.Simulation_Simulation session:session0 testbench:default) : up to 1 job running workers.
[19:54:35.96] /w Warning: CDPL (PWDP) - recreate new run for abnormal failed task T0 of pw job cdpl_id V0 OK.
[19:54:40.26] /w Warning: CDPL (PWDP) - abnormal failed rerun overed max count, rerun abort - task T1 of pw job cdpl_id V0.
[19:54:40.44] /# Simulation failed for design: group8/tb2025/schematic  (PW-653)
[19:54:40.52] /# Netlisting and simulation completed for testbench: default in 41s
[19:54:40.77] /m Information: 1 of 1 testbench(es) done. (PW_GUI-714)
[19:54:58.07] /o ==== Received Msg ====
              /c len=8 sourceSoc=sock48d19e90 msgIndex=3 rawMsg=idleExit
[19:54:58.07] /o 
[19:54:58.21] /m Information: Exiting simulation server process. (PW_GUI-984)
[19:54:59.44] /o Shutdown time: Sun Apr  6 19:54:59 2025
[19:54:59.44] /o Elapsed session real time: 1.21 minutes
[19:54:59.44] /o Session terminated. Log is at /mnt/coe/workspace/ece/ece546-spr25/group8/group8_project/synopsys_custom/logs/primewave.svkolach.2025_4_6_195345_147622.log
[19:54:59.45] /e Error: {}
