[12:37:50.40] /o 
              /c                          PrimeWave Design Environment 
              /c 
              /c                Version W-2024.09-SP1-2 for linux64 - Jan 15, 2025
              /c              Based on Custom Infrastructure
              /c Version W-2024.09-SP1-2
              /c 
              /c                     Copyright (c) 2004 - 2025 Synopsys, Inc.
              /c    This software and the associated documentation are proprietary to Synopsys,
              /c  Inc. This software may only be used in accordance with the terms and conditions
              /c  of a written license agreement with Synopsys, Inc. All other use, reproduction,
              /c    or distribution of this software is strictly prohibited.  Licensed Products
              /c      communicate with Synopsys servers for the purpose of providing software
              /c     updates, detecting software piracy and verifying that customers are using
              /c     Licensed Products in conformity with the applicable License Key for such
              /c   Licensed Products. Synopsys will use information gathered in connection with
              /c     this process to deliver software updates and pursue software pirates and
              /c                                    infringers.
              /c 
              /c  Inclusivity & Diversity - Visit SolvNetPlus to read the "Synopsys Statement on
              /c             Inclusivity and Diversity" (Refer to article 000036315 at
              /c                         https://solvnetplus.synopsys.com)
              /c 
              /c Build  (OPT) Config 11252589 compiled on Wed Jan 15 11:01:36 2025 for AlmaLinux 8.4
              /c Invocation: /mnt/apps/public/COE/synopsys_apps/primewave/W-2024.09-SP1-2/linux64/platform/bin/custom_shell -application primewave -gui 0 -uniqueString 424077b79e1069ee71b9cccebafe1c064d49f0484e1ba41a3b3a965d3326affab9eb367d1525531239a2b83580a58395 -python 0 -log pw_shell_session0_job15 -libDefFile /mnt/coe/workspace/ece/ece546-spr25/group8/group8_project/lib.defs
              /c Execution time: Thu Apr  3 12:37:44 2025
              /c Host: hydra12.ece.ncsu.edu
              /c Working directory: /mnt/coe/workspace/ece/ece546-spr25/group8/group8_project
              /c 
[12:37:59.44] /m Information: Registering ICV PERC package...
[12:38:00.24] /m Information: Feature 'SynopsysCustomSAE' checked out. (LICENSE-003)
[12:38:00.25] /i catch {source /tmp/copyScript23327}; ::sa::_backgroundSaeShell::signalProcessReady 1743698262 3828483
[12:38:00.26] /o saeInterBGSaeShell:  ::sa::_backgroundSaeShell::processReady 18
[12:38:00.65] /o 
[12:39:13.98] /i ::wf::viewerExited
[12:39:17.28] /i ::wf::updateViewerLicense 2
[12:39:25.18] /i ::sa::_backgroundSaeShell::exit
[12:39:25.18] /o saeInterBGSaeShell:  ::sa::_backgroundSaeShell::childFormallyExiting
[12:39:28.18] /o Shutdown time: Thu Apr  3 12:39:28 2025
[12:39:28.18] /o Elapsed session real time: 1.7 minutes
[12:39:28.18] /o Session terminated. Log is at /mnt/coe/workspace/ece/ece546-spr25/group8/group8_project/synopsys_custom/logs/primewave.nbandeh.2025_4_3_123744_4063222.log
[12:39:28.21] /i ::wf::viewerExited
[12:39:28.22] /i ::wf::viewerExited
