[13:15:09.15] /o 
              /c                          PrimeWave Design Environment 
              /c 
              /c                Version W-2024.09-SP1-2 for linux64 - Jan 15, 2025
              /c              Based on Custom Infrastructure
              /c Version W-2024.09-SP1-2
              /c 
              /c                     Copyright (c) 2004 - 2025 Synopsys, Inc.
              /c    This software and the associated documentation are proprietary to Synopsys,
              /c  Inc. This software may only be used in accordance with the terms and conditions
              /c  of a written license agreement with Synopsys, Inc. All other use, reproduction,
              /c    or distribution of this software is strictly prohibited.  Licensed Products
              /c      communicate with Synopsys servers for the purpose of providing software
              /c     updates, detecting software piracy and verifying that customers are using
              /c     Licensed Products in conformity with the applicable License Key for such
              /c   Licensed Products. Synopsys will use information gathered in connection with
              /c     this process to deliver software updates and pursue software pirates and
              /c                                    infringers.
              /c 
              /c  Inclusivity & Diversity - Visit SolvNetPlus to read the "Synopsys Statement on
              /c             Inclusivity and Diversity" (Refer to article 000036315 at
              /c                         https://solvnetplus.synopsys.com)
              /c 
              /c Build  (OPT) Config 11252589 compiled on Wed Jan 15 11:01:36 2025 for AlmaLinux 8.4
              /c Invocation: /mnt/apps/public/COE/synopsys_apps/primewave/W-2024.09-SP1-2/linux64/platform/bin/custom_shell -application primewave -gui 0 -uniqueString 424077b79e1069ee7782231c2452b3ad4d49f0484e1ba41a3b3a965d3326affa2f6777442c8d8a955976f324bfd5c085 -python 0 -command "source /mnt/coe/workspace/ece/ece546-spr25/group8/group8_project/synopsys_custom/sim_server/custom_compiler.nbandeh/stb.group8.memory_array_tb.schematic.session0/sim_server_init.tcl" -log /mnt/coe/workspace/ece/ece546-spr25/group8/group8_project/synopsys_custom/primewave_session0_sim_server_job1 -libDefFile /mnt/coe/workspace/ece/ece546-spr25/group8/group8_project/lib.defs
              /c Execution time: Sat Apr  5 13:15:03 2025
              /c Host: hydra12.ece.ncsu.edu
              /c Working directory: /mnt/coe/workspace/ece/ece546-spr25/group8/group8_project
              /c 
[13:15:22.02] /m Information: Registering ICV PERC package...
[13:15:23.01] /m Information: Feature 'SynopsysCustomSAE' checked out. (LICENSE-003)
[13:15:23.15] /o 
[13:15:23.21] /i source /mnt/coe/workspace/ece/ece546-spr25/group8/group8_project/synopsys_custom/sim_server/custom_compiler.nbandeh/stb.group8.memory_array_tb.schematic.session0/sim_server_init.tcl
[13:15:24.20] /o SimServer socket started on hydra12.ece.ncsu.edu:44483
[13:15:24.66] /m Information: Launching Waveform Viewer "cd /mnt/coe/workspace/ece/ece546-spr25/group8/group8_project/synopsys_custom/sim_server/custom_compiler.nbandeh/stb.group8.memory_array_tb.schematic.session0/logs &&  /mnt/apps/public/COE/synopsys_apps/primewave/W-2024.09-SP1-2/auxx/../linux64/swv/bin/swv  -bg_gui -k -cdesigner -ptype wv -spxkey /mnt/apps/public/COE/synopsys_apps/primewave/W-2024.09-SP1-2/auxx/waveform/sae.spxkey -spxrc /tmp/tmp_sae_spxrc_DBAxQg -unique_string 424077b79e1069eedf35fc0e13a69ea94d49f0484e1ba41a3b3a965d3326affa43ab9aba1263e4a521062ca113650f58a87e89ed5041c008 -lic_type 2   -parent_cc_pid 1260725  > /mnt/coe/workspace/ece/ece546-spr25/group8/group8_project/synopsys_custom/sim_server/custom_compiler.nbandeh/stb.group8.memory_array_tb.schematic.session0/logs/viewer.log 2>&1"
[13:15:24.71] /o ==== Received Msg ====
              /c len=213 sourceSoc=sock3cde2e70 msgIndex=7 rawMsg=AppendTask /mnt/coe/workspace/ece/ece546-spr25/group8/group8_project/synopsys_custom/sim_server/custom_compiler.nbandeh/stb.group8.memory_array_tb.schematic.session0/task0/sim_script0.tcl 0 saeSession0 1 overwrite
[13:15:24.71] /o 
[13:15:26.35] /o Loading: Callback files...
[13:15:26.37] /o Loading: scripts/callbacks/callbacks.tcl
[13:15:26.37] /o 
              /c [INFO] : Loading display.drf from /mnt/designkits/ncsu/FreePDK3/syncust/NCSU_TechLib_FreePDK3
              /c 
              /c  if you wish to Load other display.drf, please set shell environment valiable "iPDK_load_display_NCSU_TechLib_FreePDK3" to value = 0
[13:15:26.37] /o 
[13:15:26.43] /w Warning: Could not set the value of preference xtDRCTool because it does not exist. (PREFERENCE-016)
[13:15:26.43] /w Warning: Could not set the value of preference xtDRCICVRunsetFile because it does not exist. (PREFERENCE-016)
[13:15:26.43] /w Warning: Could not set the value of preference xtDRCICVIncludePaths because it does not exist. (PREFERENCE-016)
[13:15:26.43] /w Warning: Could not set the value of preference xtDRCLayDBFormat because it does not exist. (PREFERENCE-016)
[13:15:26.43] /w Warning: Could not set the value of preference xtLVSTool because it does not exist. (PREFERENCE-016)
[13:15:26.43] /w Warning: Could not set the value of preference xtLVSICVRunsetFile because it does not exist. (PREFERENCE-016)
[13:15:26.43] /w Warning: Could not set the value of preference xtLVSICVIncludePaths because it does not exist. (PREFERENCE-016)
[13:15:26.43] /w Warning: Could not set the value of preference xtLVSLayDBFormat because it does not exist. (PREFERENCE-016)
[13:15:26.43] /w Warning: Could not set the value of preference xtLPELVSTool because it does not exist. (PREFERENCE-016)
[13:15:26.43] /w Warning: Could not set the value of preference xtLPETool because it does not exist. (PREFERENCE-016)
[13:15:26.43] /w Warning: Could not set the value of preference xtLPEOpenParasiticView because it does not exist. (PREFERENCE-016)
[13:15:26.43] /w Warning: Could not set the value of preference xtStarTcadGrdFile because it does not exist. (PREFERENCE-016)
[13:15:26.43] /w Warning: Could not set the value of preference xtLPEStarOADeviceMappingFile because it does not exist. (PREFERENCE-016)
[13:15:26.43] /w Warning: Could not set the value of preference xtStarOALayerMappingFile because it does not exist. (PREFERENCE-016)
[13:15:26.43] /o 	#######################################
[13:15:26.43] /o 	CC-PDK Library Name	: FreePDK3
[13:15:26.43] /o 	#######################################
[13:15:26.43] /o 
[13:15:26.63] /m Information: Save ouputs to /mnt/coe/workspace/ece/ece546-spr25/group8/group8_project/simulation/group8,memory_array_tb,schematic/history_1/simulation/HSPICE_default_working_Makes_Sense/HSPICE/nominal/results/outputs.tcl for AVA evaluation.
[13:15:28.57] /o 
[13:15:28.84] /# Composing simulator input file for design "group8/memory_array_tb/schematic"...
[13:15:35.44] /# Simulator input file composed successfully for design "group8/memory_array_tb/schematic"
[13:15:36.61] /o                                          Composing Nominal                                         
[13:15:36.97] /o               Launching jobs for testbench HSPICE_default_working_Makes_Sense started              
[13:15:36.98] /# Starting PrimeSimHSPICE simulation for design: group8/memory_array_tb/schematic
[13:15:37.05] /o                Creating jobs for testbench HSPICE_default_working_Makes_Sense (0 / 1)               
[13:15:37.11] /o                  Launching 1 jobs for testbench HSPICE_default_working_Makes_Sense                 
[13:15:37.48] /o               Launching jobs for testbench HSPICE_default_working_Makes_Sense finished              
[13:15:38.08] /m Information: 0 of 1 testbench(es) done. (PW_GUI-714)
[13:15:43.03] /m Information: Job distribution master (saeSession0,HSPICE_default_working_Makes_Sense.Simulation_Simulation session:session0 testbench:HSPICE_default_working_Makes_Sense) : up to 1 job running workers.
[13:16:18.94] /# Simulation completed successfully for design: group8/memory_array_tb/schematic  (PW-651)
[13:16:19.03] /# Netlisting and simulation completed for testbench: HSPICE_default_working_Makes_Sense in 53s
[13:16:19.04] /# Evaluating and plotting outputs...
[13:16:23.39] /m Information: Jobs distribution master quit! (PW_GUI-822)
[13:16:23.91] /# Evaluating and plotting completed for testbench: HSPICE_default_working_Makes_Sense in 4s
[13:16:24.08] /m Information: 1 of 1 testbench(es) done. (PW_GUI-714)
[13:20:02.15] /o ==== Received Msg ====
              /c len=8 sourceSoc=sock3cde2e70 msgIndex=15 rawMsg=idleExit
[13:20:02.15] /o 
[13:20:02.22] /m Information: Exiting simulation server process. (PW_GUI-984)
[13:20:05.43] /o Shutdown time: Sat Apr  5 13:20:05 2025
[13:20:05.43] /o Elapsed session real time: 5 minutes
[13:20:05.44] /o Session terminated. Log is at /mnt/coe/workspace/ece/ece546-spr25/group8/group8_project/synopsys_custom/logs/primewave.nbandeh.2025_4_5_131503_1260725.log
[13:20:05.46] /e Error: {}
