[21:10:31.37] /o 
              /c                          PrimeWave Design Environment 
              /c 
              /c                Version W-2024.09-SP1-2 for linux64 - Jan 15, 2025
              /c              Based on Custom Infrastructure
              /c Version W-2024.09-SP1-2
              /c 
              /c                     Copyright (c) 2004 - 2025 Synopsys, Inc.
              /c    This software and the associated documentation are proprietary to Synopsys,
              /c  Inc. This software may only be used in accordance with the terms and conditions
              /c  of a written license agreement with Synopsys, Inc. All other use, reproduction,
              /c    or distribution of this software is strictly prohibited.  Licensed Products
              /c      communicate with Synopsys servers for the purpose of providing software
              /c     updates, detecting software piracy and verifying that customers are using
              /c     Licensed Products in conformity with the applicable License Key for such
              /c   Licensed Products. Synopsys will use information gathered in connection with
              /c     this process to deliver software updates and pursue software pirates and
              /c                                    infringers.
              /c 
              /c  Inclusivity & Diversity - Visit SolvNetPlus to read the "Synopsys Statement on
              /c             Inclusivity and Diversity" (Refer to article 000036315 at
              /c                         https://solvnetplus.synopsys.com)
              /c 
              /c Build  (OPT) Config 11252589 compiled on Wed Jan 15 11:01:36 2025 for AlmaLinux 8.4
              /c Invocation: /mnt/apps/public/COE/synopsys_apps/primewave/W-2024.09-SP1-2/linux64/platform/bin/custom_shell -application primewave -gui 0 -uniqueString 424077b79e1069eec647c84b622085a76c7dd0c34ddd3fe0c1cb7792ad947542bfb9511d9f67d7083d7079393b2247fe -python 0 -log pw_shell_session0_job4 -libDefFile /mnt/coe/workspace/ece/ece546-spr25/group8/group8_project/lib.defs
              /c Execution time: Mon Mar 31 21:10:25 2025
              /c Host: hydra12.ece.ncsu.edu
              /c Working directory: /mnt/coe/workspace/ece/ece546-spr25/group8/group8_project
              /c 
[21:10:39.96] /m Information: Registering ICV PERC package...
[21:10:40.78] /m Information: Feature 'SynopsysCustomSAE' checked out. (LICENSE-003)
[21:10:40.79] /i catch {source /tmp/copyScript81227}; ::sa::_backgroundSaeShell::signalProcessReady 1743469822 905346
[21:10:40.80] /o saeInterBGSaeShell:  ::sa::_backgroundSaeShell::processReady 18
[21:10:41.14] /o 
[21:10:41.15] /i ::sa::_backgroundSaeShell::runScript /mnt/coe/workspace/ece/ece546-spr25/group8/group8_project/simulation/group8,2to4decodermux_tb,schematic/history_1/simulation/HSPICE_default/HSPICE/nominal/.bg_measurement_script.tcl 0 sa::_resultsDatabase::saeShellProcessingCompletedProc testSuiteName saeSession0 uniqueSessionName {} testbenchName HSPICE_default resultsDir /mnt/coe/workspace/ece/ece546-spr25/group8/group8_project/simulation/group8,2to4decodermux_tb,schematic/history_1/simulation/HSPICE_default/HSPICE/nominal/results testSuiteDir /mnt/coe/workspace/ece/ece546-spr25/group8/group8_project/simulation/group8,2to4decodermux_tb,schematic/history_1/simulation/HSPICE_default/HSPICE/nominal databaseName /mnt/coe/workspace/ece/ece546-spr25/group8/group8_project/simulation/group8,2to4decodermux_tb,schematic/history_1/simulation/HSPICE_default/HSPICE/nominal/resultsDatabase remoteRun {} testbenchId 1 saveImages true invokeFrom SIM_DONE
[21:10:42.81] /m Information: Loading preferences from /mnt/coe/workspace/ece/ece546-spr25/group8/group8_project/simulation/group8,2to4decodermux_tb,schematic/history_1/simulation/HSPICE_default/HSPICE/nominal/pw_shell_session_prefs.xml
[21:10:43.11] /o Loading: Callback files...
[21:10:43.13] /o Loading: scripts/callbacks/callbacks.tcl
[21:10:43.13] /o 
              /c [INFO] : Loading display.drf from /mnt/designkits/ncsu/FreePDK3/syncust/NCSU_TechLib_FreePDK3
              /c 
              /c  if you wish to Load other display.drf, please set shell environment valiable "iPDK_load_display_NCSU_TechLib_FreePDK3" to value = 0
[21:10:43.13] /o 
[21:10:43.19] /w Warning: Could not set the value of preference xtDRCTool because it does not exist. (PREFERENCE-016)
[21:10:43.19] /w Warning: Could not set the value of preference xtDRCICVRunsetFile because it does not exist. (PREFERENCE-016)
[21:10:43.19] /w Warning: Could not set the value of preference xtDRCICVIncludePaths because it does not exist. (PREFERENCE-016)
[21:10:43.19] /w Warning: Could not set the value of preference xtDRCLayDBFormat because it does not exist. (PREFERENCE-016)
[21:10:43.19] /w Warning: Could not set the value of preference xtLVSTool because it does not exist. (PREFERENCE-016)
[21:10:43.19] /w Warning: Could not set the value of preference xtLVSICVRunsetFile because it does not exist. (PREFERENCE-016)
[21:10:43.19] /w Warning: Could not set the value of preference xtLVSICVIncludePaths because it does not exist. (PREFERENCE-016)
[21:10:43.19] /w Warning: Could not set the value of preference xtLVSLayDBFormat because it does not exist. (PREFERENCE-016)
[21:10:43.19] /w Warning: Could not set the value of preference xtLPELVSTool because it does not exist. (PREFERENCE-016)
[21:10:43.19] /w Warning: Could not set the value of preference xtLPETool because it does not exist. (PREFERENCE-016)
[21:10:43.19] /w Warning: Could not set the value of preference xtLPEOpenParasiticView because it does not exist. (PREFERENCE-016)
[21:10:43.19] /w Warning: Could not set the value of preference xtStarTcadGrdFile because it does not exist. (PREFERENCE-016)
[21:10:43.19] /w Warning: Could not set the value of preference xtLPEStarOADeviceMappingFile because it does not exist. (PREFERENCE-016)
[21:10:43.19] /w Warning: Could not set the value of preference xtStarOALayerMappingFile because it does not exist. (PREFERENCE-016)
[21:10:43.19] /o 	#######################################
[21:10:43.19] /o 	CC-PDK Library Name	: FreePDK3
[21:10:43.19] /o 	#######################################
[21:10:43.19] /o 
[21:10:43.71] /m Information: Start incremental database creation...
[21:10:43.81] /m Information: Create Iter role param id map
[21:10:44.40] /o saeInterBGSaeShell:  ::sa::_backgroundSaeShell::scriptFinished 3.2 {} sa::_resultsDatabase::saeShellProcessingCompletedProc testSuiteName saeSession0 uniqueSessionName {} testbenchName HSPICE_default resultsDir /mnt/coe/workspace/ece/ece546-spr25/group8/group8_project/simulation/group8,2to4decodermux_tb,schematic/history_1/simulation/HSPICE_default/HSPICE/nominal/results testSuiteDir /mnt/coe/workspace/ece/ece546-spr25/group8/group8_project/simulation/group8,2to4decodermux_tb,schematic/history_1/simulation/HSPICE_default/HSPICE/nominal databaseName /mnt/coe/workspace/ece/ece546-spr25/group8/group8_project/simulation/group8,2to4decodermux_tb,schematic/history_1/simulation/HSPICE_default/HSPICE/nominal/resultsDatabase remoteRun {} testbenchId 1 saveImages true invokeFrom SIM_DONE
[21:10:44.40] /o false
[21:15:46.72] /o saeInterBGSaeShell:  ::sa::_backgroundSaeShell::pingBack
[21:15:47.04] /i ::sa::_backgroundSaeShell::parentRunning
[21:15:47.04] /o false
[21:16:00.03] /i ::wf::viewerExited
[21:16:05.30] /i ::wf::updateViewerLicense 2
[21:17:40.57] /i ::sa::_backgroundSaeShell::runScript /mnt/coe/workspace/ece/ece546-spr25/group8/group8_project/simulation/group8,2to4decodermux_tb,schematic/history_1/simulation/HSPICE_default/HSPICE/nominal/.bg_measurement_script.tcl 0 sa::_resultsDatabase::saeShellProcessingCompletedProc testSuiteName saeSession0 uniqueSessionName {} testbenchName HSPICE_default resultsDir /mnt/coe/workspace/ece/ece546-spr25/group8/group8_project/simulation/group8,2to4decodermux_tb,schematic/history_1/simulation/HSPICE_default/HSPICE/nominal/results testSuiteDir /mnt/coe/workspace/ece/ece546-spr25/group8/group8_project/simulation/group8,2to4decodermux_tb,schematic/history_1/simulation/HSPICE_default/HSPICE/nominal databaseName /mnt/coe/workspace/ece/ece546-spr25/group8/group8_project/simulation/group8,2to4decodermux_tb,schematic/history_1/simulation/HSPICE_default/HSPICE/nominal/resultsDatabase remoteRun {} testbenchId 1 saveImages true invokeFrom SIM_DONE
[21:17:40.65] /m Information: Feature 'SynopsysCustomSAE' checked in. (LICENSE-004)
[21:17:40.71] /m Information: Feature 'SynopsysCustomSAE' checked out. (LICENSE-003)
[21:17:41.82] /m Information: Loading preferences from /mnt/coe/workspace/ece/ece546-spr25/group8/group8_project/simulation/group8,2to4decodermux_tb,schematic/history_1/simulation/HSPICE_default/HSPICE/nominal/pw_shell_session_prefs.xml
[21:17:42.55] /m Information: Start incremental database creation...
[21:17:42.65] /m Information: Create Iter role param id map
[21:17:43.25] /o saeInterBGSaeShell:  ::sa::_backgroundSaeShell::scriptFinished 2.6 {} sa::_resultsDatabase::saeShellProcessingCompletedProc testSuiteName saeSession0 uniqueSessionName {} testbenchName HSPICE_default resultsDir /mnt/coe/workspace/ece/ece546-spr25/group8/group8_project/simulation/group8,2to4decodermux_tb,schematic/history_1/simulation/HSPICE_default/HSPICE/nominal/results testSuiteDir /mnt/coe/workspace/ece/ece546-spr25/group8/group8_project/simulation/group8,2to4decodermux_tb,schematic/history_1/simulation/HSPICE_default/HSPICE/nominal databaseName /mnt/coe/workspace/ece/ece546-spr25/group8/group8_project/simulation/group8,2to4decodermux_tb,schematic/history_1/simulation/HSPICE_default/HSPICE/nominal/resultsDatabase remoteRun {} testbenchId 1 saveImages true invokeFrom SIM_DONE
[21:17:43.25] /o false
[21:17:43.25] /o 
[21:19:23.12] /i ::wf::viewerExited
[21:19:26.62] /i ::wf::updateViewerLicense 2
[21:19:43.47] /i ::sa::_backgroundSaeShell::exit
[21:19:43.47] /o saeInterBGSaeShell:  ::sa::_backgroundSaeShell::childFormallyExiting
[21:19:46.84] /o Shutdown time: Mon Mar 31 21:19:46 2025
[21:19:46.84] /o Elapsed session real time: 9.33 minutes
[21:19:46.84] /o Session terminated. Log is at /mnt/coe/workspace/ece/ece546-spr25/group8/group8_project/synopsys_custom/logs/primewave.nbandeh.2025_3_31_211025_1015053.log
[21:19:46.86] /i ::wf::viewerExited
[21:19:46.87] /i ::wf::viewerExited
