[12:08:22.25] /o 
              /c                          PrimeWave Design Environment 
              /c 
              /c                Version W-2024.09-SP1-2 for linux64 - Jan 15, 2025
              /c              Based on Custom Infrastructure
              /c Version W-2024.09-SP1-2
              /c 
              /c                     Copyright (c) 2004 - 2025 Synopsys, Inc.
              /c    This software and the associated documentation are proprietary to Synopsys,
              /c  Inc. This software may only be used in accordance with the terms and conditions
              /c  of a written license agreement with Synopsys, Inc. All other use, reproduction,
              /c    or distribution of this software is strictly prohibited.  Licensed Products
              /c      communicate with Synopsys servers for the purpose of providing software
              /c     updates, detecting software piracy and verifying that customers are using
              /c     Licensed Products in conformity with the applicable License Key for such
              /c   Licensed Products. Synopsys will use information gathered in connection with
              /c     this process to deliver software updates and pursue software pirates and
              /c                                    infringers.
              /c 
              /c  Inclusivity & Diversity - Visit SolvNetPlus to read the "Synopsys Statement on
              /c             Inclusivity and Diversity" (Refer to article 000036315 at
              /c                         https://solvnetplus.synopsys.com)
              /c 
              /c Build  (OPT) Config 11252589 compiled on Wed Jan 15 11:01:36 2025 for AlmaLinux 8.4
              /c Invocation: /mnt/apps/public/COE/synopsys_apps/primewave/W-2024.09-SP1-2/linux64/platform/bin/custom_shell -application primewave -gui 0 -uniqueString 424077b79e1069ee481600732d7e6e8363ae1e28e33e1ee08dd83fb0058eea4af2b6dff84f67fbfb64c8abfadee8e884 -python 0 -command "source /mnt/coe/workspace/ece/ece546-spr25/group8/group8_project/synopsys_custom/sim_server/custom_compiler.svkolach/stb.group8.sram_6t_tb.schematic.session0/sim_server_init.tcl" -log /mnt/coe/workspace/ece/ece546-spr25/group8/group8_project/synopsys_custom/primewave_session0_sim_server_job1 -libDefFile /mnt/coe/workspace/ece/ece546-spr25/group8/group8_project/lib.defs
              /c Execution time: Tue Mar 25 12:08:19 2025
              /c Host: grendel43.ece.ncsu.edu
              /c Working directory: /mnt/coe/workspace/ece/ece546-spr25/group8/group8_project
              /c 
[12:08:29.64] /m Information: Registering ICV PERC package...
[12:08:29.84] /w Warning: In file /mnt/coe/workspace/ece/ece546-spr25/group8/group8_project/lib.defs: Unable to open library proj_common at path /mnt/coe/workspace/ece/ece546-common/proj_common : No access permission. (DATA_MANAGEMENT-014)
[12:08:30.34] /m Information: Feature 'SynopsysCustomSAE' checked out. (LICENSE-003)
[12:08:30.56] /o 
[12:08:30.59] /i source /mnt/coe/workspace/ece/ece546-spr25/group8/group8_project/synopsys_custom/sim_server/custom_compiler.svkolach/stb.group8.sram_6t_tb.schematic.session0/sim_server_init.tcl
[12:08:30.97] /o SimServer socket started on grendel43.ece.ncsu.edu:32835
[12:08:31.66] /m Information: Launching Waveform Viewer "cd /mnt/coe/workspace/ece/ece546-spr25/group8/group8_project/synopsys_custom/sim_server/custom_compiler.svkolach/stb.group8.sram_6t_tb.schematic.session0/logs &&  /mnt/apps/public/COE/synopsys_apps/primewave/W-2024.09-SP1-2/auxx/../linux64/swv/bin/swv  -bg_gui -k -cdesigner -ptype wv -spxkey /mnt/apps/public/COE/synopsys_apps/primewave/W-2024.09-SP1-2/auxx/waveform/sae.spxkey -spxrc /tmp/tmp_sae_spxrc_UCzV3F -unique_string 424077b79e1069ee86aa612809c7614a63ae1e28e33e1ee08dd83fb0058eea4adb87396eccbed9c98304fc526384bc8109611de55fe84264 -lic_type 2   -parent_cc_pid 303507  > /mnt/coe/workspace/ece/ece546-spr25/group8/group8_project/synopsys_custom/sim_server/custom_compiler.svkolach/stb.group8.sram_6t_tb.schematic.session0/logs/viewer.log 2>&1"
[12:08:31.71] /o ==== Received Msg ====
              /c len=209 sourceSoc=sock4ba68760 msgIndex=9 rawMsg=AppendTask /mnt/coe/workspace/ece/ece546-spr25/group8/group8_project/synopsys_custom/sim_server/custom_compiler.svkolach/stb.group8.sram_6t_tb.schematic.session0/task0/sim_script0.tcl 0 saeSession0 1 overwrite
[12:08:31.71] /o 
[12:08:31.83] /o ==== Received Msg ====
              /c len=26 sourceSoc=sock4ba68760 msgIndex=10 rawMsg=evalCmd ::wf::viewerExited
[12:08:31.83] /o 
[12:08:31.85] /o ==== Received Msg ====
              /c len=35 sourceSoc=sock4ba68760 msgIndex=11 rawMsg=evalCmd ::wf::updateViewerLicense 2
[12:08:31.85] /o 
[12:08:33.19] /w Warning: In file /mnt/coe/workspace/ece/ece546-spr25/group8/group8_project/lib.defs: Unable to open library proj_common at path /mnt/coe/workspace/ece/ece546-common/proj_common : No access permission. (DATA_MANAGEMENT-014)
[12:08:34.84] /m Information: "Starting incremental netlisting for design "group8/sram_6t_tb/schematic"..." (NETLISTING-010)
[12:08:34.96] /o Loading: Callback files...
[12:08:34.99] /o Loading: scripts/callbacks/callbacks.tcl
[12:08:34.99] /o 
              /c [INFO] : Loading display.drf from /mnt/designkits/ncsu/FreePDK3/syncust/NCSU_TechLib_FreePDK3
              /c 
              /c  if you wish to Load other display.drf, please set shell environment valiable "iPDK_load_display_NCSU_TechLib_FreePDK3" to value = 0
[12:08:34.99] /o 
[12:08:35.03] /w Warning: Could not set the value of preference xtDRCTool because it does not exist. (PREFERENCE-016)
[12:08:35.03] /w Warning: Could not set the value of preference xtDRCICVRunsetFile because it does not exist. (PREFERENCE-016)
[12:08:35.03] /w Warning: Could not set the value of preference xtDRCICVIncludePaths because it does not exist. (PREFERENCE-016)
[12:08:35.03] /w Warning: Could not set the value of preference xtDRCLayDBFormat because it does not exist. (PREFERENCE-016)
[12:08:35.03] /w Warning: Could not set the value of preference xtLVSTool because it does not exist. (PREFERENCE-016)
[12:08:35.03] /w Warning: Could not set the value of preference xtLVSICVRunsetFile because it does not exist. (PREFERENCE-016)
[12:08:35.03] /w Warning: Could not set the value of preference xtLVSICVIncludePaths because it does not exist. (PREFERENCE-016)
[12:08:35.03] /w Warning: Could not set the value of preference xtLVSLayDBFormat because it does not exist. (PREFERENCE-016)
[12:08:35.03] /w Warning: Could not set the value of preference xtLPELVSTool because it does not exist. (PREFERENCE-016)
[12:08:35.03] /w Warning: Could not set the value of preference xtLPETool because it does not exist. (PREFERENCE-016)
[12:08:35.03] /w Warning: Could not set the value of preference xtLPEOpenParasiticView because it does not exist. (PREFERENCE-016)
[12:08:35.03] /w Warning: Could not set the value of preference xtStarTcadGrdFile because it does not exist. (PREFERENCE-016)
[12:08:35.03] /w Warning: Could not set the value of preference xtLPEStarOADeviceMappingFile because it does not exist. (PREFERENCE-016)
[12:08:35.03] /w Warning: Could not set the value of preference xtStarOALayerMappingFile because it does not exist. (PREFERENCE-016)
[12:08:35.03] /o 	#######################################
[12:08:35.03] /o 	CC-PDK Library Name	: FreePDK3
[12:08:35.03] /o 	#######################################
[12:08:35.03] /o 
[12:08:35.11] /o Netlisting
[12:08:35.11] /o Creating output directories
[12:08:35.49] /o No Design Integrity rule violations found in "group8/sram_6t_tb/schematic"
[12:08:35.49] /o Scanning: group8/sram_6t_tb/schematic
[12:08:35.76] /o Scanning: group8/sram_6t/schematic
[12:08:36.03] /o Computing terminal lists
[12:08:36.03] /o Processing terminals of module group8/sram_6t/schematic
[12:08:36.04] /o Processing terminals of module group8/sram_6t_tb/schematic
[12:08:36.05] /o Starting netlisting
[12:08:36.26] /o Formatting group8/sram_6t/schematic
[12:08:36.28] /m Information: "group8 sram_6t schematic" renetlisted. (NETLISTING-056)
[12:08:36.45] /o Formatting group8/sram_6t_tb/schematic
[12:08:36.47] /m Information: "group8 sram_6t_tb schematic" renetlisted. (NETLISTING-056)
[12:08:36.73] /m Information: "Netlisting design "group8/sram_6t_tb/schematic" finished successfully." (NETLISTING-012)
[12:08:36.87] /# Composing simulator input file for design "group8/sram_6t_tb/schematic"...
[12:08:39.66] /# Simulator input file composed successfully for design "group8/sram_6t_tb/schematic"
[12:08:39.98] /m Information: Save ouputs to /mnt/coe/workspace/ece/ece546-spr25/group8/group8_project/simulation/group8,sram_6t_tb,schematic/history_1/simulation/default/PrimeSimHSPICE/nominal/results/outputs.tcl for AVA evaluation.
[12:08:42.68] /o 
[12:08:44.77] /o                                          Composing Nominal                                         
[12:08:45.44] /o                             Launching jobs for testbench default started                            
[12:08:45.47] /# Starting PrimeSimHSPICE simulation for design: group8/sram_6t_tb/schematic
[12:08:45.61] /o                             Creating jobs for testbench default (0 / 1)                            
[12:08:45.74] /o                                Launching 1 jobs for testbench default                               
[12:08:54.22] /o                            Launching jobs for testbench default finished                           
[12:08:56.72] /m Information: 0 of 1 testbench(es) done. (PW_GUI-714)
[12:08:58.28] /m Information: Job distribution master (saeSession0,default.Simulation_Simulation session:session0 testbench:default) : up to 1 job running workers.
[12:09:26.27] /# Simulation completed successfully for design: group8/sram_6t_tb/schematic  (PW-651)
[12:09:26.44] /# Netlisting and simulation completed for testbench: default in 53s
[12:09:26.46] /# Evaluating and plotting outputs...
[12:09:31.78] /m Information: Jobs distribution master quit! (PW_GUI-822)
[12:09:32.78] /# Evaluating and plotting completed for testbench: default in 6s
[12:09:32.87] /m Information: 1 of 1 testbench(es) done. (PW_GUI-714)
[12:11:12.49] /o ==== Received Msg ====
              /c len=8 sourceSoc=sock4ba68760 msgIndex=12 rawMsg=idleExit
[12:11:12.49] /o 
[12:11:12.54] /m Information: Exiting simulation server process. (PW_GUI-984)
[12:11:14.49] /o Shutdown time: Tue Mar 25 12:11:14 2025
[12:11:14.49] /o Elapsed session real time: 2.9 minutes
[12:11:14.49] /o Session terminated. Log is at /mnt/coe/workspace/ece/ece546-spr25/group8/group8_project/synopsys_custom/logs/primewave.svkolach.2025_3_25_120819_303507.log
[12:11:14.51] /e Error: {}
