[21:09:43.44] /o 
              /c                          PrimeWave Design Environment 
              /c 
              /c                Version W-2024.09-SP1-2 for linux64 - Jan 15, 2025
              /c              Based on Custom Infrastructure
              /c Version W-2024.09-SP1-2
              /c 
              /c                     Copyright (c) 2004 - 2025 Synopsys, Inc.
              /c    This software and the associated documentation are proprietary to Synopsys,
              /c  Inc. This software may only be used in accordance with the terms and conditions
              /c  of a written license agreement with Synopsys, Inc. All other use, reproduction,
              /c    or distribution of this software is strictly prohibited.  Licensed Products
              /c      communicate with Synopsys servers for the purpose of providing software
              /c     updates, detecting software piracy and verifying that customers are using
              /c     Licensed Products in conformity with the applicable License Key for such
              /c   Licensed Products. Synopsys will use information gathered in connection with
              /c     this process to deliver software updates and pursue software pirates and
              /c                                    infringers.
              /c 
              /c  Inclusivity & Diversity - Visit SolvNetPlus to read the "Synopsys Statement on
              /c             Inclusivity and Diversity" (Refer to article 000036315 at
              /c                         https://solvnetplus.synopsys.com)
              /c 
              /c Build  (OPT) Config 11252589 compiled on Wed Jan 15 11:01:36 2025 for AlmaLinux 8.4
              /c Invocation: /mnt/apps/public/COE/synopsys_apps/primewave/W-2024.09-SP1-2/linux64/platform/bin/custom_shell -application primewave -gui 0 -uniqueString 424077b79e1069eea23cf3be4e8d4a3ab352b129e5a3670e3b3a965d3326affaa3dc368f4c2d60fe691593cb03c2ac7e -python 0 -log pw_shell_session0_job23 -libDefFile /mnt/coe/workspace/ece/ece546-spr25/group8/group8_project/lib.defs
              /c Execution time: Wed Apr  9 21:09:37 2025
              /c Host: hydra11.ece.ncsu.edu
              /c Working directory: /mnt/coe/workspace/ece/ece546-spr25/group8/group8_project
              /c 
[21:09:55.69] /m Information: Registering ICV PERC package...
[21:09:56.61] /m Information: Feature 'SynopsysCustomSAE' checked out. (LICENSE-003)
[21:09:56.62] /i catch {source /tmp/copyScript393}; ::sa::_backgroundSaeShell::signalProcessReady 1744247374 1006833
[21:09:56.65] /o saeInterBGSaeShell:  ::sa::_backgroundSaeShell::processReady 22
[21:09:57.14] /o 
[21:10:28.87] /i ::wf::viewerExited
[21:10:34.22] /i ::wf::updateViewerLicense 2
[21:11:34.13] /i ::sa::_backgroundSaeShell::exit
[21:11:34.13] /o saeInterBGSaeShell:  ::sa::_backgroundSaeShell::childFormallyExiting
[21:11:37.06] /o Shutdown time: Wed Apr  9 21:11:37 2025
[21:11:37.06] /o Elapsed session real time: 1.96 minutes
[21:11:37.06] /o Session terminated. Log is at /mnt/coe/workspace/ece/ece546-spr25/group8/group8_project/synopsys_custom/logs/primewave.hrajesh.2025_4_9_210937_1106286.log
