[09:51:21.72] /o 
              /c                          PrimeWave Design Environment 
              /c 
              /c                Version W-2024.09-SP1-2 for linux64 - Jan 15, 2025
              /c              Based on Custom Infrastructure
              /c Version W-2024.09-SP1-2
              /c 
              /c                     Copyright (c) 2004 - 2025 Synopsys, Inc.
              /c    This software and the associated documentation are proprietary to Synopsys,
              /c  Inc. This software may only be used in accordance with the terms and conditions
              /c  of a written license agreement with Synopsys, Inc. All other use, reproduction,
              /c    or distribution of this software is strictly prohibited.  Licensed Products
              /c      communicate with Synopsys servers for the purpose of providing software
              /c     updates, detecting software piracy and verifying that customers are using
              /c     Licensed Products in conformity with the applicable License Key for such
              /c   Licensed Products. Synopsys will use information gathered in connection with
              /c     this process to deliver software updates and pursue software pirates and
              /c                                    infringers.
              /c 
              /c  Inclusivity & Diversity - Visit SolvNetPlus to read the "Synopsys Statement on
              /c             Inclusivity and Diversity" (Refer to article 000036315 at
              /c                         https://solvnetplus.synopsys.com)
              /c 
              /c Build  (OPT) Config 11252589 compiled on Wed Jan 15 11:01:36 2025 for AlmaLinux 8.4
              /c Invocation: /mnt/apps/public/COE/synopsys_apps/primewave/W-2024.09-SP1-2/linux64/platform/bin/custom_shell -application primewave -gui 0 -uniqueString 424077b79e1069ee9f074479862a2487237d0ff9c53bf8841ca54e530ed029672ebc769abb176a49cb028445fcb69553 -python 0 -log pw_shell_session1_job5 -libDefFile /mnt/coe/workspace/ece/ece546-spr25/group8/group8_project/lib.defs
              /c Execution time: Thu Apr  3 09:51:19 2025
              /c Host: grendel42.ece.ncsu.edu
              /c Working directory: /mnt/coe/workspace/ece/ece546-spr25/group8/group8_project
              /c 
[09:51:28.31] /m Information: Registering ICV PERC package...
[09:51:29.04] /m Information: Feature 'SynopsysCustomSAE' checked out. (LICENSE-003)
[09:51:29.05] /i catch {source /tmp/copyScript89573}; ::sa::_backgroundSaeShell::signalProcessReady 1743688276 1222756
[09:51:29.06] /o saeInterBGSaeShell:  ::sa::_backgroundSaeShell::processReady 13
[09:51:29.22] /o 
[09:51:29.22] /i ::sa::_backgroundSaeShell::runScript /mnt/coe/workspace/ece/ece546-spr25/group8/group8_project/simulation/group8,sram_6t_tb,schematic/history_1/simulation/HSPICE_default_2/HSPICE/nominal/.bg_measurement_script.tcl 0 sa::_resultsDatabase::saeShellProcessingCompletedProc testSuiteName saeSession1 uniqueSessionName {} testbenchName HSPICE_default_2 resultsDir /mnt/coe/workspace/ece/ece546-spr25/group8/group8_project/simulation/group8,sram_6t_tb,schematic/history_1/simulation/HSPICE_default_2/HSPICE/nominal/results testSuiteDir /mnt/coe/workspace/ece/ece546-spr25/group8/group8_project/simulation/group8,sram_6t_tb,schematic/history_1/simulation/HSPICE_default_2/HSPICE/nominal databaseName /mnt/coe/workspace/ece/ece546-spr25/group8/group8_project/simulation/group8,sram_6t_tb,schematic/history_1/simulation/HSPICE_default_2/HSPICE/nominal/resultsDatabase remoteRun {} testbenchId 1 saveImages true invokeFrom SIM_DONE
[09:51:30.60] /m Information: Loading preferences from /mnt/coe/workspace/ece/ece546-spr25/group8/group8_project/simulation/group8,sram_6t_tb,schematic/history_1/simulation/HSPICE_default_2/HSPICE/nominal/pw_shell_session_prefs.xml
[09:51:30.83] /o Loading: Callback files...
[09:51:30.85] /o Loading: scripts/callbacks/callbacks.tcl
[09:51:30.85] /o 
              /c [INFO] : Loading display.drf from /mnt/designkits/ncsu/FreePDK3/syncust/NCSU_TechLib_FreePDK3
              /c 
              /c  if you wish to Load other display.drf, please set shell environment valiable "iPDK_load_display_NCSU_TechLib_FreePDK3" to value = 0
[09:51:30.85] /o 
[09:51:30.88] /w Warning: Could not set the value of preference xtDRCTool because it does not exist. (PREFERENCE-016)
[09:51:30.88] /w Warning: Could not set the value of preference xtDRCICVRunsetFile because it does not exist. (PREFERENCE-016)
[09:51:30.88] /w Warning: Could not set the value of preference xtDRCICVIncludePaths because it does not exist. (PREFERENCE-016)
[09:51:30.88] /w Warning: Could not set the value of preference xtDRCLayDBFormat because it does not exist. (PREFERENCE-016)
[09:51:30.88] /w Warning: Could not set the value of preference xtLVSTool because it does not exist. (PREFERENCE-016)
[09:51:30.88] /w Warning: Could not set the value of preference xtLVSICVRunsetFile because it does not exist. (PREFERENCE-016)
[09:51:30.88] /w Warning: Could not set the value of preference xtLVSICVIncludePaths because it does not exist. (PREFERENCE-016)
[09:51:30.88] /w Warning: Could not set the value of preference xtLVSLayDBFormat because it does not exist. (PREFERENCE-016)
[09:51:30.88] /w Warning: Could not set the value of preference xtLPELVSTool because it does not exist. (PREFERENCE-016)
[09:51:30.88] /w Warning: Could not set the value of preference xtLPETool because it does not exist. (PREFERENCE-016)
[09:51:30.88] /w Warning: Could not set the value of preference xtLPEOpenParasiticView because it does not exist. (PREFERENCE-016)
[09:51:30.88] /w Warning: Could not set the value of preference xtStarTcadGrdFile because it does not exist. (PREFERENCE-016)
[09:51:30.88] /w Warning: Could not set the value of preference xtLPEStarOADeviceMappingFile because it does not exist. (PREFERENCE-016)
[09:51:30.88] /w Warning: Could not set the value of preference xtStarOALayerMappingFile because it does not exist. (PREFERENCE-016)
[09:51:30.88] /o 	#######################################
[09:51:30.88] /o 	CC-PDK Library Name	: FreePDK3
[09:51:30.88] /o 	#######################################
[09:51:30.88] /o 
[09:51:31.34] /m Information: Start incremental database creation...
[09:51:31.43] /m Information: Create Iter role param id map
[09:51:31.87] /o saeInterBGSaeShell:  ::sa::_backgroundSaeShell::scriptFinished 2.6 {} sa::_resultsDatabase::saeShellProcessingCompletedProc testSuiteName saeSession1 uniqueSessionName {} testbenchName HSPICE_default_2 resultsDir /mnt/coe/workspace/ece/ece546-spr25/group8/group8_project/simulation/group8,sram_6t_tb,schematic/history_1/simulation/HSPICE_default_2/HSPICE/nominal/results testSuiteDir /mnt/coe/workspace/ece/ece546-spr25/group8/group8_project/simulation/group8,sram_6t_tb,schematic/history_1/simulation/HSPICE_default_2/HSPICE/nominal databaseName /mnt/coe/workspace/ece/ece546-spr25/group8/group8_project/simulation/group8,sram_6t_tb,schematic/history_1/simulation/HSPICE_default_2/HSPICE/nominal/resultsDatabase remoteRun {} testbenchId 1 saveImages true invokeFrom SIM_DONE
[09:51:31.87] /o false
[09:51:52.50] /i ::wf::viewerExited
[09:51:55.92] /i ::wf::updateViewerLicense 2
[09:55:05.86] /i ::sa::_backgroundSaeShell::exit
[09:55:05.86] /o saeInterBGSaeShell:  ::sa::_backgroundSaeShell::childFormallyExiting
[09:55:08.09] /o Shutdown time: Thu Apr  3 09:55:08 2025
[09:55:08.09] /o Elapsed session real time: 3.8 minutes
[09:55:08.10] /o Session terminated. Log is at /mnt/coe/workspace/ece/ece546-spr25/group8/group8_project/synopsys_custom/logs/primewave.hrajesh.2025_4_3_095119_1707704.log
