[17:10:42.82] /o 
              /c                          PrimeWave Design Environment 
              /c 
              /c                Version W-2024.09-SP1-2 for linux64 - Jan 15, 2025
              /c              Based on Custom Infrastructure
              /c Version W-2024.09-SP1-2
              /c 
              /c                     Copyright (c) 2004 - 2025 Synopsys, Inc.
              /c    This software and the associated documentation are proprietary to Synopsys,
              /c  Inc. This software may only be used in accordance with the terms and conditions
              /c  of a written license agreement with Synopsys, Inc. All other use, reproduction,
              /c    or distribution of this software is strictly prohibited.  Licensed Products
              /c      communicate with Synopsys servers for the purpose of providing software
              /c     updates, detecting software piracy and verifying that customers are using
              /c     Licensed Products in conformity with the applicable License Key for such
              /c   Licensed Products. Synopsys will use information gathered in connection with
              /c     this process to deliver software updates and pursue software pirates and
              /c                                    infringers.
              /c 
              /c  Inclusivity & Diversity - Visit SolvNetPlus to read the "Synopsys Statement on
              /c             Inclusivity and Diversity" (Refer to article 000036315 at
              /c                         https://solvnetplus.synopsys.com)
              /c 
              /c Build  (OPT) Config 11252589 compiled on Wed Jan 15 11:01:36 2025 for AlmaLinux 8.4
              /c Invocation: /mnt/apps/public/COE/synopsys_apps/primewave/W-2024.09-SP1-2/linux64/platform/bin/custom_shell -application primewave -gui 0 -uniqueString 424077b79e1069ee8811dab6cadacc65b352b129e5a3670e3b3a965d3326affaade50b249d956dcb8d48e21666e4e7ed -python 0 -command "source /mnt/coe/workspace/ece/ece546-spr25/group8/group8_project/synopsys_custom/sim_server/custom_compiler.nbandeh/stb.group8.tb2025_1.schematic.session2/sim_server_init.tcl" -log /mnt/coe/workspace/ece/ece546-spr25/group8/group8_project/synopsys_custom/primewave_session2_sim_server_job1 -libDefFile /mnt/coe/workspace/ece/ece546-spr25/group8/group8_project/lib.defs
              /c Execution time: Thu Apr 10 17:10:37 2025
              /c Host: hydra11.ece.ncsu.edu
              /c Working directory: /mnt/coe/workspace/ece/ece546-spr25/group8/group8_project
              /c 
[17:11:00.55] /m Information: Registering ICV PERC package...
[17:11:01.46] /m Information: Feature 'SynopsysCustomSAE' checked out. (LICENSE-003)
[17:11:01.64] /o 
[17:11:01.71] /i source /mnt/coe/workspace/ece/ece546-spr25/group8/group8_project/synopsys_custom/sim_server/custom_compiler.nbandeh/stb.group8.tb2025_1.schematic.session2/sim_server_init.tcl
[17:11:02.45] /o SimServer socket started on hydra11.ece.ncsu.edu:34383
[17:11:02.73] /m Information: Launching Waveform Viewer "cd /mnt/coe/workspace/ece/ece546-spr25/group8/group8_project/synopsys_custom/sim_server/custom_compiler.nbandeh/stb.group8.tb2025_1.schematic.session2/logs &&  /mnt/apps/public/COE/synopsys_apps/primewave/W-2024.09-SP1-2/auxx/../linux64/swv/bin/swv  -bg_gui -k -cdesigner -ptype wv -spxkey /mnt/apps/public/COE/synopsys_apps/primewave/W-2024.09-SP1-2/auxx/waveform/sae.spxkey -spxrc /tmp/tmp_sae_spxrc_HIv4fL -unique_string 424077b79e1069ee3f1e6773875844a0b352b129e5a3670e3b3a965d3326affa43ab9aba1263e4a596b60e189376580bc31bc1cef43eb435 -lic_type 2   -parent_cc_pid 1413964  > /mnt/coe/workspace/ece/ece546-spr25/group8/group8_project/synopsys_custom/sim_server/custom_compiler.nbandeh/stb.group8.tb2025_1.schematic.session2/logs/viewer.log 2>&1"
[17:15:39.29] /o ==== Received Msg ====
              /c len=8 sourceSoc=sock46a50d50 msgIndex=3 rawMsg=idleExit
[17:15:39.29] /o 
[17:15:39.32] /m Information: Exiting simulation server process. (PW_GUI-984)
[17:15:42.48] /o Shutdown time: Thu Apr 10 17:15:42 2025
[17:15:42.48] /o Elapsed session real time: 5.06 minutes
[17:15:42.48] /o Session terminated. Log is at /mnt/coe/workspace/ece/ece546-spr25/group8/group8_project/synopsys_custom/logs/primewave.nbandeh.2025_4_10_171037_1413964.log
[17:15:42.50] /e Error: {}
