[10:54:52.48] /o 
              /c                                    pw_worker™ 
              /c 
              /c                Version W-2024.09-SP1-2 for linux64 - Jan 15, 2025
              /c              Based on Custom Infrastructure
              /c Version W-2024.09-SP1-2
              /c 
              /c                     Copyright (c) 2004 - 2025 Synopsys, Inc.
              /c    This software and the associated documentation are proprietary to Synopsys,
              /c  Inc. This software may only be used in accordance with the terms and conditions
              /c  of a written license agreement with Synopsys, Inc. All other use, reproduction,
              /c    or distribution of this software is strictly prohibited.  Licensed Products
              /c      communicate with Synopsys servers for the purpose of providing software
              /c     updates, detecting software piracy and verifying that customers are using
              /c     Licensed Products in conformity with the applicable License Key for such
              /c   Licensed Products. Synopsys will use information gathered in connection with
              /c     this process to deliver software updates and pursue software pirates and
              /c                                    infringers.
              /c 
              /c  Inclusivity & Diversity - Visit SolvNetPlus to read the "Synopsys Statement on
              /c             Inclusivity and Diversity" (Refer to article 000036315 at
              /c                         https://solvnetplus.synopsys.com)
              /c 
              /c Build  (OPT) Config 11252589 compiled on Wed Jan 15 11:01:36 2025 for AlmaLinux 8.4
              /c Invocation: /mnt/apps/public/COE/synopsys_apps/primewave/W-2024.09-SP1-2/linux64/platform/bin/custom_shell -application pw_worker -gui 0 -localDir /mnt/coe/workspace/ece/ece546-spr25/group8/group8_project/synopsys_custom/pwdp_jobs/saeSession1_HSPICEdefault.SimulationSimulation_cdpl.1.828133/logs/w1
              /c Execution time: Thu Apr  3 10:54:42 2025
              /c Host: hydra11.ece.ncsu.edu
              /c Working directory: /mnt/coe/workspace/ece/ece546-spr25/group8/group8_project
              /c 
[10:55:11.47] /m Information: Registering ICV PERC package...
[10:55:11.49] /w Warning: Error: "Job group named 'PrimeWave' already exists under this parent." (IPC-100)
[10:55:11.65] /o #####New Worker job begin - Self history dir=/mnt/coe/workspace/ece/ece546-spr25/group8/group8_project/simulation/group8,memory_array_write_test,schematic
[10:55:12.11] /o source /mnt/coe/workspace/ece/ece546-spr25/group8/group8_project/synopsys_custom/pwdp_jobs/saeSession1_HSPICEdefault.SimulationSimulation_cdpl.1.828133/ccFile.tcl OK
[10:55:12.11] /o LibDefs : /mnt/coe/workspace/ece/ece546-spr25/group8/group8_project/lib.defs
[10:55:12.79] /o new worker create session at loading state!
[10:55:12.79] /o history_1
[10:55:14.26] /o Loading: Callback files...
[10:55:14.29] /o Loading: scripts/callbacks/callbacks.tcl
[10:55:14.29] /o 
              /c [INFO] : Loading display.drf from /mnt/designkits/ncsu/FreePDK3/syncust/NCSU_TechLib_FreePDK3
              /c 
              /c  if you wish to Load other display.drf, please set shell environment valiable "iPDK_load_display_NCSU_TechLib_FreePDK3" to value = 0
[10:55:14.29] /o 
[10:55:14.37] /w Warning: Preference 'xtStarTcadGrdFile' is deprecated and scheduled for removal in a future release with no replacement. For migration assistance, see the Custom Compiler Tcl Reference Manual. (PREFERENCE-058)
[10:55:14.39] /w Warning: Preference 'xtStarOALayerMappingFile' is deprecated and scheduled for removal in a future release with no replacement. For migration assistance, see the Custom Compiler Tcl Reference Manual. (PREFERENCE-058)
[10:55:14.39] /o 	#######################################
[10:55:14.39] /o 	CC-PDK Library Name	: FreePDK3
[10:55:14.39] /o 	#######################################
[10:55:14.39] /o 
[10:55:14.87] /o source /mnt/coe/workspace/ece/ece546-spr25/group8/group8_project/simulation/group8,memory_array_write_test,schematic/history_1/.nw_preference_script.tcl OK!
[10:55:14.87] /o DSPF Options: {hierDelim==|}||{termDelim==:}||{fingerChar==@}||{multiplierString==_nettran_}||{aggregateCurrent==1}||{MOSTermNames==d g s b}||{MOSTermOrder==D G S B}||{MOSTermDspfNames==DRC GATE SRC BULK}||{firstChars==XM}||{probeHierDelim==/}||{caseSensitive==1}||{firstChar==M}||{hierPrefix==X}||{nodePrefix==M}||{plotTermVoltageForNet==0}||{mapNetToMosTerminal==}||{mapSlashDelimToDot==1}||{probePortCurrent==1}||{busBit==[]}||{removeNodePrefix==1}||{nlConDelim==.}||{mosModelType==auto}||{keepSchName==0}
[10:55:14.87] /o _workerLoadStateAction done!
[10:55:14.93] /o _getSimulationDetails : 
[10:55:14.94] /o tbName=HSPICE_default, Mtb=0
[10:55:14.94] /o Got stb tb ok!
[10:55:14.94] /o Self resultsDir: ./simulation
[10:55:14.94] /o Self databaseDir: /mnt/coe/workspace/ece/ece546-spr25/group8/group8_project/simulation/group8,memory_array_write_test,schematic/history_1/simulation/HSPICE_default/HSPICE/nominal/results
[10:55:14.99] /o source /mnt/apps/public/COE/synopsys_apps/primewave/W-2024.09-SP1-2/auxx/sae/matlab_script.tcl OK
[10:55:15.08] /o Nominal run.
[10:55:15.76] /o _createResultsMap done!
[10:55:15.80] /o New worker simulation done for nomial run.
[10:55:15.80] /o >>>resultsDir=/mnt/coe/workspace/ece/ece546-spr25/group8/group8_project/simulation/group8,memory_array_write_test,schematic/history_1/simulation/HSPICE_default/HSPICE/nominal/results,masterResultsDir=/mnt/coe/workspace/ece/ece546-spr25/group8/group8_project/simulation/group8,memory_array_write_test,schematic/history_1/simulation/HSPICE_default/HSPICE/nominal/results
[10:55:15.83] /m Information: Evaluating and plotting outputs...
[10:55:16.87] /o touch /mnt/coe/workspace/ece/ece546-spr25/group8/group8_project/simulation/group8,memory_array_write_test,schematic/history_1/simulation/HSPICE_default/HSPICE/nominal/results/.unitedSimFinished
[10:55:16.91] /o touch /mnt/coe/workspace/ece/ece546-spr25/group8/group8_project/simulation/group8,memory_array_write_test,schematic/history_1/simulation/HSPICE_default/HSPICE/nominal/results/.unitedSimFinished
[10:55:17.98] /o New worker simulation done for nomial run finished!
[10:55:17.98] /o _simulationDoneAction done without exception!
[10:55:17.99] /o touch pilot meas done flag file: /mnt/coe/workspace/ece/ece546-spr25/group8/group8_project/simulation/group8,memory_array_write_test,schematic/history_1/simulation/HSPICE_default/HSPICE/nominal/results/.pw_nw_meas_done
[10:55:28.15] /o Shutdown time: Thu Apr  3 10:55:28 2025
[10:55:28.15] /o Elapsed session real time: 0.66 minutes
[10:55:28.15] /o Session terminated. Log is at /mnt/coe/workspace/ece/ece546-spr25/group8/group8_project/synopsys_custom/pwdp_jobs/saeSession1_HSPICEdefault.SimulationSimulation_cdpl.1.828133/logs/w1/logs/pw_worker.hrajesh.2025_4_3_105442_833920.log
