[21:14:26.59] /o 
              /c                                    pw_worker™ 
              /c 
              /c                Version W-2024.09-SP1-2 for linux64 - Jan 15, 2025
              /c              Based on Custom Infrastructure
              /c Version W-2024.09-SP1-2
              /c 
              /c                     Copyright (c) 2004 - 2025 Synopsys, Inc.
              /c    This software and the associated documentation are proprietary to Synopsys,
              /c  Inc. This software may only be used in accordance with the terms and conditions
              /c  of a written license agreement with Synopsys, Inc. All other use, reproduction,
              /c    or distribution of this software is strictly prohibited.  Licensed Products
              /c      communicate with Synopsys servers for the purpose of providing software
              /c     updates, detecting software piracy and verifying that customers are using
              /c     Licensed Products in conformity with the applicable License Key for such
              /c   Licensed Products. Synopsys will use information gathered in connection with
              /c     this process to deliver software updates and pursue software pirates and
              /c                                    infringers.
              /c 
              /c  Inclusivity & Diversity - Visit SolvNetPlus to read the "Synopsys Statement on
              /c             Inclusivity and Diversity" (Refer to article 000036315 at
              /c                         https://solvnetplus.synopsys.com)
              /c 
              /c Build  (OPT) Config 11252589 compiled on Wed Jan 15 11:01:36 2025 for AlmaLinux 8.4
              /c Invocation: /mnt/apps/public/COE/synopsys_apps/primewave/W-2024.09-SP1-2/linux64/platform/bin/custom_shell -application pw_worker -gui 0 -localDir /mnt/coe/workspace/ece/ece546-spr25/group8/group8_project/synopsys_custom/pwdp_jobs/saeSession0_HSPICEdefault.SimulationSimulation_cdpl.0.963732/logs/w1
              /c Execution time: Tue Apr  8 21:14:16 2025
              /c Host: hydra13.ece.ncsu.edu
              /c Working directory: /mnt/coe/workspace/ece/ece546-spr25/group8/group8_project
              /c 
[21:14:45.85] /m Information: Registering ICV PERC package...
[21:14:45.86] /w Warning: Error: "Job group named 'PrimeWave' already exists under this parent." (IPC-100)
[21:14:46.09] /o #####New Worker job begin - Self history dir=/mnt/coe/workspace/ece/ece546-spr25/group8/group8_project/simulation/group8,tb2025_1,schematic
[21:14:46.54] /o source /mnt/coe/workspace/ece/ece546-spr25/group8/group8_project/synopsys_custom/pwdp_jobs/saeSession0_HSPICEdefault.SimulationSimulation_cdpl.0.963732/ccFile.tcl OK
[21:14:46.54] /o LibDefs : /mnt/coe/workspace/ece/ece546-spr25/group8/group8_project/lib.defs
[21:14:47.28] /o new worker create session at loading state!
[21:14:47.28] /o history_1
[21:14:49.01] /o Loading: Callback files...
[21:14:49.04] /o Loading: scripts/callbacks/callbacks.tcl
[21:14:49.04] /o 
              /c [INFO] : Loading display.drf from /mnt/designkits/ncsu/FreePDK3/syncust/NCSU_TechLib_FreePDK3
              /c 
              /c  if you wish to Load other display.drf, please set shell environment valiable "iPDK_load_display_NCSU_TechLib_FreePDK3" to value = 0
[21:14:49.04] /o 
[21:14:49.11] /w Warning: Preference 'xtStarTcadGrdFile' is deprecated and scheduled for removal in a future release with no replacement. For migration assistance, see the Custom Compiler Tcl Reference Manual. (PREFERENCE-058)
[21:14:49.13] /w Warning: Preference 'xtStarOALayerMappingFile' is deprecated and scheduled for removal in a future release with no replacement. For migration assistance, see the Custom Compiler Tcl Reference Manual. (PREFERENCE-058)
[21:14:49.13] /o 	#######################################
[21:14:49.13] /o 	CC-PDK Library Name	: FreePDK3
[21:14:49.13] /o 	#######################################
[21:14:49.13] /o 
[21:14:49.67] /o source /mnt/coe/workspace/ece/ece546-spr25/group8/group8_project/simulation/group8,tb2025_1,schematic/history_1/.nw_preference_script.tcl OK!
[21:14:49.67] /o DSPF Options: {hierDelim==|}||{termDelim==:}||{fingerChar==@}||{multiplierString==_nettran_}||{aggregateCurrent==1}||{MOSTermNames==d g s b}||{MOSTermOrder==D G S B}||{MOSTermDspfNames==DRC GATE SRC BULK}||{firstChars==XM}||{probeHierDelim==/}||{caseSensitive==1}||{firstChar==M}||{hierPrefix==X}||{nodePrefix==M}||{plotTermVoltageForNet==0}||{mapNetToMosTerminal==}||{mapSlashDelimToDot==1}||{probePortCurrent==1}||{busBit==[]}||{removeNodePrefix==1}||{nlConDelim==.}||{mosModelType==auto}||{keepSchName==0}
[21:14:49.67] /o _workerLoadStateAction done!
[21:15:48.19] /o _getSimulationDetails : 
[21:15:48.19] /o tbName=HSPICE_default, Mtb=0
[21:15:48.19] /o Got stb tb ok!
[21:15:48.19] /o Self resultsDir: ./simulation
[21:15:48.19] /o Self databaseDir: /mnt/coe/workspace/ece/ece546-spr25/group8/group8_project/simulation/group8,tb2025_1,schematic/history_1/simulation/HSPICE_default/HSPICE/nominal/results
[21:15:48.22] /o source /mnt/apps/public/COE/synopsys_apps/primewave/W-2024.09-SP1-2/auxx/sae/matlab_script.tcl OK
[21:15:48.35] /o Nominal run.
[21:15:49.81] /o _createResultsMap done!
[21:15:50.05] /o New worker simulation done for nomial run.
[21:15:50.05] /o >>>resultsDir=/mnt/coe/workspace/ece/ece546-spr25/group8/group8_project/simulation/group8,tb2025_1,schematic/history_1/simulation/HSPICE_default/HSPICE/nominal/results,masterResultsDir=/mnt/coe/workspace/ece/ece546-spr25/group8/group8_project/simulation/group8,tb2025_1,schematic/history_1/simulation/HSPICE_default/HSPICE/nominal/results
[21:15:50.10] /m Information: Evaluating and plotting outputs...
[21:15:58.76] /o touch /mnt/coe/workspace/ece/ece546-spr25/group8/group8_project/simulation/group8,tb2025_1,schematic/history_1/simulation/HSPICE_default/HSPICE/nominal/results/.unitedSimFinished
[21:15:58.84] /o touch /mnt/coe/workspace/ece/ece546-spr25/group8/group8_project/simulation/group8,tb2025_1,schematic/history_1/simulation/HSPICE_default/HSPICE/nominal/results/.unitedSimFinished
[21:16:01.20] /o New worker simulation done for nomial run finished!
[21:16:01.20] /o _simulationDoneAction done without exception!
[21:16:01.23] /o touch pilot meas done flag file: /mnt/coe/workspace/ece/ece546-spr25/group8/group8_project/simulation/group8,tb2025_1,schematic/history_1/simulation/HSPICE_default/HSPICE/nominal/results/.pw_nw_meas_done
[21:16:19.12] /o Shutdown time: Tue Apr  8 21:16:19 2025
[21:16:19.12] /o Elapsed session real time: 1.95 minutes
[21:16:19.12] /o Session terminated. Log is at /mnt/coe/workspace/ece/ece546-spr25/group8/group8_project/synopsys_custom/pwdp_jobs/saeSession0_HSPICEdefault.SimulationSimulation_cdpl.0.963732/logs/w1/logs/pw_worker.nbandeh.2025_4_8_211416_964382.log
