### WaveView ADV log file, revision W-2024.09-SP1-2 (build Jan 15, ) ###
### created at 16:17:48 on Thu Apr  3 2025 (Linux AMD64) ###
### Host Name: viper.ece.ncsu.edu   User ID: hrajesh   PID: 101966   ###
wv_start_log
# (0) running in waveview only mode
# (0) SW_SX_PERL_LIB defined
# (0) SW_SX_TCL_LIB defined
# (0) HOME defined
#source {/mnt/apps/public/COE/synopsys_apps/primewave/W-2024.09-SP1-2/auxx/../linux64/swv/packages/SX-SNPSCUST-Link/snps_custom_link.tcl}
#source TCL files from directory {/mnt/apps/public/COE/synopsys_apps/primewave/W-2024.09-SP1-2/bin/../auxx/auxx_for_cc}
#sx_set_data_directory {/mnt/coe/workspace/ece/ece546-spr25/group8/group8_project/simulation/group8,SRAM_8x4_array,schematic/history_1/simulation/HSPICE_default/HSPICE/nominal/results}#
#[16:18:19.830] I| Created new database /mnt/coe/workspace/ece/ece546-spr25/group8/group8_project/simulation/group8,SRAM_8x4_array,schematic/history_1/simulation/HSPICE_default/HSPICE/nominal/results/post_results.db
#[16:18:19.900] I| Setup simulation complete: 
#    results directory: /mnt/coe/workspace/ece/ece546-spr25/group8/group8_project/simulation/group8,SRAM_8x4_array,schematic/history_1/simulation/HSPICE_default/HSPICE/nominal/results 
#    post database directory: /mnt/coe/workspace/ece/ece546-spr25/group8/group8_project/simulation/group8,SRAM_8x4_array,schematic/history_1/simulation/HSPICE_default/HSPICE/nominal/results
# -history_name
#[16:18:19.320] I| Open section (null) for /mnt/coe/workspace/ece/ece546-spr25/group8/group8_project/simulation/group8,SRAM_8x4_array,schematic/history_1/simulation/HSPICE_default/HSPICE/nominal/results/resultsMap.xml, ref:/mnt/coe/workspace/ece/ece546-spr25/group8/group8_project/simulation/group8,SRAM_8x4_array,schematic/history_1/simulation/HSPICE_default/HSPICE/nominal/results/hspice_wdf.tr0
#[16:19:37.000] I| Created new database /mnt/coe/workspace/ece/ece546-spr25/group8/group8_project/simulation/group8,SRAM_8x4_array,schematic/history_1/simulation/HSPICE_default/HSPICE/nominal/results/post_results.db
#[16:19:37.060] I| Setup simulation complete: 
#    results directory: /mnt/coe/workspace/ece/ece546-spr25/group8/group8_project/simulation/group8,SRAM_8x4_array,schematic/history_1/simulation/HSPICE_default/HSPICE/nominal/results 
#    post database directory: /mnt/coe/workspace/ece/ece546-spr25/group8/group8_project/simulation/group8,SRAM_8x4_array,schematic/history_1/simulation/HSPICE_default/HSPICE/nominal/results
# -history_name
#[16:19:37.090] I| Open section (null) for /mnt/coe/workspace/ece/ece546-spr25/group8/group8_project/simulation/group8,SRAM_8x4_array,schematic/history_1/simulation/HSPICE_default/HSPICE/nominal/results/resultsMap.xml, ref:/mnt/coe/workspace/ece/ece546-spr25/group8/group8_project/simulation/group8,SRAM_8x4_array,schematic/history_1/simulation/HSPICE_default/HSPICE/nominal/results/hspice_wdf.tr0
