1743694098.573928: 3891441-7f8b3dc12540: cdpl_log.c:337: in cdpl_log_open(): info: @@start_of_log@@
1743694098.573962: 3891441-7f8b3dc12540: cdpl_log.c:1058: in cdpl_log_dump_sysinfo(): info: time: 2025/04/03 11:28:18 EDT -0400
1743694098.573967: 3891441-7f8b3dc12540: cdpl_log.c:1060: in cdpl_log_dump_sysinfo(): info: version: W-2024.09-SP1-2 
1743694098.573971: 3891441-7f8b3dc12540: cdpl_log.c:1062: in cdpl_log_dump_sysinfo(): info: system: Linux 4.18.0-553.46.1.el8_10.x86_64 #1 SMP Sat Mar 15 01:37:33 EDT 2025
1743694098.573975: 3891441-7f8b3dc12540: cdpl_log.c:1067: in cdpl_log_dump_sysinfo(): info: processor: x86_64 64-bits
1743694098.573978: 3891441-7f8b3dc12540: cdpl_log.c:1071: in cdpl_log_dump_sysinfo(): info: hostname: hydra12.ece.ncsu.edu
1743694098.573981: 3891441-7f8b3dc12540: cdpl_log.c:1073: in cdpl_log_dump_sysinfo(): info: program name: custom_shell
1743694098.573986: 3891441-7f8b3dc12540: cdpl_log.c:340: in cdpl_log_open(): debug: path: /mnt/coe/workspace/ece/ece546-spr25/group8/group8_project/synopsys_custom/pwdp_jobs/saeSession0_default.SimulationSimulation_cdpl.1.3891441/logs/master.hydra12.ece.ncsu.edu.3891441.log
1743694098.573990: 3891441-7f8b3dc12540: cdpl_log.c:341: in cdpl_log_open(): debug: dir: /mnt/coe/workspace/ece/ece546-spr25/group8/group8_project/synopsys_custom/pwdp_jobs/saeSession0_default.SimulationSimulation_cdpl.1.3891441/logs
1743694098.573999: 3891441-7f8b3dc12540: cdpl_server.c:536: in cdpl_sv_init(): info: new server S964901974
1743694098.574004: 3891441-7f8b3dc12540: cdpl_ipc.c:3475: in cdpl_ipc_init(): info: requesting IPv4 protocol
1743694098.578126: 3891441-7f8b3dc12540: cdpl_ipc.c:837: in _selectaddrfamily(): info: selected IPv4 protocol
1743694098.578170: 3891441-7f8b3dc12540: cdpl_ipc.c:1139: in _set_keepalive(): info: TCP keep alive interval: 300
1743694098.580796: 3891441-7f8b3dc12540: cdpl_monitor.c:1117: in cdpl_mn_new_server(): info: creating server monitor instance
1743694098.580813: 3891441-7f8b3dc12540: cdpl_server.c:650: in cdpl_sv_new_master(): info: new master M1
1743694098.580826: 3891441-7f8b3dc12540: cdpl_server.c:6533: in cdpl_sv_ctl_master(): info: Setting worker heartbeat to 120 seconds
1743694098.580830: 3891441-7f8b3dc12540: cdpl_server.c:6542: in cdpl_sv_ctl_master(): info: Setting worker heartbeat timeout to 3 heartbeats
1743694098.580834: 3891441-7f8b3dc12540: cdpl_compat_master.c:2090: in _parse_hostfile(): info: reading hostfile `/mnt/coe/workspace/ece/ece546-spr25/group8/group8_project/synopsys_custom/pwdp_jobs/saeSession0_default.SimulationSimulation_cdpl.1.3891441/host_file'
1743694098.590431: 3891441-7f8b3dc12540: cdpl_compat_master.c:1900: in _hostfile_parser(): debug: parsing "1     |localhost|   -1  | /tmp | SH | sh"
1743694098.590448: 3891441-7f8b3dc12540: cdpl_farm.c:2578: in cdpl_farm_new_sh(): info: creating SH farm on localhost
1743694098.590466: 3891441-7f8b3dc12540: cdpl_compat_master.c:206: in _set_farm_env(): info: exporting CDPL_LOGDIR as `/mnt/coe/workspace/ece/ece546-spr25/group8/group8_project/synopsys_custom/pwdp_jobs/saeSession0_default.SimulationSimulation_cdpl.1.3891441/logs'
1743694098.590470: 3891441-7f8b3dc12540: cdpl_compat_master.c:212: in _set_farm_env(): info: exporting CDPL_TMPDIR as `/tmp'
1743694098.590474: 3891441-7f8b3dc12540: cdpl_compat_master.c:219: in _set_farm_env(): info: exporting CDPL_HOME as `/mnt/apps/public/COE/synopsys_apps/hspice/W-2024.09-SP1/hspice/cdpl'
1743694098.590479: 3891441-7f8b3dc12540: cdpl_compat_master.c:235: in _set_farm_env(): info: exporting SNPSLMD_LICENSE_FILE as `27000@ece-lic-35.ece.ncsu.edu'
1743694098.590483: 3891441-7f8b3dc12540: cdpl_compat_master.c:259: in _set_farm_env(): info: exporting CDPL_OPTIONS as `[nowlogs]'
1743694098.590486: 3891441-7f8b3dc12540: cdpl_compat_master.c:266: in _set_farm_env(): info: exporting DISPLAY as `unix:27394'
1743694098.590490: 3891441-7f8b3dc12540: cdpl_compat_master.c:274: in _set_farm_env(): info: exporting CDPL_HEARTBEAT as `120'
1743694098.590499: 3891441-7f8b3dc12540: cdpl_farm.c:3149: in cdpl_farm_add_withdir(): debug: added `localhost' (capacity: unlimited)
1743694098.590511: 3891441-7f8b3dc12540: cdpl_compat_parse.c:147: in parsefile(): debug: read `/mnt/coe/workspace/ece/ece546-spr25/group8/group8_project/synopsys_custom/pwdp_jobs/saeSession0_default.SimulationSimulation_cdpl.1.3891441/host_file', 2 lines
1743694098.590516: 3891441-7f8b3dc12540: cdpl_compat_master.c:2931: in cdplInitMaster(): info: bcast dir is `/mnt/coe/workspace/ece/ece546-spr25/group8/group8_project/synopsys_custom/pwdp_jobs/saeSession0_default.SimulationSimulation_cdpl.1.3891441/logs'
1743694098.597656: 3891441-7f8b3dc12540: cdpl_server.c:6433: in cdpl_sv_ctl_master(): info: farm worker timeout set to 300
1743694098.597666: 3891441-7f8b3dc12540: cdpl_server.c:6486: in cdpl_sv_ctl_master(): info: maximum number of task execution attempts set to 1
1743694098.597678: 3891441-7f8b3dc12540: cdpl_server.c:3195: in cdpl_sv_start(): debug: starting server
1743694098.597684: 3891441-7f8b3dc12540: cdpl_ipc.c:3632: in cdpl_ipc_start(): debug: starting IPC server 152.14.98.36:36049
1743694098.598071: 3891441-7f8b0678b700: cdpl_server_ipc.c:1182: in _sv_ipc_thread(): debug: ready
1743694098.598202: 3891441-7f8af57fa700: cdpl_monitor.c:426: in cdpl_mn_init_client(): info: creating client monitor instance
1743694098.598233: 3891441-7f8af57fa700: cdpl_ipc.c:3475: in cdpl_ipc_init(): info: requesting IPv4 protocol
1743694098.602211: 3891441-7f8af57fa700: cdpl_ipc.c:837: in _selectaddrfamily(): info: selected IPv4 protocol
1743694098.602248: 3891441-7f8af57fa700: cdpl_ipc.c:1139: in _set_keepalive(): info: TCP keep alive interval: 300
1743694098.605139: 3891441-7f8af57fa700: cdpl_ipc.c:3632: in cdpl_ipc_start(): debug: starting IPC server 152.14.98.36:37979
1743694098.605484: 3891441-7f8af57fa700: cdpl_monitor.c:471: in cdpl_mn_init_client(): debug: incoming messages in /tmp/cdpl-monitor-GaPrKU
1743694098.605687: 3891441-7f8af57fa700: cdpl_monitor.c:533: in cdpl_mn_connect(): debug: connecting to 152.14.98.36:36049
1743694098.605695: 3891441-7f8af57fa700: cdpl_ipc.c:3789: in cdpl_ipc_connect(): info: connecting to 152.14.98.36:36049
1743694098.605810: 3891441-7f8af57fa700: cdpl_ipc.c:3860: in cdpl_ipc_connect(): info: connected as `152.14.98.36:33496'
1743694098.605822: 3891441-7f8af57fa700: cdpl_ipc.c:2503: in cdpl_ipc_host_accept(): debug: accepted host `152.14.98.36:36049'
1743694098.605830: 3891441-7f8af57fa700: cdpl_monitor.c:579: in cdpl_mn_connect(): debug: ok
1743694098.605834: 3891441-7f8b06f8c700: cdpl_ipc.c:1862: in _epoll_accept(): debug: new connection from `152.14.98.36:33496'
1743694098.605852: 3891441-7f8b3dc12540: cdpl_server.c:731: in cdpl_sv_new_job(): info: new job J1 in M1
1743694098.605875: 3891441-7f8b3dc12540: cdpl_compat_master.c:1581: in _add_worker(): info: new worker type 10, min:1, max:3, cmd:`/mnt/coe/workspace/ece/ece546-spr25/group8/group8_project/synopsys_custom/pwdp_jobs/saeSession0_default.SimulationSimulation_cdpl.1.3891441/START_WORKER pw_worker -i /mnt/coe/workspace/ece/ece546-spr25/group8/group8_
1743694098.605883: 3891441-7f8b3dc12540: cdpl_server.c:908: in cdpl_sv_new_bin_withfarm(): info: new bin B1 in J1
1743694098.605896: 3891441-7f8b0678b700: cdpl_server_ipc.c:1225: in _sv_ipc_thread(): debug: received ACCEPT notification
1743694098.605916: 3891441-7f8b0678b700: cdpl_ipc.c:2503: in cdpl_ipc_host_accept(): debug: accepted host `152.14.98.36:33496'
1743694098.605931: 3891441-7f8b0678b700: cdpl_server_ipc.c:1256: in _sv_ipc_thread(): debug: received MONITOR message
1743694098.606526: 3891441-7f8b0678b700: cdpl_monitor.c:1207: in cdpl_mn_accept(): debug: accepted monitor `152.14.98.36:33496'
1743694098.606534: 3891441-7f8b0678b700: cdpl_server_ipc_mon.c:120: in _globalLOCK(): debug: ENTERTING GLOBAL LOCK
1743694098.606538: 3891441-7f8b0678b700: cdpl_server_ipc_mon.c:164: in _globalLOCK(): debug: global lock acquired
1743694098.606574: 3891441-7f8af7fff700: cdpl_monitor.c:910: in mn_systat(): debug: started
1743694098.606955: 3891441-7f8af7fff700: cdpl_monitor.c:937: in mn_systat(): debug: monitor server flush rate: 5
1743694098.695316: 3891441-7f8b0678b700: cdpl_server_ipc_mon.c:210: in _globalUNLOCK(): debug: LEAVING GLOBAL LOCK
1743694098.998316: 3891441-7f8b3dc12540: cdpl_server.c:3249: in cdpl_sv_start_job(): info: starting job J1
1743694098.998350: 3891441-7f8b3dc12540: cdpl_server.c:62: in _sv_start_bin(): debug: starting bin B1 (min: 0, max: 3)
1743694098.998530: 3891441-7f8b3dc12540: cdpl_server.c:1893: in _sv_gen_task(): info: new task T0 in B1 (prio 0)
1743694098.998544: 3891441-7f8b3dc12540: cdpl_server.c:2698: in cdpl_sv_label_task_va(): info: setting task T0 label to "HSPICE_2|HSPICE"
1743694098.998555: 3891441-7f8af67fc700: cdpl_server_sched.c:2482: in _sv_scheduler_thread(): debug: scheduler for bin B1 started
1743694098.998578: 3891441-7f8af67fc700: cdpl_server_sched.c:2443: in _scheduler_run(): debug: will start a new worker
1743694098.998603: 3891441-7f8af67fc700: cdpl_farm.c:3977: in cdpl_farm_submit(): debug: 1 running processes
1743694098.998610: 3891441-7f8af67fc700: cdpl_farm.c:3985: in cdpl_farm_submit(): debug: new command C1 in bin B1 assigned to host `localhost'
1743694098.998786: 3891441-7f8af67fc700: cdpl_server_sched.c:705: in _sv_launch_worker(): info: started worker W1 (as C1) in bin B1
1743694098.998805: 3891441-7f8af5ffb700: cdpl_farm.c:2139: in _schedule(): debug: started
1743694098.998819: 3891441-7f8af5ffb700: cdpl_farm.c:2303: in _schedule(): debug: submitting command C1 in bin B1
1743694098.998827: 3891441-7f8af5ffb700: cdpl_sh.c:49: in _sh_detached_submit(): info: SH : /mnt/coe/workspace/ece/ece546-spr25/group8/group8_project/synopsys_custom/pwdp_jobs/saeSession0_default.SimulationSimulation_cdpl.1.3891441/START_WORKER pw_worker -i /mnt/coe/workspace/ece/ece546-spr25/group8/group8_project/synopsys_custom/pwdp_jobs/saeSession0_default.SimulationSimulation_cdpl.1.3891441 -t 10000
1743694099.010466: 3891441-7f8af5ffb700: cdpl_farm.c:2343: in _schedule(): debug: C1 in bin B1 running on slot 0
1743694099.010512: 3891441-7f8af5ffb700: cdpl_farm.c:2167: in _schedule(): debug: idle
1743694099.310615: 3891441-7f8af5ffb700: cdpl_farm.c:1193: in _onexit(): debug: C1 in bin B1 exited normally on slot 0
1743694099.853561: 3891441-7f8b3dc12540: cdpl_compat_master.c:5948: in cdplMasterLogInfo(): info: [non-CDPL log entry] PWDP3: reset pilot cache succeeded, pilot_key=saeSession0,1,default|&/mnt/coe/workspace/ece/ece546-spr25/group8/group8_project/simulation/group8,SRAM_8x4_array,schematic/history_1/simulation/default/PrimeSimHSPICE/nominal/results
1743694100.047047: 3891441-7f8af77fe700: cdpl_compat_master.c:5948: in cdplMasterLogInfo(): info: [non-CDPL log entry] PWDP - no-workers started ok check start!
1743694102.448700: 3891441-7f8b06f8c700: cdpl_ipc.c:1862: in _epoll_accept(): debug: new connection from `152.14.98.36:44150'
1743694102.448779: 3891441-7f8b0678b700: cdpl_server_ipc.c:1225: in _sv_ipc_thread(): debug: received ACCEPT notification
1743694102.448798: 3891441-7f8b0678b700: cdpl_ipc.c:2503: in cdpl_ipc_host_accept(): debug: accepted host `152.14.98.36:44150'
1743694102.449074: 3891441-7f8b0678b700: cdpl_server_ipc.c:1246: in _sv_ipc_thread(): debug: received HELLO message
1743694102.449079: 3891441-7f8b0678b700: cdpl_server_ipc.c:430: in _sv_on_hello(): debug: looking up W1
1743694102.449083: 3891441-7f8b0678b700: cdpl_server_ipc.c:540: in _sv_on_hello(): info: W1 is `152.14.98.36:44150'
1743694102.449087: 3891441-7f8b0678b700: cdpl_server_ipc.c:541: in _sv_on_hello(): debug: hello W1 (B1)
1743694102.449090: 3891441-7f8b0678b700: cdpl_server_ipc.c:542: in _sv_on_hello(): info: W1 log file is /dev/null
1743694102.449111: 3891441-7f8b0678b700: cdpl_server_ipc.c:602: in _sv_on_hello(): info: up to 1 alive workers in B1
1743694102.449120: 3891441-7f8b0678b700: cdpl_farm.c:878: in _release_cmd(): debug: freeing command C1 in bin B1
1743694102.449163: 3891441-7f8af67fc700: cdpl_server_sched.c:960: in _assign(): info: assigning task T0 to worker W1
1743694103.449826: 3891441-7f8b0678b700: cdpl_server_ipc.c:312: in _sv_on_heartbeat(): debug: received HEARTBEAT from worker W1 at 152.14.98.36:44150
1743694103.694364: 3891441-7f8af57fa700: cdpl_monitor.c:533: in cdpl_mn_connect(): debug: connecting to 152.14.98.36:46685
1743694103.694386: 3891441-7f8af57fa700: cdpl_ipc.c:3789: in cdpl_ipc_connect(): info: connecting to 152.14.98.36:46685
1743694103.694606: 3891441-7f8af57fa700: cdpl_ipc.c:3860: in cdpl_ipc_connect(): info: connected as `152.14.98.36:54754'
1743694103.694624: 3891441-7f8af57fa700: cdpl_ipc.c:2503: in cdpl_ipc_host_accept(): debug: accepted host `152.14.98.36:46685'
1743694103.694632: 3891441-7f8af57fa700: cdpl_monitor.c:579: in cdpl_mn_connect(): debug: ok
1743694107.089231: 3891441-7f8b0678b700: cdpl_server_ipc.c:1268: in _sv_ipc_thread(): debug: received RELAY message
1743694107.089250: 3891441-7f8b0678b700: cdpl_server_ipc.c:713: in _sv_on_relay(): debug: RELAY message from W1, size = 58
1743694107.089255: 3891441-7f8b0678b700: cdpl_server_ipc.c:715: in _sv_on_relay(): debug: RELAY message from W1, content = 0$3897479 hydra12.ece.ncsu.edu 3897627 RUNNING 1743694106
1743694133.159734: 3891441-7f8b0678b700: cdpl_server_ipc.c:1268: in _sv_ipc_thread(): debug: received RELAY message
1743694133.162775: 3891441-7f8b0678b700: cdpl_server_ipc.c:713: in _sv_on_relay(): debug: RELAY message from W1, size = 48
1743694133.162784: 3891441-7f8b0678b700: cdpl_server_ipc.c:715: in _sv_on_relay(): debug: RELAY message from W1, content = WORKERDU|1227,dc2isi00nfs.oit.ncsu.edu:/coe_nfs
1743694133.162794: 3891441-7f8b0678b700: cdpl_server_ipc.c:1268: in _sv_ipc_thread(): debug: received RELAY message
1743694133.162798: 3891441-7f8b0678b700: cdpl_server_ipc.c:713: in _sv_on_relay(): debug: RELAY message from W1, size = 196
1743694133.162801: 3891441-7f8b0678b700: cdpl_server_ipc.c:715: in _sv_on_relay(): debug: RELAY message from W1, content = REQPILOT|saeSession0,1,default|&/mnt/coe/workspace/ece/ece546-spr25/group8/group8_project/simulation/group8,SRAM_8x4_array,schematic/history_1/simulation/default/PrimeSimHSPICE/nominal/results|&0
1743694133.162837: 3891441-7f8b04f88700: cdpl_compat_master.c:5948: in cdplMasterLogInfo(): info: [non-CDPL log entry] PWDP send back 'DOPILOT' to worker id:1 key: saeSession0,1,default|&/mnt/coe/workspace/ece/ece546-spr25/group8/group8_project/simulation/group8,SRAM_8x4_array,schematic/history_1/simulation/default/PrimeSimHSPICE/nominal/results
1743694133.173736: 3891441-7f8b04f88700: cdpl_compat_master.c:5948: in cdplMasterLogInfo(): info: [non-CDPL log entry] PWDP: set pilot doing!
1743694133.243478: 3891441-7f8b0678b700: cdpl_server_ipc.c:1268: in _sv_ipc_thread(): debug: received RELAY message
1743694133.243499: 3891441-7f8b0678b700: cdpl_server_ipc.c:713: in _sv_on_relay(): debug: RELAY message from W1, size = 192
1743694133.243504: 3891441-7f8b0678b700: cdpl_server_ipc.c:715: in _sv_on_relay(): debug: RELAY message from W1, content = PILOTOK|saeSession0,1,default|&/mnt/coe/workspace/ece/ece546-spr25/group8/group8_project/simulation/group8,SRAM_8x4_array,schematic/history_1/simulation/default/PrimeSimHSPICE/nominal/results
1743694133.243531: 3891441-7f8b04f88700: cdpl_compat_master.c:5948: in cdplMasterLogInfo(): info: [non-CDPL log entry] PWDP: set pilot done!
1743694133.243689: 3891441-7f8b0678b700: cdpl_server_ipc.c:1268: in _sv_ipc_thread(): debug: received RELAY message
1743694133.243694: 3891441-7f8b0678b700: cdpl_server_ipc.c:713: in _sv_on_relay(): debug: RELAY message from W1, size = 18
1743694133.243697: 3891441-7f8b0678b700: cdpl_server_ipc.c:715: in _sv_on_relay(): debug: RELAY message from W1, content = 0$- - - MEASDOING
1743694139.381183: 3891441-7f8b0678b700: cdpl_server_ipc.c:1268: in _sv_ipc_thread(): debug: received RELAY message
1743694139.384331: 3891441-7f8b0678b700: cdpl_server_ipc.c:713: in _sv_on_relay(): debug: RELAY message from W1, size = 70
1743694139.384339: 3891441-7f8b0678b700: cdpl_server_ipc.c:715: in _sv_on_relay(): debug: RELAY message from W1, content = 0$3897479 hydra12.ece.ncsu.edu 3897627 FINISHED 1743694106|1743694139
1743694139.404532: 3891441-7f8b0678b700: cdpl_server_ipc.c:1268: in _sv_ipc_thread(): debug: received RELAY message
1743694139.404550: 3891441-7f8b0678b700: cdpl_server_ipc.c:713: in _sv_on_relay(): debug: RELAY message from W1, size = 194
1743694139.404567: 3891441-7f8b0678b700: cdpl_server_ipc.c:715: in _sv_on_relay(): debug: RELAY message from W1, content = PILOTDONE|saeSession0,1,default|&/mnt/coe/workspace/ece/ece546-spr25/group8/group8_project/simulation/group8,SRAM_8x4_array,schematic/history_1/simulation/default/PrimeSimHSPICE/nominal/results
1743694139.404602: 3891441-7f8b04f88700: cdpl_compat_master.c:5948: in cdplMasterLogInfo(): info: [non-CDPL log entry] saeSession0,1,default|&/mnt/coe/workspace/ece/ece546-spr25/group8/group8_project/simulation/group8,SRAM_8x4_array,schematic/history_1/simulation/default/PrimeSimHSPICE/nominal/results PILOTDONE!
1743694139.438169: 3891441-7f8b0678b700: cdpl_server_ipc.c:1251: in _sv_ipc_thread(): debug: received FINISH message
1743694139.438183: 3891441-7f8b0678b700: cdpl_server_ipc.c:983: in _sv_on_finish(): info: worker W1 completed task T0
1743694139.438187: 3891441-7f8b0678b700: cdpl_server_ipc.c:988: in _sv_on_finish(): debug: stat T0: utime=17359 stime=2779
1743694139.438191: 3891441-7f8b0678b700: cdpl_server_ipc.c:993: in _sv_on_finish(): debug: statm T0: vsize=2867764 rss=1062376 shared=518560 text=474784 data=733704
1743694139.491955: 3891441-7f8b0678b700: cdpl_server_ipc.c:1268: in _sv_ipc_thread(): debug: received RELAY message
1743694139.491968: 3891441-7f8b0678b700: cdpl_server_ipc.c:713: in _sv_on_relay(): debug: RELAY message from W1, size = 47
1743694139.491972: 3891441-7f8b0678b700: cdpl_server_ipc.c:715: in _sv_on_relay(): debug: RELAY message from W1, content = WORKERDU|108,dc2isi00nfs.oit.ncsu.edu:/coe_nfs
1743694146.554753: 3891441-7f8b3dc12540: cdpl_server.c:3008: in cdpl_sv_halt_job_errno(): info: killing job J1
1743694146.557843: 3891441-7f8b3dc12540: cdpl_server.c:3044: in cdpl_sv_halt_job_errno(): debug: signal bin B1 scheduler to stop
1743694146.557933: 3891441-7f8af67fc700: cdpl_server_sched.c:2484: in _sv_scheduler_thread(): debug: scheduler for bin B1 stopped
1743694146.557959: 3891441-7f8af67fc700: cdpl_ipc.c:1657: in _host_drop__UNSAFE(): debug: dropping host `152.14.98.36:44150'
1743694146.558042: 3891441-7f8af67fc700: cdpl_server_sched.c:2830: in _sv_drop_worker(): info: down to 0 alive workers in B1
1743694146.558051: 3891441-7f8af67fc700: cdpl_farm.c:4152: in cdpl_farm_dismiss(): debug: down to 0 running processes
1743694146.558061: 3891441-7f8b0678b700: cdpl_server_ipc.c:1236: in _sv_ipc_thread(): debug: received DROP notification
1743694146.558091: 3891441-7f8af67fc700: cdpl_server_sched.c:121: in _free_worker_2(): debug: freeing worker W1
1743694146.558099: 3891441-7f8af67fc700: cdpl_ipc.c:2513: in cdpl_ipc_host_release(): debug: releasing host `152.14.98.36:44150'
1743694146.558115: 3891441-7f8b3dc12540: cdpl_server.c:294: in _sv_free_job(): info: freeing job J1
1743694146.558127: 3891441-7f8b3dc12540: cdpl_server.c:92: in _sv_free_bin(): debug: freeing bin B1
1743694146.558134: 3891441-7f8b3dc12540: cdpl_server.c:184: in _sv_free_task(): debug: freeing task T0
1743694146.558167: 3891441-7f8b3dc12540: cdpl_monitor.c:515: in cdpl_mn_kill(): info: killing monitor
1743694146.558172: 3891441-7f8b3dc12540: cdpl_ipc.c:3677: in cdpl_ipc_kill(): debug: stopping event server
1743694146.558191: 3891441-7f8b05f8a700: cdpl_ipc.c:2460: in _epoll_main(): debug: server going down...
1743694146.558246: 3891441-7f8b06f8c700: cdpl_ipc.c:775: in _readv(): warning: read(): EOF
1743694146.558272: 3891441-7f8b06f8c700: cdpl_ipc.c:2100: in _epoll_recv(): debug: _readv(): Broken pipe
1743694146.558277: 3891441-7f8b06f8c700: cdpl_ipc.c:2424: in _epoll_main(): debug: _epoll_recv(): Broken pipe
1743694146.558284: 3891441-7f8b06f8c700: cdpl_ipc.c:1657: in _host_drop__UNSAFE(): debug: dropping host `152.14.98.36:33496'
1743694146.558353: 3891441-7f8b06f8c700: cdpl_ipc.c:1582: in _host_free__UNSAFE(): debug: freeing host `152.14.98.36:44150'
1743694146.558360: 3891441-7f8b06f8c700: cdpl_ipc.c:1621: in _host_free__UNSAFE(): debug: [0 outq, 0 spR, 0 spW]
1743694146.558370: 3891441-7f8b0678b700: cdpl_server_ipc.c:1236: in _sv_ipc_thread(): debug: received DROP notification
1743694146.558396: 3891441-7f8b0678b700: cdpl_monitor.c:1269: in cdpl_mn_drop(): debug: detaching from monitor `152.14.98.36:33496'
1743694146.558406: 3891441-7f8b0678b700: cdpl_monitor.c:1101: in mn_systat_stop(): debug: joining systat thread
1743694146.558429: 3891441-7f8af7fff700: cdpl_monitor.c:1079: in mn_systat(): debug: exiting
1743694146.558455: 3891441-7f8b0678b700: cdpl_monitor.c:1103: in mn_systat_stop(): debug: systat thread done
1743694146.558475: 3891441-7f8b0678b700: cdpl_ipc.c:2513: in cdpl_ipc_host_release(): debug: releasing host `152.14.98.36:33496'
1743694146.558690: 3891441-7f8af57fa700: cdpl_ipc.c:3728: in cdpl_ipc_free(): debug: releasing IPC handle
1743694146.558701: 3891441-7f8af57fa700: cdpl_ipc.c:1582: in _host_free__UNSAFE(): debug: freeing host `152.14.98.36:46685'
1743694146.558705: 3891441-7f8af57fa700: cdpl_ipc.c:1621: in _host_free__UNSAFE(): debug: [0 outq, 0 spR, 0 spW]
1743694146.558724: 3891441-7f8af57fa700: cdpl_ipc.c:1582: in _host_free__UNSAFE(): debug: freeing host `152.14.98.36:36049'
1743694146.558728: 3891441-7f8af57fa700: cdpl_ipc.c:1621: in _host_free__UNSAFE(): debug: [0 outq, 0 spR, 0 spW]
1743694146.558741: 3891441-7f8af57fa700: cdpl_ipc.c:3756: in cdpl_ipc_free(): warning: 2 host(s) were not released
1743694146.558753: 3891441-7f8af57fa700: cdpl_ipc.c:3767: in cdpl_ipc_free(): debug: done
1743694146.558757: 3891441-7f8af57fa700: cdpl_monitor.c:1390: in cdpl_mn_free(): debug: freeing monitor client
1743694146.558852: 3891441-7f8b3dc12540: cdpl_farm.c:2740: in cdpl_farm_free(): info: freeing farm
1743694146.558897: 3891441-7f8af5ffb700: cdpl_farm.c:2231: in _schedule(): debug: end of idling
1743694146.558907: 3891441-7f8af5ffb700: cdpl_farm.c:2235: in _schedule(): debug: dying
1743694146.558994: 3891441-7f8b3dc12540: cdpl_farm.c:913: in _killall(): debug: killing all remaining commands
1743694146.559002: 3891441-7f8b3dc12540: cdpl_server.c:3144: in cdpl_sv_free(): info: freeing server S964901974
1743694146.559007: 3891441-7f8b3dc12540: cdpl_server.c:3109: in cdpl_sv_kill_errno(): info: killing server
1743694146.559010: 3891441-7f8b3dc12540: cdpl_ipc.c:3677: in cdpl_ipc_kill(): debug: stopping event server
1743694146.559027: 3891441-7f8b06f8c700: cdpl_ipc.c:2460: in _epoll_main(): debug: server going down...
1743694146.559039: 3891441-7f8b0678b700: cdpl_server_ipc.c:1200: in _sv_ipc_thread(): debug: leaving now
1743694146.559060: 3891441-7f8b3dc12540: cdpl_server.c:334: in _sv_free_master(): info: freeing master M1
1743694146.559065: 3891441-7f8b3dc12540: cdpl_hash.c:68: in cdpl_h_destroy(): debug: put operations: 1
1743694146.559068: 3891441-7f8b3dc12540: cdpl_hash.c:69: in cdpl_h_destroy(): debug: put collisions: 0
1743694146.559071: 3891441-7f8b3dc12540: cdpl_hash.c:70: in cdpl_h_destroy(): debug: get operations: 1
1743694146.559074: 3891441-7f8b3dc12540: cdpl_hash.c:71: in cdpl_h_destroy(): debug: get iterations: 1
1743694146.559080: 3891441-7f8b3dc12540: cdpl_monitor.c:1390: in cdpl_mn_free(): debug: freeing monitor server
1743694146.559083: 3891441-7f8b3dc12540: cdpl_ipc.c:3728: in cdpl_ipc_free(): debug: releasing IPC handle
1743694146.559087: 3891441-7f8b3dc12540: cdpl_ipc.c:1582: in _host_free__UNSAFE(): debug: freeing host `152.14.98.36:33496'
1743694146.559090: 3891441-7f8b3dc12540: cdpl_ipc.c:1621: in _host_free__UNSAFE(): debug: [0 outq, 0 spR, 0 spW]
1743694146.559142: 3891441-7f8b3dc12540: cdpl_ipc.c:3767: in cdpl_ipc_free(): debug: done
1743694146.559148: 3891441-7f8b3dc12540: cdpl_log.c:481: in cdpl_log_close(): info: @@end_of_log@@
