[00:58:49.35] /o 
              /c                          PrimeWave Design Environment 
              /c 
              /c                Version W-2024.09-SP1-2 for linux64 - Jan 15, 2025
              /c              Based on Custom Infrastructure
              /c Version W-2024.09-SP1-2
              /c 
              /c                     Copyright (c) 2004 - 2025 Synopsys, Inc.
              /c    This software and the associated documentation are proprietary to Synopsys,
              /c  Inc. This software may only be used in accordance with the terms and conditions
              /c  of a written license agreement with Synopsys, Inc. All other use, reproduction,
              /c    or distribution of this software is strictly prohibited.  Licensed Products
              /c      communicate with Synopsys servers for the purpose of providing software
              /c     updates, detecting software piracy and verifying that customers are using
              /c     Licensed Products in conformity with the applicable License Key for such
              /c   Licensed Products. Synopsys will use information gathered in connection with
              /c     this process to deliver software updates and pursue software pirates and
              /c                                    infringers.
              /c 
              /c  Inclusivity & Diversity - Visit SolvNetPlus to read the "Synopsys Statement on
              /c             Inclusivity and Diversity" (Refer to article 000036315 at
              /c                         https://solvnetplus.synopsys.com)
              /c 
              /c Build  (OPT) Config 11252589 compiled on Wed Jan 15 11:01:36 2025 for AlmaLinux 8.4
              /c Invocation: /mnt/apps/public/COE/synopsys_apps/primewave/W-2024.09-SP1-2/linux64/platform/bin/custom_shell -application primewave -gui 0 -uniqueString 424077b79e1069eeb2404a20b39383086c7dd0c34ddd3fe0c1cb7792ad9475426f90a175d92897190886ae5e20d8441e -python 0 -command "source /mnt/coe/workspace/ece/ece546-spr25/group8/group8_project/synopsys_custom/sim_server/custom_compiler.svkolach/stb.group8.tb2025_1.schematic.session0/sim_server_init.tcl" -log /mnt/coe/workspace/ece/ece546-spr25/group8/group8_project/synopsys_custom/primewave_session0_sim_server_job1 -libDefFile /mnt/coe/workspace/ece/ece546-spr25/group8/group8_project/lib.defs
              /c Execution time: Thu Apr 17 00:58:43 2025
              /c Host: hydra12.ece.ncsu.edu
              /c Working directory: /mnt/coe/workspace/ece/ece546-spr25/group8/group8_project
              /c 
[00:58:57.53] /m Information: Registering ICV PERC package...
[00:58:58.46] /m Information: Feature 'SynopsysCustomSAE' checked out. (LICENSE-003)
[00:58:58.64] /o 
[00:58:58.66] /i source /mnt/coe/workspace/ece/ece546-spr25/group8/group8_project/synopsys_custom/sim_server/custom_compiler.svkolach/stb.group8.tb2025_1.schematic.session0/sim_server_init.tcl
[00:58:59.73] /o SimServer socket started on hydra12.ece.ncsu.edu:44095
[00:59:00.51] /m Information: Launching Waveform Viewer "cd /mnt/coe/workspace/ece/ece546-spr25/group8/group8_project/synopsys_custom/sim_server/custom_compiler.svkolach/stb.group8.tb2025_1.schematic.session0/logs &&  /mnt/apps/public/COE/synopsys_apps/primewave/W-2024.09-SP1-2/auxx/../linux64/swv/bin/swv  -bg_gui -k -cdesigner -ptype wv -spxkey /mnt/apps/public/COE/synopsys_apps/primewave/W-2024.09-SP1-2/auxx/waveform/sae.spxkey -spxrc /tmp/tmp_sae_spxrc_Qys7GH -unique_string 424077b79e1069eeff9f9593be83a3806c7dd0c34ddd3fe0c1cb7792ad94754215911dea03ed9e1448d53d52803b51228adb41ce5b5853d7 -lic_type 2   -parent_cc_pid 819702  > /mnt/coe/workspace/ece/ece546-spr25/group8/group8_project/synopsys_custom/sim_server/custom_compiler.svkolach/stb.group8.tb2025_1.schematic.session0/logs/viewer.log 2>&1"
[00:59:00.57] /o ==== Received Msg ====
              /c len=207 sourceSoc=sock486e77b0 msgIndex=0 rawMsg=AppendTask /mnt/coe/workspace/ece/ece546-spr25/group8/group8_project/synopsys_custom/sim_server/custom_compiler.svkolach/stb.group8.tb2025_1.schematic.session0/task0/sim_script0.tcl 0 saeSession0 1 overwrite
[00:59:00.57] /o 
[00:59:00.70] /o ==== Received Msg ====
              /c len=35 sourceSoc=sock486e77b0 msgIndex=0 rawMsg=evalCmd ::wf::updateViewerLicense 2
[00:59:00.70] /o 
[00:59:00.72] /o ==== Received Msg ====
              /c len=35 sourceSoc=sock486e77b0 msgIndex=1 rawMsg=evalCmd ::wf::updateViewerLicense 2
[00:59:00.72] /o 
[00:59:03.86] /m Information: "Starting incremental netlisting for design "group8/tb2025_1/schematic"..." (NETLISTING-010)
[00:59:03.96] /o Loading: Callback files...
[00:59:03.97] /o Loading: scripts/callbacks/callbacks.tcl
[00:59:03.97] /o 
              /c [INFO] : Loading display.drf from /mnt/designkits/ncsu/FreePDK3/syncust/NCSU_TechLib_FreePDK3
              /c 
              /c  if you wish to Load other display.drf, please set shell environment valiable "iPDK_load_display_NCSU_TechLib_FreePDK3" to value = 0
[00:59:03.97] /o 
[00:59:04.02] /w Warning: Could not set the value of preference xtDRCTool because it does not exist. (PREFERENCE-016)
[00:59:04.02] /w Warning: Could not set the value of preference xtDRCICVRunsetFile because it does not exist. (PREFERENCE-016)
[00:59:04.02] /w Warning: Could not set the value of preference xtDRCICVIncludePaths because it does not exist. (PREFERENCE-016)
[00:59:04.02] /w Warning: Could not set the value of preference xtDRCLayDBFormat because it does not exist. (PREFERENCE-016)
[00:59:04.02] /w Warning: Could not set the value of preference xtLVSTool because it does not exist. (PREFERENCE-016)
[00:59:04.02] /w Warning: Could not set the value of preference xtLVSICVRunsetFile because it does not exist. (PREFERENCE-016)
[00:59:04.02] /w Warning: Could not set the value of preference xtLVSICVIncludePaths because it does not exist. (PREFERENCE-016)
[00:59:04.02] /w Warning: Could not set the value of preference xtLVSLayDBFormat because it does not exist. (PREFERENCE-016)
[00:59:04.02] /w Warning: Could not set the value of preference xtLPELVSTool because it does not exist. (PREFERENCE-016)
[00:59:04.02] /w Warning: Could not set the value of preference xtLPETool because it does not exist. (PREFERENCE-016)
[00:59:04.02] /w Warning: Could not set the value of preference xtLPEOpenParasiticView because it does not exist. (PREFERENCE-016)
[00:59:04.02] /w Warning: Could not set the value of preference xtStarTcadGrdFile because it does not exist. (PREFERENCE-016)
[00:59:04.02] /w Warning: Could not set the value of preference xtLPEStarOADeviceMappingFile because it does not exist. (PREFERENCE-016)
[00:59:04.02] /w Warning: Could not set the value of preference xtStarOALayerMappingFile because it does not exist. (PREFERENCE-016)
[00:59:04.02] /o 	#######################################
[00:59:04.02] /o 	CC-PDK Library Name	: FreePDK3
[00:59:04.02] /o 	#######################################
[00:59:04.02] /o 
[00:59:04.15] /o Netlisting
[00:59:04.15] /o Creating output directories
[00:59:04.69] /o No Design Integrity rule violations found in "group8/tb2025_1/schematic"
[00:59:04.69] /o Scanning: group8/tb2025_1/schematic
[00:59:04.90] /o Scanning: proj_common/inputbuf/schematic
[00:59:05.69] /m Information: 
[00:59:05.69] /o Checking "group8/memory_array_static_column_decoder/schematic"
[00:59:05.69] /o No rule violations found in "group8/memory_array_static_column_decoder/schematic"
[00:59:05.69] /o Scanning: group8/memory_array_static_column_decoder/schematic
[00:59:05.75] /o Scanning: group8/precharge_logic/schematic
[00:59:05.82] /o Scanning: group8/sram_6t/schematic
[00:59:05.91] /o Scanning: group8/static_row_decoder_3by8/schematic
[00:59:05.97] /o Scanning: group8/nand/schematic
[00:59:06.03] /o Scanning: group8/inv/schematic
[00:59:06.11] /o Scanning: group8/buffer_highdrive/schematic
[00:59:06.17] /o Scanning: group8/invx4/schematic
[00:59:06.23] /o Scanning: group8/nor/schematic
[00:59:06.32] /o Scanning: group8/columnDecoderstatic/schematic
[00:59:06.38] /o Scanning: group8/2to4_decoder_static/schematic
[00:59:06.47] /o Scanning: group8/Write_Driver/schematic
[00:59:06.55] /m Information: 
[00:59:06.55] /o Checking "group8/buffer/schematic"
[00:59:06.55] /o No rule violations found in "group8/buffer/schematic"
[00:59:06.55] /o Scanning: group8/buffer/schematic
[00:59:06.61] /o Scanning: group8/read_circuit/schematic
[00:59:06.67] /o Scanning: group8/tspc_pos_ff/schematic
[00:59:06.76] /o Scanning: group8/agen_unit/schematic
[00:59:06.81] /o Scanning: group8/Demux/schematic
[00:59:06.88] /o Scanning: group8/WLRef_PC/schematic
[00:59:06.88] /o Computing terminal lists
[00:59:06.88] /o Processing terminals of module proj_common/inputbuf/schematic
[00:59:06.90] /o Processing terminals of module group8/precharge_logic/schematic
[00:59:06.90] /o Processing terminals of module group8/sram_6t/schematic
[00:59:06.90] /o Processing terminals of module group8/nand/schematic
[00:59:06.90] /o Processing terminals of module group8/inv/schematic
[00:59:06.90] /o Processing terminals of module group8/invx4/schematic
[00:59:06.90] /o Processing terminals of module group8/buffer_highdrive/schematic
[00:59:06.90] /o Processing terminals of module group8/nor/schematic
[00:59:06.91] /o Processing terminals of module group8/static_row_decoder_3by8/schematic
[00:59:06.91] /o Processing terminals of module group8/2to4_decoder_static/schematic
[00:59:06.91] /o Processing terminals of module group8/columnDecoderstatic/schematic
[00:59:06.91] /o Processing terminals of module group8/buffer/schematic
[00:59:06.91] /o Processing terminals of module group8/Write_Driver/schematic
[00:59:06.91] /o Processing terminals of module group8/read_circuit/schematic
[00:59:06.91] /o Processing terminals of module group8/tspc_pos_ff/schematic
[00:59:06.91] /o Processing terminals of module group8/Demux/schematic
[00:59:06.91] /o Processing terminals of module group8/agen_unit/schematic
[00:59:06.91] /o Processing terminals of module group8/WLRef_PC/schematic
[00:59:06.92] /o Processing terminals of module group8/memory_array_static_column_decoder/schematic
[00:59:06.92] /o Processing terminals of module group8/tb2025_1/schematic
[00:59:06.93] /o Starting netlisting
[00:59:07.54] /o Formatting group8/2to4_decoder_static/schematic
[00:59:07.60] /m Information: "group8 2to4_decoder_static schematic" renetlisted. (NETLISTING-056)
[00:59:07.80] /o Formatting group8/read_circuit/schematic
[00:59:07.81] /m Information: "group8 read_circuit schematic" renetlisted. (NETLISTING-056)
[00:59:08.07] /o Formatting group8/memory_array_static_column_decoder/schematic
[00:59:08.15] /m Information: "group8 memory_array_static_column_decoder schematic" renetlisted. (NETLISTING-056)
[00:59:09.18] /m Information: "Netlisting design "group8/tb2025_1/schematic" finished successfully." (NETLISTING-012)
[00:59:09.32] /# Composing simulator input file for design "group8/tb2025_1/schematic"...
[00:59:12.57] /# Simulator input file composed successfully for design "group8/tb2025_1/schematic"
[00:59:12.83] /m Information: Save ouputs to /mnt/coe/workspace/ece/ece546-spr25/group8/group8_project/simulation/group8,tb2025_1,schematic/history_1/simulation/HSPICE_default/HSPICE/nominal/results/outputs.tcl for AVA evaluation.
[00:59:15.26] /o 
[00:59:17.24] /o                                          Composing Nominal                                         
[00:59:17.85] /o                         Launching jobs for testbench HSPICE_default started                        
[00:59:17.88] /# Starting PrimeSimHSPICE simulation for design: group8/tb2025_1/schematic
[00:59:18.01] /o                          Creating jobs for testbench HSPICE_default (0 / 1)                         
[00:59:18.12] /o                            Launching 1 jobs for testbench HSPICE_default                           
[00:59:18.79] /o                         Launching jobs for testbench HSPICE_default finished                        
[00:59:20.33] /m Information: 0 of 1 testbench(es) done. (PW_GUI-714)
[00:59:24.02] /m Information: Job distribution master (saeSession0,HSPICE_default.Simulation_Simulation session:session0 testbench:HSPICE_default) : up to 1 job running workers.
[01:01:31.04] /# Simulation completed successfully for design: group8/tb2025_1/schematic  (PW-651)
[01:01:31.38] /# Netlisting and simulation completed for testbench: HSPICE_default in 149s
[01:01:31.40] /# Evaluating and plotting outputs...
[01:01:38.87] /m Information: Jobs distribution master quit! (PW_GUI-822)
[01:01:39.42] /# Evaluating and plotting completed for testbench: HSPICE_default in 8s
[01:01:39.49] /m Information: 1 of 1 testbench(es) done. (PW_GUI-714)
[01:02:29.36] /o ==== Received Msg ====
              /c len=8 sourceSoc=sock486e77b0 msgIndex=2 rawMsg=idleExit
[01:02:29.36] /o 
[01:02:29.39] /m Information: Exiting simulation server process. (PW_GUI-984)
[01:02:32.79] /o Shutdown time: Thu Apr 17 01:02:32 2025
[01:02:32.79] /o Elapsed session real time: 3.8 minutes
[01:02:32.80] /o Session terminated. Log is at /mnt/coe/workspace/ece/ece546-spr25/group8/group8_project/synopsys_custom/logs/primewave.svkolach.2025_4_17_005843_819702.log
[01:02:32.83] /e Error: {}
