1743975016.344561: 72827-7fe502f68540: cdpl_log.c:337: in cdpl_log_open(): info: @@start_of_log@@
1743975016.344599: 72827-7fe502f68540: cdpl_log.c:1058: in cdpl_log_dump_sysinfo(): info: time: 2025/04/06 17:30:16 EDT -0400
1743975016.344602: 72827-7fe502f68540: cdpl_log.c:1060: in cdpl_log_dump_sysinfo(): info: version: W-2024.09-SP1-2 
1743975016.344603: 72827-7fe502f68540: cdpl_log.c:1062: in cdpl_log_dump_sysinfo(): info: system: Linux 4.18.0-553.47.1.el8_10.x86_64 #1 SMP Thu Mar 20 10:01:53 EDT 2025
1743975016.344604: 72827-7fe502f68540: cdpl_log.c:1067: in cdpl_log_dump_sysinfo(): info: processor: x86_64 64-bits
1743975016.344605: 72827-7fe502f68540: cdpl_log.c:1071: in cdpl_log_dump_sysinfo(): info: hostname: lib-41922.eos.ncsu.edu
1743975016.344606: 72827-7fe502f68540: cdpl_log.c:1073: in cdpl_log_dump_sysinfo(): info: program name: custom_shell
1743975016.344608: 72827-7fe502f68540: cdpl_log.c:340: in cdpl_log_open(): debug: path: /mnt/coe/workspace/ece/ece546-spr25/group8/group8_project/synopsys_custom/pwdp_jobs/saeSession6_default.SimulationSimulation_cdpl.0.72827/logs/master.lib-41922.eos.ncsu.edu.72827.log
1743975016.344609: 72827-7fe502f68540: cdpl_log.c:341: in cdpl_log_open(): debug: dir: /mnt/coe/workspace/ece/ece546-spr25/group8/group8_project/synopsys_custom/pwdp_jobs/saeSession6_default.SimulationSimulation_cdpl.0.72827/logs
1743975016.344636: 72827-7fe502f68540: cdpl_server.c:536: in cdpl_sv_init(): info: new server S998872930
1743975016.344642: 72827-7fe502f68540: cdpl_ipc.c:3475: in cdpl_ipc_init(): info: requesting IPv4 protocol
1743975016.348725: 72827-7fe502f68540: cdpl_ipc.c:837: in _selectaddrfamily(): info: selected IPv4 protocol
1743975016.348748: 72827-7fe502f68540: cdpl_ipc.c:1139: in _set_keepalive(): info: TCP keep alive interval: 300
1743975016.351433: 72827-7fe502f68540: cdpl_monitor.c:1117: in cdpl_mn_new_server(): info: creating server monitor instance
1743975016.351460: 72827-7fe502f68540: cdpl_server.c:650: in cdpl_sv_new_master(): info: new master M1
1743975016.351472: 72827-7fe502f68540: cdpl_server.c:6533: in cdpl_sv_ctl_master(): info: Setting worker heartbeat to 120 seconds
1743975016.351473: 72827-7fe502f68540: cdpl_server.c:6542: in cdpl_sv_ctl_master(): info: Setting worker heartbeat timeout to 3 heartbeats
1743975016.351475: 72827-7fe502f68540: cdpl_compat_master.c:2090: in _parse_hostfile(): info: reading hostfile `/mnt/coe/workspace/ece/ece546-spr25/group8/group8_project/synopsys_custom/pwdp_jobs/saeSession6_default.SimulationSimulation_cdpl.0.72827/host_file'
1743975016.358031: 72827-7fe502f68540: cdpl_compat_master.c:1900: in _hostfile_parser(): debug: parsing "1     |localhost|   -1  | /tmp | SH | sh"
1743975016.358065: 72827-7fe502f68540: cdpl_farm.c:2578: in cdpl_farm_new_sh(): info: creating SH farm on localhost
1743975016.358073: 72827-7fe502f68540: cdpl_compat_master.c:206: in _set_farm_env(): info: exporting CDPL_LOGDIR as `/mnt/coe/workspace/ece/ece546-spr25/group8/group8_project/synopsys_custom/pwdp_jobs/saeSession6_default.SimulationSimulation_cdpl.0.72827/logs'
1743975016.358074: 72827-7fe502f68540: cdpl_compat_master.c:212: in _set_farm_env(): info: exporting CDPL_TMPDIR as `/tmp'
1743975016.358077: 72827-7fe502f68540: cdpl_compat_master.c:219: in _set_farm_env(): info: exporting CDPL_HOME as `/mnt/apps/public/COE/synopsys_apps/hspice/W-2024.09-SP1/hspice/cdpl'
1743975016.358078: 72827-7fe502f68540: cdpl_compat_master.c:235: in _set_farm_env(): info: exporting SNPSLMD_LICENSE_FILE as `27000@ece-lic-35.ece.ncsu.edu'
1743975016.358080: 72827-7fe502f68540: cdpl_compat_master.c:259: in _set_farm_env(): info: exporting CDPL_OPTIONS as `[nowlogs]'
1743975016.358081: 72827-7fe502f68540: cdpl_compat_master.c:266: in _set_farm_env(): info: exporting DISPLAY as `unix:14349'
1743975016.358082: 72827-7fe502f68540: cdpl_compat_master.c:274: in _set_farm_env(): info: exporting CDPL_HEARTBEAT as `120'
1743975016.358095: 72827-7fe502f68540: cdpl_farm.c:3149: in cdpl_farm_add_withdir(): debug: added `localhost' (capacity: unlimited)
1743975016.358096: 72827-7fe502f68540: cdpl_compat_parse.c:147: in parsefile(): debug: read `/mnt/coe/workspace/ece/ece546-spr25/group8/group8_project/synopsys_custom/pwdp_jobs/saeSession6_default.SimulationSimulation_cdpl.0.72827/host_file', 2 lines
1743975016.358104: 72827-7fe502f68540: cdpl_compat_master.c:2931: in cdplInitMaster(): info: bcast dir is `/mnt/coe/workspace/ece/ece546-spr25/group8/group8_project/synopsys_custom/pwdp_jobs/saeSession6_default.SimulationSimulation_cdpl.0.72827/logs'
1743975016.365133: 72827-7fe502f68540: cdpl_server.c:6433: in cdpl_sv_ctl_master(): info: farm worker timeout set to 300
1743975016.365136: 72827-7fe502f68540: cdpl_server.c:6486: in cdpl_sv_ctl_master(): info: maximum number of task execution attempts set to 1
1743975016.365155: 72827-7fe502f68540: cdpl_server.c:3195: in cdpl_sv_start(): debug: starting server
1743975016.365159: 72827-7fe502f68540: cdpl_ipc.c:3632: in cdpl_ipc_start(): debug: starting IPC server 152.14.142.25:42823
1743975016.365293: 72827-7fe4c2d18700: cdpl_server_ipc.c:1182: in _sv_ipc_thread(): debug: ready
1743975016.365356: 72827-7fe4c2517700: cdpl_monitor.c:426: in cdpl_mn_init_client(): info: creating client monitor instance
1743975016.365365: 72827-7fe4c2517700: cdpl_ipc.c:3475: in cdpl_ipc_init(): info: requesting IPv4 protocol
1743975016.370884: 72827-7fe4c2517700: cdpl_ipc.c:837: in _selectaddrfamily(): info: selected IPv4 protocol
1743975016.370900: 72827-7fe4c2517700: cdpl_ipc.c:1139: in _set_keepalive(): info: TCP keep alive interval: 300
1743975016.374249: 72827-7fe4c2517700: cdpl_ipc.c:3632: in cdpl_ipc_start(): debug: starting IPC server 152.14.142.25:35621
1743975016.374345: 72827-7fe4c2517700: cdpl_monitor.c:471: in cdpl_mn_init_client(): debug: incoming messages in /tmp/cdpl-monitor-eXSNza
1743975016.374403: 72827-7fe4c2517700: cdpl_monitor.c:533: in cdpl_mn_connect(): debug: connecting to 152.14.142.25:42823
1743975016.374419: 72827-7fe4c2517700: cdpl_ipc.c:3789: in cdpl_ipc_connect(): info: connecting to 152.14.142.25:42823
1743975016.374501: 72827-7fe4c2517700: cdpl_ipc.c:3860: in cdpl_ipc_connect(): info: connected as `152.14.142.25:43776'
1743975016.374512: 72827-7fe4c2517700: cdpl_ipc.c:2503: in cdpl_ipc_host_accept(): debug: accepted host `152.14.142.25:42823'
1743975016.374542: 72827-7fe4c2517700: cdpl_monitor.c:579: in cdpl_mn_connect(): debug: ok
1743975016.374548: 72827-7fe4c3519700: cdpl_ipc.c:1862: in _epoll_accept(): debug: new connection from `152.14.142.25:43776'
1743975016.374593: 72827-7fe502f68540: cdpl_server.c:731: in cdpl_sv_new_job(): info: new job J1 in M1
1743975016.374618: 72827-7fe502f68540: cdpl_compat_master.c:1581: in _add_worker(): info: new worker type 10, min:1, max:3, cmd:`/mnt/coe/workspace/ece/ece546-spr25/group8/group8_project/synopsys_custom/pwdp_jobs/saeSession6_default.SimulationSimulation_cdpl.0.72827/START_WORKER pw_worker -i /mnt/coe/workspace/ece/ece546-spr25/group8/group8_pr
1743975016.374622: 72827-7fe4c2d18700: cdpl_server_ipc.c:1225: in _sv_ipc_thread(): debug: received ACCEPT notification
1743975016.374630: 72827-7fe502f68540: cdpl_server.c:908: in cdpl_sv_new_bin_withfarm(): info: new bin B1 in J1
1743975016.374634: 72827-7fe4c2d18700: cdpl_ipc.c:2503: in cdpl_ipc_host_accept(): debug: accepted host `152.14.142.25:43776'
1743975016.374637: 72827-7fe4c2d18700: cdpl_server_ipc.c:1256: in _sv_ipc_thread(): debug: received MONITOR message
1743975016.374889: 72827-7fe4c2d18700: cdpl_monitor.c:1207: in cdpl_mn_accept(): debug: accepted monitor `152.14.142.25:43776'
1743975016.374894: 72827-7fe4c2d18700: cdpl_server_ipc_mon.c:120: in _globalLOCK(): debug: ENTERTING GLOBAL LOCK
1743975016.374896: 72827-7fe4c2d18700: cdpl_server_ipc_mon.c:164: in _globalLOCK(): debug: global lock acquired
1743975016.374904: 72827-7fe4affff700: cdpl_monitor.c:910: in mn_systat(): debug: started
1743975016.375057: 72827-7fe4affff700: cdpl_monitor.c:937: in mn_systat(): debug: monitor server flush rate: 5
1743975016.406932: 72827-7fe4c2d18700: cdpl_server_ipc_mon.c:210: in _globalUNLOCK(): debug: LEAVING GLOBAL LOCK
1743975016.730398: 72827-7fe502f68540: cdpl_server.c:3249: in cdpl_sv_start_job(): info: starting job J1
1743975016.730417: 72827-7fe502f68540: cdpl_server.c:62: in _sv_start_bin(): debug: starting bin B1 (min: 0, max: 3)
1743975016.730491: 72827-7fe502f68540: cdpl_server.c:1893: in _sv_gen_task(): info: new task T0 in B1 (prio 0)
1743975016.730508: 72827-7fe4ae7fc700: cdpl_server_sched.c:2482: in _sv_scheduler_thread(): debug: scheduler for bin B1 started
1743975016.730514: 72827-7fe502f68540: cdpl_server.c:2698: in cdpl_sv_label_task_va(): info: setting task T0 label to "HSPICE_1|HSPICE"
1743975016.730544: 72827-7fe4ae7fc700: cdpl_server_sched.c:2443: in _scheduler_run(): debug: will start a new worker
1743975016.730570: 72827-7fe4ae7fc700: cdpl_farm.c:3977: in cdpl_farm_submit(): debug: 1 running processes
1743975016.730572: 72827-7fe4ae7fc700: cdpl_farm.c:3985: in cdpl_farm_submit(): debug: new command C1 in bin B1 assigned to host `localhost'
1743975016.730612: 72827-7fe4ae7fc700: cdpl_server_sched.c:705: in _sv_launch_worker(): info: started worker W1 (as C1) in bin B1
1743975016.730621: 72827-7fe4adffb700: cdpl_farm.c:2139: in _schedule(): debug: started
1743975016.730626: 72827-7fe4adffb700: cdpl_farm.c:2303: in _schedule(): debug: submitting command C1 in bin B1
1743975016.730637: 72827-7fe4adffb700: cdpl_sh.c:49: in _sh_detached_submit(): info: SH : /mnt/coe/workspace/ece/ece546-spr25/group8/group8_project/synopsys_custom/pwdp_jobs/saeSession6_default.SimulationSimulation_cdpl.0.72827/START_WORKER pw_worker -i /mnt/coe/workspace/ece/ece546-spr25/group8/group8_project/synopsys_custom/pwdp_jobs/saeSession6_default.SimulationSimulation_cdpl.0.72827 -t 10000
1743975016.733396: 72827-7fe4adffb700: cdpl_farm.c:2343: in _schedule(): debug: C1 in bin B1 running on slot 0
1743975016.733416: 72827-7fe4adffb700: cdpl_farm.c:2167: in _schedule(): debug: idle
1743975016.975485: 72827-7fe502f68540: cdpl_compat_master.c:5948: in cdplMasterLogInfo(): info: [non-CDPL log entry] PWDP3: reset pilot cache succeeded, pilot_key=saeSession6,1,default|&/mnt/coe/workspace/ece/ece546-spr25/group8/group8_project/simulation/group8,memory_array_tb,schematic/history_1/simulation/default/PrimeSimHSPICE/nominal/results
1743975017.033485: 72827-7fe4adffb700: cdpl_farm.c:1193: in _onexit(): debug: C1 in bin B1 exited normally on slot 0
1743975017.671751: 72827-7fe4af7fe700: cdpl_compat_master.c:5948: in cdplMasterLogInfo(): info: [non-CDPL log entry] PWDP - no-workers started ok check start!
1743975018.674190: 72827-7fe4c3519700: cdpl_ipc.c:1862: in _epoll_accept(): debug: new connection from `152.14.142.25:43778'
1743975018.674228: 72827-7fe4c2d18700: cdpl_server_ipc.c:1225: in _sv_ipc_thread(): debug: received ACCEPT notification
1743975018.674238: 72827-7fe4c2d18700: cdpl_ipc.c:2503: in cdpl_ipc_host_accept(): debug: accepted host `152.14.142.25:43778'
1743975018.674430: 72827-7fe4c2d18700: cdpl_server_ipc.c:1246: in _sv_ipc_thread(): debug: received HELLO message
1743975018.674431: 72827-7fe4c2d18700: cdpl_server_ipc.c:430: in _sv_on_hello(): debug: looking up W1
1743975018.674433: 72827-7fe4c2d18700: cdpl_server_ipc.c:540: in _sv_on_hello(): info: W1 is `152.14.142.25:43778'
1743975018.674434: 72827-7fe4c2d18700: cdpl_server_ipc.c:541: in _sv_on_hello(): debug: hello W1 (B1)
1743975018.674435: 72827-7fe4c2d18700: cdpl_server_ipc.c:542: in _sv_on_hello(): info: W1 log file is /dev/null
1743975018.674487: 72827-7fe4c2d18700: cdpl_server_ipc.c:602: in _sv_on_hello(): info: up to 1 alive workers in B1
1743975018.674494: 72827-7fe4c2d18700: cdpl_farm.c:878: in _release_cmd(): debug: freeing command C1 in bin B1
1743975018.674531: 72827-7fe4ae7fc700: cdpl_server_sched.c:960: in _assign(): info: assigning task T0 to worker W1
1743975019.674956: 72827-7fe4c2d18700: cdpl_server_ipc.c:312: in _sv_on_heartbeat(): debug: received HEARTBEAT from worker W1 at 152.14.142.25:43778
1743975021.408209: 72827-7fe4c2d18700: cdpl_server_ipc.c:1268: in _sv_ipc_thread(): debug: received RELAY message
1743975021.408217: 72827-7fe4c2d18700: cdpl_server_ipc.c:713: in _sv_on_relay(): debug: RELAY message from W1, size = 56
1743975021.408221: 72827-7fe4c2d18700: cdpl_server_ipc.c:715: in _sv_on_relay(): debug: RELAY message from W1, content = 0$73444 lib-41922.eos.ncsu.edu 73461 RUNNING 1743975020
1743975021.443193: 72827-7fe4c2517700: cdpl_monitor.c:533: in cdpl_mn_connect(): debug: connecting to 152.14.142.25:43513
1743975021.444112: 72827-7fe4c2517700: cdpl_ipc.c:3789: in cdpl_ipc_connect(): info: connecting to 152.14.142.25:43513
1743975021.444218: 72827-7fe4c2517700: cdpl_ipc.c:3860: in cdpl_ipc_connect(): info: connected as `152.14.142.25:37042'
1743975021.444224: 72827-7fe4c2517700: cdpl_ipc.c:2503: in cdpl_ipc_host_accept(): debug: accepted host `152.14.142.25:43513'
1743975021.444227: 72827-7fe4c2517700: cdpl_monitor.c:579: in cdpl_mn_connect(): debug: ok
1743975037.026538: 72827-7fe4c2d18700: cdpl_server_ipc.c:1268: in _sv_ipc_thread(): debug: received RELAY message
1743975037.029501: 72827-7fe4c2d18700: cdpl_server_ipc.c:713: in _sv_on_relay(): debug: RELAY message from W1, size = 48
1743975037.029504: 72827-7fe4c2d18700: cdpl_server_ipc.c:715: in _sv_on_relay(): debug: RELAY message from W1, content = WORKERDU|1083,dc2isi00nfs.oit.ncsu.edu:/coe_nfs
1743975037.029508: 72827-7fe4c2d18700: cdpl_server_ipc.c:1268: in _sv_ipc_thread(): debug: received RELAY message
1743975037.029509: 72827-7fe4c2d18700: cdpl_server_ipc.c:713: in _sv_on_relay(): debug: RELAY message from W1, size = 197
1743975037.029511: 72827-7fe4c2d18700: cdpl_server_ipc.c:715: in _sv_on_relay(): debug: RELAY message from W1, content = REQPILOT|saeSession6,1,default|&/mnt/coe/workspace/ece/ece546-spr25/group8/group8_project/simulation/group8,memory_array_tb,schematic/history_1/simulation/default/PrimeSimHSPICE/nominal/results|&0
1743975037.029586: 72827-7fe4c0d14700: cdpl_compat_master.c:5948: in cdplMasterLogInfo(): info: [non-CDPL log entry] PWDP send back 'DOPILOT' to worker id:1 key: saeSession6,1,default|&/mnt/coe/workspace/ece/ece546-spr25/group8/group8_project/simulation/group8,memory_array_tb,schematic/history_1/simulation/default/PrimeSimHSPICE/nominal/results
1743975037.040304: 72827-7fe4c0d14700: cdpl_compat_master.c:5948: in cdplMasterLogInfo(): info: [non-CDPL log entry] PWDP: set pilot doing!
1743975037.051377: 72827-7fe4c2d18700: cdpl_server_ipc.c:1268: in _sv_ipc_thread(): debug: received RELAY message
1743975037.051385: 72827-7fe4c2d18700: cdpl_server_ipc.c:713: in _sv_on_relay(): debug: RELAY message from W1, size = 193
1743975037.051386: 72827-7fe4c2d18700: cdpl_server_ipc.c:715: in _sv_on_relay(): debug: RELAY message from W1, content = PILOTOK|saeSession6,1,default|&/mnt/coe/workspace/ece/ece546-spr25/group8/group8_project/simulation/group8,memory_array_tb,schematic/history_1/simulation/default/PrimeSimHSPICE/nominal/results
1743975037.051450: 72827-7fe4c0d14700: cdpl_compat_master.c:5948: in cdplMasterLogInfo(): info: [non-CDPL log entry] PWDP: set pilot done!
1743975037.051634: 72827-7fe4c2d18700: cdpl_server_ipc.c:1268: in _sv_ipc_thread(): debug: received RELAY message
1743975037.051639: 72827-7fe4c2d18700: cdpl_server_ipc.c:713: in _sv_on_relay(): debug: RELAY message from W1, size = 18
1743975037.051641: 72827-7fe4c2d18700: cdpl_server_ipc.c:715: in _sv_on_relay(): debug: RELAY message from W1, content = 0$- - - MEASDOING
1743975044.584848: 72827-7fe4c2d18700: cdpl_server_ipc.c:1268: in _sv_ipc_thread(): debug: received RELAY message
1743975044.587871: 72827-7fe4c2d18700: cdpl_server_ipc.c:713: in _sv_on_relay(): debug: RELAY message from W1, size = 68
1743975044.587874: 72827-7fe4c2d18700: cdpl_server_ipc.c:715: in _sv_on_relay(): debug: RELAY message from W1, content = 0$73444 lib-41922.eos.ncsu.edu 73461 FINISHED 1743975020|1743975044
1743975044.605005: 72827-7fe4c2d18700: cdpl_server_ipc.c:1268: in _sv_ipc_thread(): debug: received RELAY message
1743975044.605011: 72827-7fe4c2d18700: cdpl_server_ipc.c:713: in _sv_on_relay(): debug: RELAY message from W1, size = 195
1743975044.605012: 72827-7fe4c2d18700: cdpl_server_ipc.c:715: in _sv_on_relay(): debug: RELAY message from W1, content = PILOTDONE|saeSession6,1,default|&/mnt/coe/workspace/ece/ece546-spr25/group8/group8_project/simulation/group8,memory_array_tb,schematic/history_1/simulation/default/PrimeSimHSPICE/nominal/results
1743975044.605058: 72827-7fe4c0d14700: cdpl_compat_master.c:5948: in cdplMasterLogInfo(): info: [non-CDPL log entry] saeSession6,1,default|&/mnt/coe/workspace/ece/ece546-spr25/group8/group8_project/simulation/group8,memory_array_tb,schematic/history_1/simulation/default/PrimeSimHSPICE/nominal/results PILOTDONE!
1743975044.636991: 72827-7fe4c2d18700: cdpl_server_ipc.c:1251: in _sv_ipc_thread(): debug: received FINISH message
1743975044.636998: 72827-7fe4c2d18700: cdpl_server_ipc.c:983: in _sv_on_finish(): info: worker W1 completed task T0
1743975044.637000: 72827-7fe4c2d18700: cdpl_server_ipc.c:988: in _sv_on_finish(): debug: stat T0: utime=6837 stime=717
1743975044.637002: 72827-7fe4c2d18700: cdpl_server_ipc.c:993: in _sv_on_finish(): debug: statm T0: vsize=3080056 rss=1067788 shared=520080 text=474784 data=734268
1743975044.667399: 72827-7fe502f68540: cdpl_server.c:227: in _sv_free_task_safe(): debug: freeing task T0
1743975044.683754: 72827-7fe4c2d18700: cdpl_server_ipc.c:1268: in _sv_ipc_thread(): debug: received RELAY message
1743975044.683771: 72827-7fe4c2d18700: cdpl_server_ipc.c:713: in _sv_on_relay(): debug: RELAY message from W1, size = 47
1743975044.683772: 72827-7fe4c2d18700: cdpl_server_ipc.c:715: in _sv_on_relay(): debug: RELAY message from W1, content = WORKERDU|300,dc2isi00nfs.oit.ncsu.edu:/coe_nfs
1743975053.076068: 72827-7fe502f68540: cdpl_server.c:3008: in cdpl_sv_halt_job_errno(): info: killing job J1
1743975053.076083: 72827-7fe502f68540: cdpl_server.c:3044: in cdpl_sv_halt_job_errno(): debug: signal bin B1 scheduler to stop
1743975053.076126: 72827-7fe4ae7fc700: cdpl_server_sched.c:2484: in _sv_scheduler_thread(): debug: scheduler for bin B1 stopped
1743975053.076144: 72827-7fe4ae7fc700: cdpl_ipc.c:1657: in _host_drop__UNSAFE(): debug: dropping host `152.14.142.25:43778'
1743975053.076172: 72827-7fe4ae7fc700: cdpl_server_sched.c:2830: in _sv_drop_worker(): info: down to 0 alive workers in B1
1743975053.076177: 72827-7fe4ae7fc700: cdpl_farm.c:4152: in cdpl_farm_dismiss(): debug: down to 0 running processes
1743975053.076183: 72827-7fe4ae7fc700: cdpl_server_sched.c:121: in _free_worker_2(): debug: freeing worker W1
1743975053.076191: 72827-7fe4ae7fc700: cdpl_ipc.c:2513: in cdpl_ipc_host_release(): debug: releasing host `152.14.142.25:43778'
1743975053.076210: 72827-7fe4c2d18700: cdpl_server_ipc.c:1236: in _sv_ipc_thread(): debug: received DROP notification
1743975053.076218: 72827-7fe502f68540: cdpl_server.c:294: in _sv_free_job(): info: freeing job J1
1743975053.076221: 72827-7fe502f68540: cdpl_server.c:92: in _sv_free_bin(): debug: freeing bin B1
1743975053.076247: 72827-7fe502f68540: cdpl_monitor.c:515: in cdpl_mn_kill(): info: killing monitor
1743975053.076252: 72827-7fe502f68540: cdpl_ipc.c:3677: in cdpl_ipc_kill(): debug: stopping event server
1743975053.076270: 72827-7fe4c1d16700: cdpl_ipc.c:2460: in _epoll_main(): debug: server going down...
1743975053.076282: 72827-7fe4c3519700: cdpl_ipc.c:775: in _readv(): warning: read(): EOF
1743975053.076296: 72827-7fe4c3519700: cdpl_ipc.c:2100: in _epoll_recv(): debug: _readv(): Broken pipe
1743975053.076298: 72827-7fe4c3519700: cdpl_ipc.c:2424: in _epoll_main(): debug: _epoll_recv(): Broken pipe
1743975053.076300: 72827-7fe4c3519700: cdpl_ipc.c:1657: in _host_drop__UNSAFE(): debug: dropping host `152.14.142.25:43776'
1743975053.076330: 72827-7fe4c3519700: cdpl_ipc.c:1582: in _host_free__UNSAFE(): debug: freeing host `152.14.142.25:43778'
1743975053.076332: 72827-7fe4c3519700: cdpl_ipc.c:1621: in _host_free__UNSAFE(): debug: [0 outq, 0 spR, 0 spW]
1743975053.076338: 72827-7fe4c2d18700: cdpl_server_ipc.c:1236: in _sv_ipc_thread(): debug: received DROP notification
1743975053.076349: 72827-7fe4c2d18700: cdpl_monitor.c:1269: in cdpl_mn_drop(): debug: detaching from monitor `152.14.142.25:43776'
1743975053.076352: 72827-7fe4c2d18700: cdpl_monitor.c:1101: in mn_systat_stop(): debug: joining systat thread
1743975053.076367: 72827-7fe4affff700: cdpl_monitor.c:1079: in mn_systat(): debug: exiting
1743975053.076419: 72827-7fe4c2d18700: cdpl_monitor.c:1103: in mn_systat_stop(): debug: systat thread done
1743975053.076432: 72827-7fe4c2d18700: cdpl_ipc.c:2513: in cdpl_ipc_host_release(): debug: releasing host `152.14.142.25:43776'
1743975053.076477: 72827-7fe4c2517700: cdpl_ipc.c:3728: in cdpl_ipc_free(): debug: releasing IPC handle
1743975053.076482: 72827-7fe4c2517700: cdpl_ipc.c:1582: in _host_free__UNSAFE(): debug: freeing host `152.14.142.25:43513'
1743975053.076484: 72827-7fe4c2517700: cdpl_ipc.c:1621: in _host_free__UNSAFE(): debug: [0 outq, 0 spR, 0 spW]
1743975053.076490: 72827-7fe4c2517700: cdpl_ipc.c:1582: in _host_free__UNSAFE(): debug: freeing host `152.14.142.25:42823'
1743975053.076492: 72827-7fe4c2517700: cdpl_ipc.c:1621: in _host_free__UNSAFE(): debug: [0 outq, 0 spR, 0 spW]
1743975053.076495: 72827-7fe4c2517700: cdpl_ipc.c:3756: in cdpl_ipc_free(): warning: 2 host(s) were not released
1743975053.076504: 72827-7fe4c2517700: cdpl_ipc.c:3767: in cdpl_ipc_free(): debug: done
1743975053.076505: 72827-7fe4c2517700: cdpl_monitor.c:1390: in cdpl_mn_free(): debug: freeing monitor client
1743975053.076560: 72827-7fe502f68540: cdpl_farm.c:2740: in cdpl_farm_free(): info: freeing farm
1743975053.076601: 72827-7fe4adffb700: cdpl_farm.c:2231: in _schedule(): debug: end of idling
1743975053.076607: 72827-7fe4adffb700: cdpl_farm.c:2235: in _schedule(): debug: dying
1743975053.076632: 72827-7fe502f68540: cdpl_farm.c:913: in _killall(): debug: killing all remaining commands
1743975053.076639: 72827-7fe502f68540: cdpl_server.c:3144: in cdpl_sv_free(): info: freeing server S998872930
1743975053.076647: 72827-7fe502f68540: cdpl_server.c:3109: in cdpl_sv_kill_errno(): info: killing server
1743975053.076648: 72827-7fe502f68540: cdpl_ipc.c:3677: in cdpl_ipc_kill(): debug: stopping event server
1743975053.076691: 72827-7fe4c3519700: cdpl_ipc.c:2460: in _epoll_main(): debug: server going down...
1743975053.076701: 72827-7fe4c2d18700: cdpl_server_ipc.c:1200: in _sv_ipc_thread(): debug: leaving now
1743975053.076709: 72827-7fe502f68540: cdpl_server.c:334: in _sv_free_master(): info: freeing master M1
1743975053.076713: 72827-7fe502f68540: cdpl_hash.c:68: in cdpl_h_destroy(): debug: put operations: 1
1743975053.076714: 72827-7fe502f68540: cdpl_hash.c:69: in cdpl_h_destroy(): debug: put collisions: 0
1743975053.076714: 72827-7fe502f68540: cdpl_hash.c:70: in cdpl_h_destroy(): debug: get operations: 1
1743975053.076715: 72827-7fe502f68540: cdpl_hash.c:71: in cdpl_h_destroy(): debug: get iterations: 1
1743975053.076723: 72827-7fe502f68540: cdpl_monitor.c:1390: in cdpl_mn_free(): debug: freeing monitor server
1743975053.076724: 72827-7fe502f68540: cdpl_ipc.c:3728: in cdpl_ipc_free(): debug: releasing IPC handle
1743975053.076725: 72827-7fe502f68540: cdpl_ipc.c:1582: in _host_free__UNSAFE(): debug: freeing host `152.14.142.25:43776'
1743975053.076726: 72827-7fe502f68540: cdpl_ipc.c:1621: in _host_free__UNSAFE(): debug: [0 outq, 0 spR, 0 spW]
1743975053.076735: 72827-7fe502f68540: cdpl_ipc.c:3767: in cdpl_ipc_free(): debug: done
1743975053.076739: 72827-7fe502f68540: cdpl_log.c:481: in cdpl_log_close(): info: @@end_of_log@@
