1743692079.428139: 828133-7fee25ca6540: cdpl_log.c:337: in cdpl_log_open(): info: @@start_of_log@@
1743692079.428186: 828133-7fee25ca6540: cdpl_log.c:1058: in cdpl_log_dump_sysinfo(): info: time: 2025/04/03 10:54:39 EDT -0400
1743692079.428193: 828133-7fee25ca6540: cdpl_log.c:1060: in cdpl_log_dump_sysinfo(): info: version: W-2024.09-SP1-2 
1743692079.428198: 828133-7fee25ca6540: cdpl_log.c:1062: in cdpl_log_dump_sysinfo(): info: system: Linux 4.18.0-553.46.1.el8_10.x86_64 #1 SMP Sat Mar 15 01:37:33 EDT 2025
1743692079.428203: 828133-7fee25ca6540: cdpl_log.c:1067: in cdpl_log_dump_sysinfo(): info: processor: x86_64 64-bits
1743692079.428208: 828133-7fee25ca6540: cdpl_log.c:1071: in cdpl_log_dump_sysinfo(): info: hostname: hydra11.ece.ncsu.edu
1743692079.428212: 828133-7fee25ca6540: cdpl_log.c:1073: in cdpl_log_dump_sysinfo(): info: program name: custom_shell
1743692079.428220: 828133-7fee25ca6540: cdpl_log.c:340: in cdpl_log_open(): debug: path: /mnt/coe/workspace/ece/ece546-spr25/group8/group8_project/synopsys_custom/pwdp_jobs/saeSession1_HSPICEdefault.SimulationSimulation_cdpl.1.828133/logs/master.hydra11.ece.ncsu.edu.828133.log
1743692079.428225: 828133-7fee25ca6540: cdpl_log.c:341: in cdpl_log_open(): debug: dir: /mnt/coe/workspace/ece/ece546-spr25/group8/group8_project/synopsys_custom/pwdp_jobs/saeSession1_HSPICEdefault.SimulationSimulation_cdpl.1.828133/logs
1743692079.428243: 828133-7fee25ca6540: cdpl_server.c:536: in cdpl_sv_init(): info: new server S1621809415
1743692079.428250: 828133-7fee25ca6540: cdpl_ipc.c:3475: in cdpl_ipc_init(): info: requesting IPv4 protocol
1743692079.434261: 828133-7fee25ca6540: cdpl_ipc.c:837: in _selectaddrfamily(): info: selected IPv4 protocol
1743692079.434314: 828133-7fee25ca6540: cdpl_ipc.c:1139: in _set_keepalive(): info: TCP keep alive interval: 300
1743692079.437656: 828133-7fee25ca6540: cdpl_monitor.c:1117: in cdpl_mn_new_server(): info: creating server monitor instance
1743692079.437681: 828133-7fee25ca6540: cdpl_server.c:650: in cdpl_sv_new_master(): info: new master M1
1743692079.437705: 828133-7fee25ca6540: cdpl_server.c:6533: in cdpl_sv_ctl_master(): info: Setting worker heartbeat to 120 seconds
1743692079.437709: 828133-7fee25ca6540: cdpl_server.c:6542: in cdpl_sv_ctl_master(): info: Setting worker heartbeat timeout to 3 heartbeats
1743692079.437714: 828133-7fee25ca6540: cdpl_compat_master.c:2090: in _parse_hostfile(): info: reading hostfile `/mnt/coe/workspace/ece/ece546-spr25/group8/group8_project/synopsys_custom/pwdp_jobs/saeSession1_HSPICEdefault.SimulationSimulation_cdpl.1.828133/host_file'
1743692079.442621: 828133-7fee25ca6540: cdpl_compat_master.c:1900: in _hostfile_parser(): debug: parsing "1     |localhost|   -1  | /tmp | SH | sh"
1743692079.442638: 828133-7fee25ca6540: cdpl_farm.c:2578: in cdpl_farm_new_sh(): info: creating SH farm on localhost
1743692079.442659: 828133-7fee25ca6540: cdpl_compat_master.c:206: in _set_farm_env(): info: exporting CDPL_LOGDIR as `/mnt/coe/workspace/ece/ece546-spr25/group8/group8_project/synopsys_custom/pwdp_jobs/saeSession1_HSPICEdefault.SimulationSimulation_cdpl.1.828133/logs'
1743692079.442663: 828133-7fee25ca6540: cdpl_compat_master.c:212: in _set_farm_env(): info: exporting CDPL_TMPDIR as `/tmp'
1743692079.442668: 828133-7fee25ca6540: cdpl_compat_master.c:219: in _set_farm_env(): info: exporting CDPL_HOME as `/mnt/apps/public/COE/synopsys_apps/hspice/W-2024.09-SP1/hspice/cdpl'
1743692079.442672: 828133-7fee25ca6540: cdpl_compat_master.c:235: in _set_farm_env(): info: exporting SNPSLMD_LICENSE_FILE as `27000@ece-lic-35.ece.ncsu.edu'
1743692079.442676: 828133-7fee25ca6540: cdpl_compat_master.c:259: in _set_farm_env(): info: exporting CDPL_OPTIONS as `[nowlogs]'
1743692079.442679: 828133-7fee25ca6540: cdpl_compat_master.c:266: in _set_farm_env(): info: exporting DISPLAY as `unix:31142'
1743692079.442683: 828133-7fee25ca6540: cdpl_compat_master.c:274: in _set_farm_env(): info: exporting CDPL_HEARTBEAT as `120'
1743692079.442692: 828133-7fee25ca6540: cdpl_farm.c:3149: in cdpl_farm_add_withdir(): debug: added `localhost' (capacity: unlimited)
1743692079.442704: 828133-7fee25ca6540: cdpl_compat_parse.c:147: in parsefile(): debug: read `/mnt/coe/workspace/ece/ece546-spr25/group8/group8_project/synopsys_custom/pwdp_jobs/saeSession1_HSPICEdefault.SimulationSimulation_cdpl.1.828133/host_file', 2 lines
1743692079.442708: 828133-7fee25ca6540: cdpl_compat_master.c:2931: in cdplInitMaster(): info: bcast dir is `/mnt/coe/workspace/ece/ece546-spr25/group8/group8_project/synopsys_custom/pwdp_jobs/saeSession1_HSPICEdefault.SimulationSimulation_cdpl.1.828133/logs'
1743692079.446538: 828133-7fee25ca6540: cdpl_server.c:6433: in cdpl_sv_ctl_master(): info: farm worker timeout set to 300
1743692079.446545: 828133-7fee25ca6540: cdpl_server.c:6486: in cdpl_sv_ctl_master(): info: maximum number of task execution attempts set to 1
1743692079.446554: 828133-7fee25ca6540: cdpl_server.c:3195: in cdpl_sv_start(): debug: starting server
1743692079.446559: 828133-7fee25ca6540: cdpl_ipc.c:3632: in cdpl_ipc_start(): debug: starting IPC server 152.14.98.7:36469
1743692079.447497: 828133-7fedeef8c700: cdpl_server_ipc.c:1182: in _sv_ipc_thread(): debug: ready
1743692079.447542: 828133-7feddd7fa700: cdpl_monitor.c:426: in cdpl_mn_init_client(): info: creating client monitor instance
1743692079.447562: 828133-7feddd7fa700: cdpl_ipc.c:3475: in cdpl_ipc_init(): info: requesting IPv4 protocol
1743692079.452010: 828133-7feddd7fa700: cdpl_ipc.c:837: in _selectaddrfamily(): info: selected IPv4 protocol
1743692079.452060: 828133-7feddd7fa700: cdpl_ipc.c:1139: in _set_keepalive(): info: TCP keep alive interval: 300
1743692079.454662: 828133-7feddd7fa700: cdpl_ipc.c:3632: in cdpl_ipc_start(): debug: starting IPC server 152.14.98.7:39111
1743692079.454930: 828133-7feddd7fa700: cdpl_monitor.c:471: in cdpl_mn_init_client(): debug: incoming messages in /tmp/cdpl-monitor-t1xEJC
1743692079.455646: 828133-7feddd7fa700: cdpl_monitor.c:533: in cdpl_mn_connect(): debug: connecting to 152.14.98.7:36469
1743692079.455658: 828133-7feddd7fa700: cdpl_ipc.c:3789: in cdpl_ipc_connect(): info: connecting to 152.14.98.7:36469
1743692079.455838: 828133-7feddd7fa700: cdpl_ipc.c:3860: in cdpl_ipc_connect(): info: connected as `152.14.98.7:53926'
1743692079.455852: 828133-7feddd7fa700: cdpl_ipc.c:2503: in cdpl_ipc_host_accept(): debug: accepted host `152.14.98.7:36469'
1743692079.455856: 828133-7fedee78b700: cdpl_ipc.c:1862: in _epoll_accept(): debug: new connection from `152.14.98.7:53926'
1743692079.455873: 828133-7feddd7fa700: cdpl_monitor.c:579: in cdpl_mn_connect(): debug: ok
1743692079.455915: 828133-7fedeef8c700: cdpl_server_ipc.c:1225: in _sv_ipc_thread(): debug: received ACCEPT notification
1743692079.455936: 828133-7fedeef8c700: cdpl_ipc.c:2503: in cdpl_ipc_host_accept(): debug: accepted host `152.14.98.7:53926'
1743692079.455945: 828133-7fee25ca6540: cdpl_server.c:731: in cdpl_sv_new_job(): info: new job J1 in M1
1743692079.455962: 828133-7fedeef8c700: cdpl_server_ipc.c:1256: in _sv_ipc_thread(): debug: received MONITOR message
1743692079.455972: 828133-7fee25ca6540: cdpl_compat_master.c:1581: in _add_worker(): info: new worker type 10, min:1, max:3, cmd:`/mnt/coe/workspace/ece/ece546-spr25/group8/group8_project/synopsys_custom/pwdp_jobs/saeSession1_HSPICEdefault.SimulationSimulation_cdpl.1.828133/START_WORKER pw_worker -i /mnt/coe/workspace/ece/ece546-spr25/group8/gr
1743692079.455994: 828133-7fee25ca6540: cdpl_server.c:908: in cdpl_sv_new_bin_withfarm(): info: new bin B1 in J1
1743692079.456135: 828133-7fedeef8c700: cdpl_monitor.c:1207: in cdpl_mn_accept(): debug: accepted monitor `152.14.98.7:53926'
1743692079.456151: 828133-7fedeef8c700: cdpl_server_ipc_mon.c:120: in _globalLOCK(): debug: ENTERTING GLOBAL LOCK
1743692079.456155: 828133-7fedeef8c700: cdpl_server_ipc_mon.c:164: in _globalLOCK(): debug: global lock acquired
1743692079.456180: 828133-7feded789700: cdpl_monitor.c:910: in mn_systat(): debug: started
1743692079.456529: 828133-7feded789700: cdpl_monitor.c:937: in mn_systat(): debug: monitor server flush rate: 5
1743692079.545061: 828133-7fedeef8c700: cdpl_server_ipc_mon.c:210: in _globalUNLOCK(): debug: LEAVING GLOBAL LOCK
1743692079.664446: 828133-7fee25ca6540: cdpl_server.c:3249: in cdpl_sv_start_job(): info: starting job J1
1743692079.664479: 828133-7fee25ca6540: cdpl_server.c:62: in _sv_start_bin(): debug: starting bin B1 (min: 0, max: 3)
1743692079.664641: 828133-7fedde7fc700: cdpl_server_sched.c:2482: in _sv_scheduler_thread(): debug: scheduler for bin B1 started
1743692079.664663: 828133-7fee25ca6540: cdpl_server.c:1893: in _sv_gen_task(): info: new task T0 in B1 (prio 0)
1743692079.664680: 828133-7fee25ca6540: cdpl_server.c:2698: in cdpl_sv_label_task_va(): info: setting task T0 label to "HSPICE_2|HSPICE"
1743692079.664695: 828133-7fedde7fc700: cdpl_server_sched.c:2443: in _scheduler_run(): debug: will start a new worker
1743692079.664715: 828133-7fedde7fc700: cdpl_farm.c:3977: in cdpl_farm_submit(): debug: 1 running processes
1743692079.664720: 828133-7fedde7fc700: cdpl_farm.c:3985: in cdpl_farm_submit(): debug: new command C1 in bin B1 assigned to host `localhost'
1743692079.664869: 828133-7fedde7fc700: cdpl_server_sched.c:705: in _sv_launch_worker(): info: started worker W1 (as C1) in bin B1
1743692079.664887: 828133-7fedddffb700: cdpl_farm.c:2139: in _schedule(): debug: started
1743692079.664901: 828133-7fedddffb700: cdpl_farm.c:2303: in _schedule(): debug: submitting command C1 in bin B1
1743692079.664909: 828133-7fedddffb700: cdpl_sh.c:49: in _sh_detached_submit(): info: SH : /mnt/coe/workspace/ece/ece546-spr25/group8/group8_project/synopsys_custom/pwdp_jobs/saeSession1_HSPICEdefault.SimulationSimulation_cdpl.1.828133/START_WORKER pw_worker -i /mnt/coe/workspace/ece/ece546-spr25/group8/group8_project/synopsys_custom/pwdp_jobs/saeSession1_HSPICEdefault.SimulationSimulation_cdpl.1.828133 -t 10000
1743692079.674323: 828133-7fedddffb700: cdpl_farm.c:2343: in _schedule(): debug: C1 in bin B1 running on slot 0
1743692079.674364: 828133-7fedddffb700: cdpl_farm.c:2167: in _schedule(): debug: idle
1743692079.815294: 828133-7fee25ca6540: cdpl_compat_master.c:5948: in cdplMasterLogInfo(): info: [non-CDPL log entry] PWDP3: reset pilot cache succeeded, pilot_key=saeSession1,1,HSPICE_default|&/mnt/coe/workspace/ece/ece546-spr25/group8/group8_project/simulation/group8,memory_array_write_test,schematic/history_1/simulation/HSPICE_default/HSPICE/nominal/results
1743692079.974448: 828133-7fedddffb700: cdpl_farm.c:1193: in _onexit(): debug: C1 in bin B1 exited normally on slot 0
1743692080.790679: 828133-7feddf7fe700: cdpl_compat_master.c:5948: in cdplMasterLogInfo(): info: [non-CDPL log entry] PWDP - no-workers started ok check start!
1743692082.930905: 828133-7fedee78b700: cdpl_ipc.c:1862: in _epoll_accept(): debug: new connection from `152.14.98.7:43850'
1743692082.930988: 828133-7fedeef8c700: cdpl_server_ipc.c:1225: in _sv_ipc_thread(): debug: received ACCEPT notification
1743692082.931013: 828133-7fedeef8c700: cdpl_ipc.c:2503: in cdpl_ipc_host_accept(): debug: accepted host `152.14.98.7:43850'
1743692082.931735: 828133-7fedeef8c700: cdpl_server_ipc.c:1246: in _sv_ipc_thread(): debug: received HELLO message
1743692082.931743: 828133-7fedeef8c700: cdpl_server_ipc.c:430: in _sv_on_hello(): debug: looking up W1
1743692082.931753: 828133-7fedeef8c700: cdpl_server_ipc.c:540: in _sv_on_hello(): info: W1 is `152.14.98.7:43850'
1743692082.931756: 828133-7fedeef8c700: cdpl_server_ipc.c:541: in _sv_on_hello(): debug: hello W1 (B1)
1743692082.931760: 828133-7fedeef8c700: cdpl_server_ipc.c:542: in _sv_on_hello(): info: W1 log file is /dev/null
1743692082.931779: 828133-7fedeef8c700: cdpl_server_ipc.c:602: in _sv_on_hello(): info: up to 1 alive workers in B1
1743692082.931792: 828133-7fedeef8c700: cdpl_farm.c:878: in _release_cmd(): debug: freeing command C1 in bin B1
1743692082.931836: 828133-7fedde7fc700: cdpl_server_sched.c:960: in _assign(): info: assigning task T0 to worker W1
1743692083.933121: 828133-7fedeef8c700: cdpl_server_ipc.c:312: in _sv_on_heartbeat(): debug: received HEARTBEAT from worker W1 at 152.14.98.7:43850
1743692084.525914: 828133-7feddd7fa700: cdpl_monitor.c:533: in cdpl_mn_connect(): debug: connecting to 152.14.98.7:33931
1743692084.525935: 828133-7feddd7fa700: cdpl_ipc.c:3789: in cdpl_ipc_connect(): info: connecting to 152.14.98.7:33931
1743692084.526128: 828133-7feddd7fa700: cdpl_ipc.c:3860: in cdpl_ipc_connect(): info: connected as `152.14.98.7:49780'
1743692084.526153: 828133-7feddd7fa700: cdpl_ipc.c:2503: in cdpl_ipc_host_accept(): debug: accepted host `152.14.98.7:33931'
1743692084.526162: 828133-7feddd7fa700: cdpl_monitor.c:579: in cdpl_mn_connect(): debug: ok
1743692086.890126: 828133-7fedeef8c700: cdpl_server_ipc.c:1268: in _sv_ipc_thread(): debug: received RELAY message
1743692086.890163: 828133-7fedeef8c700: cdpl_server_ipc.c:713: in _sv_on_relay(): debug: RELAY message from W1, size = 56
1743692086.890170: 828133-7fedeef8c700: cdpl_server_ipc.c:715: in _sv_on_relay(): debug: RELAY message from W1, content = 0$833920 hydra11.ece.ncsu.edu 833994 RUNNING 1743692086
1743692114.901376: 828133-7fedeef8c700: cdpl_server_ipc.c:1268: in _sv_ipc_thread(): debug: received RELAY message
1743692114.902691: 828133-7fedeef8c700: cdpl_server_ipc.c:713: in _sv_on_relay(): debug: RELAY message from W1, size = 48
1743692114.902704: 828133-7fedeef8c700: cdpl_server_ipc.c:715: in _sv_on_relay(): debug: RELAY message from W1, content = WORKERDU|1235,dc2isi00nfs.oit.ncsu.edu:/coe_nfs
1743692114.902835: 828133-7fedeef8c700: cdpl_server_ipc.c:1268: in _sv_ipc_thread(): debug: received RELAY message
1743692114.902849: 828133-7fedeef8c700: cdpl_server_ipc.c:713: in _sv_on_relay(): debug: RELAY message from W1, size = 211
1743692114.902854: 828133-7fedeef8c700: cdpl_server_ipc.c:715: in _sv_on_relay(): debug: RELAY message from W1, content = REQPILOT|saeSession1,1,HSPICE_default|&/mnt/coe/workspace/ece/ece546-spr25/group8/group8_project/simulation/group8,memory_array_write_test,schematic/history_1/simulation/HSPICE_default/HSPICE/nominal/results|&0
1743692114.902893: 828133-7fedecf88700: cdpl_compat_master.c:5948: in cdplMasterLogInfo(): info: [non-CDPL log entry] PWDP send back 'DOPILOT' to worker id:1 key: saeSession1,1,HSPICE_default|&/mnt/coe/workspace/ece/ece546-spr25/group8/group8_project/simulation/group8,memory_array_write_test,schematic/history_1/simulation/HSPICE_default/HSPICE/nominal/results
1743692114.908609: 828133-7fedecf88700: cdpl_compat_master.c:5948: in cdplMasterLogInfo(): info: [non-CDPL log entry] PWDP: set pilot doing!
1743692114.931936: 828133-7fedeef8c700: cdpl_server_ipc.c:1268: in _sv_ipc_thread(): debug: received RELAY message
1743692114.931962: 828133-7fedeef8c700: cdpl_server_ipc.c:713: in _sv_on_relay(): debug: RELAY message from W1, size = 207
1743692114.931967: 828133-7fedeef8c700: cdpl_server_ipc.c:715: in _sv_on_relay(): debug: RELAY message from W1, content = PILOTOK|saeSession1,1,HSPICE_default|&/mnt/coe/workspace/ece/ece546-spr25/group8/group8_project/simulation/group8,memory_array_write_test,schematic/history_1/simulation/HSPICE_default/HSPICE/nominal/results
1743692114.932026: 828133-7fedecf88700: cdpl_compat_master.c:5948: in cdplMasterLogInfo(): info: [non-CDPL log entry] PWDP: set pilot done!
1743692114.932129: 828133-7fedeef8c700: cdpl_server_ipc.c:1268: in _sv_ipc_thread(): debug: received RELAY message
1743692114.932135: 828133-7fedeef8c700: cdpl_server_ipc.c:713: in _sv_on_relay(): debug: RELAY message from W1, size = 18
1743692114.932139: 828133-7fedeef8c700: cdpl_server_ipc.c:715: in _sv_on_relay(): debug: RELAY message from W1, content = 0$- - - MEASDOING
1743692117.994878: 828133-7fedeef8c700: cdpl_server_ipc.c:1268: in _sv_ipc_thread(): debug: received RELAY message
1743692117.996194: 828133-7fedeef8c700: cdpl_server_ipc.c:713: in _sv_on_relay(): debug: RELAY message from W1, size = 68
1743692117.996203: 828133-7fedeef8c700: cdpl_server_ipc.c:715: in _sv_on_relay(): debug: RELAY message from W1, content = 0$833920 hydra11.ece.ncsu.edu 833994 FINISHED 1743692086|1743692117
1743692118.008377: 828133-7fedeef8c700: cdpl_server_ipc.c:1268: in _sv_ipc_thread(): debug: received RELAY message
1743692118.008391: 828133-7fedeef8c700: cdpl_server_ipc.c:713: in _sv_on_relay(): debug: RELAY message from W1, size = 209
1743692118.008402: 828133-7fedeef8c700: cdpl_server_ipc.c:715: in _sv_on_relay(): debug: RELAY message from W1, content = PILOTDONE|saeSession1,1,HSPICE_default|&/mnt/coe/workspace/ece/ece546-spr25/group8/group8_project/simulation/group8,memory_array_write_test,schematic/history_1/simulation/HSPICE_default/HSPICE/nominal/results
1743692118.008463: 828133-7fedecf88700: cdpl_compat_master.c:5948: in cdplMasterLogInfo(): info: [non-CDPL log entry] saeSession1,1,HSPICE_default|&/mnt/coe/workspace/ece/ece546-spr25/group8/group8_project/simulation/group8,memory_array_write_test,schematic/history_1/simulation/HSPICE_default/HSPICE/nominal/results PILOTDONE!
1743692118.024045: 828133-7fedeef8c700: cdpl_server_ipc.c:1251: in _sv_ipc_thread(): debug: received FINISH message
1743692118.024058: 828133-7fedeef8c700: cdpl_server_ipc.c:983: in _sv_on_finish(): info: worker W1 completed task T0
1743692118.024062: 828133-7fedeef8c700: cdpl_server_ipc.c:988: in _sv_on_finish(): debug: stat T0: utime=16757 stime=2927
1743692118.024066: 828133-7fedeef8c700: cdpl_server_ipc.c:993: in _sv_on_finish(): debug: statm T0: vsize=2867488 rss=1067180 shared=520060 text=474784 data=732744
1743692118.035079: 828133-7fee25ca6540: cdpl_server.c:227: in _sv_free_task_safe(): debug: freeing task T0
1743692118.051930: 828133-7fedeef8c700: cdpl_server_ipc.c:1268: in _sv_ipc_thread(): debug: received RELAY message
1743692118.051948: 828133-7fedeef8c700: cdpl_server_ipc.c:713: in _sv_on_relay(): debug: RELAY message from W1, size = 47
1743692118.051955: 828133-7fedeef8c700: cdpl_server_ipc.c:715: in _sv_on_relay(): debug: RELAY message from W1, content = WORKERDU|108,dc2isi00nfs.oit.ncsu.edu:/coe_nfs
1743692123.097109: 828133-7fee25ca6540: cdpl_server.c:3008: in cdpl_sv_halt_job_errno(): info: killing job J1
1743692123.098514: 828133-7fee25ca6540: cdpl_server.c:3044: in cdpl_sv_halt_job_errno(): debug: signal bin B1 scheduler to stop
1743692123.098537: 828133-7fedde7fc700: cdpl_server_sched.c:2484: in _sv_scheduler_thread(): debug: scheduler for bin B1 stopped
1743692123.098556: 828133-7fedde7fc700: cdpl_ipc.c:1657: in _host_drop__UNSAFE(): debug: dropping host `152.14.98.7:43850'
1743692123.098609: 828133-7fedde7fc700: cdpl_server_sched.c:2830: in _sv_drop_worker(): info: down to 0 alive workers in B1
1743692123.098614: 828133-7fedeef8c700: cdpl_server_ipc.c:1236: in _sv_ipc_thread(): debug: received DROP notification
1743692123.098624: 828133-7fedde7fc700: cdpl_farm.c:4152: in cdpl_farm_dismiss(): debug: down to 0 running processes
1743692123.098640: 828133-7fedde7fc700: cdpl_server_sched.c:121: in _free_worker_2(): debug: freeing worker W1
1743692123.098645: 828133-7fedde7fc700: cdpl_ipc.c:2513: in cdpl_ipc_host_release(): debug: releasing host `152.14.98.7:43850'
1743692123.098649: 828133-7fedde7fc700: cdpl_ipc.c:2529: in cdpl_ipc_host_release(): debug: scheduling for immediate release
1743692123.098659: 828133-7fee25ca6540: cdpl_server.c:294: in _sv_free_job(): info: freeing job J1
1743692123.098664: 828133-7fee25ca6540: cdpl_server.c:92: in _sv_free_bin(): debug: freeing bin B1
1743692123.098675: 828133-7fee25ca6540: cdpl_monitor.c:515: in cdpl_mn_kill(): info: killing monitor
1743692123.098679: 828133-7fee25ca6540: cdpl_ipc.c:3677: in cdpl_ipc_kill(): debug: stopping event server
1743692123.098695: 828133-7feddffff700: cdpl_ipc.c:2460: in _epoll_main(): debug: server going down...
1743692123.098738: 828133-7fedee78b700: cdpl_ipc.c:775: in _readv(): warning: read(): EOF
1743692123.098768: 828133-7fedee78b700: cdpl_ipc.c:2100: in _epoll_recv(): debug: _readv(): Broken pipe
1743692123.098774: 828133-7fedee78b700: cdpl_ipc.c:2424: in _epoll_main(): debug: _epoll_recv(): Broken pipe
1743692123.098781: 828133-7fedee78b700: cdpl_ipc.c:1657: in _host_drop__UNSAFE(): debug: dropping host `152.14.98.7:53926'
1743692123.098837: 828133-7fedeef8c700: cdpl_server_ipc.c:1236: in _sv_ipc_thread(): debug: received DROP notification
1743692123.098845: 828133-7fedee78b700: cdpl_ipc.c:1582: in _host_free__UNSAFE(): debug: freeing host `152.14.98.7:43850'
1743692123.098860: 828133-7fedee78b700: cdpl_ipc.c:1621: in _host_free__UNSAFE(): debug: [0 outq, 0 spR, 0 spW]
1743692123.098866: 828133-7fedeef8c700: cdpl_monitor.c:1269: in cdpl_mn_drop(): debug: detaching from monitor `152.14.98.7:53926'
1743692123.098874: 828133-7fedeef8c700: cdpl_monitor.c:1101: in mn_systat_stop(): debug: joining systat thread
1743692123.098889: 828133-7feded789700: cdpl_monitor.c:1079: in mn_systat(): debug: exiting
1743692123.098919: 828133-7fedeef8c700: cdpl_monitor.c:1103: in mn_systat_stop(): debug: systat thread done
1743692123.098925: 828133-7fedeef8c700: cdpl_ipc.c:2513: in cdpl_ipc_host_release(): debug: releasing host `152.14.98.7:53926'
1743692123.099020: 828133-7feddd7fa700: cdpl_ipc.c:3728: in cdpl_ipc_free(): debug: releasing IPC handle
1743692123.099029: 828133-7feddd7fa700: cdpl_ipc.c:3742: in cdpl_ipc_free(): debug: 1 unread messages
1743692123.099033: 828133-7feddd7fa700: cdpl_ipc.c:1582: in _host_free__UNSAFE(): debug: freeing host `152.14.98.7:33931'
1743692123.099038: 828133-7feddd7fa700: cdpl_ipc.c:1621: in _host_free__UNSAFE(): debug: [0 outq, 0 spR, 0 spW]
1743692123.099054: 828133-7feddd7fa700: cdpl_ipc.c:1582: in _host_free__UNSAFE(): debug: freeing host `152.14.98.7:36469'
1743692123.099058: 828133-7feddd7fa700: cdpl_ipc.c:1621: in _host_free__UNSAFE(): debug: [0 outq, 0 spR, 0 spW]
1743692123.099069: 828133-7feddd7fa700: cdpl_ipc.c:3756: in cdpl_ipc_free(): warning: 2 host(s) were not released
1743692123.099080: 828133-7feddd7fa700: cdpl_ipc.c:3767: in cdpl_ipc_free(): debug: done
1743692123.099084: 828133-7feddd7fa700: cdpl_monitor.c:1390: in cdpl_mn_free(): debug: freeing monitor client
1743692123.099212: 828133-7fee25ca6540: cdpl_farm.c:2740: in cdpl_farm_free(): info: freeing farm
1743692123.099236: 828133-7fedddffb700: cdpl_farm.c:2231: in _schedule(): debug: end of idling
1743692123.099249: 828133-7fedddffb700: cdpl_farm.c:2235: in _schedule(): debug: dying
1743692123.099320: 828133-7fee25ca6540: cdpl_farm.c:913: in _killall(): debug: killing all remaining commands
1743692123.099336: 828133-7fee25ca6540: cdpl_server.c:3144: in cdpl_sv_free(): info: freeing server S1621809415
1743692123.099342: 828133-7fee25ca6540: cdpl_server.c:3109: in cdpl_sv_kill_errno(): info: killing server
1743692123.099345: 828133-7fee25ca6540: cdpl_ipc.c:3677: in cdpl_ipc_kill(): debug: stopping event server
1743692123.099361: 828133-7fedee78b700: cdpl_ipc.c:2460: in _epoll_main(): debug: server going down...
1743692123.099371: 828133-7fedeef8c700: cdpl_server_ipc.c:1200: in _sv_ipc_thread(): debug: leaving now
1743692123.099383: 828133-7fee25ca6540: cdpl_server.c:334: in _sv_free_master(): info: freeing master M1
1743692123.099387: 828133-7fee25ca6540: cdpl_hash.c:68: in cdpl_h_destroy(): debug: put operations: 1
1743692123.099391: 828133-7fee25ca6540: cdpl_hash.c:69: in cdpl_h_destroy(): debug: put collisions: 0
1743692123.099394: 828133-7fee25ca6540: cdpl_hash.c:70: in cdpl_h_destroy(): debug: get operations: 1
1743692123.099397: 828133-7fee25ca6540: cdpl_hash.c:71: in cdpl_h_destroy(): debug: get iterations: 1
1743692123.099403: 828133-7fee25ca6540: cdpl_monitor.c:1390: in cdpl_mn_free(): debug: freeing monitor server
1743692123.099407: 828133-7fee25ca6540: cdpl_ipc.c:3728: in cdpl_ipc_free(): debug: releasing IPC handle
1743692123.099410: 828133-7fee25ca6540: cdpl_ipc.c:1582: in _host_free__UNSAFE(): debug: freeing host `152.14.98.7:53926'
1743692123.099414: 828133-7fee25ca6540: cdpl_ipc.c:1621: in _host_free__UNSAFE(): debug: [0 outq, 0 spR, 0 spW]
1743692123.099459: 828133-7fee25ca6540: cdpl_ipc.c:3767: in cdpl_ipc_free(): debug: done
1743692123.099467: 828133-7fee25ca6540: cdpl_log.c:481: in cdpl_log_close(): info: @@end_of_log@@
