1743651693.726756: 3899786-7fa4219de540: cdpl_log.c:337: in cdpl_log_open(): info: @@start_of_log@@
1743651693.726845: 3899786-7fa4219de540: cdpl_log.c:1058: in cdpl_log_dump_sysinfo(): info: time: 2025/04/02 23:41:33 EDT -0400
1743651693.726857: 3899786-7fa4219de540: cdpl_log.c:1060: in cdpl_log_dump_sysinfo(): info: version: W-2024.09-SP1-2 
1743651693.726864: 3899786-7fa4219de540: cdpl_log.c:1062: in cdpl_log_dump_sysinfo(): info: system: Linux 4.18.0-553.46.1.el8_10.x86_64 #1 SMP Sat Mar 15 01:37:33 EDT 2025
1743651693.726871: 3899786-7fa4219de540: cdpl_log.c:1067: in cdpl_log_dump_sysinfo(): info: processor: x86_64 64-bits
1743651693.726875: 3899786-7fa4219de540: cdpl_log.c:1071: in cdpl_log_dump_sysinfo(): info: hostname: grendel45.ece.ncsu.edu
1743651693.726881: 3899786-7fa4219de540: cdpl_log.c:1073: in cdpl_log_dump_sysinfo(): info: program name: custom_shell
1743651693.726892: 3899786-7fa4219de540: cdpl_log.c:340: in cdpl_log_open(): debug: path: /mnt/coe/workspace/ece/ece546-spr25/group8/group8_project/synopsys_custom/pwdp_jobs/saeSession0_HSPICEdefault2.SimulationSimulation_cdpl.0.3899786/logs/master.grendel45.ece.ncsu.edu.3899786.log
1743651693.726898: 3899786-7fa4219de540: cdpl_log.c:341: in cdpl_log_open(): debug: dir: /mnt/coe/workspace/ece/ece546-spr25/group8/group8_project/synopsys_custom/pwdp_jobs/saeSession0_HSPICEdefault2.SimulationSimulation_cdpl.0.3899786/logs
1743651693.726994: 3899786-7fa4219de540: cdpl_server.c:536: in cdpl_sv_init(): info: new server S932829956
1743651693.727017: 3899786-7fa4219de540: cdpl_ipc.c:3475: in cdpl_ipc_init(): info: requesting IPv4 protocol
1743651693.732993: 3899786-7fa4219de540: cdpl_ipc.c:837: in _selectaddrfamily(): info: selected IPv4 protocol
1743651693.733100: 3899786-7fa4219de540: cdpl_ipc.c:1139: in _set_keepalive(): info: TCP keep alive interval: 300
1743651693.736488: 3899786-7fa4219de540: cdpl_monitor.c:1117: in cdpl_mn_new_server(): info: creating server monitor instance
1743651693.736559: 3899786-7fa4219de540: cdpl_server.c:650: in cdpl_sv_new_master(): info: new master M1
1743651693.736598: 3899786-7fa4219de540: cdpl_server.c:6533: in cdpl_sv_ctl_master(): info: Setting worker heartbeat to 120 seconds
1743651693.736605: 3899786-7fa4219de540: cdpl_server.c:6542: in cdpl_sv_ctl_master(): info: Setting worker heartbeat timeout to 3 heartbeats
1743651693.736613: 3899786-7fa4219de540: cdpl_compat_master.c:2090: in _parse_hostfile(): info: reading hostfile `/mnt/coe/workspace/ece/ece546-spr25/group8/group8_project/synopsys_custom/pwdp_jobs/saeSession0_HSPICEdefault2.SimulationSimulation_cdpl.0.3899786/host_file'
1743651693.747086: 3899786-7fa4219de540: cdpl_compat_master.c:1900: in _hostfile_parser(): debug: parsing "1     |localhost|   -1  | /tmp | SH | sh"
1743651693.747162: 3899786-7fa4219de540: cdpl_farm.c:2578: in cdpl_farm_new_sh(): info: creating SH farm on localhost
1743651693.747187: 3899786-7fa4219de540: cdpl_compat_master.c:206: in _set_farm_env(): info: exporting CDPL_LOGDIR as `/mnt/coe/workspace/ece/ece546-spr25/group8/group8_project/synopsys_custom/pwdp_jobs/saeSession0_HSPICEdefault2.SimulationSimulation_cdpl.0.3899786/logs'
1743651693.747195: 3899786-7fa4219de540: cdpl_compat_master.c:212: in _set_farm_env(): info: exporting CDPL_TMPDIR as `/tmp'
1743651693.747202: 3899786-7fa4219de540: cdpl_compat_master.c:219: in _set_farm_env(): info: exporting CDPL_HOME as `/mnt/apps/public/COE/synopsys_apps/hspice/W-2024.09-SP1/hspice/cdpl'
1743651693.747211: 3899786-7fa4219de540: cdpl_compat_master.c:235: in _set_farm_env(): info: exporting SNPSLMD_LICENSE_FILE as `27000@ece-lic-35.ece.ncsu.edu'
1743651693.747218: 3899786-7fa4219de540: cdpl_compat_master.c:259: in _set_farm_env(): info: exporting CDPL_OPTIONS as `[nowlogs]'
1743651693.747224: 3899786-7fa4219de540: cdpl_compat_master.c:266: in _set_farm_env(): info: exporting DISPLAY as `unix:14073'
1743651693.747230: 3899786-7fa4219de540: cdpl_compat_master.c:274: in _set_farm_env(): info: exporting CDPL_HEARTBEAT as `120'
1743651693.747271: 3899786-7fa4219de540: cdpl_farm.c:3149: in cdpl_farm_add_withdir(): debug: added `localhost' (capacity: unlimited)
1743651693.747296: 3899786-7fa4219de540: cdpl_compat_parse.c:147: in parsefile(): debug: read `/mnt/coe/workspace/ece/ece546-spr25/group8/group8_project/synopsys_custom/pwdp_jobs/saeSession0_HSPICEdefault2.SimulationSimulation_cdpl.0.3899786/host_file', 2 lines
1743651693.747304: 3899786-7fa4219de540: cdpl_compat_master.c:2931: in cdplInitMaster(): info: bcast dir is `/mnt/coe/workspace/ece/ece546-spr25/group8/group8_project/synopsys_custom/pwdp_jobs/saeSession0_HSPICEdefault2.SimulationSimulation_cdpl.0.3899786/logs'
1743651693.754742: 3899786-7fa4219de540: cdpl_server.c:6433: in cdpl_sv_ctl_master(): info: farm worker timeout set to 300
1743651693.754757: 3899786-7fa4219de540: cdpl_server.c:6486: in cdpl_sv_ctl_master(): info: maximum number of task execution attempts set to 1
1743651693.754821: 3899786-7fa4219de540: cdpl_server.c:3195: in cdpl_sv_start(): debug: starting server
1743651693.754838: 3899786-7fa4219de540: cdpl_ipc.c:3632: in cdpl_ipc_start(): debug: starting IPC server 152.14.98.62:33449
1743651693.755824: 3899786-7fa3ea591700: cdpl_server_ipc.c:1182: in _sv_ipc_thread(): debug: ready
1743651693.756746: 3899786-7fa3e9d90700: cdpl_monitor.c:426: in cdpl_mn_init_client(): info: creating client monitor instance
1743651693.756791: 3899786-7fa3e9d90700: cdpl_ipc.c:3475: in cdpl_ipc_init(): info: requesting IPv4 protocol
1743651693.762681: 3899786-7fa3e9d90700: cdpl_ipc.c:837: in _selectaddrfamily(): info: selected IPv4 protocol
1743651693.762757: 3899786-7fa3e9d90700: cdpl_ipc.c:1139: in _set_keepalive(): info: TCP keep alive interval: 300
1743651693.765884: 3899786-7fa3e9d90700: cdpl_ipc.c:3632: in cdpl_ipc_start(): debug: starting IPC server 152.14.98.62:46651
1743651693.766363: 3899786-7fa3e9d90700: cdpl_monitor.c:471: in cdpl_mn_init_client(): debug: incoming messages in /tmp/cdpl-monitor-gK8NSH
1743651693.766659: 3899786-7fa3e9d90700: cdpl_monitor.c:533: in cdpl_mn_connect(): debug: connecting to 152.14.98.62:33449
1743651693.766678: 3899786-7fa3e9d90700: cdpl_ipc.c:3789: in cdpl_ipc_connect(): info: connecting to 152.14.98.62:33449
1743651693.767018: 3899786-7fa3e9d90700: cdpl_ipc.c:3860: in cdpl_ipc_connect(): info: connected as `152.14.98.62:41934'
1743651693.767053: 3899786-7fa3e9d90700: cdpl_ipc.c:2503: in cdpl_ipc_host_accept(): debug: accepted host `152.14.98.62:33449'
1743651693.767131: 3899786-7fa3e9d90700: cdpl_monitor.c:579: in cdpl_mn_connect(): debug: ok
1743651693.767170: 3899786-7fa3ead92700: cdpl_ipc.c:1862: in _epoll_accept(): debug: new connection from `152.14.98.62:41934'
1743651693.767335: 3899786-7fa4219de540: cdpl_server.c:731: in cdpl_sv_new_job(): info: new job J1 in M1
1743651693.767433: 3899786-7fa3ea591700: cdpl_server_ipc.c:1225: in _sv_ipc_thread(): debug: received ACCEPT notification
1743651693.767480: 3899786-7fa4219de540: cdpl_compat_master.c:1581: in _add_worker(): info: new worker type 10, min:1, max:3, cmd:`/mnt/coe/workspace/ece/ece546-spr25/group8/group8_project/synopsys_custom/pwdp_jobs/saeSession0_HSPICEdefault2.SimulationSimulation_cdpl.0.3899786/START_WORKER pw_worker -i /mnt/coe/workspace/ece/ece546-spr25/group8/
1743651693.767505: 3899786-7fa3ea591700: cdpl_ipc.c:2503: in cdpl_ipc_host_accept(): debug: accepted host `152.14.98.62:41934'
1743651693.767537: 3899786-7fa4219de540: cdpl_server.c:908: in cdpl_sv_new_bin_withfarm(): info: new bin B1 in J1
1743651693.767742: 3899786-7fa3ea591700: cdpl_server_ipc.c:1256: in _sv_ipc_thread(): debug: received MONITOR message
1743651693.769516: 3899786-7fa3ea591700: cdpl_monitor.c:1207: in cdpl_mn_accept(): debug: accepted monitor `152.14.98.62:41934'
1743651693.769546: 3899786-7fa3ea591700: cdpl_server_ipc_mon.c:120: in _globalLOCK(): debug: ENTERTING GLOBAL LOCK
1743651693.769553: 3899786-7fa3ea591700: cdpl_server_ipc_mon.c:164: in _globalLOCK(): debug: global lock acquired
1743651693.770219: 3899786-7fa3db7fe700: cdpl_monitor.c:910: in mn_systat(): debug: started
1743651693.770941: 3899786-7fa3db7fe700: cdpl_monitor.c:937: in mn_systat(): debug: monitor server flush rate: 5
1743651695.887867: 3899786-7fa3ea591700: cdpl_server_ipc_mon.c:210: in _globalUNLOCK(): debug: LEAVING GLOBAL LOCK
1743651695.887894: 3899786-7fa4219de540: cdpl_server.c:3249: in cdpl_sv_start_job(): info: starting job J1
1743651695.887961: 3899786-7fa4219de540: cdpl_server.c:62: in _sv_start_bin(): debug: starting bin B1 (min: 0, max: 3)
1743651695.888389: 3899786-7fa3da7fc700: cdpl_server_sched.c:2482: in _sv_scheduler_thread(): debug: scheduler for bin B1 started
1743651695.888457: 3899786-7fa4219de540: cdpl_server.c:1893: in _sv_gen_task(): info: new task T0 in B1 (prio 0)
1743651695.888540: 3899786-7fa4219de540: cdpl_server.c:2698: in cdpl_sv_label_task_va(): info: setting task T0 label to "HSPICE_1|HSPICE"
1743651695.888648: 3899786-7fa3da7fc700: cdpl_server_sched.c:2443: in _scheduler_run(): debug: will start a new worker
1743651695.888741: 3899786-7fa3da7fc700: cdpl_farm.c:3977: in cdpl_farm_submit(): debug: 1 running processes
1743651695.888750: 3899786-7fa3da7fc700: cdpl_farm.c:3985: in cdpl_farm_submit(): debug: new command C1 in bin B1 assigned to host `localhost'
1743651695.888979: 3899786-7fa3da7fc700: cdpl_server_sched.c:705: in _sv_launch_worker(): info: started worker W1 (as C1) in bin B1
1743651695.889556: 3899786-7fa3d9ffb700: cdpl_farm.c:2139: in _schedule(): debug: started
1743651695.889584: 3899786-7fa3d9ffb700: cdpl_farm.c:2303: in _schedule(): debug: submitting command C1 in bin B1
1743651695.889627: 3899786-7fa3d9ffb700: cdpl_sh.c:49: in _sh_detached_submit(): info: SH : /mnt/coe/workspace/ece/ece546-spr25/group8/group8_project/synopsys_custom/pwdp_jobs/saeSession0_HSPICEdefault2.SimulationSimulation_cdpl.0.3899786/START_WORKER pw_worker -i /mnt/coe/workspace/ece/ece546-spr25/group8/group8_project/synopsys_custom/pwdp_jobs/saeSession0_HSPICEdefault2.SimulationSimulation_cdpl.0.3899786 -t 10000
1743651695.898522: 3899786-7fa3d9ffb700: cdpl_farm.c:2343: in _schedule(): debug: C1 in bin B1 running on slot 0
1743651695.898581: 3899786-7fa3d9ffb700: cdpl_farm.c:2167: in _schedule(): debug: idle
1743651696.498791: 3899786-7fa3d9ffb700: cdpl_farm.c:1193: in _onexit(): debug: C1 in bin B1 exited normally on slot 0
1743651698.819802: 3899786-7fa4219de540: cdpl_compat_master.c:5948: in cdplMasterLogInfo(): info: [non-CDPL log entry] PWDP3: reset pilot cache succeeded, pilot_key=saeSession0,1,HSPICE_default_2|&/mnt/coe/workspace/ece/ece546-spr25/group8/group8_project/simulation/group8,sram_6t_tb,schematic/history_1/simulation/HSPICE_default_2/HSPICE/nominal/results
1743651699.222226: 3899786-7fa3d2ffd700: cdpl_compat_master.c:5948: in cdplMasterLogInfo(): info: [non-CDPL log entry] PWDP - no-workers started ok check start!
1743651712.888260: 3899786-7fa3ead92700: cdpl_ipc.c:1862: in _epoll_accept(): debug: new connection from `152.14.98.62:59942'
1743651712.891310: 3899786-7fa3ea591700: cdpl_server_ipc.c:1225: in _sv_ipc_thread(): debug: received ACCEPT notification
1743651712.891355: 3899786-7fa3ea591700: cdpl_ipc.c:2503: in cdpl_ipc_host_accept(): debug: accepted host `152.14.98.62:59942'
1743651712.891409: 3899786-7fa3ea591700: cdpl_server_ipc.c:1246: in _sv_ipc_thread(): debug: received HELLO message
1743651712.891416: 3899786-7fa3ea591700: cdpl_server_ipc.c:430: in _sv_on_hello(): debug: looking up W1
1743651712.891423: 3899786-7fa3ea591700: cdpl_server_ipc.c:540: in _sv_on_hello(): info: W1 is `152.14.98.62:59942'
1743651712.891429: 3899786-7fa3ea591700: cdpl_server_ipc.c:541: in _sv_on_hello(): debug: hello W1 (B1)
1743651712.891434: 3899786-7fa3ea591700: cdpl_server_ipc.c:542: in _sv_on_hello(): info: W1 log file is /dev/null
1743651712.891523: 3899786-7fa3ea591700: cdpl_server_ipc.c:602: in _sv_on_hello(): info: up to 1 alive workers in B1
1743651712.891552: 3899786-7fa3ea591700: cdpl_farm.c:878: in _release_cmd(): debug: freeing command C1 in bin B1
1743651712.891658: 3899786-7fa3da7fc700: cdpl_server_sched.c:960: in _assign(): info: assigning task T0 to worker W1
1743651713.280959: 3899786-7fa3ea591700: cdpl_server_ipc.c:1268: in _sv_ipc_thread(): debug: received RELAY message
1743651713.281010: 3899786-7fa3ea591700: cdpl_server_ipc.c:713: in _sv_on_relay(): debug: RELAY message from W1, size = 60
1743651713.281027: 3899786-7fa3ea591700: cdpl_server_ipc.c:715: in _sv_on_relay(): debug: RELAY message from W1, content = 0$3901332 grendel45.ece.ncsu.edu 3901543 RUNNING 1743651713
1743651713.778357: 3899786-7fa3e9d90700: cdpl_monitor.c:533: in cdpl_mn_connect(): debug: connecting to 152.14.98.62:39495
1743651713.778401: 3899786-7fa3e9d90700: cdpl_ipc.c:3789: in cdpl_ipc_connect(): info: connecting to 152.14.98.62:39495
1743651713.778732: 3899786-7fa3e9d90700: cdpl_ipc.c:3860: in cdpl_ipc_connect(): info: connected as `152.14.98.62:49466'
1743651713.778752: 3899786-7fa3e9d90700: cdpl_ipc.c:2503: in cdpl_ipc_host_accept(): debug: accepted host `152.14.98.62:39495'
1743651713.778764: 3899786-7fa3e9d90700: cdpl_monitor.c:579: in cdpl_mn_connect(): debug: ok
1743651713.889129: 3899786-7fa3ea591700: cdpl_server_ipc.c:312: in _sv_on_heartbeat(): debug: received HEARTBEAT from worker W1 at 152.14.98.62:59942
1743651732.008719: 3899786-7fa3ea591700: cdpl_server_ipc.c:1268: in _sv_ipc_thread(): debug: received RELAY message
1743651732.011942: 3899786-7fa3ea591700: cdpl_server_ipc.c:713: in _sv_on_relay(): debug: RELAY message from W1, size = 47
1743651732.011963: 3899786-7fa3ea591700: cdpl_server_ipc.c:715: in _sv_on_relay(): debug: RELAY message from W1, content = WORKERDU|322,dc2isi00nfs.oit.ncsu.edu:/coe_nfs
1743651732.011990: 3899786-7fa3ea591700: cdpl_server_ipc.c:1268: in _sv_ipc_thread(): debug: received RELAY message
1743651732.011996: 3899786-7fa3ea591700: cdpl_server_ipc.c:713: in _sv_on_relay(): debug: RELAY message from W1, size = 202
1743651732.012002: 3899786-7fa3ea591700: cdpl_server_ipc.c:715: in _sv_on_relay(): debug: RELAY message from W1, content = REQPILOT|saeSession0,1,HSPICE_default_2|&/mnt/coe/workspace/ece/ece546-spr25/group8/group8_project/simulation/group8,sram_6t_tb,schematic/history_1/simulation/HSPICE_default_2/HSPICE/nominal/results|&0
1743651732.012282: 3899786-7fa3dbfff700: cdpl_compat_master.c:5948: in cdplMasterLogInfo(): info: [non-CDPL log entry] PWDP send back 'DOPILOT' to worker id:1 key: saeSession0,1,HSPICE_default_2|&/mnt/coe/workspace/ece/ece546-spr25/group8/group8_project/simulation/group8,sram_6t_tb,schematic/history_1/simulation/HSPICE_default_2/HSPICE/nominal/results
1743651732.023720: 3899786-7fa3dbfff700: cdpl_compat_master.c:5948: in cdplMasterLogInfo(): info: [non-CDPL log entry] PWDP: set pilot doing!
1743651732.050703: 3899786-7fa3ea591700: cdpl_server_ipc.c:1268: in _sv_ipc_thread(): debug: received RELAY message
1743651732.050738: 3899786-7fa3ea591700: cdpl_server_ipc.c:713: in _sv_on_relay(): debug: RELAY message from W1, size = 198
1743651732.050747: 3899786-7fa3ea591700: cdpl_server_ipc.c:715: in _sv_on_relay(): debug: RELAY message from W1, content = PILOTOK|saeSession0,1,HSPICE_default_2|&/mnt/coe/workspace/ece/ece546-spr25/group8/group8_project/simulation/group8,sram_6t_tb,schematic/history_1/simulation/HSPICE_default_2/HSPICE/nominal/results
1743651732.050816: 3899786-7fa3dbfff700: cdpl_compat_master.c:5948: in cdplMasterLogInfo(): info: [non-CDPL log entry] PWDP: set pilot done!
1743651732.051684: 3899786-7fa3ea591700: cdpl_server_ipc.c:1268: in _sv_ipc_thread(): debug: received RELAY message
1743651732.051719: 3899786-7fa3ea591700: cdpl_server_ipc.c:713: in _sv_on_relay(): debug: RELAY message from W1, size = 18
1743651732.051728: 3899786-7fa3ea591700: cdpl_server_ipc.c:715: in _sv_on_relay(): debug: RELAY message from W1, content = 0$- - - MEASDOING
1743651742.833317: 3899786-7fa3ea591700: cdpl_server_ipc.c:1268: in _sv_ipc_thread(): debug: received RELAY message
1743651742.836469: 3899786-7fa3ea591700: cdpl_server_ipc.c:713: in _sv_on_relay(): debug: RELAY message from W1, size = 72
1743651742.836489: 3899786-7fa3ea591700: cdpl_server_ipc.c:715: in _sv_on_relay(): debug: RELAY message from W1, content = 0$3901332 grendel45.ece.ncsu.edu 3901543 FINISHED 1743651713|1743651742
1743651742.865127: 3899786-7fa3ea591700: cdpl_server_ipc.c:1268: in _sv_ipc_thread(): debug: received RELAY message
1743651742.865178: 3899786-7fa3ea591700: cdpl_server_ipc.c:713: in _sv_on_relay(): debug: RELAY message from W1, size = 200
1743651742.865187: 3899786-7fa3ea591700: cdpl_server_ipc.c:715: in _sv_on_relay(): debug: RELAY message from W1, content = PILOTDONE|saeSession0,1,HSPICE_default_2|&/mnt/coe/workspace/ece/ece546-spr25/group8/group8_project/simulation/group8,sram_6t_tb,schematic/history_1/simulation/HSPICE_default_2/HSPICE/nominal/results
1743651742.865333: 3899786-7fa3dbfff700: cdpl_compat_master.c:5948: in cdplMasterLogInfo(): info: [non-CDPL log entry] saeSession0,1,HSPICE_default_2|&/mnt/coe/workspace/ece/ece546-spr25/group8/group8_project/simulation/group8,sram_6t_tb,schematic/history_1/simulation/HSPICE_default_2/HSPICE/nominal/results PILOTDONE!
1743651742.899902: 3899786-7fa3ea591700: cdpl_server_ipc.c:1251: in _sv_ipc_thread(): debug: received FINISH message
1743651742.899936: 3899786-7fa3ea591700: cdpl_server_ipc.c:983: in _sv_on_finish(): info: worker W1 completed task T0
1743651742.899944: 3899786-7fa3ea591700: cdpl_server_ipc.c:988: in _sv_on_finish(): debug: stat T0: utime=9329 stime=5007
1743651742.899951: 3899786-7fa3ea591700: cdpl_server_ipc.c:993: in _sv_on_finish(): debug: statm T0: vsize=2867596 rss=1065368 shared=520132 text=474784 data=733076
1743651742.972966: 3899786-7fa3ea591700: cdpl_server_ipc.c:1268: in _sv_ipc_thread(): debug: received RELAY message
1743651742.973000: 3899786-7fa3ea591700: cdpl_server_ipc.c:713: in _sv_on_relay(): debug: RELAY message from W1, size = 47
1743651742.973008: 3899786-7fa3ea591700: cdpl_server_ipc.c:715: in _sv_on_relay(): debug: RELAY message from W1, content = WORKERDU|108,dc2isi00nfs.oit.ncsu.edu:/coe_nfs
1743651750.130680: 3899786-7fa4219de540: cdpl_server.c:3008: in cdpl_sv_halt_job_errno(): info: killing job J1
1743651750.134028: 3899786-7fa4219de540: cdpl_server.c:3044: in cdpl_sv_halt_job_errno(): debug: signal bin B1 scheduler to stop
1743651750.134179: 3899786-7fa3da7fc700: cdpl_server_sched.c:2484: in _sv_scheduler_thread(): debug: scheduler for bin B1 stopped
1743651750.134281: 3899786-7fa3da7fc700: cdpl_ipc.c:1657: in _host_drop__UNSAFE(): debug: dropping host `152.14.98.62:59942'
1743651750.134450: 3899786-7fa3da7fc700: cdpl_server_sched.c:2830: in _sv_drop_worker(): info: down to 0 alive workers in B1
1743651750.134475: 3899786-7fa3da7fc700: cdpl_farm.c:4152: in cdpl_farm_dismiss(): debug: down to 0 running processes
1743651750.134502: 3899786-7fa3da7fc700: cdpl_server_sched.c:121: in _free_worker_2(): debug: freeing worker W1
1743651750.134539: 3899786-7fa3da7fc700: cdpl_ipc.c:2513: in cdpl_ipc_host_release(): debug: releasing host `152.14.98.62:59942'
1743651750.134670: 3899786-7fa3ea591700: cdpl_server_ipc.c:1236: in _sv_ipc_thread(): debug: received DROP notification
1743651750.134705: 3899786-7fa4219de540: cdpl_server.c:294: in _sv_free_job(): info: freeing job J1
1743651750.134741: 3899786-7fa4219de540: cdpl_server.c:92: in _sv_free_bin(): debug: freeing bin B1
1743651750.134760: 3899786-7fa4219de540: cdpl_server.c:184: in _sv_free_task(): debug: freeing task T0
1743651750.134857: 3899786-7fa4219de540: cdpl_monitor.c:515: in cdpl_mn_kill(): info: killing monitor
1743651750.134877: 3899786-7fa4219de540: cdpl_ipc.c:3677: in cdpl_ipc_kill(): debug: stopping event server
1743651750.135006: 3899786-7fa3e958f700: cdpl_ipc.c:2460: in _epoll_main(): debug: server going down...
1743651750.135125: 3899786-7fa3ead92700: cdpl_ipc.c:775: in _readv(): warning: read(): EOF
1743651750.135301: 3899786-7fa3ead92700: cdpl_ipc.c:2100: in _epoll_recv(): debug: _readv(): Broken pipe
1743651750.135337: 3899786-7fa3ead92700: cdpl_ipc.c:2424: in _epoll_main(): debug: _epoll_recv(): Broken pipe
1743651750.135355: 3899786-7fa3ead92700: cdpl_ipc.c:1657: in _host_drop__UNSAFE(): debug: dropping host `152.14.98.62:41934'
1743651750.135548: 3899786-7fa3ead92700: cdpl_ipc.c:1582: in _host_free__UNSAFE(): debug: freeing host `152.14.98.62:59942'
1743651750.135557: 3899786-7fa3ead92700: cdpl_ipc.c:1621: in _host_free__UNSAFE(): debug: [0 outq, 0 spR, 0 spW]
1743651750.135716: 3899786-7fa3ea591700: cdpl_server_ipc.c:1236: in _sv_ipc_thread(): debug: received DROP notification
1743651750.135774: 3899786-7fa3e9d90700: cdpl_ipc.c:3728: in cdpl_ipc_free(): debug: releasing IPC handle
1743651750.135812: 3899786-7fa3e9d90700: cdpl_ipc.c:1582: in _host_free__UNSAFE(): debug: freeing host `152.14.98.62:39495'
1743651750.135821: 3899786-7fa3e9d90700: cdpl_ipc.c:1621: in _host_free__UNSAFE(): debug: [0 outq, 0 spR, 0 spW]
1743651750.135827: 3899786-7fa3ea591700: cdpl_monitor.c:1269: in cdpl_mn_drop(): debug: detaching from monitor `152.14.98.62:41934'
1743651750.135847: 3899786-7fa3ea591700: cdpl_monitor.c:1101: in mn_systat_stop(): debug: joining systat thread
1743651750.135867: 3899786-7fa3e9d90700: cdpl_ipc.c:1582: in _host_free__UNSAFE(): debug: freeing host `152.14.98.62:33449'
1743651750.135875: 3899786-7fa3e9d90700: cdpl_ipc.c:1621: in _host_free__UNSAFE(): debug: [0 outq, 0 spR, 0 spW]
1743651750.135895: 3899786-7fa3e9d90700: cdpl_ipc.c:3756: in cdpl_ipc_free(): warning: 2 host(s) were not released
1743651750.135926: 3899786-7fa3e9d90700: cdpl_ipc.c:3767: in cdpl_ipc_free(): debug: done
1743651750.135932: 3899786-7fa3e9d90700: cdpl_monitor.c:1390: in cdpl_mn_free(): debug: freeing monitor client
1743651750.136038: 3899786-7fa3db7fe700: cdpl_monitor.c:1079: in mn_systat(): debug: exiting
1743651750.136138: 3899786-7fa3ea591700: cdpl_monitor.c:1103: in mn_systat_stop(): debug: systat thread done
1743651750.136174: 3899786-7fa3ea591700: cdpl_ipc.c:2513: in cdpl_ipc_host_release(): debug: releasing host `152.14.98.62:41934'
1743651750.136328: 3899786-7fa4219de540: cdpl_farm.c:2740: in cdpl_farm_free(): info: freeing farm
1743651750.136472: 3899786-7fa3d9ffb700: cdpl_farm.c:2231: in _schedule(): debug: end of idling
1743651750.136505: 3899786-7fa3d9ffb700: cdpl_farm.c:2235: in _schedule(): debug: dying
1743651750.136771: 3899786-7fa4219de540: cdpl_farm.c:913: in _killall(): debug: killing all remaining commands
1743651750.136845: 3899786-7fa4219de540: cdpl_server.c:3144: in cdpl_sv_free(): info: freeing server S932829956
1743651750.136895: 3899786-7fa4219de540: cdpl_server.c:3109: in cdpl_sv_kill_errno(): info: killing server
1743651750.136901: 3899786-7fa4219de540: cdpl_ipc.c:3677: in cdpl_ipc_kill(): debug: stopping event server
1743651750.136940: 3899786-7fa3ead92700: cdpl_ipc.c:2460: in _epoll_main(): debug: server going down...
1743651750.137049: 3899786-7fa3ea591700: cdpl_server_ipc.c:1200: in _sv_ipc_thread(): debug: leaving now
1743651750.137200: 3899786-7fa4219de540: cdpl_server.c:334: in _sv_free_master(): info: freeing master M1
1743651750.137262: 3899786-7fa4219de540: cdpl_hash.c:68: in cdpl_h_destroy(): debug: put operations: 1
1743651750.137271: 3899786-7fa4219de540: cdpl_hash.c:69: in cdpl_h_destroy(): debug: put collisions: 0
1743651750.137276: 3899786-7fa4219de540: cdpl_hash.c:70: in cdpl_h_destroy(): debug: get operations: 1
1743651750.137280: 3899786-7fa4219de540: cdpl_hash.c:71: in cdpl_h_destroy(): debug: get iterations: 1
1743651750.137303: 3899786-7fa4219de540: cdpl_monitor.c:1390: in cdpl_mn_free(): debug: freeing monitor server
1743651750.137312: 3899786-7fa4219de540: cdpl_ipc.c:3728: in cdpl_ipc_free(): debug: releasing IPC handle
1743651750.137318: 3899786-7fa4219de540: cdpl_ipc.c:1582: in _host_free__UNSAFE(): debug: freeing host `152.14.98.62:41934'
1743651750.137325: 3899786-7fa4219de540: cdpl_ipc.c:1621: in _host_free__UNSAFE(): debug: [0 outq, 0 spR, 0 spW]
1743651750.137396: 3899786-7fa4219de540: cdpl_ipc.c:3767: in cdpl_ipc_free(): debug: done
1743651750.137414: 3899786-7fa4219de540: cdpl_log.c:481: in cdpl_log_close(): info: @@end_of_log@@
