1744150456.846659: 62551-7fdc96fc2540: cdpl_log.c:337: in cdpl_log_open(): info: @@start_of_log@@
1744150456.846668: 62551-7fdc96fc2540: cdpl_log.c:1058: in cdpl_log_dump_sysinfo(): info: time: 2025/04/08 18:14:16 EDT -0400
1744150456.846670: 62551-7fdc96fc2540: cdpl_log.c:1060: in cdpl_log_dump_sysinfo(): info: version: W-2024.09-SP1-2 
1744150456.846671: 62551-7fdc96fc2540: cdpl_log.c:1062: in cdpl_log_dump_sysinfo(): info: system: Linux 4.18.0-553.47.1.el8_10.x86_64 #1 SMP Thu Mar 20 10:01:53 EDT 2025
1744150456.846672: 62551-7fdc96fc2540: cdpl_log.c:1067: in cdpl_log_dump_sysinfo(): info: processor: x86_64 64-bits
1744150456.846673: 62551-7fdc96fc2540: cdpl_log.c:1071: in cdpl_log_dump_sysinfo(): info: hostname: theflash.ece.ncsu.edu
1744150456.846673: 62551-7fdc96fc2540: cdpl_log.c:1073: in cdpl_log_dump_sysinfo(): info: program name: custom_shell
1744150456.846675: 62551-7fdc96fc2540: cdpl_log.c:340: in cdpl_log_open(): debug: path: /mnt/coe/workspace/ece/ece546-spr25/group8/group8_project/synopsys_custom/pwdp_jobs/saeSession1_HSPICEdefault.SimulationSimulation_cdpl.1.62551/logs/master.theflash.ece.ncsu.edu.62551.log
1744150456.846676: 62551-7fdc96fc2540: cdpl_log.c:341: in cdpl_log_open(): debug: dir: /mnt/coe/workspace/ece/ece546-spr25/group8/group8_project/synopsys_custom/pwdp_jobs/saeSession1_HSPICEdefault.SimulationSimulation_cdpl.1.62551/logs
1744150456.846679: 62551-7fdc96fc2540: cdpl_server.c:536: in cdpl_sv_init(): info: new server S2089212115
1744150456.846681: 62551-7fdc96fc2540: cdpl_ipc.c:3475: in cdpl_ipc_init(): info: requesting IPv4 protocol
1744150456.850898: 62551-7fdc96fc2540: cdpl_ipc.c:837: in _selectaddrfamily(): info: selected IPv4 protocol
1744150456.850905: 62551-7fdc96fc2540: cdpl_ipc.c:1139: in _set_keepalive(): info: TCP keep alive interval: 300
1744150456.855307: 62551-7fdc96fc2540: cdpl_monitor.c:1117: in cdpl_mn_new_server(): info: creating server monitor instance
1744150456.855309: 62551-7fdc96fc2540: cdpl_server.c:650: in cdpl_sv_new_master(): info: new master M1
1744150456.855313: 62551-7fdc96fc2540: cdpl_server.c:6533: in cdpl_sv_ctl_master(): info: Setting worker heartbeat to 120 seconds
1744150456.855314: 62551-7fdc96fc2540: cdpl_server.c:6542: in cdpl_sv_ctl_master(): info: Setting worker heartbeat timeout to 3 heartbeats
1744150456.855315: 62551-7fdc96fc2540: cdpl_compat_master.c:2090: in _parse_hostfile(): info: reading hostfile `/mnt/coe/workspace/ece/ece546-spr25/group8/group8_project/synopsys_custom/pwdp_jobs/saeSession1_HSPICEdefault.SimulationSimulation_cdpl.1.62551/host_file'
1744150456.860765: 62551-7fdc96fc2540: cdpl_compat_master.c:1900: in _hostfile_parser(): debug: parsing "1     |localhost|   -1  | /tmp | SH | sh"
1744150456.860768: 62551-7fdc96fc2540: cdpl_farm.c:2578: in cdpl_farm_new_sh(): info: creating SH farm on localhost
1744150456.860770: 62551-7fdc96fc2540: cdpl_compat_master.c:206: in _set_farm_env(): info: exporting CDPL_LOGDIR as `/mnt/coe/workspace/ece/ece546-spr25/group8/group8_project/synopsys_custom/pwdp_jobs/saeSession1_HSPICEdefault.SimulationSimulation_cdpl.1.62551/logs'
1744150456.860771: 62551-7fdc96fc2540: cdpl_compat_master.c:212: in _set_farm_env(): info: exporting CDPL_TMPDIR as `/tmp'
1744150456.860772: 62551-7fdc96fc2540: cdpl_compat_master.c:219: in _set_farm_env(): info: exporting CDPL_HOME as `/mnt/apps/public/COE/synopsys_apps/hspice/W-2024.09-SP1/hspice/cdpl'
1744150456.860774: 62551-7fdc96fc2540: cdpl_compat_master.c:235: in _set_farm_env(): info: exporting SNPSLMD_LICENSE_FILE as `27000@ece-lic-35.ece.ncsu.edu'
1744150456.860775: 62551-7fdc96fc2540: cdpl_compat_master.c:259: in _set_farm_env(): info: exporting CDPL_OPTIONS as `[nowlogs]'
1744150456.860775: 62551-7fdc96fc2540: cdpl_compat_master.c:266: in _set_farm_env(): info: exporting DISPLAY as `unix:14022'
1744150456.860776: 62551-7fdc96fc2540: cdpl_compat_master.c:274: in _set_farm_env(): info: exporting CDPL_HEARTBEAT as `120'
1744150456.860779: 62551-7fdc96fc2540: cdpl_farm.c:3149: in cdpl_farm_add_withdir(): debug: added `localhost' (capacity: unlimited)
1744150456.860780: 62551-7fdc96fc2540: cdpl_compat_parse.c:147: in parsefile(): debug: read `/mnt/coe/workspace/ece/ece546-spr25/group8/group8_project/synopsys_custom/pwdp_jobs/saeSession1_HSPICEdefault.SimulationSimulation_cdpl.1.62551/host_file', 2 lines
1744150456.860783: 62551-7fdc96fc2540: cdpl_compat_master.c:2931: in cdplInitMaster(): info: bcast dir is `/mnt/coe/workspace/ece/ece546-spr25/group8/group8_project/synopsys_custom/pwdp_jobs/saeSession1_HSPICEdefault.SimulationSimulation_cdpl.1.62551/logs'
1744150456.866230: 62551-7fdc96fc2540: cdpl_server.c:6433: in cdpl_sv_ctl_master(): info: farm worker timeout set to 300
1744150456.866236: 62551-7fdc96fc2540: cdpl_server.c:6486: in cdpl_sv_ctl_master(): info: maximum number of task execution attempts set to 1
1744150456.866243: 62551-7fdc96fc2540: cdpl_server.c:3195: in cdpl_sv_start(): debug: starting server
1744150456.866244: 62551-7fdc96fc2540: cdpl_ipc.c:3632: in cdpl_ipc_start(): debug: starting IPC server 152.14.99.253:39545
1744150456.866402: 62551-7fdc56e21700: cdpl_server_ipc.c:1182: in _sv_ipc_thread(): debug: ready
1744150456.866430: 62551-7fdc41ffb700: cdpl_monitor.c:426: in cdpl_mn_init_client(): info: creating client monitor instance
1744150456.866437: 62551-7fdc41ffb700: cdpl_ipc.c:3475: in cdpl_ipc_init(): info: requesting IPv4 protocol
1744150456.871826: 62551-7fdc41ffb700: cdpl_ipc.c:837: in _selectaddrfamily(): info: selected IPv4 protocol
1744150456.871839: 62551-7fdc41ffb700: cdpl_ipc.c:1139: in _set_keepalive(): info: TCP keep alive interval: 300
1744150456.876275: 62551-7fdc41ffb700: cdpl_ipc.c:3632: in cdpl_ipc_start(): debug: starting IPC server 152.14.99.253:39627
1744150456.876347: 62551-7fdc41ffb700: cdpl_monitor.c:471: in cdpl_mn_init_client(): debug: incoming messages in /tmp/cdpl-monitor-n8z0YI
1744150456.876391: 62551-7fdc41ffb700: cdpl_monitor.c:533: in cdpl_mn_connect(): debug: connecting to 152.14.99.253:39545
1744150456.876392: 62551-7fdc41ffb700: cdpl_ipc.c:3789: in cdpl_ipc_connect(): info: connecting to 152.14.99.253:39545
1744150456.876462: 62551-7fdc41ffb700: cdpl_ipc.c:3860: in cdpl_ipc_connect(): info: connected as `152.14.99.253:49532'
1744150456.876465: 62551-7fdc41ffb700: cdpl_ipc.c:2503: in cdpl_ipc_host_accept(): debug: accepted host `152.14.99.253:39545'
1744150456.876467: 62551-7fdc41ffb700: cdpl_monitor.c:579: in cdpl_mn_connect(): debug: ok
1744150456.876480: 62551-7fdc96fc2540: cdpl_server.c:731: in cdpl_sv_new_job(): info: new job J1 in M1
1744150456.876496: 62551-7fdc57622700: cdpl_ipc.c:1862: in _epoll_accept(): debug: new connection from `152.14.99.253:49532'
1744150456.876513: 62551-7fdc96fc2540: cdpl_compat_master.c:1581: in _add_worker(): info: new worker type 10, min:1, max:3, cmd:`/mnt/coe/workspace/ece/ece546-spr25/group8/group8_project/synopsys_custom/pwdp_jobs/saeSession1_HSPICEdefault.SimulationSimulation_cdpl.1.62551/START_WORKER pw_worker -i /mnt/coe/workspace/ece/ece546-spr25/group8/gro
1744150456.876527: 62551-7fdc96fc2540: cdpl_server.c:908: in cdpl_sv_new_bin_withfarm(): info: new bin B1 in J1
1744150456.876592: 62551-7fdc56e21700: cdpl_server_ipc.c:1225: in _sv_ipc_thread(): debug: received ACCEPT notification
1744150456.876622: 62551-7fdc56e21700: cdpl_ipc.c:2503: in cdpl_ipc_host_accept(): debug: accepted host `152.14.99.253:49532'
1744150456.876627: 62551-7fdc56e21700: cdpl_server_ipc.c:1256: in _sv_ipc_thread(): debug: received MONITOR message
1744150456.876852: 62551-7fdc56e21700: cdpl_monitor.c:1207: in cdpl_mn_accept(): debug: accepted monitor `152.14.99.253:49532'
1744150456.876857: 62551-7fdc437fe700: cdpl_monitor.c:910: in mn_systat(): debug: started
1744150456.876864: 62551-7fdc56e21700: cdpl_server_ipc_mon.c:120: in _globalLOCK(): debug: ENTERTING GLOBAL LOCK
1744150456.876868: 62551-7fdc56e21700: cdpl_server_ipc_mon.c:164: in _globalLOCK(): debug: global lock acquired
1744150456.876958: 62551-7fdc437fe700: cdpl_monitor.c:937: in mn_systat(): debug: monitor server flush rate: 5
1744150456.924064: 62551-7fdc56e21700: cdpl_server_ipc_mon.c:210: in _globalUNLOCK(): debug: LEAVING GLOBAL LOCK
1744150457.080741: 62551-7fdc96fc2540: cdpl_server.c:3249: in cdpl_sv_start_job(): info: starting job J1
1744150457.080751: 62551-7fdc96fc2540: cdpl_server.c:62: in _sv_start_bin(): debug: starting bin B1 (min: 0, max: 3)
1744150457.080794: 62551-7fdc96fc2540: cdpl_server.c:1893: in _sv_gen_task(): info: new task T0 in B1 (prio 0)
1744150457.080798: 62551-7fdc96fc2540: cdpl_server.c:2698: in cdpl_sv_label_task_va(): info: setting task T0 label to "HSPICE_2|HSPICE"
1744150457.080835: 62551-7fdc42ffd700: cdpl_server_sched.c:2482: in _sv_scheduler_thread(): debug: scheduler for bin B1 started
1744150457.080841: 62551-7fdc42ffd700: cdpl_server_sched.c:2443: in _scheduler_run(): debug: will start a new worker
1744150457.080846: 62551-7fdc42ffd700: cdpl_farm.c:3977: in cdpl_farm_submit(): debug: 1 running processes
1744150457.080847: 62551-7fdc42ffd700: cdpl_farm.c:3985: in cdpl_farm_submit(): debug: new command C1 in bin B1 assigned to host `localhost'
1744150457.080881: 62551-7fdc42ffd700: cdpl_server_sched.c:705: in _sv_launch_worker(): info: started worker W1 (as C1) in bin B1
1744150457.080887: 62551-7fdc427fc700: cdpl_farm.c:2139: in _schedule(): debug: started
1744150457.080892: 62551-7fdc427fc700: cdpl_farm.c:2303: in _schedule(): debug: submitting command C1 in bin B1
1744150457.080894: 62551-7fdc427fc700: cdpl_sh.c:49: in _sh_detached_submit(): info: SH : /mnt/coe/workspace/ece/ece546-spr25/group8/group8_project/synopsys_custom/pwdp_jobs/saeSession1_HSPICEdefault.SimulationSimulation_cdpl.1.62551/START_WORKER pw_worker -i /mnt/coe/workspace/ece/ece546-spr25/group8/group8_project/synopsys_custom/pwdp_jobs/saeSession1_HSPICEdefault.SimulationSimulation_cdpl.1.62551 -t 10000
1744150457.084498: 62551-7fdc427fc700: cdpl_farm.c:2343: in _schedule(): debug: C1 in bin B1 running on slot 0
1744150457.084513: 62551-7fdc427fc700: cdpl_farm.c:2167: in _schedule(): debug: idle
1744150457.246659: 62551-7fdc96fc2540: cdpl_compat_master.c:5948: in cdplMasterLogInfo(): info: [non-CDPL log entry] PWDP3: reset pilot cache succeeded, pilot_key=saeSession1,1,HSPICE_default|&/mnt/coe/workspace/ece/ece546-spr25/group8/group8_project/simulation/group8,tb2025_1,schematic/history_1/simulation/HSPICE_default/HSPICE/nominal/results
1744150457.384575: 62551-7fdc427fc700: cdpl_farm.c:1193: in _onexit(): debug: C1 in bin B1 exited normally on slot 0
1744150458.738167: 62551-7fdc54e1d700: cdpl_compat_master.c:5948: in cdplMasterLogInfo(): info: [non-CDPL log entry] PWDP - no-workers started ok check start!
1744150459.588806: 62551-7fdc57622700: cdpl_ipc.c:1862: in _epoll_accept(): debug: new connection from `152.14.99.253:49536'
1744150459.588828: 62551-7fdc56e21700: cdpl_server_ipc.c:1225: in _sv_ipc_thread(): debug: received ACCEPT notification
1744150459.588835: 62551-7fdc56e21700: cdpl_ipc.c:2503: in cdpl_ipc_host_accept(): debug: accepted host `152.14.99.253:49536'
1744150459.588846: 62551-7fdc56e21700: cdpl_server_ipc.c:1246: in _sv_ipc_thread(): debug: received HELLO message
1744150459.588848: 62551-7fdc56e21700: cdpl_server_ipc.c:430: in _sv_on_hello(): debug: looking up W1
1744150459.588849: 62551-7fdc56e21700: cdpl_server_ipc.c:540: in _sv_on_hello(): info: W1 is `152.14.99.253:49536'
1744150459.588850: 62551-7fdc56e21700: cdpl_server_ipc.c:541: in _sv_on_hello(): debug: hello W1 (B1)
1744150459.588851: 62551-7fdc56e21700: cdpl_server_ipc.c:542: in _sv_on_hello(): info: W1 log file is /dev/null
1744150459.588857: 62551-7fdc56e21700: cdpl_server_ipc.c:602: in _sv_on_hello(): info: up to 1 alive workers in B1
1744150459.588860: 62551-7fdc56e21700: cdpl_farm.c:878: in _release_cmd(): debug: freeing command C1 in bin B1
1744150459.588885: 62551-7fdc42ffd700: cdpl_server_sched.c:960: in _assign(): info: assigning task T0 to worker W1
1744150460.589071: 62551-7fdc56e21700: cdpl_server_ipc.c:312: in _sv_on_heartbeat(): debug: received HEARTBEAT from worker W1 at 152.14.99.253:49536
1744150461.976587: 62551-7fdc41ffb700: cdpl_monitor.c:533: in cdpl_mn_connect(): debug: connecting to 152.14.99.253:44255
1744150461.976593: 62551-7fdc41ffb700: cdpl_ipc.c:3789: in cdpl_ipc_connect(): info: connecting to 152.14.99.253:44255
1744150461.976668: 62551-7fdc41ffb700: cdpl_ipc.c:3860: in cdpl_ipc_connect(): info: connected as `152.14.99.253:57562'
1744150461.976673: 62551-7fdc41ffb700: cdpl_ipc.c:2503: in cdpl_ipc_host_accept(): debug: accepted host `152.14.99.253:44255'
1744150461.976675: 62551-7fdc41ffb700: cdpl_monitor.c:579: in cdpl_mn_connect(): debug: ok
1744150464.445343: 62551-7fdc56e21700: cdpl_server_ipc.c:1268: in _sv_ipc_thread(): debug: received RELAY message
1744150464.445368: 62551-7fdc56e21700: cdpl_server_ipc.c:713: in _sv_on_relay(): debug: RELAY message from W1, size = 55
1744150464.445378: 62551-7fdc56e21700: cdpl_server_ipc.c:715: in _sv_on_relay(): debug: RELAY message from W1, content = 0$64949 theflash.ece.ncsu.edu 64982 RUNNING 1744150463
1744150490.165311: 62551-7fdc56e21700: cdpl_server_ipc.c:1268: in _sv_ipc_thread(): debug: received RELAY message
1744150490.166594: 62551-7fdc56e21700: cdpl_server_ipc.c:713: in _sv_on_relay(): debug: RELAY message from W1, size = 48
1744150490.166596: 62551-7fdc56e21700: cdpl_server_ipc.c:715: in _sv_on_relay(): debug: RELAY message from W1, content = WORKERDU|2092,dc2isi00nfs.oit.ncsu.edu:/coe_nfs
1744150490.166599: 62551-7fdc56e21700: cdpl_server_ipc.c:1268: in _sv_ipc_thread(): debug: received RELAY message
1744150490.166600: 62551-7fdc56e21700: cdpl_server_ipc.c:713: in _sv_on_relay(): debug: RELAY message from W1, size = 196
1744150490.166601: 62551-7fdc56e21700: cdpl_server_ipc.c:715: in _sv_on_relay(): debug: RELAY message from W1, content = REQPILOT|saeSession1,1,HSPICE_default|&/mnt/coe/workspace/ece/ece546-spr25/group8/group8_project/simulation/group8,tb2025_1,schematic/history_1/simulation/HSPICE_default/HSPICE/nominal/results|&0
1744150490.166792: 62551-7fdc5561e700: cdpl_compat_master.c:5948: in cdplMasterLogInfo(): info: [non-CDPL log entry] PWDP send back 'DOPILOT' to worker id:1 key: saeSession1,1,HSPICE_default|&/mnt/coe/workspace/ece/ece546-spr25/group8/group8_project/simulation/group8,tb2025_1,schematic/history_1/simulation/HSPICE_default/HSPICE/nominal/results
1744150490.176280: 62551-7fdc5561e700: cdpl_compat_master.c:5948: in cdplMasterLogInfo(): info: [non-CDPL log entry] PWDP: set pilot doing!
1744150490.182067: 62551-7fdc56e21700: cdpl_server_ipc.c:1268: in _sv_ipc_thread(): debug: received RELAY message
1744150490.182069: 62551-7fdc56e21700: cdpl_server_ipc.c:713: in _sv_on_relay(): debug: RELAY message from W1, size = 192
1744150490.182070: 62551-7fdc56e21700: cdpl_server_ipc.c:715: in _sv_on_relay(): debug: RELAY message from W1, content = PILOTOK|saeSession1,1,HSPICE_default|&/mnt/coe/workspace/ece/ece546-spr25/group8/group8_project/simulation/group8,tb2025_1,schematic/history_1/simulation/HSPICE_default/HSPICE/nominal/results
1744150490.182074: 62551-7fdc5561e700: cdpl_compat_master.c:5948: in cdplMasterLogInfo(): info: [non-CDPL log entry] PWDP: set pilot done!
1744150490.182121: 62551-7fdc56e21700: cdpl_server_ipc.c:1268: in _sv_ipc_thread(): debug: received RELAY message
1744150490.182122: 62551-7fdc56e21700: cdpl_server_ipc.c:713: in _sv_on_relay(): debug: RELAY message from W1, size = 18
1744150490.182122: 62551-7fdc56e21700: cdpl_server_ipc.c:715: in _sv_on_relay(): debug: RELAY message from W1, content = 0$- - - MEASDOING
1744150494.586795: 62551-7fdc56e21700: cdpl_server_ipc.c:1268: in _sv_ipc_thread(): debug: received RELAY message
1744150494.588675: 62551-7fdc56e21700: cdpl_server_ipc.c:713: in _sv_on_relay(): debug: RELAY message from W1, size = 67
1744150494.588676: 62551-7fdc56e21700: cdpl_server_ipc.c:715: in _sv_on_relay(): debug: RELAY message from W1, content = 0$64949 theflash.ece.ncsu.edu 64982 FINISHED 1744150463|1744150494
1744150494.601785: 62551-7fdc56e21700: cdpl_server_ipc.c:1268: in _sv_ipc_thread(): debug: received RELAY message
1744150494.601786: 62551-7fdc56e21700: cdpl_server_ipc.c:713: in _sv_on_relay(): debug: RELAY message from W1, size = 194
1744150494.601787: 62551-7fdc56e21700: cdpl_server_ipc.c:715: in _sv_on_relay(): debug: RELAY message from W1, content = PILOTDONE|saeSession1,1,HSPICE_default|&/mnt/coe/workspace/ece/ece546-spr25/group8/group8_project/simulation/group8,tb2025_1,schematic/history_1/simulation/HSPICE_default/HSPICE/nominal/results
1744150494.601796: 62551-7fdc5561e700: cdpl_compat_master.c:5948: in cdplMasterLogInfo(): info: [non-CDPL log entry] saeSession1,1,HSPICE_default|&/mnt/coe/workspace/ece/ece546-spr25/group8/group8_project/simulation/group8,tb2025_1,schematic/history_1/simulation/HSPICE_default/HSPICE/nominal/results PILOTDONE!
1744150494.621205: 62551-7fdc56e21700: cdpl_server_ipc.c:1251: in _sv_ipc_thread(): debug: received FINISH message
1744150494.621207: 62551-7fdc56e21700: cdpl_server_ipc.c:983: in _sv_on_finish(): info: worker W1 completed task T0
1744150494.621207: 62551-7fdc56e21700: cdpl_server_ipc.c:988: in _sv_on_finish(): debug: stat T0: utime=23852 stime=684
1744150494.621209: 62551-7fdc56e21700: cdpl_server_ipc.c:993: in _sv_on_finish(): debug: statm T0: vsize=3080072 rss=1063712 shared=518980 text=474784 data=735180
1744150494.626784: 62551-7fdc96fc2540: cdpl_server.c:227: in _sv_free_task_safe(): debug: freeing task T0
1744150494.644974: 62551-7fdc56e21700: cdpl_server_ipc.c:1268: in _sv_ipc_thread(): debug: received RELAY message
1744150494.644976: 62551-7fdc56e21700: cdpl_server_ipc.c:713: in _sv_on_relay(): debug: RELAY message from W1, size = 47
1744150494.644977: 62551-7fdc56e21700: cdpl_server_ipc.c:715: in _sv_on_relay(): debug: RELAY message from W1, content = WORKERDU|108,dc2isi00nfs.oit.ncsu.edu:/coe_nfs
1744150500.942927: 62551-7fdc96fc2540: cdpl_server.c:3008: in cdpl_sv_halt_job_errno(): info: killing job J1
1744150500.944246: 62551-7fdc96fc2540: cdpl_server.c:3044: in cdpl_sv_halt_job_errno(): debug: signal bin B1 scheduler to stop
1744150500.944252: 62551-7fdc42ffd700: cdpl_server_sched.c:2484: in _sv_scheduler_thread(): debug: scheduler for bin B1 stopped
1744150500.944258: 62551-7fdc42ffd700: cdpl_ipc.c:1657: in _host_drop__UNSAFE(): debug: dropping host `152.14.99.253:49536'
1744150500.944277: 62551-7fdc42ffd700: cdpl_server_sched.c:2830: in _sv_drop_worker(): info: down to 0 alive workers in B1
1744150500.944279: 62551-7fdc42ffd700: cdpl_farm.c:4152: in cdpl_farm_dismiss(): debug: down to 0 running processes
1744150500.944281: 62551-7fdc56e21700: cdpl_server_ipc.c:1236: in _sv_ipc_thread(): debug: received DROP notification
1744150500.944299: 62551-7fdc42ffd700: cdpl_server_sched.c:121: in _free_worker_2(): debug: freeing worker W1
1744150500.944301: 62551-7fdc42ffd700: cdpl_ipc.c:2513: in cdpl_ipc_host_release(): debug: releasing host `152.14.99.253:49536'
1744150500.944302: 62551-7fdc42ffd700: cdpl_ipc.c:2529: in cdpl_ipc_host_release(): debug: scheduling for immediate release
1744150500.944305: 62551-7fdc96fc2540: cdpl_server.c:294: in _sv_free_job(): info: freeing job J1
1744150500.944306: 62551-7fdc96fc2540: cdpl_server.c:92: in _sv_free_bin(): debug: freeing bin B1
1744150500.944310: 62551-7fdc96fc2540: cdpl_monitor.c:515: in cdpl_mn_kill(): info: killing monitor
1744150500.944312: 62551-7fdc96fc2540: cdpl_ipc.c:3677: in cdpl_ipc_kill(): debug: stopping event server
1744150500.944320: 62551-7fdc56620700: cdpl_ipc.c:2460: in _epoll_main(): debug: server going down...
1744150500.944373: 62551-7fdc57622700: cdpl_ipc.c:733: in _writev(): error: write(): Broken pipe
1744150500.944380: 62551-7fdc57622700: cdpl_ipc.c:1986: in _epoll_send(): debug: _writev(): Broken pipe
1744150500.944381: 62551-7fdc57622700: cdpl_ipc.c:2434: in _epoll_main(): debug: _epoll_send(): Broken pipe
1744150500.944383: 62551-7fdc57622700: cdpl_ipc.c:1657: in _host_drop__UNSAFE(): debug: dropping host `152.14.99.253:49532'
1744150500.944391: 62551-7fdc57622700: cdpl_ipc.c:1582: in _host_free__UNSAFE(): debug: freeing host `152.14.99.253:49536'
1744150500.944392: 62551-7fdc57622700: cdpl_ipc.c:1621: in _host_free__UNSAFE(): debug: [0 outq, 0 spR, 0 spW]
1744150500.944394: 62551-7fdc56e21700: cdpl_server_ipc.c:1236: in _sv_ipc_thread(): debug: received DROP notification
1744150500.944396: 62551-7fdc56e21700: cdpl_monitor.c:1269: in cdpl_mn_drop(): debug: detaching from monitor `152.14.99.253:49532'
1744150500.944399: 62551-7fdc56e21700: cdpl_monitor.c:1101: in mn_systat_stop(): debug: joining systat thread
1744150500.944406: 62551-7fdc437fe700: cdpl_monitor.c:1079: in mn_systat(): debug: exiting
1744150500.944409: 62551-7fdc56e21700: cdpl_monitor.c:1103: in mn_systat_stop(): debug: systat thread done
1744150500.944411: 62551-7fdc56e21700: cdpl_ipc.c:2513: in cdpl_ipc_host_release(): debug: releasing host `152.14.99.253:49532'
1744150500.944419: 62551-7fdc41ffb700: cdpl_ipc.c:3728: in cdpl_ipc_free(): debug: releasing IPC handle
1744150500.944423: 62551-7fdc41ffb700: cdpl_ipc.c:1582: in _host_free__UNSAFE(): debug: freeing host `152.14.99.253:44255'
1744150500.944424: 62551-7fdc41ffb700: cdpl_ipc.c:1621: in _host_free__UNSAFE(): debug: [0 outq, 0 spR, 0 spW]
1744150500.944429: 62551-7fdc41ffb700: cdpl_ipc.c:1582: in _host_free__UNSAFE(): debug: freeing host `152.14.99.253:39545'
1744150500.944430: 62551-7fdc41ffb700: cdpl_ipc.c:1621: in _host_free__UNSAFE(): debug: [0 outq, 0 spR, 0 spW]
1744150500.944438: 62551-7fdc41ffb700: cdpl_ipc.c:3756: in cdpl_ipc_free(): warning: 2 host(s) were not released
1744150500.944442: 62551-7fdc41ffb700: cdpl_ipc.c:3767: in cdpl_ipc_free(): debug: done
1744150500.944443: 62551-7fdc41ffb700: cdpl_monitor.c:1390: in cdpl_mn_free(): debug: freeing monitor client
1744150500.944479: 62551-7fdc96fc2540: cdpl_farm.c:2740: in cdpl_farm_free(): info: freeing farm
1744150500.944485: 62551-7fdc427fc700: cdpl_farm.c:2231: in _schedule(): debug: end of idling
1744150500.944489: 62551-7fdc427fc700: cdpl_farm.c:2235: in _schedule(): debug: dying
1744150500.944511: 62551-7fdc96fc2540: cdpl_farm.c:913: in _killall(): debug: killing all remaining commands
1744150500.944513: 62551-7fdc96fc2540: cdpl_server.c:3144: in cdpl_sv_free(): info: freeing server S2089212115
1744150500.944514: 62551-7fdc96fc2540: cdpl_server.c:3109: in cdpl_sv_kill_errno(): info: killing server
1744150500.944514: 62551-7fdc96fc2540: cdpl_ipc.c:3677: in cdpl_ipc_kill(): debug: stopping event server
1744150500.944518: 62551-7fdc57622700: cdpl_ipc.c:2460: in _epoll_main(): debug: server going down...
1744150500.944519: 62551-7fdc56e21700: cdpl_server_ipc.c:1200: in _sv_ipc_thread(): debug: leaving now
1744150500.944522: 62551-7fdc96fc2540: cdpl_server.c:334: in _sv_free_master(): info: freeing master M1
1744150500.944523: 62551-7fdc96fc2540: cdpl_hash.c:68: in cdpl_h_destroy(): debug: put operations: 1
1744150500.944524: 62551-7fdc96fc2540: cdpl_hash.c:69: in cdpl_h_destroy(): debug: put collisions: 0
1744150500.944525: 62551-7fdc96fc2540: cdpl_hash.c:70: in cdpl_h_destroy(): debug: get operations: 1
1744150500.944525: 62551-7fdc96fc2540: cdpl_hash.c:71: in cdpl_h_destroy(): debug: get iterations: 1
1744150500.944527: 62551-7fdc96fc2540: cdpl_monitor.c:1390: in cdpl_mn_free(): debug: freeing monitor server
1744150500.944528: 62551-7fdc96fc2540: cdpl_ipc.c:3728: in cdpl_ipc_free(): debug: releasing IPC handle
1744150500.944529: 62551-7fdc96fc2540: cdpl_ipc.c:1582: in _host_free__UNSAFE(): debug: freeing host `152.14.99.253:49532'
1744150500.944530: 62551-7fdc96fc2540: cdpl_ipc.c:1621: in _host_free__UNSAFE(): debug: [0 outq, 0 spR, 0 spW]
1744150500.944545: 62551-7fdc96fc2540: cdpl_ipc.c:3767: in cdpl_ipc_free(): debug: done
1744150500.944546: 62551-7fdc96fc2540: cdpl_log.c:481: in cdpl_log_close(): info: @@end_of_log@@
