   *** running Tcl script ... ***
   ***   -*- Tcl script done -*- ***
  -*- memory usage : 532.16MB -*-
  -*- CPU Time :     0.34s -*-
   *** running Tcl script ... ***
   ***   -*- Tcl script done -*- ***
  -*- memory usage : 532.16MB -*-
  -*- CPU Time :     0.35s -*-
   *** running Tcl script ... ***
   ***   -*- Tcl script done -*- ***
  -*- memory usage : 535.12MB -*-
  -*- CPU Time :     0.35s -*-
   *** running Tcl script ... ***
   ***   -*- Tcl script done -*- ***
  -*- memory usage : 535.12MB -*-
  -*- CPU Time :     0.35s -*-
   *** running Tcl script ... ***
   ***   -*- Tcl script done -*- ***
  -*- memory usage : 535.12MB -*-
  -*- CPU Time :     0.35s -*-
sx_set_data_directory {/mnt/coe/workspace/ece/ece546-spr25/group8/group8_project/simulation/group8,2to4_decoder_tb,schematic/history_1/simulation/default/PrimeSimHSPICE/nominal/results}
   *** running Tcl script ... ***
   ***   -*- Tcl script done -*- ***
  -*- memory usage : 535.51MB -*-
  -*- CPU Time :     0.37s -*-
[00:36:53.890] I| Created new database /mnt/coe/workspace/ece/ece546-spr25/group8/group8_project/simulation/group8,2to4_decoder_tb,schematic/history_1/simulation/default/PrimeSimHSPICE/nominal/results/post_results.db
[00:36:53.070] I| Setup simulation complete: 
    results directory: /mnt/coe/workspace/ece/ece546-spr25/group8/group8_project/simulation/group8,2to4_decoder_tb,schematic/history_1/simulation/default/PrimeSimHSPICE/nominal/results 
    post database directory: /mnt/coe/workspace/ece/ece546-spr25/group8/group8_project/simulation/group8,2to4_decoder_tb,schematic/history_1/simulation/default/PrimeSimHSPICE/nominal/results
   *** loading waveform file /mnt/coe/workspace/ece/ece546-spr25/group8/group8_project/simulation/group8,2to4_decoder_tb,schematic/history_1/simulation/default/PrimeSimHSPICE/nominal/results/resultsMap.xml ... ***
   *** loading waveform file /mnt/coe/workspace/ece/ece546-spr25/group8/group8_project/simulation/group8,2to4_decoder_tb,schematic/history_1/simulation/default/PrimeSimHSPICE/nominal/results/hspice_wdf.tr0 ... ***
   *** Loading waveform file finished ***
   *** Evaluating Equations... ***
Nominal: Start to call cckDBHandler to create handler
Nominal: Start to integrate database
Start to post process[00:36:54.110] I| Start generating post results database...
[00:36:54.110] I| Clear post result data in database.
[00:36:59.970] I| Create Post WDF File .../default/PrimeSimHSPICE/nominal/results/post1.wave
[00:36:59.080] I| Generate post results database complete.
