[17:15:44.76] /o 
              /c                                    pw_worker™ 
              /c 
              /c                Version W-2024.09-SP1-2 for linux64 - Jan 15, 2025
              /c              Based on Custom Infrastructure
              /c Version W-2024.09-SP1-2
              /c 
              /c                     Copyright (c) 2004 - 2025 Synopsys, Inc.
              /c    This software and the associated documentation are proprietary to Synopsys,
              /c  Inc. This software may only be used in accordance with the terms and conditions
              /c  of a written license agreement with Synopsys, Inc. All other use, reproduction,
              /c    or distribution of this software is strictly prohibited.  Licensed Products
              /c      communicate with Synopsys servers for the purpose of providing software
              /c     updates, detecting software piracy and verifying that customers are using
              /c     Licensed Products in conformity with the applicable License Key for such
              /c   Licensed Products. Synopsys will use information gathered in connection with
              /c     this process to deliver software updates and pursue software pirates and
              /c                                    infringers.
              /c 
              /c  Inclusivity & Diversity - Visit SolvNetPlus to read the "Synopsys Statement on
              /c             Inclusivity and Diversity" (Refer to article 000036315 at
              /c                         https://solvnetplus.synopsys.com)
              /c 
              /c Build  (OPT) Config 11252589 compiled on Wed Jan 15 11:01:36 2025 for AlmaLinux 8.4
              /c Invocation: /mnt/apps/public/COE/synopsys_apps/primewave/W-2024.09-SP1-2/linux64/platform/bin/custom_shell -application pw_worker -gui 0 -localDir /mnt/coe/workspace/ece/ece546-spr25/group8/group8_project/synopsys_custom/pwdp_jobs/saeSession5_default.SimulationSimulation_cdpl.1.61240/logs/w1
              /c Execution time: Sun Apr  6 17:15:38 2025
              /c Host: lib-41922.eos.ncsu.edu
              /c Working directory: /mnt/coe/workspace/ece/ece546-spr25/group8/group8_project
              /c 
[17:15:57.18] /m Information: Registering ICV PERC package...
[17:15:57.19] /w Warning: Error: "Job group named 'PrimeWave' already exists under this parent." (IPC-100)
[17:15:57.28] /o #####New Worker job begin - Self history dir=/mnt/coe/workspace/ece/ece546-spr25/group8/group8_project/simulation/group8,2to4_decoder_static_tb,schematic
[17:15:57.50] /o source /mnt/coe/workspace/ece/ece546-spr25/group8/group8_project/synopsys_custom/pwdp_jobs/saeSession5_default.SimulationSimulation_cdpl.1.61240/ccFile.tcl OK
[17:15:57.50] /o LibDefs : /mnt/coe/workspace/ece/ece546-spr25/group8/group8_project/lib.defs
[17:15:57.89] /o new worker create session at loading state!
[17:15:57.89] /o history_1
[17:15:58.75] /o Loading: Callback files...
[17:15:58.76] /o Loading: scripts/callbacks/callbacks.tcl
[17:15:58.76] /o 
              /c [INFO] : Loading display.drf from /mnt/designkits/ncsu/FreePDK3/syncust/NCSU_TechLib_FreePDK3
              /c 
              /c  if you wish to Load other display.drf, please set shell environment valiable "iPDK_load_display_NCSU_TechLib_FreePDK3" to value = 0
[17:15:58.76] /o 
[17:15:58.79] /w Warning: Preference 'xtStarTcadGrdFile' is deprecated and scheduled for removal in a future release with no replacement. For migration assistance, see the Custom Compiler Tcl Reference Manual. (PREFERENCE-058)
[17:15:58.79] /w Warning: Preference 'xtStarOALayerMappingFile' is deprecated and scheduled for removal in a future release with no replacement. For migration assistance, see the Custom Compiler Tcl Reference Manual. (PREFERENCE-058)
[17:15:58.79] /o 	#######################################
[17:15:58.79] /o 	CC-PDK Library Name	: FreePDK3
[17:15:58.79] /o 	#######################################
[17:15:58.79] /o 
[17:15:59.07] /o source /mnt/coe/workspace/ece/ece546-spr25/group8/group8_project/simulation/group8,2to4_decoder_static_tb,schematic/history_1/.nw_preference_script.tcl OK!
[17:15:59.07] /o DSPF Options: {hierDelim==|}||{termDelim==:}||{fingerChar==@}||{multiplierString==_nettran_}||{aggregateCurrent==1}||{MOSTermNames==d g s b}||{MOSTermOrder==D G S B}||{MOSTermDspfNames==DRC GATE SRC BULK}||{firstChars==XM}||{probeHierDelim==/}||{caseSensitive==1}||{firstChar==M}||{hierPrefix==X}||{nodePrefix==M}||{plotTermVoltageForNet==0}||{mapNetToMosTerminal==}||{mapSlashDelimToDot==1}||{probePortCurrent==1}||{busBit==[]}||{removeNodePrefix==1}||{nlConDelim==.}||{mosModelType==auto}||{keepSchName==0}
[17:15:59.07] /o _workerLoadStateAction done!
[17:15:59.13] /o _getSimulationDetails : 
[17:15:59.13] /o tbName=default, Mtb=0
[17:15:59.13] /o Got stb tb ok!
[17:15:59.13] /o Self resultsDir: ./simulation
[17:15:59.13] /o Self databaseDir: /mnt/coe/workspace/ece/ece546-spr25/group8/group8_project/simulation/group8,2to4_decoder_static_tb,schematic/history_1/simulation/default/PrimeSimHSPICE/nominal/results
[17:15:59.20] /o source /mnt/apps/public/COE/synopsys_apps/primewave/W-2024.09-SP1-2/auxx/sae/matlab_script.tcl OK
[17:15:59.22] /o Nominal run.
[17:16:00.14] /o _createResultsMap done!
[17:16:00.21] /o New worker simulation done for nomial run.
[17:16:00.21] /o >>>resultsDir=/mnt/coe/workspace/ece/ece546-spr25/group8/group8_project/simulation/group8,2to4_decoder_static_tb,schematic/history_1/simulation/default/PrimeSimHSPICE/nominal/results,masterResultsDir=/mnt/coe/workspace/ece/ece546-spr25/group8/group8_project/simulation/group8,2to4_decoder_static_tb,schematic/history_1/simulation/default/PrimeSimHSPICE/nominal/results
[17:16:00.24] /m Information: Evaluating and plotting outputs...
[17:16:03.35] /o touch /mnt/coe/workspace/ece/ece546-spr25/group8/group8_project/simulation/group8,2to4_decoder_static_tb,schematic/history_1/simulation/default/PrimeSimHSPICE/nominal/results/.unitedSimFinished
[17:16:03.41] /o touch /mnt/coe/workspace/ece/ece546-spr25/group8/group8_project/simulation/group8,2to4_decoder_static_tb,schematic/history_1/simulation/default/PrimeSimHSPICE/nominal/results/.unitedSimFinished
[17:16:05.38] /o New worker simulation done for nomial run finished!
[17:16:05.38] /o _simulationDoneAction done without exception!
[17:16:05.39] /o touch pilot meas done flag file: /mnt/coe/workspace/ece/ece546-spr25/group8/group8_project/simulation/group8,2to4_decoder_static_tb,schematic/history_1/simulation/default/PrimeSimHSPICE/nominal/results/.pw_nw_meas_done
[17:16:17.24] /o Shutdown time: Sun Apr  6 17:16:17 2025
[17:16:17.24] /o Elapsed session real time: 0.58 minutes
[17:16:17.24] /o Session terminated. Log is at /mnt/coe/workspace/ece/ece546-spr25/group8/group8_project/synopsys_custom/pwdp_jobs/saeSession5_default.SimulationSimulation_cdpl.1.61240/logs/w1/logs/pw_worker.svkolach.2025_4_6_171538_63813.log
