  + INFO: Connected to Custom Compiler at 9189.

< LAYOUT: start_vue >
V SET_COLOR white       white
V SET_COLOR red         red
V SET_COLOR darkRed     maroon
V SET_COLOR green       lime
V SET_COLOR darkGreen   forest
V SET_COLOR blue        blue
V SET_COLOR darkBlue    navy
V SET_COLOR cyan        cyan
V SET_COLOR darkCyan    cadetBlue
V SET_COLOR magenta     magenta
V SET_COLOR darkMagenta purple
V SET_COLOR yellow      yellow
V SET_FILL  blank       blank
V SET_FILL  solid       solid
V SET_FILL  backSlash   backSlash
V SET_FILL  slash       slash
V SET_FILL  dot         dots
V SET_FILL  diagCross   X
V SET_FILL  brick       brick
V SET_FILL  horizontal  hLine
V SET_FILL  vertical    vLine
L startFilter LAY
L setTopLayLCV  ""
L setCurLayLCV  ""

< LAYOUT: start_filter >
L setWorkingDir "[pwd]"
  + INFO: Timer already set.
  + INFO: Connected to Custom Compiler at 9189.

< SCHEMATIC: start_vue >
V SET_COLOR white       white
V SET_COLOR red         red
V SET_COLOR darkRed     maroon
V SET_COLOR green       lime
V SET_COLOR darkGreen   forest
V SET_COLOR blue        blue
V SET_COLOR darkBlue    navy
V SET_COLOR cyan        cyan
V SET_COLOR darkCyan    cadetBlue
V SET_COLOR magenta     magenta
V SET_COLOR darkMagenta purple
V SET_COLOR yellow      yellow
V SET_FILL  blank       blank
V SET_FILL  solid       solid
V SET_FILL  backSlash   backSlash
V SET_FILL  slash       slash
V SET_FILL  dot         dots
V SET_FILL  diagCross   X
V SET_FILL  brick       brick
V SET_FILL  horizontal  hLine
V SET_FILL  vertical    vLine
S startFilter SCH
S setCurModule ""

< SCHEMATIC: start_filter >
S setWorkingDir "[pwd]"

< LAYOUT: load_hercules >
L setWorkingDir /mnt/coe/workspace/ece/ece546-spr25/group8/group8_project/synopsys_custom/integration.icv.lvs
L setTopLayLCV /mnt/coe/workspace/ece/ece546-spr25/group8/group8_project/synopsys_custom/integration.icv.lvs/integration.custom_compiler.gds/integration/
L openLCV /mnt/coe/workspace/ece/ece546-spr25/group8/group8_project/synopsys_custom/integration.icv.lvs/integration.custom_compiler.gds/integration/

< SCHEMATIC: load_hercules >
S setCurModule memory_array_static_column_decoder_test
S setWorkingDir /mnt/coe/workspace/ece/ece546-spr25/group8/group8_project/synopsys_custom/integration.icv.lvs
S openModule

< LAYOUT: remove_hilites >
L clearAllHighlights

< SCHEMATIC: remove_hilites >
S clearAllProbes

< LAYOUT: remove_hilites >
L clearAllHighlights

< SCHEMATIC: remove_hilites >
S clearAllProbes

< SCHEMATIC: new_block >

< LAYOUT: edit_in_place >
V ZOOM_EXTENTS_RESET
L clearAllHighlights
S clearAllProbes
L setCurLayLCV /integration/
S setCurModule memory_array_static_column_decoder_test
L openLCVInstance
S openModule

< LAYOUT: remove_hilites >
L clearAllHighlights

< SCHEMATIC: remove_hilites >
S clearAllProbes

< LAYOUT: remove_hilites >
L clearAllHighlights

< SCHEMATIC: remove_hilites >
S clearAllProbes

< LAYOUT: before_hilite >
V ZOOM_EXTENTS_RESET
L setHiliteId

< LAYOUT: primary_hilite >
L setHighlightProperty yellow brick

< LAYOUT: poly_set >
L highlightFromFile /mnt/ncsudrive/n/nbandeh/.synopsys/icv/vue_tmp_000001/highlight_20250418025208_000000.oas /mnt/ncsudrive/n/nbandeh/.synopsys/icv/vue_tmp_000001/highlight_20250418025208_000000.oas

< LAYOUT: after_hilite >
L drawHighlights

< LAYOUT: zoom_extents >
L setViewPort 1.451 0.9685 2.977 1.6825

< LAYOUT: remove_hilites >
L clearAllHighlights

< LAYOUT: remove_hilites >
L clearAllHighlights

< SCHEMATIC: remove_hilites >
S clearAllProbes

< SCHEMATIC: remove_hilites >
S clearAllProbes

< LAYOUT: before_hilite >
V ZOOM_EXTENTS_RESET
L setHiliteId

< LAYOUT: primary_hilite >
L setHighlightProperty yellow brick

< LAYOUT: poly_set >
L highlightFromFile /mnt/ncsudrive/n/nbandeh/.synopsys/icv/vue_tmp_000001/highlight_20250418025701_000001.oas /mnt/ncsudrive/n/nbandeh/.synopsys/icv/vue_tmp_000001/highlight_20250418025701_000001.oas

< LAYOUT: after_hilite >
L drawHighlights

< LAYOUT: zoom_extents >
L setViewPort 1.451 0.9685 2.977 1.6825

< LAYOUT: before_hilite >
V ZOOM_EXTENTS_RESET
L setHiliteId

< LAYOUT: primary_hilite >
L setHighlightProperty yellow brick

< LAYOUT: poly_set >
L highlightFromFile /mnt/ncsudrive/n/nbandeh/.synopsys/icv/vue_tmp_000001/highlight_20250418025723_000002.oas /mnt/ncsudrive/n/nbandeh/.synopsys/icv/vue_tmp_000001/highlight_20250418025723_000002.oas

< LAYOUT: after_hilite >
L drawHighlights

< LAYOUT: zoom_extents >
L setViewPort 1.383 1.014 4.665 1.182

< LAYOUT: remove_hilites >
L clearAllHighlights

< SCHEMATIC: remove_hilites >
S clearAllProbes

< LAYOUT: remove_hilites >
L clearAllHighlights

< SCHEMATIC: remove_hilites >
S clearAllProbes

< LAYOUT: load_hercules >
L setWorkingDir /mnt/coe/workspace/ece/ece546-spr25/group8/group8_project/synopsys_custom/integration.icv.lvs
L setTopLayLCV /mnt/coe/workspace/ece/ece546-spr25/group8/group8_project/synopsys_custom/integration.icv.lvs/integration.custom_compiler.gds/integration/
L openLCV /mnt/coe/workspace/ece/ece546-spr25/group8/group8_project/synopsys_custom/integration.icv.lvs/integration.custom_compiler.gds/integration/

< SCHEMATIC: load_hercules >
S setCurModule memory_array_static_column_decoder_test
S setWorkingDir /mnt/coe/workspace/ece/ece546-spr25/group8/group8_project/synopsys_custom/integration.icv.lvs
S openModule

< LAYOUT: remove_hilites >
L clearAllHighlights

< SCHEMATIC: remove_hilites >
S clearAllProbes

< LAYOUT: remove_hilites >
L clearAllHighlights

< SCHEMATIC: remove_hilites >
S clearAllProbes

< SCHEMATIC: new_block >
S clearAllProbes

< LAYOUT: edit_in_place >
V ZOOM_EXTENTS_RESET
L clearAllHighlights
S setCurModule memory_array_static_column_decoder_test
S openModule
L setCurLayLCV /integration/
L openLCVInstance

< LAYOUT: remove_hilites >
L clearAllHighlights

< SCHEMATIC: remove_hilites >
S clearAllProbes

< LAYOUT: remove_hilites >
L clearAllHighlights

< SCHEMATIC: remove_hilites >
S clearAllProbes

< SCHEMATIC: before_hilite >

< SCHEMATIC: net_hilite >
S setProbeProperty yellow brick
S addProbe net794 net

< SCHEMATIC: after_hilite >
S zoomToProbes

< SCHEMATIC: zoom_extents >

< LAYOUT: before_hilite >
V ZOOM_EXTENTS_RESET
L setHiliteId

< LAYOUT: primary_hilite >
L setHighlightProperty yellow brick

< LAYOUT: poly_set >
L highlightFromFile /mnt/ncsudrive/n/nbandeh/.synopsys/icv/vue_tmp_000001/highlight_20250418025829_000003.oas /mnt/ncsudrive/n/nbandeh/.synopsys/icv/vue_tmp_000001/highlight_20250418025829_000003.oas

< LAYOUT: after_hilite >
L drawHighlights

< LAYOUT: zoom_extents >
L setViewPort 1.6005 1.067 1.6335 1.158

< LAYOUT: remove_hilites >
L clearAllHighlights

< LAYOUT: remove_hilites >
L clearAllHighlights

< SCHEMATIC: remove_hilites >
S clearAllProbes

< SCHEMATIC: remove_hilites >
S clearAllProbes

< LAYOUT: before_hilite >
V ZOOM_EXTENTS_RESET
L setHiliteId

< LAYOUT: primary_hilite >
L setHighlightProperty yellow brick

< LAYOUT: poly_set >
L highlightFromFile /mnt/ncsudrive/n/nbandeh/.synopsys/icv/vue_tmp_000001/highlight_20250418025909_000004.oas /mnt/ncsudrive/n/nbandeh/.synopsys/icv/vue_tmp_000001/highlight_20250418025909_000004.oas

< LAYOUT: after_hilite >
L drawHighlights

< LAYOUT: zoom_extents >
L setViewPort 1.287 0.7035 4.489 1.1995

< LAYOUT: remove_hilites >
L clearAllHighlights

< LAYOUT: remove_hilites >
L clearAllHighlights

< SCHEMATIC: remove_hilites >
S clearAllProbes

< SCHEMATIC: remove_hilites >
S clearAllProbes

< LAYOUT: remove_hilites >
L clearAllHighlights

< SCHEMATIC: remove_hilites >
S clearAllProbes

< LAYOUT: remove_hilites >
L clearAllHighlights

< SCHEMATIC: remove_hilites >
S clearAllProbes

< LAYOUT: load_hercules >
L setWorkingDir /mnt/coe/workspace/ece/ece546-spr25/group8/group8_project/synopsys_custom/integration.icv.lvs
L setTopLayLCV /mnt/coe/workspace/ece/ece546-spr25/group8/group8_project/synopsys_custom/integration.icv.lvs/integration.custom_compiler.gds/integration/
L openLCV /mnt/coe/workspace/ece/ece546-spr25/group8/group8_project/synopsys_custom/integration.icv.lvs/integration.custom_compiler.gds/integration/

< SCHEMATIC: load_hercules >
S setCurModule memory_array_static_column_decoder_test
S setWorkingDir /mnt/coe/workspace/ece/ece546-spr25/group8/group8_project/synopsys_custom/integration.icv.lvs
S openModule

< LAYOUT: remove_hilites >
L clearAllHighlights

< SCHEMATIC: remove_hilites >
S clearAllProbes

< LAYOUT: remove_hilites >
L clearAllHighlights

< SCHEMATIC: remove_hilites >
S clearAllProbes

< SCHEMATIC: new_block >
S clearAllProbes
S setCurModule memory_array_static_column_decoder_test
S openModule

< LAYOUT: edit_in_place >
V ZOOM_EXTENTS_RESET
L clearAllHighlights
L setCurLayLCV /integration/
L openLCVInstance

< LAYOUT: remove_hilites >
L clearAllHighlights

< SCHEMATIC: remove_hilites >
S clearAllProbes

< LAYOUT: before_hilite >
V ZOOM_EXTENTS_RESET
L setHiliteId

< LAYOUT: primary_hilite >
L setHighlightProperty yellow brick

< LAYOUT: poly_set >
L highlightFromFile /mnt/ncsudrive/n/nbandeh/.synopsys/icv/vue_tmp_000001/highlight_20250418030246_000005.oas /mnt/ncsudrive/n/nbandeh/.synopsys/icv/vue_tmp_000001/highlight_20250418030246_000005.oas

< LAYOUT: after_hilite >
L drawHighlights

< LAYOUT: zoom_extents >
L setViewPort 1.506 1.876 1.644 1.967

< LAYOUT: remove_hilites >
L clearAllHighlights

< LAYOUT: remove_hilites >
L clearAllHighlights

< SCHEMATIC: remove_hilites >
S clearAllProbes

< SCHEMATIC: remove_hilites >
S clearAllProbes

< LAYOUT: remove_hilites >
L clearAllHighlights

< SCHEMATIC: remove_hilites >
S clearAllProbes

< LAYOUT: remove_hilites >
L clearAllHighlights

< SCHEMATIC: remove_hilites >
S clearAllProbes

< LAYOUT: load_hercules >
L setWorkingDir /mnt/coe/workspace/ece/ece546-spr25/group8/group8_project/synopsys_custom/integration.icv.lvs
L setTopLayLCV /mnt/coe/workspace/ece/ece546-spr25/group8/group8_project/synopsys_custom/integration.icv.lvs/integration.custom_compiler.gds/integration/
L openLCV /mnt/coe/workspace/ece/ece546-spr25/group8/group8_project/synopsys_custom/integration.icv.lvs/integration.custom_compiler.gds/integration/

< SCHEMATIC: load_hercules >
S setCurModule memory_array_static_column_decoder_test
S setWorkingDir /mnt/coe/workspace/ece/ece546-spr25/group8/group8_project/synopsys_custom/integration.icv.lvs
S openModule

< LAYOUT: remove_hilites >
L clearAllHighlights

< SCHEMATIC: remove_hilites >
S clearAllProbes

< LAYOUT: remove_hilites >
L clearAllHighlights

< SCHEMATIC: remove_hilites >
S clearAllProbes

< SCHEMATIC: new_block >
S clearAllProbes
S setCurModule memory_array_static_column_decoder_test

< LAYOUT: edit_in_place >
S openModule
V ZOOM_EXTENTS_RESET
L clearAllHighlights
L setCurLayLCV /integration/
L openLCVInstance

< LAYOUT: remove_hilites >
L clearAllHighlights

< SCHEMATIC: remove_hilites >
S clearAllProbes

< LAYOUT: before_hilite >
V ZOOM_EXTENTS_RESET
L setHiliteId

< LAYOUT: primary_hilite >
L setHighlightProperty yellow brick

< LAYOUT: poly_set >
L highlightFromFile /mnt/ncsudrive/n/nbandeh/.synopsys/icv/vue_tmp_000001/highlight_20250418030601_000006.oas /mnt/ncsudrive/n/nbandeh/.synopsys/icv/vue_tmp_000001/highlight_20250418030601_000006.oas

< LAYOUT: after_hilite >
L drawHighlights

< LAYOUT: zoom_extents >
L setViewPort 1.295 0.024 1.501 1.677

< LAYOUT: remove_hilites >
L clearAllHighlights

< LAYOUT: remove_hilites >
L clearAllHighlights

< SCHEMATIC: remove_hilites >
S clearAllProbes

< SCHEMATIC: remove_hilites >
S clearAllProbes

< LAYOUT: before_hilite >
V ZOOM_EXTENTS_RESET
L setHiliteId

< LAYOUT: primary_hilite >
L setHighlightProperty yellow brick

< LAYOUT: poly_set >
L highlightFromFile /mnt/ncsudrive/n/nbandeh/.synopsys/icv/vue_tmp_000001/highlight_20250418030712_000007.oas /mnt/ncsudrive/n/nbandeh/.synopsys/icv/vue_tmp_000001/highlight_20250418030712_000007.oas

< LAYOUT: after_hilite >
L drawHighlights

< LAYOUT: zoom_extents >
L setViewPort 1.212 0.143 1.35 0.234

< LAYOUT: remove_hilites >
L clearAllHighlights

< SCHEMATIC: remove_hilites >
S clearAllProbes

< LAYOUT: before_hilite >
V ZOOM_EXTENTS_RESET
L setHiliteId

< LAYOUT: primary_hilite >
L setHighlightProperty yellow brick

< LAYOUT: poly_set >
L highlightFromFile /mnt/ncsudrive/n/nbandeh/.synopsys/icv/vue_tmp_000001/highlight_20250418030725_000008.oas /mnt/ncsudrive/n/nbandeh/.synopsys/icv/vue_tmp_000001/highlight_20250418030725_000008.oas

< LAYOUT: after_hilite >
L drawHighlights

< LAYOUT: zoom_extents >
L setViewPort 1.506 2.8 1.644 2.891

< LAYOUT: remove_hilites >
L clearAllHighlights

< LAYOUT: remove_hilites >
L clearAllHighlights

< SCHEMATIC: remove_hilites >
S clearAllProbes

< SCHEMATIC: remove_hilites >
S clearAllProbes

< LAYOUT: remove_hilites >
L clearAllHighlights

< SCHEMATIC: remove_hilites >
S clearAllProbes

< LAYOUT: remove_hilites >
L clearAllHighlights

< SCHEMATIC: remove_hilites >
S clearAllProbes

< LAYOUT: load_hercules >
L setWorkingDir /mnt/coe/workspace/ece/ece546-spr25/group8/group8_project/synopsys_custom/integration.icv.lvs
L setTopLayLCV /mnt/coe/workspace/ece/ece546-spr25/group8/group8_project/synopsys_custom/integration.icv.lvs/integration.custom_compiler.gds/integration/
L openLCV /mnt/coe/workspace/ece/ece546-spr25/group8/group8_project/synopsys_custom/integration.icv.lvs/integration.custom_compiler.gds/integration/

< SCHEMATIC: load_hercules >
S setCurModule memory_array_static_column_decoder_test
S setWorkingDir /mnt/coe/workspace/ece/ece546-spr25/group8/group8_project/synopsys_custom/integration.icv.lvs
S openModule

< LAYOUT: remove_hilites >
L clearAllHighlights

< SCHEMATIC: remove_hilites >
S clearAllProbes

< LAYOUT: remove_hilites >
L clearAllHighlights

< SCHEMATIC: remove_hilites >
S clearAllProbes

< LAYOUT: edit_in_place >
V ZOOM_EXTENTS_RESET
L clearAllHighlights
L setCurLayLCV /integration/
L openLCVInstance

< SCHEMATIC: new_block >
S clearAllProbes
S setCurModule memory_array_static_column_decoder_test
S openModule

< LAYOUT: remove_hilites >
L clearAllHighlights

< SCHEMATIC: remove_hilites >
S clearAllProbes

< LAYOUT: before_hilite >
V ZOOM_EXTENTS_RESET
L setHiliteId

< LAYOUT: primary_hilite >
L setHighlightProperty yellow brick

< LAYOUT: poly_set >
L highlightFromFile /mnt/ncsudrive/n/nbandeh/.synopsys/icv/vue_tmp_000001/highlight_20250418031233_000009.oas /mnt/ncsudrive/n/nbandeh/.synopsys/icv/vue_tmp_000001/highlight_20250418031233_000009.oas

< LAYOUT: after_hilite >
L drawHighlights

< LAYOUT: zoom_extents >
L setViewPort 3.3465 1.038 3.7935 1.265

< LAYOUT: remove_hilites >
L clearAllHighlights

< LAYOUT: remove_hilites >
L clearAllHighlights

< SCHEMATIC: remove_hilites >
S clearAllProbes

< SCHEMATIC: remove_hilites >
S clearAllProbes

< LAYOUT: before_hilite >
V ZOOM_EXTENTS_RESET
L setHiliteId

< LAYOUT: primary_hilite >
L setHighlightProperty yellow brick

< LAYOUT: poly_set >
L highlightFromFile /mnt/ncsudrive/n/nbandeh/.synopsys/icv/vue_tmp_000001/highlight_20250418031318_000010.oas /mnt/ncsudrive/n/nbandeh/.synopsys/icv/vue_tmp_000001/highlight_20250418031318_000010.oas

< LAYOUT: after_hilite >
L drawHighlights

< LAYOUT: zoom_extents >
L setViewPort 3.3465 1.038 3.7935 1.265

< LAYOUT: remove_hilites >
L clearAllHighlights

< LAYOUT: remove_hilites >
L clearAllHighlights

< SCHEMATIC: remove_hilites >
S clearAllProbes

< SCHEMATIC: remove_hilites >
S clearAllProbes

< LAYOUT: before_hilite >
V ZOOM_EXTENTS_RESET
L setHiliteId

< LAYOUT: primary_hilite >
L setHighlightProperty yellow brick

< LAYOUT: poly_set >
L highlightFromFile /mnt/ncsudrive/n/nbandeh/.synopsys/icv/vue_tmp_000001/highlight_20250418031418_000011.oas /mnt/ncsudrive/n/nbandeh/.synopsys/icv/vue_tmp_000001/highlight_20250418031418_000011.oas

< LAYOUT: after_hilite >
L drawHighlights

< LAYOUT: zoom_extents >
L setViewPort 4.0985 0.9875 4.5495 1.7155

< LAYOUT: remove_hilites >
L clearAllHighlights

< LAYOUT: remove_hilites >
L clearAllHighlights

< SCHEMATIC: remove_hilites >
S clearAllProbes

< SCHEMATIC: remove_hilites >
S clearAllProbes

< LAYOUT: before_hilite >
V ZOOM_EXTENTS_RESET
L setHiliteId

< LAYOUT: primary_hilite >
L setHighlightProperty yellow brick

< LAYOUT: poly_set >
L highlightFromFile /mnt/ncsudrive/n/nbandeh/.synopsys/icv/vue_tmp_000001/highlight_20250418031429_000012.oas /mnt/ncsudrive/n/nbandeh/.synopsys/icv/vue_tmp_000001/highlight_20250418031429_000012.oas

< LAYOUT: after_hilite >
L drawHighlights

< LAYOUT: zoom_extents >
L setViewPort 4.0985 0.9875 4.5495 1.7155

< LAYOUT: remove_hilites >
L clearAllHighlights

< LAYOUT: remove_hilites >
L clearAllHighlights

< SCHEMATIC: remove_hilites >
S clearAllProbes

< SCHEMATIC: remove_hilites >
S clearAllProbes

< LAYOUT: before_hilite >
V ZOOM_EXTENTS_RESET
L setHiliteId

< LAYOUT: primary_hilite >
L setHighlightProperty yellow brick

< LAYOUT: poly_set >
L highlightFromFile /mnt/ncsudrive/n/nbandeh/.synopsys/icv/vue_tmp_000001/highlight_20250418031450_000013.oas /mnt/ncsudrive/n/nbandeh/.synopsys/icv/vue_tmp_000001/highlight_20250418031450_000013.oas

< LAYOUT: after_hilite >
L drawHighlights

< LAYOUT: zoom_extents >
L setViewPort 1.3775 0.9775 3.6385 1.8105

< LAYOUT: remove_hilites >
L clearAllHighlights

< SCHEMATIC: remove_hilites >
S clearAllProbes

< LAYOUT: remove_hilites >
L clearAllHighlights

< SCHEMATIC: remove_hilites >
S clearAllProbes

< LAYOUT: load_hercules >
L setWorkingDir /mnt/coe/workspace/ece/ece546-spr25/group8/group8_project/synopsys_custom/integration.icv.lvs
L setTopLayLCV /mnt/coe/workspace/ece/ece546-spr25/group8/group8_project/synopsys_custom/integration.icv.lvs/integration.custom_compiler.gds/integration/
L openLCV /mnt/coe/workspace/ece/ece546-spr25/group8/group8_project/synopsys_custom/integration.icv.lvs/integration.custom_compiler.gds/integration/

< SCHEMATIC: load_hercules >
S setCurModule memory_array_static_column_decoder_test
S setWorkingDir /mnt/coe/workspace/ece/ece546-spr25/group8/group8_project/synopsys_custom/integration.icv.lvs
S openModule

< LAYOUT: remove_hilites >
L clearAllHighlights

< SCHEMATIC: remove_hilites >
S clearAllProbes

< LAYOUT: remove_hilites >
L clearAllHighlights

< SCHEMATIC: remove_hilites >
S clearAllProbes

< LAYOUT: edit_in_place >
V ZOOM_EXTENTS_RESET
L clearAllHighlights
L setCurLayLCV /integration/
L openLCVInstance

< SCHEMATIC: new_block >
S clearAllProbes
S setCurModule memory_array_static_column_decoder_test
S openModule

< LAYOUT: remove_hilites >
L clearAllHighlights

< SCHEMATIC: remove_hilites >
S clearAllProbes

< LAYOUT: before_hilite >
V ZOOM_EXTENTS_RESET
L setHiliteId

< LAYOUT: primary_hilite >
L setHighlightProperty yellow brick

< LAYOUT: poly_set >
L highlightFromFile /mnt/ncsudrive/n/nbandeh/.synopsys/icv/vue_tmp_000001/highlight_20250418031533_000014.oas /mnt/ncsudrive/n/nbandeh/.synopsys/icv/vue_tmp_000001/highlight_20250418031533_000014.oas

< LAYOUT: after_hilite >
L drawHighlights

< LAYOUT: zoom_extents >
L setViewPort 3.3465 1.038 3.7935 1.265

< LAYOUT: remove_hilites >
L clearAllHighlights

< LAYOUT: remove_hilites >
L clearAllHighlights

< SCHEMATIC: remove_hilites >
S clearAllProbes

< SCHEMATIC: remove_hilites >
S clearAllProbes

< LAYOUT: before_hilite >
V ZOOM_EXTENTS_RESET
L setHiliteId

< LAYOUT: primary_hilite >
L setHighlightProperty yellow brick

< LAYOUT: poly_set >
L highlightFromFile /mnt/ncsudrive/n/nbandeh/.synopsys/icv/vue_tmp_000001/highlight_20250418031700_000015.oas /mnt/ncsudrive/n/nbandeh/.synopsys/icv/vue_tmp_000001/highlight_20250418031700_000015.oas

< LAYOUT: after_hilite >
L drawHighlights

< LAYOUT: zoom_extents >
L setViewPort 3.3465 1.038 3.7935 1.265

< LAYOUT: remove_hilites >
L clearAllHighlights

< LAYOUT: remove_hilites >
L clearAllHighlights

< SCHEMATIC: remove_hilites >
S clearAllProbes

< SCHEMATIC: remove_hilites >
S clearAllProbes

< LAYOUT: before_hilite >
V ZOOM_EXTENTS_RESET
L setHiliteId

< LAYOUT: primary_hilite >
L setHighlightProperty yellow brick

< LAYOUT: poly_set >
L highlightFromFile /mnt/ncsudrive/n/nbandeh/.synopsys/icv/vue_tmp_000001/highlight_20250418031725_000016.oas /mnt/ncsudrive/n/nbandeh/.synopsys/icv/vue_tmp_000001/highlight_20250418031725_000016.oas

< LAYOUT: after_hilite >
L drawHighlights

< LAYOUT: zoom_extents >
L setViewPort 4.0985 0.9875 4.5495 1.7155

< LAYOUT: remove_hilites >
L clearAllHighlights

< LAYOUT: remove_hilites >
L clearAllHighlights

< SCHEMATIC: remove_hilites >
S clearAllProbes

< SCHEMATIC: remove_hilites >
S clearAllProbes

< LAYOUT: before_hilite >
V ZOOM_EXTENTS_RESET
L setHiliteId

< LAYOUT: primary_hilite >
L setHighlightProperty yellow brick

< LAYOUT: poly_set >
L highlightFromFile /mnt/ncsudrive/n/nbandeh/.synopsys/icv/vue_tmp_000001/highlight_20250418032015_000017.oas /mnt/ncsudrive/n/nbandeh/.synopsys/icv/vue_tmp_000001/highlight_20250418032015_000017.oas

< LAYOUT: after_hilite >
L drawHighlights

< LAYOUT: zoom_extents >
L setViewPort 1.3775 0.9775 3.6385 1.8105

< LAYOUT: remove_hilites >
L clearAllHighlights

< LAYOUT: remove_hilites >
L clearAllHighlights

< SCHEMATIC: remove_hilites >
S clearAllProbes

< SCHEMATIC: remove_hilites >
S clearAllProbes

< LAYOUT: remove_hilites >
L clearAllHighlights

< SCHEMATIC: remove_hilites >
S clearAllProbes

< LAYOUT: remove_hilites >
L clearAllHighlights

< SCHEMATIC: remove_hilites >
S clearAllProbes

< LAYOUT: load_hercules >
L setWorkingDir /mnt/coe/workspace/ece/ece546-spr25/group8/group8_project/synopsys_custom/integration.icv.lvs
L setTopLayLCV /mnt/coe/workspace/ece/ece546-spr25/group8/group8_project/synopsys_custom/integration.icv.lvs/integration.custom_compiler.gds/integration/
L openLCV /mnt/coe/workspace/ece/ece546-spr25/group8/group8_project/synopsys_custom/integration.icv.lvs/integration.custom_compiler.gds/integration/

< SCHEMATIC: load_hercules >
S setCurModule memory_array_static_column_decoder_test
S setWorkingDir /mnt/coe/workspace/ece/ece546-spr25/group8/group8_project/synopsys_custom/integration.icv.lvs
S openModule

< LAYOUT: remove_hilites >
L clearAllHighlights

< SCHEMATIC: remove_hilites >
S clearAllProbes

< LAYOUT: remove_hilites >
L clearAllHighlights

< SCHEMATIC: remove_hilites >
S clearAllProbes

< SCHEMATIC: new_block >
S clearAllProbes

< LAYOUT: edit_in_place >
V ZOOM_EXTENTS_RESET
L clearAllHighlights
L setCurLayLCV /integration/
S setCurModule memory_array_static_column_decoder_test
L openLCVInstance
S openModule

< LAYOUT: remove_hilites >
L clearAllHighlights

< SCHEMATIC: remove_hilites >
S clearAllProbes

< LAYOUT: before_hilite >
V ZOOM_EXTENTS_RESET
L setHiliteId

< LAYOUT: primary_hilite >
L setHighlightProperty yellow brick

< LAYOUT: poly_set >
L highlightFromFile /mnt/ncsudrive/n/nbandeh/.synopsys/icv/vue_tmp_000001/highlight_20250418032156_000018.oas /mnt/ncsudrive/n/nbandeh/.synopsys/icv/vue_tmp_000001/highlight_20250418032156_000018.oas

< LAYOUT: after_hilite >
L drawHighlights

< LAYOUT: zoom_extents >
L setViewPort 1.212 0.259 1.35 0.35

< LAYOUT: remove_hilites >
L clearAllHighlights

< LAYOUT: remove_hilites >
L clearAllHighlights

< SCHEMATIC: remove_hilites >
S clearAllProbes

< SCHEMATIC: remove_hilites >
S clearAllProbes

< LAYOUT: remove_hilites >
L clearAllHighlights

< SCHEMATIC: remove_hilites >
S clearAllProbes

< LAYOUT: remove_hilites >
L clearAllHighlights

< SCHEMATIC: remove_hilites >
S clearAllProbes

< LAYOUT: load_hercules >
L setWorkingDir /mnt/coe/workspace/ece/ece546-spr25/group8/group8_project/synopsys_custom/integration.icv.lvs
L setTopLayLCV /mnt/coe/workspace/ece/ece546-spr25/group8/group8_project/synopsys_custom/integration.icv.lvs/integration.custom_compiler.gds/integration/
L openLCV /mnt/coe/workspace/ece/ece546-spr25/group8/group8_project/synopsys_custom/integration.icv.lvs/integration.custom_compiler.gds/integration/

< SCHEMATIC: load_hercules >
S setCurModule memory_array_static_column_decoder_test
S setWorkingDir /mnt/coe/workspace/ece/ece546-spr25/group8/group8_project/synopsys_custom/integration.icv.lvs
S openModule

< LAYOUT: remove_hilites >
L clearAllHighlights

< SCHEMATIC: remove_hilites >
S clearAllProbes

< LAYOUT: remove_hilites >
L clearAllHighlights

< SCHEMATIC: remove_hilites >
S clearAllProbes

< LAYOUT: edit_in_place >
V ZOOM_EXTENTS_RESET
L clearAllHighlights
L setCurLayLCV /integration/
L openLCVInstance

< SCHEMATIC: new_block >
S clearAllProbes
S setCurModule memory_array_static_column_decoder_test
S openModule

< LAYOUT: remove_hilites >
L clearAllHighlights

< SCHEMATIC: remove_hilites >
S clearAllProbes

< LAYOUT: before_hilite >
V ZOOM_EXTENTS_RESET
L setHiliteId

< LAYOUT: primary_hilite >
L setHighlightProperty yellow brick

< LAYOUT: poly_set >
L highlightFromFile /mnt/ncsudrive/n/nbandeh/.synopsys/icv/vue_tmp_000001/highlight_20250418032629_000019.oas /mnt/ncsudrive/n/nbandeh/.synopsys/icv/vue_tmp_000001/highlight_20250418032629_000019.oas

< LAYOUT: after_hilite >
L drawHighlights

< LAYOUT: zoom_extents >
L setViewPort 3.3465 1.038 3.7935 1.265

< LAYOUT: remove_hilites >
L clearAllHighlights

< LAYOUT: remove_hilites >
L clearAllHighlights

< SCHEMATIC: remove_hilites >
S clearAllProbes

< SCHEMATIC: remove_hilites >
S clearAllProbes

< LAYOUT: before_hilite >
V ZOOM_EXTENTS_RESET
L setHiliteId

< LAYOUT: primary_hilite >
L setHighlightProperty yellow brick

< LAYOUT: poly_set >
L highlightFromFile /mnt/ncsudrive/n/nbandeh/.synopsys/icv/vue_tmp_000001/highlight_20250418032658_000020.oas /mnt/ncsudrive/n/nbandeh/.synopsys/icv/vue_tmp_000001/highlight_20250418032658_000020.oas

< LAYOUT: after_hilite >
L drawHighlights

< LAYOUT: zoom_extents >
L setViewPort 3.3465 1.038 3.7935 1.265

< LAYOUT: remove_hilites >
L clearAllHighlights

< LAYOUT: remove_hilites >
L clearAllHighlights

< SCHEMATIC: remove_hilites >
S clearAllProbes

< SCHEMATIC: remove_hilites >
S clearAllProbes

< LAYOUT: before_hilite >
V ZOOM_EXTENTS_RESET
L setHiliteId

< LAYOUT: primary_hilite >
L setHighlightProperty yellow brick

< LAYOUT: poly_set >
L highlightFromFile /mnt/ncsudrive/n/nbandeh/.synopsys/icv/vue_tmp_000001/highlight_20250418032747_000021.oas /mnt/ncsudrive/n/nbandeh/.synopsys/icv/vue_tmp_000001/highlight_20250418032747_000021.oas

< LAYOUT: after_hilite >
L drawHighlights

< LAYOUT: zoom_extents >
L setViewPort 1.241 0.9775 4.867 1.8105

< LAYOUT: remove_hilites >
L clearAllHighlights

< LAYOUT: remove_hilites >
L clearAllHighlights

< SCHEMATIC: remove_hilites >
S clearAllProbes

< SCHEMATIC: remove_hilites >
S clearAllProbes

< LAYOUT: remove_hilites >
L clearAllHighlights

< SCHEMATIC: remove_hilites >
S clearAllProbes

< LAYOUT: remove_hilites >
L clearAllHighlights

< SCHEMATIC: remove_hilites >
S clearAllProbes

< LAYOUT: load_hercules >
L setWorkingDir /mnt/coe/workspace/ece/ece546-spr25/group8/group8_project/synopsys_custom/integration.icv.lvs
L setTopLayLCV /mnt/coe/workspace/ece/ece546-spr25/group8/group8_project/synopsys_custom/integration.icv.lvs/integration.custom_compiler.gds/integration/
L openLCV /mnt/coe/workspace/ece/ece546-spr25/group8/group8_project/synopsys_custom/integration.icv.lvs/integration.custom_compiler.gds/integration/

< SCHEMATIC: load_hercules >
S setCurModule memory_array_static_column_decoder_test
S setWorkingDir /mnt/coe/workspace/ece/ece546-spr25/group8/group8_project/synopsys_custom/integration.icv.lvs
S openModule

< LAYOUT: remove_hilites >
L clearAllHighlights

< SCHEMATIC: remove_hilites >
S clearAllProbes

< LAYOUT: remove_hilites >
L clearAllHighlights

< SCHEMATIC: remove_hilites >
S clearAllProbes

< SCHEMATIC: new_block >
S clearAllProbes
S setCurModule memory_array_static_column_decoder_test
S openModule

< LAYOUT: edit_in_place >
V ZOOM_EXTENTS_RESET
L clearAllHighlights
L setCurLayLCV /integration/
L openLCVInstance

< LAYOUT: remove_hilites >
L clearAllHighlights

< SCHEMATIC: remove_hilites >
S clearAllProbes

< LAYOUT: remove_hilites >
L clearAllHighlights

< SCHEMATIC: remove_hilites >
S clearAllProbes

< SCHEMATIC: before_hilite >

< SCHEMATIC: net_hilite >
S setProbeProperty yellow brick
S addProbe BL4 net

< SCHEMATIC: after_hilite >
S zoomToProbes

< SCHEMATIC: zoom_extents >

< LAYOUT: remove_hilites >
L clearAllHighlights

< SCHEMATIC: remove_hilites >
S clearAllProbes

< LAYOUT: remove_hilites >
L clearAllHighlights

< SCHEMATIC: remove_hilites >
S clearAllProbes

< LAYOUT: load_hercules >
L setWorkingDir /mnt/coe/workspace/ece/ece546-spr25/group8/group8_project/synopsys_custom/integration.icv.lvs
L setTopLayLCV /mnt/coe/workspace/ece/ece546-spr25/group8/group8_project/synopsys_custom/integration.icv.lvs/integration.custom_compiler.gds/integration/
L openLCV /mnt/coe/workspace/ece/ece546-spr25/group8/group8_project/synopsys_custom/integration.icv.lvs/integration.custom_compiler.gds/integration/

< SCHEMATIC: load_hercules >
S setCurModule memory_array_static_column_decoder_test
S setWorkingDir /mnt/coe/workspace/ece/ece546-spr25/group8/group8_project/synopsys_custom/integration.icv.lvs
S openModule

< LAYOUT: remove_hilites >
L clearAllHighlights

< SCHEMATIC: remove_hilites >
S clearAllProbes

< LAYOUT: remove_hilites >
L clearAllHighlights

< SCHEMATIC: remove_hilites >
S clearAllProbes

< LAYOUT: edit_in_place >
V ZOOM_EXTENTS_RESET
L clearAllHighlights

< SCHEMATIC: new_block >
S clearAllProbes
L setCurLayLCV /integration/
L openLCVInstance
S setCurModule memory_array_static_column_decoder_test
S openModule

< LAYOUT: remove_hilites >
L clearAllHighlights

< SCHEMATIC: remove_hilites >
S clearAllProbes

< LAYOUT: remove_hilites >
L clearAllHighlights

< SCHEMATIC: remove_hilites >
S clearAllProbes

< LAYOUT: remove_hilites >
L clearAllHighlights

< SCHEMATIC: remove_hilites >
S clearAllProbes

< LAYOUT: remove_hilites >
L clearAllHighlights

< SCHEMATIC: remove_hilites >
S clearAllProbes

< LAYOUT: remove_hilites >
L clearAllHighlights

< SCHEMATIC: remove_hilites >
S clearAllProbes

< LAYOUT: remove_hilites >
L clearAllHighlights

< SCHEMATIC: remove_hilites >
S clearAllProbes

< LAYOUT: remove_hilites >
L clearAllHighlights

< SCHEMATIC: remove_hilites >
S clearAllProbes

< LAYOUT: remove_hilites >
L clearAllHighlights

< SCHEMATIC: remove_hilites >
S clearAllProbes

< LAYOUT: remove_hilites >
L clearAllHighlights

< SCHEMATIC: remove_hilites >
S clearAllProbes

< LAYOUT: remove_hilites >
L clearAllHighlights

< SCHEMATIC: remove_hilites >
S clearAllProbes

< LAYOUT: edit_in_place >
V ZOOM_EXTENTS_RESET
L clearAllHighlights
L setCurLayLCV /integration/
L openLCVInstance

< SCHEMATIC: new_block >
S clearAllProbes
S setCurModule memory_array_static_column_decoder_test
S openModule

< LAYOUT: remove_hilites >
L clearAllHighlights

< SCHEMATIC: remove_hilites >
S clearAllProbes

< LAYOUT: remove_hilites >
L clearAllHighlights

< SCHEMATIC: remove_hilites >
S clearAllProbes

< LAYOUT: remove_hilites >
L clearAllHighlights

< SCHEMATIC: remove_hilites >
S clearAllProbes

< LAYOUT: remove_hilites >
L clearAllHighlights

< SCHEMATIC: remove_hilites >
S clearAllProbes

< LAYOUT: remove_hilites >
L clearAllHighlights

< SCHEMATIC: remove_hilites >
S clearAllProbes

< LAYOUT: remove_hilites >
L clearAllHighlights

< SCHEMATIC: remove_hilites >
S clearAllProbes

< LAYOUT: remove_hilites >
L clearAllHighlights

< SCHEMATIC: remove_hilites >
S clearAllProbes

< LAYOUT: remove_hilites >
L clearAllHighlights

< SCHEMATIC: remove_hilites >
S clearAllProbes

< LAYOUT: remove_hilites >
L clearAllHighlights

< SCHEMATIC: remove_hilites >
S clearAllProbes

< LAYOUT: remove_hilites >
L clearAllHighlights

< SCHEMATIC: remove_hilites >
S clearAllProbes

< LAYOUT: quit_vue >

< SCHEMATIC: quit_vue >
  + INFO: Close the connection with Custom Compiler.
  + INFO: Close the connection with Custom Compiler.
