1743544496.191284: 50956-7ff3c4c5f540: cdpl_log.c:337: in cdpl_log_open(): info: @@start_of_log@@
1743544496.191300: 50956-7ff3c4c5f540: cdpl_log.c:1058: in cdpl_log_dump_sysinfo(): info: time: 2025/04/01 17:54:56 EDT -0400
1743544496.191301: 50956-7ff3c4c5f540: cdpl_log.c:1060: in cdpl_log_dump_sysinfo(): info: version: W-2024.09-SP1-2 
1743544496.191302: 50956-7ff3c4c5f540: cdpl_log.c:1062: in cdpl_log_dump_sysinfo(): info: system: Linux 4.18.0-553.46.1.el8_10.x86_64 #1 SMP Sat Mar 15 01:37:33 EDT 2025
1743544496.191303: 50956-7ff3c4c5f540: cdpl_log.c:1067: in cdpl_log_dump_sysinfo(): info: processor: x86_64 64-bits
1743544496.191304: 50956-7ff3c4c5f540: cdpl_log.c:1071: in cdpl_log_dump_sysinfo(): info: hostname: wolfman.ece.ncsu.edu
1743544496.191305: 50956-7ff3c4c5f540: cdpl_log.c:1073: in cdpl_log_dump_sysinfo(): info: program name: custom_shell
1743544496.191307: 50956-7ff3c4c5f540: cdpl_log.c:340: in cdpl_log_open(): debug: path: /mnt/coe/workspace/ece/ece546-spr25/group8/group8_project/synopsys_custom/pwdp_jobs/saeSession0_HSPICEdefault2.SimulationSimulation_cdpl.0.50956/logs/master.wolfman.ece.ncsu.edu.50956.log
1743544496.191307: 50956-7ff3c4c5f540: cdpl_log.c:341: in cdpl_log_open(): debug: dir: /mnt/coe/workspace/ece/ece546-spr25/group8/group8_project/synopsys_custom/pwdp_jobs/saeSession0_HSPICEdefault2.SimulationSimulation_cdpl.0.50956/logs
1743544496.191328: 50956-7ff3c4c5f540: cdpl_server.c:536: in cdpl_sv_init(): info: new server S2144306483
1743544496.191333: 50956-7ff3c4c5f540: cdpl_ipc.c:3475: in cdpl_ipc_init(): info: requesting IPv4 protocol
1743544496.195157: 50956-7ff3c4c5f540: cdpl_ipc.c:837: in _selectaddrfamily(): info: selected IPv4 protocol
1743544496.195171: 50956-7ff3c4c5f540: cdpl_ipc.c:1139: in _set_keepalive(): info: TCP keep alive interval: 300
1743544496.199731: 50956-7ff3c4c5f540: cdpl_monitor.c:1117: in cdpl_mn_new_server(): info: creating server monitor instance
1743544496.199787: 50956-7ff3c4c5f540: cdpl_server.c:650: in cdpl_sv_new_master(): info: new master M1
1743544496.199794: 50956-7ff3c4c5f540: cdpl_server.c:6533: in cdpl_sv_ctl_master(): info: Setting worker heartbeat to 120 seconds
1743544496.199795: 50956-7ff3c4c5f540: cdpl_server.c:6542: in cdpl_sv_ctl_master(): info: Setting worker heartbeat timeout to 3 heartbeats
1743544496.199797: 50956-7ff3c4c5f540: cdpl_compat_master.c:2090: in _parse_hostfile(): info: reading hostfile `/mnt/coe/workspace/ece/ece546-spr25/group8/group8_project/synopsys_custom/pwdp_jobs/saeSession0_HSPICEdefault2.SimulationSimulation_cdpl.0.50956/host_file'
1743544496.204351: 50956-7ff3c4c5f540: cdpl_compat_master.c:1900: in _hostfile_parser(): debug: parsing "1     |localhost|   -1  | /tmp | SH | sh"
1743544496.204362: 50956-7ff3c4c5f540: cdpl_farm.c:2578: in cdpl_farm_new_sh(): info: creating SH farm on localhost
1743544496.204366: 50956-7ff3c4c5f540: cdpl_compat_master.c:206: in _set_farm_env(): info: exporting CDPL_LOGDIR as `/mnt/coe/workspace/ece/ece546-spr25/group8/group8_project/synopsys_custom/pwdp_jobs/saeSession0_HSPICEdefault2.SimulationSimulation_cdpl.0.50956/logs'
1743544496.204367: 50956-7ff3c4c5f540: cdpl_compat_master.c:212: in _set_farm_env(): info: exporting CDPL_TMPDIR as `/tmp'
1743544496.204368: 50956-7ff3c4c5f540: cdpl_compat_master.c:219: in _set_farm_env(): info: exporting CDPL_HOME as `/mnt/apps/public/COE/synopsys_apps/hspice/W-2024.09-SP1/hspice/cdpl'
1743544496.204369: 50956-7ff3c4c5f540: cdpl_compat_master.c:235: in _set_farm_env(): info: exporting SNPSLMD_LICENSE_FILE as `27000@ece-lic-35.ece.ncsu.edu'
1743544496.204370: 50956-7ff3c4c5f540: cdpl_compat_master.c:259: in _set_farm_env(): info: exporting CDPL_OPTIONS as `[nowlogs]'
1743544496.204371: 50956-7ff3c4c5f540: cdpl_compat_master.c:266: in _set_farm_env(): info: exporting DISPLAY as `unix:24432'
1743544496.204372: 50956-7ff3c4c5f540: cdpl_compat_master.c:274: in _set_farm_env(): info: exporting CDPL_HEARTBEAT as `120'
1743544496.204380: 50956-7ff3c4c5f540: cdpl_farm.c:3149: in cdpl_farm_add_withdir(): debug: added `localhost' (capacity: unlimited)
1743544496.204381: 50956-7ff3c4c5f540: cdpl_compat_parse.c:147: in parsefile(): debug: read `/mnt/coe/workspace/ece/ece546-spr25/group8/group8_project/synopsys_custom/pwdp_jobs/saeSession0_HSPICEdefault2.SimulationSimulation_cdpl.0.50956/host_file', 2 lines
1743544496.204385: 50956-7ff3c4c5f540: cdpl_compat_master.c:2931: in cdplInitMaster(): info: bcast dir is `/mnt/coe/workspace/ece/ece546-spr25/group8/group8_project/synopsys_custom/pwdp_jobs/saeSession0_HSPICEdefault2.SimulationSimulation_cdpl.0.50956/logs'
1743544496.207907: 50956-7ff3c4c5f540: cdpl_server.c:6433: in cdpl_sv_ctl_master(): info: farm worker timeout set to 300
1743544496.207908: 50956-7ff3c4c5f540: cdpl_server.c:6486: in cdpl_sv_ctl_master(): info: maximum number of task execution attempts set to 1
1743544496.207920: 50956-7ff3c4c5f540: cdpl_server.c:3195: in cdpl_sv_start(): debug: starting server
1743544496.207923: 50956-7ff3c4c5f540: cdpl_ipc.c:3632: in cdpl_ipc_start(): debug: starting IPC server 152.14.99.207:35705
1743544496.208091: 50956-7ff38ca61700: cdpl_server_ipc.c:1182: in _sv_ipc_thread(): debug: ready
1743544496.208205: 50956-7ff37bfff700: cdpl_monitor.c:426: in cdpl_mn_init_client(): info: creating client monitor instance
1743544496.208213: 50956-7ff37bfff700: cdpl_ipc.c:3475: in cdpl_ipc_init(): info: requesting IPv4 protocol
1743544496.214065: 50956-7ff37bfff700: cdpl_ipc.c:837: in _selectaddrfamily(): info: selected IPv4 protocol
1743544496.214078: 50956-7ff37bfff700: cdpl_ipc.c:1139: in _set_keepalive(): info: TCP keep alive interval: 300
1743544496.217096: 50956-7ff37bfff700: cdpl_ipc.c:3632: in cdpl_ipc_start(): debug: starting IPC server 152.14.99.207:37591
1743544496.217176: 50956-7ff37bfff700: cdpl_monitor.c:471: in cdpl_mn_init_client(): debug: incoming messages in /tmp/cdpl-monitor-AAjehk
1743544496.217217: 50956-7ff37bfff700: cdpl_monitor.c:533: in cdpl_mn_connect(): debug: connecting to 152.14.99.207:35705
1743544496.217221: 50956-7ff37bfff700: cdpl_ipc.c:3789: in cdpl_ipc_connect(): info: connecting to 152.14.99.207:35705
1743544496.217285: 50956-7ff37bfff700: cdpl_ipc.c:3860: in cdpl_ipc_connect(): info: connected as `152.14.99.207:52392'
1743544496.217292: 50956-7ff37bfff700: cdpl_ipc.c:2503: in cdpl_ipc_host_accept(): debug: accepted host `152.14.99.207:35705'
1743544496.217307: 50956-7ff37bfff700: cdpl_monitor.c:579: in cdpl_mn_connect(): debug: ok
1743544496.217323: 50956-7ff3c4c5f540: cdpl_server.c:731: in cdpl_sv_new_job(): info: new job J1 in M1
1743544496.217340: 50956-7ff3c4c5f540: cdpl_compat_master.c:1581: in _add_worker(): info: new worker type 10, min:1, max:3, cmd:`/mnt/coe/workspace/ece/ece546-spr25/group8/group8_project/synopsys_custom/pwdp_jobs/saeSession0_HSPICEdefault2.SimulationSimulation_cdpl.0.50956/START_WORKER pw_worker -i /mnt/coe/workspace/ece/ece546-spr25/group8/gr
1743544496.217349: 50956-7ff3c4c5f540: cdpl_server.c:908: in cdpl_sv_new_bin_withfarm(): info: new bin B1 in J1
1743544496.217398: 50956-7ff38d262700: cdpl_ipc.c:1862: in _epoll_accept(): debug: new connection from `152.14.99.207:52392'
1743544496.217521: 50956-7ff38ca61700: cdpl_server_ipc.c:1225: in _sv_ipc_thread(): debug: received ACCEPT notification
1743544496.217549: 50956-7ff38ca61700: cdpl_ipc.c:2503: in cdpl_ipc_host_accept(): debug: accepted host `152.14.99.207:52392'
1743544496.217555: 50956-7ff38ca61700: cdpl_server_ipc.c:1256: in _sv_ipc_thread(): debug: received MONITOR message
1743544496.217623: 50956-7ff38ca61700: cdpl_monitor.c:1207: in cdpl_mn_accept(): debug: accepted monitor `152.14.99.207:52392'
1743544496.217626: 50956-7ff378ff9700: cdpl_monitor.c:910: in mn_systat(): debug: started
1743544496.217636: 50956-7ff38ca61700: cdpl_server_ipc_mon.c:120: in _globalLOCK(): debug: ENTERTING GLOBAL LOCK
1743544496.217640: 50956-7ff38ca61700: cdpl_server_ipc_mon.c:164: in _globalLOCK(): debug: global lock acquired
1743544496.217824: 50956-7ff378ff9700: cdpl_monitor.c:937: in mn_systat(): debug: monitor server flush rate: 5
1743544496.272158: 50956-7ff38ca61700: cdpl_server_ipc_mon.c:210: in _globalUNLOCK(): debug: LEAVING GLOBAL LOCK
1743544496.381876: 50956-7ff3c4c5f540: cdpl_server.c:3249: in cdpl_sv_start_job(): info: starting job J1
1743544496.381888: 50956-7ff3c4c5f540: cdpl_server.c:62: in _sv_start_bin(): debug: starting bin B1 (min: 0, max: 3)
1743544496.382049: 50956-7ff363fff700: cdpl_server_sched.c:2482: in _sv_scheduler_thread(): debug: scheduler for bin B1 started
1743544496.382071: 50956-7ff3c4c5f540: cdpl_server.c:1893: in _sv_gen_task(): info: new task T0 in B1 (prio 0)
1743544496.382091: 50956-7ff3c4c5f540: cdpl_server.c:2698: in cdpl_sv_label_task_va(): info: setting task T0 label to "HSPICE_1|HSPICE"
1743544496.382117: 50956-7ff363fff700: cdpl_server_sched.c:2443: in _scheduler_run(): debug: will start a new worker
1743544496.382138: 50956-7ff363fff700: cdpl_farm.c:3977: in cdpl_farm_submit(): debug: 1 running processes
1743544496.382140: 50956-7ff363fff700: cdpl_farm.c:3985: in cdpl_farm_submit(): debug: new command C1 in bin B1 assigned to host `localhost'
1743544496.382171: 50956-7ff363fff700: cdpl_server_sched.c:705: in _sv_launch_worker(): info: started worker W1 (as C1) in bin B1
1743544496.382177: 50956-7ff3637fe700: cdpl_farm.c:2139: in _schedule(): debug: started
1743544496.382181: 50956-7ff3637fe700: cdpl_farm.c:2303: in _schedule(): debug: submitting command C1 in bin B1
1743544496.382191: 50956-7ff3637fe700: cdpl_sh.c:49: in _sh_detached_submit(): info: SH : /mnt/coe/workspace/ece/ece546-spr25/group8/group8_project/synopsys_custom/pwdp_jobs/saeSession0_HSPICEdefault2.SimulationSimulation_cdpl.0.50956/START_WORKER pw_worker -i /mnt/coe/workspace/ece/ece546-spr25/group8/group8_project/synopsys_custom/pwdp_jobs/saeSession0_HSPICEdefault2.SimulationSimulation_cdpl.0.50956 -t 10000
1743544496.384840: 50956-7ff3637fe700: cdpl_farm.c:2343: in _schedule(): debug: C1 in bin B1 running on slot 0
1743544496.384853: 50956-7ff3637fe700: cdpl_farm.c:2167: in _schedule(): debug: idle
1743544496.505395: 50956-7ff3c4c5f540: cdpl_compat_master.c:5948: in cdplMasterLogInfo(): info: [non-CDPL log entry] PWDP3: reset pilot cache succeeded, pilot_key=saeSession0,1,HSPICE_default_2|&/mnt/coe/workspace/ece/ece546-spr25/group8/group8_project/simulation/group8,sram_6t_tb,schematic/history_1/simulation/HSPICE_default_2/HSPICE/nominal/results
1743544496.684915: 50956-7ff3637fe700: cdpl_farm.c:1193: in _onexit(): debug: C1 in bin B1 exited normally on slot 0
1743544497.464373: 50956-7ff379ffb700: cdpl_compat_master.c:5948: in cdplMasterLogInfo(): info: [non-CDPL log entry] PWDP - no-workers started ok check start!
1743544498.587529: 50956-7ff38d262700: cdpl_ipc.c:1862: in _epoll_accept(): debug: new connection from `152.14.99.207:43518'
1743544498.595647: 50956-7ff38ca61700: cdpl_server_ipc.c:1225: in _sv_ipc_thread(): debug: received ACCEPT notification
1743544498.595654: 50956-7ff38ca61700: cdpl_ipc.c:2503: in cdpl_ipc_host_accept(): debug: accepted host `152.14.99.207:43518'
1743544498.596095: 50956-7ff38ca61700: cdpl_server_ipc.c:1246: in _sv_ipc_thread(): debug: received HELLO message
1743544498.596097: 50956-7ff38ca61700: cdpl_server_ipc.c:430: in _sv_on_hello(): debug: looking up W1
1743544498.596099: 50956-7ff38ca61700: cdpl_server_ipc.c:540: in _sv_on_hello(): info: W1 is `152.14.99.207:43518'
1743544498.596100: 50956-7ff38ca61700: cdpl_server_ipc.c:541: in _sv_on_hello(): debug: hello W1 (B1)
1743544498.596101: 50956-7ff38ca61700: cdpl_server_ipc.c:542: in _sv_on_hello(): info: W1 log file is /dev/null
1743544498.596129: 50956-7ff38ca61700: cdpl_server_ipc.c:602: in _sv_on_hello(): info: up to 1 alive workers in B1
1743544498.596135: 50956-7ff38ca61700: cdpl_farm.c:878: in _release_cmd(): debug: freeing command C1 in bin B1
1743544498.596145: 50956-7ff363fff700: cdpl_server_sched.c:960: in _assign(): info: assigning task T0 to worker W1
1743544499.587745: 50956-7ff38ca61700: cdpl_server_ipc.c:312: in _sv_on_heartbeat(): debug: received HEARTBEAT from worker W1 at 152.14.99.207:43518
1743544501.285407: 50956-7ff37bfff700: cdpl_monitor.c:533: in cdpl_mn_connect(): debug: connecting to 152.14.99.207:46029
1743544501.285412: 50956-7ff37bfff700: cdpl_ipc.c:3789: in cdpl_ipc_connect(): info: connecting to 152.14.99.207:46029
1743544501.285506: 50956-7ff37bfff700: cdpl_ipc.c:3860: in cdpl_ipc_connect(): info: connected as `152.14.99.207:54296'
1743544501.285511: 50956-7ff37bfff700: cdpl_ipc.c:2503: in cdpl_ipc_host_accept(): debug: accepted host `152.14.99.207:46029'
1743544501.285514: 50956-7ff37bfff700: cdpl_monitor.c:579: in cdpl_mn_connect(): debug: ok
1743544501.876379: 50956-7ff38ca61700: cdpl_server_ipc.c:1268: in _sv_ipc_thread(): debug: received RELAY message
1743544501.876388: 50956-7ff38ca61700: cdpl_server_ipc.c:713: in _sv_on_relay(): debug: RELAY message from W1, size = 54
1743544501.876391: 50956-7ff38ca61700: cdpl_server_ipc.c:715: in _sv_on_relay(): debug: RELAY message from W1, content = 0$51492 wolfman.ece.ncsu.edu 51529 RUNNING 1743544501
1743544521.127311: 50956-7ff38ca61700: cdpl_server_ipc.c:1268: in _sv_ipc_thread(): debug: received RELAY message
1743544521.128843: 50956-7ff38ca61700: cdpl_server_ipc.c:713: in _sv_on_relay(): debug: RELAY message from W1, size = 48
1743544521.128846: 50956-7ff38ca61700: cdpl_server_ipc.c:715: in _sv_on_relay(): debug: RELAY message from W1, content = WORKERDU|1251,dc2isi00nfs.oit.ncsu.edu:/coe_nfs
1743544521.128850: 50956-7ff38ca61700: cdpl_server_ipc.c:1268: in _sv_ipc_thread(): debug: received RELAY message
1743544521.128851: 50956-7ff38ca61700: cdpl_server_ipc.c:713: in _sv_on_relay(): debug: RELAY message from W1, size = 202
1743544521.128852: 50956-7ff38ca61700: cdpl_server_ipc.c:715: in _sv_on_relay(): debug: RELAY message from W1, content = REQPILOT|saeSession0,1,HSPICE_default_2|&/mnt/coe/workspace/ece/ece546-spr25/group8/group8_project/simulation/group8,sram_6t_tb,schematic/history_1/simulation/HSPICE_default_2/HSPICE/nominal/results|&0
1743544521.128893: 50956-7ff37a7fc700: cdpl_compat_master.c:5948: in cdplMasterLogInfo(): info: [non-CDPL log entry] PWDP send back 'DOPILOT' to worker id:1 key: saeSession0,1,HSPICE_default_2|&/mnt/coe/workspace/ece/ece546-spr25/group8/group8_project/simulation/group8,sram_6t_tb,schematic/history_1/simulation/HSPICE_default_2/HSPICE/nominal/results
1743544521.136336: 50956-7ff37a7fc700: cdpl_compat_master.c:5948: in cdplMasterLogInfo(): info: [non-CDPL log entry] PWDP: set pilot doing!
1743544521.141795: 50956-7ff38ca61700: cdpl_server_ipc.c:1268: in _sv_ipc_thread(): debug: received RELAY message
1743544521.141800: 50956-7ff38ca61700: cdpl_server_ipc.c:713: in _sv_on_relay(): debug: RELAY message from W1, size = 198
1743544521.141801: 50956-7ff38ca61700: cdpl_server_ipc.c:715: in _sv_on_relay(): debug: RELAY message from W1, content = PILOTOK|saeSession0,1,HSPICE_default_2|&/mnt/coe/workspace/ece/ece546-spr25/group8/group8_project/simulation/group8,sram_6t_tb,schematic/history_1/simulation/HSPICE_default_2/HSPICE/nominal/results
1743544521.141805: 50956-7ff37a7fc700: cdpl_compat_master.c:5948: in cdplMasterLogInfo(): info: [non-CDPL log entry] PWDP: set pilot done!
1743544521.141932: 50956-7ff38ca61700: cdpl_server_ipc.c:1268: in _sv_ipc_thread(): debug: received RELAY message
1743544521.141933: 50956-7ff38ca61700: cdpl_server_ipc.c:713: in _sv_on_relay(): debug: RELAY message from W1, size = 18
1743544521.141934: 50956-7ff38ca61700: cdpl_server_ipc.c:715: in _sv_on_relay(): debug: RELAY message from W1, content = 0$- - - MEASDOING
1743544523.750593: 50956-7ff38ca61700: cdpl_server_ipc.c:1268: in _sv_ipc_thread(): debug: received RELAY message
1743544523.750601: 50956-7ff38ca61700: cdpl_server_ipc.c:713: in _sv_on_relay(): debug: RELAY message from W1, size = 66
1743544523.750603: 50956-7ff38ca61700: cdpl_server_ipc.c:715: in _sv_on_relay(): debug: RELAY message from W1, content = 0$51492 wolfman.ece.ncsu.edu 51529 FINISHED 1743544501|1743544523
1743544523.762384: 50956-7ff38ca61700: cdpl_server_ipc.c:1268: in _sv_ipc_thread(): debug: received RELAY message
1743544523.762385: 50956-7ff38ca61700: cdpl_server_ipc.c:713: in _sv_on_relay(): debug: RELAY message from W1, size = 200
1743544523.762386: 50956-7ff38ca61700: cdpl_server_ipc.c:715: in _sv_on_relay(): debug: RELAY message from W1, content = PILOTDONE|saeSession0,1,HSPICE_default_2|&/mnt/coe/workspace/ece/ece546-spr25/group8/group8_project/simulation/group8,sram_6t_tb,schematic/history_1/simulation/HSPICE_default_2/HSPICE/nominal/results
1743544523.762396: 50956-7ff37a7fc700: cdpl_compat_master.c:5948: in cdplMasterLogInfo(): info: [non-CDPL log entry] saeSession0,1,HSPICE_default_2|&/mnt/coe/workspace/ece/ece546-spr25/group8/group8_project/simulation/group8,sram_6t_tb,schematic/history_1/simulation/HSPICE_default_2/HSPICE/nominal/results PILOTDONE!
1743544523.776791: 50956-7ff38ca61700: cdpl_server_ipc.c:1251: in _sv_ipc_thread(): debug: received FINISH message
1743544523.776794: 50956-7ff38ca61700: cdpl_server_ipc.c:983: in _sv_on_finish(): info: worker W1 completed task T0
1743544523.776795: 50956-7ff38ca61700: cdpl_server_ipc.c:988: in _sv_on_finish(): debug: stat T0: utime=4275 stime=683
1743544523.776797: 50956-7ff38ca61700: cdpl_server_ipc.c:993: in _sv_on_finish(): debug: statm T0: vsize=3077824 rss=1061696 shared=519644 text=474784 data=732312
1743544523.798122: 50956-7ff38ca61700: cdpl_server_ipc.c:1268: in _sv_ipc_thread(): debug: received RELAY message
1743544523.798123: 50956-7ff38ca61700: cdpl_server_ipc.c:713: in _sv_on_relay(): debug: RELAY message from W1, size = 47
1743544523.798124: 50956-7ff38ca61700: cdpl_server_ipc.c:715: in _sv_on_relay(): debug: RELAY message from W1, content = WORKERDU|108,dc2isi00nfs.oit.ncsu.edu:/coe_nfs
1743544530.777843: 50956-7ff3c4c5f540: cdpl_server.c:3008: in cdpl_sv_halt_job_errno(): info: killing job J1
1743544530.780489: 50956-7ff3c4c5f540: cdpl_server.c:3044: in cdpl_sv_halt_job_errno(): debug: signal bin B1 scheduler to stop
1743544530.780498: 50956-7ff363fff700: cdpl_server_sched.c:2484: in _sv_scheduler_thread(): debug: scheduler for bin B1 stopped
1743544530.780513: 50956-7ff363fff700: cdpl_ipc.c:1657: in _host_drop__UNSAFE(): debug: dropping host `152.14.99.207:43518'
1743544530.780536: 50956-7ff363fff700: cdpl_server_sched.c:2830: in _sv_drop_worker(): info: down to 0 alive workers in B1
1743544530.780540: 50956-7ff363fff700: cdpl_farm.c:4152: in cdpl_farm_dismiss(): debug: down to 0 running processes
1743544530.780546: 50956-7ff363fff700: cdpl_server_sched.c:121: in _free_worker_2(): debug: freeing worker W1
1743544530.780553: 50956-7ff363fff700: cdpl_ipc.c:2513: in cdpl_ipc_host_release(): debug: releasing host `152.14.99.207:43518'
1743544530.780561: 50956-7ff3c4c5f540: cdpl_server.c:294: in _sv_free_job(): info: freeing job J1
1743544530.780563: 50956-7ff3c4c5f540: cdpl_server.c:92: in _sv_free_bin(): debug: freeing bin B1
1743544530.780567: 50956-7ff3c4c5f540: cdpl_server.c:184: in _sv_free_task(): debug: freeing task T0
1743544530.780572: 50956-7ff38ca61700: cdpl_server_ipc.c:1236: in _sv_ipc_thread(): debug: received DROP notification
1743544530.780588: 50956-7ff3c4c5f540: cdpl_monitor.c:515: in cdpl_mn_kill(): info: killing monitor
1743544530.780592: 50956-7ff3c4c5f540: cdpl_ipc.c:3677: in cdpl_ipc_kill(): debug: stopping event server
1743544530.780602: 50956-7ff37b7fe700: cdpl_ipc.c:2460: in _epoll_main(): debug: server going down...
1743544530.780620: 50956-7ff38d262700: cdpl_ipc.c:1582: in _host_free__UNSAFE(): debug: freeing host `152.14.99.207:43518'
1743544530.780625: 50956-7ff38d262700: cdpl_ipc.c:1621: in _host_free__UNSAFE(): debug: [0 outq, 0 spR, 0 spW]
1743544530.780628: 50956-7ff38d262700: cdpl_ipc.c:2386: in _epoll_main(): warning: received EPOLLERR/EPOLLHUP
1743544530.780638: 50956-7ff38d262700: cdpl_ipc.c:2286: in _check_socket_error(): info: socket: Broken pipe
1743544530.780640: 50956-7ff38d262700: cdpl_ipc.c:2302: in _check_socket_error(): info: socket SO_KEEPALIVE was enabled
1743544530.780642: 50956-7ff38d262700: cdpl_ipc.c:2320: in _check_socket_error(): info: TCP_KEEPIDLE=300 seconds TCP_KEEPINTVL=100 seconds TCP_KEEPCNT=3
1743544530.780643: 50956-7ff38d262700: cdpl_ipc.c:1657: in _host_drop__UNSAFE(): debug: dropping host `152.14.99.207:52392'
1743544530.780766: 50956-7ff38ca61700: cdpl_server_ipc.c:1236: in _sv_ipc_thread(): debug: received DROP notification
1743544530.780777: 50956-7ff38ca61700: cdpl_monitor.c:1269: in cdpl_mn_drop(): debug: detaching from monitor `152.14.99.207:52392'
1743544530.780781: 50956-7ff38ca61700: cdpl_monitor.c:1101: in mn_systat_stop(): debug: joining systat thread
1743544530.780859: 50956-7ff378ff9700: cdpl_monitor.c:1079: in mn_systat(): debug: exiting
1743544530.780881: 50956-7ff37bfff700: cdpl_ipc.c:3728: in cdpl_ipc_free(): debug: releasing IPC handle
1743544530.780885: 50956-7ff37bfff700: cdpl_ipc.c:1582: in _host_free__UNSAFE(): debug: freeing host `152.14.99.207:46029'
1743544530.780886: 50956-7ff37bfff700: cdpl_ipc.c:1621: in _host_free__UNSAFE(): debug: [0 outq, 0 spR, 0 spW]
1743544530.780892: 50956-7ff37bfff700: cdpl_ipc.c:1582: in _host_free__UNSAFE(): debug: freeing host `152.14.99.207:35705'
1743544530.780893: 50956-7ff37bfff700: cdpl_ipc.c:1621: in _host_free__UNSAFE(): debug: [0 outq, 0 spR, 0 spW]
1743544530.780897: 50956-7ff37bfff700: cdpl_ipc.c:3756: in cdpl_ipc_free(): warning: 2 host(s) were not released
1743544530.780903: 50956-7ff37bfff700: cdpl_ipc.c:3767: in cdpl_ipc_free(): debug: done
1743544530.780904: 50956-7ff37bfff700: cdpl_monitor.c:1390: in cdpl_mn_free(): debug: freeing monitor client
1743544530.780913: 50956-7ff38ca61700: cdpl_monitor.c:1103: in mn_systat_stop(): debug: systat thread done
1743544530.780920: 50956-7ff38ca61700: cdpl_ipc.c:2513: in cdpl_ipc_host_release(): debug: releasing host `152.14.99.207:52392'
1743544530.781059: 50956-7ff3c4c5f540: cdpl_farm.c:2740: in cdpl_farm_free(): info: freeing farm
1743544530.781068: 50956-7ff3637fe700: cdpl_farm.c:2231: in _schedule(): debug: end of idling
1743544530.781070: 50956-7ff3637fe700: cdpl_farm.c:2235: in _schedule(): debug: dying
1743544530.781087: 50956-7ff3c4c5f540: cdpl_farm.c:913: in _killall(): debug: killing all remaining commands
1743544530.781096: 50956-7ff3c4c5f540: cdpl_server.c:3144: in cdpl_sv_free(): info: freeing server S2144306483
1743544530.781104: 50956-7ff3c4c5f540: cdpl_server.c:3109: in cdpl_sv_kill_errno(): info: killing server
1743544530.781105: 50956-7ff3c4c5f540: cdpl_ipc.c:3677: in cdpl_ipc_kill(): debug: stopping event server
1743544530.781113: 50956-7ff38d262700: cdpl_ipc.c:2460: in _epoll_main(): debug: server going down...
1743544530.781161: 50956-7ff38ca61700: cdpl_server_ipc.c:1200: in _sv_ipc_thread(): debug: leaving now
1743544530.781169: 50956-7ff3c4c5f540: cdpl_server.c:334: in _sv_free_master(): info: freeing master M1
1743544530.781172: 50956-7ff3c4c5f540: cdpl_hash.c:68: in cdpl_h_destroy(): debug: put operations: 1
1743544530.781173: 50956-7ff3c4c5f540: cdpl_hash.c:69: in cdpl_h_destroy(): debug: put collisions: 0
1743544530.781174: 50956-7ff3c4c5f540: cdpl_hash.c:70: in cdpl_h_destroy(): debug: get operations: 1
1743544530.781174: 50956-7ff3c4c5f540: cdpl_hash.c:71: in cdpl_h_destroy(): debug: get iterations: 1
1743544530.781179: 50956-7ff3c4c5f540: cdpl_monitor.c:1390: in cdpl_mn_free(): debug: freeing monitor server
1743544530.781180: 50956-7ff3c4c5f540: cdpl_ipc.c:3728: in cdpl_ipc_free(): debug: releasing IPC handle
1743544530.781181: 50956-7ff3c4c5f540: cdpl_ipc.c:1582: in _host_free__UNSAFE(): debug: freeing host `152.14.99.207:52392'
1743544530.781181: 50956-7ff3c4c5f540: cdpl_ipc.c:1621: in _host_free__UNSAFE(): debug: [0 outq, 0 spR, 0 spW]
1743544530.781191: 50956-7ff3c4c5f540: cdpl_ipc.c:3767: in cdpl_ipc_free(): debug: done
1743544530.781194: 50956-7ff3c4c5f540: cdpl_log.c:481: in cdpl_log_close(): info: @@end_of_log@@
