1743799500.800536: 283370-7f34bfe26540: cdpl_log.c:337: in cdpl_log_open(): info: @@start_of_log@@
1743799500.800611: 283370-7f34bfe26540: cdpl_log.c:1058: in cdpl_log_dump_sysinfo(): info: time: 2025/04/04 16:45:00 EDT -0400
1743799500.800621: 283370-7f34bfe26540: cdpl_log.c:1060: in cdpl_log_dump_sysinfo(): info: version: W-2024.09-SP1-2 
1743799500.800627: 283370-7f34bfe26540: cdpl_log.c:1062: in cdpl_log_dump_sysinfo(): info: system: Linux 4.18.0-553.46.1.el8_10.x86_64 #1 SMP Sat Mar 15 01:37:33 EDT 2025
1743799500.800632: 283370-7f34bfe26540: cdpl_log.c:1067: in cdpl_log_dump_sysinfo(): info: processor: x86_64 64-bits
1743799500.800637: 283370-7f34bfe26540: cdpl_log.c:1071: in cdpl_log_dump_sysinfo(): info: hostname: grendel41.ece.ncsu.edu
1743799500.800642: 283370-7f34bfe26540: cdpl_log.c:1073: in cdpl_log_dump_sysinfo(): info: program name: custom_shell
1743799500.800653: 283370-7f34bfe26540: cdpl_log.c:340: in cdpl_log_open(): debug: path: /mnt/coe/workspace/ece/ece546-spr25/group8/group8_project/synopsys_custom/pwdp_jobs/saeSession0_HSPICEdefault.SimulationSimulation_cdpl.0.283370/logs/master.grendel41.ece.ncsu.edu.283370.log
1743799500.800659: 283370-7f34bfe26540: cdpl_log.c:341: in cdpl_log_open(): debug: dir: /mnt/coe/workspace/ece/ece546-spr25/group8/group8_project/synopsys_custom/pwdp_jobs/saeSession0_HSPICEdefault.SimulationSimulation_cdpl.0.283370/logs
1743799500.800760: 283370-7f34bfe26540: cdpl_server.c:536: in cdpl_sv_init(): info: new server S1418037253
1743799500.800782: 283370-7f34bfe26540: cdpl_ipc.c:3475: in cdpl_ipc_init(): info: requesting IPv4 protocol
1743799500.804633: 283370-7f34bfe26540: cdpl_ipc.c:837: in _selectaddrfamily(): info: selected IPv4 protocol
1743799500.804694: 283370-7f34bfe26540: cdpl_ipc.c:1139: in _set_keepalive(): info: TCP keep alive interval: 300
1743799500.807738: 283370-7f34bfe26540: cdpl_monitor.c:1117: in cdpl_mn_new_server(): info: creating server monitor instance
1743799500.807784: 283370-7f34bfe26540: cdpl_server.c:650: in cdpl_sv_new_master(): info: new master M1
1743799500.807814: 283370-7f34bfe26540: cdpl_server.c:6533: in cdpl_sv_ctl_master(): info: Setting worker heartbeat to 120 seconds
1743799500.807821: 283370-7f34bfe26540: cdpl_server.c:6542: in cdpl_sv_ctl_master(): info: Setting worker heartbeat timeout to 3 heartbeats
1743799500.807829: 283370-7f34bfe26540: cdpl_compat_master.c:2090: in _parse_hostfile(): info: reading hostfile `/mnt/coe/workspace/ece/ece546-spr25/group8/group8_project/synopsys_custom/pwdp_jobs/saeSession0_HSPICEdefault.SimulationSimulation_cdpl.0.283370/host_file'
1743799500.812062: 283370-7f34bfe26540: cdpl_compat_master.c:1900: in _hostfile_parser(): debug: parsing "1     |localhost|   -1  | /tmp | SH | sh"
1743799500.812111: 283370-7f34bfe26540: cdpl_farm.c:2578: in cdpl_farm_new_sh(): info: creating SH farm on localhost
1743799500.812132: 283370-7f34bfe26540: cdpl_compat_master.c:206: in _set_farm_env(): info: exporting CDPL_LOGDIR as `/mnt/coe/workspace/ece/ece546-spr25/group8/group8_project/synopsys_custom/pwdp_jobs/saeSession0_HSPICEdefault.SimulationSimulation_cdpl.0.283370/logs'
1743799500.812139: 283370-7f34bfe26540: cdpl_compat_master.c:212: in _set_farm_env(): info: exporting CDPL_TMPDIR as `/tmp'
1743799500.812145: 283370-7f34bfe26540: cdpl_compat_master.c:219: in _set_farm_env(): info: exporting CDPL_HOME as `/mnt/apps/public/COE/synopsys_apps/hspice/W-2024.09-SP1/hspice/cdpl'
1743799500.812152: 283370-7f34bfe26540: cdpl_compat_master.c:235: in _set_farm_env(): info: exporting SNPSLMD_LICENSE_FILE as `27000@ece-lic-35.ece.ncsu.edu'
1743799500.812159: 283370-7f34bfe26540: cdpl_compat_master.c:259: in _set_farm_env(): info: exporting CDPL_OPTIONS as `[nowlogs]'
1743799500.812164: 283370-7f34bfe26540: cdpl_compat_master.c:266: in _set_farm_env(): info: exporting DISPLAY as `unix:9668'
1743799500.812169: 283370-7f34bfe26540: cdpl_compat_master.c:274: in _set_farm_env(): info: exporting CDPL_HEARTBEAT as `120'
1743799500.812208: 283370-7f34bfe26540: cdpl_farm.c:3149: in cdpl_farm_add_withdir(): debug: added `localhost' (capacity: unlimited)
1743799500.812226: 283370-7f34bfe26540: cdpl_compat_parse.c:147: in parsefile(): debug: read `/mnt/coe/workspace/ece/ece546-spr25/group8/group8_project/synopsys_custom/pwdp_jobs/saeSession0_HSPICEdefault.SimulationSimulation_cdpl.0.283370/host_file', 2 lines
1743799500.812234: 283370-7f34bfe26540: cdpl_compat_master.c:2931: in cdplInitMaster(): info: bcast dir is `/mnt/coe/workspace/ece/ece546-spr25/group8/group8_project/synopsys_custom/pwdp_jobs/saeSession0_HSPICEdefault.SimulationSimulation_cdpl.0.283370/logs'
1743799500.815601: 283370-7f34bfe26540: cdpl_server.c:6433: in cdpl_sv_ctl_master(): info: farm worker timeout set to 300
1743799500.815608: 283370-7f34bfe26540: cdpl_server.c:6486: in cdpl_sv_ctl_master(): info: maximum number of task execution attempts set to 1
1743799500.815663: 283370-7f34bfe26540: cdpl_server.c:3195: in cdpl_sv_start(): debug: starting server
1743799500.815678: 283370-7f34bfe26540: cdpl_ipc.c:3632: in cdpl_ipc_start(): debug: starting IPC server 152.14.98.56:39661
1743799500.816224: 283370-7f34949f2700: cdpl_server_ipc.c:1182: in _sv_ipc_thread(): debug: ready
1743799500.816642: 283370-7f3483fff700: cdpl_monitor.c:426: in cdpl_mn_init_client(): info: creating client monitor instance
1743799500.816694: 283370-7f3483fff700: cdpl_ipc.c:3475: in cdpl_ipc_init(): info: requesting IPv4 protocol
1743799500.821048: 283370-7f3483fff700: cdpl_ipc.c:837: in _selectaddrfamily(): info: selected IPv4 protocol
1743799500.821082: 283370-7f3483fff700: cdpl_ipc.c:1139: in _set_keepalive(): info: TCP keep alive interval: 300
1743799500.824273: 283370-7f3483fff700: cdpl_ipc.c:3632: in cdpl_ipc_start(): debug: starting IPC server 152.14.98.56:38049
1743799500.824642: 283370-7f3483fff700: cdpl_monitor.c:471: in cdpl_mn_init_client(): debug: incoming messages in /tmp/cdpl-monitor-RsfjJR
1743799500.824883: 283370-7f3483fff700: cdpl_monitor.c:533: in cdpl_mn_connect(): debug: connecting to 152.14.98.56:39661
1743799500.824901: 283370-7f3483fff700: cdpl_ipc.c:3789: in cdpl_ipc_connect(): info: connecting to 152.14.98.56:39661
1743799500.825149: 283370-7f3483fff700: cdpl_ipc.c:3860: in cdpl_ipc_connect(): info: connected as `152.14.98.56:38226'
1743799500.825182: 283370-7f3483fff700: cdpl_ipc.c:2503: in cdpl_ipc_host_accept(): debug: accepted host `152.14.98.56:39661'
1743799500.825205: 283370-7f34951f3700: cdpl_ipc.c:1862: in _epoll_accept(): debug: new connection from `152.14.98.56:38226'
1743799500.825256: 283370-7f3483fff700: cdpl_monitor.c:579: in cdpl_mn_connect(): debug: ok
1743799500.825321: 283370-7f34949f2700: cdpl_server_ipc.c:1225: in _sv_ipc_thread(): debug: received ACCEPT notification
1743799500.825330: 283370-7f34bfe26540: cdpl_server.c:731: in cdpl_sv_new_job(): info: new job J1 in M1
1743799500.825346: 283370-7f34949f2700: cdpl_ipc.c:2503: in cdpl_ipc_host_accept(): debug: accepted host `152.14.98.56:38226'
1743799500.825374: 283370-7f34949f2700: cdpl_server_ipc.c:1256: in _sv_ipc_thread(): debug: received MONITOR message
1743799500.825397: 283370-7f34bfe26540: cdpl_compat_master.c:1581: in _add_worker(): info: new worker type 10, min:1, max:3, cmd:`/mnt/coe/workspace/ece/ece546-spr25/group8/group8_project/synopsys_custom/pwdp_jobs/saeSession0_HSPICEdefault.SimulationSimulation_cdpl.0.283370/START_WORKER pw_worker -i /mnt/coe/workspace/ece/ece546-spr25/group8/gr
1743799500.825438: 283370-7f34bfe26540: cdpl_server.c:908: in cdpl_sv_new_bin_withfarm(): info: new bin B1 in J1
1743799500.825674: 283370-7f34949f2700: cdpl_monitor.c:1207: in cdpl_mn_accept(): debug: accepted monitor `152.14.98.56:38226'
1743799500.825684: 283370-7f34949f2700: cdpl_server_ipc_mon.c:120: in _globalLOCK(): debug: ENTERTING GLOBAL LOCK
1743799500.825691: 283370-7f34949f2700: cdpl_server_ipc_mon.c:164: in _globalLOCK(): debug: global lock acquired
1743799500.825743: 283370-7f34827fc700: cdpl_monitor.c:910: in mn_systat(): debug: started
1743799500.826441: 283370-7f34827fc700: cdpl_monitor.c:937: in mn_systat(): debug: monitor server flush rate: 5
1743799502.581338: 283370-7f34949f2700: cdpl_server_ipc_mon.c:210: in _globalUNLOCK(): debug: LEAVING GLOBAL LOCK
1743799502.581473: 283370-7f34bfe26540: cdpl_server.c:3249: in cdpl_sv_start_job(): info: starting job J1
1743799502.581543: 283370-7f34bfe26540: cdpl_server.c:62: in _sv_start_bin(): debug: starting bin B1 (min: 0, max: 3)
1743799502.582165: 283370-7f346bfff700: cdpl_server_sched.c:2482: in _sv_scheduler_thread(): debug: scheduler for bin B1 started
1743799502.582301: 283370-7f34bfe26540: cdpl_server.c:1893: in _sv_gen_task(): info: new task T0 in B1 (prio 0)
1743799502.582403: 283370-7f34bfe26540: cdpl_server.c:2698: in cdpl_sv_label_task_va(): info: setting task T0 label to "HSPICE_1|HSPICE"
1743799502.582516: 283370-7f346bfff700: cdpl_server_sched.c:2443: in _scheduler_run(): debug: will start a new worker
1743799502.582643: 283370-7f346bfff700: cdpl_farm.c:3977: in cdpl_farm_submit(): debug: 1 running processes
1743799502.582652: 283370-7f346bfff700: cdpl_farm.c:3985: in cdpl_farm_submit(): debug: new command C1 in bin B1 assigned to host `localhost'
1743799502.582871: 283370-7f346bfff700: cdpl_server_sched.c:705: in _sv_launch_worker(): info: started worker W1 (as C1) in bin B1
1743799502.583017: 283370-7f346b7fe700: cdpl_farm.c:2139: in _schedule(): debug: started
1743799502.583047: 283370-7f346b7fe700: cdpl_farm.c:2303: in _schedule(): debug: submitting command C1 in bin B1
1743799502.583092: 283370-7f346b7fe700: cdpl_sh.c:49: in _sh_detached_submit(): info: SH : /mnt/coe/workspace/ece/ece546-spr25/group8/group8_project/synopsys_custom/pwdp_jobs/saeSession0_HSPICEdefault.SimulationSimulation_cdpl.0.283370/START_WORKER pw_worker -i /mnt/coe/workspace/ece/ece546-spr25/group8/group8_project/synopsys_custom/pwdp_jobs/saeSession0_HSPICEdefault.SimulationSimulation_cdpl.0.283370 -t 10000
1743799502.592577: 283370-7f346b7fe700: cdpl_farm.c:2343: in _schedule(): debug: C1 in bin B1 running on slot 0
1743799502.592608: 283370-7f346b7fe700: cdpl_farm.c:2167: in _schedule(): debug: idle
1743799502.892736: 283370-7f346b7fe700: cdpl_farm.c:1193: in _onexit(): debug: C1 in bin B1 exited normally on slot 0
1743799504.250218: 283370-7f34817fa700: cdpl_compat_master.c:5948: in cdplMasterLogInfo(): info: [non-CDPL log entry] PWDP - no-workers started ok check start!
1743799505.772118: 283370-7f34bfe26540: cdpl_compat_master.c:5948: in cdplMasterLogInfo(): info: [non-CDPL log entry] PWDP3: reset pilot cache succeeded, pilot_key=saeSession0,1,HSPICE_default|&/mnt/coe/workspace/ece/ece546-spr25/group8/group8_project/simulation/group8,tb2025,schematic/history_1/simulation/HSPICE_default/HSPICE/nominal/results
1743799506.599367: 283370-7f34951f3700: cdpl_ipc.c:1862: in _epoll_accept(): debug: new connection from `152.14.98.56:51428'
1743799506.599596: 283370-7f34949f2700: cdpl_server_ipc.c:1225: in _sv_ipc_thread(): debug: received ACCEPT notification
1743799506.599641: 283370-7f34949f2700: cdpl_ipc.c:2503: in cdpl_ipc_host_accept(): debug: accepted host `152.14.98.56:51428'
1743799506.599831: 283370-7f34949f2700: cdpl_server_ipc.c:1246: in _sv_ipc_thread(): debug: received HELLO message
1743799506.599837: 283370-7f34949f2700: cdpl_server_ipc.c:430: in _sv_on_hello(): debug: looking up W1
1743799506.599845: 283370-7f34949f2700: cdpl_server_ipc.c:540: in _sv_on_hello(): info: W1 is `152.14.98.56:51428'
1743799506.599850: 283370-7f34949f2700: cdpl_server_ipc.c:541: in _sv_on_hello(): debug: hello W1 (B1)
1743799506.599855: 283370-7f34949f2700: cdpl_server_ipc.c:542: in _sv_on_hello(): info: W1 log file is /dev/null
1743799506.599984: 283370-7f34949f2700: cdpl_server_ipc.c:602: in _sv_on_hello(): info: up to 1 alive workers in B1
1743799506.600013: 283370-7f34949f2700: cdpl_farm.c:878: in _release_cmd(): debug: freeing command C1 in bin B1
1743799506.600074: 283370-7f346bfff700: cdpl_server_sched.c:960: in _assign(): info: assigning task T0 to worker W1
1743799507.600602: 283370-7f34949f2700: cdpl_server_ipc.c:312: in _sv_on_heartbeat(): debug: received HEARTBEAT from worker W1 at 152.14.98.56:51428
1743799510.804848: 283370-7f34949f2700: cdpl_server_ipc.c:1268: in _sv_ipc_thread(): debug: received RELAY message
1743799510.804867: 283370-7f34949f2700: cdpl_server_ipc.c:713: in _sv_on_relay(): debug: RELAY message from W1, size = 58
1743799510.804873: 283370-7f34949f2700: cdpl_server_ipc.c:715: in _sv_on_relay(): debug: RELAY message from W1, content = 0$286037 grendel41.ece.ncsu.edu 286452 RUNNING 1743799510
1743799510.898958: 283370-7f3483fff700: cdpl_monitor.c:533: in cdpl_mn_connect(): debug: connecting to 152.14.98.56:36103
1743799510.898981: 283370-7f3483fff700: cdpl_ipc.c:3789: in cdpl_ipc_connect(): info: connecting to 152.14.98.56:36103
1743799510.899206: 283370-7f3483fff700: cdpl_ipc.c:3860: in cdpl_ipc_connect(): info: connected as `152.14.98.56:46176'
1743799510.899225: 283370-7f3483fff700: cdpl_ipc.c:2503: in cdpl_ipc_host_accept(): debug: accepted host `152.14.98.56:36103'
1743799510.899238: 283370-7f3483fff700: cdpl_monitor.c:579: in cdpl_mn_connect(): debug: ok
1743799529.122450: 283370-7f34949f2700: cdpl_server_ipc.c:1268: in _sv_ipc_thread(): debug: received RELAY message
1743799529.123806: 283370-7f34949f2700: cdpl_server_ipc.c:713: in _sv_on_relay(): debug: RELAY message from W1, size = 48
1743799529.123818: 283370-7f34949f2700: cdpl_server_ipc.c:715: in _sv_on_relay(): debug: RELAY message from W1, content = WORKERDU|1572,dc2isi00nfs.oit.ncsu.edu:/coe_nfs
1743799529.123833: 283370-7f34949f2700: cdpl_server_ipc.c:1268: in _sv_ipc_thread(): debug: received RELAY message
1743799529.123839: 283370-7f34949f2700: cdpl_server_ipc.c:713: in _sv_on_relay(): debug: RELAY message from W1, size = 194
1743799529.123844: 283370-7f34949f2700: cdpl_server_ipc.c:715: in _sv_on_relay(): debug: RELAY message from W1, content = REQPILOT|saeSession0,1,HSPICE_default|&/mnt/coe/workspace/ece/ece546-spr25/group8/group8_project/simulation/group8,tb2025,schematic/history_1/simulation/HSPICE_default/HSPICE/nominal/results|&0
1743799529.124012: 283370-7f3481ffb700: cdpl_compat_master.c:5948: in cdplMasterLogInfo(): info: [non-CDPL log entry] PWDP send back 'DOPILOT' to worker id:1 key: saeSession0,1,HSPICE_default|&/mnt/coe/workspace/ece/ece546-spr25/group8/group8_project/simulation/group8,tb2025,schematic/history_1/simulation/HSPICE_default/HSPICE/nominal/results
1743799529.129522: 283370-7f3481ffb700: cdpl_compat_master.c:5948: in cdplMasterLogInfo(): info: [non-CDPL log entry] PWDP: set pilot doing!
1743799529.141938: 283370-7f34949f2700: cdpl_server_ipc.c:1268: in _sv_ipc_thread(): debug: received RELAY message
1743799529.141948: 283370-7f34949f2700: cdpl_server_ipc.c:713: in _sv_on_relay(): debug: RELAY message from W1, size = 190
1743799529.141954: 283370-7f34949f2700: cdpl_server_ipc.c:715: in _sv_on_relay(): debug: RELAY message from W1, content = PILOTOK|saeSession0,1,HSPICE_default|&/mnt/coe/workspace/ece/ece546-spr25/group8/group8_project/simulation/group8,tb2025,schematic/history_1/simulation/HSPICE_default/HSPICE/nominal/results
1743799529.141984: 283370-7f3481ffb700: cdpl_compat_master.c:5948: in cdplMasterLogInfo(): info: [non-CDPL log entry] PWDP: set pilot done!
1743799529.142146: 283370-7f34949f2700: cdpl_server_ipc.c:1268: in _sv_ipc_thread(): debug: received RELAY message
1743799529.142152: 283370-7f34949f2700: cdpl_server_ipc.c:713: in _sv_on_relay(): debug: RELAY message from W1, size = 18
1743799529.142157: 283370-7f34949f2700: cdpl_server_ipc.c:715: in _sv_on_relay(): debug: RELAY message from W1, content = 0$- - - MEASDOING
1743799532.153299: 283370-7f34949f2700: cdpl_server_ipc.c:1268: in _sv_ipc_thread(): debug: received RELAY message
1743799532.153336: 283370-7f34949f2700: cdpl_server_ipc.c:713: in _sv_on_relay(): debug: RELAY message from W1, size = 70
1743799532.153347: 283370-7f34949f2700: cdpl_server_ipc.c:715: in _sv_on_relay(): debug: RELAY message from W1, content = 0$286037 grendel41.ece.ncsu.edu 286452 FINISHED 1743799510|1743799532
1743799532.169824: 283370-7f34949f2700: cdpl_server_ipc.c:1268: in _sv_ipc_thread(): debug: received RELAY message
1743799532.169830: 283370-7f34949f2700: cdpl_server_ipc.c:713: in _sv_on_relay(): debug: RELAY message from W1, size = 192
1743799532.169836: 283370-7f34949f2700: cdpl_server_ipc.c:715: in _sv_on_relay(): debug: RELAY message from W1, content = PILOTDONE|saeSession0,1,HSPICE_default|&/mnt/coe/workspace/ece/ece546-spr25/group8/group8_project/simulation/group8,tb2025,schematic/history_1/simulation/HSPICE_default/HSPICE/nominal/results
1743799532.169983: 283370-7f3481ffb700: cdpl_compat_master.c:5948: in cdplMasterLogInfo(): info: [non-CDPL log entry] saeSession0,1,HSPICE_default|&/mnt/coe/workspace/ece/ece546-spr25/group8/group8_project/simulation/group8,tb2025,schematic/history_1/simulation/HSPICE_default/HSPICE/nominal/results PILOTDONE!
1743799532.183766: 283370-7f34949f2700: cdpl_server_ipc.c:1251: in _sv_ipc_thread(): debug: received FINISH message
1743799532.185096: 283370-7f34949f2700: cdpl_server_ipc.c:983: in _sv_on_finish(): info: worker W1 completed task T0
1743799532.185105: 283370-7f34949f2700: cdpl_server_ipc.c:988: in _sv_on_finish(): debug: stat T0: utime=16201 stime=4510
1743799532.185112: 283370-7f34949f2700: cdpl_server_ipc.c:993: in _sv_on_finish(): debug: statm T0: vsize=2868224 rss=1061036 shared=519748 text=474784 data=733488
1743799532.210204: 283370-7f34bfe26540: cdpl_server.c:227: in _sv_free_task_safe(): debug: freeing task T0
1743799532.211376: 283370-7f34949f2700: cdpl_server_ipc.c:1268: in _sv_ipc_thread(): debug: received RELAY message
1743799532.211406: 283370-7f34949f2700: cdpl_server_ipc.c:713: in _sv_on_relay(): debug: RELAY message from W1, size = 47
1743799532.211414: 283370-7f34949f2700: cdpl_server_ipc.c:715: in _sv_on_relay(): debug: RELAY message from W1, content = WORKERDU|108,dc2isi00nfs.oit.ncsu.edu:/coe_nfs
1743799536.755369: 283370-7f34bfe26540: cdpl_server.c:3008: in cdpl_sv_halt_job_errno(): info: killing job J1
1743799536.756544: 283370-7f34bfe26540: cdpl_server.c:3044: in cdpl_sv_halt_job_errno(): debug: signal bin B1 scheduler to stop
1743799536.756664: 283370-7f346bfff700: cdpl_server_sched.c:2484: in _sv_scheduler_thread(): debug: scheduler for bin B1 stopped
1743799536.756743: 283370-7f346bfff700: cdpl_ipc.c:1657: in _host_drop__UNSAFE(): debug: dropping host `152.14.98.56:51428'
1743799536.756855: 283370-7f346bfff700: cdpl_server_sched.c:2830: in _sv_drop_worker(): info: down to 0 alive workers in B1
1743799536.756868: 283370-7f34949f2700: cdpl_server_ipc.c:1236: in _sv_ipc_thread(): debug: received DROP notification
1743799536.756906: 283370-7f346bfff700: cdpl_farm.c:4152: in cdpl_farm_dismiss(): debug: down to 0 running processes
1743799536.756948: 283370-7f346bfff700: cdpl_server_sched.c:121: in _free_worker_2(): debug: freeing worker W1
1743799536.756978: 283370-7f346bfff700: cdpl_ipc.c:2513: in cdpl_ipc_host_release(): debug: releasing host `152.14.98.56:51428'
1743799536.756984: 283370-7f346bfff700: cdpl_ipc.c:2529: in cdpl_ipc_host_release(): debug: scheduling for immediate release
1743799536.757009: 283370-7f34bfe26540: cdpl_server.c:294: in _sv_free_job(): info: freeing job J1
1743799536.757013: 283370-7f34bfe26540: cdpl_server.c:92: in _sv_free_bin(): debug: freeing bin B1
1743799536.757064: 283370-7f34bfe26540: cdpl_monitor.c:515: in cdpl_mn_kill(): info: killing monitor
1743799536.757073: 283370-7f34bfe26540: cdpl_ipc.c:3677: in cdpl_ipc_kill(): debug: stopping event server
1743799536.757093: 283370-7f34837fe700: cdpl_ipc.c:2460: in _epoll_main(): debug: server going down...
1743799536.757124: 283370-7f34951f3700: cdpl_ipc.c:775: in _readv(): warning: read(): EOF
1743799536.757163: 283370-7f34951f3700: cdpl_ipc.c:2100: in _epoll_recv(): debug: _readv(): Broken pipe
1743799536.757166: 283370-7f34951f3700: cdpl_ipc.c:2424: in _epoll_main(): debug: _epoll_recv(): Broken pipe
1743799536.757170: 283370-7f34951f3700: cdpl_ipc.c:1657: in _host_drop__UNSAFE(): debug: dropping host `152.14.98.56:38226'
1743799536.757209: 283370-7f34951f3700: cdpl_ipc.c:1582: in _host_free__UNSAFE(): debug: freeing host `152.14.98.56:51428'
1743799536.757212: 283370-7f34951f3700: cdpl_ipc.c:1621: in _host_free__UNSAFE(): debug: [0 outq, 0 spR, 0 spW]
1743799536.757226: 283370-7f34949f2700: cdpl_server_ipc.c:1236: in _sv_ipc_thread(): debug: received DROP notification
1743799536.757270: 283370-7f34949f2700: cdpl_monitor.c:1269: in cdpl_mn_drop(): debug: detaching from monitor `152.14.98.56:38226'
1743799536.757280: 283370-7f34949f2700: cdpl_monitor.c:1101: in mn_systat_stop(): debug: joining systat thread
1743799536.757450: 283370-7f34827fc700: cdpl_monitor.c:1079: in mn_systat(): debug: exiting
1743799536.757485: 283370-7f34949f2700: cdpl_monitor.c:1103: in mn_systat_stop(): debug: systat thread done
1743799536.757492: 283370-7f34949f2700: cdpl_ipc.c:2513: in cdpl_ipc_host_release(): debug: releasing host `152.14.98.56:38226'
1743799536.757848: 283370-7f3483fff700: cdpl_ipc.c:3728: in cdpl_ipc_free(): debug: releasing IPC handle
1743799536.757869: 283370-7f3483fff700: cdpl_ipc.c:1582: in _host_free__UNSAFE(): debug: freeing host `152.14.98.56:36103'
1743799536.757878: 283370-7f3483fff700: cdpl_ipc.c:1621: in _host_free__UNSAFE(): debug: [0 outq, 0 spR, 0 spW]
1743799536.757907: 283370-7f3483fff700: cdpl_ipc.c:1582: in _host_free__UNSAFE(): debug: freeing host `152.14.98.56:39661'
1743799536.757913: 283370-7f3483fff700: cdpl_ipc.c:1621: in _host_free__UNSAFE(): debug: [0 outq, 0 spR, 0 spW]
1743799536.757928: 283370-7f3483fff700: cdpl_ipc.c:3756: in cdpl_ipc_free(): warning: 2 host(s) were not released
1743799536.757956: 283370-7f3483fff700: cdpl_ipc.c:3767: in cdpl_ipc_free(): debug: done
1743799536.757961: 283370-7f3483fff700: cdpl_monitor.c:1390: in cdpl_mn_free(): debug: freeing monitor client
1743799536.758276: 283370-7f34bfe26540: cdpl_farm.c:2740: in cdpl_farm_free(): info: freeing farm
1743799536.758306: 283370-7f346b7fe700: cdpl_farm.c:2231: in _schedule(): debug: end of idling
1743799536.758328: 283370-7f346b7fe700: cdpl_farm.c:2235: in _schedule(): debug: dying
1743799536.758415: 283370-7f34bfe26540: cdpl_farm.c:913: in _killall(): debug: killing all remaining commands
1743799536.758431: 283370-7f34bfe26540: cdpl_server.c:3144: in cdpl_sv_free(): info: freeing server S1418037253
1743799536.758450: 283370-7f34bfe26540: cdpl_server.c:3109: in cdpl_sv_kill_errno(): info: killing server
1743799536.758452: 283370-7f34bfe26540: cdpl_ipc.c:3677: in cdpl_ipc_kill(): debug: stopping event server
1743799536.758462: 283370-7f34951f3700: cdpl_ipc.c:2460: in _epoll_main(): debug: server going down...
1743799536.758467: 283370-7f34949f2700: cdpl_server_ipc.c:1200: in _sv_ipc_thread(): debug: leaving now
1743799536.758479: 283370-7f34bfe26540: cdpl_server.c:334: in _sv_free_master(): info: freeing master M1
1743799536.758489: 283370-7f34bfe26540: cdpl_hash.c:68: in cdpl_h_destroy(): debug: put operations: 1
1743799536.758491: 283370-7f34bfe26540: cdpl_hash.c:69: in cdpl_h_destroy(): debug: put collisions: 0
1743799536.758493: 283370-7f34bfe26540: cdpl_hash.c:70: in cdpl_h_destroy(): debug: get operations: 1
1743799536.758495: 283370-7f34bfe26540: cdpl_hash.c:71: in cdpl_h_destroy(): debug: get iterations: 1
1743799536.758504: 283370-7f34bfe26540: cdpl_monitor.c:1390: in cdpl_mn_free(): debug: freeing monitor server
1743799536.758507: 283370-7f34bfe26540: cdpl_ipc.c:3728: in cdpl_ipc_free(): debug: releasing IPC handle
1743799536.758510: 283370-7f34bfe26540: cdpl_ipc.c:1582: in _host_free__UNSAFE(): debug: freeing host `152.14.98.56:38226'
1743799536.758512: 283370-7f34bfe26540: cdpl_ipc.c:1621: in _host_free__UNSAFE(): debug: [0 outq, 0 spR, 0 spW]
1743799536.758529: 283370-7f34bfe26540: cdpl_ipc.c:3767: in cdpl_ipc_free(): debug: done
1743799536.758537: 283370-7f34bfe26540: cdpl_log.c:481: in cdpl_log_close(): info: @@end_of_log@@
