1743701400.539924: 25117-7fae1f6b4540: cdpl_log.c:337: in cdpl_log_open(): info: @@start_of_log@@
1743701400.539941: 25117-7fae1f6b4540: cdpl_log.c:1058: in cdpl_log_dump_sysinfo(): info: time: 2025/04/03 13:30:00 EDT -0400
1743701400.539943: 25117-7fae1f6b4540: cdpl_log.c:1060: in cdpl_log_dump_sysinfo(): info: version: W-2024.09-SP1-2 
1743701400.539945: 25117-7fae1f6b4540: cdpl_log.c:1062: in cdpl_log_dump_sysinfo(): info: system: Linux 4.18.0-553.46.1.el8_10.x86_64 #1 SMP Sat Mar 15 01:37:33 EDT 2025
1743701400.539946: 25117-7fae1f6b4540: cdpl_log.c:1067: in cdpl_log_dump_sysinfo(): info: processor: x86_64 64-bits
1743701400.539947: 25117-7fae1f6b4540: cdpl_log.c:1071: in cdpl_log_dump_sysinfo(): info: hostname: viper.ece.ncsu.edu
1743701400.539948: 25117-7fae1f6b4540: cdpl_log.c:1073: in cdpl_log_dump_sysinfo(): info: program name: custom_shell
1743701400.539950: 25117-7fae1f6b4540: cdpl_log.c:340: in cdpl_log_open(): debug: path: /mnt/coe/workspace/ece/ece546-spr25/group8/group8_project/synopsys_custom/pwdp_jobs/saeSession0_HSPICEdefault.SimulationSimulation_cdpl.0.25117/logs/master.viper.ece.ncsu.edu.25117.log
1743701400.539951: 25117-7fae1f6b4540: cdpl_log.c:341: in cdpl_log_open(): debug: dir: /mnt/coe/workspace/ece/ece546-spr25/group8/group8_project/synopsys_custom/pwdp_jobs/saeSession0_HSPICEdefault.SimulationSimulation_cdpl.0.25117/logs
1743701400.542612: 25117-7fae1f6b4540: cdpl_server.c:536: in cdpl_sv_init(): info: new server S1102892761
1743701400.542620: 25117-7fae1f6b4540: cdpl_ipc.c:3475: in cdpl_ipc_init(): info: requesting IPv4 protocol
1743701400.548650: 25117-7fae1f6b4540: cdpl_ipc.c:837: in _selectaddrfamily(): info: selected IPv4 protocol
1743701400.548666: 25117-7fae1f6b4540: cdpl_ipc.c:1139: in _set_keepalive(): info: TCP keep alive interval: 300
1743701400.553147: 25117-7fae1f6b4540: cdpl_monitor.c:1117: in cdpl_mn_new_server(): info: creating server monitor instance
1743701400.553161: 25117-7fae1f6b4540: cdpl_server.c:650: in cdpl_sv_new_master(): info: new master M1
1743701400.553169: 25117-7fae1f6b4540: cdpl_server.c:6533: in cdpl_sv_ctl_master(): info: Setting worker heartbeat to 120 seconds
1743701400.553170: 25117-7fae1f6b4540: cdpl_server.c:6542: in cdpl_sv_ctl_master(): info: Setting worker heartbeat timeout to 3 heartbeats
1743701400.553172: 25117-7fae1f6b4540: cdpl_compat_master.c:2090: in _parse_hostfile(): info: reading hostfile `/mnt/coe/workspace/ece/ece546-spr25/group8/group8_project/synopsys_custom/pwdp_jobs/saeSession0_HSPICEdefault.SimulationSimulation_cdpl.0.25117/host_file'
1743701400.557659: 25117-7fae1f6b4540: cdpl_compat_master.c:1900: in _hostfile_parser(): debug: parsing "1     |localhost|   -1  | /tmp | SH | sh"
1743701400.557672: 25117-7fae1f6b4540: cdpl_farm.c:2578: in cdpl_farm_new_sh(): info: creating SH farm on localhost
1743701400.557677: 25117-7fae1f6b4540: cdpl_compat_master.c:206: in _set_farm_env(): info: exporting CDPL_LOGDIR as `/mnt/coe/workspace/ece/ece546-spr25/group8/group8_project/synopsys_custom/pwdp_jobs/saeSession0_HSPICEdefault.SimulationSimulation_cdpl.0.25117/logs'
1743701400.557679: 25117-7fae1f6b4540: cdpl_compat_master.c:212: in _set_farm_env(): info: exporting CDPL_TMPDIR as `/tmp'
1743701400.557681: 25117-7fae1f6b4540: cdpl_compat_master.c:219: in _set_farm_env(): info: exporting CDPL_HOME as `/mnt/apps/public/COE/synopsys_apps/hspice/W-2024.09-SP1/hspice/cdpl'
1743701400.557682: 25117-7fae1f6b4540: cdpl_compat_master.c:235: in _set_farm_env(): info: exporting SNPSLMD_LICENSE_FILE as `27000@ece-lic-35.ece.ncsu.edu'
1743701400.557684: 25117-7fae1f6b4540: cdpl_compat_master.c:259: in _set_farm_env(): info: exporting CDPL_OPTIONS as `[nowlogs]'
1743701400.557685: 25117-7fae1f6b4540: cdpl_compat_master.c:266: in _set_farm_env(): info: exporting DISPLAY as `unix:6548'
1743701400.557686: 25117-7fae1f6b4540: cdpl_compat_master.c:274: in _set_farm_env(): info: exporting CDPL_HEARTBEAT as `120'
1743701400.557698: 25117-7fae1f6b4540: cdpl_farm.c:3149: in cdpl_farm_add_withdir(): debug: added `localhost' (capacity: unlimited)
1743701400.557699: 25117-7fae1f6b4540: cdpl_compat_parse.c:147: in parsefile(): debug: read `/mnt/coe/workspace/ece/ece546-spr25/group8/group8_project/synopsys_custom/pwdp_jobs/saeSession0_HSPICEdefault.SimulationSimulation_cdpl.0.25117/host_file', 2 lines
1743701400.557703: 25117-7fae1f6b4540: cdpl_compat_master.c:2931: in cdplInitMaster(): info: bcast dir is `/mnt/coe/workspace/ece/ece546-spr25/group8/group8_project/synopsys_custom/pwdp_jobs/saeSession0_HSPICEdefault.SimulationSimulation_cdpl.0.25117/logs'
1743701400.561220: 25117-7fae1f6b4540: cdpl_server.c:6433: in cdpl_sv_ctl_master(): info: farm worker timeout set to 300
1743701400.561221: 25117-7fae1f6b4540: cdpl_server.c:6486: in cdpl_sv_ctl_master(): info: maximum number of task execution attempts set to 1
1743701400.561236: 25117-7fae1f6b4540: cdpl_server.c:3195: in cdpl_sv_start(): debug: starting server
1743701400.561239: 25117-7fae1f6b4540: cdpl_ipc.c:3632: in cdpl_ipc_start(): debug: starting IPC server 152.14.99.205:43407
1743701400.561327: 25117-7faddf2c5700: cdpl_server_ipc.c:1182: in _sv_ipc_thread(): debug: ready
1743701400.561391: 25117-7faddeac4700: cdpl_monitor.c:426: in cdpl_mn_init_client(): info: creating client monitor instance
1743701400.561399: 25117-7faddeac4700: cdpl_ipc.c:3475: in cdpl_ipc_init(): info: requesting IPv4 protocol
1743701400.565526: 25117-7faddeac4700: cdpl_ipc.c:837: in _selectaddrfamily(): info: selected IPv4 protocol
1743701400.565534: 25117-7faddeac4700: cdpl_ipc.c:1139: in _set_keepalive(): info: TCP keep alive interval: 300
1743701400.568570: 25117-7faddeac4700: cdpl_ipc.c:3632: in cdpl_ipc_start(): debug: starting IPC server 152.14.99.205:34613
1743701400.568660: 25117-7faddeac4700: cdpl_monitor.c:471: in cdpl_mn_init_client(): debug: incoming messages in /tmp/cdpl-monitor-CGCyox
1743701400.568707: 25117-7faddeac4700: cdpl_monitor.c:533: in cdpl_mn_connect(): debug: connecting to 152.14.99.205:43407
1743701400.568712: 25117-7faddeac4700: cdpl_ipc.c:3789: in cdpl_ipc_connect(): info: connecting to 152.14.99.205:43407
1743701400.568779: 25117-7faddeac4700: cdpl_ipc.c:3860: in cdpl_ipc_connect(): info: connected as `152.14.99.205:50108'
1743701400.568787: 25117-7faddeac4700: cdpl_ipc.c:2503: in cdpl_ipc_host_accept(): debug: accepted host `152.14.99.205:43407'
1743701400.568790: 25117-7faddfac6700: cdpl_ipc.c:1862: in _epoll_accept(): debug: new connection from `152.14.99.205:50108'
1743701400.568806: 25117-7faddeac4700: cdpl_monitor.c:579: in cdpl_mn_connect(): debug: ok
1743701400.568817: 25117-7faddf2c5700: cdpl_server_ipc.c:1225: in _sv_ipc_thread(): debug: received ACCEPT notification
1743701400.568822: 25117-7faddf2c5700: cdpl_ipc.c:2503: in cdpl_ipc_host_accept(): debug: accepted host `152.14.99.205:50108'
1743701400.568826: 25117-7fae1f6b4540: cdpl_server.c:731: in cdpl_sv_new_job(): info: new job J1 in M1
1743701400.568829: 25117-7faddf2c5700: cdpl_server_ipc.c:1256: in _sv_ipc_thread(): debug: received MONITOR message
1743701400.568846: 25117-7fae1f6b4540: cdpl_compat_master.c:1581: in _add_worker(): info: new worker type 10, min:1, max:3, cmd:`/mnt/coe/workspace/ece/ece546-spr25/group8/group8_project/synopsys_custom/pwdp_jobs/saeSession0_HSPICEdefault.SimulationSimulation_cdpl.0.25117/START_WORKER pw_worker -i /mnt/coe/workspace/ece/ece546-spr25/group8/gro
1743701400.568857: 25117-7fae1f6b4540: cdpl_server.c:908: in cdpl_sv_new_bin_withfarm(): info: new bin B1 in J1
1743701400.568907: 25117-7faddf2c5700: cdpl_monitor.c:1207: in cdpl_mn_accept(): debug: accepted monitor `152.14.99.205:50108'
1743701400.568910: 25117-7faddf2c5700: cdpl_server_ipc_mon.c:120: in _globalLOCK(): debug: ENTERTING GLOBAL LOCK
1743701400.568911: 25117-7faddf2c5700: cdpl_server_ipc_mon.c:164: in _globalLOCK(): debug: global lock acquired
1743701400.568916: 25117-7faddd2c1700: cdpl_monitor.c:910: in mn_systat(): debug: started
1743701400.569229: 25117-7faddd2c1700: cdpl_monitor.c:937: in mn_systat(): debug: monitor server flush rate: 5
1743701400.627433: 25117-7faddf2c5700: cdpl_server_ipc_mon.c:210: in _globalUNLOCK(): debug: LEAVING GLOBAL LOCK
1743701400.748846: 25117-7fae1f6b4540: cdpl_server.c:3249: in cdpl_sv_start_job(): info: starting job J1
1743701400.748859: 25117-7fae1f6b4540: cdpl_server.c:62: in _sv_start_bin(): debug: starting bin B1 (min: 0, max: 3)
1743701400.748924: 25117-7fadcaffd700: cdpl_server_sched.c:2482: in _sv_scheduler_thread(): debug: scheduler for bin B1 started
1743701400.748934: 25117-7fae1f6b4540: cdpl_server.c:1893: in _sv_gen_task(): info: new task T0 in B1 (prio 0)
1743701400.748954: 25117-7fae1f6b4540: cdpl_server.c:2698: in cdpl_sv_label_task_va(): info: setting task T0 label to "HSPICE_1|HSPICE"
1743701400.748980: 25117-7fadcaffd700: cdpl_server_sched.c:2443: in _scheduler_run(): debug: will start a new worker
1743701400.749000: 25117-7fadcaffd700: cdpl_farm.c:3977: in cdpl_farm_submit(): debug: 1 running processes
1743701400.749002: 25117-7fadcaffd700: cdpl_farm.c:3985: in cdpl_farm_submit(): debug: new command C1 in bin B1 assigned to host `localhost'
1743701400.749039: 25117-7fadcaffd700: cdpl_server_sched.c:705: in _sv_launch_worker(): info: started worker W1 (as C1) in bin B1
1743701400.749047: 25117-7fadca7fc700: cdpl_farm.c:2139: in _schedule(): debug: started
1743701400.749052: 25117-7fadca7fc700: cdpl_farm.c:2303: in _schedule(): debug: submitting command C1 in bin B1
1743701400.749062: 25117-7fadca7fc700: cdpl_sh.c:49: in _sh_detached_submit(): info: SH : /mnt/coe/workspace/ece/ece546-spr25/group8/group8_project/synopsys_custom/pwdp_jobs/saeSession0_HSPICEdefault.SimulationSimulation_cdpl.0.25117/START_WORKER pw_worker -i /mnt/coe/workspace/ece/ece546-spr25/group8/group8_project/synopsys_custom/pwdp_jobs/saeSession0_HSPICEdefault.SimulationSimulation_cdpl.0.25117 -t 10000
1743701400.751976: 25117-7fadca7fc700: cdpl_farm.c:2343: in _schedule(): debug: C1 in bin B1 running on slot 0
1743701400.751991: 25117-7fadca7fc700: cdpl_farm.c:2167: in _schedule(): debug: idle
1743701400.861893: 25117-7fae1f6b4540: cdpl_compat_master.c:5948: in cdplMasterLogInfo(): info: [non-CDPL log entry] PWDP3: reset pilot cache succeeded, pilot_key=saeSession0,1,HSPICE_default|&/mnt/coe/workspace/ece/ece546-spr25/group8/group8_project/simulation/group8,SRAM_8x4_array,schematic/history_1/simulation/HSPICE_default/HSPICE/nominal/results
1743701401.052057: 25117-7fadca7fc700: cdpl_farm.c:1193: in _onexit(): debug: C1 in bin B1 exited normally on slot 0
1743701401.853728: 25117-7fadcbfff700: cdpl_compat_master.c:5948: in cdplMasterLogInfo(): info: [non-CDPL log entry] PWDP - no-workers started ok check start!
1743701402.626088: 25117-7faddfac6700: cdpl_ipc.c:1862: in _epoll_accept(): debug: new connection from `152.14.99.205:50124'
1743701402.626125: 25117-7faddf2c5700: cdpl_server_ipc.c:1225: in _sv_ipc_thread(): debug: received ACCEPT notification
1743701402.626152: 25117-7faddf2c5700: cdpl_ipc.c:2503: in cdpl_ipc_host_accept(): debug: accepted host `152.14.99.205:50124'
1743701402.626204: 25117-7faddf2c5700: cdpl_server_ipc.c:1246: in _sv_ipc_thread(): debug: received HELLO message
1743701402.626205: 25117-7faddf2c5700: cdpl_server_ipc.c:430: in _sv_on_hello(): debug: looking up W1
1743701402.626206: 25117-7faddf2c5700: cdpl_server_ipc.c:540: in _sv_on_hello(): info: W1 is `152.14.99.205:50124'
1743701402.626207: 25117-7faddf2c5700: cdpl_server_ipc.c:541: in _sv_on_hello(): debug: hello W1 (B1)
1743701402.626208: 25117-7faddf2c5700: cdpl_server_ipc.c:542: in _sv_on_hello(): info: W1 log file is /dev/null
1743701402.626232: 25117-7faddf2c5700: cdpl_server_ipc.c:602: in _sv_on_hello(): info: up to 1 alive workers in B1
1743701402.626236: 25117-7faddf2c5700: cdpl_farm.c:878: in _release_cmd(): debug: freeing command C1 in bin B1
1743701402.626244: 25117-7fadcaffd700: cdpl_server_sched.c:960: in _assign(): info: assigning task T0 to worker W1
1743701403.626415: 25117-7faddf2c5700: cdpl_server_ipc.c:312: in _sv_on_heartbeat(): debug: received HEARTBEAT from worker W1 at 152.14.99.205:50124
1743701405.324511: 25117-7faddf2c5700: cdpl_server_ipc.c:1268: in _sv_ipc_thread(): debug: received RELAY message
1743701405.324517: 25117-7faddf2c5700: cdpl_server_ipc.c:713: in _sv_on_relay(): debug: RELAY message from W1, size = 52
1743701405.324520: 25117-7faddf2c5700: cdpl_server_ipc.c:715: in _sv_on_relay(): debug: RELAY message from W1, content = 0$26022 viper.ece.ncsu.edu 26054 RUNNING 1743701404
1743701405.635263: 25117-7faddeac4700: cdpl_monitor.c:533: in cdpl_mn_connect(): debug: connecting to 152.14.99.205:34587
1743701405.635267: 25117-7faddeac4700: cdpl_ipc.c:3789: in cdpl_ipc_connect(): info: connecting to 152.14.99.205:34587
1743701405.635338: 25117-7faddeac4700: cdpl_ipc.c:3860: in cdpl_ipc_connect(): info: connected as `152.14.99.205:50820'
1743701405.635342: 25117-7faddeac4700: cdpl_ipc.c:2503: in cdpl_ipc_host_accept(): debug: accepted host `152.14.99.205:34587'
1743701405.635343: 25117-7faddeac4700: cdpl_monitor.c:579: in cdpl_mn_connect(): debug: ok
1743701420.897380: 25117-7faddf2c5700: cdpl_server_ipc.c:1268: in _sv_ipc_thread(): debug: received RELAY message
1743701420.898577: 25117-7faddf2c5700: cdpl_server_ipc.c:713: in _sv_on_relay(): debug: RELAY message from W1, size = 47
1743701420.898579: 25117-7faddf2c5700: cdpl_server_ipc.c:715: in _sv_on_relay(): debug: RELAY message from W1, content = WORKERDU|970,dc2isi00nfs.oit.ncsu.edu:/coe_nfs
1743701420.898706: 25117-7faddf2c5700: cdpl_server_ipc.c:1268: in _sv_ipc_thread(): debug: received RELAY message
1743701420.898707: 25117-7faddf2c5700: cdpl_server_ipc.c:713: in _sv_on_relay(): debug: RELAY message from W1, size = 202
1743701420.898708: 25117-7faddf2c5700: cdpl_server_ipc.c:715: in _sv_on_relay(): debug: RELAY message from W1, content = REQPILOT|saeSession0,1,HSPICE_default|&/mnt/coe/workspace/ece/ece546-spr25/group8/group8_project/simulation/group8,SRAM_8x4_array,schematic/history_1/simulation/HSPICE_default/HSPICE/nominal/results|&0
1743701420.898761: 25117-7faddcac0700: cdpl_compat_master.c:5948: in cdplMasterLogInfo(): info: [non-CDPL log entry] PWDP send back 'DOPILOT' to worker id:1 key: saeSession0,1,HSPICE_default|&/mnt/coe/workspace/ece/ece546-spr25/group8/group8_project/simulation/group8,SRAM_8x4_array,schematic/history_1/simulation/HSPICE_default/HSPICE/nominal/results
1743701420.903378: 25117-7faddcac0700: cdpl_compat_master.c:5948: in cdplMasterLogInfo(): info: [non-CDPL log entry] PWDP: set pilot doing!
1743701420.915183: 25117-7faddf2c5700: cdpl_server_ipc.c:1268: in _sv_ipc_thread(): debug: received RELAY message
1743701420.915189: 25117-7faddf2c5700: cdpl_server_ipc.c:713: in _sv_on_relay(): debug: RELAY message from W1, size = 198
1743701420.915194: 25117-7faddf2c5700: cdpl_server_ipc.c:715: in _sv_on_relay(): debug: RELAY message from W1, content = PILOTOK|saeSession0,1,HSPICE_default|&/mnt/coe/workspace/ece/ece546-spr25/group8/group8_project/simulation/group8,SRAM_8x4_array,schematic/history_1/simulation/HSPICE_default/HSPICE/nominal/results
1743701420.915217: 25117-7faddcac0700: cdpl_compat_master.c:5948: in cdplMasterLogInfo(): info: [non-CDPL log entry] PWDP: set pilot done!
1743701420.915241: 25117-7faddf2c5700: cdpl_server_ipc.c:1268: in _sv_ipc_thread(): debug: received RELAY message
1743701420.915242: 25117-7faddf2c5700: cdpl_server_ipc.c:713: in _sv_on_relay(): debug: RELAY message from W1, size = 18
1743701420.915243: 25117-7faddf2c5700: cdpl_server_ipc.c:715: in _sv_on_relay(): debug: RELAY message from W1, content = 0$- - - MEASDOING
1743701423.832944: 25117-7faddf2c5700: cdpl_server_ipc.c:1268: in _sv_ipc_thread(): debug: received RELAY message
1743701423.832951: 25117-7faddf2c5700: cdpl_server_ipc.c:713: in _sv_on_relay(): debug: RELAY message from W1, size = 64
1743701423.832954: 25117-7faddf2c5700: cdpl_server_ipc.c:715: in _sv_on_relay(): debug: RELAY message from W1, content = 0$26022 viper.ece.ncsu.edu 26054 FINISHED 1743701404|1743701423
1743701423.843785: 25117-7faddf2c5700: cdpl_server_ipc.c:1268: in _sv_ipc_thread(): debug: received RELAY message
1743701423.843787: 25117-7faddf2c5700: cdpl_server_ipc.c:713: in _sv_on_relay(): debug: RELAY message from W1, size = 200
1743701423.843788: 25117-7faddf2c5700: cdpl_server_ipc.c:715: in _sv_on_relay(): debug: RELAY message from W1, content = PILOTDONE|saeSession0,1,HSPICE_default|&/mnt/coe/workspace/ece/ece546-spr25/group8/group8_project/simulation/group8,SRAM_8x4_array,schematic/history_1/simulation/HSPICE_default/HSPICE/nominal/results
1743701423.843796: 25117-7faddcac0700: cdpl_compat_master.c:5948: in cdplMasterLogInfo(): info: [non-CDPL log entry] saeSession0,1,HSPICE_default|&/mnt/coe/workspace/ece/ece546-spr25/group8/group8_project/simulation/group8,SRAM_8x4_array,schematic/history_1/simulation/HSPICE_default/HSPICE/nominal/results PILOTDONE!
1743701423.857829: 25117-7faddf2c5700: cdpl_server_ipc.c:1251: in _sv_ipc_thread(): debug: received FINISH message
1743701423.857831: 25117-7faddf2c5700: cdpl_server_ipc.c:983: in _sv_on_finish(): info: worker W1 completed task T0
1743701423.857832: 25117-7faddf2c5700: cdpl_server_ipc.c:988: in _sv_on_finish(): debug: stat T0: utime=4082 stime=692
1743701423.857834: 25117-7faddf2c5700: cdpl_server_ipc.c:993: in _sv_on_finish(): debug: statm T0: vsize=3079196 rss=1065524 shared=519252 text=474784 data=733932
1743701423.875465: 25117-7faddf2c5700: cdpl_server_ipc.c:1268: in _sv_ipc_thread(): debug: received RELAY message
1743701423.875470: 25117-7faddf2c5700: cdpl_server_ipc.c:713: in _sv_on_relay(): debug: RELAY message from W1, size = 47
1743701423.875471: 25117-7faddf2c5700: cdpl_server_ipc.c:715: in _sv_on_relay(): debug: RELAY message from W1, content = WORKERDU|204,dc2isi00nfs.oit.ncsu.edu:/coe_nfs
1743701427.882520: 25117-7fae1f6b4540: cdpl_server.c:3008: in cdpl_sv_halt_job_errno(): info: killing job J1
1743701427.883840: 25117-7fae1f6b4540: cdpl_server.c:3044: in cdpl_sv_halt_job_errno(): debug: signal bin B1 scheduler to stop
1743701427.883846: 25117-7fadcaffd700: cdpl_server_sched.c:2484: in _sv_scheduler_thread(): debug: scheduler for bin B1 stopped
1743701427.883860: 25117-7fadcaffd700: cdpl_ipc.c:1657: in _host_drop__UNSAFE(): debug: dropping host `152.14.99.205:50124'
1743701427.883880: 25117-7fadcaffd700: cdpl_server_sched.c:2830: in _sv_drop_worker(): info: down to 0 alive workers in B1
1743701427.883883: 25117-7faddf2c5700: cdpl_server_ipc.c:1236: in _sv_ipc_thread(): debug: received DROP notification
1743701427.883888: 25117-7fadcaffd700: cdpl_farm.c:4152: in cdpl_farm_dismiss(): debug: down to 0 running processes
1743701427.883897: 25117-7fadcaffd700: cdpl_server_sched.c:121: in _free_worker_2(): debug: freeing worker W1
1743701427.883904: 25117-7fadcaffd700: cdpl_ipc.c:2513: in cdpl_ipc_host_release(): debug: releasing host `152.14.99.205:50124'
1743701427.883918: 25117-7fae1f6b4540: cdpl_server.c:294: in _sv_free_job(): info: freeing job J1
1743701427.883919: 25117-7fae1f6b4540: cdpl_server.c:92: in _sv_free_bin(): debug: freeing bin B1
1743701427.883922: 25117-7fae1f6b4540: cdpl_server.c:184: in _sv_free_task(): debug: freeing task T0
1743701427.883940: 25117-7fae1f6b4540: cdpl_monitor.c:515: in cdpl_mn_kill(): info: killing monitor
1743701427.883944: 25117-7fae1f6b4540: cdpl_ipc.c:3677: in cdpl_ipc_kill(): debug: stopping event server
1743701427.883951: 25117-7fadde2c3700: cdpl_ipc.c:2460: in _epoll_main(): debug: server going down...
1743701427.883969: 25117-7faddfac6700: cdpl_ipc.c:1582: in _host_free__UNSAFE(): debug: freeing host `152.14.99.205:50124'
1743701427.883973: 25117-7faddfac6700: cdpl_ipc.c:1621: in _host_free__UNSAFE(): debug: [0 outq, 0 spR, 0 spW]
1743701427.883976: 25117-7faddfac6700: cdpl_ipc.c:2386: in _epoll_main(): warning: received EPOLLERR/EPOLLHUP
1743701427.883984: 25117-7faddfac6700: cdpl_ipc.c:2286: in _check_socket_error(): info: socket: Broken pipe
1743701427.883986: 25117-7faddfac6700: cdpl_ipc.c:2302: in _check_socket_error(): info: socket SO_KEEPALIVE was enabled
1743701427.883987: 25117-7faddfac6700: cdpl_ipc.c:2320: in _check_socket_error(): info: TCP_KEEPIDLE=300 seconds TCP_KEEPINTVL=100 seconds TCP_KEEPCNT=3
1743701427.883990: 25117-7faddfac6700: cdpl_ipc.c:1657: in _host_drop__UNSAFE(): debug: dropping host `152.14.99.205:50108'
1743701427.883999: 25117-7faddf2c5700: cdpl_server_ipc.c:1236: in _sv_ipc_thread(): debug: received DROP notification
1743701427.884004: 25117-7faddf2c5700: cdpl_monitor.c:1269: in cdpl_mn_drop(): debug: detaching from monitor `152.14.99.205:50108'
1743701427.884006: 25117-7faddf2c5700: cdpl_monitor.c:1101: in mn_systat_stop(): debug: joining systat thread
1743701427.884018: 25117-7faddd2c1700: cdpl_monitor.c:1079: in mn_systat(): debug: exiting
1743701427.884023: 25117-7faddf2c5700: cdpl_monitor.c:1103: in mn_systat_stop(): debug: systat thread done
1743701427.884025: 25117-7faddf2c5700: cdpl_ipc.c:2513: in cdpl_ipc_host_release(): debug: releasing host `152.14.99.205:50108'
1743701427.886482: 25117-7faddeac4700: cdpl_ipc.c:3728: in cdpl_ipc_free(): debug: releasing IPC handle
1743701427.886485: 25117-7faddeac4700: cdpl_ipc.c:1582: in _host_free__UNSAFE(): debug: freeing host `152.14.99.205:34587'
1743701427.886487: 25117-7faddeac4700: cdpl_ipc.c:1621: in _host_free__UNSAFE(): debug: [0 outq, 0 spR, 0 spW]
1743701427.886492: 25117-7faddeac4700: cdpl_ipc.c:1582: in _host_free__UNSAFE(): debug: freeing host `152.14.99.205:43407'
1743701427.886492: 25117-7faddeac4700: cdpl_ipc.c:1621: in _host_free__UNSAFE(): debug: [0 outq, 0 spR, 0 spW]
1743701427.886495: 25117-7faddeac4700: cdpl_ipc.c:3756: in cdpl_ipc_free(): warning: 2 host(s) were not released
1743701427.886500: 25117-7faddeac4700: cdpl_ipc.c:3767: in cdpl_ipc_free(): debug: done
1743701427.886501: 25117-7faddeac4700: cdpl_monitor.c:1390: in cdpl_mn_free(): debug: freeing monitor client
1743701427.886542: 25117-7fae1f6b4540: cdpl_farm.c:2740: in cdpl_farm_free(): info: freeing farm
1743701427.886593: 25117-7fadca7fc700: cdpl_farm.c:2231: in _schedule(): debug: end of idling
1743701427.886598: 25117-7fadca7fc700: cdpl_farm.c:2235: in _schedule(): debug: dying
1743701427.886624: 25117-7fae1f6b4540: cdpl_farm.c:913: in _killall(): debug: killing all remaining commands
1743701427.886631: 25117-7fae1f6b4540: cdpl_server.c:3144: in cdpl_sv_free(): info: freeing server S1102892761
1743701427.886639: 25117-7fae1f6b4540: cdpl_server.c:3109: in cdpl_sv_kill_errno(): info: killing server
1743701427.886640: 25117-7fae1f6b4540: cdpl_ipc.c:3677: in cdpl_ipc_kill(): debug: stopping event server
1743701427.886645: 25117-7faddfac6700: cdpl_ipc.c:2460: in _epoll_main(): debug: server going down...
1743701427.886648: 25117-7faddf2c5700: cdpl_server_ipc.c:1200: in _sv_ipc_thread(): debug: leaving now
1743701427.886651: 25117-7fae1f6b4540: cdpl_server.c:334: in _sv_free_master(): info: freeing master M1
1743701427.886654: 25117-7fae1f6b4540: cdpl_hash.c:68: in cdpl_h_destroy(): debug: put operations: 1
1743701427.886655: 25117-7fae1f6b4540: cdpl_hash.c:69: in cdpl_h_destroy(): debug: put collisions: 0
1743701427.886656: 25117-7fae1f6b4540: cdpl_hash.c:70: in cdpl_h_destroy(): debug: get operations: 1
1743701427.886657: 25117-7fae1f6b4540: cdpl_hash.c:71: in cdpl_h_destroy(): debug: get iterations: 1
1743701427.886663: 25117-7fae1f6b4540: cdpl_monitor.c:1390: in cdpl_mn_free(): debug: freeing monitor server
1743701427.886664: 25117-7fae1f6b4540: cdpl_ipc.c:3728: in cdpl_ipc_free(): debug: releasing IPC handle
1743701427.886665: 25117-7fae1f6b4540: cdpl_ipc.c:1582: in _host_free__UNSAFE(): debug: freeing host `152.14.99.205:50108'
1743701427.886666: 25117-7fae1f6b4540: cdpl_ipc.c:1621: in _host_free__UNSAFE(): debug: [0 outq, 0 spR, 0 spW]
1743701427.886671: 25117-7fae1f6b4540: cdpl_ipc.c:3767: in cdpl_ipc_free(): debug: done
1743701427.886674: 25117-7fae1f6b4540: cdpl_log.c:481: in cdpl_log_close(): info: @@end_of_log@@
