1744319577.160348: 1412611-7f5b0ed8a540: cdpl_log.c:337: in cdpl_log_open(): info: @@start_of_log@@
1744319577.160407: 1412611-7f5b0ed8a540: cdpl_log.c:1058: in cdpl_log_dump_sysinfo(): info: time: 2025/04/10 17:12:57 EDT -0400
1744319577.160414: 1412611-7f5b0ed8a540: cdpl_log.c:1060: in cdpl_log_dump_sysinfo(): info: version: W-2024.09-SP1-2 
1744319577.160417: 1412611-7f5b0ed8a540: cdpl_log.c:1062: in cdpl_log_dump_sysinfo(): info: system: Linux 4.18.0-553.46.1.el8_10.x86_64 #1 SMP Sat Mar 15 01:37:33 EDT 2025
1744319577.160421: 1412611-7f5b0ed8a540: cdpl_log.c:1067: in cdpl_log_dump_sysinfo(): info: processor: x86_64 64-bits
1744319577.160424: 1412611-7f5b0ed8a540: cdpl_log.c:1071: in cdpl_log_dump_sysinfo(): info: hostname: hydra11.ece.ncsu.edu
1744319577.160427: 1412611-7f5b0ed8a540: cdpl_log.c:1073: in cdpl_log_dump_sysinfo(): info: program name: custom_shell
1744319577.160439: 1412611-7f5b0ed8a540: cdpl_log.c:340: in cdpl_log_open(): debug: path: /mnt/coe/workspace/ece/ece546-spr25/group8/group8_project/synopsys_custom/pwdp_jobs/saeSession0_default.SimulationSimulation_cdpl.0.1412611/logs/master.hydra11.ece.ncsu.edu.1412611.log
1744319577.160443: 1412611-7f5b0ed8a540: cdpl_log.c:341: in cdpl_log_open(): debug: dir: /mnt/coe/workspace/ece/ece546-spr25/group8/group8_project/synopsys_custom/pwdp_jobs/saeSession0_default.SimulationSimulation_cdpl.0.1412611/logs
1744319577.160515: 1412611-7f5b0ed8a540: cdpl_server.c:536: in cdpl_sv_init(): info: new server S975398963
1744319577.160531: 1412611-7f5b0ed8a540: cdpl_ipc.c:3475: in cdpl_ipc_init(): info: requesting IPv4 protocol
1744319577.164334: 1412611-7f5b0ed8a540: cdpl_ipc.c:837: in _selectaddrfamily(): info: selected IPv4 protocol
1744319577.164395: 1412611-7f5b0ed8a540: cdpl_ipc.c:1139: in _set_keepalive(): info: TCP keep alive interval: 300
1744319577.167374: 1412611-7f5b0ed8a540: cdpl_monitor.c:1117: in cdpl_mn_new_server(): info: creating server monitor instance
1744319577.167414: 1412611-7f5b0ed8a540: cdpl_server.c:650: in cdpl_sv_new_master(): info: new master M1
1744319577.167447: 1412611-7f5b0ed8a540: cdpl_server.c:6533: in cdpl_sv_ctl_master(): info: Setting worker heartbeat to 120 seconds
1744319577.167452: 1412611-7f5b0ed8a540: cdpl_server.c:6542: in cdpl_sv_ctl_master(): info: Setting worker heartbeat timeout to 3 heartbeats
1744319577.167457: 1412611-7f5b0ed8a540: cdpl_compat_master.c:2090: in _parse_hostfile(): info: reading hostfile `/mnt/coe/workspace/ece/ece546-spr25/group8/group8_project/synopsys_custom/pwdp_jobs/saeSession0_default.SimulationSimulation_cdpl.0.1412611/host_file'
1744319577.170525: 1412611-7f5b0ed8a540: cdpl_compat_master.c:1900: in _hostfile_parser(): debug: parsing "1     |localhost|   -1  | /tmp | SH | sh"
1744319577.170567: 1412611-7f5b0ed8a540: cdpl_farm.c:2578: in cdpl_farm_new_sh(): info: creating SH farm on localhost
1744319577.170583: 1412611-7f5b0ed8a540: cdpl_compat_master.c:206: in _set_farm_env(): info: exporting CDPL_LOGDIR as `/mnt/coe/workspace/ece/ece546-spr25/group8/group8_project/synopsys_custom/pwdp_jobs/saeSession0_default.SimulationSimulation_cdpl.0.1412611/logs'
1744319577.170588: 1412611-7f5b0ed8a540: cdpl_compat_master.c:212: in _set_farm_env(): info: exporting CDPL_TMPDIR as `/tmp'
1744319577.170592: 1412611-7f5b0ed8a540: cdpl_compat_master.c:219: in _set_farm_env(): info: exporting CDPL_HOME as `/mnt/apps/public/COE/synopsys_apps/hspice/W-2024.09-SP1/hspice/cdpl'
1744319577.170596: 1412611-7f5b0ed8a540: cdpl_compat_master.c:235: in _set_farm_env(): info: exporting SNPSLMD_LICENSE_FILE as `27000@ece-lic-35.ece.ncsu.edu'
1744319577.170601: 1412611-7f5b0ed8a540: cdpl_compat_master.c:259: in _set_farm_env(): info: exporting CDPL_OPTIONS as `[nowlogs]'
1744319577.170604: 1412611-7f5b0ed8a540: cdpl_compat_master.c:266: in _set_farm_env(): info: exporting DISPLAY as `unix:4717'
1744319577.170607: 1412611-7f5b0ed8a540: cdpl_compat_master.c:274: in _set_farm_env(): info: exporting CDPL_HEARTBEAT as `120'
1744319577.170634: 1412611-7f5b0ed8a540: cdpl_farm.c:3149: in cdpl_farm_add_withdir(): debug: added `localhost' (capacity: unlimited)
1744319577.170648: 1412611-7f5b0ed8a540: cdpl_compat_parse.c:147: in parsefile(): debug: read `/mnt/coe/workspace/ece/ece546-spr25/group8/group8_project/synopsys_custom/pwdp_jobs/saeSession0_default.SimulationSimulation_cdpl.0.1412611/host_file', 2 lines
1744319577.170652: 1412611-7f5b0ed8a540: cdpl_compat_master.c:2931: in cdplInitMaster(): info: bcast dir is `/mnt/coe/workspace/ece/ece546-spr25/group8/group8_project/synopsys_custom/pwdp_jobs/saeSession0_default.SimulationSimulation_cdpl.0.1412611/logs'
1744319577.174111: 1412611-7f5b0ed8a540: cdpl_server.c:6433: in cdpl_sv_ctl_master(): info: farm worker timeout set to 300
1744319577.174119: 1412611-7f5b0ed8a540: cdpl_server.c:6486: in cdpl_sv_ctl_master(): info: maximum number of task execution attempts set to 1
1744319577.174159: 1412611-7f5b0ed8a540: cdpl_server.c:3195: in cdpl_sv_start(): debug: starting server
1744319577.174170: 1412611-7f5b0ed8a540: cdpl_ipc.c:3632: in cdpl_ipc_start(): debug: starting IPC server 152.14.98.7:43723
1744319577.174438: 1412611-7f5ad77fe700: cdpl_server_ipc.c:1182: in _sv_ipc_thread(): debug: ready
1744319577.175255: 1412611-7f5ad6ffd700: cdpl_monitor.c:426: in cdpl_mn_init_client(): info: creating client monitor instance
1744319577.175277: 1412611-7f5ad6ffd700: cdpl_ipc.c:3475: in cdpl_ipc_init(): info: requesting IPv4 protocol
1744319577.179289: 1412611-7f5ad6ffd700: cdpl_ipc.c:837: in _selectaddrfamily(): info: selected IPv4 protocol
1744319577.179338: 1412611-7f5ad6ffd700: cdpl_ipc.c:1139: in _set_keepalive(): info: TCP keep alive interval: 300
1744319577.182567: 1412611-7f5ad6ffd700: cdpl_ipc.c:3632: in cdpl_ipc_start(): debug: starting IPC server 152.14.98.7:35495
1744319577.182835: 1412611-7f5ad6ffd700: cdpl_monitor.c:471: in cdpl_mn_init_client(): debug: incoming messages in /tmp/cdpl-monitor-ip67gX
1744319577.183005: 1412611-7f5ad6ffd700: cdpl_monitor.c:533: in cdpl_mn_connect(): debug: connecting to 152.14.98.7:43723
1744319577.183020: 1412611-7f5ad6ffd700: cdpl_ipc.c:3789: in cdpl_ipc_connect(): info: connecting to 152.14.98.7:43723
1744319577.183237: 1412611-7f5ad6ffd700: cdpl_ipc.c:3860: in cdpl_ipc_connect(): info: connected as `152.14.98.7:35324'
1744319577.183266: 1412611-7f5ad6ffd700: cdpl_ipc.c:2503: in cdpl_ipc_host_accept(): debug: accepted host `152.14.98.7:43723'
1744319577.183291: 1412611-7f5ad7fff700: cdpl_ipc.c:1862: in _epoll_accept(): debug: new connection from `152.14.98.7:35324'
1744319577.183319: 1412611-7f5ad6ffd700: cdpl_monitor.c:579: in cdpl_mn_connect(): debug: ok
1744319577.183361: 1412611-7f5ad77fe700: cdpl_server_ipc.c:1225: in _sv_ipc_thread(): debug: received ACCEPT notification
1744319577.183380: 1412611-7f5ad77fe700: cdpl_ipc.c:2503: in cdpl_ipc_host_accept(): debug: accepted host `152.14.98.7:35324'
1744319577.183393: 1412611-7f5b0ed8a540: cdpl_server.c:731: in cdpl_sv_new_job(): info: new job J1 in M1
1744319577.183410: 1412611-7f5ad77fe700: cdpl_server_ipc.c:1256: in _sv_ipc_thread(): debug: received MONITOR message
1744319577.183447: 1412611-7f5b0ed8a540: cdpl_compat_master.c:1581: in _add_worker(): info: new worker type 10, min:1, max:3, cmd:`/mnt/coe/workspace/ece/ece546-spr25/group8/group8_project/synopsys_custom/pwdp_jobs/saeSession0_default.SimulationSimulation_cdpl.0.1412611/START_WORKER pw_worker -i /mnt/coe/workspace/ece/ece546-spr25/group8/group8_
1744319577.183479: 1412611-7f5b0ed8a540: cdpl_server.c:908: in cdpl_sv_new_bin_withfarm(): info: new bin B1 in J1
1744319577.183611: 1412611-7f5ad77fe700: cdpl_monitor.c:1207: in cdpl_mn_accept(): debug: accepted monitor `152.14.98.7:35324'
1744319577.183620: 1412611-7f5ad77fe700: cdpl_server_ipc_mon.c:120: in _globalLOCK(): debug: ENTERTING GLOBAL LOCK
1744319577.183624: 1412611-7f5ad77fe700: cdpl_server_ipc_mon.c:164: in _globalLOCK(): debug: global lock acquired
1744319577.184300: 1412611-7f5ad57fa700: cdpl_monitor.c:910: in mn_systat(): debug: started
1744319577.185269: 1412611-7f5ad57fa700: cdpl_monitor.c:937: in mn_systat(): debug: monitor server flush rate: 5
1744319577.271339: 1412611-7f5ad77fe700: cdpl_server_ipc_mon.c:210: in _globalUNLOCK(): debug: LEAVING GLOBAL LOCK
1744319577.402362: 1412611-7f5b0ed8a540: cdpl_server.c:3249: in cdpl_sv_start_job(): info: starting job J1
1744319577.402395: 1412611-7f5b0ed8a540: cdpl_server.c:62: in _sv_start_bin(): debug: starting bin B1 (min: 0, max: 3)
1744319577.402534: 1412611-7f5ac6ffd700: cdpl_server_sched.c:2482: in _sv_scheduler_thread(): debug: scheduler for bin B1 started
1744319577.402587: 1412611-7f5b0ed8a540: cdpl_server.c:1893: in _sv_gen_task(): info: new task T0 in B1 (prio 0)
1744319577.402649: 1412611-7f5b0ed8a540: cdpl_server.c:2698: in cdpl_sv_label_task_va(): info: setting task T0 label to "HSPICE_1|HSPICE"
1744319577.402724: 1412611-7f5ac6ffd700: cdpl_server_sched.c:2443: in _scheduler_run(): debug: will start a new worker
1744319577.402788: 1412611-7f5ac6ffd700: cdpl_farm.c:3977: in cdpl_farm_submit(): debug: 1 running processes
1744319577.402794: 1412611-7f5ac6ffd700: cdpl_farm.c:3985: in cdpl_farm_submit(): debug: new command C1 in bin B1 assigned to host `localhost'
1744319577.402911: 1412611-7f5ac6ffd700: cdpl_server_sched.c:705: in _sv_launch_worker(): info: started worker W1 (as C1) in bin B1
1744319577.403545: 1412611-7f5ac67fc700: cdpl_farm.c:2139: in _schedule(): debug: started
1744319577.403559: 1412611-7f5ac67fc700: cdpl_farm.c:2303: in _schedule(): debug: submitting command C1 in bin B1
1744319577.403589: 1412611-7f5ac67fc700: cdpl_sh.c:49: in _sh_detached_submit(): info: SH : /mnt/coe/workspace/ece/ece546-spr25/group8/group8_project/synopsys_custom/pwdp_jobs/saeSession0_default.SimulationSimulation_cdpl.0.1412611/START_WORKER pw_worker -i /mnt/coe/workspace/ece/ece546-spr25/group8/group8_project/synopsys_custom/pwdp_jobs/saeSession0_default.SimulationSimulation_cdpl.0.1412611 -t 10000
1744319577.410938: 1412611-7f5ac67fc700: cdpl_farm.c:2343: in _schedule(): debug: C1 in bin B1 running on slot 0
1744319577.410993: 1412611-7f5ac67fc700: cdpl_farm.c:2167: in _schedule(): debug: idle
1744319577.541802: 1412611-7f5b0ed8a540: cdpl_compat_master.c:5948: in cdplMasterLogInfo(): info: [non-CDPL log entry] PWDP3: reset pilot cache succeeded, pilot_key=saeSession0,1,default|&/mnt/coe/workspace/ece/ece546-spr25/group8/group8_project/simulation/group8,tb2025_2_tree_decoder,schematic/history_1/simulation/default/PrimeSimHSPICE/nominal/results
1744319577.711104: 1412611-7f5ac67fc700: cdpl_farm.c:1193: in _onexit(): debug: C1 in bin B1 exited normally on slot 0
1744319578.506768: 1412611-7f5ac7fff700: cdpl_compat_master.c:5948: in cdplMasterLogInfo(): info: [non-CDPL log entry] PWDP - no-workers started ok check start!
1744319580.699761: 1412611-7f5ad7fff700: cdpl_ipc.c:1862: in _epoll_accept(): debug: new connection from `152.14.98.7:35326'
1744319580.699842: 1412611-7f5ad77fe700: cdpl_server_ipc.c:1225: in _sv_ipc_thread(): debug: received ACCEPT notification
1744319580.699865: 1412611-7f5ad77fe700: cdpl_ipc.c:2503: in cdpl_ipc_host_accept(): debug: accepted host `152.14.98.7:35326'
1744319580.700579: 1412611-7f5ad77fe700: cdpl_server_ipc.c:1246: in _sv_ipc_thread(): debug: received HELLO message
1744319580.700584: 1412611-7f5ad77fe700: cdpl_server_ipc.c:430: in _sv_on_hello(): debug: looking up W1
1744319580.700589: 1412611-7f5ad77fe700: cdpl_server_ipc.c:540: in _sv_on_hello(): info: W1 is `152.14.98.7:35326'
1744319580.700593: 1412611-7f5ad77fe700: cdpl_server_ipc.c:541: in _sv_on_hello(): debug: hello W1 (B1)
1744319580.700596: 1412611-7f5ad77fe700: cdpl_server_ipc.c:542: in _sv_on_hello(): info: W1 log file is /dev/null
1744319580.700677: 1412611-7f5ad77fe700: cdpl_server_ipc.c:602: in _sv_on_hello(): info: up to 1 alive workers in B1
1744319580.700698: 1412611-7f5ad77fe700: cdpl_farm.c:878: in _release_cmd(): debug: freeing command C1 in bin B1
1744319580.700726: 1412611-7f5ac6ffd700: cdpl_server_sched.c:960: in _assign(): info: assigning task T0 to worker W1
1744319581.701964: 1412611-7f5ad77fe700: cdpl_server_ipc.c:312: in _sv_on_heartbeat(): debug: received HEARTBEAT from worker W1 at 152.14.98.7:35326
1744319582.255917: 1412611-7f5ad6ffd700: cdpl_monitor.c:533: in cdpl_mn_connect(): debug: connecting to 152.14.98.7:37931
1744319582.255939: 1412611-7f5ad6ffd700: cdpl_ipc.c:3789: in cdpl_ipc_connect(): info: connecting to 152.14.98.7:37931
1744319582.256161: 1412611-7f5ad6ffd700: cdpl_ipc.c:3860: in cdpl_ipc_connect(): info: connected as `152.14.98.7:55826'
1744319582.256176: 1412611-7f5ad6ffd700: cdpl_ipc.c:2503: in cdpl_ipc_host_accept(): debug: accepted host `152.14.98.7:37931'
1744319582.256184: 1412611-7f5ad6ffd700: cdpl_monitor.c:579: in cdpl_mn_connect(): debug: ok
1744319584.448712: 1412611-7f5ad77fe700: cdpl_server_ipc.c:1268: in _sv_ipc_thread(): debug: received RELAY message
1744319584.448732: 1412611-7f5ad77fe700: cdpl_server_ipc.c:713: in _sv_on_relay(): debug: RELAY message from W1, size = 58
1744319584.448737: 1412611-7f5ad77fe700: cdpl_server_ipc.c:715: in _sv_on_relay(): debug: RELAY message from W1, content = 0$1418116 hydra11.ece.ncsu.edu 1418230 RUNNING 1744319583
1744319612.253659: 1412611-7f5ad77fe700: cdpl_server_ipc.c:1268: in _sv_ipc_thread(): debug: received RELAY message
1744319612.254973: 1412611-7f5ad77fe700: cdpl_server_ipc.c:713: in _sv_on_relay(): debug: RELAY message from W1, size = 47
1744319612.254985: 1412611-7f5ad77fe700: cdpl_server_ipc.c:715: in _sv_on_relay(): debug: RELAY message from W1, content = WORKERDU|976,dc2isi00nfs.oit.ncsu.edu:/coe_nfs
1744319612.255090: 1412611-7f5ad77fe700: cdpl_server_ipc.c:1268: in _sv_ipc_thread(): debug: received RELAY message
1744319612.255097: 1412611-7f5ad77fe700: cdpl_server_ipc.c:713: in _sv_on_relay(): debug: RELAY message from W1, size = 18
1744319612.255102: 1412611-7f5ad77fe700: cdpl_server_ipc.c:715: in _sv_on_relay(): debug: RELAY message from W1, content = 0$- - - MEASDOING
1744319614.249077: 1412611-7f5ad77fe700: cdpl_server_ipc.c:1268: in _sv_ipc_thread(): debug: received RELAY message
1744319614.249101: 1412611-7f5ad77fe700: cdpl_server_ipc.c:713: in _sv_on_relay(): debug: RELAY message from W1, size = 72
1744319614.249108: 1412611-7f5ad77fe700: cdpl_server_ipc.c:715: in _sv_on_relay(): debug: RELAY message from W1, content = 0$1418116 hydra11.ece.ncsu.edu 1418230 FAILED 1744319583|1744319614|255
1744319614.249390: 1412611-7f5ad77fe700: cdpl_server_ipc.c:1251: in _sv_ipc_thread(): debug: received FINISH message
1744319614.249398: 1412611-7f5ad77fe700: cdpl_server_ipc.c:983: in _sv_on_finish(): info: worker W1 completed task T0
1744319614.249403: 1412611-7f5ad77fe700: cdpl_server_ipc.c:988: in _sv_on_finish(): debug: stat T0: utime=14074 stime=2690
1744319614.249409: 1412611-7f5ad77fe700: cdpl_server_ipc.c:993: in _sv_on_finish(): debug: statm T0: vsize=2868752 rss=1064408 shared=515808 text=474784 data=734008
1744319614.270392: 1412611-7f5ad77fe700: cdpl_server_ipc.c:1268: in _sv_ipc_thread(): debug: received RELAY message
1744319614.270406: 1412611-7f5ad77fe700: cdpl_server_ipc.c:713: in _sv_on_relay(): debug: RELAY message from W1, size = 46
1744319614.270411: 1412611-7f5ad77fe700: cdpl_server_ipc.c:715: in _sv_on_relay(): debug: RELAY message from W1, content = WORKERDU|51,dc2isi00nfs.oit.ncsu.edu:/coe_nfs
1744319614.321849: 1412611-7f5b0ed8a540: cdpl_server.c:1893: in _sv_gen_task(): info: new task T1 in B1 (prio 10)
1744319614.321892: 1412611-7f5b0ed8a540: cdpl_compat_master.c:5948: in cdplMasterLogInfo(): info: [non-CDPL log entry] PWDP: **info** recreate new task for abnormal failed task T0 of pw job cdpl_id V0 (task details:isReRun==0|simulator==HSPICE|workingDir==/mnt/coe/workspace/ece/ece546-spr25/group8/group8_project|historyName==history_1|stateType==0|nominal==1|testbench==default|uniqueName==saeSession0|resultsDir==/mnt/coe/workspace/ece/ece546-spr25/group8/group8_project/simulation/group8,tb2025_2_tree_decoder,schematic/history_1/simulation/default/PrimeSimHSPICE/nominal/results|historyIndex==1|runMode==new|preRun==0|session==saeSession0|masterResultsDir==/mnt/coe/workspace/ece/ece546-spr25/group8/group8_project/simulation/group8,tb2025_2_tree_decoder,schematic/history_1/simulation/default/PrimeSimHSPICE/nominal/results|diskTestSuiteName==group8,tb2025_2_tree_decoder,schematic|||HSPICE_1 0 152.14.98.7|32866  /mnt/coe/workspace/ece/ece546-spr25/group8/group8_project/simulation/group8,tb2025_2_tree_decoder,schematic/history_1/simulation/default/PrimeSimHSPICE/nominal/netlist/runSimulation  > /mnt/coe/workspace/ece/ece546-spr25/group8/group8_project/simulation/group8,tb2025_2_tree_decoder,schematic/history_1/simulation/default/PrimeSimHSPICE/nominal/results/run.log 2>&1 job return info:1418116 hydra11.ece.ncsu.edu 1418230 FAILED 1744319583|1744319614|255) begin ...
1744319614.321946: 1412611-7f5b0ed8a540: cdpl_server.c:227: in _sv_free_task_safe(): debug: freeing task T0
1744319614.321969: 1412611-7f5b0ed8a540: cdpl_server.c:2698: in cdpl_sv_label_task_va(): info: setting task T1 label to "HSPICE_1|HSPICE"
1744319614.321984: 1412611-7f5b0ed8a540: cdpl_compat_master.c:5948: in cdplMasterLogInfo(): info: [non-CDPL log entry] CDPL (PWDP) - recreate new run for abnormal failed task T0 of pw job cdpl_id V0 OK.
1744319614.321990: 1412611-7f5ac6ffd700: cdpl_server_sched.c:960: in _assign(): info: assigning task T1 to worker W1
1744319614.445984: 1412611-7f5ad77fe700: cdpl_server_ipc.c:1268: in _sv_ipc_thread(): debug: received RELAY message
1744319614.446002: 1412611-7f5ad77fe700: cdpl_server_ipc.c:713: in _sv_on_relay(): debug: RELAY message from W1, size = 69
1744319614.446008: 1412611-7f5ad77fe700: cdpl_server_ipc.c:715: in _sv_on_relay(): debug: RELAY message from W1, content = 0$1418116 hydra11.ece.ncsu.edu 1419256 RUNNING 1744319583|1744319614
1744319615.347305: 1412611-7f5ad77fe700: cdpl_server_ipc.c:1268: in _sv_ipc_thread(): debug: received RELAY message
1744319615.347324: 1412611-7f5ad77fe700: cdpl_server_ipc.c:713: in _sv_on_relay(): debug: RELAY message from W1, size = 18
1744319615.347329: 1412611-7f5ad77fe700: cdpl_server_ipc.c:715: in _sv_on_relay(): debug: RELAY message from W1, content = 0$- - - MEASDOING
1744319617.320419: 1412611-7f5ad77fe700: cdpl_server_ipc.c:1268: in _sv_ipc_thread(): debug: received RELAY message
1744319617.320436: 1412611-7f5ad77fe700: cdpl_server_ipc.c:713: in _sv_on_relay(): debug: RELAY message from W1, size = 72
1744319617.320442: 1412611-7f5ad77fe700: cdpl_server_ipc.c:715: in _sv_on_relay(): debug: RELAY message from W1, content = 0$1418116 hydra11.ece.ncsu.edu 1419256 FAILED 1744319614|1744319617|255
1744319617.320637: 1412611-7f5ad77fe700: cdpl_server_ipc.c:1251: in _sv_ipc_thread(): debug: received FINISH message
1744319617.320641: 1412611-7f5ad77fe700: cdpl_server_ipc.c:983: in _sv_on_finish(): info: worker W1 completed task T1
1744319617.320645: 1412611-7f5ad77fe700: cdpl_server_ipc.c:988: in _sv_on_finish(): debug: stat T1: utime=581 stime=358
1744319617.320649: 1412611-7f5ad77fe700: cdpl_server_ipc.c:993: in _sv_on_finish(): debug: statm T1: vsize=2868752 rss=1064408 shared=515808 text=474784 data=734008
1744319617.321413: 1412611-7f5b0ed8a540: cdpl_compat_master.c:5948: in cdplMasterLogInfo(): info: [non-CDPL log entry] CDPL (PWDP) - abnormal failed rerun overed max count, rerun abort - task T1 of pw job cdpl_id V0.
1744319617.321558: 1412611-7f5b0ed8a540: cdpl_server.c:227: in _sv_free_task_safe(): debug: freeing task T1
1744319637.345140: 1412611-7f5ad7fff700: cdpl_ipc.c:775: in _readv(): warning: read(): EOF
1744319637.346547: 1412611-7f5ad67fc700: cdpl_ipc.c:775: in _readv(): warning: read(): EOF
1744319637.346607: 1412611-7f5ad67fc700: cdpl_ipc.c:2100: in _epoll_recv(): debug: _readv(): Broken pipe
1744319637.346617: 1412611-7f5ad67fc700: cdpl_ipc.c:2424: in _epoll_main(): debug: _epoll_recv(): Broken pipe
1744319637.346621: 1412611-7f5ad7fff700: cdpl_ipc.c:2100: in _epoll_recv(): debug: _readv(): Broken pipe
1744319637.346635: 1412611-7f5ad7fff700: cdpl_ipc.c:2424: in _epoll_main(): debug: _epoll_recv(): Broken pipe
1744319637.346642: 1412611-7f5ad67fc700: cdpl_ipc.c:1657: in _host_drop__UNSAFE(): debug: dropping host `152.14.98.7:37931'
1744319637.346657: 1412611-7f5ad7fff700: cdpl_ipc.c:1657: in _host_drop__UNSAFE(): debug: dropping host `152.14.98.7:35326'
1744319637.346731: 1412611-7f5ad5ffb700: cdpl_monitor.c:290: in mn_listen(): debug: received DROP message
1744319637.346761: 1412611-7f5ad77fe700: cdpl_server_ipc.c:1236: in _sv_ipc_thread(): debug: received DROP notification
1744319637.346801: 1412611-7f5ad5ffb700: cdpl_ipc.c:2513: in cdpl_ipc_host_release(): debug: releasing host `152.14.98.7:37931'
1744319637.346821: 1412611-7f5ad77fe700: cdpl_server_sched.c:2796: in _sv_record_crashed_worker(): debug: dropping worker W1
1744319637.346828: 1412611-7f5ad77fe700: cdpl_server_ipc.c:188: in _sv_on_drop_worker(): debug: down to 0 live workers in B1
1744319637.346854: 1412611-7f5ac6ffd700: cdpl_server_sched.c:750: in _empty_trash(): debug: freeing worker W1 while emptying trash list for bin B1
1744319637.346890: 1412611-7f5ac6ffd700: cdpl_farm.c:4152: in cdpl_farm_dismiss(): debug: down to 0 running processes
1744319637.346910: 1412611-7f5ac6ffd700: cdpl_server_sched.c:121: in _free_worker_2(): debug: freeing worker W1
1744319637.346929: 1412611-7f5ac6ffd700: cdpl_ipc.c:2513: in cdpl_ipc_host_release(): debug: releasing host `152.14.98.7:35326'
1744319637.346933: 1412611-7f5ac6ffd700: cdpl_ipc.c:2529: in cdpl_ipc_host_release(): debug: scheduling for immediate release
1744319637.711291: 1412611-7f5ac67fc700: cdpl_farm.c:2173: in _schedule(): debug: idle
1744319642.191832: 1412611-7f5ad67fc700: cdpl_ipc.c:1582: in _host_free__UNSAFE(): debug: freeing host `152.14.98.7:37931'
1744319642.193156: 1412611-7f5ad67fc700: cdpl_ipc.c:1621: in _host_free__UNSAFE(): debug: [0 outq, 0 spR, 0 spW]
1744319642.193184: 1412611-7f5ad7fff700: cdpl_ipc.c:1582: in _host_free__UNSAFE(): debug: freeing host `152.14.98.7:35326'
1744319642.193200: 1412611-7f5ad7fff700: cdpl_ipc.c:1621: in _host_free__UNSAFE(): debug: [0 outq, 0 spR, 0 spW]
1744319677.859512: 1412611-7f5ad4ff9700: cdpl_compat_master.c:5971: in cdplMasterLogWarning(): warning: [non-CDPL log entry] PWDP: master does not receive message over 60 seconds!
1744319697.711435: 1412611-7f5ac67fc700: cdpl_farm.c:2173: in _schedule(): debug: idle
1744319698.254160: 1412611-7f5ad4ff9700: cdpl_compat_master.c:5948: in cdplMasterLogInfo(): info: [non-CDPL log entry] PWDP: message receiver is alive.
1744319702.021080: 1412611-7f5ac7fff700: cdpl_compat_master.c:5948: in cdplMasterLogInfo(): info: [non-CDPL log entry] PWDP: master status watchdog is alive.
1744319738.431678: 1412611-7f5ad4ff9700: cdpl_compat_master.c:5971: in cdplMasterLogWarning(): warning: [non-CDPL log entry] PWDP: master does not receive message over 60 seconds!
1744319744.026796: 1412611-7f5b0ed8a540: cdpl_server.c:3008: in cdpl_sv_halt_job_errno(): info: killing job J1
1744319744.028287: 1412611-7f5b0ed8a540: cdpl_server.c:3044: in cdpl_sv_halt_job_errno(): debug: signal bin B1 scheduler to stop
1744319744.028344: 1412611-7f5ac6ffd700: cdpl_server_sched.c:2484: in _sv_scheduler_thread(): debug: scheduler for bin B1 stopped
1744319744.028376: 1412611-7f5b0ed8a540: cdpl_server.c:294: in _sv_free_job(): info: freeing job J1
1744319744.028382: 1412611-7f5b0ed8a540: cdpl_server.c:92: in _sv_free_bin(): debug: freeing bin B1
1744319744.028447: 1412611-7f5b0ed8a540: cdpl_monitor.c:515: in cdpl_mn_kill(): info: killing monitor
1744319744.028484: 1412611-7f5b0ed8a540: cdpl_ipc.c:3677: in cdpl_ipc_kill(): debug: stopping event server
1744319744.028504: 1412611-7f5ad67fc700: cdpl_ipc.c:2460: in _epoll_main(): debug: server going down...
1744319744.028533: 1412611-7f5ad7fff700: cdpl_ipc.c:775: in _readv(): warning: read(): EOF
1744319744.028560: 1412611-7f5ad7fff700: cdpl_ipc.c:2100: in _epoll_recv(): debug: _readv(): Broken pipe
1744319744.028566: 1412611-7f5ad7fff700: cdpl_ipc.c:2424: in _epoll_main(): debug: _epoll_recv(): Broken pipe
1744319744.028574: 1412611-7f5ad7fff700: cdpl_ipc.c:1657: in _host_drop__UNSAFE(): debug: dropping host `152.14.98.7:35324'
1744319744.028658: 1412611-7f5ad77fe700: cdpl_server_ipc.c:1236: in _sv_ipc_thread(): debug: received DROP notification
1744319744.028685: 1412611-7f5ad77fe700: cdpl_monitor.c:1269: in cdpl_mn_drop(): debug: detaching from monitor `152.14.98.7:35324'
1744319744.028695: 1412611-7f5ad77fe700: cdpl_monitor.c:1101: in mn_systat_stop(): debug: joining systat thread
1744319744.028752: 1412611-7f5ad57fa700: cdpl_monitor.c:1079: in mn_systat(): debug: exiting
1744319744.028764: 1412611-7f5ad77fe700: cdpl_monitor.c:1103: in mn_systat_stop(): debug: systat thread done
1744319744.028769: 1412611-7f5ad77fe700: cdpl_ipc.c:2513: in cdpl_ipc_host_release(): debug: releasing host `152.14.98.7:35324'
1744319744.028811: 1412611-7f5ad6ffd700: cdpl_ipc.c:3728: in cdpl_ipc_free(): debug: releasing IPC handle
1744319744.028821: 1412611-7f5ad6ffd700: cdpl_ipc.c:1582: in _host_free__UNSAFE(): debug: freeing host `152.14.98.7:43723'
1744319744.028825: 1412611-7f5ad6ffd700: cdpl_ipc.c:1621: in _host_free__UNSAFE(): debug: [0 outq, 0 spR, 0 spW]
1744319744.028843: 1412611-7f5ad6ffd700: cdpl_ipc.c:3756: in cdpl_ipc_free(): warning: 1 host(s) were not released
1744319744.028867: 1412611-7f5ad6ffd700: cdpl_ipc.c:3767: in cdpl_ipc_free(): debug: done
1744319744.028871: 1412611-7f5ad6ffd700: cdpl_monitor.c:1390: in cdpl_mn_free(): debug: freeing monitor client
1744319744.028994: 1412611-7f5b0ed8a540: cdpl_farm.c:2740: in cdpl_farm_free(): info: freeing farm
1744319744.029037: 1412611-7f5ac67fc700: cdpl_farm.c:2231: in _schedule(): debug: end of idling
1744319744.029051: 1412611-7f5ac67fc700: cdpl_farm.c:2235: in _schedule(): debug: dying
1744319744.029111: 1412611-7f5b0ed8a540: cdpl_farm.c:913: in _killall(): debug: killing all remaining commands
1744319744.029136: 1412611-7f5b0ed8a540: cdpl_server.c:3144: in cdpl_sv_free(): info: freeing server S975398963
1744319744.029164: 1412611-7f5b0ed8a540: cdpl_server.c:3109: in cdpl_sv_kill_errno(): info: killing server
1744319744.029168: 1412611-7f5b0ed8a540: cdpl_ipc.c:3677: in cdpl_ipc_kill(): debug: stopping event server
1744319744.029181: 1412611-7f5ad7fff700: cdpl_ipc.c:2460: in _epoll_main(): debug: server going down...
1744319744.029207: 1412611-7f5ad77fe700: cdpl_server_ipc.c:1200: in _sv_ipc_thread(): debug: leaving now
1744319744.029218: 1412611-7f5b0ed8a540: cdpl_server.c:334: in _sv_free_master(): info: freeing master M1
1744319744.029242: 1412611-7f5b0ed8a540: cdpl_hash.c:68: in cdpl_h_destroy(): debug: put operations: 1
1744319744.029249: 1412611-7f5b0ed8a540: cdpl_hash.c:69: in cdpl_h_destroy(): debug: put collisions: 0
1744319744.029252: 1412611-7f5b0ed8a540: cdpl_hash.c:70: in cdpl_h_destroy(): debug: get operations: 0
1744319744.029255: 1412611-7f5b0ed8a540: cdpl_hash.c:71: in cdpl_h_destroy(): debug: get iterations: 0
1744319744.029274: 1412611-7f5b0ed8a540: cdpl_monitor.c:1390: in cdpl_mn_free(): debug: freeing monitor server
1744319744.029279: 1412611-7f5b0ed8a540: cdpl_ipc.c:3728: in cdpl_ipc_free(): debug: releasing IPC handle
1744319744.029282: 1412611-7f5b0ed8a540: cdpl_ipc.c:1582: in _host_free__UNSAFE(): debug: freeing host `152.14.98.7:35324'
1744319744.029286: 1412611-7f5b0ed8a540: cdpl_ipc.c:1621: in _host_free__UNSAFE(): debug: [0 outq, 0 spR, 0 spW]
1744319744.029348: 1412611-7f5b0ed8a540: cdpl_ipc.c:3767: in cdpl_ipc_free(): debug: done
1744319744.029362: 1412611-7f5b0ed8a540: cdpl_log.c:481: in cdpl_log_close(): info: @@end_of_log@@
