[Thu Apr 10 21:12:57 UTC 2025]Running pw_worker -i /mnt/coe/workspace/ece/ece546-spr25/group8/group8_project/synopsys_custom/pwdp_jobs/saeSession0_default.SimulationSimulation_cdpl.0.1412611 -t 10000
/mnt/apps/public/COE/synopsys_apps/primewave/W-2024.09-SP1-2/bin/custom_shell

PWDP2: start1: [04-10-2025 17:13:00] \ 
 -- args: /mnt/coe/workspace/ece/ece546-spr25/group8/group8_project/synopsys_custom/pwdp_jobs/saeSession0_default.SimulationSimulation_cdpl.0.1412611:10000
 -- New worker cdpl started... /mnt/coe/workspace/ece/ece546-spr25/group8/group8_project/synopsys_custom/pwdp_jobs/saeSession0_default.SimulationSimulation_cdpl.0.1412611 10000
PWDP: new worker flow start...

New worker log dir:/mnt/coe/workspace/ece/ece546-spr25/group8/group8_project/synopsys_custom/pwdp_jobs/saeSession0_default.SimulationSimulation_cdpl.0.1412611/logs/w1

[04-10-2025 17:13:00] New Worker Job Details:
isReRun=0
simulator=HSPICE
workingDir=/mnt/coe/workspace/ece/ece546-spr25/group8/group8_project
historyName=history_1
stateType=0
nominal=1
testbench=default
uniqueName=saeSession0
resultsDir=/mnt/coe/workspace/ece/ece546-spr25/group8/group8_project/simulation/group8,tb2025_2_tree_decoder,schematic/history_1/simulation/default/PrimeSimHSPICE/nominal/results
historyIndex=1
runMode=new
preRun=0
session=saeSession0
masterResultsDir=/mnt/coe/workspace/ece/ece546-spr25/group8/group8_project/simulation/group8,tb2025_2_tree_decoder,schematic/history_1/simulation/default/PrimeSimHSPICE/nominal/results
diskTestSuiteName,group8,tb2025_2_tree_decoder,schematic

JobData-keys: 0,HSPICE,history_1,1,/mnt/coe/workspace/ece/ece546-spr25/group8/group8_project/simulation/group8,tb2025_2_tree_decoder,schematic/history_1/simulation/default/PrimeSimHSPICE/nominal/results,

 -- New worker cdpl initialized finished. [04-10-2025 17:13:04]

PWDP2: start2: [04-10-2025 17:13:29]
#####New Worker job begin - Self history dir=/mnt/coe/workspace/ece/ece546-spr25/group8/group8_project/simulation/group8,tb2025_2_tree_decoder,schematic
> 
 -- New worker ci side loading finished.

source /mnt/coe/workspace/ece/ece546-spr25/group8/group8_project/synopsys_custom/pwdp_jobs/saeSession0_default.SimulationSimulation_cdpl.0.1412611/ccFile.tcl OK
> 
LibDefs : /mnt/coe/workspace/ece/ece546-spr25/group8/group8_project/lib.defs
> 
 open lib.defs:/mnt/coe/workspace/ece/ece546-spr25/group8/group8_project/lib.defs
new worker create session at loading state!
> 
history_1
> 
Loading: Callback files...
> 
Loading: scripts/callbacks/callbacks.tcl
> 

[INFO] : Loading display.drf from /mnt/designkits/ncsu/FreePDK3/syncust/NCSU_TechLib_FreePDK3

 if you wish to Load other display.drf, please set shell environment valiable "iPDK_load_display_NCSU_TechLib_FreePDK3" to value = 0
> 

> 
Warning: Preference 'xtStarTcadGrdFile' is deprecated and scheduled for removal in a future release with no replacement. For migration assistance, see the Custom Compiler Tcl Reference Manual. (PREFERENCE-058)
> 
Warning: Preference 'xtStarOALayerMappingFile' is deprecated and scheduled for removal in a future release with no replacement. For migration assistance, see the Custom Compiler Tcl Reference Manual. (PREFERENCE-058)
> 
	#######################################
> 
	CC-PDK Library Name	: FreePDK3
> 
	#######################################
> 

> 
source /mnt/coe/workspace/ece/ece546-spr25/group8/group8_project/simulation/group8,tb2025_2_tree_decoder,schematic/history_1/.nw_preference_script.tcl OK!
> 
DSPF Options: {hierDelim==|}||{termDelim==:}||{fingerChar==@}||{multiplierString==_nettran_}||{aggregateCurrent==1}||{MOSTermNames==d g s b}||{MOSTermOrder==D G S B}||{MOSTermDspfNames==DRC GATE SRC BULK}||{firstChars==XM}||{probeHierDelim==/}||{caseSensitive==1}||{firstChar==M}||{hierPrefix==X}||{nodePrefix==M}||{plotTermVoltageForNet==0}||{mapNetToMosTerminal==}||{mapSlashDelimToDot==1}||{probePortCurrent==1}||{busBit==[]}||{removeNodePrefix==1}||{nlConDelim==.}||{mosModelType==auto}||{keepSchName==0}
> 
_workerLoadStateAction done!
> 
New worker app start done.
PWDP: **information** Worker instantiate primewave handle success!
PWDP: job [0] exit code :[255].
PWDP: task runs done or quit!
PWDP: PWDP: **info** task process exit ok:HSPICE_1
_getSimulationDetails : 
> 
tbName=default, Mtb=0
> 
Got stb tb ok!
> 
Self resultsDir: ./simulation
> 
Self databaseDir: /mnt/coe/workspace/ece/ece546-spr25/group8/group8_project/simulation/group8,tb2025_2_tree_decoder,schematic/history_1/simulation/default/PrimeSimHSPICE/nominal/results
> 
Nominal run.
> 
_createResultsMap done!
> 
New worker simulation done for nomial run.
> 
>>>resultsDir=/mnt/coe/workspace/ece/ece546-spr25/group8/group8_project/simulation/group8,tb2025_2_tree_decoder,schematic/history_1/simulation/default/PrimeSimHSPICE/nominal/results,masterResultsDir=/mnt/coe/workspace/ece/ece546-spr25/group8/group8_project/simulation/group8,tb2025_2_tree_decoder,schematic/history_1/simulation/default/PrimeSimHSPICE/nominal/results
> 
Information: Evaluating and plotting outputs...
> 
touch /mnt/coe/workspace/ece/ece546-spr25/group8/group8_project/simulation/group8,tb2025_2_tree_decoder,schematic/history_1/simulation/default/PrimeSimHSPICE/nominal/results/.unitedSimFinished
> 
New worker simulation done for nomial run finished!
> 
_simulationDoneAction done without exception!
> worker W1 task time :34.
[04-10-2025 17:13:34] New Worker Job Details:
isReRun=0
simulator=HSPICE
workingDir=/mnt/coe/workspace/ece/ece546-spr25/group8/group8_project
historyName=history_1
stateType=0
nominal=1
testbench=default
uniqueName=saeSession0
resultsDir=/mnt/coe/workspace/ece/ece546-spr25/group8/group8_project/simulation/group8,tb2025_2_tree_decoder,schematic/history_1/simulation/default/PrimeSimHSPICE/nominal/results
historyIndex=1
runMode=new
preRun=0
session=saeSession0
masterResultsDir=/mnt/coe/workspace/ece/ece546-spr25/group8/group8_project/simulation/group8,tb2025_2_tree_decoder,schematic/history_1/simulation/default/PrimeSimHSPICE/nominal/results
diskTestSuiteName,group8,tb2025_2_tree_decoder,schematic

#####New Worker job begin - Self history dir=/mnt/coe/workspace/ece/ece546-spr25/group8/group8_project/simulation/group8,tb2025_2_tree_decoder,schematic
> 
JobData-keys: 0,HSPICE,history_1,1,/mnt/coe/workspace/ece/ece546-spr25/group8/group8_project/simulation/group8,tb2025_2_tree_decoder,schematic/history_1/simulation/default/PrimeSimHSPICE/nominal/results,/mnt/coe/workspace/ece/ece546-spr25/group8/group8_project/simulation/group8,tb2025_2_tree_decoder,schematic

PWDP: job [0] exit code :[255].
PWDP: task runs done or quit!
PWDP: PWDP: **info** task process exit ok:HSPICE_1
_getSimulationDetails : 
> 
tbName=default, Mtb=0
> 
Got stb tb ok!
> 
Self resultsDir: ./simulation
> 
Self databaseDir: /mnt/coe/workspace/ece/ece546-spr25/group8/group8_project/simulation/group8,tb2025_2_tree_decoder,schematic/history_1/simulation/default/PrimeSimHSPICE/nominal/results
> 
Nominal run.
> 
_createResultsMap done!
> 
New worker simulation done for nomial run.
> 
>>>resultsDir=/mnt/coe/workspace/ece/ece546-spr25/group8/group8_project/simulation/group8,tb2025_2_tree_decoder,schematic/history_1/simulation/default/PrimeSimHSPICE/nominal/results,masterResultsDir=/mnt/coe/workspace/ece/ece546-spr25/group8/group8_project/simulation/group8,tb2025_2_tree_decoder,schematic/history_1/simulation/default/PrimeSimHSPICE/nominal/results
> 
Information: Evaluating and plotting outputs...
> 
touch /mnt/coe/workspace/ece/ece546-spr25/group8/group8_project/simulation/group8,tb2025_2_tree_decoder,schematic/history_1/simulation/default/PrimeSimHSPICE/nominal/results/.unitedSimFinished
> 
New worker simulation done for nomial run finished!
> 
_simulationDoneAction done without exception!
> 
Shutdown time: Thu Apr 10 17:14:02 2025
> 
Elapsed session real time: 0.95 minutes
> 
Session terminated. Log is at /mnt/coe/workspace/ece/ece546-spr25/group8/group8_project/synopsys_custom/pwdp_jobs/saeSession0_default.SimulationSimulation_cdpl.0.1412611/logs/w1/logs/pw_worker.nbandeh.2025_4_10_171300_1418116.log
> 
PWDP: new worker flow quit.

Information: Feature 'SynopsysCustomLayout' checked in. (LICENSE-004)
> 
Information: Feature 'CustomInfrastructure' checked in. (LICENSE-004)
> 