
                                  PYDB_Server 

          Version W-2024.09-SP2 for linux64 - Dec 03, 2024 cl#11100136

                    Copyright (c) 2007 - 2024 Synopsys, Inc.
   This software and the associated documentation are proprietary to Synopsys,
 Inc. This software may only be used in accordance with the terms and conditions
 of a written license agreement with Synopsys, Inc. All other use, reproduction,
   or distribution of this software is strictly prohibited.  Licensed Products
     communicate with Synopsys servers for the purpose of providing software
    updates, detecting software piracy and verifying that customers are using
    Licensed Products in conformity with the applicable License Key for such
  Licensed Products. Synopsys will use information gathered in connection with
    this process to deliver software updates and pursue software pirates and
                                   infringers.

 Inclusivity & Diversity - Visit SolvNetPlus to read the "Synopsys Statement on
            Inclusivity and Diversity" (Refer to article 000036315 at
                        https://solvnetplus.synopsys.com)

variable width coordinate support enabled.
Removing old database /mnt/coe/workspace/ece/ece546-spr25/group8/group8_project/synopsys_custom/invx4.icv.lvs/run_details/pydb/PYDB_invx4
Listening for connections on port 34831
PYDB_Server Started on host hydra11.ece.ncsu.edu, Sat 04/12/2025 19:00:30
Verified current licenses.
Client hydra11.ece.ncsu.edu(2737559):17 connected (1 total client)
Creating file:/mnt/coe/workspace/ece/ece546-spr25/group8/group8_project/synopsys_custom/invx4.icv.lvs/run_details/pydb/PYDB_invx4?nolock=1
SQLite page_size=65536
SQLite cache_size=65536
SQLite mmap_size=0
SQLite journal_mode=OFF
SQLite version 3.33.0
Client hydra11.ece.ncsu.edu(2737683):26 connected (2 total clients)
Client hydra11.ece.ncsu.edu(2737684):27 connected (3 total clients)
Command record inserted (no error output): /mnt/designkits/ncsu/FreePDK3/icv/FreePDK3_main.lvs.rs:350:text_net:text_unused
Error insertion complete: /mnt/designkits/ncsu/FreePDK3/icv/FreePDK3_main.lvs.rs:350:text_net:text_unused
  Error Insertion Time=0:00:00  User=0.00 Sys=0.00 Mem=0.000 GB SQLite=0.007 GB Unpooled=0.000 GB
Command record inserted (no error output): /mnt/designkits/ncsu/FreePDK3/icv/FreePDK3_main.lvs.rs:400:soft_connect
Error insertion complete: /mnt/designkits/ncsu/FreePDK3/icv/FreePDK3_main.lvs.rs:400:soft_connect
  Error Insertion Time=0:00:00  User=0.00 Sys=0.00 Mem=0.000 GB SQLite=0.007 GB Unpooled=0.000 GB
Command record inserted (no error output): /mnt/designkits/ncsu/FreePDK3/icv/FreePDK3_main.lvs.rs:400:soft_connect
Error insertion complete: /mnt/designkits/ncsu/FreePDK3/icv/FreePDK3_main.lvs.rs:400:soft_connect
  Error Insertion Time=0:00:00  User=0.00 Sys=0.00 Mem=0.000 GB SQLite=0.007 GB Unpooled=0.000 GB
Command record inserted (no error output): /mnt/designkits/ncsu/FreePDK3/icv/FreePDK3_main.lvs.rs:400:soft_connect
Error insertion complete: /mnt/designkits/ncsu/FreePDK3/icv/FreePDK3_main.lvs.rs:400:soft_connect
  Error Insertion Time=0:00:00  User=0.00 Sys=0.00 Mem=0.000 GB SQLite=0.007 GB Unpooled=0.000 GB
Command record inserted (no error output): /mnt/designkits/ncsu/FreePDK3/icv/FreePDK3_main.lvs.rs:400:soft_connect
Error insertion complete: /mnt/designkits/ncsu/FreePDK3/icv/FreePDK3_main.lvs.rs:400:soft_connect
  Error Insertion Time=0:00:00  User=0.00 Sys=0.00 Mem=0.000 GB SQLite=0.007 GB Unpooled=0.000 GB
Command record inserted (no error output): /mnt/designkits/ncsu/FreePDK3/icv/FreePDK3_main.lvs.rs:414:nmos[nmos]:device extraction errors
Error insertion complete: /mnt/designkits/ncsu/FreePDK3/icv/FreePDK3_main.lvs.rs:414:nmos[nmos]:device extraction errors
  Error Insertion Time=0:00:00  User=0.00 Sys=0.00 Mem=0.000 GB SQLite=0.007 GB Unpooled=0.000 GB
Command record inserted (no error output): /mnt/designkits/ncsu/FreePDK3/icv/FreePDK3_main.lvs.rs:414:nmos[nmos]:dev_set_error
Error insertion complete: /mnt/designkits/ncsu/FreePDK3/icv/FreePDK3_main.lvs.rs:414:nmos[nmos]:dev_set_error
  Error Insertion Time=0:00:00  User=0.00 Sys=0.00 Mem=0.000 GB SQLite=0.007 GB Unpooled=0.000 GB
Error insertion complete: /mnt/designkits/ncsu/FreePDK3/icv/FreePDK3_main.lvs.rs:414:nmos[nmos]:text_model_name_error
  Error Insertion Time=0:00:00  User=0.00 Sys=0.00 Mem=0.000 GB SQLite=0.007 GB Unpooled=0.000 GB
Command record inserted (no error output): /mnt/designkits/ncsu/FreePDK3/icv/FreePDK3_main.lvs.rs:414:nmos[nmos]:text_model_name_error
Error insertion complete: /mnt/designkits/ncsu/FreePDK3/icv/FreePDK3_main.lvs.rs:414:nmos[nmos]:text_model_name_error
  Error Insertion Time=0:00:00  User=0.00 Sys=0.00 Mem=0.000 GB SQLite=0.007 GB Unpooled=0.000 GB
Command record inserted (no error output): /mnt/designkits/ncsu/FreePDK3/icv/FreePDK3_main.lvs.rs:416:pmos[pmos]:device extraction errors
Error insertion complete: /mnt/designkits/ncsu/FreePDK3/icv/FreePDK3_main.lvs.rs:416:pmos[pmos]:device extraction errors
  Error Insertion Time=0:00:00  User=0.00 Sys=0.00 Mem=0.000 GB SQLite=0.007 GB Unpooled=0.000 GB
Command record inserted (no error output): /mnt/designkits/ncsu/FreePDK3/icv/FreePDK3_main.lvs.rs:416:pmos[pmos]:dev_set_error
Error insertion complete: /mnt/designkits/ncsu/FreePDK3/icv/FreePDK3_main.lvs.rs:416:pmos[pmos]:dev_set_error
  Error Insertion Time=0:00:00  User=0.00 Sys=0.00 Mem=0.000 GB SQLite=0.007 GB Unpooled=0.000 GB
Error insertion complete: /mnt/designkits/ncsu/FreePDK3/icv/FreePDK3_main.lvs.rs:416:pmos[pmos]:text_model_name_error
  Error Insertion Time=0:00:00  User=0.00 Sys=0.00 Mem=0.000 GB SQLite=0.007 GB Unpooled=0.000 GB
Command record inserted (no error output): /mnt/designkits/ncsu/FreePDK3/icv/FreePDK3_main.lvs.rs:416:pmos[pmos]:text_model_name_error
Error insertion complete: /mnt/designkits/ncsu/FreePDK3/icv/FreePDK3_main.lvs.rs:416:pmos[pmos]:text_model_name_error
  Error Insertion Time=0:00:00  User=0.00 Sys=0.01 Mem=0.000 GB SQLite=0.007 GB Unpooled=0.000 GB
Client hydra11.ece.ncsu.edu(2737854):28 connected (4 total clients)
Client hydra11.ece.ncsu.edu(2737854):28 connection closed
Client hydra11.ece.ncsu.edu(2737854):28 disconnected (3 clients remain)
Client hydra11.ece.ncsu.edu(2737683):26 connection closed
Client hydra11.ece.ncsu.edu(2737683):26 disconnected (2 clients remain)
Client hydra11.ece.ncsu.edu(2737684):27 connection closed
Client hydra11.ece.ncsu.edu(2737684):27 disconnected (1 client remains)
 Total error insertion Time=0:00:15  User=0.00 Sys=0.01 Mem=0.000 GB SQLite=0.007 GB Unpooled=0.000 GB
  Total Commands: 13
  Total Errors: 0
  Avg Time/Cmd: Wall=0 User=0.00 Sys=0.00 Mem=0.000 GB
Generating /mnt/coe/workspace/ece/ece546-spr25/group8/group8_project/synopsys_custom/invx4.icv.lvs/invx4.LAYOUT_ERRORS
  Generation Time=0:00:00  User=0.00 Sys=0.00 Mem=0.001 GB
Shutdown requested by client hydra11.ece.ncsu.edu(2737559):17
0 clients remain connected
Client hydra11.ece.ncsu.edu(2737559):17 connection closed
Overall server Time=0:00:18  User=0.02 Sys=0.04 Mem=0.001 GB SQLite=0.007 GB Unpooled=0.000 GB

                                  PYDB_Server 

          Version W-2024.09-SP2 for linux64 - Dec 03, 2024 cl#11100136

                    Copyright (c) 2007 - 2024 Synopsys, Inc.
   This software and the associated documentation are proprietary to Synopsys,
 Inc. This software may only be used in accordance with the terms and conditions
 of a written license agreement with Synopsys, Inc. All other use, reproduction,
   or distribution of this software is strictly prohibited.  Licensed Products
     communicate with Synopsys servers for the purpose of providing software
    updates, detecting software piracy and verifying that customers are using
    Licensed Products in conformity with the applicable License Key for such
  Licensed Products. Synopsys will use information gathered in connection with
    this process to deliver software updates and pursue software pirates and
                                   infringers.

 Inclusivity & Diversity - Visit SolvNetPlus to read the "Synopsys Statement on
            Inclusivity and Diversity" (Refer to article 000036315 at
                        https://solvnetplus.synopsys.com)

variable width coordinate support enabled.
Listening for connections on port 46133
PYDB_Server Started on host hydra11.ece.ncsu.edu, Sat 04/12/2025 19:00:51
Client hydra11.ece.ncsu.edu(2731544):7 connected (1 total client)
Verified current licenses.
Opening file:/mnt/coe/workspace/ece/ece546-spr25/group8/group8_project/synopsys_custom/invx4.icv.lvs/run_details/pydb/PYDB_invx4?nolock=1 in read-write mode
SQLite page_size=65536
SQLite cache_size=65536
SQLite mmap_size=0
SQLite journal_mode=OFF
SQLite version 3.33.0
Shutdown requested by client hydra11.ece.ncsu.edu(2731544):7
0 clients remain connected
Client hydra11.ece.ncsu.edu(2731544):7 connection closed
Overall server Time=0:04:46  User=0.00 Sys=0.00 Mem=0.000 GB SQLite=0.002 GB Unpooled=0.000 GB
