1743687730.514677: 1550032-7f717d67e540: cdpl_log.c:337: in cdpl_log_open(): info: @@start_of_log@@
1743687730.514786: 1550032-7f717d67e540: cdpl_log.c:1058: in cdpl_log_dump_sysinfo(): info: time: 2025/04/03 09:42:10 EDT -0400
1743687730.514798: 1550032-7f717d67e540: cdpl_log.c:1060: in cdpl_log_dump_sysinfo(): info: version: W-2024.09-SP1-2 
1743687730.514805: 1550032-7f717d67e540: cdpl_log.c:1062: in cdpl_log_dump_sysinfo(): info: system: Linux 4.18.0-553.46.1.el8_10.x86_64 #1 SMP Sat Mar 15 01:37:33 EDT 2025
1743687730.514811: 1550032-7f717d67e540: cdpl_log.c:1067: in cdpl_log_dump_sysinfo(): info: processor: x86_64 64-bits
1743687730.514815: 1550032-7f717d67e540: cdpl_log.c:1071: in cdpl_log_dump_sysinfo(): info: hostname: grendel42.ece.ncsu.edu
1743687730.514820: 1550032-7f717d67e540: cdpl_log.c:1073: in cdpl_log_dump_sysinfo(): info: program name: custom_shell
1743687730.514831: 1550032-7f717d67e540: cdpl_log.c:340: in cdpl_log_open(): debug: path: /mnt/coe/workspace/ece/ece546-spr25/group8/group8_project/synopsys_custom/pwdp_jobs/saeSession0_HSPICEdefault.SimulationSimulation_cdpl.0.1550032/logs/master.grendel42.ece.ncsu.edu.1550032.log
1743687730.514837: 1550032-7f717d67e540: cdpl_log.c:341: in cdpl_log_open(): debug: dir: /mnt/coe/workspace/ece/ece546-spr25/group8/group8_project/synopsys_custom/pwdp_jobs/saeSession0_HSPICEdefault.SimulationSimulation_cdpl.0.1550032/logs
1743687730.514940: 1550032-7f717d67e540: cdpl_server.c:536: in cdpl_sv_init(): info: new server S908615166
1743687730.514971: 1550032-7f717d67e540: cdpl_ipc.c:3475: in cdpl_ipc_init(): info: requesting IPv4 protocol
1743687730.521313: 1550032-7f717d67e540: cdpl_ipc.c:837: in _selectaddrfamily(): info: selected IPv4 protocol
1743687730.521432: 1550032-7f717d67e540: cdpl_ipc.c:1139: in _set_keepalive(): info: TCP keep alive interval: 300
1743687730.524568: 1550032-7f717d67e540: cdpl_monitor.c:1117: in cdpl_mn_new_server(): info: creating server monitor instance
1743687730.524636: 1550032-7f717d67e540: cdpl_server.c:650: in cdpl_sv_new_master(): info: new master M1
1743687730.524675: 1550032-7f717d67e540: cdpl_server.c:6533: in cdpl_sv_ctl_master(): info: Setting worker heartbeat to 120 seconds
1743687730.524682: 1550032-7f717d67e540: cdpl_server.c:6542: in cdpl_sv_ctl_master(): info: Setting worker heartbeat timeout to 3 heartbeats
1743687730.524690: 1550032-7f717d67e540: cdpl_compat_master.c:2090: in _parse_hostfile(): info: reading hostfile `/mnt/coe/workspace/ece/ece546-spr25/group8/group8_project/synopsys_custom/pwdp_jobs/saeSession0_HSPICEdefault.SimulationSimulation_cdpl.0.1550032/host_file'
1743687730.531276: 1550032-7f717d67e540: cdpl_compat_master.c:1900: in _hostfile_parser(): debug: parsing "1     |localhost|   -1  | /tmp | SH | sh"
1743687730.531349: 1550032-7f717d67e540: cdpl_farm.c:2578: in cdpl_farm_new_sh(): info: creating SH farm on localhost
1743687730.531375: 1550032-7f717d67e540: cdpl_compat_master.c:206: in _set_farm_env(): info: exporting CDPL_LOGDIR as `/mnt/coe/workspace/ece/ece546-spr25/group8/group8_project/synopsys_custom/pwdp_jobs/saeSession0_HSPICEdefault.SimulationSimulation_cdpl.0.1550032/logs'
1743687730.531382: 1550032-7f717d67e540: cdpl_compat_master.c:212: in _set_farm_env(): info: exporting CDPL_TMPDIR as `/tmp'
1743687730.531396: 1550032-7f717d67e540: cdpl_compat_master.c:219: in _set_farm_env(): info: exporting CDPL_HOME as `/mnt/apps/public/COE/synopsys_apps/hspice/W-2024.09-SP1/hspice/cdpl'
1743687730.531404: 1550032-7f717d67e540: cdpl_compat_master.c:235: in _set_farm_env(): info: exporting SNPSLMD_LICENSE_FILE as `27000@ece-lic-35.ece.ncsu.edu'
1743687730.531412: 1550032-7f717d67e540: cdpl_compat_master.c:259: in _set_farm_env(): info: exporting CDPL_OPTIONS as `[nowlogs]'
1743687730.531417: 1550032-7f717d67e540: cdpl_compat_master.c:266: in _set_farm_env(): info: exporting DISPLAY as `unix:20865'
1743687730.531423: 1550032-7f717d67e540: cdpl_compat_master.c:274: in _set_farm_env(): info: exporting CDPL_HEARTBEAT as `120'
1743687730.531464: 1550032-7f717d67e540: cdpl_farm.c:3149: in cdpl_farm_add_withdir(): debug: added `localhost' (capacity: unlimited)
1743687730.531488: 1550032-7f717d67e540: cdpl_compat_parse.c:147: in parsefile(): debug: read `/mnt/coe/workspace/ece/ece546-spr25/group8/group8_project/synopsys_custom/pwdp_jobs/saeSession0_HSPICEdefault.SimulationSimulation_cdpl.0.1550032/host_file', 2 lines
1743687730.531495: 1550032-7f717d67e540: cdpl_compat_master.c:2931: in cdplInitMaster(): info: bcast dir is `/mnt/coe/workspace/ece/ece546-spr25/group8/group8_project/synopsys_custom/pwdp_jobs/saeSession0_HSPICEdefault.SimulationSimulation_cdpl.0.1550032/logs'
1743687730.538651: 1550032-7f717d67e540: cdpl_server.c:6433: in cdpl_sv_ctl_master(): info: farm worker timeout set to 300
1743687730.538665: 1550032-7f717d67e540: cdpl_server.c:6486: in cdpl_sv_ctl_master(): info: maximum number of task execution attempts set to 1
1743687730.538727: 1550032-7f717d67e540: cdpl_server.c:3195: in cdpl_sv_start(): debug: starting server
1743687730.538744: 1550032-7f717d67e540: cdpl_ipc.c:3632: in cdpl_ipc_start(): debug: starting IPC server 152.14.98.57:35397
1743687730.539270: 1550032-7f71461e9700: cdpl_server_ipc.c:1182: in _sv_ipc_thread(): debug: ready
1743687730.539596: 1550032-7f71459e8700: cdpl_monitor.c:426: in cdpl_mn_init_client(): info: creating client monitor instance
1743687730.539641: 1550032-7f71459e8700: cdpl_ipc.c:3475: in cdpl_ipc_init(): info: requesting IPv4 protocol
1743687730.544173: 1550032-7f71459e8700: cdpl_ipc.c:837: in _selectaddrfamily(): info: selected IPv4 protocol
1743687730.544241: 1550032-7f71459e8700: cdpl_ipc.c:1139: in _set_keepalive(): info: TCP keep alive interval: 300
1743687730.547768: 1550032-7f71459e8700: cdpl_ipc.c:3632: in cdpl_ipc_start(): debug: starting IPC server 152.14.98.57:33871
1743687730.548149: 1550032-7f71459e8700: cdpl_monitor.c:471: in cdpl_mn_init_client(): debug: incoming messages in /tmp/cdpl-monitor-wVU92O
1743687730.548382: 1550032-7f71459e8700: cdpl_monitor.c:533: in cdpl_mn_connect(): debug: connecting to 152.14.98.57:35397
1743687730.548416: 1550032-7f71459e8700: cdpl_ipc.c:3789: in cdpl_ipc_connect(): info: connecting to 152.14.98.57:35397
1743687730.548725: 1550032-7f71459e8700: cdpl_ipc.c:3860: in cdpl_ipc_connect(): info: connected as `152.14.98.57:36846'
1743687730.548758: 1550032-7f71459e8700: cdpl_ipc.c:2503: in cdpl_ipc_host_accept(): debug: accepted host `152.14.98.57:35397'
1743687730.548834: 1550032-7f71459e8700: cdpl_monitor.c:579: in cdpl_mn_connect(): debug: ok
1743687730.548870: 1550032-7f71469ea700: cdpl_ipc.c:1862: in _epoll_accept(): debug: new connection from `152.14.98.57:36846'
1743687730.549034: 1550032-7f717d67e540: cdpl_server.c:731: in cdpl_sv_new_job(): info: new job J1 in M1
1743687730.549077: 1550032-7f71461e9700: cdpl_server_ipc.c:1225: in _sv_ipc_thread(): debug: received ACCEPT notification
1743687730.549118: 1550032-7f71461e9700: cdpl_ipc.c:2503: in cdpl_ipc_host_accept(): debug: accepted host `152.14.98.57:36846'
1743687730.549139: 1550032-7f717d67e540: cdpl_compat_master.c:1581: in _add_worker(): info: new worker type 10, min:1, max:3, cmd:`/mnt/coe/workspace/ece/ece546-spr25/group8/group8_project/synopsys_custom/pwdp_jobs/saeSession0_HSPICEdefault.SimulationSimulation_cdpl.0.1550032/START_WORKER pw_worker -i /mnt/coe/workspace/ece/ece546-spr25/group8/g
1743687730.549160: 1550032-7f71461e9700: cdpl_server_ipc.c:1256: in _sv_ipc_thread(): debug: received MONITOR message
1743687730.549206: 1550032-7f717d67e540: cdpl_server.c:908: in cdpl_sv_new_bin_withfarm(): info: new bin B1 in J1
1743687730.549759: 1550032-7f71461e9700: cdpl_monitor.c:1207: in cdpl_mn_accept(): debug: accepted monitor `152.14.98.57:36846'
1743687730.549769: 1550032-7f71461e9700: cdpl_server_ipc_mon.c:120: in _globalLOCK(): debug: ENTERTING GLOBAL LOCK
1743687730.549776: 1550032-7f71461e9700: cdpl_server_ipc_mon.c:164: in _globalLOCK(): debug: global lock acquired
1743687730.549878: 1550032-7f7137fff700: cdpl_monitor.c:910: in mn_systat(): debug: started
1743687730.550604: 1550032-7f7137fff700: cdpl_monitor.c:937: in mn_systat(): debug: monitor server flush rate: 5
1743687732.986046: 1550032-7f71461e9700: cdpl_server_ipc_mon.c:210: in _globalUNLOCK(): debug: LEAVING GLOBAL LOCK
1743687732.986178: 1550032-7f717d67e540: cdpl_server.c:3249: in cdpl_sv_start_job(): info: starting job J1
1743687732.986254: 1550032-7f717d67e540: cdpl_server.c:62: in _sv_start_bin(): debug: starting bin B1 (min: 0, max: 3)
1743687732.986670: 1550032-7f7135ffb700: cdpl_server_sched.c:2482: in _sv_scheduler_thread(): debug: scheduler for bin B1 started
1743687732.986786: 1550032-7f717d67e540: cdpl_server.c:1893: in _sv_gen_task(): info: new task T0 in B1 (prio 0)
1743687732.986884: 1550032-7f717d67e540: cdpl_server.c:2698: in cdpl_sv_label_task_va(): info: setting task T0 label to "HSPICE_1|HSPICE"
1743687732.986998: 1550032-7f7135ffb700: cdpl_server_sched.c:2443: in _scheduler_run(): debug: will start a new worker
1743687732.987110: 1550032-7f7135ffb700: cdpl_farm.c:3977: in cdpl_farm_submit(): debug: 1 running processes
1743687732.987119: 1550032-7f7135ffb700: cdpl_farm.c:3985: in cdpl_farm_submit(): debug: new command C1 in bin B1 assigned to host `localhost'
1743687732.987315: 1550032-7f7135ffb700: cdpl_server_sched.c:705: in _sv_launch_worker(): info: started worker W1 (as C1) in bin B1
1743687732.987466: 1550032-7f71357fa700: cdpl_farm.c:2139: in _schedule(): debug: started
1743687732.987495: 1550032-7f71357fa700: cdpl_farm.c:2303: in _schedule(): debug: submitting command C1 in bin B1
1743687732.987539: 1550032-7f71357fa700: cdpl_sh.c:49: in _sh_detached_submit(): info: SH : /mnt/coe/workspace/ece/ece546-spr25/group8/group8_project/synopsys_custom/pwdp_jobs/saeSession0_HSPICEdefault.SimulationSimulation_cdpl.0.1550032/START_WORKER pw_worker -i /mnt/coe/workspace/ece/ece546-spr25/group8/group8_project/synopsys_custom/pwdp_jobs/saeSession0_HSPICEdefault.SimulationSimulation_cdpl.0.1550032 -t 10000
1743687732.997003: 1550032-7f71357fa700: cdpl_farm.c:2343: in _schedule(): debug: C1 in bin B1 running on slot 0
1743687732.997033: 1550032-7f71357fa700: cdpl_farm.c:2167: in _schedule(): debug: idle
1743687733.297164: 1550032-7f71357fa700: cdpl_farm.c:1193: in _onexit(): debug: C1 in bin B1 exited normally on slot 0
1743687734.541780: 1550032-7f7136ffd700: cdpl_compat_master.c:5948: in cdplMasterLogInfo(): info: [non-CDPL log entry] PWDP - no-workers started ok check start!
1743687735.813404: 1550032-7f717d67e540: cdpl_compat_master.c:5948: in cdplMasterLogInfo(): info: [non-CDPL log entry] PWDP3: reset pilot cache succeeded, pilot_key=saeSession0,1,HSPICE_default|&/mnt/coe/workspace/ece/ece546-spr25/group8/group8_project/simulation/group8,memory_array_write_test,schematic/history_1/simulation/HSPICE_default/HSPICE/nominal/results
1743687737.080665: 1550032-7f71469ea700: cdpl_ipc.c:1862: in _epoll_accept(): debug: new connection from `152.14.98.57:36856'
1743687737.080870: 1550032-7f71461e9700: cdpl_server_ipc.c:1225: in _sv_ipc_thread(): debug: received ACCEPT notification
1743687737.080926: 1550032-7f71461e9700: cdpl_ipc.c:2503: in cdpl_ipc_host_accept(): debug: accepted host `152.14.98.57:36856'
1743687737.081155: 1550032-7f71461e9700: cdpl_server_ipc.c:1246: in _sv_ipc_thread(): debug: received HELLO message
1743687737.081162: 1550032-7f71461e9700: cdpl_server_ipc.c:430: in _sv_on_hello(): debug: looking up W1
1743687737.081177: 1550032-7f71461e9700: cdpl_server_ipc.c:540: in _sv_on_hello(): info: W1 is `152.14.98.57:36856'
1743687737.081183: 1550032-7f71461e9700: cdpl_server_ipc.c:541: in _sv_on_hello(): debug: hello W1 (B1)
1743687737.081188: 1550032-7f71461e9700: cdpl_server_ipc.c:542: in _sv_on_hello(): info: W1 log file is /dev/null
1743687737.081327: 1550032-7f71461e9700: cdpl_server_ipc.c:602: in _sv_on_hello(): info: up to 1 alive workers in B1
1743687737.081358: 1550032-7f71461e9700: cdpl_farm.c:878: in _release_cmd(): debug: freeing command C1 in bin B1
1743687737.081432: 1550032-7f7135ffb700: cdpl_server_sched.c:960: in _assign(): info: assigning task T0 to worker W1
1743687738.081887: 1550032-7f71461e9700: cdpl_server_ipc.c:312: in _sv_on_heartbeat(): debug: received HEARTBEAT from worker W1 at 152.14.98.57:36856
1743687740.612714: 1550032-7f71459e8700: cdpl_monitor.c:533: in cdpl_mn_connect(): debug: connecting to 152.14.98.57:46671
1743687740.612735: 1550032-7f71459e8700: cdpl_ipc.c:3789: in cdpl_ipc_connect(): info: connecting to 152.14.98.57:46671
1743687740.612909: 1550032-7f71459e8700: cdpl_ipc.c:3860: in cdpl_ipc_connect(): info: connected as `152.14.98.57:60312'
1743687740.612923: 1550032-7f71459e8700: cdpl_ipc.c:2503: in cdpl_ipc_host_accept(): debug: accepted host `152.14.98.57:46671'
1743687740.612932: 1550032-7f71459e8700: cdpl_monitor.c:579: in cdpl_mn_connect(): debug: ok
1743687740.681875: 1550032-7f71461e9700: cdpl_server_ipc.c:1268: in _sv_ipc_thread(): debug: received RELAY message
1743687740.688772: 1550032-7f71461e9700: cdpl_server_ipc.c:713: in _sv_on_relay(): debug: RELAY message from W1, size = 60
1743687740.688782: 1550032-7f71461e9700: cdpl_server_ipc.c:715: in _sv_on_relay(): debug: RELAY message from W1, content = 0$1558236 grendel42.ece.ncsu.edu 1558388 RUNNING 1743687739
1743687759.883604: 1550032-7f71461e9700: cdpl_server_ipc.c:1268: in _sv_ipc_thread(): debug: received RELAY message
1743687759.886896: 1550032-7f71461e9700: cdpl_server_ipc.c:713: in _sv_on_relay(): debug: RELAY message from W1, size = 48
1743687759.886917: 1550032-7f71461e9700: cdpl_server_ipc.c:715: in _sv_on_relay(): debug: RELAY message from W1, content = WORKERDU|1131,dc2isi00nfs.oit.ncsu.edu:/coe_nfs
1743687759.886939: 1550032-7f71461e9700: cdpl_server_ipc.c:1268: in _sv_ipc_thread(): debug: received RELAY message
1743687759.886945: 1550032-7f71461e9700: cdpl_server_ipc.c:713: in _sv_on_relay(): debug: RELAY message from W1, size = 211
1743687759.886951: 1550032-7f71461e9700: cdpl_server_ipc.c:715: in _sv_on_relay(): debug: RELAY message from W1, content = REQPILOT|saeSession0,1,HSPICE_default|&/mnt/coe/workspace/ece/ece546-spr25/group8/group8_project/simulation/group8,memory_array_write_test,schematic/history_1/simulation/HSPICE_default/HSPICE/nominal/results|&0
1743687759.887239: 1550032-7f71377fe700: cdpl_compat_master.c:5948: in cdplMasterLogInfo(): info: [non-CDPL log entry] PWDP send back 'DOPILOT' to worker id:1 key: saeSession0,1,HSPICE_default|&/mnt/coe/workspace/ece/ece546-spr25/group8/group8_project/simulation/group8,memory_array_write_test,schematic/history_1/simulation/HSPICE_default/HSPICE/nominal/results
1743687759.898572: 1550032-7f71377fe700: cdpl_compat_master.c:5948: in cdplMasterLogInfo(): info: [non-CDPL log entry] PWDP: set pilot doing!
1743687759.918188: 1550032-7f71461e9700: cdpl_server_ipc.c:1268: in _sv_ipc_thread(): debug: received RELAY message
1743687759.918222: 1550032-7f71461e9700: cdpl_server_ipc.c:713: in _sv_on_relay(): debug: RELAY message from W1, size = 207
1743687759.918230: 1550032-7f71461e9700: cdpl_server_ipc.c:715: in _sv_on_relay(): debug: RELAY message from W1, content = PILOTOK|saeSession0,1,HSPICE_default|&/mnt/coe/workspace/ece/ece546-spr25/group8/group8_project/simulation/group8,memory_array_write_test,schematic/history_1/simulation/HSPICE_default/HSPICE/nominal/results
1743687759.918383: 1550032-7f71377fe700: cdpl_compat_master.c:5948: in cdplMasterLogInfo(): info: [non-CDPL log entry] PWDP: set pilot done!
1743687759.919436: 1550032-7f71461e9700: cdpl_server_ipc.c:1268: in _sv_ipc_thread(): debug: received RELAY message
1743687759.919470: 1550032-7f71461e9700: cdpl_server_ipc.c:713: in _sv_on_relay(): debug: RELAY message from W1, size = 18
1743687759.919479: 1550032-7f71461e9700: cdpl_server_ipc.c:715: in _sv_on_relay(): debug: RELAY message from W1, content = 0$- - - MEASDOING
1743687780.871231: 1550032-7f71461e9700: cdpl_server_ipc.c:1268: in _sv_ipc_thread(): debug: received RELAY message
1743687780.874192: 1550032-7f71461e9700: cdpl_server_ipc.c:713: in _sv_on_relay(): debug: RELAY message from W1, size = 72
1743687780.874213: 1550032-7f71461e9700: cdpl_server_ipc.c:715: in _sv_on_relay(): debug: RELAY message from W1, content = 0$1558236 grendel42.ece.ncsu.edu 1558388 FINISHED 1743687739|1743687780
1743687780.904923: 1550032-7f71461e9700: cdpl_server_ipc.c:1268: in _sv_ipc_thread(): debug: received RELAY message
1743687780.904972: 1550032-7f71461e9700: cdpl_server_ipc.c:713: in _sv_on_relay(): debug: RELAY message from W1, size = 209
1743687780.904981: 1550032-7f71461e9700: cdpl_server_ipc.c:715: in _sv_on_relay(): debug: RELAY message from W1, content = PILOTDONE|saeSession0,1,HSPICE_default|&/mnt/coe/workspace/ece/ece546-spr25/group8/group8_project/simulation/group8,memory_array_write_test,schematic/history_1/simulation/HSPICE_default/HSPICE/nominal/results
1743687780.905124: 1550032-7f71377fe700: cdpl_compat_master.c:5948: in cdplMasterLogInfo(): info: [non-CDPL log entry] saeSession0,1,HSPICE_default|&/mnt/coe/workspace/ece/ece546-spr25/group8/group8_project/simulation/group8,memory_array_write_test,schematic/history_1/simulation/HSPICE_default/HSPICE/nominal/results PILOTDONE!
1743687780.938615: 1550032-7f71461e9700: cdpl_server_ipc.c:1251: in _sv_ipc_thread(): debug: received FINISH message
1743687780.938648: 1550032-7f71461e9700: cdpl_server_ipc.c:983: in _sv_on_finish(): info: worker W1 completed task T0
1743687780.938656: 1550032-7f71461e9700: cdpl_server_ipc.c:988: in _sv_on_finish(): debug: stat T0: utime=10690 stime=5087
1743687780.938663: 1550032-7f71461e9700: cdpl_server_ipc.c:993: in _sv_on_finish(): debug: statm T0: vsize=2867640 rss=1062536 shared=519680 text=474784 data=733144
1743687781.015170: 1550032-7f71461e9700: cdpl_server_ipc.c:1268: in _sv_ipc_thread(): debug: received RELAY message
1743687781.015204: 1550032-7f71461e9700: cdpl_server_ipc.c:713: in _sv_on_relay(): debug: RELAY message from W1, size = 47
1743687781.015212: 1550032-7f71461e9700: cdpl_server_ipc.c:715: in _sv_on_relay(): debug: RELAY message from W1, content = WORKERDU|348,dc2isi00nfs.oit.ncsu.edu:/coe_nfs
1743687787.751197: 1550032-7f717d67e540: cdpl_server.c:3008: in cdpl_sv_halt_job_errno(): info: killing job J1
1743687787.754351: 1550032-7f717d67e540: cdpl_server.c:3044: in cdpl_sv_halt_job_errno(): debug: signal bin B1 scheduler to stop
1743687787.754503: 1550032-7f7135ffb700: cdpl_server_sched.c:2484: in _sv_scheduler_thread(): debug: scheduler for bin B1 stopped
1743687787.754574: 1550032-7f7135ffb700: cdpl_ipc.c:1657: in _host_drop__UNSAFE(): debug: dropping host `152.14.98.57:36856'
1743687787.754685: 1550032-7f7135ffb700: cdpl_server_sched.c:2830: in _sv_drop_worker(): info: down to 0 alive workers in B1
1743687787.754701: 1550032-7f7135ffb700: cdpl_farm.c:4152: in cdpl_farm_dismiss(): debug: down to 0 running processes
1743687787.754713: 1550032-7f71461e9700: cdpl_server_ipc.c:1236: in _sv_ipc_thread(): debug: received DROP notification
1743687787.754774: 1550032-7f7135ffb700: cdpl_server_sched.c:121: in _free_worker_2(): debug: freeing worker W1
1743687787.754802: 1550032-7f7135ffb700: cdpl_ipc.c:2513: in cdpl_ipc_host_release(): debug: releasing host `152.14.98.57:36856'
1743687787.754946: 1550032-7f717d67e540: cdpl_server.c:294: in _sv_free_job(): info: freeing job J1
1743687787.754973: 1550032-7f717d67e540: cdpl_server.c:92: in _sv_free_bin(): debug: freeing bin B1
1743687787.754989: 1550032-7f717d67e540: cdpl_server.c:184: in _sv_free_task(): debug: freeing task T0
1743687787.755068: 1550032-7f717d67e540: cdpl_monitor.c:515: in cdpl_mn_kill(): info: killing monitor
1743687787.755083: 1550032-7f717d67e540: cdpl_ipc.c:3677: in cdpl_ipc_kill(): debug: stopping event server
1743687787.755202: 1550032-7f71469ea700: cdpl_ipc.c:775: in _readv(): warning: read(): EOF
1743687787.755235: 1550032-7f71451e7700: cdpl_ipc.c:2460: in _epoll_main(): debug: server going down...
1743687787.755288: 1550032-7f71469ea700: cdpl_ipc.c:2100: in _epoll_recv(): debug: _readv(): Broken pipe
1743687787.755300: 1550032-7f71469ea700: cdpl_ipc.c:2424: in _epoll_main(): debug: _epoll_recv(): Broken pipe
1743687787.755308: 1550032-7f71469ea700: cdpl_ipc.c:1657: in _host_drop__UNSAFE(): debug: dropping host `152.14.98.57:36846'
1743687787.755453: 1550032-7f71469ea700: cdpl_ipc.c:1582: in _host_free__UNSAFE(): debug: freeing host `152.14.98.57:36856'
1743687787.755461: 1550032-7f71469ea700: cdpl_ipc.c:1621: in _host_free__UNSAFE(): debug: [0 outq, 0 spR, 0 spW]
1743687787.755504: 1550032-7f71461e9700: cdpl_server_ipc.c:1236: in _sv_ipc_thread(): debug: received DROP notification
1743687787.755555: 1550032-7f71461e9700: cdpl_monitor.c:1269: in cdpl_mn_drop(): debug: detaching from monitor `152.14.98.57:36846'
1743687787.755568: 1550032-7f71461e9700: cdpl_monitor.c:1101: in mn_systat_stop(): debug: joining systat thread
1743687787.755731: 1550032-7f7137fff700: cdpl_monitor.c:1079: in mn_systat(): debug: exiting
1743687787.755807: 1550032-7f71459e8700: cdpl_ipc.c:3728: in cdpl_ipc_free(): debug: releasing IPC handle
1743687787.755842: 1550032-7f71459e8700: cdpl_ipc.c:1582: in _host_free__UNSAFE(): debug: freeing host `152.14.98.57:46671'
1743687787.755851: 1550032-7f71459e8700: cdpl_ipc.c:1621: in _host_free__UNSAFE(): debug: [0 outq, 0 spR, 0 spW]
1743687787.755860: 1550032-7f71461e9700: cdpl_monitor.c:1103: in mn_systat_stop(): debug: systat thread done
1743687787.755887: 1550032-7f71459e8700: cdpl_ipc.c:1582: in _host_free__UNSAFE(): debug: freeing host `152.14.98.57:35397'
1743687787.755895: 1550032-7f71459e8700: cdpl_ipc.c:1621: in _host_free__UNSAFE(): debug: [0 outq, 0 spR, 0 spW]
1743687787.755904: 1550032-7f71461e9700: cdpl_ipc.c:2513: in cdpl_ipc_host_release(): debug: releasing host `152.14.98.57:36846'
1743687787.755914: 1550032-7f71459e8700: cdpl_ipc.c:3756: in cdpl_ipc_free(): warning: 2 host(s) were not released
1743687787.755944: 1550032-7f71459e8700: cdpl_ipc.c:3767: in cdpl_ipc_free(): debug: done
1743687787.755950: 1550032-7f71459e8700: cdpl_monitor.c:1390: in cdpl_mn_free(): debug: freeing monitor client
1743687787.756300: 1550032-7f717d67e540: cdpl_farm.c:2740: in cdpl_farm_free(): info: freeing farm
1743687787.756448: 1550032-7f71357fa700: cdpl_farm.c:2231: in _schedule(): debug: end of idling
1743687787.756474: 1550032-7f71357fa700: cdpl_farm.c:2235: in _schedule(): debug: dying
1743687787.756721: 1550032-7f717d67e540: cdpl_farm.c:913: in _killall(): debug: killing all remaining commands
1743687787.756788: 1550032-7f717d67e540: cdpl_server.c:3144: in cdpl_sv_free(): info: freeing server S908615166
1743687787.756827: 1550032-7f717d67e540: cdpl_server.c:3109: in cdpl_sv_kill_errno(): info: killing server
1743687787.756835: 1550032-7f717d67e540: cdpl_ipc.c:3677: in cdpl_ipc_kill(): debug: stopping event server
1743687787.756862: 1550032-7f71469ea700: cdpl_ipc.c:2460: in _epoll_main(): debug: server going down...
1743687787.756960: 1550032-7f71461e9700: cdpl_server_ipc.c:1200: in _sv_ipc_thread(): debug: leaving now
1743687787.757095: 1550032-7f717d67e540: cdpl_server.c:334: in _sv_free_master(): info: freeing master M1
1743687787.757139: 1550032-7f717d67e540: cdpl_hash.c:68: in cdpl_h_destroy(): debug: put operations: 1
1743687787.757147: 1550032-7f717d67e540: cdpl_hash.c:69: in cdpl_h_destroy(): debug: put collisions: 0
1743687787.757152: 1550032-7f717d67e540: cdpl_hash.c:70: in cdpl_h_destroy(): debug: get operations: 1
1743687787.757156: 1550032-7f717d67e540: cdpl_hash.c:71: in cdpl_h_destroy(): debug: get iterations: 1
1743687787.757186: 1550032-7f717d67e540: cdpl_monitor.c:1390: in cdpl_mn_free(): debug: freeing monitor server
1743687787.757194: 1550032-7f717d67e540: cdpl_ipc.c:3728: in cdpl_ipc_free(): debug: releasing IPC handle
1743687787.757199: 1550032-7f717d67e540: cdpl_ipc.c:1582: in _host_free__UNSAFE(): debug: freeing host `152.14.98.57:36846'
1743687787.757206: 1550032-7f717d67e540: cdpl_ipc.c:1621: in _host_free__UNSAFE(): debug: [0 outq, 0 spR, 0 spW]
1743687787.757246: 1550032-7f717d67e540: cdpl_ipc.c:3767: in cdpl_ipc_free(): debug: done
1743687787.757261: 1550032-7f717d67e540: cdpl_log.c:481: in cdpl_log_close(): info: @@end_of_log@@
