1743885837.442148: 28700-7f38f92c7540: cdpl_log.c:337: in cdpl_log_open(): info: @@start_of_log@@
1743885837.442261: 28700-7f38f92c7540: cdpl_log.c:1058: in cdpl_log_dump_sysinfo(): info: time: 2025/04/05 16:43:57 EDT -0400
1743885837.442272: 28700-7f38f92c7540: cdpl_log.c:1060: in cdpl_log_dump_sysinfo(): info: version: W-2024.09-SP1-2 
1743885837.442277: 28700-7f38f92c7540: cdpl_log.c:1062: in cdpl_log_dump_sysinfo(): info: system: Linux 4.18.0-553.46.1.el8_10.x86_64 #1 SMP Sat Mar 15 01:37:33 EDT 2025
1743885837.442283: 28700-7f38f92c7540: cdpl_log.c:1067: in cdpl_log_dump_sysinfo(): info: processor: x86_64 64-bits
1743885837.442288: 28700-7f38f92c7540: cdpl_log.c:1071: in cdpl_log_dump_sysinfo(): info: hostname: grendel46.ece.ncsu.edu
1743885837.442293: 28700-7f38f92c7540: cdpl_log.c:1073: in cdpl_log_dump_sysinfo(): info: program name: custom_shell
1743885837.442304: 28700-7f38f92c7540: cdpl_log.c:340: in cdpl_log_open(): debug: path: /mnt/coe/workspace/ece/ece546-spr25/group8/group8_project/synopsys_custom/pwdp_jobs/saeSession7_default.SimulationSimulation_cdpl.0.28700/logs/master.grendel46.ece.ncsu.edu.28700.log
1743885837.442310: 28700-7f38f92c7540: cdpl_log.c:341: in cdpl_log_open(): debug: dir: /mnt/coe/workspace/ece/ece546-spr25/group8/group8_project/synopsys_custom/pwdp_jobs/saeSession7_default.SimulationSimulation_cdpl.0.28700/logs
1743885837.442429: 28700-7f38f92c7540: cdpl_server.c:536: in cdpl_sv_init(): info: new server S1564563465
1743885837.442455: 28700-7f38f92c7540: cdpl_ipc.c:3475: in cdpl_ipc_init(): info: requesting IPv4 protocol
1743885837.446792: 28700-7f38f92c7540: cdpl_ipc.c:837: in _selectaddrfamily(): info: selected IPv4 protocol
1743885837.446912: 28700-7f38f92c7540: cdpl_ipc.c:1139: in _set_keepalive(): info: TCP keep alive interval: 300
1743885837.450188: 28700-7f38f92c7540: cdpl_monitor.c:1117: in cdpl_mn_new_server(): info: creating server monitor instance
1743885837.450268: 28700-7f38f92c7540: cdpl_server.c:650: in cdpl_sv_new_master(): info: new master M1
1743885837.450310: 28700-7f38f92c7540: cdpl_server.c:6533: in cdpl_sv_ctl_master(): info: Setting worker heartbeat to 120 seconds
1743885837.450318: 28700-7f38f92c7540: cdpl_server.c:6542: in cdpl_sv_ctl_master(): info: Setting worker heartbeat timeout to 3 heartbeats
1743885837.450326: 28700-7f38f92c7540: cdpl_compat_master.c:2090: in _parse_hostfile(): info: reading hostfile `/mnt/coe/workspace/ece/ece546-spr25/group8/group8_project/synopsys_custom/pwdp_jobs/saeSession7_default.SimulationSimulation_cdpl.0.28700/host_file'
1743885837.453510: 28700-7f38f92c7540: cdpl_compat_master.c:1900: in _hostfile_parser(): debug: parsing "1     |localhost|   -1  | /tmp | SH | sh"
1743885837.453566: 28700-7f38f92c7540: cdpl_farm.c:2578: in cdpl_farm_new_sh(): info: creating SH farm on localhost
1743885837.453588: 28700-7f38f92c7540: cdpl_compat_master.c:206: in _set_farm_env(): info: exporting CDPL_LOGDIR as `/mnt/coe/workspace/ece/ece546-spr25/group8/group8_project/synopsys_custom/pwdp_jobs/saeSession7_default.SimulationSimulation_cdpl.0.28700/logs'
1743885837.453595: 28700-7f38f92c7540: cdpl_compat_master.c:212: in _set_farm_env(): info: exporting CDPL_TMPDIR as `/tmp'
1743885837.453601: 28700-7f38f92c7540: cdpl_compat_master.c:219: in _set_farm_env(): info: exporting CDPL_HOME as `/mnt/apps/public/COE/synopsys_apps/hspice/W-2024.09-SP1/hspice/cdpl'
1743885837.453608: 28700-7f38f92c7540: cdpl_compat_master.c:235: in _set_farm_env(): info: exporting SNPSLMD_LICENSE_FILE as `27000@ece-lic-35.ece.ncsu.edu'
1743885837.453616: 28700-7f38f92c7540: cdpl_compat_master.c:259: in _set_farm_env(): info: exporting CDPL_OPTIONS as `[nowlogs]'
1743885837.453621: 28700-7f38f92c7540: cdpl_compat_master.c:266: in _set_farm_env(): info: exporting DISPLAY as `unix:12092'
1743885837.453627: 28700-7f38f92c7540: cdpl_compat_master.c:274: in _set_farm_env(): info: exporting CDPL_HEARTBEAT as `120'
1743885837.453669: 28700-7f38f92c7540: cdpl_farm.c:3149: in cdpl_farm_add_withdir(): debug: added `localhost' (capacity: unlimited)
1743885837.453676: 28700-7f38f92c7540: cdpl_compat_parse.c:147: in parsefile(): debug: read `/mnt/coe/workspace/ece/ece546-spr25/group8/group8_project/synopsys_custom/pwdp_jobs/saeSession7_default.SimulationSimulation_cdpl.0.28700/host_file', 2 lines
1743885837.453700: 28700-7f38f92c7540: cdpl_compat_master.c:2931: in cdplInitMaster(): info: bcast dir is `/mnt/coe/workspace/ece/ece546-spr25/group8/group8_project/synopsys_custom/pwdp_jobs/saeSession7_default.SimulationSimulation_cdpl.0.28700/logs'
1743885837.457219: 28700-7f38f92c7540: cdpl_server.c:6433: in cdpl_sv_ctl_master(): info: farm worker timeout set to 300
1743885837.457227: 28700-7f38f92c7540: cdpl_server.c:6486: in cdpl_sv_ctl_master(): info: maximum number of task execution attempts set to 1
1743885837.457292: 28700-7f38f92c7540: cdpl_server.c:3195: in cdpl_sv_start(): debug: starting server
1743885837.457308: 28700-7f38f92c7540: cdpl_ipc.c:3632: in cdpl_ipc_start(): debug: starting IPC server 152.14.98.63:36811
1743885837.457887: 28700-7f38c1e35700: cdpl_server_ipc.c:1182: in _sv_ipc_thread(): debug: ready
1743885837.458230: 28700-7f38c1634700: cdpl_monitor.c:426: in cdpl_mn_init_client(): info: creating client monitor instance
1743885837.458287: 28700-7f38c1634700: cdpl_ipc.c:3475: in cdpl_ipc_init(): info: requesting IPv4 protocol
1743885837.463034: 28700-7f38c1634700: cdpl_ipc.c:837: in _selectaddrfamily(): info: selected IPv4 protocol
1743885837.463114: 28700-7f38c1634700: cdpl_ipc.c:1139: in _set_keepalive(): info: TCP keep alive interval: 300
1743885837.465803: 28700-7f38c1634700: cdpl_ipc.c:3632: in cdpl_ipc_start(): debug: starting IPC server 152.14.98.63:38415
1743885837.466227: 28700-7f38c1634700: cdpl_monitor.c:471: in cdpl_mn_init_client(): debug: incoming messages in /tmp/cdpl-monitor-DbbIN4
1743885837.466905: 28700-7f38c1634700: cdpl_monitor.c:533: in cdpl_mn_connect(): debug: connecting to 152.14.98.63:36811
1743885837.466928: 28700-7f38c1634700: cdpl_ipc.c:3789: in cdpl_ipc_connect(): info: connecting to 152.14.98.63:36811
1743885837.467251: 28700-7f38c1634700: cdpl_ipc.c:3860: in cdpl_ipc_connect(): info: connected as `152.14.98.63:44972'
1743885837.467290: 28700-7f38c1634700: cdpl_ipc.c:2503: in cdpl_ipc_host_accept(): debug: accepted host `152.14.98.63:36811'
1743885837.467375: 28700-7f38c1634700: cdpl_monitor.c:579: in cdpl_mn_connect(): debug: ok
1743885837.467418: 28700-7f38c2636700: cdpl_ipc.c:1862: in _epoll_accept(): debug: new connection from `152.14.98.63:44972'
1743885837.467485: 28700-7f38f92c7540: cdpl_server.c:731: in cdpl_sv_new_job(): info: new job J1 in M1
1743885837.467590: 28700-7f38f92c7540: cdpl_compat_master.c:1581: in _add_worker(): info: new worker type 10, min:1, max:3, cmd:`/mnt/coe/workspace/ece/ece546-spr25/group8/group8_project/synopsys_custom/pwdp_jobs/saeSession7_default.SimulationSimulation_cdpl.0.28700/START_WORKER pw_worker -i /mnt/coe/workspace/ece/ece546-spr25/group8/group8_pr
1743885837.467644: 28700-7f38f92c7540: cdpl_server.c:908: in cdpl_sv_new_bin_withfarm(): info: new bin B1 in J1
1743885837.467669: 28700-7f38c1e35700: cdpl_server_ipc.c:1225: in _sv_ipc_thread(): debug: received ACCEPT notification
1743885837.467717: 28700-7f38c1e35700: cdpl_ipc.c:2503: in cdpl_ipc_host_accept(): debug: accepted host `152.14.98.63:44972'
1743885837.467776: 28700-7f38c1e35700: cdpl_server_ipc.c:1256: in _sv_ipc_thread(): debug: received MONITOR message
1743885837.468787: 28700-7f38c1e35700: cdpl_monitor.c:1207: in cdpl_mn_accept(): debug: accepted monitor `152.14.98.63:44972'
1743885837.468819: 28700-7f38c1e35700: cdpl_server_ipc_mon.c:120: in _globalLOCK(): debug: ENTERTING GLOBAL LOCK
1743885837.468827: 28700-7f38c1e35700: cdpl_server_ipc_mon.c:164: in _globalLOCK(): debug: global lock acquired
1743885837.468909: 28700-7f38baffd700: cdpl_monitor.c:910: in mn_systat(): debug: started
1743885837.469693: 28700-7f38baffd700: cdpl_monitor.c:937: in mn_systat(): debug: monitor server flush rate: 5
1743885839.642612: 28700-7f38c1e35700: cdpl_server_ipc_mon.c:210: in _globalUNLOCK(): debug: LEAVING GLOBAL LOCK
1743885839.642734: 28700-7f38f92c7540: cdpl_server.c:3249: in cdpl_sv_start_job(): info: starting job J1
1743885839.642822: 28700-7f38f92c7540: cdpl_server.c:62: in _sv_start_bin(): debug: starting bin B1 (min: 0, max: 3)
1743885839.643114: 28700-7f38b97fa700: cdpl_server_sched.c:2482: in _sv_scheduler_thread(): debug: scheduler for bin B1 started
1743885839.643182: 28700-7f38f92c7540: cdpl_server.c:1893: in _sv_gen_task(): info: new task T0 in B1 (prio 0)
1743885839.643263: 28700-7f38f92c7540: cdpl_server.c:2698: in cdpl_sv_label_task_va(): info: setting task T0 label to "HSPICE_1|HSPICE"
1743885839.643372: 28700-7f38b97fa700: cdpl_server_sched.c:2443: in _scheduler_run(): debug: will start a new worker
1743885839.643475: 28700-7f38b97fa700: cdpl_farm.c:3977: in cdpl_farm_submit(): debug: 1 running processes
1743885839.643483: 28700-7f38b97fa700: cdpl_farm.c:3985: in cdpl_farm_submit(): debug: new command C1 in bin B1 assigned to host `localhost'
1743885839.643725: 28700-7f38b97fa700: cdpl_server_sched.c:705: in _sv_launch_worker(): info: started worker W1 (as C1) in bin B1
1743885839.643779: 28700-7f38b8ff9700: cdpl_farm.c:2139: in _schedule(): debug: started
1743885839.643808: 28700-7f38b8ff9700: cdpl_farm.c:2303: in _schedule(): debug: submitting command C1 in bin B1
1743885839.643850: 28700-7f38b8ff9700: cdpl_sh.c:49: in _sh_detached_submit(): info: SH : /mnt/coe/workspace/ece/ece546-spr25/group8/group8_project/synopsys_custom/pwdp_jobs/saeSession7_default.SimulationSimulation_cdpl.0.28700/START_WORKER pw_worker -i /mnt/coe/workspace/ece/ece546-spr25/group8/group8_project/synopsys_custom/pwdp_jobs/saeSession7_default.SimulationSimulation_cdpl.0.28700 -t 10000
1743885839.652441: 28700-7f38b8ff9700: cdpl_farm.c:2343: in _schedule(): debug: C1 in bin B1 running on slot 0
1743885839.652476: 28700-7f38b8ff9700: cdpl_farm.c:2167: in _schedule(): debug: idle
1743885839.952607: 28700-7f38b8ff9700: cdpl_farm.c:1193: in _onexit(): debug: C1 in bin B1 exited normally on slot 0
1743885841.205546: 28700-7f38ba7fc700: cdpl_compat_master.c:5948: in cdplMasterLogInfo(): info: [non-CDPL log entry] PWDP - no-workers started ok check start!
1743885842.488835: 28700-7f38f92c7540: cdpl_compat_master.c:5948: in cdplMasterLogInfo(): info: [non-CDPL log entry] PWDP3: reset pilot cache succeeded, pilot_key=saeSession7,1,default|&/mnt/coe/workspace/ece/ece546-spr25/group8/group8_project/simulation/group8,Write_Driver_tb,schematic/history_1/simulation/default/PrimeSimHSPICE/nominal/results
1743885844.287274: 28700-7f38c2636700: cdpl_ipc.c:1862: in _epoll_accept(): debug: new connection from `152.14.98.63:53248'
1743885844.321799: 28700-7f38c1e35700: cdpl_server_ipc.c:1225: in _sv_ipc_thread(): debug: received ACCEPT notification
1743885844.321842: 28700-7f38c1e35700: cdpl_ipc.c:2503: in cdpl_ipc_host_accept(): debug: accepted host `152.14.98.63:53248'
1743885844.321881: 28700-7f38c1e35700: cdpl_server_ipc.c:1246: in _sv_ipc_thread(): debug: received HELLO message
1743885844.321887: 28700-7f38c1e35700: cdpl_server_ipc.c:430: in _sv_on_hello(): debug: looking up W1
1743885844.321900: 28700-7f38c1e35700: cdpl_server_ipc.c:540: in _sv_on_hello(): info: W1 is `152.14.98.63:53248'
1743885844.321906: 28700-7f38c1e35700: cdpl_server_ipc.c:541: in _sv_on_hello(): debug: hello W1 (B1)
1743885844.321911: 28700-7f38c1e35700: cdpl_server_ipc.c:542: in _sv_on_hello(): info: W1 log file is /dev/null
1743885844.321999: 28700-7f38c1e35700: cdpl_server_ipc.c:602: in _sv_on_hello(): info: up to 1 alive workers in B1
1743885844.322021: 28700-7f38c1e35700: cdpl_farm.c:878: in _release_cmd(): debug: freeing command C1 in bin B1
1743885844.322061: 28700-7f38b97fa700: cdpl_server_sched.c:960: in _assign(): info: assigning task T0 to worker W1
1743885845.288285: 28700-7f38c1e35700: cdpl_server_ipc.c:312: in _sv_on_heartbeat(): debug: received HEARTBEAT from worker W1 at 152.14.98.63:53248
1743885847.524334: 28700-7f38c1e35700: cdpl_server_ipc.c:1268: in _sv_ipc_thread(): debug: received RELAY message
1743885847.524374: 28700-7f38c1e35700: cdpl_server_ipc.c:713: in _sv_on_relay(): debug: RELAY message from W1, size = 56
1743885847.524396: 28700-7f38c1e35700: cdpl_server_ipc.c:715: in _sv_on_relay(): debug: RELAY message from W1, content = 0$29716 grendel46.ece.ncsu.edu 29804 RUNNING 1743885846
1743885847.535791: 28700-7f38c1634700: cdpl_monitor.c:533: in cdpl_mn_connect(): debug: connecting to 152.14.98.63:38615
1743885847.535819: 28700-7f38c1634700: cdpl_ipc.c:3789: in cdpl_ipc_connect(): info: connecting to 152.14.98.63:38615
1743885847.536199: 28700-7f38c1634700: cdpl_ipc.c:3860: in cdpl_ipc_connect(): info: connected as `152.14.98.63:44034'
1743885847.536222: 28700-7f38c1634700: cdpl_ipc.c:2503: in cdpl_ipc_host_accept(): debug: accepted host `152.14.98.63:38615'
1743885847.536236: 28700-7f38c1634700: cdpl_monitor.c:579: in cdpl_mn_connect(): debug: ok
1743885871.523093: 28700-7f38c1e35700: cdpl_server_ipc.c:1268: in _sv_ipc_thread(): debug: received RELAY message
1743885871.524833: 28700-7f38c1e35700: cdpl_server_ipc.c:713: in _sv_on_relay(): debug: RELAY message from W1, size = 48
1743885871.524854: 28700-7f38c1e35700: cdpl_server_ipc.c:715: in _sv_on_relay(): debug: RELAY message from W1, content = WORKERDU|1210,dc2isi00nfs.oit.ncsu.edu:/coe_nfs
1743885871.524881: 28700-7f38c1e35700: cdpl_server_ipc.c:1268: in _sv_ipc_thread(): debug: received RELAY message
1743885871.524888: 28700-7f38c1e35700: cdpl_server_ipc.c:713: in _sv_on_relay(): debug: RELAY message from W1, size = 197
1743885871.524894: 28700-7f38c1e35700: cdpl_server_ipc.c:715: in _sv_on_relay(): debug: RELAY message from W1, content = REQPILOT|saeSession7,1,default|&/mnt/coe/workspace/ece/ece546-spr25/group8/group8_project/simulation/group8,Write_Driver_tb,schematic/history_1/simulation/default/PrimeSimHSPICE/nominal/results|&0
1743885871.525182: 28700-7f38bb7fe700: cdpl_compat_master.c:5948: in cdplMasterLogInfo(): info: [non-CDPL log entry] PWDP send back 'DOPILOT' to worker id:1 key: saeSession7,1,default|&/mnt/coe/workspace/ece/ece546-spr25/group8/group8_project/simulation/group8,Write_Driver_tb,schematic/history_1/simulation/default/PrimeSimHSPICE/nominal/results
1743885871.531923: 28700-7f38bb7fe700: cdpl_compat_master.c:5948: in cdplMasterLogInfo(): info: [non-CDPL log entry] PWDP: set pilot doing!
1743885871.549777: 28700-7f38c1e35700: cdpl_server_ipc.c:1268: in _sv_ipc_thread(): debug: received RELAY message
1743885871.549812: 28700-7f38c1e35700: cdpl_server_ipc.c:713: in _sv_on_relay(): debug: RELAY message from W1, size = 193
1743885871.549820: 28700-7f38c1e35700: cdpl_server_ipc.c:715: in _sv_on_relay(): debug: RELAY message from W1, content = PILOTOK|saeSession7,1,default|&/mnt/coe/workspace/ece/ece546-spr25/group8/group8_project/simulation/group8,Write_Driver_tb,schematic/history_1/simulation/default/PrimeSimHSPICE/nominal/results
1743885871.549883: 28700-7f38bb7fe700: cdpl_compat_master.c:5948: in cdplMasterLogInfo(): info: [non-CDPL log entry] PWDP: set pilot done!
1743885871.550817: 28700-7f38c1e35700: cdpl_server_ipc.c:1268: in _sv_ipc_thread(): debug: received RELAY message
1743885871.550854: 28700-7f38c1e35700: cdpl_server_ipc.c:713: in _sv_on_relay(): debug: RELAY message from W1, size = 18
1743885871.550862: 28700-7f38c1e35700: cdpl_server_ipc.c:715: in _sv_on_relay(): debug: RELAY message from W1, content = 0$- - - MEASDOING
1743885874.232721: 28700-7f38c1e35700: cdpl_server_ipc.c:1268: in _sv_ipc_thread(): debug: received RELAY message
1743885874.232791: 28700-7f38c1e35700: cdpl_server_ipc.c:713: in _sv_on_relay(): debug: RELAY message from W1, size = 68
1743885874.232801: 28700-7f38c1e35700: cdpl_server_ipc.c:715: in _sv_on_relay(): debug: RELAY message from W1, content = 0$29716 grendel46.ece.ncsu.edu 29804 FINISHED 1743885846|1743885874
1743885874.252362: 28700-7f38c1e35700: cdpl_server_ipc.c:1268: in _sv_ipc_thread(): debug: received RELAY message
1743885874.252396: 28700-7f38c1e35700: cdpl_server_ipc.c:713: in _sv_on_relay(): debug: RELAY message from W1, size = 195
1743885874.252405: 28700-7f38c1e35700: cdpl_server_ipc.c:715: in _sv_on_relay(): debug: RELAY message from W1, content = PILOTDONE|saeSession7,1,default|&/mnt/coe/workspace/ece/ece546-spr25/group8/group8_project/simulation/group8,Write_Driver_tb,schematic/history_1/simulation/default/PrimeSimHSPICE/nominal/results
1743885874.252575: 28700-7f38bb7fe700: cdpl_compat_master.c:5948: in cdplMasterLogInfo(): info: [non-CDPL log entry] saeSession7,1,default|&/mnt/coe/workspace/ece/ece546-spr25/group8/group8_project/simulation/group8,Write_Driver_tb,schematic/history_1/simulation/default/PrimeSimHSPICE/nominal/results PILOTDONE!
1743885874.269120: 28700-7f38c1e35700: cdpl_server_ipc.c:1251: in _sv_ipc_thread(): debug: received FINISH message
1743885874.269157: 28700-7f38c1e35700: cdpl_server_ipc.c:983: in _sv_on_finish(): info: worker W1 completed task T0
1743885874.269165: 28700-7f38c1e35700: cdpl_server_ipc.c:988: in _sv_on_finish(): debug: stat T0: utime=10410 stime=5034
1743885874.269171: 28700-7f38c1e35700: cdpl_server_ipc.c:993: in _sv_on_finish(): debug: statm T0: vsize=2867720 rss=1063396 shared=519936 text=474784 data=733248
1743885874.289716: 28700-7f38f92c7540: cdpl_server.c:227: in _sv_free_task_safe(): debug: freeing task T0
1743885874.304229: 28700-7f38c1e35700: cdpl_server_ipc.c:1268: in _sv_ipc_thread(): debug: received RELAY message
1743885874.304263: 28700-7f38c1e35700: cdpl_server_ipc.c:713: in _sv_on_relay(): debug: RELAY message from W1, size = 47
1743885874.304271: 28700-7f38c1e35700: cdpl_server_ipc.c:715: in _sv_on_relay(): debug: RELAY message from W1, content = WORKERDU|108,dc2isi00nfs.oit.ncsu.edu:/coe_nfs
1743885878.211819: 28700-7f38f92c7540: cdpl_server.c:3008: in cdpl_sv_halt_job_errno(): info: killing job J1
1743885878.213439: 28700-7f38f92c7540: cdpl_server.c:3044: in cdpl_sv_halt_job_errno(): debug: signal bin B1 scheduler to stop
1743885878.213586: 28700-7f38b97fa700: cdpl_server_sched.c:2484: in _sv_scheduler_thread(): debug: scheduler for bin B1 stopped
1743885878.213664: 28700-7f38b97fa700: cdpl_ipc.c:1657: in _host_drop__UNSAFE(): debug: dropping host `152.14.98.63:53248'
1743885878.213817: 28700-7f38b97fa700: cdpl_server_sched.c:2830: in _sv_drop_worker(): info: down to 0 alive workers in B1
1743885878.213840: 28700-7f38b97fa700: cdpl_farm.c:4152: in cdpl_farm_dismiss(): debug: down to 0 running processes
1743885878.213864: 28700-7f38b97fa700: cdpl_server_sched.c:121: in _free_worker_2(): debug: freeing worker W1
1743885878.213894: 28700-7f38b97fa700: cdpl_ipc.c:2513: in cdpl_ipc_host_release(): debug: releasing host `152.14.98.63:53248'
1743885878.214059: 28700-7f38f92c7540: cdpl_server.c:294: in _sv_free_job(): info: freeing job J1
1743885878.214100: 28700-7f38f92c7540: cdpl_server.c:92: in _sv_free_bin(): debug: freeing bin B1
1743885878.214114: 28700-7f38c1e35700: cdpl_server_ipc.c:1236: in _sv_ipc_thread(): debug: received DROP notification
1743885878.214225: 28700-7f38f92c7540: cdpl_monitor.c:515: in cdpl_mn_kill(): info: killing monitor
1743885878.214247: 28700-7f38f92c7540: cdpl_ipc.c:3677: in cdpl_ipc_kill(): debug: stopping event server
1743885878.214410: 28700-7f38c0e33700: cdpl_ipc.c:2460: in _epoll_main(): debug: server going down...
1743885878.214481: 28700-7f38c2636700: cdpl_ipc.c:775: in _readv(): warning: read(): EOF
1743885878.214596: 28700-7f38c2636700: cdpl_ipc.c:2100: in _epoll_recv(): debug: _readv(): Broken pipe
1743885878.214614: 28700-7f38c2636700: cdpl_ipc.c:2424: in _epoll_main(): debug: _epoll_recv(): Broken pipe
1743885878.214626: 28700-7f38c2636700: cdpl_ipc.c:1657: in _host_drop__UNSAFE(): debug: dropping host `152.14.98.63:44972'
1743885878.214805: 28700-7f38c2636700: cdpl_ipc.c:1582: in _host_free__UNSAFE(): debug: freeing host `152.14.98.63:53248'
1743885878.214816: 28700-7f38c2636700: cdpl_ipc.c:1621: in _host_free__UNSAFE(): debug: [0 outq, 0 spR, 0 spW]
1743885878.214860: 28700-7f38c1e35700: cdpl_server_ipc.c:1236: in _sv_ipc_thread(): debug: received DROP notification
1743885878.214931: 28700-7f38c1e35700: cdpl_monitor.c:1269: in cdpl_mn_drop(): debug: detaching from monitor `152.14.98.63:44972'
1743885878.214946: 28700-7f38c1e35700: cdpl_monitor.c:1101: in mn_systat_stop(): debug: joining systat thread
1743885878.215151: 28700-7f38baffd700: cdpl_monitor.c:1079: in mn_systat(): debug: exiting
1743885878.215218: 28700-7f38c1634700: cdpl_ipc.c:3728: in cdpl_ipc_free(): debug: releasing IPC handle
1743885878.215240: 28700-7f38c1634700: cdpl_ipc.c:1582: in _host_free__UNSAFE(): debug: freeing host `152.14.98.63:38615'
1743885878.215247: 28700-7f38c1634700: cdpl_ipc.c:1621: in _host_free__UNSAFE(): debug: [0 outq, 0 spR, 0 spW]
1743885878.215262: 28700-7f38c1e35700: cdpl_monitor.c:1103: in mn_systat_stop(): debug: systat thread done
1743885878.215306: 28700-7f38c1e35700: cdpl_ipc.c:2513: in cdpl_ipc_host_release(): debug: releasing host `152.14.98.63:44972'
1743885878.215328: 28700-7f38c1634700: cdpl_ipc.c:1582: in _host_free__UNSAFE(): debug: freeing host `152.14.98.63:36811'
1743885878.215336: 28700-7f38c1634700: cdpl_ipc.c:1621: in _host_free__UNSAFE(): debug: [0 outq, 0 spR, 0 spW]
1743885878.215352: 28700-7f38c1634700: cdpl_ipc.c:3756: in cdpl_ipc_free(): warning: 2 host(s) were not released
1743885878.215386: 28700-7f38c1634700: cdpl_ipc.c:3767: in cdpl_ipc_free(): debug: done
1743885878.215392: 28700-7f38c1634700: cdpl_monitor.c:1390: in cdpl_mn_free(): debug: freeing monitor client
1743885878.215782: 28700-7f38f92c7540: cdpl_farm.c:2740: in cdpl_farm_free(): info: freeing farm
1743885878.215977: 28700-7f38b8ff9700: cdpl_farm.c:2231: in _schedule(): debug: end of idling
1743885878.216010: 28700-7f38b8ff9700: cdpl_farm.c:2235: in _schedule(): debug: dying
1743885878.216292: 28700-7f38f92c7540: cdpl_farm.c:913: in _killall(): debug: killing all remaining commands
1743885878.216366: 28700-7f38f92c7540: cdpl_server.c:3144: in cdpl_sv_free(): info: freeing server S1564563465
1743885878.216416: 28700-7f38f92c7540: cdpl_server.c:3109: in cdpl_sv_kill_errno(): info: killing server
1743885878.216423: 28700-7f38f92c7540: cdpl_ipc.c:3677: in cdpl_ipc_kill(): debug: stopping event server
1743885878.216461: 28700-7f38c2636700: cdpl_ipc.c:2460: in _epoll_main(): debug: server going down...
1743885878.216568: 28700-7f38c1e35700: cdpl_server_ipc.c:1200: in _sv_ipc_thread(): debug: leaving now
1743885878.216717: 28700-7f38f92c7540: cdpl_server.c:334: in _sv_free_master(): info: freeing master M1
1743885878.216795: 28700-7f38f92c7540: cdpl_hash.c:68: in cdpl_h_destroy(): debug: put operations: 1
1743885878.216804: 28700-7f38f92c7540: cdpl_hash.c:69: in cdpl_h_destroy(): debug: put collisions: 0
1743885878.216809: 28700-7f38f92c7540: cdpl_hash.c:70: in cdpl_h_destroy(): debug: get operations: 1
1743885878.216813: 28700-7f38f92c7540: cdpl_hash.c:71: in cdpl_h_destroy(): debug: get iterations: 1
1743885878.216837: 28700-7f38f92c7540: cdpl_monitor.c:1390: in cdpl_mn_free(): debug: freeing monitor server
1743885878.216845: 28700-7f38f92c7540: cdpl_ipc.c:3728: in cdpl_ipc_free(): debug: releasing IPC handle
1743885878.216851: 28700-7f38f92c7540: cdpl_ipc.c:1582: in _host_free__UNSAFE(): debug: freeing host `152.14.98.63:44972'
1743885878.216858: 28700-7f38f92c7540: cdpl_ipc.c:1621: in _host_free__UNSAFE(): debug: [0 outq, 0 spR, 0 spW]
1743885878.216921: 28700-7f38f92c7540: cdpl_ipc.c:3767: in cdpl_ipc_free(): debug: done
1743885878.216940: 28700-7f38f92c7540: cdpl_log.c:481: in cdpl_log_close(): info: @@end_of_log@@
