[16:30:07.73] /o 
              /c                          PrimeWave Design Environment 
              /c 
              /c                Version W-2024.09-SP1-2 for linux64 - Jan 15, 2025
              /c              Based on Custom Infrastructure
              /c Version W-2024.09-SP1-2
              /c 
              /c                     Copyright (c) 2004 - 2025 Synopsys, Inc.
              /c    This software and the associated documentation are proprietary to Synopsys,
              /c  Inc. This software may only be used in accordance with the terms and conditions
              /c  of a written license agreement with Synopsys, Inc. All other use, reproduction,
              /c    or distribution of this software is strictly prohibited.  Licensed Products
              /c      communicate with Synopsys servers for the purpose of providing software
              /c     updates, detecting software piracy and verifying that customers are using
              /c     Licensed Products in conformity with the applicable License Key for such
              /c   Licensed Products. Synopsys will use information gathered in connection with
              /c     this process to deliver software updates and pursue software pirates and
              /c                                    infringers.
              /c 
              /c  Inclusivity & Diversity - Visit SolvNetPlus to read the "Synopsys Statement on
              /c             Inclusivity and Diversity" (Refer to article 000036315 at
              /c                         https://solvnetplus.synopsys.com)
              /c 
              /c Build  (OPT) Config 11252589 compiled on Wed Jan 15 11:01:36 2025 for AlmaLinux 8.4
              /c Invocation: /mnt/apps/public/COE/synopsys_apps/primewave/W-2024.09-SP1-2/linux64/platform/bin/custom_shell -application primewave -gui 0 -uniqueString 424077b79e1069ee4ccb529a854b74cd237d0ff9c53bf884c7744a297d993ece2e36d24aeefbecc0811d0cf1cbc4337c -python 0 -command "source /mnt/coe/workspace/ece/ece546-spr25/group8/group8_project/synopsys_custom/sim_server/custom_compiler.svkolach/stb.group8.read_circuit_tb.schematic.session6/sim_server_init.tcl" -log /mnt/coe/workspace/ece/ece546-spr25/group8/group8_project/synopsys_custom/primewave_session6_sim_server_job1 -libDefFile /mnt/coe/workspace/ece/ece546-spr25/group8/group8_project/lib.defs
              /c Execution time: Sat Apr  5 16:30:04 2025
              /c Host: grendel46.ece.ncsu.edu
              /c Working directory: /mnt/coe/workspace/ece/ece546-spr25/group8/group8_project
              /c 
[16:30:18.63] /m Information: Registering ICV PERC package...
[16:30:19.53] /m Information: Feature 'SynopsysCustomSAE' checked out. (LICENSE-003)
[16:30:19.91] /o 
[16:30:19.95] /i source /mnt/coe/workspace/ece/ece546-spr25/group8/group8_project/synopsys_custom/sim_server/custom_compiler.svkolach/stb.group8.read_circuit_tb.schematic.session6/sim_server_init.tcl
[16:30:20.44] /o SimServer socket started on grendel46.ece.ncsu.edu:33559
[16:30:20.74] /m Information: Launching Waveform Viewer "cd /mnt/coe/workspace/ece/ece546-spr25/group8/group8_project/synopsys_custom/sim_server/custom_compiler.svkolach/stb.group8.read_circuit_tb.schematic.session6/logs &&  /mnt/apps/public/COE/synopsys_apps/primewave/W-2024.09-SP1-2/auxx/../linux64/swv/bin/swv  -bg_gui -k -cdesigner -ptype wv -spxkey /mnt/apps/public/COE/synopsys_apps/primewave/W-2024.09-SP1-2/auxx/waveform/sae.spxkey -spxrc /tmp/tmp_sae_spxrc_rp3MGV -unique_string 424077b79e1069ee7c7f589e8068e38321978e13b77e2de03b3a965d3326affa43ab9aba1263e4a5f2d2cb331cfa6bf091e3a873f1b5add1 -lic_type 2   -parent_cc_pid 20233  > /mnt/coe/workspace/ece/ece546-spr25/group8/group8_project/synopsys_custom/sim_server/custom_compiler.svkolach/stb.group8.read_circuit_tb.schematic.session6/logs/viewer.log 2>&1"
[16:30:21.34] /o ==== Received Msg ====
              /c len=35 sourceSoc=sock454dc3f0 msgIndex=9 rawMsg=evalCmd ::wf::updateViewerLicense 2
[16:30:21.34] /o 
[16:30:21.35] /o ==== Received Msg ====
              /c len=35 sourceSoc=sock454dc3f0 msgIndex=10 rawMsg=evalCmd ::wf::updateViewerLicense 2
[16:30:21.35] /o 
[16:31:38.93] /o ==== Received Msg ====
              /c len=214 sourceSoc=sock4524ba60 msgIndex=0 rawMsg=AppendTask /mnt/coe/workspace/ece/ece546-spr25/group8/group8_project/synopsys_custom/sim_server/custom_compiler.svkolach/stb.group8.read_circuit_tb.schematic.session6/task0/sim_script0.tcl 0 saeSession6 1 overwrite
[16:31:38.93] /o 
[16:31:40.68] /m Information: "Starting incremental netlisting for design "group8/read_circuit_tb/schematic"..." (NETLISTING-010)
[16:31:40.77] /o Loading: Callback files...
[16:31:40.80] /o Loading: scripts/callbacks/callbacks.tcl
[16:31:40.80] /o 
              /c [INFO] : Loading display.drf from /mnt/designkits/ncsu/FreePDK3/syncust/NCSU_TechLib_FreePDK3
              /c 
              /c  if you wish to Load other display.drf, please set shell environment valiable "iPDK_load_display_NCSU_TechLib_FreePDK3" to value = 0
[16:31:40.80] /o 
[16:31:40.84] /w Warning: Could not set the value of preference xtDRCTool because it does not exist. (PREFERENCE-016)
[16:31:40.84] /w Warning: Could not set the value of preference xtDRCICVRunsetFile because it does not exist. (PREFERENCE-016)
[16:31:40.84] /w Warning: Could not set the value of preference xtDRCICVIncludePaths because it does not exist. (PREFERENCE-016)
[16:31:40.84] /w Warning: Could not set the value of preference xtDRCLayDBFormat because it does not exist. (PREFERENCE-016)
[16:31:40.84] /w Warning: Could not set the value of preference xtLVSTool because it does not exist. (PREFERENCE-016)
[16:31:40.84] /w Warning: Could not set the value of preference xtLVSICVRunsetFile because it does not exist. (PREFERENCE-016)
[16:31:40.84] /w Warning: Could not set the value of preference xtLVSICVIncludePaths because it does not exist. (PREFERENCE-016)
[16:31:40.84] /w Warning: Could not set the value of preference xtLVSLayDBFormat because it does not exist. (PREFERENCE-016)
[16:31:40.84] /w Warning: Could not set the value of preference xtLPELVSTool because it does not exist. (PREFERENCE-016)
[16:31:40.84] /w Warning: Could not set the value of preference xtLPETool because it does not exist. (PREFERENCE-016)
[16:31:40.84] /w Warning: Could not set the value of preference xtLPEOpenParasiticView because it does not exist. (PREFERENCE-016)
[16:31:40.84] /w Warning: Could not set the value of preference xtStarTcadGrdFile because it does not exist. (PREFERENCE-016)
[16:31:40.84] /w Warning: Could not set the value of preference xtLPEStarOADeviceMappingFile because it does not exist. (PREFERENCE-016)
[16:31:40.84] /w Warning: Could not set the value of preference xtStarOALayerMappingFile because it does not exist. (PREFERENCE-016)
[16:31:40.84] /o 	#######################################
[16:31:40.84] /o 	CC-PDK Library Name	: FreePDK3
[16:31:40.84] /o 	#######################################
[16:31:40.84] /o 
[16:31:40.88] /o Netlisting
[16:31:40.88] /o Creating output directories
[16:31:41.19] /o No Design Integrity rule violations found in "group8/read_circuit_tb/schematic"
[16:31:41.19] /o Scanning: group8/read_circuit_tb/schematic
[16:31:41.31] /o Scanning: group8/read_circuit/schematic
[16:31:41.44] /o Scanning: group8/nand/schematic
[16:31:41.65] /o Scanning: group8/inv/schematic
[16:31:41.67] /o Scanning: group8/invx4/schematic
[16:31:41.78] /o Computing terminal lists
[16:31:41.78] /o Processing terminals of module group8/nand/schematic
[16:31:41.81] /o Processing terminals of module group8/inv/schematic
[16:31:41.81] /o Processing terminals of module group8/invx4/schematic
[16:31:41.81] /o Processing terminals of module group8/read_circuit/schematic
[16:31:41.81] /o Processing terminals of module group8/read_circuit_tb/schematic
[16:31:41.82] /o Starting netlisting
[16:31:41.91] /o Formatting group8/nand/schematic
[16:31:41.92] /m Information: "group8 nand schematic" renetlisted. (NETLISTING-056)
[16:31:41.95] /o Formatting group8/inv/schematic
[16:31:41.95] /m Information: "group8 inv schematic" renetlisted. (NETLISTING-056)
[16:31:41.98] /o Formatting group8/invx4/schematic
[16:31:41.99] /m Information: "group8 invx4 schematic" renetlisted. (NETLISTING-056)
[16:31:42.01] /o Formatting group8/read_circuit/schematic
[16:31:42.02] /m Information: "group8 read_circuit schematic" renetlisted. (NETLISTING-056)
[16:31:42.07] /o Formatting group8/read_circuit_tb/schematic
[16:31:42.09] /m Information: "group8 read_circuit_tb schematic" renetlisted. (NETLISTING-056)
[16:31:42.24] /m Information: "Netlisting design "group8/read_circuit_tb/schematic" finished successfully." (NETLISTING-012)
[16:31:42.35] /# Composing simulator input file for design "group8/read_circuit_tb/schematic"...
[16:31:43.30] /# Simulator input file composed successfully for design "group8/read_circuit_tb/schematic"
[16:31:43.42] /m Information: Save ouputs to /mnt/coe/workspace/ece/ece546-spr25/group8/group8_project/simulation/group8,read_circuit_tb,schematic/history_1/simulation/default/PrimeSimHSPICE/nominal/results/outputs.tcl for AVA evaluation.
[16:31:44.29] /o 
[16:31:45.20] /o                                          Composing Nominal                                         
[16:31:45.59] /o                             Launching jobs for testbench default started                            
[16:31:45.60] /# Starting PrimeSimHSPICE simulation for design: group8/read_circuit_tb/schematic
[16:31:45.67] /o                             Creating jobs for testbench default (0 / 1)                            
[16:31:45.74] /o                                Launching 1 jobs for testbench default                               
[16:31:53.15] /o                            Launching jobs for testbench default finished                           
[16:31:54.47] /m Information: 0 of 1 testbench(es) done. (PW_GUI-714)
[16:31:56.13] /m Information: Job distribution master (saeSession6,default.Simulation_Simulation session:session0 testbench:default) : up to 1 job running workers.
[16:32:22.19] /# Simulation completed successfully for design: group8/read_circuit_tb/schematic  (PW-651)
[16:32:22.28] /# Netlisting and simulation completed for testbench: default in 42s
[16:32:22.29] /# Evaluating and plotting outputs...
[16:32:25.37] /m Information: Jobs distribution master quit! (PW_GUI-822)
[16:32:25.68] /# Evaluating and plotting completed for testbench: default in 3s
[16:32:25.75] /m Information: 1 of 1 testbench(es) done. (PW_GUI-714)
[16:36:20.41] /o ==== Received Msg ====
              /c len=8 sourceSoc=sock4524ba60 msgIndex=11 rawMsg=idleExit
[16:36:20.41] /o 
[16:36:20.49] /m Information: Exiting simulation server process. (PW_GUI-984)
[16:36:22.54] /o Shutdown time: Sat Apr  5 16:36:22 2025
[16:36:22.54] /o Elapsed session real time: 6.26 minutes
[16:36:22.54] /o Session terminated. Log is at /mnt/coe/workspace/ece/ece546-spr25/group8/group8_project/synopsys_custom/logs/primewave.svkolach.2025_4_5_163004_20233.log
[16:36:22.56] /e Error: {}
