[17:31:01.89] /o 
              /c                          PrimeWave Design Environment 
              /c 
              /c                Version W-2024.09-SP1-2 for linux64 - Jan 15, 2025
              /c              Based on Custom Infrastructure
              /c Version W-2024.09-SP1-2
              /c 
              /c                     Copyright (c) 2004 - 2025 Synopsys, Inc.
              /c    This software and the associated documentation are proprietary to Synopsys,
              /c  Inc. This software may only be used in accordance with the terms and conditions
              /c  of a written license agreement with Synopsys, Inc. All other use, reproduction,
              /c    or distribution of this software is strictly prohibited.  Licensed Products
              /c      communicate with Synopsys servers for the purpose of providing software
              /c     updates, detecting software piracy and verifying that customers are using
              /c     Licensed Products in conformity with the applicable License Key for such
              /c   Licensed Products. Synopsys will use information gathered in connection with
              /c     this process to deliver software updates and pursue software pirates and
              /c                                    infringers.
              /c 
              /c  Inclusivity & Diversity - Visit SolvNetPlus to read the "Synopsys Statement on
              /c             Inclusivity and Diversity" (Refer to article 000036315 at
              /c                         https://solvnetplus.synopsys.com)
              /c 
              /c Build  (OPT) Config 11252589 compiled on Wed Jan 15 11:01:36 2025 for AlmaLinux 8.4
              /c Invocation: /mnt/apps/public/COE/synopsys_apps/primewave/W-2024.09-SP1-2/linux64/platform/bin/custom_shell -application primewave -gui 0 -uniqueString 424077b79e1069ee6434565451434b707309051d656ee0b6ebcfc3aba3b3b44da4dffcf0049fbd6ffd0ffb7f4d848e3a -python 0 -log pw_shell_session11_job4 -libDefFile /mnt/coe/workspace/ece/ece546-spr25/group8/group8_project/lib.defs
              /c Execution time: Sun Apr  6 17:30:59 2025
              /c Host: lib-41922.eos.ncsu.edu
              /c Working directory: /mnt/coe/workspace/ece/ece546-spr25/group8/group8_project
              /c 
[17:31:08.16] /m Information: Registering ICV PERC package...
[17:31:08.75] /m Information: Feature 'SynopsysCustomSAE' checked out. (LICENSE-003)
[17:31:08.75] /i catch {source /tmp/copyScript42864}; ::sa::_backgroundSaeShell::signalProcessReady 1743975057 25945
[17:31:08.76] /o saeInterBGSaeShell:  ::sa::_backgroundSaeShell::processReady 11
[17:31:09.27] /o 
[17:34:45.77] /i ::sa::_backgroundSaeShell::exit
[17:34:45.77] /o saeInterBGSaeShell:  ::sa::_backgroundSaeShell::childFormallyExiting
[17:34:46.86] /e Error: Error happens when creating .sae.spxrc
[17:34:46.86] /o Shutdown time: Sun Apr  6 17:34:46 2025
[17:34:46.86] /o Elapsed session real time: 3.76 minutes
[17:34:46.87] /o Session terminated. Log is at /mnt/coe/workspace/ece/ece546-spr25/group8/group8_project/synopsys_custom/logs/primewave.svkolach.2025_4_6_173059_74156.log
