[16:59:13.28] /o 
              /c                          PrimeWave Design Environment 
              /c 
              /c                Version W-2024.09-SP1-2 for linux64 - Jan 15, 2025
              /c              Based on Custom Infrastructure
              /c Version W-2024.09-SP1-2
              /c 
              /c                     Copyright (c) 2004 - 2025 Synopsys, Inc.
              /c    This software and the associated documentation are proprietary to Synopsys,
              /c  Inc. This software may only be used in accordance with the terms and conditions
              /c  of a written license agreement with Synopsys, Inc. All other use, reproduction,
              /c    or distribution of this software is strictly prohibited.  Licensed Products
              /c      communicate with Synopsys servers for the purpose of providing software
              /c     updates, detecting software piracy and verifying that customers are using
              /c     Licensed Products in conformity with the applicable License Key for such
              /c   Licensed Products. Synopsys will use information gathered in connection with
              /c     this process to deliver software updates and pursue software pirates and
              /c                                    infringers.
              /c 
              /c  Inclusivity & Diversity - Visit SolvNetPlus to read the "Synopsys Statement on
              /c             Inclusivity and Diversity" (Refer to article 000036315 at
              /c                         https://solvnetplus.synopsys.com)
              /c 
              /c Build  (OPT) Config 11252589 compiled on Wed Jan 15 11:01:36 2025 for AlmaLinux 8.4
              /c Invocation: /mnt/apps/public/COE/synopsys_apps/primewave/W-2024.09-SP1-2/linux64/platform/bin/custom_shell -application primewave -gui 0 -uniqueString 424077b79e1069ee2b5c7bf3b1d4e37ba6637bf26a454d71c1cb7792ad947542febc52ac67143a55cd136fc55d52d4d5 -python 0 -log pw_shell_session1_job11 -libDefFile /mnt/coe/workspace/ece/ece546-spr25/group8/group8_project/lib.defs
              /c Execution time: Tue Apr  8 16:59:07 2025
              /c Host: hydra13.ece.ncsu.edu
              /c Working directory: /mnt/coe/workspace/ece/ece546-spr25/group8/group8_project
              /c 
[16:59:25.81] /m Information: Registering ICV PERC package...
[16:59:26.88] /m Information: Feature 'SynopsysCustomSAE' checked out. (LICENSE-003)
[16:59:26.88] /i catch {source /tmp/copyScript10299}; ::sa::_backgroundSaeShell::signalProcessReady 1744145944 708452
[16:59:26.90] /o saeInterBGSaeShell:  ::sa::_backgroundSaeShell::processReady 22
[16:59:27.09] /o 
[17:01:38.08] /i ::sa::_backgroundSaeShell::exit
[17:01:38.08] /o saeInterBGSaeShell:  ::sa::_backgroundSaeShell::childFormallyExiting
[17:01:41.30] /o Shutdown time: Tue Apr  8 17:01:41 2025
[17:01:41.30] /o Elapsed session real time: 2.53 minutes
[17:01:41.30] /o Session terminated. Log is at /mnt/coe/workspace/ece/ece546-spr25/group8/group8_project/synopsys_custom/logs/primewave.hrajesh.2025_4_8_165907_870371.log
