[17:07:05.46] /o 
              /c                          PrimeWave Design Environment 
              /c 
              /c                Version W-2024.09-SP1-2 for linux64 - Jan 15, 2025
              /c              Based on Custom Infrastructure
              /c Version W-2024.09-SP1-2
              /c 
              /c                     Copyright (c) 2004 - 2025 Synopsys, Inc.
              /c    This software and the associated documentation are proprietary to Synopsys,
              /c  Inc. This software may only be used in accordance with the terms and conditions
              /c  of a written license agreement with Synopsys, Inc. All other use, reproduction,
              /c    or distribution of this software is strictly prohibited.  Licensed Products
              /c      communicate with Synopsys servers for the purpose of providing software
              /c     updates, detecting software piracy and verifying that customers are using
              /c     Licensed Products in conformity with the applicable License Key for such
              /c   Licensed Products. Synopsys will use information gathered in connection with
              /c     this process to deliver software updates and pursue software pirates and
              /c                                    infringers.
              /c 
              /c  Inclusivity & Diversity - Visit SolvNetPlus to read the "Synopsys Statement on
              /c             Inclusivity and Diversity" (Refer to article 000036315 at
              /c                         https://solvnetplus.synopsys.com)
              /c 
              /c Build  (OPT) Config 11252589 compiled on Wed Jan 15 11:01:36 2025 for AlmaLinux 8.4
              /c Invocation: /mnt/apps/public/COE/synopsys_apps/primewave/W-2024.09-SP1-2/linux64/platform/bin/custom_shell -application primewave -gui 0 -uniqueString 424077b79e1069ee6434565451434b707309051d656ee0b6ebcfc3aba3b3b44dac8b4bdeddb0f324497c9da7946995b5 -python 0 -log pw_shell_session9_job2 -libDefFile /mnt/coe/workspace/ece/ece546-spr25/group8/group8_project/lib.defs
              /c Execution time: Sun Apr  6 17:07:03 2025
              /c Host: lib-41922.eos.ncsu.edu
              /c Working directory: /mnt/coe/workspace/ece/ece546-spr25/group8/group8_project
              /c 
[17:07:11.02] /m Information: Registering ICV PERC package...
[17:07:11.60] /m Information: Feature 'SynopsysCustomSAE' checked out. (LICENSE-003)
[17:07:11.60] /i catch {source /tmp/copyScript42864}; ::sa::_backgroundSaeShell::signalProcessReady 1743973621 25945
[17:07:11.61] /o saeInterBGSaeShell:  ::sa::_backgroundSaeShell::processReady 10
[17:07:11.77] /o 
[17:10:56.77] /i ::sa::_backgroundSaeShell::exit
[17:10:56.77] /o saeInterBGSaeShell:  ::sa::_backgroundSaeShell::childFormallyExiting
[17:10:57.82] /o Shutdown time: Sun Apr  6 17:10:57 2025
[17:10:57.82] /o Elapsed session real time: 3.88 minutes
[17:10:57.82] /o Session terminated. Log is at /mnt/coe/workspace/ece/ece546-spr25/group8/group8_project/synopsys_custom/logs/primewave.svkolach.2025_4_6_170703_58220.log
