[18:07:40.89] /o 
              /c                          PrimeWave Design Environment 
              /c 
              /c                Version W-2024.09-SP1-2 for linux64 - Jan 15, 2025
              /c              Based on Custom Infrastructure
              /c Version W-2024.09-SP1-2
              /c 
              /c                     Copyright (c) 2004 - 2025 Synopsys, Inc.
              /c    This software and the associated documentation are proprietary to Synopsys,
              /c  Inc. This software may only be used in accordance with the terms and conditions
              /c  of a written license agreement with Synopsys, Inc. All other use, reproduction,
              /c    or distribution of this software is strictly prohibited.  Licensed Products
              /c      communicate with Synopsys servers for the purpose of providing software
              /c     updates, detecting software piracy and verifying that customers are using
              /c     Licensed Products in conformity with the applicable License Key for such
              /c   Licensed Products. Synopsys will use information gathered in connection with
              /c     this process to deliver software updates and pursue software pirates and
              /c                                    infringers.
              /c 
              /c  Inclusivity & Diversity - Visit SolvNetPlus to read the "Synopsys Statement on
              /c             Inclusivity and Diversity" (Refer to article 000036315 at
              /c                         https://solvnetplus.synopsys.com)
              /c 
              /c Build  (OPT) Config 11252589 compiled on Wed Jan 15 11:01:36 2025 for AlmaLinux 8.4
              /c Invocation: /mnt/apps/public/COE/synopsys_apps/primewave/W-2024.09-SP1-2/linux64/platform/bin/custom_shell -application primewave -gui 0 -uniqueString 424077b79e1069ee587031cbba5d89f980d130a7cac7f62ec1cb7792ad947542036c39f72db01f2ac6b6a5fd04950e4d -python 0 -log pw_shell_session1_job4 -libDefFile /mnt/coe/workspace/ece/ece546-spr25/group8/group8_project/lib.defs
              /c Execution time: Tue Apr  8 18:07:38 2025
              /c Host: theflash.ece.ncsu.edu
              /c Working directory: /mnt/coe/workspace/ece/ece546-spr25/group8/group8_project
              /c 
[18:07:49.77] /m Information: Registering ICV PERC package...
[18:07:50.58] /m Information: Feature 'SynopsysCustomSAE' checked out. (LICENSE-003)
[18:07:50.58] /i catch {source /tmp/copyScript67852}; ::sa::_backgroundSaeShell::signalProcessReady 1744150056 33657
[18:07:50.60] /o saeInterBGSaeShell:  ::sa::_backgroundSaeShell::processReady 14
[18:07:50.74] /o 
[18:11:26.25] /i ::sa::_backgroundSaeShell::exit
[18:11:26.25] /o saeInterBGSaeShell:  ::sa::_backgroundSaeShell::childFormallyExiting
[18:11:27.16] /o Shutdown time: Tue Apr  8 18:11:27 2025
[18:11:27.16] /o Elapsed session real time: 3.78 minutes
[18:11:27.16] /o Session terminated. Log is at /mnt/coe/workspace/ece/ece546-spr25/group8/group8_project/synopsys_custom/logs/primewave.hrajesh.2025_4_8_180738_60041.log
