[16:13:41.24] /o 
              /c                          PrimeWave Design Environment 
              /c 
              /c                Version W-2024.09-SP1-2 for linux64 - Jan 15, 2025
              /c              Based on Custom Infrastructure
              /c Version W-2024.09-SP1-2
              /c 
              /c                     Copyright (c) 2004 - 2025 Synopsys, Inc.
              /c    This software and the associated documentation are proprietary to Synopsys,
              /c  Inc. This software may only be used in accordance with the terms and conditions
              /c  of a written license agreement with Synopsys, Inc. All other use, reproduction,
              /c    or distribution of this software is strictly prohibited.  Licensed Products
              /c      communicate with Synopsys servers for the purpose of providing software
              /c     updates, detecting software piracy and verifying that customers are using
              /c     Licensed Products in conformity with the applicable License Key for such
              /c   Licensed Products. Synopsys will use information gathered in connection with
              /c     this process to deliver software updates and pursue software pirates and
              /c                                    infringers.
              /c 
              /c  Inclusivity & Diversity - Visit SolvNetPlus to read the "Synopsys Statement on
              /c             Inclusivity and Diversity" (Refer to article 000036315 at
              /c                         https://solvnetplus.synopsys.com)
              /c 
              /c Build  (OPT) Config 11252589 compiled on Wed Jan 15 11:01:36 2025 for AlmaLinux 8.4
              /c Invocation: /mnt/apps/public/COE/synopsys_apps/primewave/W-2024.09-SP1-2/linux64/platform/bin/custom_shell -application primewave -gui 0 -uniqueString 424077b79e1069ee91043358a18402d3fe01eb4215c734e6103ebf0b7deb01dfae0dfa7b672486ab -python 0 -log pw_shell_session8_job8 -libDefFile /mnt/coe/workspace/ece/ece546-spr25/group8/group8_project/lib.defs
              /c Execution time: Thu Apr  3 16:13:39 2025
              /c Host: viper.ece.ncsu.edu
              /c Working directory: /mnt/coe/workspace/ece/ece546-spr25/group8/group8_project
              /c 
[16:13:45.43] /m Information: Registering ICV PERC package...
[16:13:45.92] /m Information: Feature 'SynopsysCustomSAE' checked out. (LICENSE-003)
[16:13:45.92] /i catch {source /tmp/copyScript95485}; ::sa::_backgroundSaeShell::signalProcessReady 1743711218 22212
[16:13:45.93] /o saeInterBGSaeShell:  ::sa::_backgroundSaeShell::processReady 7
[16:13:46.06] /o 
[16:13:46.06] /i ::sa::_backgroundSaeShell::runScript /mnt/coe/workspace/ece/ece546-spr25/group8/group8_project/simulation/group8,SRAM_8x4_array_dummy,schematic/history_1/simulation/default/PrimeSimHSPICE/nominal/.bg_measurement_script.tcl 0 sa::_resultsDatabase::saeShellProcessingCompletedProc testSuiteName saeSession4 uniqueSessionName {} testbenchName default resultsDir /mnt/coe/workspace/ece/ece546-spr25/group8/group8_project/simulation/group8,SRAM_8x4_array_dummy,schematic/history_1/simulation/default/PrimeSimHSPICE/nominal/results testSuiteDir /mnt/coe/workspace/ece/ece546-spr25/group8/group8_project/simulation/group8,SRAM_8x4_array_dummy,schematic/history_1/simulation/default/PrimeSimHSPICE/nominal databaseName /mnt/coe/workspace/ece/ece546-spr25/group8/group8_project/simulation/group8,SRAM_8x4_array_dummy,schematic/history_1/simulation/default/PrimeSimHSPICE/nominal/resultsDatabase remoteRun {} testbenchId 1 saveImages true invokeFrom SIM_DONE
[16:13:46.68] /m Information: Loading preferences from /mnt/coe/workspace/ece/ece546-spr25/group8/group8_project/simulation/group8,SRAM_8x4_array_dummy,schematic/history_1/simulation/default/PrimeSimHSPICE/nominal/pw_shell_session_prefs.xml
[16:13:46.79] /o Loading: Callback files...
[16:13:46.80] /o Loading: scripts/callbacks/callbacks.tcl
[16:13:46.80] /o 
              /c [INFO] : Loading display.drf from /mnt/designkits/ncsu/FreePDK3/syncust/NCSU_TechLib_FreePDK3
              /c 
              /c  if you wish to Load other display.drf, please set shell environment valiable "iPDK_load_display_NCSU_TechLib_FreePDK3" to value = 0
[16:13:46.80] /o 
[16:13:46.81] /w Warning: Could not set the value of preference xtDRCTool because it does not exist. (PREFERENCE-016)
[16:13:46.81] /w Warning: Could not set the value of preference xtDRCICVRunsetFile because it does not exist. (PREFERENCE-016)
[16:13:46.81] /w Warning: Could not set the value of preference xtDRCICVIncludePaths because it does not exist. (PREFERENCE-016)
[16:13:46.81] /w Warning: Could not set the value of preference xtDRCLayDBFormat because it does not exist. (PREFERENCE-016)
[16:13:46.81] /w Warning: Could not set the value of preference xtLVSTool because it does not exist. (PREFERENCE-016)
[16:13:46.81] /w Warning: Could not set the value of preference xtLVSICVRunsetFile because it does not exist. (PREFERENCE-016)
[16:13:46.81] /w Warning: Could not set the value of preference xtLVSICVIncludePaths because it does not exist. (PREFERENCE-016)
[16:13:46.81] /w Warning: Could not set the value of preference xtLVSLayDBFormat because it does not exist. (PREFERENCE-016)
[16:13:46.81] /w Warning: Could not set the value of preference xtLPELVSTool because it does not exist. (PREFERENCE-016)
[16:13:46.81] /w Warning: Could not set the value of preference xtLPETool because it does not exist. (PREFERENCE-016)
[16:13:46.81] /w Warning: Could not set the value of preference xtLPEOpenParasiticView because it does not exist. (PREFERENCE-016)
[16:13:46.81] /w Warning: Could not set the value of preference xtStarTcadGrdFile because it does not exist. (PREFERENCE-016)
[16:13:46.81] /w Warning: Could not set the value of preference xtLPEStarOADeviceMappingFile because it does not exist. (PREFERENCE-016)
[16:13:46.81] /w Warning: Could not set the value of preference xtStarOALayerMappingFile because it does not exist. (PREFERENCE-016)
[16:13:46.81] /o 	#######################################
[16:13:46.81] /o 	CC-PDK Library Name	: FreePDK3
[16:13:46.81] /o 	#######################################
[16:13:46.81] /o 
[16:13:47.01] /m Information: Start incremental database creation...
[16:13:47.05] /m Information: Create Iter role param id map
[16:13:47.33] /o saeInterBGSaeShell:  ::sa::_backgroundSaeShell::scriptFinished 1.2 {} sa::_resultsDatabase::saeShellProcessingCompletedProc testSuiteName saeSession4 uniqueSessionName {} testbenchName default resultsDir /mnt/coe/workspace/ece/ece546-spr25/group8/group8_project/simulation/group8,SRAM_8x4_array_dummy,schematic/history_1/simulation/default/PrimeSimHSPICE/nominal/results testSuiteDir /mnt/coe/workspace/ece/ece546-spr25/group8/group8_project/simulation/group8,SRAM_8x4_array_dummy,schematic/history_1/simulation/default/PrimeSimHSPICE/nominal databaseName /mnt/coe/workspace/ece/ece546-spr25/group8/group8_project/simulation/group8,SRAM_8x4_array_dummy,schematic/history_1/simulation/default/PrimeSimHSPICE/nominal/resultsDatabase remoteRun {} testbenchId 1 saveImages true invokeFrom SIM_DONE
[16:13:47.33] /o false
[16:16:25.44] /i ::sa::_backgroundSaeShell::exit
[16:16:25.44] /o saeInterBGSaeShell:  ::sa::_backgroundSaeShell::childFormallyExiting
[16:16:26.51] /o Shutdown time: Thu Apr  3 16:16:26 2025
[16:16:26.51] /o Elapsed session real time: 2.76 minutes
[16:16:26.51] /o Session terminated. Log is at /mnt/coe/workspace/ece/ece546-spr25/group8/group8_project/synopsys_custom/logs/primewave.hrajesh.2025_4_3_161339_99365.log
