1744242678.591078: 1016950-7efe06483540: cdpl_log.c:337: in cdpl_log_open(): info: @@start_of_log@@
1744242678.591105: 1016950-7efe06483540: cdpl_log.c:1058: in cdpl_log_dump_sysinfo(): info: time: 2025/04/09 19:51:18 EDT -0400
1744242678.591110: 1016950-7efe06483540: cdpl_log.c:1060: in cdpl_log_dump_sysinfo(): info: version: W-2024.09-SP1-2 
1744242678.591114: 1016950-7efe06483540: cdpl_log.c:1062: in cdpl_log_dump_sysinfo(): info: system: Linux 4.18.0-553.46.1.el8_10.x86_64 #1 SMP Sat Mar 15 01:37:33 EDT 2025
1744242678.591117: 1016950-7efe06483540: cdpl_log.c:1067: in cdpl_log_dump_sysinfo(): info: processor: x86_64 64-bits
1744242678.591120: 1016950-7efe06483540: cdpl_log.c:1071: in cdpl_log_dump_sysinfo(): info: hostname: hydra11.ece.ncsu.edu
1744242678.591123: 1016950-7efe06483540: cdpl_log.c:1073: in cdpl_log_dump_sysinfo(): info: program name: custom_shell
1744242678.591129: 1016950-7efe06483540: cdpl_log.c:340: in cdpl_log_open(): debug: path: /mnt/coe/workspace/ece/ece546-spr25/group8/group8_project/synopsys_custom/pwdp_jobs/saeSession0_HSPICEdefault.SimulationSimulation_cdpl.1.1016950/logs/master.hydra11.ece.ncsu.edu.1016950.log
1744242678.591132: 1016950-7efe06483540: cdpl_log.c:341: in cdpl_log_open(): debug: dir: /mnt/coe/workspace/ece/ece546-spr25/group8/group8_project/synopsys_custom/pwdp_jobs/saeSession0_HSPICEdefault.SimulationSimulation_cdpl.1.1016950/logs
1744242678.591141: 1016950-7efe06483540: cdpl_server.c:536: in cdpl_sv_init(): info: new server S1447965972
1744242678.591147: 1016950-7efe06483540: cdpl_ipc.c:3475: in cdpl_ipc_init(): info: requesting IPv4 protocol
1744242678.596489: 1016950-7efe06483540: cdpl_ipc.c:837: in _selectaddrfamily(): info: selected IPv4 protocol
1744242678.596531: 1016950-7efe06483540: cdpl_ipc.c:1139: in _set_keepalive(): info: TCP keep alive interval: 300
1744242678.599180: 1016950-7efe06483540: cdpl_monitor.c:1117: in cdpl_mn_new_server(): info: creating server monitor instance
1744242678.599202: 1016950-7efe06483540: cdpl_server.c:650: in cdpl_sv_new_master(): info: new master M1
1744242678.599259: 1016950-7efe06483540: cdpl_server.c:6533: in cdpl_sv_ctl_master(): info: Setting worker heartbeat to 120 seconds
1744242678.599264: 1016950-7efe06483540: cdpl_server.c:6542: in cdpl_sv_ctl_master(): info: Setting worker heartbeat timeout to 3 heartbeats
1744242678.599269: 1016950-7efe06483540: cdpl_compat_master.c:2090: in _parse_hostfile(): info: reading hostfile `/mnt/coe/workspace/ece/ece546-spr25/group8/group8_project/synopsys_custom/pwdp_jobs/saeSession0_HSPICEdefault.SimulationSimulation_cdpl.1.1016950/host_file'
1744242678.606761: 1016950-7efe06483540: cdpl_compat_master.c:1900: in _hostfile_parser(): debug: parsing "1     |localhost|   -1  | /tmp | SH | sh"
1744242678.606783: 1016950-7efe06483540: cdpl_farm.c:2578: in cdpl_farm_new_sh(): info: creating SH farm on localhost
1744242678.606806: 1016950-7efe06483540: cdpl_compat_master.c:206: in _set_farm_env(): info: exporting CDPL_LOGDIR as `/mnt/coe/workspace/ece/ece546-spr25/group8/group8_project/synopsys_custom/pwdp_jobs/saeSession0_HSPICEdefault.SimulationSimulation_cdpl.1.1016950/logs'
1744242678.606812: 1016950-7efe06483540: cdpl_compat_master.c:212: in _set_farm_env(): info: exporting CDPL_TMPDIR as `/tmp'
1744242678.606817: 1016950-7efe06483540: cdpl_compat_master.c:219: in _set_farm_env(): info: exporting CDPL_HOME as `/mnt/apps/public/COE/synopsys_apps/hspice/W-2024.09-SP1/hspice/cdpl'
1744242678.606823: 1016950-7efe06483540: cdpl_compat_master.c:235: in _set_farm_env(): info: exporting SNPSLMD_LICENSE_FILE as `27000@ece-lic-35.ece.ncsu.edu'
1744242678.606829: 1016950-7efe06483540: cdpl_compat_master.c:259: in _set_farm_env(): info: exporting CDPL_OPTIONS as `[nowlogs]'
1744242678.606834: 1016950-7efe06483540: cdpl_compat_master.c:266: in _set_farm_env(): info: exporting DISPLAY as `unix:21805'
1744242678.606839: 1016950-7efe06483540: cdpl_compat_master.c:274: in _set_farm_env(): info: exporting CDPL_HEARTBEAT as `120'
1744242678.606850: 1016950-7efe06483540: cdpl_farm.c:3149: in cdpl_farm_add_withdir(): debug: added `localhost' (capacity: unlimited)
1744242678.606868: 1016950-7efe06483540: cdpl_compat_parse.c:147: in parsefile(): debug: read `/mnt/coe/workspace/ece/ece546-spr25/group8/group8_project/synopsys_custom/pwdp_jobs/saeSession0_HSPICEdefault.SimulationSimulation_cdpl.1.1016950/host_file', 2 lines
1744242678.606873: 1016950-7efe06483540: cdpl_compat_master.c:2931: in cdplInitMaster(): info: bcast dir is `/mnt/coe/workspace/ece/ece546-spr25/group8/group8_project/synopsys_custom/pwdp_jobs/saeSession0_HSPICEdefault.SimulationSimulation_cdpl.1.1016950/logs'
1744242678.612208: 1016950-7efe06483540: cdpl_server.c:6433: in cdpl_sv_ctl_master(): info: farm worker timeout set to 300
1744242678.612216: 1016950-7efe06483540: cdpl_server.c:6486: in cdpl_sv_ctl_master(): info: maximum number of task execution attempts set to 1
1744242678.612224: 1016950-7efe06483540: cdpl_server.c:3195: in cdpl_sv_start(): debug: starting server
1744242678.612237: 1016950-7efe06483540: cdpl_ipc.c:3632: in cdpl_ipc_start(): debug: starting IPC server 152.14.98.7:35689
1744242678.612554: 1016950-7efdd378d700: cdpl_server_ipc.c:1182: in _sv_ipc_thread(): debug: ready
1744242678.612689: 1016950-7efdbdffb700: cdpl_monitor.c:426: in cdpl_mn_init_client(): info: creating client monitor instance
1744242678.612711: 1016950-7efdbdffb700: cdpl_ipc.c:3475: in cdpl_ipc_init(): info: requesting IPv4 protocol
1744242678.616565: 1016950-7efdbdffb700: cdpl_ipc.c:837: in _selectaddrfamily(): info: selected IPv4 protocol
1744242678.616601: 1016950-7efdbdffb700: cdpl_ipc.c:1139: in _set_keepalive(): info: TCP keep alive interval: 300
1744242678.621139: 1016950-7efdbdffb700: cdpl_ipc.c:3632: in cdpl_ipc_start(): debug: starting IPC server 152.14.98.7:42353
1744242678.621474: 1016950-7efdbdffb700: cdpl_monitor.c:471: in cdpl_mn_init_client(): debug: incoming messages in /tmp/cdpl-monitor-Uky3Hw
1744242678.621677: 1016950-7efdbdffb700: cdpl_monitor.c:533: in cdpl_mn_connect(): debug: connecting to 152.14.98.7:35689
1744242678.621685: 1016950-7efdbdffb700: cdpl_ipc.c:3789: in cdpl_ipc_connect(): info: connecting to 152.14.98.7:35689
1744242678.621899: 1016950-7efdbdffb700: cdpl_ipc.c:3860: in cdpl_ipc_connect(): info: connected as `152.14.98.7:53650'
1744242678.621913: 1016950-7efdbdffb700: cdpl_ipc.c:2503: in cdpl_ipc_host_accept(): debug: accepted host `152.14.98.7:35689'
1744242678.621921: 1016950-7efdbdffb700: cdpl_monitor.c:579: in cdpl_mn_connect(): debug: ok
1744242678.621946: 1016950-7efdd2f8c700: cdpl_ipc.c:1862: in _epoll_accept(): debug: new connection from `152.14.98.7:53650'
1744242678.621959: 1016950-7efe06483540: cdpl_server.c:731: in cdpl_sv_new_job(): info: new job J1 in M1
1744242678.621982: 1016950-7efe06483540: cdpl_compat_master.c:1581: in _add_worker(): info: new worker type 10, min:1, max:3, cmd:`/mnt/coe/workspace/ece/ece546-spr25/group8/group8_project/synopsys_custom/pwdp_jobs/saeSession0_HSPICEdefault.SimulationSimulation_cdpl.1.1016950/START_WORKER pw_worker -i /mnt/coe/workspace/ece/ece546-spr25/group8/g
1744242678.621991: 1016950-7efdd378d700: cdpl_server_ipc.c:1225: in _sv_ipc_thread(): debug: received ACCEPT notification
1744242678.622010: 1016950-7efe06483540: cdpl_server.c:908: in cdpl_sv_new_bin_withfarm(): info: new bin B1 in J1
1744242678.622015: 1016950-7efdd378d700: cdpl_ipc.c:2503: in cdpl_ipc_host_accept(): debug: accepted host `152.14.98.7:53650'
1744242678.622030: 1016950-7efdd378d700: cdpl_server_ipc.c:1256: in _sv_ipc_thread(): debug: received MONITOR message
1744242678.622293: 1016950-7efdd378d700: cdpl_monitor.c:1207: in cdpl_mn_accept(): debug: accepted monitor `152.14.98.7:53650'
1744242678.622301: 1016950-7efdd378d700: cdpl_server_ipc_mon.c:120: in _globalLOCK(): debug: ENTERTING GLOBAL LOCK
1744242678.622305: 1016950-7efdd378d700: cdpl_server_ipc_mon.c:164: in _globalLOCK(): debug: global lock acquired
1744242678.622325: 1016950-7efdd0f88700: cdpl_monitor.c:910: in mn_systat(): debug: started
1744242678.622619: 1016950-7efdd0f88700: cdpl_monitor.c:937: in mn_systat(): debug: monitor server flush rate: 5
1744242678.710891: 1016950-7efdd378d700: cdpl_server_ipc_mon.c:210: in _globalUNLOCK(): debug: LEAVING GLOBAL LOCK
1744242678.901484: 1016950-7efe06483540: cdpl_server.c:3249: in cdpl_sv_start_job(): info: starting job J1
1744242678.901514: 1016950-7efe06483540: cdpl_server.c:62: in _sv_start_bin(): debug: starting bin B1 (min: 0, max: 3)
1744242678.901683: 1016950-7efdbeffd700: cdpl_server_sched.c:2482: in _sv_scheduler_thread(): debug: scheduler for bin B1 started
1744242678.901730: 1016950-7efe06483540: cdpl_server.c:1893: in _sv_gen_task(): info: new task T0 in B1 (prio 0)
1744242678.901756: 1016950-7efe06483540: cdpl_server.c:2698: in cdpl_sv_label_task_va(): info: setting task T0 label to "HSPICE_2|HSPICE"
1744242678.901773: 1016950-7efdbeffd700: cdpl_server_sched.c:2443: in _scheduler_run(): debug: will start a new worker
1744242678.901793: 1016950-7efdbeffd700: cdpl_farm.c:3977: in cdpl_farm_submit(): debug: 1 running processes
1744242678.901798: 1016950-7efdbeffd700: cdpl_farm.c:3985: in cdpl_farm_submit(): debug: new command C1 in bin B1 assigned to host `localhost'
1744242678.901935: 1016950-7efdbeffd700: cdpl_server_sched.c:705: in _sv_launch_worker(): info: started worker W1 (as C1) in bin B1
1744242678.901953: 1016950-7efdbe7fc700: cdpl_farm.c:2139: in _schedule(): debug: started
1744242678.901966: 1016950-7efdbe7fc700: cdpl_farm.c:2303: in _schedule(): debug: submitting command C1 in bin B1
1744242678.901974: 1016950-7efdbe7fc700: cdpl_sh.c:49: in _sh_detached_submit(): info: SH : /mnt/coe/workspace/ece/ece546-spr25/group8/group8_project/synopsys_custom/pwdp_jobs/saeSession0_HSPICEdefault.SimulationSimulation_cdpl.1.1016950/START_WORKER pw_worker -i /mnt/coe/workspace/ece/ece546-spr25/group8/group8_project/synopsys_custom/pwdp_jobs/saeSession0_HSPICEdefault.SimulationSimulation_cdpl.1.1016950 -t 10000
1744242678.910974: 1016950-7efdbe7fc700: cdpl_farm.c:2343: in _schedule(): debug: C1 in bin B1 running on slot 0
1744242678.911027: 1016950-7efdbe7fc700: cdpl_farm.c:2167: in _schedule(): debug: idle
1744242679.115903: 1016950-7efe06483540: cdpl_compat_master.c:5948: in cdplMasterLogInfo(): info: [non-CDPL log entry] PWDP3: reset pilot cache succeeded, pilot_key=saeSession0,1,HSPICE_default|&/mnt/coe/workspace/ece/ece546-spr25/group8/group8_project/simulation/group8,tb2025_1,schematic/history_1/simulation/HSPICE_default/HSPICE/nominal/results
1744242679.211112: 1016950-7efdbe7fc700: cdpl_farm.c:1193: in _onexit(): debug: C1 in bin B1 exited normally on slot 0
1744242680.052046: 1016950-7efdbffff700: cdpl_compat_master.c:5948: in cdplMasterLogInfo(): info: [non-CDPL log entry] PWDP - no-workers started ok check start!
1744242682.225579: 1016950-7efdd2f8c700: cdpl_ipc.c:1862: in _epoll_accept(): debug: new connection from `152.14.98.7:53658'
1744242682.225641: 1016950-7efdd378d700: cdpl_server_ipc.c:1225: in _sv_ipc_thread(): debug: received ACCEPT notification
1744242682.225663: 1016950-7efdd378d700: cdpl_ipc.c:2503: in cdpl_ipc_host_accept(): debug: accepted host `152.14.98.7:53658'
1744242682.225949: 1016950-7efdd378d700: cdpl_server_ipc.c:1246: in _sv_ipc_thread(): debug: received HELLO message
1744242682.225961: 1016950-7efdd378d700: cdpl_server_ipc.c:430: in _sv_on_hello(): debug: looking up W1
1744242682.225967: 1016950-7efdd378d700: cdpl_server_ipc.c:540: in _sv_on_hello(): info: W1 is `152.14.98.7:53658'
1744242682.225970: 1016950-7efdd378d700: cdpl_server_ipc.c:541: in _sv_on_hello(): debug: hello W1 (B1)
1744242682.225974: 1016950-7efdd378d700: cdpl_server_ipc.c:542: in _sv_on_hello(): info: W1 log file is /dev/null
1744242682.225993: 1016950-7efdd378d700: cdpl_server_ipc.c:602: in _sv_on_hello(): info: up to 1 alive workers in B1
1744242682.226002: 1016950-7efdd378d700: cdpl_farm.c:878: in _release_cmd(): debug: freeing command C1 in bin B1
1744242682.226045: 1016950-7efdbeffd700: cdpl_server_sched.c:960: in _assign(): info: assigning task T0 to worker W1
1744242683.226290: 1016950-7efdd378d700: cdpl_server_ipc.c:312: in _sv_on_heartbeat(): debug: received HEARTBEAT from worker W1 at 152.14.98.7:53658
1744242683.754432: 1016950-7efdbdffb700: cdpl_monitor.c:533: in cdpl_mn_connect(): debug: connecting to 152.14.98.7:39293
1744242683.754454: 1016950-7efdbdffb700: cdpl_ipc.c:3789: in cdpl_ipc_connect(): info: connecting to 152.14.98.7:39293
1744242683.754744: 1016950-7efdbdffb700: cdpl_ipc.c:3860: in cdpl_ipc_connect(): info: connected as `152.14.98.7:39894'
1744242683.754763: 1016950-7efdbdffb700: cdpl_ipc.c:2503: in cdpl_ipc_host_accept(): debug: accepted host `152.14.98.7:39293'
1744242683.754781: 1016950-7efdbdffb700: cdpl_monitor.c:579: in cdpl_mn_connect(): debug: ok
1744242690.957074: 1016950-7efdd378d700: cdpl_server_ipc.c:1268: in _sv_ipc_thread(): debug: received RELAY message
1744242691.023098: 1016950-7efdd378d700: cdpl_server_ipc.c:713: in _sv_on_relay(): debug: RELAY message from W1, size = 58
1744242691.023107: 1016950-7efdd378d700: cdpl_server_ipc.c:715: in _sv_on_relay(): debug: RELAY message from W1, content = 0$1021385 hydra11.ece.ncsu.edu 1021513 RUNNING 1744242689
1744242729.911608: 1016950-7efdd378d700: cdpl_server_ipc.c:1268: in _sv_ipc_thread(): debug: received RELAY message
1744242729.914633: 1016950-7efdd378d700: cdpl_server_ipc.c:713: in _sv_on_relay(): debug: RELAY message from W1, size = 48
1744242729.914642: 1016950-7efdd378d700: cdpl_server_ipc.c:715: in _sv_on_relay(): debug: RELAY message from W1, content = WORKERDU|1627,dc2isi00nfs.oit.ncsu.edu:/coe_nfs
1744242735.137470: 1016950-7efdd378d700: cdpl_server_ipc.c:1268: in _sv_ipc_thread(): debug: received RELAY message
1744242735.138838: 1016950-7efdd378d700: cdpl_server_ipc.c:713: in _sv_on_relay(): debug: RELAY message from W1, size = 46
1744242735.138847: 1016950-7efdd378d700: cdpl_server_ipc.c:715: in _sv_on_relay(): debug: RELAY message from W1, content = WORKERDU|32,dc2isi00nfs.oit.ncsu.edu:/coe_nfs
1744242739.211308: 1016950-7efdbe7fc700: cdpl_farm.c:2173: in _schedule(): debug: idle
1744242741.178709: 1016950-7efdd378d700: cdpl_server_ipc.c:1268: in _sv_ipc_thread(): debug: received RELAY message
1744242741.178744: 1016950-7efdd378d700: cdpl_server_ipc.c:713: in _sv_on_relay(): debug: RELAY message from W1, size = 46
1744242741.178749: 1016950-7efdd378d700: cdpl_server_ipc.c:715: in _sv_on_relay(): debug: RELAY message from W1, content = WORKERDU|40,dc2isi00nfs.oit.ncsu.edu:/coe_nfs
1744242747.113418: 1016950-7efdd378d700: cdpl_server_ipc.c:1268: in _sv_ipc_thread(): debug: received RELAY message
1744242747.114741: 1016950-7efdd378d700: cdpl_server_ipc.c:713: in _sv_on_relay(): debug: RELAY message from W1, size = 46
1744242747.114749: 1016950-7efdd378d700: cdpl_server_ipc.c:715: in _sv_on_relay(): debug: RELAY message from W1, content = WORKERDU|32,dc2isi00nfs.oit.ncsu.edu:/coe_nfs
1744242753.135836: 1016950-7efdd378d700: cdpl_server_ipc.c:1268: in _sv_ipc_thread(): debug: received RELAY message
1744242753.137172: 1016950-7efdd378d700: cdpl_server_ipc.c:713: in _sv_on_relay(): debug: RELAY message from W1, size = 46
1744242753.137184: 1016950-7efdd378d700: cdpl_server_ipc.c:715: in _sv_on_relay(): debug: RELAY message from W1, content = WORKERDU|80,dc2isi00nfs.oit.ncsu.edu:/coe_nfs
1744242753.338881: 1016950-7efdd378d700: cdpl_server_ipc.c:1268: in _sv_ipc_thread(): debug: received RELAY message
1744242753.338904: 1016950-7efdd378d700: cdpl_server_ipc.c:713: in _sv_on_relay(): debug: RELAY message from W1, size = 196
1744242753.338912: 1016950-7efdd378d700: cdpl_server_ipc.c:715: in _sv_on_relay(): debug: RELAY message from W1, content = REQPILOT|saeSession0,1,HSPICE_default|&/mnt/coe/workspace/ece/ece546-spr25/group8/group8_project/simulation/group8,tb2025_1,schematic/history_1/simulation/HSPICE_default/HSPICE/nominal/results|&0
1744242753.338986: 1016950-7efdd1789700: cdpl_compat_master.c:5948: in cdplMasterLogInfo(): info: [non-CDPL log entry] PWDP send back 'DOPILOT' to worker id:1 key: saeSession0,1,HSPICE_default|&/mnt/coe/workspace/ece/ece546-spr25/group8/group8_project/simulation/group8,tb2025_1,schematic/history_1/simulation/HSPICE_default/HSPICE/nominal/results
1744242753.347095: 1016950-7efdd1789700: cdpl_compat_master.c:5948: in cdplMasterLogInfo(): info: [non-CDPL log entry] PWDP: set pilot doing!
1744242753.426378: 1016950-7efdd378d700: cdpl_server_ipc.c:1268: in _sv_ipc_thread(): debug: received RELAY message
1744242753.426394: 1016950-7efdd378d700: cdpl_server_ipc.c:713: in _sv_on_relay(): debug: RELAY message from W1, size = 192
1744242753.426399: 1016950-7efdd378d700: cdpl_server_ipc.c:715: in _sv_on_relay(): debug: RELAY message from W1, content = PILOTOK|saeSession0,1,HSPICE_default|&/mnt/coe/workspace/ece/ece546-spr25/group8/group8_project/simulation/group8,tb2025_1,schematic/history_1/simulation/HSPICE_default/HSPICE/nominal/results
1744242753.426421: 1016950-7efdd1789700: cdpl_compat_master.c:5948: in cdplMasterLogInfo(): info: [non-CDPL log entry] PWDP: set pilot done!
1744242753.426577: 1016950-7efdd378d700: cdpl_server_ipc.c:1268: in _sv_ipc_thread(): debug: received RELAY message
1744242753.426582: 1016950-7efdd378d700: cdpl_server_ipc.c:713: in _sv_on_relay(): debug: RELAY message from W1, size = 18
1744242753.426585: 1016950-7efdd378d700: cdpl_server_ipc.c:715: in _sv_on_relay(): debug: RELAY message from W1, content = 0$- - - MEASDOING
1744242757.327401: 1016950-7efdd378d700: cdpl_server_ipc.c:1268: in _sv_ipc_thread(): debug: received RELAY message
1744242757.329684: 1016950-7efdd378d700: cdpl_server_ipc.c:713: in _sv_on_relay(): debug: RELAY message from W1, size = 70
1744242757.329693: 1016950-7efdd378d700: cdpl_server_ipc.c:715: in _sv_on_relay(): debug: RELAY message from W1, content = 0$1021385 hydra11.ece.ncsu.edu 1021513 FINISHED 1744242689|1744242757
1744242757.345687: 1016950-7efdd378d700: cdpl_server_ipc.c:1268: in _sv_ipc_thread(): debug: received RELAY message
1744242757.345701: 1016950-7efdd378d700: cdpl_server_ipc.c:713: in _sv_on_relay(): debug: RELAY message from W1, size = 194
1744242757.345705: 1016950-7efdd378d700: cdpl_server_ipc.c:715: in _sv_on_relay(): debug: RELAY message from W1, content = PILOTDONE|saeSession0,1,HSPICE_default|&/mnt/coe/workspace/ece/ece546-spr25/group8/group8_project/simulation/group8,tb2025_1,schematic/history_1/simulation/HSPICE_default/HSPICE/nominal/results
1744242757.345731: 1016950-7efdd1789700: cdpl_compat_master.c:5948: in cdplMasterLogInfo(): info: [non-CDPL log entry] saeSession0,1,HSPICE_default|&/mnt/coe/workspace/ece/ece546-spr25/group8/group8_project/simulation/group8,tb2025_1,schematic/history_1/simulation/HSPICE_default/HSPICE/nominal/results PILOTDONE!
1744242757.369152: 1016950-7efdd378d700: cdpl_server_ipc.c:1251: in _sv_ipc_thread(): debug: received FINISH message
1744242757.369169: 1016950-7efdd378d700: cdpl_server_ipc.c:983: in _sv_on_finish(): info: worker W1 completed task T0
1744242757.369173: 1016950-7efdd378d700: cdpl_server_ipc.c:988: in _sv_on_finish(): debug: stat T0: utime=71864 stime=2923
1744242757.369177: 1016950-7efdd378d700: cdpl_server_ipc.c:993: in _sv_on_finish(): debug: statm T0: vsize=2869140 rss=1066752 shared=520512 text=474784 data=734396
1744242757.406434: 1016950-7efdd378d700: cdpl_server_ipc.c:1268: in _sv_ipc_thread(): debug: received RELAY message
1744242757.406448: 1016950-7efdd378d700: cdpl_server_ipc.c:713: in _sv_on_relay(): debug: RELAY message from W1, size = 47
1744242757.406453: 1016950-7efdd378d700: cdpl_server_ipc.c:715: in _sv_on_relay(): debug: RELAY message from W1, content = WORKERDU|125,dc2isi00nfs.oit.ncsu.edu:/coe_nfs
1744242757.422102: 1016950-7efe06483540: cdpl_server.c:227: in _sv_free_task_safe(): debug: freeing task T0
1744242764.064709: 1016950-7efe06483540: cdpl_server.c:3008: in cdpl_sv_halt_job_errno(): info: killing job J1
1744242764.066489: 1016950-7efe06483540: cdpl_server.c:3044: in cdpl_sv_halt_job_errno(): debug: signal bin B1 scheduler to stop
1744242764.066544: 1016950-7efdbeffd700: cdpl_server_sched.c:2484: in _sv_scheduler_thread(): debug: scheduler for bin B1 stopped
1744242764.066566: 1016950-7efdbeffd700: cdpl_ipc.c:1657: in _host_drop__UNSAFE(): debug: dropping host `152.14.98.7:53658'
1744242764.066630: 1016950-7efdbeffd700: cdpl_server_sched.c:2830: in _sv_drop_worker(): info: down to 0 alive workers in B1
1744242764.066647: 1016950-7efdbeffd700: cdpl_farm.c:4152: in cdpl_farm_dismiss(): debug: down to 0 running processes
1744242764.066655: 1016950-7efdd378d700: cdpl_server_ipc.c:1236: in _sv_ipc_thread(): debug: received DROP notification
1744242764.066681: 1016950-7efdbeffd700: cdpl_server_sched.c:121: in _free_worker_2(): debug: freeing worker W1
1744242764.066687: 1016950-7efdbeffd700: cdpl_ipc.c:2513: in cdpl_ipc_host_release(): debug: releasing host `152.14.98.7:53658'
1744242764.066690: 1016950-7efdbeffd700: cdpl_ipc.c:2529: in cdpl_ipc_host_release(): debug: scheduling for immediate release
1744242764.066704: 1016950-7efe06483540: cdpl_server.c:294: in _sv_free_job(): info: freeing job J1
1744242764.066713: 1016950-7efe06483540: cdpl_server.c:92: in _sv_free_bin(): debug: freeing bin B1
1744242764.066733: 1016950-7efe06483540: cdpl_monitor.c:515: in cdpl_mn_kill(): info: killing monitor
1744242764.066738: 1016950-7efe06483540: cdpl_ipc.c:3677: in cdpl_ipc_kill(): debug: stopping event server
1744242764.066757: 1016950-7efdd278b700: cdpl_ipc.c:2460: in _epoll_main(): debug: server going down...
1744242764.066806: 1016950-7efdd2f8c700: cdpl_ipc.c:775: in _readv(): warning: read(): EOF
1744242764.066833: 1016950-7efdd2f8c700: cdpl_ipc.c:2100: in _epoll_recv(): debug: _readv(): Broken pipe
1744242764.066839: 1016950-7efdd2f8c700: cdpl_ipc.c:2424: in _epoll_main(): debug: _epoll_recv(): Broken pipe
1744242764.066845: 1016950-7efdd2f8c700: cdpl_ipc.c:1657: in _host_drop__UNSAFE(): debug: dropping host `152.14.98.7:53650'
1744242764.066901: 1016950-7efdd2f8c700: cdpl_ipc.c:1582: in _host_free__UNSAFE(): debug: freeing host `152.14.98.7:53658'
1744242764.066907: 1016950-7efdd2f8c700: cdpl_ipc.c:1621: in _host_free__UNSAFE(): debug: [0 outq, 0 spR, 0 spW]
1744242764.066917: 1016950-7efdd378d700: cdpl_server_ipc.c:1236: in _sv_ipc_thread(): debug: received DROP notification
1744242764.066927: 1016950-7efdd378d700: cdpl_monitor.c:1269: in cdpl_mn_drop(): debug: detaching from monitor `152.14.98.7:53650'
1744242764.066934: 1016950-7efdd378d700: cdpl_monitor.c:1101: in mn_systat_stop(): debug: joining systat thread
1744242764.066990: 1016950-7efdd0f88700: cdpl_monitor.c:1079: in mn_systat(): debug: exiting
1744242764.067009: 1016950-7efdd378d700: cdpl_monitor.c:1103: in mn_systat_stop(): debug: systat thread done
1744242764.067015: 1016950-7efdd378d700: cdpl_ipc.c:2513: in cdpl_ipc_host_release(): debug: releasing host `152.14.98.7:53650'
1744242764.067144: 1016950-7efdbdffb700: cdpl_ipc.c:3728: in cdpl_ipc_free(): debug: releasing IPC handle
1744242764.067155: 1016950-7efdbdffb700: cdpl_ipc.c:1582: in _host_free__UNSAFE(): debug: freeing host `152.14.98.7:39293'
1744242764.067159: 1016950-7efdbdffb700: cdpl_ipc.c:1621: in _host_free__UNSAFE(): debug: [0 outq, 0 spR, 0 spW]
1744242764.067179: 1016950-7efdbdffb700: cdpl_ipc.c:1582: in _host_free__UNSAFE(): debug: freeing host `152.14.98.7:35689'
1744242764.067183: 1016950-7efdbdffb700: cdpl_ipc.c:1621: in _host_free__UNSAFE(): debug: [0 outq, 0 spR, 0 spW]
1744242764.067195: 1016950-7efdbdffb700: cdpl_ipc.c:3756: in cdpl_ipc_free(): warning: 2 host(s) were not released
1744242764.067209: 1016950-7efdbdffb700: cdpl_ipc.c:3767: in cdpl_ipc_free(): debug: done
1744242764.067212: 1016950-7efdbdffb700: cdpl_monitor.c:1390: in cdpl_mn_free(): debug: freeing monitor client
1744242764.067332: 1016950-7efe06483540: cdpl_farm.c:2740: in cdpl_farm_free(): info: freeing farm
1744242764.067362: 1016950-7efdbe7fc700: cdpl_farm.c:2231: in _schedule(): debug: end of idling
1744242764.067370: 1016950-7efdbe7fc700: cdpl_farm.c:2235: in _schedule(): debug: dying
1744242764.067461: 1016950-7efe06483540: cdpl_farm.c:913: in _killall(): debug: killing all remaining commands
1744242764.067470: 1016950-7efe06483540: cdpl_server.c:3144: in cdpl_sv_free(): info: freeing server S1447965972
1744242764.067475: 1016950-7efe06483540: cdpl_server.c:3109: in cdpl_sv_kill_errno(): info: killing server
1744242764.067478: 1016950-7efe06483540: cdpl_ipc.c:3677: in cdpl_ipc_kill(): debug: stopping event server
1744242764.067501: 1016950-7efdd2f8c700: cdpl_ipc.c:2460: in _epoll_main(): debug: server going down...
1744242764.067544: 1016950-7efdd378d700: cdpl_server_ipc.c:1200: in _sv_ipc_thread(): debug: leaving now
1744242764.067566: 1016950-7efe06483540: cdpl_server.c:334: in _sv_free_master(): info: freeing master M1
1744242764.067572: 1016950-7efe06483540: cdpl_hash.c:68: in cdpl_h_destroy(): debug: put operations: 1
1744242764.067576: 1016950-7efe06483540: cdpl_hash.c:69: in cdpl_h_destroy(): debug: put collisions: 0
1744242764.067578: 1016950-7efe06483540: cdpl_hash.c:70: in cdpl_h_destroy(): debug: get operations: 1
1744242764.067581: 1016950-7efe06483540: cdpl_hash.c:71: in cdpl_h_destroy(): debug: get iterations: 1
1744242764.067587: 1016950-7efe06483540: cdpl_monitor.c:1390: in cdpl_mn_free(): debug: freeing monitor server
1744242764.067591: 1016950-7efe06483540: cdpl_ipc.c:3728: in cdpl_ipc_free(): debug: releasing IPC handle
1744242764.067594: 1016950-7efe06483540: cdpl_ipc.c:1582: in _host_free__UNSAFE(): debug: freeing host `152.14.98.7:53650'
1744242764.067598: 1016950-7efe06483540: cdpl_ipc.c:1621: in _host_free__UNSAFE(): debug: [0 outq, 0 spR, 0 spW]
1744242764.067633: 1016950-7efe06483540: cdpl_ipc.c:3767: in cdpl_ipc_free(): debug: done
1744242764.067640: 1016950-7efe06483540: cdpl_log.c:481: in cdpl_log_close(): info: @@end_of_log@@
