1743693911.831567: 3944550-7ff100db4540: cdpl_log.c:337: in cdpl_log_open(): info: @@start_of_log@@
1743693911.831611: 3944550-7ff100db4540: cdpl_log.c:1058: in cdpl_log_dump_sysinfo(): info: time: 2025/04/03 11:25:11 EDT -0400
1743693911.831615: 3944550-7ff100db4540: cdpl_log.c:1060: in cdpl_log_dump_sysinfo(): info: version: W-2024.09-SP1-2 
1743693911.831618: 3944550-7ff100db4540: cdpl_log.c:1062: in cdpl_log_dump_sysinfo(): info: system: Linux 4.18.0-553.46.1.el8_10.x86_64 #1 SMP Sat Mar 15 01:37:33 EDT 2025
1743693911.831620: 3944550-7ff100db4540: cdpl_log.c:1067: in cdpl_log_dump_sysinfo(): info: processor: x86_64 64-bits
1743693911.831622: 3944550-7ff100db4540: cdpl_log.c:1071: in cdpl_log_dump_sysinfo(): info: hostname: grendel32.ece.ncsu.edu
1743693911.831625: 3944550-7ff100db4540: cdpl_log.c:1073: in cdpl_log_dump_sysinfo(): info: program name: custom_shell
1743693911.831629: 3944550-7ff100db4540: cdpl_log.c:340: in cdpl_log_open(): debug: path: /mnt/coe/workspace/ece/ece546-spr25/group8/group8_project/synopsys_custom/pwdp_jobs/saeSession0_default.SimulationSimulation_cdpl.0.3944550/logs/master.grendel32.ece.ncsu.edu.3944550.log
1743693911.831631: 3944550-7ff100db4540: cdpl_log.c:341: in cdpl_log_open(): debug: dir: /mnt/coe/workspace/ece/ece546-spr25/group8/group8_project/synopsys_custom/pwdp_jobs/saeSession0_default.SimulationSimulation_cdpl.0.3944550/logs
1743693911.831683: 3944550-7ff100db4540: cdpl_server.c:536: in cdpl_sv_init(): info: new server S926293978
1743693911.831698: 3944550-7ff100db4540: cdpl_ipc.c:3475: in cdpl_ipc_init(): info: requesting IPv4 protocol
1743693911.837347: 3944550-7ff100db4540: cdpl_ipc.c:837: in _selectaddrfamily(): info: selected IPv4 protocol
1743693911.837390: 3944550-7ff100db4540: cdpl_ipc.c:1139: in _set_keepalive(): info: TCP keep alive interval: 300
1743693911.841923: 3944550-7ff100db4540: cdpl_monitor.c:1117: in cdpl_mn_new_server(): info: creating server monitor instance
1743693911.841982: 3944550-7ff100db4540: cdpl_server.c:650: in cdpl_sv_new_master(): info: new master M1
1743693911.841999: 3944550-7ff100db4540: cdpl_server.c:6533: in cdpl_sv_ctl_master(): info: Setting worker heartbeat to 120 seconds
1743693911.842002: 3944550-7ff100db4540: cdpl_server.c:6542: in cdpl_sv_ctl_master(): info: Setting worker heartbeat timeout to 3 heartbeats
1743693911.842006: 3944550-7ff100db4540: cdpl_compat_master.c:2090: in _parse_hostfile(): info: reading hostfile `/mnt/coe/workspace/ece/ece546-spr25/group8/group8_project/synopsys_custom/pwdp_jobs/saeSession0_default.SimulationSimulation_cdpl.0.3944550/host_file'
1743693911.846389: 3944550-7ff100db4540: cdpl_compat_master.c:1900: in _hostfile_parser(): debug: parsing "1     |localhost|   -1  | /tmp | SH | sh"
1743693911.846419: 3944550-7ff100db4540: cdpl_farm.c:2578: in cdpl_farm_new_sh(): info: creating SH farm on localhost
1743693911.846430: 3944550-7ff100db4540: cdpl_compat_master.c:206: in _set_farm_env(): info: exporting CDPL_LOGDIR as `/mnt/coe/workspace/ece/ece546-spr25/group8/group8_project/synopsys_custom/pwdp_jobs/saeSession0_default.SimulationSimulation_cdpl.0.3944550/logs'
1743693911.846433: 3944550-7ff100db4540: cdpl_compat_master.c:212: in _set_farm_env(): info: exporting CDPL_TMPDIR as `/tmp'
1743693911.846436: 3944550-7ff100db4540: cdpl_compat_master.c:219: in _set_farm_env(): info: exporting CDPL_HOME as `/mnt/apps/public/COE/synopsys_apps/hspice/W-2024.09-SP1/hspice/cdpl'
1743693911.846439: 3944550-7ff100db4540: cdpl_compat_master.c:235: in _set_farm_env(): info: exporting SNPSLMD_LICENSE_FILE as `27000@ece-lic-35.ece.ncsu.edu'
1743693911.846442: 3944550-7ff100db4540: cdpl_compat_master.c:259: in _set_farm_env(): info: exporting CDPL_OPTIONS as `[nowlogs]'
1743693911.846445: 3944550-7ff100db4540: cdpl_compat_master.c:266: in _set_farm_env(): info: exporting DISPLAY as `unix:18036'
1743693911.846447: 3944550-7ff100db4540: cdpl_compat_master.c:274: in _set_farm_env(): info: exporting CDPL_HEARTBEAT as `120'
1743693911.846466: 3944550-7ff100db4540: cdpl_farm.c:3149: in cdpl_farm_add_withdir(): debug: added `localhost' (capacity: unlimited)
1743693911.846476: 3944550-7ff100db4540: cdpl_compat_parse.c:147: in parsefile(): debug: read `/mnt/coe/workspace/ece/ece546-spr25/group8/group8_project/synopsys_custom/pwdp_jobs/saeSession0_default.SimulationSimulation_cdpl.0.3944550/host_file', 2 lines
1743693911.846479: 3944550-7ff100db4540: cdpl_compat_master.c:2931: in cdplInitMaster(): info: bcast dir is `/mnt/coe/workspace/ece/ece546-spr25/group8/group8_project/synopsys_custom/pwdp_jobs/saeSession0_default.SimulationSimulation_cdpl.0.3944550/logs'
1743693911.849898: 3944550-7ff100db4540: cdpl_server.c:6433: in cdpl_sv_ctl_master(): info: farm worker timeout set to 300
1743693911.849903: 3944550-7ff100db4540: cdpl_server.c:6486: in cdpl_sv_ctl_master(): info: maximum number of task execution attempts set to 1
1743693911.849937: 3944550-7ff100db4540: cdpl_server.c:3195: in cdpl_sv_start(): debug: starting server
1743693911.849945: 3944550-7ff100db4540: cdpl_ipc.c:3632: in cdpl_ipc_start(): debug: starting IPC server 152.14.98.81:35831
1743693911.850683: 3944550-7ff0d1999700: cdpl_server_ipc.c:1182: in _sv_ipc_thread(): debug: ready
1743693911.851461: 3944550-7ff0d1198700: cdpl_monitor.c:426: in cdpl_mn_init_client(): info: creating client monitor instance
1743693911.851474: 3944550-7ff0d1198700: cdpl_ipc.c:3475: in cdpl_ipc_init(): info: requesting IPv4 protocol
1743693911.855371: 3944550-7ff0d1198700: cdpl_ipc.c:837: in _selectaddrfamily(): info: selected IPv4 protocol
1743693911.855395: 3944550-7ff0d1198700: cdpl_ipc.c:1139: in _set_keepalive(): info: TCP keep alive interval: 300
1743693911.858598: 3944550-7ff0d1198700: cdpl_ipc.c:3632: in cdpl_ipc_start(): debug: starting IPC server 152.14.98.81:35979
1743693911.858842: 3944550-7ff0d1198700: cdpl_monitor.c:471: in cdpl_mn_init_client(): debug: incoming messages in /tmp/cdpl-monitor-1NVUZu
1743693911.859476: 3944550-7ff0d1198700: cdpl_monitor.c:533: in cdpl_mn_connect(): debug: connecting to 152.14.98.81:35831
1743693911.859488: 3944550-7ff0d1198700: cdpl_ipc.c:3789: in cdpl_ipc_connect(): info: connecting to 152.14.98.81:35831
1743693911.859631: 3944550-7ff0d1198700: cdpl_ipc.c:3860: in cdpl_ipc_connect(): info: connected as `152.14.98.81:44296'
1743693911.859668: 3944550-7ff0d1198700: cdpl_ipc.c:2503: in cdpl_ipc_host_accept(): debug: accepted host `152.14.98.81:35831'
1743693911.859685: 3944550-7ff0d219a700: cdpl_ipc.c:1862: in _epoll_accept(): debug: new connection from `152.14.98.81:44296'
1743693911.859724: 3944550-7ff0d1198700: cdpl_monitor.c:579: in cdpl_mn_connect(): debug: ok
1743693911.859825: 3944550-7ff0d1999700: cdpl_server_ipc.c:1225: in _sv_ipc_thread(): debug: received ACCEPT notification
1743693911.859837: 3944550-7ff100db4540: cdpl_server.c:731: in cdpl_sv_new_job(): info: new job J1 in M1
1743693911.859850: 3944550-7ff0d1999700: cdpl_ipc.c:2503: in cdpl_ipc_host_accept(): debug: accepted host `152.14.98.81:44296'
1743693911.859855: 3944550-7ff0d1999700: cdpl_server_ipc.c:1256: in _sv_ipc_thread(): debug: received MONITOR message
1743693911.859878: 3944550-7ff100db4540: cdpl_compat_master.c:1581: in _add_worker(): info: new worker type 10, min:1, max:3, cmd:`/mnt/coe/workspace/ece/ece546-spr25/group8/group8_project/synopsys_custom/pwdp_jobs/saeSession0_default.SimulationSimulation_cdpl.0.3944550/START_WORKER pw_worker -i /mnt/coe/workspace/ece/ece546-spr25/group8/group8_
1743693911.859902: 3944550-7ff100db4540: cdpl_server.c:908: in cdpl_sv_new_bin_withfarm(): info: new bin B1 in J1
1743693911.860036: 3944550-7ff0d1999700: cdpl_monitor.c:1207: in cdpl_mn_accept(): debug: accepted monitor `152.14.98.81:44296'
1743693911.860042: 3944550-7ff0d1999700: cdpl_server_ipc_mon.c:120: in _globalLOCK(): debug: ENTERTING GLOBAL LOCK
1743693911.860045: 3944550-7ff0d1999700: cdpl_server_ipc_mon.c:164: in _globalLOCK(): debug: global lock acquired
1743693911.860610: 3944550-7ff0c37fe700: cdpl_monitor.c:910: in mn_systat(): debug: started
1743693911.861076: 3944550-7ff0c37fe700: cdpl_monitor.c:937: in mn_systat(): debug: monitor server flush rate: 5
1743693912.076148: 3944550-7ff0d1999700: cdpl_server_ipc_mon.c:210: in _globalUNLOCK(): debug: LEAVING GLOBAL LOCK
1743693912.076170: 3944550-7ff100db4540: cdpl_server.c:3249: in cdpl_sv_start_job(): info: starting job J1
1743693912.076269: 3944550-7ff100db4540: cdpl_server.c:62: in _sv_start_bin(): debug: starting bin B1 (min: 0, max: 3)
1743693912.076555: 3944550-7ff0c17fa700: cdpl_server_sched.c:2482: in _sv_scheduler_thread(): debug: scheduler for bin B1 started
1743693912.076618: 3944550-7ff100db4540: cdpl_server.c:1893: in _sv_gen_task(): info: new task T0 in B1 (prio 0)
1743693912.076673: 3944550-7ff100db4540: cdpl_server.c:2698: in cdpl_sv_label_task_va(): info: setting task T0 label to "HSPICE_1|HSPICE"
1743693912.076728: 3944550-7ff0c17fa700: cdpl_server_sched.c:2443: in _scheduler_run(): debug: will start a new worker
1743693912.076782: 3944550-7ff0c17fa700: cdpl_farm.c:3977: in cdpl_farm_submit(): debug: 1 running processes
1743693912.076788: 3944550-7ff0c17fa700: cdpl_farm.c:3985: in cdpl_farm_submit(): debug: new command C1 in bin B1 assigned to host `localhost'
1743693912.076970: 3944550-7ff0c17fa700: cdpl_server_sched.c:705: in _sv_launch_worker(): info: started worker W1 (as C1) in bin B1
1743693912.077583: 3944550-7ff0c0ff9700: cdpl_farm.c:2139: in _schedule(): debug: started
1743693912.077595: 3944550-7ff0c0ff9700: cdpl_farm.c:2303: in _schedule(): debug: submitting command C1 in bin B1
1743693912.077616: 3944550-7ff0c0ff9700: cdpl_sh.c:49: in _sh_detached_submit(): info: SH : /mnt/coe/workspace/ece/ece546-spr25/group8/group8_project/synopsys_custom/pwdp_jobs/saeSession0_default.SimulationSimulation_cdpl.0.3944550/START_WORKER pw_worker -i /mnt/coe/workspace/ece/ece546-spr25/group8/group8_project/synopsys_custom/pwdp_jobs/saeSession0_default.SimulationSimulation_cdpl.0.3944550 -t 10000
1743693912.087732: 3944550-7ff0c0ff9700: cdpl_farm.c:2343: in _schedule(): debug: C1 in bin B1 running on slot 0
1743693912.087767: 3944550-7ff0c0ff9700: cdpl_farm.c:2167: in _schedule(): debug: idle
1743693912.227248: 3944550-7ff100db4540: cdpl_compat_master.c:5948: in cdplMasterLogInfo(): info: [non-CDPL log entry] PWDP3: reset pilot cache succeeded, pilot_key=saeSession0,1,default|&/mnt/coe/workspace/ece/ece546-spr25/group8/group8_project/simulation/group8,inv_highdrive,schematic/history_1/simulation/default/PrimeSimHSPICE/nominal/results
1743693912.387871: 3944550-7ff0c0ff9700: cdpl_farm.c:1193: in _onexit(): debug: C1 in bin B1 exited normally on slot 0
1743693913.341362: 3944550-7ff0c27fc700: cdpl_compat_master.c:5948: in cdplMasterLogInfo(): info: [non-CDPL log entry] PWDP - no-workers started ok check start!
1743693914.527786: 3944550-7ff0d219a700: cdpl_ipc.c:1862: in _epoll_accept(): debug: new connection from `152.14.98.81:44298'
1743693914.527860: 3944550-7ff0d1999700: cdpl_server_ipc.c:1225: in _sv_ipc_thread(): debug: received ACCEPT notification
1743693914.527872: 3944550-7ff0d1999700: cdpl_ipc.c:2503: in cdpl_ipc_host_accept(): debug: accepted host `152.14.98.81:44298'
1743693914.528117: 3944550-7ff0d1999700: cdpl_server_ipc.c:1246: in _sv_ipc_thread(): debug: received HELLO message
1743693914.528121: 3944550-7ff0d1999700: cdpl_server_ipc.c:430: in _sv_on_hello(): debug: looking up W1
1743693914.528125: 3944550-7ff0d1999700: cdpl_server_ipc.c:540: in _sv_on_hello(): info: W1 is `152.14.98.81:44298'
1743693914.528128: 3944550-7ff0d1999700: cdpl_server_ipc.c:541: in _sv_on_hello(): debug: hello W1 (B1)
1743693914.528130: 3944550-7ff0d1999700: cdpl_server_ipc.c:542: in _sv_on_hello(): info: W1 log file is /dev/null
1743693914.528334: 3944550-7ff0d1999700: cdpl_server_ipc.c:602: in _sv_on_hello(): info: up to 1 alive workers in B1
1743693914.528347: 3944550-7ff0d1999700: cdpl_farm.c:878: in _release_cmd(): debug: freeing command C1 in bin B1
1743693914.528385: 3944550-7ff0c17fa700: cdpl_server_sched.c:960: in _assign(): info: assigning task T0 to worker W1
1743693915.529460: 3944550-7ff0d1999700: cdpl_server_ipc.c:312: in _sv_on_heartbeat(): debug: received HEARTBEAT from worker W1 at 152.14.98.81:44298
1743693916.932213: 3944550-7ff0d1198700: cdpl_monitor.c:533: in cdpl_mn_connect(): debug: connecting to 152.14.98.81:41817
1743693916.932231: 3944550-7ff0d1198700: cdpl_ipc.c:3789: in cdpl_ipc_connect(): info: connecting to 152.14.98.81:41817
1743693916.932442: 3944550-7ff0d1198700: cdpl_ipc.c:3860: in cdpl_ipc_connect(): info: connected as `152.14.98.81:32872'
1743693916.932454: 3944550-7ff0d1198700: cdpl_ipc.c:2503: in cdpl_ipc_host_accept(): debug: accepted host `152.14.98.81:41817'
1743693916.932459: 3944550-7ff0d1198700: cdpl_monitor.c:579: in cdpl_mn_connect(): debug: ok
1743693918.200444: 3944550-7ff0d1999700: cdpl_server_ipc.c:1268: in _sv_ipc_thread(): debug: received RELAY message
1743693918.200460: 3944550-7ff0d1999700: cdpl_server_ipc.c:713: in _sv_on_relay(): debug: RELAY message from W1, size = 60
1743693918.200463: 3944550-7ff0d1999700: cdpl_server_ipc.c:715: in _sv_on_relay(): debug: RELAY message from W1, content = 0$3945126 grendel32.ece.ncsu.edu 3945173 RUNNING 1743693917
1743693938.824964: 3944550-7ff0d1999700: cdpl_server_ipc.c:1268: in _sv_ipc_thread(): debug: received RELAY message
1743693938.826234: 3944550-7ff0d1999700: cdpl_server_ipc.c:713: in _sv_on_relay(): debug: RELAY message from W1, size = 48
1743693938.826240: 3944550-7ff0d1999700: cdpl_server_ipc.c:715: in _sv_on_relay(): debug: RELAY message from W1, content = WORKERDU|1146,dc2isi00nfs.oit.ncsu.edu:/coe_nfs
1743693938.826246: 3944550-7ff0d1999700: cdpl_server_ipc.c:1268: in _sv_ipc_thread(): debug: received RELAY message
1743693938.826249: 3944550-7ff0d1999700: cdpl_server_ipc.c:713: in _sv_on_relay(): debug: RELAY message from W1, size = 195
1743693938.826252: 3944550-7ff0d1999700: cdpl_server_ipc.c:715: in _sv_on_relay(): debug: RELAY message from W1, content = REQPILOT|saeSession0,1,default|&/mnt/coe/workspace/ece/ece546-spr25/group8/group8_project/simulation/group8,inv_highdrive,schematic/history_1/simulation/default/PrimeSimHSPICE/nominal/results|&0
1743693938.826386: 3944550-7ff0c2ffd700: cdpl_compat_master.c:5948: in cdplMasterLogInfo(): info: [non-CDPL log entry] PWDP send back 'DOPILOT' to worker id:1 key: saeSession0,1,default|&/mnt/coe/workspace/ece/ece546-spr25/group8/group8_project/simulation/group8,inv_highdrive,schematic/history_1/simulation/default/PrimeSimHSPICE/nominal/results
1743693938.832006: 3944550-7ff0c2ffd700: cdpl_compat_master.c:5948: in cdplMasterLogInfo(): info: [non-CDPL log entry] PWDP: set pilot doing!
1743693938.842095: 3944550-7ff0d1999700: cdpl_server_ipc.c:1268: in _sv_ipc_thread(): debug: received RELAY message
1743693938.842123: 3944550-7ff0d1999700: cdpl_server_ipc.c:713: in _sv_on_relay(): debug: RELAY message from W1, size = 191
1743693938.842127: 3944550-7ff0d1999700: cdpl_server_ipc.c:715: in _sv_on_relay(): debug: RELAY message from W1, content = PILOTOK|saeSession0,1,default|&/mnt/coe/workspace/ece/ece546-spr25/group8/group8_project/simulation/group8,inv_highdrive,schematic/history_1/simulation/default/PrimeSimHSPICE/nominal/results
1743693938.842159: 3944550-7ff0c2ffd700: cdpl_compat_master.c:5948: in cdplMasterLogInfo(): info: [non-CDPL log entry] PWDP: set pilot done!
1743693938.842377: 3944550-7ff0d1999700: cdpl_server_ipc.c:1268: in _sv_ipc_thread(): debug: received RELAY message
1743693938.842381: 3944550-7ff0d1999700: cdpl_server_ipc.c:713: in _sv_on_relay(): debug: RELAY message from W1, size = 18
1743693938.842383: 3944550-7ff0d1999700: cdpl_server_ipc.c:715: in _sv_on_relay(): debug: RELAY message from W1, content = 0$- - - MEASDOING
1743693941.232283: 3944550-7ff0d1999700: cdpl_server_ipc.c:1268: in _sv_ipc_thread(): debug: received RELAY message
1743693941.232305: 3944550-7ff0d1999700: cdpl_server_ipc.c:713: in _sv_on_relay(): debug: RELAY message from W1, size = 72
1743693941.232313: 3944550-7ff0d1999700: cdpl_server_ipc.c:715: in _sv_on_relay(): debug: RELAY message from W1, content = 0$3945126 grendel32.ece.ncsu.edu 3945173 FINISHED 1743693917|1743693941
1743693941.246301: 3944550-7ff0d1999700: cdpl_server_ipc.c:1268: in _sv_ipc_thread(): debug: received RELAY message
1743693941.246309: 3944550-7ff0d1999700: cdpl_server_ipc.c:713: in _sv_on_relay(): debug: RELAY message from W1, size = 193
1743693941.246316: 3944550-7ff0d1999700: cdpl_server_ipc.c:715: in _sv_on_relay(): debug: RELAY message from W1, content = PILOTDONE|saeSession0,1,default|&/mnt/coe/workspace/ece/ece546-spr25/group8/group8_project/simulation/group8,inv_highdrive,schematic/history_1/simulation/default/PrimeSimHSPICE/nominal/results
1743693941.246373: 3944550-7ff0c2ffd700: cdpl_compat_master.c:5948: in cdplMasterLogInfo(): info: [non-CDPL log entry] saeSession0,1,default|&/mnt/coe/workspace/ece/ece546-spr25/group8/group8_project/simulation/group8,inv_highdrive,schematic/history_1/simulation/default/PrimeSimHSPICE/nominal/results PILOTDONE!
1743693941.261436: 3944550-7ff0d1999700: cdpl_server_ipc.c:1251: in _sv_ipc_thread(): debug: received FINISH message
1743693941.261456: 3944550-7ff0d1999700: cdpl_server_ipc.c:983: in _sv_on_finish(): info: worker W1 completed task T0
1743693941.261464: 3944550-7ff0d1999700: cdpl_server_ipc.c:988: in _sv_on_finish(): debug: stat T0: utime=10872 stime=2067
1743693941.261470: 3944550-7ff0d1999700: cdpl_server_ipc.c:993: in _sv_on_finish(): debug: statm T0: vsize=2866912 rss=1069800 shared=519336 text=474784 data=732176
1743693941.274156: 3944550-7ff100db4540: cdpl_server.c:227: in _sv_free_task_safe(): debug: freeing task T0
1743693941.286122: 3944550-7ff0d1999700: cdpl_server_ipc.c:1268: in _sv_ipc_thread(): debug: received RELAY message
1743693941.286131: 3944550-7ff0d1999700: cdpl_server_ipc.c:713: in _sv_on_relay(): debug: RELAY message from W1, size = 47
1743693941.286134: 3944550-7ff0d1999700: cdpl_server_ipc.c:715: in _sv_on_relay(): debug: RELAY message from W1, content = WORKERDU|132,dc2isi00nfs.oit.ncsu.edu:/coe_nfs
1743693945.846194: 3944550-7ff100db4540: cdpl_server.c:3008: in cdpl_sv_halt_job_errno(): info: killing job J1
1743693945.847437: 3944550-7ff100db4540: cdpl_server.c:3044: in cdpl_sv_halt_job_errno(): debug: signal bin B1 scheduler to stop
1743693945.847490: 3944550-7ff0c17fa700: cdpl_server_sched.c:2484: in _sv_scheduler_thread(): debug: scheduler for bin B1 stopped
1743693945.847536: 3944550-7ff0c17fa700: cdpl_ipc.c:1657: in _host_drop__UNSAFE(): debug: dropping host `152.14.98.81:44298'
1743693945.847660: 3944550-7ff0c17fa700: cdpl_server_sched.c:2830: in _sv_drop_worker(): info: down to 0 alive workers in B1
1743693945.847678: 3944550-7ff0d1999700: cdpl_server_ipc.c:1236: in _sv_ipc_thread(): debug: received DROP notification
1743693945.847690: 3944550-7ff0c17fa700: cdpl_farm.c:4152: in cdpl_farm_dismiss(): debug: down to 0 running processes
1743693945.847727: 3944550-7ff0c17fa700: cdpl_server_sched.c:121: in _free_worker_2(): debug: freeing worker W1
1743693945.847743: 3944550-7ff0c17fa700: cdpl_ipc.c:2513: in cdpl_ipc_host_release(): debug: releasing host `152.14.98.81:44298'
1743693945.847746: 3944550-7ff0c17fa700: cdpl_ipc.c:2529: in cdpl_ipc_host_release(): debug: scheduling for immediate release
1743693945.847766: 3944550-7ff100db4540: cdpl_server.c:294: in _sv_free_job(): info: freeing job J1
1743693945.847772: 3944550-7ff100db4540: cdpl_server.c:92: in _sv_free_bin(): debug: freeing bin B1
1743693945.847824: 3944550-7ff100db4540: cdpl_monitor.c:515: in cdpl_mn_kill(): info: killing monitor
1743693945.847835: 3944550-7ff100db4540: cdpl_ipc.c:3677: in cdpl_ipc_kill(): debug: stopping event server
1743693945.847850: 3944550-7ff0d0997700: cdpl_ipc.c:2460: in _epoll_main(): debug: server going down...
1743693945.847918: 3944550-7ff0d219a700: cdpl_ipc.c:775: in _readv(): warning: read(): EOF
1743693945.848126: 3944550-7ff0d219a700: cdpl_ipc.c:2100: in _epoll_recv(): debug: _readv(): Broken pipe
1743693945.848138: 3944550-7ff0d219a700: cdpl_ipc.c:2424: in _epoll_main(): debug: _epoll_recv(): Broken pipe
1743693945.848145: 3944550-7ff0d219a700: cdpl_ipc.c:1657: in _host_drop__UNSAFE(): debug: dropping host `152.14.98.81:44296'
1743693945.848235: 3944550-7ff0d219a700: cdpl_ipc.c:1582: in _host_free__UNSAFE(): debug: freeing host `152.14.98.81:44298'
1743693945.848239: 3944550-7ff0d219a700: cdpl_ipc.c:1621: in _host_free__UNSAFE(): debug: [0 outq, 0 spR, 0 spW]
1743693945.848255: 3944550-7ff0d1999700: cdpl_server_ipc.c:1236: in _sv_ipc_thread(): debug: received DROP notification
1743693945.848269: 3944550-7ff0d1999700: cdpl_monitor.c:1269: in cdpl_mn_drop(): debug: detaching from monitor `152.14.98.81:44296'
1743693945.848274: 3944550-7ff0d1999700: cdpl_monitor.c:1101: in mn_systat_stop(): debug: joining systat thread
1743693945.848330: 3944550-7ff0d1198700: cdpl_ipc.c:3728: in cdpl_ipc_free(): debug: releasing IPC handle
1743693945.848339: 3944550-7ff0d1198700: cdpl_ipc.c:1582: in _host_free__UNSAFE(): debug: freeing host `152.14.98.81:41817'
1743693945.848343: 3944550-7ff0d1198700: cdpl_ipc.c:1621: in _host_free__UNSAFE(): debug: [0 outq, 0 spR, 0 spW]
1743693945.848346: 3944550-7ff0c37fe700: cdpl_monitor.c:1079: in mn_systat(): debug: exiting
1743693945.848359: 3944550-7ff0d1999700: cdpl_monitor.c:1103: in mn_systat_stop(): debug: systat thread done
1743693945.848383: 3944550-7ff0d1999700: cdpl_ipc.c:2513: in cdpl_ipc_host_release(): debug: releasing host `152.14.98.81:44296'
1743693945.848387: 3944550-7ff0d1198700: cdpl_ipc.c:1582: in _host_free__UNSAFE(): debug: freeing host `152.14.98.81:35831'
1743693945.848391: 3944550-7ff0d1198700: cdpl_ipc.c:1621: in _host_free__UNSAFE(): debug: [0 outq, 0 spR, 0 spW]
1743693945.848416: 3944550-7ff0d1198700: cdpl_ipc.c:3756: in cdpl_ipc_free(): warning: 2 host(s) were not released
1743693945.848437: 3944550-7ff0d1198700: cdpl_ipc.c:3767: in cdpl_ipc_free(): debug: done
1743693945.848441: 3944550-7ff0d1198700: cdpl_monitor.c:1390: in cdpl_mn_free(): debug: freeing monitor client
1743693945.848565: 3944550-7ff100db4540: cdpl_farm.c:2740: in cdpl_farm_free(): info: freeing farm
1743693945.848611: 3944550-7ff0c0ff9700: cdpl_farm.c:2231: in _schedule(): debug: end of idling
1743693945.848620: 3944550-7ff0c0ff9700: cdpl_farm.c:2235: in _schedule(): debug: dying
1743693945.848672: 3944550-7ff100db4540: cdpl_farm.c:913: in _killall(): debug: killing all remaining commands
1743693945.848689: 3944550-7ff100db4540: cdpl_server.c:3144: in cdpl_sv_free(): info: freeing server S926293978
1743693945.848710: 3944550-7ff100db4540: cdpl_server.c:3109: in cdpl_sv_kill_errno(): info: killing server
1743693945.848728: 3944550-7ff100db4540: cdpl_ipc.c:3677: in cdpl_ipc_kill(): debug: stopping event server
1743693945.848739: 3944550-7ff0d1999700: cdpl_server_ipc.c:1200: in _sv_ipc_thread(): debug: leaving now
1743693945.848745: 3944550-7ff0d219a700: cdpl_ipc.c:2460: in _epoll_main(): debug: server going down...
1743693945.848753: 3944550-7ff100db4540: cdpl_server.c:334: in _sv_free_master(): info: freeing master M1
1743693945.848783: 3944550-7ff100db4540: cdpl_hash.c:68: in cdpl_h_destroy(): debug: put operations: 1
1743693945.848787: 3944550-7ff100db4540: cdpl_hash.c:69: in cdpl_h_destroy(): debug: put collisions: 0
1743693945.848791: 3944550-7ff100db4540: cdpl_hash.c:70: in cdpl_h_destroy(): debug: get operations: 1
1743693945.848812: 3944550-7ff100db4540: cdpl_hash.c:71: in cdpl_h_destroy(): debug: get iterations: 1
1743693945.848832: 3944550-7ff100db4540: cdpl_monitor.c:1390: in cdpl_mn_free(): debug: freeing monitor server
1743693945.848844: 3944550-7ff100db4540: cdpl_ipc.c:3728: in cdpl_ipc_free(): debug: releasing IPC handle
1743693945.848848: 3944550-7ff100db4540: cdpl_ipc.c:1582: in _host_free__UNSAFE(): debug: freeing host `152.14.98.81:44296'
1743693945.848852: 3944550-7ff100db4540: cdpl_ipc.c:1621: in _host_free__UNSAFE(): debug: [0 outq, 0 spR, 0 spW]
1743693945.848869: 3944550-7ff100db4540: cdpl_ipc.c:3767: in cdpl_ipc_free(): debug: done
1743693945.848883: 3944550-7ff100db4540: cdpl_log.c:481: in cdpl_log_close(): info: @@end_of_log@@
