/* ICV_Nettran: RHEL64 W-2024.09-SP2.11100136 2024/12/03 */
/* Created:  4/16/2025   3:43   */

                                  ICV_Nettran 

          Version W-2024.09-SP2 for linux64 - Dec 03, 2024 cl#11100136

                    Copyright (c) 1996 - 2024 Synopsys, Inc.
   This software and the associated documentation are proprietary to Synopsys,
 Inc. This software may only be used in accordance with the terms and conditions
 of a written license agreement with Synopsys, Inc. All other use, reproduction,
   or distribution of this software is strictly prohibited.  Licensed Products
     communicate with Synopsys servers for the purpose of providing software
    updates, detecting software piracy and verifying that customers are using
    Licensed Products in conformity with the applicable License Key for such
  Licensed Products. Synopsys will use information gathered in connection with
    this process to deliver software updates and pursue software pirates and
                                   infringers.

 Inclusivity & Diversity - Visit SolvNetPlus to read the "Synopsys Statement on
            Inclusivity and Diversity" (Refer to article 000036315 at
                        https://solvnetplus.synopsys.com)

Options: -sp /mnt/coe/workspace/ece/ece546-spr25/group8/group8_project/synopsys_custom/inv.icv.lvs/inv.icv.sp -cell inv -dupCell USE_MULTIPLE -sp-ndbConnect -sp-dupProp LAST -errorLimit 1000 -quiet -logFile run_details/icv_nettran.log -sumFile run_details/icv_nettran.sum -wireLog run_details/nettran_wire.log -dupCellReportFile run_details/nettran_dupCell.log -outName ._netlist_database_sch100 -outType ndb -ndb-meter -sp-multiplier M -thread 8 

Pre-parsing "/mnt/coe/workspace/ece/ece546-spr25/group8/group8_project/synopsys_custom/inv.icv.lvs/inv.icv.sp" netlist ...
Reading "/mnt/coe/workspace/ece/ece546-spr25/group8/group8_project/synopsys_custom/inv.icv.lvs/inv.icv.sp" netlist ...
Loading cell "inv" ...
[Nettran Report] Reading Netlist(s): Check Time=0:00:00  User=0.00 Sys=0.00 Mem=0.005 GB
Processing Hierarchy ...
[Nettran Report] Post Process: Check Time=0:00:00  User=0.00 Sys=0.00 Mem=0.005 GB
Writing NDB netlist ...
[Nettran Report] Writing Netlist(s): Check Time=0:00:00  User=0.00 Sys=0.01 Mem=0.011 GB
Translation completed.
[Nettran Report] Nettran Total Runtime: Check Time=0:00:00  User=0.00 Sys=0.01 Mem=0.011 GB
