1743731698.833181: 164229-7fa2ae295540: cdpl_log.c:337: in cdpl_log_open(): info: @@start_of_log@@
1743731698.833196: 164229-7fa2ae295540: cdpl_log.c:1058: in cdpl_log_dump_sysinfo(): info: time: 2025/04/03 21:54:58 EDT -0400
1743731698.833198: 164229-7fa2ae295540: cdpl_log.c:1060: in cdpl_log_dump_sysinfo(): info: version: W-2024.09-SP1-2 
1743731698.833199: 164229-7fa2ae295540: cdpl_log.c:1062: in cdpl_log_dump_sysinfo(): info: system: Linux 4.18.0-553.46.1.el8_10.x86_64 #1 SMP Sat Mar 15 01:37:33 EDT 2025
1743731698.833200: 164229-7fa2ae295540: cdpl_log.c:1067: in cdpl_log_dump_sysinfo(): info: processor: x86_64 64-bits
1743731698.833200: 164229-7fa2ae295540: cdpl_log.c:1071: in cdpl_log_dump_sysinfo(): info: hostname: viper.ece.ncsu.edu
1743731698.833201: 164229-7fa2ae295540: cdpl_log.c:1073: in cdpl_log_dump_sysinfo(): info: program name: custom_shell
1743731698.833203: 164229-7fa2ae295540: cdpl_log.c:340: in cdpl_log_open(): debug: path: /mnt/coe/workspace/ece/ece546-spr25/group8/group8_project/synopsys_custom/pwdp_jobs/saeSession4_default.SimulationSimulation_cdpl.0.164229/logs/master.viper.ece.ncsu.edu.164229.log
1743731698.833204: 164229-7fa2ae295540: cdpl_log.c:341: in cdpl_log_open(): debug: dir: /mnt/coe/workspace/ece/ece546-spr25/group8/group8_project/synopsys_custom/pwdp_jobs/saeSession4_default.SimulationSimulation_cdpl.0.164229/logs
1743731698.833224: 164229-7fa2ae295540: cdpl_server.c:536: in cdpl_sv_init(): info: new server S282859207
1743731698.833228: 164229-7fa2ae295540: cdpl_ipc.c:3475: in cdpl_ipc_init(): info: requesting IPv4 protocol
1743731698.838591: 164229-7fa2ae295540: cdpl_ipc.c:837: in _selectaddrfamily(): info: selected IPv4 protocol
1743731698.838604: 164229-7fa2ae295540: cdpl_ipc.c:1139: in _set_keepalive(): info: TCP keep alive interval: 300
1743731698.841474: 164229-7fa2ae295540: cdpl_monitor.c:1117: in cdpl_mn_new_server(): info: creating server monitor instance
1743731698.841484: 164229-7fa2ae295540: cdpl_server.c:650: in cdpl_sv_new_master(): info: new master M1
1743731698.841490: 164229-7fa2ae295540: cdpl_server.c:6533: in cdpl_sv_ctl_master(): info: Setting worker heartbeat to 120 seconds
1743731698.841491: 164229-7fa2ae295540: cdpl_server.c:6542: in cdpl_sv_ctl_master(): info: Setting worker heartbeat timeout to 3 heartbeats
1743731698.841492: 164229-7fa2ae295540: cdpl_compat_master.c:2090: in _parse_hostfile(): info: reading hostfile `/mnt/coe/workspace/ece/ece546-spr25/group8/group8_project/synopsys_custom/pwdp_jobs/saeSession4_default.SimulationSimulation_cdpl.0.164229/host_file'
1743731698.846163: 164229-7fa2ae295540: cdpl_compat_master.c:1900: in _hostfile_parser(): debug: parsing "1     |localhost|   -1  | /tmp | SH | sh"
1743731698.846173: 164229-7fa2ae295540: cdpl_farm.c:2578: in cdpl_farm_new_sh(): info: creating SH farm on localhost
1743731698.846177: 164229-7fa2ae295540: cdpl_compat_master.c:206: in _set_farm_env(): info: exporting CDPL_LOGDIR as `/mnt/coe/workspace/ece/ece546-spr25/group8/group8_project/synopsys_custom/pwdp_jobs/saeSession4_default.SimulationSimulation_cdpl.0.164229/logs'
1743731698.846178: 164229-7fa2ae295540: cdpl_compat_master.c:212: in _set_farm_env(): info: exporting CDPL_TMPDIR as `/tmp'
1743731698.846179: 164229-7fa2ae295540: cdpl_compat_master.c:219: in _set_farm_env(): info: exporting CDPL_HOME as `/mnt/apps/public/COE/synopsys_apps/hspice/W-2024.09-SP1/hspice/cdpl'
1743731698.846180: 164229-7fa2ae295540: cdpl_compat_master.c:235: in _set_farm_env(): info: exporting SNPSLMD_LICENSE_FILE as `27000@ece-lic-35.ece.ncsu.edu'
1743731698.846182: 164229-7fa2ae295540: cdpl_compat_master.c:259: in _set_farm_env(): info: exporting CDPL_OPTIONS as `[nowlogs]'
1743731698.846182: 164229-7fa2ae295540: cdpl_compat_master.c:266: in _set_farm_env(): info: exporting DISPLAY as `unix:28172'
1743731698.846183: 164229-7fa2ae295540: cdpl_compat_master.c:274: in _set_farm_env(): info: exporting CDPL_HEARTBEAT as `120'
1743731698.846212: 164229-7fa2ae295540: cdpl_farm.c:3149: in cdpl_farm_add_withdir(): debug: added `localhost' (capacity: unlimited)
1743731698.846213: 164229-7fa2ae295540: cdpl_compat_parse.c:147: in parsefile(): debug: read `/mnt/coe/workspace/ece/ece546-spr25/group8/group8_project/synopsys_custom/pwdp_jobs/saeSession4_default.SimulationSimulation_cdpl.0.164229/host_file', 2 lines
1743731698.846216: 164229-7fa2ae295540: cdpl_compat_master.c:2931: in cdplInitMaster(): info: bcast dir is `/mnt/coe/workspace/ece/ece546-spr25/group8/group8_project/synopsys_custom/pwdp_jobs/saeSession4_default.SimulationSimulation_cdpl.0.164229/logs'
1743731698.849988: 164229-7fa2ae295540: cdpl_server.c:6433: in cdpl_sv_ctl_master(): info: farm worker timeout set to 300
1743731698.849989: 164229-7fa2ae295540: cdpl_server.c:6486: in cdpl_sv_ctl_master(): info: maximum number of task execution attempts set to 1
1743731698.850000: 164229-7fa2ae295540: cdpl_server.c:3195: in cdpl_sv_start(): debug: starting server
1743731698.850003: 164229-7fa2ae295540: cdpl_ipc.c:3632: in cdpl_ipc_start(): debug: starting IPC server 152.14.99.205:33995
1743731698.850130: 164229-7fa2720ab700: cdpl_server_ipc.c:1182: in _sv_ipc_thread(): debug: ready
1743731698.850151: 164229-7fa2718aa700: cdpl_monitor.c:426: in cdpl_mn_init_client(): info: creating client monitor instance
1743731698.850158: 164229-7fa2718aa700: cdpl_ipc.c:3475: in cdpl_ipc_init(): info: requesting IPv4 protocol
1743731698.853980: 164229-7fa2718aa700: cdpl_ipc.c:837: in _selectaddrfamily(): info: selected IPv4 protocol
1743731698.853986: 164229-7fa2718aa700: cdpl_ipc.c:1139: in _set_keepalive(): info: TCP keep alive interval: 300
1743731698.856792: 164229-7fa2718aa700: cdpl_ipc.c:3632: in cdpl_ipc_start(): debug: starting IPC server 152.14.99.205:36083
1743731698.856879: 164229-7fa2718aa700: cdpl_monitor.c:471: in cdpl_mn_init_client(): debug: incoming messages in /tmp/cdpl-monitor-zNRrlv
1743731698.857037: 164229-7fa2718aa700: cdpl_monitor.c:533: in cdpl_mn_connect(): debug: connecting to 152.14.99.205:33995
1743731698.857044: 164229-7fa2718aa700: cdpl_ipc.c:3789: in cdpl_ipc_connect(): info: connecting to 152.14.99.205:33995
1743731698.857113: 164229-7fa2718aa700: cdpl_ipc.c:3860: in cdpl_ipc_connect(): info: connected as `152.14.99.205:47252'
1743731698.857125: 164229-7fa2718aa700: cdpl_ipc.c:2503: in cdpl_ipc_host_accept(): debug: accepted host `152.14.99.205:33995'
1743731698.857140: 164229-7fa2718aa700: cdpl_monitor.c:579: in cdpl_mn_connect(): debug: ok
1743731698.857154: 164229-7fa2ae295540: cdpl_server.c:731: in cdpl_sv_new_job(): info: new job J1 in M1
1743731698.857168: 164229-7fa2ae295540: cdpl_compat_master.c:1581: in _add_worker(): info: new worker type 10, min:1, max:3, cmd:`/mnt/coe/workspace/ece/ece546-spr25/group8/group8_project/synopsys_custom/pwdp_jobs/saeSession4_default.SimulationSimulation_cdpl.0.164229/START_WORKER pw_worker -i /mnt/coe/workspace/ece/ece546-spr25/group8/group8_p
1743731698.857176: 164229-7fa2ae295540: cdpl_server.c:908: in cdpl_sv_new_bin_withfarm(): info: new bin B1 in J1
1743731698.857219: 164229-7fa2728ac700: cdpl_ipc.c:1862: in _epoll_accept(): debug: new connection from `152.14.99.205:47252'
1743731698.857503: 164229-7fa2720ab700: cdpl_server_ipc.c:1225: in _sv_ipc_thread(): debug: received ACCEPT notification
1743731698.857507: 164229-7fa2720ab700: cdpl_ipc.c:2503: in cdpl_ipc_host_accept(): debug: accepted host `152.14.99.205:47252'
1743731698.857512: 164229-7fa2720ab700: cdpl_server_ipc.c:1256: in _sv_ipc_thread(): debug: received MONITOR message
1743731698.857578: 164229-7fa2720ab700: cdpl_monitor.c:1207: in cdpl_mn_accept(): debug: accepted monitor `152.14.99.205:47252'
1743731698.857579: 164229-7fa2720ab700: cdpl_server_ipc_mon.c:120: in _globalLOCK(): debug: ENTERTING GLOBAL LOCK
1743731698.857580: 164229-7fa25e7fc700: cdpl_monitor.c:910: in mn_systat(): debug: started
1743731698.857583: 164229-7fa2720ab700: cdpl_server_ipc_mon.c:164: in _globalLOCK(): debug: global lock acquired
1743731698.857720: 164229-7fa25e7fc700: cdpl_monitor.c:937: in mn_systat(): debug: monitor server flush rate: 5
1743731698.905651: 164229-7fa2720ab700: cdpl_server_ipc_mon.c:210: in _globalUNLOCK(): debug: LEAVING GLOBAL LOCK
1743731699.031708: 164229-7fa2ae295540: cdpl_server.c:3249: in cdpl_sv_start_job(): info: starting job J1
1743731699.031718: 164229-7fa2ae295540: cdpl_server.c:62: in _sv_start_bin(): debug: starting bin B1 (min: 0, max: 3)
1743731699.031780: 164229-7fa2ae295540: cdpl_server.c:1893: in _sv_gen_task(): info: new task T0 in B1 (prio 0)
1743731699.031798: 164229-7fa2ae295540: cdpl_server.c:2698: in cdpl_sv_label_task_va(): info: setting task T0 label to "HSPICE_1|HSPICE"
1743731699.031855: 164229-7fa25dffb700: cdpl_server_sched.c:2482: in _sv_scheduler_thread(): debug: scheduler for bin B1 started
1743731699.031893: 164229-7fa25dffb700: cdpl_server_sched.c:2443: in _scheduler_run(): debug: will start a new worker
1743731699.031915: 164229-7fa25dffb700: cdpl_farm.c:3977: in cdpl_farm_submit(): debug: 1 running processes
1743731699.031917: 164229-7fa25dffb700: cdpl_farm.c:3985: in cdpl_farm_submit(): debug: new command C1 in bin B1 assigned to host `localhost'
1743731699.031953: 164229-7fa25dffb700: cdpl_server_sched.c:705: in _sv_launch_worker(): info: started worker W1 (as C1) in bin B1
1743731699.031999: 164229-7fa25d7fa700: cdpl_farm.c:2139: in _schedule(): debug: started
1743731699.032004: 164229-7fa25d7fa700: cdpl_farm.c:2303: in _schedule(): debug: submitting command C1 in bin B1
1743731699.032013: 164229-7fa25d7fa700: cdpl_sh.c:49: in _sh_detached_submit(): info: SH : /mnt/coe/workspace/ece/ece546-spr25/group8/group8_project/synopsys_custom/pwdp_jobs/saeSession4_default.SimulationSimulation_cdpl.0.164229/START_WORKER pw_worker -i /mnt/coe/workspace/ece/ece546-spr25/group8/group8_project/synopsys_custom/pwdp_jobs/saeSession4_default.SimulationSimulation_cdpl.0.164229 -t 10000
1743731699.035049: 164229-7fa25d7fa700: cdpl_farm.c:2343: in _schedule(): debug: C1 in bin B1 running on slot 0
1743731699.035063: 164229-7fa25d7fa700: cdpl_farm.c:2167: in _schedule(): debug: idle
1743731699.150815: 164229-7fa2ae295540: cdpl_compat_master.c:5948: in cdplMasterLogInfo(): info: [non-CDPL log entry] PWDP3: reset pilot cache succeeded, pilot_key=saeSession4,1,default|&/mnt/coe/workspace/ece/ece546-spr25/group8/group8_project/simulation/group8,memory_array_tb,schematic/history_1/simulation/default/PrimeSimHSPICE/nominal/results
1743731699.335150: 164229-7fa25d7fa700: cdpl_farm.c:1193: in _onexit(): debug: C1 in bin B1 exited normally on slot 0
1743731700.109485: 164229-7fa25f7fe700: cdpl_compat_master.c:5948: in cdplMasterLogInfo(): info: [non-CDPL log entry] PWDP - no-workers started ok check start!
1743731700.756161: 164229-7fa2728ac700: cdpl_ipc.c:1862: in _epoll_accept(): debug: new connection from `152.14.99.205:57258'
1743731700.756182: 164229-7fa2720ab700: cdpl_server_ipc.c:1225: in _sv_ipc_thread(): debug: received ACCEPT notification
1743731700.756188: 164229-7fa2720ab700: cdpl_ipc.c:2503: in cdpl_ipc_host_accept(): debug: accepted host `152.14.99.205:57258'
1743731700.756385: 164229-7fa2720ab700: cdpl_server_ipc.c:1246: in _sv_ipc_thread(): debug: received HELLO message
1743731700.756386: 164229-7fa2720ab700: cdpl_server_ipc.c:430: in _sv_on_hello(): debug: looking up W1
1743731700.756387: 164229-7fa2720ab700: cdpl_server_ipc.c:540: in _sv_on_hello(): info: W1 is `152.14.99.205:57258'
1743731700.756388: 164229-7fa2720ab700: cdpl_server_ipc.c:541: in _sv_on_hello(): debug: hello W1 (B1)
1743731700.756389: 164229-7fa2720ab700: cdpl_server_ipc.c:542: in _sv_on_hello(): info: W1 log file is /dev/null
1743731700.756418: 164229-7fa2720ab700: cdpl_server_ipc.c:602: in _sv_on_hello(): info: up to 1 alive workers in B1
1743731700.756422: 164229-7fa2720ab700: cdpl_farm.c:878: in _release_cmd(): debug: freeing command C1 in bin B1
1743731700.756432: 164229-7fa25dffb700: cdpl_server_sched.c:960: in _assign(): info: assigning task T0 to worker W1
1743731701.757005: 164229-7fa2720ab700: cdpl_server_ipc.c:312: in _sv_on_heartbeat(): debug: received HEARTBEAT from worker W1 at 152.14.99.205:57258
1743731702.699653: 164229-7fa2720ab700: cdpl_server_ipc.c:1268: in _sv_ipc_thread(): debug: received RELAY message
1743731702.699659: 164229-7fa2720ab700: cdpl_server_ipc.c:713: in _sv_on_relay(): debug: RELAY message from W1, size = 54
1743731702.699664: 164229-7fa2720ab700: cdpl_server_ipc.c:715: in _sv_on_relay(): debug: RELAY message from W1, content = 0$164759 viper.ece.ncsu.edu 164776 RUNNING 1743731701
1743731703.923965: 164229-7fa2718aa700: cdpl_monitor.c:533: in cdpl_mn_connect(): debug: connecting to 152.14.99.205:32847
1743731703.923972: 164229-7fa2718aa700: cdpl_ipc.c:3789: in cdpl_ipc_connect(): info: connecting to 152.14.99.205:32847
1743731703.924062: 164229-7fa2718aa700: cdpl_ipc.c:3860: in cdpl_ipc_connect(): info: connected as `152.14.99.205:41158'
1743731703.924066: 164229-7fa2718aa700: cdpl_ipc.c:2503: in cdpl_ipc_host_accept(): debug: accepted host `152.14.99.205:32847'
1743731703.924068: 164229-7fa2718aa700: cdpl_monitor.c:579: in cdpl_mn_connect(): debug: ok
1743731718.025252: 164229-7fa2720ab700: cdpl_server_ipc.c:1268: in _sv_ipc_thread(): debug: received RELAY message
1743731718.026636: 164229-7fa2720ab700: cdpl_server_ipc.c:713: in _sv_on_relay(): debug: RELAY message from W1, size = 48
1743731718.026638: 164229-7fa2720ab700: cdpl_server_ipc.c:715: in _sv_on_relay(): debug: RELAY message from W1, content = WORKERDU|1251,dc2isi00nfs.oit.ncsu.edu:/coe_nfs
1743731718.026641: 164229-7fa2720ab700: cdpl_server_ipc.c:1268: in _sv_ipc_thread(): debug: received RELAY message
1743731718.026642: 164229-7fa2720ab700: cdpl_server_ipc.c:713: in _sv_on_relay(): debug: RELAY message from W1, size = 197
1743731718.026642: 164229-7fa2720ab700: cdpl_server_ipc.c:715: in _sv_on_relay(): debug: RELAY message from W1, content = REQPILOT|saeSession4,1,default|&/mnt/coe/workspace/ece/ece546-spr25/group8/group8_project/simulation/group8,memory_array_tb,schematic/history_1/simulation/default/PrimeSimHSPICE/nominal/results|&0
1743731718.026690: 164229-7fa25ffff700: cdpl_compat_master.c:5948: in cdplMasterLogInfo(): info: [non-CDPL log entry] PWDP send back 'DOPILOT' to worker id:1 key: saeSession4,1,default|&/mnt/coe/workspace/ece/ece546-spr25/group8/group8_project/simulation/group8,memory_array_tb,schematic/history_1/simulation/default/PrimeSimHSPICE/nominal/results
1743731718.032034: 164229-7fa25ffff700: cdpl_compat_master.c:5948: in cdplMasterLogInfo(): info: [non-CDPL log entry] PWDP: set pilot doing!
1743731718.038412: 164229-7fa2720ab700: cdpl_server_ipc.c:1268: in _sv_ipc_thread(): debug: received RELAY message
1743731718.038413: 164229-7fa2720ab700: cdpl_server_ipc.c:713: in _sv_on_relay(): debug: RELAY message from W1, size = 193
1743731718.038414: 164229-7fa2720ab700: cdpl_server_ipc.c:715: in _sv_on_relay(): debug: RELAY message from W1, content = PILOTOK|saeSession4,1,default|&/mnt/coe/workspace/ece/ece546-spr25/group8/group8_project/simulation/group8,memory_array_tb,schematic/history_1/simulation/default/PrimeSimHSPICE/nominal/results
1743731718.038417: 164229-7fa25ffff700: cdpl_compat_master.c:5948: in cdplMasterLogInfo(): info: [non-CDPL log entry] PWDP: set pilot done!
1743731718.038531: 164229-7fa2720ab700: cdpl_server_ipc.c:1268: in _sv_ipc_thread(): debug: received RELAY message
1743731718.038532: 164229-7fa2720ab700: cdpl_server_ipc.c:713: in _sv_on_relay(): debug: RELAY message from W1, size = 18
1743731718.038533: 164229-7fa2720ab700: cdpl_server_ipc.c:715: in _sv_on_relay(): debug: RELAY message from W1, content = 0$- - - MEASDOING
1743731723.088546: 164229-7fa2720ab700: cdpl_server_ipc.c:1268: in _sv_ipc_thread(): debug: received RELAY message
1743731723.090843: 164229-7fa2720ab700: cdpl_server_ipc.c:713: in _sv_on_relay(): debug: RELAY message from W1, size = 66
1743731723.090853: 164229-7fa2720ab700: cdpl_server_ipc.c:715: in _sv_on_relay(): debug: RELAY message from W1, content = 0$164759 viper.ece.ncsu.edu 164776 FINISHED 1743731701|1743731723
1743731723.101289: 164229-7fa2720ab700: cdpl_server_ipc.c:1268: in _sv_ipc_thread(): debug: received RELAY message
1743731723.101291: 164229-7fa2720ab700: cdpl_server_ipc.c:713: in _sv_on_relay(): debug: RELAY message from W1, size = 195
1743731723.101292: 164229-7fa2720ab700: cdpl_server_ipc.c:715: in _sv_on_relay(): debug: RELAY message from W1, content = PILOTDONE|saeSession4,1,default|&/mnt/coe/workspace/ece/ece546-spr25/group8/group8_project/simulation/group8,memory_array_tb,schematic/history_1/simulation/default/PrimeSimHSPICE/nominal/results
1743731723.101300: 164229-7fa25ffff700: cdpl_compat_master.c:5948: in cdplMasterLogInfo(): info: [non-CDPL log entry] saeSession4,1,default|&/mnt/coe/workspace/ece/ece546-spr25/group8/group8_project/simulation/group8,memory_array_tb,schematic/history_1/simulation/default/PrimeSimHSPICE/nominal/results PILOTDONE!
1743731723.118810: 164229-7fa2720ab700: cdpl_server_ipc.c:1251: in _sv_ipc_thread(): debug: received FINISH message
1743731723.118812: 164229-7fa2720ab700: cdpl_server_ipc.c:983: in _sv_on_finish(): info: worker W1 completed task T0
1743731723.118813: 164229-7fa2720ab700: cdpl_server_ipc.c:988: in _sv_on_finish(): debug: stat T0: utime=5243 stime=747
1743731723.118814: 164229-7fa2720ab700: cdpl_server_ipc.c:993: in _sv_on_finish(): debug: statm T0: vsize=3080224 rss=1066844 shared=519796 text=474784 data=735068
1743731723.139542: 164229-7fa2720ab700: cdpl_server_ipc.c:1268: in _sv_ipc_thread(): debug: received RELAY message
1743731723.139543: 164229-7fa2720ab700: cdpl_server_ipc.c:713: in _sv_on_relay(): debug: RELAY message from W1, size = 47
1743731723.139544: 164229-7fa2720ab700: cdpl_server_ipc.c:715: in _sv_on_relay(): debug: RELAY message from W1, content = WORKERDU|204,dc2isi00nfs.oit.ncsu.edu:/coe_nfs
1743731723.157800: 164229-7fa2ae295540: cdpl_server.c:227: in _sv_free_task_safe(): debug: freeing task T0
1743731729.119572: 164229-7fa2ae295540: cdpl_server.c:3008: in cdpl_sv_halt_job_errno(): info: killing job J1
1743731729.120815: 164229-7fa2ae295540: cdpl_server.c:3044: in cdpl_sv_halt_job_errno(): debug: signal bin B1 scheduler to stop
1743731729.120821: 164229-7fa25dffb700: cdpl_server_sched.c:2484: in _sv_scheduler_thread(): debug: scheduler for bin B1 stopped
1743731729.120837: 164229-7fa25dffb700: cdpl_ipc.c:1657: in _host_drop__UNSAFE(): debug: dropping host `152.14.99.205:57258'
1743731729.120854: 164229-7fa25dffb700: cdpl_server_sched.c:2830: in _sv_drop_worker(): info: down to 0 alive workers in B1
1743731729.120856: 164229-7fa2720ab700: cdpl_server_ipc.c:1236: in _sv_ipc_thread(): debug: received DROP notification
1743731729.120861: 164229-7fa25dffb700: cdpl_farm.c:4152: in cdpl_farm_dismiss(): debug: down to 0 running processes
1743731729.120869: 164229-7fa25dffb700: cdpl_server_sched.c:121: in _free_worker_2(): debug: freeing worker W1
1743731729.120876: 164229-7fa25dffb700: cdpl_ipc.c:2513: in cdpl_ipc_host_release(): debug: releasing host `152.14.99.205:57258'
1743731729.120877: 164229-7fa25dffb700: cdpl_ipc.c:2529: in cdpl_ipc_host_release(): debug: scheduling for immediate release
1743731729.120889: 164229-7fa2ae295540: cdpl_server.c:294: in _sv_free_job(): info: freeing job J1
1743731729.120890: 164229-7fa2ae295540: cdpl_server.c:92: in _sv_free_bin(): debug: freeing bin B1
1743731729.120913: 164229-7fa2ae295540: cdpl_monitor.c:515: in cdpl_mn_kill(): info: killing monitor
1743731729.120917: 164229-7fa2ae295540: cdpl_ipc.c:3677: in cdpl_ipc_kill(): debug: stopping event server
1743731729.120964: 164229-7fa2728ac700: cdpl_ipc.c:733: in _writev(): error: write(): Broken pipe
1743731729.120971: 164229-7fa2728ac700: cdpl_ipc.c:1986: in _epoll_send(): debug: _writev(): Broken pipe
1743731729.120972: 164229-7fa2728ac700: cdpl_ipc.c:2434: in _epoll_main(): debug: _epoll_send(): Broken pipe
1743731729.120974: 164229-7fa2728ac700: cdpl_ipc.c:1657: in _host_drop__UNSAFE(): debug: dropping host `152.14.99.205:47252'
1743731729.120981: 164229-7fa2728ac700: cdpl_ipc.c:1582: in _host_free__UNSAFE(): debug: freeing host `152.14.99.205:57258'
1743731729.120982: 164229-7fa2728ac700: cdpl_ipc.c:1621: in _host_free__UNSAFE(): debug: [0 outq, 0 spR, 0 spW]
1743731729.120985: 164229-7fa2710a9700: cdpl_ipc.c:2460: in _epoll_main(): debug: server going down...
1743731729.120992: 164229-7fa2720ab700: cdpl_server_ipc.c:1236: in _sv_ipc_thread(): debug: received DROP notification
1743731729.120998: 164229-7fa2720ab700: cdpl_monitor.c:1269: in cdpl_mn_drop(): debug: detaching from monitor `152.14.99.205:47252'
1743731729.121000: 164229-7fa2720ab700: cdpl_monitor.c:1101: in mn_systat_stop(): debug: joining systat thread
1743731729.121067: 164229-7fa25e7fc700: cdpl_monitor.c:1079: in mn_systat(): debug: exiting
1743731729.121147: 164229-7fa2720ab700: cdpl_monitor.c:1103: in mn_systat_stop(): debug: systat thread done
1743731729.121178: 164229-7fa2720ab700: cdpl_ipc.c:2513: in cdpl_ipc_host_release(): debug: releasing host `152.14.99.205:47252'
1743731729.121190: 164229-7fa2718aa700: cdpl_ipc.c:3728: in cdpl_ipc_free(): debug: releasing IPC handle
1743731729.121192: 164229-7fa2718aa700: cdpl_ipc.c:1582: in _host_free__UNSAFE(): debug: freeing host `152.14.99.205:32847'
1743731729.121193: 164229-7fa2718aa700: cdpl_ipc.c:1621: in _host_free__UNSAFE(): debug: [0 outq, 0 spR, 0 spW]
1743731729.121197: 164229-7fa2718aa700: cdpl_ipc.c:1582: in _host_free__UNSAFE(): debug: freeing host `152.14.99.205:33995'
1743731729.121198: 164229-7fa2718aa700: cdpl_ipc.c:1621: in _host_free__UNSAFE(): debug: [0 outq, 0 spR, 0 spW]
1743731729.121201: 164229-7fa2718aa700: cdpl_ipc.c:3756: in cdpl_ipc_free(): warning: 2 host(s) were not released
1743731729.121207: 164229-7fa2718aa700: cdpl_ipc.c:3767: in cdpl_ipc_free(): debug: done
1743731729.121208: 164229-7fa2718aa700: cdpl_monitor.c:1390: in cdpl_mn_free(): debug: freeing monitor client
1743731729.121286: 164229-7fa2ae295540: cdpl_farm.c:2740: in cdpl_farm_free(): info: freeing farm
1743731729.121291: 164229-7fa25d7fa700: cdpl_farm.c:2231: in _schedule(): debug: end of idling
1743731729.121293: 164229-7fa25d7fa700: cdpl_farm.c:2235: in _schedule(): debug: dying
1743731729.121310: 164229-7fa2ae295540: cdpl_farm.c:913: in _killall(): debug: killing all remaining commands
1743731729.121317: 164229-7fa2ae295540: cdpl_server.c:3144: in cdpl_sv_free(): info: freeing server S282859207
1743731729.121325: 164229-7fa2ae295540: cdpl_server.c:3109: in cdpl_sv_kill_errno(): info: killing server
1743731729.121325: 164229-7fa2ae295540: cdpl_ipc.c:3677: in cdpl_ipc_kill(): debug: stopping event server
1743731729.121330: 164229-7fa2728ac700: cdpl_ipc.c:2460: in _epoll_main(): debug: server going down...
1743731729.121379: 164229-7fa2720ab700: cdpl_server_ipc.c:1200: in _sv_ipc_thread(): debug: leaving now
1743731729.121385: 164229-7fa2ae295540: cdpl_server.c:334: in _sv_free_master(): info: freeing master M1
1743731729.121389: 164229-7fa2ae295540: cdpl_hash.c:68: in cdpl_h_destroy(): debug: put operations: 1
1743731729.121390: 164229-7fa2ae295540: cdpl_hash.c:69: in cdpl_h_destroy(): debug: put collisions: 0
1743731729.121391: 164229-7fa2ae295540: cdpl_hash.c:70: in cdpl_h_destroy(): debug: get operations: 1
1743731729.121392: 164229-7fa2ae295540: cdpl_hash.c:71: in cdpl_h_destroy(): debug: get iterations: 1
1743731729.121396: 164229-7fa2ae295540: cdpl_monitor.c:1390: in cdpl_mn_free(): debug: freeing monitor server
1743731729.121397: 164229-7fa2ae295540: cdpl_ipc.c:3728: in cdpl_ipc_free(): debug: releasing IPC handle
1743731729.121398: 164229-7fa2ae295540: cdpl_ipc.c:1582: in _host_free__UNSAFE(): debug: freeing host `152.14.99.205:47252'
1743731729.121399: 164229-7fa2ae295540: cdpl_ipc.c:1621: in _host_free__UNSAFE(): debug: [0 outq, 0 spR, 0 spW]
1743731729.121407: 164229-7fa2ae295540: cdpl_ipc.c:3767: in cdpl_ipc_free(): debug: done
1743731729.121410: 164229-7fa2ae295540: cdpl_log.c:481: in cdpl_log_close(): info: @@end_of_log@@
