1743647461.133696: 3931818-7f5f6545a540: cdpl_log.c:337: in cdpl_log_open(): info: @@start_of_log@@
1743647461.133766: 3931818-7f5f6545a540: cdpl_log.c:1058: in cdpl_log_dump_sysinfo(): info: time: 2025/04/02 22:31:01 EDT -0400
1743647461.133776: 3931818-7f5f6545a540: cdpl_log.c:1060: in cdpl_log_dump_sysinfo(): info: version: W-2024.09-SP1-2 
1743647461.133779: 3931818-7f5f6545a540: cdpl_log.c:1062: in cdpl_log_dump_sysinfo(): info: system: Linux 4.18.0-553.46.1.el8_10.x86_64 #1 SMP Sat Mar 15 01:37:33 EDT 2025
1743647461.133781: 3931818-7f5f6545a540: cdpl_log.c:1067: in cdpl_log_dump_sysinfo(): info: processor: x86_64 64-bits
1743647461.133784: 3931818-7f5f6545a540: cdpl_log.c:1071: in cdpl_log_dump_sysinfo(): info: hostname: grendel31.ece.ncsu.edu
1743647461.133786: 3931818-7f5f6545a540: cdpl_log.c:1073: in cdpl_log_dump_sysinfo(): info: program name: custom_shell
1743647461.133790: 3931818-7f5f6545a540: cdpl_log.c:340: in cdpl_log_open(): debug: path: /mnt/coe/workspace/ece/ece546-spr25/group8/group8_project/synopsys_custom/pwdp_jobs/saeSession0_HSPICEdefault.SimulationSimulation_cdpl.0.3931818/logs/master.grendel31.ece.ncsu.edu.3931818.log
1743647461.133793: 3931818-7f5f6545a540: cdpl_log.c:341: in cdpl_log_open(): debug: dir: /mnt/coe/workspace/ece/ece546-spr25/group8/group8_project/synopsys_custom/pwdp_jobs/saeSession0_HSPICEdefault.SimulationSimulation_cdpl.0.3931818/logs
1743647461.133891: 3931818-7f5f6545a540: cdpl_server.c:536: in cdpl_sv_init(): info: new server S1147878619
1743647461.133905: 3931818-7f5f6545a540: cdpl_ipc.c:3475: in cdpl_ipc_init(): info: requesting IPv4 protocol
1743647461.139475: 3931818-7f5f6545a540: cdpl_ipc.c:837: in _selectaddrfamily(): info: selected IPv4 protocol
1743647461.139523: 3931818-7f5f6545a540: cdpl_ipc.c:1139: in _set_keepalive(): info: TCP keep alive interval: 300
1743647461.142163: 3931818-7f5f6545a540: cdpl_monitor.c:1117: in cdpl_mn_new_server(): info: creating server monitor instance
1743647461.142228: 3931818-7f5f6545a540: cdpl_server.c:650: in cdpl_sv_new_master(): info: new master M1
1743647461.142255: 3931818-7f5f6545a540: cdpl_server.c:6533: in cdpl_sv_ctl_master(): info: Setting worker heartbeat to 120 seconds
1743647461.142258: 3931818-7f5f6545a540: cdpl_server.c:6542: in cdpl_sv_ctl_master(): info: Setting worker heartbeat timeout to 3 heartbeats
1743647461.142262: 3931818-7f5f6545a540: cdpl_compat_master.c:2090: in _parse_hostfile(): info: reading hostfile `/mnt/coe/workspace/ece/ece546-spr25/group8/group8_project/synopsys_custom/pwdp_jobs/saeSession0_HSPICEdefault.SimulationSimulation_cdpl.0.3931818/host_file'
1743647461.146691: 3931818-7f5f6545a540: cdpl_compat_master.c:1900: in _hostfile_parser(): debug: parsing "1     |localhost|   -1  | /tmp | SH | sh"
1743647461.146728: 3931818-7f5f6545a540: cdpl_farm.c:2578: in cdpl_farm_new_sh(): info: creating SH farm on localhost
1743647461.146741: 3931818-7f5f6545a540: cdpl_compat_master.c:206: in _set_farm_env(): info: exporting CDPL_LOGDIR as `/mnt/coe/workspace/ece/ece546-spr25/group8/group8_project/synopsys_custom/pwdp_jobs/saeSession0_HSPICEdefault.SimulationSimulation_cdpl.0.3931818/logs'
1743647461.146745: 3931818-7f5f6545a540: cdpl_compat_master.c:212: in _set_farm_env(): info: exporting CDPL_TMPDIR as `/tmp'
1743647461.146748: 3931818-7f5f6545a540: cdpl_compat_master.c:219: in _set_farm_env(): info: exporting CDPL_HOME as `/mnt/apps/public/COE/synopsys_apps/hspice/W-2024.09-SP1/hspice/cdpl'
1743647461.146751: 3931818-7f5f6545a540: cdpl_compat_master.c:235: in _set_farm_env(): info: exporting SNPSLMD_LICENSE_FILE as `27000@ece-lic-35.ece.ncsu.edu'
1743647461.146754: 3931818-7f5f6545a540: cdpl_compat_master.c:259: in _set_farm_env(): info: exporting CDPL_OPTIONS as `[nowlogs]'
1743647461.146756: 3931818-7f5f6545a540: cdpl_compat_master.c:266: in _set_farm_env(): info: exporting DISPLAY as `unix:24217'
1743647461.146758: 3931818-7f5f6545a540: cdpl_compat_master.c:274: in _set_farm_env(): info: exporting CDPL_HEARTBEAT as `120'
1743647461.146783: 3931818-7f5f6545a540: cdpl_farm.c:3149: in cdpl_farm_add_withdir(): debug: added `localhost' (capacity: unlimited)
1743647461.146794: 3931818-7f5f6545a540: cdpl_compat_parse.c:147: in parsefile(): debug: read `/mnt/coe/workspace/ece/ece546-spr25/group8/group8_project/synopsys_custom/pwdp_jobs/saeSession0_HSPICEdefault.SimulationSimulation_cdpl.0.3931818/host_file', 2 lines
1743647461.146797: 3931818-7f5f6545a540: cdpl_compat_master.c:2931: in cdplInitMaster(): info: bcast dir is `/mnt/coe/workspace/ece/ece546-spr25/group8/group8_project/synopsys_custom/pwdp_jobs/saeSession0_HSPICEdefault.SimulationSimulation_cdpl.0.3931818/logs'
1743647461.150313: 3931818-7f5f6545a540: cdpl_server.c:6433: in cdpl_sv_ctl_master(): info: farm worker timeout set to 300
1743647461.150318: 3931818-7f5f6545a540: cdpl_server.c:6486: in cdpl_sv_ctl_master(): info: maximum number of task execution attempts set to 1
1743647461.150352: 3931818-7f5f6545a540: cdpl_server.c:3195: in cdpl_sv_start(): debug: starting server
1743647461.150360: 3931818-7f5f6545a540: cdpl_ipc.c:3632: in cdpl_ipc_start(): debug: starting IPC server 152.14.98.80:44049
1743647461.150641: 3931818-7f5f3603e700: cdpl_server_ipc.c:1182: in _sv_ipc_thread(): debug: ready
1743647461.151437: 3931818-7f5f3583d700: cdpl_monitor.c:426: in cdpl_mn_init_client(): info: creating client monitor instance
1743647461.151472: 3931818-7f5f3583d700: cdpl_ipc.c:3475: in cdpl_ipc_init(): info: requesting IPv4 protocol
1743647461.155637: 3931818-7f5f3583d700: cdpl_ipc.c:837: in _selectaddrfamily(): info: selected IPv4 protocol
1743647461.155666: 3931818-7f5f3583d700: cdpl_ipc.c:1139: in _set_keepalive(): info: TCP keep alive interval: 300
1743647461.158760: 3931818-7f5f3583d700: cdpl_ipc.c:3632: in cdpl_ipc_start(): debug: starting IPC server 152.14.98.80:45235
1743647461.159011: 3931818-7f5f3583d700: cdpl_monitor.c:471: in cdpl_mn_init_client(): debug: incoming messages in /tmp/cdpl-monitor-aO5PKY
1743647461.159187: 3931818-7f5f3583d700: cdpl_monitor.c:533: in cdpl_mn_connect(): debug: connecting to 152.14.98.80:44049
1743647461.159218: 3931818-7f5f3583d700: cdpl_ipc.c:3789: in cdpl_ipc_connect(): info: connecting to 152.14.98.80:44049
1743647461.159310: 3931818-7f5f3583d700: cdpl_ipc.c:3860: in cdpl_ipc_connect(): info: connected as `152.14.98.80:41300'
1743647461.159377: 3931818-7f5f3583d700: cdpl_ipc.c:2503: in cdpl_ipc_host_accept(): debug: accepted host `152.14.98.80:44049'
1743647461.159402: 3931818-7f5f3683f700: cdpl_ipc.c:1862: in _epoll_accept(): debug: new connection from `152.14.98.80:41300'
1743647461.159438: 3931818-7f5f3583d700: cdpl_monitor.c:579: in cdpl_mn_connect(): debug: ok
1743647461.159512: 3931818-7f5f6545a540: cdpl_server.c:731: in cdpl_sv_new_job(): info: new job J1 in M1
1743647461.159532: 3931818-7f5f3603e700: cdpl_server_ipc.c:1225: in _sv_ipc_thread(): debug: received ACCEPT notification
1743647461.159547: 3931818-7f5f3603e700: cdpl_ipc.c:2503: in cdpl_ipc_host_accept(): debug: accepted host `152.14.98.80:41300'
1743647461.159552: 3931818-7f5f6545a540: cdpl_compat_master.c:1581: in _add_worker(): info: new worker type 10, min:1, max:3, cmd:`/mnt/coe/workspace/ece/ece546-spr25/group8/group8_project/synopsys_custom/pwdp_jobs/saeSession0_HSPICEdefault.SimulationSimulation_cdpl.0.3931818/START_WORKER pw_worker -i /mnt/coe/workspace/ece/ece546-spr25/group8/g
1743647461.159560: 3931818-7f5f3603e700: cdpl_server_ipc.c:1256: in _sv_ipc_thread(): debug: received MONITOR message
1743647461.159579: 3931818-7f5f6545a540: cdpl_server.c:908: in cdpl_sv_new_bin_withfarm(): info: new bin B1 in J1
1743647461.160158: 3931818-7f5f3603e700: cdpl_monitor.c:1207: in cdpl_mn_accept(): debug: accepted monitor `152.14.98.80:41300'
1743647461.160164: 3931818-7f5f3603e700: cdpl_server_ipc_mon.c:120: in _globalLOCK(): debug: ENTERTING GLOBAL LOCK
1743647461.160166: 3931818-7f5f3603e700: cdpl_server_ipc_mon.c:164: in _globalLOCK(): debug: global lock acquired
1743647461.160831: 3931818-7f5f1ffff700: cdpl_monitor.c:910: in mn_systat(): debug: started
1743647461.161294: 3931818-7f5f1ffff700: cdpl_monitor.c:937: in mn_systat(): debug: monitor server flush rate: 5
1743647461.399085: 3931818-7f5f3603e700: cdpl_server_ipc_mon.c:210: in _globalUNLOCK(): debug: LEAVING GLOBAL LOCK
1743647461.399153: 3931818-7f5f6545a540: cdpl_server.c:3249: in cdpl_sv_start_job(): info: starting job J1
1743647461.399229: 3931818-7f5f6545a540: cdpl_server.c:62: in _sv_start_bin(): debug: starting bin B1 (min: 0, max: 3)
1743647461.399528: 3931818-7f5f1dffb700: cdpl_server_sched.c:2482: in _sv_scheduler_thread(): debug: scheduler for bin B1 started
1743647461.399660: 3931818-7f5f6545a540: cdpl_server.c:1893: in _sv_gen_task(): info: new task T0 in B1 (prio 0)
1743647461.399716: 3931818-7f5f6545a540: cdpl_server.c:2698: in cdpl_sv_label_task_va(): info: setting task T0 label to "HSPICE_1|HSPICE"
1743647461.399782: 3931818-7f5f1dffb700: cdpl_server_sched.c:2443: in _scheduler_run(): debug: will start a new worker
1743647461.399830: 3931818-7f5f1dffb700: cdpl_farm.c:3977: in cdpl_farm_submit(): debug: 1 running processes
1743647461.399834: 3931818-7f5f1dffb700: cdpl_farm.c:3985: in cdpl_farm_submit(): debug: new command C1 in bin B1 assigned to host `localhost'
1743647461.399970: 3931818-7f5f1dffb700: cdpl_server_sched.c:705: in _sv_launch_worker(): info: started worker W1 (as C1) in bin B1
1743647461.400633: 3931818-7f5f1d7fa700: cdpl_farm.c:2139: in _schedule(): debug: started
1743647461.400643: 3931818-7f5f1d7fa700: cdpl_farm.c:2303: in _schedule(): debug: submitting command C1 in bin B1
1743647461.400665: 3931818-7f5f1d7fa700: cdpl_sh.c:49: in _sh_detached_submit(): info: SH : /mnt/coe/workspace/ece/ece546-spr25/group8/group8_project/synopsys_custom/pwdp_jobs/saeSession0_HSPICEdefault.SimulationSimulation_cdpl.0.3931818/START_WORKER pw_worker -i /mnt/coe/workspace/ece/ece546-spr25/group8/group8_project/synopsys_custom/pwdp_jobs/saeSession0_HSPICEdefault.SimulationSimulation_cdpl.0.3931818 -t 10000
1743647461.410972: 3931818-7f5f1d7fa700: cdpl_farm.c:2343: in _schedule(): debug: C1 in bin B1 running on slot 0
1743647461.411015: 3931818-7f5f1d7fa700: cdpl_farm.c:2167: in _schedule(): debug: idle
1743647461.539501: 3931818-7f5f6545a540: cdpl_compat_master.c:5948: in cdplMasterLogInfo(): info: [non-CDPL log entry] PWDP3: reset pilot cache succeeded, pilot_key=saeSession0,1,HSPICE_default|&/mnt/coe/workspace/ece/ece546-spr25/group8/group8_project/simulation/group8,buffer_tb,schematic/history_1/simulation/HSPICE_default/HSPICE/nominal/results
1743647461.711091: 3931818-7f5f1d7fa700: cdpl_farm.c:1193: in _onexit(): debug: C1 in bin B1 exited normally on slot 0
1743647462.623356: 3931818-7f5f1effd700: cdpl_compat_master.c:5948: in cdplMasterLogInfo(): info: [non-CDPL log entry] PWDP - no-workers started ok check start!
1743647464.489860: 3931818-7f5f3683f700: cdpl_ipc.c:1862: in _epoll_accept(): debug: new connection from `152.14.98.80:41306'
1743647464.489920: 3931818-7f5f3603e700: cdpl_server_ipc.c:1225: in _sv_ipc_thread(): debug: received ACCEPT notification
1743647464.489954: 3931818-7f5f3603e700: cdpl_ipc.c:2503: in cdpl_ipc_host_accept(): debug: accepted host `152.14.98.80:41306'
1743647464.490151: 3931818-7f5f3603e700: cdpl_server_ipc.c:1246: in _sv_ipc_thread(): debug: received HELLO message
1743647464.490172: 3931818-7f5f3603e700: cdpl_server_ipc.c:430: in _sv_on_hello(): debug: looking up W1
1743647464.490175: 3931818-7f5f3603e700: cdpl_server_ipc.c:540: in _sv_on_hello(): info: W1 is `152.14.98.80:41306'
1743647464.490178: 3931818-7f5f3603e700: cdpl_server_ipc.c:541: in _sv_on_hello(): debug: hello W1 (B1)
1743647464.490185: 3931818-7f5f3603e700: cdpl_server_ipc.c:542: in _sv_on_hello(): info: W1 log file is /dev/null
1743647464.490321: 3931818-7f5f3603e700: cdpl_server_ipc.c:602: in _sv_on_hello(): info: up to 1 alive workers in B1
1743647464.490341: 3931818-7f5f3603e700: cdpl_farm.c:878: in _release_cmd(): debug: freeing command C1 in bin B1
1743647464.490365: 3931818-7f5f1dffb700: cdpl_server_sched.c:960: in _assign(): info: assigning task T0 to worker W1
1743647465.490654: 3931818-7f5f3603e700: cdpl_server_ipc.c:312: in _sv_on_heartbeat(): debug: received HEARTBEAT from worker W1 at 152.14.98.80:41306
1743647466.230134: 3931818-7f5f3583d700: cdpl_monitor.c:533: in cdpl_mn_connect(): debug: connecting to 152.14.98.80:35615
1743647466.230147: 3931818-7f5f3583d700: cdpl_ipc.c:3789: in cdpl_ipc_connect(): info: connecting to 152.14.98.80:35615
1743647466.230378: 3931818-7f5f3583d700: cdpl_ipc.c:3860: in cdpl_ipc_connect(): info: connected as `152.14.98.80:45280'
1743647466.230389: 3931818-7f5f3583d700: cdpl_ipc.c:2503: in cdpl_ipc_host_accept(): debug: accepted host `152.14.98.80:35615'
1743647466.230394: 3931818-7f5f3583d700: cdpl_monitor.c:579: in cdpl_mn_connect(): debug: ok
1743647468.347333: 3931818-7f5f3603e700: cdpl_server_ipc.c:1268: in _sv_ipc_thread(): debug: received RELAY message
1743647468.347349: 3931818-7f5f3603e700: cdpl_server_ipc.c:713: in _sv_on_relay(): debug: RELAY message from W1, size = 60
1743647468.347353: 3931818-7f5f3603e700: cdpl_server_ipc.c:715: in _sv_on_relay(): debug: RELAY message from W1, content = 0$3953452 grendel31.ece.ncsu.edu 3954036 RUNNING 1743647467
1743647493.897443: 3931818-7f5f3603e700: cdpl_server_ipc.c:1268: in _sv_ipc_thread(): debug: received RELAY message
1743647493.898702: 3931818-7f5f3603e700: cdpl_server_ipc.c:713: in _sv_on_relay(): debug: RELAY message from W1, size = 48
1743647493.898708: 3931818-7f5f3603e700: cdpl_server_ipc.c:715: in _sv_on_relay(): debug: RELAY message from W1, content = WORKERDU|1258,dc2isi00nfs.oit.ncsu.edu:/coe_nfs
1743647493.898770: 3931818-7f5f3603e700: cdpl_server_ipc.c:1268: in _sv_ipc_thread(): debug: received RELAY message
1743647493.898773: 3931818-7f5f3603e700: cdpl_server_ipc.c:713: in _sv_on_relay(): debug: RELAY message from W1, size = 197
1743647493.898775: 3931818-7f5f3603e700: cdpl_server_ipc.c:715: in _sv_on_relay(): debug: RELAY message from W1, content = REQPILOT|saeSession0,1,HSPICE_default|&/mnt/coe/workspace/ece/ece546-spr25/group8/group8_project/simulation/group8,buffer_tb,schematic/history_1/simulation/HSPICE_default/HSPICE/nominal/results|&0
1743647493.898870: 3931818-7f5f1f7fe700: cdpl_compat_master.c:5948: in cdplMasterLogInfo(): info: [non-CDPL log entry] PWDP send back 'DOPILOT' to worker id:1 key: saeSession0,1,HSPICE_default|&/mnt/coe/workspace/ece/ece546-spr25/group8/group8_project/simulation/group8,buffer_tb,schematic/history_1/simulation/HSPICE_default/HSPICE/nominal/results
1743647493.904370: 3931818-7f5f1f7fe700: cdpl_compat_master.c:5948: in cdplMasterLogInfo(): info: [non-CDPL log entry] PWDP: set pilot doing!
1743647493.913475: 3931818-7f5f3603e700: cdpl_server_ipc.c:1268: in _sv_ipc_thread(): debug: received RELAY message
1743647493.913503: 3931818-7f5f3603e700: cdpl_server_ipc.c:713: in _sv_on_relay(): debug: RELAY message from W1, size = 193
1743647493.913522: 3931818-7f5f3603e700: cdpl_server_ipc.c:715: in _sv_on_relay(): debug: RELAY message from W1, content = PILOTOK|saeSession0,1,HSPICE_default|&/mnt/coe/workspace/ece/ece546-spr25/group8/group8_project/simulation/group8,buffer_tb,schematic/history_1/simulation/HSPICE_default/HSPICE/nominal/results
1743647493.913571: 3931818-7f5f1f7fe700: cdpl_compat_master.c:5948: in cdplMasterLogInfo(): info: [non-CDPL log entry] PWDP: set pilot done!
1743647493.913722: 3931818-7f5f3603e700: cdpl_server_ipc.c:1268: in _sv_ipc_thread(): debug: received RELAY message
1743647493.913725: 3931818-7f5f3603e700: cdpl_server_ipc.c:713: in _sv_on_relay(): debug: RELAY message from W1, size = 18
1743647493.913728: 3931818-7f5f3603e700: cdpl_server_ipc.c:715: in _sv_on_relay(): debug: RELAY message from W1, content = 0$- - - MEASDOING
1743647496.331053: 3931818-7f5f3603e700: cdpl_server_ipc.c:1268: in _sv_ipc_thread(): debug: received RELAY message
1743647496.331081: 3931818-7f5f3603e700: cdpl_server_ipc.c:713: in _sv_on_relay(): debug: RELAY message from W1, size = 72
1743647496.331084: 3931818-7f5f3603e700: cdpl_server_ipc.c:715: in _sv_on_relay(): debug: RELAY message from W1, content = 0$3953452 grendel31.ece.ncsu.edu 3954036 FINISHED 1743647467|1743647496
1743647496.345149: 3931818-7f5f3603e700: cdpl_server_ipc.c:1268: in _sv_ipc_thread(): debug: received RELAY message
1743647496.345166: 3931818-7f5f3603e700: cdpl_server_ipc.c:713: in _sv_on_relay(): debug: RELAY message from W1, size = 195
1743647496.345169: 3931818-7f5f3603e700: cdpl_server_ipc.c:715: in _sv_on_relay(): debug: RELAY message from W1, content = PILOTDONE|saeSession0,1,HSPICE_default|&/mnt/coe/workspace/ece/ece546-spr25/group8/group8_project/simulation/group8,buffer_tb,schematic/history_1/simulation/HSPICE_default/HSPICE/nominal/results
1743647496.345269: 3931818-7f5f1f7fe700: cdpl_compat_master.c:5948: in cdplMasterLogInfo(): info: [non-CDPL log entry] saeSession0,1,HSPICE_default|&/mnt/coe/workspace/ece/ece546-spr25/group8/group8_project/simulation/group8,buffer_tb,schematic/history_1/simulation/HSPICE_default/HSPICE/nominal/results PILOTDONE!
1743647496.360080: 3931818-7f5f3603e700: cdpl_server_ipc.c:1251: in _sv_ipc_thread(): debug: received FINISH message
1743647496.360089: 3931818-7f5f3603e700: cdpl_server_ipc.c:983: in _sv_on_finish(): info: worker W1 completed task T0
1743647496.360092: 3931818-7f5f3603e700: cdpl_server_ipc.c:988: in _sv_on_finish(): debug: stat T0: utime=13363 stime=2329
1743647496.360095: 3931818-7f5f3603e700: cdpl_server_ipc.c:993: in _sv_on_finish(): debug: statm T0: vsize=2866752 rss=1061888 shared=519536 text=474784 data=732232
1743647496.367569: 3931818-7f5f6545a540: cdpl_server.c:227: in _sv_free_task_safe(): debug: freeing task T0
1743647496.383699: 3931818-7f5f3603e700: cdpl_server_ipc.c:1268: in _sv_ipc_thread(): debug: received RELAY message
1743647496.383709: 3931818-7f5f3603e700: cdpl_server_ipc.c:713: in _sv_on_relay(): debug: RELAY message from W1, size = 47
1743647496.383712: 3931818-7f5f3603e700: cdpl_server_ipc.c:715: in _sv_on_relay(): debug: RELAY message from W1, content = WORKERDU|108,dc2isi00nfs.oit.ncsu.edu:/coe_nfs
1743647500.629040: 3931818-7f5f6545a540: cdpl_server.c:3008: in cdpl_sv_halt_job_errno(): info: killing job J1
1743647500.630372: 3931818-7f5f6545a540: cdpl_server.c:3044: in cdpl_sv_halt_job_errno(): debug: signal bin B1 scheduler to stop
1743647500.630426: 3931818-7f5f1dffb700: cdpl_server_sched.c:2484: in _sv_scheduler_thread(): debug: scheduler for bin B1 stopped
1743647500.630459: 3931818-7f5f1dffb700: cdpl_ipc.c:1657: in _host_drop__UNSAFE(): debug: dropping host `152.14.98.80:41306'
1743647500.630567: 3931818-7f5f1dffb700: cdpl_server_sched.c:2830: in _sv_drop_worker(): info: down to 0 alive workers in B1
1743647500.630580: 3931818-7f5f3603e700: cdpl_server_ipc.c:1236: in _sv_ipc_thread(): debug: received DROP notification
1743647500.630594: 3931818-7f5f1dffb700: cdpl_farm.c:4152: in cdpl_farm_dismiss(): debug: down to 0 running processes
1743647500.630642: 3931818-7f5f1dffb700: cdpl_server_sched.c:121: in _free_worker_2(): debug: freeing worker W1
1743647500.630663: 3931818-7f5f1dffb700: cdpl_ipc.c:2513: in cdpl_ipc_host_release(): debug: releasing host `152.14.98.80:41306'
1743647500.630666: 3931818-7f5f1dffb700: cdpl_ipc.c:2529: in cdpl_ipc_host_release(): debug: scheduling for immediate release
1743647500.630693: 3931818-7f5f6545a540: cdpl_server.c:294: in _sv_free_job(): info: freeing job J1
1743647500.630700: 3931818-7f5f6545a540: cdpl_server.c:92: in _sv_free_bin(): debug: freeing bin B1
1743647500.630831: 3931818-7f5f6545a540: cdpl_monitor.c:515: in cdpl_mn_kill(): info: killing monitor
1743647500.630844: 3931818-7f5f6545a540: cdpl_ipc.c:3677: in cdpl_ipc_kill(): debug: stopping event server
1743647500.630863: 3931818-7f5f3503c700: cdpl_ipc.c:2460: in _epoll_main(): debug: server going down...
1743647500.630926: 3931818-7f5f3683f700: cdpl_ipc.c:775: in _readv(): warning: read(): EOF
1743647500.630980: 3931818-7f5f3683f700: cdpl_ipc.c:2100: in _epoll_recv(): debug: _readv(): Broken pipe
1743647500.630987: 3931818-7f5f3683f700: cdpl_ipc.c:2424: in _epoll_main(): debug: _epoll_recv(): Broken pipe
1743647500.631007: 3931818-7f5f3683f700: cdpl_ipc.c:1657: in _host_drop__UNSAFE(): debug: dropping host `152.14.98.80:41300'
1743647500.631072: 3931818-7f5f3683f700: cdpl_ipc.c:1582: in _host_free__UNSAFE(): debug: freeing host `152.14.98.80:41306'
1743647500.631076: 3931818-7f5f3683f700: cdpl_ipc.c:1621: in _host_free__UNSAFE(): debug: [0 outq, 0 spR, 0 spW]
1743647500.631138: 3931818-7f5f3603e700: cdpl_server_ipc.c:1236: in _sv_ipc_thread(): debug: received DROP notification
1743647500.631153: 3931818-7f5f3603e700: cdpl_monitor.c:1269: in cdpl_mn_drop(): debug: detaching from monitor `152.14.98.80:41300'
1743647500.631159: 3931818-7f5f3603e700: cdpl_monitor.c:1101: in mn_systat_stop(): debug: joining systat thread
1743647500.631264: 3931818-7f5f1ffff700: cdpl_monitor.c:1079: in mn_systat(): debug: exiting
1743647500.631277: 3931818-7f5f3603e700: cdpl_monitor.c:1103: in mn_systat_stop(): debug: systat thread done
1743647500.631282: 3931818-7f5f3603e700: cdpl_ipc.c:2513: in cdpl_ipc_host_release(): debug: releasing host `152.14.98.80:41300'
1743647500.631404: 3931818-7f5f3583d700: cdpl_ipc.c:3728: in cdpl_ipc_free(): debug: releasing IPC handle
1743647500.631414: 3931818-7f5f3583d700: cdpl_ipc.c:1582: in _host_free__UNSAFE(): debug: freeing host `152.14.98.80:35615'
1743647500.631418: 3931818-7f5f3583d700: cdpl_ipc.c:1621: in _host_free__UNSAFE(): debug: [0 outq, 0 spR, 0 spW]
1743647500.631435: 3931818-7f5f3583d700: cdpl_ipc.c:1582: in _host_free__UNSAFE(): debug: freeing host `152.14.98.80:44049'
1743647500.631438: 3931818-7f5f3583d700: cdpl_ipc.c:1621: in _host_free__UNSAFE(): debug: [0 outq, 0 spR, 0 spW]
1743647500.631486: 3931818-7f5f3583d700: cdpl_ipc.c:3756: in cdpl_ipc_free(): warning: 2 host(s) were not released
1743647500.631522: 3931818-7f5f3583d700: cdpl_ipc.c:3767: in cdpl_ipc_free(): debug: done
1743647500.631524: 3931818-7f5f3583d700: cdpl_monitor.c:1390: in cdpl_mn_free(): debug: freeing monitor client
1743647500.631776: 3931818-7f5f6545a540: cdpl_farm.c:2740: in cdpl_farm_free(): info: freeing farm
1743647500.631826: 3931818-7f5f1d7fa700: cdpl_farm.c:2231: in _schedule(): debug: end of idling
1743647500.631843: 3931818-7f5f1d7fa700: cdpl_farm.c:2235: in _schedule(): debug: dying
1743647500.631949: 3931818-7f5f6545a540: cdpl_farm.c:913: in _killall(): debug: killing all remaining commands
1743647500.631979: 3931818-7f5f6545a540: cdpl_server.c:3144: in cdpl_sv_free(): info: freeing server S1147878619
1743647500.632015: 3931818-7f5f6545a540: cdpl_server.c:3109: in cdpl_sv_kill_errno(): info: killing server
1743647500.632020: 3931818-7f5f6545a540: cdpl_ipc.c:3677: in cdpl_ipc_kill(): debug: stopping event server
1743647500.632040: 3931818-7f5f3603e700: cdpl_server_ipc.c:1200: in _sv_ipc_thread(): debug: leaving now
1743647500.632056: 3931818-7f5f6545a540: cdpl_server.c:334: in _sv_free_master(): info: freeing master M1
1743647500.632087: 3931818-7f5f3683f700: cdpl_ipc.c:2460: in _epoll_main(): debug: server going down...
1743647500.632100: 3931818-7f5f6545a540: cdpl_hash.c:68: in cdpl_h_destroy(): debug: put operations: 1
1743647500.632106: 3931818-7f5f6545a540: cdpl_hash.c:69: in cdpl_h_destroy(): debug: put collisions: 0
1743647500.632109: 3931818-7f5f6545a540: cdpl_hash.c:70: in cdpl_h_destroy(): debug: get operations: 1
1743647500.632115: 3931818-7f5f6545a540: cdpl_hash.c:71: in cdpl_h_destroy(): debug: get iterations: 1
1743647500.632161: 3931818-7f5f6545a540: cdpl_monitor.c:1390: in cdpl_mn_free(): debug: freeing monitor server
1743647500.632166: 3931818-7f5f6545a540: cdpl_ipc.c:3728: in cdpl_ipc_free(): debug: releasing IPC handle
1743647500.632169: 3931818-7f5f6545a540: cdpl_ipc.c:1582: in _host_free__UNSAFE(): debug: freeing host `152.14.98.80:41300'
1743647500.632176: 3931818-7f5f6545a540: cdpl_ipc.c:1621: in _host_free__UNSAFE(): debug: [0 outq, 0 spR, 0 spW]
1743647500.632217: 3931818-7f5f6545a540: cdpl_ipc.c:3767: in cdpl_ipc_free(): debug: done
1743647500.632233: 3931818-7f5f6545a540: cdpl_log.c:481: in cdpl_log_close(): info: @@end_of_log@@
