1742918306.904611: 294566-7fc74fdf9540: cdpl_log.c:337: in cdpl_log_open(): info: @@start_of_log@@
1742918306.904723: 294566-7fc74fdf9540: cdpl_log.c:1058: in cdpl_log_dump_sysinfo(): info: time: 2025/03/25 11:58:26 EDT -0400
1742918306.904736: 294566-7fc74fdf9540: cdpl_log.c:1060: in cdpl_log_dump_sysinfo(): info: version: W-2024.09-SP1-2 
1742918306.904743: 294566-7fc74fdf9540: cdpl_log.c:1062: in cdpl_log_dump_sysinfo(): info: system: Linux 4.18.0-553.45.1.el8_10.x86_64 #1 SMP Fri Mar 7 16:18:59 EST 2025
1742918306.904750: 294566-7fc74fdf9540: cdpl_log.c:1067: in cdpl_log_dump_sysinfo(): info: processor: x86_64 64-bits
1742918306.904754: 294566-7fc74fdf9540: cdpl_log.c:1071: in cdpl_log_dump_sysinfo(): info: hostname: grendel43.ece.ncsu.edu
1742918306.904759: 294566-7fc74fdf9540: cdpl_log.c:1073: in cdpl_log_dump_sysinfo(): info: program name: custom_shell
1742918306.904770: 294566-7fc74fdf9540: cdpl_log.c:340: in cdpl_log_open(): debug: path: /mnt/coe/workspace/ece/ece546-spr25/group8/group8_project/synopsys_custom/pwdp_jobs/saeSession0_default.SimulationSimulation_cdpl.0.294566/logs/master.grendel43.ece.ncsu.edu.294566.log
1742918306.904777: 294566-7fc74fdf9540: cdpl_log.c:341: in cdpl_log_open(): debug: dir: /mnt/coe/workspace/ece/ece546-spr25/group8/group8_project/synopsys_custom/pwdp_jobs/saeSession0_default.SimulationSimulation_cdpl.0.294566/logs
1742918306.904895: 294566-7fc74fdf9540: cdpl_server.c:536: in cdpl_sv_init(): info: new server S1028095789
1742918306.904920: 294566-7fc74fdf9540: cdpl_ipc.c:3475: in cdpl_ipc_init(): info: requesting IPv4 protocol
1742918306.910137: 294566-7fc74fdf9540: cdpl_ipc.c:837: in _selectaddrfamily(): info: selected IPv4 protocol
1742918306.910258: 294566-7fc74fdf9540: cdpl_ipc.c:1139: in _set_keepalive(): info: TCP keep alive interval: 300
1742918306.915129: 294566-7fc74fdf9540: cdpl_monitor.c:1117: in cdpl_mn_new_server(): info: creating server monitor instance
1742918306.915208: 294566-7fc74fdf9540: cdpl_server.c:650: in cdpl_sv_new_master(): info: new master M1
1742918306.915249: 294566-7fc74fdf9540: cdpl_server.c:6533: in cdpl_sv_ctl_master(): info: Setting worker heartbeat to 120 seconds
1742918306.915256: 294566-7fc74fdf9540: cdpl_server.c:6542: in cdpl_sv_ctl_master(): info: Setting worker heartbeat timeout to 3 heartbeats
1742918306.915265: 294566-7fc74fdf9540: cdpl_compat_master.c:2090: in _parse_hostfile(): info: reading hostfile `/mnt/coe/workspace/ece/ece546-spr25/group8/group8_project/synopsys_custom/pwdp_jobs/saeSession0_default.SimulationSimulation_cdpl.0.294566/host_file'
1742918306.925425: 294566-7fc74fdf9540: cdpl_compat_master.c:1900: in _hostfile_parser(): debug: parsing "1     |localhost|   -1  | /tmp | SH | sh"
1742918306.925522: 294566-7fc74fdf9540: cdpl_farm.c:2578: in cdpl_farm_new_sh(): info: creating SH farm on localhost
1742918306.925552: 294566-7fc74fdf9540: cdpl_compat_master.c:206: in _set_farm_env(): info: exporting CDPL_LOGDIR as `/mnt/coe/workspace/ece/ece546-spr25/group8/group8_project/synopsys_custom/pwdp_jobs/saeSession0_default.SimulationSimulation_cdpl.0.294566/logs'
1742918306.925560: 294566-7fc74fdf9540: cdpl_compat_master.c:212: in _set_farm_env(): info: exporting CDPL_TMPDIR as `/tmp'
1742918306.925568: 294566-7fc74fdf9540: cdpl_compat_master.c:219: in _set_farm_env(): info: exporting CDPL_HOME as `/mnt/apps/public/COE/synopsys_apps/hspice/W-2024.09-SP1/hspice/cdpl'
1742918306.925576: 294566-7fc74fdf9540: cdpl_compat_master.c:235: in _set_farm_env(): info: exporting SNPSLMD_LICENSE_FILE as `27000@ece-lic-35.ece.ncsu.edu'
1742918306.925584: 294566-7fc74fdf9540: cdpl_compat_master.c:259: in _set_farm_env(): info: exporting CDPL_OPTIONS as `[nowlogs]'
1742918306.925589: 294566-7fc74fdf9540: cdpl_compat_master.c:266: in _set_farm_env(): info: exporting DISPLAY as `unix:19084'
1742918306.925595: 294566-7fc74fdf9540: cdpl_compat_master.c:274: in _set_farm_env(): info: exporting CDPL_HEARTBEAT as `120'
1742918306.925642: 294566-7fc74fdf9540: cdpl_farm.c:3149: in cdpl_farm_add_withdir(): debug: added `localhost' (capacity: unlimited)
1742918306.925651: 294566-7fc74fdf9540: cdpl_compat_parse.c:147: in parsefile(): debug: read `/mnt/coe/workspace/ece/ece546-spr25/group8/group8_project/synopsys_custom/pwdp_jobs/saeSession0_default.SimulationSimulation_cdpl.0.294566/host_file', 2 lines
1742918306.925679: 294566-7fc74fdf9540: cdpl_compat_master.c:2931: in cdplInitMaster(): info: bcast dir is `/mnt/coe/workspace/ece/ece546-spr25/group8/group8_project/synopsys_custom/pwdp_jobs/saeSession0_default.SimulationSimulation_cdpl.0.294566/logs'
1742918306.933193: 294566-7fc74fdf9540: cdpl_server.c:6433: in cdpl_sv_ctl_master(): info: farm worker timeout set to 300
1742918306.933210: 294566-7fc74fdf9540: cdpl_server.c:6486: in cdpl_sv_ctl_master(): info: maximum number of task execution attempts set to 1
1742918306.933279: 294566-7fc74fdf9540: cdpl_server.c:3195: in cdpl_sv_start(): debug: starting server
1742918306.933297: 294566-7fc74fdf9540: cdpl_ipc.c:3632: in cdpl_ipc_start(): debug: starting IPC server 152.14.98.58:32907
1742918306.933917: 294566-7fc7249ba700: cdpl_server_ipc.c:1182: in _sv_ipc_thread(): debug: ready
1742918306.934646: 294566-7fc713fff700: cdpl_monitor.c:426: in cdpl_mn_init_client(): info: creating client monitor instance
1742918306.934706: 294566-7fc713fff700: cdpl_ipc.c:3475: in cdpl_ipc_init(): info: requesting IPv4 protocol
1742918306.939216: 294566-7fc713fff700: cdpl_ipc.c:837: in _selectaddrfamily(): info: selected IPv4 protocol
1742918306.939295: 294566-7fc713fff700: cdpl_ipc.c:1139: in _set_keepalive(): info: TCP keep alive interval: 300
1742918306.942650: 294566-7fc713fff700: cdpl_ipc.c:3632: in cdpl_ipc_start(): debug: starting IPC server 152.14.98.58:46769
1742918306.943080: 294566-7fc713fff700: cdpl_monitor.c:471: in cdpl_mn_init_client(): debug: incoming messages in /tmp/cdpl-monitor-RfYHsO
1742918306.943323: 294566-7fc713fff700: cdpl_monitor.c:533: in cdpl_mn_connect(): debug: connecting to 152.14.98.58:32907
1742918306.943344: 294566-7fc713fff700: cdpl_ipc.c:3789: in cdpl_ipc_connect(): info: connecting to 152.14.98.58:32907
1742918306.943745: 294566-7fc713fff700: cdpl_ipc.c:3860: in cdpl_ipc_connect(): info: connected as `152.14.98.58:48766'
1742918306.943781: 294566-7fc713fff700: cdpl_ipc.c:2503: in cdpl_ipc_host_accept(): debug: accepted host `152.14.98.58:32907'
1742918306.943864: 294566-7fc713fff700: cdpl_monitor.c:579: in cdpl_mn_connect(): debug: ok
1742918306.943916: 294566-7fc7251bb700: cdpl_ipc.c:1862: in _epoll_accept(): debug: new connection from `152.14.98.58:48766'
1742918306.944075: 294566-7fc74fdf9540: cdpl_server.c:731: in cdpl_sv_new_job(): info: new job J1 in M1
1742918306.944174: 294566-7fc7249ba700: cdpl_server_ipc.c:1225: in _sv_ipc_thread(): debug: received ACCEPT notification
1742918306.944227: 294566-7fc7249ba700: cdpl_ipc.c:2503: in cdpl_ipc_host_accept(): debug: accepted host `152.14.98.58:48766'
1742918306.944245: 294566-7fc74fdf9540: cdpl_compat_master.c:1581: in _add_worker(): info: new worker type 10, min:1, max:3, cmd:`/mnt/coe/workspace/ece/ece546-spr25/group8/group8_project/synopsys_custom/pwdp_jobs/saeSession0_default.SimulationSimulation_cdpl.0.294566/START_WORKER pw_worker -i /mnt/coe/workspace/ece/ece546-spr25/group8/group8_p
1742918306.944282: 294566-7fc7249ba700: cdpl_server_ipc.c:1256: in _sv_ipc_thread(): debug: received MONITOR message
1742918306.944338: 294566-7fc74fdf9540: cdpl_server.c:908: in cdpl_sv_new_bin_withfarm(): info: new bin B1 in J1
1742918306.944657: 294566-7fc7249ba700: cdpl_monitor.c:1207: in cdpl_mn_accept(): debug: accepted monitor `152.14.98.58:48766'
1742918306.944669: 294566-7fc7249ba700: cdpl_server_ipc_mon.c:120: in _globalLOCK(): debug: ENTERTING GLOBAL LOCK
1742918306.944676: 294566-7fc7249ba700: cdpl_server_ipc_mon.c:164: in _globalLOCK(): debug: global lock acquired
1742918306.944831: 294566-7fc7127fc700: cdpl_monitor.c:910: in mn_systat(): debug: started
1742918306.945493: 294566-7fc7127fc700: cdpl_monitor.c:937: in mn_systat(): debug: monitor server flush rate: 5
1742918309.169639: 294566-7fc7249ba700: cdpl_server_ipc_mon.c:210: in _globalUNLOCK(): debug: LEAVING GLOBAL LOCK
1742918309.169968: 294566-7fc74fdf9540: cdpl_server.c:3249: in cdpl_sv_start_job(): info: starting job J1
1742918309.170029: 294566-7fc74fdf9540: cdpl_server.c:62: in _sv_start_bin(): debug: starting bin B1 (min: 0, max: 3)
1742918309.170721: 294566-7fc6fbfff700: cdpl_server_sched.c:2482: in _sv_scheduler_thread(): debug: scheduler for bin B1 started
1742918309.170904: 294566-7fc74fdf9540: cdpl_server.c:1893: in _sv_gen_task(): info: new task T0 in B1 (prio 0)
1742918309.170990: 294566-7fc74fdf9540: cdpl_server.c:2698: in cdpl_sv_label_task_va(): info: setting task T0 label to "HSPICE_1|HSPICE"
1742918309.171125: 294566-7fc6fbfff700: cdpl_server_sched.c:2443: in _scheduler_run(): debug: will start a new worker
1742918309.171397: 294566-7fc6fbfff700: cdpl_farm.c:3977: in cdpl_farm_submit(): debug: 1 running processes
1742918309.171408: 294566-7fc6fbfff700: cdpl_farm.c:3985: in cdpl_farm_submit(): debug: new command C1 in bin B1 assigned to host `localhost'
1742918309.171647: 294566-7fc6fbfff700: cdpl_server_sched.c:705: in _sv_launch_worker(): info: started worker W1 (as C1) in bin B1
1742918309.172338: 294566-7fc6fb7fe700: cdpl_farm.c:2139: in _schedule(): debug: started
1742918309.172376: 294566-7fc6fb7fe700: cdpl_farm.c:2303: in _schedule(): debug: submitting command C1 in bin B1
1742918309.172426: 294566-7fc6fb7fe700: cdpl_sh.c:49: in _sh_detached_submit(): info: SH : /mnt/coe/workspace/ece/ece546-spr25/group8/group8_project/synopsys_custom/pwdp_jobs/saeSession0_default.SimulationSimulation_cdpl.0.294566/START_WORKER pw_worker -i /mnt/coe/workspace/ece/ece546-spr25/group8/group8_project/synopsys_custom/pwdp_jobs/saeSession0_default.SimulationSimulation_cdpl.0.294566 -t 10000
1742918309.182066: 294566-7fc6fb7fe700: cdpl_farm.c:2343: in _schedule(): debug: C1 in bin B1 running on slot 0
1742918309.182110: 294566-7fc6fb7fe700: cdpl_farm.c:2167: in _schedule(): debug: idle
1742918309.482207: 294566-7fc6fb7fe700: cdpl_farm.c:1193: in _onexit(): debug: C1 in bin B1 exited normally on slot 0
1742918310.733379: 294566-7fc7117fa700: cdpl_compat_master.c:5948: in cdplMasterLogInfo(): info: [non-CDPL log entry] PWDP - no-workers started ok check start!
1742918312.107178: 294566-7fc74fdf9540: cdpl_compat_master.c:5948: in cdplMasterLogInfo(): info: [non-CDPL log entry] PWDP3: reset pilot cache succeeded, pilot_key=saeSession0,1,default|&/mnt/coe/workspace/ece/ece546-spr25/group8/group8_project/simulation/group8,sram_6t_tb,schematic/history_1/simulation/default/PrimeSimHSPICE/nominal/results
1742918313.200908: 294566-7fc7251bb700: cdpl_ipc.c:1862: in _epoll_accept(): debug: new connection from `152.14.98.58:48768'
1742918313.201096: 294566-7fc7249ba700: cdpl_server_ipc.c:1225: in _sv_ipc_thread(): debug: received ACCEPT notification
1742918313.201140: 294566-7fc7249ba700: cdpl_ipc.c:2503: in cdpl_ipc_host_accept(): debug: accepted host `152.14.98.58:48768'
1742918313.201332: 294566-7fc7249ba700: cdpl_server_ipc.c:1246: in _sv_ipc_thread(): debug: received HELLO message
1742918313.201339: 294566-7fc7249ba700: cdpl_server_ipc.c:430: in _sv_on_hello(): debug: looking up W1
1742918313.201346: 294566-7fc7249ba700: cdpl_server_ipc.c:540: in _sv_on_hello(): info: W1 is `152.14.98.58:48768'
1742918313.201352: 294566-7fc7249ba700: cdpl_server_ipc.c:541: in _sv_on_hello(): debug: hello W1 (B1)
1742918313.201357: 294566-7fc7249ba700: cdpl_server_ipc.c:542: in _sv_on_hello(): info: W1 log file is /dev/null
1742918313.201459: 294566-7fc7249ba700: cdpl_server_ipc.c:602: in _sv_on_hello(): info: up to 1 alive workers in B1
1742918313.201483: 294566-7fc7249ba700: cdpl_farm.c:878: in _release_cmd(): debug: freeing command C1 in bin B1
1742918313.201596: 294566-7fc6fbfff700: cdpl_server_sched.c:960: in _assign(): info: assigning task T0 to worker W1
1742918314.201922: 294566-7fc7249ba700: cdpl_server_ipc.c:312: in _sv_on_heartbeat(): debug: received HEARTBEAT from worker W1 at 152.14.98.58:48768
1742918316.900591: 294566-7fc7249ba700: cdpl_server_ipc.c:1268: in _sv_ipc_thread(): debug: received RELAY message
1742918316.900634: 294566-7fc7249ba700: cdpl_server_ipc.c:713: in _sv_on_relay(): debug: RELAY message from W1, size = 58
1742918316.900658: 294566-7fc7249ba700: cdpl_server_ipc.c:715: in _sv_on_relay(): debug: RELAY message from W1, content = 0$295099 grendel43.ece.ncsu.edu 295121 RUNNING 1742918316
1742918317.014448: 294566-7fc713fff700: cdpl_monitor.c:533: in cdpl_mn_connect(): debug: connecting to 152.14.98.58:45233
1742918317.014483: 294566-7fc713fff700: cdpl_ipc.c:3789: in cdpl_ipc_connect(): info: connecting to 152.14.98.58:45233
1742918317.014902: 294566-7fc713fff700: cdpl_ipc.c:3860: in cdpl_ipc_connect(): info: connected as `152.14.98.58:57920'
1742918317.014924: 294566-7fc713fff700: cdpl_ipc.c:2503: in cdpl_ipc_host_accept(): debug: accepted host `152.14.98.58:45233'
1742918317.014938: 294566-7fc713fff700: cdpl_monitor.c:579: in cdpl_mn_connect(): debug: ok
1742918334.388241: 294566-7fc7249ba700: cdpl_server_ipc.c:1268: in _sv_ipc_thread(): debug: received RELAY message
1742918334.391053: 294566-7fc7249ba700: cdpl_server_ipc.c:713: in _sv_on_relay(): debug: RELAY message from W1, size = 48
1742918334.391065: 294566-7fc7249ba700: cdpl_server_ipc.c:715: in _sv_on_relay(): debug: RELAY message from W1, content = WORKERDU|1131,dc2isi00nfs.oit.ncsu.edu:/coe_nfs
1742918334.391129: 294566-7fc7249ba700: cdpl_server_ipc.c:1268: in _sv_ipc_thread(): debug: received RELAY message
1742918334.391135: 294566-7fc7249ba700: cdpl_server_ipc.c:713: in _sv_on_relay(): debug: RELAY message from W1, size = 192
1742918334.391141: 294566-7fc7249ba700: cdpl_server_ipc.c:715: in _sv_on_relay(): debug: RELAY message from W1, content = REQPILOT|saeSession0,1,default|&/mnt/coe/workspace/ece/ece546-spr25/group8/group8_project/simulation/group8,sram_6t_tb,schematic/history_1/simulation/default/PrimeSimHSPICE/nominal/results|&0
1742918334.391432: 294566-7fc711ffb700: cdpl_compat_master.c:5948: in cdplMasterLogInfo(): info: [non-CDPL log entry] PWDP send back 'DOPILOT' to worker id:1 key: saeSession0,1,default|&/mnt/coe/workspace/ece/ece546-spr25/group8/group8_project/simulation/group8,sram_6t_tb,schematic/history_1/simulation/default/PrimeSimHSPICE/nominal/results
1742918334.401526: 294566-7fc711ffb700: cdpl_compat_master.c:5948: in cdplMasterLogInfo(): info: [non-CDPL log entry] PWDP: set pilot doing!
1742918334.419783: 294566-7fc7249ba700: cdpl_server_ipc.c:1268: in _sv_ipc_thread(): debug: received RELAY message
1742918334.419791: 294566-7fc7249ba700: cdpl_server_ipc.c:713: in _sv_on_relay(): debug: RELAY message from W1, size = 188
1742918334.419796: 294566-7fc7249ba700: cdpl_server_ipc.c:715: in _sv_on_relay(): debug: RELAY message from W1, content = PILOTOK|saeSession0,1,default|&/mnt/coe/workspace/ece/ece546-spr25/group8/group8_project/simulation/group8,sram_6t_tb,schematic/history_1/simulation/default/PrimeSimHSPICE/nominal/results
1742918334.419817: 294566-7fc711ffb700: cdpl_compat_master.c:5948: in cdplMasterLogInfo(): info: [non-CDPL log entry] PWDP: set pilot done!
1742918334.420281: 294566-7fc7249ba700: cdpl_server_ipc.c:1268: in _sv_ipc_thread(): debug: received RELAY message
1742918334.420287: 294566-7fc7249ba700: cdpl_server_ipc.c:713: in _sv_on_relay(): debug: RELAY message from W1, size = 18
1742918334.420292: 294566-7fc7249ba700: cdpl_server_ipc.c:715: in _sv_on_relay(): debug: RELAY message from W1, content = 0$- - - MEASDOING
1742918339.949663: 294566-7fc7249ba700: cdpl_server_ipc.c:1268: in _sv_ipc_thread(): debug: received RELAY message
1742918339.952736: 294566-7fc7249ba700: cdpl_server_ipc.c:713: in _sv_on_relay(): debug: RELAY message from W1, size = 70
1742918339.952757: 294566-7fc7249ba700: cdpl_server_ipc.c:715: in _sv_on_relay(): debug: RELAY message from W1, content = 0$295099 grendel43.ece.ncsu.edu 295121 FINISHED 1742918316|1742918339
1742918339.977503: 294566-7fc7249ba700: cdpl_server_ipc.c:1268: in _sv_ipc_thread(): debug: received RELAY message
1742918339.979546: 294566-7fc7249ba700: cdpl_server_ipc.c:713: in _sv_on_relay(): debug: RELAY message from W1, size = 190
1742918339.979569: 294566-7fc7249ba700: cdpl_server_ipc.c:715: in _sv_on_relay(): debug: RELAY message from W1, content = PILOTDONE|saeSession0,1,default|&/mnt/coe/workspace/ece/ece546-spr25/group8/group8_project/simulation/group8,sram_6t_tb,schematic/history_1/simulation/default/PrimeSimHSPICE/nominal/results
1742918339.979804: 294566-7fc711ffb700: cdpl_compat_master.c:5948: in cdplMasterLogInfo(): info: [non-CDPL log entry] saeSession0,1,default|&/mnt/coe/workspace/ece/ece546-spr25/group8/group8_project/simulation/group8,sram_6t_tb,schematic/history_1/simulation/default/PrimeSimHSPICE/nominal/results PILOTDONE!
1742918340.012104: 294566-7fc7249ba700: cdpl_server_ipc.c:1251: in _sv_ipc_thread(): debug: received FINISH message
1742918340.012139: 294566-7fc7249ba700: cdpl_server_ipc.c:983: in _sv_on_finish(): info: worker W1 completed task T0
1742918340.012147: 294566-7fc7249ba700: cdpl_server_ipc.c:988: in _sv_on_finish(): debug: stat T0: utime=9187 stime=4576
1742918340.012154: 294566-7fc7249ba700: cdpl_server_ipc.c:993: in _sv_on_finish(): debug: statm T0: vsize=2866372 rss=1058124 shared=520172 text=474784 data=731740
1742918340.045313: 294566-7fc74fdf9540: cdpl_server.c:227: in _sv_free_task_safe(): debug: freeing task T0
1742918340.071998: 294566-7fc7249ba700: cdpl_server_ipc.c:1268: in _sv_ipc_thread(): debug: received RELAY message
1742918340.072034: 294566-7fc7249ba700: cdpl_server_ipc.c:713: in _sv_on_relay(): debug: RELAY message from W1, size = 47
1742918340.072043: 294566-7fc7249ba700: cdpl_server_ipc.c:715: in _sv_on_relay(): debug: RELAY message from W1, content = WORKERDU|204,dc2isi00nfs.oit.ncsu.edu:/coe_nfs
1742918348.341189: 294566-7fc74fdf9540: cdpl_server.c:3008: in cdpl_sv_halt_job_errno(): info: killing job J1
1742918348.344252: 294566-7fc74fdf9540: cdpl_server.c:3044: in cdpl_sv_halt_job_errno(): debug: signal bin B1 scheduler to stop
1742918348.344406: 294566-7fc6fbfff700: cdpl_server_sched.c:2484: in _sv_scheduler_thread(): debug: scheduler for bin B1 stopped
1742918348.344547: 294566-7fc6fbfff700: cdpl_ipc.c:1657: in _host_drop__UNSAFE(): debug: dropping host `152.14.98.58:48768'
1742918348.344729: 294566-7fc6fbfff700: cdpl_server_sched.c:2830: in _sv_drop_worker(): info: down to 0 alive workers in B1
1742918348.344783: 294566-7fc6fbfff700: cdpl_farm.c:4152: in cdpl_farm_dismiss(): debug: down to 0 running processes
1742918348.344810: 294566-7fc6fbfff700: cdpl_server_sched.c:121: in _free_worker_2(): debug: freeing worker W1
1742918348.344838: 294566-7fc7249ba700: cdpl_server_ipc.c:1236: in _sv_ipc_thread(): debug: received DROP notification
1742918348.344983: 294566-7fc6fbfff700: cdpl_ipc.c:2513: in cdpl_ipc_host_release(): debug: releasing host `152.14.98.58:48768'
1742918348.345031: 294566-7fc6fbfff700: cdpl_ipc.c:2529: in cdpl_ipc_host_release(): debug: scheduling for immediate release
1742918348.345146: 294566-7fc74fdf9540: cdpl_server.c:294: in _sv_free_job(): info: freeing job J1
1742918348.345179: 294566-7fc74fdf9540: cdpl_server.c:92: in _sv_free_bin(): debug: freeing bin B1
1742918348.345363: 294566-7fc74fdf9540: cdpl_monitor.c:515: in cdpl_mn_kill(): info: killing monitor
1742918348.345384: 294566-7fc74fdf9540: cdpl_ipc.c:3677: in cdpl_ipc_kill(): debug: stopping event server
1742918348.345422: 294566-7fc7137fe700: cdpl_ipc.c:2460: in _epoll_main(): debug: server going down...
1742918348.345745: 294566-7fc7251bb700: cdpl_ipc.c:775: in _readv(): warning: read(): EOF
1742918348.345868: 294566-7fc7251bb700: cdpl_ipc.c:2100: in _epoll_recv(): debug: _readv(): Broken pipe
1742918348.345881: 294566-7fc7251bb700: cdpl_ipc.c:2424: in _epoll_main(): debug: _epoll_recv(): Broken pipe
1742918348.345895: 294566-7fc7251bb700: cdpl_ipc.c:1657: in _host_drop__UNSAFE(): debug: dropping host `152.14.98.58:48766'
1742918348.346054: 294566-7fc7251bb700: cdpl_ipc.c:1582: in _host_free__UNSAFE(): debug: freeing host `152.14.98.58:48768'
1742918348.346063: 294566-7fc7251bb700: cdpl_ipc.c:1621: in _host_free__UNSAFE(): debug: [0 outq, 0 spR, 0 spW]
1742918348.346175: 294566-7fc7249ba700: cdpl_server_ipc.c:1236: in _sv_ipc_thread(): debug: received DROP notification
1742918348.346219: 294566-7fc713fff700: cdpl_ipc.c:3728: in cdpl_ipc_free(): debug: releasing IPC handle
1742918348.346264: 294566-7fc713fff700: cdpl_ipc.c:1582: in _host_free__UNSAFE(): debug: freeing host `152.14.98.58:45233'
1742918348.346272: 294566-7fc713fff700: cdpl_ipc.c:1621: in _host_free__UNSAFE(): debug: [0 outq, 0 spR, 0 spW]
1742918348.346287: 294566-7fc7249ba700: cdpl_monitor.c:1269: in cdpl_mn_drop(): debug: detaching from monitor `152.14.98.58:48766'
1742918348.346312: 294566-7fc713fff700: cdpl_ipc.c:1582: in _host_free__UNSAFE(): debug: freeing host `152.14.98.58:32907'
1742918348.346318: 294566-7fc7249ba700: cdpl_monitor.c:1101: in mn_systat_stop(): debug: joining systat thread
1742918348.346336: 294566-7fc713fff700: cdpl_ipc.c:1621: in _host_free__UNSAFE(): debug: [0 outq, 0 spR, 0 spW]
1742918348.346355: 294566-7fc713fff700: cdpl_ipc.c:3756: in cdpl_ipc_free(): warning: 2 host(s) were not released
1742918348.346388: 294566-7fc713fff700: cdpl_ipc.c:3767: in cdpl_ipc_free(): debug: done
1742918348.346394: 294566-7fc713fff700: cdpl_monitor.c:1390: in cdpl_mn_free(): debug: freeing monitor client
1742918348.346400: 294566-7fc7127fc700: cdpl_monitor.c:1079: in mn_systat(): debug: exiting
1742918348.346509: 294566-7fc7249ba700: cdpl_monitor.c:1103: in mn_systat_stop(): debug: systat thread done
1742918348.346582: 294566-7fc7249ba700: cdpl_ipc.c:2513: in cdpl_ipc_host_release(): debug: releasing host `152.14.98.58:48766'
1742918348.346933: 294566-7fc74fdf9540: cdpl_farm.c:2740: in cdpl_farm_free(): info: freeing farm
1742918348.347081: 294566-7fc6fb7fe700: cdpl_farm.c:2231: in _schedule(): debug: end of idling
1742918348.347116: 294566-7fc6fb7fe700: cdpl_farm.c:2235: in _schedule(): debug: dying
1742918348.347280: 294566-7fc74fdf9540: cdpl_farm.c:913: in _killall(): debug: killing all remaining commands
1742918348.347336: 294566-7fc74fdf9540: cdpl_server.c:3144: in cdpl_sv_free(): info: freeing server S1028095789
1742918348.347379: 294566-7fc74fdf9540: cdpl_server.c:3109: in cdpl_sv_kill_errno(): info: killing server
1742918348.347385: 294566-7fc74fdf9540: cdpl_ipc.c:3677: in cdpl_ipc_kill(): debug: stopping event server
1742918348.347411: 294566-7fc7251bb700: cdpl_ipc.c:2460: in _epoll_main(): debug: server going down...
1742918348.347530: 294566-7fc7249ba700: cdpl_server_ipc.c:1200: in _sv_ipc_thread(): debug: leaving now
1742918348.347582: 294566-7fc74fdf9540: cdpl_server.c:334: in _sv_free_master(): info: freeing master M1
1742918348.347605: 294566-7fc74fdf9540: cdpl_hash.c:68: in cdpl_h_destroy(): debug: put operations: 1
1742918348.347610: 294566-7fc74fdf9540: cdpl_hash.c:69: in cdpl_h_destroy(): debug: put collisions: 0
1742918348.347615: 294566-7fc74fdf9540: cdpl_hash.c:70: in cdpl_h_destroy(): debug: get operations: 1
1742918348.347619: 294566-7fc74fdf9540: cdpl_hash.c:71: in cdpl_h_destroy(): debug: get iterations: 1
1742918348.347659: 294566-7fc74fdf9540: cdpl_monitor.c:1390: in cdpl_mn_free(): debug: freeing monitor server
1742918348.347666: 294566-7fc74fdf9540: cdpl_ipc.c:3728: in cdpl_ipc_free(): debug: releasing IPC handle
1742918348.347672: 294566-7fc74fdf9540: cdpl_ipc.c:1582: in _host_free__UNSAFE(): debug: freeing host `152.14.98.58:48766'
1742918348.347678: 294566-7fc74fdf9540: cdpl_ipc.c:1621: in _host_free__UNSAFE(): debug: [0 outq, 0 spR, 0 spW]
1742918348.347727: 294566-7fc74fdf9540: cdpl_ipc.c:3767: in cdpl_ipc_free(): debug: done
1742918348.347745: 294566-7fc74fdf9540: cdpl_log.c:481: in cdpl_log_close(): info: @@end_of_log@@
