[23:42:18.55] /o 
              /c                                    pw_worker™ 
              /c 
              /c                Version W-2024.09-SP1-2 for linux64 - Jan 15, 2025
              /c              Based on Custom Infrastructure
              /c Version W-2024.09-SP1-2
              /c 
              /c                     Copyright (c) 2004 - 2025 Synopsys, Inc.
              /c    This software and the associated documentation are proprietary to Synopsys,
              /c  Inc. This software may only be used in accordance with the terms and conditions
              /c  of a written license agreement with Synopsys, Inc. All other use, reproduction,
              /c    or distribution of this software is strictly prohibited.  Licensed Products
              /c      communicate with Synopsys servers for the purpose of providing software
              /c     updates, detecting software piracy and verifying that customers are using
              /c     Licensed Products in conformity with the applicable License Key for such
              /c   Licensed Products. Synopsys will use information gathered in connection with
              /c     this process to deliver software updates and pursue software pirates and
              /c                                    infringers.
              /c 
              /c  Inclusivity & Diversity - Visit SolvNetPlus to read the "Synopsys Statement on
              /c             Inclusivity and Diversity" (Refer to article 000036315 at
              /c                         https://solvnetplus.synopsys.com)
              /c 
              /c Build  (OPT) Config 11252589 compiled on Wed Jan 15 11:01:36 2025 for AlmaLinux 8.4
              /c Invocation: /mnt/apps/public/COE/synopsys_apps/primewave/W-2024.09-SP1-2/linux64/platform/bin/custom_shell -application pw_worker -gui 0 -localDir /mnt/coe/workspace/ece/ece546-spr25/group8/group8_project/synopsys_custom/pwdp_jobs/saeSession6_HSPICEdefault.SimulationSimulation_cdpl.0.215679/logs/w1
              /c Execution time: Thu Apr  3 23:42:13 2025
              /c Host: viper.ece.ncsu.edu
              /c Working directory: /mnt/coe/workspace/ece/ece546-spr25/group8/group8_project
              /c 
[23:42:27.96] /m Information: Registering ICV PERC package...
[23:42:28.03] /w Warning: Error: "Job group named 'PrimeWave' already exists under this parent." (IPC-100)
[23:42:28.59] /o #####New Worker job begin - Self history dir=/mnt/coe/workspace/ece/ece546-spr25/group8/group8_project/simulation/group8,tb2025,schematic
[23:42:28.92] /o source /mnt/coe/workspace/ece/ece546-spr25/group8/group8_project/synopsys_custom/pwdp_jobs/saeSession6_HSPICEdefault.SimulationSimulation_cdpl.0.215679/ccFile.tcl OK
[23:42:28.92] /o LibDefs : /mnt/coe/workspace/ece/ece546-spr25/group8/group8_project/lib.defs
[23:42:29.18] /o new worker create session at loading state!
[23:42:29.18] /o history_1
[23:42:29.71] /o Loading: Callback files...
[23:42:29.72] /o Loading: scripts/callbacks/callbacks.tcl
[23:42:29.72] /o 
              /c [INFO] : Loading display.drf from /mnt/designkits/ncsu/FreePDK3/syncust/NCSU_TechLib_FreePDK3
              /c 
              /c  if you wish to Load other display.drf, please set shell environment valiable "iPDK_load_display_NCSU_TechLib_FreePDK3" to value = 0
[23:42:29.72] /o 
[23:42:29.74] /w Warning: Preference 'xtStarTcadGrdFile' is deprecated and scheduled for removal in a future release with no replacement. For migration assistance, see the Custom Compiler Tcl Reference Manual. (PREFERENCE-058)
[23:42:29.75] /w Warning: Preference 'xtStarOALayerMappingFile' is deprecated and scheduled for removal in a future release with no replacement. For migration assistance, see the Custom Compiler Tcl Reference Manual. (PREFERENCE-058)
[23:42:29.75] /o 	#######################################
[23:42:29.75] /o 	CC-PDK Library Name	: FreePDK3
[23:42:29.75] /o 	#######################################
[23:42:29.75] /o 
[23:42:29.92] /o source /mnt/coe/workspace/ece/ece546-spr25/group8/group8_project/simulation/group8,tb2025,schematic/history_1/.nw_preference_script.tcl OK!
[23:42:29.92] /o DSPF Options: {hierDelim==|}||{termDelim==:}||{fingerChar==@}||{multiplierString==_nettran_}||{aggregateCurrent==1}||{MOSTermNames==d g s b}||{MOSTermOrder==D G S B}||{MOSTermDspfNames==DRC GATE SRC BULK}||{firstChars==XM}||{probeHierDelim==/}||{caseSensitive==1}||{firstChar==M}||{hierPrefix==X}||{nodePrefix==M}||{plotTermVoltageForNet==0}||{mapNetToMosTerminal==}||{mapSlashDelimToDot==1}||{probePortCurrent==1}||{busBit==[]}||{removeNodePrefix==1}||{nlConDelim==.}||{mosModelType==auto}||{keepSchName==0}
[23:42:29.92] /o _workerLoadStateAction done!
[23:42:29.96] /o _getSimulationDetails : 
[23:42:29.96] /o tbName=HSPICE_default, Mtb=0
[23:42:29.96] /o Got stb tb ok!
[23:42:29.96] /o Self resultsDir: ./simulation
[23:42:29.96] /o Self databaseDir: /mnt/coe/workspace/ece/ece546-spr25/group8/group8_project/simulation/group8,tb2025,schematic/history_1/simulation/HSPICE_default/HSPICE/nominal/results
[23:42:29.99] /o source /mnt/apps/public/COE/synopsys_apps/primewave/W-2024.09-SP1-2/auxx/sae/matlab_script.tcl OK
[23:42:30.02] /o Nominal run.
[23:42:30.45] /o _createResultsMap done!
[23:42:30.55] /o New worker simulation done for nomial run.
[23:42:30.55] /o >>>resultsDir=/mnt/coe/workspace/ece/ece546-spr25/group8/group8_project/simulation/group8,tb2025,schematic/history_1/simulation/HSPICE_default/HSPICE/nominal/results,masterResultsDir=/mnt/coe/workspace/ece/ece546-spr25/group8/group8_project/simulation/group8,tb2025,schematic/history_1/simulation/HSPICE_default/HSPICE/nominal/results
[23:42:30.56] /m Information: Evaluating and plotting outputs...
[23:42:31.72] /o touch /mnt/coe/workspace/ece/ece546-spr25/group8/group8_project/simulation/group8,tb2025,schematic/history_1/simulation/HSPICE_default/HSPICE/nominal/results/.unitedSimFinished
[23:42:31.75] /o touch /mnt/coe/workspace/ece/ece546-spr25/group8/group8_project/simulation/group8,tb2025,schematic/history_1/simulation/HSPICE_default/HSPICE/nominal/results/.unitedSimFinished
[23:42:32.67] /o New worker simulation done for nomial run finished!
[23:42:32.67] /o _simulationDoneAction done without exception!
[23:42:32.68] /o touch pilot meas done flag file: /mnt/coe/workspace/ece/ece546-spr25/group8/group8_project/simulation/group8,tb2025,schematic/history_1/simulation/HSPICE_default/HSPICE/nominal/results/.pw_nw_meas_done
[23:42:39.70] /o Shutdown time: Thu Apr  3 23:42:39 2025
[23:42:39.70] /o Elapsed session real time: 0.38 minutes
[23:42:39.70] /o Session terminated. Log is at /mnt/coe/workspace/ece/ece546-spr25/group8/group8_project/synopsys_custom/pwdp_jobs/saeSession6_HSPICEdefault.SimulationSimulation_cdpl.0.215679/logs/w1/logs/pw_worker.hrajesh.2025_4_3_234213_216301.log
