1743982538.781785: 135283-7f5c255c0540: cdpl_log.c:337: in cdpl_log_open(): info: @@start_of_log@@
1743982538.781825: 135283-7f5c255c0540: cdpl_log.c:1058: in cdpl_log_dump_sysinfo(): info: time: 2025/04/06 19:35:38 EDT -0400
1743982538.781828: 135283-7f5c255c0540: cdpl_log.c:1060: in cdpl_log_dump_sysinfo(): info: version: W-2024.09-SP1-2 
1743982538.781829: 135283-7f5c255c0540: cdpl_log.c:1062: in cdpl_log_dump_sysinfo(): info: system: Linux 4.18.0-553.47.1.el8_10.x86_64 #1 SMP Thu Mar 20 10:01:53 EDT 2025
1743982538.781830: 135283-7f5c255c0540: cdpl_log.c:1067: in cdpl_log_dump_sysinfo(): info: processor: x86_64 64-bits
1743982538.781831: 135283-7f5c255c0540: cdpl_log.c:1071: in cdpl_log_dump_sysinfo(): info: hostname: lib-41922.eos.ncsu.edu
1743982538.781832: 135283-7f5c255c0540: cdpl_log.c:1073: in cdpl_log_dump_sysinfo(): info: program name: custom_shell
1743982538.781833: 135283-7f5c255c0540: cdpl_log.c:340: in cdpl_log_open(): debug: path: /mnt/coe/workspace/ece/ece546-spr25/group8/group8_project/synopsys_custom/pwdp_jobs/saeSession10_HSPICEdefault.SimulationSimulation_cdpl.0.135283/logs/master.lib-41922.eos.ncsu.edu.135283.log
1743982538.781834: 135283-7f5c255c0540: cdpl_log.c:341: in cdpl_log_open(): debug: dir: /mnt/coe/workspace/ece/ece546-spr25/group8/group8_project/synopsys_custom/pwdp_jobs/saeSession10_HSPICEdefault.SimulationSimulation_cdpl.0.135283/logs
1743982538.781870: 135283-7f5c255c0540: cdpl_server.c:536: in cdpl_sv_init(): info: new server S912646903
1743982538.781877: 135283-7f5c255c0540: cdpl_ipc.c:3475: in cdpl_ipc_init(): info: requesting IPv4 protocol
1743982538.785916: 135283-7f5c255c0540: cdpl_ipc.c:837: in _selectaddrfamily(): info: selected IPv4 protocol
1743982538.785951: 135283-7f5c255c0540: cdpl_ipc.c:1139: in _set_keepalive(): info: TCP keep alive interval: 300
1743982538.788728: 135283-7f5c255c0540: cdpl_monitor.c:1117: in cdpl_mn_new_server(): info: creating server monitor instance
1743982538.788748: 135283-7f5c255c0540: cdpl_server.c:650: in cdpl_sv_new_master(): info: new master M1
1743982538.788771: 135283-7f5c255c0540: cdpl_server.c:6533: in cdpl_sv_ctl_master(): info: Setting worker heartbeat to 120 seconds
1743982538.788772: 135283-7f5c255c0540: cdpl_server.c:6542: in cdpl_sv_ctl_master(): info: Setting worker heartbeat timeout to 3 heartbeats
1743982538.788774: 135283-7f5c255c0540: cdpl_compat_master.c:2090: in _parse_hostfile(): info: reading hostfile `/mnt/coe/workspace/ece/ece546-spr25/group8/group8_project/synopsys_custom/pwdp_jobs/saeSession10_HSPICEdefault.SimulationSimulation_cdpl.0.135283/host_file'
1743982538.798812: 135283-7f5c255c0540: cdpl_compat_master.c:1900: in _hostfile_parser(): debug: parsing "1     |localhost|   -1  | /tmp | SH | sh"
1743982538.798854: 135283-7f5c255c0540: cdpl_farm.c:2578: in cdpl_farm_new_sh(): info: creating SH farm on localhost
1743982538.798861: 135283-7f5c255c0540: cdpl_compat_master.c:206: in _set_farm_env(): info: exporting CDPL_LOGDIR as `/mnt/coe/workspace/ece/ece546-spr25/group8/group8_project/synopsys_custom/pwdp_jobs/saeSession10_HSPICEdefault.SimulationSimulation_cdpl.0.135283/logs'
1743982538.798863: 135283-7f5c255c0540: cdpl_compat_master.c:212: in _set_farm_env(): info: exporting CDPL_TMPDIR as `/tmp'
1743982538.798865: 135283-7f5c255c0540: cdpl_compat_master.c:219: in _set_farm_env(): info: exporting CDPL_HOME as `/mnt/apps/public/COE/synopsys_apps/hspice/W-2024.09-SP1/hspice/cdpl'
1743982538.798867: 135283-7f5c255c0540: cdpl_compat_master.c:235: in _set_farm_env(): info: exporting SNPSLMD_LICENSE_FILE as `27000@ece-lic-35.ece.ncsu.edu'
1743982538.798868: 135283-7f5c255c0540: cdpl_compat_master.c:259: in _set_farm_env(): info: exporting CDPL_OPTIONS as `[nowlogs]'
1743982538.798869: 135283-7f5c255c0540: cdpl_compat_master.c:266: in _set_farm_env(): info: exporting DISPLAY as `unix:8033'
1743982538.798870: 135283-7f5c255c0540: cdpl_compat_master.c:274: in _set_farm_env(): info: exporting CDPL_HEARTBEAT as `120'
1743982538.798883: 135283-7f5c255c0540: cdpl_farm.c:3149: in cdpl_farm_add_withdir(): debug: added `localhost' (capacity: unlimited)
1743982538.798891: 135283-7f5c255c0540: cdpl_compat_parse.c:147: in parsefile(): debug: read `/mnt/coe/workspace/ece/ece546-spr25/group8/group8_project/synopsys_custom/pwdp_jobs/saeSession10_HSPICEdefault.SimulationSimulation_cdpl.0.135283/host_file', 2 lines
1743982538.798893: 135283-7f5c255c0540: cdpl_compat_master.c:2931: in cdplInitMaster(): info: bcast dir is `/mnt/coe/workspace/ece/ece546-spr25/group8/group8_project/synopsys_custom/pwdp_jobs/saeSession10_HSPICEdefault.SimulationSimulation_cdpl.0.135283/logs'
1743982538.807452: 135283-7f5c255c0540: cdpl_server.c:6433: in cdpl_sv_ctl_master(): info: farm worker timeout set to 300
1743982538.807456: 135283-7f5c255c0540: cdpl_server.c:6486: in cdpl_sv_ctl_master(): info: maximum number of task execution attempts set to 1
1743982538.807477: 135283-7f5c255c0540: cdpl_server.c:3195: in cdpl_sv_start(): debug: starting server
1743982538.807482: 135283-7f5c255c0540: cdpl_ipc.c:3632: in cdpl_ipc_start(): debug: starting IPC server 152.14.142.25:41151
1743982538.807606: 135283-7f5be9393700: cdpl_server_ipc.c:1182: in _sv_ipc_thread(): debug: ready
1743982538.807706: 135283-7f5be8b92700: cdpl_monitor.c:426: in cdpl_mn_init_client(): info: creating client monitor instance
1743982538.807714: 135283-7f5be8b92700: cdpl_ipc.c:3475: in cdpl_ipc_init(): info: requesting IPv4 protocol
1743982538.813613: 135283-7f5be8b92700: cdpl_ipc.c:837: in _selectaddrfamily(): info: selected IPv4 protocol
1743982538.813646: 135283-7f5be8b92700: cdpl_ipc.c:1139: in _set_keepalive(): info: TCP keep alive interval: 300
1743982538.818328: 135283-7f5be8b92700: cdpl_ipc.c:3632: in cdpl_ipc_start(): debug: starting IPC server 152.14.142.25:36663
1743982538.818525: 135283-7f5be8b92700: cdpl_monitor.c:471: in cdpl_mn_init_client(): debug: incoming messages in /tmp/cdpl-monitor-SbOSj8
1743982538.818593: 135283-7f5be8b92700: cdpl_monitor.c:533: in cdpl_mn_connect(): debug: connecting to 152.14.142.25:41151
1743982538.818600: 135283-7f5be8b92700: cdpl_ipc.c:3789: in cdpl_ipc_connect(): info: connecting to 152.14.142.25:41151
1743982538.818695: 135283-7f5be8b92700: cdpl_ipc.c:3860: in cdpl_ipc_connect(): info: connected as `152.14.142.25:39652'
1743982538.818707: 135283-7f5be8b92700: cdpl_ipc.c:2503: in cdpl_ipc_host_accept(): debug: accepted host `152.14.142.25:41151'
1743982538.818744: 135283-7f5be8b92700: cdpl_monitor.c:579: in cdpl_mn_connect(): debug: ok
1743982538.818746: 135283-7f5be9b94700: cdpl_ipc.c:1862: in _epoll_accept(): debug: new connection from `152.14.142.25:39652'
1743982538.818794: 135283-7f5c255c0540: cdpl_server.c:731: in cdpl_sv_new_job(): info: new job J1 in M1
1743982538.818817: 135283-7f5be9393700: cdpl_server_ipc.c:1225: in _sv_ipc_thread(): debug: received ACCEPT notification
1743982538.818826: 135283-7f5be9393700: cdpl_ipc.c:2503: in cdpl_ipc_host_accept(): debug: accepted host `152.14.142.25:39652'
1743982538.818830: 135283-7f5c255c0540: cdpl_compat_master.c:1581: in _add_worker(): info: new worker type 10, min:1, max:3, cmd:`/mnt/coe/workspace/ece/ece546-spr25/group8/group8_project/synopsys_custom/pwdp_jobs/saeSession10_HSPICEdefault.SimulationSimulation_cdpl.0.135283/START_WORKER pw_worker -i /mnt/coe/workspace/ece/ece546-spr25/group8/g
1743982538.818833: 135283-7f5be9393700: cdpl_server_ipc.c:1256: in _sv_ipc_thread(): debug: received MONITOR message
1743982538.818844: 135283-7f5c255c0540: cdpl_server.c:908: in cdpl_sv_new_bin_withfarm(): info: new bin B1 in J1
1743982538.818907: 135283-7f5be9393700: cdpl_monitor.c:1207: in cdpl_mn_accept(): debug: accepted monitor `152.14.142.25:39652'
1743982538.818910: 135283-7f5be9393700: cdpl_server_ipc_mon.c:120: in _globalLOCK(): debug: ENTERTING GLOBAL LOCK
1743982538.818912: 135283-7f5be9393700: cdpl_server_ipc_mon.c:164: in _globalLOCK(): debug: global lock acquired
1743982538.818949: 135283-7f5bdaffd700: cdpl_monitor.c:910: in mn_systat(): debug: started
1743982538.819103: 135283-7f5bdaffd700: cdpl_monitor.c:937: in mn_systat(): debug: monitor server flush rate: 5
1743982538.850700: 135283-7f5be9393700: cdpl_server_ipc_mon.c:210: in _globalUNLOCK(): debug: LEAVING GLOBAL LOCK
1743982539.150138: 135283-7f5c255c0540: cdpl_server.c:3249: in cdpl_sv_start_job(): info: starting job J1
1743982539.150153: 135283-7f5c255c0540: cdpl_server.c:62: in _sv_start_bin(): debug: starting bin B1 (min: 0, max: 3)
1743982539.150234: 135283-7f5c255c0540: cdpl_server.c:1893: in _sv_gen_task(): info: new task T0 in B1 (prio 0)
1743982539.150266: 135283-7f5bd8ff9700: cdpl_server_sched.c:2482: in _sv_scheduler_thread(): debug: scheduler for bin B1 started
1743982539.150280: 135283-7f5c255c0540: cdpl_server.c:2698: in cdpl_sv_label_task_va(): info: setting task T0 label to "HSPICE_1|HSPICE"
1743982539.150372: 135283-7f5bd8ff9700: cdpl_server_sched.c:2443: in _scheduler_run(): debug: will start a new worker
1743982539.150400: 135283-7f5bd8ff9700: cdpl_farm.c:3977: in cdpl_farm_submit(): debug: 1 running processes
1743982539.150402: 135283-7f5bd8ff9700: cdpl_farm.c:3985: in cdpl_farm_submit(): debug: new command C1 in bin B1 assigned to host `localhost'
1743982539.150549: 135283-7f5bd8ff9700: cdpl_server_sched.c:705: in _sv_launch_worker(): info: started worker W1 (as C1) in bin B1
1743982539.150590: 135283-7f5bbbfff700: cdpl_farm.c:2139: in _schedule(): debug: started
1743982539.150595: 135283-7f5bbbfff700: cdpl_farm.c:2303: in _schedule(): debug: submitting command C1 in bin B1
1743982539.150607: 135283-7f5bbbfff700: cdpl_sh.c:49: in _sh_detached_submit(): info: SH : /mnt/coe/workspace/ece/ece546-spr25/group8/group8_project/synopsys_custom/pwdp_jobs/saeSession10_HSPICEdefault.SimulationSimulation_cdpl.0.135283/START_WORKER pw_worker -i /mnt/coe/workspace/ece/ece546-spr25/group8/group8_project/synopsys_custom/pwdp_jobs/saeSession10_HSPICEdefault.SimulationSimulation_cdpl.0.135283 -t 10000
1743982539.154760: 135283-7f5bbbfff700: cdpl_farm.c:2343: in _schedule(): debug: C1 in bin B1 running on slot 0
1743982539.154785: 135283-7f5bbbfff700: cdpl_farm.c:2167: in _schedule(): debug: idle
1743982539.412810: 135283-7f5c255c0540: cdpl_compat_master.c:5948: in cdplMasterLogInfo(): info: [non-CDPL log entry] PWDP3: reset pilot cache succeeded, pilot_key=saeSession10,1,HSPICE_default|&/mnt/coe/workspace/ece/ece546-spr25/group8/group8_project/simulation/group8,tb2025,schematic/history_1/simulation/HSPICE_default/PrimeSimHSPICE/nominal/results
1743982539.454872: 135283-7f5bbbfff700: cdpl_farm.c:1193: in _onexit(): debug: C1 in bin B1 exited normally on slot 0
1743982540.133295: 135283-7f5bd9ffb700: cdpl_compat_master.c:5948: in cdplMasterLogInfo(): info: [non-CDPL log entry] PWDP - no-workers started ok check start!
1743982541.126553: 135283-7f5be9b94700: cdpl_ipc.c:1862: in _epoll_accept(): debug: new connection from `152.14.142.25:39668'
1743982541.126573: 135283-7f5be9393700: cdpl_server_ipc.c:1225: in _sv_ipc_thread(): debug: received ACCEPT notification
1743982541.126580: 135283-7f5be9393700: cdpl_ipc.c:2503: in cdpl_ipc_host_accept(): debug: accepted host `152.14.142.25:39668'
1743982541.126689: 135283-7f5be9393700: cdpl_server_ipc.c:1246: in _sv_ipc_thread(): debug: received HELLO message
1743982541.126690: 135283-7f5be9393700: cdpl_server_ipc.c:430: in _sv_on_hello(): debug: looking up W1
1743982541.126692: 135283-7f5be9393700: cdpl_server_ipc.c:540: in _sv_on_hello(): info: W1 is `152.14.142.25:39668'
1743982541.126693: 135283-7f5be9393700: cdpl_server_ipc.c:541: in _sv_on_hello(): debug: hello W1 (B1)
1743982541.126694: 135283-7f5be9393700: cdpl_server_ipc.c:542: in _sv_on_hello(): info: W1 log file is /dev/null
1743982541.126731: 135283-7f5be9393700: cdpl_server_ipc.c:602: in _sv_on_hello(): info: up to 1 alive workers in B1
1743982541.126736: 135283-7f5be9393700: cdpl_farm.c:878: in _release_cmd(): debug: freeing command C1 in bin B1
1743982541.126783: 135283-7f5bd8ff9700: cdpl_server_sched.c:960: in _assign(): info: assigning task T0 to worker W1
1743982542.126917: 135283-7f5be9393700: cdpl_server_ipc.c:312: in _sv_on_heartbeat(): debug: received HEARTBEAT from worker W1 at 152.14.142.25:39668
1743982543.905389: 135283-7f5be8b92700: cdpl_monitor.c:533: in cdpl_mn_connect(): debug: connecting to 152.14.142.25:41679
1743982543.905398: 135283-7f5be8b92700: cdpl_ipc.c:3789: in cdpl_ipc_connect(): info: connecting to 152.14.142.25:41679
1743982543.905508: 135283-7f5be8b92700: cdpl_ipc.c:3860: in cdpl_ipc_connect(): info: connected as `152.14.142.25:39724'
1743982543.905516: 135283-7f5be8b92700: cdpl_ipc.c:2503: in cdpl_ipc_host_accept(): debug: accepted host `152.14.142.25:41679'
1743982543.905519: 135283-7f5be8b92700: cdpl_monitor.c:579: in cdpl_mn_connect(): debug: ok
1743982544.045637: 135283-7f5be9393700: cdpl_server_ipc.c:1268: in _sv_ipc_thread(): debug: received RELAY message
1743982544.045645: 135283-7f5be9393700: cdpl_server_ipc.c:713: in _sv_on_relay(): debug: RELAY message from W1, size = 58
1743982544.045647: 135283-7f5be9393700: cdpl_server_ipc.c:715: in _sv_on_relay(): debug: RELAY message from W1, content = 0$135905 lib-41922.eos.ncsu.edu 135919 RUNNING 1743982543
1743982561.408764: 135283-7f5be9393700: cdpl_server_ipc.c:1268: in _sv_ipc_thread(): debug: received RELAY message
1743982561.411658: 135283-7f5be9393700: cdpl_server_ipc.c:713: in _sv_on_relay(): debug: RELAY message from W1, size = 47
1743982561.411665: 135283-7f5be9393700: cdpl_server_ipc.c:715: in _sv_on_relay(): debug: RELAY message from W1, content = WORKERDU|976,dc2isi00nfs.oit.ncsu.edu:/coe_nfs
1743982561.411746: 135283-7f5be9393700: cdpl_server_ipc.c:1268: in _sv_ipc_thread(): debug: received RELAY message
1743982561.411748: 135283-7f5be9393700: cdpl_server_ipc.c:713: in _sv_on_relay(): debug: RELAY message from W1, size = 18
1743982561.411749: 135283-7f5be9393700: cdpl_server_ipc.c:715: in _sv_on_relay(): debug: RELAY message from W1, content = 0$- - - MEASDOING
1743982564.712014: 135283-7f5be9393700: cdpl_server_ipc.c:1268: in _sv_ipc_thread(): debug: received RELAY message
1743982564.712025: 135283-7f5be9393700: cdpl_server_ipc.c:713: in _sv_on_relay(): debug: RELAY message from W1, size = 72
1743982564.712026: 135283-7f5be9393700: cdpl_server_ipc.c:715: in _sv_on_relay(): debug: RELAY message from W1, content = 0$135905 lib-41922.eos.ncsu.edu 135919 FAILED 1743982543|1743982564|255
1743982564.712178: 135283-7f5be9393700: cdpl_server_ipc.c:1251: in _sv_ipc_thread(): debug: received FINISH message
1743982564.712179: 135283-7f5be9393700: cdpl_server_ipc.c:983: in _sv_on_finish(): info: worker W1 completed task T0
1743982564.712180: 135283-7f5be9393700: cdpl_server_ipc.c:988: in _sv_on_finish(): debug: stat T0: utime=4982 stime=617
1743982564.712181: 135283-7f5be9393700: cdpl_server_ipc.c:993: in _sv_on_finish(): debug: statm T0: vsize=3080280 rss=1061844 shared=518484 text=474784 data=734492
1743982564.742965: 135283-7f5be9393700: cdpl_server_ipc.c:1268: in _sv_ipc_thread(): debug: received RELAY message
1743982564.742975: 135283-7f5be9393700: cdpl_server_ipc.c:713: in _sv_on_relay(): debug: RELAY message from W1, size = 46
1743982564.742977: 135283-7f5be9393700: cdpl_server_ipc.c:715: in _sv_on_relay(): debug: RELAY message from W1, content = WORKERDU|51,dc2isi00nfs.oit.ncsu.edu:/coe_nfs
1743982564.767040: 135283-7f5c255c0540: cdpl_server.c:1893: in _sv_gen_task(): info: new task T1 in B1 (prio 10)
1743982564.767076: 135283-7f5c255c0540: cdpl_compat_master.c:5948: in cdplMasterLogInfo(): info: [non-CDPL log entry] PWDP: **info** recreate new task for abnormal failed task T0 of pw job cdpl_id V0 (task details:isReRun==0|simulator==HSPICE|workingDir==/mnt/coe/workspace/ece/ece546-spr25/group8/group8_project|historyName==history_1|stateType==0|nominal==1|testbench==HSPICE_default|uniqueName==saeSession10|resultsDir==/mnt/coe/workspace/ece/ece546-spr25/group8/group8_project/simulation/group8,tb2025,schematic/history_1/simulation/HSPICE_default/PrimeSimHSPICE/nominal/results|historyIndex==1|runMode==new|preRun==0|session==saeSession10|masterResultsDir==/mnt/coe/workspace/ece/ece546-spr25/group8/group8_project/simulation/group8,tb2025,schematic/history_1/simulation/HSPICE_default/PrimeSimHSPICE/nominal/results|diskTestSuiteName==group8,tb2025,schematic|||HSPICE_1 0 152.14.142.25|39037  /mnt/coe/workspace/ece/ece546-spr25/group8/group8_project/simulation/group8,tb2025,schematic/history_1/simulation/HSPICE_default/PrimeSimHSPICE/nominal/netlist/runSimulation  > /mnt/coe/workspace/ece/ece546-spr25/group8/group8_project/simulation/group8,tb2025,schematic/history_1/simulation/HSPICE_default/PrimeSimHSPICE/nominal/results/run.log 2>&1 job return info:135905 lib-41922.eos.ncsu.edu 135919 FAILED 1743982543|1743982564|255) begin ...
1743982564.767112: 135283-7f5c255c0540: cdpl_server.c:227: in _sv_free_task_safe(): debug: freeing task T0
1743982564.767121: 135283-7f5c255c0540: cdpl_server.c:2698: in cdpl_sv_label_task_va(): info: setting task T1 label to "HSPICE_1|HSPICE"
1743982564.767128: 135283-7f5c255c0540: cdpl_compat_master.c:5948: in cdplMasterLogInfo(): info: [non-CDPL log entry] CDPL (PWDP) - recreate new run for abnormal failed task T0 of pw job cdpl_id V0 OK.
1743982564.767146: 135283-7f5bd8ff9700: cdpl_server_sched.c:960: in _assign(): info: assigning task T1 to worker W1
1743982564.898779: 135283-7f5be9393700: cdpl_server_ipc.c:1268: in _sv_ipc_thread(): debug: received RELAY message
1743982564.898788: 135283-7f5be9393700: cdpl_server_ipc.c:713: in _sv_on_relay(): debug: RELAY message from W1, size = 69
1743982564.898790: 135283-7f5be9393700: cdpl_server_ipc.c:715: in _sv_on_relay(): debug: RELAY message from W1, content = 0$135905 lib-41922.eos.ncsu.edu 136322 RUNNING 1743982543|1743982564
1743982565.599799: 135283-7f5be9393700: cdpl_server_ipc.c:1268: in _sv_ipc_thread(): debug: received RELAY message
1743982565.599809: 135283-7f5be9393700: cdpl_server_ipc.c:713: in _sv_on_relay(): debug: RELAY message from W1, size = 18
1743982565.599810: 135283-7f5be9393700: cdpl_server_ipc.c:715: in _sv_on_relay(): debug: RELAY message from W1, content = 0$- - - MEASDOING
1743982569.334816: 135283-7f5be9393700: cdpl_server_ipc.c:1268: in _sv_ipc_thread(): debug: received RELAY message
1743982569.334825: 135283-7f5be9393700: cdpl_server_ipc.c:713: in _sv_on_relay(): debug: RELAY message from W1, size = 72
1743982569.334827: 135283-7f5be9393700: cdpl_server_ipc.c:715: in _sv_on_relay(): debug: RELAY message from W1, content = 0$135905 lib-41922.eos.ncsu.edu 136322 FAILED 1743982564|1743982569|255
1743982569.334908: 135283-7f5be9393700: cdpl_server_ipc.c:1251: in _sv_ipc_thread(): debug: received FINISH message
1743982569.334910: 135283-7f5be9393700: cdpl_server_ipc.c:983: in _sv_on_finish(): info: worker W1 completed task T1
1743982569.334911: 135283-7f5be9393700: cdpl_server_ipc.c:988: in _sv_on_finish(): debug: stat T1: utime=320 stime=123
1743982569.334912: 135283-7f5be9393700: cdpl_server_ipc.c:993: in _sv_on_finish(): debug: statm T1: vsize=3080280 rss=1061844 shared=518484 text=474784 data=734492
1743982569.366596: 135283-7f5c255c0540: cdpl_compat_master.c:5948: in cdplMasterLogInfo(): info: [non-CDPL log entry] CDPL (PWDP) - abnormal failed rerun overed max count, rerun abort - task T1 of pw job cdpl_id V0.
1743982569.366667: 135283-7f5c255c0540: cdpl_server.c:227: in _sv_free_task_safe(): debug: freeing task T1
1743982589.365520: 135283-7f5bdbfff700: cdpl_ipc.c:775: in _readv(): warning: read(): EOF
1743982589.368644: 135283-7f5be9b94700: cdpl_ipc.c:775: in _readv(): warning: read(): EOF
1743982589.368665: 135283-7f5be9b94700: cdpl_ipc.c:2100: in _epoll_recv(): debug: _readv(): Broken pipe
1743982589.368668: 135283-7f5be9b94700: cdpl_ipc.c:2424: in _epoll_main(): debug: _epoll_recv(): Broken pipe
1743982589.368670: 135283-7f5be9b94700: cdpl_ipc.c:1657: in _host_drop__UNSAFE(): debug: dropping host `152.14.142.25:39668'
1743982589.368673: 135283-7f5bdbfff700: cdpl_ipc.c:2100: in _epoll_recv(): debug: _readv(): Broken pipe
1743982589.368679: 135283-7f5bdbfff700: cdpl_ipc.c:2424: in _epoll_main(): debug: _epoll_recv(): Broken pipe
1743982589.368681: 135283-7f5bdbfff700: cdpl_ipc.c:1657: in _host_drop__UNSAFE(): debug: dropping host `152.14.142.25:41679'
1743982589.368704: 135283-7f5be9393700: cdpl_server_ipc.c:1236: in _sv_ipc_thread(): debug: received DROP notification
1743982589.368717: 135283-7f5be9393700: cdpl_server_sched.c:2796: in _sv_record_crashed_worker(): debug: dropping worker W1
1743982589.368722: 135283-7f5be9393700: cdpl_server_ipc.c:188: in _sv_on_drop_worker(): debug: down to 0 live workers in B1
1743982589.368724: 135283-7f5bdb7fe700: cdpl_monitor.c:290: in mn_listen(): debug: received DROP message
1743982589.368731: 135283-7f5bd8ff9700: cdpl_server_sched.c:750: in _empty_trash(): debug: freeing worker W1 while emptying trash list for bin B1
1743982589.368740: 135283-7f5bd8ff9700: cdpl_farm.c:4152: in cdpl_farm_dismiss(): debug: down to 0 running processes
1743982589.368745: 135283-7f5bd8ff9700: cdpl_server_sched.c:121: in _free_worker_2(): debug: freeing worker W1
1743982589.368750: 135283-7f5bdb7fe700: cdpl_ipc.c:2513: in cdpl_ipc_host_release(): debug: releasing host `152.14.142.25:41679'
1743982589.368753: 135283-7f5bd8ff9700: cdpl_ipc.c:2513: in cdpl_ipc_host_release(): debug: releasing host `152.14.142.25:39668'
1743982589.368754: 135283-7f5bd8ff9700: cdpl_ipc.c:2529: in cdpl_ipc_host_release(): debug: scheduling for immediate release
1743982593.828489: 135283-7f5be9b94700: cdpl_ipc.c:1582: in _host_free__UNSAFE(): debug: freeing host `152.14.142.25:39668'
1743982593.828511: 135283-7f5be9b94700: cdpl_ipc.c:1621: in _host_free__UNSAFE(): debug: [0 outq, 0 spR, 0 spW]
1743982593.828525: 135283-7f5bdbfff700: cdpl_ipc.c:1582: in _host_free__UNSAFE(): debug: freeing host `152.14.142.25:41679'
1743982593.828530: 135283-7f5bdbfff700: cdpl_ipc.c:1621: in _host_free__UNSAFE(): debug: [0 outq, 0 spR, 0 spW]
1743982599.455298: 135283-7f5bbbfff700: cdpl_farm.c:2173: in _schedule(): debug: idle
1743982630.073765: 135283-7f5bda7fc700: cdpl_compat_master.c:5971: in cdplMasterLogWarning(): warning: [non-CDPL log entry] PWDP: master does not receive message over 60 seconds!
1743982659.455547: 135283-7f5bbbfff700: cdpl_farm.c:2173: in _schedule(): debug: idle
1743982660.182964: 135283-7f5bda7fc700: cdpl_compat_master.c:5948: in cdplMasterLogInfo(): info: [non-CDPL log entry] PWDP: message receiver is alive.
1743982662.749139: 135283-7f5bd9ffb700: cdpl_compat_master.c:5948: in cdplMasterLogInfo(): info: [non-CDPL log entry] PWDP: master status watchdog is alive.
1743982690.896390: 135283-7f5bda7fc700: cdpl_compat_master.c:5971: in cdplMasterLogWarning(): warning: [non-CDPL log entry] PWDP: master does not receive message over 60 seconds!
1743982719.459430: 135283-7f5bbbfff700: cdpl_farm.c:2173: in _schedule(): debug: idle
1743982751.518070: 135283-7f5bda7fc700: cdpl_compat_master.c:5971: in cdplMasterLogWarning(): warning: [non-CDPL log entry] PWDP: master does not receive message over 60 seconds!
1743982779.459563: 135283-7f5bbbfff700: cdpl_farm.c:2173: in _schedule(): debug: idle
1743982781.509728: 135283-7f5bda7fc700: cdpl_compat_master.c:5948: in cdplMasterLogInfo(): info: [non-CDPL log entry] PWDP: message receiver is alive.
1743982783.761763: 135283-7f5bd9ffb700: cdpl_compat_master.c:5948: in cdplMasterLogInfo(): info: [non-CDPL log entry] PWDP: master status watchdog is alive.
1743982805.764575: 135283-7f5c255c0540: cdpl_server.c:3008: in cdpl_sv_halt_job_errno(): info: killing job J1
1743982805.764591: 135283-7f5c255c0540: cdpl_server.c:3044: in cdpl_sv_halt_job_errno(): debug: signal bin B1 scheduler to stop
1743982805.764651: 135283-7f5bd8ff9700: cdpl_server_sched.c:2484: in _sv_scheduler_thread(): debug: scheduler for bin B1 stopped
1743982805.764710: 135283-7f5c255c0540: cdpl_server.c:294: in _sv_free_job(): info: freeing job J1
1743982805.764716: 135283-7f5c255c0540: cdpl_server.c:92: in _sv_free_bin(): debug: freeing bin B1
1743982805.764748: 135283-7f5c255c0540: cdpl_monitor.c:515: in cdpl_mn_kill(): info: killing monitor
1743982805.764831: 135283-7f5c255c0540: cdpl_ipc.c:3677: in cdpl_ipc_kill(): debug: stopping event server
1743982805.764846: 135283-7f5bdbfff700: cdpl_ipc.c:2460: in _epoll_main(): debug: server going down...
1743982805.764903: 135283-7f5be9b94700: cdpl_ipc.c:775: in _readv(): warning: read(): EOF
1743982805.764915: 135283-7f5be9b94700: cdpl_ipc.c:2100: in _epoll_recv(): debug: _readv(): Broken pipe
1743982805.764921: 135283-7f5be9b94700: cdpl_ipc.c:2424: in _epoll_main(): debug: _epoll_recv(): Broken pipe
1743982805.764924: 135283-7f5be9b94700: cdpl_ipc.c:1657: in _host_drop__UNSAFE(): debug: dropping host `152.14.142.25:39652'
1743982805.765006: 135283-7f5be9393700: cdpl_server_ipc.c:1236: in _sv_ipc_thread(): debug: received DROP notification
1743982805.765020: 135283-7f5be9393700: cdpl_monitor.c:1269: in cdpl_mn_drop(): debug: detaching from monitor `152.14.142.25:39652'
1743982805.765023: 135283-7f5be9393700: cdpl_monitor.c:1101: in mn_systat_stop(): debug: joining systat thread
1743982805.765038: 135283-7f5bdaffd700: cdpl_monitor.c:1079: in mn_systat(): debug: exiting
1743982805.765042: 135283-7f5be9393700: cdpl_monitor.c:1103: in mn_systat_stop(): debug: systat thread done
1743982805.765044: 135283-7f5be9393700: cdpl_ipc.c:2513: in cdpl_ipc_host_release(): debug: releasing host `152.14.142.25:39652'
1743982805.765066: 135283-7f5be8b92700: cdpl_ipc.c:3728: in cdpl_ipc_free(): debug: releasing IPC handle
1743982805.765071: 135283-7f5be8b92700: cdpl_ipc.c:1582: in _host_free__UNSAFE(): debug: freeing host `152.14.142.25:41151'
1743982805.765072: 135283-7f5be8b92700: cdpl_ipc.c:1621: in _host_free__UNSAFE(): debug: [0 outq, 0 spR, 0 spW]
1743982805.765078: 135283-7f5be8b92700: cdpl_ipc.c:3756: in cdpl_ipc_free(): warning: 1 host(s) were not released
1743982805.765085: 135283-7f5be8b92700: cdpl_ipc.c:3767: in cdpl_ipc_free(): debug: done
1743982805.765086: 135283-7f5be8b92700: cdpl_monitor.c:1390: in cdpl_mn_free(): debug: freeing monitor client
1743982805.765137: 135283-7f5c255c0540: cdpl_farm.c:2740: in cdpl_farm_free(): info: freeing farm
1743982805.765144: 135283-7f5bbbfff700: cdpl_farm.c:2231: in _schedule(): debug: end of idling
1743982805.765147: 135283-7f5bbbfff700: cdpl_farm.c:2235: in _schedule(): debug: dying
1743982805.765195: 135283-7f5c255c0540: cdpl_farm.c:913: in _killall(): debug: killing all remaining commands
1743982805.765205: 135283-7f5c255c0540: cdpl_server.c:3144: in cdpl_sv_free(): info: freeing server S912646903
1743982805.765214: 135283-7f5c255c0540: cdpl_server.c:3109: in cdpl_sv_kill_errno(): info: killing server
1743982805.765215: 135283-7f5c255c0540: cdpl_ipc.c:3677: in cdpl_ipc_kill(): debug: stopping event server
1743982805.765222: 135283-7f5be9b94700: cdpl_ipc.c:2460: in _epoll_main(): debug: server going down...
1743982805.765223: 135283-7f5be9393700: cdpl_server_ipc.c:1200: in _sv_ipc_thread(): debug: leaving now
1743982805.765228: 135283-7f5c255c0540: cdpl_server.c:334: in _sv_free_master(): info: freeing master M1
1743982805.765233: 135283-7f5c255c0540: cdpl_hash.c:68: in cdpl_h_destroy(): debug: put operations: 1
1743982805.765234: 135283-7f5c255c0540: cdpl_hash.c:69: in cdpl_h_destroy(): debug: put collisions: 0
1743982805.765235: 135283-7f5c255c0540: cdpl_hash.c:70: in cdpl_h_destroy(): debug: get operations: 0
1743982805.765236: 135283-7f5c255c0540: cdpl_hash.c:71: in cdpl_h_destroy(): debug: get iterations: 0
1743982805.765242: 135283-7f5c255c0540: cdpl_monitor.c:1390: in cdpl_mn_free(): debug: freeing monitor server
1743982805.765243: 135283-7f5c255c0540: cdpl_ipc.c:3728: in cdpl_ipc_free(): debug: releasing IPC handle
1743982805.765244: 135283-7f5c255c0540: cdpl_ipc.c:1582: in _host_free__UNSAFE(): debug: freeing host `152.14.142.25:39652'
1743982805.765245: 135283-7f5c255c0540: cdpl_ipc.c:1621: in _host_free__UNSAFE(): debug: [0 outq, 0 spR, 0 spW]
1743982805.765299: 135283-7f5c255c0540: cdpl_ipc.c:3767: in cdpl_ipc_free(): debug: done
1743982805.765305: 135283-7f5c255c0540: cdpl_log.c:481: in cdpl_log_close(): info: @@end_of_log@@
