[14:56:50.51] /o 
              /c                                    pw_worker™ 
              /c 
              /c                Version W-2024.09-SP1-2 for linux64 - Jan 15, 2025
              /c              Based on Custom Infrastructure
              /c Version W-2024.09-SP1-2
              /c 
              /c                     Copyright (c) 2004 - 2025 Synopsys, Inc.
              /c    This software and the associated documentation are proprietary to Synopsys,
              /c  Inc. This software may only be used in accordance with the terms and conditions
              /c  of a written license agreement with Synopsys, Inc. All other use, reproduction,
              /c    or distribution of this software is strictly prohibited.  Licensed Products
              /c      communicate with Synopsys servers for the purpose of providing software
              /c     updates, detecting software piracy and verifying that customers are using
              /c     Licensed Products in conformity with the applicable License Key for such
              /c   Licensed Products. Synopsys will use information gathered in connection with
              /c     this process to deliver software updates and pursue software pirates and
              /c                                    infringers.
              /c 
              /c  Inclusivity & Diversity - Visit SolvNetPlus to read the "Synopsys Statement on
              /c             Inclusivity and Diversity" (Refer to article 000036315 at
              /c                         https://solvnetplus.synopsys.com)
              /c 
              /c Build  (OPT) Config 11252589 compiled on Wed Jan 15 11:01:36 2025 for AlmaLinux 8.4
              /c Invocation: /mnt/apps/public/COE/synopsys_apps/primewave/W-2024.09-SP1-2/linux64/platform/bin/custom_shell -application pw_worker -gui 0 -localDir /mnt/coe/workspace/ece/ece546-spr25/group8/group8_project/synopsys_custom/pwdp_jobs/saeSession1_default.SimulationSimulation_cdpl.0.665518/logs/w1
              /c Execution time: Tue Mar 25 14:56:40 2025
              /c Host: hydra11.ece.ncsu.edu
              /c Working directory: /mnt/coe/workspace/ece/ece546-spr25/group8/group8_project
              /c 
[14:57:06.15] /m Information: Registering ICV PERC package...
[14:57:06.16] /w Warning: Error: "Job group named 'PrimeWave' already exists under this parent." (IPC-100)
[14:57:06.65] /o #####New Worker job begin - Self history dir=/mnt/coe/workspace/ece/ece546-spr25/group8/group8_project/simulation/group8,precharge_logic_tb,schematic
[14:57:07.06] /o source /mnt/coe/workspace/ece/ece546-spr25/group8/group8_project/synopsys_custom/pwdp_jobs/saeSession1_default.SimulationSimulation_cdpl.0.665518/ccFile.tcl OK
[14:57:07.06] /o LibDefs : /mnt/coe/workspace/ece/ece546-spr25/group8/group8_project/lib.defs
[14:57:07.17] /w Warning: In file /mnt/coe/workspace/ece/ece546-spr25/group8/group8_project/lib.defs: Unable to open library proj_common at path /mnt/coe/workspace/ece/ece546-common/proj_common : No access permission. (DATA_MANAGEMENT-014)
[14:57:07.50] /o new worker create session at loading state!
[14:57:07.50] /o history_1
[14:57:08.78] /o Loading: Callback files...
[14:57:08.81] /o Loading: scripts/callbacks/callbacks.tcl
[14:57:08.81] /o 
              /c [INFO] : Loading display.drf from /mnt/designkits/ncsu/FreePDK3/syncust/NCSU_TechLib_FreePDK3
              /c 
              /c  if you wish to Load other display.drf, please set shell environment valiable "iPDK_load_display_NCSU_TechLib_FreePDK3" to value = 0
[14:57:08.81] /o 
[14:57:08.89] /w Warning: Preference 'xtStarTcadGrdFile' is deprecated and scheduled for removal in a future release with no replacement. For migration assistance, see the Custom Compiler Tcl Reference Manual. (PREFERENCE-058)
[14:57:08.90] /w Warning: Preference 'xtStarOALayerMappingFile' is deprecated and scheduled for removal in a future release with no replacement. For migration assistance, see the Custom Compiler Tcl Reference Manual. (PREFERENCE-058)
[14:57:08.90] /o 	#######################################
[14:57:08.90] /o 	CC-PDK Library Name	: FreePDK3
[14:57:08.90] /o 	#######################################
[14:57:08.90] /o 
[14:57:09.38] /o source /mnt/coe/workspace/ece/ece546-spr25/group8/group8_project/simulation/group8,precharge_logic_tb,schematic/history_1/.nw_preference_script.tcl OK!
[14:57:09.38] /o DSPF Options: {hierDelim==|}||{termDelim==:}||{fingerChar==@}||{multiplierString==_nettran_}||{aggregateCurrent==1}||{MOSTermNames==d g s b}||{MOSTermOrder==D G S B}||{MOSTermDspfNames==DRC GATE SRC BULK}||{firstChars==XM}||{probeHierDelim==/}||{caseSensitive==1}||{firstChar==M}||{hierPrefix==X}||{nodePrefix==M}||{plotTermVoltageForNet==0}||{mapNetToMosTerminal==}||{mapSlashDelimToDot==1}||{probePortCurrent==1}||{busBit==[]}||{removeNodePrefix==1}||{nlConDelim==.}||{mosModelType==auto}||{keepSchName==0}
[14:57:09.38] /o _workerLoadStateAction done!
[14:57:09.44] /o _getSimulationDetails : 
[14:57:09.44] /o tbName=default, Mtb=0
[14:57:09.44] /o Got stb tb ok!
[14:57:09.44] /o Self resultsDir: ./simulation
[14:57:09.44] /o Self databaseDir: /mnt/coe/workspace/ece/ece546-spr25/group8/group8_project/simulation/group8,precharge_logic_tb,schematic/history_1/simulation/default/PrimeSimHSPICE/nominal/results
[14:57:09.49] /o source /mnt/apps/public/COE/synopsys_apps/primewave/W-2024.09-SP1-2/auxx/sae/matlab_script.tcl OK
[14:57:09.57] /o Nominal run.
[14:57:10.13] /o _createResultsMap done!
[14:57:10.17] /o New worker simulation done for nomial run.
[14:57:10.17] /o >>>resultsDir=/mnt/coe/workspace/ece/ece546-spr25/group8/group8_project/simulation/group8,precharge_logic_tb,schematic/history_1/simulation/default/PrimeSimHSPICE/nominal/results,masterResultsDir=/mnt/coe/workspace/ece/ece546-spr25/group8/group8_project/simulation/group8,precharge_logic_tb,schematic/history_1/simulation/default/PrimeSimHSPICE/nominal/results
[14:57:10.19] /m Information: Evaluating and plotting outputs...
[14:57:11.04] /o touch /mnt/coe/workspace/ece/ece546-spr25/group8/group8_project/simulation/group8,precharge_logic_tb,schematic/history_1/simulation/default/PrimeSimHSPICE/nominal/results/.unitedSimFinished
[14:57:11.08] /o touch /mnt/coe/workspace/ece/ece546-spr25/group8/group8_project/simulation/group8,precharge_logic_tb,schematic/history_1/simulation/default/PrimeSimHSPICE/nominal/results/.unitedSimFinished
[14:57:12.10] /o New worker simulation done for nomial run finished!
[14:57:12.10] /o _simulationDoneAction done without exception!
[14:57:12.11] /o touch pilot meas done flag file: /mnt/coe/workspace/ece/ece546-spr25/group8/group8_project/simulation/group8,precharge_logic_tb,schematic/history_1/simulation/default/PrimeSimHSPICE/nominal/results/.pw_nw_meas_done
[14:57:21.16] /o Shutdown time: Tue Mar 25 14:57:21 2025
[14:57:21.16] /o Elapsed session real time: 0.58 minutes
[14:57:21.16] /o Session terminated. Log is at /mnt/coe/workspace/ece/ece546-spr25/group8/group8_project/synopsys_custom/pwdp_jobs/saeSession1_default.SimulationSimulation_cdpl.0.665518/logs/w1/logs/pw_worker.hrajesh.2025_3_25_145640_666868.log
