   *** running Tcl script ... ***
   ***   -*- Tcl script done -*- ***
  -*- memory usage : 532.16MB -*-
  -*- CPU Time :     0.23s -*-
   *** running Tcl script ... ***
   ***   -*- Tcl script done -*- ***
  -*- memory usage : 532.16MB -*-
  -*- CPU Time :     0.24s -*-
   *** running Tcl script ... ***
   ***   -*- Tcl script done -*- ***
  -*- memory usage : 535.12MB -*-
  -*- CPU Time :     0.25s -*-
   *** running Tcl script ... ***
   ***   -*- Tcl script done -*- ***
  -*- memory usage : 535.12MB -*-
  -*- CPU Time :     0.26s -*-
   *** running Tcl script ... ***
   ***   -*- Tcl script done -*- ***
  -*- memory usage : 535.12MB -*-
  -*- CPU Time :     0.26s -*-
sx_set_data_directory {/mnt/coe/workspace/ece/ece546-spr25/group8/group8_project/simulation/group8,nor_row_3by8_tb,schematic/history_1/simulation/default/PrimeSimHSPICE/nominal/results}
   *** running Tcl script ... ***
   ***   -*- Tcl script done -*- ***
  -*- memory usage : 535.52MB -*-
  -*- CPU Time :     0.28s -*-
[15:21:05.960] I| Created new database /mnt/coe/workspace/ece/ece546-spr25/group8/group8_project/simulation/group8,nor_row_3by8_tb,schematic/history_1/simulation/default/PrimeSimHSPICE/nominal/results/post_results.db
[15:21:05.170] I| Setup simulation complete: 
    results directory: /mnt/coe/workspace/ece/ece546-spr25/group8/group8_project/simulation/group8,nor_row_3by8_tb,schematic/history_1/simulation/default/PrimeSimHSPICE/nominal/results 
    post database directory: /mnt/coe/workspace/ece/ece546-spr25/group8/group8_project/simulation/group8,nor_row_3by8_tb,schematic/history_1/simulation/default/PrimeSimHSPICE/nominal/results
   *** loading waveform file /mnt/coe/workspace/ece/ece546-spr25/group8/group8_project/simulation/group8,nor_row_3by8_tb,schematic/history_1/simulation/default/PrimeSimHSPICE/nominal/results/resultsMap.xml ... ***
   *** loading waveform file /mnt/coe/workspace/ece/ece546-spr25/group8/group8_project/simulation/group8,nor_row_3by8_tb,schematic/history_1/simulation/default/PrimeSimHSPICE/nominal/results/hspice_wdf.tr0 ... ***
   *** Loading waveform file finished ***
   *** Evaluating Equations... ***
Nominal: Start to call cckDBHandler to create handler
Nominal: Start to integrate database
Start to post process[15:21:07.360] I| Start generating post results database...
[15:21:07.360] I| Clear post result data in database.
[15:21:10.410] I| Create Post WDF File .../default/PrimeSimHSPICE/nominal/results/post1.wave
[15:21:10.520] I| Generate post results database complete.
