1743972854.766816: 53376-7f0e798c6540: cdpl_log.c:337: in cdpl_log_open(): info: @@start_of_log@@
1743972854.766845: 53376-7f0e798c6540: cdpl_log.c:1058: in cdpl_log_dump_sysinfo(): info: time: 2025/04/06 16:54:14 EDT -0400
1743972854.766847: 53376-7f0e798c6540: cdpl_log.c:1060: in cdpl_log_dump_sysinfo(): info: version: W-2024.09-SP1-2 
1743972854.766848: 53376-7f0e798c6540: cdpl_log.c:1062: in cdpl_log_dump_sysinfo(): info: system: Linux 4.18.0-553.47.1.el8_10.x86_64 #1 SMP Thu Mar 20 10:01:53 EDT 2025
1743972854.766850: 53376-7f0e798c6540: cdpl_log.c:1067: in cdpl_log_dump_sysinfo(): info: processor: x86_64 64-bits
1743972854.766850: 53376-7f0e798c6540: cdpl_log.c:1071: in cdpl_log_dump_sysinfo(): info: hostname: lib-41922.eos.ncsu.edu
1743972854.766852: 53376-7f0e798c6540: cdpl_log.c:1073: in cdpl_log_dump_sysinfo(): info: program name: custom_shell
1743972854.766854: 53376-7f0e798c6540: cdpl_log.c:340: in cdpl_log_open(): debug: path: /mnt/coe/workspace/ece/ece546-spr25/group8/group8_project/synopsys_custom/pwdp_jobs/saeSession4_HSPICEdefault.SimulationSimulation_cdpl.0.53376/logs/master.lib-41922.eos.ncsu.edu.53376.log
1743972854.766855: 53376-7f0e798c6540: cdpl_log.c:341: in cdpl_log_open(): debug: dir: /mnt/coe/workspace/ece/ece546-spr25/group8/group8_project/synopsys_custom/pwdp_jobs/saeSession4_HSPICEdefault.SimulationSimulation_cdpl.0.53376/logs
1743972854.766881: 53376-7f0e798c6540: cdpl_server.c:536: in cdpl_sv_init(): info: new server S943503238
1743972854.766888: 53376-7f0e798c6540: cdpl_ipc.c:3475: in cdpl_ipc_init(): info: requesting IPv4 protocol
1743972854.772594: 53376-7f0e798c6540: cdpl_ipc.c:837: in _selectaddrfamily(): info: selected IPv4 protocol
1743972854.772616: 53376-7f0e798c6540: cdpl_ipc.c:1139: in _set_keepalive(): info: TCP keep alive interval: 300
1743972854.777291: 53376-7f0e798c6540: cdpl_monitor.c:1117: in cdpl_mn_new_server(): info: creating server monitor instance
1743972854.777305: 53376-7f0e798c6540: cdpl_server.c:650: in cdpl_sv_new_master(): info: new master M1
1743972854.777313: 53376-7f0e798c6540: cdpl_server.c:6533: in cdpl_sv_ctl_master(): info: Setting worker heartbeat to 120 seconds
1743972854.777314: 53376-7f0e798c6540: cdpl_server.c:6542: in cdpl_sv_ctl_master(): info: Setting worker heartbeat timeout to 3 heartbeats
1743972854.777316: 53376-7f0e798c6540: cdpl_compat_master.c:2090: in _parse_hostfile(): info: reading hostfile `/mnt/coe/workspace/ece/ece546-spr25/group8/group8_project/synopsys_custom/pwdp_jobs/saeSession4_HSPICEdefault.SimulationSimulation_cdpl.0.53376/host_file'
1743972854.786634: 53376-7f0e798c6540: cdpl_compat_master.c:1900: in _hostfile_parser(): debug: parsing "1     |localhost|   -1  | /tmp | SH | sh"
1743972854.786666: 53376-7f0e798c6540: cdpl_farm.c:2578: in cdpl_farm_new_sh(): info: creating SH farm on localhost
1743972854.786674: 53376-7f0e798c6540: cdpl_compat_master.c:206: in _set_farm_env(): info: exporting CDPL_LOGDIR as `/mnt/coe/workspace/ece/ece546-spr25/group8/group8_project/synopsys_custom/pwdp_jobs/saeSession4_HSPICEdefault.SimulationSimulation_cdpl.0.53376/logs'
1743972854.786676: 53376-7f0e798c6540: cdpl_compat_master.c:212: in _set_farm_env(): info: exporting CDPL_TMPDIR as `/tmp'
1743972854.786678: 53376-7f0e798c6540: cdpl_compat_master.c:219: in _set_farm_env(): info: exporting CDPL_HOME as `/mnt/apps/public/COE/synopsys_apps/hspice/W-2024.09-SP1/hspice/cdpl'
1743972854.786680: 53376-7f0e798c6540: cdpl_compat_master.c:235: in _set_farm_env(): info: exporting SNPSLMD_LICENSE_FILE as `27000@ece-lic-35.ece.ncsu.edu'
1743972854.786681: 53376-7f0e798c6540: cdpl_compat_master.c:259: in _set_farm_env(): info: exporting CDPL_OPTIONS as `[nowlogs]'
1743972854.786682: 53376-7f0e798c6540: cdpl_compat_master.c:266: in _set_farm_env(): info: exporting DISPLAY as `unix:4939'
1743972854.786683: 53376-7f0e798c6540: cdpl_compat_master.c:274: in _set_farm_env(): info: exporting CDPL_HEARTBEAT as `120'
1743972854.786696: 53376-7f0e798c6540: cdpl_farm.c:3149: in cdpl_farm_add_withdir(): debug: added `localhost' (capacity: unlimited)
1743972854.786697: 53376-7f0e798c6540: cdpl_compat_parse.c:147: in parsefile(): debug: read `/mnt/coe/workspace/ece/ece546-spr25/group8/group8_project/synopsys_custom/pwdp_jobs/saeSession4_HSPICEdefault.SimulationSimulation_cdpl.0.53376/host_file', 2 lines
1743972854.786704: 53376-7f0e798c6540: cdpl_compat_master.c:2931: in cdplInitMaster(): info: bcast dir is `/mnt/coe/workspace/ece/ece546-spr25/group8/group8_project/synopsys_custom/pwdp_jobs/saeSession4_HSPICEdefault.SimulationSimulation_cdpl.0.53376/logs'
1743972854.793422: 53376-7f0e798c6540: cdpl_server.c:6433: in cdpl_sv_ctl_master(): info: farm worker timeout set to 300
1743972854.793425: 53376-7f0e798c6540: cdpl_server.c:6486: in cdpl_sv_ctl_master(): info: maximum number of task execution attempts set to 1
1743972854.793445: 53376-7f0e798c6540: cdpl_server.c:3195: in cdpl_sv_start(): debug: starting server
1743972854.793449: 53376-7f0e798c6540: cdpl_ipc.c:3632: in cdpl_ipc_start(): debug: starting IPC server 152.14.142.25:32865
1743972854.793596: 53376-7f0e3d698700: cdpl_server_ipc.c:1182: in _sv_ipc_thread(): debug: ready
1743972854.793678: 53376-7f0e3ce97700: cdpl_monitor.c:426: in cdpl_mn_init_client(): info: creating client monitor instance
1743972854.793686: 53376-7f0e3ce97700: cdpl_ipc.c:3475: in cdpl_ipc_init(): info: requesting IPv4 protocol
1743972854.797509: 53376-7f0e3ce97700: cdpl_ipc.c:837: in _selectaddrfamily(): info: selected IPv4 protocol
1743972854.797523: 53376-7f0e3ce97700: cdpl_ipc.c:1139: in _set_keepalive(): info: TCP keep alive interval: 300
1743972854.800303: 53376-7f0e3ce97700: cdpl_ipc.c:3632: in cdpl_ipc_start(): debug: starting IPC server 152.14.142.25:38731
1743972854.800459: 53376-7f0e3ce97700: cdpl_monitor.c:471: in cdpl_mn_init_client(): debug: incoming messages in /tmp/cdpl-monitor-YXPYcz
1743972854.800514: 53376-7f0e3ce97700: cdpl_monitor.c:533: in cdpl_mn_connect(): debug: connecting to 152.14.142.25:32865
1743972854.800531: 53376-7f0e3ce97700: cdpl_ipc.c:3789: in cdpl_ipc_connect(): info: connecting to 152.14.142.25:32865
1743972854.800614: 53376-7f0e3ce97700: cdpl_ipc.c:3860: in cdpl_ipc_connect(): info: connected as `152.14.142.25:38408'
1743972854.800624: 53376-7f0e3ce97700: cdpl_ipc.c:2503: in cdpl_ipc_host_accept(): debug: accepted host `152.14.142.25:32865'
1743972854.800655: 53376-7f0e3ce97700: cdpl_monitor.c:579: in cdpl_mn_connect(): debug: ok
1743972854.800658: 53376-7f0e3de99700: cdpl_ipc.c:1862: in _epoll_accept(): debug: new connection from `152.14.142.25:38408'
1743972854.800713: 53376-7f0e798c6540: cdpl_server.c:731: in cdpl_sv_new_job(): info: new job J1 in M1
1743972854.800733: 53376-7f0e3d698700: cdpl_server_ipc.c:1225: in _sv_ipc_thread(): debug: received ACCEPT notification
1743972854.800742: 53376-7f0e3d698700: cdpl_ipc.c:2503: in cdpl_ipc_host_accept(): debug: accepted host `152.14.142.25:38408'
1743972854.800744: 53376-7f0e798c6540: cdpl_compat_master.c:1581: in _add_worker(): info: new worker type 10, min:1, max:3, cmd:`/mnt/coe/workspace/ece/ece546-spr25/group8/group8_project/synopsys_custom/pwdp_jobs/saeSession4_HSPICEdefault.SimulationSimulation_cdpl.0.53376/START_WORKER pw_worker -i /mnt/coe/workspace/ece/ece546-spr25/group8/gro
1743972854.800748: 53376-7f0e3d698700: cdpl_server_ipc.c:1256: in _sv_ipc_thread(): debug: received MONITOR message
1743972854.800758: 53376-7f0e798c6540: cdpl_server.c:908: in cdpl_sv_new_bin_withfarm(): info: new bin B1 in J1
1743972854.800810: 53376-7f0e3d698700: cdpl_monitor.c:1207: in cdpl_mn_accept(): debug: accepted monitor `152.14.142.25:38408'
1743972854.800813: 53376-7f0e3d698700: cdpl_server_ipc_mon.c:120: in _globalLOCK(): debug: ENTERTING GLOBAL LOCK
1743972854.800814: 53376-7f0e3d698700: cdpl_server_ipc_mon.c:164: in _globalLOCK(): debug: global lock acquired
1743972854.800849: 53376-7f0e2effd700: cdpl_monitor.c:910: in mn_systat(): debug: started
1743972854.801002: 53376-7f0e2effd700: cdpl_monitor.c:937: in mn_systat(): debug: monitor server flush rate: 5
1743972854.832516: 53376-7f0e3d698700: cdpl_server_ipc_mon.c:210: in _globalUNLOCK(): debug: LEAVING GLOBAL LOCK
1743972855.126510: 53376-7f0e798c6540: cdpl_server.c:3249: in cdpl_sv_start_job(): info: starting job J1
1743972855.126527: 53376-7f0e798c6540: cdpl_server.c:62: in _sv_start_bin(): debug: starting bin B1 (min: 0, max: 3)
1743972855.126615: 53376-7f0e798c6540: cdpl_server.c:1893: in _sv_gen_task(): info: new task T0 in B1 (prio 0)
1743972855.126629: 53376-7f0e2cff9700: cdpl_server_sched.c:2482: in _sv_scheduler_thread(): debug: scheduler for bin B1 started
1743972855.126638: 53376-7f0e798c6540: cdpl_server.c:2698: in cdpl_sv_label_task_va(): info: setting task T0 label to "HSPICE_1|HSPICE"
1743972855.126667: 53376-7f0e2cff9700: cdpl_server_sched.c:2443: in _scheduler_run(): debug: will start a new worker
1743972855.126688: 53376-7f0e2cff9700: cdpl_farm.c:3977: in cdpl_farm_submit(): debug: 1 running processes
1743972855.126690: 53376-7f0e2cff9700: cdpl_farm.c:3985: in cdpl_farm_submit(): debug: new command C1 in bin B1 assigned to host `localhost'
1743972855.126823: 53376-7f0e2cff9700: cdpl_server_sched.c:705: in _sv_launch_worker(): info: started worker W1 (as C1) in bin B1
1743972855.126828: 53376-7f0e0ffff700: cdpl_farm.c:2139: in _schedule(): debug: started
1743972855.126834: 53376-7f0e0ffff700: cdpl_farm.c:2303: in _schedule(): debug: submitting command C1 in bin B1
1743972855.126845: 53376-7f0e0ffff700: cdpl_sh.c:49: in _sh_detached_submit(): info: SH : /mnt/coe/workspace/ece/ece546-spr25/group8/group8_project/synopsys_custom/pwdp_jobs/saeSession4_HSPICEdefault.SimulationSimulation_cdpl.0.53376/START_WORKER pw_worker -i /mnt/coe/workspace/ece/ece546-spr25/group8/group8_project/synopsys_custom/pwdp_jobs/saeSession4_HSPICEdefault.SimulationSimulation_cdpl.0.53376 -t 10000
1743972855.130058: 53376-7f0e0ffff700: cdpl_farm.c:2343: in _schedule(): debug: C1 in bin B1 running on slot 0
1743972855.130078: 53376-7f0e0ffff700: cdpl_farm.c:2167: in _schedule(): debug: idle
1743972855.369332: 53376-7f0e798c6540: cdpl_compat_master.c:5948: in cdplMasterLogInfo(): info: [non-CDPL log entry] PWDP3: reset pilot cache succeeded, pilot_key=saeSession4,1,HSPICE_default|&/mnt/coe/workspace/ece/ece546-spr25/group8/group8_project/simulation/group8,precharge_logic_tb,schematic/history_1/simulation/HSPICE_default/HSPICE/nominal/results
1743972855.430145: 53376-7f0e0ffff700: cdpl_farm.c:1193: in _onexit(): debug: C1 in bin B1 exited normally on slot 0
1743972856.104209: 53376-7f0e2dffb700: cdpl_compat_master.c:5948: in cdplMasterLogInfo(): info: [non-CDPL log entry] PWDP - no-workers started ok check start!
1743972857.059130: 53376-7f0e3de99700: cdpl_ipc.c:1862: in _epoll_accept(): debug: new connection from `152.14.142.25:38422'
1743972857.059154: 53376-7f0e3d698700: cdpl_server_ipc.c:1225: in _sv_ipc_thread(): debug: received ACCEPT notification
1743972857.059164: 53376-7f0e3d698700: cdpl_ipc.c:2503: in cdpl_ipc_host_accept(): debug: accepted host `152.14.142.25:38422'
1743972857.059239: 53376-7f0e3d698700: cdpl_server_ipc.c:1246: in _sv_ipc_thread(): debug: received HELLO message
1743972857.059241: 53376-7f0e3d698700: cdpl_server_ipc.c:430: in _sv_on_hello(): debug: looking up W1
1743972857.059244: 53376-7f0e3d698700: cdpl_server_ipc.c:540: in _sv_on_hello(): info: W1 is `152.14.142.25:38422'
1743972857.059245: 53376-7f0e3d698700: cdpl_server_ipc.c:541: in _sv_on_hello(): debug: hello W1 (B1)
1743972857.059247: 53376-7f0e3d698700: cdpl_server_ipc.c:542: in _sv_on_hello(): info: W1 log file is /dev/null
1743972857.059290: 53376-7f0e3d698700: cdpl_server_ipc.c:602: in _sv_on_hello(): info: up to 1 alive workers in B1
1743972857.059297: 53376-7f0e3d698700: cdpl_farm.c:878: in _release_cmd(): debug: freeing command C1 in bin B1
1743972857.059309: 53376-7f0e2cff9700: cdpl_server_sched.c:960: in _assign(): info: assigning task T0 to worker W1
1743972858.059500: 53376-7f0e3d698700: cdpl_server_ipc.c:312: in _sv_on_heartbeat(): debug: received HEARTBEAT from worker W1 at 152.14.142.25:38422
1743972859.683499: 53376-7f0e3d698700: cdpl_server_ipc.c:1268: in _sv_ipc_thread(): debug: received RELAY message
1743972859.683508: 53376-7f0e3d698700: cdpl_server_ipc.c:713: in _sv_on_relay(): debug: RELAY message from W1, size = 56
1743972859.683512: 53376-7f0e3d698700: cdpl_server_ipc.c:715: in _sv_on_relay(): debug: RELAY message from W1, content = 0$54211 lib-41922.eos.ncsu.edu 54233 RUNNING 1743972859
1743972859.868144: 53376-7f0e3ce97700: cdpl_monitor.c:533: in cdpl_mn_connect(): debug: connecting to 152.14.142.25:44453
1743972859.868150: 53376-7f0e3ce97700: cdpl_ipc.c:3789: in cdpl_ipc_connect(): info: connecting to 152.14.142.25:44453
1743972859.868249: 53376-7f0e3ce97700: cdpl_ipc.c:3860: in cdpl_ipc_connect(): info: connected as `152.14.142.25:49774'
1743972859.868255: 53376-7f0e3ce97700: cdpl_ipc.c:2503: in cdpl_ipc_host_accept(): debug: accepted host `152.14.142.25:44453'
1743972859.868257: 53376-7f0e3ce97700: cdpl_monitor.c:579: in cdpl_mn_connect(): debug: ok
1743972875.933872: 53376-7f0e3d698700: cdpl_server_ipc.c:1268: in _sv_ipc_thread(): debug: received RELAY message
1743972875.938060: 53376-7f0e3d698700: cdpl_server_ipc.c:713: in _sv_on_relay(): debug: RELAY message from W1, size = 48
1743972875.938063: 53376-7f0e3d698700: cdpl_server_ipc.c:715: in _sv_on_relay(): debug: RELAY message from W1, content = WORKERDU|1138,dc2isi00nfs.oit.ncsu.edu:/coe_nfs
1743972875.938206: 53376-7f0e3d698700: cdpl_server_ipc.c:1268: in _sv_ipc_thread(): debug: received RELAY message
1743972875.938211: 53376-7f0e3d698700: cdpl_server_ipc.c:713: in _sv_on_relay(): debug: RELAY message from W1, size = 206
1743972875.938212: 53376-7f0e3d698700: cdpl_server_ipc.c:715: in _sv_on_relay(): debug: RELAY message from W1, content = REQPILOT|saeSession4,1,HSPICE_default|&/mnt/coe/workspace/ece/ece546-spr25/group8/group8_project/simulation/group8,precharge_logic_tb,schematic/history_1/simulation/HSPICE_default/HSPICE/nominal/results|&0
1743972875.938280: 53376-7f0e2e7fc700: cdpl_compat_master.c:5948: in cdplMasterLogInfo(): info: [non-CDPL log entry] PWDP send back 'DOPILOT' to worker id:1 key: saeSession4,1,HSPICE_default|&/mnt/coe/workspace/ece/ece546-spr25/group8/group8_project/simulation/group8,precharge_logic_tb,schematic/history_1/simulation/HSPICE_default/HSPICE/nominal/results
1743972875.948736: 53376-7f0e2e7fc700: cdpl_compat_master.c:5948: in cdplMasterLogInfo(): info: [non-CDPL log entry] PWDP: set pilot doing!
1743972875.959980: 53376-7f0e3d698700: cdpl_server_ipc.c:1268: in _sv_ipc_thread(): debug: received RELAY message
1743972875.959991: 53376-7f0e3d698700: cdpl_server_ipc.c:713: in _sv_on_relay(): debug: RELAY message from W1, size = 202
1743972875.959993: 53376-7f0e3d698700: cdpl_server_ipc.c:715: in _sv_on_relay(): debug: RELAY message from W1, content = PILOTOK|saeSession4,1,HSPICE_default|&/mnt/coe/workspace/ece/ece546-spr25/group8/group8_project/simulation/group8,precharge_logic_tb,schematic/history_1/simulation/HSPICE_default/HSPICE/nominal/results
1743972875.960041: 53376-7f0e2e7fc700: cdpl_compat_master.c:5948: in cdplMasterLogInfo(): info: [non-CDPL log entry] PWDP: set pilot done!
1743972875.960084: 53376-7f0e3d698700: cdpl_server_ipc.c:1268: in _sv_ipc_thread(): debug: received RELAY message
1743972875.960085: 53376-7f0e3d698700: cdpl_server_ipc.c:713: in _sv_on_relay(): debug: RELAY message from W1, size = 18
1743972875.960086: 53376-7f0e3d698700: cdpl_server_ipc.c:715: in _sv_on_relay(): debug: RELAY message from W1, content = 0$- - - MEASDOING
1743972880.604855: 53376-7f0e3d698700: cdpl_server_ipc.c:1268: in _sv_ipc_thread(): debug: received RELAY message
1743972880.604866: 53376-7f0e3d698700: cdpl_server_ipc.c:713: in _sv_on_relay(): debug: RELAY message from W1, size = 68
1743972880.604869: 53376-7f0e3d698700: cdpl_server_ipc.c:715: in _sv_on_relay(): debug: RELAY message from W1, content = 0$54211 lib-41922.eos.ncsu.edu 54233 FINISHED 1743972859|1743972880
1743972880.625868: 53376-7f0e3d698700: cdpl_server_ipc.c:1268: in _sv_ipc_thread(): debug: received RELAY message
1743972880.625877: 53376-7f0e3d698700: cdpl_server_ipc.c:713: in _sv_on_relay(): debug: RELAY message from W1, size = 204
1743972880.625879: 53376-7f0e3d698700: cdpl_server_ipc.c:715: in _sv_on_relay(): debug: RELAY message from W1, content = PILOTDONE|saeSession4,1,HSPICE_default|&/mnt/coe/workspace/ece/ece546-spr25/group8/group8_project/simulation/group8,precharge_logic_tb,schematic/history_1/simulation/HSPICE_default/HSPICE/nominal/results
1743972880.625895: 53376-7f0e2e7fc700: cdpl_compat_master.c:5948: in cdplMasterLogInfo(): info: [non-CDPL log entry] saeSession4,1,HSPICE_default|&/mnt/coe/workspace/ece/ece546-spr25/group8/group8_project/simulation/group8,precharge_logic_tb,schematic/history_1/simulation/HSPICE_default/HSPICE/nominal/results PILOTDONE!
1743972880.657773: 53376-7f0e3d698700: cdpl_server_ipc.c:1251: in _sv_ipc_thread(): debug: received FINISH message
1743972880.657782: 53376-7f0e3d698700: cdpl_server_ipc.c:983: in _sv_on_finish(): info: worker W1 completed task T0
1743972880.657783: 53376-7f0e3d698700: cdpl_server_ipc.c:988: in _sv_on_finish(): debug: stat T0: utime=5100 stime=689
1743972880.657784: 53376-7f0e3d698700: cdpl_server_ipc.c:993: in _sv_on_finish(): debug: statm T0: vsize=3079912 rss=1061108 shared=519752 text=474784 data=734584
1743972880.667466: 53376-7f0e798c6540: cdpl_server.c:227: in _sv_free_task_safe(): debug: freeing task T0
1743972880.698374: 53376-7f0e3d698700: cdpl_server_ipc.c:1268: in _sv_ipc_thread(): debug: received RELAY message
1743972880.698380: 53376-7f0e3d698700: cdpl_server_ipc.c:713: in _sv_on_relay(): debug: RELAY message from W1, size = 47
1743972880.698381: 53376-7f0e3d698700: cdpl_server_ipc.c:715: in _sv_on_relay(): debug: RELAY message from W1, content = WORKERDU|180,dc2isi00nfs.oit.ncsu.edu:/coe_nfs
1743972887.308641: 53376-7f0e798c6540: cdpl_server.c:3008: in cdpl_sv_halt_job_errno(): info: killing job J1
1743972887.311617: 53376-7f0e798c6540: cdpl_server.c:3044: in cdpl_sv_halt_job_errno(): debug: signal bin B1 scheduler to stop
1743972887.311671: 53376-7f0e2cff9700: cdpl_server_sched.c:2484: in _sv_scheduler_thread(): debug: scheduler for bin B1 stopped
1743972887.311688: 53376-7f0e2cff9700: cdpl_ipc.c:1657: in _host_drop__UNSAFE(): debug: dropping host `152.14.142.25:38422'
1743972887.311712: 53376-7f0e2cff9700: cdpl_server_sched.c:2830: in _sv_drop_worker(): info: down to 0 alive workers in B1
1743972887.311718: 53376-7f0e2cff9700: cdpl_farm.c:4152: in cdpl_farm_dismiss(): debug: down to 0 running processes
1743972887.311724: 53376-7f0e2cff9700: cdpl_server_sched.c:121: in _free_worker_2(): debug: freeing worker W1
1743972887.311730: 53376-7f0e3d698700: cdpl_server_ipc.c:1236: in _sv_ipc_thread(): debug: received DROP notification
1743972887.311740: 53376-7f0e2cff9700: cdpl_ipc.c:2513: in cdpl_ipc_host_release(): debug: releasing host `152.14.142.25:38422'
1743972887.311742: 53376-7f0e2cff9700: cdpl_ipc.c:2529: in cdpl_ipc_host_release(): debug: scheduling for immediate release
1743972887.311753: 53376-7f0e798c6540: cdpl_server.c:294: in _sv_free_job(): info: freeing job J1
1743972887.311755: 53376-7f0e798c6540: cdpl_server.c:92: in _sv_free_bin(): debug: freeing bin B1
1743972887.311781: 53376-7f0e798c6540: cdpl_monitor.c:515: in cdpl_mn_kill(): info: killing monitor
1743972887.311798: 53376-7f0e798c6540: cdpl_ipc.c:3677: in cdpl_ipc_kill(): debug: stopping event server
1743972887.311808: 53376-7f0e2ffff700: cdpl_ipc.c:2460: in _epoll_main(): debug: server going down...
1743972887.311824: 53376-7f0e3de99700: cdpl_ipc.c:775: in _readv(): warning: read(): EOF
1743972887.311839: 53376-7f0e3de99700: cdpl_ipc.c:2100: in _epoll_recv(): debug: _readv(): Broken pipe
1743972887.311842: 53376-7f0e3de99700: cdpl_ipc.c:2424: in _epoll_main(): debug: _epoll_recv(): Broken pipe
1743972887.311845: 53376-7f0e3de99700: cdpl_ipc.c:1657: in _host_drop__UNSAFE(): debug: dropping host `152.14.142.25:38408'
1743972887.311870: 53376-7f0e3de99700: cdpl_ipc.c:1582: in _host_free__UNSAFE(): debug: freeing host `152.14.142.25:38422'
1743972887.311872: 53376-7f0e3de99700: cdpl_ipc.c:1621: in _host_free__UNSAFE(): debug: [0 outq, 0 spR, 0 spW]
1743972887.311877: 53376-7f0e3d698700: cdpl_server_ipc.c:1236: in _sv_ipc_thread(): debug: received DROP notification
1743972887.311884: 53376-7f0e3d698700: cdpl_monitor.c:1269: in cdpl_mn_drop(): debug: detaching from monitor `152.14.142.25:38408'
1743972887.311891: 53376-7f0e3d698700: cdpl_monitor.c:1101: in mn_systat_stop(): debug: joining systat thread
1743972887.311909: 53376-7f0e2effd700: cdpl_monitor.c:1079: in mn_systat(): debug: exiting
1743972887.311916: 53376-7f0e3d698700: cdpl_monitor.c:1103: in mn_systat_stop(): debug: systat thread done
1743972887.311918: 53376-7f0e3d698700: cdpl_ipc.c:2513: in cdpl_ipc_host_release(): debug: releasing host `152.14.142.25:38408'
1743972887.311985: 53376-7f0e3ce97700: cdpl_ipc.c:3728: in cdpl_ipc_free(): debug: releasing IPC handle
1743972887.311989: 53376-7f0e3ce97700: cdpl_ipc.c:1582: in _host_free__UNSAFE(): debug: freeing host `152.14.142.25:44453'
1743972887.311991: 53376-7f0e3ce97700: cdpl_ipc.c:1621: in _host_free__UNSAFE(): debug: [0 outq, 0 spR, 0 spW]
1743972887.311997: 53376-7f0e3ce97700: cdpl_ipc.c:1582: in _host_free__UNSAFE(): debug: freeing host `152.14.142.25:32865'
1743972887.311998: 53376-7f0e3ce97700: cdpl_ipc.c:1621: in _host_free__UNSAFE(): debug: [0 outq, 0 spR, 0 spW]
1743972887.312002: 53376-7f0e3ce97700: cdpl_ipc.c:3756: in cdpl_ipc_free(): warning: 2 host(s) were not released
1743972887.312008: 53376-7f0e3ce97700: cdpl_ipc.c:3767: in cdpl_ipc_free(): debug: done
1743972887.312009: 53376-7f0e3ce97700: cdpl_monitor.c:1390: in cdpl_mn_free(): debug: freeing monitor client
1743972887.312061: 53376-7f0e798c6540: cdpl_farm.c:2740: in cdpl_farm_free(): info: freeing farm
1743972887.312068: 53376-7f0e0ffff700: cdpl_farm.c:2231: in _schedule(): debug: end of idling
1743972887.312072: 53376-7f0e0ffff700: cdpl_farm.c:2235: in _schedule(): debug: dying
1743972887.312122: 53376-7f0e798c6540: cdpl_farm.c:913: in _killall(): debug: killing all remaining commands
1743972887.312130: 53376-7f0e798c6540: cdpl_server.c:3144: in cdpl_sv_free(): info: freeing server S943503238
1743972887.312139: 53376-7f0e798c6540: cdpl_server.c:3109: in cdpl_sv_kill_errno(): info: killing server
1743972887.312140: 53376-7f0e798c6540: cdpl_ipc.c:3677: in cdpl_ipc_kill(): debug: stopping event server
1743972887.312145: 53376-7f0e3de99700: cdpl_ipc.c:2460: in _epoll_main(): debug: server going down...
1743972887.312149: 53376-7f0e3d698700: cdpl_server_ipc.c:1200: in _sv_ipc_thread(): debug: leaving now
1743972887.312153: 53376-7f0e798c6540: cdpl_server.c:334: in _sv_free_master(): info: freeing master M1
1743972887.312157: 53376-7f0e798c6540: cdpl_hash.c:68: in cdpl_h_destroy(): debug: put operations: 1
1743972887.312158: 53376-7f0e798c6540: cdpl_hash.c:69: in cdpl_h_destroy(): debug: put collisions: 0
1743972887.312159: 53376-7f0e798c6540: cdpl_hash.c:70: in cdpl_h_destroy(): debug: get operations: 1
1743972887.312160: 53376-7f0e798c6540: cdpl_hash.c:71: in cdpl_h_destroy(): debug: get iterations: 1
1743972887.312164: 53376-7f0e798c6540: cdpl_monitor.c:1390: in cdpl_mn_free(): debug: freeing monitor server
1743972887.312165: 53376-7f0e798c6540: cdpl_ipc.c:3728: in cdpl_ipc_free(): debug: releasing IPC handle
1743972887.312167: 53376-7f0e798c6540: cdpl_ipc.c:1582: in _host_free__UNSAFE(): debug: freeing host `152.14.142.25:38408'
1743972887.312169: 53376-7f0e798c6540: cdpl_ipc.c:1621: in _host_free__UNSAFE(): debug: [0 outq, 0 spR, 0 spW]
1743972887.312177: 53376-7f0e798c6540: cdpl_ipc.c:3767: in cdpl_ipc_free(): debug: done
1743972887.312181: 53376-7f0e798c6540: cdpl_log.c:481: in cdpl_log_close(): info: @@end_of_log@@
