[18:37:33.93] /o 
              /c                                    pw_worker™ 
              /c 
              /c                Version W-2024.09-SP1-2 for linux64 - Jan 15, 2025
              /c              Based on Custom Infrastructure
              /c Version W-2024.09-SP1-2
              /c 
              /c                     Copyright (c) 2004 - 2025 Synopsys, Inc.
              /c    This software and the associated documentation are proprietary to Synopsys,
              /c  Inc. This software may only be used in accordance with the terms and conditions
              /c  of a written license agreement with Synopsys, Inc. All other use, reproduction,
              /c    or distribution of this software is strictly prohibited.  Licensed Products
              /c      communicate with Synopsys servers for the purpose of providing software
              /c     updates, detecting software piracy and verifying that customers are using
              /c     Licensed Products in conformity with the applicable License Key for such
              /c   Licensed Products. Synopsys will use information gathered in connection with
              /c     this process to deliver software updates and pursue software pirates and
              /c                                    infringers.
              /c 
              /c  Inclusivity & Diversity - Visit SolvNetPlus to read the "Synopsys Statement on
              /c             Inclusivity and Diversity" (Refer to article 000036315 at
              /c                         https://solvnetplus.synopsys.com)
              /c 
              /c Build  (OPT) Config 11252589 compiled on Wed Jan 15 11:01:36 2025 for AlmaLinux 8.4
              /c Invocation: /mnt/apps/public/COE/synopsys_apps/primewave/W-2024.09-SP1-2/linux64/platform/bin/custom_shell -application pw_worker -gui 0 -localDir /mnt/coe/workspace/ece/ece546-spr25/group8/group8_project/synopsys_custom/pwdp_jobs/saeSession1_default.SimulationSimulation_cdpl.1.3396608/logs/w1
              /c Execution time: Thu Mar 27 18:37:22 2025
              /c Host: grendel41.ece.ncsu.edu
              /c Working directory: /mnt/coe/workspace/ece/ece546-spr25/group8/group8_project
              /c 
[18:37:50.15] /m Information: Registering ICV PERC package...
[18:37:50.17] /w Warning: Error: "Job group named 'PrimeWave' already exists under this parent." (IPC-100)
[18:37:50.48] /o #####New Worker job begin - Self history dir=/mnt/coe/workspace/ece/ece546-spr25/group8/group8_project/simulation/group8,static_row_decoder_3by8,schematic
[18:37:50.84] /o source /mnt/coe/workspace/ece/ece546-spr25/group8/group8_project/synopsys_custom/pwdp_jobs/saeSession1_default.SimulationSimulation_cdpl.1.3396608/ccFile.tcl OK
[18:37:50.84] /o LibDefs : /mnt/coe/workspace/ece/ece546-spr25/group8/group8_project/lib.defs
[18:37:51.02] /w Warning: In file /mnt/coe/workspace/ece/ece546-spr25/group8/group8_project/lib.defs: Unable to open library proj_common at path /mnt/coe/workspace/ece/ece546-common/proj_common : No access permission. (DATA_MANAGEMENT-014)
[18:37:51.48] /o new worker create session at loading state!
[18:37:51.48] /o history_1
[18:37:52.73] /o Loading: Callback files...
[18:37:52.76] /o Loading: scripts/callbacks/callbacks.tcl
[18:37:52.76] /o 
              /c [INFO] : Loading display.drf from /mnt/designkits/ncsu/FreePDK3/syncust/NCSU_TechLib_FreePDK3
              /c 
              /c  if you wish to Load other display.drf, please set shell environment valiable "iPDK_load_display_NCSU_TechLib_FreePDK3" to value = 0
[18:37:52.76] /o 
[18:37:52.81] /w Warning: Preference 'xtStarTcadGrdFile' is deprecated and scheduled for removal in a future release with no replacement. For migration assistance, see the Custom Compiler Tcl Reference Manual. (PREFERENCE-058)
[18:37:52.82] /w Warning: Preference 'xtStarOALayerMappingFile' is deprecated and scheduled for removal in a future release with no replacement. For migration assistance, see the Custom Compiler Tcl Reference Manual. (PREFERENCE-058)
[18:37:52.82] /o 	#######################################
[18:37:52.82] /o 	CC-PDK Library Name	: FreePDK3
[18:37:52.82] /o 	#######################################
[18:37:52.82] /o 
[18:37:53.21] /o source /mnt/coe/workspace/ece/ece546-spr25/group8/group8_project/simulation/group8,static_row_decoder_3by8,schematic/history_1/.nw_preference_script.tcl OK!
[18:37:53.21] /o DSPF Options: {hierDelim==|}||{termDelim==:}||{fingerChar==@}||{multiplierString==_nettran_}||{aggregateCurrent==1}||{MOSTermNames==d g s b}||{MOSTermOrder==D G S B}||{MOSTermDspfNames==DRC GATE SRC BULK}||{firstChars==XM}||{probeHierDelim==/}||{caseSensitive==1}||{firstChar==M}||{hierPrefix==X}||{nodePrefix==M}||{plotTermVoltageForNet==0}||{mapNetToMosTerminal==}||{mapSlashDelimToDot==1}||{probePortCurrent==1}||{busBit==[]}||{removeNodePrefix==1}||{nlConDelim==.}||{mosModelType==auto}||{keepSchName==0}
[18:37:53.21] /o _workerLoadStateAction done!
[18:37:53.30] /o _getSimulationDetails : 
[18:37:53.30] /o tbName=default, Mtb=0
[18:37:53.30] /o Got stb tb ok!
[18:37:53.30] /o Self resultsDir: ./simulation
[18:37:53.30] /o Self databaseDir: /mnt/coe/workspace/ece/ece546-spr25/group8/group8_project/simulation/group8,static_row_decoder_3by8,schematic/history_1/simulation/default/PrimeSimHSPICE/nominal/results
[18:37:53.39] /o source /mnt/apps/public/COE/synopsys_apps/primewave/W-2024.09-SP1-2/auxx/sae/matlab_script.tcl OK
[18:37:53.44] /o Nominal run.
[18:37:54.62] /o _createResultsMap done!
[18:37:54.70] /o New worker simulation done for nomial run.
[18:37:54.70] /o >>>resultsDir=/mnt/coe/workspace/ece/ece546-spr25/group8/group8_project/simulation/group8,static_row_decoder_3by8,schematic/history_1/simulation/default/PrimeSimHSPICE/nominal/results,masterResultsDir=/mnt/coe/workspace/ece/ece546-spr25/group8/group8_project/simulation/group8,static_row_decoder_3by8,schematic/history_1/simulation/default/PrimeSimHSPICE/nominal/results
[18:37:54.75] /m Information: Evaluating and plotting outputs...
[18:37:56.91] /o touch /mnt/coe/workspace/ece/ece546-spr25/group8/group8_project/simulation/group8,static_row_decoder_3by8,schematic/history_1/simulation/default/PrimeSimHSPICE/nominal/results/.unitedSimFinished
[18:37:56.99] /o touch /mnt/coe/workspace/ece/ece546-spr25/group8/group8_project/simulation/group8,static_row_decoder_3by8,schematic/history_1/simulation/default/PrimeSimHSPICE/nominal/results/.unitedSimFinished
[18:37:59.37] /o New worker simulation done for nomial run finished!
[18:37:59.37] /o _simulationDoneAction done without exception!
[18:37:59.41] /o touch pilot meas done flag file: /mnt/coe/workspace/ece/ece546-spr25/group8/group8_project/simulation/group8,static_row_decoder_3by8,schematic/history_1/simulation/default/PrimeSimHSPICE/nominal/results/.pw_nw_meas_done
[18:38:09.76] /o Shutdown time: Thu Mar 27 18:38:09 2025
[18:38:09.76] /o Elapsed session real time: 0.66 minutes
[18:38:09.77] /o Session terminated. Log is at /mnt/coe/workspace/ece/ece546-spr25/group8/group8_project/synopsys_custom/pwdp_jobs/saeSession1_default.SimulationSimulation_cdpl.1.3396608/logs/w1/logs/pw_worker.svkolach.2025_3_27_183722_3400258.log
