1743975528.473612: 76578-7f182c335540: cdpl_log.c:337: in cdpl_log_open(): info: @@start_of_log@@
1743975528.473629: 76578-7f182c335540: cdpl_log.c:1058: in cdpl_log_dump_sysinfo(): info: time: 2025/04/06 17:38:48 EDT -0400
1743975528.473632: 76578-7f182c335540: cdpl_log.c:1060: in cdpl_log_dump_sysinfo(): info: version: W-2024.09-SP1-2 
1743975528.473633: 76578-7f182c335540: cdpl_log.c:1062: in cdpl_log_dump_sysinfo(): info: system: Linux 4.18.0-553.47.1.el8_10.x86_64 #1 SMP Thu Mar 20 10:01:53 EDT 2025
1743975528.473634: 76578-7f182c335540: cdpl_log.c:1067: in cdpl_log_dump_sysinfo(): info: processor: x86_64 64-bits
1743975528.473635: 76578-7f182c335540: cdpl_log.c:1071: in cdpl_log_dump_sysinfo(): info: hostname: lib-41922.eos.ncsu.edu
1743975528.473636: 76578-7f182c335540: cdpl_log.c:1073: in cdpl_log_dump_sysinfo(): info: program name: custom_shell
1743975528.473637: 76578-7f182c335540: cdpl_log.c:340: in cdpl_log_open(): debug: path: /mnt/coe/workspace/ece/ece546-spr25/group8/group8_project/synopsys_custom/pwdp_jobs/saeSession6_default.SimulationSimulation_cdpl.1.76578/logs/master.lib-41922.eos.ncsu.edu.76578.log
1743975528.473639: 76578-7f182c335540: cdpl_log.c:341: in cdpl_log_open(): debug: dir: /mnt/coe/workspace/ece/ece546-spr25/group8/group8_project/synopsys_custom/pwdp_jobs/saeSession6_default.SimulationSimulation_cdpl.1.76578/logs
1743975528.473643: 76578-7f182c335540: cdpl_server.c:536: in cdpl_sv_init(): info: new server S369958170
1743975528.473645: 76578-7f182c335540: cdpl_ipc.c:3475: in cdpl_ipc_init(): info: requesting IPv4 protocol
1743975528.478124: 76578-7f182c335540: cdpl_ipc.c:837: in _selectaddrfamily(): info: selected IPv4 protocol
1743975528.478155: 76578-7f182c335540: cdpl_ipc.c:1139: in _set_keepalive(): info: TCP keep alive interval: 300
1743975528.481278: 76578-7f182c335540: cdpl_monitor.c:1117: in cdpl_mn_new_server(): info: creating server monitor instance
1743975528.481293: 76578-7f182c335540: cdpl_server.c:650: in cdpl_sv_new_master(): info: new master M1
1743975528.481298: 76578-7f182c335540: cdpl_server.c:6533: in cdpl_sv_ctl_master(): info: Setting worker heartbeat to 120 seconds
1743975528.481299: 76578-7f182c335540: cdpl_server.c:6542: in cdpl_sv_ctl_master(): info: Setting worker heartbeat timeout to 3 heartbeats
1743975528.481301: 76578-7f182c335540: cdpl_compat_master.c:2090: in _parse_hostfile(): info: reading hostfile `/mnt/coe/workspace/ece/ece546-spr25/group8/group8_project/synopsys_custom/pwdp_jobs/saeSession6_default.SimulationSimulation_cdpl.1.76578/host_file'
1743975528.490669: 76578-7f182c335540: cdpl_compat_master.c:1900: in _hostfile_parser(): debug: parsing "1     |localhost|   -1  | /tmp | SH | sh"
1743975528.490681: 76578-7f182c335540: cdpl_farm.c:2578: in cdpl_farm_new_sh(): info: creating SH farm on localhost
1743975528.490686: 76578-7f182c335540: cdpl_compat_master.c:206: in _set_farm_env(): info: exporting CDPL_LOGDIR as `/mnt/coe/workspace/ece/ece546-spr25/group8/group8_project/synopsys_custom/pwdp_jobs/saeSession6_default.SimulationSimulation_cdpl.1.76578/logs'
1743975528.490688: 76578-7f182c335540: cdpl_compat_master.c:212: in _set_farm_env(): info: exporting CDPL_TMPDIR as `/tmp'
1743975528.490691: 76578-7f182c335540: cdpl_compat_master.c:219: in _set_farm_env(): info: exporting CDPL_HOME as `/mnt/apps/public/COE/synopsys_apps/hspice/W-2024.09-SP1/hspice/cdpl'
1743975528.490693: 76578-7f182c335540: cdpl_compat_master.c:235: in _set_farm_env(): info: exporting SNPSLMD_LICENSE_FILE as `27000@ece-lic-35.ece.ncsu.edu'
1743975528.490694: 76578-7f182c335540: cdpl_compat_master.c:259: in _set_farm_env(): info: exporting CDPL_OPTIONS as `[nowlogs]'
1743975528.490696: 76578-7f182c335540: cdpl_compat_master.c:266: in _set_farm_env(): info: exporting DISPLAY as `unix:5307'
1743975528.490697: 76578-7f182c335540: cdpl_compat_master.c:274: in _set_farm_env(): info: exporting CDPL_HEARTBEAT as `120'
1743975528.490710: 76578-7f182c335540: cdpl_farm.c:3149: in cdpl_farm_add_withdir(): debug: added `localhost' (capacity: unlimited)
1743975528.490711: 76578-7f182c335540: cdpl_compat_parse.c:147: in parsefile(): debug: read `/mnt/coe/workspace/ece/ece546-spr25/group8/group8_project/synopsys_custom/pwdp_jobs/saeSession6_default.SimulationSimulation_cdpl.1.76578/host_file', 2 lines
1743975528.490718: 76578-7f182c335540: cdpl_compat_master.c:2931: in cdplInitMaster(): info: bcast dir is `/mnt/coe/workspace/ece/ece546-spr25/group8/group8_project/synopsys_custom/pwdp_jobs/saeSession6_default.SimulationSimulation_cdpl.1.76578/logs'
1743975528.497460: 76578-7f182c335540: cdpl_server.c:6433: in cdpl_sv_ctl_master(): info: farm worker timeout set to 300
1743975528.497464: 76578-7f182c335540: cdpl_server.c:6486: in cdpl_sv_ctl_master(): info: maximum number of task execution attempts set to 1
1743975528.497469: 76578-7f182c335540: cdpl_server.c:3195: in cdpl_sv_start(): debug: starting server
1743975528.497470: 76578-7f182c335540: cdpl_ipc.c:3632: in cdpl_ipc_start(): debug: starting IPC server 152.14.142.25:42811
1743975528.497620: 76578-7f17f48c5700: cdpl_server_ipc.c:1182: in _sv_ipc_thread(): debug: ready
1743975528.497648: 76578-7f17d2ffd700: cdpl_monitor.c:426: in cdpl_mn_init_client(): info: creating client monitor instance
1743975528.497656: 76578-7f17d2ffd700: cdpl_ipc.c:3475: in cdpl_ipc_init(): info: requesting IPv4 protocol
1743975528.501655: 76578-7f17d2ffd700: cdpl_ipc.c:837: in _selectaddrfamily(): info: selected IPv4 protocol
1743975528.501689: 76578-7f17d2ffd700: cdpl_ipc.c:1139: in _set_keepalive(): info: TCP keep alive interval: 300
1743975528.506463: 76578-7f17d2ffd700: cdpl_ipc.c:3632: in cdpl_ipc_start(): debug: starting IPC server 152.14.142.25:35359
1743975528.506583: 76578-7f17d2ffd700: cdpl_monitor.c:471: in cdpl_mn_init_client(): debug: incoming messages in /tmp/cdpl-monitor-WfT7GA
1743975528.506639: 76578-7f17d2ffd700: cdpl_monitor.c:533: in cdpl_mn_connect(): debug: connecting to 152.14.142.25:42811
1743975528.506641: 76578-7f17d2ffd700: cdpl_ipc.c:3789: in cdpl_ipc_connect(): info: connecting to 152.14.142.25:42811
1743975528.506740: 76578-7f17d2ffd700: cdpl_ipc.c:3860: in cdpl_ipc_connect(): info: connected as `152.14.142.25:48798'
1743975528.506745: 76578-7f17d2ffd700: cdpl_ipc.c:2503: in cdpl_ipc_host_accept(): debug: accepted host `152.14.142.25:42811'
1743975528.506748: 76578-7f17d2ffd700: cdpl_monitor.c:579: in cdpl_mn_connect(): debug: ok
1743975528.506782: 76578-7f17e3fff700: cdpl_ipc.c:1862: in _epoll_accept(): debug: new connection from `152.14.142.25:48798'
1743975528.506799: 76578-7f182c335540: cdpl_server.c:731: in cdpl_sv_new_job(): info: new job J1 in M1
1743975528.506814: 76578-7f182c335540: cdpl_compat_master.c:1581: in _add_worker(): info: new worker type 10, min:1, max:3, cmd:`/mnt/coe/workspace/ece/ece546-spr25/group8/group8_project/synopsys_custom/pwdp_jobs/saeSession6_default.SimulationSimulation_cdpl.1.76578/START_WORKER pw_worker -i /mnt/coe/workspace/ece/ece546-spr25/group8/group8_pr
1743975528.506819: 76578-7f182c335540: cdpl_server.c:908: in cdpl_sv_new_bin_withfarm(): info: new bin B1 in J1
1743975528.506842: 76578-7f17f48c5700: cdpl_server_ipc.c:1225: in _sv_ipc_thread(): debug: received ACCEPT notification
1743975528.506850: 76578-7f17f48c5700: cdpl_ipc.c:2503: in cdpl_ipc_host_accept(): debug: accepted host `152.14.142.25:48798'
1743975528.506856: 76578-7f17f48c5700: cdpl_server_ipc.c:1256: in _sv_ipc_thread(): debug: received MONITOR message
1743975528.506928: 76578-7f17f48c5700: cdpl_monitor.c:1207: in cdpl_mn_accept(): debug: accepted monitor `152.14.142.25:48798'
1743975528.506930: 76578-7f17f48c5700: cdpl_server_ipc_mon.c:120: in _globalLOCK(): debug: ENTERTING GLOBAL LOCK
1743975528.506932: 76578-7f17f48c5700: cdpl_server_ipc_mon.c:164: in _globalLOCK(): debug: global lock acquired
1743975528.506971: 76578-7f17e1ffb700: cdpl_monitor.c:910: in mn_systat(): debug: started
1743975528.507096: 76578-7f17e1ffb700: cdpl_monitor.c:937: in mn_systat(): debug: monitor server flush rate: 5
1743975528.539888: 76578-7f17f48c5700: cdpl_server_ipc_mon.c:210: in _globalUNLOCK(): debug: LEAVING GLOBAL LOCK
1743975528.828471: 76578-7f182c335540: cdpl_server.c:3249: in cdpl_sv_start_job(): info: starting job J1
1743975528.828488: 76578-7f182c335540: cdpl_server.c:62: in _sv_start_bin(): debug: starting bin B1 (min: 0, max: 3)
1743975528.828654: 76578-7f17d3fff700: cdpl_server_sched.c:2482: in _sv_scheduler_thread(): debug: scheduler for bin B1 started
1743975528.828662: 76578-7f182c335540: cdpl_server.c:1893: in _sv_gen_task(): info: new task T0 in B1 (prio 0)
1743975528.828668: 76578-7f182c335540: cdpl_server.c:2698: in cdpl_sv_label_task_va(): info: setting task T0 label to "HSPICE_2|HSPICE"
1743975528.828672: 76578-7f17d3fff700: cdpl_server_sched.c:2443: in _scheduler_run(): debug: will start a new worker
1743975528.828678: 76578-7f17d3fff700: cdpl_farm.c:3977: in cdpl_farm_submit(): debug: 1 running processes
1743975528.828680: 76578-7f17d3fff700: cdpl_farm.c:3985: in cdpl_farm_submit(): debug: new command C1 in bin B1 assigned to host `localhost'
1743975528.828718: 76578-7f17d3fff700: cdpl_server_sched.c:705: in _sv_launch_worker(): info: started worker W1 (as C1) in bin B1
1743975528.828725: 76578-7f17d37fe700: cdpl_farm.c:2139: in _schedule(): debug: started
1743975528.828730: 76578-7f17d37fe700: cdpl_farm.c:2303: in _schedule(): debug: submitting command C1 in bin B1
1743975528.828733: 76578-7f17d37fe700: cdpl_sh.c:49: in _sh_detached_submit(): info: SH : /mnt/coe/workspace/ece/ece546-spr25/group8/group8_project/synopsys_custom/pwdp_jobs/saeSession6_default.SimulationSimulation_cdpl.1.76578/START_WORKER pw_worker -i /mnt/coe/workspace/ece/ece546-spr25/group8/group8_project/synopsys_custom/pwdp_jobs/saeSession6_default.SimulationSimulation_cdpl.1.76578 -t 10000
1743975528.831470: 76578-7f17d37fe700: cdpl_farm.c:2343: in _schedule(): debug: C1 in bin B1 running on slot 0
1743975528.831484: 76578-7f17d37fe700: cdpl_farm.c:2167: in _schedule(): debug: idle
1743975529.094082: 76578-7f182c335540: cdpl_compat_master.c:5948: in cdplMasterLogInfo(): info: [non-CDPL log entry] PWDP3: reset pilot cache succeeded, pilot_key=saeSession6,1,default|&/mnt/coe/workspace/ece/ece546-spr25/group8/group8_project/simulation/group8,memory_array_tb,schematic/history_1/simulation/default/PrimeSimHSPICE/nominal/results
1743975529.131551: 76578-7f17d37fe700: cdpl_farm.c:1193: in _onexit(): debug: C1 in bin B1 exited normally on slot 0
1743975529.809874: 76578-7f17e17fa700: cdpl_compat_master.c:5948: in cdplMasterLogInfo(): info: [non-CDPL log entry] PWDP - no-workers started ok check start!
1743975530.904326: 76578-7f17e3fff700: cdpl_ipc.c:1862: in _epoll_accept(): debug: new connection from `152.14.142.25:48806'
1743975530.904365: 76578-7f17f48c5700: cdpl_server_ipc.c:1225: in _sv_ipc_thread(): debug: received ACCEPT notification
1743975530.904372: 76578-7f17f48c5700: cdpl_ipc.c:2503: in cdpl_ipc_host_accept(): debug: accepted host `152.14.142.25:48806'
1743975530.904458: 76578-7f17f48c5700: cdpl_server_ipc.c:1246: in _sv_ipc_thread(): debug: received HELLO message
1743975530.904459: 76578-7f17f48c5700: cdpl_server_ipc.c:430: in _sv_on_hello(): debug: looking up W1
1743975530.904461: 76578-7f17f48c5700: cdpl_server_ipc.c:540: in _sv_on_hello(): info: W1 is `152.14.142.25:48806'
1743975530.904462: 76578-7f17f48c5700: cdpl_server_ipc.c:541: in _sv_on_hello(): debug: hello W1 (B1)
1743975530.904463: 76578-7f17f48c5700: cdpl_server_ipc.c:542: in _sv_on_hello(): info: W1 log file is /dev/null
1743975530.904470: 76578-7f17f48c5700: cdpl_server_ipc.c:602: in _sv_on_hello(): info: up to 1 alive workers in B1
1743975530.904473: 76578-7f17f48c5700: cdpl_farm.c:878: in _release_cmd(): debug: freeing command C1 in bin B1
1743975530.904501: 76578-7f17d3fff700: cdpl_server_sched.c:960: in _assign(): info: assigning task T0 to worker W1
1743975531.904645: 76578-7f17f48c5700: cdpl_server_ipc.c:312: in _sv_on_heartbeat(): debug: received HEARTBEAT from worker W1 at 152.14.142.25:48806
1743975533.575554: 76578-7f17d2ffd700: cdpl_monitor.c:533: in cdpl_mn_connect(): debug: connecting to 152.14.142.25:38959
1743975533.575561: 76578-7f17d2ffd700: cdpl_ipc.c:3789: in cdpl_ipc_connect(): info: connecting to 152.14.142.25:38959
1743975533.575651: 76578-7f17d2ffd700: cdpl_ipc.c:3860: in cdpl_ipc_connect(): info: connected as `152.14.142.25:58610'
1743975533.575657: 76578-7f17d2ffd700: cdpl_ipc.c:2503: in cdpl_ipc_host_accept(): debug: accepted host `152.14.142.25:38959'
1743975533.575659: 76578-7f17d2ffd700: cdpl_monitor.c:579: in cdpl_mn_connect(): debug: ok
1743975533.625519: 76578-7f17f48c5700: cdpl_server_ipc.c:1268: in _sv_ipc_thread(): debug: received RELAY message
1743975533.652368: 76578-7f17f48c5700: cdpl_server_ipc.c:713: in _sv_on_relay(): debug: RELAY message from W1, size = 56
1743975533.652371: 76578-7f17f48c5700: cdpl_server_ipc.c:715: in _sv_on_relay(): debug: RELAY message from W1, content = 0$79456 lib-41922.eos.ncsu.edu 79479 RUNNING 1743975533
1743975552.050626: 76578-7f17f48c5700: cdpl_server_ipc.c:1268: in _sv_ipc_thread(): debug: received RELAY message
1743975552.053418: 76578-7f17f48c5700: cdpl_server_ipc.c:713: in _sv_on_relay(): debug: RELAY message from W1, size = 48
1743975552.053421: 76578-7f17f48c5700: cdpl_server_ipc.c:715: in _sv_on_relay(): debug: RELAY message from W1, content = WORKERDU|1251,dc2isi00nfs.oit.ncsu.edu:/coe_nfs
1743975552.053581: 76578-7f17f48c5700: cdpl_server_ipc.c:1268: in _sv_ipc_thread(): debug: received RELAY message
1743975552.053588: 76578-7f17f48c5700: cdpl_server_ipc.c:713: in _sv_on_relay(): debug: RELAY message from W1, size = 197
1743975552.053590: 76578-7f17f48c5700: cdpl_server_ipc.c:715: in _sv_on_relay(): debug: RELAY message from W1, content = REQPILOT|saeSession6,1,default|&/mnt/coe/workspace/ece/ece546-spr25/group8/group8_project/simulation/group8,memory_array_tb,schematic/history_1/simulation/default/PrimeSimHSPICE/nominal/results|&0
1743975552.053605: 76578-7f17e27fc700: cdpl_compat_master.c:5948: in cdplMasterLogInfo(): info: [non-CDPL log entry] PWDP send back 'DOPILOT' to worker id:1 key: saeSession6,1,default|&/mnt/coe/workspace/ece/ece546-spr25/group8/group8_project/simulation/group8,memory_array_tb,schematic/history_1/simulation/default/PrimeSimHSPICE/nominal/results
1743975552.064028: 76578-7f17e27fc700: cdpl_compat_master.c:5948: in cdplMasterLogInfo(): info: [non-CDPL log entry] PWDP: set pilot doing!
1743975552.074758: 76578-7f17f48c5700: cdpl_server_ipc.c:1268: in _sv_ipc_thread(): debug: received RELAY message
1743975552.074763: 76578-7f17f48c5700: cdpl_server_ipc.c:713: in _sv_on_relay(): debug: RELAY message from W1, size = 193
1743975552.074765: 76578-7f17f48c5700: cdpl_server_ipc.c:715: in _sv_on_relay(): debug: RELAY message from W1, content = PILOTOK|saeSession6,1,default|&/mnt/coe/workspace/ece/ece546-spr25/group8/group8_project/simulation/group8,memory_array_tb,schematic/history_1/simulation/default/PrimeSimHSPICE/nominal/results
1743975552.074773: 76578-7f17e27fc700: cdpl_compat_master.c:5948: in cdplMasterLogInfo(): info: [non-CDPL log entry] PWDP: set pilot done!
1743975552.074854: 76578-7f17f48c5700: cdpl_server_ipc.c:1268: in _sv_ipc_thread(): debug: received RELAY message
1743975552.074855: 76578-7f17f48c5700: cdpl_server_ipc.c:713: in _sv_on_relay(): debug: RELAY message from W1, size = 18
1743975552.074856: 76578-7f17f48c5700: cdpl_server_ipc.c:715: in _sv_on_relay(): debug: RELAY message from W1, content = 0$- - - MEASDOING
1743975559.703838: 76578-7f17f48c5700: cdpl_server_ipc.c:1268: in _sv_ipc_thread(): debug: received RELAY message
1743975559.706886: 76578-7f17f48c5700: cdpl_server_ipc.c:713: in _sv_on_relay(): debug: RELAY message from W1, size = 68
1743975559.706890: 76578-7f17f48c5700: cdpl_server_ipc.c:715: in _sv_on_relay(): debug: RELAY message from W1, content = 0$79456 lib-41922.eos.ncsu.edu 79479 FINISHED 1743975533|1743975559
1743975559.725264: 76578-7f17f48c5700: cdpl_server_ipc.c:1268: in _sv_ipc_thread(): debug: received RELAY message
1743975559.725273: 76578-7f17f48c5700: cdpl_server_ipc.c:713: in _sv_on_relay(): debug: RELAY message from W1, size = 195
1743975559.725275: 76578-7f17f48c5700: cdpl_server_ipc.c:715: in _sv_on_relay(): debug: RELAY message from W1, content = PILOTDONE|saeSession6,1,default|&/mnt/coe/workspace/ece/ece546-spr25/group8/group8_project/simulation/group8,memory_array_tb,schematic/history_1/simulation/default/PrimeSimHSPICE/nominal/results
1743975559.725291: 76578-7f17e27fc700: cdpl_compat_master.c:5948: in cdplMasterLogInfo(): info: [non-CDPL log entry] saeSession6,1,default|&/mnt/coe/workspace/ece/ece546-spr25/group8/group8_project/simulation/group8,memory_array_tb,schematic/history_1/simulation/default/PrimeSimHSPICE/nominal/results PILOTDONE!
1743975559.757792: 76578-7f17f48c5700: cdpl_server_ipc.c:1251: in _sv_ipc_thread(): debug: received FINISH message
1743975559.757799: 76578-7f17f48c5700: cdpl_server_ipc.c:983: in _sv_on_finish(): info: worker W1 completed task T0
1743975559.757800: 76578-7f17f48c5700: cdpl_server_ipc.c:988: in _sv_on_finish(): debug: stat T0: utime=6862 stime=740
1743975559.757801: 76578-7f17f48c5700: cdpl_server_ipc.c:993: in _sv_on_finish(): debug: statm T0: vsize=3080044 rss=1062592 shared=519600 text=474784 data=734256
1743975559.766836: 76578-7f182c335540: cdpl_server.c:227: in _sv_free_task_safe(): debug: freeing task T0
1743975559.804770: 76578-7f17f48c5700: cdpl_server_ipc.c:1268: in _sv_ipc_thread(): debug: received RELAY message
1743975559.804782: 76578-7f17f48c5700: cdpl_server_ipc.c:713: in _sv_on_relay(): debug: RELAY message from W1, size = 47
1743975559.804784: 76578-7f17f48c5700: cdpl_server_ipc.c:715: in _sv_on_relay(): debug: RELAY message from W1, content = WORKERDU|132,dc2isi00nfs.oit.ncsu.edu:/coe_nfs
1743975567.515270: 76578-7f182c335540: cdpl_server.c:3008: in cdpl_sv_halt_job_errno(): info: killing job J1
1743975567.515317: 76578-7f182c335540: cdpl_server.c:3044: in cdpl_sv_halt_job_errno(): debug: signal bin B1 scheduler to stop
1743975567.515337: 76578-7f17d3fff700: cdpl_server_sched.c:2484: in _sv_scheduler_thread(): debug: scheduler for bin B1 stopped
1743975567.515358: 76578-7f17d3fff700: cdpl_ipc.c:1657: in _host_drop__UNSAFE(): debug: dropping host `152.14.142.25:48806'
1743975567.515376: 76578-7f17d3fff700: cdpl_server_sched.c:2830: in _sv_drop_worker(): info: down to 0 alive workers in B1
1743975567.515378: 76578-7f17d3fff700: cdpl_farm.c:4152: in cdpl_farm_dismiss(): debug: down to 0 running processes
1743975567.515381: 76578-7f17f48c5700: cdpl_server_ipc.c:1236: in _sv_ipc_thread(): debug: received DROP notification
1743975567.515408: 76578-7f17d3fff700: cdpl_server_sched.c:121: in _free_worker_2(): debug: freeing worker W1
1743975567.515410: 76578-7f17d3fff700: cdpl_ipc.c:2513: in cdpl_ipc_host_release(): debug: releasing host `152.14.142.25:48806'
1743975567.515411: 76578-7f17d3fff700: cdpl_ipc.c:2529: in cdpl_ipc_host_release(): debug: scheduling for immediate release
1743975567.515496: 76578-7f182c335540: cdpl_server.c:294: in _sv_free_job(): info: freeing job J1
1743975567.515501: 76578-7f182c335540: cdpl_server.c:92: in _sv_free_bin(): debug: freeing bin B1
1743975567.515507: 76578-7f182c335540: cdpl_monitor.c:515: in cdpl_mn_kill(): info: killing monitor
1743975567.515513: 76578-7f182c335540: cdpl_ipc.c:3677: in cdpl_ipc_kill(): debug: stopping event server
1743975567.515525: 76578-7f17e37fe700: cdpl_ipc.c:2460: in _epoll_main(): debug: server going down...
1743975567.515537: 76578-7f17e3fff700: cdpl_ipc.c:775: in _readv(): warning: read(): EOF
1743975567.515545: 76578-7f17e3fff700: cdpl_ipc.c:2100: in _epoll_recv(): debug: _readv(): Broken pipe
1743975567.515547: 76578-7f17e3fff700: cdpl_ipc.c:2424: in _epoll_main(): debug: _epoll_recv(): Broken pipe
1743975567.515548: 76578-7f17e3fff700: cdpl_ipc.c:1657: in _host_drop__UNSAFE(): debug: dropping host `152.14.142.25:48798'
1743975567.515567: 76578-7f17e3fff700: cdpl_ipc.c:1582: in _host_free__UNSAFE(): debug: freeing host `152.14.142.25:48806'
1743975567.515568: 76578-7f17e3fff700: cdpl_ipc.c:1621: in _host_free__UNSAFE(): debug: [0 outq, 0 spR, 0 spW]
1743975567.515573: 76578-7f17f48c5700: cdpl_server_ipc.c:1236: in _sv_ipc_thread(): debug: received DROP notification
1743975567.515575: 76578-7f17f48c5700: cdpl_monitor.c:1269: in cdpl_mn_drop(): debug: detaching from monitor `152.14.142.25:48798'
1743975567.515580: 76578-7f17f48c5700: cdpl_monitor.c:1101: in mn_systat_stop(): debug: joining systat thread
1743975567.515588: 76578-7f17e1ffb700: cdpl_monitor.c:1079: in mn_systat(): debug: exiting
1743975567.515594: 76578-7f17f48c5700: cdpl_monitor.c:1103: in mn_systat_stop(): debug: systat thread done
1743975567.515596: 76578-7f17f48c5700: cdpl_ipc.c:2513: in cdpl_ipc_host_release(): debug: releasing host `152.14.142.25:48798'
1743975567.515682: 76578-7f17d2ffd700: cdpl_ipc.c:3728: in cdpl_ipc_free(): debug: releasing IPC handle
1743975567.515686: 76578-7f17d2ffd700: cdpl_ipc.c:1582: in _host_free__UNSAFE(): debug: freeing host `152.14.142.25:38959'
1743975567.515688: 76578-7f17d2ffd700: cdpl_ipc.c:1621: in _host_free__UNSAFE(): debug: [0 outq, 0 spR, 0 spW]
1743975567.515694: 76578-7f17d2ffd700: cdpl_ipc.c:1582: in _host_free__UNSAFE(): debug: freeing host `152.14.142.25:42811'
1743975567.515695: 76578-7f17d2ffd700: cdpl_ipc.c:1621: in _host_free__UNSAFE(): debug: [0 outq, 0 spR, 0 spW]
1743975567.515698: 76578-7f17d2ffd700: cdpl_ipc.c:3756: in cdpl_ipc_free(): warning: 2 host(s) were not released
1743975567.515701: 76578-7f17d2ffd700: cdpl_ipc.c:3767: in cdpl_ipc_free(): debug: done
1743975567.515702: 76578-7f17d2ffd700: cdpl_monitor.c:1390: in cdpl_mn_free(): debug: freeing monitor client
1743975567.515735: 76578-7f182c335540: cdpl_farm.c:2740: in cdpl_farm_free(): info: freeing farm
1743975567.515742: 76578-7f17d37fe700: cdpl_farm.c:2231: in _schedule(): debug: end of idling
1743975567.515743: 76578-7f17d37fe700: cdpl_farm.c:2235: in _schedule(): debug: dying
1743975567.515768: 76578-7f182c335540: cdpl_farm.c:913: in _killall(): debug: killing all remaining commands
1743975567.515771: 76578-7f182c335540: cdpl_server.c:3144: in cdpl_sv_free(): info: freeing server S369958170
1743975567.515772: 76578-7f182c335540: cdpl_server.c:3109: in cdpl_sv_kill_errno(): info: killing server
1743975567.515773: 76578-7f182c335540: cdpl_ipc.c:3677: in cdpl_ipc_kill(): debug: stopping event server
1743975567.515777: 76578-7f17e3fff700: cdpl_ipc.c:2460: in _epoll_main(): debug: server going down...
1743975567.515779: 76578-7f17f48c5700: cdpl_server_ipc.c:1200: in _sv_ipc_thread(): debug: leaving now
1743975567.515785: 76578-7f182c335540: cdpl_server.c:334: in _sv_free_master(): info: freeing master M1
1743975567.515787: 76578-7f182c335540: cdpl_hash.c:68: in cdpl_h_destroy(): debug: put operations: 1
1743975567.515788: 76578-7f182c335540: cdpl_hash.c:69: in cdpl_h_destroy(): debug: put collisions: 0
1743975567.515788: 76578-7f182c335540: cdpl_hash.c:70: in cdpl_h_destroy(): debug: get operations: 1
1743975567.515789: 76578-7f182c335540: cdpl_hash.c:71: in cdpl_h_destroy(): debug: get iterations: 1
1743975567.515791: 76578-7f182c335540: cdpl_monitor.c:1390: in cdpl_mn_free(): debug: freeing monitor server
1743975567.515792: 76578-7f182c335540: cdpl_ipc.c:3728: in cdpl_ipc_free(): debug: releasing IPC handle
1743975567.515793: 76578-7f182c335540: cdpl_ipc.c:1582: in _host_free__UNSAFE(): debug: freeing host `152.14.142.25:48798'
1743975567.515794: 76578-7f182c335540: cdpl_ipc.c:1621: in _host_free__UNSAFE(): debug: [0 outq, 0 spR, 0 spW]
1743975567.515806: 76578-7f182c335540: cdpl_ipc.c:3767: in cdpl_ipc_free(): debug: done
1743975567.515807: 76578-7f182c335540: cdpl_log.c:481: in cdpl_log_close(): info: @@end_of_log@@
