[15:26:29.28] /o 
              /c                                    pw_worker™ 
              /c 
              /c                Version W-2024.09-SP1-2 for linux64 - Jan 15, 2025
              /c              Based on Custom Infrastructure
              /c Version W-2024.09-SP1-2
              /c 
              /c                     Copyright (c) 2004 - 2025 Synopsys, Inc.
              /c    This software and the associated documentation are proprietary to Synopsys,
              /c  Inc. This software may only be used in accordance with the terms and conditions
              /c  of a written license agreement with Synopsys, Inc. All other use, reproduction,
              /c    or distribution of this software is strictly prohibited.  Licensed Products
              /c      communicate with Synopsys servers for the purpose of providing software
              /c     updates, detecting software piracy and verifying that customers are using
              /c     Licensed Products in conformity with the applicable License Key for such
              /c   Licensed Products. Synopsys will use information gathered in connection with
              /c     this process to deliver software updates and pursue software pirates and
              /c                                    infringers.
              /c 
              /c  Inclusivity & Diversity - Visit SolvNetPlus to read the "Synopsys Statement on
              /c             Inclusivity and Diversity" (Refer to article 000036315 at
              /c                         https://solvnetplus.synopsys.com)
              /c 
              /c Build  (OPT) Config 11252589 compiled on Wed Jan 15 11:01:36 2025 for AlmaLinux 8.4
              /c Invocation: /mnt/apps/public/COE/synopsys_apps/primewave/W-2024.09-SP1-2/linux64/platform/bin/custom_shell -application pw_worker -gui 0 -localDir /mnt/coe/workspace/ece/ece546-spr25/group8/group8_project/synopsys_custom/pwdp_jobs/saeSession4_default.SimulationSimulation_cdpl.0.76251/logs/w1
              /c Execution time: Thu Apr  3 15:26:24 2025
              /c Host: viper.ece.ncsu.edu
              /c Working directory: /mnt/coe/workspace/ece/ece546-spr25/group8/group8_project
              /c 
[15:26:38.77] /m Information: Registering ICV PERC package...
[15:26:38.81] /w Warning: Error: "Job group named 'PrimeWave' already exists under this parent." (IPC-100)
[15:26:39.66] /o #####New Worker job begin - Self history dir=/mnt/coe/workspace/ece/ece546-spr25/group8/group8_project/simulation/group8,SRAM_8x4_array_dummy,schematic
[15:26:40.13] /o source /mnt/coe/workspace/ece/ece546-spr25/group8/group8_project/synopsys_custom/pwdp_jobs/saeSession4_default.SimulationSimulation_cdpl.0.76251/ccFile.tcl OK
[15:26:40.13] /o LibDefs : /mnt/coe/workspace/ece/ece546-spr25/group8/group8_project/lib.defs
[15:26:40.59] /o new worker create session at loading state!
[15:26:40.59] /o history_1
[15:26:41.12] /o Loading: Callback files...
[15:26:41.13] /o Loading: scripts/callbacks/callbacks.tcl
[15:26:41.13] /o 
              /c [INFO] : Loading display.drf from /mnt/designkits/ncsu/FreePDK3/syncust/NCSU_TechLib_FreePDK3
              /c 
              /c  if you wish to Load other display.drf, please set shell environment valiable "iPDK_load_display_NCSU_TechLib_FreePDK3" to value = 0
[15:26:41.13] /o 
[15:26:41.15] /w Warning: Preference 'xtStarTcadGrdFile' is deprecated and scheduled for removal in a future release with no replacement. For migration assistance, see the Custom Compiler Tcl Reference Manual. (PREFERENCE-058)
[15:26:41.16] /w Warning: Preference 'xtStarOALayerMappingFile' is deprecated and scheduled for removal in a future release with no replacement. For migration assistance, see the Custom Compiler Tcl Reference Manual. (PREFERENCE-058)
[15:26:41.16] /o 	#######################################
[15:26:41.16] /o 	CC-PDK Library Name	: FreePDK3
[15:26:41.16] /o 	#######################################
[15:26:41.16] /o 
[15:26:41.33] /o source /mnt/coe/workspace/ece/ece546-spr25/group8/group8_project/simulation/group8,SRAM_8x4_array_dummy,schematic/history_1/.nw_preference_script.tcl OK!
[15:26:41.33] /o DSPF Options: {hierDelim==|}||{termDelim==:}||{fingerChar==@}||{multiplierString==_nettran_}||{aggregateCurrent==1}||{MOSTermNames==d g s b}||{MOSTermOrder==D G S B}||{MOSTermDspfNames==DRC GATE SRC BULK}||{firstChars==XM}||{probeHierDelim==/}||{caseSensitive==1}||{firstChar==M}||{hierPrefix==X}||{nodePrefix==M}||{plotTermVoltageForNet==0}||{mapNetToMosTerminal==}||{mapSlashDelimToDot==1}||{probePortCurrent==1}||{busBit==[]}||{removeNodePrefix==1}||{nlConDelim==.}||{mosModelType==auto}||{keepSchName==0}
[15:26:41.33] /o _workerLoadStateAction done!
[15:26:41.37] /o _getSimulationDetails : 
[15:26:41.37] /o tbName=default, Mtb=0
[15:26:41.37] /o Got stb tb ok!
[15:26:41.37] /o Self resultsDir: ./simulation
[15:26:41.37] /o Self databaseDir: /mnt/coe/workspace/ece/ece546-spr25/group8/group8_project/simulation/group8,SRAM_8x4_array_dummy,schematic/history_1/simulation/default/PrimeSimHSPICE/nominal/results
[15:26:41.41] /o source /mnt/apps/public/COE/synopsys_apps/primewave/W-2024.09-SP1-2/auxx/sae/matlab_script.tcl OK
[15:26:41.43] /o Nominal run.
[15:26:41.87] /o _createResultsMap done!
[15:26:41.90] /o New worker simulation done for nomial run.
[15:26:41.90] /o >>>resultsDir=/mnt/coe/workspace/ece/ece546-spr25/group8/group8_project/simulation/group8,SRAM_8x4_array_dummy,schematic/history_1/simulation/default/PrimeSimHSPICE/nominal/results,masterResultsDir=/mnt/coe/workspace/ece/ece546-spr25/group8/group8_project/simulation/group8,SRAM_8x4_array_dummy,schematic/history_1/simulation/default/PrimeSimHSPICE/nominal/results
[15:26:41.91] /m Information: Evaluating and plotting outputs...
[15:26:42.73] /o touch /mnt/coe/workspace/ece/ece546-spr25/group8/group8_project/simulation/group8,SRAM_8x4_array_dummy,schematic/history_1/simulation/default/PrimeSimHSPICE/nominal/results/.unitedSimFinished
[15:26:42.76] /o touch /mnt/coe/workspace/ece/ece546-spr25/group8/group8_project/simulation/group8,SRAM_8x4_array_dummy,schematic/history_1/simulation/default/PrimeSimHSPICE/nominal/results/.unitedSimFinished
[15:26:43.48] /o New worker simulation done for nomial run finished!
[15:26:43.48] /o _simulationDoneAction done without exception!
[15:26:43.49] /o touch pilot meas done flag file: /mnt/coe/workspace/ece/ece546-spr25/group8/group8_project/simulation/group8,SRAM_8x4_array_dummy,schematic/history_1/simulation/default/PrimeSimHSPICE/nominal/results/.pw_nw_meas_done
[15:26:48.91] /o Shutdown time: Thu Apr  3 15:26:48 2025
[15:26:48.91] /o Elapsed session real time: 0.36 minutes
[15:26:48.91] /o Session terminated. Log is at /mnt/coe/workspace/ece/ece546-spr25/group8/group8_project/synopsys_custom/pwdp_jobs/saeSession4_default.SimulationSimulation_cdpl.0.76251/logs/w1/logs/pw_worker.hrajesh.2025_4_3_152624_77460.log
