[11:26:24.18] /o 
              /c                          PrimeWave Design Environment 
              /c 
              /c                Version W-2024.09-SP1-2 for linux64 - Jan 15, 2025
              /c              Based on Custom Infrastructure
              /c Version W-2024.09-SP1-2
              /c 
              /c                     Copyright (c) 2004 - 2025 Synopsys, Inc.
              /c    This software and the associated documentation are proprietary to Synopsys,
              /c  Inc. This software may only be used in accordance with the terms and conditions
              /c  of a written license agreement with Synopsys, Inc. All other use, reproduction,
              /c    or distribution of this software is strictly prohibited.  Licensed Products
              /c      communicate with Synopsys servers for the purpose of providing software
              /c     updates, detecting software piracy and verifying that customers are using
              /c     Licensed Products in conformity with the applicable License Key for such
              /c   Licensed Products. Synopsys will use information gathered in connection with
              /c     this process to deliver software updates and pursue software pirates and
              /c                                    infringers.
              /c 
              /c  Inclusivity & Diversity - Visit SolvNetPlus to read the "Synopsys Statement on
              /c             Inclusivity and Diversity" (Refer to article 000036315 at
              /c                         https://solvnetplus.synopsys.com)
              /c 
              /c Build  (OPT) Config 11252589 compiled on Wed Jan 15 11:01:36 2025 for AlmaLinux 8.4
              /c Invocation: /mnt/apps/public/COE/synopsys_apps/primewave/W-2024.09-SP1-2/linux64/platform/bin/custom_shell -application primewave -gui 0 -uniqueString 424077b79e1069ee87fee02827dbad7e9b5804bf5a3160b260938094302124e5593a79a989d41fc902109c9d394809e2 -python 0 -command "source /mnt/coe/workspace/ece/ece546-spr25/group8/group8_project/synopsys_custom/sim_server/custom_compiler.svkolach/stb.group8.sram_6t_tb.schematic.session5/sim_server_init.tcl" -log /mnt/coe/workspace/ece/ece546-spr25/group8/group8_project/synopsys_custom/primewave_session5_sim_server_job1 -libDefFile /mnt/coe/workspace/ece/ece546-spr25/group8/group8_project/lib.defs
              /c Execution time: Thu Mar 20 11:26:21 2025
              /c Host: grendel33.ece.ncsu.edu
              /c Working directory: /mnt/coe/workspace/ece/ece546-spr25/group8/group8_project
              /c 
[11:26:34.26] /m Information: Registering ICV PERC package...
[11:26:35.04] /m Information: Feature 'SynopsysCustomSAE' checked out. (LICENSE-003)
[11:26:35.42] /o 
[11:26:35.45] /i source /mnt/coe/workspace/ece/ece546-spr25/group8/group8_project/synopsys_custom/sim_server/custom_compiler.svkolach/stb.group8.sram_6t_tb.schematic.session5/sim_server_init.tcl
[11:26:35.87] /o SimServer socket started on grendel33.ece.ncsu.edu:36001
[11:26:36.14] /m Information: Launching Waveform Viewer "cd /mnt/coe/workspace/ece/ece546-spr25/group8/group8_project/synopsys_custom/sim_server/custom_compiler.svkolach/stb.group8.sram_6t_tb.schematic.session5/logs &&  /mnt/apps/public/COE/synopsys_apps/primewave/W-2024.09-SP1-2/auxx/../linux64/swv/bin/swv  -bg_gui -k -cdesigner -ptype wv -spxkey /mnt/apps/public/COE/synopsys_apps/primewave/W-2024.09-SP1-2/auxx/waveform/sae.spxkey -spxrc /tmp/tmp_sae_spxrc_8diDy8 -unique_string 424077b79e1069eeeb3cd8f0511536f89b5804bf5a3160b260938094302124e514d50a043ab99cd08da1527dc9398cca5c5b57f0f66d4293 -lic_type 2   -parent_cc_pid 1456171  > /mnt/coe/workspace/ece/ece546-spr25/group8/group8_project/synopsys_custom/sim_server/custom_compiler.svkolach/stb.group8.sram_6t_tb.schematic.session5/logs/viewer.log 2>&1"
[11:26:36.18] /o ==== Received Msg ====
              /c len=209 sourceSoc=sock3e227560 msgIndex=3 rawMsg=AppendTask /mnt/coe/workspace/ece/ece546-spr25/group8/group8_project/synopsys_custom/sim_server/custom_compiler.svkolach/stb.group8.sram_6t_tb.schematic.session5/task0/sim_script0.tcl 0 saeSession3 1 overwrite
[11:26:36.18] /o 
[11:26:37.76] /m Information: "Starting incremental netlisting for design "group8/sram_6t_tb/schematic"..." (NETLISTING-010)
[11:26:37.86] /o Loading: Callback files...
[11:26:37.87] /o Loading: scripts/callbacks/callbacks.tcl
[11:26:37.87] /o 
              /c [INFO] : Loading display.drf from /mnt/designkits/ncsu/FreePDK3/syncust/NCSU_TechLib_FreePDK3
              /c 
              /c  if you wish to Load other display.drf, please set shell environment valiable "iPDK_load_display_NCSU_TechLib_FreePDK3" to value = 0
[11:26:37.87] /o 
[11:26:37.90] /w Warning: Could not set the value of preference xtDRCTool because it does not exist. (PREFERENCE-016)
[11:26:37.90] /w Warning: Could not set the value of preference xtDRCICVRunsetFile because it does not exist. (PREFERENCE-016)
[11:26:37.90] /w Warning: Could not set the value of preference xtDRCICVIncludePaths because it does not exist. (PREFERENCE-016)
[11:26:37.90] /w Warning: Could not set the value of preference xtDRCLayDBFormat because it does not exist. (PREFERENCE-016)
[11:26:37.90] /w Warning: Could not set the value of preference xtLVSTool because it does not exist. (PREFERENCE-016)
[11:26:37.90] /w Warning: Could not set the value of preference xtLVSICVRunsetFile because it does not exist. (PREFERENCE-016)
[11:26:37.90] /w Warning: Could not set the value of preference xtLVSICVIncludePaths because it does not exist. (PREFERENCE-016)
[11:26:37.90] /w Warning: Could not set the value of preference xtLVSLayDBFormat because it does not exist. (PREFERENCE-016)
[11:26:37.90] /w Warning: Could not set the value of preference xtLPELVSTool because it does not exist. (PREFERENCE-016)
[11:26:37.90] /w Warning: Could not set the value of preference xtLPETool because it does not exist. (PREFERENCE-016)
[11:26:37.90] /w Warning: Could not set the value of preference xtLPEOpenParasiticView because it does not exist. (PREFERENCE-016)
[11:26:37.90] /w Warning: Could not set the value of preference xtStarTcadGrdFile because it does not exist. (PREFERENCE-016)
[11:26:37.90] /w Warning: Could not set the value of preference xtLPEStarOADeviceMappingFile because it does not exist. (PREFERENCE-016)
[11:26:37.90] /w Warning: Could not set the value of preference xtStarOALayerMappingFile because it does not exist. (PREFERENCE-016)
[11:26:37.90] /o 	#######################################
[11:26:37.90] /o 	CC-PDK Library Name	: FreePDK3
[11:26:37.90] /o 	#######################################
[11:26:37.90] /o 
[11:26:37.93] /o Netlisting
[11:26:37.93] /o Creating output directories
[11:26:38.20] /o No Design Integrity rule violations found in "group8/sram_6t_tb/schematic"
[11:26:38.20] /o Scanning: group8/sram_6t_tb/schematic
[11:26:38.33] /o Scanning: group8/sram_6t/schematic
[11:26:38.50] /o Computing terminal lists
[11:26:38.50] /o Processing terminals of module group8/sram_6t/schematic
[11:26:38.51] /o Processing terminals of module group8/sram_6t_tb/schematic
[11:26:38.52] /o Starting netlisting
[11:26:38.67] /o Formatting group8/sram_6t_tb/schematic
[11:26:38.69] /m Information: "group8 sram_6t_tb schematic" renetlisted. (NETLISTING-056)
[11:26:38.78] /m Information: "Netlisting design "group8/sram_6t_tb/schematic" finished successfully." (NETLISTING-012)
[11:26:38.83] /# Composing simulator input file for design "group8/sram_6t_tb/schematic"...
[11:26:40.00] /# Simulator input file composed successfully for design "group8/sram_6t_tb/schematic"
[11:26:40.11] /m Information: Save ouputs to /mnt/coe/workspace/ece/ece546-spr25/group8/group8_project/simulation/group8,sram_6t_tb,schematic/history_1/simulation/default/PrimeSimHSPICE/nominal/results/outputs.tcl for AVA evaluation.
[11:26:41.18] /o 
[11:26:42.13] /o                                          Composing Nominal                                         
[11:26:42.43] /o                             Launching jobs for testbench default started                            
[11:26:42.44] /# Starting PrimeSimHSPICE simulation for design: group8/sram_6t_tb/schematic
[11:26:42.50] /o                             Creating jobs for testbench default (0 / 1)                            
[11:26:42.55] /o                                Launching 1 jobs for testbench default                               
[11:26:43.05] /o                            Launching jobs for testbench default finished                           
[11:26:44.75] /m Information: 0 of 1 testbench(es) done. (PW_GUI-714)
[11:26:46.06] /m Information: Job distribution master (saeSession3,default.Simulation_Simulation session:session0 testbench:default) : up to 1 job running workers.
[11:27:16.39] /# Simulation completed successfully for design: group8/sram_6t_tb/schematic  (PW-651)
[11:27:16.46] /# Netlisting and simulation completed for testbench: default in 39s
[11:27:16.47] /# Evaluating and plotting outputs...
[11:27:19.54] /m Information: Jobs distribution master quit! (PW_GUI-822)
[11:27:20.05] /# Evaluating and plotting completed for testbench: default in 4s
[11:27:20.13] /m Information: 1 of 1 testbench(es) done. (PW_GUI-714)
[11:31:18.42] /o ==== Received Msg ====
              /c len=8 sourceSoc=sock3e227560 msgIndex=9 rawMsg=idleExit
[11:31:18.42] /o 
[11:31:18.53] /m Information: Exiting simulation server process. (PW_GUI-984)
[11:31:20.84] /o Shutdown time: Thu Mar 20 11:31:20 2025
[11:31:20.84] /o Elapsed session real time: 4.96 minutes
[11:31:20.84] /o Session terminated. Log is at /mnt/coe/workspace/ece/ece546-spr25/group8/group8_project/synopsys_custom/logs/primewave.svkolach.2025_3_20_112621_1456171.log
[11:31:20.86] /e Error: {}
