[17:40:01.94] /o 
              /c                                 Custom Compiler™ 
              /c 
              /c               Version W-2024.09-SP1-2 for linux64 - Jan 16, 2025 
              /c 
              /c                     Copyright (c) 2004 - 2025 Synopsys, Inc.
              /c    This software and the associated documentation are proprietary to Synopsys,
              /c  Inc. This software may only be used in accordance with the terms and conditions
              /c  of a written license agreement with Synopsys, Inc. All other use, reproduction,
              /c    or distribution of this software is strictly prohibited.  Licensed Products
              /c      communicate with Synopsys servers for the purpose of providing software
              /c     updates, detecting software piracy and verifying that customers are using
              /c     Licensed Products in conformity with the applicable License Key for such
              /c   Licensed Products. Synopsys will use information gathered in connection with
              /c     this process to deliver software updates and pursue software pirates and
              /c                                    infringers.
              /c 
              /c  Inclusivity & Diversity - Visit SolvNetPlus to read the "Synopsys Statement on
              /c             Inclusivity and Diversity" (Refer to article 000036315 at
              /c                         https://solvnetplus.synopsys.com)
              /c 
              /c Build  (OPT) Config 11256978 compiled on Thu Jan 16 10:52:27 2025 for AlmaLinux 8.4
              /c Invocation: /mnt/apps/public/COE/synopsys_apps/customcompiler/W-2024.09-SP1-2/linux64/platform/bin/custom_compiler
              /c Execution time: Thu Apr 17 17:39:51 2025
              /c Host: hydra13.ece.ncsu.edu
              /c Working directory: /mnt/coe/workspace/ece/ece546-spr25/group8/group8_project
              /c 
[17:40:10.12] /m Information: Registering ICV PERC package...
[17:40:11.66] /r giShowFrameTabs true
[17:40:11.66] /r giWindowId 1
[17:40:11.67] /r giWindowGeometry 1040x800
[17:40:18.72] /i gi::pressButton {/scroll/scrollArea/scrollAreaInnerWidget/applications/dmLibraryManager} -in [gi::getWindows 1]
[17:40:19.05] /r giWindowId 2
[17:40:19.05] /r giWindowGeometry 660x600+50+50
[17:40:19.99] /i db::setAttr maximized -of [gi::getFrames 1] -value true
[17:40:20.30] /i db::setAttr geometry -of [gi::getFrames 1] -value 1920x986+0+46
[17:40:21.50] /i gi::setCurrentIndex {libs} -index {group8} -in [gi::getWindows 2]
[17:40:21.58] /i gi::setItemSelection {libs} -index {group8} -in [gi::getWindows 2]
[17:40:36.62] /i gi::setCurrentIndex {cells} -index {2to4_decoder_static} -in [gi::getWindows 2]
[17:40:37.10] /i gi::setItemSelection {cells} -index {2to4_decoder_static} -in [gi::getWindows 2]
[17:40:53.71] /i gi::executeAction {dmRefreshLibs} -in [gi::getWindows 2]
[17:40:53.71] /# dm::refreshLibs
[17:40:55.37] /i gi::setCurrentIndex {views} -index {layout_2} -in [gi::getWindows 2]
[17:40:55.44] /i gi::setItemSelection {views} -index {layout_2} -in [gi::getWindows 2]
[17:40:55.58] /i gi::executeAction {dmOpen} -in [gi::getWindows 2]
[17:40:55.67] /m Information: Feature 'CustomInfrastructure' checked out. (LICENSE-003)
[17:40:55.69] /m Information: Feature 'SynopsysCustomLayout' checked out. (LICENSE-003)
[17:40:55.78] /o Loading: Callback files...
[17:40:55.80] /o Loading: scripts/callbacks/callbacks.tcl
[17:40:55.80] /o 
              /c [INFO] : Loading display.drf from /mnt/designkits/ncsu/FreePDK3/syncust/NCSU_TechLib_FreePDK3
              /c 
              /c  if you wish to Load other display.drf, please set shell environment valiable "iPDK_load_display_NCSU_TechLib_FreePDK3" to value = 0
[17:40:55.80] /o 
[17:40:55.93] /w Warning: Preference 'xtStarTcadGrdFile' is deprecated and scheduled for removal in a future release with no replacement. For migration assistance, see the Custom Compiler Tcl Reference Manual. (PREFERENCE-058)
[17:40:55.94] /w Warning: Preference 'xtStarOALayerMappingFile' is deprecated and scheduled for removal in a future release with no replacement. For migration assistance, see the Custom Compiler Tcl Reference Manual. (PREFERENCE-058)
[17:40:55.94] /o 	#######################################
[17:40:55.94] /o 	CC-PDK Library Name	: FreePDK3
[17:40:55.94] /o 	#######################################
[17:40:55.94] /o 
[17:40:56.23] /r giWindowId 3
[17:40:56.24] /r giWindowGeometry 1632x972
[17:40:57.45] /i db::setAttr dockSize -of [gi::getAssistants dePropertyEditor -from [gi::getWindows 3]] -value 290x186
[17:41:20.50] /# gi::executeAction {xtDRCRun} -in [gi::getWindows 3]
[17:41:20.50] /i xt::physicalVerification::executeRun drc 3
[17:41:20.92] /i xt::physicalVerification::executePve drc 3 xtDRCExecutePve
[17:41:20.95] /m Information: Feature 'SynopsysCustomLayoutAdvanced' checked out. (LICENSE-003)
[17:41:22.11] /m Information: Starting 'Stream Export of OA cell 'group8/2to4_decoder_static/layout_2''...
[17:41:25.65] /m Information: "PVE Stream Export finished successfully with 0 error, 0 warning." (DATA_IO_COMMANDS-002)
[17:41:25.65] /m Information: Starting IC Validator 'DRC' verification job on Stream cell: 2to4_decoder_static
[17:41:26.33] /r giWindowId 4
[17:41:26.34] /r giWindowGeometry 800x600
[17:41:41.15] /m Information: 
              /c =============================
              /c JobID: icv_drc_326
              /c Completed with no errors.
              /c =============================
              /c 
[17:41:41.54] /m Information: IC Validator VUE Server initialized successfully at port 9189.
[17:41:56.73] /m Information: Connection closed with 'IC Validator VUE' running on 'hydra13.ece.ncsu.edu'.
[17:41:58.59] /i gi::executeAction {giCloseWindow} -in [gi::getWindows 4]
[17:42:10.41] /i gi::executeAction {giCloseWindow} -in [gi::getWindows 3]
[17:51:33.18] /i gi::setCurrentIndex {cells} -index {memory_array_with_precharge} -in [gi::getWindows 2]
[17:51:33.39] /i gi::setItemSelection {cells} -index {memory_array_with_precharge} -in [gi::getWindows 2]
[17:51:34.99] /i gi::sortItems {views} -column {Views} -order {descending} -in [gi::getWindows 2]
[17:51:35.22] /i gi::setSectionSizes {views} -values {341} -in [gi::getWindows 2]
[17:51:35.86] /i gi::setCurrentIndex {views} -index {layout} -in [gi::getWindows 2]
[17:51:35.94] /i gi::setItemSelection {views} -index {layout} -in [gi::getWindows 2]
[17:51:36.08] /i gi::executeAction {dmOpen} -in [gi::getWindows 2]
[17:51:36.45] /r giWindowId 5
[17:51:36.45] /r giWindowGeometry 1632x972
[17:51:37.23] /i db::setAttr dockSize -of [gi::getAssistants dePropertyEditor -from [gi::getWindows 5]] -value 290x186
[17:51:50.96] /# gi::executeAction {leDisplayAllLevels} -in [gi::getWindows 5]
[17:51:50.96] /i db::setPrefValue leStopLevel -value 32 -scope [db::getNext [de::getContexts -window 5]]
[17:51:55.42] /# gi::executeAction {deCanvasPanWest} -in [gi::getWindows 5]
[17:51:55.42] /i de::pan -window [gi::getWindows 5] -direction W -multiplier [db::getPrefValue deCanvasMousePanMultiplier]
[17:51:55.51] /# gi::executeAction {deCanvasPanWest} -in [gi::getWindows 5]
[17:51:55.51] /i de::pan -window [gi::getWindows 5] -direction W -multiplier [db::getPrefValue deCanvasMousePanMultiplier]
[17:51:55.59] /# gi::executeAction {deCanvasPanWest} -in [gi::getWindows 5]
[17:51:55.59] /i de::pan -window [gi::getWindows 5] -direction W -multiplier [db::getPrefValue deCanvasMousePanMultiplier]
[17:51:58.93] /# gi::executeAction {deFitView} -in [gi::getWindows 5]
[17:51:58.93] /i de::fit -window 5 -fitView true
[17:52:46.15] /# gi::executeAction {deCanvasZoomInAtPoint} -in [gi::getWindows 5]
[17:52:46.15] /i de::zoom -window [gi::getWindows 5] -factor [db::getPrefValue deCanvasMouseZoomFactor] -center {0.172 -0.028}
[17:52:46.32] /# gi::executeAction {deCanvasZoomInAtPoint} -in [gi::getWindows 5]
[17:52:46.32] /i de::zoom -window [gi::getWindows 5] -factor [db::getPrefValue deCanvasMouseZoomFactor] -center {0.172 -0.028}
[17:52:48.02] /# gi::executeAction {deCanvasZoomInAtPoint} -in [gi::getWindows 5]
[17:52:48.02] /i de::zoom -window [gi::getWindows 5] -factor [db::getPrefValue deCanvasMouseZoomFactor] -center {0.041 0.0145}
[17:52:49.00] /# gi::executeAction {deCanvasZoomOutAtPoint} -in [gi::getWindows 5]
[17:52:49.00] /i de::zoom -window [gi::getWindows 5] -factor [expr {1.0/[db::getPrefValue deCanvasMouseZoomFactor]}] -center {0.041 0.0145}
[17:52:56.63] /# gi::setItemSelection {lpps} -index {M0B drawing} -in [gi::getAssistants leObjectLayerPanel -from [gi::getWindows 5]]
[17:52:56.63] /# gi::setCurrentIndex {lpps} -index {M0B drawing} -in [gi::getAssistants leObjectLayerPanel -from [gi::getWindows 5]]
[17:52:56.70] /# gi::executeAction {leOLPSetActiveLPP} -in [gi::getAssistants leObjectLayerPanel -from [gi::getWindows 5]]
[17:52:56.70] /i de::setActiveLPP [de::getLPPs {M0B drawing} -from [oa::DesignFind group8 memory_array_with_precharge layout]]
[17:52:58.16] /# gi::executeAction {deCanvasZoomInAtPoint} -in [gi::getWindows 5]
[17:52:58.16] /i de::zoom -window [gi::getWindows 5] -factor [db::getPrefValue deCanvasMouseZoomFactor] -center {0.046 0.0245}
[17:52:58.26] /# gi::executeAction {deCanvasZoomInAtPoint} -in [gi::getWindows 5]
[17:52:58.26] /i de::zoom -window [gi::getWindows 5] -factor [db::getPrefValue deCanvasMouseZoomFactor] -center {0.046 0.0245}
[17:52:58.50] /# gi::executeAction {deCanvasZoomInAtPoint} -in [gi::getWindows 5]
[17:52:58.50] /i de::zoom -window [gi::getWindows 5] -factor [db::getPrefValue deCanvasMouseZoomFactor] -center {0.046 0.0245}
[17:53:00.32] /# gi::executeAction {leRectangle} -in [gi::getWindows 5]
[17:53:01.78] /# gi::executeAction {deCanvasZoomInAtPoint} -in [gi::getWindows 5]
[17:53:01.78] /i de::zoom -window [gi::getWindows 5] -factor [db::getPrefValue deCanvasMouseZoomFactor] -center {0.045 0.056}
[17:53:01.89] /# gi::executeAction {deCanvasZoomInAtPoint} -in [gi::getWindows 5]
[17:53:01.89] /i de::zoom -window [gi::getWindows 5] -factor [db::getPrefValue deCanvasMouseZoomFactor] -center {0.045 0.056}
[17:53:03.18] /# gi::executeAction {deAddPoint} -in [gi::getWindows 5]
[17:53:04.46] /# gi::executeAction {deCanvasPanSouth} -in [gi::getWindows 5]
[17:53:04.46] /i de::pan -window [gi::getWindows 5] -direction S -multiplier [db::getPrefValue deCanvasMousePanMultiplier]
[17:53:08.09] /# gi::executeAction {deCanvasPanEast} -in [gi::getWindows 5]
[17:53:08.09] /i de::pan -window [gi::getWindows 5] -direction E -multiplier [db::getPrefValue deCanvasMousePanMultiplier]
[17:53:08.59] /# gi::executeAction {deCanvasPanEast} -in [gi::getWindows 5]
[17:53:08.59] /i de::pan -window [gi::getWindows 5] -direction E -multiplier [db::getPrefValue deCanvasMousePanMultiplier]
[17:53:08.64] /# gi::executeAction {deCanvasPanEast} -in [gi::getWindows 5]
[17:53:08.64] /i de::pan -window [gi::getWindows 5] -direction E -multiplier [db::getPrefValue deCanvasMousePanMultiplier]
[17:53:08.68] /# gi::executeAction {deCanvasPanEast} -in [gi::getWindows 5]
[17:53:08.68] /i de::pan -window [gi::getWindows 5] -direction E -multiplier [db::getPrefValue deCanvasMousePanMultiplier]
[17:53:08.71] /# gi::executeAction {deCanvasPanEast} -in [gi::getWindows 5]
[17:53:08.71] /i de::pan -window [gi::getWindows 5] -direction E -multiplier [db::getPrefValue deCanvasMousePanMultiplier]
[17:53:08.76] /# gi::executeAction {deCanvasPanEast} -in [gi::getWindows 5]
[17:53:08.76] /i de::pan -window [gi::getWindows 5] -direction E -multiplier [db::getPrefValue deCanvasMousePanMultiplier]
[17:53:08.81] /# gi::executeAction {deCanvasPanEast} -in [gi::getWindows 5]
[17:53:08.81] /i de::pan -window [gi::getWindows 5] -direction E -multiplier [db::getPrefValue deCanvasMousePanMultiplier]
[17:53:08.84] /# gi::executeAction {deCanvasPanEast} -in [gi::getWindows 5]
[17:53:08.84] /i de::pan -window [gi::getWindows 5] -direction E -multiplier [db::getPrefValue deCanvasMousePanMultiplier]
[17:53:08.89] /# gi::executeAction {deCanvasPanEast} -in [gi::getWindows 5]
[17:53:08.89] /i de::pan -window [gi::getWindows 5] -direction E -multiplier [db::getPrefValue deCanvasMousePanMultiplier]
[17:53:08.93] /# gi::executeAction {deCanvasPanEast} -in [gi::getWindows 5]
[17:53:08.93] /i de::pan -window [gi::getWindows 5] -direction E -multiplier [db::getPrefValue deCanvasMousePanMultiplier]
[17:53:08.96] /# gi::executeAction {deCanvasPanEast} -in [gi::getWindows 5]
[17:53:08.96] /i de::pan -window [gi::getWindows 5] -direction E -multiplier [db::getPrefValue deCanvasMousePanMultiplier]
[17:53:09.01] /# gi::executeAction {deCanvasPanEast} -in [gi::getWindows 5]
[17:53:09.01] /i de::pan -window [gi::getWindows 5] -direction E -multiplier [db::getPrefValue deCanvasMousePanMultiplier]
[17:53:09.06] /# gi::executeAction {deCanvasPanEast} -in [gi::getWindows 5]
[17:53:09.06] /i de::pan -window [gi::getWindows 5] -direction E -multiplier [db::getPrefValue deCanvasMousePanMultiplier]
[17:53:09.09] /# gi::executeAction {deCanvasPanEast} -in [gi::getWindows 5]
[17:53:09.09] /i de::pan -window [gi::getWindows 5] -direction E -multiplier [db::getPrefValue deCanvasMousePanMultiplier]
[17:53:09.14] /# gi::executeAction {deCanvasPanEast} -in [gi::getWindows 5]
[17:53:09.14] /i de::pan -window [gi::getWindows 5] -direction E -multiplier [db::getPrefValue deCanvasMousePanMultiplier]
[17:53:09.18] /# gi::executeAction {deCanvasPanEast} -in [gi::getWindows 5]
[17:53:09.18] /i de::pan -window [gi::getWindows 5] -direction E -multiplier [db::getPrefValue deCanvasMousePanMultiplier]
[17:53:09.21] /# gi::executeAction {deCanvasPanEast} -in [gi::getWindows 5]
[17:53:09.21] /i de::pan -window [gi::getWindows 5] -direction E -multiplier [db::getPrefValue deCanvasMousePanMultiplier]
[17:53:09.26] /# gi::executeAction {deCanvasPanEast} -in [gi::getWindows 5]
[17:53:09.26] /i de::pan -window [gi::getWindows 5] -direction E -multiplier [db::getPrefValue deCanvasMousePanMultiplier]
[17:53:09.31] /# gi::executeAction {deCanvasPanEast} -in [gi::getWindows 5]
[17:53:09.31] /i de::pan -window [gi::getWindows 5] -direction E -multiplier [db::getPrefValue deCanvasMousePanMultiplier]
[17:53:09.33] /# gi::executeAction {deCanvasPanEast} -in [gi::getWindows 5]
[17:53:09.33] /i de::pan -window [gi::getWindows 5] -direction E -multiplier [db::getPrefValue deCanvasMousePanMultiplier]
[17:53:09.38] /# gi::executeAction {deCanvasPanEast} -in [gi::getWindows 5]
[17:53:09.38] /i de::pan -window [gi::getWindows 5] -direction E -multiplier [db::getPrefValue deCanvasMousePanMultiplier]
[17:53:09.44] /# gi::executeAction {deCanvasPanEast} -in [gi::getWindows 5]
[17:53:09.44] /i de::pan -window [gi::getWindows 5] -direction E -multiplier [db::getPrefValue deCanvasMousePanMultiplier]
[17:53:09.47] /# gi::executeAction {deCanvasPanEast} -in [gi::getWindows 5]
[17:53:09.47] /i de::pan -window [gi::getWindows 5] -direction E -multiplier [db::getPrefValue deCanvasMousePanMultiplier]
[17:53:09.51] /# gi::executeAction {deCanvasPanEast} -in [gi::getWindows 5]
[17:53:09.51] /i de::pan -window [gi::getWindows 5] -direction E -multiplier [db::getPrefValue deCanvasMousePanMultiplier]
[17:53:09.56] /# gi::executeAction {deCanvasPanEast} -in [gi::getWindows 5]
[17:53:09.56] /i de::pan -window [gi::getWindows 5] -direction E -multiplier [db::getPrefValue deCanvasMousePanMultiplier]
[17:53:09.59] /# gi::executeAction {deCanvasPanEast} -in [gi::getWindows 5]
[17:53:09.59] /i de::pan -window [gi::getWindows 5] -direction E -multiplier [db::getPrefValue deCanvasMousePanMultiplier]
[17:53:09.64] /# gi::executeAction {deCanvasPanEast} -in [gi::getWindows 5]
[17:53:09.64] /i de::pan -window [gi::getWindows 5] -direction E -multiplier [db::getPrefValue deCanvasMousePanMultiplier]
[17:53:09.68] /# gi::executeAction {deCanvasPanEast} -in [gi::getWindows 5]
[17:53:09.68] /i de::pan -window [gi::getWindows 5] -direction E -multiplier [db::getPrefValue deCanvasMousePanMultiplier]
[17:53:09.71] /# gi::executeAction {deCanvasPanEast} -in [gi::getWindows 5]
[17:53:09.71] /i de::pan -window [gi::getWindows 5] -direction E -multiplier [db::getPrefValue deCanvasMousePanMultiplier]
[17:53:09.76] /# gi::executeAction {deCanvasPanEast} -in [gi::getWindows 5]
[17:53:09.76] /i de::pan -window [gi::getWindows 5] -direction E -multiplier [db::getPrefValue deCanvasMousePanMultiplier]
[17:53:09.80] /# gi::executeAction {deCanvasPanEast} -in [gi::getWindows 5]
[17:53:09.80] /i de::pan -window [gi::getWindows 5] -direction E -multiplier [db::getPrefValue deCanvasMousePanMultiplier]
[17:53:09.83] /# gi::executeAction {deCanvasPanEast} -in [gi::getWindows 5]
[17:53:09.83] /i de::pan -window [gi::getWindows 5] -direction E -multiplier [db::getPrefValue deCanvasMousePanMultiplier]
[17:53:09.89] /# gi::executeAction {deCanvasPanEast} -in [gi::getWindows 5]
[17:53:09.89] /i de::pan -window [gi::getWindows 5] -direction E -multiplier [db::getPrefValue deCanvasMousePanMultiplier]
[17:53:09.93] /# gi::executeAction {deCanvasPanEast} -in [gi::getWindows 5]
[17:53:09.93] /i de::pan -window [gi::getWindows 5] -direction E -multiplier [db::getPrefValue deCanvasMousePanMultiplier]
[17:53:09.96] /# gi::executeAction {deCanvasPanEast} -in [gi::getWindows 5]
[17:53:09.96] /i de::pan -window [gi::getWindows 5] -direction E -multiplier [db::getPrefValue deCanvasMousePanMultiplier]
[17:53:10.02] /# gi::executeAction {deCanvasPanEast} -in [gi::getWindows 5]
[17:53:10.02] /i de::pan -window [gi::getWindows 5] -direction E -multiplier [db::getPrefValue deCanvasMousePanMultiplier]
[17:53:10.05] /# gi::executeAction {deCanvasPanEast} -in [gi::getWindows 5]
[17:53:10.05] /i de::pan -window [gi::getWindows 5] -direction E -multiplier [db::getPrefValue deCanvasMousePanMultiplier]
[17:53:10.09] /# gi::executeAction {deCanvasPanEast} -in [gi::getWindows 5]
[17:53:10.09] /i de::pan -window [gi::getWindows 5] -direction E -multiplier [db::getPrefValue deCanvasMousePanMultiplier]
[17:53:10.14] /# gi::executeAction {deCanvasPanEast} -in [gi::getWindows 5]
[17:53:10.14] /i de::pan -window [gi::getWindows 5] -direction E -multiplier [db::getPrefValue deCanvasMousePanMultiplier]
[17:53:10.18] /# gi::executeAction {deCanvasPanEast} -in [gi::getWindows 5]
[17:53:10.18] /i de::pan -window [gi::getWindows 5] -direction E -multiplier [db::getPrefValue deCanvasMousePanMultiplier]
[17:53:10.21] /# gi::executeAction {deCanvasPanEast} -in [gi::getWindows 5]
[17:53:10.21] /i de::pan -window [gi::getWindows 5] -direction E -multiplier [db::getPrefValue deCanvasMousePanMultiplier]
[17:53:10.27] /# gi::executeAction {deCanvasPanEast} -in [gi::getWindows 5]
[17:53:10.27] /i de::pan -window [gi::getWindows 5] -direction E -multiplier [db::getPrefValue deCanvasMousePanMultiplier]
[17:53:10.31] /# gi::executeAction {deCanvasPanEast} -in [gi::getWindows 5]
[17:53:10.31] /i de::pan -window [gi::getWindows 5] -direction E -multiplier [db::getPrefValue deCanvasMousePanMultiplier]
[17:53:10.34] /# gi::executeAction {deCanvasPanEast} -in [gi::getWindows 5]
[17:53:10.34] /i de::pan -window [gi::getWindows 5] -direction E -multiplier [db::getPrefValue deCanvasMousePanMultiplier]
[17:53:10.38] /# gi::executeAction {deCanvasPanEast} -in [gi::getWindows 5]
[17:53:10.38] /i de::pan -window [gi::getWindows 5] -direction E -multiplier [db::getPrefValue deCanvasMousePanMultiplier]
[17:53:10.43] /# gi::executeAction {deCanvasPanEast} -in [gi::getWindows 5]
[17:53:10.43] /i de::pan -window [gi::getWindows 5] -direction E -multiplier [db::getPrefValue deCanvasMousePanMultiplier]
[17:53:10.46] /# gi::executeAction {deCanvasPanEast} -in [gi::getWindows 5]
[17:53:10.46] /i de::pan -window [gi::getWindows 5] -direction E -multiplier [db::getPrefValue deCanvasMousePanMultiplier]
[17:53:10.51] /# gi::executeAction {deCanvasPanEast} -in [gi::getWindows 5]
[17:53:10.51] /i de::pan -window [gi::getWindows 5] -direction E -multiplier [db::getPrefValue deCanvasMousePanMultiplier]
[17:53:10.55] /# gi::executeAction {deCanvasPanEast} -in [gi::getWindows 5]
[17:53:10.55] /i de::pan -window [gi::getWindows 5] -direction E -multiplier [db::getPrefValue deCanvasMousePanMultiplier]
[17:53:10.59] /# gi::executeAction {deCanvasPanEast} -in [gi::getWindows 5]
[17:53:10.59] /i de::pan -window [gi::getWindows 5] -direction E -multiplier [db::getPrefValue deCanvasMousePanMultiplier]
[17:53:10.63] /# gi::executeAction {deCanvasPanEast} -in [gi::getWindows 5]
[17:53:10.63] /i de::pan -window [gi::getWindows 5] -direction E -multiplier [db::getPrefValue deCanvasMousePanMultiplier]
[17:53:10.68] /# gi::executeAction {deCanvasPanEast} -in [gi::getWindows 5]
[17:53:10.68] /i de::pan -window [gi::getWindows 5] -direction E -multiplier [db::getPrefValue deCanvasMousePanMultiplier]
[17:53:10.71] /# gi::executeAction {deCanvasPanEast} -in [gi::getWindows 5]
[17:53:10.71] /i de::pan -window [gi::getWindows 5] -direction E -multiplier [db::getPrefValue deCanvasMousePanMultiplier]
[17:53:10.76] /# gi::executeAction {deCanvasPanEast} -in [gi::getWindows 5]
[17:53:10.76] /i de::pan -window [gi::getWindows 5] -direction E -multiplier [db::getPrefValue deCanvasMousePanMultiplier]
[17:53:10.80] /# gi::executeAction {deCanvasPanEast} -in [gi::getWindows 5]
[17:53:10.80] /i de::pan -window [gi::getWindows 5] -direction E -multiplier [db::getPrefValue deCanvasMousePanMultiplier]
[17:53:10.83] /# gi::executeAction {deCanvasPanEast} -in [gi::getWindows 5]
[17:53:10.83] /i de::pan -window [gi::getWindows 5] -direction E -multiplier [db::getPrefValue deCanvasMousePanMultiplier]
[17:53:10.88] /# gi::executeAction {deCanvasPanEast} -in [gi::getWindows 5]
[17:53:10.88] /i de::pan -window [gi::getWindows 5] -direction E -multiplier [db::getPrefValue deCanvasMousePanMultiplier]
[17:53:10.93] /# gi::executeAction {deCanvasPanEast} -in [gi::getWindows 5]
[17:53:10.93] /i de::pan -window [gi::getWindows 5] -direction E -multiplier [db::getPrefValue deCanvasMousePanMultiplier]
[17:53:10.97] /# gi::executeAction {deCanvasPanEast} -in [gi::getWindows 5]
[17:53:10.97] /i de::pan -window [gi::getWindows 5] -direction E -multiplier [db::getPrefValue deCanvasMousePanMultiplier]
[17:53:11.01] /# gi::executeAction {deCanvasPanEast} -in [gi::getWindows 5]
[17:53:11.01] /i de::pan -window [gi::getWindows 5] -direction E -multiplier [db::getPrefValue deCanvasMousePanMultiplier]
[17:53:11.06] /# gi::executeAction {deCanvasPanEast} -in [gi::getWindows 5]
[17:53:11.06] /i de::pan -window [gi::getWindows 5] -direction E -multiplier [db::getPrefValue deCanvasMousePanMultiplier]
[17:53:11.12] /# gi::executeAction {deCanvasPanEast} -in [gi::getWindows 5]
[17:53:11.12] /i de::pan -window [gi::getWindows 5] -direction E -multiplier [db::getPrefValue deCanvasMousePanMultiplier]
[17:53:11.13] /# gi::executeAction {deCanvasPanEast} -in [gi::getWindows 5]
[17:53:11.13] /i de::pan -window [gi::getWindows 5] -direction E -multiplier [db::getPrefValue deCanvasMousePanMultiplier]
[17:53:11.18] /# gi::executeAction {deCanvasPanEast} -in [gi::getWindows 5]
[17:53:11.18] /i de::pan -window [gi::getWindows 5] -direction E -multiplier [db::getPrefValue deCanvasMousePanMultiplier]
[17:53:11.21] /# gi::executeAction {deCanvasPanEast} -in [gi::getWindows 5]
[17:53:11.21] /i de::pan -window [gi::getWindows 5] -direction E -multiplier [db::getPrefValue deCanvasMousePanMultiplier]
[17:53:11.26] /# gi::executeAction {deCanvasPanEast} -in [gi::getWindows 5]
[17:53:11.26] /i de::pan -window [gi::getWindows 5] -direction E -multiplier [db::getPrefValue deCanvasMousePanMultiplier]
[17:53:11.30] /# gi::executeAction {deCanvasPanEast} -in [gi::getWindows 5]
[17:53:11.30] /i de::pan -window [gi::getWindows 5] -direction E -multiplier [db::getPrefValue deCanvasMousePanMultiplier]
[17:53:11.33] /# gi::executeAction {deCanvasPanEast} -in [gi::getWindows 5]
[17:53:11.33] /i de::pan -window [gi::getWindows 5] -direction E -multiplier [db::getPrefValue deCanvasMousePanMultiplier]
[17:53:11.39] /# gi::executeAction {deCanvasPanEast} -in [gi::getWindows 5]
[17:53:11.39] /i de::pan -window [gi::getWindows 5] -direction E -multiplier [db::getPrefValue deCanvasMousePanMultiplier]
[17:53:11.43] /# gi::executeAction {deCanvasPanEast} -in [gi::getWindows 5]
[17:53:11.43] /i de::pan -window [gi::getWindows 5] -direction E -multiplier [db::getPrefValue deCanvasMousePanMultiplier]
[17:53:11.47] /# gi::executeAction {deCanvasPanEast} -in [gi::getWindows 5]
[17:53:11.47] /i de::pan -window [gi::getWindows 5] -direction E -multiplier [db::getPrefValue deCanvasMousePanMultiplier]
[17:53:11.51] /# gi::executeAction {deCanvasPanEast} -in [gi::getWindows 5]
[17:53:11.51] /i de::pan -window [gi::getWindows 5] -direction E -multiplier [db::getPrefValue deCanvasMousePanMultiplier]
[17:53:11.56] /# gi::executeAction {deCanvasPanEast} -in [gi::getWindows 5]
[17:53:11.56] /i de::pan -window [gi::getWindows 5] -direction E -multiplier [db::getPrefValue deCanvasMousePanMultiplier]
[17:53:11.59] /# gi::executeAction {deCanvasPanEast} -in [gi::getWindows 5]
[17:53:11.59] /i de::pan -window [gi::getWindows 5] -direction E -multiplier [db::getPrefValue deCanvasMousePanMultiplier]
[17:53:11.63] /# gi::executeAction {deCanvasPanEast} -in [gi::getWindows 5]
[17:53:11.63] /i de::pan -window [gi::getWindows 5] -direction E -multiplier [db::getPrefValue deCanvasMousePanMultiplier]
[17:53:11.68] /# gi::executeAction {deCanvasPanEast} -in [gi::getWindows 5]
[17:53:11.68] /i de::pan -window [gi::getWindows 5] -direction E -multiplier [db::getPrefValue deCanvasMousePanMultiplier]
[17:53:11.71] /# gi::executeAction {deCanvasPanEast} -in [gi::getWindows 5]
[17:53:11.71] /i de::pan -window [gi::getWindows 5] -direction E -multiplier [db::getPrefValue deCanvasMousePanMultiplier]
[17:53:11.76] /# gi::executeAction {deCanvasPanEast} -in [gi::getWindows 5]
[17:53:11.76] /i de::pan -window [gi::getWindows 5] -direction E -multiplier [db::getPrefValue deCanvasMousePanMultiplier]
[17:53:11.81] /# gi::executeAction {deCanvasPanEast} -in [gi::getWindows 5]
[17:53:11.81] /i de::pan -window [gi::getWindows 5] -direction E -multiplier [db::getPrefValue deCanvasMousePanMultiplier]
[17:53:11.84] /# gi::executeAction {deCanvasPanEast} -in [gi::getWindows 5]
[17:53:11.84] /i de::pan -window [gi::getWindows 5] -direction E -multiplier [db::getPrefValue deCanvasMousePanMultiplier]
[17:53:11.88] /# gi::executeAction {deCanvasPanEast} -in [gi::getWindows 5]
[17:53:11.88] /i de::pan -window [gi::getWindows 5] -direction E -multiplier [db::getPrefValue deCanvasMousePanMultiplier]
[17:53:11.93] /# gi::executeAction {deCanvasPanEast} -in [gi::getWindows 5]
[17:53:11.93] /i de::pan -window [gi::getWindows 5] -direction E -multiplier [db::getPrefValue deCanvasMousePanMultiplier]
[17:53:11.96] /# gi::executeAction {deCanvasPanEast} -in [gi::getWindows 5]
[17:53:11.96] /i de::pan -window [gi::getWindows 5] -direction E -multiplier [db::getPrefValue deCanvasMousePanMultiplier]
[17:53:12.01] /# gi::executeAction {deCanvasPanEast} -in [gi::getWindows 5]
[17:53:12.01] /i de::pan -window [gi::getWindows 5] -direction E -multiplier [db::getPrefValue deCanvasMousePanMultiplier]
[17:53:12.05] /# gi::executeAction {deCanvasPanEast} -in [gi::getWindows 5]
[17:53:12.05] /i de::pan -window [gi::getWindows 5] -direction E -multiplier [db::getPrefValue deCanvasMousePanMultiplier]
[17:53:12.09] /# gi::executeAction {deCanvasPanEast} -in [gi::getWindows 5]
[17:53:12.09] /i de::pan -window [gi::getWindows 5] -direction E -multiplier [db::getPrefValue deCanvasMousePanMultiplier]
[17:53:12.13] /# gi::executeAction {deCanvasPanEast} -in [gi::getWindows 5]
[17:53:12.13] /i de::pan -window [gi::getWindows 5] -direction E -multiplier [db::getPrefValue deCanvasMousePanMultiplier]
[17:53:12.19] /# gi::executeAction {deCanvasPanEast} -in [gi::getWindows 5]
[17:53:12.19] /i de::pan -window [gi::getWindows 5] -direction E -multiplier [db::getPrefValue deCanvasMousePanMultiplier]
[17:53:12.21] /# gi::executeAction {deCanvasPanEast} -in [gi::getWindows 5]
[17:53:12.21] /i de::pan -window [gi::getWindows 5] -direction E -multiplier [db::getPrefValue deCanvasMousePanMultiplier]
[17:53:12.26] /# gi::executeAction {deCanvasPanEast} -in [gi::getWindows 5]
[17:53:12.26] /i de::pan -window [gi::getWindows 5] -direction E -multiplier [db::getPrefValue deCanvasMousePanMultiplier]
[17:53:12.30] /# gi::executeAction {deCanvasPanEast} -in [gi::getWindows 5]
[17:53:12.30] /i de::pan -window [gi::getWindows 5] -direction E -multiplier [db::getPrefValue deCanvasMousePanMultiplier]
[17:53:12.34] /# gi::executeAction {deCanvasPanEast} -in [gi::getWindows 5]
[17:53:12.34] /i de::pan -window [gi::getWindows 5] -direction E -multiplier [db::getPrefValue deCanvasMousePanMultiplier]
[17:53:12.38] /# gi::executeAction {deCanvasPanEast} -in [gi::getWindows 5]
[17:53:12.38] /i de::pan -window [gi::getWindows 5] -direction E -multiplier [db::getPrefValue deCanvasMousePanMultiplier]
[17:53:12.43] /# gi::executeAction {deCanvasPanEast} -in [gi::getWindows 5]
[17:53:12.43] /i de::pan -window [gi::getWindows 5] -direction E -multiplier [db::getPrefValue deCanvasMousePanMultiplier]
[17:53:12.46] /# gi::executeAction {deCanvasPanEast} -in [gi::getWindows 5]
[17:53:12.46] /i de::pan -window [gi::getWindows 5] -direction E -multiplier [db::getPrefValue deCanvasMousePanMultiplier]
[17:53:12.51] /# gi::executeAction {deCanvasPanEast} -in [gi::getWindows 5]
[17:53:12.51] /i de::pan -window [gi::getWindows 5] -direction E -multiplier [db::getPrefValue deCanvasMousePanMultiplier]
[17:53:12.56] /# gi::executeAction {deCanvasPanEast} -in [gi::getWindows 5]
[17:53:12.56] /i de::pan -window [gi::getWindows 5] -direction E -multiplier [db::getPrefValue deCanvasMousePanMultiplier]
[17:53:12.59] /# gi::executeAction {deCanvasPanEast} -in [gi::getWindows 5]
[17:53:12.59] /i de::pan -window [gi::getWindows 5] -direction E -multiplier [db::getPrefValue deCanvasMousePanMultiplier]
[17:53:12.64] /# gi::executeAction {deCanvasPanEast} -in [gi::getWindows 5]
[17:53:12.64] /i de::pan -window [gi::getWindows 5] -direction E -multiplier [db::getPrefValue deCanvasMousePanMultiplier]
[17:53:12.68] /# gi::executeAction {deCanvasPanEast} -in [gi::getWindows 5]
[17:53:12.68] /i de::pan -window [gi::getWindows 5] -direction E -multiplier [db::getPrefValue deCanvasMousePanMultiplier]
[17:53:12.71] /# gi::executeAction {deCanvasPanEast} -in [gi::getWindows 5]
[17:53:12.71] /i de::pan -window [gi::getWindows 5] -direction E -multiplier [db::getPrefValue deCanvasMousePanMultiplier]
[17:53:12.76] /# gi::executeAction {deCanvasPanEast} -in [gi::getWindows 5]
[17:53:12.76] /i de::pan -window [gi::getWindows 5] -direction E -multiplier [db::getPrefValue deCanvasMousePanMultiplier]
[17:53:12.80] /# gi::executeAction {deCanvasPanEast} -in [gi::getWindows 5]
[17:53:12.80] /i de::pan -window [gi::getWindows 5] -direction E -multiplier [db::getPrefValue deCanvasMousePanMultiplier]
[17:53:12.83] /# gi::executeAction {deCanvasPanEast} -in [gi::getWindows 5]
[17:53:12.83] /i de::pan -window [gi::getWindows 5] -direction E -multiplier [db::getPrefValue deCanvasMousePanMultiplier]
[17:53:12.89] /# gi::executeAction {deCanvasPanEast} -in [gi::getWindows 5]
[17:53:12.89] /i de::pan -window [gi::getWindows 5] -direction E -multiplier [db::getPrefValue deCanvasMousePanMultiplier]
[17:53:12.93] /# gi::executeAction {deCanvasPanEast} -in [gi::getWindows 5]
[17:53:12.93] /i de::pan -window [gi::getWindows 5] -direction E -multiplier [db::getPrefValue deCanvasMousePanMultiplier]
[17:53:12.98] /# gi::executeAction {deCanvasPanEast} -in [gi::getWindows 5]
[17:53:12.98] /i de::pan -window [gi::getWindows 5] -direction E -multiplier [db::getPrefValue deCanvasMousePanMultiplier]
[17:53:13.01] /# gi::executeAction {deCanvasPanEast} -in [gi::getWindows 5]
[17:53:13.01] /i de::pan -window [gi::getWindows 5] -direction E -multiplier [db::getPrefValue deCanvasMousePanMultiplier]
[17:53:13.05] /# gi::executeAction {deCanvasPanEast} -in [gi::getWindows 5]
[17:53:13.05] /i de::pan -window [gi::getWindows 5] -direction E -multiplier [db::getPrefValue deCanvasMousePanMultiplier]
[17:53:13.08] /# gi::executeAction {deCanvasPanEast} -in [gi::getWindows 5]
[17:53:13.08] /i de::pan -window [gi::getWindows 5] -direction E -multiplier [db::getPrefValue deCanvasMousePanMultiplier]
[17:53:13.13] /# gi::executeAction {deCanvasPanEast} -in [gi::getWindows 5]
[17:53:13.13] /i de::pan -window [gi::getWindows 5] -direction E -multiplier [db::getPrefValue deCanvasMousePanMultiplier]
[17:53:13.18] /# gi::executeAction {deCanvasPanEast} -in [gi::getWindows 5]
[17:53:13.18] /i de::pan -window [gi::getWindows 5] -direction E -multiplier [db::getPrefValue deCanvasMousePanMultiplier]
[17:53:13.22] /# gi::executeAction {deCanvasPanEast} -in [gi::getWindows 5]
[17:53:13.22] /i de::pan -window [gi::getWindows 5] -direction E -multiplier [db::getPrefValue deCanvasMousePanMultiplier]
[17:53:13.26] /# gi::executeAction {deCanvasPanEast} -in [gi::getWindows 5]
[17:53:13.26] /i de::pan -window [gi::getWindows 5] -direction E -multiplier [db::getPrefValue deCanvasMousePanMultiplier]
[17:53:13.30] /# gi::executeAction {deCanvasPanEast} -in [gi::getWindows 5]
[17:53:13.30] /i de::pan -window [gi::getWindows 5] -direction E -multiplier [db::getPrefValue deCanvasMousePanMultiplier]
[17:53:13.33] /# gi::executeAction {deCanvasPanEast} -in [gi::getWindows 5]
[17:53:13.33] /i de::pan -window [gi::getWindows 5] -direction E -multiplier [db::getPrefValue deCanvasMousePanMultiplier]
[17:53:13.39] /# gi::executeAction {deCanvasPanEast} -in [gi::getWindows 5]
[17:53:13.39] /i de::pan -window [gi::getWindows 5] -direction E -multiplier [db::getPrefValue deCanvasMousePanMultiplier]
[17:53:13.43] /# gi::executeAction {deCanvasPanEast} -in [gi::getWindows 5]
[17:53:13.43] /i de::pan -window [gi::getWindows 5] -direction E -multiplier [db::getPrefValue deCanvasMousePanMultiplier]
[17:53:13.46] /# gi::executeAction {deCanvasPanEast} -in [gi::getWindows 5]
[17:53:13.46] /i de::pan -window [gi::getWindows 5] -direction E -multiplier [db::getPrefValue deCanvasMousePanMultiplier]
[17:53:13.51] /# gi::executeAction {deCanvasPanEast} -in [gi::getWindows 5]
[17:53:13.51] /i de::pan -window [gi::getWindows 5] -direction E -multiplier [db::getPrefValue deCanvasMousePanMultiplier]
[17:53:13.56] /# gi::executeAction {deCanvasPanEast} -in [gi::getWindows 5]
[17:53:13.56] /i de::pan -window [gi::getWindows 5] -direction E -multiplier [db::getPrefValue deCanvasMousePanMultiplier]
[17:53:13.59] /# gi::executeAction {deCanvasPanEast} -in [gi::getWindows 5]
[17:53:13.59] /i de::pan -window [gi::getWindows 5] -direction E -multiplier [db::getPrefValue deCanvasMousePanMultiplier]
[17:53:13.63] /# gi::executeAction {deCanvasPanEast} -in [gi::getWindows 5]
[17:53:13.63] /i de::pan -window [gi::getWindows 5] -direction E -multiplier [db::getPrefValue deCanvasMousePanMultiplier]
[17:53:13.68] /# gi::executeAction {deCanvasPanEast} -in [gi::getWindows 5]
[17:53:13.68] /i de::pan -window [gi::getWindows 5] -direction E -multiplier [db::getPrefValue deCanvasMousePanMultiplier]
[17:53:13.71] /# gi::executeAction {deCanvasPanEast} -in [gi::getWindows 5]
[17:53:13.71] /i de::pan -window [gi::getWindows 5] -direction E -multiplier [db::getPrefValue deCanvasMousePanMultiplier]
[17:53:13.76] /# gi::executeAction {deCanvasPanEast} -in [gi::getWindows 5]
[17:53:13.76] /i de::pan -window [gi::getWindows 5] -direction E -multiplier [db::getPrefValue deCanvasMousePanMultiplier]
[17:53:13.80] /# gi::executeAction {deCanvasPanEast} -in [gi::getWindows 5]
[17:53:13.80] /i de::pan -window [gi::getWindows 5] -direction E -multiplier [db::getPrefValue deCanvasMousePanMultiplier]
[17:53:13.83] /# gi::executeAction {deCanvasPanEast} -in [gi::getWindows 5]
[17:53:13.83] /i de::pan -window [gi::getWindows 5] -direction E -multiplier [db::getPrefValue deCanvasMousePanMultiplier]
[17:53:13.89] /# gi::executeAction {deCanvasPanEast} -in [gi::getWindows 5]
[17:53:13.89] /i de::pan -window [gi::getWindows 5] -direction E -multiplier [db::getPrefValue deCanvasMousePanMultiplier]
[17:53:13.93] /# gi::executeAction {deCanvasPanEast} -in [gi::getWindows 5]
[17:53:13.93] /i de::pan -window [gi::getWindows 5] -direction E -multiplier [db::getPrefValue deCanvasMousePanMultiplier]
[17:53:13.96] /# gi::executeAction {deCanvasPanEast} -in [gi::getWindows 5]
[17:53:13.96] /i de::pan -window [gi::getWindows 5] -direction E -multiplier [db::getPrefValue deCanvasMousePanMultiplier]
[17:53:14.01] /# gi::executeAction {deCanvasPanEast} -in [gi::getWindows 5]
[17:53:14.01] /i de::pan -window [gi::getWindows 5] -direction E -multiplier [db::getPrefValue deCanvasMousePanMultiplier]
[17:53:14.06] /# gi::executeAction {deCanvasPanEast} -in [gi::getWindows 5]
[17:53:14.06] /i de::pan -window [gi::getWindows 5] -direction E -multiplier [db::getPrefValue deCanvasMousePanMultiplier]
[17:53:14.12] /# gi::executeAction {deCanvasPanEast} -in [gi::getWindows 5]
[17:53:14.12] /i de::pan -window [gi::getWindows 5] -direction E -multiplier [db::getPrefValue deCanvasMousePanMultiplier]
[17:53:14.14] /# gi::executeAction {deCanvasPanEast} -in [gi::getWindows 5]
[17:53:14.14] /i de::pan -window [gi::getWindows 5] -direction E -multiplier [db::getPrefValue deCanvasMousePanMultiplier]
[17:53:14.18] /# gi::executeAction {deCanvasPanEast} -in [gi::getWindows 5]
[17:53:14.18] /i de::pan -window [gi::getWindows 5] -direction E -multiplier [db::getPrefValue deCanvasMousePanMultiplier]
[17:53:14.21] /# gi::executeAction {deCanvasPanEast} -in [gi::getWindows 5]
[17:53:14.21] /i de::pan -window [gi::getWindows 5] -direction E -multiplier [db::getPrefValue deCanvasMousePanMultiplier]
[17:53:14.26] /# gi::executeAction {deCanvasPanEast} -in [gi::getWindows 5]
[17:53:14.26] /i de::pan -window [gi::getWindows 5] -direction E -multiplier [db::getPrefValue deCanvasMousePanMultiplier]
[17:53:14.31] /# gi::executeAction {deCanvasPanEast} -in [gi::getWindows 5]
[17:53:14.31] /i de::pan -window [gi::getWindows 5] -direction E -multiplier [db::getPrefValue deCanvasMousePanMultiplier]
[17:53:14.34] /# gi::executeAction {deCanvasPanEast} -in [gi::getWindows 5]
[17:53:14.34] /i de::pan -window [gi::getWindows 5] -direction E -multiplier [db::getPrefValue deCanvasMousePanMultiplier]
[17:53:14.39] /# gi::executeAction {deCanvasPanEast} -in [gi::getWindows 5]
[17:53:14.39] /i de::pan -window [gi::getWindows 5] -direction E -multiplier [db::getPrefValue deCanvasMousePanMultiplier]
[17:53:14.43] /# gi::executeAction {deCanvasPanEast} -in [gi::getWindows 5]
[17:53:14.43] /i de::pan -window [gi::getWindows 5] -direction E -multiplier [db::getPrefValue deCanvasMousePanMultiplier]
[17:53:14.46] /# gi::executeAction {deCanvasPanEast} -in [gi::getWindows 5]
[17:53:14.46] /i de::pan -window [gi::getWindows 5] -direction E -multiplier [db::getPrefValue deCanvasMousePanMultiplier]
[17:53:14.51] /# gi::executeAction {deCanvasPanEast} -in [gi::getWindows 5]
[17:53:14.51] /i de::pan -window [gi::getWindows 5] -direction E -multiplier [db::getPrefValue deCanvasMousePanMultiplier]
[17:53:14.55] /# gi::executeAction {deCanvasPanEast} -in [gi::getWindows 5]
[17:53:14.55] /i de::pan -window [gi::getWindows 5] -direction E -multiplier [db::getPrefValue deCanvasMousePanMultiplier]
[17:53:14.58] /# gi::executeAction {deCanvasPanEast} -in [gi::getWindows 5]
[17:53:14.58] /i de::pan -window [gi::getWindows 5] -direction E -multiplier [db::getPrefValue deCanvasMousePanMultiplier]
[17:53:14.63] /# gi::executeAction {deCanvasPanEast} -in [gi::getWindows 5]
[17:53:14.63] /i de::pan -window [gi::getWindows 5] -direction E -multiplier [db::getPrefValue deCanvasMousePanMultiplier]
[17:53:14.69] /# gi::executeAction {deCanvasPanEast} -in [gi::getWindows 5]
[17:53:14.69] /i de::pan -window [gi::getWindows 5] -direction E -multiplier [db::getPrefValue deCanvasMousePanMultiplier]
[17:53:14.71] /# gi::executeAction {deCanvasPanEast} -in [gi::getWindows 5]
[17:53:14.71] /i de::pan -window [gi::getWindows 5] -direction E -multiplier [db::getPrefValue deCanvasMousePanMultiplier]
[17:53:14.76] /# gi::executeAction {deCanvasPanEast} -in [gi::getWindows 5]
[17:53:14.76] /i de::pan -window [gi::getWindows 5] -direction E -multiplier [db::getPrefValue deCanvasMousePanMultiplier]
[17:53:14.80] /# gi::executeAction {deCanvasPanEast} -in [gi::getWindows 5]
[17:53:14.80] /i de::pan -window [gi::getWindows 5] -direction E -multiplier [db::getPrefValue deCanvasMousePanMultiplier]
[17:53:14.83] /# gi::executeAction {deCanvasPanEast} -in [gi::getWindows 5]
[17:53:14.83] /i de::pan -window [gi::getWindows 5] -direction E -multiplier [db::getPrefValue deCanvasMousePanMultiplier]
[17:53:14.88] /# gi::executeAction {deCanvasPanEast} -in [gi::getWindows 5]
[17:53:14.88] /i de::pan -window [gi::getWindows 5] -direction E -multiplier [db::getPrefValue deCanvasMousePanMultiplier]
[17:53:14.93] /# gi::executeAction {deCanvasPanEast} -in [gi::getWindows 5]
[17:53:14.93] /i de::pan -window [gi::getWindows 5] -direction E -multiplier [db::getPrefValue deCanvasMousePanMultiplier]
[17:53:14.96] /# gi::executeAction {deCanvasPanEast} -in [gi::getWindows 5]
[17:53:14.96] /i de::pan -window [gi::getWindows 5] -direction E -multiplier [db::getPrefValue deCanvasMousePanMultiplier]
[17:53:15.01] /# gi::executeAction {deCanvasPanEast} -in [gi::getWindows 5]
[17:53:15.01] /i de::pan -window [gi::getWindows 5] -direction E -multiplier [db::getPrefValue deCanvasMousePanMultiplier]
[17:53:15.05] /# gi::executeAction {deCanvasPanEast} -in [gi::getWindows 5]
[17:53:15.05] /i de::pan -window [gi::getWindows 5] -direction E -multiplier [db::getPrefValue deCanvasMousePanMultiplier]
[17:53:15.08] /# gi::executeAction {deCanvasPanEast} -in [gi::getWindows 5]
[17:53:15.08] /i de::pan -window [gi::getWindows 5] -direction E -multiplier [db::getPrefValue deCanvasMousePanMultiplier]
[17:53:15.13] /# gi::executeAction {deCanvasPanEast} -in [gi::getWindows 5]
[17:53:15.13] /i de::pan -window [gi::getWindows 5] -direction E -multiplier [db::getPrefValue deCanvasMousePanMultiplier]
[17:53:15.19] /# gi::executeAction {deCanvasPanEast} -in [gi::getWindows 5]
[17:53:15.19] /i de::pan -window [gi::getWindows 5] -direction E -multiplier [db::getPrefValue deCanvasMousePanMultiplier]
[17:53:15.22] /# gi::executeAction {deCanvasPanEast} -in [gi::getWindows 5]
[17:53:15.22] /i de::pan -window [gi::getWindows 5] -direction E -multiplier [db::getPrefValue deCanvasMousePanMultiplier]
[17:53:15.26] /# gi::executeAction {deCanvasPanEast} -in [gi::getWindows 5]
[17:53:15.26] /i de::pan -window [gi::getWindows 5] -direction E -multiplier [db::getPrefValue deCanvasMousePanMultiplier]
[17:53:15.30] /# gi::executeAction {deCanvasPanEast} -in [gi::getWindows 5]
[17:53:15.30] /i de::pan -window [gi::getWindows 5] -direction E -multiplier [db::getPrefValue deCanvasMousePanMultiplier]
[17:53:15.34] /# gi::executeAction {deCanvasPanEast} -in [gi::getWindows 5]
[17:53:15.34] /i de::pan -window [gi::getWindows 5] -direction E -multiplier [db::getPrefValue deCanvasMousePanMultiplier]
[17:53:15.38] /# gi::executeAction {deCanvasPanEast} -in [gi::getWindows 5]
[17:53:15.38] /i de::pan -window [gi::getWindows 5] -direction E -multiplier [db::getPrefValue deCanvasMousePanMultiplier]
[17:53:15.43] /# gi::executeAction {deCanvasPanEast} -in [gi::getWindows 5]
[17:53:15.43] /i de::pan -window [gi::getWindows 5] -direction E -multiplier [db::getPrefValue deCanvasMousePanMultiplier]
[17:53:15.46] /# gi::executeAction {deCanvasPanEast} -in [gi::getWindows 5]
[17:53:15.46] /i de::pan -window [gi::getWindows 5] -direction E -multiplier [db::getPrefValue deCanvasMousePanMultiplier]
[17:53:15.51] /# gi::executeAction {deCanvasPanEast} -in [gi::getWindows 5]
[17:53:15.51] /i de::pan -window [gi::getWindows 5] -direction E -multiplier [db::getPrefValue deCanvasMousePanMultiplier]
[17:53:15.55] /# gi::executeAction {deCanvasPanEast} -in [gi::getWindows 5]
[17:53:15.55] /i de::pan -window [gi::getWindows 5] -direction E -multiplier [db::getPrefValue deCanvasMousePanMultiplier]
[17:53:15.59] /# gi::executeAction {deCanvasPanEast} -in [gi::getWindows 5]
[17:53:15.59] /i de::pan -window [gi::getWindows 5] -direction E -multiplier [db::getPrefValue deCanvasMousePanMultiplier]
[17:53:15.63] /# gi::executeAction {deCanvasPanEast} -in [gi::getWindows 5]
[17:53:15.63] /i de::pan -window [gi::getWindows 5] -direction E -multiplier [db::getPrefValue deCanvasMousePanMultiplier]
[17:53:15.68] /# gi::executeAction {deCanvasPanEast} -in [gi::getWindows 5]
[17:53:15.68] /i de::pan -window [gi::getWindows 5] -direction E -multiplier [db::getPrefValue deCanvasMousePanMultiplier]
[17:53:15.71] /# gi::executeAction {deCanvasPanEast} -in [gi::getWindows 5]
[17:53:15.71] /i de::pan -window [gi::getWindows 5] -direction E -multiplier [db::getPrefValue deCanvasMousePanMultiplier]
[17:53:15.75] /# gi::executeAction {deCanvasPanEast} -in [gi::getWindows 5]
[17:53:15.75] /i de::pan -window [gi::getWindows 5] -direction E -multiplier [db::getPrefValue deCanvasMousePanMultiplier]
[17:53:15.80] /# gi::executeAction {deCanvasPanEast} -in [gi::getWindows 5]
[17:53:15.80] /i de::pan -window [gi::getWindows 5] -direction E -multiplier [db::getPrefValue deCanvasMousePanMultiplier]
[17:53:15.83] /# gi::executeAction {deCanvasPanEast} -in [gi::getWindows 5]
[17:53:15.83] /i de::pan -window [gi::getWindows 5] -direction E -multiplier [db::getPrefValue deCanvasMousePanMultiplier]
[17:53:15.88] /# gi::executeAction {deCanvasPanEast} -in [gi::getWindows 5]
[17:53:15.88] /i de::pan -window [gi::getWindows 5] -direction E -multiplier [db::getPrefValue deCanvasMousePanMultiplier]
[17:53:15.93] /# gi::executeAction {deCanvasPanEast} -in [gi::getWindows 5]
[17:53:15.93] /i de::pan -window [gi::getWindows 5] -direction E -multiplier [db::getPrefValue deCanvasMousePanMultiplier]
[17:53:15.97] /# gi::executeAction {deCanvasPanEast} -in [gi::getWindows 5]
[17:53:15.97] /i de::pan -window [gi::getWindows 5] -direction E -multiplier [db::getPrefValue deCanvasMousePanMultiplier]
[17:53:16.01] /# gi::executeAction {deCanvasPanEast} -in [gi::getWindows 5]
[17:53:16.01] /i de::pan -window [gi::getWindows 5] -direction E -multiplier [db::getPrefValue deCanvasMousePanMultiplier]
[17:53:16.06] /# gi::executeAction {deCanvasPanEast} -in [gi::getWindows 5]
[17:53:16.06] /i de::pan -window [gi::getWindows 5] -direction E -multiplier [db::getPrefValue deCanvasMousePanMultiplier]
[17:53:16.09] /# gi::executeAction {deCanvasPanEast} -in [gi::getWindows 5]
[17:53:16.09] /i de::pan -window [gi::getWindows 5] -direction E -multiplier [db::getPrefValue deCanvasMousePanMultiplier]
[17:53:16.14] /# gi::executeAction {deCanvasPanEast} -in [gi::getWindows 5]
[17:53:16.14] /i de::pan -window [gi::getWindows 5] -direction E -multiplier [db::getPrefValue deCanvasMousePanMultiplier]
[17:53:16.18] /# gi::executeAction {deCanvasPanEast} -in [gi::getWindows 5]
[17:53:16.18] /i de::pan -window [gi::getWindows 5] -direction E -multiplier [db::getPrefValue deCanvasMousePanMultiplier]
[17:53:16.21] /# gi::executeAction {deCanvasPanEast} -in [gi::getWindows 5]
[17:53:16.21] /i de::pan -window [gi::getWindows 5] -direction E -multiplier [db::getPrefValue deCanvasMousePanMultiplier]
[17:53:16.26] /# gi::executeAction {deCanvasPanEast} -in [gi::getWindows 5]
[17:53:16.26] /i de::pan -window [gi::getWindows 5] -direction E -multiplier [db::getPrefValue deCanvasMousePanMultiplier]
[17:53:16.30] /# gi::executeAction {deCanvasPanEast} -in [gi::getWindows 5]
[17:53:16.30] /i de::pan -window [gi::getWindows 5] -direction E -multiplier [db::getPrefValue deCanvasMousePanMultiplier]
[17:53:16.33] /# gi::executeAction {deCanvasPanEast} -in [gi::getWindows 5]
[17:53:16.33] /i de::pan -window [gi::getWindows 5] -direction E -multiplier [db::getPrefValue deCanvasMousePanMultiplier]
[17:53:16.38] /# gi::executeAction {deCanvasPanEast} -in [gi::getWindows 5]
[17:53:16.39] /i de::pan -window [gi::getWindows 5] -direction E -multiplier [db::getPrefValue deCanvasMousePanMultiplier]
[17:53:16.43] /# gi::executeAction {deCanvasPanEast} -in [gi::getWindows 5]
[17:53:16.43] /i de::pan -window [gi::getWindows 5] -direction E -multiplier [db::getPrefValue deCanvasMousePanMultiplier]
[17:53:16.47] /# gi::executeAction {deCanvasPanEast} -in [gi::getWindows 5]
[17:53:16.47] /i de::pan -window [gi::getWindows 5] -direction E -multiplier [db::getPrefValue deCanvasMousePanMultiplier]
[17:53:16.52] /# gi::executeAction {deCanvasPanEast} -in [gi::getWindows 5]
[17:53:16.52] /i de::pan -window [gi::getWindows 5] -direction E -multiplier [db::getPrefValue deCanvasMousePanMultiplier]
[17:53:18.10] /# gi::executeAction {deCanvasPanWest} -in [gi::getWindows 5]
[17:53:18.10] /i de::pan -window [gi::getWindows 5] -direction W -multiplier [db::getPrefValue deCanvasMousePanMultiplier]
[17:53:18.62] /# gi::executeAction {deCanvasPanWest} -in [gi::getWindows 5]
[17:53:18.62] /i de::pan -window [gi::getWindows 5] -direction W -multiplier [db::getPrefValue deCanvasMousePanMultiplier]
[17:53:18.63] /# gi::executeAction {deCanvasPanWest} -in [gi::getWindows 5]
[17:53:18.63] /i de::pan -window [gi::getWindows 5] -direction W -multiplier [db::getPrefValue deCanvasMousePanMultiplier]
[17:53:18.69] /# gi::executeAction {deCanvasPanWest} -in [gi::getWindows 5]
[17:53:18.69] /i de::pan -window [gi::getWindows 5] -direction W -multiplier [db::getPrefValue deCanvasMousePanMultiplier]
[17:53:18.72] /# gi::executeAction {deCanvasPanWest} -in [gi::getWindows 5]
[17:53:18.72] /i de::pan -window [gi::getWindows 5] -direction W -multiplier [db::getPrefValue deCanvasMousePanMultiplier]
[17:53:18.76] /# gi::executeAction {deCanvasPanWest} -in [gi::getWindows 5]
[17:53:18.76] /i de::pan -window [gi::getWindows 5] -direction W -multiplier [db::getPrefValue deCanvasMousePanMultiplier]
[17:53:18.81] /# gi::executeAction {deCanvasPanWest} -in [gi::getWindows 5]
[17:53:18.81] /i de::pan -window [gi::getWindows 5] -direction W -multiplier [db::getPrefValue deCanvasMousePanMultiplier]
[17:53:18.84] /# gi::executeAction {deCanvasPanWest} -in [gi::getWindows 5]
[17:53:18.84] /i de::pan -window [gi::getWindows 5] -direction W -multiplier [db::getPrefValue deCanvasMousePanMultiplier]
[17:53:18.88] /# gi::executeAction {deCanvasPanWest} -in [gi::getWindows 5]
[17:53:18.88] /i de::pan -window [gi::getWindows 5] -direction W -multiplier [db::getPrefValue deCanvasMousePanMultiplier]
[17:53:18.93] /# gi::executeAction {deCanvasPanWest} -in [gi::getWindows 5]
[17:53:18.93] /i de::pan -window [gi::getWindows 5] -direction W -multiplier [db::getPrefValue deCanvasMousePanMultiplier]
[17:53:18.96] /# gi::executeAction {deCanvasPanWest} -in [gi::getWindows 5]
[17:53:18.96] /i de::pan -window [gi::getWindows 5] -direction W -multiplier [db::getPrefValue deCanvasMousePanMultiplier]
[17:53:19.01] /# gi::executeAction {deCanvasPanWest} -in [gi::getWindows 5]
[17:53:19.01] /i de::pan -window [gi::getWindows 5] -direction W -multiplier [db::getPrefValue deCanvasMousePanMultiplier]
[17:53:19.06] /# gi::executeAction {deCanvasPanWest} -in [gi::getWindows 5]
[17:53:19.06] /i de::pan -window [gi::getWindows 5] -direction W -multiplier [db::getPrefValue deCanvasMousePanMultiplier]
[17:53:19.08] /# gi::executeAction {deCanvasPanWest} -in [gi::getWindows 5]
[17:53:19.08] /i de::pan -window [gi::getWindows 5] -direction W -multiplier [db::getPrefValue deCanvasMousePanMultiplier]
[17:53:19.13] /# gi::executeAction {deCanvasPanWest} -in [gi::getWindows 5]
[17:53:19.13] /i de::pan -window [gi::getWindows 5] -direction W -multiplier [db::getPrefValue deCanvasMousePanMultiplier]
[17:53:19.18] /# gi::executeAction {deCanvasPanWest} -in [gi::getWindows 5]
[17:53:19.18] /i de::pan -window [gi::getWindows 5] -direction W -multiplier [db::getPrefValue deCanvasMousePanMultiplier]
[17:53:19.22] /# gi::executeAction {deCanvasPanWest} -in [gi::getWindows 5]
[17:53:19.22] /i de::pan -window [gi::getWindows 5] -direction W -multiplier [db::getPrefValue deCanvasMousePanMultiplier]
[17:53:19.83] /# gi::executeAction {deCanvasPanEast} -in [gi::getWindows 5]
[17:53:19.83] /i de::pan -window [gi::getWindows 5] -direction E -multiplier [db::getPrefValue deCanvasMousePanMultiplier]
[17:53:20.03] /# gi::executeAction {deCanvasPanEast} -in [gi::getWindows 5]
[17:53:20.03] /i de::pan -window [gi::getWindows 5] -direction E -multiplier [db::getPrefValue deCanvasMousePanMultiplier]
[17:53:20.21] /# gi::executeAction {deCanvasPanEast} -in [gi::getWindows 5]
[17:53:20.21] /i de::pan -window [gi::getWindows 5] -direction E -multiplier [db::getPrefValue deCanvasMousePanMultiplier]
[17:53:20.40] /# gi::executeAction {deCanvasPanEast} -in [gi::getWindows 5]
[17:53:20.40] /i de::pan -window [gi::getWindows 5] -direction E -multiplier [db::getPrefValue deCanvasMousePanMultiplier]
[17:53:20.61] /# gi::executeAction {deCanvasPanEast} -in [gi::getWindows 5]
[17:53:20.61] /i de::pan -window [gi::getWindows 5] -direction E -multiplier [db::getPrefValue deCanvasMousePanMultiplier]
[17:53:20.80] /# gi::executeAction {deCanvasPanEast} -in [gi::getWindows 5]
[17:53:20.80] /i de::pan -window [gi::getWindows 5] -direction E -multiplier [db::getPrefValue deCanvasMousePanMultiplier]
[17:53:21.01] /# gi::executeAction {deCanvasPanEast} -in [gi::getWindows 5]
[17:53:21.01] /i de::pan -window [gi::getWindows 5] -direction E -multiplier [db::getPrefValue deCanvasMousePanMultiplier]
[17:53:21.72] /# gi::executeAction {deCanvasPanWest} -in [gi::getWindows 5]
[17:53:21.72] /i de::pan -window [gi::getWindows 5] -direction W -multiplier [db::getPrefValue deCanvasMousePanMultiplier]
[17:53:21.94] /# gi::executeAction {deCanvasPanWest} -in [gi::getWindows 5]
[17:53:21.94] /i de::pan -window [gi::getWindows 5] -direction W -multiplier [db::getPrefValue deCanvasMousePanMultiplier]
[17:53:22.60] /# gi::executeAction {deCanvasZoomOutAtPoint} -in [gi::getWindows 5]
[17:53:22.60] /i de::zoom -window [gi::getWindows 5] -factor [expr {1.0/[db::getPrefValue deCanvasMouseZoomFactor]}] -center {3.025 0.0455}
[17:53:22.92] /# gi::executeAction {deCanvasZoomOutAtPoint} -in [gi::getWindows 5]
[17:53:22.92] /i de::zoom -window [gi::getWindows 5] -factor [expr {1.0/[db::getPrefValue deCanvasMouseZoomFactor]}] -center {3.0245 0.0455}
[17:53:23.25] /# gi::executeAction {deCanvasPanWest} -in [gi::getWindows 5]
[17:53:23.25] /i de::pan -window [gi::getWindows 5] -direction W -multiplier [db::getPrefValue deCanvasMousePanMultiplier]
[17:53:23.85] /# gi::executeAction {deCanvasPanWest} -in [gi::getWindows 5]
[17:53:23.85] /i de::pan -window [gi::getWindows 5] -direction W -multiplier [db::getPrefValue deCanvasMousePanMultiplier]
[17:53:26.33] /# gi::executeAction {deCanvasZoomInAtPoint} -in [gi::getWindows 5]
[17:53:26.33] /i de::zoom -window [gi::getWindows 5] -factor [db::getPrefValue deCanvasMouseZoomFactor] -center {2.9225 0.045}
[17:53:26.60] /# gi::executeAction {deCanvasZoomInAtPoint} -in [gi::getWindows 5]
[17:53:26.60] /i de::zoom -window [gi::getWindows 5] -factor [db::getPrefValue deCanvasMouseZoomFactor] -center {2.9225 0.045}
[17:53:27.51] /# gi::executeAction {deCanvasZoomOutAtPoint} -in [gi::getWindows 5]
[17:53:27.51] /i de::zoom -window [gi::getWindows 5] -factor [expr {1.0/[db::getPrefValue deCanvasMouseZoomFactor]}] -center {2.9225 0.045}
[17:53:28.77] /# gi::executeAction {deCanvasZoomInAtPoint} -in [gi::getWindows 5]
[17:53:28.77] /i de::zoom -window [gi::getWindows 5] -factor [db::getPrefValue deCanvasMouseZoomFactor] -center {2.923 0.045}
[17:53:29.13] /# gi::executeAction {deCanvasZoomInAtPoint} -in [gi::getWindows 5]
[17:53:29.13] /i de::zoom -window [gi::getWindows 5] -factor [db::getPrefValue deCanvasMouseZoomFactor] -center {2.923 0.045}
[17:53:33.21] /# gi::executeAction {deAddPoint} -in [gi::getWindows 5]
[17:53:33.21] /i le::createRectangle {{0.045 0.0455} {2.923 0.0565}} -design [ed] -lpp {M0B drawing} 
[17:53:34.35] /# gi::executeAction {deFitView} -in [gi::getWindows 5]
[17:53:34.35] /i de::fit -window 5 -fitView true
[17:53:36.33] /# gi::executeAction {deAbortCommand} -in [gi::getWindows 5]
[17:53:38.42] /i gi::executeAction {deSaveDesign} -in [gi::getWindows 5]
[17:53:38.46] /m Information: Saving design 'group8 memory_array_with_precharge layout'. (DESIGN_WINDOW-004)
[17:53:42.84] /# gi::executeAction {xtDRCRun} -in [gi::getWindows 5]
[17:53:42.84] /i xt::physicalVerification::executeRun drc 5
[17:53:43.25] /i xt::physicalVerification::executePve drc 5 xtDRCExecutePve
[17:53:44.81] /m Information: Starting 'Stream Export of OA cell 'group8/memory_array_with_precharge/layout''...
[17:53:48.24] /m Information: "PVE Stream Export finished successfully with 0 error, 1 warning." (DATA_IO_COMMANDS-002)
[17:53:48.24] /m Information: Starting IC Validator 'DRC' verification job on Stream cell: memory_array_with_precharge
[17:53:48.76] /# gi::executeAction {deCanvasZoomInAtPoint} -in [gi::getWindows 5]
[17:53:48.76] /i de::zoom -window [gi::getWindows 5] -factor [db::getPrefValue deCanvasMouseZoomFactor] -center {1.1435 0.0315}
[17:53:48.81] /# gi::executeAction {deCanvasZoomInAtPoint} -in [gi::getWindows 5]
[17:53:48.81] /i de::zoom -window [gi::getWindows 5] -factor [db::getPrefValue deCanvasMouseZoomFactor] -center {1.1435 0.0315}
[17:53:48.93] /r giWindowId 6
[17:53:48.95] /r giWindowGeometry 800x600
[17:54:04.16] /m Information: 
              /c =============================
              /c JobID: icv_drc_327
              /c Completed with no errors.
              /c =============================
              /c 
[17:54:14.96] /i gi::executeAction {giCloseWindow} -in [gi::getWindows 6]
[17:54:16.31] /# gi::executeAction {deFitView} -in [gi::getWindows 5]
[17:54:16.31] /i de::fit -window 5 -fitView true
[18:16:46.65] /# gi::executeAction {deCanvasZoomInAtPoint} -in [gi::getWindows 5]
[18:16:46.65] /i de::zoom -window [gi::getWindows 5] -factor [db::getPrefValue deCanvasMouseZoomFactor] -center {0.0995 -0.0335}
[18:16:46.66] /# gi::executeAction {deCanvasZoomInAtPoint} -in [gi::getWindows 5]
[18:16:46.66] /i de::zoom -window [gi::getWindows 5] -factor [db::getPrefValue deCanvasMouseZoomFactor] -center {0.0995 -0.0335}
[18:16:46.88] /# gi::executeAction {deCanvasZoomInAtPoint} -in [gi::getWindows 5]
[18:16:46.88] /i de::zoom -window [gi::getWindows 5] -factor [db::getPrefValue deCanvasMouseZoomFactor] -center {0.0995 -0.0335}
[18:16:47.01] /# gi::executeAction {deCanvasZoomInAtPoint} -in [gi::getWindows 5]
[18:16:47.01] /i de::zoom -window [gi::getWindows 5] -factor [db::getPrefValue deCanvasMouseZoomFactor] -center {0.0995 -0.0335}
[18:16:47.55] /# gi::executeAction {deCanvasZoomOutAtPoint} -in [gi::getWindows 5]
[18:16:47.55] /i de::zoom -window [gi::getWindows 5] -factor [expr {1.0/[db::getPrefValue deCanvasMouseZoomFactor]}] -center {0.0995 -0.0335}
[18:16:47.55] /# gi::executeAction {deCanvasZoomOutAtPoint} -in [gi::getWindows 5]
[18:16:47.55] /i de::zoom -window [gi::getWindows 5] -factor [expr {1.0/[db::getPrefValue deCanvasMouseZoomFactor]}] -center {0.0995 -0.0335}
[18:16:48.77] /# gi::executeAction {deCanvasZoomInAtPoint} -in [gi::getWindows 5]
[18:16:48.77] /i de::zoom -window [gi::getWindows 5] -factor [db::getPrefValue deCanvasMouseZoomFactor] -center {0.148 0.0605}
[18:16:48.88] /# gi::executeAction {deCanvasZoomInAtPoint} -in [gi::getWindows 5]
[18:16:48.88] /i de::zoom -window [gi::getWindows 5] -factor [db::getPrefValue deCanvasMouseZoomFactor] -center {0.148 0.0605}
[18:16:49.58] /# gi::executeAction {deCanvasZoomOutAtPoint} -in [gi::getWindows 5]
[18:16:49.58] /i de::zoom -window [gi::getWindows 5] -factor [expr {1.0/[db::getPrefValue deCanvasMouseZoomFactor]}] -center {0.148 0.0605}
[18:16:49.75] /# gi::executeAction {deCanvasZoomOutAtPoint} -in [gi::getWindows 5]
[18:16:49.75] /i de::zoom -window [gi::getWindows 5] -factor [expr {1.0/[db::getPrefValue deCanvasMouseZoomFactor]}] -center {0.148 0.0605}
[18:16:49.92] /# gi::executeAction {deCanvasZoomInAtPoint} -in [gi::getWindows 5]
[18:16:49.92] /i de::zoom -window [gi::getWindows 5] -factor [db::getPrefValue deCanvasMouseZoomFactor] -center {0.148 0.0605}
[18:16:51.50] /# gi::executeAction {deCanvasPanEast} -in [gi::getWindows 5]
[18:16:51.50] /i de::pan -window [gi::getWindows 5] -direction E -multiplier [db::getPrefValue deCanvasMousePanMultiplier]
[18:16:52.00] /# gi::executeAction {deCanvasPanEast} -in [gi::getWindows 5]
[18:16:52.00] /i de::pan -window [gi::getWindows 5] -direction E -multiplier [db::getPrefValue deCanvasMousePanMultiplier]
[18:16:52.04] /# gi::executeAction {deCanvasPanEast} -in [gi::getWindows 5]
[18:16:52.04] /i de::pan -window [gi::getWindows 5] -direction E -multiplier [db::getPrefValue deCanvasMousePanMultiplier]
[18:16:52.08] /# gi::executeAction {deCanvasPanEast} -in [gi::getWindows 5]
[18:16:52.08] /i de::pan -window [gi::getWindows 5] -direction E -multiplier [db::getPrefValue deCanvasMousePanMultiplier]
[18:16:52.12] /# gi::executeAction {deCanvasPanEast} -in [gi::getWindows 5]
[18:16:52.12] /i de::pan -window [gi::getWindows 5] -direction E -multiplier [db::getPrefValue deCanvasMousePanMultiplier]
[18:16:52.17] /# gi::executeAction {deCanvasPanEast} -in [gi::getWindows 5]
[18:16:52.17] /i de::pan -window [gi::getWindows 5] -direction E -multiplier [db::getPrefValue deCanvasMousePanMultiplier]
[18:16:52.20] /# gi::executeAction {deCanvasPanEast} -in [gi::getWindows 5]
[18:16:52.20] /i de::pan -window [gi::getWindows 5] -direction E -multiplier [db::getPrefValue deCanvasMousePanMultiplier]
[18:16:52.24] /# gi::executeAction {deCanvasPanEast} -in [gi::getWindows 5]
[18:16:52.24] /i de::pan -window [gi::getWindows 5] -direction E -multiplier [db::getPrefValue deCanvasMousePanMultiplier]
[18:16:52.29] /# gi::executeAction {deCanvasPanEast} -in [gi::getWindows 5]
[18:16:52.29] /i de::pan -window [gi::getWindows 5] -direction E -multiplier [db::getPrefValue deCanvasMousePanMultiplier]
[18:16:52.32] /# gi::executeAction {deCanvasPanEast} -in [gi::getWindows 5]
[18:16:52.32] /i de::pan -window [gi::getWindows 5] -direction E -multiplier [db::getPrefValue deCanvasMousePanMultiplier]
[18:16:52.37] /# gi::executeAction {deCanvasPanEast} -in [gi::getWindows 5]
[18:16:52.37] /i de::pan -window [gi::getWindows 5] -direction E -multiplier [db::getPrefValue deCanvasMousePanMultiplier]
[18:16:52.42] /# gi::executeAction {deCanvasPanEast} -in [gi::getWindows 5]
[18:16:52.42] /i de::pan -window [gi::getWindows 5] -direction E -multiplier [db::getPrefValue deCanvasMousePanMultiplier]
[18:16:52.46] /# gi::executeAction {deCanvasPanEast} -in [gi::getWindows 5]
[18:16:52.46] /i de::pan -window [gi::getWindows 5] -direction E -multiplier [db::getPrefValue deCanvasMousePanMultiplier]
[18:16:52.49] /# gi::executeAction {deCanvasPanEast} -in [gi::getWindows 5]
[18:16:52.49] /i de::pan -window [gi::getWindows 5] -direction E -multiplier [db::getPrefValue deCanvasMousePanMultiplier]
[18:16:52.55] /# gi::executeAction {deCanvasPanEast} -in [gi::getWindows 5]
[18:16:52.55] /i de::pan -window [gi::getWindows 5] -direction E -multiplier [db::getPrefValue deCanvasMousePanMultiplier]
[18:16:52.59] /# gi::executeAction {deCanvasPanEast} -in [gi::getWindows 5]
[18:16:52.59] /i de::pan -window [gi::getWindows 5] -direction E -multiplier [db::getPrefValue deCanvasMousePanMultiplier]
[18:16:52.62] /# gi::executeAction {deCanvasPanEast} -in [gi::getWindows 5]
[18:16:52.62] /i de::pan -window [gi::getWindows 5] -direction E -multiplier [db::getPrefValue deCanvasMousePanMultiplier]
[18:16:52.66] /# gi::executeAction {deCanvasPanEast} -in [gi::getWindows 5]
[18:16:52.66] /i de::pan -window [gi::getWindows 5] -direction E -multiplier [db::getPrefValue deCanvasMousePanMultiplier]
[18:16:52.70] /# gi::executeAction {deCanvasPanEast} -in [gi::getWindows 5]
[18:16:52.70] /i de::pan -window [gi::getWindows 5] -direction E -multiplier [db::getPrefValue deCanvasMousePanMultiplier]
[18:16:52.75] /# gi::executeAction {deCanvasPanEast} -in [gi::getWindows 5]
[18:16:52.75] /i de::pan -window [gi::getWindows 5] -direction E -multiplier [db::getPrefValue deCanvasMousePanMultiplier]
[18:16:53.34] /# gi::executeAction {deCanvasPanWest} -in [gi::getWindows 5]
[18:16:53.34] /i de::pan -window [gi::getWindows 5] -direction W -multiplier [db::getPrefValue deCanvasMousePanMultiplier]
[18:16:53.84] /# gi::executeAction {deCanvasPanWest} -in [gi::getWindows 5]
[18:16:53.84] /i de::pan -window [gi::getWindows 5] -direction W -multiplier [db::getPrefValue deCanvasMousePanMultiplier]
[18:16:53.87] /# gi::executeAction {deCanvasPanWest} -in [gi::getWindows 5]
[18:16:53.87] /i de::pan -window [gi::getWindows 5] -direction W -multiplier [db::getPrefValue deCanvasMousePanMultiplier]
[18:16:53.91] /# gi::executeAction {deCanvasPanWest} -in [gi::getWindows 5]
[18:16:53.91] /i de::pan -window [gi::getWindows 5] -direction W -multiplier [db::getPrefValue deCanvasMousePanMultiplier]
[18:16:53.94] /# gi::executeAction {deCanvasPanWest} -in [gi::getWindows 5]
[18:16:53.94] /i de::pan -window [gi::getWindows 5] -direction W -multiplier [db::getPrefValue deCanvasMousePanMultiplier]
[18:16:53.99] /# gi::executeAction {deCanvasPanWest} -in [gi::getWindows 5]
[18:16:53.99] /i de::pan -window [gi::getWindows 5] -direction W -multiplier [db::getPrefValue deCanvasMousePanMultiplier]
[18:16:54.05] /# gi::executeAction {deCanvasPanWest} -in [gi::getWindows 5]
[18:16:54.05] /i de::pan -window [gi::getWindows 5] -direction W -multiplier [db::getPrefValue deCanvasMousePanMultiplier]
[18:16:54.08] /# gi::executeAction {deCanvasPanWest} -in [gi::getWindows 5]
[18:16:54.08] /i de::pan -window [gi::getWindows 5] -direction W -multiplier [db::getPrefValue deCanvasMousePanMultiplier]
[18:16:54.36] /# gi::executeAction {deCanvasPanWest} -in [gi::getWindows 5]
[18:16:54.36] /i de::pan -window [gi::getWindows 5] -direction W -multiplier [db::getPrefValue deCanvasMousePanMultiplier]
[18:16:54.51] /# gi::executeAction {deCanvasPanWest} -in [gi::getWindows 5]
[18:16:54.51] /i de::pan -window [gi::getWindows 5] -direction W -multiplier [db::getPrefValue deCanvasMousePanMultiplier]
[18:16:55.03] /# gi::executeAction {deFitView} -in [gi::getWindows 5]
[18:16:55.03] /i de::fit -window 5 -fitView true
[18:17:30.48] /i gi::setActiveWindow 2
[18:17:30.48] /i gi::setActiveWindow 2 -raise true
[18:17:35.31] /i gi::setCurrentIndex {cells} -index {between_blocks} -in [gi::getWindows 2]
[18:17:35.96] /i gi::setItemSelection {cells} -index {between_blocks} -in [gi::getWindows 2]
[19:00:24.62] /i gi::setCurrentIndex {views} -index {symbol} -in [gi::getWindows 2]
[19:00:25.59] /i gi::setCurrentIndex {cells} -index {memory_array_static_column_decoder} -in [gi::getWindows 2]
[19:00:25.92] /i gi::setItemSelection {cells} -index {memory_array_static_column_decoder} -in [gi::getWindows 2]
[19:09:28.55] /i gi::setCurrentIndex {cells} -index {agen_unit} -in [gi::getWindows 2]
[19:09:28.93] /i gi::setItemSelection {cells} -index {agen_unit} -in [gi::getWindows 2]
[19:09:30.05] /i gi::setCurrentIndex {cells} -index {between_blocks} -in [gi::getWindows 2]
[19:09:30.51] /i gi::setItemSelection {cells} -index {between_blocks} -in [gi::getWindows 2]
[20:14:16.00] /i gi::setCurrentIndex {cells} -index {nand_i3} -in [gi::getWindows 2]
[20:14:16.31] /i gi::setItemSelection {cells} -index {nand_i3} -in [gi::getWindows 2]
[20:46:28.07] /i gi::setCurrentIndex {cells} -index {tspc_pos_ff} -in [gi::getWindows 2]
[20:46:28.49] /i gi::setItemSelection {cells} -index {tspc_pos_ff} -in [gi::getWindows 2]
[20:46:31.79] /i gi::setCurrentIndex {views} -index {layout} -in [gi::getWindows 2]
[20:46:31.86] /i gi::executeAction {dmOpen} -in [gi::getWindows 2]
[20:46:32.25] /r giWindowId 7
[20:46:32.26] /r giWindowGeometry 1632x972
[20:46:33.03] /i db::setAttr dockSize -of [gi::getAssistants dePropertyEditor -from [gi::getWindows 7]] -value 290x186
[20:46:35.25] /# gi::executeAction {leDisplayAllLevels} -in [gi::getWindows 7]
[20:46:35.25] /i db::setPrefValue leStopLevel -value 32 -scope [db::getNext [de::getContexts -window 7]]
[21:21:16.89] /o Error: X connection is broken. Error code: (APPLICATION_GUI-002)1
[21:21:16.92] /e Error: The application was unexpectedly terminated.
              /c See the session log file for recovery details. (SHUT_DOWN-001)
