1743696559.007289: 3997860-7f0d82dbd540: cdpl_log.c:337: in cdpl_log_open(): info: @@start_of_log@@
1743696559.007371: 3997860-7f0d82dbd540: cdpl_log.c:1058: in cdpl_log_dump_sysinfo(): info: time: 2025/04/03 12:09:19 EDT -0400
1743696559.007381: 3997860-7f0d82dbd540: cdpl_log.c:1060: in cdpl_log_dump_sysinfo(): info: version: W-2024.09-SP1-2 
1743696559.007386: 3997860-7f0d82dbd540: cdpl_log.c:1062: in cdpl_log_dump_sysinfo(): info: system: Linux 4.18.0-553.46.1.el8_10.x86_64 #1 SMP Sat Mar 15 01:37:33 EDT 2025
1743696559.007391: 3997860-7f0d82dbd540: cdpl_log.c:1067: in cdpl_log_dump_sysinfo(): info: processor: x86_64 64-bits
1743696559.007395: 3997860-7f0d82dbd540: cdpl_log.c:1071: in cdpl_log_dump_sysinfo(): info: hostname: hydra12.ece.ncsu.edu
1743696559.007400: 3997860-7f0d82dbd540: cdpl_log.c:1073: in cdpl_log_dump_sysinfo(): info: program name: custom_shell
1743696559.007408: 3997860-7f0d82dbd540: cdpl_log.c:340: in cdpl_log_open(): debug: path: /mnt/coe/workspace/ece/ece546-spr25/group8/group8_project/synopsys_custom/pwdp_jobs/saeSession0_default.SimulationSimulation_cdpl.0.3997860/logs/master.hydra12.ece.ncsu.edu.3997860.log
1743696559.007412: 3997860-7f0d82dbd540: cdpl_log.c:341: in cdpl_log_open(): debug: dir: /mnt/coe/workspace/ece/ece546-spr25/group8/group8_project/synopsys_custom/pwdp_jobs/saeSession0_default.SimulationSimulation_cdpl.0.3997860/logs
1743696559.007521: 3997860-7f0d82dbd540: cdpl_server.c:536: in cdpl_sv_init(): info: new server S2015803534
1743696559.007540: 3997860-7f0d82dbd540: cdpl_ipc.c:3475: in cdpl_ipc_init(): info: requesting IPv4 protocol
1743696559.011571: 3997860-7f0d82dbd540: cdpl_ipc.c:837: in _selectaddrfamily(): info: selected IPv4 protocol
1743696559.011642: 3997860-7f0d82dbd540: cdpl_ipc.c:1139: in _set_keepalive(): info: TCP keep alive interval: 300
1743696559.014414: 3997860-7f0d82dbd540: cdpl_monitor.c:1117: in cdpl_mn_new_server(): info: creating server monitor instance
1743696559.014458: 3997860-7f0d82dbd540: cdpl_server.c:650: in cdpl_sv_new_master(): info: new master M1
1743696559.014491: 3997860-7f0d82dbd540: cdpl_server.c:6533: in cdpl_sv_ctl_master(): info: Setting worker heartbeat to 120 seconds
1743696559.014495: 3997860-7f0d82dbd540: cdpl_server.c:6542: in cdpl_sv_ctl_master(): info: Setting worker heartbeat timeout to 3 heartbeats
1743696559.014500: 3997860-7f0d82dbd540: cdpl_compat_master.c:2090: in _parse_hostfile(): info: reading hostfile `/mnt/coe/workspace/ece/ece546-spr25/group8/group8_project/synopsys_custom/pwdp_jobs/saeSession0_default.SimulationSimulation_cdpl.0.3997860/host_file'
1743696559.023986: 3997860-7f0d82dbd540: cdpl_compat_master.c:1900: in _hostfile_parser(): debug: parsing "1     |localhost|   -1  | /tmp | SH | sh"
1743696559.024044: 3997860-7f0d82dbd540: cdpl_farm.c:2578: in cdpl_farm_new_sh(): info: creating SH farm on localhost
1743696559.024069: 3997860-7f0d82dbd540: cdpl_compat_master.c:206: in _set_farm_env(): info: exporting CDPL_LOGDIR as `/mnt/coe/workspace/ece/ece546-spr25/group8/group8_project/synopsys_custom/pwdp_jobs/saeSession0_default.SimulationSimulation_cdpl.0.3997860/logs'
1743696559.024076: 3997860-7f0d82dbd540: cdpl_compat_master.c:212: in _set_farm_env(): info: exporting CDPL_TMPDIR as `/tmp'
1743696559.024081: 3997860-7f0d82dbd540: cdpl_compat_master.c:219: in _set_farm_env(): info: exporting CDPL_HOME as `/mnt/apps/public/COE/synopsys_apps/hspice/W-2024.09-SP1/hspice/cdpl'
1743696559.024095: 3997860-7f0d82dbd540: cdpl_compat_master.c:235: in _set_farm_env(): info: exporting SNPSLMD_LICENSE_FILE as `27000@ece-lic-35.ece.ncsu.edu'
1743696559.024101: 3997860-7f0d82dbd540: cdpl_compat_master.c:259: in _set_farm_env(): info: exporting CDPL_OPTIONS as `[nowlogs]'
1743696559.024106: 3997860-7f0d82dbd540: cdpl_compat_master.c:266: in _set_farm_env(): info: exporting DISPLAY as `unix:28411'
1743696559.024111: 3997860-7f0d82dbd540: cdpl_compat_master.c:274: in _set_farm_env(): info: exporting CDPL_HEARTBEAT as `120'
1743696559.024148: 3997860-7f0d82dbd540: cdpl_farm.c:3149: in cdpl_farm_add_withdir(): debug: added `localhost' (capacity: unlimited)
1743696559.024168: 3997860-7f0d82dbd540: cdpl_compat_parse.c:147: in parsefile(): debug: read `/mnt/coe/workspace/ece/ece546-spr25/group8/group8_project/synopsys_custom/pwdp_jobs/saeSession0_default.SimulationSimulation_cdpl.0.3997860/host_file', 2 lines
1743696559.024174: 3997860-7f0d82dbd540: cdpl_compat_master.c:2931: in cdplInitMaster(): info: bcast dir is `/mnt/coe/workspace/ece/ece546-spr25/group8/group8_project/synopsys_custom/pwdp_jobs/saeSession0_default.SimulationSimulation_cdpl.0.3997860/logs'
1743696559.030918: 3997860-7f0d82dbd540: cdpl_server.c:6433: in cdpl_sv_ctl_master(): info: farm worker timeout set to 300
1743696559.030926: 3997860-7f0d82dbd540: cdpl_server.c:6486: in cdpl_sv_ctl_master(): info: maximum number of task execution attempts set to 1
1743696559.030972: 3997860-7f0d82dbd540: cdpl_server.c:3195: in cdpl_sv_start(): debug: starting server
1743696559.030985: 3997860-7f0d82dbd540: cdpl_ipc.c:3632: in cdpl_ipc_start(): debug: starting IPC server 152.14.98.36:39863
1743696559.031252: 3997860-7f0d4b7fe700: cdpl_server_ipc.c:1182: in _sv_ipc_thread(): debug: ready
1743696559.031436: 3997860-7f0d4affd700: cdpl_monitor.c:426: in cdpl_mn_init_client(): info: creating client monitor instance
1743696559.031466: 3997860-7f0d4affd700: cdpl_ipc.c:3475: in cdpl_ipc_init(): info: requesting IPv4 protocol
1743696559.037817: 3997860-7f0d4affd700: cdpl_ipc.c:837: in _selectaddrfamily(): info: selected IPv4 protocol
1743696559.037854: 3997860-7f0d4affd700: cdpl_ipc.c:1139: in _set_keepalive(): info: TCP keep alive interval: 300
1743696559.042394: 3997860-7f0d4affd700: cdpl_ipc.c:3632: in cdpl_ipc_start(): debug: starting IPC server 152.14.98.36:34385
1743696559.042684: 3997860-7f0d4affd700: cdpl_monitor.c:471: in cdpl_mn_init_client(): debug: incoming messages in /tmp/cdpl-monitor-qa6IsO
1743696559.042867: 3997860-7f0d4affd700: cdpl_monitor.c:533: in cdpl_mn_connect(): debug: connecting to 152.14.98.36:39863
1743696559.042884: 3997860-7f0d4affd700: cdpl_ipc.c:3789: in cdpl_ipc_connect(): info: connecting to 152.14.98.36:39863
1743696559.043082: 3997860-7f0d4affd700: cdpl_ipc.c:3860: in cdpl_ipc_connect(): info: connected as `152.14.98.36:33636'
1743696559.043111: 3997860-7f0d4affd700: cdpl_ipc.c:2503: in cdpl_ipc_host_accept(): debug: accepted host `152.14.98.36:39863'
1743696559.043141: 3997860-7f0d4bfff700: cdpl_ipc.c:1862: in _epoll_accept(): debug: new connection from `152.14.98.36:33636'
1743696559.043165: 3997860-7f0d4affd700: cdpl_monitor.c:579: in cdpl_mn_connect(): debug: ok
1743696559.043244: 3997860-7f0d4b7fe700: cdpl_server_ipc.c:1225: in _sv_ipc_thread(): debug: received ACCEPT notification
1743696559.043263: 3997860-7f0d82dbd540: cdpl_server.c:731: in cdpl_sv_new_job(): info: new job J1 in M1
1743696559.043280: 3997860-7f0d4b7fe700: cdpl_ipc.c:2503: in cdpl_ipc_host_accept(): debug: accepted host `152.14.98.36:33636'
1743696559.043287: 3997860-7f0d4b7fe700: cdpl_server_ipc.c:1256: in _sv_ipc_thread(): debug: received MONITOR message
1743696559.043319: 3997860-7f0d82dbd540: cdpl_compat_master.c:1581: in _add_worker(): info: new worker type 10, min:1, max:3, cmd:`/mnt/coe/workspace/ece/ece546-spr25/group8/group8_project/synopsys_custom/pwdp_jobs/saeSession0_default.SimulationSimulation_cdpl.0.3997860/START_WORKER pw_worker -i /mnt/coe/workspace/ece/ece546-spr25/group8/group8_
1743696559.043351: 3997860-7f0d82dbd540: cdpl_server.c:908: in cdpl_sv_new_bin_withfarm(): info: new bin B1 in J1
1743696559.043500: 3997860-7f0d4b7fe700: cdpl_monitor.c:1207: in cdpl_mn_accept(): debug: accepted monitor `152.14.98.36:33636'
1743696559.043509: 3997860-7f0d4b7fe700: cdpl_server_ipc_mon.c:120: in _globalLOCK(): debug: ENTERTING GLOBAL LOCK
1743696559.043512: 3997860-7f0d4b7fe700: cdpl_server_ipc_mon.c:164: in _globalLOCK(): debug: global lock acquired
1743696559.043521: 3997860-7f0d497fa700: cdpl_monitor.c:910: in mn_systat(): debug: started
1743696559.043905: 3997860-7f0d497fa700: cdpl_monitor.c:937: in mn_systat(): debug: monitor server flush rate: 5
1743696559.132908: 3997860-7f0d4b7fe700: cdpl_server_ipc_mon.c:210: in _globalUNLOCK(): debug: LEAVING GLOBAL LOCK
1743696559.428980: 3997860-7f0d82dbd540: cdpl_server.c:3249: in cdpl_sv_start_job(): info: starting job J1
1743696559.429022: 3997860-7f0d82dbd540: cdpl_server.c:62: in _sv_start_bin(): debug: starting bin B1 (min: 0, max: 3)
1743696559.429240: 3997860-7f0d32ffd700: cdpl_server_sched.c:2482: in _sv_scheduler_thread(): debug: scheduler for bin B1 started
1743696559.429260: 3997860-7f0d82dbd540: cdpl_server.c:1893: in _sv_gen_task(): info: new task T0 in B1 (prio 0)
1743696559.429337: 3997860-7f0d82dbd540: cdpl_server.c:2698: in cdpl_sv_label_task_va(): info: setting task T0 label to "HSPICE_1|HSPICE"
1743696559.429424: 3997860-7f0d32ffd700: cdpl_server_sched.c:2443: in _scheduler_run(): debug: will start a new worker
1743696559.429504: 3997860-7f0d32ffd700: cdpl_farm.c:3977: in cdpl_farm_submit(): debug: 1 running processes
1743696559.429511: 3997860-7f0d32ffd700: cdpl_farm.c:3985: in cdpl_farm_submit(): debug: new command C1 in bin B1 assigned to host `localhost'
1743696559.429661: 3997860-7f0d32ffd700: cdpl_server_sched.c:705: in _sv_launch_worker(): info: started worker W1 (as C1) in bin B1
1743696559.429679: 3997860-7f0d327fc700: cdpl_farm.c:2139: in _schedule(): debug: started
1743696559.429692: 3997860-7f0d327fc700: cdpl_farm.c:2303: in _schedule(): debug: submitting command C1 in bin B1
1743696559.429754: 3997860-7f0d327fc700: cdpl_sh.c:49: in _sh_detached_submit(): info: SH : /mnt/coe/workspace/ece/ece546-spr25/group8/group8_project/synopsys_custom/pwdp_jobs/saeSession0_default.SimulationSimulation_cdpl.0.3997860/START_WORKER pw_worker -i /mnt/coe/workspace/ece/ece546-spr25/group8/group8_project/synopsys_custom/pwdp_jobs/saeSession0_default.SimulationSimulation_cdpl.0.3997860 -t 10000
1743696559.441823: 3997860-7f0d327fc700: cdpl_farm.c:2343: in _schedule(): debug: C1 in bin B1 running on slot 0
1743696559.441879: 3997860-7f0d327fc700: cdpl_farm.c:2167: in _schedule(): debug: idle
1743696559.708507: 3997860-7f0d82dbd540: cdpl_compat_master.c:5948: in cdplMasterLogInfo(): info: [non-CDPL log entry] PWDP3: reset pilot cache succeeded, pilot_key=saeSession0,1,default|&/mnt/coe/workspace/ece/ece546-spr25/group8/group8_project/simulation/group8,SRAM_8x4_array,schematic/history_1/simulation/default/PrimeSimHSPICE/nominal/results
1743696559.741994: 3997860-7f0d327fc700: cdpl_farm.c:1193: in _onexit(): debug: C1 in bin B1 exited normally on slot 0
1743696560.286423: 3997860-7f0d33fff700: cdpl_compat_master.c:5948: in cdplMasterLogInfo(): info: [non-CDPL log entry] PWDP - no-workers started ok check start!
1743696562.194008: 3997860-7f0d4bfff700: cdpl_ipc.c:1862: in _epoll_accept(): debug: new connection from `152.14.98.36:35268'
1743696562.194075: 3997860-7f0d4b7fe700: cdpl_server_ipc.c:1225: in _sv_ipc_thread(): debug: received ACCEPT notification
1743696562.194094: 3997860-7f0d4b7fe700: cdpl_ipc.c:2503: in cdpl_ipc_host_accept(): debug: accepted host `152.14.98.36:35268'
1743696562.194183: 3997860-7f0d4b7fe700: cdpl_server_ipc.c:1246: in _sv_ipc_thread(): debug: received HELLO message
1743696562.194188: 3997860-7f0d4b7fe700: cdpl_server_ipc.c:430: in _sv_on_hello(): debug: looking up W1
1743696562.194209: 3997860-7f0d4b7fe700: cdpl_server_ipc.c:540: in _sv_on_hello(): info: W1 is `152.14.98.36:35268'
1743696562.194213: 3997860-7f0d4b7fe700: cdpl_server_ipc.c:541: in _sv_on_hello(): debug: hello W1 (B1)
1743696562.194238: 3997860-7f0d4b7fe700: cdpl_server_ipc.c:542: in _sv_on_hello(): info: W1 log file is /dev/null
1743696562.194377: 3997860-7f0d4b7fe700: cdpl_server_ipc.c:602: in _sv_on_hello(): info: up to 1 alive workers in B1
1743696562.194398: 3997860-7f0d4b7fe700: cdpl_farm.c:878: in _release_cmd(): debug: freeing command C1 in bin B1
1743696562.194457: 3997860-7f0d32ffd700: cdpl_server_sched.c:960: in _assign(): info: assigning task T0 to worker W1
1743696563.195569: 3997860-7f0d4b7fe700: cdpl_server_ipc.c:312: in _sv_on_heartbeat(): debug: received HEARTBEAT from worker W1 at 152.14.98.36:35268
1743696564.110766: 3997860-7f0d4affd700: cdpl_monitor.c:533: in cdpl_mn_connect(): debug: connecting to 152.14.98.36:35181
1743696564.110815: 3997860-7f0d4affd700: cdpl_ipc.c:3789: in cdpl_ipc_connect(): info: connecting to 152.14.98.36:35181
1743696564.111123: 3997860-7f0d4affd700: cdpl_ipc.c:3860: in cdpl_ipc_connect(): info: connected as `152.14.98.36:37590'
1743696564.111139: 3997860-7f0d4affd700: cdpl_ipc.c:2503: in cdpl_ipc_host_accept(): debug: accepted host `152.14.98.36:35181'
1743696564.111159: 3997860-7f0d4affd700: cdpl_monitor.c:579: in cdpl_mn_connect(): debug: ok
1743696566.230162: 3997860-7f0d4b7fe700: cdpl_server_ipc.c:1268: in _sv_ipc_thread(): debug: received RELAY message
1743696566.230184: 3997860-7f0d4b7fe700: cdpl_server_ipc.c:713: in _sv_on_relay(): debug: RELAY message from W1, size = 58
1743696566.230190: 3997860-7f0d4b7fe700: cdpl_server_ipc.c:715: in _sv_on_relay(): debug: RELAY message from W1, content = 0$3999082 hydra12.ece.ncsu.edu 3999156 RUNNING 1743696565
1743696590.600596: 3997860-7f0d4b7fe700: cdpl_server_ipc.c:1268: in _sv_ipc_thread(): debug: received RELAY message
1743696590.603503: 3997860-7f0d4b7fe700: cdpl_server_ipc.c:713: in _sv_on_relay(): debug: RELAY message from W1, size = 48
1743696590.603512: 3997860-7f0d4b7fe700: cdpl_server_ipc.c:715: in _sv_on_relay(): debug: RELAY message from W1, content = WORKERDU|1235,dc2isi00nfs.oit.ncsu.edu:/coe_nfs
1743696590.603564: 3997860-7f0d4b7fe700: cdpl_server_ipc.c:1268: in _sv_ipc_thread(): debug: received RELAY message
1743696590.603569: 3997860-7f0d4b7fe700: cdpl_server_ipc.c:713: in _sv_on_relay(): debug: RELAY message from W1, size = 196
1743696590.603573: 3997860-7f0d4b7fe700: cdpl_server_ipc.c:715: in _sv_on_relay(): debug: RELAY message from W1, content = REQPILOT|saeSession0,1,default|&/mnt/coe/workspace/ece/ece546-spr25/group8/group8_project/simulation/group8,SRAM_8x4_array,schematic/history_1/simulation/default/PrimeSimHSPICE/nominal/results|&0
1743696590.603665: 3997860-7f0d48ff9700: cdpl_compat_master.c:5948: in cdplMasterLogInfo(): info: [non-CDPL log entry] PWDP send back 'DOPILOT' to worker id:1 key: saeSession0,1,default|&/mnt/coe/workspace/ece/ece546-spr25/group8/group8_project/simulation/group8,SRAM_8x4_array,schematic/history_1/simulation/default/PrimeSimHSPICE/nominal/results
1743696590.614376: 3997860-7f0d48ff9700: cdpl_compat_master.c:5948: in cdplMasterLogInfo(): info: [non-CDPL log entry] PWDP: set pilot doing!
1743696590.630575: 3997860-7f0d4b7fe700: cdpl_server_ipc.c:1268: in _sv_ipc_thread(): debug: received RELAY message
1743696590.630589: 3997860-7f0d4b7fe700: cdpl_server_ipc.c:713: in _sv_on_relay(): debug: RELAY message from W1, size = 192
1743696590.630594: 3997860-7f0d4b7fe700: cdpl_server_ipc.c:715: in _sv_on_relay(): debug: RELAY message from W1, content = PILOTOK|saeSession0,1,default|&/mnt/coe/workspace/ece/ece546-spr25/group8/group8_project/simulation/group8,SRAM_8x4_array,schematic/history_1/simulation/default/PrimeSimHSPICE/nominal/results
1743696590.630617: 3997860-7f0d48ff9700: cdpl_compat_master.c:5948: in cdplMasterLogInfo(): info: [non-CDPL log entry] PWDP: set pilot done!
1743696590.630734: 3997860-7f0d4b7fe700: cdpl_server_ipc.c:1268: in _sv_ipc_thread(): debug: received RELAY message
1743696590.630739: 3997860-7f0d4b7fe700: cdpl_server_ipc.c:713: in _sv_on_relay(): debug: RELAY message from W1, size = 18
1743696590.630742: 3997860-7f0d4b7fe700: cdpl_server_ipc.c:715: in _sv_on_relay(): debug: RELAY message from W1, content = 0$- - - MEASDOING
1743696597.144247: 3997860-7f0d4b7fe700: cdpl_server_ipc.c:1268: in _sv_ipc_thread(): debug: received RELAY message
1743696597.147221: 3997860-7f0d4b7fe700: cdpl_server_ipc.c:713: in _sv_on_relay(): debug: RELAY message from W1, size = 70
1743696597.147230: 3997860-7f0d4b7fe700: cdpl_server_ipc.c:715: in _sv_on_relay(): debug: RELAY message from W1, content = 0$3999082 hydra12.ece.ncsu.edu 3999156 FINISHED 1743696565|1743696597
1743696597.171073: 3997860-7f0d4b7fe700: cdpl_server_ipc.c:1268: in _sv_ipc_thread(): debug: received RELAY message
1743696597.171086: 3997860-7f0d4b7fe700: cdpl_server_ipc.c:713: in _sv_on_relay(): debug: RELAY message from W1, size = 194
1743696597.171098: 3997860-7f0d4b7fe700: cdpl_server_ipc.c:715: in _sv_on_relay(): debug: RELAY message from W1, content = PILOTDONE|saeSession0,1,default|&/mnt/coe/workspace/ece/ece546-spr25/group8/group8_project/simulation/group8,SRAM_8x4_array,schematic/history_1/simulation/default/PrimeSimHSPICE/nominal/results
1743696597.171124: 3997860-7f0d48ff9700: cdpl_compat_master.c:5948: in cdplMasterLogInfo(): info: [non-CDPL log entry] saeSession0,1,default|&/mnt/coe/workspace/ece/ece546-spr25/group8/group8_project/simulation/group8,SRAM_8x4_array,schematic/history_1/simulation/default/PrimeSimHSPICE/nominal/results PILOTDONE!
1743696597.202937: 3997860-7f0d4b7fe700: cdpl_server_ipc.c:1251: in _sv_ipc_thread(): debug: received FINISH message
1743696597.202953: 3997860-7f0d4b7fe700: cdpl_server_ipc.c:983: in _sv_on_finish(): info: worker W1 completed task T0
1743696597.202958: 3997860-7f0d4b7fe700: cdpl_server_ipc.c:988: in _sv_on_finish(): debug: stat T0: utime=16472 stime=2977
1743696597.202962: 3997860-7f0d4b7fe700: cdpl_server_ipc.c:993: in _sv_on_finish(): debug: statm T0: vsize=2867992 rss=1069584 shared=519108 text=474784 data=734176
1743696597.232110: 3997860-7f0d82dbd540: cdpl_server.c:227: in _sv_free_task_safe(): debug: freeing task T0
1743696597.258830: 3997860-7f0d4b7fe700: cdpl_server_ipc.c:1268: in _sv_ipc_thread(): debug: received RELAY message
1743696597.258850: 3997860-7f0d4b7fe700: cdpl_server_ipc.c:713: in _sv_on_relay(): debug: RELAY message from W1, size = 47
1743696597.258855: 3997860-7f0d4b7fe700: cdpl_server_ipc.c:715: in _sv_on_relay(): debug: RELAY message from W1, content = WORKERDU|108,dc2isi00nfs.oit.ncsu.edu:/coe_nfs
1743696604.592658: 3997860-7f0d82dbd540: cdpl_server.c:3008: in cdpl_sv_halt_job_errno(): info: killing job J1
1743696604.595562: 3997860-7f0d82dbd540: cdpl_server.c:3044: in cdpl_sv_halt_job_errno(): debug: signal bin B1 scheduler to stop
1743696604.595592: 3997860-7f0d32ffd700: cdpl_server_sched.c:2484: in _sv_scheduler_thread(): debug: scheduler for bin B1 stopped
1743696604.595633: 3997860-7f0d32ffd700: cdpl_ipc.c:1657: in _host_drop__UNSAFE(): debug: dropping host `152.14.98.36:35268'
1743696604.595703: 3997860-7f0d32ffd700: cdpl_server_sched.c:2830: in _sv_drop_worker(): info: down to 0 alive workers in B1
1743696604.595719: 3997860-7f0d32ffd700: cdpl_farm.c:4152: in cdpl_farm_dismiss(): debug: down to 0 running processes
1743696604.595737: 3997860-7f0d4b7fe700: cdpl_server_ipc.c:1236: in _sv_ipc_thread(): debug: received DROP notification
1743696604.595806: 3997860-7f0d32ffd700: cdpl_server_sched.c:121: in _free_worker_2(): debug: freeing worker W1
1743696604.595830: 3997860-7f0d32ffd700: cdpl_ipc.c:2513: in cdpl_ipc_host_release(): debug: releasing host `152.14.98.36:35268'
1743696604.595834: 3997860-7f0d32ffd700: cdpl_ipc.c:2529: in cdpl_ipc_host_release(): debug: scheduling for immediate release
1743696604.595868: 3997860-7f0d82dbd540: cdpl_server.c:294: in _sv_free_job(): info: freeing job J1
1743696604.595881: 3997860-7f0d82dbd540: cdpl_server.c:92: in _sv_free_bin(): debug: freeing bin B1
1743696604.595951: 3997860-7f0d82dbd540: cdpl_monitor.c:515: in cdpl_mn_kill(): info: killing monitor
1743696604.595965: 3997860-7f0d82dbd540: cdpl_ipc.c:3677: in cdpl_ipc_kill(): debug: stopping event server
1743696604.595969: 3997860-7f0d4a7fc700: cdpl_ipc.c:775: in _readv(): warning: read(): EOF
1743696604.596021: 3997860-7f0d4a7fc700: cdpl_ipc.c:2100: in _epoll_recv(): debug: _readv(): Broken pipe
1743696604.596028: 3997860-7f0d4a7fc700: cdpl_ipc.c:2424: in _epoll_main(): debug: _epoll_recv(): Broken pipe
1743696604.596071: 3997860-7f0d4a7fc700: cdpl_ipc.c:1657: in _host_drop__UNSAFE(): debug: dropping host `152.14.98.36:35181'
1743696604.596089: 3997860-7f0d4bfff700: cdpl_ipc.c:775: in _readv(): warning: read(): EOF
1743696604.596111: 3997860-7f0d4bfff700: cdpl_ipc.c:2100: in _epoll_recv(): debug: _readv(): Broken pipe
1743696604.596120: 3997860-7f0d4bfff700: cdpl_ipc.c:2424: in _epoll_main(): debug: _epoll_recv(): Broken pipe
1743696604.596140: 3997860-7f0d4bfff700: cdpl_ipc.c:1657: in _host_drop__UNSAFE(): debug: dropping host `152.14.98.36:33636'
1743696604.596148: 3997860-7f0d4a7fc700: cdpl_ipc.c:2460: in _epoll_main(): debug: server going down...
1743696604.596225: 3997860-7f0d4bfff700: cdpl_ipc.c:1582: in _host_free__UNSAFE(): debug: freeing host `152.14.98.36:35268'
1743696604.596233: 3997860-7f0d4bfff700: cdpl_ipc.c:1621: in _host_free__UNSAFE(): debug: [0 outq, 0 spR, 0 spW]
1743696604.596245: 3997860-7f0d4b7fe700: cdpl_server_ipc.c:1236: in _sv_ipc_thread(): debug: received DROP notification
1743696604.596270: 3997860-7f0d4b7fe700: cdpl_monitor.c:1269: in cdpl_mn_drop(): debug: detaching from monitor `152.14.98.36:33636'
1743696604.596278: 3997860-7f0d4b7fe700: cdpl_monitor.c:1101: in mn_systat_stop(): debug: joining systat thread
1743696604.596320: 3997860-7f0d497fa700: cdpl_monitor.c:1079: in mn_systat(): debug: exiting
1743696604.596330: 3997860-7f0d4affd700: cdpl_ipc.c:3728: in cdpl_ipc_free(): debug: releasing IPC handle
1743696604.596346: 3997860-7f0d4affd700: cdpl_ipc.c:1582: in _host_free__UNSAFE(): debug: freeing host `152.14.98.36:35181'
1743696604.596354: 3997860-7f0d4affd700: cdpl_ipc.c:1621: in _host_free__UNSAFE(): debug: [0 outq, 0 spR, 0 spW]
1743696604.596357: 3997860-7f0d4affd700: cdpl_ipc.c:1582: in _host_free__UNSAFE(): debug: freeing host `152.14.98.36:39863'
1743696604.596363: 3997860-7f0d4affd700: cdpl_ipc.c:1621: in _host_free__UNSAFE(): debug: [0 outq, 0 spR, 0 spW]
1743696604.596370: 3997860-7f0d4b7fe700: cdpl_monitor.c:1103: in mn_systat_stop(): debug: systat thread done
1743696604.596378: 3997860-7f0d4b7fe700: cdpl_ipc.c:2513: in cdpl_ipc_host_release(): debug: releasing host `152.14.98.36:33636'
1743696604.596388: 3997860-7f0d4affd700: cdpl_ipc.c:3756: in cdpl_ipc_free(): warning: 2 host(s) were not released
1743696604.596416: 3997860-7f0d4affd700: cdpl_ipc.c:3767: in cdpl_ipc_free(): debug: done
1743696604.596420: 3997860-7f0d4affd700: cdpl_monitor.c:1390: in cdpl_mn_free(): debug: freeing monitor client
1743696604.596573: 3997860-7f0d82dbd540: cdpl_farm.c:2740: in cdpl_farm_free(): info: freeing farm
1743696604.596605: 3997860-7f0d327fc700: cdpl_farm.c:2231: in _schedule(): debug: end of idling
1743696604.596619: 3997860-7f0d327fc700: cdpl_farm.c:2235: in _schedule(): debug: dying
1743696604.597326: 3997860-7f0d82dbd540: cdpl_farm.c:913: in _killall(): debug: killing all remaining commands
1743696604.597355: 3997860-7f0d82dbd540: cdpl_server.c:3144: in cdpl_sv_free(): info: freeing server S2015803534
1743696604.597384: 3997860-7f0d82dbd540: cdpl_server.c:3109: in cdpl_sv_kill_errno(): info: killing server
1743696604.597388: 3997860-7f0d82dbd540: cdpl_ipc.c:3677: in cdpl_ipc_kill(): debug: stopping event server
1743696604.597407: 3997860-7f0d4b7fe700: cdpl_server_ipc.c:1200: in _sv_ipc_thread(): debug: leaving now
1743696604.597419: 3997860-7f0d82dbd540: cdpl_server.c:334: in _sv_free_master(): info: freeing master M1
1743696604.597433: 3997860-7f0d4bfff700: cdpl_ipc.c:2460: in _epoll_main(): debug: server going down...
1743696604.597453: 3997860-7f0d82dbd540: cdpl_hash.c:68: in cdpl_h_destroy(): debug: put operations: 1
1743696604.597464: 3997860-7f0d82dbd540: cdpl_hash.c:69: in cdpl_h_destroy(): debug: put collisions: 0
1743696604.597467: 3997860-7f0d82dbd540: cdpl_hash.c:70: in cdpl_h_destroy(): debug: get operations: 1
1743696604.597470: 3997860-7f0d82dbd540: cdpl_hash.c:71: in cdpl_h_destroy(): debug: get iterations: 1
1743696604.597496: 3997860-7f0d82dbd540: cdpl_monitor.c:1390: in cdpl_mn_free(): debug: freeing monitor server
1743696604.597502: 3997860-7f0d82dbd540: cdpl_ipc.c:3728: in cdpl_ipc_free(): debug: releasing IPC handle
1743696604.597506: 3997860-7f0d82dbd540: cdpl_ipc.c:1582: in _host_free__UNSAFE(): debug: freeing host `152.14.98.36:33636'
1743696604.597510: 3997860-7f0d82dbd540: cdpl_ipc.c:1621: in _host_free__UNSAFE(): debug: [0 outq, 0 spR, 0 spW]
1743696604.597532: 3997860-7f0d82dbd540: cdpl_ipc.c:3767: in cdpl_ipc_free(): debug: done
1743696604.597544: 3997860-7f0d82dbd540: cdpl_log.c:481: in cdpl_log_close(): info: @@end_of_log@@
