[19:35:47.90] /o 
              /c                                    pw_worker™ 
              /c 
              /c                Version W-2024.09-SP1-2 for linux64 - Jan 15, 2025
              /c              Based on Custom Infrastructure
              /c Version W-2024.09-SP1-2
              /c 
              /c                     Copyright (c) 2004 - 2025 Synopsys, Inc.
              /c    This software and the associated documentation are proprietary to Synopsys,
              /c  Inc. This software may only be used in accordance with the terms and conditions
              /c  of a written license agreement with Synopsys, Inc. All other use, reproduction,
              /c    or distribution of this software is strictly prohibited.  Licensed Products
              /c      communicate with Synopsys servers for the purpose of providing software
              /c     updates, detecting software piracy and verifying that customers are using
              /c     Licensed Products in conformity with the applicable License Key for such
              /c   Licensed Products. Synopsys will use information gathered in connection with
              /c     this process to deliver software updates and pursue software pirates and
              /c                                    infringers.
              /c 
              /c  Inclusivity & Diversity - Visit SolvNetPlus to read the "Synopsys Statement on
              /c             Inclusivity and Diversity" (Refer to article 000036315 at
              /c                         https://solvnetplus.synopsys.com)
              /c 
              /c Build  (OPT) Config 11252589 compiled on Wed Jan 15 11:01:36 2025 for AlmaLinux 8.4
              /c Invocation: /mnt/apps/public/COE/synopsys_apps/primewave/W-2024.09-SP1-2/linux64/platform/bin/custom_shell -application pw_worker -gui 0 -localDir /mnt/coe/workspace/ece/ece546-spr25/group8/group8_project/synopsys_custom/pwdp_jobs/saeSession10_HSPICEdefault.SimulationSimulation_cdpl.0.135283/logs/w1
              /c Execution time: Sun Apr  6 19:35:40 2025
              /c Host: lib-41922.eos.ncsu.edu
              /c Working directory: /mnt/coe/workspace/ece/ece546-spr25/group8/group8_project
              /c 
[19:35:58.21] /m Information: Registering ICV PERC package...
[19:35:58.26] /w Warning: Error: "Job group named 'PrimeWave' already exists under this parent." (IPC-100)
[19:35:58.82] /o #####New Worker job begin - Self history dir=/mnt/coe/workspace/ece/ece546-spr25/group8/group8_project/simulation/group8,tb2025,schematic
[19:35:59.32] /o source /mnt/coe/workspace/ece/ece546-spr25/group8/group8_project/synopsys_custom/pwdp_jobs/saeSession10_HSPICEdefault.SimulationSimulation_cdpl.0.135283/ccFile.tcl OK
[19:35:59.32] /o LibDefs : /mnt/coe/workspace/ece/ece546-spr25/group8/group8_project/lib.defs
[19:36:00.05] /o new worker create session at loading state!
[19:36:00.05] /o history_1
[19:36:01.02] /o Loading: Callback files...
[19:36:01.03] /o Loading: scripts/callbacks/callbacks.tcl
[19:36:01.03] /o 
              /c [INFO] : Loading display.drf from /mnt/designkits/ncsu/FreePDK3/syncust/NCSU_TechLib_FreePDK3
              /c 
              /c  if you wish to Load other display.drf, please set shell environment valiable "iPDK_load_display_NCSU_TechLib_FreePDK3" to value = 0
[19:36:01.03] /o 
[19:36:01.06] /w Warning: Preference 'xtStarTcadGrdFile' is deprecated and scheduled for removal in a future release with no replacement. For migration assistance, see the Custom Compiler Tcl Reference Manual. (PREFERENCE-058)
[19:36:01.06] /w Warning: Preference 'xtStarOALayerMappingFile' is deprecated and scheduled for removal in a future release with no replacement. For migration assistance, see the Custom Compiler Tcl Reference Manual. (PREFERENCE-058)
[19:36:01.06] /o 	#######################################
[19:36:01.06] /o 	CC-PDK Library Name	: FreePDK3
[19:36:01.06] /o 	#######################################
[19:36:01.06] /o 
[19:36:01.36] /o source /mnt/coe/workspace/ece/ece546-spr25/group8/group8_project/simulation/group8,tb2025,schematic/history_1/.nw_preference_script.tcl OK!
[19:36:01.36] /o DSPF Options: {hierDelim==|}||{termDelim==:}||{fingerChar==@}||{multiplierString==_nettran_}||{aggregateCurrent==1}||{MOSTermNames==d g s b}||{MOSTermOrder==D G S B}||{MOSTermDspfNames==DRC GATE SRC BULK}||{firstChars==XM}||{probeHierDelim==/}||{caseSensitive==1}||{firstChar==M}||{hierPrefix==X}||{nodePrefix==M}||{plotTermVoltageForNet==0}||{mapNetToMosTerminal==}||{mapSlashDelimToDot==1}||{probePortCurrent==1}||{busBit==[]}||{removeNodePrefix==1}||{nlConDelim==.}||{mosModelType==auto}||{keepSchName==0}
[19:36:01.36] /o _workerLoadStateAction done!
[19:36:01.41] /o _getSimulationDetails : 
[19:36:01.41] /o tbName=HSPICE_default, Mtb=0
[19:36:01.41] /o Got stb tb ok!
[19:36:01.41] /o Self resultsDir: ./simulation
[19:36:01.41] /o Self databaseDir: /mnt/coe/workspace/ece/ece546-spr25/group8/group8_project/simulation/group8,tb2025,schematic/history_1/simulation/HSPICE_default/PrimeSimHSPICE/nominal/results
[19:36:01.51] /o Nominal run.
[19:36:02.39] /o _createResultsMap done!
[19:36:02.41] /o New worker simulation done for nomial run.
[19:36:02.41] /o >>>resultsDir=/mnt/coe/workspace/ece/ece546-spr25/group8/group8_project/simulation/group8,tb2025,schematic/history_1/simulation/HSPICE_default/PrimeSimHSPICE/nominal/results,masterResultsDir=/mnt/coe/workspace/ece/ece546-spr25/group8/group8_project/simulation/group8,tb2025,schematic/history_1/simulation/HSPICE_default/PrimeSimHSPICE/nominal/results
[19:36:02.43] /m Information: Evaluating and plotting outputs...
[19:36:02.89] /o touch /mnt/coe/workspace/ece/ece546-spr25/group8/group8_project/simulation/group8,tb2025,schematic/history_1/simulation/HSPICE_default/PrimeSimHSPICE/nominal/results/.unitedSimFinished
[19:36:04.65] /o New worker simulation done for nomial run finished!
[19:36:04.65] /o _simulationDoneAction done without exception!
[19:36:04.79] /o #####New Worker job begin - Self history dir=/mnt/coe/workspace/ece/ece546-spr25/group8/group8_project/simulation/group8,tb2025,schematic
[19:36:05.60] /o _getSimulationDetails : 
[19:36:05.60] /o tbName=HSPICE_default, Mtb=0
[19:36:05.60] /o Got stb tb ok!
[19:36:05.60] /o Self resultsDir: ./simulation
[19:36:05.60] /o Self databaseDir: /mnt/coe/workspace/ece/ece546-spr25/group8/group8_project/simulation/group8,tb2025,schematic/history_1/simulation/HSPICE_default/PrimeSimHSPICE/nominal/results
[19:36:05.60] /o Nominal run.
[19:36:06.56] /o _createResultsMap done!
[19:36:06.56] /o New worker simulation done for nomial run.
[19:36:06.56] /o >>>resultsDir=/mnt/coe/workspace/ece/ece546-spr25/group8/group8_project/simulation/group8,tb2025,schematic/history_1/simulation/HSPICE_default/PrimeSimHSPICE/nominal/results,masterResultsDir=/mnt/coe/workspace/ece/ece546-spr25/group8/group8_project/simulation/group8,tb2025,schematic/history_1/simulation/HSPICE_default/PrimeSimHSPICE/nominal/results
[19:36:06.58] /m Information: Evaluating and plotting outputs...
[19:36:07.03] /o touch /mnt/coe/workspace/ece/ece546-spr25/group8/group8_project/simulation/group8,tb2025,schematic/history_1/simulation/HSPICE_default/PrimeSimHSPICE/nominal/results/.unitedSimFinished
[19:36:09.30] /o New worker simulation done for nomial run finished!
[19:36:09.30] /o _simulationDoneAction done without exception!
[19:36:31.01] /o Shutdown time: Sun Apr  6 19:36:31 2025
[19:36:31.01] /o Elapsed session real time: 0.76 minutes
[19:36:31.01] /o Session terminated. Log is at /mnt/coe/workspace/ece/ece546-spr25/group8/group8_project/synopsys_custom/pwdp_jobs/saeSession10_HSPICEdefault.SimulationSimulation_cdpl.0.135283/logs/w1/logs/pw_worker.svkolach.2025_4_6_193540_135905.log
