1743684281.526452: 1010055-7f9a2bb43540: cdpl_log.c:337: in cdpl_log_open(): info: @@start_of_log@@
1743684281.526565: 1010055-7f9a2bb43540: cdpl_log.c:1058: in cdpl_log_dump_sysinfo(): info: time: 2025/04/03 08:44:41 EDT -0400
1743684281.526576: 1010055-7f9a2bb43540: cdpl_log.c:1060: in cdpl_log_dump_sysinfo(): info: version: W-2024.09-SP1-2 
1743684281.526583: 1010055-7f9a2bb43540: cdpl_log.c:1062: in cdpl_log_dump_sysinfo(): info: system: Linux 4.18.0-553.46.1.el8_10.x86_64 #1 SMP Sat Mar 15 01:37:33 EDT 2025
1743684281.526589: 1010055-7f9a2bb43540: cdpl_log.c:1067: in cdpl_log_dump_sysinfo(): info: processor: x86_64 64-bits
1743684281.526594: 1010055-7f9a2bb43540: cdpl_log.c:1071: in cdpl_log_dump_sysinfo(): info: hostname: grendel42.ece.ncsu.edu
1743684281.526599: 1010055-7f9a2bb43540: cdpl_log.c:1073: in cdpl_log_dump_sysinfo(): info: program name: custom_shell
1743684281.526610: 1010055-7f9a2bb43540: cdpl_log.c:340: in cdpl_log_open(): debug: path: /mnt/coe/workspace/ece/ece546-spr25/group8/group8_project/synopsys_custom/pwdp_jobs/saeSession0_HSPICEdefault.SimulationSimulation_cdpl.0.1010055/logs/master.grendel42.ece.ncsu.edu.1010055.log
1743684281.526616: 1010055-7f9a2bb43540: cdpl_log.c:341: in cdpl_log_open(): debug: dir: /mnt/coe/workspace/ece/ece546-spr25/group8/group8_project/synopsys_custom/pwdp_jobs/saeSession0_HSPICEdefault.SimulationSimulation_cdpl.0.1010055/logs
1743684281.526740: 1010055-7f9a2bb43540: cdpl_server.c:536: in cdpl_sv_init(): info: new server S1388811326
1743684281.526779: 1010055-7f9a2bb43540: cdpl_ipc.c:3475: in cdpl_ipc_init(): info: requesting IPv4 protocol
1743684281.531683: 1010055-7f9a2bb43540: cdpl_ipc.c:837: in _selectaddrfamily(): info: selected IPv4 protocol
1743684281.531806: 1010055-7f9a2bb43540: cdpl_ipc.c:1139: in _set_keepalive(): info: TCP keep alive interval: 300
1743684281.536757: 1010055-7f9a2bb43540: cdpl_monitor.c:1117: in cdpl_mn_new_server(): info: creating server monitor instance
1743684281.536838: 1010055-7f9a2bb43540: cdpl_server.c:650: in cdpl_sv_new_master(): info: new master M1
1743684281.536881: 1010055-7f9a2bb43540: cdpl_server.c:6533: in cdpl_sv_ctl_master(): info: Setting worker heartbeat to 120 seconds
1743684281.536888: 1010055-7f9a2bb43540: cdpl_server.c:6542: in cdpl_sv_ctl_master(): info: Setting worker heartbeat timeout to 3 heartbeats
1743684281.536897: 1010055-7f9a2bb43540: cdpl_compat_master.c:2090: in _parse_hostfile(): info: reading hostfile `/mnt/coe/workspace/ece/ece546-spr25/group8/group8_project/synopsys_custom/pwdp_jobs/saeSession0_HSPICEdefault.SimulationSimulation_cdpl.0.1010055/host_file'
1743684281.546827: 1010055-7f9a2bb43540: cdpl_compat_master.c:1900: in _hostfile_parser(): debug: parsing "1     |localhost|   -1  | /tmp | SH | sh"
1743684281.546914: 1010055-7f9a2bb43540: cdpl_farm.c:2578: in cdpl_farm_new_sh(): info: creating SH farm on localhost
1743684281.546943: 1010055-7f9a2bb43540: cdpl_compat_master.c:206: in _set_farm_env(): info: exporting CDPL_LOGDIR as `/mnt/coe/workspace/ece/ece546-spr25/group8/group8_project/synopsys_custom/pwdp_jobs/saeSession0_HSPICEdefault.SimulationSimulation_cdpl.0.1010055/logs'
1743684281.546951: 1010055-7f9a2bb43540: cdpl_compat_master.c:212: in _set_farm_env(): info: exporting CDPL_TMPDIR as `/tmp'
1743684281.546959: 1010055-7f9a2bb43540: cdpl_compat_master.c:219: in _set_farm_env(): info: exporting CDPL_HOME as `/mnt/apps/public/COE/synopsys_apps/hspice/W-2024.09-SP1/hspice/cdpl'
1743684281.546968: 1010055-7f9a2bb43540: cdpl_compat_master.c:235: in _set_farm_env(): info: exporting SNPSLMD_LICENSE_FILE as `27000@ece-lic-35.ece.ncsu.edu'
1743684281.546976: 1010055-7f9a2bb43540: cdpl_compat_master.c:259: in _set_farm_env(): info: exporting CDPL_OPTIONS as `[nowlogs]'
1743684281.546981: 1010055-7f9a2bb43540: cdpl_compat_master.c:266: in _set_farm_env(): info: exporting DISPLAY as `unix:5512'
1743684281.546987: 1010055-7f9a2bb43540: cdpl_compat_master.c:274: in _set_farm_env(): info: exporting CDPL_HEARTBEAT as `120'
1743684281.547033: 1010055-7f9a2bb43540: cdpl_farm.c:3149: in cdpl_farm_add_withdir(): debug: added `localhost' (capacity: unlimited)
1743684281.547063: 1010055-7f9a2bb43540: cdpl_compat_parse.c:147: in parsefile(): debug: read `/mnt/coe/workspace/ece/ece546-spr25/group8/group8_project/synopsys_custom/pwdp_jobs/saeSession0_HSPICEdefault.SimulationSimulation_cdpl.0.1010055/host_file', 2 lines
1743684281.547072: 1010055-7f9a2bb43540: cdpl_compat_master.c:2931: in cdplInitMaster(): info: bcast dir is `/mnt/coe/workspace/ece/ece546-spr25/group8/group8_project/synopsys_custom/pwdp_jobs/saeSession0_HSPICEdefault.SimulationSimulation_cdpl.0.1010055/logs'
1743684281.554328: 1010055-7f9a2bb43540: cdpl_server.c:6433: in cdpl_sv_ctl_master(): info: farm worker timeout set to 300
1743684281.554344: 1010055-7f9a2bb43540: cdpl_server.c:6486: in cdpl_sv_ctl_master(): info: maximum number of task execution attempts set to 1
1743684281.554434: 1010055-7f9a2bb43540: cdpl_server.c:3195: in cdpl_sv_start(): debug: starting server
1743684281.554454: 1010055-7f9a2bb43540: cdpl_ipc.c:3632: in cdpl_ipc_start(): debug: starting IPC server 152.14.98.57:46157
1743684281.555439: 1010055-7f99effff700: cdpl_server_ipc.c:1182: in _sv_ipc_thread(): debug: ready
1743684281.555796: 1010055-7f99ef7fe700: cdpl_monitor.c:426: in cdpl_mn_init_client(): info: creating client monitor instance
1743684281.555849: 1010055-7f99ef7fe700: cdpl_ipc.c:3475: in cdpl_ipc_init(): info: requesting IPv4 protocol
1743684281.560413: 1010055-7f99ef7fe700: cdpl_ipc.c:837: in _selectaddrfamily(): info: selected IPv4 protocol
1743684281.560492: 1010055-7f99ef7fe700: cdpl_ipc.c:1139: in _set_keepalive(): info: TCP keep alive interval: 300
1743684281.563625: 1010055-7f99ef7fe700: cdpl_ipc.c:3632: in cdpl_ipc_start(): debug: starting IPC server 152.14.98.57:33825
1743684281.564086: 1010055-7f99ef7fe700: cdpl_monitor.c:471: in cdpl_mn_init_client(): debug: incoming messages in /tmp/cdpl-monitor-4cXNSf
1743684281.564351: 1010055-7f99ef7fe700: cdpl_monitor.c:533: in cdpl_mn_connect(): debug: connecting to 152.14.98.57:46157
1743684281.564373: 1010055-7f99ef7fe700: cdpl_ipc.c:3789: in cdpl_ipc_connect(): info: connecting to 152.14.98.57:46157
1743684281.564776: 1010055-7f99ef7fe700: cdpl_ipc.c:3860: in cdpl_ipc_connect(): info: connected as `152.14.98.57:48406'
1743684281.564814: 1010055-7f99ef7fe700: cdpl_ipc.c:2503: in cdpl_ipc_host_accept(): debug: accepted host `152.14.98.57:46157'
1743684281.564900: 1010055-7f99ef7fe700: cdpl_monitor.c:579: in cdpl_mn_connect(): debug: ok
1743684281.564943: 1010055-7f9a00f10700: cdpl_ipc.c:1862: in _epoll_accept(): debug: new connection from `152.14.98.57:48406'
1743684281.565097: 1010055-7f9a2bb43540: cdpl_server.c:731: in cdpl_sv_new_job(): info: new job J1 in M1
1743684281.565205: 1010055-7f99effff700: cdpl_server_ipc.c:1225: in _sv_ipc_thread(): debug: received ACCEPT notification
1743684281.565250: 1010055-7f9a2bb43540: cdpl_compat_master.c:1581: in _add_worker(): info: new worker type 10, min:1, max:3, cmd:`/mnt/coe/workspace/ece/ece546-spr25/group8/group8_project/synopsys_custom/pwdp_jobs/saeSession0_HSPICEdefault.SimulationSimulation_cdpl.0.1010055/START_WORKER pw_worker -i /mnt/coe/workspace/ece/ece546-spr25/group8/g
1743684281.565286: 1010055-7f99effff700: cdpl_ipc.c:2503: in cdpl_ipc_host_accept(): debug: accepted host `152.14.98.57:48406'
1743684281.565299: 1010055-7f99effff700: cdpl_server_ipc.c:1256: in _sv_ipc_thread(): debug: received MONITOR message
1743684281.565316: 1010055-7f9a2bb43540: cdpl_server.c:908: in cdpl_sv_new_bin_withfarm(): info: new bin B1 in J1
1743684281.565672: 1010055-7f99effff700: cdpl_monitor.c:1207: in cdpl_mn_accept(): debug: accepted monitor `152.14.98.57:48406'
1743684281.565684: 1010055-7f99effff700: cdpl_server_ipc_mon.c:120: in _globalLOCK(): debug: ENTERTING GLOBAL LOCK
1743684281.565691: 1010055-7f99effff700: cdpl_server_ipc_mon.c:164: in _globalLOCK(): debug: global lock acquired
1743684281.565826: 1010055-7f99edffb700: cdpl_monitor.c:910: in mn_systat(): debug: started
1743684281.567007: 1010055-7f99edffb700: cdpl_monitor.c:937: in mn_systat(): debug: monitor server flush rate: 5
1743684284.147883: 1010055-7f99effff700: cdpl_server_ipc_mon.c:210: in _globalUNLOCK(): debug: LEAVING GLOBAL LOCK
1743684284.147948: 1010055-7f9a2bb43540: cdpl_server.c:3249: in cdpl_sv_start_job(): info: starting job J1
1743684284.148008: 1010055-7f9a2bb43540: cdpl_server.c:62: in _sv_start_bin(): debug: starting bin B1 (min: 0, max: 3)
1743684284.148480: 1010055-7f99df7fe700: cdpl_server_sched.c:2482: in _sv_scheduler_thread(): debug: scheduler for bin B1 started
1743684284.148597: 1010055-7f9a2bb43540: cdpl_server.c:1893: in _sv_gen_task(): info: new task T0 in B1 (prio 0)
1743684284.148691: 1010055-7f9a2bb43540: cdpl_server.c:2698: in cdpl_sv_label_task_va(): info: setting task T0 label to "HSPICE_1|HSPICE"
1743684284.148817: 1010055-7f99df7fe700: cdpl_server_sched.c:2443: in _scheduler_run(): debug: will start a new worker
1743684284.148935: 1010055-7f99df7fe700: cdpl_farm.c:3977: in cdpl_farm_submit(): debug: 1 running processes
1743684284.148944: 1010055-7f99df7fe700: cdpl_farm.c:3985: in cdpl_farm_submit(): debug: new command C1 in bin B1 assigned to host `localhost'
1743684284.149153: 1010055-7f99df7fe700: cdpl_server_sched.c:705: in _sv_launch_worker(): info: started worker W1 (as C1) in bin B1
1743684284.149287: 1010055-7f99deffd700: cdpl_farm.c:2139: in _schedule(): debug: started
1743684284.149317: 1010055-7f99deffd700: cdpl_farm.c:2303: in _schedule(): debug: submitting command C1 in bin B1
1743684284.149362: 1010055-7f99deffd700: cdpl_sh.c:49: in _sh_detached_submit(): info: SH : /mnt/coe/workspace/ece/ece546-spr25/group8/group8_project/synopsys_custom/pwdp_jobs/saeSession0_HSPICEdefault.SimulationSimulation_cdpl.0.1010055/START_WORKER pw_worker -i /mnt/coe/workspace/ece/ece546-spr25/group8/group8_project/synopsys_custom/pwdp_jobs/saeSession0_HSPICEdefault.SimulationSimulation_cdpl.0.1010055 -t 10000
1743684284.158495: 1010055-7f99deffd700: cdpl_farm.c:2343: in _schedule(): debug: C1 in bin B1 running on slot 0
1743684284.158533: 1010055-7f99deffd700: cdpl_farm.c:2167: in _schedule(): debug: idle
1743684284.458668: 1010055-7f99deffd700: cdpl_farm.c:1193: in _onexit(): debug: C1 in bin B1 exited normally on slot 0
1743684285.771905: 1010055-7f99ecff9700: cdpl_compat_master.c:5948: in cdplMasterLogInfo(): info: [non-CDPL log entry] PWDP - no-workers started ok check start!
1743684287.070596: 1010055-7f9a2bb43540: cdpl_compat_master.c:5948: in cdplMasterLogInfo(): info: [non-CDPL log entry] PWDP3: reset pilot cache succeeded, pilot_key=saeSession0,1,HSPICE_default|&/mnt/coe/workspace/ece/ece546-spr25/group8/group8_project/simulation/group8,memory_array_write_test,schematic/history_1/simulation/HSPICE_default/HSPICE/nominal/results
1743684288.309751: 1010055-7f9a00f10700: cdpl_ipc.c:1862: in _epoll_accept(): debug: new connection from `152.14.98.57:48408'
1743684288.309874: 1010055-7f99effff700: cdpl_server_ipc.c:1225: in _sv_ipc_thread(): debug: received ACCEPT notification
1743684288.309927: 1010055-7f99effff700: cdpl_ipc.c:2503: in cdpl_ipc_host_accept(): debug: accepted host `152.14.98.57:48408'
1743684288.310717: 1010055-7f99effff700: cdpl_server_ipc.c:1246: in _sv_ipc_thread(): debug: received HELLO message
1743684288.310724: 1010055-7f99effff700: cdpl_server_ipc.c:430: in _sv_on_hello(): debug: looking up W1
1743684288.310731: 1010055-7f99effff700: cdpl_server_ipc.c:540: in _sv_on_hello(): info: W1 is `152.14.98.57:48408'
1743684288.310737: 1010055-7f99effff700: cdpl_server_ipc.c:541: in _sv_on_hello(): debug: hello W1 (B1)
1743684288.310743: 1010055-7f99effff700: cdpl_server_ipc.c:542: in _sv_on_hello(): info: W1 log file is /dev/null
1743684288.310880: 1010055-7f99effff700: cdpl_server_ipc.c:602: in _sv_on_hello(): info: up to 1 alive workers in B1
1743684288.310909: 1010055-7f99effff700: cdpl_farm.c:878: in _release_cmd(): debug: freeing command C1 in bin B1
1743684288.310967: 1010055-7f99df7fe700: cdpl_server_sched.c:960: in _assign(): info: assigning task T0 to worker W1
1743684289.312301: 1010055-7f99effff700: cdpl_server_ipc.c:312: in _sv_on_heartbeat(): debug: received HEARTBEAT from worker W1 at 152.14.98.57:48408
1743684291.588100: 1010055-7f99effff700: cdpl_server_ipc.c:1268: in _sv_ipc_thread(): debug: received RELAY message
1743684291.588138: 1010055-7f99effff700: cdpl_server_ipc.c:713: in _sv_on_relay(): debug: RELAY message from W1, size = 60
1743684291.588146: 1010055-7f99effff700: cdpl_server_ipc.c:715: in _sv_on_relay(): debug: RELAY message from W1, content = 0$1011812 grendel42.ece.ncsu.edu 1011864 RUNNING 1743684290
1743684291.631261: 1010055-7f99ef7fe700: cdpl_monitor.c:533: in cdpl_mn_connect(): debug: connecting to 152.14.98.57:46563
1743684291.631286: 1010055-7f99ef7fe700: cdpl_ipc.c:3789: in cdpl_ipc_connect(): info: connecting to 152.14.98.57:46563
1743684291.631713: 1010055-7f99ef7fe700: cdpl_ipc.c:3860: in cdpl_ipc_connect(): info: connected as `152.14.98.57:49406'
1743684291.631734: 1010055-7f99ef7fe700: cdpl_ipc.c:2503: in cdpl_ipc_host_accept(): debug: accepted host `152.14.98.57:46563'
1743684291.631748: 1010055-7f99ef7fe700: cdpl_monitor.c:579: in cdpl_mn_connect(): debug: ok
1743684311.331265: 1010055-7f99effff700: cdpl_server_ipc.c:1268: in _sv_ipc_thread(): debug: received RELAY message
1743684311.334774: 1010055-7f99effff700: cdpl_server_ipc.c:713: in _sv_on_relay(): debug: RELAY message from W1, size = 48
1743684311.334795: 1010055-7f99effff700: cdpl_server_ipc.c:715: in _sv_on_relay(): debug: RELAY message from W1, content = WORKERDU|1234,dc2isi00nfs.oit.ncsu.edu:/coe_nfs
1743684311.334822: 1010055-7f99effff700: cdpl_server_ipc.c:1268: in _sv_ipc_thread(): debug: received RELAY message
1743684311.334829: 1010055-7f99effff700: cdpl_server_ipc.c:713: in _sv_on_relay(): debug: RELAY message from W1, size = 211
1743684311.334835: 1010055-7f99effff700: cdpl_server_ipc.c:715: in _sv_on_relay(): debug: RELAY message from W1, content = REQPILOT|saeSession0,1,HSPICE_default|&/mnt/coe/workspace/ece/ece546-spr25/group8/group8_project/simulation/group8,memory_array_write_test,schematic/history_1/simulation/HSPICE_default/HSPICE/nominal/results|&0
1743684311.335164: 1010055-7f99ed7fa700: cdpl_compat_master.c:5948: in cdplMasterLogInfo(): info: [non-CDPL log entry] PWDP send back 'DOPILOT' to worker id:1 key: saeSession0,1,HSPICE_default|&/mnt/coe/workspace/ece/ece546-spr25/group8/group8_project/simulation/group8,memory_array_write_test,schematic/history_1/simulation/HSPICE_default/HSPICE/nominal/results
1743684311.347116: 1010055-7f99ed7fa700: cdpl_compat_master.c:5948: in cdplMasterLogInfo(): info: [non-CDPL log entry] PWDP: set pilot doing!
1743684311.372171: 1010055-7f99effff700: cdpl_server_ipc.c:1268: in _sv_ipc_thread(): debug: received RELAY message
1743684311.372205: 1010055-7f99effff700: cdpl_server_ipc.c:713: in _sv_on_relay(): debug: RELAY message from W1, size = 207
1743684311.372213: 1010055-7f99effff700: cdpl_server_ipc.c:715: in _sv_on_relay(): debug: RELAY message from W1, content = PILOTOK|saeSession0,1,HSPICE_default|&/mnt/coe/workspace/ece/ece546-spr25/group8/group8_project/simulation/group8,memory_array_write_test,schematic/history_1/simulation/HSPICE_default/HSPICE/nominal/results
1743684311.372349: 1010055-7f99ed7fa700: cdpl_compat_master.c:5948: in cdplMasterLogInfo(): info: [non-CDPL log entry] PWDP: set pilot done!
1743684311.373348: 1010055-7f99effff700: cdpl_server_ipc.c:1268: in _sv_ipc_thread(): debug: received RELAY message
1743684311.373386: 1010055-7f99effff700: cdpl_server_ipc.c:713: in _sv_on_relay(): debug: RELAY message from W1, size = 18
1743684311.373409: 1010055-7f99effff700: cdpl_server_ipc.c:715: in _sv_on_relay(): debug: RELAY message from W1, content = 0$- - - MEASDOING
1743684316.851569: 1010055-7f99effff700: cdpl_server_ipc.c:1268: in _sv_ipc_thread(): debug: received RELAY message
1743684316.854565: 1010055-7f99effff700: cdpl_server_ipc.c:713: in _sv_on_relay(): debug: RELAY message from W1, size = 72
1743684316.854580: 1010055-7f99effff700: cdpl_server_ipc.c:715: in _sv_on_relay(): debug: RELAY message from W1, content = 0$1011812 grendel42.ece.ncsu.edu 1011864 FINISHED 1743684290|1743684316
1743684316.881382: 1010055-7f99effff700: cdpl_server_ipc.c:1268: in _sv_ipc_thread(): debug: received RELAY message
1743684316.881450: 1010055-7f99effff700: cdpl_server_ipc.c:713: in _sv_on_relay(): debug: RELAY message from W1, size = 209
1743684316.881459: 1010055-7f99effff700: cdpl_server_ipc.c:715: in _sv_on_relay(): debug: RELAY message from W1, content = PILOTDONE|saeSession0,1,HSPICE_default|&/mnt/coe/workspace/ece/ece546-spr25/group8/group8_project/simulation/group8,memory_array_write_test,schematic/history_1/simulation/HSPICE_default/HSPICE/nominal/results
1743684316.881629: 1010055-7f99ed7fa700: cdpl_compat_master.c:5948: in cdplMasterLogInfo(): info: [non-CDPL log entry] saeSession0,1,HSPICE_default|&/mnt/coe/workspace/ece/ece546-spr25/group8/group8_project/simulation/group8,memory_array_write_test,schematic/history_1/simulation/HSPICE_default/HSPICE/nominal/results PILOTDONE!
1743684316.916160: 1010055-7f99effff700: cdpl_server_ipc.c:1251: in _sv_ipc_thread(): debug: received FINISH message
1743684316.916191: 1010055-7f99effff700: cdpl_server_ipc.c:983: in _sv_on_finish(): info: worker W1 completed task T0
1743684316.916198: 1010055-7f99effff700: cdpl_server_ipc.c:988: in _sv_on_finish(): debug: stat T0: utime=9881 stime=4909
1743684316.916205: 1010055-7f99effff700: cdpl_server_ipc.c:993: in _sv_on_finish(): debug: statm T0: vsize=2867740 rss=1064400 shared=518872 text=474784 data=733240
1743684316.965103: 1010055-7f99effff700: cdpl_server_ipc.c:1268: in _sv_ipc_thread(): debug: received RELAY message
1743684316.965140: 1010055-7f99effff700: cdpl_server_ipc.c:713: in _sv_on_relay(): debug: RELAY message from W1, size = 47
1743684316.965153: 1010055-7f99effff700: cdpl_server_ipc.c:715: in _sv_on_relay(): debug: RELAY message from W1, content = WORKERDU|108,dc2isi00nfs.oit.ncsu.edu:/coe_nfs
1743684323.578437: 1010055-7f9a2bb43540: cdpl_server.c:3008: in cdpl_sv_halt_job_errno(): info: killing job J1
1743684323.581980: 1010055-7f9a2bb43540: cdpl_server.c:3044: in cdpl_sv_halt_job_errno(): debug: signal bin B1 scheduler to stop
1743684323.582056: 1010055-7f99df7fe700: cdpl_server_sched.c:2484: in _sv_scheduler_thread(): debug: scheduler for bin B1 stopped
1743684323.582122: 1010055-7f99df7fe700: cdpl_ipc.c:1657: in _host_drop__UNSAFE(): debug: dropping host `152.14.98.57:48408'
1743684323.582275: 1010055-7f99df7fe700: cdpl_server_sched.c:2830: in _sv_drop_worker(): info: down to 0 alive workers in B1
1743684323.582295: 1010055-7f99df7fe700: cdpl_farm.c:4152: in cdpl_farm_dismiss(): debug: down to 0 running processes
1743684323.582321: 1010055-7f99df7fe700: cdpl_server_sched.c:121: in _free_worker_2(): debug: freeing worker W1
1743684323.582363: 1010055-7f99df7fe700: cdpl_ipc.c:2513: in cdpl_ipc_host_release(): debug: releasing host `152.14.98.57:48408'
1743684323.582433: 1010055-7f99effff700: cdpl_server_ipc.c:1236: in _sv_ipc_thread(): debug: received DROP notification
1743684323.582494: 1010055-7f9a2bb43540: cdpl_server.c:294: in _sv_free_job(): info: freeing job J1
1743684323.582512: 1010055-7f9a2bb43540: cdpl_server.c:92: in _sv_free_bin(): debug: freeing bin B1
1743684323.582532: 1010055-7f9a2bb43540: cdpl_server.c:184: in _sv_free_task(): debug: freeing task T0
1743684323.582656: 1010055-7f9a2bb43540: cdpl_monitor.c:515: in cdpl_mn_kill(): info: killing monitor
1743684323.582681: 1010055-7f9a2bb43540: cdpl_ipc.c:3677: in cdpl_ipc_kill(): debug: stopping event server
1743684323.582716: 1010055-7f99eeffd700: cdpl_ipc.c:2460: in _epoll_main(): debug: server going down...
1743684323.582914: 1010055-7f9a00f10700: cdpl_ipc.c:775: in _readv(): warning: read(): EOF
1743684323.583058: 1010055-7f9a00f10700: cdpl_ipc.c:2100: in _epoll_recv(): debug: _readv(): Broken pipe
1743684323.583075: 1010055-7f9a00f10700: cdpl_ipc.c:2424: in _epoll_main(): debug: _epoll_recv(): Broken pipe
1743684323.583088: 1010055-7f9a00f10700: cdpl_ipc.c:1657: in _host_drop__UNSAFE(): debug: dropping host `152.14.98.57:48406'
1743684323.583234: 1010055-7f9a00f10700: cdpl_ipc.c:1582: in _host_free__UNSAFE(): debug: freeing host `152.14.98.57:48408'
1743684323.583242: 1010055-7f9a00f10700: cdpl_ipc.c:1621: in _host_free__UNSAFE(): debug: [0 outq, 0 spR, 0 spW]
1743684323.583310: 1010055-7f99effff700: cdpl_server_ipc.c:1236: in _sv_ipc_thread(): debug: received DROP notification
1743684323.583362: 1010055-7f99ef7fe700: cdpl_ipc.c:3728: in cdpl_ipc_free(): debug: releasing IPC handle
1743684323.583411: 1010055-7f99ef7fe700: cdpl_ipc.c:1582: in _host_free__UNSAFE(): debug: freeing host `152.14.98.57:46563'
1743684323.583420: 1010055-7f99ef7fe700: cdpl_ipc.c:1621: in _host_free__UNSAFE(): debug: [0 outq, 0 spR, 0 spW]
1743684323.583428: 1010055-7f99effff700: cdpl_monitor.c:1269: in cdpl_mn_drop(): debug: detaching from monitor `152.14.98.57:48406'
1743684323.583443: 1010055-7f99effff700: cdpl_monitor.c:1101: in mn_systat_stop(): debug: joining systat thread
1743684323.583459: 1010055-7f99ef7fe700: cdpl_ipc.c:1582: in _host_free__UNSAFE(): debug: freeing host `152.14.98.57:46157'
1743684323.583466: 1010055-7f99ef7fe700: cdpl_ipc.c:1621: in _host_free__UNSAFE(): debug: [0 outq, 0 spR, 0 spW]
1743684323.583483: 1010055-7f99ef7fe700: cdpl_ipc.c:3756: in cdpl_ipc_free(): warning: 2 host(s) were not released
1743684323.583515: 1010055-7f99ef7fe700: cdpl_ipc.c:3767: in cdpl_ipc_free(): debug: done
1743684323.583521: 1010055-7f99ef7fe700: cdpl_monitor.c:1390: in cdpl_mn_free(): debug: freeing monitor client
1743684323.583645: 1010055-7f99edffb700: cdpl_monitor.c:1079: in mn_systat(): debug: exiting
1743684323.583769: 1010055-7f99effff700: cdpl_monitor.c:1103: in mn_systat_stop(): debug: systat thread done
1743684323.583814: 1010055-7f99effff700: cdpl_ipc.c:2513: in cdpl_ipc_host_release(): debug: releasing host `152.14.98.57:48406'
1743684323.583926: 1010055-7f9a2bb43540: cdpl_farm.c:2740: in cdpl_farm_free(): info: freeing farm
1743684323.584114: 1010055-7f99deffd700: cdpl_farm.c:2231: in _schedule(): debug: end of idling
1743684323.584146: 1010055-7f99deffd700: cdpl_farm.c:2235: in _schedule(): debug: dying
1743684323.584450: 1010055-7f9a2bb43540: cdpl_farm.c:913: in _killall(): debug: killing all remaining commands
1743684323.584523: 1010055-7f9a2bb43540: cdpl_server.c:3144: in cdpl_sv_free(): info: freeing server S1388811326
1743684323.584572: 1010055-7f9a2bb43540: cdpl_server.c:3109: in cdpl_sv_kill_errno(): info: killing server
1743684323.584579: 1010055-7f9a2bb43540: cdpl_ipc.c:3677: in cdpl_ipc_kill(): debug: stopping event server
1743684323.584710: 1010055-7f9a00f10700: cdpl_ipc.c:2460: in _epoll_main(): debug: server going down...
1743684323.584746: 1010055-7f99effff700: cdpl_server_ipc.c:1200: in _sv_ipc_thread(): debug: leaving now
1743684323.584800: 1010055-7f9a2bb43540: cdpl_server.c:334: in _sv_free_master(): info: freeing master M1
1743684323.584825: 1010055-7f9a2bb43540: cdpl_hash.c:68: in cdpl_h_destroy(): debug: put operations: 1
1743684323.584831: 1010055-7f9a2bb43540: cdpl_hash.c:69: in cdpl_h_destroy(): debug: put collisions: 0
1743684323.584836: 1010055-7f9a2bb43540: cdpl_hash.c:70: in cdpl_h_destroy(): debug: get operations: 1
1743684323.584841: 1010055-7f9a2bb43540: cdpl_hash.c:71: in cdpl_h_destroy(): debug: get iterations: 1
1743684323.584869: 1010055-7f9a2bb43540: cdpl_monitor.c:1390: in cdpl_mn_free(): debug: freeing monitor server
1743684323.585077: 1010055-7f9a2bb43540: cdpl_ipc.c:3728: in cdpl_ipc_free(): debug: releasing IPC handle
1743684323.585092: 1010055-7f9a2bb43540: cdpl_ipc.c:1582: in _host_free__UNSAFE(): debug: freeing host `152.14.98.57:48406'
1743684323.585098: 1010055-7f9a2bb43540: cdpl_ipc.c:1621: in _host_free__UNSAFE(): debug: [0 outq, 0 spR, 0 spW]
1743684323.585147: 1010055-7f9a2bb43540: cdpl_ipc.c:3767: in cdpl_ipc_free(): debug: done
1743684323.585167: 1010055-7f9a2bb43540: cdpl_log.c:481: in cdpl_log_close(): info: @@end_of_log@@
