1743877087.600628: 1284105-7f09f5187540: cdpl_log.c:337: in cdpl_log_open(): info: @@start_of_log@@
1743877087.600698: 1284105-7f09f5187540: cdpl_log.c:1058: in cdpl_log_dump_sysinfo(): info: time: 2025/04/05 14:18:07 EDT -0400
1743877087.600704: 1284105-7f09f5187540: cdpl_log.c:1060: in cdpl_log_dump_sysinfo(): info: version: W-2024.09-SP1-2 
1743877087.600708: 1284105-7f09f5187540: cdpl_log.c:1062: in cdpl_log_dump_sysinfo(): info: system: Linux 4.18.0-553.46.1.el8_10.x86_64 #1 SMP Sat Mar 15 01:37:33 EDT 2025
1743877087.600712: 1284105-7f09f5187540: cdpl_log.c:1067: in cdpl_log_dump_sysinfo(): info: processor: x86_64 64-bits
1743877087.600715: 1284105-7f09f5187540: cdpl_log.c:1071: in cdpl_log_dump_sysinfo(): info: hostname: hydra12.ece.ncsu.edu
1743877087.600718: 1284105-7f09f5187540: cdpl_log.c:1073: in cdpl_log_dump_sysinfo(): info: program name: custom_shell
1743877087.600723: 1284105-7f09f5187540: cdpl_log.c:340: in cdpl_log_open(): debug: path: /mnt/coe/workspace/ece/ece546-spr25/group8/group8_project/synopsys_custom/pwdp_jobs/saeSession1_HSPICEdefault.SimulationSimulation_cdpl.0.1284105/logs/master.hydra12.ece.ncsu.edu.1284105.log
1743877087.600727: 1284105-7f09f5187540: cdpl_log.c:341: in cdpl_log_open(): debug: dir: /mnt/coe/workspace/ece/ece546-spr25/group8/group8_project/synopsys_custom/pwdp_jobs/saeSession1_HSPICEdefault.SimulationSimulation_cdpl.0.1284105/logs
1743877087.600807: 1284105-7f09f5187540: cdpl_server.c:536: in cdpl_sv_init(): info: new server S2047721262
1743877087.600824: 1284105-7f09f5187540: cdpl_ipc.c:3475: in cdpl_ipc_init(): info: requesting IPv4 protocol
1743877087.605512: 1284105-7f09f5187540: cdpl_ipc.c:837: in _selectaddrfamily(): info: selected IPv4 protocol
1743877087.605575: 1284105-7f09f5187540: cdpl_ipc.c:1139: in _set_keepalive(): info: TCP keep alive interval: 300
1743877087.610132: 1284105-7f09f5187540: cdpl_monitor.c:1117: in cdpl_mn_new_server(): info: creating server monitor instance
1743877087.610175: 1284105-7f09f5187540: cdpl_server.c:650: in cdpl_sv_new_master(): info: new master M1
1743877087.610201: 1284105-7f09f5187540: cdpl_server.c:6533: in cdpl_sv_ctl_master(): info: Setting worker heartbeat to 120 seconds
1743877087.610206: 1284105-7f09f5187540: cdpl_server.c:6542: in cdpl_sv_ctl_master(): info: Setting worker heartbeat timeout to 3 heartbeats
1743877087.610211: 1284105-7f09f5187540: cdpl_compat_master.c:2090: in _parse_hostfile(): info: reading hostfile `/mnt/coe/workspace/ece/ece546-spr25/group8/group8_project/synopsys_custom/pwdp_jobs/saeSession1_HSPICEdefault.SimulationSimulation_cdpl.0.1284105/host_file'
1743877087.614471: 1284105-7f09f5187540: cdpl_compat_master.c:1900: in _hostfile_parser(): debug: parsing "1     |localhost|   -1  | /tmp | SH | sh"
1743877087.614518: 1284105-7f09f5187540: cdpl_farm.c:2578: in cdpl_farm_new_sh(): info: creating SH farm on localhost
1743877087.614547: 1284105-7f09f5187540: cdpl_compat_master.c:206: in _set_farm_env(): info: exporting CDPL_LOGDIR as `/mnt/coe/workspace/ece/ece546-spr25/group8/group8_project/synopsys_custom/pwdp_jobs/saeSession1_HSPICEdefault.SimulationSimulation_cdpl.0.1284105/logs'
1743877087.614552: 1284105-7f09f5187540: cdpl_compat_master.c:212: in _set_farm_env(): info: exporting CDPL_TMPDIR as `/tmp'
1743877087.614556: 1284105-7f09f5187540: cdpl_compat_master.c:219: in _set_farm_env(): info: exporting CDPL_HOME as `/mnt/apps/public/COE/synopsys_apps/hspice/W-2024.09-SP1/hspice/cdpl'
1743877087.614560: 1284105-7f09f5187540: cdpl_compat_master.c:235: in _set_farm_env(): info: exporting SNPSLMD_LICENSE_FILE as `27000@ece-lic-35.ece.ncsu.edu'
1743877087.614564: 1284105-7f09f5187540: cdpl_compat_master.c:259: in _set_farm_env(): info: exporting CDPL_OPTIONS as `[nowlogs]'
1743877087.614567: 1284105-7f09f5187540: cdpl_compat_master.c:266: in _set_farm_env(): info: exporting DISPLAY as `unix:5586'
1743877087.614571: 1284105-7f09f5187540: cdpl_compat_master.c:274: in _set_farm_env(): info: exporting CDPL_HEARTBEAT as `120'
1743877087.614599: 1284105-7f09f5187540: cdpl_farm.c:3149: in cdpl_farm_add_withdir(): debug: added `localhost' (capacity: unlimited)
1743877087.614615: 1284105-7f09f5187540: cdpl_compat_parse.c:147: in parsefile(): debug: read `/mnt/coe/workspace/ece/ece546-spr25/group8/group8_project/synopsys_custom/pwdp_jobs/saeSession1_HSPICEdefault.SimulationSimulation_cdpl.0.1284105/host_file', 2 lines
1743877087.614619: 1284105-7f09f5187540: cdpl_compat_master.c:2931: in cdplInitMaster(): info: bcast dir is `/mnt/coe/workspace/ece/ece546-spr25/group8/group8_project/synopsys_custom/pwdp_jobs/saeSession1_HSPICEdefault.SimulationSimulation_cdpl.0.1284105/logs'
1743877087.618313: 1284105-7f09f5187540: cdpl_server.c:6433: in cdpl_sv_ctl_master(): info: farm worker timeout set to 300
1743877087.618321: 1284105-7f09f5187540: cdpl_server.c:6486: in cdpl_sv_ctl_master(): info: maximum number of task execution attempts set to 1
1743877087.618363: 1284105-7f09f5187540: cdpl_server.c:3195: in cdpl_sv_start(): debug: starting server
1743877087.618374: 1284105-7f09f5187540: cdpl_ipc.c:3632: in cdpl_ipc_start(): debug: starting IPC server 152.14.98.36:36103
1743877087.618693: 1284105-7f09bddca700: cdpl_server_ipc.c:1182: in _sv_ipc_thread(): debug: ready
1743877087.618920: 1284105-7f09bd5c9700: cdpl_monitor.c:426: in cdpl_mn_init_client(): info: creating client monitor instance
1743877087.618939: 1284105-7f09bd5c9700: cdpl_ipc.c:3475: in cdpl_ipc_init(): info: requesting IPv4 protocol
1743877087.622788: 1284105-7f09bd5c9700: cdpl_ipc.c:837: in _selectaddrfamily(): info: selected IPv4 protocol
1743877087.622824: 1284105-7f09bd5c9700: cdpl_ipc.c:1139: in _set_keepalive(): info: TCP keep alive interval: 300
1743877087.628087: 1284105-7f09bd5c9700: cdpl_ipc.c:3632: in cdpl_ipc_start(): debug: starting IPC server 152.14.98.36:34827
1743877087.628346: 1284105-7f09bd5c9700: cdpl_monitor.c:471: in cdpl_mn_init_client(): debug: incoming messages in /tmp/cdpl-monitor-qDMVyS
1743877087.628944: 1284105-7f09bd5c9700: cdpl_monitor.c:533: in cdpl_mn_connect(): debug: connecting to 152.14.98.36:36103
1743877087.628962: 1284105-7f09bd5c9700: cdpl_ipc.c:3789: in cdpl_ipc_connect(): info: connecting to 152.14.98.36:36103
1743877087.629166: 1284105-7f09bd5c9700: cdpl_ipc.c:3860: in cdpl_ipc_connect(): info: connected as `152.14.98.36:49410'
1743877087.629195: 1284105-7f09bd5c9700: cdpl_ipc.c:2503: in cdpl_ipc_host_accept(): debug: accepted host `152.14.98.36:36103'
1743877087.629225: 1284105-7f09be5cb700: cdpl_ipc.c:1862: in _epoll_accept(): debug: new connection from `152.14.98.36:49410'
1743877087.629250: 1284105-7f09bd5c9700: cdpl_monitor.c:579: in cdpl_mn_connect(): debug: ok
1743877087.629326: 1284105-7f09bddca700: cdpl_server_ipc.c:1225: in _sv_ipc_thread(): debug: received ACCEPT notification
1743877087.629338: 1284105-7f09f5187540: cdpl_server.c:731: in cdpl_sv_new_job(): info: new job J1 in M1
1743877087.629357: 1284105-7f09bddca700: cdpl_ipc.c:2503: in cdpl_ipc_host_accept(): debug: accepted host `152.14.98.36:49410'
1743877087.629364: 1284105-7f09bddca700: cdpl_server_ipc.c:1256: in _sv_ipc_thread(): debug: received MONITOR message
1743877087.629394: 1284105-7f09f5187540: cdpl_compat_master.c:1581: in _add_worker(): info: new worker type 10, min:1, max:3, cmd:`/mnt/coe/workspace/ece/ece546-spr25/group8/group8_project/synopsys_custom/pwdp_jobs/saeSession1_HSPICEdefault.SimulationSimulation_cdpl.0.1284105/START_WORKER pw_worker -i /mnt/coe/workspace/ece/ece546-spr25/group8/g
1743877087.629427: 1284105-7f09f5187540: cdpl_server.c:908: in cdpl_sv_new_bin_withfarm(): info: new bin B1 in J1
1743877087.629571: 1284105-7f09bddca700: cdpl_monitor.c:1207: in cdpl_mn_accept(): debug: accepted monitor `152.14.98.36:49410'
1743877087.629578: 1284105-7f09bddca700: cdpl_server_ipc_mon.c:120: in _globalLOCK(): debug: ENTERTING GLOBAL LOCK
1743877087.629582: 1284105-7f09bddca700: cdpl_server_ipc_mon.c:164: in _globalLOCK(): debug: global lock acquired
1743877087.629590: 1284105-7f09b77fe700: cdpl_monitor.c:910: in mn_systat(): debug: started
1743877087.630025: 1284105-7f09b77fe700: cdpl_monitor.c:937: in mn_systat(): debug: monitor server flush rate: 5
1743877087.717784: 1284105-7f09bddca700: cdpl_server_ipc_mon.c:210: in _globalUNLOCK(): debug: LEAVING GLOBAL LOCK
1743877087.846882: 1284105-7f09f5187540: cdpl_server.c:3249: in cdpl_sv_start_job(): info: starting job J1
1743877087.846924: 1284105-7f09f5187540: cdpl_server.c:62: in _sv_start_bin(): debug: starting bin B1 (min: 0, max: 3)
1743877087.847107: 1284105-7f09b57fa700: cdpl_server_sched.c:2482: in _sv_scheduler_thread(): debug: scheduler for bin B1 started
1743877087.847144: 1284105-7f09f5187540: cdpl_server.c:1893: in _sv_gen_task(): info: new task T0 in B1 (prio 0)
1743877087.847207: 1284105-7f09f5187540: cdpl_server.c:2698: in cdpl_sv_label_task_va(): info: setting task T0 label to "HSPICE_1|HSPICE"
1743877087.847292: 1284105-7f09b57fa700: cdpl_server_sched.c:2443: in _scheduler_run(): debug: will start a new worker
1743877087.847354: 1284105-7f09b57fa700: cdpl_farm.c:3977: in cdpl_farm_submit(): debug: 1 running processes
1743877087.847360: 1284105-7f09b57fa700: cdpl_farm.c:3985: in cdpl_farm_submit(): debug: new command C1 in bin B1 assigned to host `localhost'
1743877087.847519: 1284105-7f09b57fa700: cdpl_server_sched.c:705: in _sv_launch_worker(): info: started worker W1 (as C1) in bin B1
1743877087.847536: 1284105-7f09b4ff9700: cdpl_farm.c:2139: in _schedule(): debug: started
1743877087.847549: 1284105-7f09b4ff9700: cdpl_farm.c:2303: in _schedule(): debug: submitting command C1 in bin B1
1743877087.847585: 1284105-7f09b4ff9700: cdpl_sh.c:49: in _sh_detached_submit(): info: SH : /mnt/coe/workspace/ece/ece546-spr25/group8/group8_project/synopsys_custom/pwdp_jobs/saeSession1_HSPICEdefault.SimulationSimulation_cdpl.0.1284105/START_WORKER pw_worker -i /mnt/coe/workspace/ece/ece546-spr25/group8/group8_project/synopsys_custom/pwdp_jobs/saeSession1_HSPICEdefault.SimulationSimulation_cdpl.0.1284105 -t 10000
1743877087.860662: 1284105-7f09b4ff9700: cdpl_farm.c:2343: in _schedule(): debug: C1 in bin B1 running on slot 0
1743877087.860719: 1284105-7f09b4ff9700: cdpl_farm.c:2167: in _schedule(): debug: idle
1743877088.003763: 1284105-7f09f5187540: cdpl_compat_master.c:5948: in cdplMasterLogInfo(): info: [non-CDPL log entry] PWDP3: reset pilot cache succeeded, pilot_key=saeSession1,1,HSPICE_default|&/mnt/coe/workspace/ece/ece546-spr25/group8/group8_project/simulation/group8,tb2025,schematic/history_1/simulation/HSPICE_default/HSPICE/nominal/results
1743877088.160839: 1284105-7f09b4ff9700: cdpl_farm.c:1193: in _onexit(): debug: C1 in bin B1 exited normally on slot 0
1743877088.857047: 1284105-7f09b67fc700: cdpl_compat_master.c:5948: in cdplMasterLogInfo(): info: [non-CDPL log entry] PWDP - no-workers started ok check start!
1743877091.272139: 1284105-7f09be5cb700: cdpl_ipc.c:1862: in _epoll_accept(): debug: new connection from `152.14.98.36:56278'
1743877091.272190: 1284105-7f09bddca700: cdpl_server_ipc.c:1225: in _sv_ipc_thread(): debug: received ACCEPT notification
1743877091.272208: 1284105-7f09bddca700: cdpl_ipc.c:2503: in cdpl_ipc_host_accept(): debug: accepted host `152.14.98.36:56278'
1743877091.272492: 1284105-7f09bddca700: cdpl_server_ipc.c:1246: in _sv_ipc_thread(): debug: received HELLO message
1743877091.272497: 1284105-7f09bddca700: cdpl_server_ipc.c:430: in _sv_on_hello(): debug: looking up W1
1743877091.272502: 1284105-7f09bddca700: cdpl_server_ipc.c:540: in _sv_on_hello(): info: W1 is `152.14.98.36:56278'
1743877091.272505: 1284105-7f09bddca700: cdpl_server_ipc.c:541: in _sv_on_hello(): debug: hello W1 (B1)
1743877091.272509: 1284105-7f09bddca700: cdpl_server_ipc.c:542: in _sv_on_hello(): info: W1 log file is /dev/null
1743877091.272604: 1284105-7f09bddca700: cdpl_server_ipc.c:602: in _sv_on_hello(): info: up to 1 alive workers in B1
1743877091.272624: 1284105-7f09bddca700: cdpl_farm.c:878: in _release_cmd(): debug: freeing command C1 in bin B1
1743877091.272653: 1284105-7f09b57fa700: cdpl_server_sched.c:960: in _assign(): info: assigning task T0 to worker W1
1743877092.272946: 1284105-7f09bddca700: cdpl_server_ipc.c:312: in _sv_on_heartbeat(): debug: received HEARTBEAT from worker W1 at 152.14.98.36:56278
1743877092.699517: 1284105-7f09bd5c9700: cdpl_monitor.c:533: in cdpl_mn_connect(): debug: connecting to 152.14.98.36:45463
1743877092.699539: 1284105-7f09bd5c9700: cdpl_ipc.c:3789: in cdpl_ipc_connect(): info: connecting to 152.14.98.36:45463
1743877092.699770: 1284105-7f09bd5c9700: cdpl_ipc.c:3860: in cdpl_ipc_connect(): info: connected as `152.14.98.36:38136'
1743877092.699787: 1284105-7f09bd5c9700: cdpl_ipc.c:2503: in cdpl_ipc_host_accept(): debug: accepted host `152.14.98.36:45463'
1743877092.699794: 1284105-7f09bd5c9700: cdpl_monitor.c:579: in cdpl_mn_connect(): debug: ok
1743877095.656177: 1284105-7f09bddca700: cdpl_server_ipc.c:1268: in _sv_ipc_thread(): debug: received RELAY message
1743877095.656198: 1284105-7f09bddca700: cdpl_server_ipc.c:713: in _sv_on_relay(): debug: RELAY message from W1, size = 58
1743877095.656204: 1284105-7f09bddca700: cdpl_server_ipc.c:715: in _sv_on_relay(): debug: RELAY message from W1, content = 0$1284734 hydra12.ece.ncsu.edu 1284840 RUNNING 1743877095
1743877124.568787: 1284105-7f09bddca700: cdpl_server_ipc.c:1268: in _sv_ipc_thread(): debug: received RELAY message
1743877124.570118: 1284105-7f09bddca700: cdpl_server_ipc.c:713: in _sv_on_relay(): debug: RELAY message from W1, size = 48
1743877124.570127: 1284105-7f09bddca700: cdpl_server_ipc.c:715: in _sv_on_relay(): debug: RELAY message from W1, content = WORKERDU|1531,dc2isi00nfs.oit.ncsu.edu:/coe_nfs
1743877130.214121: 1284105-7f09bddca700: cdpl_server_ipc.c:1268: in _sv_ipc_thread(): debug: received RELAY message
1743877130.215476: 1284105-7f09bddca700: cdpl_server_ipc.c:713: in _sv_on_relay(): debug: RELAY message from W1, size = 46
1743877130.215485: 1284105-7f09bddca700: cdpl_server_ipc.c:715: in _sv_on_relay(): debug: RELAY message from W1, content = WORKERDU|48,dc2isi00nfs.oit.ncsu.edu:/coe_nfs
1743877136.156217: 1284105-7f09bddca700: cdpl_server_ipc.c:1268: in _sv_ipc_thread(): debug: received RELAY message
1743877136.157618: 1284105-7f09bddca700: cdpl_server_ipc.c:713: in _sv_on_relay(): debug: RELAY message from W1, size = 47
1743877136.157627: 1284105-7f09bddca700: cdpl_server_ipc.c:715: in _sv_on_relay(): debug: RELAY message from W1, content = WORKERDU|128,dc2isi00nfs.oit.ncsu.edu:/coe_nfs
1743877142.193971: 1284105-7f09bddca700: cdpl_server_ipc.c:1268: in _sv_ipc_thread(): debug: received RELAY message
1743877142.195364: 1284105-7f09bddca700: cdpl_server_ipc.c:713: in _sv_on_relay(): debug: RELAY message from W1, size = 47
1743877142.195372: 1284105-7f09bddca700: cdpl_server_ipc.c:715: in _sv_on_relay(): debug: RELAY message from W1, content = WORKERDU|144,dc2isi00nfs.oit.ncsu.edu:/coe_nfs
1743877148.161040: 1284105-7f09b4ff9700: cdpl_farm.c:2173: in _schedule(): debug: idle
1743877154.167418: 1284105-7f09bddca700: cdpl_server_ipc.c:1268: in _sv_ipc_thread(): debug: received RELAY message
1743877154.168719: 1284105-7f09bddca700: cdpl_server_ipc.c:713: in _sv_on_relay(): debug: RELAY message from W1, size = 47
1743877154.168729: 1284105-7f09bddca700: cdpl_server_ipc.c:715: in _sv_on_relay(): debug: RELAY message from W1, content = WORKERDU|128,dc2isi00nfs.oit.ncsu.edu:/coe_nfs
1743877166.124138: 1284105-7f09bddca700: cdpl_server_ipc.c:1268: in _sv_ipc_thread(): debug: received RELAY message
1743877166.125489: 1284105-7f09bddca700: cdpl_server_ipc.c:713: in _sv_on_relay(): debug: RELAY message from W1, size = 47
1743877166.125498: 1284105-7f09bddca700: cdpl_server_ipc.c:715: in _sv_on_relay(): debug: RELAY message from W1, content = WORKERDU|136,dc2isi00nfs.oit.ncsu.edu:/coe_nfs
1743877178.209132: 1284105-7f09bddca700: cdpl_server_ipc.c:1268: in _sv_ipc_thread(): debug: received RELAY message
1743877178.210395: 1284105-7f09bddca700: cdpl_server_ipc.c:713: in _sv_on_relay(): debug: RELAY message from W1, size = 47
1743877178.210402: 1284105-7f09bddca700: cdpl_server_ipc.c:715: in _sv_on_relay(): debug: RELAY message from W1, content = WORKERDU|144,dc2isi00nfs.oit.ncsu.edu:/coe_nfs
1743877190.184681: 1284105-7f09bddca700: cdpl_server_ipc.c:1268: in _sv_ipc_thread(): debug: received RELAY message
1743877190.186041: 1284105-7f09bddca700: cdpl_server_ipc.c:713: in _sv_on_relay(): debug: RELAY message from W1, size = 47
1743877190.186057: 1284105-7f09bddca700: cdpl_server_ipc.c:715: in _sv_on_relay(): debug: RELAY message from W1, content = WORKERDU|360,dc2isi00nfs.oit.ncsu.edu:/coe_nfs
1743877202.247187: 1284105-7f09bddca700: cdpl_server_ipc.c:1268: in _sv_ipc_thread(): debug: received RELAY message
1743877202.248506: 1284105-7f09bddca700: cdpl_server_ipc.c:713: in _sv_on_relay(): debug: RELAY message from W1, size = 47
1743877202.248515: 1284105-7f09bddca700: cdpl_server_ipc.c:715: in _sv_on_relay(): debug: RELAY message from W1, content = WORKERDU|128,dc2isi00nfs.oit.ncsu.edu:/coe_nfs
1743877208.162659: 1284105-7f09b4ff9700: cdpl_farm.c:2173: in _schedule(): debug: idle
1743877208.219283: 1284105-7f09bddca700: cdpl_server_ipc.c:1268: in _sv_ipc_thread(): debug: received RELAY message
1743877208.219305: 1284105-7f09bddca700: cdpl_server_ipc.c:713: in _sv_on_relay(): debug: RELAY message from W1, size = 47
1743877208.219310: 1284105-7f09bddca700: cdpl_server_ipc.c:715: in _sv_on_relay(): debug: RELAY message from W1, content = WORKERDU|136,dc2isi00nfs.oit.ncsu.edu:/coe_nfs
1743877208.622804: 1284105-7f09b6ffd700: cdpl_compat_master.c:5948: in cdplMasterLogInfo(): info: [non-CDPL log entry] PWDP: message receiver is alive.
1743877212.273038: 1284105-7f09bddca700: cdpl_server_ipc.c:312: in _sv_on_heartbeat(): debug: received HEARTBEAT from worker W1 at 152.14.98.36:56278
1743877216.854383: 1284105-7f09bddca700: cdpl_server_ipc.c:1268: in _sv_ipc_thread(): debug: received RELAY message
1743877216.855724: 1284105-7f09bddca700: cdpl_server_ipc.c:713: in _sv_on_relay(): debug: RELAY message from W1, size = 194
1743877216.855736: 1284105-7f09bddca700: cdpl_server_ipc.c:715: in _sv_on_relay(): debug: RELAY message from W1, content = REQPILOT|saeSession1,1,HSPICE_default|&/mnt/coe/workspace/ece/ece546-spr25/group8/group8_project/simulation/group8,tb2025,schematic/history_1/simulation/HSPICE_default/HSPICE/nominal/results|&0
1743877216.856081: 1284105-7f09b6ffd700: cdpl_compat_master.c:5948: in cdplMasterLogInfo(): info: [non-CDPL log entry] PWDP send back 'DOPILOT' to worker id:1 key: saeSession1,1,HSPICE_default|&/mnt/coe/workspace/ece/ece546-spr25/group8/group8_project/simulation/group8,tb2025,schematic/history_1/simulation/HSPICE_default/HSPICE/nominal/results
1743877216.864565: 1284105-7f09b6ffd700: cdpl_compat_master.c:5948: in cdplMasterLogInfo(): info: [non-CDPL log entry] PWDP: set pilot doing!
1743877216.878888: 1284105-7f09bddca700: cdpl_server_ipc.c:1268: in _sv_ipc_thread(): debug: received RELAY message
1743877216.878902: 1284105-7f09bddca700: cdpl_server_ipc.c:713: in _sv_on_relay(): debug: RELAY message from W1, size = 190
1743877216.878906: 1284105-7f09bddca700: cdpl_server_ipc.c:715: in _sv_on_relay(): debug: RELAY message from W1, content = PILOTOK|saeSession1,1,HSPICE_default|&/mnt/coe/workspace/ece/ece546-spr25/group8/group8_project/simulation/group8,tb2025,schematic/history_1/simulation/HSPICE_default/HSPICE/nominal/results
1743877216.878953: 1284105-7f09b6ffd700: cdpl_compat_master.c:5948: in cdplMasterLogInfo(): info: [non-CDPL log entry] PWDP: set pilot done!
1743877216.879110: 1284105-7f09bddca700: cdpl_server_ipc.c:1268: in _sv_ipc_thread(): debug: received RELAY message
1743877216.879124: 1284105-7f09bddca700: cdpl_server_ipc.c:713: in _sv_on_relay(): debug: RELAY message from W1, size = 18
1743877216.879129: 1284105-7f09bddca700: cdpl_server_ipc.c:715: in _sv_on_relay(): debug: RELAY message from W1, content = 0$- - - MEASDOING
1743877220.777405: 1284105-7f09b67fc700: cdpl_compat_master.c:5948: in cdplMasterLogInfo(): info: [non-CDPL log entry] PWDP: master status watchdog is alive.
1743877222.478444: 1284105-7f09bddca700: cdpl_server_ipc.c:1268: in _sv_ipc_thread(): debug: received RELAY message
1743877222.478471: 1284105-7f09bddca700: cdpl_server_ipc.c:713: in _sv_on_relay(): debug: RELAY message from W1, size = 70
1743877222.478477: 1284105-7f09bddca700: cdpl_server_ipc.c:715: in _sv_on_relay(): debug: RELAY message from W1, content = 0$1284734 hydra12.ece.ncsu.edu 1284840 FINISHED 1743877095|1743877222
1743877222.491786: 1284105-7f09bddca700: cdpl_server_ipc.c:1268: in _sv_ipc_thread(): debug: received RELAY message
1743877222.491799: 1284105-7f09bddca700: cdpl_server_ipc.c:713: in _sv_on_relay(): debug: RELAY message from W1, size = 192
1743877222.491804: 1284105-7f09bddca700: cdpl_server_ipc.c:715: in _sv_on_relay(): debug: RELAY message from W1, content = PILOTDONE|saeSession1,1,HSPICE_default|&/mnt/coe/workspace/ece/ece546-spr25/group8/group8_project/simulation/group8,tb2025,schematic/history_1/simulation/HSPICE_default/HSPICE/nominal/results
1743877222.491826: 1284105-7f09b6ffd700: cdpl_compat_master.c:5948: in cdplMasterLogInfo(): info: [non-CDPL log entry] saeSession1,1,HSPICE_default|&/mnt/coe/workspace/ece/ece546-spr25/group8/group8_project/simulation/group8,tb2025,schematic/history_1/simulation/HSPICE_default/HSPICE/nominal/results PILOTDONE!
1743877222.507465: 1284105-7f09bddca700: cdpl_server_ipc.c:1251: in _sv_ipc_thread(): debug: received FINISH message
1743877222.507479: 1284105-7f09bddca700: cdpl_server_ipc.c:983: in _sv_on_finish(): info: worker W1 completed task T0
1743877222.507483: 1284105-7f09bddca700: cdpl_server_ipc.c:988: in _sv_on_finish(): debug: stat T0: utime=134793 stime=3447
1743877222.507487: 1284105-7f09bddca700: cdpl_server_ipc.c:993: in _sv_on_finish(): debug: statm T0: vsize=2869472 rss=1063516 shared=519208 text=474784 data=736036
1743877222.531696: 1284105-7f09f5187540: cdpl_server.c:227: in _sv_free_task_safe(): debug: freeing task T0
1743877222.537304: 1284105-7f09bddca700: cdpl_server_ipc.c:1268: in _sv_ipc_thread(): debug: received RELAY message
1743877222.537317: 1284105-7f09bddca700: cdpl_server_ipc.c:713: in _sv_on_relay(): debug: RELAY message from W1, size = 47
1743877222.537322: 1284105-7f09bddca700: cdpl_server_ipc.c:715: in _sv_on_relay(): debug: RELAY message from W1, content = WORKERDU|269,dc2isi00nfs.oit.ncsu.edu:/coe_nfs
1743877230.980040: 1284105-7f09f5187540: cdpl_server.c:3008: in cdpl_sv_halt_job_errno(): info: killing job J1
1743877230.981438: 1284105-7f09f5187540: cdpl_server.c:3044: in cdpl_sv_halt_job_errno(): debug: signal bin B1 scheduler to stop
1743877230.981485: 1284105-7f09b57fa700: cdpl_server_sched.c:2484: in _sv_scheduler_thread(): debug: scheduler for bin B1 stopped
1743877230.981527: 1284105-7f09b57fa700: cdpl_ipc.c:1657: in _host_drop__UNSAFE(): debug: dropping host `152.14.98.36:56278'
1743877230.981596: 1284105-7f09b57fa700: cdpl_server_sched.c:2830: in _sv_drop_worker(): info: down to 0 alive workers in B1
1743877230.981607: 1284105-7f09bddca700: cdpl_server_ipc.c:1236: in _sv_ipc_thread(): debug: received DROP notification
1743877230.981614: 1284105-7f09b57fa700: cdpl_farm.c:4152: in cdpl_farm_dismiss(): debug: down to 0 running processes
1743877230.981643: 1284105-7f09b57fa700: cdpl_server_sched.c:121: in _free_worker_2(): debug: freeing worker W1
1743877230.981666: 1284105-7f09b57fa700: cdpl_ipc.c:2513: in cdpl_ipc_host_release(): debug: releasing host `152.14.98.36:56278'
1743877230.981670: 1284105-7f09b57fa700: cdpl_ipc.c:2529: in cdpl_ipc_host_release(): debug: scheduling for immediate release
1743877230.981702: 1284105-7f09f5187540: cdpl_server.c:294: in _sv_free_job(): info: freeing job J1
1743877230.981714: 1284105-7f09f5187540: cdpl_server.c:92: in _sv_free_bin(): debug: freeing bin B1
1743877230.981804: 1284105-7f09f5187540: cdpl_monitor.c:515: in cdpl_mn_kill(): info: killing monitor
1743877230.981819: 1284105-7f09f5187540: cdpl_ipc.c:3677: in cdpl_ipc_kill(): debug: stopping event server
1743877230.981835: 1284105-7f09bcdc8700: cdpl_ipc.c:2460: in _epoll_main(): debug: server going down...
1743877230.981874: 1284105-7f09be5cb700: cdpl_ipc.c:775: in _readv(): warning: read(): EOF
1743877230.981917: 1284105-7f09be5cb700: cdpl_ipc.c:2100: in _epoll_recv(): debug: _readv(): Broken pipe
1743877230.981930: 1284105-7f09be5cb700: cdpl_ipc.c:2424: in _epoll_main(): debug: _epoll_recv(): Broken pipe
1743877230.981937: 1284105-7f09be5cb700: cdpl_ipc.c:1657: in _host_drop__UNSAFE(): debug: dropping host `152.14.98.36:49410'
1743877230.982003: 1284105-7f09be5cb700: cdpl_ipc.c:1582: in _host_free__UNSAFE(): debug: freeing host `152.14.98.36:56278'
1743877230.982010: 1284105-7f09be5cb700: cdpl_ipc.c:1621: in _host_free__UNSAFE(): debug: [0 outq, 0 spR, 0 spW]
1743877230.982026: 1284105-7f09bddca700: cdpl_server_ipc.c:1236: in _sv_ipc_thread(): debug: received DROP notification
1743877230.982051: 1284105-7f09bddca700: cdpl_monitor.c:1269: in cdpl_mn_drop(): debug: detaching from monitor `152.14.98.36:49410'
1743877230.982058: 1284105-7f09bddca700: cdpl_monitor.c:1101: in mn_systat_stop(): debug: joining systat thread
1743877230.982106: 1284105-7f09b77fe700: cdpl_monitor.c:1079: in mn_systat(): debug: exiting
1743877230.982120: 1284105-7f09bddca700: cdpl_monitor.c:1103: in mn_systat_stop(): debug: systat thread done
1743877230.982126: 1284105-7f09bddca700: cdpl_ipc.c:2513: in cdpl_ipc_host_release(): debug: releasing host `152.14.98.36:49410'
1743877230.982287: 1284105-7f09bd5c9700: cdpl_ipc.c:3728: in cdpl_ipc_free(): debug: releasing IPC handle
1743877230.982300: 1284105-7f09bd5c9700: cdpl_ipc.c:1582: in _host_free__UNSAFE(): debug: freeing host `152.14.98.36:45463'
1743877230.982305: 1284105-7f09bd5c9700: cdpl_ipc.c:1621: in _host_free__UNSAFE(): debug: [0 outq, 0 spR, 0 spW]
1743877230.982324: 1284105-7f09bd5c9700: cdpl_ipc.c:1582: in _host_free__UNSAFE(): debug: freeing host `152.14.98.36:36103'
1743877230.982328: 1284105-7f09bd5c9700: cdpl_ipc.c:1621: in _host_free__UNSAFE(): debug: [0 outq, 0 spR, 0 spW]
1743877230.982338: 1284105-7f09bd5c9700: cdpl_ipc.c:3756: in cdpl_ipc_free(): warning: 2 host(s) were not released
1743877230.982360: 1284105-7f09bd5c9700: cdpl_ipc.c:3767: in cdpl_ipc_free(): debug: done
1743877230.982363: 1284105-7f09bd5c9700: cdpl_monitor.c:1390: in cdpl_mn_free(): debug: freeing monitor client
1743877230.982549: 1284105-7f09f5187540: cdpl_farm.c:2740: in cdpl_farm_free(): info: freeing farm
1743877230.982568: 1284105-7f09b4ff9700: cdpl_farm.c:2231: in _schedule(): debug: end of idling
1743877230.982576: 1284105-7f09b4ff9700: cdpl_farm.c:2235: in _schedule(): debug: dying
1743877230.982657: 1284105-7f09f5187540: cdpl_farm.c:913: in _killall(): debug: killing all remaining commands
1743877230.982680: 1284105-7f09f5187540: cdpl_server.c:3144: in cdpl_sv_free(): info: freeing server S2047721262
1743877230.982709: 1284105-7f09f5187540: cdpl_server.c:3109: in cdpl_sv_kill_errno(): info: killing server
1743877230.982712: 1284105-7f09f5187540: cdpl_ipc.c:3677: in cdpl_ipc_kill(): debug: stopping event server
1743877230.982727: 1284105-7f09be5cb700: cdpl_ipc.c:2460: in _epoll_main(): debug: server going down...
1743877230.982737: 1284105-7f09bddca700: cdpl_server_ipc.c:1200: in _sv_ipc_thread(): debug: leaving now
1743877230.982748: 1284105-7f09f5187540: cdpl_server.c:334: in _sv_free_master(): info: freeing master M1
1743877230.982762: 1284105-7f09f5187540: cdpl_hash.c:68: in cdpl_h_destroy(): debug: put operations: 1
1743877230.982766: 1284105-7f09f5187540: cdpl_hash.c:69: in cdpl_h_destroy(): debug: put collisions: 0
1743877230.982769: 1284105-7f09f5187540: cdpl_hash.c:70: in cdpl_h_destroy(): debug: get operations: 1
1743877230.982772: 1284105-7f09f5187540: cdpl_hash.c:71: in cdpl_h_destroy(): debug: get iterations: 1
1743877230.982791: 1284105-7f09f5187540: cdpl_monitor.c:1390: in cdpl_mn_free(): debug: freeing monitor server
1743877230.982797: 1284105-7f09f5187540: cdpl_ipc.c:3728: in cdpl_ipc_free(): debug: releasing IPC handle
1743877230.982800: 1284105-7f09f5187540: cdpl_ipc.c:1582: in _host_free__UNSAFE(): debug: freeing host `152.14.98.36:49410'
1743877230.982804: 1284105-7f09f5187540: cdpl_ipc.c:1621: in _host_free__UNSAFE(): debug: [0 outq, 0 spR, 0 spW]
1743877230.982828: 1284105-7f09f5187540: cdpl_ipc.c:3767: in cdpl_ipc_free(): debug: done
1743877230.982843: 1284105-7f09f5187540: cdpl_log.c:481: in cdpl_log_close(): info: @@end_of_log@@
