[17:06:11.43] /o 
              /c                          PrimeWave Design Environment 
              /c 
              /c                Version W-2024.09-SP1-2 for linux64 - Jan 15, 2025
              /c              Based on Custom Infrastructure
              /c Version W-2024.09-SP1-2
              /c 
              /c                     Copyright (c) 2004 - 2025 Synopsys, Inc.
              /c    This software and the associated documentation are proprietary to Synopsys,
              /c  Inc. This software may only be used in accordance with the terms and conditions
              /c  of a written license agreement with Synopsys, Inc. All other use, reproduction,
              /c    or distribution of this software is strictly prohibited.  Licensed Products
              /c      communicate with Synopsys servers for the purpose of providing software
              /c     updates, detecting software piracy and verifying that customers are using
              /c     Licensed Products in conformity with the applicable License Key for such
              /c   Licensed Products. Synopsys will use information gathered in connection with
              /c     this process to deliver software updates and pursue software pirates and
              /c                                    infringers.
              /c 
              /c  Inclusivity & Diversity - Visit SolvNetPlus to read the "Synopsys Statement on
              /c             Inclusivity and Diversity" (Refer to article 000036315 at
              /c                         https://solvnetplus.synopsys.com)
              /c 
              /c Build  (OPT) Config 11252589 compiled on Wed Jan 15 11:01:36 2025 for AlmaLinux 8.4
              /c Invocation: /mnt/apps/public/COE/synopsys_apps/primewave/W-2024.09-SP1-2/linux64/platform/bin/custom_shell -application primewave -gui 0 -uniqueString 424077b79e1069ee4ccb529a854b74cd237d0ff9c53bf884c7744a297d993ece88a6d00ebdb1425bf94e7cf7994d9fc0 -python 0 -command "source /mnt/coe/workspace/ece/ece546-spr25/group8/group8_project/synopsys_custom/sim_server/custom_compiler.svkolach/stb.group8.tb2025.schematic.session12/sim_server_init.tcl" -log /mnt/coe/workspace/ece/ece546-spr25/group8/group8_project/synopsys_custom/primewave_session12_sim_server_job1 -libDefFile /mnt/coe/workspace/ece/ece546-spr25/group8/group8_project/lib.defs
              /c Execution time: Sat Apr  5 17:06:08 2025
              /c Host: grendel46.ece.ncsu.edu
              /c Working directory: /mnt/coe/workspace/ece/ece546-spr25/group8/group8_project
              /c 
[17:06:21.90] /m Information: Registering ICV PERC package...
[17:06:22.78] /m Information: Feature 'SynopsysCustomSAE' checked out. (LICENSE-003)
[17:06:22.91] /o 
[17:06:22.97] /i source /mnt/coe/workspace/ece/ece546-spr25/group8/group8_project/synopsys_custom/sim_server/custom_compiler.svkolach/stb.group8.tb2025.schematic.session12/sim_server_init.tcl
[17:06:23.39] /o SimServer socket started on grendel46.ece.ncsu.edu:38425
[17:06:23.67] /m Information: Launching Waveform Viewer "cd /mnt/coe/workspace/ece/ece546-spr25/group8/group8_project/synopsys_custom/sim_server/custom_compiler.svkolach/stb.group8.tb2025.schematic.session12/logs &&  /mnt/apps/public/COE/synopsys_apps/primewave/W-2024.09-SP1-2/auxx/../linux64/swv/bin/swv  -bg_gui -k -cdesigner -ptype wv -spxkey /mnt/apps/public/COE/synopsys_apps/primewave/W-2024.09-SP1-2/auxx/waveform/sae.spxkey -spxrc /tmp/tmp_sae_spxrc_XDyCXe -unique_string 424077b79e1069eedd67ceaa6fae796e21978e13b77e2de03b3a965d3326affa43ab9aba1263e4a5aac12a1ef94c66c608d77b559fc68c39 -lic_type 2   -parent_cc_pid 38637  > /mnt/coe/workspace/ece/ece546-spr25/group8/group8_project/synopsys_custom/sim_server/custom_compiler.svkolach/stb.group8.tb2025.schematic.session12/logs/viewer.log 2>&1"
[17:11:05.49] /o ==== Received Msg ====
              /c len=8 sourceSoc=sock4bada000 msgIndex=16 rawMsg=idleExit
[17:11:05.49] /o 
[17:11:05.61] /m Information: Exiting simulation server process. (PW_GUI-984)
[17:11:07.42] /o Shutdown time: Sat Apr  5 17:11:07 2025
[17:11:07.42] /o Elapsed session real time: 4.95 minutes
[17:11:07.43] /o Session terminated. Log is at /mnt/coe/workspace/ece/ece546-spr25/group8/group8_project/synopsys_custom/logs/primewave.svkolach.2025_4_5_170608_38637.log
[17:11:07.45] /e Error: {}
