[16:48:53.45] /o 
              /c                          PrimeWave Design Environment 
              /c 
              /c                Version W-2024.09-SP1-2 for linux64 - Jan 15, 2025
              /c              Based on Custom Infrastructure
              /c Version W-2024.09-SP1-2
              /c 
              /c                     Copyright (c) 2004 - 2025 Synopsys, Inc.
              /c    This software and the associated documentation are proprietary to Synopsys,
              /c  Inc. This software may only be used in accordance with the terms and conditions
              /c  of a written license agreement with Synopsys, Inc. All other use, reproduction,
              /c    or distribution of this software is strictly prohibited.  Licensed Products
              /c      communicate with Synopsys servers for the purpose of providing software
              /c     updates, detecting software piracy and verifying that customers are using
              /c     Licensed Products in conformity with the applicable License Key for such
              /c   Licensed Products. Synopsys will use information gathered in connection with
              /c     this process to deliver software updates and pursue software pirates and
              /c                                    infringers.
              /c 
              /c  Inclusivity & Diversity - Visit SolvNetPlus to read the "Synopsys Statement on
              /c             Inclusivity and Diversity" (Refer to article 000036315 at
              /c                         https://solvnetplus.synopsys.com)
              /c 
              /c Build  (OPT) Config 11252589 compiled on Wed Jan 15 11:01:36 2025 for AlmaLinux 8.4
              /c Invocation: /mnt/apps/public/COE/synopsys_apps/primewave/W-2024.09-SP1-2/linux64/platform/bin/custom_shell -application primewave -gui 0 -uniqueString 424077b79e1069ee0b5cfdd22337b1f3bd7412d89786468bf93a5ef511cc936be42b5e12e902f0a987157fdd5a6efd40 -python 0 -command "source /mnt/coe/workspace/ece/ece546-spr25/group8/group8_project/synopsys_custom/sim_server/custom_compiler.hrajesh/stb.group8.WLRef_PC_tb.schematic.session1/sim_server_init.tcl" -log /mnt/coe/workspace/ece/ece546-spr25/group8/group8_project/synopsys_custom/primewave_session1_sim_server_job1 -libDefFile /mnt/coe/workspace/ece/ece546-spr25/group8/group8_project/lib.defs
              /c Execution time: Tue Apr  8 16:48:51 2025
              /c Host: payback.ece.ncsu.edu
              /c Working directory: /mnt/coe/workspace/ece/ece546-spr25/group8/group8_project
              /c 
[16:48:58.00] /m Information: Registering ICV PERC package...
[16:48:58.49] /m Information: Feature 'SynopsysCustomSAE' checked out. (LICENSE-003)
[16:48:58.57] /o 
[16:48:58.59] /i source /mnt/coe/workspace/ece/ece546-spr25/group8/group8_project/synopsys_custom/sim_server/custom_compiler.hrajesh/stb.group8.WLRef_PC_tb.schematic.session1/sim_server_init.tcl
[16:48:58.78] /o SimServer socket started on payback.ece.ncsu.edu:37463
[16:48:59.18] /m Information: Launching Waveform Viewer "cd /mnt/coe/workspace/ece/ece546-spr25/group8/group8_project/synopsys_custom/sim_server/custom_compiler.hrajesh/stb.group8.WLRef_PC_tb.schematic.session1/logs &&  /mnt/apps/public/COE/synopsys_apps/primewave/W-2024.09-SP1-2/auxx/../linux64/swv/bin/swv  -bg_gui -k -cdesigner -ptype wv -spxkey /mnt/apps/public/COE/synopsys_apps/primewave/W-2024.09-SP1-2/auxx/waveform/sae.spxkey -spxrc /tmp/tmp_sae_spxrc_5RuZZa -unique_string 424077b79e1069ee3459de62ac6c7140bd7412d89786468bf93a5ef511cc936b2fbd9b5d04ce31895e86720d9142c6329c83a921db812ba0 -lic_type 2   -parent_cc_pid 64537  > /mnt/coe/workspace/ece/ece546-spr25/group8/group8_project/synopsys_custom/sim_server/custom_compiler.hrajesh/stb.group8.WLRef_PC_tb.schematic.session1/logs/viewer.log 2>&1"
[16:48:59.22] /o ==== Received Msg ====
              /c len=209 sourceSoc=sock4c7a1940 msgIndex=8 rawMsg=AppendTask /mnt/coe/workspace/ece/ece546-spr25/group8/group8_project/synopsys_custom/sim_server/custom_compiler.hrajesh/stb.group8.WLRef_PC_tb.schematic.session1/task0/sim_script0.tcl 0 saeSession1 1 overwrite
[16:48:59.22] /o 
[16:48:59.27] /o ==== Received Msg ====
              /c len=26 sourceSoc=sock4c7a1940 msgIndex=20 rawMsg=evalCmd ::wf::viewerExited
[16:48:59.27] /o 
[16:48:59.29] /o ==== Received Msg ====
              /c len=35 sourceSoc=sock4c7a1940 msgIndex=21 rawMsg=evalCmd ::wf::updateViewerLicense 2
[16:48:59.29] /o 
[16:49:00.44] /m Information: "Starting incremental netlisting for design "group8/WLRef_PC_tb/schematic"..." (NETLISTING-010)
[16:49:00.50] /o Loading: Callback files...
[16:49:00.51] /o Loading: scripts/callbacks/callbacks.tcl
[16:49:00.51] /o 
              /c [INFO] : Loading display.drf from /mnt/designkits/ncsu/FreePDK3/syncust/NCSU_TechLib_FreePDK3
              /c 
              /c  if you wish to Load other display.drf, please set shell environment valiable "iPDK_load_display_NCSU_TechLib_FreePDK3" to value = 0
[16:49:00.51] /o 
[16:49:00.52] /w Warning: Could not set the value of preference xtDRCTool because it does not exist. (PREFERENCE-016)
[16:49:00.52] /w Warning: Could not set the value of preference xtDRCICVRunsetFile because it does not exist. (PREFERENCE-016)
[16:49:00.52] /w Warning: Could not set the value of preference xtDRCICVIncludePaths because it does not exist. (PREFERENCE-016)
[16:49:00.52] /w Warning: Could not set the value of preference xtDRCLayDBFormat because it does not exist. (PREFERENCE-016)
[16:49:00.52] /w Warning: Could not set the value of preference xtLVSTool because it does not exist. (PREFERENCE-016)
[16:49:00.52] /w Warning: Could not set the value of preference xtLVSICVRunsetFile because it does not exist. (PREFERENCE-016)
[16:49:00.52] /w Warning: Could not set the value of preference xtLVSICVIncludePaths because it does not exist. (PREFERENCE-016)
[16:49:00.52] /w Warning: Could not set the value of preference xtLVSLayDBFormat because it does not exist. (PREFERENCE-016)
[16:49:00.52] /w Warning: Could not set the value of preference xtLPELVSTool because it does not exist. (PREFERENCE-016)
[16:49:00.52] /w Warning: Could not set the value of preference xtLPETool because it does not exist. (PREFERENCE-016)
[16:49:00.52] /w Warning: Could not set the value of preference xtLPEOpenParasiticView because it does not exist. (PREFERENCE-016)
[16:49:00.52] /w Warning: Could not set the value of preference xtStarTcadGrdFile because it does not exist. (PREFERENCE-016)
[16:49:00.52] /w Warning: Could not set the value of preference xtLPEStarOADeviceMappingFile because it does not exist. (PREFERENCE-016)
[16:49:00.52] /w Warning: Could not set the value of preference xtStarOALayerMappingFile because it does not exist. (PREFERENCE-016)
[16:49:00.52] /o 	#######################################
[16:49:00.52] /o 	CC-PDK Library Name	: FreePDK3
[16:49:00.52] /o 	#######################################
[16:49:00.52] /o 
[16:49:00.55] /o Netlisting
[16:49:00.55] /o Creating output directories
[16:49:00.71] /o No Design Integrity rule violations found in "group8/WLRef_PC_tb/schematic"
[16:49:00.71] /o Scanning: group8/WLRef_PC_tb/schematic
[16:49:00.97] /o Scanning: group8/WLRef_PC/schematic
[16:49:01.00] /m Information: 
[16:49:01.00] /o Checking "group8/buffer/schematic"
[16:49:01.00] /o No rule violations found in "group8/buffer/schematic"
[16:49:01.00] /o Scanning: group8/buffer/schematic
[16:49:01.06] /o Scanning: group8/inv/schematic
[16:49:01.16] /o Scanning: group8/invx4/schematic
[16:49:01.19] /m Information: 
[16:49:01.19] /o Checking "group8/nor/schematic"
[16:49:01.19] /o No rule violations found in "group8/nor/schematic"
[16:49:01.19] /o Scanning: group8/nor/schematic
[16:49:01.22] /o Scanning: group8/nand/schematic
[16:49:01.22] /o Computing terminal lists
[16:49:01.22] /o Processing terminals of module group8/inv/schematic
[16:49:01.24] /o Processing terminals of module group8/buffer/schematic
[16:49:01.24] /o Processing terminals of module group8/invx4/schematic
[16:49:01.24] /o Processing terminals of module group8/nor/schematic
[16:49:01.24] /o Processing terminals of module group8/nand/schematic
[16:49:01.24] /o Processing terminals of module group8/WLRef_PC/schematic
[16:49:01.24] /o Processing terminals of module group8/WLRef_PC_tb/schematic
[16:49:01.24] /o Starting netlisting
[16:49:01.43] /o Formatting group8/WLRef_PC/schematic
[16:49:01.43] /m Information: "group8 WLRef_PC schematic" renetlisted. (NETLISTING-056)
[16:49:01.50] /o Formatting group8/WLRef_PC_tb/schematic
[16:49:01.51] /m Information: "group8 WLRef_PC_tb schematic" renetlisted. (NETLISTING-056)
[16:49:01.69] /m Information: "Netlisting design "group8/WLRef_PC_tb/schematic" finished successfully." (NETLISTING-012)
[16:49:01.74] /# Composing simulator input file for design "group8/WLRef_PC_tb/schematic"...
[16:49:02.73] /# Simulator input file composed successfully for design "group8/WLRef_PC_tb/schematic"
[16:49:02.83] /m Information: Save ouputs to /mnt/coe/workspace/ece/ece546-spr25/group8/group8_project/simulation/group8,WLRef_PC_tb,schematic/history_1/simulation/default/PrimeSimHSPICE/nominal/results/outputs.tcl for AVA evaluation.
[16:49:03.92] /o 
[16:49:04.84] /o                                          Composing Nominal                                         
[16:49:05.10] /o                             Launching jobs for testbench default started                            
[16:49:05.12] /# Starting PrimeSimHSPICE simulation for design: group8/WLRef_PC_tb/schematic
[16:49:05.17] /o                             Creating jobs for testbench default (0 / 1)                            
[16:49:05.22] /o                                Launching 1 jobs for testbench default                               
[16:49:05.51] /o                            Launching jobs for testbench default finished                           
[16:49:06.83] /m Information: 0 of 1 testbench(es) done. (PW_GUI-714)
[16:49:08.06] /m Information: Job distribution master (saeSession1,default.Simulation_Simulation session:session0 testbench:default) : up to 1 job running workers.
[16:49:28.35] /# Simulation completed successfully for design: group8/WLRef_PC_tb/schematic  (PW-651)
[16:49:28.41] /# Netlisting and simulation completed for testbench: default in 28s
[16:49:28.42] /# Evaluating and plotting outputs...
[16:49:32.65] /m Information: Jobs distribution master quit! (PW_GUI-822)
[16:49:33.32] /# Evaluating and plotting completed for testbench: default in 5s
[16:49:33.37] /m Information: 1 of 1 testbench(es) done. (PW_GUI-714)
[16:53:48.58] /o ==== Received Msg ====
              /c len=8 sourceSoc=sock4c7a1940 msgIndex=22 rawMsg=idleExit
[16:53:48.58] /o 
[16:53:48.61] /m Information: Exiting simulation server process. (PW_GUI-984)
[16:53:49.50] /o Shutdown time: Tue Apr  8 16:53:49 2025
[16:53:49.50] /o Elapsed session real time: 4.95 minutes
[16:53:49.50] /o Session terminated. Log is at /mnt/coe/workspace/ece/ece546-spr25/group8/group8_project/synopsys_custom/logs/primewave.hrajesh.2025_4_8_164851_64537.log
[16:53:49.51] /e Error: {}
