1744614184.064588: 3587064-7fbd34a47540: cdpl_log.c:337: in cdpl_log_open(): info: @@start_of_log@@
1744614184.064647: 3587064-7fbd34a47540: cdpl_log.c:1058: in cdpl_log_dump_sysinfo(): info: time: 2025/04/14 03:03:04 EDT -0400
1744614184.064654: 3587064-7fbd34a47540: cdpl_log.c:1060: in cdpl_log_dump_sysinfo(): info: version: W-2024.09-SP1-2 
1744614184.064658: 3587064-7fbd34a47540: cdpl_log.c:1062: in cdpl_log_dump_sysinfo(): info: system: Linux 4.18.0-553.47.1.el8_10.x86_64 #1 SMP Thu Mar 20 10:01:53 EDT 2025
1744614184.064662: 3587064-7fbd34a47540: cdpl_log.c:1067: in cdpl_log_dump_sysinfo(): info: processor: x86_64 64-bits
1744614184.064665: 3587064-7fbd34a47540: cdpl_log.c:1071: in cdpl_log_dump_sysinfo(): info: hostname: hydra13.ece.ncsu.edu
1744614184.064668: 3587064-7fbd34a47540: cdpl_log.c:1073: in cdpl_log_dump_sysinfo(): info: program name: custom_shell
1744614184.064674: 3587064-7fbd34a47540: cdpl_log.c:340: in cdpl_log_open(): debug: path: /mnt/coe/workspace/ece/ece546-spr25/group8/group8_project/synopsys_custom/pwdp_jobs/saeSession0_HSPICEdefault.SimulationSimulation_cdpl.0.3587064/logs/master.hydra13.ece.ncsu.edu.3587064.log
1744614184.064678: 3587064-7fbd34a47540: cdpl_log.c:341: in cdpl_log_open(): debug: dir: /mnt/coe/workspace/ece/ece546-spr25/group8/group8_project/synopsys_custom/pwdp_jobs/saeSession0_HSPICEdefault.SimulationSimulation_cdpl.0.3587064/logs
1744614184.064747: 3587064-7fbd34a47540: cdpl_server.c:536: in cdpl_sv_init(): info: new server S1878934548
1744614184.064763: 3587064-7fbd34a47540: cdpl_ipc.c:3475: in cdpl_ipc_init(): info: requesting IPv4 protocol
1744614184.070603: 3587064-7fbd34a47540: cdpl_ipc.c:837: in _selectaddrfamily(): info: selected IPv4 protocol
1744614184.070688: 3587064-7fbd34a47540: cdpl_ipc.c:1139: in _set_keepalive(): info: TCP keep alive interval: 300
1744614184.074879: 3587064-7fbd34a47540: cdpl_monitor.c:1117: in cdpl_mn_new_server(): info: creating server monitor instance
1744614184.074921: 3587064-7fbd34a47540: cdpl_server.c:650: in cdpl_sv_new_master(): info: new master M1
1744614184.074947: 3587064-7fbd34a47540: cdpl_server.c:6533: in cdpl_sv_ctl_master(): info: Setting worker heartbeat to 120 seconds
1744614184.074951: 3587064-7fbd34a47540: cdpl_server.c:6542: in cdpl_sv_ctl_master(): info: Setting worker heartbeat timeout to 3 heartbeats
1744614184.074957: 3587064-7fbd34a47540: cdpl_compat_master.c:2090: in _parse_hostfile(): info: reading hostfile `/mnt/coe/workspace/ece/ece546-spr25/group8/group8_project/synopsys_custom/pwdp_jobs/saeSession0_HSPICEdefault.SimulationSimulation_cdpl.0.3587064/host_file'
1744614184.084267: 3587064-7fbd34a47540: cdpl_compat_master.c:1900: in _hostfile_parser(): debug: parsing "1     |localhost|   -1  | /tmp | SH | sh"
1744614184.084309: 3587064-7fbd34a47540: cdpl_farm.c:2578: in cdpl_farm_new_sh(): info: creating SH farm on localhost
1744614184.084326: 3587064-7fbd34a47540: cdpl_compat_master.c:206: in _set_farm_env(): info: exporting CDPL_LOGDIR as `/mnt/coe/workspace/ece/ece546-spr25/group8/group8_project/synopsys_custom/pwdp_jobs/saeSession0_HSPICEdefault.SimulationSimulation_cdpl.0.3587064/logs'
1744614184.084330: 3587064-7fbd34a47540: cdpl_compat_master.c:212: in _set_farm_env(): info: exporting CDPL_TMPDIR as `/tmp'
1744614184.084335: 3587064-7fbd34a47540: cdpl_compat_master.c:219: in _set_farm_env(): info: exporting CDPL_HOME as `/mnt/apps/public/COE/synopsys_apps/hspice/W-2024.09-SP1/hspice/cdpl'
1744614184.084339: 3587064-7fbd34a47540: cdpl_compat_master.c:235: in _set_farm_env(): info: exporting SNPSLMD_LICENSE_FILE as `27000@ece-lic-35.ece.ncsu.edu'
1744614184.084344: 3587064-7fbd34a47540: cdpl_compat_master.c:259: in _set_farm_env(): info: exporting CDPL_OPTIONS as `[nowlogs]'
1744614184.084347: 3587064-7fbd34a47540: cdpl_compat_master.c:266: in _set_farm_env(): info: exporting DISPLAY as `unix:1941'
1744614184.084351: 3587064-7fbd34a47540: cdpl_compat_master.c:274: in _set_farm_env(): info: exporting CDPL_HEARTBEAT as `120'
1744614184.084377: 3587064-7fbd34a47540: cdpl_farm.c:3149: in cdpl_farm_add_withdir(): debug: added `localhost' (capacity: unlimited)
1744614184.084391: 3587064-7fbd34a47540: cdpl_compat_parse.c:147: in parsefile(): debug: read `/mnt/coe/workspace/ece/ece546-spr25/group8/group8_project/synopsys_custom/pwdp_jobs/saeSession0_HSPICEdefault.SimulationSimulation_cdpl.0.3587064/host_file', 2 lines
1744614184.084395: 3587064-7fbd34a47540: cdpl_compat_master.c:2931: in cdplInitMaster(): info: bcast dir is `/mnt/coe/workspace/ece/ece546-spr25/group8/group8_project/synopsys_custom/pwdp_jobs/saeSession0_HSPICEdefault.SimulationSimulation_cdpl.0.3587064/logs'
1744614184.091150: 3587064-7fbd34a47540: cdpl_server.c:6433: in cdpl_sv_ctl_master(): info: farm worker timeout set to 300
1744614184.091158: 3587064-7fbd34a47540: cdpl_server.c:6486: in cdpl_sv_ctl_master(): info: maximum number of task execution attempts set to 1
1744614184.091197: 3587064-7fbd34a47540: cdpl_server.c:3195: in cdpl_sv_start(): debug: starting server
1744614184.091209: 3587064-7fbd34a47540: cdpl_ipc.c:3632: in cdpl_ipc_start(): debug: starting IPC server 152.14.98.24:35581
1744614184.091546: 3587064-7fbd056cd700: cdpl_server_ipc.c:1182: in _sv_ipc_thread(): debug: ready
1744614184.091732: 3587064-7fbd04ecc700: cdpl_monitor.c:426: in cdpl_mn_init_client(): info: creating client monitor instance
1744614184.091753: 3587064-7fbd04ecc700: cdpl_ipc.c:3475: in cdpl_ipc_init(): info: requesting IPv4 protocol
1744614184.095674: 3587064-7fbd04ecc700: cdpl_ipc.c:837: in _selectaddrfamily(): info: selected IPv4 protocol
1744614184.095725: 3587064-7fbd04ecc700: cdpl_ipc.c:1139: in _set_keepalive(): info: TCP keep alive interval: 300
1744614184.098587: 3587064-7fbd04ecc700: cdpl_ipc.c:3632: in cdpl_ipc_start(): debug: starting IPC server 152.14.98.24:43581
1744614184.099318: 3587064-7fbd04ecc700: cdpl_monitor.c:471: in cdpl_mn_init_client(): debug: incoming messages in /tmp/cdpl-monitor-kS25of
1744614184.099505: 3587064-7fbd04ecc700: cdpl_monitor.c:533: in cdpl_mn_connect(): debug: connecting to 152.14.98.24:35581
1744614184.099521: 3587064-7fbd04ecc700: cdpl_ipc.c:3789: in cdpl_ipc_connect(): info: connecting to 152.14.98.24:35581
1744614184.099647: 3587064-7fbd04ecc700: cdpl_ipc.c:3860: in cdpl_ipc_connect(): info: connected as `152.14.98.24:35430'
1744614184.099675: 3587064-7fbd04ecc700: cdpl_ipc.c:2503: in cdpl_ipc_host_accept(): debug: accepted host `152.14.98.24:35581'
1744614184.099709: 3587064-7fbd05ece700: cdpl_ipc.c:1862: in _epoll_accept(): debug: new connection from `152.14.98.24:35430'
1744614184.099726: 3587064-7fbd04ecc700: cdpl_monitor.c:579: in cdpl_mn_connect(): debug: ok
1744614184.099786: 3587064-7fbd34a47540: cdpl_server.c:731: in cdpl_sv_new_job(): info: new job J1 in M1
1744614184.099812: 3587064-7fbd056cd700: cdpl_server_ipc.c:1225: in _sv_ipc_thread(): debug: received ACCEPT notification
1744614184.099832: 3587064-7fbd056cd700: cdpl_ipc.c:2503: in cdpl_ipc_host_accept(): debug: accepted host `152.14.98.24:35430'
1744614184.099837: 3587064-7fbd34a47540: cdpl_compat_master.c:1581: in _add_worker(): info: new worker type 10, min:1, max:3, cmd:`/mnt/coe/workspace/ece/ece546-spr25/group8/group8_project/synopsys_custom/pwdp_jobs/saeSession0_HSPICEdefault.SimulationSimulation_cdpl.0.3587064/START_WORKER pw_worker -i /mnt/coe/workspace/ece/ece546-spr25/group8/g
1744614184.099846: 3587064-7fbd056cd700: cdpl_server_ipc.c:1256: in _sv_ipc_thread(): debug: received MONITOR message
1744614184.099868: 3587064-7fbd34a47540: cdpl_server.c:908: in cdpl_sv_new_bin_withfarm(): info: new bin B1 in J1
1744614184.100045: 3587064-7fbd056cd700: cdpl_monitor.c:1207: in cdpl_mn_accept(): debug: accepted monitor `152.14.98.24:35430'
1744614184.100054: 3587064-7fbd056cd700: cdpl_server_ipc_mon.c:120: in _globalLOCK(): debug: ENTERTING GLOBAL LOCK
1744614184.100058: 3587064-7fbd056cd700: cdpl_server_ipc_mon.c:164: in _globalLOCK(): debug: global lock acquired
1744614184.100090: 3587064-7fbcf6ffd700: cdpl_monitor.c:910: in mn_systat(): debug: started
1744614184.100570: 3587064-7fbcf6ffd700: cdpl_monitor.c:937: in mn_systat(): debug: monitor server flush rate: 5
1744614184.187635: 3587064-7fbd056cd700: cdpl_server_ipc_mon.c:210: in _globalUNLOCK(): debug: LEAVING GLOBAL LOCK
1744614184.475427: 3587064-7fbd34a47540: cdpl_server.c:3249: in cdpl_sv_start_job(): info: starting job J1
1744614184.475457: 3587064-7fbd34a47540: cdpl_server.c:62: in _sv_start_bin(): debug: starting bin B1 (min: 0, max: 3)
1744614184.475624: 3587064-7fbcf4ff9700: cdpl_server_sched.c:2482: in _sv_scheduler_thread(): debug: scheduler for bin B1 started
1744614184.475672: 3587064-7fbd34a47540: cdpl_server.c:1893: in _sv_gen_task(): info: new task T0 in B1 (prio 0)
1744614184.475728: 3587064-7fbd34a47540: cdpl_server.c:2698: in cdpl_sv_label_task_va(): info: setting task T0 label to "HSPICE_1|HSPICE"
1744614184.475799: 3587064-7fbcf4ff9700: cdpl_server_sched.c:2443: in _scheduler_run(): debug: will start a new worker
1744614184.475852: 3587064-7fbcf4ff9700: cdpl_farm.c:3977: in cdpl_farm_submit(): debug: 1 running processes
1744614184.475858: 3587064-7fbcf4ff9700: cdpl_farm.c:3985: in cdpl_farm_submit(): debug: new command C1 in bin B1 assigned to host `localhost'
1744614184.476411: 3587064-7fbcf4ff9700: cdpl_server_sched.c:705: in _sv_launch_worker(): info: started worker W1 (as C1) in bin B1
1744614184.476452: 3587064-7fbcd7fff700: cdpl_farm.c:2139: in _schedule(): debug: started
1744614184.476466: 3587064-7fbcd7fff700: cdpl_farm.c:2303: in _schedule(): debug: submitting command C1 in bin B1
1744614184.476491: 3587064-7fbcd7fff700: cdpl_sh.c:49: in _sh_detached_submit(): info: SH : /mnt/coe/workspace/ece/ece546-spr25/group8/group8_project/synopsys_custom/pwdp_jobs/saeSession0_HSPICEdefault.SimulationSimulation_cdpl.0.3587064/START_WORKER pw_worker -i /mnt/coe/workspace/ece/ece546-spr25/group8/group8_project/synopsys_custom/pwdp_jobs/saeSession0_HSPICEdefault.SimulationSimulation_cdpl.0.3587064 -t 10000
1744614184.486449: 3587064-7fbcd7fff700: cdpl_farm.c:2343: in _schedule(): debug: C1 in bin B1 running on slot 0
1744614184.486500: 3587064-7fbcd7fff700: cdpl_farm.c:2167: in _schedule(): debug: idle
1744614184.764452: 3587064-7fbd34a47540: cdpl_compat_master.c:5948: in cdplMasterLogInfo(): info: [non-CDPL log entry] PWDP3: reset pilot cache succeeded, pilot_key=saeSession0,1,HSPICE_default|&/mnt/coe/workspace/ece/ece546-spr25/group8/group8_project/simulation/group8,tb2025_1,schematic/history_1/simulation/HSPICE_default/HSPICE/nominal/results
1744614184.786607: 3587064-7fbcd7fff700: cdpl_farm.c:1193: in _onexit(): debug: C1 in bin B1 exited normally on slot 0
1744614185.362473: 3587064-7fbcf5ffb700: cdpl_compat_master.c:5948: in cdplMasterLogInfo(): info: [non-CDPL log entry] PWDP - no-workers started ok check start!
1744614187.911244: 3587064-7fbd05ece700: cdpl_ipc.c:1862: in _epoll_accept(): debug: new connection from `152.14.98.24:35436'
1744614187.911319: 3587064-7fbd056cd700: cdpl_server_ipc.c:1225: in _sv_ipc_thread(): debug: received ACCEPT notification
1744614187.911338: 3587064-7fbd056cd700: cdpl_ipc.c:2503: in cdpl_ipc_host_accept(): debug: accepted host `152.14.98.24:35436'
1744614187.912069: 3587064-7fbd056cd700: cdpl_server_ipc.c:1246: in _sv_ipc_thread(): debug: received HELLO message
1744614187.912082: 3587064-7fbd056cd700: cdpl_server_ipc.c:430: in _sv_on_hello(): debug: looking up W1
1744614187.912094: 3587064-7fbd056cd700: cdpl_server_ipc.c:540: in _sv_on_hello(): info: W1 is `152.14.98.24:35436'
1744614187.912098: 3587064-7fbd056cd700: cdpl_server_ipc.c:541: in _sv_on_hello(): debug: hello W1 (B1)
1744614187.912101: 3587064-7fbd056cd700: cdpl_server_ipc.c:542: in _sv_on_hello(): info: W1 log file is /dev/null
1744614187.912184: 3587064-7fbd056cd700: cdpl_server_ipc.c:602: in _sv_on_hello(): info: up to 1 alive workers in B1
1744614187.912201: 3587064-7fbd056cd700: cdpl_farm.c:878: in _release_cmd(): debug: freeing command C1 in bin B1
1744614187.912229: 3587064-7fbcf4ff9700: cdpl_server_sched.c:960: in _assign(): info: assigning task T0 to worker W1
1744614188.913462: 3587064-7fbd056cd700: cdpl_server_ipc.c:312: in _sv_on_heartbeat(): debug: received HEARTBEAT from worker W1 at 152.14.98.24:35436
1744614189.170661: 3587064-7fbd04ecc700: cdpl_monitor.c:533: in cdpl_mn_connect(): debug: connecting to 152.14.98.24:33445
1744614189.170684: 3587064-7fbd04ecc700: cdpl_ipc.c:3789: in cdpl_ipc_connect(): info: connecting to 152.14.98.24:33445
1744614189.170890: 3587064-7fbd04ecc700: cdpl_ipc.c:3860: in cdpl_ipc_connect(): info: connected as `152.14.98.24:38952'
1744614189.170908: 3587064-7fbd04ecc700: cdpl_ipc.c:2503: in cdpl_ipc_host_accept(): debug: accepted host `152.14.98.24:33445'
1744614189.170915: 3587064-7fbd04ecc700: cdpl_monitor.c:579: in cdpl_mn_connect(): debug: ok
1744614191.898734: 3587064-7fbd056cd700: cdpl_server_ipc.c:1268: in _sv_ipc_thread(): debug: received RELAY message
1744614191.898754: 3587064-7fbd056cd700: cdpl_server_ipc.c:713: in _sv_on_relay(): debug: RELAY message from W1, size = 58
1744614191.898759: 3587064-7fbd056cd700: cdpl_server_ipc.c:715: in _sv_on_relay(): debug: RELAY message from W1, content = 0$3587588 hydra13.ece.ncsu.edu 3587631 RUNNING 1744614191
1744614220.342274: 3587064-7fbd056cd700: cdpl_server_ipc.c:1268: in _sv_ipc_thread(): debug: received RELAY message
1744614220.345136: 3587064-7fbd056cd700: cdpl_server_ipc.c:713: in _sv_on_relay(): debug: RELAY message from W1, size = 48
1744614220.345144: 3587064-7fbd056cd700: cdpl_server_ipc.c:715: in _sv_on_relay(): debug: RELAY message from W1, content = WORKERDU|1547,dc2isi00nfs.oit.ncsu.edu:/coe_nfs
1744614232.255754: 3587064-7fbd056cd700: cdpl_server_ipc.c:1268: in _sv_ipc_thread(): debug: received RELAY message
1744614232.258638: 3587064-7fbd056cd700: cdpl_server_ipc.c:713: in _sv_on_relay(): debug: RELAY message from W1, size = 46
1744614232.258647: 3587064-7fbd056cd700: cdpl_server_ipc.c:715: in _sv_on_relay(): debug: RELAY message from W1, content = WORKERDU|80,dc2isi00nfs.oit.ncsu.edu:/coe_nfs
1744614238.210430: 3587064-7fbd056cd700: cdpl_server_ipc.c:1268: in _sv_ipc_thread(): debug: received RELAY message
1744614238.213325: 3587064-7fbd056cd700: cdpl_server_ipc.c:713: in _sv_on_relay(): debug: RELAY message from W1, size = 46
1744614238.213334: 3587064-7fbd056cd700: cdpl_server_ipc.c:715: in _sv_on_relay(): debug: RELAY message from W1, content = WORKERDU|24,dc2isi00nfs.oit.ncsu.edu:/coe_nfs
1744614244.786801: 3587064-7fbcd7fff700: cdpl_farm.c:2173: in _schedule(): debug: idle
1744614250.219436: 3587064-7fbd056cd700: cdpl_server_ipc.c:1268: in _sv_ipc_thread(): debug: received RELAY message
1744614250.222339: 3587064-7fbd056cd700: cdpl_server_ipc.c:713: in _sv_on_relay(): debug: RELAY message from W1, size = 46
1744614250.222348: 3587064-7fbd056cd700: cdpl_server_ipc.c:715: in _sv_on_relay(): debug: RELAY message from W1, content = WORKERDU|72,dc2isi00nfs.oit.ncsu.edu:/coe_nfs
1744614262.210930: 3587064-7fbd056cd700: cdpl_server_ipc.c:1268: in _sv_ipc_thread(): debug: received RELAY message
1744614262.213840: 3587064-7fbd056cd700: cdpl_server_ipc.c:713: in _sv_on_relay(): debug: RELAY message from W1, size = 46
1744614262.213849: 3587064-7fbd056cd700: cdpl_server_ipc.c:715: in _sv_on_relay(): debug: RELAY message from W1, content = WORKERDU|64,dc2isi00nfs.oit.ncsu.edu:/coe_nfs
1744614274.297186: 3587064-7fbd056cd700: cdpl_server_ipc.c:1268: in _sv_ipc_thread(): debug: received RELAY message
1744614274.300037: 3587064-7fbd056cd700: cdpl_server_ipc.c:713: in _sv_on_relay(): debug: RELAY message from W1, size = 46
1744614274.300046: 3587064-7fbd056cd700: cdpl_server_ipc.c:715: in _sv_on_relay(): debug: RELAY message from W1, content = WORKERDU|64,dc2isi00nfs.oit.ncsu.edu:/coe_nfs
1744614286.291799: 3587064-7fbd056cd700: cdpl_server_ipc.c:1268: in _sv_ipc_thread(): debug: received RELAY message
1744614286.294697: 3587064-7fbd056cd700: cdpl_server_ipc.c:713: in _sv_on_relay(): debug: RELAY message from W1, size = 46
1744614286.294706: 3587064-7fbd056cd700: cdpl_server_ipc.c:715: in _sv_on_relay(): debug: RELAY message from W1, content = WORKERDU|64,dc2isi00nfs.oit.ncsu.edu:/coe_nfs
1744614292.277028: 3587064-7fbd056cd700: cdpl_server_ipc.c:1268: in _sv_ipc_thread(): debug: received RELAY message
1744614292.279981: 3587064-7fbd056cd700: cdpl_server_ipc.c:713: in _sv_on_relay(): debug: RELAY message from W1, size = 46
1744614292.279995: 3587064-7fbd056cd700: cdpl_server_ipc.c:715: in _sv_on_relay(): debug: RELAY message from W1, content = WORKERDU|64,dc2isi00nfs.oit.ncsu.edu:/coe_nfs
1744614304.283389: 3587064-7fbd056cd700: cdpl_server_ipc.c:1268: in _sv_ipc_thread(): debug: received RELAY message
1744614304.286358: 3587064-7fbd056cd700: cdpl_server_ipc.c:713: in _sv_on_relay(): debug: RELAY message from W1, size = 46
1744614304.286367: 3587064-7fbd056cd700: cdpl_server_ipc.c:715: in _sv_on_relay(): debug: RELAY message from W1, content = WORKERDU|72,dc2isi00nfs.oit.ncsu.edu:/coe_nfs
1744614304.789825: 3587064-7fbcd7fff700: cdpl_farm.c:2173: in _schedule(): debug: idle
1744614305.123638: 3587064-7fbcf67fc700: cdpl_compat_master.c:5948: in cdplMasterLogInfo(): info: [non-CDPL log entry] PWDP: message receiver is alive.
1744614308.914226: 3587064-7fbd056cd700: cdpl_server_ipc.c:312: in _sv_on_heartbeat(): debug: received HEARTBEAT from worker W1 at 152.14.98.24:35436
1744614315.268910: 3587064-7fbd056cd700: cdpl_server_ipc.c:1268: in _sv_ipc_thread(): debug: received RELAY message
1744614315.271819: 3587064-7fbd056cd700: cdpl_server_ipc.c:713: in _sv_on_relay(): debug: RELAY message from W1, size = 196
1744614315.271827: 3587064-7fbd056cd700: cdpl_server_ipc.c:715: in _sv_on_relay(): debug: RELAY message from W1, content = REQPILOT|saeSession0,1,HSPICE_default|&/mnt/coe/workspace/ece/ece546-spr25/group8/group8_project/simulation/group8,tb2025_1,schematic/history_1/simulation/HSPICE_default/HSPICE/nominal/results|&0
1744614315.272036: 3587064-7fbcf67fc700: cdpl_compat_master.c:5948: in cdplMasterLogInfo(): info: [non-CDPL log entry] PWDP send back 'DOPILOT' to worker id:1 key: saeSession0,1,HSPICE_default|&/mnt/coe/workspace/ece/ece546-spr25/group8/group8_project/simulation/group8,tb2025_1,schematic/history_1/simulation/HSPICE_default/HSPICE/nominal/results
1744614315.288295: 3587064-7fbcf67fc700: cdpl_compat_master.c:5948: in cdplMasterLogInfo(): info: [non-CDPL log entry] PWDP: set pilot doing!
1744614315.310409: 3587064-7fbd056cd700: cdpl_server_ipc.c:1268: in _sv_ipc_thread(): debug: received RELAY message
1744614315.310423: 3587064-7fbd056cd700: cdpl_server_ipc.c:713: in _sv_on_relay(): debug: RELAY message from W1, size = 192
1744614315.310428: 3587064-7fbd056cd700: cdpl_server_ipc.c:715: in _sv_on_relay(): debug: RELAY message from W1, content = PILOTOK|saeSession0,1,HSPICE_default|&/mnt/coe/workspace/ece/ece546-spr25/group8/group8_project/simulation/group8,tb2025_1,schematic/history_1/simulation/HSPICE_default/HSPICE/nominal/results
1744614315.310449: 3587064-7fbcf67fc700: cdpl_compat_master.c:5948: in cdplMasterLogInfo(): info: [non-CDPL log entry] PWDP: set pilot done!
1744614315.310620: 3587064-7fbd056cd700: cdpl_server_ipc.c:1268: in _sv_ipc_thread(): debug: received RELAY message
1744614315.310625: 3587064-7fbd056cd700: cdpl_server_ipc.c:713: in _sv_on_relay(): debug: RELAY message from W1, size = 18
1744614315.310628: 3587064-7fbd056cd700: cdpl_server_ipc.c:715: in _sv_on_relay(): debug: RELAY message from W1, content = 0$- - - MEASDOING
1744614317.283203: 3587064-7fbcf5ffb700: cdpl_compat_master.c:5948: in cdplMasterLogInfo(): info: [non-CDPL log entry] PWDP: master status watchdog is alive.
1744614322.579460: 3587064-7fbd056cd700: cdpl_server_ipc.c:1268: in _sv_ipc_thread(): debug: received RELAY message
1744614322.582374: 3587064-7fbd056cd700: cdpl_server_ipc.c:713: in _sv_on_relay(): debug: RELAY message from W1, size = 70
1744614322.582382: 3587064-7fbd056cd700: cdpl_server_ipc.c:715: in _sv_on_relay(): debug: RELAY message from W1, content = 0$3587588 hydra13.ece.ncsu.edu 3587631 FINISHED 1744614191|1744614322
1744614322.602494: 3587064-7fbd056cd700: cdpl_server_ipc.c:1268: in _sv_ipc_thread(): debug: received RELAY message
1744614322.602508: 3587064-7fbd056cd700: cdpl_server_ipc.c:713: in _sv_on_relay(): debug: RELAY message from W1, size = 194
1744614322.602513: 3587064-7fbd056cd700: cdpl_server_ipc.c:715: in _sv_on_relay(): debug: RELAY message from W1, content = PILOTDONE|saeSession0,1,HSPICE_default|&/mnt/coe/workspace/ece/ece546-spr25/group8/group8_project/simulation/group8,tb2025_1,schematic/history_1/simulation/HSPICE_default/HSPICE/nominal/results
1744614322.602554: 3587064-7fbcf67fc700: cdpl_compat_master.c:5948: in cdplMasterLogInfo(): info: [non-CDPL log entry] saeSession0,1,HSPICE_default|&/mnt/coe/workspace/ece/ece546-spr25/group8/group8_project/simulation/group8,tb2025_1,schematic/history_1/simulation/HSPICE_default/HSPICE/nominal/results PILOTDONE!
1744614322.633318: 3587064-7fbd056cd700: cdpl_server_ipc.c:1251: in _sv_ipc_thread(): debug: received FINISH message
1744614322.633331: 3587064-7fbd056cd700: cdpl_server_ipc.c:983: in _sv_on_finish(): info: worker W1 completed task T0
1744614322.633336: 3587064-7fbd056cd700: cdpl_server_ipc.c:988: in _sv_on_finish(): debug: stat T0: utime=136109 stime=3495
1744614322.633340: 3587064-7fbd056cd700: cdpl_server_ipc.c:993: in _sv_on_finish(): debug: statm T0: vsize=2869040 rss=1071088 shared=519244 text=474784 data=735636
1744614322.676685: 3587064-7fbd34a47540: cdpl_server.c:227: in _sv_free_task_safe(): debug: freeing task T0
1744614322.686331: 3587064-7fbd056cd700: cdpl_server_ipc.c:1268: in _sv_ipc_thread(): debug: received RELAY message
1744614322.686351: 3587064-7fbd056cd700: cdpl_server_ipc.c:713: in _sv_on_relay(): debug: RELAY message from W1, size = 47
1744614322.686357: 3587064-7fbd056cd700: cdpl_server_ipc.c:715: in _sv_on_relay(): debug: RELAY message from W1, content = WORKERDU|205,dc2isi00nfs.oit.ncsu.edu:/coe_nfs
1744614330.784918: 3587064-7fbd34a47540: cdpl_server.c:3008: in cdpl_sv_halt_job_errno(): info: killing job J1
1744614330.787754: 3587064-7fbd34a47540: cdpl_server.c:3044: in cdpl_sv_halt_job_errno(): debug: signal bin B1 scheduler to stop
1744614330.787781: 3587064-7fbcf4ff9700: cdpl_server_sched.c:2484: in _sv_scheduler_thread(): debug: scheduler for bin B1 stopped
1744614330.787821: 3587064-7fbcf4ff9700: cdpl_ipc.c:1657: in _host_drop__UNSAFE(): debug: dropping host `152.14.98.24:35436'
1744614330.787890: 3587064-7fbcf4ff9700: cdpl_server_sched.c:2830: in _sv_drop_worker(): info: down to 0 alive workers in B1
1744614330.787898: 3587064-7fbd056cd700: cdpl_server_ipc.c:1236: in _sv_ipc_thread(): debug: received DROP notification
1744614330.787916: 3587064-7fbcf4ff9700: cdpl_farm.c:4152: in cdpl_farm_dismiss(): debug: down to 0 running processes
1744614330.787940: 3587064-7fbcf4ff9700: cdpl_server_sched.c:121: in _free_worker_2(): debug: freeing worker W1
1744614330.787961: 3587064-7fbcf4ff9700: cdpl_ipc.c:2513: in cdpl_ipc_host_release(): debug: releasing host `152.14.98.24:35436'
1744614330.787965: 3587064-7fbcf4ff9700: cdpl_ipc.c:2529: in cdpl_ipc_host_release(): debug: scheduling for immediate release
1744614330.787996: 3587064-7fbd34a47540: cdpl_server.c:294: in _sv_free_job(): info: freeing job J1
1744614330.788009: 3587064-7fbd34a47540: cdpl_server.c:92: in _sv_free_bin(): debug: freeing bin B1
1744614330.788071: 3587064-7fbd34a47540: cdpl_monitor.c:515: in cdpl_mn_kill(): info: killing monitor
1744614330.788084: 3587064-7fbd34a47540: cdpl_ipc.c:3677: in cdpl_ipc_kill(): debug: stopping event server
1744614330.788101: 3587064-7fbcf7fff700: cdpl_ipc.c:2460: in _epoll_main(): debug: server going down...
1744614330.788135: 3587064-7fbd05ece700: cdpl_ipc.c:775: in _readv(): warning: read(): EOF
1744614330.788179: 3587064-7fbd05ece700: cdpl_ipc.c:2100: in _epoll_recv(): debug: _readv(): Broken pipe
1744614330.788190: 3587064-7fbd05ece700: cdpl_ipc.c:2424: in _epoll_main(): debug: _epoll_recv(): Broken pipe
1744614330.788198: 3587064-7fbd05ece700: cdpl_ipc.c:1657: in _host_drop__UNSAFE(): debug: dropping host `152.14.98.24:35430'
1744614330.788248: 3587064-7fbd05ece700: cdpl_ipc.c:1582: in _host_free__UNSAFE(): debug: freeing host `152.14.98.24:35436'
1744614330.788254: 3587064-7fbd05ece700: cdpl_ipc.c:1621: in _host_free__UNSAFE(): debug: [0 outq, 0 spR, 0 spW]
1744614330.788266: 3587064-7fbd056cd700: cdpl_server_ipc.c:1236: in _sv_ipc_thread(): debug: received DROP notification
1744614330.788296: 3587064-7fbd056cd700: cdpl_monitor.c:1269: in cdpl_mn_drop(): debug: detaching from monitor `152.14.98.24:35430'
1744614330.788303: 3587064-7fbd056cd700: cdpl_monitor.c:1101: in mn_systat_stop(): debug: joining systat thread
1744614330.788344: 3587064-7fbcf6ffd700: cdpl_monitor.c:1079: in mn_systat(): debug: exiting
1744614330.788362: 3587064-7fbd056cd700: cdpl_monitor.c:1103: in mn_systat_stop(): debug: systat thread done
1744614330.788368: 3587064-7fbd056cd700: cdpl_ipc.c:2513: in cdpl_ipc_host_release(): debug: releasing host `152.14.98.24:35430'
1744614330.788551: 3587064-7fbd04ecc700: cdpl_ipc.c:3728: in cdpl_ipc_free(): debug: releasing IPC handle
1744614330.788562: 3587064-7fbd04ecc700: cdpl_ipc.c:1582: in _host_free__UNSAFE(): debug: freeing host `152.14.98.24:33445'
1744614330.788567: 3587064-7fbd04ecc700: cdpl_ipc.c:1621: in _host_free__UNSAFE(): debug: [0 outq, 0 spR, 0 spW]
1744614330.788586: 3587064-7fbd04ecc700: cdpl_ipc.c:1582: in _host_free__UNSAFE(): debug: freeing host `152.14.98.24:35581'
1744614330.788590: 3587064-7fbd04ecc700: cdpl_ipc.c:1621: in _host_free__UNSAFE(): debug: [0 outq, 0 spR, 0 spW]
1744614330.788601: 3587064-7fbd04ecc700: cdpl_ipc.c:3756: in cdpl_ipc_free(): warning: 2 host(s) were not released
1744614330.788622: 3587064-7fbd04ecc700: cdpl_ipc.c:3767: in cdpl_ipc_free(): debug: done
1744614330.788626: 3587064-7fbd04ecc700: cdpl_monitor.c:1390: in cdpl_mn_free(): debug: freeing monitor client
1744614330.788795: 3587064-7fbd34a47540: cdpl_farm.c:2740: in cdpl_farm_free(): info: freeing farm
1744614330.788818: 3587064-7fbcd7fff700: cdpl_farm.c:2231: in _schedule(): debug: end of idling
1744614330.788826: 3587064-7fbcd7fff700: cdpl_farm.c:2235: in _schedule(): debug: dying
1744614330.788977: 3587064-7fbd34a47540: cdpl_farm.c:913: in _killall(): debug: killing all remaining commands
1744614330.789005: 3587064-7fbd34a47540: cdpl_server.c:3144: in cdpl_sv_free(): info: freeing server S1878934548
1744614330.789032: 3587064-7fbd34a47540: cdpl_server.c:3109: in cdpl_sv_kill_errno(): info: killing server
1744614330.789036: 3587064-7fbd34a47540: cdpl_ipc.c:3677: in cdpl_ipc_kill(): debug: stopping event server
1744614330.789054: 3587064-7fbd056cd700: cdpl_server_ipc.c:1200: in _sv_ipc_thread(): debug: leaving now
1744614330.789068: 3587064-7fbd34a47540: cdpl_server.c:334: in _sv_free_master(): info: freeing master M1
1744614330.789079: 3587064-7fbd05ece700: cdpl_ipc.c:2460: in _epoll_main(): debug: server going down...
1744614330.789097: 3587064-7fbd34a47540: cdpl_hash.c:68: in cdpl_h_destroy(): debug: put operations: 1
1744614330.789104: 3587064-7fbd34a47540: cdpl_hash.c:69: in cdpl_h_destroy(): debug: put collisions: 0
1744614330.789108: 3587064-7fbd34a47540: cdpl_hash.c:70: in cdpl_h_destroy(): debug: get operations: 1
1744614330.789111: 3587064-7fbd34a47540: cdpl_hash.c:71: in cdpl_h_destroy(): debug: get iterations: 1
1744614330.789127: 3587064-7fbd34a47540: cdpl_monitor.c:1390: in cdpl_mn_free(): debug: freeing monitor server
1744614330.789131: 3587064-7fbd34a47540: cdpl_ipc.c:3728: in cdpl_ipc_free(): debug: releasing IPC handle
1744614330.789134: 3587064-7fbd34a47540: cdpl_ipc.c:1582: in _host_free__UNSAFE(): debug: freeing host `152.14.98.24:35430'
1744614330.789138: 3587064-7fbd34a47540: cdpl_ipc.c:1621: in _host_free__UNSAFE(): debug: [0 outq, 0 spR, 0 spW]
1744614330.789161: 3587064-7fbd34a47540: cdpl_ipc.c:3767: in cdpl_ipc_free(): debug: done
1744614330.789176: 3587064-7fbd34a47540: cdpl_log.c:481: in cdpl_log_close(): info: @@end_of_log@@
