[13:21:56.64] /o 
              /c                                    pw_worker™ 
              /c 
              /c                Version W-2024.09-SP1-2 for linux64 - Jan 15, 2025
              /c              Based on Custom Infrastructure
              /c Version W-2024.09-SP1-2
              /c 
              /c                     Copyright (c) 2004 - 2025 Synopsys, Inc.
              /c    This software and the associated documentation are proprietary to Synopsys,
              /c  Inc. This software may only be used in accordance with the terms and conditions
              /c  of a written license agreement with Synopsys, Inc. All other use, reproduction,
              /c    or distribution of this software is strictly prohibited.  Licensed Products
              /c      communicate with Synopsys servers for the purpose of providing software
              /c     updates, detecting software piracy and verifying that customers are using
              /c     Licensed Products in conformity with the applicable License Key for such
              /c   Licensed Products. Synopsys will use information gathered in connection with
              /c     this process to deliver software updates and pursue software pirates and
              /c                                    infringers.
              /c 
              /c  Inclusivity & Diversity - Visit SolvNetPlus to read the "Synopsys Statement on
              /c             Inclusivity and Diversity" (Refer to article 000036315 at
              /c                         https://solvnetplus.synopsys.com)
              /c 
              /c Build  (OPT) Config 11252589 compiled on Wed Jan 15 11:01:36 2025 for AlmaLinux 8.4
              /c Invocation: /mnt/apps/public/COE/synopsys_apps/primewave/W-2024.09-SP1-2/linux64/platform/bin/custom_shell -application pw_worker -gui 0 -localDir /mnt/coe/workspace/ece/ece546-spr25/group8/group8_project/synopsys_custom/pwdp_jobs/saeSession0_HSPICEdefaultworkingMakesSense.SimulationSimulation_cdpl.0.1264701/logs/w1
              /c Execution time: Sat Apr  5 13:21:45 2025
              /c Host: hydra12.ece.ncsu.edu
              /c Working directory: /mnt/coe/workspace/ece/ece546-spr25/group8/group8_project
              /c 
[13:22:15.69] /m Information: Registering ICV PERC package...
[13:22:15.71] /w Warning: Error: "Job group named 'PrimeWave' already exists under this parent." (IPC-100)
[13:22:16.15] /o #####New Worker job begin - Self history dir=/mnt/coe/workspace/ece/ece546-spr25/group8/group8_project/simulation/group8,memory_array_tb,schematic
[13:22:16.61] /o source /mnt/coe/workspace/ece/ece546-spr25/group8/group8_project/synopsys_custom/pwdp_jobs/saeSession0_HSPICEdefaultworkingMakesSense.SimulationSimulation_cdpl.0.1264701/ccFile.tcl OK
[13:22:16.61] /o LibDefs : /mnt/coe/workspace/ece/ece546-spr25/group8/group8_project/lib.defs
[13:22:17.31] /o new worker create session at loading state!
[13:22:17.31] /o history_1
[13:22:18.69] /o Loading: Callback files...
[13:22:18.72] /o Loading: scripts/callbacks/callbacks.tcl
[13:22:18.72] /o 
              /c [INFO] : Loading display.drf from /mnt/designkits/ncsu/FreePDK3/syncust/NCSU_TechLib_FreePDK3
              /c 
              /c  if you wish to Load other display.drf, please set shell environment valiable "iPDK_load_display_NCSU_TechLib_FreePDK3" to value = 0
[13:22:18.72] /o 
[13:22:18.79] /w Warning: Preference 'xtStarTcadGrdFile' is deprecated and scheduled for removal in a future release with no replacement. For migration assistance, see the Custom Compiler Tcl Reference Manual. (PREFERENCE-058)
[13:22:18.81] /w Warning: Preference 'xtStarOALayerMappingFile' is deprecated and scheduled for removal in a future release with no replacement. For migration assistance, see the Custom Compiler Tcl Reference Manual. (PREFERENCE-058)
[13:22:18.81] /o 	#######################################
[13:22:18.81] /o 	CC-PDK Library Name	: FreePDK3
[13:22:18.81] /o 	#######################################
[13:22:18.81] /o 
[13:22:19.28] /o source /mnt/coe/workspace/ece/ece546-spr25/group8/group8_project/simulation/group8,memory_array_tb,schematic/history_1/.nw_preference_script.tcl OK!
[13:22:19.28] /o DSPF Options: {hierDelim==|}||{termDelim==:}||{fingerChar==@}||{multiplierString==_nettran_}||{aggregateCurrent==1}||{MOSTermNames==d g s b}||{MOSTermOrder==D G S B}||{MOSTermDspfNames==DRC GATE SRC BULK}||{firstChars==XM}||{probeHierDelim==/}||{caseSensitive==1}||{firstChar==M}||{hierPrefix==X}||{nodePrefix==M}||{plotTermVoltageForNet==0}||{mapNetToMosTerminal==}||{mapSlashDelimToDot==1}||{probePortCurrent==1}||{busBit==[]}||{removeNodePrefix==1}||{nlConDelim==.}||{mosModelType==auto}||{keepSchName==0}
[13:22:19.28] /o _workerLoadStateAction done!
[13:22:19.33] /o _getSimulationDetails : 
[13:22:19.33] /o tbName=HSPICE_default_working_Makes_Sense, Mtb=0
[13:22:19.33] /o Got stb tb ok!
[13:22:19.33] /o Self resultsDir: ./simulation
[13:22:19.33] /o Self databaseDir: /mnt/coe/workspace/ece/ece546-spr25/group8/group8_project/simulation/group8,memory_array_tb,schematic/history_1/simulation/HSPICE_default_working_Makes_Sense/HSPICE/nominal/results
[13:22:19.35] /o source /mnt/apps/public/COE/synopsys_apps/primewave/W-2024.09-SP1-2/auxx/sae/matlab_script.tcl OK
[13:22:19.45] /o Nominal run.
[13:22:20.17] /o _createResultsMap done!
[13:22:20.21] /o New worker simulation done for nomial run.
[13:22:20.21] /o >>>resultsDir=/mnt/coe/workspace/ece/ece546-spr25/group8/group8_project/simulation/group8,memory_array_tb,schematic/history_1/simulation/HSPICE_default_working_Makes_Sense/HSPICE/nominal/results,masterResultsDir=/mnt/coe/workspace/ece/ece546-spr25/group8/group8_project/simulation/group8,memory_array_tb,schematic/history_1/simulation/HSPICE_default_working_Makes_Sense/HSPICE/nominal/results
[13:22:20.24] /m Information: Evaluating and plotting outputs...
[13:22:23.40] /o touch /mnt/coe/workspace/ece/ece546-spr25/group8/group8_project/simulation/group8,memory_array_tb,schematic/history_1/simulation/HSPICE_default_working_Makes_Sense/HSPICE/nominal/results/.unitedSimFinished
[13:22:23.45] /o touch /mnt/coe/workspace/ece/ece546-spr25/group8/group8_project/simulation/group8,memory_array_tb,schematic/history_1/simulation/HSPICE_default_working_Makes_Sense/HSPICE/nominal/results/.unitedSimFinished
[13:22:24.62] /o New worker simulation done for nomial run finished!
[13:22:24.62] /o _simulationDoneAction done without exception!
[13:22:24.64] /o touch pilot meas done flag file: /mnt/coe/workspace/ece/ece546-spr25/group8/group8_project/simulation/group8,memory_array_tb,schematic/history_1/simulation/HSPICE_default_working_Makes_Sense/HSPICE/nominal/results/.pw_nw_meas_done
[13:22:35.63] /o Shutdown time: Sat Apr  5 13:22:35 2025
[13:22:35.63] /o Elapsed session real time: 0.73 minutes
[13:22:35.64] /o Session terminated. Log is at /mnt/coe/workspace/ece/ece546-spr25/group8/group8_project/synopsys_custom/pwdp_jobs/saeSession0_HSPICEdefaultworkingMakesSense.SimulationSimulation_cdpl.0.1264701/logs/w1/logs/pw_worker.nbandeh.2025_4_5_132145_1265241.log
