[15:44:26.86] /o 
              /c                          PrimeWave Design Environment 
              /c 
              /c                Version W-2024.09-SP1-2 for linux64 - Jan 15, 2025
              /c              Based on Custom Infrastructure
              /c Version W-2024.09-SP1-2
              /c 
              /c                     Copyright (c) 2004 - 2025 Synopsys, Inc.
              /c    This software and the associated documentation are proprietary to Synopsys,
              /c  Inc. This software may only be used in accordance with the terms and conditions
              /c  of a written license agreement with Synopsys, Inc. All other use, reproduction,
              /c    or distribution of this software is strictly prohibited.  Licensed Products
              /c      communicate with Synopsys servers for the purpose of providing software
              /c     updates, detecting software piracy and verifying that customers are using
              /c     Licensed Products in conformity with the applicable License Key for such
              /c   Licensed Products. Synopsys will use information gathered in connection with
              /c     this process to deliver software updates and pursue software pirates and
              /c                                    infringers.
              /c 
              /c  Inclusivity & Diversity - Visit SolvNetPlus to read the "Synopsys Statement on
              /c             Inclusivity and Diversity" (Refer to article 000036315 at
              /c                         https://solvnetplus.synopsys.com)
              /c 
              /c Build  (OPT) Config 11252589 compiled on Wed Jan 15 11:01:36 2025 for AlmaLinux 8.4
              /c Invocation: /mnt/apps/public/COE/synopsys_apps/primewave/W-2024.09-SP1-2/linux64/platform/bin/custom_shell -application primewave -gui 0 -uniqueString 424077b79e1069ee777771a163345433abe641e08b843adf103ebf0b7deb01df4026af0a9a29ce4e -python 0 -command "source /mnt/coe/workspace/ece/ece546-spr25/group8/group8_project/synopsys_custom/sim_server/custom_compiler.svkolach/stb.group8.sram_6t_tb.schematic.session0/sim_server_init.tcl" -log /mnt/coe/workspace/ece/ece546-spr25/group8/group8_project/synopsys_custom/primewave_session0_sim_server_job1 -libDefFile /mnt/coe/workspace/ece/ece546-spr25/group8/group8_project/lib.defs
              /c Execution time: Sun Apr 13 15:44:20 2025
              /c Host: penny.ece.ncsu.edu
              /c Working directory: /mnt/coe/workspace/ece/ece546-spr25/group8/group8_project
              /c 
[15:44:33.04] /m Information: Registering ICV PERC package...
[15:44:33.75] /m Information: Feature 'SynopsysCustomSAE' checked out. (LICENSE-003)
[15:44:34.10] /o 
[15:44:34.14] /i source /mnt/coe/workspace/ece/ece546-spr25/group8/group8_project/synopsys_custom/sim_server/custom_compiler.svkolach/stb.group8.sram_6t_tb.schematic.session0/sim_server_init.tcl
[15:44:34.38] /o SimServer socket started on penny.ece.ncsu.edu:43917
[15:44:34.82] /m Information: Launching Waveform Viewer "cd /mnt/coe/workspace/ece/ece546-spr25/group8/group8_project/synopsys_custom/sim_server/custom_compiler.svkolach/stb.group8.sram_6t_tb.schematic.session0/logs &&  /mnt/apps/public/COE/synopsys_apps/primewave/W-2024.09-SP1-2/auxx/../linux64/swv/bin/swv  -bg_gui -k -cdesigner -ptype wv -spxkey /mnt/apps/public/COE/synopsys_apps/primewave/W-2024.09-SP1-2/auxx/waveform/sae.spxkey -spxrc /tmp/tmp_sae_spxrc_yMh41P -unique_string 424077b79e1069ee74f46a637954b8a4abe641e08b843adf103ebf0b7deb01df5539b4eb7a3e44b634d931528ed431f9 -lic_type 2   -parent_cc_pid 49015  > /mnt/coe/workspace/ece/ece546-spr25/group8/group8_project/synopsys_custom/sim_server/custom_compiler.svkolach/stb.group8.sram_6t_tb.schematic.session0/logs/viewer.log 2>&1"
[15:44:34.85] /o ==== Received Msg ====
              /c len=35 sourceSoc=sock48379560 msgIndex=0 rawMsg=evalCmd ::wf::updateViewerLicense 2
[15:44:34.85] /o 
[15:44:34.87] /o ==== Received Msg ====
              /c len=35 sourceSoc=sock48379560 msgIndex=1 rawMsg=evalCmd ::wf::updateViewerLicense 2
[15:44:34.87] /o 
[15:49:10.58] /o ==== Received Msg ====
              /c len=8 sourceSoc=sock48379560 msgIndex=2 rawMsg=idleExit
[15:49:10.58] /o 
[15:49:10.61] /m Information: Exiting simulation server process. (PW_GUI-984)
[15:49:11.56] /o Shutdown time: Sun Apr 13 15:49:11 2025
[15:49:11.56] /o Elapsed session real time: 4.81 minutes
[15:49:11.56] /o Session terminated. Log is at /mnt/coe/workspace/ece/ece546-spr25/group8/group8_project/synopsys_custom/logs/primewave.svkolach.2025_4_13_154420_49015.log
[15:49:11.56] /e Error: {}
