
                                 IC Validator 

          Version W-2024.09-SP2 for linux64 - Dec 03, 2024 cl#11100136

                    Copyright (c) 1996 - 2024 Synopsys, Inc.
   This software and the associated documentation are proprietary to Synopsys,
 Inc. This software may only be used in accordance with the terms and conditions
 of a written license agreement with Synopsys, Inc. All other use, reproduction,
   or distribution of this software is strictly prohibited.  Licensed Products
     communicate with Synopsys servers for the purpose of providing software
    updates, detecting software piracy and verifying that customers are using
    Licensed Products in conformity with the applicable License Key for such
  Licensed Products. Synopsys will use information gathered in connection with
    this process to deliver software updates and pursue software pirates and
                                   infringers.

 Inclusivity & Diversity - Visit SolvNetPlus to read the "Synopsys Statement on
            Inclusivity and Diversity" (Refer to article 000036315 at
                        https://solvnetplus.synopsys.com)

Time Started: 2025-04-15 19:38:54
Running on: greenarrow.ece.ncsu.edu 4.18.0-553.47.1.el8_10.x86_64

-------------

Called as: icv -f gdsii -i /mnt/coe/workspace/ece/ece546-spr25/group8/group8_project/synopsys_custom/Demux.icv.drc/Demux.custom_compiler.gds -c Demux -I /mnt/designkits/ncsu/FreePDK3/syncust/NCSU_TechLib_FreePDK3/../../icv -oa_dm6 -vue /mnt/designkits/ncsu/FreePDK3/icv/FreePDK3_main.drc.rs

-------------

Command Line Summary:
icv
-c Demux
-f gdsii
-i /mnt/coe/workspace/ece/ece546-spr25/group8/group8_project/synopsys_custom/Demux.icv.drc/Demux.custom_compiler.gds
-oa_dm6
-vue
-I /mnt/designkits/ncsu/FreePDK3/syncust/NCSU_TechLib_FreePDK3/../../icv
/mnt/designkits/ncsu/FreePDK3/icv/FreePDK3_main.drc.rs

-------------
Using user-specified ICV_INCLUDES setting as:
"/mnt/apps/public/COE/synopsys_apps/icvalidator/W-2024.09-SP2/include"

Parsing runset "/mnt/designkits/ncsu/FreePDK3/icv/FreePDK3_main.drc.rs"

/mnt/designkits/ncsu/FreePDK3/icv/FreePDK3_main.drc.rs:16: warning: The error_limit_per_check in error_options is set to unlimited.  The user setting of unlimited will be honored but could result in very large error files and increased amount of time to process if the number of errors in a check is very large.
warning: There was 1 evaluation warning
Runset Processing Time=0:00:04 User=0.62 Sys=0.07 Mem=0.394 GB

Parsing finished
Host startup begins.
Host startup done: 2 successes, 0 failures.
	greenarrow.ece.ncsu.edu: 2 total CPUs, maximum 2 commands in parallel.
Selecting "greenarrow.ece.ncsu.edu" as Primary host

System Startup Time=0.276518 User=0.00939309

Command execution begins.  Details recorded in the summary file and log db: 
	"/mnt/coe/workspace/ece/ece546-spr25/group8/group8_project/synopsys_custom/Demux.icv.drc/run_details/Demux.sum"
	"/mnt/coe/workspace/ece/ece546-spr25/group8/group8_project/synopsys_custom/Demux.icv.drc/run_details/dp.eventdb"

Running ...
  [0:00:00][0%]   Added 2 CPUs on host greenarrow.ece.ncsu.edu (Total: 2 CPUs on 1 hosts)
  [0:00:02][1%]   Rules: 0/317, Rules with Violations: 0, Total Violations: 0
  [0:00:02][2%]   
  [0:00:02][3%]   Rules: 1/317, Rules with Violations: 0, Total Violations: 0
  [0:00:02][4%]   Rules: 11/317, Rules with Violations: 0, Total Violations: 0
  [0:00:02][5%]   Rules: 24/317, Rules with Violations: 0, Total Violations: 0
  [0:00:02][10%]  Rules: 25/317, Rules with Violations: 0, Total Violations: 0
  [0:00:02][15%]  
  [0:00:02][20%]  
  [0:00:02][25%]  
  [0:00:02][30%]  Rules: 29/317, Rules with Violations: 0, Total Violations: 0
  [0:00:02][35%]  Rules: 33/317, Rules with Violations: 0, Total Violations: 0
  [0:00:02][40%]  Rules: 76/317, Rules with Violations: 0, Total Violations: 0
  [0:00:02][45%]  Rules: 151/317, Rules with Violations: 0, Total Violations: 0
  [0:00:02][50%]  Rules: 168/317, Rules with Violations: 0, Total Violations: 0
  [0:00:02][55%]  
  [0:00:02][60%]  Rules: 181/317, Rules with Violations: 0, Total Violations: 0
  [0:00:02][65%]  Rules: 208/317, Rules with Violations: 0, Total Violations: 0
  [0:00:02][70%]  Rules: 233/317, Rules with Violations: 0, Total Violations: 0
  [0:00:02][75%]  Rules: 261/317, Rules with Violations: 0, Total Violations: 0
  [0:00:02][80%]  Rules: 281/317, Rules with Violations: 0, Total Violations: 0
  [0:00:03][85%]  Rules: 295/317, Rules with Violations: 0, Total Violations: 0
  [0:00:03][90%]  Rules: 301/317, Rules with Violations: 0, Total Violations: 0
  [0:00:03][95%]  Rules: 312/317, Rules with Violations: 0, Total Violations: 0
  [0:00:03][100%] Rules: 317/317, Rules with Violations: 0, Total Violations: 0
Engine Runtime=2.62685 User=0.0553688
Error storage stats...
  User=0.01 Sys=0.02 Mem=0.002 GB

Generating Demux.LAYOUT_ERRORS...
  Generation Time=0:00:00  User=0.00 Sys=0.00 Mem=0.001 GB

Overall engine Time=0:00:08 Highest command Mem=0.050 GB

-------------

IC Validator Machine Memory Report
greenarrow.ece.ncsu.edu : Average = 0.451 GB, Peak = 0.451 GB

Overall Disk Usage Disk=0.003 GB
Group File Disk Usage Peak=0.000 GB

Overall Manager Mem=0.394 GB


Time Ended: 2025-04-15 19:39:05

IC Validator is done.
