1742918925.405207: 303507-7f9094664540: cdpl_log.c:337: in cdpl_log_open(): info: @@start_of_log@@
1742918925.405319: 303507-7f9094664540: cdpl_log.c:1058: in cdpl_log_dump_sysinfo(): info: time: 2025/03/25 12:08:45 EDT -0400
1742918925.405331: 303507-7f9094664540: cdpl_log.c:1060: in cdpl_log_dump_sysinfo(): info: version: W-2024.09-SP1-2 
1742918925.405337: 303507-7f9094664540: cdpl_log.c:1062: in cdpl_log_dump_sysinfo(): info: system: Linux 4.18.0-553.45.1.el8_10.x86_64 #1 SMP Fri Mar 7 16:18:59 EST 2025
1742918925.405343: 303507-7f9094664540: cdpl_log.c:1067: in cdpl_log_dump_sysinfo(): info: processor: x86_64 64-bits
1742918925.405347: 303507-7f9094664540: cdpl_log.c:1071: in cdpl_log_dump_sysinfo(): info: hostname: grendel43.ece.ncsu.edu
1742918925.405352: 303507-7f9094664540: cdpl_log.c:1073: in cdpl_log_dump_sysinfo(): info: program name: custom_shell
1742918925.405379: 303507-7f9094664540: cdpl_log.c:340: in cdpl_log_open(): debug: path: /mnt/coe/workspace/ece/ece546-spr25/group8/group8_project/synopsys_custom/pwdp_jobs/saeSession0_default.SimulationSimulation_cdpl.0.303507/logs/master.grendel43.ece.ncsu.edu.303507.log
1742918925.405385: 303507-7f9094664540: cdpl_log.c:341: in cdpl_log_open(): debug: dir: /mnt/coe/workspace/ece/ece546-spr25/group8/group8_project/synopsys_custom/pwdp_jobs/saeSession0_default.SimulationSimulation_cdpl.0.303507/logs
1742918925.405508: 303507-7f9094664540: cdpl_server.c:536: in cdpl_sv_init(): info: new server S727533943
1742918925.405553: 303507-7f9094664540: cdpl_ipc.c:3475: in cdpl_ipc_init(): info: requesting IPv4 protocol
1742918925.410161: 303507-7f9094664540: cdpl_ipc.c:837: in _selectaddrfamily(): info: selected IPv4 protocol
1742918925.410283: 303507-7f9094664540: cdpl_ipc.c:1139: in _set_keepalive(): info: TCP keep alive interval: 300
1742918925.413318: 303507-7f9094664540: cdpl_monitor.c:1117: in cdpl_mn_new_server(): info: creating server monitor instance
1742918925.413398: 303507-7f9094664540: cdpl_server.c:650: in cdpl_sv_new_master(): info: new master M1
1742918925.413457: 303507-7f9094664540: cdpl_server.c:6533: in cdpl_sv_ctl_master(): info: Setting worker heartbeat to 120 seconds
1742918925.413465: 303507-7f9094664540: cdpl_server.c:6542: in cdpl_sv_ctl_master(): info: Setting worker heartbeat timeout to 3 heartbeats
1742918925.413474: 303507-7f9094664540: cdpl_compat_master.c:2090: in _parse_hostfile(): info: reading hostfile `/mnt/coe/workspace/ece/ece546-spr25/group8/group8_project/synopsys_custom/pwdp_jobs/saeSession0_default.SimulationSimulation_cdpl.0.303507/host_file'
1742918925.420817: 303507-7f9094664540: cdpl_compat_master.c:1900: in _hostfile_parser(): debug: parsing "1     |localhost|   -1  | /tmp | SH | sh"
1742918925.420906: 303507-7f9094664540: cdpl_farm.c:2578: in cdpl_farm_new_sh(): info: creating SH farm on localhost
1742918925.420936: 303507-7f9094664540: cdpl_compat_master.c:206: in _set_farm_env(): info: exporting CDPL_LOGDIR as `/mnt/coe/workspace/ece/ece546-spr25/group8/group8_project/synopsys_custom/pwdp_jobs/saeSession0_default.SimulationSimulation_cdpl.0.303507/logs'
1742918925.420944: 303507-7f9094664540: cdpl_compat_master.c:212: in _set_farm_env(): info: exporting CDPL_TMPDIR as `/tmp'
1742918925.420951: 303507-7f9094664540: cdpl_compat_master.c:219: in _set_farm_env(): info: exporting CDPL_HOME as `/mnt/apps/public/COE/synopsys_apps/hspice/W-2024.09-SP1/hspice/cdpl'
1742918925.420960: 303507-7f9094664540: cdpl_compat_master.c:235: in _set_farm_env(): info: exporting SNPSLMD_LICENSE_FILE as `27000@ece-lic-35.ece.ncsu.edu'
1742918925.420968: 303507-7f9094664540: cdpl_compat_master.c:259: in _set_farm_env(): info: exporting CDPL_OPTIONS as `[nowlogs]'
1742918925.420972: 303507-7f9094664540: cdpl_compat_master.c:266: in _set_farm_env(): info: exporting DISPLAY as `unix:29677'
1742918925.420978: 303507-7f9094664540: cdpl_compat_master.c:274: in _set_farm_env(): info: exporting CDPL_HEARTBEAT as `120'
1742918925.421023: 303507-7f9094664540: cdpl_farm.c:3149: in cdpl_farm_add_withdir(): debug: added `localhost' (capacity: unlimited)
1742918925.421032: 303507-7f9094664540: cdpl_compat_parse.c:147: in parsefile(): debug: read `/mnt/coe/workspace/ece/ece546-spr25/group8/group8_project/synopsys_custom/pwdp_jobs/saeSession0_default.SimulationSimulation_cdpl.0.303507/host_file', 2 lines
1742918925.421059: 303507-7f9094664540: cdpl_compat_master.c:2931: in cdplInitMaster(): info: bcast dir is `/mnt/coe/workspace/ece/ece546-spr25/group8/group8_project/synopsys_custom/pwdp_jobs/saeSession0_default.SimulationSimulation_cdpl.0.303507/logs'
1742918925.428594: 303507-7f9094664540: cdpl_server.c:6433: in cdpl_sv_ctl_master(): info: farm worker timeout set to 300
1742918925.428610: 303507-7f9094664540: cdpl_server.c:6486: in cdpl_sv_ctl_master(): info: maximum number of task execution attempts set to 1
1742918925.428681: 303507-7f9094664540: cdpl_server.c:3195: in cdpl_sv_start(): debug: starting server
1742918925.428699: 303507-7f9094664540: cdpl_ipc.c:3632: in cdpl_ipc_start(): debug: starting IPC server 152.14.98.58:41059
1742918925.429201: 303507-7f9069228700: cdpl_server_ipc.c:1182: in _sv_ipc_thread(): debug: ready
1742918925.429546: 303507-7f9068a27700: cdpl_monitor.c:426: in cdpl_mn_init_client(): info: creating client monitor instance
1742918925.429593: 303507-7f9068a27700: cdpl_ipc.c:3475: in cdpl_ipc_init(): info: requesting IPv4 protocol
1742918925.435426: 303507-7f9068a27700: cdpl_ipc.c:837: in _selectaddrfamily(): info: selected IPv4 protocol
1742918925.435505: 303507-7f9068a27700: cdpl_ipc.c:1139: in _set_keepalive(): info: TCP keep alive interval: 300
1742918925.438357: 303507-7f9068a27700: cdpl_ipc.c:3632: in cdpl_ipc_start(): debug: starting IPC server 152.14.98.58:33779
1742918925.439266: 303507-7f9068a27700: cdpl_monitor.c:471: in cdpl_mn_init_client(): debug: incoming messages in /tmp/cdpl-monitor-TjVRY1
1742918925.439531: 303507-7f9068a27700: cdpl_monitor.c:533: in cdpl_mn_connect(): debug: connecting to 152.14.98.58:41059
1742918925.439550: 303507-7f9068a27700: cdpl_ipc.c:3789: in cdpl_ipc_connect(): info: connecting to 152.14.98.58:41059
1742918925.439911: 303507-7f9068a27700: cdpl_ipc.c:3860: in cdpl_ipc_connect(): info: connected as `152.14.98.58:58414'
1742918925.439947: 303507-7f9068a27700: cdpl_ipc.c:2503: in cdpl_ipc_host_accept(): debug: accepted host `152.14.98.58:41059'
1742918925.440028: 303507-7f9068a27700: cdpl_monitor.c:579: in cdpl_mn_connect(): debug: ok
1742918925.440079: 303507-7f9069a29700: cdpl_ipc.c:1862: in _epoll_accept(): debug: new connection from `152.14.98.58:58414'
1742918925.440248: 303507-7f9094664540: cdpl_server.c:731: in cdpl_sv_new_job(): info: new job J1 in M1
1742918925.440340: 303507-7f9069228700: cdpl_server_ipc.c:1225: in _sv_ipc_thread(): debug: received ACCEPT notification
1742918925.440383: 303507-7f9094664540: cdpl_compat_master.c:1581: in _add_worker(): info: new worker type 10, min:1, max:3, cmd:`/mnt/coe/workspace/ece/ece546-spr25/group8/group8_project/synopsys_custom/pwdp_jobs/saeSession0_default.SimulationSimulation_cdpl.0.303507/START_WORKER pw_worker -i /mnt/coe/workspace/ece/ece546-spr25/group8/group8_p
1742918925.440415: 303507-7f9069228700: cdpl_ipc.c:2503: in cdpl_ipc_host_accept(): debug: accepted host `152.14.98.58:58414'
1742918925.440429: 303507-7f9069228700: cdpl_server_ipc.c:1256: in _sv_ipc_thread(): debug: received MONITOR message
1742918925.440446: 303507-7f9094664540: cdpl_server.c:908: in cdpl_sv_new_bin_withfarm(): info: new bin B1 in J1
1742918925.440787: 303507-7f9069228700: cdpl_monitor.c:1207: in cdpl_mn_accept(): debug: accepted monitor `152.14.98.58:58414'
1742918925.440798: 303507-7f9069228700: cdpl_server_ipc_mon.c:120: in _globalLOCK(): debug: ENTERTING GLOBAL LOCK
1742918925.440805: 303507-7f9069228700: cdpl_server_ipc_mon.c:164: in _globalLOCK(): debug: global lock acquired
1742918925.440935: 303507-7f9056ffd700: cdpl_monitor.c:910: in mn_systat(): debug: started
1742918925.441638: 303507-7f9056ffd700: cdpl_monitor.c:937: in mn_systat(): debug: monitor server flush rate: 5
1742918927.618793: 303507-7f9069228700: cdpl_server_ipc_mon.c:210: in _globalUNLOCK(): debug: LEAVING GLOBAL LOCK
1742918927.619018: 303507-7f9094664540: cdpl_server.c:3249: in cdpl_sv_start_job(): info: starting job J1
1742918927.619083: 303507-7f9094664540: cdpl_server.c:62: in _sv_start_bin(): debug: starting bin B1 (min: 0, max: 3)
1742918927.619385: 303507-7f9054ff9700: cdpl_server_sched.c:2482: in _sv_scheduler_thread(): debug: scheduler for bin B1 started
1742918927.619586: 303507-7f9094664540: cdpl_server.c:1893: in _sv_gen_task(): info: new task T0 in B1 (prio 0)
1742918927.619683: 303507-7f9094664540: cdpl_server.c:2698: in cdpl_sv_label_task_va(): info: setting task T0 label to "HSPICE_1|HSPICE"
1742918927.619808: 303507-7f9054ff9700: cdpl_server_sched.c:2443: in _scheduler_run(): debug: will start a new worker
1742918927.619972: 303507-7f9054ff9700: cdpl_farm.c:3977: in cdpl_farm_submit(): debug: 1 running processes
1742918927.619986: 303507-7f9054ff9700: cdpl_farm.c:3985: in cdpl_farm_submit(): debug: new command C1 in bin B1 assigned to host `localhost'
1742918927.620479: 303507-7f9054ff9700: cdpl_server_sched.c:705: in _sv_launch_worker(): info: started worker W1 (as C1) in bin B1
1742918927.620505: 303507-7f9037fff700: cdpl_farm.c:2139: in _schedule(): debug: started
1742918927.620551: 303507-7f9037fff700: cdpl_farm.c:2303: in _schedule(): debug: submitting command C1 in bin B1
1742918927.620592: 303507-7f9037fff700: cdpl_sh.c:49: in _sh_detached_submit(): info: SH : /mnt/coe/workspace/ece/ece546-spr25/group8/group8_project/synopsys_custom/pwdp_jobs/saeSession0_default.SimulationSimulation_cdpl.0.303507/START_WORKER pw_worker -i /mnt/coe/workspace/ece/ece546-spr25/group8/group8_project/synopsys_custom/pwdp_jobs/saeSession0_default.SimulationSimulation_cdpl.0.303507 -t 10000
1742918927.629266: 303507-7f9037fff700: cdpl_farm.c:2343: in _schedule(): debug: C1 in bin B1 running on slot 0
1742918927.629298: 303507-7f9037fff700: cdpl_farm.c:2167: in _schedule(): debug: idle
1742918927.929426: 303507-7f9037fff700: cdpl_farm.c:1193: in _onexit(): debug: C1 in bin B1 exited normally on slot 0
1742918930.416066: 303507-7f9055ffb700: cdpl_compat_master.c:5948: in cdplMasterLogInfo(): info: [non-CDPL log entry] PWDP - no-workers started ok check start!
1742918931.230552: 303507-7f9094664540: cdpl_compat_master.c:5948: in cdplMasterLogInfo(): info: [non-CDPL log entry] PWDP3: reset pilot cache succeeded, pilot_key=saeSession0,1,default|&/mnt/coe/workspace/ece/ece546-spr25/group8/group8_project/simulation/group8,sram_6t_tb,schematic/history_1/simulation/default/PrimeSimHSPICE/nominal/results
1742918932.216894: 303507-7f9069a29700: cdpl_ipc.c:1862: in _epoll_accept(): debug: new connection from `152.14.98.58:42446'
1742918932.217002: 303507-7f9069228700: cdpl_server_ipc.c:1225: in _sv_ipc_thread(): debug: received ACCEPT notification
1742918932.217048: 303507-7f9069228700: cdpl_ipc.c:2503: in cdpl_ipc_host_accept(): debug: accepted host `152.14.98.58:42446'
1742918932.217091: 303507-7f9069228700: cdpl_server_ipc.c:1246: in _sv_ipc_thread(): debug: received HELLO message
1742918932.217098: 303507-7f9069228700: cdpl_server_ipc.c:430: in _sv_on_hello(): debug: looking up W1
1742918932.217105: 303507-7f9069228700: cdpl_server_ipc.c:540: in _sv_on_hello(): info: W1 is `152.14.98.58:42446'
1742918932.217111: 303507-7f9069228700: cdpl_server_ipc.c:541: in _sv_on_hello(): debug: hello W1 (B1)
1742918932.217116: 303507-7f9069228700: cdpl_server_ipc.c:542: in _sv_on_hello(): info: W1 log file is /dev/null
1742918932.217217: 303507-7f9069228700: cdpl_server_ipc.c:602: in _sv_on_hello(): info: up to 1 alive workers in B1
1742918932.217242: 303507-7f9069228700: cdpl_farm.c:878: in _release_cmd(): debug: freeing command C1 in bin B1
1742918932.217294: 303507-7f9054ff9700: cdpl_server_sched.c:960: in _assign(): info: assigning task T0 to worker W1
1742918933.218434: 303507-7f9069228700: cdpl_server_ipc.c:312: in _sv_on_heartbeat(): debug: received HEARTBEAT from worker W1 at 152.14.98.58:42446
1742918935.533349: 303507-7f9068a27700: cdpl_monitor.c:533: in cdpl_mn_connect(): debug: connecting to 152.14.98.58:43397
1742918935.533380: 303507-7f9068a27700: cdpl_ipc.c:3789: in cdpl_ipc_connect(): info: connecting to 152.14.98.58:43397
1742918935.533714: 303507-7f9068a27700: cdpl_ipc.c:3860: in cdpl_ipc_connect(): info: connected as `152.14.98.58:43532'
1742918935.533738: 303507-7f9068a27700: cdpl_ipc.c:2503: in cdpl_ipc_host_accept(): debug: accepted host `152.14.98.58:43397'
1742918935.533751: 303507-7f9068a27700: cdpl_monitor.c:579: in cdpl_mn_connect(): debug: ok
1742918936.925935: 303507-7f9069228700: cdpl_server_ipc.c:1268: in _sv_ipc_thread(): debug: received RELAY message
1742918936.925966: 303507-7f9069228700: cdpl_server_ipc.c:713: in _sv_on_relay(): debug: RELAY message from W1, size = 58
1742918936.925974: 303507-7f9069228700: cdpl_server_ipc.c:715: in _sv_on_relay(): debug: RELAY message from W1, content = 0$304135 grendel43.ece.ncsu.edu 304149 RUNNING 1742918936
1742918960.245609: 303507-7f9069228700: cdpl_server_ipc.c:1268: in _sv_ipc_thread(): debug: received RELAY message
1742918960.248789: 303507-7f9069228700: cdpl_server_ipc.c:713: in _sv_on_relay(): debug: RELAY message from W1, size = 48
1742918960.248807: 303507-7f9069228700: cdpl_server_ipc.c:715: in _sv_on_relay(): debug: RELAY message from W1, content = WORKERDU|1260,dc2isi00nfs.oit.ncsu.edu:/coe_nfs
1742918960.248824: 303507-7f9069228700: cdpl_server_ipc.c:1268: in _sv_ipc_thread(): debug: received RELAY message
1742918960.248830: 303507-7f9069228700: cdpl_server_ipc.c:713: in _sv_on_relay(): debug: RELAY message from W1, size = 192
1742918960.248836: 303507-7f9069228700: cdpl_server_ipc.c:715: in _sv_on_relay(): debug: RELAY message from W1, content = REQPILOT|saeSession0,1,default|&/mnt/coe/workspace/ece/ece546-spr25/group8/group8_project/simulation/group8,sram_6t_tb,schematic/history_1/simulation/default/PrimeSimHSPICE/nominal/results|&0
1742918960.249064: 303507-7f90567fc700: cdpl_compat_master.c:5948: in cdplMasterLogInfo(): info: [non-CDPL log entry] PWDP send back 'DOPILOT' to worker id:1 key: saeSession0,1,default|&/mnt/coe/workspace/ece/ece546-spr25/group8/group8_project/simulation/group8,sram_6t_tb,schematic/history_1/simulation/default/PrimeSimHSPICE/nominal/results
1742918960.260686: 303507-7f90567fc700: cdpl_compat_master.c:5948: in cdplMasterLogInfo(): info: [non-CDPL log entry] PWDP: set pilot doing!
1742918960.279978: 303507-7f9069228700: cdpl_server_ipc.c:1268: in _sv_ipc_thread(): debug: received RELAY message
1742918960.280007: 303507-7f9069228700: cdpl_server_ipc.c:713: in _sv_on_relay(): debug: RELAY message from W1, size = 188
1742918960.280016: 303507-7f9069228700: cdpl_server_ipc.c:715: in _sv_on_relay(): debug: RELAY message from W1, content = PILOTOK|saeSession0,1,default|&/mnt/coe/workspace/ece/ece546-spr25/group8/group8_project/simulation/group8,sram_6t_tb,schematic/history_1/simulation/default/PrimeSimHSPICE/nominal/results
1742918960.280136: 303507-7f90567fc700: cdpl_compat_master.c:5948: in cdplMasterLogInfo(): info: [non-CDPL log entry] PWDP: set pilot done!
1742918960.280674: 303507-7f9069228700: cdpl_server_ipc.c:1268: in _sv_ipc_thread(): debug: received RELAY message
1742918960.280703: 303507-7f9069228700: cdpl_server_ipc.c:713: in _sv_on_relay(): debug: RELAY message from W1, size = 18
1742918960.280711: 303507-7f9069228700: cdpl_server_ipc.c:715: in _sv_on_relay(): debug: RELAY message from W1, content = 0$- - - MEASDOING
1742918966.004848: 303507-7f9069228700: cdpl_server_ipc.c:1268: in _sv_ipc_thread(): debug: received RELAY message
1742918966.008177: 303507-7f9069228700: cdpl_server_ipc.c:713: in _sv_on_relay(): debug: RELAY message from W1, size = 70
1742918966.008198: 303507-7f9069228700: cdpl_server_ipc.c:715: in _sv_on_relay(): debug: RELAY message from W1, content = 0$304135 grendel43.ece.ncsu.edu 304149 FINISHED 1742918936|1742918965
1742918966.030946: 303507-7f9069228700: cdpl_server_ipc.c:1268: in _sv_ipc_thread(): debug: received RELAY message
1742918966.030981: 303507-7f9069228700: cdpl_server_ipc.c:713: in _sv_on_relay(): debug: RELAY message from W1, size = 190
1742918966.030990: 303507-7f9069228700: cdpl_server_ipc.c:715: in _sv_on_relay(): debug: RELAY message from W1, content = PILOTDONE|saeSession0,1,default|&/mnt/coe/workspace/ece/ece546-spr25/group8/group8_project/simulation/group8,sram_6t_tb,schematic/history_1/simulation/default/PrimeSimHSPICE/nominal/results
1742918966.031147: 303507-7f90567fc700: cdpl_compat_master.c:5948: in cdplMasterLogInfo(): info: [non-CDPL log entry] saeSession0,1,default|&/mnt/coe/workspace/ece/ece546-spr25/group8/group8_project/simulation/group8,sram_6t_tb,schematic/history_1/simulation/default/PrimeSimHSPICE/nominal/results PILOTDONE!
1742918966.066458: 303507-7f9069228700: cdpl_server_ipc.c:1251: in _sv_ipc_thread(): debug: received FINISH message
1742918966.066492: 303507-7f9069228700: cdpl_server_ipc.c:983: in _sv_on_finish(): info: worker W1 completed task T0
1742918966.066501: 303507-7f9069228700: cdpl_server_ipc.c:988: in _sv_on_finish(): debug: stat T0: utime=9491 stime=4126
1742918966.066508: 303507-7f9069228700: cdpl_server_ipc.c:993: in _sv_on_finish(): debug: statm T0: vsize=2866436 rss=1066860 shared=520568 text=474784 data=731808
1742918966.119338: 303507-7f9069228700: cdpl_server_ipc.c:1268: in _sv_ipc_thread(): debug: received RELAY message
1742918966.119374: 303507-7f9069228700: cdpl_server_ipc.c:713: in _sv_on_relay(): debug: RELAY message from W1, size = 47
1742918966.119382: 303507-7f9069228700: cdpl_server_ipc.c:715: in _sv_on_relay(): debug: RELAY message from W1, content = WORKERDU|108,dc2isi00nfs.oit.ncsu.edu:/coe_nfs
1742918972.623323: 303507-7f9094664540: cdpl_server.c:3008: in cdpl_sv_halt_job_errno(): info: killing job J1
1742918972.626501: 303507-7f9094664540: cdpl_server.c:3044: in cdpl_sv_halt_job_errno(): debug: signal bin B1 scheduler to stop
1742918972.626590: 303507-7f9054ff9700: cdpl_server_sched.c:2484: in _sv_scheduler_thread(): debug: scheduler for bin B1 stopped
1742918972.626657: 303507-7f9054ff9700: cdpl_ipc.c:1657: in _host_drop__UNSAFE(): debug: dropping host `152.14.98.58:42446'
1742918972.626803: 303507-7f9054ff9700: cdpl_server_sched.c:2830: in _sv_drop_worker(): info: down to 0 alive workers in B1
1742918972.626823: 303507-7f9054ff9700: cdpl_farm.c:4152: in cdpl_farm_dismiss(): debug: down to 0 running processes
1742918972.626850: 303507-7f9054ff9700: cdpl_server_sched.c:121: in _free_worker_2(): debug: freeing worker W1
1742918972.626889: 303507-7f9054ff9700: cdpl_ipc.c:2513: in cdpl_ipc_host_release(): debug: releasing host `152.14.98.58:42446'
1742918972.626943: 303507-7f9094664540: cdpl_server.c:294: in _sv_free_job(): info: freeing job J1
1742918972.626961: 303507-7f9094664540: cdpl_server.c:92: in _sv_free_bin(): debug: freeing bin B1
1742918972.626975: 303507-7f9069228700: cdpl_server_ipc.c:1236: in _sv_ipc_thread(): debug: received DROP notification
1742918972.627023: 303507-7f9094664540: cdpl_server.c:184: in _sv_free_task(): debug: freeing task T0
1742918972.627159: 303507-7f9094664540: cdpl_monitor.c:515: in cdpl_mn_kill(): info: killing monitor
1742918972.627220: 303507-7f9094664540: cdpl_ipc.c:3677: in cdpl_ipc_kill(): debug: stopping event server
1742918972.627372: 303507-7f9057fff700: cdpl_ipc.c:2460: in _epoll_main(): debug: server going down...
1742918972.627443: 303507-7f9069a29700: cdpl_ipc.c:775: in _readv(): warning: read(): EOF
1742918972.627572: 303507-7f9069a29700: cdpl_ipc.c:2100: in _epoll_recv(): debug: _readv(): Broken pipe
1742918972.627584: 303507-7f9069a29700: cdpl_ipc.c:2424: in _epoll_main(): debug: _epoll_recv(): Broken pipe
1742918972.627597: 303507-7f9069a29700: cdpl_ipc.c:1657: in _host_drop__UNSAFE(): debug: dropping host `152.14.98.58:58414'
1742918972.627740: 303507-7f9069a29700: cdpl_ipc.c:1582: in _host_free__UNSAFE(): debug: freeing host `152.14.98.58:42446'
1742918972.627748: 303507-7f9069228700: cdpl_server_ipc.c:1236: in _sv_ipc_thread(): debug: received DROP notification
1742918972.627793: 303507-7f9069a29700: cdpl_ipc.c:1621: in _host_free__UNSAFE(): debug: [0 outq, 0 spR, 0 spW]
1742918972.627825: 303507-7f9069228700: cdpl_monitor.c:1269: in cdpl_mn_drop(): debug: detaching from monitor `152.14.98.58:58414'
1742918972.627839: 303507-7f9069228700: cdpl_monitor.c:1101: in mn_systat_stop(): debug: joining systat thread
1742918972.628020: 303507-7f9056ffd700: cdpl_monitor.c:1079: in mn_systat(): debug: exiting
1742918972.628141: 303507-7f9069228700: cdpl_monitor.c:1103: in mn_systat_stop(): debug: systat thread done
1742918972.628189: 303507-7f9069228700: cdpl_ipc.c:2513: in cdpl_ipc_host_release(): debug: releasing host `152.14.98.58:58414'
1742918972.628204: 303507-7f9068a27700: cdpl_ipc.c:3728: in cdpl_ipc_free(): debug: releasing IPC handle
1742918972.628236: 303507-7f9068a27700: cdpl_ipc.c:1582: in _host_free__UNSAFE(): debug: freeing host `152.14.98.58:43397'
1742918972.628245: 303507-7f9068a27700: cdpl_ipc.c:1621: in _host_free__UNSAFE(): debug: [0 outq, 0 spR, 0 spW]
1742918972.628287: 303507-7f9068a27700: cdpl_ipc.c:1582: in _host_free__UNSAFE(): debug: freeing host `152.14.98.58:41059'
1742918972.628292: 303507-7f9068a27700: cdpl_ipc.c:1621: in _host_free__UNSAFE(): debug: [0 outq, 0 spR, 0 spW]
1742918972.628309: 303507-7f9068a27700: cdpl_ipc.c:3756: in cdpl_ipc_free(): warning: 2 host(s) were not released
1742918972.628345: 303507-7f9068a27700: cdpl_ipc.c:3767: in cdpl_ipc_free(): debug: done
1742918972.628351: 303507-7f9068a27700: cdpl_monitor.c:1390: in cdpl_mn_free(): debug: freeing monitor client
1742918972.628690: 303507-7f9094664540: cdpl_farm.c:2740: in cdpl_farm_free(): info: freeing farm
1742918972.628740: 303507-7f9037fff700: cdpl_farm.c:2231: in _schedule(): debug: end of idling
1742918972.628748: 303507-7f9037fff700: cdpl_farm.c:2235: in _schedule(): debug: dying
1742918972.629059: 303507-7f9094664540: cdpl_farm.c:913: in _killall(): debug: killing all remaining commands
1742918972.629102: 303507-7f9094664540: cdpl_server.c:3144: in cdpl_sv_free(): info: freeing server S727533943
1742918972.629146: 303507-7f9094664540: cdpl_server.c:3109: in cdpl_sv_kill_errno(): info: killing server
1742918972.629152: 303507-7f9094664540: cdpl_ipc.c:3677: in cdpl_ipc_kill(): debug: stopping event server
1742918972.629185: 303507-7f9069a29700: cdpl_ipc.c:2460: in _epoll_main(): debug: server going down...
1742918972.629303: 303507-7f9069228700: cdpl_server_ipc.c:1200: in _sv_ipc_thread(): debug: leaving now
1742918972.629354: 303507-7f9094664540: cdpl_server.c:334: in _sv_free_master(): info: freeing master M1
1742918972.629378: 303507-7f9094664540: cdpl_hash.c:68: in cdpl_h_destroy(): debug: put operations: 1
1742918972.629383: 303507-7f9094664540: cdpl_hash.c:69: in cdpl_h_destroy(): debug: put collisions: 0
1742918972.629388: 303507-7f9094664540: cdpl_hash.c:70: in cdpl_h_destroy(): debug: get operations: 1
1742918972.629393: 303507-7f9094664540: cdpl_hash.c:71: in cdpl_h_destroy(): debug: get iterations: 1
1742918972.629411: 303507-7f9094664540: cdpl_monitor.c:1390: in cdpl_mn_free(): debug: freeing monitor server
1742918972.629418: 303507-7f9094664540: cdpl_ipc.c:3728: in cdpl_ipc_free(): debug: releasing IPC handle
1742918972.629424: 303507-7f9094664540: cdpl_ipc.c:1582: in _host_free__UNSAFE(): debug: freeing host `152.14.98.58:58414'
1742918972.629430: 303507-7f9094664540: cdpl_ipc.c:1621: in _host_free__UNSAFE(): debug: [0 outq, 0 spR, 0 spW]
1742918972.629482: 303507-7f9094664540: cdpl_ipc.c:3767: in cdpl_ipc_free(): debug: done
1742918972.629500: 303507-7f9094664540: cdpl_log.c:481: in cdpl_log_close(): info: @@end_of_log@@
