1744245276.857737: 1060294-7fab09020540: cdpl_log.c:337: in cdpl_log_open(): info: @@start_of_log@@
1744245276.857764: 1060294-7fab09020540: cdpl_log.c:1058: in cdpl_log_dump_sysinfo(): info: time: 2025/04/09 20:34:36 EDT -0400
1744245276.857770: 1060294-7fab09020540: cdpl_log.c:1060: in cdpl_log_dump_sysinfo(): info: version: W-2024.09-SP1-2 
1744245276.857773: 1060294-7fab09020540: cdpl_log.c:1062: in cdpl_log_dump_sysinfo(): info: system: Linux 4.18.0-553.46.1.el8_10.x86_64 #1 SMP Sat Mar 15 01:37:33 EDT 2025
1744245276.857777: 1060294-7fab09020540: cdpl_log.c:1067: in cdpl_log_dump_sysinfo(): info: processor: x86_64 64-bits
1744245276.857780: 1060294-7fab09020540: cdpl_log.c:1071: in cdpl_log_dump_sysinfo(): info: hostname: hydra11.ece.ncsu.edu
1744245276.857783: 1060294-7fab09020540: cdpl_log.c:1073: in cdpl_log_dump_sysinfo(): info: program name: custom_shell
1744245276.857788: 1060294-7fab09020540: cdpl_log.c:340: in cdpl_log_open(): debug: path: /mnt/coe/workspace/ece/ece546-spr25/group8/group8_project/synopsys_custom/pwdp_jobs/saeSession0_HSPICEdefault.SimulationSimulation_cdpl.1.1060294/logs/master.hydra11.ece.ncsu.edu.1060294.log
1744245276.857792: 1060294-7fab09020540: cdpl_log.c:341: in cdpl_log_open(): debug: dir: /mnt/coe/workspace/ece/ece546-spr25/group8/group8_project/synopsys_custom/pwdp_jobs/saeSession0_HSPICEdefault.SimulationSimulation_cdpl.1.1060294/logs
1744245276.857800: 1060294-7fab09020540: cdpl_server.c:536: in cdpl_sv_init(): info: new server S1064908140
1744245276.857805: 1060294-7fab09020540: cdpl_ipc.c:3475: in cdpl_ipc_init(): info: requesting IPv4 protocol
1744245276.862209: 1060294-7fab09020540: cdpl_ipc.c:837: in _selectaddrfamily(): info: selected IPv4 protocol
1744245276.862278: 1060294-7fab09020540: cdpl_ipc.c:1139: in _set_keepalive(): info: TCP keep alive interval: 300
1744245276.865204: 1060294-7fab09020540: cdpl_monitor.c:1117: in cdpl_mn_new_server(): info: creating server monitor instance
1744245276.865226: 1060294-7fab09020540: cdpl_server.c:650: in cdpl_sv_new_master(): info: new master M1
1744245276.865254: 1060294-7fab09020540: cdpl_server.c:6533: in cdpl_sv_ctl_master(): info: Setting worker heartbeat to 120 seconds
1744245276.865259: 1060294-7fab09020540: cdpl_server.c:6542: in cdpl_sv_ctl_master(): info: Setting worker heartbeat timeout to 3 heartbeats
1744245276.865266: 1060294-7fab09020540: cdpl_compat_master.c:2090: in _parse_hostfile(): info: reading hostfile `/mnt/coe/workspace/ece/ece546-spr25/group8/group8_project/synopsys_custom/pwdp_jobs/saeSession0_HSPICEdefault.SimulationSimulation_cdpl.1.1060294/host_file'
1744245276.869731: 1060294-7fab09020540: cdpl_compat_master.c:1900: in _hostfile_parser(): debug: parsing "1     |localhost|   -1  | /tmp | SH | sh"
1744245276.869747: 1060294-7fab09020540: cdpl_farm.c:2578: in cdpl_farm_new_sh(): info: creating SH farm on localhost
1744245276.869755: 1060294-7fab09020540: cdpl_compat_master.c:206: in _set_farm_env(): info: exporting CDPL_LOGDIR as `/mnt/coe/workspace/ece/ece546-spr25/group8/group8_project/synopsys_custom/pwdp_jobs/saeSession0_HSPICEdefault.SimulationSimulation_cdpl.1.1060294/logs'
1744245276.869760: 1060294-7fab09020540: cdpl_compat_master.c:212: in _set_farm_env(): info: exporting CDPL_TMPDIR as `/tmp'
1744245276.869764: 1060294-7fab09020540: cdpl_compat_master.c:219: in _set_farm_env(): info: exporting CDPL_HOME as `/mnt/apps/public/COE/synopsys_apps/hspice/W-2024.09-SP1/hspice/cdpl'
1744245276.869768: 1060294-7fab09020540: cdpl_compat_master.c:235: in _set_farm_env(): info: exporting SNPSLMD_LICENSE_FILE as `27000@ece-lic-35.ece.ncsu.edu'
1744245276.869772: 1060294-7fab09020540: cdpl_compat_master.c:259: in _set_farm_env(): info: exporting CDPL_OPTIONS as `[nowlogs]'
1744245276.869775: 1060294-7fab09020540: cdpl_compat_master.c:266: in _set_farm_env(): info: exporting DISPLAY as `unix:10410'
1744245276.869779: 1060294-7fab09020540: cdpl_compat_master.c:274: in _set_farm_env(): info: exporting CDPL_HEARTBEAT as `120'
1744245276.869787: 1060294-7fab09020540: cdpl_farm.c:3149: in cdpl_farm_add_withdir(): debug: added `localhost' (capacity: unlimited)
1744245276.869799: 1060294-7fab09020540: cdpl_compat_parse.c:147: in parsefile(): debug: read `/mnt/coe/workspace/ece/ece546-spr25/group8/group8_project/synopsys_custom/pwdp_jobs/saeSession0_HSPICEdefault.SimulationSimulation_cdpl.1.1060294/host_file', 2 lines
1744245276.869804: 1060294-7fab09020540: cdpl_compat_master.c:2931: in cdplInitMaster(): info: bcast dir is `/mnt/coe/workspace/ece/ece546-spr25/group8/group8_project/synopsys_custom/pwdp_jobs/saeSession0_HSPICEdefault.SimulationSimulation_cdpl.1.1060294/logs'
1744245276.873277: 1060294-7fab09020540: cdpl_server.c:6433: in cdpl_sv_ctl_master(): info: farm worker timeout set to 300
1744245276.873284: 1060294-7fab09020540: cdpl_server.c:6486: in cdpl_sv_ctl_master(): info: maximum number of task execution attempts set to 1
1744245276.873292: 1060294-7fab09020540: cdpl_server.c:3195: in cdpl_sv_start(): debug: starting server
1744245276.873297: 1060294-7fab09020540: cdpl_ipc.c:3632: in cdpl_ipc_start(): debug: starting IPC server 152.14.98.7:41903
1744245276.873631: 1060294-7faada402700: cdpl_server_ipc.c:1182: in _sv_ipc_thread(): debug: ready
1744245276.873761: 1060294-7faaccff9700: cdpl_monitor.c:426: in cdpl_mn_init_client(): info: creating client monitor instance
1744245276.873782: 1060294-7faaccff9700: cdpl_ipc.c:3475: in cdpl_ipc_init(): info: requesting IPv4 protocol
1744245276.878110: 1060294-7faaccff9700: cdpl_ipc.c:837: in _selectaddrfamily(): info: selected IPv4 protocol
1744245276.878159: 1060294-7faaccff9700: cdpl_ipc.c:1139: in _set_keepalive(): info: TCP keep alive interval: 300
1744245276.881041: 1060294-7faaccff9700: cdpl_ipc.c:3632: in cdpl_ipc_start(): debug: starting IPC server 152.14.98.7:36055
1744245276.881289: 1060294-7faaccff9700: cdpl_monitor.c:471: in cdpl_mn_init_client(): debug: incoming messages in /tmp/cdpl-monitor-17fuFt
1744245276.881893: 1060294-7faaccff9700: cdpl_monitor.c:533: in cdpl_mn_connect(): debug: connecting to 152.14.98.7:41903
1744245276.881900: 1060294-7faaccff9700: cdpl_ipc.c:3789: in cdpl_ipc_connect(): info: connecting to 152.14.98.7:41903
1744245276.882101: 1060294-7faaccff9700: cdpl_ipc.c:3860: in cdpl_ipc_connect(): info: connected as `152.14.98.7:43746'
1744245276.882113: 1060294-7faaccff9700: cdpl_ipc.c:2503: in cdpl_ipc_host_accept(): debug: accepted host `152.14.98.7:41903'
1744245276.882121: 1060294-7faaccff9700: cdpl_monitor.c:579: in cdpl_mn_connect(): debug: ok
1744245276.882145: 1060294-7faad9c01700: cdpl_ipc.c:1862: in _epoll_accept(): debug: new connection from `152.14.98.7:43746'
1744245276.882174: 1060294-7fab09020540: cdpl_server.c:731: in cdpl_sv_new_job(): info: new job J1 in M1
1744245276.882198: 1060294-7fab09020540: cdpl_compat_master.c:1581: in _add_worker(): info: new worker type 10, min:1, max:3, cmd:`/mnt/coe/workspace/ece/ece546-spr25/group8/group8_project/synopsys_custom/pwdp_jobs/saeSession0_HSPICEdefault.SimulationSimulation_cdpl.1.1060294/START_WORKER pw_worker -i /mnt/coe/workspace/ece/ece546-spr25/group8/g
1744245276.882209: 1060294-7fab09020540: cdpl_server.c:908: in cdpl_sv_new_bin_withfarm(): info: new bin B1 in J1
1744245276.882216: 1060294-7faada402700: cdpl_server_ipc.c:1225: in _sv_ipc_thread(): debug: received ACCEPT notification
1744245276.882247: 1060294-7faada402700: cdpl_ipc.c:2503: in cdpl_ipc_host_accept(): debug: accepted host `152.14.98.7:43746'
1744245276.882274: 1060294-7faada402700: cdpl_server_ipc.c:1256: in _sv_ipc_thread(): debug: received MONITOR message
1744245276.883038: 1060294-7faada402700: cdpl_monitor.c:1207: in cdpl_mn_accept(): debug: accepted monitor `152.14.98.7:43746'
1744245276.883051: 1060294-7faada402700: cdpl_server_ipc_mon.c:120: in _globalLOCK(): debug: ENTERTING GLOBAL LOCK
1744245276.883056: 1060294-7faada402700: cdpl_server_ipc_mon.c:164: in _globalLOCK(): debug: global lock acquired
1744245276.883072: 1060294-7faacf7fe700: cdpl_monitor.c:910: in mn_systat(): debug: started
1744245276.883410: 1060294-7faacf7fe700: cdpl_monitor.c:937: in mn_systat(): debug: monitor server flush rate: 5
1744245276.970827: 1060294-7faada402700: cdpl_server_ipc_mon.c:210: in _globalUNLOCK(): debug: LEAVING GLOBAL LOCK
1744245277.095420: 1060294-7fab09020540: cdpl_server.c:3249: in cdpl_sv_start_job(): info: starting job J1
1744245277.095443: 1060294-7fab09020540: cdpl_server.c:62: in _sv_start_bin(): debug: starting bin B1 (min: 0, max: 3)
1744245277.095598: 1060294-7faacdffb700: cdpl_server_sched.c:2482: in _sv_scheduler_thread(): debug: scheduler for bin B1 started
1744245277.095615: 1060294-7fab09020540: cdpl_server.c:1893: in _sv_gen_task(): info: new task T0 in B1 (prio 0)
1744245277.095629: 1060294-7fab09020540: cdpl_server.c:2698: in cdpl_sv_label_task_va(): info: setting task T0 label to "HSPICE_2|HSPICE"
1744245277.095642: 1060294-7faacdffb700: cdpl_server_sched.c:2443: in _scheduler_run(): debug: will start a new worker
1744245277.095661: 1060294-7faacdffb700: cdpl_farm.c:3977: in cdpl_farm_submit(): debug: 1 running processes
1744245277.095666: 1060294-7faacdffb700: cdpl_farm.c:3985: in cdpl_farm_submit(): debug: new command C1 in bin B1 assigned to host `localhost'
1744245277.095774: 1060294-7faacdffb700: cdpl_server_sched.c:705: in _sv_launch_worker(): info: started worker W1 (as C1) in bin B1
1744245277.095797: 1060294-7faacd7fa700: cdpl_farm.c:2139: in _schedule(): debug: started
1744245277.095810: 1060294-7faacd7fa700: cdpl_farm.c:2303: in _schedule(): debug: submitting command C1 in bin B1
1744245277.095819: 1060294-7faacd7fa700: cdpl_sh.c:49: in _sh_detached_submit(): info: SH : /mnt/coe/workspace/ece/ece546-spr25/group8/group8_project/synopsys_custom/pwdp_jobs/saeSession0_HSPICEdefault.SimulationSimulation_cdpl.1.1060294/START_WORKER pw_worker -i /mnt/coe/workspace/ece/ece546-spr25/group8/group8_project/synopsys_custom/pwdp_jobs/saeSession0_HSPICEdefault.SimulationSimulation_cdpl.1.1060294 -t 10000
1744245277.104375: 1060294-7faacd7fa700: cdpl_farm.c:2343: in _schedule(): debug: C1 in bin B1 running on slot 0
1744245277.104423: 1060294-7faacd7fa700: cdpl_farm.c:2167: in _schedule(): debug: idle
1744245277.247667: 1060294-7fab09020540: cdpl_compat_master.c:5948: in cdplMasterLogInfo(): info: [non-CDPL log entry] PWDP3: reset pilot cache succeeded, pilot_key=saeSession0,1,HSPICE_default|&/mnt/coe/workspace/ece/ece546-spr25/group8/group8_project/simulation/group8,tb2025_1,schematic/history_1/simulation/HSPICE_default/HSPICE/nominal/results
1744245277.404505: 1060294-7faacd7fa700: cdpl_farm.c:1193: in _onexit(): debug: C1 in bin B1 exited normally on slot 0
1744245278.082922: 1060294-7faaceffd700: cdpl_compat_master.c:5948: in cdplMasterLogInfo(): info: [non-CDPL log entry] PWDP - no-workers started ok check start!
1744245280.487685: 1060294-7faad9c01700: cdpl_ipc.c:1862: in _epoll_accept(): debug: new connection from `152.14.98.7:43756'
1744245280.487775: 1060294-7faada402700: cdpl_server_ipc.c:1225: in _sv_ipc_thread(): debug: received ACCEPT notification
1744245280.487794: 1060294-7faada402700: cdpl_ipc.c:2503: in cdpl_ipc_host_accept(): debug: accepted host `152.14.98.7:43756'
1744245280.488039: 1060294-7faada402700: cdpl_server_ipc.c:1246: in _sv_ipc_thread(): debug: received HELLO message
1744245280.488044: 1060294-7faada402700: cdpl_server_ipc.c:430: in _sv_on_hello(): debug: looking up W1
1744245280.488048: 1060294-7faada402700: cdpl_server_ipc.c:540: in _sv_on_hello(): info: W1 is `152.14.98.7:43756'
1744245280.488052: 1060294-7faada402700: cdpl_server_ipc.c:541: in _sv_on_hello(): debug: hello W1 (B1)
1744245280.488055: 1060294-7faada402700: cdpl_server_ipc.c:542: in _sv_on_hello(): info: W1 log file is /dev/null
1744245280.488069: 1060294-7faada402700: cdpl_server_ipc.c:602: in _sv_on_hello(): info: up to 1 alive workers in B1
1744245280.488078: 1060294-7faada402700: cdpl_farm.c:878: in _release_cmd(): debug: freeing command C1 in bin B1
1744245280.488121: 1060294-7faacdffb700: cdpl_server_sched.c:960: in _assign(): info: assigning task T0 to worker W1
1744245281.488428: 1060294-7faada402700: cdpl_server_ipc.c:312: in _sv_on_heartbeat(): debug: received HEARTBEAT from worker W1 at 152.14.98.7:43756
1744245281.949924: 1060294-7faaccff9700: cdpl_monitor.c:533: in cdpl_mn_connect(): debug: connecting to 152.14.98.7:43367
1744245281.949947: 1060294-7faaccff9700: cdpl_ipc.c:3789: in cdpl_ipc_connect(): info: connecting to 152.14.98.7:43367
1744245281.950174: 1060294-7faaccff9700: cdpl_ipc.c:3860: in cdpl_ipc_connect(): info: connected as `152.14.98.7:37994'
1744245281.950199: 1060294-7faaccff9700: cdpl_ipc.c:2503: in cdpl_ipc_host_accept(): debug: accepted host `152.14.98.7:43367'
1744245281.950207: 1060294-7faaccff9700: cdpl_monitor.c:579: in cdpl_mn_connect(): debug: ok
1744245284.377778: 1060294-7faada402700: cdpl_server_ipc.c:1268: in _sv_ipc_thread(): debug: received RELAY message
1744245284.377799: 1060294-7faada402700: cdpl_server_ipc.c:713: in _sv_on_relay(): debug: RELAY message from W1, size = 58
1744245284.377805: 1060294-7faada402700: cdpl_server_ipc.c:715: in _sv_on_relay(): debug: RELAY message from W1, content = 0$1065803 hydra11.ece.ncsu.edu 1065886 RUNNING 1744245283
1744245313.482527: 1060294-7faada402700: cdpl_server_ipc.c:1268: in _sv_ipc_thread(): debug: received RELAY message
1744245313.483876: 1060294-7faada402700: cdpl_server_ipc.c:713: in _sv_on_relay(): debug: RELAY message from W1, size = 48
1744245313.483884: 1060294-7faada402700: cdpl_server_ipc.c:715: in _sv_on_relay(): debug: RELAY message from W1, content = WORKERDU|1403,dc2isi00nfs.oit.ncsu.edu:/coe_nfs
1744245319.122737: 1060294-7faada402700: cdpl_server_ipc.c:1268: in _sv_ipc_thread(): debug: received RELAY message
1744245319.124200: 1060294-7faada402700: cdpl_server_ipc.c:713: in _sv_on_relay(): debug: RELAY message from W1, size = 47
1744245319.124209: 1060294-7faada402700: cdpl_server_ipc.c:715: in _sv_on_relay(): debug: RELAY message from W1, content = WORKERDU|200,dc2isi00nfs.oit.ncsu.edu:/coe_nfs
1744245331.212411: 1060294-7faada402700: cdpl_server_ipc.c:1268: in _sv_ipc_thread(): debug: received RELAY message
1744245331.213845: 1060294-7faada402700: cdpl_server_ipc.c:713: in _sv_on_relay(): debug: RELAY message from W1, size = 46
1744245331.213857: 1060294-7faada402700: cdpl_server_ipc.c:715: in _sv_on_relay(): debug: RELAY message from W1, content = WORKERDU|72,dc2isi00nfs.oit.ncsu.edu:/coe_nfs
1744245337.404715: 1060294-7faacd7fa700: cdpl_farm.c:2173: in _schedule(): debug: idle
1744245343.203719: 1060294-7faada402700: cdpl_server_ipc.c:1268: in _sv_ipc_thread(): debug: received RELAY message
1744245343.205084: 1060294-7faada402700: cdpl_server_ipc.c:713: in _sv_on_relay(): debug: RELAY message from W1, size = 46
1744245343.205093: 1060294-7faada402700: cdpl_server_ipc.c:715: in _sv_on_relay(): debug: RELAY message from W1, content = WORKERDU|64,dc2isi00nfs.oit.ncsu.edu:/coe_nfs
1744245355.160386: 1060294-7faada402700: cdpl_server_ipc.c:1268: in _sv_ipc_thread(): debug: received RELAY message
1744245355.161731: 1060294-7faada402700: cdpl_server_ipc.c:713: in _sv_on_relay(): debug: RELAY message from W1, size = 46
1744245355.161740: 1060294-7faada402700: cdpl_server_ipc.c:715: in _sv_on_relay(): debug: RELAY message from W1, content = WORKERDU|80,dc2isi00nfs.oit.ncsu.edu:/coe_nfs
1744245367.166019: 1060294-7faada402700: cdpl_server_ipc.c:1268: in _sv_ipc_thread(): debug: received RELAY message
1744245367.167394: 1060294-7faada402700: cdpl_server_ipc.c:713: in _sv_on_relay(): debug: RELAY message from W1, size = 46
1744245367.167406: 1060294-7faada402700: cdpl_server_ipc.c:715: in _sv_on_relay(): debug: RELAY message from W1, content = WORKERDU|64,dc2isi00nfs.oit.ncsu.edu:/coe_nfs
1744245379.117493: 1060294-7faada402700: cdpl_server_ipc.c:1268: in _sv_ipc_thread(): debug: received RELAY message
1744245379.118872: 1060294-7faada402700: cdpl_server_ipc.c:713: in _sv_on_relay(): debug: RELAY message from W1, size = 46
1744245379.118881: 1060294-7faada402700: cdpl_server_ipc.c:715: in _sv_on_relay(): debug: RELAY message from W1, content = WORKERDU|72,dc2isi00nfs.oit.ncsu.edu:/coe_nfs
1744245397.117421: 1060294-7faada402700: cdpl_server_ipc.c:1268: in _sv_ipc_thread(): debug: received RELAY message
1744245397.118771: 1060294-7faada402700: cdpl_server_ipc.c:713: in _sv_on_relay(): debug: RELAY message from W1, size = 46
1744245397.118785: 1060294-7faada402700: cdpl_server_ipc.c:715: in _sv_on_relay(): debug: RELAY message from W1, content = WORKERDU|72,dc2isi00nfs.oit.ncsu.edu:/coe_nfs
1744245397.406288: 1060294-7faacd7fa700: cdpl_farm.c:2173: in _schedule(): debug: idle
1744245398.017297: 1060294-7faacffff700: cdpl_compat_master.c:5948: in cdplMasterLogInfo(): info: [non-CDPL log entry] PWDP: message receiver is alive.
1744245401.488544: 1060294-7faada402700: cdpl_server_ipc.c:312: in _sv_on_heartbeat(): debug: received HEARTBEAT from worker W1 at 152.14.98.7:43756
1744245403.160307: 1060294-7faada402700: cdpl_server_ipc.c:1268: in _sv_ipc_thread(): debug: received RELAY message
1744245403.160324: 1060294-7faada402700: cdpl_server_ipc.c:713: in _sv_on_relay(): debug: RELAY message from W1, size = 46
1744245403.160329: 1060294-7faada402700: cdpl_server_ipc.c:715: in _sv_on_relay(): debug: RELAY message from W1, content = WORKERDU|72,dc2isi00nfs.oit.ncsu.edu:/coe_nfs
1744245410.005132: 1060294-7faaceffd700: cdpl_compat_master.c:5948: in cdplMasterLogInfo(): info: [non-CDPL log entry] PWDP: master status watchdog is alive.
1744245414.013674: 1060294-7faada402700: cdpl_server_ipc.c:1268: in _sv_ipc_thread(): debug: received RELAY message
1744245414.015010: 1060294-7faada402700: cdpl_server_ipc.c:713: in _sv_on_relay(): debug: RELAY message from W1, size = 196
1744245414.015018: 1060294-7faada402700: cdpl_server_ipc.c:715: in _sv_on_relay(): debug: RELAY message from W1, content = REQPILOT|saeSession0,1,HSPICE_default|&/mnt/coe/workspace/ece/ece546-spr25/group8/group8_project/simulation/group8,tb2025_1,schematic/history_1/simulation/HSPICE_default/HSPICE/nominal/results|&0
1744245414.015069: 1060294-7faacffff700: cdpl_compat_master.c:5948: in cdplMasterLogInfo(): info: [non-CDPL log entry] PWDP send back 'DOPILOT' to worker id:1 key: saeSession0,1,HSPICE_default|&/mnt/coe/workspace/ece/ece546-spr25/group8/group8_project/simulation/group8,tb2025_1,schematic/history_1/simulation/HSPICE_default/HSPICE/nominal/results
1744245414.023317: 1060294-7faacffff700: cdpl_compat_master.c:5948: in cdplMasterLogInfo(): info: [non-CDPL log entry] PWDP: set pilot doing!
1744245414.037613: 1060294-7faada402700: cdpl_server_ipc.c:1268: in _sv_ipc_thread(): debug: received RELAY message
1744245414.037630: 1060294-7faada402700: cdpl_server_ipc.c:713: in _sv_on_relay(): debug: RELAY message from W1, size = 192
1744245414.037636: 1060294-7faada402700: cdpl_server_ipc.c:715: in _sv_on_relay(): debug: RELAY message from W1, content = PILOTOK|saeSession0,1,HSPICE_default|&/mnt/coe/workspace/ece/ece546-spr25/group8/group8_project/simulation/group8,tb2025_1,schematic/history_1/simulation/HSPICE_default/HSPICE/nominal/results
1744245414.037692: 1060294-7faacffff700: cdpl_compat_master.c:5948: in cdplMasterLogInfo(): info: [non-CDPL log entry] PWDP: set pilot done!
1744245414.037861: 1060294-7faada402700: cdpl_server_ipc.c:1268: in _sv_ipc_thread(): debug: received RELAY message
1744245414.037869: 1060294-7faada402700: cdpl_server_ipc.c:713: in _sv_on_relay(): debug: RELAY message from W1, size = 18
1744245414.037875: 1060294-7faada402700: cdpl_server_ipc.c:715: in _sv_on_relay(): debug: RELAY message from W1, content = 0$- - - MEASDOING
1744245418.110091: 1060294-7faada402700: cdpl_server_ipc.c:1268: in _sv_ipc_thread(): debug: received RELAY message
1744245418.111476: 1060294-7faada402700: cdpl_server_ipc.c:713: in _sv_on_relay(): debug: RELAY message from W1, size = 70
1744245418.111488: 1060294-7faada402700: cdpl_server_ipc.c:715: in _sv_on_relay(): debug: RELAY message from W1, content = 0$1065803 hydra11.ece.ncsu.edu 1065886 FINISHED 1744245283|1744245418
1744245418.123111: 1060294-7faada402700: cdpl_server_ipc.c:1268: in _sv_ipc_thread(): debug: received RELAY message
1744245418.123124: 1060294-7faada402700: cdpl_server_ipc.c:713: in _sv_on_relay(): debug: RELAY message from W1, size = 194
1744245418.123129: 1060294-7faada402700: cdpl_server_ipc.c:715: in _sv_on_relay(): debug: RELAY message from W1, content = PILOTDONE|saeSession0,1,HSPICE_default|&/mnt/coe/workspace/ece/ece546-spr25/group8/group8_project/simulation/group8,tb2025_1,schematic/history_1/simulation/HSPICE_default/HSPICE/nominal/results
1744245418.123159: 1060294-7faacffff700: cdpl_compat_master.c:5948: in cdplMasterLogInfo(): info: [non-CDPL log entry] saeSession0,1,HSPICE_default|&/mnt/coe/workspace/ece/ece546-spr25/group8/group8_project/simulation/group8,tb2025_1,schematic/history_1/simulation/HSPICE_default/HSPICE/nominal/results PILOTDONE!
1744245418.138390: 1060294-7faada402700: cdpl_server_ipc.c:1251: in _sv_ipc_thread(): debug: received FINISH message
1744245418.138403: 1060294-7faada402700: cdpl_server_ipc.c:983: in _sv_on_finish(): info: worker W1 completed task T0
1744245418.138407: 1060294-7faada402700: cdpl_server_ipc.c:988: in _sv_on_finish(): debug: stat T0: utime=141751 stime=3700
1744245418.138411: 1060294-7faada402700: cdpl_server_ipc.c:993: in _sv_on_finish(): debug: statm T0: vsize=2869152 rss=1064752 shared=519928 text=474784 data=734408
1744245418.167144: 1060294-7faada402700: cdpl_server_ipc.c:1268: in _sv_ipc_thread(): debug: received RELAY message
1744245418.167158: 1060294-7faada402700: cdpl_server_ipc.c:713: in _sv_on_relay(): debug: RELAY message from W1, size = 47
1744245418.167163: 1060294-7faada402700: cdpl_server_ipc.c:715: in _sv_on_relay(): debug: RELAY message from W1, content = WORKERDU|213,dc2isi00nfs.oit.ncsu.edu:/coe_nfs
1744245423.808548: 1060294-7fab09020540: cdpl_server.c:3008: in cdpl_sv_halt_job_errno(): info: killing job J1
1744245423.810088: 1060294-7fab09020540: cdpl_server.c:3044: in cdpl_sv_halt_job_errno(): debug: signal bin B1 scheduler to stop
1744245423.810117: 1060294-7faacdffb700: cdpl_server_sched.c:2484: in _sv_scheduler_thread(): debug: scheduler for bin B1 stopped
1744245423.810139: 1060294-7faacdffb700: cdpl_ipc.c:1657: in _host_drop__UNSAFE(): debug: dropping host `152.14.98.7:43756'
1744245423.810198: 1060294-7faacdffb700: cdpl_server_sched.c:2830: in _sv_drop_worker(): info: down to 0 alive workers in B1
1744245423.810205: 1060294-7faada402700: cdpl_server_ipc.c:1236: in _sv_ipc_thread(): debug: received DROP notification
1744245423.810225: 1060294-7faacdffb700: cdpl_farm.c:4152: in cdpl_farm_dismiss(): debug: down to 0 running processes
1744245423.810254: 1060294-7faacdffb700: cdpl_server_sched.c:121: in _free_worker_2(): debug: freeing worker W1
1744245423.810259: 1060294-7faacdffb700: cdpl_ipc.c:2513: in cdpl_ipc_host_release(): debug: releasing host `152.14.98.7:43756'
1744245423.810274: 1060294-7fab09020540: cdpl_server.c:294: in _sv_free_job(): info: freeing job J1
1744245423.810280: 1060294-7fab09020540: cdpl_server.c:92: in _sv_free_bin(): debug: freeing bin B1
1744245423.810286: 1060294-7fab09020540: cdpl_server.c:184: in _sv_free_task(): debug: freeing task T0
1744245423.810306: 1060294-7fab09020540: cdpl_monitor.c:515: in cdpl_mn_kill(): info: killing monitor
1744245423.810317: 1060294-7fab09020540: cdpl_ipc.c:3677: in cdpl_ipc_kill(): debug: stopping event server
1744245423.810338: 1060294-7faad9400700: cdpl_ipc.c:2460: in _epoll_main(): debug: server going down...
1744245423.810387: 1060294-7faad9c01700: cdpl_ipc.c:775: in _readv(): warning: read(): EOF
1744245423.810416: 1060294-7faad9c01700: cdpl_ipc.c:2100: in _epoll_recv(): debug: _readv(): Broken pipe
1744245423.810422: 1060294-7faad9c01700: cdpl_ipc.c:2424: in _epoll_main(): debug: _epoll_recv(): Broken pipe
1744245423.810430: 1060294-7faad9c01700: cdpl_ipc.c:1657: in _host_drop__UNSAFE(): debug: dropping host `152.14.98.7:43746'
1744245423.810503: 1060294-7faad9c01700: cdpl_ipc.c:1582: in _host_free__UNSAFE(): debug: freeing host `152.14.98.7:43756'
1744245423.810510: 1060294-7faad9c01700: cdpl_ipc.c:1621: in _host_free__UNSAFE(): debug: [0 outq, 0 spR, 0 spW]
1744245423.810520: 1060294-7faada402700: cdpl_server_ipc.c:1236: in _sv_ipc_thread(): debug: received DROP notification
1744245423.810528: 1060294-7faada402700: cdpl_monitor.c:1269: in cdpl_mn_drop(): debug: detaching from monitor `152.14.98.7:43746'
1744245423.810545: 1060294-7faada402700: cdpl_monitor.c:1101: in mn_systat_stop(): debug: joining systat thread
1744245423.810563: 1060294-7faacf7fe700: cdpl_monitor.c:1079: in mn_systat(): debug: exiting
1744245423.810578: 1060294-7faada402700: cdpl_monitor.c:1103: in mn_systat_stop(): debug: systat thread done
1744245423.810584: 1060294-7faada402700: cdpl_ipc.c:2513: in cdpl_ipc_host_release(): debug: releasing host `152.14.98.7:43746'
1744245423.810782: 1060294-7faaccff9700: cdpl_ipc.c:3728: in cdpl_ipc_free(): debug: releasing IPC handle
1744245423.810791: 1060294-7faaccff9700: cdpl_ipc.c:1582: in _host_free__UNSAFE(): debug: freeing host `152.14.98.7:43367'
1744245423.810795: 1060294-7faaccff9700: cdpl_ipc.c:1621: in _host_free__UNSAFE(): debug: [0 outq, 0 spR, 0 spW]
1744245423.810817: 1060294-7faaccff9700: cdpl_ipc.c:1582: in _host_free__UNSAFE(): debug: freeing host `152.14.98.7:41903'
1744245423.810821: 1060294-7faaccff9700: cdpl_ipc.c:1621: in _host_free__UNSAFE(): debug: [0 outq, 0 spR, 0 spW]
1744245423.810833: 1060294-7faaccff9700: cdpl_ipc.c:3756: in cdpl_ipc_free(): warning: 2 host(s) were not released
1744245423.810847: 1060294-7faaccff9700: cdpl_ipc.c:3767: in cdpl_ipc_free(): debug: done
1744245423.810850: 1060294-7faaccff9700: cdpl_monitor.c:1390: in cdpl_mn_free(): debug: freeing monitor client
1744245423.810957: 1060294-7fab09020540: cdpl_farm.c:2740: in cdpl_farm_free(): info: freeing farm
1744245423.810996: 1060294-7faacd7fa700: cdpl_farm.c:2231: in _schedule(): debug: end of idling
1744245423.811009: 1060294-7faacd7fa700: cdpl_farm.c:2235: in _schedule(): debug: dying
1744245423.811097: 1060294-7fab09020540: cdpl_farm.c:913: in _killall(): debug: killing all remaining commands
1744245423.811109: 1060294-7fab09020540: cdpl_server.c:3144: in cdpl_sv_free(): info: freeing server S1064908140
1744245423.811114: 1060294-7fab09020540: cdpl_server.c:3109: in cdpl_sv_kill_errno(): info: killing server
1744245423.811117: 1060294-7fab09020540: cdpl_ipc.c:3677: in cdpl_ipc_kill(): debug: stopping event server
1744245423.811136: 1060294-7faada402700: cdpl_server_ipc.c:1200: in _sv_ipc_thread(): debug: leaving now
1744245423.811150: 1060294-7fab09020540: cdpl_server.c:334: in _sv_free_master(): info: freeing master M1
1744245423.811157: 1060294-7fab09020540: cdpl_hash.c:68: in cdpl_h_destroy(): debug: put operations: 1
1744245423.811162: 1060294-7fab09020540: cdpl_hash.c:69: in cdpl_h_destroy(): debug: put collisions: 0
1744245423.811166: 1060294-7fab09020540: cdpl_hash.c:70: in cdpl_h_destroy(): debug: get operations: 1
1744245423.811171: 1060294-7fab09020540: cdpl_hash.c:71: in cdpl_h_destroy(): debug: get iterations: 1
1744245423.811177: 1060294-7faad9c01700: cdpl_ipc.c:2460: in _epoll_main(): debug: server going down...
1744245423.811188: 1060294-7fab09020540: cdpl_monitor.c:1390: in cdpl_mn_free(): debug: freeing monitor server
1744245423.811194: 1060294-7fab09020540: cdpl_ipc.c:3728: in cdpl_ipc_free(): debug: releasing IPC handle
1744245423.811197: 1060294-7fab09020540: cdpl_ipc.c:1582: in _host_free__UNSAFE(): debug: freeing host `152.14.98.7:43746'
1744245423.811201: 1060294-7fab09020540: cdpl_ipc.c:1621: in _host_free__UNSAFE(): debug: [0 outq, 0 spR, 0 spW]
1744245423.811244: 1060294-7fab09020540: cdpl_ipc.c:3767: in cdpl_ipc_free(): debug: done
1744245423.811253: 1060294-7fab09020540: cdpl_log.c:481: in cdpl_log_close(): info: @@end_of_log@@
