1743978512.805497: 102248-7f34ccc85540: cdpl_log.c:337: in cdpl_log_open(): info: @@start_of_log@@
1743978512.805512: 102248-7f34ccc85540: cdpl_log.c:1058: in cdpl_log_dump_sysinfo(): info: time: 2025/04/06 18:28:32 EDT -0400
1743978512.805514: 102248-7f34ccc85540: cdpl_log.c:1060: in cdpl_log_dump_sysinfo(): info: version: W-2024.09-SP1-2 
1743978512.805515: 102248-7f34ccc85540: cdpl_log.c:1062: in cdpl_log_dump_sysinfo(): info: system: Linux 4.18.0-553.47.1.el8_10.x86_64 #1 SMP Thu Mar 20 10:01:53 EDT 2025
1743978512.805516: 102248-7f34ccc85540: cdpl_log.c:1067: in cdpl_log_dump_sysinfo(): info: processor: x86_64 64-bits
1743978512.805516: 102248-7f34ccc85540: cdpl_log.c:1071: in cdpl_log_dump_sysinfo(): info: hostname: lib-41922.eos.ncsu.edu
1743978512.805517: 102248-7f34ccc85540: cdpl_log.c:1073: in cdpl_log_dump_sysinfo(): info: program name: custom_shell
1743978512.805519: 102248-7f34ccc85540: cdpl_log.c:340: in cdpl_log_open(): debug: path: /mnt/coe/workspace/ece/ece546-spr25/group8/group8_project/synopsys_custom/pwdp_jobs/saeSession6_default.SimulationSimulation_cdpl.1.102248/logs/master.lib-41922.eos.ncsu.edu.102248.log
1743978512.805520: 102248-7f34ccc85540: cdpl_log.c:341: in cdpl_log_open(): debug: dir: /mnt/coe/workspace/ece/ece546-spr25/group8/group8_project/synopsys_custom/pwdp_jobs/saeSession6_default.SimulationSimulation_cdpl.1.102248/logs
1743978512.805523: 102248-7f34ccc85540: cdpl_server.c:536: in cdpl_sv_init(): info: new server S1258501668
1743978512.805526: 102248-7f34ccc85540: cdpl_ipc.c:3475: in cdpl_ipc_init(): info: requesting IPv4 protocol
1743978512.809443: 102248-7f34ccc85540: cdpl_ipc.c:837: in _selectaddrfamily(): info: selected IPv4 protocol
1743978512.809467: 102248-7f34ccc85540: cdpl_ipc.c:1139: in _set_keepalive(): info: TCP keep alive interval: 300
1743978512.814059: 102248-7f34ccc85540: cdpl_monitor.c:1117: in cdpl_mn_new_server(): info: creating server monitor instance
1743978512.814065: 102248-7f34ccc85540: cdpl_server.c:650: in cdpl_sv_new_master(): info: new master M1
1743978512.814069: 102248-7f34ccc85540: cdpl_server.c:6533: in cdpl_sv_ctl_master(): info: Setting worker heartbeat to 120 seconds
1743978512.814070: 102248-7f34ccc85540: cdpl_server.c:6542: in cdpl_sv_ctl_master(): info: Setting worker heartbeat timeout to 3 heartbeats
1743978512.814071: 102248-7f34ccc85540: cdpl_compat_master.c:2090: in _parse_hostfile(): info: reading hostfile `/mnt/coe/workspace/ece/ece546-spr25/group8/group8_project/synopsys_custom/pwdp_jobs/saeSession6_default.SimulationSimulation_cdpl.1.102248/host_file'
1743978512.824098: 102248-7f34ccc85540: cdpl_compat_master.c:1900: in _hostfile_parser(): debug: parsing "1     |localhost|   -1  | /tmp | SH | sh"
1743978512.824110: 102248-7f34ccc85540: cdpl_farm.c:2578: in cdpl_farm_new_sh(): info: creating SH farm on localhost
1743978512.824115: 102248-7f34ccc85540: cdpl_compat_master.c:206: in _set_farm_env(): info: exporting CDPL_LOGDIR as `/mnt/coe/workspace/ece/ece546-spr25/group8/group8_project/synopsys_custom/pwdp_jobs/saeSession6_default.SimulationSimulation_cdpl.1.102248/logs'
1743978512.824116: 102248-7f34ccc85540: cdpl_compat_master.c:212: in _set_farm_env(): info: exporting CDPL_TMPDIR as `/tmp'
1743978512.824119: 102248-7f34ccc85540: cdpl_compat_master.c:219: in _set_farm_env(): info: exporting CDPL_HOME as `/mnt/apps/public/COE/synopsys_apps/hspice/W-2024.09-SP1/hspice/cdpl'
1743978512.824121: 102248-7f34ccc85540: cdpl_compat_master.c:235: in _set_farm_env(): info: exporting SNPSLMD_LICENSE_FILE as `27000@ece-lic-35.ece.ncsu.edu'
1743978512.824122: 102248-7f34ccc85540: cdpl_compat_master.c:259: in _set_farm_env(): info: exporting CDPL_OPTIONS as `[nowlogs]'
1743978512.824123: 102248-7f34ccc85540: cdpl_compat_master.c:266: in _set_farm_env(): info: exporting DISPLAY as `unix:10971'
1743978512.824125: 102248-7f34ccc85540: cdpl_compat_master.c:274: in _set_farm_env(): info: exporting CDPL_HEARTBEAT as `120'
1743978512.824129: 102248-7f34ccc85540: cdpl_farm.c:3149: in cdpl_farm_add_withdir(): debug: added `localhost' (capacity: unlimited)
1743978512.824130: 102248-7f34ccc85540: cdpl_compat_parse.c:147: in parsefile(): debug: read `/mnt/coe/workspace/ece/ece546-spr25/group8/group8_project/synopsys_custom/pwdp_jobs/saeSession6_default.SimulationSimulation_cdpl.1.102248/host_file', 2 lines
1743978512.824137: 102248-7f34ccc85540: cdpl_compat_master.c:2931: in cdplInitMaster(): info: bcast dir is `/mnt/coe/workspace/ece/ece546-spr25/group8/group8_project/synopsys_custom/pwdp_jobs/saeSession6_default.SimulationSimulation_cdpl.1.102248/logs'
1743978512.833402: 102248-7f34ccc85540: cdpl_server.c:6433: in cdpl_sv_ctl_master(): info: farm worker timeout set to 300
1743978512.833406: 102248-7f34ccc85540: cdpl_server.c:6486: in cdpl_sv_ctl_master(): info: maximum number of task execution attempts set to 1
1743978512.833411: 102248-7f34ccc85540: cdpl_server.c:3195: in cdpl_sv_start(): debug: starting server
1743978512.833413: 102248-7f34ccc85540: cdpl_ipc.c:3632: in cdpl_ipc_start(): debug: starting IPC server 152.14.142.25:39295
1743978512.833553: 102248-7f3494a27700: cdpl_server_ipc.c:1182: in _sv_ipc_thread(): debug: ready
1743978512.833593: 102248-7f346b7fe700: cdpl_monitor.c:426: in cdpl_mn_init_client(): info: creating client monitor instance
1743978512.833600: 102248-7f346b7fe700: cdpl_ipc.c:3475: in cdpl_ipc_init(): info: requesting IPv4 protocol
1743978512.837749: 102248-7f346b7fe700: cdpl_ipc.c:837: in _selectaddrfamily(): info: selected IPv4 protocol
1743978512.837765: 102248-7f346b7fe700: cdpl_ipc.c:1139: in _set_keepalive(): info: TCP keep alive interval: 300
1743978512.841637: 102248-7f346b7fe700: cdpl_ipc.c:3632: in cdpl_ipc_start(): debug: starting IPC server 152.14.142.25:34981
1743978512.841721: 102248-7f346b7fe700: cdpl_monitor.c:471: in cdpl_mn_init_client(): debug: incoming messages in /tmp/cdpl-monitor-Sxd7so
1743978512.841772: 102248-7f346b7fe700: cdpl_monitor.c:533: in cdpl_mn_connect(): debug: connecting to 152.14.142.25:39295
1743978512.841774: 102248-7f346b7fe700: cdpl_ipc.c:3789: in cdpl_ipc_connect(): info: connecting to 152.14.142.25:39295
1743978512.841848: 102248-7f346b7fe700: cdpl_ipc.c:3860: in cdpl_ipc_connect(): info: connected as `152.14.142.25:57182'
1743978512.841851: 102248-7f346b7fe700: cdpl_ipc.c:2503: in cdpl_ipc_host_accept(): debug: accepted host `152.14.142.25:39295'
1743978512.841854: 102248-7f346b7fe700: cdpl_monitor.c:579: in cdpl_mn_connect(): debug: ok
1743978512.841887: 102248-7f3495228700: cdpl_ipc.c:1862: in _epoll_accept(): debug: new connection from `152.14.142.25:57182'
1743978512.841898: 102248-7f34ccc85540: cdpl_server.c:731: in cdpl_sv_new_job(): info: new job J1 in M1
1743978512.841912: 102248-7f34ccc85540: cdpl_compat_master.c:1581: in _add_worker(): info: new worker type 10, min:1, max:3, cmd:`/mnt/coe/workspace/ece/ece546-spr25/group8/group8_project/synopsys_custom/pwdp_jobs/saeSession6_default.SimulationSimulation_cdpl.1.102248/START_WORKER pw_worker -i /mnt/coe/workspace/ece/ece546-spr25/group8/group8_p
1743978512.841917: 102248-7f34ccc85540: cdpl_server.c:908: in cdpl_sv_new_bin_withfarm(): info: new bin B1 in J1
1743978512.841930: 102248-7f3494a27700: cdpl_server_ipc.c:1225: in _sv_ipc_thread(): debug: received ACCEPT notification
1743978512.841937: 102248-7f3494a27700: cdpl_ipc.c:2503: in cdpl_ipc_host_accept(): debug: accepted host `152.14.142.25:57182'
1743978512.841944: 102248-7f3494a27700: cdpl_server_ipc.c:1256: in _sv_ipc_thread(): debug: received MONITOR message
1743978512.841997: 102248-7f3494a27700: cdpl_monitor.c:1207: in cdpl_mn_accept(): debug: accepted monitor `152.14.142.25:57182'
1743978512.842000: 102248-7f3494a27700: cdpl_server_ipc_mon.c:120: in _globalLOCK(): debug: ENTERTING GLOBAL LOCK
1743978512.842001: 102248-7f3494a27700: cdpl_server_ipc_mon.c:164: in _globalLOCK(): debug: global lock acquired
1743978512.842041: 102248-7f34827fc700: cdpl_monitor.c:910: in mn_systat(): debug: started
1743978512.842190: 102248-7f34827fc700: cdpl_monitor.c:937: in mn_systat(): debug: monitor server flush rate: 5
1743978512.874047: 102248-7f3494a27700: cdpl_server_ipc_mon.c:210: in _globalUNLOCK(): debug: LEAVING GLOBAL LOCK
1743978513.196992: 102248-7f34ccc85540: cdpl_server.c:3249: in cdpl_sv_start_job(): info: starting job J1
1743978513.197006: 102248-7f34ccc85540: cdpl_server.c:62: in _sv_start_bin(): debug: starting bin B1 (min: 0, max: 3)
1743978513.197062: 102248-7f34ccc85540: cdpl_server.c:1893: in _sv_gen_task(): info: new task T0 in B1 (prio 0)
1743978513.197066: 102248-7f34ccc85540: cdpl_server.c:2698: in cdpl_sv_label_task_va(): info: setting task T0 label to "HSPICE_2|HSPICE"
1743978513.197105: 102248-7f3480ff9700: cdpl_server_sched.c:2482: in _sv_scheduler_thread(): debug: scheduler for bin B1 started
1743978513.197110: 102248-7f3480ff9700: cdpl_server_sched.c:2443: in _scheduler_run(): debug: will start a new worker
1743978513.197128: 102248-7f3480ff9700: cdpl_farm.c:3977: in cdpl_farm_submit(): debug: 1 running processes
1743978513.197130: 102248-7f3480ff9700: cdpl_farm.c:3985: in cdpl_farm_submit(): debug: new command C1 in bin B1 assigned to host `localhost'
1743978513.197273: 102248-7f3480ff9700: cdpl_server_sched.c:705: in _sv_launch_worker(): info: started worker W1 (as C1) in bin B1
1743978513.197279: 102248-7f346bfff700: cdpl_farm.c:2139: in _schedule(): debug: started
1743978513.197284: 102248-7f346bfff700: cdpl_farm.c:2303: in _schedule(): debug: submitting command C1 in bin B1
1743978513.197286: 102248-7f346bfff700: cdpl_sh.c:49: in _sh_detached_submit(): info: SH : /mnt/coe/workspace/ece/ece546-spr25/group8/group8_project/synopsys_custom/pwdp_jobs/saeSession6_default.SimulationSimulation_cdpl.1.102248/START_WORKER pw_worker -i /mnt/coe/workspace/ece/ece546-spr25/group8/group8_project/synopsys_custom/pwdp_jobs/saeSession6_default.SimulationSimulation_cdpl.1.102248 -t 10000
1743978513.201245: 102248-7f346bfff700: cdpl_farm.c:2343: in _schedule(): debug: C1 in bin B1 running on slot 0
1743978513.201263: 102248-7f346bfff700: cdpl_farm.c:2167: in _schedule(): debug: idle
1743978513.501346: 102248-7f346bfff700: cdpl_farm.c:1193: in _onexit(): debug: C1 in bin B1 exited normally on slot 0
1743978513.623905: 102248-7f34ccc85540: cdpl_compat_master.c:5948: in cdplMasterLogInfo(): info: [non-CDPL log entry] PWDP3: reset pilot cache succeeded, pilot_key=saeSession6,1,default|&/mnt/coe/workspace/ece/ece546-spr25/group8/group8_project/simulation/group8,memory_array_tb,schematic/history_1/simulation/default/PrimeSimHSPICE/nominal/results
1743978514.193469: 102248-7f3481ffb700: cdpl_compat_master.c:5948: in cdplMasterLogInfo(): info: [non-CDPL log entry] PWDP - no-workers started ok check start!
1743978515.392661: 102248-7f3495228700: cdpl_ipc.c:1862: in _epoll_accept(): debug: new connection from `152.14.142.25:57196'
1743978515.392681: 102248-7f3494a27700: cdpl_server_ipc.c:1225: in _sv_ipc_thread(): debug: received ACCEPT notification
1743978515.392689: 102248-7f3494a27700: cdpl_ipc.c:2503: in cdpl_ipc_host_accept(): debug: accepted host `152.14.142.25:57196'
1743978515.392881: 102248-7f3494a27700: cdpl_server_ipc.c:1246: in _sv_ipc_thread(): debug: received HELLO message
1743978515.392883: 102248-7f3494a27700: cdpl_server_ipc.c:430: in _sv_on_hello(): debug: looking up W1
1743978515.392885: 102248-7f3494a27700: cdpl_server_ipc.c:540: in _sv_on_hello(): info: W1 is `152.14.142.25:57196'
1743978515.392886: 102248-7f3494a27700: cdpl_server_ipc.c:541: in _sv_on_hello(): debug: hello W1 (B1)
1743978515.392887: 102248-7f3494a27700: cdpl_server_ipc.c:542: in _sv_on_hello(): info: W1 log file is /dev/null
1743978515.392896: 102248-7f3494a27700: cdpl_server_ipc.c:602: in _sv_on_hello(): info: up to 1 alive workers in B1
1743978515.392900: 102248-7f3494a27700: cdpl_farm.c:878: in _release_cmd(): debug: freeing command C1 in bin B1
1743978515.392948: 102248-7f3480ff9700: cdpl_server_sched.c:960: in _assign(): info: assigning task T0 to worker W1
1743978516.393314: 102248-7f3494a27700: cdpl_server_ipc.c:312: in _sv_on_heartbeat(): debug: received HEARTBEAT from worker W1 at 152.14.142.25:57196
1743978517.915584: 102248-7f346b7fe700: cdpl_monitor.c:533: in cdpl_mn_connect(): debug: connecting to 152.14.142.25:33333
1743978517.931571: 102248-7f346b7fe700: cdpl_ipc.c:3789: in cdpl_ipc_connect(): info: connecting to 152.14.142.25:33333
1743978517.931701: 102248-7f346b7fe700: cdpl_ipc.c:3860: in cdpl_ipc_connect(): info: connected as `152.14.142.25:50008'
1743978517.931707: 102248-7f346b7fe700: cdpl_ipc.c:2503: in cdpl_ipc_host_accept(): debug: accepted host `152.14.142.25:33333'
1743978517.931722: 102248-7f346b7fe700: cdpl_monitor.c:579: in cdpl_mn_connect(): debug: ok
1743978519.199522: 102248-7f3494a27700: cdpl_server_ipc.c:1268: in _sv_ipc_thread(): debug: received RELAY message
1743978519.199542: 102248-7f3494a27700: cdpl_server_ipc.c:713: in _sv_on_relay(): debug: RELAY message from W1, size = 58
1743978519.199544: 102248-7f3494a27700: cdpl_server_ipc.c:715: in _sv_on_relay(): debug: RELAY message from W1, content = 0$105098 lib-41922.eos.ncsu.edu 105113 RUNNING 1743978518
1743978541.881323: 102248-7f3494a27700: cdpl_server_ipc.c:1268: in _sv_ipc_thread(): debug: received RELAY message
1743978541.884171: 102248-7f3494a27700: cdpl_server_ipc.c:713: in _sv_on_relay(): debug: RELAY message from W1, size = 48
1743978541.884174: 102248-7f3494a27700: cdpl_server_ipc.c:715: in _sv_on_relay(): debug: RELAY message from W1, content = WORKERDU|1539,dc2isi00nfs.oit.ncsu.edu:/coe_nfs
1743978541.884197: 102248-7f3494a27700: cdpl_server_ipc.c:1268: in _sv_ipc_thread(): debug: received RELAY message
1743978541.884199: 102248-7f3494a27700: cdpl_server_ipc.c:713: in _sv_on_relay(): debug: RELAY message from W1, size = 197
1743978541.884200: 102248-7f3494a27700: cdpl_server_ipc.c:715: in _sv_on_relay(): debug: RELAY message from W1, content = REQPILOT|saeSession6,1,default|&/mnt/coe/workspace/ece/ece546-spr25/group8/group8_project/simulation/group8,memory_array_tb,schematic/history_1/simulation/default/PrimeSimHSPICE/nominal/results|&0
1743978541.884228: 102248-7f3482ffd700: cdpl_compat_master.c:5948: in cdplMasterLogInfo(): info: [non-CDPL log entry] PWDP send back 'DOPILOT' to worker id:1 key: saeSession6,1,default|&/mnt/coe/workspace/ece/ece546-spr25/group8/group8_project/simulation/group8,memory_array_tb,schematic/history_1/simulation/default/PrimeSimHSPICE/nominal/results
1743978541.898665: 102248-7f3482ffd700: cdpl_compat_master.c:5948: in cdplMasterLogInfo(): info: [non-CDPL log entry] PWDP: set pilot doing!
1743978541.909869: 102248-7f3494a27700: cdpl_server_ipc.c:1268: in _sv_ipc_thread(): debug: received RELAY message
1743978541.912729: 102248-7f3494a27700: cdpl_server_ipc.c:713: in _sv_on_relay(): debug: RELAY message from W1, size = 193
1743978541.912732: 102248-7f3494a27700: cdpl_server_ipc.c:715: in _sv_on_relay(): debug: RELAY message from W1, content = PILOTOK|saeSession6,1,default|&/mnt/coe/workspace/ece/ece546-spr25/group8/group8_project/simulation/group8,memory_array_tb,schematic/history_1/simulation/default/PrimeSimHSPICE/nominal/results
1743978541.912743: 102248-7f3482ffd700: cdpl_compat_master.c:5948: in cdplMasterLogInfo(): info: [non-CDPL log entry] PWDP: set pilot done!
1743978541.912811: 102248-7f3494a27700: cdpl_server_ipc.c:1268: in _sv_ipc_thread(): debug: received RELAY message
1743978541.912812: 102248-7f3494a27700: cdpl_server_ipc.c:713: in _sv_on_relay(): debug: RELAY message from W1, size = 18
1743978541.912813: 102248-7f3494a27700: cdpl_server_ipc.c:715: in _sv_on_relay(): debug: RELAY message from W1, content = 0$- - - MEASDOING
1743978556.297269: 102248-7f3494a27700: cdpl_server_ipc.c:1268: in _sv_ipc_thread(): debug: received RELAY message
1743978556.300872: 102248-7f3494a27700: cdpl_server_ipc.c:713: in _sv_on_relay(): debug: RELAY message from W1, size = 70
1743978556.300878: 102248-7f3494a27700: cdpl_server_ipc.c:715: in _sv_on_relay(): debug: RELAY message from W1, content = 0$105098 lib-41922.eos.ncsu.edu 105113 FINISHED 1743978518|1743978556
1743978556.321070: 102248-7f3494a27700: cdpl_server_ipc.c:1268: in _sv_ipc_thread(): debug: received RELAY message
1743978556.321079: 102248-7f3494a27700: cdpl_server_ipc.c:713: in _sv_on_relay(): debug: RELAY message from W1, size = 195
1743978556.321080: 102248-7f3494a27700: cdpl_server_ipc.c:715: in _sv_on_relay(): debug: RELAY message from W1, content = PILOTDONE|saeSession6,1,default|&/mnt/coe/workspace/ece/ece546-spr25/group8/group8_project/simulation/group8,memory_array_tb,schematic/history_1/simulation/default/PrimeSimHSPICE/nominal/results
1743978556.321123: 102248-7f3482ffd700: cdpl_compat_master.c:5948: in cdplMasterLogInfo(): info: [non-CDPL log entry] saeSession6,1,default|&/mnt/coe/workspace/ece/ece546-spr25/group8/group8_project/simulation/group8,memory_array_tb,schematic/history_1/simulation/default/PrimeSimHSPICE/nominal/results PILOTDONE!
1743978556.362827: 102248-7f3494a27700: cdpl_server_ipc.c:1251: in _sv_ipc_thread(): debug: received FINISH message
1743978556.362835: 102248-7f3494a27700: cdpl_server_ipc.c:983: in _sv_on_finish(): info: worker W1 completed task T0
1743978556.362836: 102248-7f3494a27700: cdpl_server_ipc.c:988: in _sv_on_finish(): debug: stat T0: utime=8932 stime=846
1743978556.362838: 102248-7f3494a27700: cdpl_server_ipc.c:993: in _sv_on_finish(): debug: statm T0: vsize=3080752 rss=1068068 shared=519664 text=474784 data=734964
1743978556.367006: 102248-7f34ccc85540: cdpl_server.c:227: in _sv_free_task_safe(): debug: freeing task T0
1743978556.411431: 102248-7f3494a27700: cdpl_server_ipc.c:1268: in _sv_ipc_thread(): debug: received RELAY message
1743978556.411437: 102248-7f3494a27700: cdpl_server_ipc.c:713: in _sv_on_relay(): debug: RELAY message from W1, size = 47
1743978556.411439: 102248-7f3494a27700: cdpl_server_ipc.c:715: in _sv_on_relay(): debug: RELAY message from W1, content = WORKERDU|108,dc2isi00nfs.oit.ncsu.edu:/coe_nfs
1743978566.000860: 102248-7f34ccc85540: cdpl_server.c:3008: in cdpl_sv_halt_job_errno(): info: killing job J1
1743978566.000875: 102248-7f34ccc85540: cdpl_server.c:3044: in cdpl_sv_halt_job_errno(): debug: signal bin B1 scheduler to stop
1743978566.000922: 102248-7f3480ff9700: cdpl_server_sched.c:2484: in _sv_scheduler_thread(): debug: scheduler for bin B1 stopped
1743978566.000929: 102248-7f3480ff9700: cdpl_ipc.c:1657: in _host_drop__UNSAFE(): debug: dropping host `152.14.142.25:57196'
1743978566.000954: 102248-7f3480ff9700: cdpl_server_sched.c:2830: in _sv_drop_worker(): info: down to 0 alive workers in B1
1743978566.000957: 102248-7f3480ff9700: cdpl_farm.c:4152: in cdpl_farm_dismiss(): debug: down to 0 running processes
1743978566.000958: 102248-7f3494a27700: cdpl_server_ipc.c:1236: in _sv_ipc_thread(): debug: received DROP notification
1743978566.000966: 102248-7f3480ff9700: cdpl_server_sched.c:121: in _free_worker_2(): debug: freeing worker W1
1743978566.000968: 102248-7f3480ff9700: cdpl_ipc.c:2513: in cdpl_ipc_host_release(): debug: releasing host `152.14.142.25:57196'
1743978566.000969: 102248-7f3480ff9700: cdpl_ipc.c:2529: in cdpl_ipc_host_release(): debug: scheduling for immediate release
1743978566.000973: 102248-7f34ccc85540: cdpl_server.c:294: in _sv_free_job(): info: freeing job J1
1743978566.000975: 102248-7f34ccc85540: cdpl_server.c:92: in _sv_free_bin(): debug: freeing bin B1
1743978566.001019: 102248-7f3495228700: cdpl_ipc.c:1582: in _host_free__UNSAFE(): debug: freeing host `152.14.142.25:57196'
1743978566.001026: 102248-7f3495228700: cdpl_ipc.c:1621: in _host_free__UNSAFE(): debug: [0 outq, 0 spR, 0 spW]
1743978566.001028: 102248-7f34ccc85540: cdpl_monitor.c:515: in cdpl_mn_kill(): info: killing monitor
1743978566.001030: 102248-7f34ccc85540: cdpl_ipc.c:3677: in cdpl_ipc_kill(): debug: stopping event server
1743978566.001040: 102248-7f3483fff700: cdpl_ipc.c:2460: in _epoll_main(): debug: server going down...
1743978566.001117: 102248-7f3495228700: cdpl_ipc.c:775: in _readv(): warning: read(): EOF
1743978566.001127: 102248-7f3495228700: cdpl_ipc.c:2100: in _epoll_recv(): debug: _readv(): Broken pipe
1743978566.001129: 102248-7f3495228700: cdpl_ipc.c:2424: in _epoll_main(): debug: _epoll_recv(): Broken pipe
1743978566.001131: 102248-7f3495228700: cdpl_ipc.c:1657: in _host_drop__UNSAFE(): debug: dropping host `152.14.142.25:57182'
1743978566.001157: 102248-7f3494a27700: cdpl_server_ipc.c:1236: in _sv_ipc_thread(): debug: received DROP notification
1743978566.001163: 102248-7f3494a27700: cdpl_monitor.c:1269: in cdpl_mn_drop(): debug: detaching from monitor `152.14.142.25:57182'
1743978566.001165: 102248-7f3494a27700: cdpl_monitor.c:1101: in mn_systat_stop(): debug: joining systat thread
1743978566.001186: 102248-7f346b7fe700: cdpl_ipc.c:3728: in cdpl_ipc_free(): debug: releasing IPC handle
1743978566.001192: 102248-7f346b7fe700: cdpl_ipc.c:1582: in _host_free__UNSAFE(): debug: freeing host `152.14.142.25:33333'
1743978566.001194: 102248-7f346b7fe700: cdpl_ipc.c:1621: in _host_free__UNSAFE(): debug: [0 outq, 0 spR, 0 spW]
1743978566.001202: 102248-7f346b7fe700: cdpl_ipc.c:1582: in _host_free__UNSAFE(): debug: freeing host `152.14.142.25:39295'
1743978566.001204: 102248-7f346b7fe700: cdpl_ipc.c:1621: in _host_free__UNSAFE(): debug: [0 outq, 0 spR, 0 spW]
1743978566.001207: 102248-7f34827fc700: cdpl_monitor.c:1079: in mn_systat(): debug: exiting
1743978566.001214: 102248-7f346b7fe700: cdpl_ipc.c:3756: in cdpl_ipc_free(): warning: 2 host(s) were not released
1743978566.001217: 102248-7f3494a27700: cdpl_monitor.c:1103: in mn_systat_stop(): debug: systat thread done
1743978566.001219: 102248-7f3494a27700: cdpl_ipc.c:2513: in cdpl_ipc_host_release(): debug: releasing host `152.14.142.25:57182'
1743978566.001220: 102248-7f346b7fe700: cdpl_ipc.c:3767: in cdpl_ipc_free(): debug: done
1743978566.001222: 102248-7f346b7fe700: cdpl_monitor.c:1390: in cdpl_mn_free(): debug: freeing monitor client
1743978566.001266: 102248-7f34ccc85540: cdpl_farm.c:2740: in cdpl_farm_free(): info: freeing farm
1743978566.001273: 102248-7f346bfff700: cdpl_farm.c:2231: in _schedule(): debug: end of idling
1743978566.001275: 102248-7f346bfff700: cdpl_farm.c:2235: in _schedule(): debug: dying
1743978566.001327: 102248-7f34ccc85540: cdpl_farm.c:913: in _killall(): debug: killing all remaining commands
1743978566.001331: 102248-7f34ccc85540: cdpl_server.c:3144: in cdpl_sv_free(): info: freeing server S1258501668
1743978566.001332: 102248-7f34ccc85540: cdpl_server.c:3109: in cdpl_sv_kill_errno(): info: killing server
1743978566.001333: 102248-7f34ccc85540: cdpl_ipc.c:3677: in cdpl_ipc_kill(): debug: stopping event server
1743978566.001338: 102248-7f3494a27700: cdpl_server_ipc.c:1200: in _sv_ipc_thread(): debug: leaving now
1743978566.001341: 102248-7f3495228700: cdpl_ipc.c:2460: in _epoll_main(): debug: server going down...
1743978566.001345: 102248-7f34ccc85540: cdpl_server.c:334: in _sv_free_master(): info: freeing master M1
1743978566.001346: 102248-7f34ccc85540: cdpl_hash.c:68: in cdpl_h_destroy(): debug: put operations: 1
1743978566.001347: 102248-7f34ccc85540: cdpl_hash.c:69: in cdpl_h_destroy(): debug: put collisions: 0
1743978566.001348: 102248-7f34ccc85540: cdpl_hash.c:70: in cdpl_h_destroy(): debug: get operations: 1
1743978566.001349: 102248-7f34ccc85540: cdpl_hash.c:71: in cdpl_h_destroy(): debug: get iterations: 1
1743978566.001351: 102248-7f34ccc85540: cdpl_monitor.c:1390: in cdpl_mn_free(): debug: freeing monitor server
1743978566.001353: 102248-7f34ccc85540: cdpl_ipc.c:3728: in cdpl_ipc_free(): debug: releasing IPC handle
1743978566.001355: 102248-7f34ccc85540: cdpl_ipc.c:1582: in _host_free__UNSAFE(): debug: freeing host `152.14.142.25:57182'
1743978566.001356: 102248-7f34ccc85540: cdpl_ipc.c:1621: in _host_free__UNSAFE(): debug: [0 outq, 0 spR, 0 spW]
1743978566.001363: 102248-7f34ccc85540: cdpl_ipc.c:3767: in cdpl_ipc_free(): debug: done
1743978566.001365: 102248-7f34ccc85540: cdpl_log.c:481: in cdpl_log_close(): info: @@end_of_log@@
