1743693667.246955: 3938271-7f4193db0540: cdpl_log.c:337: in cdpl_log_open(): info: @@start_of_log@@
1743693667.246973: 3938271-7f4193db0540: cdpl_log.c:1058: in cdpl_log_dump_sysinfo(): info: time: 2025/04/03 11:21:07 EDT -0400
1743693667.246977: 3938271-7f4193db0540: cdpl_log.c:1060: in cdpl_log_dump_sysinfo(): info: version: W-2024.09-SP1-2 
1743693667.246979: 3938271-7f4193db0540: cdpl_log.c:1062: in cdpl_log_dump_sysinfo(): info: system: Linux 4.18.0-553.46.1.el8_10.x86_64 #1 SMP Sat Mar 15 01:37:33 EDT 2025
1743693667.246982: 3938271-7f4193db0540: cdpl_log.c:1067: in cdpl_log_dump_sysinfo(): info: processor: x86_64 64-bits
1743693667.246984: 3938271-7f4193db0540: cdpl_log.c:1071: in cdpl_log_dump_sysinfo(): info: hostname: grendel32.ece.ncsu.edu
1743693667.246986: 3938271-7f4193db0540: cdpl_log.c:1073: in cdpl_log_dump_sysinfo(): info: program name: custom_shell
1743693667.246990: 3938271-7f4193db0540: cdpl_log.c:340: in cdpl_log_open(): debug: path: /mnt/coe/workspace/ece/ece546-spr25/group8/group8_project/synopsys_custom/pwdp_jobs/saeSession0_default.SimulationSimulation_cdpl.1.3938271/logs/master.grendel32.ece.ncsu.edu.3938271.log
1743693667.246993: 3938271-7f4193db0540: cdpl_log.c:341: in cdpl_log_open(): debug: dir: /mnt/coe/workspace/ece/ece546-spr25/group8/group8_project/synopsys_custom/pwdp_jobs/saeSession0_default.SimulationSimulation_cdpl.1.3938271/logs
1743693667.246999: 3938271-7f4193db0540: cdpl_server.c:536: in cdpl_sv_init(): info: new server S759833593
1743693667.247002: 3938271-7f4193db0540: cdpl_ipc.c:3475: in cdpl_ipc_init(): info: requesting IPv4 protocol
1743693667.250968: 3938271-7f4193db0540: cdpl_ipc.c:837: in _selectaddrfamily(): info: selected IPv4 protocol
1743693667.251020: 3938271-7f4193db0540: cdpl_ipc.c:1139: in _set_keepalive(): info: TCP keep alive interval: 300
1743693667.253626: 3938271-7f4193db0540: cdpl_monitor.c:1117: in cdpl_mn_new_server(): info: creating server monitor instance
1743693667.253637: 3938271-7f4193db0540: cdpl_server.c:650: in cdpl_sv_new_master(): info: new master M1
1743693667.253645: 3938271-7f4193db0540: cdpl_server.c:6533: in cdpl_sv_ctl_master(): info: Setting worker heartbeat to 120 seconds
1743693667.253647: 3938271-7f4193db0540: cdpl_server.c:6542: in cdpl_sv_ctl_master(): info: Setting worker heartbeat timeout to 3 heartbeats
1743693667.253650: 3938271-7f4193db0540: cdpl_compat_master.c:2090: in _parse_hostfile(): info: reading hostfile `/mnt/coe/workspace/ece/ece546-spr25/group8/group8_project/synopsys_custom/pwdp_jobs/saeSession0_default.SimulationSimulation_cdpl.1.3938271/host_file'
1743693667.258038: 3938271-7f4193db0540: cdpl_compat_master.c:1900: in _hostfile_parser(): debug: parsing "1     |localhost|   -1  | /tmp | SH | sh"
1743693667.258064: 3938271-7f4193db0540: cdpl_farm.c:2578: in cdpl_farm_new_sh(): info: creating SH farm on localhost
1743693667.258080: 3938271-7f4193db0540: cdpl_compat_master.c:206: in _set_farm_env(): info: exporting CDPL_LOGDIR as `/mnt/coe/workspace/ece/ece546-spr25/group8/group8_project/synopsys_custom/pwdp_jobs/saeSession0_default.SimulationSimulation_cdpl.1.3938271/logs'
1743693667.258088: 3938271-7f4193db0540: cdpl_compat_master.c:212: in _set_farm_env(): info: exporting CDPL_TMPDIR as `/tmp'
1743693667.258097: 3938271-7f4193db0540: cdpl_compat_master.c:219: in _set_farm_env(): info: exporting CDPL_HOME as `/mnt/apps/public/COE/synopsys_apps/hspice/W-2024.09-SP1/hspice/cdpl'
1743693667.258106: 3938271-7f4193db0540: cdpl_compat_master.c:235: in _set_farm_env(): info: exporting SNPSLMD_LICENSE_FILE as `27000@ece-lic-35.ece.ncsu.edu'
1743693667.258116: 3938271-7f4193db0540: cdpl_compat_master.c:259: in _set_farm_env(): info: exporting CDPL_OPTIONS as `[nowlogs]'
1743693667.258123: 3938271-7f4193db0540: cdpl_compat_master.c:266: in _set_farm_env(): info: exporting DISPLAY as `unix:9720'
1743693667.258128: 3938271-7f4193db0540: cdpl_compat_master.c:274: in _set_farm_env(): info: exporting CDPL_HEARTBEAT as `120'
1743693667.258139: 3938271-7f4193db0540: cdpl_farm.c:3149: in cdpl_farm_add_withdir(): debug: added `localhost' (capacity: unlimited)
1743693667.258165: 3938271-7f4193db0540: cdpl_compat_parse.c:147: in parsefile(): debug: read `/mnt/coe/workspace/ece/ece546-spr25/group8/group8_project/synopsys_custom/pwdp_jobs/saeSession0_default.SimulationSimulation_cdpl.1.3938271/host_file', 2 lines
1743693667.258168: 3938271-7f4193db0540: cdpl_compat_master.c:2931: in cdplInitMaster(): info: bcast dir is `/mnt/coe/workspace/ece/ece546-spr25/group8/group8_project/synopsys_custom/pwdp_jobs/saeSession0_default.SimulationSimulation_cdpl.1.3938271/logs'
1743693667.261575: 3938271-7f4193db0540: cdpl_server.c:6433: in cdpl_sv_ctl_master(): info: farm worker timeout set to 300
1743693667.261579: 3938271-7f4193db0540: cdpl_server.c:6486: in cdpl_sv_ctl_master(): info: maximum number of task execution attempts set to 1
1743693667.261585: 3938271-7f4193db0540: cdpl_server.c:3195: in cdpl_sv_start(): debug: starting server
1743693667.261588: 3938271-7f4193db0540: cdpl_ipc.c:3632: in cdpl_ipc_start(): debug: starting IPC server 152.14.98.81:34389
1743693667.262397: 3938271-7f4168995700: cdpl_server_ipc.c:1182: in _sv_ipc_thread(): debug: ready
1743693667.262451: 3938271-7f413f7fe700: cdpl_monitor.c:426: in cdpl_mn_init_client(): info: creating client monitor instance
1743693667.262463: 3938271-7f413f7fe700: cdpl_ipc.c:3475: in cdpl_ipc_init(): info: requesting IPv4 protocol
1743693667.266673: 3938271-7f413f7fe700: cdpl_ipc.c:837: in _selectaddrfamily(): info: selected IPv4 protocol
1743693667.266721: 3938271-7f413f7fe700: cdpl_ipc.c:1139: in _set_keepalive(): info: TCP keep alive interval: 300
1743693667.269622: 3938271-7f413f7fe700: cdpl_ipc.c:3632: in cdpl_ipc_start(): debug: starting IPC server 152.14.98.81:34501
1743693667.269896: 3938271-7f413f7fe700: cdpl_monitor.c:471: in cdpl_mn_init_client(): debug: incoming messages in /tmp/cdpl-monitor-IICz2K
1743693667.270583: 3938271-7f413f7fe700: cdpl_monitor.c:533: in cdpl_mn_connect(): debug: connecting to 152.14.98.81:34389
1743693667.270608: 3938271-7f413f7fe700: cdpl_ipc.c:3789: in cdpl_ipc_connect(): info: connecting to 152.14.98.81:34389
1743693667.270768: 3938271-7f413f7fe700: cdpl_ipc.c:3860: in cdpl_ipc_connect(): info: connected as `152.14.98.81:51042'
1743693667.270794: 3938271-7f413f7fe700: cdpl_ipc.c:2503: in cdpl_ipc_host_accept(): debug: accepted host `152.14.98.81:34389'
1743693667.270799: 3938271-7f413f7fe700: cdpl_monitor.c:579: in cdpl_mn_connect(): debug: ok
1743693667.270829: 3938271-7f4169196700: cdpl_ipc.c:1862: in _epoll_accept(): debug: new connection from `152.14.98.81:51042'
1743693667.270867: 3938271-7f4193db0540: cdpl_server.c:731: in cdpl_sv_new_job(): info: new job J1 in M1
1743693667.270901: 3938271-7f4193db0540: cdpl_compat_master.c:1581: in _add_worker(): info: new worker type 10, min:1, max:3, cmd:`/mnt/coe/workspace/ece/ece546-spr25/group8/group8_project/synopsys_custom/pwdp_jobs/saeSession0_default.SimulationSimulation_cdpl.1.3938271/START_WORKER pw_worker -i /mnt/coe/workspace/ece/ece546-spr25/group8/group8_
1743693667.270927: 3938271-7f4168995700: cdpl_server_ipc.c:1225: in _sv_ipc_thread(): debug: received ACCEPT notification
1743693667.270939: 3938271-7f4193db0540: cdpl_server.c:908: in cdpl_sv_new_bin_withfarm(): info: new bin B1 in J1
1743693667.270943: 3938271-7f4168995700: cdpl_ipc.c:2503: in cdpl_ipc_host_accept(): debug: accepted host `152.14.98.81:51042'
1743693667.270955: 3938271-7f4168995700: cdpl_server_ipc.c:1256: in _sv_ipc_thread(): debug: received MONITOR message
1743693667.271159: 3938271-7f4168995700: cdpl_monitor.c:1207: in cdpl_mn_accept(): debug: accepted monitor `152.14.98.81:51042'
1743693667.271182: 3938271-7f4168995700: cdpl_server_ipc_mon.c:120: in _globalLOCK(): debug: ENTERTING GLOBAL LOCK
1743693667.271185: 3938271-7f4168995700: cdpl_server_ipc_mon.c:164: in _globalLOCK(): debug: global lock acquired
1743693667.271829: 3938271-7f41567fc700: cdpl_monitor.c:910: in mn_systat(): debug: started
1743693667.272295: 3938271-7f41567fc700: cdpl_monitor.c:937: in mn_systat(): debug: monitor server flush rate: 5
1743693667.489886: 3938271-7f4168995700: cdpl_server_ipc_mon.c:210: in _globalUNLOCK(): debug: LEAVING GLOBAL LOCK
1743693667.489981: 3938271-7f4193db0540: cdpl_server.c:3249: in cdpl_sv_start_job(): info: starting job J1
1743693667.490009: 3938271-7f4193db0540: cdpl_server.c:62: in _sv_start_bin(): debug: starting bin B1 (min: 0, max: 3)
1743693667.490289: 3938271-7f4193db0540: cdpl_server.c:1893: in _sv_gen_task(): info: new task T0 in B1 (prio 0)
1743693667.490301: 3938271-7f4193db0540: cdpl_server.c:2698: in cdpl_sv_label_task_va(): info: setting task T0 label to "HSPICE_2|HSPICE"
1743693667.490305: 3938271-7f4154ff9700: cdpl_server_sched.c:2482: in _sv_scheduler_thread(): debug: scheduler for bin B1 started
1743693667.490330: 3938271-7f4154ff9700: cdpl_server_sched.c:2443: in _scheduler_run(): debug: will start a new worker
1743693667.490374: 3938271-7f4154ff9700: cdpl_farm.c:3977: in cdpl_farm_submit(): debug: 1 running processes
1743693667.490387: 3938271-7f4154ff9700: cdpl_farm.c:3985: in cdpl_farm_submit(): debug: new command C1 in bin B1 assigned to host `localhost'
1743693667.490897: 3938271-7f4154ff9700: cdpl_server_sched.c:705: in _sv_launch_worker(): info: started worker W1 (as C1) in bin B1
1743693667.490978: 3938271-7f413ffff700: cdpl_farm.c:2139: in _schedule(): debug: started
1743693667.490988: 3938271-7f413ffff700: cdpl_farm.c:2303: in _schedule(): debug: submitting command C1 in bin B1
1743693667.490992: 3938271-7f413ffff700: cdpl_sh.c:49: in _sh_detached_submit(): info: SH : /mnt/coe/workspace/ece/ece546-spr25/group8/group8_project/synopsys_custom/pwdp_jobs/saeSession0_default.SimulationSimulation_cdpl.1.3938271/START_WORKER pw_worker -i /mnt/coe/workspace/ece/ece546-spr25/group8/group8_project/synopsys_custom/pwdp_jobs/saeSession0_default.SimulationSimulation_cdpl.1.3938271 -t 10000
1743693667.504276: 3938271-7f413ffff700: cdpl_farm.c:2343: in _schedule(): debug: C1 in bin B1 running on slot 0
1743693667.504325: 3938271-7f413ffff700: cdpl_farm.c:2167: in _schedule(): debug: idle
1743693667.641259: 3938271-7f4193db0540: cdpl_compat_master.c:5948: in cdplMasterLogInfo(): info: [non-CDPL log entry] PWDP3: reset pilot cache succeeded, pilot_key=saeSession0,1,default|&/mnt/coe/workspace/ece/ece546-spr25/group8/group8_project/simulation/group8,inv_highdrive,schematic/history_1/simulation/default/PrimeSimHSPICE/nominal/results
1743693667.804449: 3938271-7f413ffff700: cdpl_farm.c:1193: in _onexit(): debug: C1 in bin B1 exited normally on slot 0
1743693668.721016: 3938271-7f4155ffb700: cdpl_compat_master.c:5948: in cdplMasterLogInfo(): info: [non-CDPL log entry] PWDP - no-workers started ok check start!
1743693669.979132: 3938271-7f4169196700: cdpl_ipc.c:1862: in _epoll_accept(): debug: new connection from `152.14.98.81:58870'
1743693669.979171: 3938271-7f4168995700: cdpl_server_ipc.c:1225: in _sv_ipc_thread(): debug: received ACCEPT notification
1743693669.979202: 3938271-7f4168995700: cdpl_ipc.c:2503: in cdpl_ipc_host_accept(): debug: accepted host `152.14.98.81:58870'
1743693669.979398: 3938271-7f4168995700: cdpl_server_ipc.c:1246: in _sv_ipc_thread(): debug: received HELLO message
1743693669.979401: 3938271-7f4168995700: cdpl_server_ipc.c:430: in _sv_on_hello(): debug: looking up W1
1743693669.979405: 3938271-7f4168995700: cdpl_server_ipc.c:540: in _sv_on_hello(): info: W1 is `152.14.98.81:58870'
1743693669.979407: 3938271-7f4168995700: cdpl_server_ipc.c:541: in _sv_on_hello(): debug: hello W1 (B1)
1743693669.979410: 3938271-7f4168995700: cdpl_server_ipc.c:542: in _sv_on_hello(): info: W1 log file is /dev/null
1743693669.979421: 3938271-7f4168995700: cdpl_server_ipc.c:602: in _sv_on_hello(): info: up to 1 alive workers in B1
1743693669.979428: 3938271-7f4168995700: cdpl_farm.c:878: in _release_cmd(): debug: freeing command C1 in bin B1
1743693669.979474: 3938271-7f4154ff9700: cdpl_server_sched.c:960: in _assign(): info: assigning task T0 to worker W1
1743693670.980919: 3938271-7f4168995700: cdpl_server_ipc.c:312: in _sv_on_heartbeat(): debug: received HEARTBEAT from worker W1 at 152.14.98.81:58870
1743693672.343492: 3938271-7f413f7fe700: cdpl_monitor.c:533: in cdpl_mn_connect(): debug: connecting to 152.14.98.81:34575
1743693672.343510: 3938271-7f413f7fe700: cdpl_ipc.c:3789: in cdpl_ipc_connect(): info: connecting to 152.14.98.81:34575
1743693672.343710: 3938271-7f413f7fe700: cdpl_ipc.c:3860: in cdpl_ipc_connect(): info: connected as `152.14.98.81:36978'
1743693672.343721: 3938271-7f413f7fe700: cdpl_ipc.c:2503: in cdpl_ipc_host_accept(): debug: accepted host `152.14.98.81:34575'
1743693672.343726: 3938271-7f413f7fe700: cdpl_monitor.c:579: in cdpl_mn_connect(): debug: ok
1743693673.550383: 3938271-7f4168995700: cdpl_server_ipc.c:1268: in _sv_ipc_thread(): debug: received RELAY message
1743693673.550398: 3938271-7f4168995700: cdpl_server_ipc.c:713: in _sv_on_relay(): debug: RELAY message from W1, size = 60
1743693673.550402: 3938271-7f4168995700: cdpl_server_ipc.c:715: in _sv_on_relay(): debug: RELAY message from W1, content = 0$3941097 grendel32.ece.ncsu.edu 3941150 RUNNING 1743693672
1743693694.289156: 3938271-7f4168995700: cdpl_server_ipc.c:1268: in _sv_ipc_thread(): debug: received RELAY message
1743693694.290444: 3938271-7f4168995700: cdpl_server_ipc.c:713: in _sv_on_relay(): debug: RELAY message from W1, size = 48
1743693694.290466: 3938271-7f4168995700: cdpl_server_ipc.c:715: in _sv_on_relay(): debug: RELAY message from W1, content = WORKERDU|1170,dc2isi00nfs.oit.ncsu.edu:/coe_nfs
1743693694.290502: 3938271-7f4168995700: cdpl_server_ipc.c:1268: in _sv_ipc_thread(): debug: received RELAY message
1743693694.290505: 3938271-7f4168995700: cdpl_server_ipc.c:713: in _sv_on_relay(): debug: RELAY message from W1, size = 195
1743693694.290508: 3938271-7f4168995700: cdpl_server_ipc.c:715: in _sv_on_relay(): debug: RELAY message from W1, content = REQPILOT|saeSession0,1,default|&/mnt/coe/workspace/ece/ece546-spr25/group8/group8_project/simulation/group8,inv_highdrive,schematic/history_1/simulation/default/PrimeSimHSPICE/nominal/results|&0
1743693694.290541: 3938271-7f4156ffd700: cdpl_compat_master.c:5948: in cdplMasterLogInfo(): info: [non-CDPL log entry] PWDP send back 'DOPILOT' to worker id:1 key: saeSession0,1,default|&/mnt/coe/workspace/ece/ece546-spr25/group8/group8_project/simulation/group8,inv_highdrive,schematic/history_1/simulation/default/PrimeSimHSPICE/nominal/results
1743693694.296140: 3938271-7f4156ffd700: cdpl_compat_master.c:5948: in cdplMasterLogInfo(): info: [non-CDPL log entry] PWDP: set pilot doing!
1743693694.310205: 3938271-7f4168995700: cdpl_server_ipc.c:1268: in _sv_ipc_thread(): debug: received RELAY message
1743693694.310235: 3938271-7f4168995700: cdpl_server_ipc.c:713: in _sv_on_relay(): debug: RELAY message from W1, size = 191
1743693694.310239: 3938271-7f4168995700: cdpl_server_ipc.c:715: in _sv_on_relay(): debug: RELAY message from W1, content = PILOTOK|saeSession0,1,default|&/mnt/coe/workspace/ece/ece546-spr25/group8/group8_project/simulation/group8,inv_highdrive,schematic/history_1/simulation/default/PrimeSimHSPICE/nominal/results
1743693694.310286: 3938271-7f4156ffd700: cdpl_compat_master.c:5948: in cdplMasterLogInfo(): info: [non-CDPL log entry] PWDP: set pilot done!
1743693694.310419: 3938271-7f4168995700: cdpl_server_ipc.c:1268: in _sv_ipc_thread(): debug: received RELAY message
1743693694.310422: 3938271-7f4168995700: cdpl_server_ipc.c:713: in _sv_on_relay(): debug: RELAY message from W1, size = 18
1743693694.310424: 3938271-7f4168995700: cdpl_server_ipc.c:715: in _sv_on_relay(): debug: RELAY message from W1, content = 0$- - - MEASDOING
1743693696.622366: 3938271-7f4168995700: cdpl_server_ipc.c:1268: in _sv_ipc_thread(): debug: received RELAY message
1743693696.622389: 3938271-7f4168995700: cdpl_server_ipc.c:713: in _sv_on_relay(): debug: RELAY message from W1, size = 72
1743693696.622397: 3938271-7f4168995700: cdpl_server_ipc.c:715: in _sv_on_relay(): debug: RELAY message from W1, content = 0$3941097 grendel32.ece.ncsu.edu 3941150 FINISHED 1743693672|1743693696
1743693696.635986: 3938271-7f4168995700: cdpl_server_ipc.c:1268: in _sv_ipc_thread(): debug: received RELAY message
1743693696.636004: 3938271-7f4168995700: cdpl_server_ipc.c:713: in _sv_on_relay(): debug: RELAY message from W1, size = 193
1743693696.636035: 3938271-7f4168995700: cdpl_server_ipc.c:715: in _sv_on_relay(): debug: RELAY message from W1, content = PILOTDONE|saeSession0,1,default|&/mnt/coe/workspace/ece/ece546-spr25/group8/group8_project/simulation/group8,inv_highdrive,schematic/history_1/simulation/default/PrimeSimHSPICE/nominal/results
1743693696.636054: 3938271-7f4156ffd700: cdpl_compat_master.c:5948: in cdplMasterLogInfo(): info: [non-CDPL log entry] saeSession0,1,default|&/mnt/coe/workspace/ece/ece546-spr25/group8/group8_project/simulation/group8,inv_highdrive,schematic/history_1/simulation/default/PrimeSimHSPICE/nominal/results PILOTDONE!
1743693696.650684: 3938271-7f4168995700: cdpl_server_ipc.c:1251: in _sv_ipc_thread(): debug: received FINISH message
1743693696.650693: 3938271-7f4168995700: cdpl_server_ipc.c:983: in _sv_on_finish(): info: worker W1 completed task T0
1743693696.650696: 3938271-7f4168995700: cdpl_server_ipc.c:988: in _sv_on_finish(): debug: stat T0: utime=11756 stime=2027
1743693696.650699: 3938271-7f4168995700: cdpl_server_ipc.c:993: in _sv_on_finish(): debug: statm T0: vsize=2866880 rss=1065588 shared=519128 text=474784 data=732144
1743693696.673781: 3938271-7f4168995700: cdpl_server_ipc.c:1268: in _sv_ipc_thread(): debug: received RELAY message
1743693696.673790: 3938271-7f4168995700: cdpl_server_ipc.c:713: in _sv_on_relay(): debug: RELAY message from W1, size = 47
1743693696.673792: 3938271-7f4168995700: cdpl_server_ipc.c:715: in _sv_on_relay(): debug: RELAY message from W1, content = WORKERDU|108,dc2isi00nfs.oit.ncsu.edu:/coe_nfs
1743693696.674609: 3938271-7f4193db0540: cdpl_server.c:227: in _sv_free_task_safe(): debug: freeing task T0
1743693700.225635: 3938271-7f4193db0540: cdpl_server.c:3008: in cdpl_sv_halt_job_errno(): info: killing job J1
1743693700.226971: 3938271-7f4193db0540: cdpl_server.c:3044: in cdpl_sv_halt_job_errno(): debug: signal bin B1 scheduler to stop
1743693700.227055: 3938271-7f4154ff9700: cdpl_server_sched.c:2484: in _sv_scheduler_thread(): debug: scheduler for bin B1 stopped
1743693700.227074: 3938271-7f4154ff9700: cdpl_ipc.c:1657: in _host_drop__UNSAFE(): debug: dropping host `152.14.98.81:58870'
1743693700.227157: 3938271-7f4154ff9700: cdpl_server_sched.c:2830: in _sv_drop_worker(): info: down to 0 alive workers in B1
1743693700.227164: 3938271-7f4168995700: cdpl_server_ipc.c:1236: in _sv_ipc_thread(): debug: received DROP notification
1743693700.227179: 3938271-7f4154ff9700: cdpl_farm.c:4152: in cdpl_farm_dismiss(): debug: down to 0 running processes
1743693700.227201: 3938271-7f4154ff9700: cdpl_server_sched.c:121: in _free_worker_2(): debug: freeing worker W1
1743693700.227222: 3938271-7f4154ff9700: cdpl_ipc.c:2513: in cdpl_ipc_host_release(): debug: releasing host `152.14.98.81:58870'
1743693700.227225: 3938271-7f4154ff9700: cdpl_ipc.c:2529: in cdpl_ipc_host_release(): debug: scheduling for immediate release
1743693700.227237: 3938271-7f4193db0540: cdpl_server.c:294: in _sv_free_job(): info: freeing job J1
1743693700.227242: 3938271-7f4193db0540: cdpl_server.c:92: in _sv_free_bin(): debug: freeing bin B1
1743693700.227255: 3938271-7f4193db0540: cdpl_monitor.c:515: in cdpl_mn_kill(): info: killing monitor
1743693700.227258: 3938271-7f4193db0540: cdpl_ipc.c:3677: in cdpl_ipc_kill(): debug: stopping event server
1743693700.227273: 3938271-7f4157fff700: cdpl_ipc.c:2460: in _epoll_main(): debug: server going down...
1743693700.227314: 3938271-7f4169196700: cdpl_ipc.c:775: in _readv(): warning: read(): EOF
1743693700.227339: 3938271-7f4169196700: cdpl_ipc.c:2100: in _epoll_recv(): debug: _readv(): Broken pipe
1743693700.227344: 3938271-7f4169196700: cdpl_ipc.c:2424: in _epoll_main(): debug: _epoll_recv(): Broken pipe
1743693700.227350: 3938271-7f4169196700: cdpl_ipc.c:1657: in _host_drop__UNSAFE(): debug: dropping host `152.14.98.81:51042'
1743693700.227398: 3938271-7f4169196700: cdpl_ipc.c:1582: in _host_free__UNSAFE(): debug: freeing host `152.14.98.81:58870'
1743693700.227403: 3938271-7f4169196700: cdpl_ipc.c:1621: in _host_free__UNSAFE(): debug: [0 outq, 0 spR, 0 spW]
1743693700.227427: 3938271-7f4168995700: cdpl_server_ipc.c:1236: in _sv_ipc_thread(): debug: received DROP notification
1743693700.227432: 3938271-7f4168995700: cdpl_monitor.c:1269: in cdpl_mn_drop(): debug: detaching from monitor `152.14.98.81:51042'
1743693700.227437: 3938271-7f4168995700: cdpl_monitor.c:1101: in mn_systat_stop(): debug: joining systat thread
1743693700.227458: 3938271-7f41567fc700: cdpl_monitor.c:1079: in mn_systat(): debug: exiting
1743693700.227480: 3938271-7f4168995700: cdpl_monitor.c:1103: in mn_systat_stop(): debug: systat thread done
1743693700.227485: 3938271-7f4168995700: cdpl_ipc.c:2513: in cdpl_ipc_host_release(): debug: releasing host `152.14.98.81:51042'
1743693700.227656: 3938271-7f413f7fe700: cdpl_ipc.c:3728: in cdpl_ipc_free(): debug: releasing IPC handle
1743693700.227663: 3938271-7f413f7fe700: cdpl_ipc.c:1582: in _host_free__UNSAFE(): debug: freeing host `152.14.98.81:34575'
1743693700.227666: 3938271-7f413f7fe700: cdpl_ipc.c:1621: in _host_free__UNSAFE(): debug: [0 outq, 0 spR, 0 spW]
1743693700.227688: 3938271-7f413f7fe700: cdpl_ipc.c:1582: in _host_free__UNSAFE(): debug: freeing host `152.14.98.81:34389'
1743693700.227691: 3938271-7f413f7fe700: cdpl_ipc.c:1621: in _host_free__UNSAFE(): debug: [0 outq, 0 spR, 0 spW]
1743693700.227698: 3938271-7f413f7fe700: cdpl_ipc.c:3756: in cdpl_ipc_free(): warning: 2 host(s) were not released
1743693700.227707: 3938271-7f413f7fe700: cdpl_ipc.c:3767: in cdpl_ipc_free(): debug: done
1743693700.227710: 3938271-7f413f7fe700: cdpl_monitor.c:1390: in cdpl_mn_free(): debug: freeing monitor client
1743693700.227791: 3938271-7f4193db0540: cdpl_farm.c:2740: in cdpl_farm_free(): info: freeing farm
1743693700.227822: 3938271-7f413ffff700: cdpl_farm.c:2231: in _schedule(): debug: end of idling
1743693700.227831: 3938271-7f413ffff700: cdpl_farm.c:2235: in _schedule(): debug: dying
1743693700.227967: 3938271-7f4193db0540: cdpl_farm.c:913: in _killall(): debug: killing all remaining commands
1743693700.227975: 3938271-7f4193db0540: cdpl_server.c:3144: in cdpl_sv_free(): info: freeing server S759833593
1743693700.227979: 3938271-7f4193db0540: cdpl_server.c:3109: in cdpl_sv_kill_errno(): info: killing server
1743693700.227981: 3938271-7f4193db0540: cdpl_ipc.c:3677: in cdpl_ipc_kill(): debug: stopping event server
1743693700.227993: 3938271-7f4169196700: cdpl_ipc.c:2460: in _epoll_main(): debug: server going down...
1743693700.228001: 3938271-7f4168995700: cdpl_server_ipc.c:1200: in _sv_ipc_thread(): debug: leaving now
1743693700.228010: 3938271-7f4193db0540: cdpl_server.c:334: in _sv_free_master(): info: freeing master M1
1743693700.228014: 3938271-7f4193db0540: cdpl_hash.c:68: in cdpl_h_destroy(): debug: put operations: 1
1743693700.228017: 3938271-7f4193db0540: cdpl_hash.c:69: in cdpl_h_destroy(): debug: put collisions: 0
1743693700.228019: 3938271-7f4193db0540: cdpl_hash.c:70: in cdpl_h_destroy(): debug: get operations: 1
1743693700.228021: 3938271-7f4193db0540: cdpl_hash.c:71: in cdpl_h_destroy(): debug: get iterations: 1
1743693700.228026: 3938271-7f4193db0540: cdpl_monitor.c:1390: in cdpl_mn_free(): debug: freeing monitor server
1743693700.228033: 3938271-7f4193db0540: cdpl_ipc.c:3728: in cdpl_ipc_free(): debug: releasing IPC handle
1743693700.228036: 3938271-7f4193db0540: cdpl_ipc.c:1582: in _host_free__UNSAFE(): debug: freeing host `152.14.98.81:51042'
1743693700.228039: 3938271-7f4193db0540: cdpl_ipc.c:1621: in _host_free__UNSAFE(): debug: [0 outq, 0 spR, 0 spW]
1743693700.228065: 3938271-7f4193db0540: cdpl_ipc.c:3767: in cdpl_ipc_free(): debug: done
1743693700.228071: 3938271-7f4193db0540: cdpl_log.c:481: in cdpl_log_close(): info: @@end_of_log@@
