1743535210.356243: 30726-7fa507cfb540: cdpl_log.c:337: in cdpl_log_open(): info: @@start_of_log@@
1743535210.356259: 30726-7fa507cfb540: cdpl_log.c:1058: in cdpl_log_dump_sysinfo(): info: time: 2025/04/01 15:20:10 EDT -0400
1743535210.356260: 30726-7fa507cfb540: cdpl_log.c:1060: in cdpl_log_dump_sysinfo(): info: version: W-2024.09-SP1-2 
1743535210.356261: 30726-7fa507cfb540: cdpl_log.c:1062: in cdpl_log_dump_sysinfo(): info: system: Linux 4.18.0-553.46.1.el8_10.x86_64 #1 SMP Sat Mar 15 01:37:33 EDT 2025
1743535210.356262: 30726-7fa507cfb540: cdpl_log.c:1067: in cdpl_log_dump_sysinfo(): info: processor: x86_64 64-bits
1743535210.356263: 30726-7fa507cfb540: cdpl_log.c:1071: in cdpl_log_dump_sysinfo(): info: hostname: warlock.ece.ncsu.edu
1743535210.356264: 30726-7fa507cfb540: cdpl_log.c:1073: in cdpl_log_dump_sysinfo(): info: program name: custom_shell
1743535210.356265: 30726-7fa507cfb540: cdpl_log.c:340: in cdpl_log_open(): debug: path: /mnt/coe/workspace/ece/ece546-spr25/group8/group8_project/synopsys_custom/pwdp_jobs/saeSession0_HSPICEdefault.SimulationSimulation_cdpl.0.30726/logs/master.warlock.ece.ncsu.edu.30726.log
1743535210.356266: 30726-7fa507cfb540: cdpl_log.c:341: in cdpl_log_open(): debug: dir: /mnt/coe/workspace/ece/ece546-spr25/group8/group8_project/synopsys_custom/pwdp_jobs/saeSession0_HSPICEdefault.SimulationSimulation_cdpl.0.30726/logs
1743535210.359588: 30726-7fa507cfb540: cdpl_server.c:536: in cdpl_sv_init(): info: new server S1860902298
1743535210.359593: 30726-7fa507cfb540: cdpl_ipc.c:3475: in cdpl_ipc_init(): info: requesting IPv4 protocol
1743535210.366099: 30726-7fa507cfb540: cdpl_ipc.c:837: in _selectaddrfamily(): info: selected IPv4 protocol
1743535210.366112: 30726-7fa507cfb540: cdpl_ipc.c:1139: in _set_keepalive(): info: TCP keep alive interval: 300
1743535210.368898: 30726-7fa507cfb540: cdpl_monitor.c:1117: in cdpl_mn_new_server(): info: creating server monitor instance
1743535210.368909: 30726-7fa507cfb540: cdpl_server.c:650: in cdpl_sv_new_master(): info: new master M1
1743535210.368914: 30726-7fa507cfb540: cdpl_server.c:6533: in cdpl_sv_ctl_master(): info: Setting worker heartbeat to 120 seconds
1743535210.368915: 30726-7fa507cfb540: cdpl_server.c:6542: in cdpl_sv_ctl_master(): info: Setting worker heartbeat timeout to 3 heartbeats
1743535210.368917: 30726-7fa507cfb540: cdpl_compat_master.c:2090: in _parse_hostfile(): info: reading hostfile `/mnt/coe/workspace/ece/ece546-spr25/group8/group8_project/synopsys_custom/pwdp_jobs/saeSession0_HSPICEdefault.SimulationSimulation_cdpl.0.30726/host_file'
1743535210.378027: 30726-7fa507cfb540: cdpl_compat_master.c:1900: in _hostfile_parser(): debug: parsing "1     |localhost|   -1  | /tmp | SH | sh"
1743535210.378037: 30726-7fa507cfb540: cdpl_farm.c:2578: in cdpl_farm_new_sh(): info: creating SH farm on localhost
1743535210.378042: 30726-7fa507cfb540: cdpl_compat_master.c:206: in _set_farm_env(): info: exporting CDPL_LOGDIR as `/mnt/coe/workspace/ece/ece546-spr25/group8/group8_project/synopsys_custom/pwdp_jobs/saeSession0_HSPICEdefault.SimulationSimulation_cdpl.0.30726/logs'
1743535210.378043: 30726-7fa507cfb540: cdpl_compat_master.c:212: in _set_farm_env(): info: exporting CDPL_TMPDIR as `/tmp'
1743535210.378044: 30726-7fa507cfb540: cdpl_compat_master.c:219: in _set_farm_env(): info: exporting CDPL_HOME as `/mnt/apps/public/COE/synopsys_apps/hspice/W-2024.09-SP1/hspice/cdpl'
1743535210.378045: 30726-7fa507cfb540: cdpl_compat_master.c:235: in _set_farm_env(): info: exporting SNPSLMD_LICENSE_FILE as `27000@ece-lic-35.ece.ncsu.edu'
1743535210.378046: 30726-7fa507cfb540: cdpl_compat_master.c:259: in _set_farm_env(): info: exporting CDPL_OPTIONS as `[nowlogs]'
1743535210.378047: 30726-7fa507cfb540: cdpl_compat_master.c:266: in _set_farm_env(): info: exporting DISPLAY as `unix:28678'
1743535210.378048: 30726-7fa507cfb540: cdpl_compat_master.c:274: in _set_farm_env(): info: exporting CDPL_HEARTBEAT as `120'
1743535210.378062: 30726-7fa507cfb540: cdpl_farm.c:3149: in cdpl_farm_add_withdir(): debug: added `localhost' (capacity: unlimited)
1743535210.378063: 30726-7fa507cfb540: cdpl_compat_parse.c:147: in parsefile(): debug: read `/mnt/coe/workspace/ece/ece546-spr25/group8/group8_project/synopsys_custom/pwdp_jobs/saeSession0_HSPICEdefault.SimulationSimulation_cdpl.0.30726/host_file', 2 lines
1743535210.378066: 30726-7fa507cfb540: cdpl_compat_master.c:2931: in cdplInitMaster(): info: bcast dir is `/mnt/coe/workspace/ece/ece546-spr25/group8/group8_project/synopsys_custom/pwdp_jobs/saeSession0_HSPICEdefault.SimulationSimulation_cdpl.0.30726/logs'
1743535210.384756: 30726-7fa507cfb540: cdpl_server.c:6433: in cdpl_sv_ctl_master(): info: farm worker timeout set to 300
1743535210.384758: 30726-7fa507cfb540: cdpl_server.c:6486: in cdpl_sv_ctl_master(): info: maximum number of task execution attempts set to 1
1743535210.384773: 30726-7fa507cfb540: cdpl_server.c:3195: in cdpl_sv_start(): debug: starting server
1743535210.384776: 30726-7fa507cfb540: cdpl_ipc.c:3632: in cdpl_ipc_start(): debug: starting IPC server 152.14.99.148:38731
1743535210.384957: 30726-7fa4c37fe700: cdpl_server_ipc.c:1182: in _sv_ipc_thread(): debug: ready
1743535210.384969: 30726-7fa4c2ffd700: cdpl_monitor.c:426: in cdpl_mn_init_client(): info: creating client monitor instance
1743535210.384978: 30726-7fa4c2ffd700: cdpl_ipc.c:3475: in cdpl_ipc_init(): info: requesting IPv4 protocol
1743535210.390690: 30726-7fa4c2ffd700: cdpl_ipc.c:837: in _selectaddrfamily(): info: selected IPv4 protocol
1743535210.390696: 30726-7fa4c2ffd700: cdpl_ipc.c:1139: in _set_keepalive(): info: TCP keep alive interval: 300
1743535210.393989: 30726-7fa4c2ffd700: cdpl_ipc.c:3632: in cdpl_ipc_start(): debug: starting IPC server 152.14.99.148:40633
1743535210.394065: 30726-7fa4c2ffd700: cdpl_monitor.c:471: in cdpl_mn_init_client(): debug: incoming messages in /tmp/cdpl-monitor-ec9nTU
1743535210.394106: 30726-7fa4c2ffd700: cdpl_monitor.c:533: in cdpl_mn_connect(): debug: connecting to 152.14.99.148:38731
1743535210.394109: 30726-7fa4c2ffd700: cdpl_ipc.c:3789: in cdpl_ipc_connect(): info: connecting to 152.14.99.148:38731
1743535210.394172: 30726-7fa4c2ffd700: cdpl_ipc.c:3860: in cdpl_ipc_connect(): info: connected as `152.14.99.148:55412'
1743535210.394180: 30726-7fa4c2ffd700: cdpl_ipc.c:2503: in cdpl_ipc_host_accept(): debug: accepted host `152.14.99.148:38731'
1743535210.394195: 30726-7fa4c2ffd700: cdpl_monitor.c:579: in cdpl_mn_connect(): debug: ok
1743535210.394210: 30726-7fa507cfb540: cdpl_server.c:731: in cdpl_sv_new_job(): info: new job J1 in M1
1743535210.394226: 30726-7fa507cfb540: cdpl_compat_master.c:1581: in _add_worker(): info: new worker type 10, min:1, max:3, cmd:`/mnt/coe/workspace/ece/ece546-spr25/group8/group8_project/synopsys_custom/pwdp_jobs/saeSession0_HSPICEdefault.SimulationSimulation_cdpl.0.30726/START_WORKER pw_worker -i /mnt/coe/workspace/ece/ece546-spr25/group8/gro
1743535210.394234: 30726-7fa507cfb540: cdpl_server.c:908: in cdpl_sv_new_bin_withfarm(): info: new bin B1 in J1
1743535210.394278: 30726-7fa4c3fff700: cdpl_ipc.c:1862: in _epoll_accept(): debug: new connection from `152.14.99.148:55412'
1743535210.394403: 30726-7fa4c37fe700: cdpl_server_ipc.c:1225: in _sv_ipc_thread(): debug: received ACCEPT notification
1743535210.394412: 30726-7fa4c37fe700: cdpl_ipc.c:2503: in cdpl_ipc_host_accept(): debug: accepted host `152.14.99.148:55412'
1743535210.394518: 30726-7fa4c37fe700: cdpl_server_ipc.c:1256: in _sv_ipc_thread(): debug: received MONITOR message
1743535210.394582: 30726-7fa4c37fe700: cdpl_monitor.c:1207: in cdpl_mn_accept(): debug: accepted monitor `152.14.99.148:55412'
1743535210.394583: 30726-7fa4b37fe700: cdpl_monitor.c:910: in mn_systat(): debug: started
1743535210.394587: 30726-7fa4c37fe700: cdpl_server_ipc_mon.c:120: in _globalLOCK(): debug: ENTERTING GLOBAL LOCK
1743535210.394588: 30726-7fa4c37fe700: cdpl_server_ipc_mon.c:164: in _globalLOCK(): debug: global lock acquired
1743535210.394697: 30726-7fa4b37fe700: cdpl_monitor.c:937: in mn_systat(): debug: monitor server flush rate: 5
1743535210.441686: 30726-7fa4c37fe700: cdpl_server_ipc_mon.c:210: in _globalUNLOCK(): debug: LEAVING GLOBAL LOCK
1743535210.824338: 30726-7fa507cfb540: cdpl_server.c:3249: in cdpl_sv_start_job(): info: starting job J1
1743535210.824351: 30726-7fa507cfb540: cdpl_server.c:62: in _sv_start_bin(): debug: starting bin B1 (min: 0, max: 3)
1743535210.824401: 30726-7fa4b2ffd700: cdpl_server_sched.c:2482: in _sv_scheduler_thread(): debug: scheduler for bin B1 started
1743535210.824424: 30726-7fa507cfb540: cdpl_server.c:1893: in _sv_gen_task(): info: new task T0 in B1 (prio 0)
1743535210.824444: 30726-7fa507cfb540: cdpl_server.c:2698: in cdpl_sv_label_task_va(): info: setting task T0 label to "HSPICE_1|HSPICE"
1743535210.824469: 30726-7fa4b2ffd700: cdpl_server_sched.c:2443: in _scheduler_run(): debug: will start a new worker
1743535210.824485: 30726-7fa4b2ffd700: cdpl_farm.c:3977: in cdpl_farm_submit(): debug: 1 running processes
1743535210.824487: 30726-7fa4b2ffd700: cdpl_farm.c:3985: in cdpl_farm_submit(): debug: new command C1 in bin B1 assigned to host `localhost'
1743535210.824524: 30726-7fa4b2ffd700: cdpl_server_sched.c:705: in _sv_launch_worker(): info: started worker W1 (as C1) in bin B1
1743535210.824531: 30726-7fa4b27fc700: cdpl_farm.c:2139: in _schedule(): debug: started
1743535210.824536: 30726-7fa4b27fc700: cdpl_farm.c:2303: in _schedule(): debug: submitting command C1 in bin B1
1743535210.824546: 30726-7fa4b27fc700: cdpl_sh.c:49: in _sh_detached_submit(): info: SH : /mnt/coe/workspace/ece/ece546-spr25/group8/group8_project/synopsys_custom/pwdp_jobs/saeSession0_HSPICEdefault.SimulationSimulation_cdpl.0.30726/START_WORKER pw_worker -i /mnt/coe/workspace/ece/ece546-spr25/group8/group8_project/synopsys_custom/pwdp_jobs/saeSession0_HSPICEdefault.SimulationSimulation_cdpl.0.30726 -t 10000
1743535210.827025: 30726-7fa4b27fc700: cdpl_farm.c:2343: in _schedule(): debug: C1 in bin B1 running on slot 0
1743535210.827041: 30726-7fa4b27fc700: cdpl_farm.c:2167: in _schedule(): debug: idle
1743535211.080396: 30726-7fa507cfb540: cdpl_compat_master.c:5948: in cdplMasterLogInfo(): info: [non-CDPL log entry] PWDP3: reset pilot cache succeeded, pilot_key=saeSession0,1,HSPICE_default|&/mnt/coe/workspace/ece/ece546-spr25/group8/group8_project/simulation/group8,2to4decodermux_tb,schematic/history_1/simulation/HSPICE_default/HSPICE/nominal/results
1743535211.127119: 30726-7fa4b27fc700: cdpl_farm.c:1193: in _onexit(): debug: C1 in bin B1 exited normally on slot 0
1743535211.687155: 30726-7fa4c0ff9700: cdpl_compat_master.c:5948: in cdplMasterLogInfo(): info: [non-CDPL log entry] PWDP - no-workers started ok check start!
1743535212.676507: 30726-7fa4c3fff700: cdpl_ipc.c:1862: in _epoll_accept(): debug: new connection from `152.14.99.148:55426'
1743535212.676529: 30726-7fa4c37fe700: cdpl_server_ipc.c:1225: in _sv_ipc_thread(): debug: received ACCEPT notification
1743535212.676535: 30726-7fa4c37fe700: cdpl_ipc.c:2503: in cdpl_ipc_host_accept(): debug: accepted host `152.14.99.148:55426'
1743535212.676686: 30726-7fa4c37fe700: cdpl_server_ipc.c:1246: in _sv_ipc_thread(): debug: received HELLO message
1743535212.676687: 30726-7fa4c37fe700: cdpl_server_ipc.c:430: in _sv_on_hello(): debug: looking up W1
1743535212.676689: 30726-7fa4c37fe700: cdpl_server_ipc.c:540: in _sv_on_hello(): info: W1 is `152.14.99.148:55426'
1743535212.676690: 30726-7fa4c37fe700: cdpl_server_ipc.c:541: in _sv_on_hello(): debug: hello W1 (B1)
1743535212.676691: 30726-7fa4c37fe700: cdpl_server_ipc.c:542: in _sv_on_hello(): info: W1 log file is /dev/null
1743535212.676718: 30726-7fa4c37fe700: cdpl_server_ipc.c:602: in _sv_on_hello(): info: up to 1 alive workers in B1
1743535212.676723: 30726-7fa4c37fe700: cdpl_farm.c:878: in _release_cmd(): debug: freeing command C1 in bin B1
1743535212.676733: 30726-7fa4b2ffd700: cdpl_server_sched.c:960: in _assign(): info: assigning task T0 to worker W1
1743535213.677147: 30726-7fa4c37fe700: cdpl_server_ipc.c:312: in _sv_on_heartbeat(): debug: received HEARTBEAT from worker W1 at 152.14.99.148:55426
1743535215.459261: 30726-7fa4c2ffd700: cdpl_monitor.c:533: in cdpl_mn_connect(): debug: connecting to 152.14.99.148:33277
1743535215.459267: 30726-7fa4c2ffd700: cdpl_ipc.c:3789: in cdpl_ipc_connect(): info: connecting to 152.14.99.148:33277
1743535215.459357: 30726-7fa4c2ffd700: cdpl_ipc.c:3860: in cdpl_ipc_connect(): info: connected as `152.14.99.148:35934'
1743535215.459361: 30726-7fa4c2ffd700: cdpl_ipc.c:2503: in cdpl_ipc_host_accept(): debug: accepted host `152.14.99.148:33277'
1743535215.459364: 30726-7fa4c2ffd700: cdpl_monitor.c:579: in cdpl_mn_connect(): debug: ok
1743535215.568649: 30726-7fa4c37fe700: cdpl_server_ipc.c:1268: in _sv_ipc_thread(): debug: received RELAY message
1743535215.568655: 30726-7fa4c37fe700: cdpl_server_ipc.c:713: in _sv_on_relay(): debug: RELAY message from W1, size = 54
1743535215.568657: 30726-7fa4c37fe700: cdpl_server_ipc.c:715: in _sv_on_relay(): debug: RELAY message from W1, content = 0$32749 warlock.ece.ncsu.edu 32785 RUNNING 1743535215
1743535231.421558: 30726-7fa4c37fe700: cdpl_server_ipc.c:1268: in _sv_ipc_thread(): debug: received RELAY message
1743535231.424765: 30726-7fa4c37fe700: cdpl_server_ipc.c:713: in _sv_on_relay(): debug: RELAY message from W1, size = 47
1743535231.424768: 30726-7fa4c37fe700: cdpl_server_ipc.c:715: in _sv_on_relay(): debug: RELAY message from W1, content = WORKERDU|970,dc2isi00nfs.oit.ncsu.edu:/coe_nfs
1743535231.424772: 30726-7fa4c37fe700: cdpl_server_ipc.c:1268: in _sv_ipc_thread(): debug: received RELAY message
1743535231.424772: 30726-7fa4c37fe700: cdpl_server_ipc.c:713: in _sv_on_relay(): debug: RELAY message from W1, size = 205
1743535231.424773: 30726-7fa4c37fe700: cdpl_server_ipc.c:715: in _sv_on_relay(): debug: RELAY message from W1, content = REQPILOT|saeSession0,1,HSPICE_default|&/mnt/coe/workspace/ece/ece546-spr25/group8/group8_project/simulation/group8,2to4decodermux_tb,schematic/history_1/simulation/HSPICE_default/HSPICE/nominal/results|&0
1743535231.424979: 30726-7fa4c17fa700: cdpl_compat_master.c:5948: in cdplMasterLogInfo(): info: [non-CDPL log entry] PWDP send back 'DOPILOT' to worker id:1 key: saeSession0,1,HSPICE_default|&/mnt/coe/workspace/ece/ece546-spr25/group8/group8_project/simulation/group8,2to4decodermux_tb,schematic/history_1/simulation/HSPICE_default/HSPICE/nominal/results
1743535231.435560: 30726-7fa4c17fa700: cdpl_compat_master.c:5948: in cdplMasterLogInfo(): info: [non-CDPL log entry] PWDP: set pilot doing!
1743535231.451871: 30726-7fa4c37fe700: cdpl_server_ipc.c:1268: in _sv_ipc_thread(): debug: received RELAY message
1743535231.451875: 30726-7fa4c37fe700: cdpl_server_ipc.c:713: in _sv_on_relay(): debug: RELAY message from W1, size = 201
1743535231.451877: 30726-7fa4c37fe700: cdpl_server_ipc.c:715: in _sv_on_relay(): debug: RELAY message from W1, content = PILOTOK|saeSession0,1,HSPICE_default|&/mnt/coe/workspace/ece/ece546-spr25/group8/group8_project/simulation/group8,2to4decodermux_tb,schematic/history_1/simulation/HSPICE_default/HSPICE/nominal/results
1743535231.451881: 30726-7fa4c17fa700: cdpl_compat_master.c:5948: in cdplMasterLogInfo(): info: [non-CDPL log entry] PWDP: set pilot done!
1743535231.451931: 30726-7fa4c37fe700: cdpl_server_ipc.c:1268: in _sv_ipc_thread(): debug: received RELAY message
1743535231.451933: 30726-7fa4c37fe700: cdpl_server_ipc.c:713: in _sv_on_relay(): debug: RELAY message from W1, size = 18
1743535231.451934: 30726-7fa4c37fe700: cdpl_server_ipc.c:715: in _sv_on_relay(): debug: RELAY message from W1, content = 0$- - - MEASDOING
1743535237.156100: 30726-7fa4c37fe700: cdpl_server_ipc.c:1268: in _sv_ipc_thread(): debug: received RELAY message
1743535237.158866: 30726-7fa4c37fe700: cdpl_server_ipc.c:713: in _sv_on_relay(): debug: RELAY message from W1, size = 66
1743535237.158868: 30726-7fa4c37fe700: cdpl_server_ipc.c:715: in _sv_on_relay(): debug: RELAY message from W1, content = 0$32749 warlock.ece.ncsu.edu 32785 FINISHED 1743535215|1743535237
1743535237.176249: 30726-7fa4c37fe700: cdpl_server_ipc.c:1268: in _sv_ipc_thread(): debug: received RELAY message
1743535237.176250: 30726-7fa4c37fe700: cdpl_server_ipc.c:713: in _sv_on_relay(): debug: RELAY message from W1, size = 203
1743535237.176251: 30726-7fa4c37fe700: cdpl_server_ipc.c:715: in _sv_on_relay(): debug: RELAY message from W1, content = PILOTDONE|saeSession0,1,HSPICE_default|&/mnt/coe/workspace/ece/ece546-spr25/group8/group8_project/simulation/group8,2to4decodermux_tb,schematic/history_1/simulation/HSPICE_default/HSPICE/nominal/results
1743535237.176259: 30726-7fa4c17fa700: cdpl_compat_master.c:5948: in cdplMasterLogInfo(): info: [non-CDPL log entry] saeSession0,1,HSPICE_default|&/mnt/coe/workspace/ece/ece546-spr25/group8/group8_project/simulation/group8,2to4decodermux_tb,schematic/history_1/simulation/HSPICE_default/HSPICE/nominal/results PILOTDONE!
1743535237.206632: 30726-7fa4c37fe700: cdpl_server_ipc.c:1251: in _sv_ipc_thread(): debug: received FINISH message
1743535237.206635: 30726-7fa4c37fe700: cdpl_server_ipc.c:983: in _sv_on_finish(): info: worker W1 completed task T0
1743535237.206636: 30726-7fa4c37fe700: cdpl_server_ipc.c:988: in _sv_on_finish(): debug: stat T0: utime=4182 stime=782
1743535237.206637: 30726-7fa4c37fe700: cdpl_server_ipc.c:993: in _sv_on_finish(): debug: statm T0: vsize=3079836 rss=1069860 shared=519444 text=474784 data=734520
1743535237.255238: 30726-7fa4c37fe700: cdpl_server_ipc.c:1268: in _sv_ipc_thread(): debug: received RELAY message
1743535237.255240: 30726-7fa4c37fe700: cdpl_server_ipc.c:713: in _sv_on_relay(): debug: RELAY message from W1, size = 47
1743535237.255241: 30726-7fa4c37fe700: cdpl_server_ipc.c:715: in _sv_on_relay(): debug: RELAY message from W1, content = WORKERDU|348,dc2isi00nfs.oit.ncsu.edu:/coe_nfs
1743535243.992501: 30726-7fa507cfb540: cdpl_server.c:3008: in cdpl_sv_halt_job_errno(): info: killing job J1
1743535243.995389: 30726-7fa507cfb540: cdpl_server.c:3044: in cdpl_sv_halt_job_errno(): debug: signal bin B1 scheduler to stop
1743535243.995396: 30726-7fa4b2ffd700: cdpl_server_sched.c:2484: in _sv_scheduler_thread(): debug: scheduler for bin B1 stopped
1743535243.995412: 30726-7fa4b2ffd700: cdpl_ipc.c:1657: in _host_drop__UNSAFE(): debug: dropping host `152.14.99.148:55426'
1743535243.995436: 30726-7fa4b2ffd700: cdpl_server_sched.c:2830: in _sv_drop_worker(): info: down to 0 alive workers in B1
1743535243.995438: 30726-7fa4c37fe700: cdpl_server_ipc.c:1236: in _sv_ipc_thread(): debug: received DROP notification
1743535243.995443: 30726-7fa4b2ffd700: cdpl_farm.c:4152: in cdpl_farm_dismiss(): debug: down to 0 running processes
1743535243.995452: 30726-7fa4b2ffd700: cdpl_server_sched.c:121: in _free_worker_2(): debug: freeing worker W1
1743535243.995459: 30726-7fa4b2ffd700: cdpl_ipc.c:2513: in cdpl_ipc_host_release(): debug: releasing host `152.14.99.148:55426'
1743535243.995467: 30726-7fa507cfb540: cdpl_server.c:294: in _sv_free_job(): info: freeing job J1
1743535243.995468: 30726-7fa507cfb540: cdpl_server.c:92: in _sv_free_bin(): debug: freeing bin B1
1743535243.995471: 30726-7fa507cfb540: cdpl_server.c:184: in _sv_free_task(): debug: freeing task T0
1743535243.995492: 30726-7fa507cfb540: cdpl_monitor.c:515: in cdpl_mn_kill(): info: killing monitor
1743535243.995496: 30726-7fa507cfb540: cdpl_ipc.c:3677: in cdpl_ipc_kill(): debug: stopping event server
1743535243.995508: 30726-7fa4c3fff700: cdpl_ipc.c:1582: in _host_free__UNSAFE(): debug: freeing host `152.14.99.148:55426'
1743535243.995512: 30726-7fa4c3fff700: cdpl_ipc.c:1621: in _host_free__UNSAFE(): debug: [0 outq, 0 spR, 0 spW]
1743535243.995516: 30726-7fa4c3fff700: cdpl_ipc.c:775: in _readv(): warning: read(): EOF
1743535243.995517: 30726-7fa4c27fc700: cdpl_ipc.c:2460: in _epoll_main(): debug: server going down...
1743535243.995524: 30726-7fa4c3fff700: cdpl_ipc.c:2100: in _epoll_recv(): debug: _readv(): Broken pipe
1743535243.995526: 30726-7fa4c3fff700: cdpl_ipc.c:2424: in _epoll_main(): debug: _epoll_recv(): Broken pipe
1743535243.995528: 30726-7fa4c3fff700: cdpl_ipc.c:1657: in _host_drop__UNSAFE(): debug: dropping host `152.14.99.148:55412'
1743535243.995547: 30726-7fa4c37fe700: cdpl_server_ipc.c:1236: in _sv_ipc_thread(): debug: received DROP notification
1743535243.995553: 30726-7fa4c37fe700: cdpl_monitor.c:1269: in cdpl_mn_drop(): debug: detaching from monitor `152.14.99.148:55412'
1743535243.995555: 30726-7fa4c37fe700: cdpl_monitor.c:1101: in mn_systat_stop(): debug: joining systat thread
1743535243.995565: 30726-7fa4b37fe700: cdpl_monitor.c:1079: in mn_systat(): debug: exiting
1743535243.995568: 30726-7fa4c37fe700: cdpl_monitor.c:1103: in mn_systat_stop(): debug: systat thread done
1743535243.995569: 30726-7fa4c37fe700: cdpl_ipc.c:2513: in cdpl_ipc_host_release(): debug: releasing host `152.14.99.148:55412'
1743535243.999216: 30726-7fa4c2ffd700: cdpl_ipc.c:3728: in cdpl_ipc_free(): debug: releasing IPC handle
1743535243.999219: 30726-7fa4c2ffd700: cdpl_ipc.c:3742: in cdpl_ipc_free(): debug: 1 unread messages
1743535243.999220: 30726-7fa4c2ffd700: cdpl_ipc.c:1582: in _host_free__UNSAFE(): debug: freeing host `152.14.99.148:33277'
1743535243.999221: 30726-7fa4c2ffd700: cdpl_ipc.c:1621: in _host_free__UNSAFE(): debug: [0 outq, 0 spR, 0 spW]
1743535243.999226: 30726-7fa4c2ffd700: cdpl_ipc.c:1582: in _host_free__UNSAFE(): debug: freeing host `152.14.99.148:38731'
1743535243.999227: 30726-7fa4c2ffd700: cdpl_ipc.c:1621: in _host_free__UNSAFE(): debug: [0 outq, 0 spR, 0 spW]
1743535243.999230: 30726-7fa4c2ffd700: cdpl_ipc.c:3756: in cdpl_ipc_free(): warning: 2 host(s) were not released
1743535243.999236: 30726-7fa4c2ffd700: cdpl_ipc.c:3767: in cdpl_ipc_free(): debug: done
1743535243.999237: 30726-7fa4c2ffd700: cdpl_monitor.c:1390: in cdpl_mn_free(): debug: freeing monitor client
1743535243.999279: 30726-7fa507cfb540: cdpl_farm.c:2740: in cdpl_farm_free(): info: freeing farm
1743535243.999286: 30726-7fa4b27fc700: cdpl_farm.c:2231: in _schedule(): debug: end of idling
1743535243.999291: 30726-7fa4b27fc700: cdpl_farm.c:2235: in _schedule(): debug: dying
1743535243.999313: 30726-7fa507cfb540: cdpl_farm.c:913: in _killall(): debug: killing all remaining commands
1743535243.999319: 30726-7fa507cfb540: cdpl_server.c:3144: in cdpl_sv_free(): info: freeing server S1860902298
1743535243.999326: 30726-7fa507cfb540: cdpl_server.c:3109: in cdpl_sv_kill_errno(): info: killing server
1743535243.999327: 30726-7fa507cfb540: cdpl_ipc.c:3677: in cdpl_ipc_kill(): debug: stopping event server
1743535243.999331: 30726-7fa4c37fe700: cdpl_server_ipc.c:1200: in _sv_ipc_thread(): debug: leaving now
1743535243.999334: 30726-7fa4c3fff700: cdpl_ipc.c:2460: in _epoll_main(): debug: server going down...
1743535243.999336: 30726-7fa507cfb540: cdpl_server.c:334: in _sv_free_master(): info: freeing master M1
1743535243.999340: 30726-7fa507cfb540: cdpl_hash.c:68: in cdpl_h_destroy(): debug: put operations: 1
1743535243.999341: 30726-7fa507cfb540: cdpl_hash.c:69: in cdpl_h_destroy(): debug: put collisions: 0
1743535243.999341: 30726-7fa507cfb540: cdpl_hash.c:70: in cdpl_h_destroy(): debug: get operations: 1
1743535243.999342: 30726-7fa507cfb540: cdpl_hash.c:71: in cdpl_h_destroy(): debug: get iterations: 1
1743535243.999348: 30726-7fa507cfb540: cdpl_monitor.c:1390: in cdpl_mn_free(): debug: freeing monitor server
1743535243.999349: 30726-7fa507cfb540: cdpl_ipc.c:3728: in cdpl_ipc_free(): debug: releasing IPC handle
1743535243.999350: 30726-7fa507cfb540: cdpl_ipc.c:1582: in _host_free__UNSAFE(): debug: freeing host `152.14.99.148:55412'
1743535243.999351: 30726-7fa507cfb540: cdpl_ipc.c:1621: in _host_free__UNSAFE(): debug: [0 outq, 0 spR, 0 spW]
1743535243.999357: 30726-7fa507cfb540: cdpl_ipc.c:3767: in cdpl_ipc_free(): debug: done
1743535243.999360: 30726-7fa507cfb540: cdpl_log.c:481: in cdpl_log_close(): info: @@end_of_log@@
