[23:51:51.48] /o 
              /c                          PrimeWave Design Environment 
              /c 
              /c                Version W-2024.09-SP1-2 for linux64 - Jan 15, 2025
              /c              Based on Custom Infrastructure
              /c Version W-2024.09-SP1-2
              /c 
              /c                     Copyright (c) 2004 - 2025 Synopsys, Inc.
              /c    This software and the associated documentation are proprietary to Synopsys,
              /c  Inc. This software may only be used in accordance with the terms and conditions
              /c  of a written license agreement with Synopsys, Inc. All other use, reproduction,
              /c    or distribution of this software is strictly prohibited.  Licensed Products
              /c      communicate with Synopsys servers for the purpose of providing software
              /c     updates, detecting software piracy and verifying that customers are using
              /c     Licensed Products in conformity with the applicable License Key for such
              /c   Licensed Products. Synopsys will use information gathered in connection with
              /c     this process to deliver software updates and pursue software pirates and
              /c                                    infringers.
              /c 
              /c  Inclusivity & Diversity - Visit SolvNetPlus to read the "Synopsys Statement on
              /c             Inclusivity and Diversity" (Refer to article 000036315 at
              /c                         https://solvnetplus.synopsys.com)
              /c 
              /c Build  (OPT) Config 11252589 compiled on Wed Jan 15 11:01:36 2025 for AlmaLinux 8.4
              /c Invocation: /mnt/apps/public/COE/synopsys_apps/primewave/W-2024.09-SP1-2/linux64/platform/bin/custom_shell -application primewave -gui 0 -uniqueString 424077b79e1069ee0d98d8038f0bc3c01821bd3b15388cbc66f921a156078c1a342485b8acc50dfa6649df0220ee50f7 -python 0 -command "source /mnt/coe/workspace/ece/ece546-spr25/group8/group8_project/synopsys_custom/sim_server/custom_compiler.hrajesh/stb.group8.memory_array_tb.schematic.session4/sim_server_init.tcl" -log /mnt/coe/workspace/ece/ece546-spr25/group8/group8_project/synopsys_custom/primewave_session4_sim_server_job1 -libDefFile /mnt/coe/workspace/ece/ece546-spr25/group8/group8_project/lib.defs
              /c Execution time: Thu Apr  3 23:51:50 2025
              /c Host: viper.ece.ncsu.edu
              /c Working directory: /mnt/coe/workspace/ece/ece546-spr25/group8/group8_project
              /c 
[23:51:55.75] /m Information: Registering ICV PERC package...
[23:51:56.24] /m Information: Feature 'SynopsysCustomSAE' checked out. (LICENSE-003)
[23:51:56.57] /o 
[23:51:56.58] /i source /mnt/coe/workspace/ece/ece546-spr25/group8/group8_project/synopsys_custom/sim_server/custom_compiler.hrajesh/stb.group8.memory_array_tb.schematic.session4/sim_server_init.tcl
[23:51:56.77] /o SimServer socket started on viper.ece.ncsu.edu:38423
[23:51:57.14] /m Information: Launching Waveform Viewer "cd /mnt/coe/workspace/ece/ece546-spr25/group8/group8_project/synopsys_custom/sim_server/custom_compiler.hrajesh/stb.group8.memory_array_tb.schematic.session4/logs &&  /mnt/apps/public/COE/synopsys_apps/primewave/W-2024.09-SP1-2/auxx/../linux64/swv/bin/swv  -bg_gui -k -cdesigner -ptype wv -spxkey /mnt/apps/public/COE/synopsys_apps/primewave/W-2024.09-SP1-2/auxx/waveform/sae.spxkey -spxrc /tmp/tmp_sae_spxrc_yGxkhp -unique_string 424077b79e1069eebf0f214a1de778f61821bd3b15388cbc66f921a156078c1a5436d32e2b3ebddc7479578a676eda8ff65b323265a0d56f -lic_type 2   -parent_cc_pid 222436  > /mnt/coe/workspace/ece/ece546-spr25/group8/group8_project/synopsys_custom/sim_server/custom_compiler.hrajesh/stb.group8.memory_array_tb.schematic.session4/logs/viewer.log 2>&1"
[23:51:57.18] /o ==== Received Msg ====
              /c len=213 sourceSoc=sock4b0c3f20 msgIndex=23 rawMsg=AppendTask /mnt/coe/workspace/ece/ece546-spr25/group8/group8_project/synopsys_custom/sim_server/custom_compiler.hrajesh/stb.group8.memory_array_tb.schematic.session4/task0/sim_script0.tcl 0 saeSession4 1 overwrite
[23:51:57.18] /o 
[23:51:58.36] /m Information: "Starting incremental netlisting for design "group8/memory_array_tb/schematic"..." (NETLISTING-010)
[23:51:58.41] /o Loading: Callback files...
[23:51:58.42] /o Loading: scripts/callbacks/callbacks.tcl
[23:51:58.42] /o 
              /c [INFO] : Loading display.drf from /mnt/designkits/ncsu/FreePDK3/syncust/NCSU_TechLib_FreePDK3
              /c 
              /c  if you wish to Load other display.drf, please set shell environment valiable "iPDK_load_display_NCSU_TechLib_FreePDK3" to value = 0
[23:51:58.42] /o 
[23:51:58.43] /w Warning: Could not set the value of preference xtDRCTool because it does not exist. (PREFERENCE-016)
[23:51:58.43] /w Warning: Could not set the value of preference xtDRCICVRunsetFile because it does not exist. (PREFERENCE-016)
[23:51:58.43] /w Warning: Could not set the value of preference xtDRCICVIncludePaths because it does not exist. (PREFERENCE-016)
[23:51:58.43] /w Warning: Could not set the value of preference xtDRCLayDBFormat because it does not exist. (PREFERENCE-016)
[23:51:58.43] /w Warning: Could not set the value of preference xtLVSTool because it does not exist. (PREFERENCE-016)
[23:51:58.43] /w Warning: Could not set the value of preference xtLVSICVRunsetFile because it does not exist. (PREFERENCE-016)
[23:51:58.43] /w Warning: Could not set the value of preference xtLVSICVIncludePaths because it does not exist. (PREFERENCE-016)
[23:51:58.43] /w Warning: Could not set the value of preference xtLVSLayDBFormat because it does not exist. (PREFERENCE-016)
[23:51:58.43] /w Warning: Could not set the value of preference xtLPELVSTool because it does not exist. (PREFERENCE-016)
[23:51:58.43] /w Warning: Could not set the value of preference xtLPETool because it does not exist. (PREFERENCE-016)
[23:51:58.43] /w Warning: Could not set the value of preference xtLPEOpenParasiticView because it does not exist. (PREFERENCE-016)
[23:51:58.43] /w Warning: Could not set the value of preference xtStarTcadGrdFile because it does not exist. (PREFERENCE-016)
[23:51:58.43] /w Warning: Could not set the value of preference xtLPEStarOADeviceMappingFile because it does not exist. (PREFERENCE-016)
[23:51:58.43] /w Warning: Could not set the value of preference xtStarOALayerMappingFile because it does not exist. (PREFERENCE-016)
[23:51:58.43] /o 	#######################################
[23:51:58.43] /o 	CC-PDK Library Name	: FreePDK3
[23:51:58.43] /o 	#######################################
[23:51:58.43] /o 
[23:51:58.47] /o Netlisting
[23:51:58.47] /o Creating output directories
[23:51:58.61] /o No Design Integrity rule violations found in "group8/memory_array_tb/schematic"
[23:51:58.61] /o Scanning: group8/memory_array_tb/schematic
[23:51:58.65] /m Information: CellView 'group8/memory_array/schematic': Unable to connect to OA Lock File Daemon(oaFSLockD) on host 'grendel32.ece.ncsu.edu'. Check if oaFSLockD is running on the host. If the host is invalid, remove its oacache files. (oaDMFileSys)
[23:51:58.80] /o Scanning: group8/memory_array/schematic
[23:51:58.88] /o Scanning: group8/precharge_logic/schematic
[23:51:58.97] /o Scanning: group8/sram_6t/schematic
[23:51:59.10] /o Scanning: group8/static_row_decoder_3by8/schematic
[23:51:59.12] /o Scanning: group8/nand_i3/schematic
[23:51:59.15] /o Scanning: group8/inv/schematic
[23:51:59.18] /o Scanning: group8/buffer_highdrive/schematic
[23:51:59.20] /o Scanning: group8/invx4/schematic
[23:51:59.24] /o Scanning: group8/columnDecoder/schematic
[23:51:59.27] /o Scanning: group8/2to4_decoder/schematic
[23:51:59.30] /o Scanning: group8/Write_Driver/schematic
[23:51:59.32] /o Scanning: group8/read_circuit/schematic
[23:51:59.35] /o Scanning: group8/nand/schematic
[23:51:59.38] /o Scanning: group8/tspc_pos_ff/schematic
[23:51:59.43] /o Scanning: group8/agen_unit/schematic
[23:51:59.46] /m Information: 
[23:51:59.46] /o Checking "group8/Demux/schematic"
[23:51:59.46] /o No rule violations found in "group8/Demux/schematic"
[23:51:59.46] /o Scanning: group8/Demux/schematic
[23:51:59.48] /m Information: 
[23:51:59.48] /o Checking "group8/nor/schematic"
[23:51:59.48] /o No rule violations found in "group8/nor/schematic"
[23:51:59.48] /o Scanning: group8/nor/schematic
[23:51:59.52] /o Scanning: group8/WLRef_PC/schematic
[23:51:59.55] /m Information: 
[23:51:59.55] /o Checking "group8/buffer/schematic"
[23:51:59.55] /o No rule violations found in "group8/buffer/schematic"
[23:51:59.55] /o Scanning: group8/buffer/schematic
[23:51:59.61] /o Computing terminal lists
[23:51:59.61] /o Processing terminals of module group8/precharge_logic/schematic
[23:51:59.62] /o Processing terminals of module group8/sram_6t/schematic
[23:51:59.63] /o Processing terminals of module group8/nand_i3/schematic
[23:51:59.63] /o Processing terminals of module group8/inv/schematic
[23:51:59.63] /o Processing terminals of module group8/buffer_highdrive/schematic
[23:51:59.63] /o Processing terminals of module group8/invx4/schematic
[23:51:59.63] /o Processing terminals of module group8/static_row_decoder_3by8/schematic
[23:51:59.63] /o Processing terminals of module group8/2to4_decoder/schematic
[23:51:59.63] /o Processing terminals of module group8/columnDecoder/schematic
[23:51:59.63] /o Processing terminals of module group8/Write_Driver/schematic
[23:51:59.63] /o Processing terminals of module group8/nand/schematic
[23:51:59.63] /o Processing terminals of module group8/read_circuit/schematic
[23:51:59.63] /o Processing terminals of module group8/tspc_pos_ff/schematic
[23:51:59.63] /o Processing terminals of module group8/Demux/schematic
[23:51:59.63] /o Processing terminals of module group8/nor/schematic
[23:51:59.63] /o Processing terminals of module group8/agen_unit/schematic
[23:51:59.63] /o Processing terminals of module group8/buffer/schematic
[23:51:59.63] /o Processing terminals of module group8/WLRef_PC/schematic
[23:51:59.63] /o Processing terminals of module group8/memory_array/schematic
[23:51:59.63] /o Processing terminals of module group8/memory_array_tb/schematic
[23:51:59.63] /o Starting netlisting
[23:52:00.09] /o Formatting group8/memory_array_tb/schematic
[23:52:00.10] /m Information: "group8 memory_array_tb schematic" renetlisted. (NETLISTING-056)
[23:52:00.45] /m Information: "Netlisting design "group8/memory_array_tb/schematic" finished successfully." (NETLISTING-012)
[23:52:00.51] /# Composing simulator input file for design "group8/memory_array_tb/schematic"...
[23:52:08.82] /# Simulator input file composed successfully for design "group8/memory_array_tb/schematic"
[23:52:08.92] /m Information: Save ouputs to /mnt/coe/workspace/ece/ece546-spr25/group8/group8_project/simulation/group8,memory_array_tb,schematic/history_1/simulation/default/PrimeSimHSPICE/nominal/results/outputs.tcl for AVA evaluation.
[23:52:09.99] /o 
[23:52:10.89] /o                                          Composing Nominal                                         
[23:52:11.14] /o                             Launching jobs for testbench default started                            
[23:52:11.15] /# Starting PrimeSimHSPICE simulation for design: group8/memory_array_tb/schematic
[23:52:11.20] /o                             Creating jobs for testbench default (0 / 1)                            
[23:52:11.25] /o                                Launching 1 jobs for testbench default                               
[23:52:11.52] /o                            Launching jobs for testbench default finished                           
[23:52:13.00] /m Information: 0 of 1 testbench(es) done. (PW_GUI-714)
[23:52:14.05] /m Information: Job distribution master (saeSession4,default.Simulation_Simulation session:session0 testbench:default) : up to 1 job running workers.
[23:52:35.54] /# Simulation completed successfully for design: group8/memory_array_tb/schematic  (PW-651)
[23:52:35.61] /# Netlisting and simulation completed for testbench: default in 37s
[23:52:35.62] /# Evaluating and plotting outputs...
[23:52:40.92] /m Information: Jobs distribution master quit! (PW_GUI-822)
[23:52:41.53] /# Evaluating and plotting completed for testbench: default in 6s
[23:52:41.57] /m Information: 1 of 1 testbench(es) done. (PW_GUI-714)
[23:56:46.58] /o ==== Received Msg ====
              /c len=8 sourceSoc=sock4b0c3f20 msgIndex=54 rawMsg=idleExit
[23:56:46.58] /o 
[23:56:46.61] /m Information: Exiting simulation server process. (PW_GUI-984)
[23:56:47.49] /o Shutdown time: Thu Apr  3 23:56:47 2025
[23:56:47.49] /o Elapsed session real time: 4.95 minutes
[23:56:47.49] /o Session terminated. Log is at /mnt/coe/workspace/ece/ece546-spr25/group8/group8_project/synopsys_custom/logs/primewave.hrajesh.2025_4_3_235150_222436.log
[23:56:47.50] /e Error: {}
