1744244785.697786: 1051080-7f77c6916540: cdpl_log.c:337: in cdpl_log_open(): info: @@start_of_log@@
1744244785.697812: 1051080-7f77c6916540: cdpl_log.c:1058: in cdpl_log_dump_sysinfo(): info: time: 2025/04/09 20:26:25 EDT -0400
1744244785.697818: 1051080-7f77c6916540: cdpl_log.c:1060: in cdpl_log_dump_sysinfo(): info: version: W-2024.09-SP1-2 
1744244785.697822: 1051080-7f77c6916540: cdpl_log.c:1062: in cdpl_log_dump_sysinfo(): info: system: Linux 4.18.0-553.46.1.el8_10.x86_64 #1 SMP Sat Mar 15 01:37:33 EDT 2025
1744244785.697825: 1051080-7f77c6916540: cdpl_log.c:1067: in cdpl_log_dump_sysinfo(): info: processor: x86_64 64-bits
1744244785.697828: 1051080-7f77c6916540: cdpl_log.c:1071: in cdpl_log_dump_sysinfo(): info: hostname: hydra11.ece.ncsu.edu
1744244785.697831: 1051080-7f77c6916540: cdpl_log.c:1073: in cdpl_log_dump_sysinfo(): info: program name: custom_shell
1744244785.697837: 1051080-7f77c6916540: cdpl_log.c:340: in cdpl_log_open(): debug: path: /mnt/coe/workspace/ece/ece546-spr25/group8/group8_project/synopsys_custom/pwdp_jobs/saeSession0_HSPICEdefault.SimulationSimulation_cdpl.1.1051080/logs/master.hydra11.ece.ncsu.edu.1051080.log
1744244785.697840: 1051080-7f77c6916540: cdpl_log.c:341: in cdpl_log_open(): debug: dir: /mnt/coe/workspace/ece/ece546-spr25/group8/group8_project/synopsys_custom/pwdp_jobs/saeSession0_HSPICEdefault.SimulationSimulation_cdpl.1.1051080/logs
1744244785.697849: 1051080-7f77c6916540: cdpl_server.c:536: in cdpl_sv_init(): info: new server S1472324832
1744244785.697854: 1051080-7f77c6916540: cdpl_ipc.c:3475: in cdpl_ipc_init(): info: requesting IPv4 protocol
1744244785.701901: 1051080-7f77c6916540: cdpl_ipc.c:837: in _selectaddrfamily(): info: selected IPv4 protocol
1744244785.701942: 1051080-7f77c6916540: cdpl_ipc.c:1139: in _set_keepalive(): info: TCP keep alive interval: 300
1744244785.704523: 1051080-7f77c6916540: cdpl_monitor.c:1117: in cdpl_mn_new_server(): info: creating server monitor instance
1744244785.704545: 1051080-7f77c6916540: cdpl_server.c:650: in cdpl_sv_new_master(): info: new master M1
1744244785.704561: 1051080-7f77c6916540: cdpl_server.c:6533: in cdpl_sv_ctl_master(): info: Setting worker heartbeat to 120 seconds
1744244785.704567: 1051080-7f77c6916540: cdpl_server.c:6542: in cdpl_sv_ctl_master(): info: Setting worker heartbeat timeout to 3 heartbeats
1744244785.704574: 1051080-7f77c6916540: cdpl_compat_master.c:2090: in _parse_hostfile(): info: reading hostfile `/mnt/coe/workspace/ece/ece546-spr25/group8/group8_project/synopsys_custom/pwdp_jobs/saeSession0_HSPICEdefault.SimulationSimulation_cdpl.1.1051080/host_file'
1744244785.708995: 1051080-7f77c6916540: cdpl_compat_master.c:1900: in _hostfile_parser(): debug: parsing "1     |localhost|   -1  | /tmp | SH | sh"
1744244785.709017: 1051080-7f77c6916540: cdpl_farm.c:2578: in cdpl_farm_new_sh(): info: creating SH farm on localhost
1744244785.709028: 1051080-7f77c6916540: cdpl_compat_master.c:206: in _set_farm_env(): info: exporting CDPL_LOGDIR as `/mnt/coe/workspace/ece/ece546-spr25/group8/group8_project/synopsys_custom/pwdp_jobs/saeSession0_HSPICEdefault.SimulationSimulation_cdpl.1.1051080/logs'
1744244785.709034: 1051080-7f77c6916540: cdpl_compat_master.c:212: in _set_farm_env(): info: exporting CDPL_TMPDIR as `/tmp'
1744244785.709040: 1051080-7f77c6916540: cdpl_compat_master.c:219: in _set_farm_env(): info: exporting CDPL_HOME as `/mnt/apps/public/COE/synopsys_apps/hspice/W-2024.09-SP1/hspice/cdpl'
1744244785.709046: 1051080-7f77c6916540: cdpl_compat_master.c:235: in _set_farm_env(): info: exporting SNPSLMD_LICENSE_FILE as `27000@ece-lic-35.ece.ncsu.edu'
1744244785.709052: 1051080-7f77c6916540: cdpl_compat_master.c:259: in _set_farm_env(): info: exporting CDPL_OPTIONS as `[nowlogs]'
1744244785.709056: 1051080-7f77c6916540: cdpl_compat_master.c:266: in _set_farm_env(): info: exporting DISPLAY as `unix:20533'
1744244785.709061: 1051080-7f77c6916540: cdpl_compat_master.c:274: in _set_farm_env(): info: exporting CDPL_HEARTBEAT as `120'
1744244785.709072: 1051080-7f77c6916540: cdpl_farm.c:3149: in cdpl_farm_add_withdir(): debug: added `localhost' (capacity: unlimited)
1744244785.709101: 1051080-7f77c6916540: cdpl_compat_parse.c:147: in parsefile(): debug: read `/mnt/coe/workspace/ece/ece546-spr25/group8/group8_project/synopsys_custom/pwdp_jobs/saeSession0_HSPICEdefault.SimulationSimulation_cdpl.1.1051080/host_file', 2 lines
1744244785.709105: 1051080-7f77c6916540: cdpl_compat_master.c:2931: in cdplInitMaster(): info: bcast dir is `/mnt/coe/workspace/ece/ece546-spr25/group8/group8_project/synopsys_custom/pwdp_jobs/saeSession0_HSPICEdefault.SimulationSimulation_cdpl.1.1051080/logs'
1744244785.712457: 1051080-7f77c6916540: cdpl_server.c:6433: in cdpl_sv_ctl_master(): info: farm worker timeout set to 300
1744244785.712467: 1051080-7f77c6916540: cdpl_server.c:6486: in cdpl_sv_ctl_master(): info: maximum number of task execution attempts set to 1
1744244785.712478: 1051080-7f77c6916540: cdpl_server.c:3195: in cdpl_sv_start(): debug: starting server
1744244785.712484: 1051080-7f77c6916540: cdpl_ipc.c:3632: in cdpl_ipc_start(): debug: starting IPC server 152.14.98.7:34395
1744244785.712844: 1051080-7f778fcef700: cdpl_server_ipc.c:1182: in _sv_ipc_thread(): debug: ready
1744244785.712963: 1051080-7f777e7fc700: cdpl_monitor.c:426: in cdpl_mn_init_client(): info: creating client monitor instance
1744244785.712982: 1051080-7f777e7fc700: cdpl_ipc.c:3475: in cdpl_ipc_init(): info: requesting IPv4 protocol
1744244785.718577: 1051080-7f777e7fc700: cdpl_ipc.c:837: in _selectaddrfamily(): info: selected IPv4 protocol
1744244785.718641: 1051080-7f777e7fc700: cdpl_ipc.c:1139: in _set_keepalive(): info: TCP keep alive interval: 300
1744244785.721891: 1051080-7f777e7fc700: cdpl_ipc.c:3632: in cdpl_ipc_start(): debug: starting IPC server 152.14.98.7:39745
1744244785.722146: 1051080-7f777e7fc700: cdpl_monitor.c:471: in cdpl_mn_init_client(): debug: incoming messages in /tmp/cdpl-monitor-nh1eJ8
1744244785.722327: 1051080-7f777e7fc700: cdpl_monitor.c:533: in cdpl_mn_connect(): debug: connecting to 152.14.98.7:34395
1744244785.722335: 1051080-7f777e7fc700: cdpl_ipc.c:3789: in cdpl_ipc_connect(): info: connecting to 152.14.98.7:34395
1744244785.722538: 1051080-7f777e7fc700: cdpl_ipc.c:3860: in cdpl_ipc_connect(): info: connected as `152.14.98.7:32980'
1744244785.722551: 1051080-7f777e7fc700: cdpl_ipc.c:2503: in cdpl_ipc_host_accept(): debug: accepted host `152.14.98.7:34395'
1744244785.722559: 1051080-7f777e7fc700: cdpl_monitor.c:579: in cdpl_mn_connect(): debug: ok
1744244785.722580: 1051080-7f77c6916540: cdpl_server.c:731: in cdpl_sv_new_job(): info: new job J1 in M1
1744244785.722597: 1051080-7f778f4ee700: cdpl_ipc.c:1862: in _epoll_accept(): debug: new connection from `152.14.98.7:32980'
1744244785.722613: 1051080-7f77c6916540: cdpl_compat_master.c:1581: in _add_worker(): info: new worker type 10, min:1, max:3, cmd:`/mnt/coe/workspace/ece/ece546-spr25/group8/group8_project/synopsys_custom/pwdp_jobs/saeSession0_HSPICEdefault.SimulationSimulation_cdpl.1.1051080/START_WORKER pw_worker -i /mnt/coe/workspace/ece/ece546-spr25/group8/g
1744244785.722623: 1051080-7f77c6916540: cdpl_server.c:908: in cdpl_sv_new_bin_withfarm(): info: new bin B1 in J1
1744244785.722658: 1051080-7f778fcef700: cdpl_server_ipc.c:1225: in _sv_ipc_thread(): debug: received ACCEPT notification
1744244785.722678: 1051080-7f778fcef700: cdpl_ipc.c:2503: in cdpl_ipc_host_accept(): debug: accepted host `152.14.98.7:32980'
1744244785.722694: 1051080-7f778fcef700: cdpl_server_ipc.c:1256: in _sv_ipc_thread(): debug: received MONITOR message
1744244785.722896: 1051080-7f778fcef700: cdpl_monitor.c:1207: in cdpl_mn_accept(): debug: accepted monitor `152.14.98.7:32980'
1744244785.722904: 1051080-7f778fcef700: cdpl_server_ipc_mon.c:120: in _globalLOCK(): debug: ENTERTING GLOBAL LOCK
1744244785.722908: 1051080-7f778fcef700: cdpl_server_ipc_mon.c:164: in _globalLOCK(): debug: global lock acquired
1744244785.722950: 1051080-7f778d4ea700: cdpl_monitor.c:910: in mn_systat(): debug: started
1744244785.723300: 1051080-7f778d4ea700: cdpl_monitor.c:937: in mn_systat(): debug: monitor server flush rate: 5
1744244785.811316: 1051080-7f778fcef700: cdpl_server_ipc_mon.c:210: in _globalUNLOCK(): debug: LEAVING GLOBAL LOCK
1744244785.974428: 1051080-7f77c6916540: cdpl_server.c:3249: in cdpl_sv_start_job(): info: starting job J1
1744244785.974452: 1051080-7f77c6916540: cdpl_server.c:62: in _sv_start_bin(): debug: starting bin B1 (min: 0, max: 3)
1744244785.974608: 1051080-7f77c6916540: cdpl_server.c:1893: in _sv_gen_task(): info: new task T0 in B1 (prio 0)
1744244785.974619: 1051080-7f777f7fe700: cdpl_server_sched.c:2482: in _sv_scheduler_thread(): debug: scheduler for bin B1 started
1744244785.974638: 1051080-7f77c6916540: cdpl_server.c:2698: in cdpl_sv_label_task_va(): info: setting task T0 label to "HSPICE_2|HSPICE"
1744244785.974651: 1051080-7f777f7fe700: cdpl_server_sched.c:2443: in _scheduler_run(): debug: will start a new worker
1744244785.974669: 1051080-7f777f7fe700: cdpl_farm.c:3977: in cdpl_farm_submit(): debug: 1 running processes
1744244785.974674: 1051080-7f777f7fe700: cdpl_farm.c:3985: in cdpl_farm_submit(): debug: new command C1 in bin B1 assigned to host `localhost'
1744244785.974795: 1051080-7f777f7fe700: cdpl_server_sched.c:705: in _sv_launch_worker(): info: started worker W1 (as C1) in bin B1
1744244785.974814: 1051080-7f777effd700: cdpl_farm.c:2139: in _schedule(): debug: started
1744244785.974827: 1051080-7f777effd700: cdpl_farm.c:2303: in _schedule(): debug: submitting command C1 in bin B1
1744244785.974835: 1051080-7f777effd700: cdpl_sh.c:49: in _sh_detached_submit(): info: SH : /mnt/coe/workspace/ece/ece546-spr25/group8/group8_project/synopsys_custom/pwdp_jobs/saeSession0_HSPICEdefault.SimulationSimulation_cdpl.1.1051080/START_WORKER pw_worker -i /mnt/coe/workspace/ece/ece546-spr25/group8/group8_project/synopsys_custom/pwdp_jobs/saeSession0_HSPICEdefault.SimulationSimulation_cdpl.1.1051080 -t 10000
1744244785.982921: 1051080-7f777effd700: cdpl_farm.c:2343: in _schedule(): debug: C1 in bin B1 running on slot 0
1744244785.982966: 1051080-7f777effd700: cdpl_farm.c:2167: in _schedule(): debug: idle
1744244786.123221: 1051080-7f77c6916540: cdpl_compat_master.c:5948: in cdplMasterLogInfo(): info: [non-CDPL log entry] PWDP3: reset pilot cache succeeded, pilot_key=saeSession0,1,HSPICE_default|&/mnt/coe/workspace/ece/ece546-spr25/group8/group8_project/simulation/group8,tb2025_1,schematic/history_1/simulation/HSPICE_default/HSPICE/nominal/results
1744244786.283048: 1051080-7f777effd700: cdpl_farm.c:1193: in _onexit(): debug: C1 in bin B1 exited normally on slot 0
1744244787.143634: 1051080-7f778cce9700: cdpl_compat_master.c:5948: in cdplMasterLogInfo(): info: [non-CDPL log entry] PWDP - no-workers started ok check start!
1744244789.249608: 1051080-7f778f4ee700: cdpl_ipc.c:1862: in _epoll_accept(): debug: new connection from `152.14.98.7:37630'
1744244789.249653: 1051080-7f778fcef700: cdpl_server_ipc.c:1225: in _sv_ipc_thread(): debug: received ACCEPT notification
1744244789.249673: 1051080-7f778fcef700: cdpl_ipc.c:2503: in cdpl_ipc_host_accept(): debug: accepted host `152.14.98.7:37630'
1744244789.249968: 1051080-7f778fcef700: cdpl_server_ipc.c:1246: in _sv_ipc_thread(): debug: received HELLO message
1744244789.249973: 1051080-7f778fcef700: cdpl_server_ipc.c:430: in _sv_on_hello(): debug: looking up W1
1744244789.249977: 1051080-7f778fcef700: cdpl_server_ipc.c:540: in _sv_on_hello(): info: W1 is `152.14.98.7:37630'
1744244789.249981: 1051080-7f778fcef700: cdpl_server_ipc.c:541: in _sv_on_hello(): debug: hello W1 (B1)
1744244789.249984: 1051080-7f778fcef700: cdpl_server_ipc.c:542: in _sv_on_hello(): info: W1 log file is /dev/null
1744244789.250003: 1051080-7f778fcef700: cdpl_server_ipc.c:602: in _sv_on_hello(): info: up to 1 alive workers in B1
1744244789.250012: 1051080-7f778fcef700: cdpl_farm.c:878: in _release_cmd(): debug: freeing command C1 in bin B1
1744244789.250028: 1051080-7f777f7fe700: cdpl_server_sched.c:960: in _assign(): info: assigning task T0 to worker W1
1744244790.250762: 1051080-7f778fcef700: cdpl_server_ipc.c:312: in _sv_on_heartbeat(): debug: received HEARTBEAT from worker W1 at 152.14.98.7:37630
1744244790.786943: 1051080-7f777e7fc700: cdpl_monitor.c:533: in cdpl_mn_connect(): debug: connecting to 152.14.98.7:40593
1744244790.786970: 1051080-7f777e7fc700: cdpl_ipc.c:3789: in cdpl_ipc_connect(): info: connecting to 152.14.98.7:40593
1744244790.787206: 1051080-7f777e7fc700: cdpl_ipc.c:3860: in cdpl_ipc_connect(): info: connected as `152.14.98.7:47790'
1744244790.787225: 1051080-7f777e7fc700: cdpl_ipc.c:2503: in cdpl_ipc_host_accept(): debug: accepted host `152.14.98.7:40593'
1744244790.787241: 1051080-7f777e7fc700: cdpl_monitor.c:579: in cdpl_mn_connect(): debug: ok
1744244793.144005: 1051080-7f778fcef700: cdpl_server_ipc.c:1268: in _sv_ipc_thread(): debug: received RELAY message
1744244793.144025: 1051080-7f778fcef700: cdpl_server_ipc.c:713: in _sv_on_relay(): debug: RELAY message from W1, size = 58
1744244793.144031: 1051080-7f778fcef700: cdpl_server_ipc.c:715: in _sv_on_relay(): debug: RELAY message from W1, content = 0$1056802 hydra11.ece.ncsu.edu 1056896 RUNNING 1744244792
1744244821.968778: 1051080-7f778fcef700: cdpl_server_ipc.c:1268: in _sv_ipc_thread(): debug: received RELAY message
1744244821.970043: 1051080-7f778fcef700: cdpl_server_ipc.c:713: in _sv_on_relay(): debug: RELAY message from W1, size = 48
1744244821.970052: 1051080-7f778fcef700: cdpl_server_ipc.c:715: in _sv_on_relay(): debug: RELAY message from W1, content = WORKERDU|1403,dc2isi00nfs.oit.ncsu.edu:/coe_nfs
1744244827.205803: 1051080-7f778fcef700: cdpl_server_ipc.c:1268: in _sv_ipc_thread(): debug: received RELAY message
1744244827.207143: 1051080-7f778fcef700: cdpl_server_ipc.c:713: in _sv_on_relay(): debug: RELAY message from W1, size = 47
1744244827.207152: 1051080-7f778fcef700: cdpl_server_ipc.c:715: in _sv_on_relay(): debug: RELAY message from W1, content = WORKERDU|200,dc2isi00nfs.oit.ncsu.edu:/coe_nfs
1744244839.185651: 1051080-7f778fcef700: cdpl_server_ipc.c:1268: in _sv_ipc_thread(): debug: received RELAY message
1744244839.187116: 1051080-7f778fcef700: cdpl_server_ipc.c:713: in _sv_on_relay(): debug: RELAY message from W1, size = 46
1744244839.187125: 1051080-7f778fcef700: cdpl_server_ipc.c:715: in _sv_on_relay(): debug: RELAY message from W1, content = WORKERDU|72,dc2isi00nfs.oit.ncsu.edu:/coe_nfs
1744244846.283266: 1051080-7f777effd700: cdpl_farm.c:2173: in _schedule(): debug: idle
1744244851.170406: 1051080-7f778fcef700: cdpl_server_ipc.c:1268: in _sv_ipc_thread(): debug: received RELAY message
1744244851.171780: 1051080-7f778fcef700: cdpl_server_ipc.c:713: in _sv_on_relay(): debug: RELAY message from W1, size = 46
1744244851.171788: 1051080-7f778fcef700: cdpl_server_ipc.c:715: in _sv_on_relay(): debug: RELAY message from W1, content = WORKERDU|80,dc2isi00nfs.oit.ncsu.edu:/coe_nfs
1744244863.166588: 1051080-7f778fcef700: cdpl_server_ipc.c:1268: in _sv_ipc_thread(): debug: received RELAY message
1744244863.167856: 1051080-7f778fcef700: cdpl_server_ipc.c:713: in _sv_on_relay(): debug: RELAY message from W1, size = 46
1744244863.167865: 1051080-7f778fcef700: cdpl_server_ipc.c:715: in _sv_on_relay(): debug: RELAY message from W1, content = WORKERDU|72,dc2isi00nfs.oit.ncsu.edu:/coe_nfs
1744244875.201302: 1051080-7f778fcef700: cdpl_server_ipc.c:1268: in _sv_ipc_thread(): debug: received RELAY message
1744244875.202643: 1051080-7f778fcef700: cdpl_server_ipc.c:713: in _sv_on_relay(): debug: RELAY message from W1, size = 46
1744244875.202652: 1051080-7f778fcef700: cdpl_server_ipc.c:715: in _sv_on_relay(): debug: RELAY message from W1, content = WORKERDU|80,dc2isi00nfs.oit.ncsu.edu:/coe_nfs
1744244887.173854: 1051080-7f778fcef700: cdpl_server_ipc.c:1268: in _sv_ipc_thread(): debug: received RELAY message
1744244887.175144: 1051080-7f778fcef700: cdpl_server_ipc.c:713: in _sv_on_relay(): debug: RELAY message from W1, size = 46
1744244887.175153: 1051080-7f778fcef700: cdpl_server_ipc.c:715: in _sv_on_relay(): debug: RELAY message from W1, content = WORKERDU|72,dc2isi00nfs.oit.ncsu.edu:/coe_nfs
1744244899.140245: 1051080-7f778fcef700: cdpl_server_ipc.c:1268: in _sv_ipc_thread(): debug: received RELAY message
1744244899.141526: 1051080-7f778fcef700: cdpl_server_ipc.c:713: in _sv_on_relay(): debug: RELAY message from W1, size = 46
1744244899.141540: 1051080-7f778fcef700: cdpl_server_ipc.c:715: in _sv_on_relay(): debug: RELAY message from W1, content = WORKERDU|72,dc2isi00nfs.oit.ncsu.edu:/coe_nfs
1744244906.284796: 1051080-7f777effd700: cdpl_farm.c:2173: in _schedule(): debug: idle
1744244906.751882: 1051080-7f778dceb700: cdpl_compat_master.c:5948: in cdplMasterLogInfo(): info: [non-CDPL log entry] PWDP: message receiver is alive.
1744244910.250926: 1051080-7f778fcef700: cdpl_server_ipc.c:312: in _sv_on_heartbeat(): debug: received HEARTBEAT from worker W1 at 152.14.98.7:37630
1744244911.123756: 1051080-7f778fcef700: cdpl_server_ipc.c:1268: in _sv_ipc_thread(): debug: received RELAY message
1744244911.123774: 1051080-7f778fcef700: cdpl_server_ipc.c:713: in _sv_on_relay(): debug: RELAY message from W1, size = 46
1744244911.123779: 1051080-7f778fcef700: cdpl_server_ipc.c:715: in _sv_on_relay(): debug: RELAY message from W1, content = WORKERDU|80,dc2isi00nfs.oit.ncsu.edu:/coe_nfs
1744244919.063753: 1051080-7f778cce9700: cdpl_compat_master.c:5948: in cdplMasterLogInfo(): info: [non-CDPL log entry] PWDP: master status watchdog is alive.
1744244921.869458: 1051080-7f778fcef700: cdpl_server_ipc.c:1268: in _sv_ipc_thread(): debug: received RELAY message
1744244921.869476: 1051080-7f778fcef700: cdpl_server_ipc.c:713: in _sv_on_relay(): debug: RELAY message from W1, size = 196
1744244921.869481: 1051080-7f778fcef700: cdpl_server_ipc.c:715: in _sv_on_relay(): debug: RELAY message from W1, content = REQPILOT|saeSession0,1,HSPICE_default|&/mnt/coe/workspace/ece/ece546-spr25/group8/group8_project/simulation/group8,tb2025_1,schematic/history_1/simulation/HSPICE_default/HSPICE/nominal/results|&0
1744244921.869553: 1051080-7f778dceb700: cdpl_compat_master.c:5948: in cdplMasterLogInfo(): info: [non-CDPL log entry] PWDP send back 'DOPILOT' to worker id:1 key: saeSession0,1,HSPICE_default|&/mnt/coe/workspace/ece/ece546-spr25/group8/group8_project/simulation/group8,tb2025_1,schematic/history_1/simulation/HSPICE_default/HSPICE/nominal/results
1744244921.877453: 1051080-7f778dceb700: cdpl_compat_master.c:5948: in cdplMasterLogInfo(): info: [non-CDPL log entry] PWDP: set pilot doing!
1744244921.891719: 1051080-7f778fcef700: cdpl_server_ipc.c:1268: in _sv_ipc_thread(): debug: received RELAY message
1744244921.891733: 1051080-7f778fcef700: cdpl_server_ipc.c:713: in _sv_on_relay(): debug: RELAY message from W1, size = 192
1744244921.891738: 1051080-7f778fcef700: cdpl_server_ipc.c:715: in _sv_on_relay(): debug: RELAY message from W1, content = PILOTOK|saeSession0,1,HSPICE_default|&/mnt/coe/workspace/ece/ece546-spr25/group8/group8_project/simulation/group8,tb2025_1,schematic/history_1/simulation/HSPICE_default/HSPICE/nominal/results
1744244921.891784: 1051080-7f778dceb700: cdpl_compat_master.c:5948: in cdplMasterLogInfo(): info: [non-CDPL log entry] PWDP: set pilot done!
1744244921.891887: 1051080-7f778fcef700: cdpl_server_ipc.c:1268: in _sv_ipc_thread(): debug: received RELAY message
1744244921.891893: 1051080-7f778fcef700: cdpl_server_ipc.c:713: in _sv_on_relay(): debug: RELAY message from W1, size = 18
1744244921.891896: 1051080-7f778fcef700: cdpl_server_ipc.c:715: in _sv_on_relay(): debug: RELAY message from W1, content = 0$- - - MEASDOING
1744244925.978476: 1051080-7f778fcef700: cdpl_server_ipc.c:1268: in _sv_ipc_thread(): debug: received RELAY message
1744244925.979765: 1051080-7f778fcef700: cdpl_server_ipc.c:713: in _sv_on_relay(): debug: RELAY message from W1, size = 70
1744244925.979774: 1051080-7f778fcef700: cdpl_server_ipc.c:715: in _sv_on_relay(): debug: RELAY message from W1, content = 0$1056802 hydra11.ece.ncsu.edu 1056896 FINISHED 1744244792|1744244925
1744244925.991413: 1051080-7f778fcef700: cdpl_server_ipc.c:1268: in _sv_ipc_thread(): debug: received RELAY message
1744244925.991426: 1051080-7f778fcef700: cdpl_server_ipc.c:713: in _sv_on_relay(): debug: RELAY message from W1, size = 194
1744244925.991431: 1051080-7f778fcef700: cdpl_server_ipc.c:715: in _sv_on_relay(): debug: RELAY message from W1, content = PILOTDONE|saeSession0,1,HSPICE_default|&/mnt/coe/workspace/ece/ece546-spr25/group8/group8_project/simulation/group8,tb2025_1,schematic/history_1/simulation/HSPICE_default/HSPICE/nominal/results
1744244925.991487: 1051080-7f778dceb700: cdpl_compat_master.c:5948: in cdplMasterLogInfo(): info: [non-CDPL log entry] saeSession0,1,HSPICE_default|&/mnt/coe/workspace/ece/ece546-spr25/group8/group8_project/simulation/group8,tb2025_1,schematic/history_1/simulation/HSPICE_default/HSPICE/nominal/results PILOTDONE!
1744244926.006446: 1051080-7f778fcef700: cdpl_server_ipc.c:1251: in _sv_ipc_thread(): debug: received FINISH message
1744244926.006458: 1051080-7f778fcef700: cdpl_server_ipc.c:983: in _sv_on_finish(): info: worker W1 completed task T0
1744244926.006463: 1051080-7f778fcef700: cdpl_server_ipc.c:988: in _sv_on_finish(): debug: stat T0: utime=141591 stime=3368
1744244926.006467: 1051080-7f778fcef700: cdpl_server_ipc.c:993: in _sv_on_finish(): debug: statm T0: vsize=2869276 rss=1064644 shared=519508 text=474784 data=735108
1744244926.021757: 1051080-7f77c6916540: cdpl_server.c:227: in _sv_free_task_safe(): debug: freeing task T0
1744244926.038867: 1051080-7f778fcef700: cdpl_server_ipc.c:1268: in _sv_ipc_thread(): debug: received RELAY message
1744244926.038880: 1051080-7f778fcef700: cdpl_server_ipc.c:713: in _sv_on_relay(): debug: RELAY message from W1, size = 47
1744244926.038885: 1051080-7f778fcef700: cdpl_server_ipc.c:715: in _sv_on_relay(): debug: RELAY message from W1, content = WORKERDU|213,dc2isi00nfs.oit.ncsu.edu:/coe_nfs
1744244931.766879: 1051080-7f77c6916540: cdpl_server.c:3008: in cdpl_sv_halt_job_errno(): info: killing job J1
1744244931.768267: 1051080-7f77c6916540: cdpl_server.c:3044: in cdpl_sv_halt_job_errno(): debug: signal bin B1 scheduler to stop
1744244931.768297: 1051080-7f777f7fe700: cdpl_server_sched.c:2484: in _sv_scheduler_thread(): debug: scheduler for bin B1 stopped
1744244931.768315: 1051080-7f777f7fe700: cdpl_ipc.c:1657: in _host_drop__UNSAFE(): debug: dropping host `152.14.98.7:37630'
1744244931.768369: 1051080-7f777f7fe700: cdpl_server_sched.c:2830: in _sv_drop_worker(): info: down to 0 alive workers in B1
1744244931.768375: 1051080-7f777f7fe700: cdpl_farm.c:4152: in cdpl_farm_dismiss(): debug: down to 0 running processes
1744244931.768380: 1051080-7f778fcef700: cdpl_server_ipc.c:1236: in _sv_ipc_thread(): debug: received DROP notification
1744244931.768464: 1051080-7f777f7fe700: cdpl_server_sched.c:121: in _free_worker_2(): debug: freeing worker W1
1744244931.768470: 1051080-7f777f7fe700: cdpl_ipc.c:2513: in cdpl_ipc_host_release(): debug: releasing host `152.14.98.7:37630'
1744244931.768474: 1051080-7f777f7fe700: cdpl_ipc.c:2529: in cdpl_ipc_host_release(): debug: scheduling for immediate release
1744244931.768485: 1051080-7f77c6916540: cdpl_server.c:294: in _sv_free_job(): info: freeing job J1
1744244931.768492: 1051080-7f77c6916540: cdpl_server.c:92: in _sv_free_bin(): debug: freeing bin B1
1744244931.768506: 1051080-7f77c6916540: cdpl_monitor.c:515: in cdpl_mn_kill(): info: killing monitor
1744244931.768510: 1051080-7f77c6916540: cdpl_ipc.c:3677: in cdpl_ipc_kill(): debug: stopping event server
1744244931.768527: 1051080-7f778eced700: cdpl_ipc.c:2460: in _epoll_main(): debug: server going down...
1744244931.768569: 1051080-7f778f4ee700: cdpl_ipc.c:775: in _readv(): warning: read(): EOF
1744244931.768594: 1051080-7f778f4ee700: cdpl_ipc.c:2100: in _epoll_recv(): debug: _readv(): Broken pipe
1744244931.768599: 1051080-7f778f4ee700: cdpl_ipc.c:2424: in _epoll_main(): debug: _epoll_recv(): Broken pipe
1744244931.768606: 1051080-7f778f4ee700: cdpl_ipc.c:1657: in _host_drop__UNSAFE(): debug: dropping host `152.14.98.7:32980'
1744244931.768678: 1051080-7f778f4ee700: cdpl_ipc.c:1582: in _host_free__UNSAFE(): debug: freeing host `152.14.98.7:37630'
1744244931.768684: 1051080-7f778f4ee700: cdpl_ipc.c:1621: in _host_free__UNSAFE(): debug: [0 outq, 0 spR, 0 spW]
1744244931.768694: 1051080-7f778fcef700: cdpl_server_ipc.c:1236: in _sv_ipc_thread(): debug: received DROP notification
1744244931.768726: 1051080-7f778fcef700: cdpl_monitor.c:1269: in cdpl_mn_drop(): debug: detaching from monitor `152.14.98.7:32980'
1744244931.768733: 1051080-7f778fcef700: cdpl_monitor.c:1101: in mn_systat_stop(): debug: joining systat thread
1744244931.768750: 1051080-7f778d4ea700: cdpl_monitor.c:1079: in mn_systat(): debug: exiting
1744244931.768762: 1051080-7f778fcef700: cdpl_monitor.c:1103: in mn_systat_stop(): debug: systat thread done
1744244931.768767: 1051080-7f778fcef700: cdpl_ipc.c:2513: in cdpl_ipc_host_release(): debug: releasing host `152.14.98.7:32980'
1744244931.768859: 1051080-7f777e7fc700: cdpl_ipc.c:3728: in cdpl_ipc_free(): debug: releasing IPC handle
1744244931.768869: 1051080-7f777e7fc700: cdpl_ipc.c:1582: in _host_free__UNSAFE(): debug: freeing host `152.14.98.7:40593'
1744244931.768873: 1051080-7f777e7fc700: cdpl_ipc.c:1621: in _host_free__UNSAFE(): debug: [0 outq, 0 spR, 0 spW]
1744244931.768892: 1051080-7f777e7fc700: cdpl_ipc.c:1582: in _host_free__UNSAFE(): debug: freeing host `152.14.98.7:34395'
1744244931.768896: 1051080-7f777e7fc700: cdpl_ipc.c:1621: in _host_free__UNSAFE(): debug: [0 outq, 0 spR, 0 spW]
1744244931.768905: 1051080-7f777e7fc700: cdpl_ipc.c:3756: in cdpl_ipc_free(): warning: 2 host(s) were not released
1744244931.768916: 1051080-7f777e7fc700: cdpl_ipc.c:3767: in cdpl_ipc_free(): debug: done
1744244931.768919: 1051080-7f777e7fc700: cdpl_monitor.c:1390: in cdpl_mn_free(): debug: freeing monitor client
1744244931.769003: 1051080-7f77c6916540: cdpl_farm.c:2740: in cdpl_farm_free(): info: freeing farm
1744244931.769022: 1051080-7f777effd700: cdpl_farm.c:2231: in _schedule(): debug: end of idling
1744244931.769029: 1051080-7f777effd700: cdpl_farm.c:2235: in _schedule(): debug: dying
1744244931.769103: 1051080-7f77c6916540: cdpl_farm.c:913: in _killall(): debug: killing all remaining commands
1744244931.769111: 1051080-7f77c6916540: cdpl_server.c:3144: in cdpl_sv_free(): info: freeing server S1472324832
1744244931.769116: 1051080-7f77c6916540: cdpl_server.c:3109: in cdpl_sv_kill_errno(): info: killing server
1744244931.769119: 1051080-7f77c6916540: cdpl_ipc.c:3677: in cdpl_ipc_kill(): debug: stopping event server
1744244931.769133: 1051080-7f778f4ee700: cdpl_ipc.c:2460: in _epoll_main(): debug: server going down...
1744244931.769143: 1051080-7f778fcef700: cdpl_server_ipc.c:1200: in _sv_ipc_thread(): debug: leaving now
1744244931.769154: 1051080-7f77c6916540: cdpl_server.c:334: in _sv_free_master(): info: freeing master M1
1744244931.769159: 1051080-7f77c6916540: cdpl_hash.c:68: in cdpl_h_destroy(): debug: put operations: 1
1744244931.769162: 1051080-7f77c6916540: cdpl_hash.c:69: in cdpl_h_destroy(): debug: put collisions: 0
1744244931.769165: 1051080-7f77c6916540: cdpl_hash.c:70: in cdpl_h_destroy(): debug: get operations: 1
1744244931.769168: 1051080-7f77c6916540: cdpl_hash.c:71: in cdpl_h_destroy(): debug: get iterations: 1
1744244931.769173: 1051080-7f77c6916540: cdpl_monitor.c:1390: in cdpl_mn_free(): debug: freeing monitor server
1744244931.769176: 1051080-7f77c6916540: cdpl_ipc.c:3728: in cdpl_ipc_free(): debug: releasing IPC handle
1744244931.769180: 1051080-7f77c6916540: cdpl_ipc.c:1582: in _host_free__UNSAFE(): debug: freeing host `152.14.98.7:32980'
1744244931.769183: 1051080-7f77c6916540: cdpl_ipc.c:1621: in _host_free__UNSAFE(): debug: [0 outq, 0 spR, 0 spW]
1744244931.769214: 1051080-7f77c6916540: cdpl_ipc.c:3767: in cdpl_ipc_free(): debug: done
1744244931.769220: 1051080-7f77c6916540: cdpl_log.c:481: in cdpl_log_close(): info: @@end_of_log@@
