   *** running Tcl script ... ***
   ***   -*- Tcl script done -*- ***
  -*- memory usage : 532.15MB -*-
  -*- CPU Time :     0.34s -*-
   *** running Tcl script ... ***
   ***   -*- Tcl script done -*- ***
  -*- memory usage : 532.15MB -*-
  -*- CPU Time :     0.35s -*-
   *** running Tcl script ... ***
   ***   -*- Tcl script done -*- ***
  -*- memory usage : 535.11MB -*-
  -*- CPU Time :     0.36s -*-
   *** running Tcl script ... ***
   ***   -*- Tcl script done -*- ***
  -*- memory usage : 535.11MB -*-
  -*- CPU Time :     0.36s -*-
   *** running Tcl script ... ***
   ***   -*- Tcl script done -*- ***
  -*- memory usage : 535.11MB -*-
  -*- CPU Time :     0.36s -*-
sx_set_data_directory {/mnt/coe/workspace/ece/ece546-spr25/group8/group8_project/simulation/group8,precharge_logic_tb,schematic/history_1/simulation/HSPICE_default/HSPICE/nominal/results}
   *** running Tcl script ... ***
   ***   -*- Tcl script done -*- ***
  -*- memory usage : 535.51MB -*-
  -*- CPU Time :     0.38s -*-
[15:55:08.070] I| Created new database /mnt/coe/workspace/ece/ece546-spr25/group8/group8_project/simulation/group8,precharge_logic_tb,schematic/history_1/simulation/HSPICE_default/HSPICE/nominal/results/post_results.db
[15:55:09.250] I| Setup simulation complete: 
    results directory: /mnt/coe/workspace/ece/ece546-spr25/group8/group8_project/simulation/group8,precharge_logic_tb,schematic/history_1/simulation/HSPICE_default/HSPICE/nominal/results 
    post database directory: /mnt/coe/workspace/ece/ece546-spr25/group8/group8_project/simulation/group8,precharge_logic_tb,schematic/history_1/simulation/HSPICE_default/HSPICE/nominal/results
   *** loading waveform file /mnt/coe/workspace/ece/ece546-spr25/group8/group8_project/simulation/group8,precharge_logic_tb,schematic/history_1/simulation/HSPICE_default/HSPICE/nominal/results/resultsMap.xml ... ***
   *** loading waveform file /mnt/coe/workspace/ece/ece546-spr25/group8/group8_project/simulation/group8,precharge_logic_tb,schematic/history_1/simulation/HSPICE_default/HSPICE/nominal/results/hspice_wdf.tr0 ... ***
   *** Loading waveform file finished ***
   *** Evaluating Equations... ***
Nominal: Start to call cckDBHandler to create handler
Nominal: Start to integrate database
Start to post process[15:55:11.860] I| Start generating post results database...
[15:55:11.860] I| Clear post result data in database.
[15:55:13.700] I| Create Post WDF File ...n/HSPICE_default/HSPICE/nominal/results/post1.wave
[15:55:13.820] I| Generate post results database complete.
