1743817554.018055: 162226-7efe2b1bc540: cdpl_log.c:337: in cdpl_log_open(): info: @@start_of_log@@
1743817554.018065: 162226-7efe2b1bc540: cdpl_log.c:1058: in cdpl_log_dump_sysinfo(): info: time: 2025/04/04 21:45:54 EDT -0400
1743817554.018067: 162226-7efe2b1bc540: cdpl_log.c:1060: in cdpl_log_dump_sysinfo(): info: version: W-2024.09-SP1-2 
1743817554.018068: 162226-7efe2b1bc540: cdpl_log.c:1062: in cdpl_log_dump_sysinfo(): info: system: Linux 4.18.0-553.47.1.el8_10.x86_64 #1 SMP Thu Mar 20 10:01:53 EDT 2025
1743817554.018069: 162226-7efe2b1bc540: cdpl_log.c:1067: in cdpl_log_dump_sysinfo(): info: processor: x86_64 64-bits
1743817554.018070: 162226-7efe2b1bc540: cdpl_log.c:1071: in cdpl_log_dump_sysinfo(): info: hostname: lib-39615.eos.ncsu.edu
1743817554.018071: 162226-7efe2b1bc540: cdpl_log.c:1073: in cdpl_log_dump_sysinfo(): info: program name: custom_shell
1743817554.018072: 162226-7efe2b1bc540: cdpl_log.c:340: in cdpl_log_open(): debug: path: /mnt/coe/workspace/ece/ece546-spr25/group8/group8_project/synopsys_custom/pwdp_jobs/saeSession0_HSPICEdefault.SimulationSimulation_cdpl.1.162226/logs/master.lib-39615.eos.ncsu.edu.162226.log
1743817554.018073: 162226-7efe2b1bc540: cdpl_log.c:341: in cdpl_log_open(): debug: dir: /mnt/coe/workspace/ece/ece546-spr25/group8/group8_project/synopsys_custom/pwdp_jobs/saeSession0_HSPICEdefault.SimulationSimulation_cdpl.1.162226/logs
1743817554.018076: 162226-7efe2b1bc540: cdpl_server.c:536: in cdpl_sv_init(): info: new server S125407213
1743817554.018078: 162226-7efe2b1bc540: cdpl_ipc.c:3475: in cdpl_ipc_init(): info: requesting IPv4 protocol
1743817554.022156: 162226-7efe2b1bc540: cdpl_ipc.c:837: in _selectaddrfamily(): info: selected IPv4 protocol
1743817554.022171: 162226-7efe2b1bc540: cdpl_ipc.c:1139: in _set_keepalive(): info: TCP keep alive interval: 300
1743817554.025384: 162226-7efe2b1bc540: cdpl_monitor.c:1117: in cdpl_mn_new_server(): info: creating server monitor instance
1743817554.025391: 162226-7efe2b1bc540: cdpl_server.c:650: in cdpl_sv_new_master(): info: new master M1
1743817554.025395: 162226-7efe2b1bc540: cdpl_server.c:6533: in cdpl_sv_ctl_master(): info: Setting worker heartbeat to 120 seconds
1743817554.025396: 162226-7efe2b1bc540: cdpl_server.c:6542: in cdpl_sv_ctl_master(): info: Setting worker heartbeat timeout to 3 heartbeats
1743817554.025397: 162226-7efe2b1bc540: cdpl_compat_master.c:2090: in _parse_hostfile(): info: reading hostfile `/mnt/coe/workspace/ece/ece546-spr25/group8/group8_project/synopsys_custom/pwdp_jobs/saeSession0_HSPICEdefault.SimulationSimulation_cdpl.1.162226/host_file'
1743817554.034665: 162226-7efe2b1bc540: cdpl_compat_master.c:1900: in _hostfile_parser(): debug: parsing "1     |localhost|   -1  | /tmp | SH | sh"
1743817554.034669: 162226-7efe2b1bc540: cdpl_farm.c:2578: in cdpl_farm_new_sh(): info: creating SH farm on localhost
1743817554.034671: 162226-7efe2b1bc540: cdpl_compat_master.c:206: in _set_farm_env(): info: exporting CDPL_LOGDIR as `/mnt/coe/workspace/ece/ece546-spr25/group8/group8_project/synopsys_custom/pwdp_jobs/saeSession0_HSPICEdefault.SimulationSimulation_cdpl.1.162226/logs'
1743817554.034672: 162226-7efe2b1bc540: cdpl_compat_master.c:212: in _set_farm_env(): info: exporting CDPL_TMPDIR as `/tmp'
1743817554.034674: 162226-7efe2b1bc540: cdpl_compat_master.c:219: in _set_farm_env(): info: exporting CDPL_HOME as `/mnt/apps/public/COE/synopsys_apps/hspice/W-2024.09-SP1/hspice/cdpl'
1743817554.034675: 162226-7efe2b1bc540: cdpl_compat_master.c:235: in _set_farm_env(): info: exporting SNPSLMD_LICENSE_FILE as `27000@ece-lic-35.ece.ncsu.edu'
1743817554.034676: 162226-7efe2b1bc540: cdpl_compat_master.c:259: in _set_farm_env(): info: exporting CDPL_OPTIONS as `[nowlogs]'
1743817554.034677: 162226-7efe2b1bc540: cdpl_compat_master.c:266: in _set_farm_env(): info: exporting DISPLAY as `unix:7442'
1743817554.034678: 162226-7efe2b1bc540: cdpl_compat_master.c:274: in _set_farm_env(): info: exporting CDPL_HEARTBEAT as `120'
1743817554.034680: 162226-7efe2b1bc540: cdpl_farm.c:3149: in cdpl_farm_add_withdir(): debug: added `localhost' (capacity: unlimited)
1743817554.034684: 162226-7efe2b1bc540: cdpl_compat_parse.c:147: in parsefile(): debug: read `/mnt/coe/workspace/ece/ece546-spr25/group8/group8_project/synopsys_custom/pwdp_jobs/saeSession0_HSPICEdefault.SimulationSimulation_cdpl.1.162226/host_file', 2 lines
1743817554.034685: 162226-7efe2b1bc540: cdpl_compat_master.c:2931: in cdplInitMaster(): info: bcast dir is `/mnt/coe/workspace/ece/ece546-spr25/group8/group8_project/synopsys_custom/pwdp_jobs/saeSession0_HSPICEdefault.SimulationSimulation_cdpl.1.162226/logs'
1743817554.041291: 162226-7efe2b1bc540: cdpl_server.c:6433: in cdpl_sv_ctl_master(): info: farm worker timeout set to 300
1743817554.041293: 162226-7efe2b1bc540: cdpl_server.c:6486: in cdpl_sv_ctl_master(): info: maximum number of task execution attempts set to 1
1743817554.041296: 162226-7efe2b1bc540: cdpl_server.c:3195: in cdpl_sv_start(): debug: starting server
1743817554.041297: 162226-7efe2b1bc540: cdpl_ipc.c:3632: in cdpl_ipc_start(): debug: starting IPC server 152.14.142.74:44617
1743817554.041472: 162226-7efdd7fff700: cdpl_server_ipc.c:1182: in _sv_ipc_thread(): debug: ready
1743817554.041533: 162226-7efdeb78d700: cdpl_monitor.c:426: in cdpl_mn_init_client(): info: creating client monitor instance
1743817554.041541: 162226-7efdeb78d700: cdpl_ipc.c:3475: in cdpl_ipc_init(): info: requesting IPv4 protocol
1743817554.045410: 162226-7efdeb78d700: cdpl_ipc.c:837: in _selectaddrfamily(): info: selected IPv4 protocol
1743817554.045425: 162226-7efdeb78d700: cdpl_ipc.c:1139: in _set_keepalive(): info: TCP keep alive interval: 300
1743817554.048881: 162226-7efdeb78d700: cdpl_ipc.c:3632: in cdpl_ipc_start(): debug: starting IPC server 152.14.142.74:37823
1743817554.048955: 162226-7efdeb78d700: cdpl_monitor.c:471: in cdpl_mn_init_client(): debug: incoming messages in /tmp/cdpl-monitor-i8WO7L
1743817554.049003: 162226-7efdeb78d700: cdpl_monitor.c:533: in cdpl_mn_connect(): debug: connecting to 152.14.142.74:44617
1743817554.049004: 162226-7efdeb78d700: cdpl_ipc.c:3789: in cdpl_ipc_connect(): info: connecting to 152.14.142.74:44617
1743817554.049066: 162226-7efdeb78d700: cdpl_ipc.c:3860: in cdpl_ipc_connect(): info: connected as `152.14.142.74:45056'
1743817554.049069: 162226-7efdeb78d700: cdpl_ipc.c:2503: in cdpl_ipc_host_accept(): debug: accepted host `152.14.142.74:44617'
1743817554.049071: 162226-7efdeb78d700: cdpl_monitor.c:579: in cdpl_mn_connect(): debug: ok
1743817554.049077: 162226-7efe2b1bc540: cdpl_server.c:731: in cdpl_sv_new_job(): info: new job J1 in M1
1743817554.049083: 162226-7efe2b1bc540: cdpl_compat_master.c:1581: in _add_worker(): info: new worker type 10, min:1, max:3, cmd:`/mnt/coe/workspace/ece/ece546-spr25/group8/group8_project/synopsys_custom/pwdp_jobs/saeSession0_HSPICEdefault.SimulationSimulation_cdpl.1.162226/START_WORKER pw_worker -i /mnt/coe/workspace/ece/ece546-spr25/group8/gr
1743817554.049098: 162226-7efe2b1bc540: cdpl_server.c:908: in cdpl_sv_new_bin_withfarm(): info: new bin B1 in J1
1743817554.049116: 162226-7efdeaf8c700: cdpl_ipc.c:1862: in _epoll_accept(): debug: new connection from `152.14.142.74:45056'
1743817554.049196: 162226-7efdd7fff700: cdpl_server_ipc.c:1225: in _sv_ipc_thread(): debug: received ACCEPT notification
1743817554.049225: 162226-7efdd7fff700: cdpl_ipc.c:2503: in cdpl_ipc_host_accept(): debug: accepted host `152.14.142.74:45056'
1743817554.049232: 162226-7efdd7fff700: cdpl_server_ipc.c:1256: in _sv_ipc_thread(): debug: received MONITOR message
1743817554.049290: 162226-7efdd7fff700: cdpl_monitor.c:1207: in cdpl_mn_accept(): debug: accepted monitor `152.14.142.74:45056'
1743817554.049293: 162226-7efdd7fff700: cdpl_server_ipc_mon.c:120: in _globalLOCK(): debug: ENTERTING GLOBAL LOCK
1743817554.049294: 162226-7efdd7fff700: cdpl_server_ipc_mon.c:164: in _globalLOCK(): debug: global lock acquired
1743817554.049295: 162226-7efdd77fe700: cdpl_monitor.c:910: in mn_systat(): debug: started
1743817554.049403: 162226-7efdd77fe700: cdpl_monitor.c:937: in mn_systat(): debug: monitor server flush rate: 5
1743817554.087918: 162226-7efdd7fff700: cdpl_server_ipc_mon.c:210: in _globalUNLOCK(): debug: LEAVING GLOBAL LOCK
1743817554.355807: 162226-7efe2b1bc540: cdpl_server.c:3249: in cdpl_sv_start_job(): info: starting job J1
1743817554.355815: 162226-7efe2b1bc540: cdpl_server.c:62: in _sv_start_bin(): debug: starting bin B1 (min: 0, max: 3)
1743817554.355884: 162226-7efe2b1bc540: cdpl_server.c:1893: in _sv_gen_task(): info: new task T0 in B1 (prio 0)
1743817554.355887: 162226-7efe2b1bc540: cdpl_server.c:2698: in cdpl_sv_label_task_va(): info: setting task T0 label to "HSPICE_2|HSPICE"
1743817554.355934: 162226-7efdd6ffd700: cdpl_server_sched.c:2482: in _sv_scheduler_thread(): debug: scheduler for bin B1 started
1743817554.355940: 162226-7efdd6ffd700: cdpl_server_sched.c:2443: in _scheduler_run(): debug: will start a new worker
1743817554.355946: 162226-7efdd6ffd700: cdpl_farm.c:3977: in cdpl_farm_submit(): debug: 1 running processes
1743817554.355947: 162226-7efdd6ffd700: cdpl_farm.c:3985: in cdpl_farm_submit(): debug: new command C1 in bin B1 assigned to host `localhost'
1743817554.355996: 162226-7efdd6ffd700: cdpl_server_sched.c:705: in _sv_launch_worker(): info: started worker W1 (as C1) in bin B1
1743817554.356004: 162226-7efdd67fc700: cdpl_farm.c:2139: in _schedule(): debug: started
1743817554.356012: 162226-7efdd67fc700: cdpl_farm.c:2303: in _schedule(): debug: submitting command C1 in bin B1
1743817554.356014: 162226-7efdd67fc700: cdpl_sh.c:49: in _sh_detached_submit(): info: SH : /mnt/coe/workspace/ece/ece546-spr25/group8/group8_project/synopsys_custom/pwdp_jobs/saeSession0_HSPICEdefault.SimulationSimulation_cdpl.1.162226/START_WORKER pw_worker -i /mnt/coe/workspace/ece/ece546-spr25/group8/group8_project/synopsys_custom/pwdp_jobs/saeSession0_HSPICEdefault.SimulationSimulation_cdpl.1.162226 -t 10000
1743817554.358501: 162226-7efdd67fc700: cdpl_farm.c:2343: in _schedule(): debug: C1 in bin B1 running on slot 0
1743817554.358515: 162226-7efdd67fc700: cdpl_farm.c:2167: in _schedule(): debug: idle
1743817554.636467: 162226-7efe2b1bc540: cdpl_compat_master.c:5948: in cdplMasterLogInfo(): info: [non-CDPL log entry] PWDP3: reset pilot cache succeeded, pilot_key=saeSession0,1,HSPICE_default|&/mnt/coe/workspace/ece/ece546-spr25/group8/group8_project/simulation/group8,memory_array_tb,schematic/history_1/simulation/HSPICE_default/HSPICE/nominal/results
1743817554.658598: 162226-7efdd67fc700: cdpl_farm.c:1193: in _onexit(): debug: C1 in bin B1 exited normally on slot 0
1743817555.313543: 162226-7efde9789700: cdpl_compat_master.c:5948: in cdplMasterLogInfo(): info: [non-CDPL log entry] PWDP - no-workers started ok check start!
1743817556.500968: 162226-7efdeaf8c700: cdpl_ipc.c:1862: in _epoll_accept(): debug: new connection from `152.14.142.74:45064'
1743817556.501013: 162226-7efdd7fff700: cdpl_server_ipc.c:1225: in _sv_ipc_thread(): debug: received ACCEPT notification
1743817556.501029: 162226-7efdd7fff700: cdpl_ipc.c:2503: in cdpl_ipc_host_accept(): debug: accepted host `152.14.142.74:45064'
1743817556.501114: 162226-7efdd7fff700: cdpl_server_ipc.c:1246: in _sv_ipc_thread(): debug: received HELLO message
1743817556.501115: 162226-7efdd7fff700: cdpl_server_ipc.c:430: in _sv_on_hello(): debug: looking up W1
1743817556.501117: 162226-7efdd7fff700: cdpl_server_ipc.c:540: in _sv_on_hello(): info: W1 is `152.14.142.74:45064'
1743817556.501118: 162226-7efdd7fff700: cdpl_server_ipc.c:541: in _sv_on_hello(): debug: hello W1 (B1)
1743817556.501119: 162226-7efdd7fff700: cdpl_server_ipc.c:542: in _sv_on_hello(): info: W1 log file is /dev/null
1743817556.501126: 162226-7efdd7fff700: cdpl_server_ipc.c:602: in _sv_on_hello(): info: up to 1 alive workers in B1
1743817556.501129: 162226-7efdd7fff700: cdpl_farm.c:878: in _release_cmd(): debug: freeing command C1 in bin B1
1743817556.501140: 162226-7efdd6ffd700: cdpl_server_sched.c:960: in _assign(): info: assigning task T0 to worker W1
1743817557.501322: 162226-7efdd7fff700: cdpl_server_ipc.c:312: in _sv_on_heartbeat(): debug: received HEARTBEAT from worker W1 at 152.14.142.74:45064
1743817559.050407: 162226-7efdd7fff700: cdpl_server_ipc.c:1268: in _sv_ipc_thread(): debug: received RELAY message
1743817559.080961: 162226-7efdd7fff700: cdpl_server_ipc.c:713: in _sv_on_relay(): debug: RELAY message from W1, size = 58
1743817559.080964: 162226-7efdd7fff700: cdpl_server_ipc.c:715: in _sv_on_relay(): debug: RELAY message from W1, content = 0$165392 lib-39615.eos.ncsu.edu 165405 RUNNING 1743817558
1743817559.111531: 162226-7efdeb78d700: cdpl_monitor.c:533: in cdpl_mn_connect(): debug: connecting to 152.14.142.74:35369
1743817559.111535: 162226-7efdeb78d700: cdpl_ipc.c:3789: in cdpl_ipc_connect(): info: connecting to 152.14.142.74:35369
1743817559.111613: 162226-7efdeb78d700: cdpl_ipc.c:3860: in cdpl_ipc_connect(): info: connected as `152.14.142.74:39714'
1743817559.111617: 162226-7efdeb78d700: cdpl_ipc.c:2503: in cdpl_ipc_host_accept(): debug: accepted host `152.14.142.74:35369'
1743817559.111620: 162226-7efdeb78d700: cdpl_monitor.c:579: in cdpl_mn_connect(): debug: ok
1743817577.392099: 162226-7efdd7fff700: cdpl_server_ipc.c:1268: in _sv_ipc_thread(): debug: received RELAY message
1743817577.394962: 162226-7efdd7fff700: cdpl_server_ipc.c:713: in _sv_on_relay(): debug: RELAY message from W1, size = 48
1743817577.394963: 162226-7efdd7fff700: cdpl_server_ipc.c:715: in _sv_on_relay(): debug: RELAY message from W1, content = WORKERDU|1363,dc2isi00nfs.oit.ncsu.edu:/coe_nfs
1743817577.395076: 162226-7efdd7fff700: cdpl_server_ipc.c:1268: in _sv_ipc_thread(): debug: received RELAY message
1743817577.395077: 162226-7efdd7fff700: cdpl_server_ipc.c:713: in _sv_on_relay(): debug: RELAY message from W1, size = 203
1743817577.395078: 162226-7efdd7fff700: cdpl_server_ipc.c:715: in _sv_on_relay(): debug: RELAY message from W1, content = REQPILOT|saeSession0,1,HSPICE_default|&/mnt/coe/workspace/ece/ece546-spr25/group8/group8_project/simulation/group8,memory_array_tb,schematic/history_1/simulation/HSPICE_default/HSPICE/nominal/results|&0
1743817577.395089: 162226-7efde9f8a700: cdpl_compat_master.c:5948: in cdplMasterLogInfo(): info: [non-CDPL log entry] PWDP send back 'DOPILOT' to worker id:1 key: saeSession0,1,HSPICE_default|&/mnt/coe/workspace/ece/ece546-spr25/group8/group8_project/simulation/group8,memory_array_tb,schematic/history_1/simulation/HSPICE_default/HSPICE/nominal/results
1743817577.405849: 162226-7efde9f8a700: cdpl_compat_master.c:5948: in cdplMasterLogInfo(): info: [non-CDPL log entry] PWDP: set pilot doing!
1743817577.413777: 162226-7efdd7fff700: cdpl_server_ipc.c:1268: in _sv_ipc_thread(): debug: received RELAY message
1743817577.413784: 162226-7efdd7fff700: cdpl_server_ipc.c:713: in _sv_on_relay(): debug: RELAY message from W1, size = 199
1743817577.413789: 162226-7efdd7fff700: cdpl_server_ipc.c:715: in _sv_on_relay(): debug: RELAY message from W1, content = PILOTOK|saeSession0,1,HSPICE_default|&/mnt/coe/workspace/ece/ece546-spr25/group8/group8_project/simulation/group8,memory_array_tb,schematic/history_1/simulation/HSPICE_default/HSPICE/nominal/results
1743817577.413802: 162226-7efde9f8a700: cdpl_compat_master.c:5948: in cdplMasterLogInfo(): info: [non-CDPL log entry] PWDP: set pilot done!
1743817577.413842: 162226-7efdd7fff700: cdpl_server_ipc.c:1268: in _sv_ipc_thread(): debug: received RELAY message
1743817577.413843: 162226-7efdd7fff700: cdpl_server_ipc.c:713: in _sv_on_relay(): debug: RELAY message from W1, size = 18
1743817577.413844: 162226-7efdd7fff700: cdpl_server_ipc.c:715: in _sv_on_relay(): debug: RELAY message from W1, content = 0$- - - MEASDOING
1743817592.778164: 162226-7efdd7fff700: cdpl_server_ipc.c:1268: in _sv_ipc_thread(): debug: received RELAY message
1743817592.781082: 162226-7efdd7fff700: cdpl_server_ipc.c:713: in _sv_on_relay(): debug: RELAY message from W1, size = 70
1743817592.781084: 162226-7efdd7fff700: cdpl_server_ipc.c:715: in _sv_on_relay(): debug: RELAY message from W1, content = 0$165392 lib-39615.eos.ncsu.edu 165405 FINISHED 1743817558|1743817592
1743817592.801532: 162226-7efdd7fff700: cdpl_server_ipc.c:1268: in _sv_ipc_thread(): debug: received RELAY message
1743817592.801536: 162226-7efdd7fff700: cdpl_server_ipc.c:713: in _sv_on_relay(): debug: RELAY message from W1, size = 201
1743817592.801539: 162226-7efdd7fff700: cdpl_server_ipc.c:715: in _sv_on_relay(): debug: RELAY message from W1, content = PILOTDONE|saeSession0,1,HSPICE_default|&/mnt/coe/workspace/ece/ece546-spr25/group8/group8_project/simulation/group8,memory_array_tb,schematic/history_1/simulation/HSPICE_default/HSPICE/nominal/results
1743817592.801550: 162226-7efde9f8a700: cdpl_compat_master.c:5948: in cdplMasterLogInfo(): info: [non-CDPL log entry] saeSession0,1,HSPICE_default|&/mnt/coe/workspace/ece/ece546-spr25/group8/group8_project/simulation/group8,memory_array_tb,schematic/history_1/simulation/HSPICE_default/HSPICE/nominal/results PILOTDONE!
1743817592.833907: 162226-7efdd7fff700: cdpl_server_ipc.c:1251: in _sv_ipc_thread(): debug: received FINISH message
1743817592.833911: 162226-7efdd7fff700: cdpl_server_ipc.c:983: in _sv_on_finish(): info: worker W1 completed task T0
1743817592.833913: 162226-7efdd7fff700: cdpl_server_ipc.c:988: in _sv_on_finish(): debug: stat T0: utime=5759 stime=901
1743817592.833914: 162226-7efdd7fff700: cdpl_server_ipc.c:993: in _sv_on_finish(): debug: statm T0: vsize=3081356 rss=1061888 shared=519124 text=474784 data=735704
1743817592.879050: 162226-7efdd7fff700: cdpl_server_ipc.c:1268: in _sv_ipc_thread(): debug: received RELAY message
1743817592.879055: 162226-7efdd7fff700: cdpl_server_ipc.c:713: in _sv_on_relay(): debug: RELAY message from W1, size = 47
1743817592.879056: 162226-7efdd7fff700: cdpl_server_ipc.c:715: in _sv_on_relay(): debug: RELAY message from W1, content = WORKERDU|149,dc2isi00nfs.oit.ncsu.edu:/coe_nfs
1743817603.719551: 162226-7efe2b1bc540: cdpl_server.c:3008: in cdpl_sv_halt_job_errno(): info: killing job J1
1743817603.719563: 162226-7efe2b1bc540: cdpl_server.c:3044: in cdpl_sv_halt_job_errno(): debug: signal bin B1 scheduler to stop
1743817603.719572: 162226-7efdd6ffd700: cdpl_server_sched.c:2484: in _sv_scheduler_thread(): debug: scheduler for bin B1 stopped
1743817603.719582: 162226-7efdd6ffd700: cdpl_ipc.c:1657: in _host_drop__UNSAFE(): debug: dropping host `152.14.142.74:45064'
1743817603.719614: 162226-7efdd6ffd700: cdpl_server_sched.c:2830: in _sv_drop_worker(): info: down to 0 alive workers in B1
1743817603.719617: 162226-7efdd6ffd700: cdpl_farm.c:4152: in cdpl_farm_dismiss(): debug: down to 0 running processes
1743817603.719620: 162226-7efdd6ffd700: cdpl_server_sched.c:121: in _free_worker_2(): debug: freeing worker W1
1743817603.719622: 162226-7efdd6ffd700: cdpl_ipc.c:2513: in cdpl_ipc_host_release(): debug: releasing host `152.14.142.74:45064'
1743817603.719625: 162226-7efdd7fff700: cdpl_server_ipc.c:1236: in _sv_ipc_thread(): debug: received DROP notification
1743817603.719638: 162226-7efe2b1bc540: cdpl_server.c:294: in _sv_free_job(): info: freeing job J1
1743817603.719640: 162226-7efe2b1bc540: cdpl_server.c:92: in _sv_free_bin(): debug: freeing bin B1
1743817603.719641: 162226-7efe2b1bc540: cdpl_server.c:184: in _sv_free_task(): debug: freeing task T0
1743817603.719645: 162226-7efe2b1bc540: cdpl_monitor.c:515: in cdpl_mn_kill(): info: killing monitor
1743817603.719647: 162226-7efe2b1bc540: cdpl_ipc.c:3677: in cdpl_ipc_kill(): debug: stopping event server
1743817603.719665: 162226-7efdd5ffb700: cdpl_ipc.c:2460: in _epoll_main(): debug: server going down...
1743817603.719688: 162226-7efdeaf8c700: cdpl_ipc.c:1582: in _host_free__UNSAFE(): debug: freeing host `152.14.142.74:45064'
1743817603.719693: 162226-7efdeaf8c700: cdpl_ipc.c:1621: in _host_free__UNSAFE(): debug: [0 outq, 0 spR, 0 spW]
1743817603.719695: 162226-7efdeaf8c700: cdpl_ipc.c:2386: in _epoll_main(): warning: received EPOLLERR/EPOLLHUP
1743817603.719711: 162226-7efdeaf8c700: cdpl_ipc.c:2286: in _check_socket_error(): info: socket: Broken pipe
1743817603.719712: 162226-7efdeaf8c700: cdpl_ipc.c:2302: in _check_socket_error(): info: socket SO_KEEPALIVE was enabled
1743817603.719714: 162226-7efdeaf8c700: cdpl_ipc.c:2320: in _check_socket_error(): info: TCP_KEEPIDLE=300 seconds TCP_KEEPINTVL=100 seconds TCP_KEEPCNT=3
1743817603.719717: 162226-7efdeaf8c700: cdpl_ipc.c:1657: in _host_drop__UNSAFE(): debug: dropping host `152.14.142.74:45056'
1743817603.719760: 162226-7efdd7fff700: cdpl_server_ipc.c:1236: in _sv_ipc_thread(): debug: received DROP notification
1743817603.719768: 162226-7efdd7fff700: cdpl_monitor.c:1269: in cdpl_mn_drop(): debug: detaching from monitor `152.14.142.74:45056'
1743817603.719780: 162226-7efdd7fff700: cdpl_monitor.c:1101: in mn_systat_stop(): debug: joining systat thread
1743817603.719788: 162226-7efdeb78d700: cdpl_ipc.c:3728: in cdpl_ipc_free(): debug: releasing IPC handle
1743817603.719791: 162226-7efdeb78d700: cdpl_ipc.c:1582: in _host_free__UNSAFE(): debug: freeing host `152.14.142.74:35369'
1743817603.719792: 162226-7efdeb78d700: cdpl_ipc.c:1621: in _host_free__UNSAFE(): debug: [0 outq, 0 spR, 0 spW]
1743817603.719795: 162226-7efdd77fe700: cdpl_monitor.c:1079: in mn_systat(): debug: exiting
1743817603.719803: 162226-7efdeb78d700: cdpl_ipc.c:1582: in _host_free__UNSAFE(): debug: freeing host `152.14.142.74:44617'
1743817603.719805: 162226-7efdeb78d700: cdpl_ipc.c:1621: in _host_free__UNSAFE(): debug: [0 outq, 0 spR, 0 spW]
1743817603.719806: 162226-7efdd7fff700: cdpl_monitor.c:1103: in mn_systat_stop(): debug: systat thread done
1743817603.719808: 162226-7efdd7fff700: cdpl_ipc.c:2513: in cdpl_ipc_host_release(): debug: releasing host `152.14.142.74:45056'
1743817603.719809: 162226-7efdeb78d700: cdpl_ipc.c:3756: in cdpl_ipc_free(): warning: 2 host(s) were not released
1743817603.719813: 162226-7efdeb78d700: cdpl_ipc.c:3767: in cdpl_ipc_free(): debug: done
1743817603.719813: 162226-7efdeb78d700: cdpl_monitor.c:1390: in cdpl_mn_free(): debug: freeing monitor client
1743817603.719847: 162226-7efe2b1bc540: cdpl_farm.c:2740: in cdpl_farm_free(): info: freeing farm
1743817603.719854: 162226-7efdd67fc700: cdpl_farm.c:2231: in _schedule(): debug: end of idling
1743817603.719856: 162226-7efdd67fc700: cdpl_farm.c:2235: in _schedule(): debug: dying
1743817603.719881: 162226-7efe2b1bc540: cdpl_farm.c:913: in _killall(): debug: killing all remaining commands
1743817603.719883: 162226-7efe2b1bc540: cdpl_server.c:3144: in cdpl_sv_free(): info: freeing server S125407213
1743817603.719885: 162226-7efe2b1bc540: cdpl_server.c:3109: in cdpl_sv_kill_errno(): info: killing server
1743817603.719886: 162226-7efe2b1bc540: cdpl_ipc.c:3677: in cdpl_ipc_kill(): debug: stopping event server
1743817603.719890: 162226-7efdeaf8c700: cdpl_ipc.c:2460: in _epoll_main(): debug: server going down...
1743817603.719930: 162226-7efdd7fff700: cdpl_server_ipc.c:1200: in _sv_ipc_thread(): debug: leaving now
1743817603.719938: 162226-7efe2b1bc540: cdpl_server.c:334: in _sv_free_master(): info: freeing master M1
1743817603.719939: 162226-7efe2b1bc540: cdpl_hash.c:68: in cdpl_h_destroy(): debug: put operations: 1
1743817603.719940: 162226-7efe2b1bc540: cdpl_hash.c:69: in cdpl_h_destroy(): debug: put collisions: 0
1743817603.719941: 162226-7efe2b1bc540: cdpl_hash.c:70: in cdpl_h_destroy(): debug: get operations: 1
1743817603.719941: 162226-7efe2b1bc540: cdpl_hash.c:71: in cdpl_h_destroy(): debug: get iterations: 1
1743817603.719943: 162226-7efe2b1bc540: cdpl_monitor.c:1390: in cdpl_mn_free(): debug: freeing monitor server
1743817603.719944: 162226-7efe2b1bc540: cdpl_ipc.c:3728: in cdpl_ipc_free(): debug: releasing IPC handle
1743817603.719945: 162226-7efe2b1bc540: cdpl_ipc.c:1582: in _host_free__UNSAFE(): debug: freeing host `152.14.142.74:45056'
1743817603.719946: 162226-7efe2b1bc540: cdpl_ipc.c:1621: in _host_free__UNSAFE(): debug: [0 outq, 0 spR, 0 spW]
1743817603.719980: 162226-7efe2b1bc540: cdpl_ipc.c:3767: in cdpl_ipc_free(): debug: done
1743817603.719982: 162226-7efe2b1bc540: cdpl_log.c:481: in cdpl_log_close(): info: @@end_of_log@@
