1743195489.170680: 2703489-7f6a81b4c540: cdpl_log.c:337: in cdpl_log_open(): info: @@start_of_log@@
1743195489.170748: 2703489-7f6a81b4c540: cdpl_log.c:1058: in cdpl_log_dump_sysinfo(): info: time: 2025/03/28 16:58:09 EDT -0400
1743195489.170755: 2703489-7f6a81b4c540: cdpl_log.c:1060: in cdpl_log_dump_sysinfo(): info: version: W-2024.09-SP1-2 
1743195489.170759: 2703489-7f6a81b4c540: cdpl_log.c:1062: in cdpl_log_dump_sysinfo(): info: system: Linux 4.18.0-553.45.1.el8_10.x86_64 #1 SMP Fri Mar 7 16:18:59 EST 2025
1743195489.170762: 2703489-7f6a81b4c540: cdpl_log.c:1067: in cdpl_log_dump_sysinfo(): info: processor: x86_64 64-bits
1743195489.170766: 2703489-7f6a81b4c540: cdpl_log.c:1071: in cdpl_log_dump_sysinfo(): info: hostname: hydra12.ece.ncsu.edu
1743195489.170769: 2703489-7f6a81b4c540: cdpl_log.c:1073: in cdpl_log_dump_sysinfo(): info: program name: custom_shell
1743195489.170782: 2703489-7f6a81b4c540: cdpl_log.c:340: in cdpl_log_open(): debug: path: /mnt/coe/workspace/ece/ece546-spr25/group8/group8_project/synopsys_custom/pwdp_jobs/saeSession0_HSPICEdefault.SimulationSimulation_cdpl.0.2703489/logs/master.hydra12.ece.ncsu.edu.2703489.log
1743195489.170786: 2703489-7f6a81b4c540: cdpl_log.c:341: in cdpl_log_open(): debug: dir: /mnt/coe/workspace/ece/ece546-spr25/group8/group8_project/synopsys_custom/pwdp_jobs/saeSession0_HSPICEdefault.SimulationSimulation_cdpl.0.2703489/logs
1743195489.170860: 2703489-7f6a81b4c540: cdpl_server.c:536: in cdpl_sv_init(): info: new server S283643438
1743195489.170879: 2703489-7f6a81b4c540: cdpl_ipc.c:3475: in cdpl_ipc_init(): info: requesting IPv4 protocol
1743195489.175485: 2703489-7f6a81b4c540: cdpl_ipc.c:837: in _selectaddrfamily(): info: selected IPv4 protocol
1743195489.175552: 2703489-7f6a81b4c540: cdpl_ipc.c:1139: in _set_keepalive(): info: TCP keep alive interval: 300
1743195489.178791: 2703489-7f6a81b4c540: cdpl_monitor.c:1117: in cdpl_mn_new_server(): info: creating server monitor instance
1743195489.178844: 2703489-7f6a81b4c540: cdpl_server.c:650: in cdpl_sv_new_master(): info: new master M1
1743195489.178869: 2703489-7f6a81b4c540: cdpl_server.c:6533: in cdpl_sv_ctl_master(): info: Setting worker heartbeat to 120 seconds
1743195489.178874: 2703489-7f6a81b4c540: cdpl_server.c:6542: in cdpl_sv_ctl_master(): info: Setting worker heartbeat timeout to 3 heartbeats
1743195489.178879: 2703489-7f6a81b4c540: cdpl_compat_master.c:2090: in _parse_hostfile(): info: reading hostfile `/mnt/coe/workspace/ece/ece546-spr25/group8/group8_project/synopsys_custom/pwdp_jobs/saeSession0_HSPICEdefault.SimulationSimulation_cdpl.0.2703489/host_file'
1743195489.188347: 2703489-7f6a81b4c540: cdpl_compat_master.c:1900: in _hostfile_parser(): debug: parsing "1     |localhost|   -1  | /tmp | SH | sh"
1743195489.188394: 2703489-7f6a81b4c540: cdpl_farm.c:2578: in cdpl_farm_new_sh(): info: creating SH farm on localhost
1743195489.188413: 2703489-7f6a81b4c540: cdpl_compat_master.c:206: in _set_farm_env(): info: exporting CDPL_LOGDIR as `/mnt/coe/workspace/ece/ece546-spr25/group8/group8_project/synopsys_custom/pwdp_jobs/saeSession0_HSPICEdefault.SimulationSimulation_cdpl.0.2703489/logs'
1743195489.188418: 2703489-7f6a81b4c540: cdpl_compat_master.c:212: in _set_farm_env(): info: exporting CDPL_TMPDIR as `/tmp'
1743195489.188423: 2703489-7f6a81b4c540: cdpl_compat_master.c:219: in _set_farm_env(): info: exporting CDPL_HOME as `/mnt/apps/public/COE/synopsys_apps/hspice/W-2024.09-SP1/hspice/cdpl'
1743195489.188427: 2703489-7f6a81b4c540: cdpl_compat_master.c:235: in _set_farm_env(): info: exporting SNPSLMD_LICENSE_FILE as `27000@ece-lic-35.ece.ncsu.edu'
1743195489.188431: 2703489-7f6a81b4c540: cdpl_compat_master.c:259: in _set_farm_env(): info: exporting CDPL_OPTIONS as `[nowlogs]'
1743195489.188435: 2703489-7f6a81b4c540: cdpl_compat_master.c:266: in _set_farm_env(): info: exporting DISPLAY as `unix:20849'
1743195489.188438: 2703489-7f6a81b4c540: cdpl_compat_master.c:274: in _set_farm_env(): info: exporting CDPL_HEARTBEAT as `120'
1743195489.188467: 2703489-7f6a81b4c540: cdpl_farm.c:3149: in cdpl_farm_add_withdir(): debug: added `localhost' (capacity: unlimited)
1743195489.188483: 2703489-7f6a81b4c540: cdpl_compat_parse.c:147: in parsefile(): debug: read `/mnt/coe/workspace/ece/ece546-spr25/group8/group8_project/synopsys_custom/pwdp_jobs/saeSession0_HSPICEdefault.SimulationSimulation_cdpl.0.2703489/host_file', 2 lines
1743195489.188487: 2703489-7f6a81b4c540: cdpl_compat_master.c:2931: in cdplInitMaster(): info: bcast dir is `/mnt/coe/workspace/ece/ece546-spr25/group8/group8_project/synopsys_custom/pwdp_jobs/saeSession0_HSPICEdefault.SimulationSimulation_cdpl.0.2703489/logs'
1743195489.195371: 2703489-7f6a81b4c540: cdpl_server.c:6433: in cdpl_sv_ctl_master(): info: farm worker timeout set to 300
1743195489.195379: 2703489-7f6a81b4c540: cdpl_server.c:6486: in cdpl_sv_ctl_master(): info: maximum number of task execution attempts set to 1
1743195489.195424: 2703489-7f6a81b4c540: cdpl_server.c:3195: in cdpl_sv_start(): debug: starting server
1743195489.195436: 2703489-7f6a81b4c540: cdpl_ipc.c:3632: in cdpl_ipc_start(): debug: starting IPC server 152.14.98.36:43879
1743195489.195769: 2703489-7f6a4a78b700: cdpl_server_ipc.c:1182: in _sv_ipc_thread(): debug: ready
1743195489.196004: 2703489-7f6a49f8a700: cdpl_monitor.c:426: in cdpl_mn_init_client(): info: creating client monitor instance
1743195489.196029: 2703489-7f6a49f8a700: cdpl_ipc.c:3475: in cdpl_ipc_init(): info: requesting IPv4 protocol
1743195489.200073: 2703489-7f6a49f8a700: cdpl_ipc.c:837: in _selectaddrfamily(): info: selected IPv4 protocol
1743195489.200142: 2703489-7f6a49f8a700: cdpl_ipc.c:1139: in _set_keepalive(): info: TCP keep alive interval: 300
1743195489.203377: 2703489-7f6a49f8a700: cdpl_ipc.c:3632: in cdpl_ipc_start(): debug: starting IPC server 152.14.98.36:42321
1743195489.203661: 2703489-7f6a49f8a700: cdpl_monitor.c:471: in cdpl_mn_init_client(): debug: incoming messages in /tmp/cdpl-monitor-8JEDfu
1743195489.203853: 2703489-7f6a49f8a700: cdpl_monitor.c:533: in cdpl_mn_connect(): debug: connecting to 152.14.98.36:43879
1743195489.203874: 2703489-7f6a49f8a700: cdpl_ipc.c:3789: in cdpl_ipc_connect(): info: connecting to 152.14.98.36:43879
1743195489.204120: 2703489-7f6a49f8a700: cdpl_ipc.c:3860: in cdpl_ipc_connect(): info: connected as `152.14.98.36:54726'
1743195489.204154: 2703489-7f6a49f8a700: cdpl_ipc.c:2503: in cdpl_ipc_host_accept(): debug: accepted host `152.14.98.36:43879'
1743195489.204189: 2703489-7f6a4af8c700: cdpl_ipc.c:1862: in _epoll_accept(): debug: new connection from `152.14.98.36:54726'
1743195489.204212: 2703489-7f6a49f8a700: cdpl_monitor.c:579: in cdpl_mn_connect(): debug: ok
1743195489.204299: 2703489-7f6a4a78b700: cdpl_server_ipc.c:1225: in _sv_ipc_thread(): debug: received ACCEPT notification
1743195489.204319: 2703489-7f6a81b4c540: cdpl_server.c:731: in cdpl_sv_new_job(): info: new job J1 in M1
1743195489.204338: 2703489-7f6a4a78b700: cdpl_ipc.c:2503: in cdpl_ipc_host_accept(): debug: accepted host `152.14.98.36:54726'
1743195489.204347: 2703489-7f6a4a78b700: cdpl_server_ipc.c:1256: in _sv_ipc_thread(): debug: received MONITOR message
1743195489.204381: 2703489-7f6a81b4c540: cdpl_compat_master.c:1581: in _add_worker(): info: new worker type 10, min:1, max:3, cmd:`/mnt/coe/workspace/ece/ece546-spr25/group8/group8_project/synopsys_custom/pwdp_jobs/saeSession0_HSPICEdefault.SimulationSimulation_cdpl.0.2703489/START_WORKER pw_worker -i /mnt/coe/workspace/ece/ece546-spr25/group8/g
1743195489.204417: 2703489-7f6a81b4c540: cdpl_server.c:908: in cdpl_sv_new_bin_withfarm(): info: new bin B1 in J1
1743195489.205345: 2703489-7f6a4a78b700: cdpl_monitor.c:1207: in cdpl_mn_accept(): debug: accepted monitor `152.14.98.36:54726'
1743195489.205355: 2703489-7f6a4a78b700: cdpl_server_ipc_mon.c:120: in _globalLOCK(): debug: ENTERTING GLOBAL LOCK
1743195489.205359: 2703489-7f6a4a78b700: cdpl_server_ipc_mon.c:164: in _globalLOCK(): debug: global lock acquired
1743195489.205383: 2703489-7f6a3bfff700: cdpl_monitor.c:910: in mn_systat(): debug: started
1743195489.205824: 2703489-7f6a3bfff700: cdpl_monitor.c:937: in mn_systat(): debug: monitor server flush rate: 5
1743195489.294279: 2703489-7f6a4a78b700: cdpl_server_ipc_mon.c:210: in _globalUNLOCK(): debug: LEAVING GLOBAL LOCK
1743195489.578120: 2703489-7f6a81b4c540: cdpl_server.c:3249: in cdpl_sv_start_job(): info: starting job J1
1743195489.578150: 2703489-7f6a81b4c540: cdpl_server.c:62: in _sv_start_bin(): debug: starting bin B1 (min: 0, max: 3)
1743195489.578325: 2703489-7f6a3a7fc700: cdpl_server_sched.c:2482: in _sv_scheduler_thread(): debug: scheduler for bin B1 started
1743195489.578350: 2703489-7f6a81b4c540: cdpl_server.c:1893: in _sv_gen_task(): info: new task T0 in B1 (prio 0)
1743195489.578408: 2703489-7f6a81b4c540: cdpl_server.c:2698: in cdpl_sv_label_task_va(): info: setting task T0 label to "HSPICE_1|HSPICE"
1743195489.578483: 2703489-7f6a3a7fc700: cdpl_server_sched.c:2443: in _scheduler_run(): debug: will start a new worker
1743195489.578545: 2703489-7f6a3a7fc700: cdpl_farm.c:3977: in cdpl_farm_submit(): debug: 1 running processes
1743195489.578552: 2703489-7f6a3a7fc700: cdpl_farm.c:3985: in cdpl_farm_submit(): debug: new command C1 in bin B1 assigned to host `localhost'
1743195489.578671: 2703489-7f6a3a7fc700: cdpl_server_sched.c:705: in _sv_launch_worker(): info: started worker W1 (as C1) in bin B1
1743195489.578718: 2703489-7f6a39ffb700: cdpl_farm.c:2139: in _schedule(): debug: started
1743195489.578732: 2703489-7f6a39ffb700: cdpl_farm.c:2303: in _schedule(): debug: submitting command C1 in bin B1
1743195489.578761: 2703489-7f6a39ffb700: cdpl_sh.c:49: in _sh_detached_submit(): info: SH : /mnt/coe/workspace/ece/ece546-spr25/group8/group8_project/synopsys_custom/pwdp_jobs/saeSession0_HSPICEdefault.SimulationSimulation_cdpl.0.2703489/START_WORKER pw_worker -i /mnt/coe/workspace/ece/ece546-spr25/group8/group8_project/synopsys_custom/pwdp_jobs/saeSession0_HSPICEdefault.SimulationSimulation_cdpl.0.2703489 -t 10000
1743195489.589150: 2703489-7f6a39ffb700: cdpl_farm.c:2343: in _schedule(): debug: C1 in bin B1 running on slot 0
1743195489.589211: 2703489-7f6a39ffb700: cdpl_farm.c:2167: in _schedule(): debug: idle
1743195489.864654: 2703489-7f6a81b4c540: cdpl_compat_master.c:5948: in cdplMasterLogInfo(): info: [non-CDPL log entry] PWDP3: reset pilot cache succeeded, pilot_key=saeSession0,1,HSPICE_default|&/mnt/coe/workspace/ece/ece546-spr25/group8/group8_project/simulation/group8,sram_6t_tb,schematic/history_1/simulation/HSPICE_default/HSPICE/nominal/results
1743195489.889336: 2703489-7f6a39ffb700: cdpl_farm.c:1193: in _onexit(): debug: C1 in bin B1 exited normally on slot 0
1743195490.682721: 2703489-7f6a3b7fe700: cdpl_compat_master.c:5948: in cdplMasterLogInfo(): info: [non-CDPL log entry] PWDP - no-workers started ok check start!
1743195494.277429: 2703489-7f6a4af8c700: cdpl_ipc.c:1862: in _epoll_accept(): debug: new connection from `152.14.98.36:45472'
1743195494.277473: 2703489-7f6a4a78b700: cdpl_server_ipc.c:1225: in _sv_ipc_thread(): debug: received ACCEPT notification
1743195494.277490: 2703489-7f6a4a78b700: cdpl_ipc.c:2503: in cdpl_ipc_host_accept(): debug: accepted host `152.14.98.36:45472'
1743195494.277715: 2703489-7f6a4a78b700: cdpl_server_ipc.c:1246: in _sv_ipc_thread(): debug: received HELLO message
1743195494.277719: 2703489-7f6a4a78b700: cdpl_server_ipc.c:430: in _sv_on_hello(): debug: looking up W1
1743195494.277724: 2703489-7f6a4a78b700: cdpl_server_ipc.c:540: in _sv_on_hello(): info: W1 is `152.14.98.36:45472'
1743195494.277727: 2703489-7f6a4a78b700: cdpl_server_ipc.c:541: in _sv_on_hello(): debug: hello W1 (B1)
1743195494.277731: 2703489-7f6a4a78b700: cdpl_server_ipc.c:542: in _sv_on_hello(): info: W1 log file is /dev/null
1743195494.277785: 2703489-7f6a4a78b700: cdpl_server_ipc.c:602: in _sv_on_hello(): info: up to 1 alive workers in B1
1743195494.277802: 2703489-7f6a4a78b700: cdpl_farm.c:878: in _release_cmd(): debug: freeing command C1 in bin B1
1743195494.277836: 2703489-7f6a3a7fc700: cdpl_server_sched.c:960: in _assign(): info: assigning task T0 to worker W1
1743195495.278168: 2703489-7f6a4a78b700: cdpl_server_ipc.c:312: in _sv_on_heartbeat(): debug: received HEARTBEAT from worker W1 at 152.14.98.36:45472
1743195497.774644: 2703489-7f6a4a78b700: cdpl_server_ipc.c:1268: in _sv_ipc_thread(): debug: received RELAY message
1743195497.774666: 2703489-7f6a4a78b700: cdpl_server_ipc.c:713: in _sv_on_relay(): debug: RELAY message from W1, size = 58
1743195497.774671: 2703489-7f6a4a78b700: cdpl_server_ipc.c:715: in _sv_on_relay(): debug: RELAY message from W1, content = 0$2704437 hydra12.ece.ncsu.edu 2704510 RUNNING 1743195497
1743195499.269172: 2703489-7f6a49f8a700: cdpl_monitor.c:533: in cdpl_mn_connect(): debug: connecting to 152.14.98.36:45033
1743195499.269189: 2703489-7f6a49f8a700: cdpl_ipc.c:3789: in cdpl_ipc_connect(): info: connecting to 152.14.98.36:45033
1743195499.269404: 2703489-7f6a49f8a700: cdpl_ipc.c:3860: in cdpl_ipc_connect(): info: connected as `152.14.98.36:53822'
1743195499.269419: 2703489-7f6a49f8a700: cdpl_ipc.c:2503: in cdpl_ipc_host_accept(): debug: accepted host `152.14.98.36:45033'
1743195499.269427: 2703489-7f6a49f8a700: cdpl_monitor.c:579: in cdpl_mn_connect(): debug: ok
1743195525.290045: 2703489-7f6a4a78b700: cdpl_server_ipc.c:1268: in _sv_ipc_thread(): debug: received RELAY message
1743195525.292939: 2703489-7f6a4a78b700: cdpl_server_ipc.c:713: in _sv_on_relay(): debug: RELAY message from W1, size = 48
1743195525.292961: 2703489-7f6a4a78b700: cdpl_server_ipc.c:715: in _sv_on_relay(): debug: RELAY message from W1, content = WORKERDU|1089,dc2isi00nfs.oit.ncsu.edu:/coe_nfs
1743195525.292978: 2703489-7f6a4a78b700: cdpl_server_ipc.c:1268: in _sv_ipc_thread(): debug: received RELAY message
1743195525.292982: 2703489-7f6a4a78b700: cdpl_server_ipc.c:713: in _sv_on_relay(): debug: RELAY message from W1, size = 18
1743195525.292985: 2703489-7f6a4a78b700: cdpl_server_ipc.c:715: in _sv_on_relay(): debug: RELAY message from W1, content = 0$- - - MEASDOING
1743195530.219530: 2703489-7f6a4a78b700: cdpl_server_ipc.c:1268: in _sv_ipc_thread(): debug: received RELAY message
1743195530.222537: 2703489-7f6a4a78b700: cdpl_server_ipc.c:713: in _sv_on_relay(): debug: RELAY message from W1, size = 70
1743195530.222550: 2703489-7f6a4a78b700: cdpl_server_ipc.c:715: in _sv_on_relay(): debug: RELAY message from W1, content = 0$2704437 hydra12.ece.ncsu.edu 2704510 FAILED 1743195497|1743195530|1
1743195530.223081: 2703489-7f6a4a78b700: cdpl_server_ipc.c:1251: in _sv_ipc_thread(): debug: received FINISH message
1743195530.223093: 2703489-7f6a4a78b700: cdpl_server_ipc.c:983: in _sv_on_finish(): info: worker W1 completed task T0
1743195530.223097: 2703489-7f6a4a78b700: cdpl_server_ipc.c:988: in _sv_on_finish(): debug: stat T0: utime=15389 stime=2888
1743195530.223101: 2703489-7f6a4a78b700: cdpl_server_ipc.c:993: in _sv_on_finish(): debug: statm T0: vsize=2866236 rss=1059560 shared=517040 text=474784 data=732348
1743195530.228962: 2703489-7f6a81b4c540: cdpl_server.c:227: in _sv_free_task_safe(): debug: freeing task T0
1743195530.258579: 2703489-7f6a4a78b700: cdpl_server_ipc.c:1268: in _sv_ipc_thread(): debug: received RELAY message
1743195530.258596: 2703489-7f6a4a78b700: cdpl_server_ipc.c:713: in _sv_on_relay(): debug: RELAY message from W1, size = 46
1743195530.258601: 2703489-7f6a4a78b700: cdpl_server_ipc.c:715: in _sv_on_relay(): debug: RELAY message from W1, content = WORKERDU|43,dc2isi00nfs.oit.ncsu.edu:/coe_nfs
1743195549.889549: 2703489-7f6a39ffb700: cdpl_farm.c:2173: in _schedule(): debug: idle
1743195550.267056: 2703489-7f6a49789700: cdpl_ipc.c:775: in _readv(): warning: read(): EOF
1743195550.267109: 2703489-7f6a4af8c700: cdpl_ipc.c:775: in _readv(): warning: read(): EOF
1743195550.267155: 2703489-7f6a49789700: cdpl_ipc.c:2100: in _epoll_recv(): debug: _readv(): Broken pipe
1743195550.267165: 2703489-7f6a49789700: cdpl_ipc.c:2424: in _epoll_main(): debug: _epoll_recv(): Broken pipe
1743195550.267172: 2703489-7f6a49789700: cdpl_ipc.c:1657: in _host_drop__UNSAFE(): debug: dropping host `152.14.98.36:45033'
1743195550.267185: 2703489-7f6a4af8c700: cdpl_ipc.c:2100: in _epoll_recv(): debug: _readv(): Broken pipe
1743195550.267194: 2703489-7f6a4af8c700: cdpl_ipc.c:2424: in _epoll_main(): debug: _epoll_recv(): Broken pipe
1743195550.267203: 2703489-7f6a4af8c700: cdpl_ipc.c:1657: in _host_drop__UNSAFE(): debug: dropping host `152.14.98.36:45472'
1743195550.267276: 2703489-7f6a48f88700: cdpl_monitor.c:290: in mn_listen(): debug: received DROP message
1743195550.267308: 2703489-7f6a4a78b700: cdpl_server_ipc.c:1236: in _sv_ipc_thread(): debug: received DROP notification
1743195550.267336: 2703489-7f6a48f88700: cdpl_ipc.c:2513: in cdpl_ipc_host_release(): debug: releasing host `152.14.98.36:45033'
1743195550.267372: 2703489-7f6a4a78b700: cdpl_server_sched.c:2796: in _sv_record_crashed_worker(): debug: dropping worker W1
1743195550.267380: 2703489-7f6a4a78b700: cdpl_server_ipc.c:188: in _sv_on_drop_worker(): debug: down to 0 live workers in B1
1743195550.267402: 2703489-7f6a3a7fc700: cdpl_server_sched.c:750: in _empty_trash(): debug: freeing worker W1 while emptying trash list for bin B1
1743195550.267426: 2703489-7f6a3a7fc700: cdpl_farm.c:4152: in cdpl_farm_dismiss(): debug: down to 0 running processes
1743195550.267448: 2703489-7f6a3a7fc700: cdpl_server_sched.c:121: in _free_worker_2(): debug: freeing worker W1
1743195550.267466: 2703489-7f6a3a7fc700: cdpl_ipc.c:2513: in cdpl_ipc_host_release(): debug: releasing host `152.14.98.36:45472'
1743195550.267470: 2703489-7f6a3a7fc700: cdpl_ipc.c:2529: in cdpl_ipc_host_release(): debug: scheduling for immediate release
1743195554.216666: 2703489-7f6a49789700: cdpl_ipc.c:1582: in _host_free__UNSAFE(): debug: freeing host `152.14.98.36:45033'
1743195554.219598: 2703489-7f6a49789700: cdpl_ipc.c:1621: in _host_free__UNSAFE(): debug: [0 outq, 0 spR, 0 spW]
1743195554.219635: 2703489-7f6a4af8c700: cdpl_ipc.c:1582: in _host_free__UNSAFE(): debug: freeing host `152.14.98.36:45472'
1743195554.219658: 2703489-7f6a4af8c700: cdpl_ipc.c:1621: in _host_free__UNSAFE(): debug: [0 outq, 0 spR, 0 spW]
1743195590.861731: 2703489-7f6a337fe700: cdpl_compat_master.c:5971: in cdplMasterLogWarning(): warning: [non-CDPL log entry] PWDP: master does not receive message over 60 seconds!
1743195609.892790: 2703489-7f6a39ffb700: cdpl_farm.c:2173: in _schedule(): debug: idle
1743195610.393439: 2703489-7f6a337fe700: cdpl_compat_master.c:5948: in cdplMasterLogInfo(): info: [non-CDPL log entry] PWDP: message receiver is alive.
1743195614.231577: 2703489-7f6a3b7fe700: cdpl_compat_master.c:5948: in cdplMasterLogInfo(): info: [non-CDPL log entry] PWDP: master status watchdog is alive.
1743195651.423649: 2703489-7f6a337fe700: cdpl_compat_master.c:5971: in cdplMasterLogWarning(): warning: [non-CDPL log entry] PWDP: master does not receive message over 60 seconds!
1743195669.895885: 2703489-7f6a39ffb700: cdpl_farm.c:2173: in _schedule(): debug: idle
1743195711.983150: 2703489-7f6a337fe700: cdpl_compat_master.c:5971: in cdplMasterLogWarning(): warning: [non-CDPL log entry] PWDP: master does not receive message over 60 seconds!
1743195729.899057: 2703489-7f6a39ffb700: cdpl_farm.c:2173: in _schedule(): debug: idle
1743195731.504389: 2703489-7f6a337fe700: cdpl_compat_master.c:5948: in cdplMasterLogInfo(): info: [non-CDPL log entry] PWDP: message receiver is alive.
1743195735.246325: 2703489-7f6a3b7fe700: cdpl_compat_master.c:5948: in cdplMasterLogInfo(): info: [non-CDPL log entry] PWDP: master status watchdog is alive.
1743195755.251616: 2703489-7f6a81b4c540: cdpl_server.c:3008: in cdpl_sv_halt_job_errno(): info: killing job J1
1743195755.254650: 2703489-7f6a81b4c540: cdpl_server.c:3044: in cdpl_sv_halt_job_errno(): debug: signal bin B1 scheduler to stop
1743195755.254708: 2703489-7f6a3a7fc700: cdpl_server_sched.c:2484: in _sv_scheduler_thread(): debug: scheduler for bin B1 stopped
1743195755.254744: 2703489-7f6a81b4c540: cdpl_server.c:294: in _sv_free_job(): info: freeing job J1
1743195755.254750: 2703489-7f6a81b4c540: cdpl_server.c:92: in _sv_free_bin(): debug: freeing bin B1
1743195755.254817: 2703489-7f6a81b4c540: cdpl_monitor.c:515: in cdpl_mn_kill(): info: killing monitor
1743195755.254831: 2703489-7f6a81b4c540: cdpl_ipc.c:3677: in cdpl_ipc_kill(): debug: stopping event server
1743195755.254848: 2703489-7f6a49789700: cdpl_ipc.c:2460: in _epoll_main(): debug: server going down...
1743195755.254878: 2703489-7f6a4af8c700: cdpl_ipc.c:775: in _readv(): warning: read(): EOF
1743195755.254922: 2703489-7f6a4af8c700: cdpl_ipc.c:2100: in _epoll_recv(): debug: _readv(): Broken pipe
1743195755.254928: 2703489-7f6a4af8c700: cdpl_ipc.c:2424: in _epoll_main(): debug: _epoll_recv(): Broken pipe
1743195755.254936: 2703489-7f6a4af8c700: cdpl_ipc.c:1657: in _host_drop__UNSAFE(): debug: dropping host `152.14.98.36:54726'
1743195755.255069: 2703489-7f6a4a78b700: cdpl_server_ipc.c:1236: in _sv_ipc_thread(): debug: received DROP notification
1743195755.255140: 2703489-7f6a4a78b700: cdpl_monitor.c:1269: in cdpl_mn_drop(): debug: detaching from monitor `152.14.98.36:54726'
1743195755.255152: 2703489-7f6a4a78b700: cdpl_monitor.c:1101: in mn_systat_stop(): debug: joining systat thread
1743195755.255193: 2703489-7f6a3bfff700: cdpl_monitor.c:1079: in mn_systat(): debug: exiting
1743195755.255214: 2703489-7f6a4a78b700: cdpl_monitor.c:1103: in mn_systat_stop(): debug: systat thread done
1743195755.255223: 2703489-7f6a4a78b700: cdpl_ipc.c:2513: in cdpl_ipc_host_release(): debug: releasing host `152.14.98.36:54726'
1743195755.255257: 2703489-7f6a49f8a700: cdpl_ipc.c:3728: in cdpl_ipc_free(): debug: releasing IPC handle
1743195755.255268: 2703489-7f6a49f8a700: cdpl_ipc.c:1582: in _host_free__UNSAFE(): debug: freeing host `152.14.98.36:43879'
1743195755.255273: 2703489-7f6a49f8a700: cdpl_ipc.c:1621: in _host_free__UNSAFE(): debug: [0 outq, 0 spR, 0 spW]
1743195755.255292: 2703489-7f6a49f8a700: cdpl_ipc.c:3756: in cdpl_ipc_free(): warning: 1 host(s) were not released
1743195755.255314: 2703489-7f6a49f8a700: cdpl_ipc.c:3767: in cdpl_ipc_free(): debug: done
1743195755.255322: 2703489-7f6a49f8a700: cdpl_monitor.c:1390: in cdpl_mn_free(): debug: freeing monitor client
1743195755.255496: 2703489-7f6a81b4c540: cdpl_farm.c:2740: in cdpl_farm_free(): info: freeing farm
1743195755.255524: 2703489-7f6a39ffb700: cdpl_farm.c:2231: in _schedule(): debug: end of idling
1743195755.255532: 2703489-7f6a39ffb700: cdpl_farm.c:2235: in _schedule(): debug: dying
1743195755.255594: 2703489-7f6a81b4c540: cdpl_farm.c:913: in _killall(): debug: killing all remaining commands
1743195755.255619: 2703489-7f6a81b4c540: cdpl_server.c:3144: in cdpl_sv_free(): info: freeing server S283643438
1743195755.255649: 2703489-7f6a81b4c540: cdpl_server.c:3109: in cdpl_sv_kill_errno(): info: killing server
1743195755.255653: 2703489-7f6a81b4c540: cdpl_ipc.c:3677: in cdpl_ipc_kill(): debug: stopping event server
1743195755.255700: 2703489-7f6a4af8c700: cdpl_ipc.c:2460: in _epoll_main(): debug: server going down...
1743195755.255720: 2703489-7f6a4a78b700: cdpl_server_ipc.c:1200: in _sv_ipc_thread(): debug: leaving now
1743195755.255744: 2703489-7f6a81b4c540: cdpl_server.c:334: in _sv_free_master(): info: freeing master M1
1743195755.255760: 2703489-7f6a81b4c540: cdpl_hash.c:68: in cdpl_h_destroy(): debug: put operations: 1
1743195755.255766: 2703489-7f6a81b4c540: cdpl_hash.c:69: in cdpl_h_destroy(): debug: put collisions: 0
1743195755.255769: 2703489-7f6a81b4c540: cdpl_hash.c:70: in cdpl_h_destroy(): debug: get operations: 0
1743195755.255771: 2703489-7f6a81b4c540: cdpl_hash.c:71: in cdpl_h_destroy(): debug: get iterations: 0
1743195755.255789: 2703489-7f6a81b4c540: cdpl_monitor.c:1390: in cdpl_mn_free(): debug: freeing monitor server
1743195755.255793: 2703489-7f6a81b4c540: cdpl_ipc.c:3728: in cdpl_ipc_free(): debug: releasing IPC handle
1743195755.255796: 2703489-7f6a81b4c540: cdpl_ipc.c:1582: in _host_free__UNSAFE(): debug: freeing host `152.14.98.36:54726'
1743195755.255800: 2703489-7f6a81b4c540: cdpl_ipc.c:1621: in _host_free__UNSAFE(): debug: [0 outq, 0 spR, 0 spW]
1743195755.256704: 2703489-7f6a81b4c540: cdpl_ipc.c:3767: in cdpl_ipc_free(): debug: done
1743195755.256725: 2703489-7f6a81b4c540: cdpl_log.c:481: in cdpl_log_close(): info: @@end_of_log@@
