[15:11:39.28] /o 
              /c                                    pw_worker™ 
              /c 
              /c                Version W-2024.09-SP1-2 for linux64 - Jan 15, 2025
              /c              Based on Custom Infrastructure
              /c Version W-2024.09-SP1-2
              /c 
              /c                     Copyright (c) 2004 - 2025 Synopsys, Inc.
              /c    This software and the associated documentation are proprietary to Synopsys,
              /c  Inc. This software may only be used in accordance with the terms and conditions
              /c  of a written license agreement with Synopsys, Inc. All other use, reproduction,
              /c    or distribution of this software is strictly prohibited.  Licensed Products
              /c      communicate with Synopsys servers for the purpose of providing software
              /c     updates, detecting software piracy and verifying that customers are using
              /c     Licensed Products in conformity with the applicable License Key for such
              /c   Licensed Products. Synopsys will use information gathered in connection with
              /c     this process to deliver software updates and pursue software pirates and
              /c                                    infringers.
              /c 
              /c  Inclusivity & Diversity - Visit SolvNetPlus to read the "Synopsys Statement on
              /c             Inclusivity and Diversity" (Refer to article 000036315 at
              /c                         https://solvnetplus.synopsys.com)
              /c 
              /c Build  (OPT) Config 11252589 compiled on Wed Jan 15 11:01:36 2025 for AlmaLinux 8.4
              /c Invocation: /mnt/apps/public/COE/synopsys_apps/primewave/W-2024.09-SP1-2/linux64/platform/bin/custom_shell -application pw_worker -gui 0 -localDir /mnt/coe/workspace/ece/ece546-spr25/group8/group8_project/synopsys_custom/pwdp_jobs/saeSession1_default.SimulationSimulation_cdpl.0.44012/logs/w1
              /c Execution time: Tue Apr  8 15:11:33 2025
              /c Host: payback.ece.ncsu.edu
              /c Working directory: /mnt/coe/workspace/ece/ece546-spr25/group8/group8_project
              /c 
[15:11:49.69] /m Information: Registering ICV PERC package...
[15:11:49.70] /w Warning: Error: "Job group named 'PrimeWave' already exists under this parent." (IPC-100)
[15:11:50.07] /o #####New Worker job begin - Self history dir=/mnt/coe/workspace/ece/ece546-spr25/group8/group8_project/simulation/group8,WLRef_PC_tb,schematic
[15:11:50.27] /o source /mnt/coe/workspace/ece/ece546-spr25/group8/group8_project/synopsys_custom/pwdp_jobs/saeSession1_default.SimulationSimulation_cdpl.0.44012/ccFile.tcl OK
[15:11:50.27] /o LibDefs : /mnt/coe/workspace/ece/ece546-spr25/group8/group8_project/lib.defs
[15:11:50.54] /o new worker create session at loading state!
[15:11:50.54] /o history_1
[15:11:51.12] /o Loading: Callback files...
[15:11:51.13] /o Loading: scripts/callbacks/callbacks.tcl
[15:11:51.13] /o 
              /c [INFO] : Loading display.drf from /mnt/designkits/ncsu/FreePDK3/syncust/NCSU_TechLib_FreePDK3
              /c 
              /c  if you wish to Load other display.drf, please set shell environment valiable "iPDK_load_display_NCSU_TechLib_FreePDK3" to value = 0
[15:11:51.13] /o 
[15:11:51.15] /w Warning: Preference 'xtStarTcadGrdFile' is deprecated and scheduled for removal in a future release with no replacement. For migration assistance, see the Custom Compiler Tcl Reference Manual. (PREFERENCE-058)
[15:11:51.16] /w Warning: Preference 'xtStarOALayerMappingFile' is deprecated and scheduled for removal in a future release with no replacement. For migration assistance, see the Custom Compiler Tcl Reference Manual. (PREFERENCE-058)
[15:11:51.16] /o 	#######################################
[15:11:51.16] /o 	CC-PDK Library Name	: FreePDK3
[15:11:51.16] /o 	#######################################
[15:11:51.16] /o 
[15:11:51.35] /o source /mnt/coe/workspace/ece/ece546-spr25/group8/group8_project/simulation/group8,WLRef_PC_tb,schematic/history_1/.nw_preference_script.tcl OK!
[15:11:51.35] /o DSPF Options: {hierDelim==|}||{termDelim==:}||{fingerChar==@}||{multiplierString==_nettran_}||{aggregateCurrent==1}||{MOSTermNames==d g s b}||{MOSTermOrder==D G S B}||{MOSTermDspfNames==DRC GATE SRC BULK}||{firstChars==XM}||{probeHierDelim==/}||{caseSensitive==1}||{firstChar==M}||{hierPrefix==X}||{nodePrefix==M}||{plotTermVoltageForNet==0}||{mapNetToMosTerminal==}||{mapSlashDelimToDot==1}||{probePortCurrent==1}||{busBit==[]}||{removeNodePrefix==1}||{nlConDelim==.}||{mosModelType==auto}||{keepSchName==0}
[15:11:51.35] /o _workerLoadStateAction done!
[15:11:51.38] /o _getSimulationDetails : 
[15:11:51.38] /o tbName=default, Mtb=0
[15:11:51.38] /o Got stb tb ok!
[15:11:51.38] /o Self resultsDir: ./simulation
[15:11:51.38] /o Self databaseDir: /mnt/coe/workspace/ece/ece546-spr25/group8/group8_project/simulation/group8,WLRef_PC_tb,schematic/history_1/simulation/default/PrimeSimHSPICE/nominal/results
[15:11:51.42] /o source /mnt/apps/public/COE/synopsys_apps/primewave/W-2024.09-SP1-2/auxx/sae/matlab_script.tcl OK
[15:11:51.44] /o Nominal run.
[15:11:51.87] /o _createResultsMap done!
[15:11:51.90] /o New worker simulation done for nomial run.
[15:11:51.90] /o >>>resultsDir=/mnt/coe/workspace/ece/ece546-spr25/group8/group8_project/simulation/group8,WLRef_PC_tb,schematic/history_1/simulation/default/PrimeSimHSPICE/nominal/results,masterResultsDir=/mnt/coe/workspace/ece/ece546-spr25/group8/group8_project/simulation/group8,WLRef_PC_tb,schematic/history_1/simulation/default/PrimeSimHSPICE/nominal/results
[15:11:51.91] /m Information: Evaluating and plotting outputs...
[15:11:52.73] /o touch /mnt/coe/workspace/ece/ece546-spr25/group8/group8_project/simulation/group8,WLRef_PC_tb,schematic/history_1/simulation/default/PrimeSimHSPICE/nominal/results/.unitedSimFinished
[15:11:52.75] /o touch /mnt/coe/workspace/ece/ece546-spr25/group8/group8_project/simulation/group8,WLRef_PC_tb,schematic/history_1/simulation/default/PrimeSimHSPICE/nominal/results/.unitedSimFinished
[15:11:53.67] /o New worker simulation done for nomial run finished!
[15:11:53.67] /o _simulationDoneAction done without exception!
[15:11:53.69] /o touch pilot meas done flag file: /mnt/coe/workspace/ece/ece546-spr25/group8/group8_project/simulation/group8,WLRef_PC_tb,schematic/history_1/simulation/default/PrimeSimHSPICE/nominal/results/.pw_nw_meas_done
[15:11:59.76] /o Shutdown time: Tue Apr  8 15:11:59 2025
[15:11:59.76] /o Elapsed session real time: 0.38 minutes
[15:11:59.76] /o Session terminated. Log is at /mnt/coe/workspace/ece/ece546-spr25/group8/group8_project/synopsys_custom/pwdp_jobs/saeSession1_default.SimulationSimulation_cdpl.0.44012/logs/w1/logs/pw_worker.hrajesh.2025_4_8_151133_44626.log
