[03:32:11.97] /o 
              /c                                    pw_worker™ 
              /c 
              /c                Version W-2024.09-SP1-2 for linux64 - Jan 15, 2025
              /c              Based on Custom Infrastructure
              /c Version W-2024.09-SP1-2
              /c 
              /c                     Copyright (c) 2004 - 2025 Synopsys, Inc.
              /c    This software and the associated documentation are proprietary to Synopsys,
              /c  Inc. This software may only be used in accordance with the terms and conditions
              /c  of a written license agreement with Synopsys, Inc. All other use, reproduction,
              /c    or distribution of this software is strictly prohibited.  Licensed Products
              /c      communicate with Synopsys servers for the purpose of providing software
              /c     updates, detecting software piracy and verifying that customers are using
              /c     Licensed Products in conformity with the applicable License Key for such
              /c   Licensed Products. Synopsys will use information gathered in connection with
              /c     this process to deliver software updates and pursue software pirates and
              /c                                    infringers.
              /c 
              /c  Inclusivity & Diversity - Visit SolvNetPlus to read the "Synopsys Statement on
              /c             Inclusivity and Diversity" (Refer to article 000036315 at
              /c                         https://solvnetplus.synopsys.com)
              /c 
              /c Build  (OPT) Config 11252589 compiled on Wed Jan 15 11:01:36 2025 for AlmaLinux 8.4
              /c Invocation: /mnt/apps/public/COE/synopsys_apps/primewave/W-2024.09-SP1-2/linux64/platform/bin/custom_shell -application pw_worker -gui 0 -localDir /mnt/coe/workspace/ece/ece546-spr25/group8/group8_project/synopsys_custom/pwdp_jobs/saeSession0_HSPICEdefault.SimulationSimulation_cdpl.0.3606625/logs/w1
              /c Execution time: Mon Apr 14 03:32:01 2025
              /c Host: hydra13.ece.ncsu.edu
              /c Working directory: /mnt/coe/workspace/ece/ece546-spr25/group8/group8_project
              /c 
[03:32:31.17] /m Information: Registering ICV PERC package...
[03:32:31.18] /w Warning: Error: "Job group named 'PrimeWave' already exists under this parent." (IPC-100)
[03:32:31.59] /o #####New Worker job begin - Self history dir=/mnt/coe/workspace/ece/ece546-spr25/group8/group8_project/simulation/group8,tb2025_1,schematic
[03:32:32.05] /o source /mnt/coe/workspace/ece/ece546-spr25/group8/group8_project/synopsys_custom/pwdp_jobs/saeSession0_HSPICEdefault.SimulationSimulation_cdpl.0.3606625/ccFile.tcl OK
[03:32:32.05] /o LibDefs : /mnt/coe/workspace/ece/ece546-spr25/group8/group8_project/lib.defs
[03:32:32.78] /o new worker create session at loading state!
[03:32:32.78] /o history_1
[03:32:34.46] /o Loading: Callback files...
[03:32:34.49] /o Loading: scripts/callbacks/callbacks.tcl
[03:32:34.49] /o 
              /c [INFO] : Loading display.drf from /mnt/designkits/ncsu/FreePDK3/syncust/NCSU_TechLib_FreePDK3
              /c 
              /c  if you wish to Load other display.drf, please set shell environment valiable "iPDK_load_display_NCSU_TechLib_FreePDK3" to value = 0
[03:32:34.49] /o 
[03:32:34.57] /w Warning: Preference 'xtStarTcadGrdFile' is deprecated and scheduled for removal in a future release with no replacement. For migration assistance, see the Custom Compiler Tcl Reference Manual. (PREFERENCE-058)
[03:32:34.58] /w Warning: Preference 'xtStarOALayerMappingFile' is deprecated and scheduled for removal in a future release with no replacement. For migration assistance, see the Custom Compiler Tcl Reference Manual. (PREFERENCE-058)
[03:32:34.58] /o 	#######################################
[03:32:34.58] /o 	CC-PDK Library Name	: FreePDK3
[03:32:34.58] /o 	#######################################
[03:32:34.58] /o 
[03:32:35.11] /o source /mnt/coe/workspace/ece/ece546-spr25/group8/group8_project/simulation/group8,tb2025_1,schematic/history_1/.nw_preference_script.tcl OK!
[03:32:35.11] /o DSPF Options: {hierDelim==|}||{termDelim==:}||{fingerChar==@}||{multiplierString==_nettran_}||{aggregateCurrent==1}||{MOSTermNames==d g s b}||{MOSTermOrder==D G S B}||{MOSTermDspfNames==DRC GATE SRC BULK}||{firstChars==XM}||{probeHierDelim==/}||{caseSensitive==1}||{firstChar==M}||{hierPrefix==X}||{nodePrefix==M}||{plotTermVoltageForNet==0}||{mapNetToMosTerminal==}||{mapSlashDelimToDot==1}||{probePortCurrent==1}||{busBit==[]}||{removeNodePrefix==1}||{nlConDelim==.}||{mosModelType==auto}||{keepSchName==0}
[03:32:35.12] /o _workerLoadStateAction done!
[03:34:06.52] /o _getSimulationDetails : 
[03:34:06.52] /o tbName=HSPICE_default, Mtb=0
[03:34:06.52] /o Got stb tb ok!
[03:34:06.52] /o Self resultsDir: ./simulation
[03:34:06.52] /o Self databaseDir: /mnt/coe/workspace/ece/ece546-spr25/group8/group8_project/simulation/group8,tb2025_1,schematic/history_1/simulation/HSPICE_default/HSPICE/nominal/results
[03:34:06.54] /o source /mnt/apps/public/COE/synopsys_apps/primewave/W-2024.09-SP1-2/auxx/sae/matlab_script.tcl OK
[03:34:06.65] /o Nominal run.
[03:34:07.96] /o _createResultsMap done!
[03:34:08.20] /o New worker simulation done for nomial run.
[03:34:08.20] /o >>>resultsDir=/mnt/coe/workspace/ece/ece546-spr25/group8/group8_project/simulation/group8,tb2025_1,schematic/history_1/simulation/HSPICE_default/HSPICE/nominal/results,masterResultsDir=/mnt/coe/workspace/ece/ece546-spr25/group8/group8_project/simulation/group8,tb2025_1,schematic/history_1/simulation/HSPICE_default/HSPICE/nominal/results
[03:34:08.25] /m Information: Evaluating and plotting outputs...
[03:34:11.04] /o touch /mnt/coe/workspace/ece/ece546-spr25/group8/group8_project/simulation/group8,tb2025_1,schematic/history_1/simulation/HSPICE_default/HSPICE/nominal/results/.unitedSimFinished
[03:34:11.14] /o touch /mnt/coe/workspace/ece/ece546-spr25/group8/group8_project/simulation/group8,tb2025_1,schematic/history_1/simulation/HSPICE_default/HSPICE/nominal/results/.unitedSimFinished
[03:34:13.35] /o New worker simulation done for nomial run finished!
[03:34:13.35] /o _simulationDoneAction done without exception!
[03:34:13.38] /o touch pilot meas done flag file: /mnt/coe/workspace/ece/ece546-spr25/group8/group8_project/simulation/group8,tb2025_1,schematic/history_1/simulation/HSPICE_default/HSPICE/nominal/results/.pw_nw_meas_done
[03:34:26.88] /o Shutdown time: Mon Apr 14 03:34:26 2025
[03:34:26.88] /o Elapsed session real time: 2.31 minutes
[03:34:26.89] /o Session terminated. Log is at /mnt/coe/workspace/ece/ece546-spr25/group8/group8_project/synopsys_custom/pwdp_jobs/saeSession0_HSPICEdefault.SimulationSimulation_cdpl.0.3606625/logs/w1/logs/pw_worker.nbandeh.2025_4_14_033201_3607208.log
