[17:21:33.59] /o 
              /c                                    pw_worker™ 
              /c 
              /c                Version W-2024.09-SP1-2 for linux64 - Jan 15, 2025
              /c              Based on Custom Infrastructure
              /c Version W-2024.09-SP1-2
              /c 
              /c                     Copyright (c) 2004 - 2025 Synopsys, Inc.
              /c    This software and the associated documentation are proprietary to Synopsys,
              /c  Inc. This software may only be used in accordance with the terms and conditions
              /c  of a written license agreement with Synopsys, Inc. All other use, reproduction,
              /c    or distribution of this software is strictly prohibited.  Licensed Products
              /c      communicate with Synopsys servers for the purpose of providing software
              /c     updates, detecting software piracy and verifying that customers are using
              /c     Licensed Products in conformity with the applicable License Key for such
              /c   Licensed Products. Synopsys will use information gathered in connection with
              /c     this process to deliver software updates and pursue software pirates and
              /c                                    infringers.
              /c 
              /c  Inclusivity & Diversity - Visit SolvNetPlus to read the "Synopsys Statement on
              /c             Inclusivity and Diversity" (Refer to article 000036315 at
              /c                         https://solvnetplus.synopsys.com)
              /c 
              /c Build  (OPT) Config 11252589 compiled on Wed Jan 15 11:01:36 2025 for AlmaLinux 8.4
              /c Invocation: /mnt/apps/public/COE/synopsys_apps/primewave/W-2024.09-SP1-2/linux64/platform/bin/custom_shell -application pw_worker -gui 0 -localDir /mnt/coe/workspace/ece/ece546-spr25/group8/group8_project/synopsys_custom/pwdp_jobs/saeSession0_default.SimulationSimulation_cdpl.0.1425138/logs/w1
              /c Execution time: Thu Apr 10 17:21:23 2025
              /c Host: hydra11.ece.ncsu.edu
              /c Working directory: /mnt/coe/workspace/ece/ece546-spr25/group8/group8_project
              /c 
[17:21:52.25] /m Information: Registering ICV PERC package...
[17:21:52.26] /w Warning: Error: "Job group named 'PrimeWave' already exists under this parent." (IPC-100)
[17:21:52.64] /o #####New Worker job begin - Self history dir=/mnt/coe/workspace/ece/ece546-spr25/group8/group8_project/simulation/group8,tb2025_2_tree_decoder,schematic
[17:21:53.09] /o source /mnt/coe/workspace/ece/ece546-spr25/group8/group8_project/synopsys_custom/pwdp_jobs/saeSession0_default.SimulationSimulation_cdpl.0.1425138/ccFile.tcl OK
[17:21:53.09] /o LibDefs : /mnt/coe/workspace/ece/ece546-spr25/group8/group8_project/lib.defs
[17:21:53.78] /o new worker create session at loading state!
[17:21:53.78] /o history_1
[17:21:55.16] /o Loading: Callback files...
[17:21:55.18] /o Loading: scripts/callbacks/callbacks.tcl
[17:21:55.19] /o 
              /c [INFO] : Loading display.drf from /mnt/designkits/ncsu/FreePDK3/syncust/NCSU_TechLib_FreePDK3
              /c 
              /c  if you wish to Load other display.drf, please set shell environment valiable "iPDK_load_display_NCSU_TechLib_FreePDK3" to value = 0
[17:21:55.19] /o 
[17:21:55.26] /w Warning: Preference 'xtStarTcadGrdFile' is deprecated and scheduled for removal in a future release with no replacement. For migration assistance, see the Custom Compiler Tcl Reference Manual. (PREFERENCE-058)
[17:21:55.28] /w Warning: Preference 'xtStarOALayerMappingFile' is deprecated and scheduled for removal in a future release with no replacement. For migration assistance, see the Custom Compiler Tcl Reference Manual. (PREFERENCE-058)
[17:21:55.28] /o 	#######################################
[17:21:55.28] /o 	CC-PDK Library Name	: FreePDK3
[17:21:55.28] /o 	#######################################
[17:21:55.28] /o 
[17:21:55.74] /o source /mnt/coe/workspace/ece/ece546-spr25/group8/group8_project/simulation/group8,tb2025_2_tree_decoder,schematic/history_1/.nw_preference_script.tcl OK!
[17:21:55.75] /o DSPF Options: {hierDelim==|}||{termDelim==:}||{fingerChar==@}||{multiplierString==_nettran_}||{aggregateCurrent==1}||{MOSTermNames==d g s b}||{MOSTermOrder==D G S B}||{MOSTermDspfNames==DRC GATE SRC BULK}||{firstChars==XM}||{probeHierDelim==/}||{caseSensitive==1}||{firstChar==M}||{hierPrefix==X}||{nodePrefix==M}||{plotTermVoltageForNet==0}||{mapNetToMosTerminal==}||{mapSlashDelimToDot==1}||{probePortCurrent==1}||{busBit==[]}||{removeNodePrefix==1}||{nlConDelim==.}||{mosModelType==auto}||{keepSchName==0}
[17:21:55.75] /o _workerLoadStateAction done!
[17:21:55.78] /o _getSimulationDetails : 
[17:21:55.78] /o tbName=default, Mtb=0
[17:21:55.78] /o Got stb tb ok!
[17:21:55.78] /o Self resultsDir: ./simulation
[17:21:55.78] /o Self databaseDir: /mnt/coe/workspace/ece/ece546-spr25/group8/group8_project/simulation/group8,tb2025_2_tree_decoder,schematic/history_1/simulation/default/PrimeSimHSPICE/nominal/results
[17:21:55.88] /o Nominal run.
[17:21:56.52] /o _createResultsMap done!
[17:21:56.53] /o New worker simulation done for nomial run.
[17:21:56.53] /o >>>resultsDir=/mnt/coe/workspace/ece/ece546-spr25/group8/group8_project/simulation/group8,tb2025_2_tree_decoder,schematic/history_1/simulation/default/PrimeSimHSPICE/nominal/results,masterResultsDir=/mnt/coe/workspace/ece/ece546-spr25/group8/group8_project/simulation/group8,tb2025_2_tree_decoder,schematic/history_1/simulation/default/PrimeSimHSPICE/nominal/results
[17:21:56.55] /m Information: Evaluating and plotting outputs...
[17:21:56.86] /o touch /mnt/coe/workspace/ece/ece546-spr25/group8/group8_project/simulation/group8,tb2025_2_tree_decoder,schematic/history_1/simulation/default/PrimeSimHSPICE/nominal/results/.unitedSimFinished
[17:21:57.93] /o New worker simulation done for nomial run finished!
[17:21:57.93] /o _simulationDoneAction done without exception!
[17:21:58.04] /o #####New Worker job begin - Self history dir=/mnt/coe/workspace/ece/ece546-spr25/group8/group8_project/simulation/group8,tb2025_2_tree_decoder,schematic
[17:21:59.01] /o _getSimulationDetails : 
[17:21:59.01] /o tbName=default, Mtb=0
[17:21:59.01] /o Got stb tb ok!
[17:21:59.01] /o Self resultsDir: ./simulation
[17:21:59.02] /o Self databaseDir: /mnt/coe/workspace/ece/ece546-spr25/group8/group8_project/simulation/group8,tb2025_2_tree_decoder,schematic/history_1/simulation/default/PrimeSimHSPICE/nominal/results
[17:21:59.03] /o Nominal run.
[17:21:59.71] /o _createResultsMap done!
[17:21:59.71] /o New worker simulation done for nomial run.
[17:21:59.71] /o >>>resultsDir=/mnt/coe/workspace/ece/ece546-spr25/group8/group8_project/simulation/group8,tb2025_2_tree_decoder,schematic/history_1/simulation/default/PrimeSimHSPICE/nominal/results,masterResultsDir=/mnt/coe/workspace/ece/ece546-spr25/group8/group8_project/simulation/group8,tb2025_2_tree_decoder,schematic/history_1/simulation/default/PrimeSimHSPICE/nominal/results
[17:21:59.73] /m Information: Evaluating and plotting outputs...
[17:22:00.00] /o touch /mnt/coe/workspace/ece/ece546-spr25/group8/group8_project/simulation/group8,tb2025_2_tree_decoder,schematic/history_1/simulation/default/PrimeSimHSPICE/nominal/results/.unitedSimFinished
[17:22:01.06] /o New worker simulation done for nomial run finished!
[17:22:01.06] /o _simulationDoneAction done without exception!
[17:22:26.23] /o Shutdown time: Thu Apr 10 17:22:26 2025
[17:22:26.23] /o Elapsed session real time: 0.95 minutes
[17:22:26.23] /o Session terminated. Log is at /mnt/coe/workspace/ece/ece546-spr25/group8/group8_project/synopsys_custom/pwdp_jobs/saeSession0_default.SimulationSimulation_cdpl.0.1425138/logs/w1/logs/pw_worker.nbandeh.2025_4_10_172123_1425917.log
