1744615098.237578: 3596896-7fd94fe22540: cdpl_log.c:337: in cdpl_log_open(): info: @@start_of_log@@
1744615098.237639: 3596896-7fd94fe22540: cdpl_log.c:1058: in cdpl_log_dump_sysinfo(): info: time: 2025/04/14 03:18:18 EDT -0400
1744615098.237646: 3596896-7fd94fe22540: cdpl_log.c:1060: in cdpl_log_dump_sysinfo(): info: version: W-2024.09-SP1-2 
1744615098.237650: 3596896-7fd94fe22540: cdpl_log.c:1062: in cdpl_log_dump_sysinfo(): info: system: Linux 4.18.0-553.47.1.el8_10.x86_64 #1 SMP Thu Mar 20 10:01:53 EDT 2025
1744615098.237653: 3596896-7fd94fe22540: cdpl_log.c:1067: in cdpl_log_dump_sysinfo(): info: processor: x86_64 64-bits
1744615098.237656: 3596896-7fd94fe22540: cdpl_log.c:1071: in cdpl_log_dump_sysinfo(): info: hostname: hydra13.ece.ncsu.edu
1744615098.237659: 3596896-7fd94fe22540: cdpl_log.c:1073: in cdpl_log_dump_sysinfo(): info: program name: custom_shell
1744615098.237665: 3596896-7fd94fe22540: cdpl_log.c:340: in cdpl_log_open(): debug: path: /mnt/coe/workspace/ece/ece546-spr25/group8/group8_project/synopsys_custom/pwdp_jobs/saeSession0_HSPICEdefault.SimulationSimulation_cdpl.0.3596896/logs/master.hydra13.ece.ncsu.edu.3596896.log
1744615098.237669: 3596896-7fd94fe22540: cdpl_log.c:341: in cdpl_log_open(): debug: dir: /mnt/coe/workspace/ece/ece546-spr25/group8/group8_project/synopsys_custom/pwdp_jobs/saeSession0_HSPICEdefault.SimulationSimulation_cdpl.0.3596896/logs
1744615098.237740: 3596896-7fd94fe22540: cdpl_server.c:536: in cdpl_sv_init(): info: new server S33023191
1744615098.237762: 3596896-7fd94fe22540: cdpl_ipc.c:3475: in cdpl_ipc_init(): info: requesting IPv4 protocol
1744615098.242076: 3596896-7fd94fe22540: cdpl_ipc.c:837: in _selectaddrfamily(): info: selected IPv4 protocol
1744615098.242136: 3596896-7fd94fe22540: cdpl_ipc.c:1139: in _set_keepalive(): info: TCP keep alive interval: 300
1744615098.246181: 3596896-7fd94fe22540: cdpl_monitor.c:1117: in cdpl_mn_new_server(): info: creating server monitor instance
1744615098.246221: 3596896-7fd94fe22540: cdpl_server.c:650: in cdpl_sv_new_master(): info: new master M1
1744615098.246245: 3596896-7fd94fe22540: cdpl_server.c:6533: in cdpl_sv_ctl_master(): info: Setting worker heartbeat to 120 seconds
1744615098.246250: 3596896-7fd94fe22540: cdpl_server.c:6542: in cdpl_sv_ctl_master(): info: Setting worker heartbeat timeout to 3 heartbeats
1744615098.246255: 3596896-7fd94fe22540: cdpl_compat_master.c:2090: in _parse_hostfile(): info: reading hostfile `/mnt/coe/workspace/ece/ece546-spr25/group8/group8_project/synopsys_custom/pwdp_jobs/saeSession0_HSPICEdefault.SimulationSimulation_cdpl.0.3596896/host_file'
1744615098.255571: 3596896-7fd94fe22540: cdpl_compat_master.c:1900: in _hostfile_parser(): debug: parsing "1     |localhost|   -1  | /tmp | SH | sh"
1744615098.255614: 3596896-7fd94fe22540: cdpl_farm.c:2578: in cdpl_farm_new_sh(): info: creating SH farm on localhost
1744615098.255631: 3596896-7fd94fe22540: cdpl_compat_master.c:206: in _set_farm_env(): info: exporting CDPL_LOGDIR as `/mnt/coe/workspace/ece/ece546-spr25/group8/group8_project/synopsys_custom/pwdp_jobs/saeSession0_HSPICEdefault.SimulationSimulation_cdpl.0.3596896/logs'
1744615098.255636: 3596896-7fd94fe22540: cdpl_compat_master.c:212: in _set_farm_env(): info: exporting CDPL_TMPDIR as `/tmp'
1744615098.255640: 3596896-7fd94fe22540: cdpl_compat_master.c:219: in _set_farm_env(): info: exporting CDPL_HOME as `/mnt/apps/public/COE/synopsys_apps/hspice/W-2024.09-SP1/hspice/cdpl'
1744615098.255644: 3596896-7fd94fe22540: cdpl_compat_master.c:235: in _set_farm_env(): info: exporting SNPSLMD_LICENSE_FILE as `27000@ece-lic-35.ece.ncsu.edu'
1744615098.255649: 3596896-7fd94fe22540: cdpl_compat_master.c:259: in _set_farm_env(): info: exporting CDPL_OPTIONS as `[nowlogs]'
1744615098.255652: 3596896-7fd94fe22540: cdpl_compat_master.c:266: in _set_farm_env(): info: exporting DISPLAY as `unix:18868'
1744615098.255656: 3596896-7fd94fe22540: cdpl_compat_master.c:274: in _set_farm_env(): info: exporting CDPL_HEARTBEAT as `120'
1744615098.255681: 3596896-7fd94fe22540: cdpl_farm.c:3149: in cdpl_farm_add_withdir(): debug: added `localhost' (capacity: unlimited)
1744615098.255695: 3596896-7fd94fe22540: cdpl_compat_parse.c:147: in parsefile(): debug: read `/mnt/coe/workspace/ece/ece546-spr25/group8/group8_project/synopsys_custom/pwdp_jobs/saeSession0_HSPICEdefault.SimulationSimulation_cdpl.0.3596896/host_file', 2 lines
1744615098.255700: 3596896-7fd94fe22540: cdpl_compat_master.c:2931: in cdplInitMaster(): info: bcast dir is `/mnt/coe/workspace/ece/ece546-spr25/group8/group8_project/synopsys_custom/pwdp_jobs/saeSession0_HSPICEdefault.SimulationSimulation_cdpl.0.3596896/logs'
1744615098.262377: 3596896-7fd94fe22540: cdpl_server.c:6433: in cdpl_sv_ctl_master(): info: farm worker timeout set to 300
1744615098.262385: 3596896-7fd94fe22540: cdpl_server.c:6486: in cdpl_sv_ctl_master(): info: maximum number of task execution attempts set to 1
1744615098.262424: 3596896-7fd94fe22540: cdpl_server.c:3195: in cdpl_sv_start(): debug: starting server
1744615098.262435: 3596896-7fd94fe22540: cdpl_ipc.c:3632: in cdpl_ipc_start(): debug: starting IPC server 152.14.98.24:33723
1744615098.262744: 3596896-7fd924aa1700: cdpl_server_ipc.c:1182: in _sv_ipc_thread(): debug: ready
1744615098.263350: 3596896-7fd913fff700: cdpl_monitor.c:426: in cdpl_mn_init_client(): info: creating client monitor instance
1744615098.263374: 3596896-7fd913fff700: cdpl_ipc.c:3475: in cdpl_ipc_init(): info: requesting IPv4 protocol
1744615098.267662: 3596896-7fd913fff700: cdpl_ipc.c:837: in _selectaddrfamily(): info: selected IPv4 protocol
1744615098.267714: 3596896-7fd913fff700: cdpl_ipc.c:1139: in _set_keepalive(): info: TCP keep alive interval: 300
1744615098.270992: 3596896-7fd913fff700: cdpl_ipc.c:3632: in cdpl_ipc_start(): debug: starting IPC server 152.14.98.24:34535
1744615098.271270: 3596896-7fd913fff700: cdpl_monitor.c:471: in cdpl_mn_init_client(): debug: incoming messages in /tmp/cdpl-monitor-yeUTjc
1744615098.271462: 3596896-7fd913fff700: cdpl_monitor.c:533: in cdpl_mn_connect(): debug: connecting to 152.14.98.24:33723
1744615098.271478: 3596896-7fd913fff700: cdpl_ipc.c:3789: in cdpl_ipc_connect(): info: connecting to 152.14.98.24:33723
1744615098.271686: 3596896-7fd913fff700: cdpl_ipc.c:3860: in cdpl_ipc_connect(): info: connected as `152.14.98.24:42692'
1744615098.271714: 3596896-7fd913fff700: cdpl_ipc.c:2503: in cdpl_ipc_host_accept(): debug: accepted host `152.14.98.24:33723'
1744615098.271745: 3596896-7fd9252a2700: cdpl_ipc.c:1862: in _epoll_accept(): debug: new connection from `152.14.98.24:42692'
1744615098.271765: 3596896-7fd913fff700: cdpl_monitor.c:579: in cdpl_mn_connect(): debug: ok
1744615098.271821: 3596896-7fd94fe22540: cdpl_server.c:731: in cdpl_sv_new_job(): info: new job J1 in M1
1744615098.271845: 3596896-7fd924aa1700: cdpl_server_ipc.c:1225: in _sv_ipc_thread(): debug: received ACCEPT notification
1744615098.271864: 3596896-7fd924aa1700: cdpl_ipc.c:2503: in cdpl_ipc_host_accept(): debug: accepted host `152.14.98.24:42692'
1744615098.271870: 3596896-7fd94fe22540: cdpl_compat_master.c:1581: in _add_worker(): info: new worker type 10, min:1, max:3, cmd:`/mnt/coe/workspace/ece/ece546-spr25/group8/group8_project/synopsys_custom/pwdp_jobs/saeSession0_HSPICEdefault.SimulationSimulation_cdpl.0.3596896/START_WORKER pw_worker -i /mnt/coe/workspace/ece/ece546-spr25/group8/g
1744615098.271882: 3596896-7fd924aa1700: cdpl_server_ipc.c:1256: in _sv_ipc_thread(): debug: received MONITOR message
1744615098.271900: 3596896-7fd94fe22540: cdpl_server.c:908: in cdpl_sv_new_bin_withfarm(): info: new bin B1 in J1
1744615098.272082: 3596896-7fd924aa1700: cdpl_monitor.c:1207: in cdpl_mn_accept(): debug: accepted monitor `152.14.98.24:42692'
1744615098.272091: 3596896-7fd924aa1700: cdpl_server_ipc_mon.c:120: in _globalLOCK(): debug: ENTERTING GLOBAL LOCK
1744615098.272095: 3596896-7fd924aa1700: cdpl_server_ipc_mon.c:164: in _globalLOCK(): debug: global lock acquired
1744615098.272127: 3596896-7fd9127fc700: cdpl_monitor.c:910: in mn_systat(): debug: started
1744615098.272610: 3596896-7fd9127fc700: cdpl_monitor.c:937: in mn_systat(): debug: monitor server flush rate: 5
1744615098.359510: 3596896-7fd924aa1700: cdpl_server_ipc_mon.c:210: in _globalUNLOCK(): debug: LEAVING GLOBAL LOCK
1744615098.632130: 3596896-7fd94fe22540: cdpl_server.c:3249: in cdpl_sv_start_job(): info: starting job J1
1744615098.632161: 3596896-7fd94fe22540: cdpl_server.c:62: in _sv_start_bin(): debug: starting bin B1 (min: 0, max: 3)
1744615098.632746: 3596896-7fd8fbfff700: cdpl_server_sched.c:2482: in _sv_scheduler_thread(): debug: scheduler for bin B1 started
1744615098.632803: 3596896-7fd94fe22540: cdpl_server.c:1893: in _sv_gen_task(): info: new task T0 in B1 (prio 0)
1744615098.632862: 3596896-7fd94fe22540: cdpl_server.c:2698: in cdpl_sv_label_task_va(): info: setting task T0 label to "HSPICE_1|HSPICE"
1744615098.632933: 3596896-7fd8fbfff700: cdpl_server_sched.c:2443: in _scheduler_run(): debug: will start a new worker
1744615098.632991: 3596896-7fd8fbfff700: cdpl_farm.c:3977: in cdpl_farm_submit(): debug: 1 running processes
1744615098.632998: 3596896-7fd8fbfff700: cdpl_farm.c:3985: in cdpl_farm_submit(): debug: new command C1 in bin B1 assigned to host `localhost'
1744615098.633113: 3596896-7fd8fbfff700: cdpl_server_sched.c:705: in _sv_launch_worker(): info: started worker W1 (as C1) in bin B1
1744615098.633161: 3596896-7fd8fb7fe700: cdpl_farm.c:2139: in _schedule(): debug: started
1744615098.633176: 3596896-7fd8fb7fe700: cdpl_farm.c:2303: in _schedule(): debug: submitting command C1 in bin B1
1744615098.633204: 3596896-7fd8fb7fe700: cdpl_sh.c:49: in _sh_detached_submit(): info: SH : /mnt/coe/workspace/ece/ece546-spr25/group8/group8_project/synopsys_custom/pwdp_jobs/saeSession0_HSPICEdefault.SimulationSimulation_cdpl.0.3596896/START_WORKER pw_worker -i /mnt/coe/workspace/ece/ece546-spr25/group8/group8_project/synopsys_custom/pwdp_jobs/saeSession0_HSPICEdefault.SimulationSimulation_cdpl.0.3596896 -t 10000
1744615098.642318: 3596896-7fd8fb7fe700: cdpl_farm.c:2343: in _schedule(): debug: C1 in bin B1 running on slot 0
1744615098.642370: 3596896-7fd8fb7fe700: cdpl_farm.c:2167: in _schedule(): debug: idle
1744615098.906017: 3596896-7fd94fe22540: cdpl_compat_master.c:5948: in cdplMasterLogInfo(): info: [non-CDPL log entry] PWDP3: reset pilot cache succeeded, pilot_key=saeSession0,1,HSPICE_default|&/mnt/coe/workspace/ece/ece546-spr25/group8/group8_project/simulation/group8,tb2025_1,schematic/history_1/simulation/HSPICE_default/HSPICE/nominal/results
1744615098.942464: 3596896-7fd8fb7fe700: cdpl_farm.c:1193: in _onexit(): debug: C1 in bin B1 exited normally on slot 0
1744615099.537573: 3596896-7fd9117fa700: cdpl_compat_master.c:5948: in cdplMasterLogInfo(): info: [non-CDPL log entry] PWDP - no-workers started ok check start!
1744615102.632518: 3596896-7fd9252a2700: cdpl_ipc.c:1862: in _epoll_accept(): debug: new connection from `152.14.98.24:43806'
1744615102.632609: 3596896-7fd924aa1700: cdpl_server_ipc.c:1225: in _sv_ipc_thread(): debug: received ACCEPT notification
1744615102.632628: 3596896-7fd924aa1700: cdpl_ipc.c:2503: in cdpl_ipc_host_accept(): debug: accepted host `152.14.98.24:43806'
1744615102.633328: 3596896-7fd924aa1700: cdpl_server_ipc.c:1246: in _sv_ipc_thread(): debug: received HELLO message
1744615102.633341: 3596896-7fd924aa1700: cdpl_server_ipc.c:430: in _sv_on_hello(): debug: looking up W1
1744615102.633346: 3596896-7fd924aa1700: cdpl_server_ipc.c:540: in _sv_on_hello(): info: W1 is `152.14.98.24:43806'
1744615102.633350: 3596896-7fd924aa1700: cdpl_server_ipc.c:541: in _sv_on_hello(): debug: hello W1 (B1)
1744615102.633353: 3596896-7fd924aa1700: cdpl_server_ipc.c:542: in _sv_on_hello(): info: W1 log file is /dev/null
1744615102.633438: 3596896-7fd924aa1700: cdpl_server_ipc.c:602: in _sv_on_hello(): info: up to 1 alive workers in B1
1744615102.633455: 3596896-7fd924aa1700: cdpl_farm.c:878: in _release_cmd(): debug: freeing command C1 in bin B1
1744615102.633480: 3596896-7fd8fbfff700: cdpl_server_sched.c:960: in _assign(): info: assigning task T0 to worker W1
1744615103.339949: 3596896-7fd913fff700: cdpl_monitor.c:533: in cdpl_mn_connect(): debug: connecting to 152.14.98.24:35573
1744615103.339965: 3596896-7fd913fff700: cdpl_ipc.c:3789: in cdpl_ipc_connect(): info: connecting to 152.14.98.24:35573
1744615103.340192: 3596896-7fd913fff700: cdpl_ipc.c:3860: in cdpl_ipc_connect(): info: connected as `152.14.98.24:47930'
1744615103.340207: 3596896-7fd913fff700: cdpl_ipc.c:2503: in cdpl_ipc_host_accept(): debug: accepted host `152.14.98.24:35573'
1744615103.340214: 3596896-7fd913fff700: cdpl_monitor.c:579: in cdpl_mn_connect(): debug: ok
1744615103.634764: 3596896-7fd924aa1700: cdpl_server_ipc.c:312: in _sv_on_heartbeat(): debug: received HEARTBEAT from worker W1 at 152.14.98.24:43806
1744615106.541079: 3596896-7fd924aa1700: cdpl_server_ipc.c:1268: in _sv_ipc_thread(): debug: received RELAY message
1744615106.541096: 3596896-7fd924aa1700: cdpl_server_ipc.c:713: in _sv_on_relay(): debug: RELAY message from W1, size = 58
1744615106.541102: 3596896-7fd924aa1700: cdpl_server_ipc.c:715: in _sv_on_relay(): debug: RELAY message from W1, content = 0$3597424 hydra13.ece.ncsu.edu 3597470 RUNNING 1744615105
1744615135.508179: 3596896-7fd924aa1700: cdpl_server_ipc.c:1268: in _sv_ipc_thread(): debug: received RELAY message
1744615135.511014: 3596896-7fd924aa1700: cdpl_server_ipc.c:713: in _sv_on_relay(): debug: RELAY message from W1, size = 48
1744615135.511023: 3596896-7fd924aa1700: cdpl_server_ipc.c:715: in _sv_on_relay(): debug: RELAY message from W1, content = WORKERDU|1547,dc2isi00nfs.oit.ncsu.edu:/coe_nfs
1744615147.315520: 3596896-7fd924aa1700: cdpl_server_ipc.c:1268: in _sv_ipc_thread(): debug: received RELAY message
1744615147.318498: 3596896-7fd924aa1700: cdpl_server_ipc.c:713: in _sv_on_relay(): debug: RELAY message from W1, size = 46
1744615147.318511: 3596896-7fd924aa1700: cdpl_server_ipc.c:715: in _sv_on_relay(): debug: RELAY message from W1, content = WORKERDU|80,dc2isi00nfs.oit.ncsu.edu:/coe_nfs
1744615153.247588: 3596896-7fd924aa1700: cdpl_server_ipc.c:1268: in _sv_ipc_thread(): debug: received RELAY message
1744615153.250535: 3596896-7fd924aa1700: cdpl_server_ipc.c:713: in _sv_on_relay(): debug: RELAY message from W1, size = 46
1744615153.250554: 3596896-7fd924aa1700: cdpl_server_ipc.c:715: in _sv_on_relay(): debug: RELAY message from W1, content = WORKERDU|24,dc2isi00nfs.oit.ncsu.edu:/coe_nfs
1744615158.942686: 3596896-7fd8fb7fe700: cdpl_farm.c:2173: in _schedule(): debug: idle
1744615159.198561: 3596896-7fd924aa1700: cdpl_server_ipc.c:1268: in _sv_ipc_thread(): debug: received RELAY message
1744615159.198578: 3596896-7fd924aa1700: cdpl_server_ipc.c:713: in _sv_on_relay(): debug: RELAY message from W1, size = 46
1744615159.198583: 3596896-7fd924aa1700: cdpl_server_ipc.c:715: in _sv_on_relay(): debug: RELAY message from W1, content = WORKERDU|64,dc2isi00nfs.oit.ncsu.edu:/coe_nfs
1744615171.297277: 3596896-7fd924aa1700: cdpl_server_ipc.c:1268: in _sv_ipc_thread(): debug: received RELAY message
1744615171.300208: 3596896-7fd924aa1700: cdpl_server_ipc.c:713: in _sv_on_relay(): debug: RELAY message from W1, size = 46
1744615171.300216: 3596896-7fd924aa1700: cdpl_server_ipc.c:715: in _sv_on_relay(): debug: RELAY message from W1, content = WORKERDU|64,dc2isi00nfs.oit.ncsu.edu:/coe_nfs
1744615183.290747: 3596896-7fd924aa1700: cdpl_server_ipc.c:1268: in _sv_ipc_thread(): debug: received RELAY message
1744615183.293618: 3596896-7fd924aa1700: cdpl_server_ipc.c:713: in _sv_on_relay(): debug: RELAY message from W1, size = 46
1744615183.293627: 3596896-7fd924aa1700: cdpl_server_ipc.c:715: in _sv_on_relay(): debug: RELAY message from W1, content = WORKERDU|64,dc2isi00nfs.oit.ncsu.edu:/coe_nfs
1744615195.254796: 3596896-7fd924aa1700: cdpl_server_ipc.c:1268: in _sv_ipc_thread(): debug: received RELAY message
1744615195.257712: 3596896-7fd924aa1700: cdpl_server_ipc.c:713: in _sv_on_relay(): debug: RELAY message from W1, size = 46
1744615195.257722: 3596896-7fd924aa1700: cdpl_server_ipc.c:715: in _sv_on_relay(): debug: RELAY message from W1, content = WORKERDU|64,dc2isi00nfs.oit.ncsu.edu:/coe_nfs
1744615207.222515: 3596896-7fd924aa1700: cdpl_server_ipc.c:1268: in _sv_ipc_thread(): debug: received RELAY message
1744615207.225492: 3596896-7fd924aa1700: cdpl_server_ipc.c:713: in _sv_on_relay(): debug: RELAY message from W1, size = 46
1744615207.225507: 3596896-7fd924aa1700: cdpl_server_ipc.c:715: in _sv_on_relay(): debug: RELAY message from W1, content = WORKERDU|64,dc2isi00nfs.oit.ncsu.edu:/coe_nfs
1744615218.945891: 3596896-7fd8fb7fe700: cdpl_farm.c:2173: in _schedule(): debug: idle
1744615219.284085: 3596896-7fd924aa1700: cdpl_server_ipc.c:1268: in _sv_ipc_thread(): debug: received RELAY message
1744615219.284104: 3596896-7fd924aa1700: cdpl_server_ipc.c:713: in _sv_on_relay(): debug: RELAY message from W1, size = 46
1744615219.284110: 3596896-7fd924aa1700: cdpl_server_ipc.c:715: in _sv_on_relay(): debug: RELAY message from W1, content = WORKERDU|64,dc2isi00nfs.oit.ncsu.edu:/coe_nfs
1744615219.304354: 3596896-7fd911ffb700: cdpl_compat_master.c:5948: in cdplMasterLogInfo(): info: [non-CDPL log entry] PWDP: message receiver is alive.
1744615223.635518: 3596896-7fd924aa1700: cdpl_server_ipc.c:312: in _sv_on_heartbeat(): debug: received HEARTBEAT from worker W1 at 152.14.98.24:43806
1744615226.325994: 3596896-7fd924aa1700: cdpl_server_ipc.c:1268: in _sv_ipc_thread(): debug: received RELAY message
1744615226.326012: 3596896-7fd924aa1700: cdpl_server_ipc.c:713: in _sv_on_relay(): debug: RELAY message from W1, size = 196
1744615226.326018: 3596896-7fd924aa1700: cdpl_server_ipc.c:715: in _sv_on_relay(): debug: RELAY message from W1, content = REQPILOT|saeSession0,1,HSPICE_default|&/mnt/coe/workspace/ece/ece546-spr25/group8/group8_project/simulation/group8,tb2025_1,schematic/history_1/simulation/HSPICE_default/HSPICE/nominal/results|&0
1744615226.326259: 3596896-7fd911ffb700: cdpl_compat_master.c:5948: in cdplMasterLogInfo(): info: [non-CDPL log entry] PWDP send back 'DOPILOT' to worker id:1 key: saeSession0,1,HSPICE_default|&/mnt/coe/workspace/ece/ece546-spr25/group8/group8_project/simulation/group8,tb2025_1,schematic/history_1/simulation/HSPICE_default/HSPICE/nominal/results
1744615226.342572: 3596896-7fd911ffb700: cdpl_compat_master.c:5948: in cdplMasterLogInfo(): info: [non-CDPL log entry] PWDP: set pilot doing!
1744615226.364788: 3596896-7fd924aa1700: cdpl_server_ipc.c:1268: in _sv_ipc_thread(): debug: received RELAY message
1744615226.364802: 3596896-7fd924aa1700: cdpl_server_ipc.c:713: in _sv_on_relay(): debug: RELAY message from W1, size = 192
1744615226.364807: 3596896-7fd924aa1700: cdpl_server_ipc.c:715: in _sv_on_relay(): debug: RELAY message from W1, content = PILOTOK|saeSession0,1,HSPICE_default|&/mnt/coe/workspace/ece/ece546-spr25/group8/group8_project/simulation/group8,tb2025_1,schematic/history_1/simulation/HSPICE_default/HSPICE/nominal/results
1744615226.364855: 3596896-7fd911ffb700: cdpl_compat_master.c:5948: in cdplMasterLogInfo(): info: [non-CDPL log entry] PWDP: set pilot done!
1744615226.365004: 3596896-7fd924aa1700: cdpl_server_ipc.c:1268: in _sv_ipc_thread(): debug: received RELAY message
1744615226.365009: 3596896-7fd924aa1700: cdpl_server_ipc.c:713: in _sv_on_relay(): debug: RELAY message from W1, size = 18
1744615226.365012: 3596896-7fd924aa1700: cdpl_server_ipc.c:715: in _sv_on_relay(): debug: RELAY message from W1, content = 0$- - - MEASDOING
1744615231.458669: 3596896-7fd9117fa700: cdpl_compat_master.c:5948: in cdplMasterLogInfo(): info: [non-CDPL log entry] PWDP: master status watchdog is alive.
1744615233.385728: 3596896-7fd924aa1700: cdpl_server_ipc.c:1268: in _sv_ipc_thread(): debug: received RELAY message
1744615233.385747: 3596896-7fd924aa1700: cdpl_server_ipc.c:713: in _sv_on_relay(): debug: RELAY message from W1, size = 70
1744615233.385752: 3596896-7fd924aa1700: cdpl_server_ipc.c:715: in _sv_on_relay(): debug: RELAY message from W1, content = 0$3597424 hydra13.ece.ncsu.edu 3597470 FINISHED 1744615105|1744615233
1744615233.408902: 3596896-7fd924aa1700: cdpl_server_ipc.c:1268: in _sv_ipc_thread(): debug: received RELAY message
1744615233.408918: 3596896-7fd924aa1700: cdpl_server_ipc.c:713: in _sv_on_relay(): debug: RELAY message from W1, size = 194
1744615233.408923: 3596896-7fd924aa1700: cdpl_server_ipc.c:715: in _sv_on_relay(): debug: RELAY message from W1, content = PILOTDONE|saeSession0,1,HSPICE_default|&/mnt/coe/workspace/ece/ece546-spr25/group8/group8_project/simulation/group8,tb2025_1,schematic/history_1/simulation/HSPICE_default/HSPICE/nominal/results
1744615233.408978: 3596896-7fd911ffb700: cdpl_compat_master.c:5948: in cdplMasterLogInfo(): info: [non-CDPL log entry] saeSession0,1,HSPICE_default|&/mnt/coe/workspace/ece/ece546-spr25/group8/group8_project/simulation/group8,tb2025_1,schematic/history_1/simulation/HSPICE_default/HSPICE/nominal/results PILOTDONE!
1744615233.440212: 3596896-7fd924aa1700: cdpl_server_ipc.c:1251: in _sv_ipc_thread(): debug: received FINISH message
1744615233.440230: 3596896-7fd924aa1700: cdpl_server_ipc.c:983: in _sv_on_finish(): info: worker W1 completed task T0
1744615233.440236: 3596896-7fd924aa1700: cdpl_server_ipc.c:988: in _sv_on_finish(): debug: stat T0: utime=132606 stime=3475
1744615233.440242: 3596896-7fd924aa1700: cdpl_server_ipc.c:993: in _sv_on_finish(): debug: statm T0: vsize=2868896 rss=1067960 shared=518904 text=474784 data=734840
1744615233.471094: 3596896-7fd94fe22540: cdpl_server.c:227: in _sv_free_task_safe(): debug: freeing task T0
1744615233.492608: 3596896-7fd924aa1700: cdpl_server_ipc.c:1268: in _sv_ipc_thread(): debug: received RELAY message
1744615233.492621: 3596896-7fd924aa1700: cdpl_server_ipc.c:713: in _sv_on_relay(): debug: RELAY message from W1, size = 47
1744615233.492626: 3596896-7fd924aa1700: cdpl_server_ipc.c:715: in _sv_on_relay(): debug: RELAY message from W1, content = WORKERDU|197,dc2isi00nfs.oit.ncsu.edu:/coe_nfs
1744615241.662620: 3596896-7fd94fe22540: cdpl_server.c:3008: in cdpl_sv_halt_job_errno(): info: killing job J1
1744615241.665682: 3596896-7fd94fe22540: cdpl_server.c:3044: in cdpl_sv_halt_job_errno(): debug: signal bin B1 scheduler to stop
1744615241.665709: 3596896-7fd8fbfff700: cdpl_server_sched.c:2484: in _sv_scheduler_thread(): debug: scheduler for bin B1 stopped
1744615241.665760: 3596896-7fd8fbfff700: cdpl_ipc.c:1657: in _host_drop__UNSAFE(): debug: dropping host `152.14.98.24:43806'
1744615241.665843: 3596896-7fd8fbfff700: cdpl_server_sched.c:2830: in _sv_drop_worker(): info: down to 0 alive workers in B1
1744615241.665859: 3596896-7fd924aa1700: cdpl_server_ipc.c:1236: in _sv_ipc_thread(): debug: received DROP notification
1744615241.665884: 3596896-7fd8fbfff700: cdpl_farm.c:4152: in cdpl_farm_dismiss(): debug: down to 0 running processes
1744615241.665917: 3596896-7fd8fbfff700: cdpl_server_sched.c:121: in _free_worker_2(): debug: freeing worker W1
1744615241.665942: 3596896-7fd8fbfff700: cdpl_ipc.c:2513: in cdpl_ipc_host_release(): debug: releasing host `152.14.98.24:43806'
1744615241.665947: 3596896-7fd8fbfff700: cdpl_ipc.c:2529: in cdpl_ipc_host_release(): debug: scheduling for immediate release
1744615241.665978: 3596896-7fd94fe22540: cdpl_server.c:294: in _sv_free_job(): info: freeing job J1
1744615241.665988: 3596896-7fd94fe22540: cdpl_server.c:92: in _sv_free_bin(): debug: freeing bin B1
1744615241.666074: 3596896-7fd94fe22540: cdpl_monitor.c:515: in cdpl_mn_kill(): info: killing monitor
1744615241.666084: 3596896-7fd94fe22540: cdpl_ipc.c:3677: in cdpl_ipc_kill(): debug: stopping event server
1744615241.666118: 3596896-7fd9137fe700: cdpl_ipc.c:2460: in _epoll_main(): debug: server going down...
1744615241.666172: 3596896-7fd9252a2700: cdpl_ipc.c:775: in _readv(): warning: read(): EOF
1744615241.666212: 3596896-7fd9252a2700: cdpl_ipc.c:2100: in _epoll_recv(): debug: _readv(): Broken pipe
1744615241.666218: 3596896-7fd9252a2700: cdpl_ipc.c:2424: in _epoll_main(): debug: _epoll_recv(): Broken pipe
1744615241.666230: 3596896-7fd9252a2700: cdpl_ipc.c:1657: in _host_drop__UNSAFE(): debug: dropping host `152.14.98.24:42692'
1744615241.666309: 3596896-7fd9252a2700: cdpl_ipc.c:1582: in _host_free__UNSAFE(): debug: freeing host `152.14.98.24:43806'
1744615241.666316: 3596896-7fd9252a2700: cdpl_ipc.c:1621: in _host_free__UNSAFE(): debug: [0 outq, 0 spR, 0 spW]
1744615241.666328: 3596896-7fd924aa1700: cdpl_server_ipc.c:1236: in _sv_ipc_thread(): debug: received DROP notification
1744615241.666357: 3596896-7fd924aa1700: cdpl_monitor.c:1269: in cdpl_mn_drop(): debug: detaching from monitor `152.14.98.24:42692'
1744615241.666363: 3596896-7fd924aa1700: cdpl_monitor.c:1101: in mn_systat_stop(): debug: joining systat thread
1744615241.666402: 3596896-7fd9127fc700: cdpl_monitor.c:1079: in mn_systat(): debug: exiting
1744615241.666414: 3596896-7fd924aa1700: cdpl_monitor.c:1103: in mn_systat_stop(): debug: systat thread done
1744615241.666419: 3596896-7fd924aa1700: cdpl_ipc.c:2513: in cdpl_ipc_host_release(): debug: releasing host `152.14.98.24:42692'
1744615241.666554: 3596896-7fd913fff700: cdpl_ipc.c:3728: in cdpl_ipc_free(): debug: releasing IPC handle
1744615241.666567: 3596896-7fd913fff700: cdpl_ipc.c:1582: in _host_free__UNSAFE(): debug: freeing host `152.14.98.24:35573'
1744615241.666571: 3596896-7fd913fff700: cdpl_ipc.c:1621: in _host_free__UNSAFE(): debug: [0 outq, 0 spR, 0 spW]
1744615241.666590: 3596896-7fd913fff700: cdpl_ipc.c:1582: in _host_free__UNSAFE(): debug: freeing host `152.14.98.24:33723'
1744615241.666594: 3596896-7fd913fff700: cdpl_ipc.c:1621: in _host_free__UNSAFE(): debug: [0 outq, 0 spR, 0 spW]
1744615241.666605: 3596896-7fd913fff700: cdpl_ipc.c:3756: in cdpl_ipc_free(): warning: 2 host(s) were not released
1744615241.666626: 3596896-7fd913fff700: cdpl_ipc.c:3767: in cdpl_ipc_free(): debug: done
1744615241.666630: 3596896-7fd913fff700: cdpl_monitor.c:1390: in cdpl_mn_free(): debug: freeing monitor client
1744615241.666899: 3596896-7fd94fe22540: cdpl_farm.c:2740: in cdpl_farm_free(): info: freeing farm
1744615241.666924: 3596896-7fd8fb7fe700: cdpl_farm.c:2231: in _schedule(): debug: end of idling
1744615241.666937: 3596896-7fd8fb7fe700: cdpl_farm.c:2235: in _schedule(): debug: dying
1744615241.667016: 3596896-7fd94fe22540: cdpl_farm.c:913: in _killall(): debug: killing all remaining commands
1744615241.667053: 3596896-7fd94fe22540: cdpl_server.c:3144: in cdpl_sv_free(): info: freeing server S33023191
1744615241.667080: 3596896-7fd94fe22540: cdpl_server.c:3109: in cdpl_sv_kill_errno(): info: killing server
1744615241.667084: 3596896-7fd94fe22540: cdpl_ipc.c:3677: in cdpl_ipc_kill(): debug: stopping event server
1744615241.667101: 3596896-7fd924aa1700: cdpl_server_ipc.c:1200: in _sv_ipc_thread(): debug: leaving now
1744615241.667114: 3596896-7fd94fe22540: cdpl_server.c:334: in _sv_free_master(): info: freeing master M1
1744615241.667119: 3596896-7fd9252a2700: cdpl_ipc.c:2460: in _epoll_main(): debug: server going down...
1744615241.667127: 3596896-7fd94fe22540: cdpl_hash.c:68: in cdpl_h_destroy(): debug: put operations: 1
1744615241.667131: 3596896-7fd94fe22540: cdpl_hash.c:69: in cdpl_h_destroy(): debug: put collisions: 0
1744615241.667134: 3596896-7fd94fe22540: cdpl_hash.c:70: in cdpl_h_destroy(): debug: get operations: 1
1744615241.667137: 3596896-7fd94fe22540: cdpl_hash.c:71: in cdpl_h_destroy(): debug: get iterations: 1
1744615241.667150: 3596896-7fd94fe22540: cdpl_monitor.c:1390: in cdpl_mn_free(): debug: freeing monitor server
1744615241.667155: 3596896-7fd94fe22540: cdpl_ipc.c:3728: in cdpl_ipc_free(): debug: releasing IPC handle
1744615241.667162: 3596896-7fd94fe22540: cdpl_ipc.c:1582: in _host_free__UNSAFE(): debug: freeing host `152.14.98.24:42692'
1744615241.667166: 3596896-7fd94fe22540: cdpl_ipc.c:1621: in _host_free__UNSAFE(): debug: [0 outq, 0 spR, 0 spW]
1744615241.667193: 3596896-7fd94fe22540: cdpl_ipc.c:3767: in cdpl_ipc_free(): debug: done
1744615241.667208: 3596896-7fd94fe22540: cdpl_log.c:481: in cdpl_log_close(): info: @@end_of_log@@
