[09:50:10.16] /o 
              /c                          PrimeWave Design Environment 
              /c 
              /c                Version W-2024.09-SP1-2 for linux64 - Jan 15, 2025
              /c              Based on Custom Infrastructure
              /c Version W-2024.09-SP1-2
              /c 
              /c                     Copyright (c) 2004 - 2025 Synopsys, Inc.
              /c    This software and the associated documentation are proprietary to Synopsys,
              /c  Inc. This software may only be used in accordance with the terms and conditions
              /c  of a written license agreement with Synopsys, Inc. All other use, reproduction,
              /c    or distribution of this software is strictly prohibited.  Licensed Products
              /c      communicate with Synopsys servers for the purpose of providing software
              /c     updates, detecting software piracy and verifying that customers are using
              /c     Licensed Products in conformity with the applicable License Key for such
              /c   Licensed Products. Synopsys will use information gathered in connection with
              /c     this process to deliver software updates and pursue software pirates and
              /c                                    infringers.
              /c 
              /c  Inclusivity & Diversity - Visit SolvNetPlus to read the "Synopsys Statement on
              /c             Inclusivity and Diversity" (Refer to article 000036315 at
              /c                         https://solvnetplus.synopsys.com)
              /c 
              /c Build  (OPT) Config 11252589 compiled on Wed Jan 15 11:01:36 2025 for AlmaLinux 8.4
              /c Invocation: /mnt/apps/public/COE/synopsys_apps/primewave/W-2024.09-SP1-2/linux64/platform/bin/custom_shell -application primewave -gui 0 -uniqueString 424077b79e1069ee9f074479862a2487237d0ff9c53bf8841ca54e530ed029672ebc769abb176a49fc66c6e55f682908 -python 0 -command "source /mnt/coe/workspace/ece/ece546-spr25/group8/group8_project/synopsys_custom/sim_server/custom_compiler.hrajesh/stb.group8.sram_6t_tb.schematic.session1/sim_server_init.tcl" -log /mnt/coe/workspace/ece/ece546-spr25/group8/group8_project/synopsys_custom/primewave_session1_sim_server_job1 -libDefFile /mnt/coe/workspace/ece/ece546-spr25/group8/group8_project/lib.defs
              /c Execution time: Thu Apr  3 09:50:07 2025
              /c Host: grendel42.ece.ncsu.edu
              /c Working directory: /mnt/coe/workspace/ece/ece546-spr25/group8/group8_project
              /c 
[09:50:15.78] /m Information: Registering ICV PERC package...
[09:50:16.50] /m Information: Feature 'SynopsysCustomSAE' checked out. (LICENSE-003)
[09:50:16.72] /o 
[09:50:16.77] /i source /mnt/coe/workspace/ece/ece546-spr25/group8/group8_project/synopsys_custom/sim_server/custom_compiler.hrajesh/stb.group8.sram_6t_tb.schematic.session1/sim_server_init.tcl
[09:50:17.16] /o SimServer socket started on grendel42.ece.ncsu.edu:38461
[09:50:17.84] /m Information: Launching Waveform Viewer "cd /mnt/coe/workspace/ece/ece546-spr25/group8/group8_project/synopsys_custom/sim_server/custom_compiler.hrajesh/stb.group8.sram_6t_tb.schematic.session1/logs &&  /mnt/apps/public/COE/synopsys_apps/primewave/W-2024.09-SP1-2/auxx/../linux64/swv/bin/swv  -bg_gui -k -cdesigner -ptype wv -spxkey /mnt/apps/public/COE/synopsys_apps/primewave/W-2024.09-SP1-2/auxx/waveform/sae.spxkey -spxrc /tmp/tmp_sae_spxrc_V0Crui -unique_string 424077b79e1069ee17120e50717e8aa3237d0ff9c53bf8841ca54e530ed0296714d50a043ab99cd010b7b66ccf41452f63573367d3c50fa0 -lic_type 2   -parent_cc_pid 1695541  > /mnt/coe/workspace/ece/ece546-spr25/group8/group8_project/synopsys_custom/sim_server/custom_compiler.hrajesh/stb.group8.sram_6t_tb.schematic.session1/logs/viewer.log 2>&1"
[09:50:17.89] /o ==== Received Msg ====
              /c len=208 sourceSoc=sock4b9643d0 msgIndex=8 rawMsg=AppendTask /mnt/coe/workspace/ece/ece546-spr25/group8/group8_project/synopsys_custom/sim_server/custom_compiler.hrajesh/stb.group8.sram_6t_tb.schematic.session1/task0/sim_script0.tcl 0 saeSession1 1 overwrite
[09:50:17.89] /o 
[09:50:20.45] /m Information: "Starting incremental netlisting for design "group8/sram_6t_tb/schematic"..." (NETLISTING-010)
[09:50:20.54] /o Loading: Callback files...
[09:50:20.55] /o Loading: scripts/callbacks/callbacks.tcl
[09:50:20.55] /o 
              /c [INFO] : Loading display.drf from /mnt/designkits/ncsu/FreePDK3/syncust/NCSU_TechLib_FreePDK3
              /c 
              /c  if you wish to Load other display.drf, please set shell environment valiable "iPDK_load_display_NCSU_TechLib_FreePDK3" to value = 0
[09:50:20.55] /o 
[09:50:20.58] /w Warning: Could not set the value of preference xtDRCTool because it does not exist. (PREFERENCE-016)
[09:50:20.58] /w Warning: Could not set the value of preference xtDRCICVRunsetFile because it does not exist. (PREFERENCE-016)
[09:50:20.58] /w Warning: Could not set the value of preference xtDRCICVIncludePaths because it does not exist. (PREFERENCE-016)
[09:50:20.58] /w Warning: Could not set the value of preference xtDRCLayDBFormat because it does not exist. (PREFERENCE-016)
[09:50:20.58] /w Warning: Could not set the value of preference xtLVSTool because it does not exist. (PREFERENCE-016)
[09:50:20.58] /w Warning: Could not set the value of preference xtLVSICVRunsetFile because it does not exist. (PREFERENCE-016)
[09:50:20.58] /w Warning: Could not set the value of preference xtLVSICVIncludePaths because it does not exist. (PREFERENCE-016)
[09:50:20.58] /w Warning: Could not set the value of preference xtLVSLayDBFormat because it does not exist. (PREFERENCE-016)
[09:50:20.58] /w Warning: Could not set the value of preference xtLPELVSTool because it does not exist. (PREFERENCE-016)
[09:50:20.58] /w Warning: Could not set the value of preference xtLPETool because it does not exist. (PREFERENCE-016)
[09:50:20.58] /w Warning: Could not set the value of preference xtLPEOpenParasiticView because it does not exist. (PREFERENCE-016)
[09:50:20.58] /w Warning: Could not set the value of preference xtStarTcadGrdFile because it does not exist. (PREFERENCE-016)
[09:50:20.58] /w Warning: Could not set the value of preference xtLPEStarOADeviceMappingFile because it does not exist. (PREFERENCE-016)
[09:50:20.58] /w Warning: Could not set the value of preference xtStarOALayerMappingFile because it does not exist. (PREFERENCE-016)
[09:50:20.58] /o 	#######################################
[09:50:20.58] /o 	CC-PDK Library Name	: FreePDK3
[09:50:20.58] /o 	#######################################
[09:50:20.58] /o 
[09:50:20.66] /o Netlisting
[09:50:20.66] /o Creating output directories
[09:50:21.08] /o No Design Integrity rule violations found in "group8/sram_6t_tb/schematic"
[09:50:21.08] /o Scanning: group8/sram_6t_tb/schematic
[09:50:21.31] /o Scanning: group8/sram_6t/schematic
[09:50:21.51] /o Computing terminal lists
[09:50:21.51] /o Processing terminals of module group8/sram_6t/schematic
[09:50:21.53] /o Processing terminals of module group8/sram_6t_tb/schematic
[09:50:21.53] /o Starting netlisting
[09:50:22.03] /m Information: "Netlisting design "group8/sram_6t_tb/schematic" finished successfully." (NETLISTING-012)
[09:50:22.12] /# Composing simulator input file for design "group8/sram_6t_tb/schematic"...
[09:50:24.47] /# Simulator input file composed successfully for design "group8/sram_6t_tb/schematic"
[09:50:24.75] /m Information: Save ouputs to /mnt/coe/workspace/ece/ece546-spr25/group8/group8_project/simulation/group8,sram_6t_tb,schematic/history_1/simulation/HSPICE_default_2/HSPICE/nominal/results/outputs.tcl for AVA evaluation.
[09:50:27.20] /o 
[09:50:29.19] /o                                          Composing Nominal                                         
[09:50:29.83] /o                        Launching jobs for testbench HSPICE_default_2 started                       
[09:50:29.86] /# Starting PrimeSimHSPICE simulation for design: group8/sram_6t_tb/schematic
[09:50:30.00] /o                         Creating jobs for testbench HSPICE_default_2 (0 / 1)                        
[09:50:30.13] /o                           Launching 1 jobs for testbench HSPICE_default_2                          
[09:50:36.74] /o                        Launching jobs for testbench HSPICE_default_2 finished                       
[09:50:39.02] /m Information: 0 of 1 testbench(es) done. (PW_GUI-714)
[09:50:39.28] /m Information: Job distribution master (saeSession1,HSPICE_default_2.Simulation_Simulation session:session0 testbench:HSPICE_default_2) : up to 1 job running workers.
[09:51:06.24] /# Simulation completed successfully for design: group8/sram_6t_tb/schematic  (PW-651)
[09:51:06.41] /# Netlisting and simulation completed for testbench: HSPICE_default_2 in 47s
[09:51:06.44] /# Evaluating and plotting outputs...
[09:51:12.82] /m Information: Jobs distribution master quit! (PW_GUI-822)
[09:51:13.50] /# Evaluating and plotting completed for testbench: HSPICE_default_2 in 7s
[09:51:13.62] /m Information: 1 of 1 testbench(es) done. (PW_GUI-714)
[09:51:52.52] /o ==== Received Msg ====
              /c len=26 sourceSoc=sock4b9643d0 msgIndex=12 rawMsg=evalCmd ::wf::viewerExited
[09:51:52.52] /o 
[09:51:55.94] /o ==== Received Msg ====
              /c len=35 sourceSoc=sock4b9643d0 msgIndex=13 rawMsg=evalCmd ::wf::updateViewerLicense 2
[09:51:55.94] /o 
[09:55:05.87] /o ==== Received Msg ====
              /c len=8 sourceSoc=sock4b9643d0 msgIndex=14 rawMsg=idleExit
[09:55:05.87] /o 
[09:55:05.98] /m Information: Exiting simulation server process. (PW_GUI-984)
[09:55:08.26] /o Shutdown time: Thu Apr  3 09:55:08 2025
[09:55:08.26] /o Elapsed session real time: 5 minutes
[09:55:08.26] /o Session terminated. Log is at /mnt/coe/workspace/ece/ece546-spr25/group8/group8_project/synopsys_custom/logs/primewave.hrajesh.2025_4_3_095007_1695541.log
[09:55:08.29] /e Error: {}
