   *** running Tcl script ... ***
   ***   -*- Tcl script done -*- ***
  -*- memory usage : 532.16MB -*-
  -*- CPU Time :     0.24s -*-
   *** running Tcl script ... ***
   ***   -*- Tcl script done -*- ***
  -*- memory usage : 532.16MB -*-
  -*- CPU Time :     0.24s -*-
   *** running Tcl script ... ***
   ***   -*- Tcl script done -*- ***
  -*- memory usage : 535.11MB -*-
  -*- CPU Time :     0.25s -*-
   *** running Tcl script ... ***
   ***   -*- Tcl script done -*- ***
  -*- memory usage : 535.11MB -*-
  -*- CPU Time :     0.25s -*-
   *** running Tcl script ... ***
   ***   -*- Tcl script done -*- ***
  -*- memory usage : 535.11MB -*-
  -*- CPU Time :     0.25s -*-
sx_set_data_directory {/mnt/coe/workspace/ece/ece546-spr25/group8/group8_project/simulation/group8,static_row_decoder_3by8,schematic/history_1/simulation/HSPICE_default/HSPICE/nominal/results}
   *** running Tcl script ... ***
   ***   -*- Tcl script done -*- ***
  -*- memory usage : 535.51MB -*-
  -*- CPU Time :     0.26s -*-
[12:03:10.180] I| Created new database /mnt/coe/workspace/ece/ece546-spr25/group8/group8_project/simulation/group8,static_row_decoder_3by8,schematic/history_1/simulation/HSPICE_default/HSPICE/nominal/results/post_results.db
[12:03:10.270] I| Setup simulation complete: 
    results directory: /mnt/coe/workspace/ece/ece546-spr25/group8/group8_project/simulation/group8,static_row_decoder_3by8,schematic/history_1/simulation/HSPICE_default/HSPICE/nominal/results 
    post database directory: /mnt/coe/workspace/ece/ece546-spr25/group8/group8_project/simulation/group8,static_row_decoder_3by8,schematic/history_1/simulation/HSPICE_default/HSPICE/nominal/results
   *** loading waveform file /mnt/coe/workspace/ece/ece546-spr25/group8/group8_project/simulation/group8,static_row_decoder_3by8,schematic/history_1/simulation/HSPICE_default/HSPICE/nominal/results/resultsMap.xml ... ***
   *** loading waveform file /mnt/coe/workspace/ece/ece546-spr25/group8/group8_project/simulation/group8,static_row_decoder_3by8,schematic/history_1/simulation/HSPICE_default/HSPICE/nominal/results/hspice_wdf.tr0 ... ***
   *** Loading waveform file finished ***
   *** Evaluating Equations... ***
Nominal: Start to call cckDBHandler to create handler
Nominal: Start to integrate database
Start to post process[12:03:12.110] I| Start generating post results database...
[12:03:12.110] I| Clear post result data in database.
[12:03:13.510] I| Create Post WDF File ...n/HSPICE_default/HSPICE/nominal/results/post1.wave
[12:03:13.560] I| Generate post results database complete.
