1743712888.972183: 113125-7f0db9e0e540: cdpl_log.c:337: in cdpl_log_open(): info: @@start_of_log@@
1743712888.972190: 113125-7f0db9e0e540: cdpl_log.c:1058: in cdpl_log_dump_sysinfo(): info: time: 2025/04/03 16:41:28 EDT -0400
1743712888.972191: 113125-7f0db9e0e540: cdpl_log.c:1060: in cdpl_log_dump_sysinfo(): info: version: W-2024.09-SP1-2 
1743712888.972193: 113125-7f0db9e0e540: cdpl_log.c:1062: in cdpl_log_dump_sysinfo(): info: system: Linux 4.18.0-553.46.1.el8_10.x86_64 #1 SMP Sat Mar 15 01:37:33 EDT 2025
1743712888.972194: 113125-7f0db9e0e540: cdpl_log.c:1067: in cdpl_log_dump_sysinfo(): info: processor: x86_64 64-bits
1743712888.972195: 113125-7f0db9e0e540: cdpl_log.c:1071: in cdpl_log_dump_sysinfo(): info: hostname: viper.ece.ncsu.edu
1743712888.972196: 113125-7f0db9e0e540: cdpl_log.c:1073: in cdpl_log_dump_sysinfo(): info: program name: custom_shell
1743712888.972198: 113125-7f0db9e0e540: cdpl_log.c:340: in cdpl_log_open(): debug: path: /mnt/coe/workspace/ece/ece546-spr25/group8/group8_project/synopsys_custom/pwdp_jobs/saeSession1_HSPICEdefault.SimulationSimulation_cdpl.1.113125/logs/master.viper.ece.ncsu.edu.113125.log
1743712888.972199: 113125-7f0db9e0e540: cdpl_log.c:341: in cdpl_log_open(): debug: dir: /mnt/coe/workspace/ece/ece546-spr25/group8/group8_project/synopsys_custom/pwdp_jobs/saeSession1_HSPICEdefault.SimulationSimulation_cdpl.1.113125/logs
1743712888.972203: 113125-7f0db9e0e540: cdpl_server.c:536: in cdpl_sv_init(): info: new server S143733659
1743712888.972205: 113125-7f0db9e0e540: cdpl_ipc.c:3475: in cdpl_ipc_init(): info: requesting IPv4 protocol
1743712888.975899: 113125-7f0db9e0e540: cdpl_ipc.c:837: in _selectaddrfamily(): info: selected IPv4 protocol
1743712888.975910: 113125-7f0db9e0e540: cdpl_ipc.c:1139: in _set_keepalive(): info: TCP keep alive interval: 300
1743712888.979370: 113125-7f0db9e0e540: cdpl_monitor.c:1117: in cdpl_mn_new_server(): info: creating server monitor instance
1743712888.979374: 113125-7f0db9e0e540: cdpl_server.c:650: in cdpl_sv_new_master(): info: new master M1
1743712888.979378: 113125-7f0db9e0e540: cdpl_server.c:6533: in cdpl_sv_ctl_master(): info: Setting worker heartbeat to 120 seconds
1743712888.979379: 113125-7f0db9e0e540: cdpl_server.c:6542: in cdpl_sv_ctl_master(): info: Setting worker heartbeat timeout to 3 heartbeats
1743712888.979381: 113125-7f0db9e0e540: cdpl_compat_master.c:2090: in _parse_hostfile(): info: reading hostfile `/mnt/coe/workspace/ece/ece546-spr25/group8/group8_project/synopsys_custom/pwdp_jobs/saeSession1_HSPICEdefault.SimulationSimulation_cdpl.1.113125/host_file'
1743712888.983555: 113125-7f0db9e0e540: cdpl_compat_master.c:1900: in _hostfile_parser(): debug: parsing "1     |localhost|   -1  | /tmp | SH | sh"
1743712888.983559: 113125-7f0db9e0e540: cdpl_farm.c:2578: in cdpl_farm_new_sh(): info: creating SH farm on localhost
1743712888.983562: 113125-7f0db9e0e540: cdpl_compat_master.c:206: in _set_farm_env(): info: exporting CDPL_LOGDIR as `/mnt/coe/workspace/ece/ece546-spr25/group8/group8_project/synopsys_custom/pwdp_jobs/saeSession1_HSPICEdefault.SimulationSimulation_cdpl.1.113125/logs'
1743712888.983563: 113125-7f0db9e0e540: cdpl_compat_master.c:212: in _set_farm_env(): info: exporting CDPL_TMPDIR as `/tmp'
1743712888.983564: 113125-7f0db9e0e540: cdpl_compat_master.c:219: in _set_farm_env(): info: exporting CDPL_HOME as `/mnt/apps/public/COE/synopsys_apps/hspice/W-2024.09-SP1/hspice/cdpl'
1743712888.983566: 113125-7f0db9e0e540: cdpl_compat_master.c:235: in _set_farm_env(): info: exporting SNPSLMD_LICENSE_FILE as `27000@ece-lic-35.ece.ncsu.edu'
1743712888.983567: 113125-7f0db9e0e540: cdpl_compat_master.c:259: in _set_farm_env(): info: exporting CDPL_OPTIONS as `[nowlogs]'
1743712888.983568: 113125-7f0db9e0e540: cdpl_compat_master.c:266: in _set_farm_env(): info: exporting DISPLAY as `unix:30573'
1743712888.983569: 113125-7f0db9e0e540: cdpl_compat_master.c:274: in _set_farm_env(): info: exporting CDPL_HEARTBEAT as `120'
1743712888.983572: 113125-7f0db9e0e540: cdpl_farm.c:3149: in cdpl_farm_add_withdir(): debug: added `localhost' (capacity: unlimited)
1743712888.983576: 113125-7f0db9e0e540: cdpl_compat_parse.c:147: in parsefile(): debug: read `/mnt/coe/workspace/ece/ece546-spr25/group8/group8_project/synopsys_custom/pwdp_jobs/saeSession1_HSPICEdefault.SimulationSimulation_cdpl.1.113125/host_file', 2 lines
1743712888.983578: 113125-7f0db9e0e540: cdpl_compat_master.c:2931: in cdplInitMaster(): info: bcast dir is `/mnt/coe/workspace/ece/ece546-spr25/group8/group8_project/synopsys_custom/pwdp_jobs/saeSession1_HSPICEdefault.SimulationSimulation_cdpl.1.113125/logs'
1743712888.987122: 113125-7f0db9e0e540: cdpl_server.c:6433: in cdpl_sv_ctl_master(): info: farm worker timeout set to 300
1743712888.987124: 113125-7f0db9e0e540: cdpl_server.c:6486: in cdpl_sv_ctl_master(): info: maximum number of task execution attempts set to 1
1743712888.987126: 113125-7f0db9e0e540: cdpl_server.c:3195: in cdpl_sv_start(): debug: starting server
1743712888.987128: 113125-7f0db9e0e540: cdpl_ipc.c:3632: in cdpl_ipc_start(): debug: starting IPC server 152.14.99.205:39987
1743712888.987198: 113125-7f0d76420700: cdpl_server_ipc.c:1182: in _sv_ipc_thread(): debug: ready
1743712888.987230: 113125-7f0d6cff9700: cdpl_monitor.c:426: in cdpl_mn_init_client(): info: creating client monitor instance
1743712888.987238: 113125-7f0d6cff9700: cdpl_ipc.c:3475: in cdpl_ipc_init(): info: requesting IPv4 protocol
1743712888.991463: 113125-7f0d6cff9700: cdpl_ipc.c:837: in _selectaddrfamily(): info: selected IPv4 protocol
1743712888.991472: 113125-7f0d6cff9700: cdpl_ipc.c:1139: in _set_keepalive(): info: TCP keep alive interval: 300
1743712888.994608: 113125-7f0d6cff9700: cdpl_ipc.c:3632: in cdpl_ipc_start(): debug: starting IPC server 152.14.99.205:37275
1743712888.994672: 113125-7f0d6cff9700: cdpl_monitor.c:471: in cdpl_mn_init_client(): debug: incoming messages in /tmp/cdpl-monitor-WTQdPD
1743712888.994727: 113125-7f0d6cff9700: cdpl_monitor.c:533: in cdpl_mn_connect(): debug: connecting to 152.14.99.205:39987
1743712888.994729: 113125-7f0d6cff9700: cdpl_ipc.c:3789: in cdpl_ipc_connect(): info: connecting to 152.14.99.205:39987
1743712888.994775: 113125-7f0d6cff9700: cdpl_ipc.c:3860: in cdpl_ipc_connect(): info: connected as `152.14.99.205:41534'
1743712888.994778: 113125-7f0d6cff9700: cdpl_ipc.c:2503: in cdpl_ipc_host_accept(): debug: accepted host `152.14.99.205:39987'
1743712888.994781: 113125-7f0d6cff9700: cdpl_monitor.c:579: in cdpl_mn_connect(): debug: ok
1743712888.994784: 113125-7f0d75c1f700: cdpl_ipc.c:1862: in _epoll_accept(): debug: new connection from `152.14.99.205:41534'
1743712888.994792: 113125-7f0db9e0e540: cdpl_server.c:731: in cdpl_sv_new_job(): info: new job J1 in M1
1743712888.994799: 113125-7f0d76420700: cdpl_server_ipc.c:1225: in _sv_ipc_thread(): debug: received ACCEPT notification
1743712888.994803: 113125-7f0db9e0e540: cdpl_compat_master.c:1581: in _add_worker(): info: new worker type 10, min:1, max:3, cmd:`/mnt/coe/workspace/ece/ece546-spr25/group8/group8_project/synopsys_custom/pwdp_jobs/saeSession1_HSPICEdefault.SimulationSimulation_cdpl.1.113125/START_WORKER pw_worker -i /mnt/coe/workspace/ece/ece546-spr25/group8/gr
1743712888.994804: 113125-7f0d76420700: cdpl_ipc.c:2503: in cdpl_ipc_host_accept(): debug: accepted host `152.14.99.205:41534'
1743712888.994806: 113125-7f0db9e0e540: cdpl_server.c:908: in cdpl_sv_new_bin_withfarm(): info: new bin B1 in J1
1743712888.994810: 113125-7f0d76420700: cdpl_server_ipc.c:1256: in _sv_ipc_thread(): debug: received MONITOR message
1743712888.995022: 113125-7f0d76420700: cdpl_monitor.c:1207: in cdpl_mn_accept(): debug: accepted monitor `152.14.99.205:41534'
1743712888.995024: 113125-7f0d76420700: cdpl_server_ipc_mon.c:120: in _globalLOCK(): debug: ENTERTING GLOBAL LOCK
1743712888.995026: 113125-7f0d76420700: cdpl_server_ipc_mon.c:164: in _globalLOCK(): debug: global lock acquired
1743712888.995035: 113125-7f0d6f7fe700: cdpl_monitor.c:910: in mn_systat(): debug: started
1743712888.995173: 113125-7f0d6f7fe700: cdpl_monitor.c:937: in mn_systat(): debug: monitor server flush rate: 5
1743712889.053594: 113125-7f0d76420700: cdpl_server_ipc_mon.c:210: in _globalUNLOCK(): debug: LEAVING GLOBAL LOCK
1743712889.150680: 113125-7f0db9e0e540: cdpl_server.c:3249: in cdpl_sv_start_job(): info: starting job J1
1743712889.150688: 113125-7f0db9e0e540: cdpl_server.c:62: in _sv_start_bin(): debug: starting bin B1 (min: 0, max: 3)
1743712889.150735: 113125-7f0db9e0e540: cdpl_server.c:1893: in _sv_gen_task(): info: new task T0 in B1 (prio 0)
1743712889.150737: 113125-7f0d6dffb700: cdpl_server_sched.c:2482: in _sv_scheduler_thread(): debug: scheduler for bin B1 started
1743712889.150744: 113125-7f0db9e0e540: cdpl_server.c:2698: in cdpl_sv_label_task_va(): info: setting task T0 label to "HSPICE_2|HSPICE"
1743712889.150749: 113125-7f0d6dffb700: cdpl_server_sched.c:2443: in _scheduler_run(): debug: will start a new worker
1743712889.150755: 113125-7f0d6dffb700: cdpl_farm.c:3977: in cdpl_farm_submit(): debug: 1 running processes
1743712889.150757: 113125-7f0d6dffb700: cdpl_farm.c:3985: in cdpl_farm_submit(): debug: new command C1 in bin B1 assigned to host `localhost'
1743712889.150806: 113125-7f0d6dffb700: cdpl_server_sched.c:705: in _sv_launch_worker(): info: started worker W1 (as C1) in bin B1
1743712889.150812: 113125-7f0d6d7fa700: cdpl_farm.c:2139: in _schedule(): debug: started
1743712889.150817: 113125-7f0d6d7fa700: cdpl_farm.c:2303: in _schedule(): debug: submitting command C1 in bin B1
1743712889.150821: 113125-7f0d6d7fa700: cdpl_sh.c:49: in _sh_detached_submit(): info: SH : /mnt/coe/workspace/ece/ece546-spr25/group8/group8_project/synopsys_custom/pwdp_jobs/saeSession1_HSPICEdefault.SimulationSimulation_cdpl.1.113125/START_WORKER pw_worker -i /mnt/coe/workspace/ece/ece546-spr25/group8/group8_project/synopsys_custom/pwdp_jobs/saeSession1_HSPICEdefault.SimulationSimulation_cdpl.1.113125 -t 10000
1743712889.155849: 113125-7f0d6d7fa700: cdpl_farm.c:2343: in _schedule(): debug: C1 in bin B1 running on slot 0
1743712889.155860: 113125-7f0d6d7fa700: cdpl_farm.c:2167: in _schedule(): debug: idle
1743712889.266177: 113125-7f0db9e0e540: cdpl_compat_master.c:5948: in cdplMasterLogInfo(): info: [non-CDPL log entry] PWDP3: reset pilot cache succeeded, pilot_key=saeSession1,1,HSPICE_default|&/mnt/coe/workspace/ece/ece546-spr25/group8/group8_project/simulation/group8,buffer_tb,schematic/history_1/simulation/HSPICE_default/HSPICE/nominal/results
1743712889.455943: 113125-7f0d6d7fa700: cdpl_farm.c:1193: in _onexit(): debug: C1 in bin B1 exited normally on slot 0
1743712890.335170: 113125-7f0d6effd700: cdpl_compat_master.c:5948: in cdplMasterLogInfo(): info: [non-CDPL log entry] PWDP - no-workers started ok check start!
1743712890.884584: 113125-7f0d75c1f700: cdpl_ipc.c:1862: in _epoll_accept(): debug: new connection from `152.14.99.205:45186'
1743712890.884599: 113125-7f0d76420700: cdpl_server_ipc.c:1225: in _sv_ipc_thread(): debug: received ACCEPT notification
1743712890.884605: 113125-7f0d76420700: cdpl_ipc.c:2503: in cdpl_ipc_host_accept(): debug: accepted host `152.14.99.205:45186'
1743712890.884715: 113125-7f0d76420700: cdpl_server_ipc.c:1246: in _sv_ipc_thread(): debug: received HELLO message
1743712890.884716: 113125-7f0d76420700: cdpl_server_ipc.c:430: in _sv_on_hello(): debug: looking up W1
1743712890.884718: 113125-7f0d76420700: cdpl_server_ipc.c:540: in _sv_on_hello(): info: W1 is `152.14.99.205:45186'
1743712890.884719: 113125-7f0d76420700: cdpl_server_ipc.c:541: in _sv_on_hello(): debug: hello W1 (B1)
1743712890.884720: 113125-7f0d76420700: cdpl_server_ipc.c:542: in _sv_on_hello(): info: W1 log file is /dev/null
1743712890.884724: 113125-7f0d76420700: cdpl_server_ipc.c:602: in _sv_on_hello(): info: up to 1 alive workers in B1
1743712890.884727: 113125-7f0d76420700: cdpl_farm.c:878: in _release_cmd(): debug: freeing command C1 in bin B1
1743712890.884780: 113125-7f0d6dffb700: cdpl_server_sched.c:960: in _assign(): info: assigning task T0 to worker W1
1743712891.884974: 113125-7f0d76420700: cdpl_server_ipc.c:312: in _sv_on_heartbeat(): debug: received HEARTBEAT from worker W1 at 152.14.99.205:45186
1743712892.620324: 113125-7f0d76420700: cdpl_server_ipc.c:1268: in _sv_ipc_thread(): debug: received RELAY message
1743712892.620332: 113125-7f0d76420700: cdpl_server_ipc.c:713: in _sv_on_relay(): debug: RELAY message from W1, size = 54
1743712892.620333: 113125-7f0d76420700: cdpl_server_ipc.c:715: in _sv_on_relay(): debug: RELAY message from W1, content = 0$115431 viper.ece.ncsu.edu 115448 RUNNING 1743712891
1743712894.062356: 113125-7f0d6cff9700: cdpl_monitor.c:533: in cdpl_mn_connect(): debug: connecting to 152.14.99.205:42219
1743712894.062361: 113125-7f0d6cff9700: cdpl_ipc.c:3789: in cdpl_ipc_connect(): info: connecting to 152.14.99.205:42219
1743712894.062435: 113125-7f0d6cff9700: cdpl_ipc.c:3860: in cdpl_ipc_connect(): info: connected as `152.14.99.205:38352'
1743712894.062440: 113125-7f0d6cff9700: cdpl_ipc.c:2503: in cdpl_ipc_host_accept(): debug: accepted host `152.14.99.205:42219'
1743712894.062442: 113125-7f0d6cff9700: cdpl_monitor.c:579: in cdpl_mn_connect(): debug: ok
1743712908.529384: 113125-7f0d76420700: cdpl_server_ipc.c:1268: in _sv_ipc_thread(): debug: received RELAY message
1743712908.531145: 113125-7f0d76420700: cdpl_server_ipc.c:713: in _sv_on_relay(): debug: RELAY message from W1, size = 48
1743712908.531148: 113125-7f0d76420700: cdpl_server_ipc.c:715: in _sv_on_relay(): debug: RELAY message from W1, content = WORKERDU|1139,dc2isi00nfs.oit.ncsu.edu:/coe_nfs
1743712908.531151: 113125-7f0d76420700: cdpl_server_ipc.c:1268: in _sv_ipc_thread(): debug: received RELAY message
1743712908.531152: 113125-7f0d76420700: cdpl_server_ipc.c:713: in _sv_on_relay(): debug: RELAY message from W1, size = 197
1743712908.531153: 113125-7f0d76420700: cdpl_server_ipc.c:715: in _sv_on_relay(): debug: RELAY message from W1, content = REQPILOT|saeSession1,1,HSPICE_default|&/mnt/coe/workspace/ece/ece546-spr25/group8/group8_project/simulation/group8,buffer_tb,schematic/history_1/simulation/HSPICE_default/HSPICE/nominal/results|&0
1743712908.531170: 113125-7f0d6ffff700: cdpl_compat_master.c:5948: in cdplMasterLogInfo(): info: [non-CDPL log entry] PWDP send back 'DOPILOT' to worker id:1 key: saeSession1,1,HSPICE_default|&/mnt/coe/workspace/ece/ece546-spr25/group8/group8_project/simulation/group8,buffer_tb,schematic/history_1/simulation/HSPICE_default/HSPICE/nominal/results
1743712908.536996: 113125-7f0d6ffff700: cdpl_compat_master.c:5948: in cdplMasterLogInfo(): info: [non-CDPL log entry] PWDP: set pilot doing!
1743712908.543256: 113125-7f0d76420700: cdpl_server_ipc.c:1268: in _sv_ipc_thread(): debug: received RELAY message
1743712908.543261: 113125-7f0d76420700: cdpl_server_ipc.c:713: in _sv_on_relay(): debug: RELAY message from W1, size = 193
1743712908.543262: 113125-7f0d76420700: cdpl_server_ipc.c:715: in _sv_on_relay(): debug: RELAY message from W1, content = PILOTOK|saeSession1,1,HSPICE_default|&/mnt/coe/workspace/ece/ece546-spr25/group8/group8_project/simulation/group8,buffer_tb,schematic/history_1/simulation/HSPICE_default/HSPICE/nominal/results
1743712908.543266: 113125-7f0d6ffff700: cdpl_compat_master.c:5948: in cdplMasterLogInfo(): info: [non-CDPL log entry] PWDP: set pilot done!
1743712908.543520: 113125-7f0d76420700: cdpl_server_ipc.c:1268: in _sv_ipc_thread(): debug: received RELAY message
1743712908.543525: 113125-7f0d76420700: cdpl_server_ipc.c:713: in _sv_on_relay(): debug: RELAY message from W1, size = 18
1743712908.543526: 113125-7f0d76420700: cdpl_server_ipc.c:715: in _sv_on_relay(): debug: RELAY message from W1, content = 0$- - - MEASDOING
1743712910.903259: 113125-7f0d76420700: cdpl_server_ipc.c:1268: in _sv_ipc_thread(): debug: received RELAY message
1743712910.903265: 113125-7f0d76420700: cdpl_server_ipc.c:713: in _sv_on_relay(): debug: RELAY message from W1, size = 66
1743712910.903267: 113125-7f0d76420700: cdpl_server_ipc.c:715: in _sv_on_relay(): debug: RELAY message from W1, content = 0$115431 viper.ece.ncsu.edu 115448 FINISHED 1743712891|1743712910
1743712910.916149: 113125-7f0d76420700: cdpl_server_ipc.c:1268: in _sv_ipc_thread(): debug: received RELAY message
1743712910.916150: 113125-7f0d76420700: cdpl_server_ipc.c:713: in _sv_on_relay(): debug: RELAY message from W1, size = 195
1743712910.916153: 113125-7f0d76420700: cdpl_server_ipc.c:715: in _sv_on_relay(): debug: RELAY message from W1, content = PILOTDONE|saeSession1,1,HSPICE_default|&/mnt/coe/workspace/ece/ece546-spr25/group8/group8_project/simulation/group8,buffer_tb,schematic/history_1/simulation/HSPICE_default/HSPICE/nominal/results
1743712910.916161: 113125-7f0d6ffff700: cdpl_compat_master.c:5948: in cdplMasterLogInfo(): info: [non-CDPL log entry] saeSession1,1,HSPICE_default|&/mnt/coe/workspace/ece/ece546-spr25/group8/group8_project/simulation/group8,buffer_tb,schematic/history_1/simulation/HSPICE_default/HSPICE/nominal/results PILOTDONE!
1743712910.930678: 113125-7f0d76420700: cdpl_server_ipc.c:1251: in _sv_ipc_thread(): debug: received FINISH message
1743712910.930680: 113125-7f0d76420700: cdpl_server_ipc.c:983: in _sv_on_finish(): info: worker W1 completed task T0
1743712910.930682: 113125-7f0d76420700: cdpl_server_ipc.c:988: in _sv_on_finish(): debug: stat T0: utime=4054 stime=673
1743712910.930684: 113125-7f0d76420700: cdpl_server_ipc.c:993: in _sv_on_finish(): debug: statm T0: vsize=3078644 rss=1060480 shared=519656 text=474784 data=733132
1743712910.957101: 113125-7f0d76420700: cdpl_server_ipc.c:1268: in _sv_ipc_thread(): debug: received RELAY message
1743712910.957105: 113125-7f0d76420700: cdpl_server_ipc.c:713: in _sv_on_relay(): debug: RELAY message from W1, size = 47
1743712910.957107: 113125-7f0d76420700: cdpl_server_ipc.c:715: in _sv_on_relay(): debug: RELAY message from W1, content = WORKERDU|252,dc2isi00nfs.oit.ncsu.edu:/coe_nfs
1743712910.957300: 113125-7f0db9e0e540: cdpl_server.c:227: in _sv_free_task_safe(): debug: freeing task T0
1743712914.138146: 113125-7f0db9e0e540: cdpl_server.c:3008: in cdpl_sv_halt_job_errno(): info: killing job J1
1743712914.138154: 113125-7f0db9e0e540: cdpl_server.c:3044: in cdpl_sv_halt_job_errno(): debug: signal bin B1 scheduler to stop
1743712914.138161: 113125-7f0d6dffb700: cdpl_server_sched.c:2484: in _sv_scheduler_thread(): debug: scheduler for bin B1 stopped
1743712914.138166: 113125-7f0d6dffb700: cdpl_ipc.c:1657: in _host_drop__UNSAFE(): debug: dropping host `152.14.99.205:45186'
1743712914.138182: 113125-7f0d6dffb700: cdpl_server_sched.c:2830: in _sv_drop_worker(): info: down to 0 alive workers in B1
1743712914.138184: 113125-7f0d6dffb700: cdpl_farm.c:4152: in cdpl_farm_dismiss(): debug: down to 0 running processes
1743712914.138186: 113125-7f0d76420700: cdpl_server_ipc.c:1236: in _sv_ipc_thread(): debug: received DROP notification
1743712914.138193: 113125-7f0d6dffb700: cdpl_server_sched.c:121: in _free_worker_2(): debug: freeing worker W1
1743712914.138194: 113125-7f0d6dffb700: cdpl_ipc.c:2513: in cdpl_ipc_host_release(): debug: releasing host `152.14.99.205:45186'
1743712914.138195: 113125-7f0d6dffb700: cdpl_ipc.c:2529: in cdpl_ipc_host_release(): debug: scheduling for immediate release
1743712914.138206: 113125-7f0db9e0e540: cdpl_server.c:294: in _sv_free_job(): info: freeing job J1
1743712914.138212: 113125-7f0db9e0e540: cdpl_server.c:92: in _sv_free_bin(): debug: freeing bin B1
1743712914.138231: 113125-7f0db9e0e540: cdpl_monitor.c:515: in cdpl_mn_kill(): info: killing monitor
1743712914.138232: 113125-7f0db9e0e540: cdpl_ipc.c:3677: in cdpl_ipc_kill(): debug: stopping event server
1743712914.138264: 113125-7f0d75c1f700: cdpl_ipc.c:1582: in _host_free__UNSAFE(): debug: freeing host `152.14.99.205:45186'
1743712914.138268: 113125-7f0d75c1f700: cdpl_ipc.c:1621: in _host_free__UNSAFE(): debug: [0 outq, 0 spR, 0 spW]
1743712914.138270: 113125-7f0d75c1f700: cdpl_ipc.c:2386: in _epoll_main(): warning: received EPOLLERR/EPOLLHUP
1743712914.138282: 113125-7f0d75c1f700: cdpl_ipc.c:2286: in _check_socket_error(): info: socket: Broken pipe
1743712914.138283: 113125-7f0d75c1f700: cdpl_ipc.c:2302: in _check_socket_error(): info: socket SO_KEEPALIVE was enabled
1743712914.138285: 113125-7f0d75c1f700: cdpl_ipc.c:2320: in _check_socket_error(): info: TCP_KEEPIDLE=300 seconds TCP_KEEPINTVL=100 seconds TCP_KEEPCNT=3
1743712914.138288: 113125-7f0d75c1f700: cdpl_ipc.c:1657: in _host_drop__UNSAFE(): debug: dropping host `152.14.99.205:41534'
1743712914.138299: 113125-7f0d76420700: cdpl_server_ipc.c:1236: in _sv_ipc_thread(): debug: received DROP notification
1743712914.138301: 113125-7f0d76420700: cdpl_monitor.c:1269: in cdpl_mn_drop(): debug: detaching from monitor `152.14.99.205:41534'
1743712914.138303: 113125-7f0d76420700: cdpl_monitor.c:1101: in mn_systat_stop(): debug: joining systat thread
1743712914.138329: 113125-7f0d6cff9700: cdpl_ipc.c:3722: in cdpl_ipc_free(): debug: waiting for event server to shutdown
1743712914.138339: 113125-7f0d7541e700: cdpl_ipc.c:2460: in _epoll_main(): debug: server going down...
1743712914.138368: 113125-7f0d6cff9700: cdpl_ipc.c:3728: in cdpl_ipc_free(): debug: releasing IPC handle
1743712914.138370: 113125-7f0d6cff9700: cdpl_ipc.c:1582: in _host_free__UNSAFE(): debug: freeing host `152.14.99.205:42219'
1743712914.138371: 113125-7f0d6cff9700: cdpl_ipc.c:1621: in _host_free__UNSAFE(): debug: [0 outq, 0 spR, 0 spW]
1743712914.138376: 113125-7f0d6cff9700: cdpl_ipc.c:1582: in _host_free__UNSAFE(): debug: freeing host `152.14.99.205:39987'
1743712914.138377: 113125-7f0d6cff9700: cdpl_ipc.c:1621: in _host_free__UNSAFE(): debug: [0 outq, 0 spR, 0 spW]
1743712914.138381: 113125-7f0d6cff9700: cdpl_ipc.c:3756: in cdpl_ipc_free(): warning: 2 host(s) were not released
1743712914.138384: 113125-7f0d6cff9700: cdpl_ipc.c:3767: in cdpl_ipc_free(): debug: done
1743712914.138385: 113125-7f0d6cff9700: cdpl_monitor.c:1390: in cdpl_mn_free(): debug: freeing monitor client
1743712914.138396: 113125-7f0d6f7fe700: cdpl_monitor.c:1079: in mn_systat(): debug: exiting
1743712914.138402: 113125-7f0d76420700: cdpl_monitor.c:1103: in mn_systat_stop(): debug: systat thread done
1743712914.138403: 113125-7f0d76420700: cdpl_ipc.c:2513: in cdpl_ipc_host_release(): debug: releasing host `152.14.99.205:41534'
1743712914.138462: 113125-7f0db9e0e540: cdpl_farm.c:2740: in cdpl_farm_free(): info: freeing farm
1743712914.138467: 113125-7f0d6d7fa700: cdpl_farm.c:2231: in _schedule(): debug: end of idling
1743712914.138469: 113125-7f0d6d7fa700: cdpl_farm.c:2235: in _schedule(): debug: dying
1743712914.138483: 113125-7f0db9e0e540: cdpl_farm.c:913: in _killall(): debug: killing all remaining commands
1743712914.138485: 113125-7f0db9e0e540: cdpl_server.c:3144: in cdpl_sv_free(): info: freeing server S143733659
1743712914.138487: 113125-7f0db9e0e540: cdpl_server.c:3109: in cdpl_sv_kill_errno(): info: killing server
1743712914.138488: 113125-7f0db9e0e540: cdpl_ipc.c:3677: in cdpl_ipc_kill(): debug: stopping event server
1743712914.138491: 113125-7f0d76420700: cdpl_server_ipc.c:1200: in _sv_ipc_thread(): debug: leaving now
1743712914.138493: 113125-7f0d75c1f700: cdpl_ipc.c:2460: in _epoll_main(): debug: server going down...
1743712914.138500: 113125-7f0db9e0e540: cdpl_server.c:334: in _sv_free_master(): info: freeing master M1
1743712914.138502: 113125-7f0db9e0e540: cdpl_hash.c:68: in cdpl_h_destroy(): debug: put operations: 1
1743712914.138503: 113125-7f0db9e0e540: cdpl_hash.c:69: in cdpl_h_destroy(): debug: put collisions: 0
1743712914.138504: 113125-7f0db9e0e540: cdpl_hash.c:70: in cdpl_h_destroy(): debug: get operations: 1
1743712914.138504: 113125-7f0db9e0e540: cdpl_hash.c:71: in cdpl_h_destroy(): debug: get iterations: 1
1743712914.138506: 113125-7f0db9e0e540: cdpl_monitor.c:1390: in cdpl_mn_free(): debug: freeing monitor server
1743712914.138508: 113125-7f0db9e0e540: cdpl_ipc.c:3728: in cdpl_ipc_free(): debug: releasing IPC handle
1743712914.138509: 113125-7f0db9e0e540: cdpl_ipc.c:1582: in _host_free__UNSAFE(): debug: freeing host `152.14.99.205:41534'
1743712914.138510: 113125-7f0db9e0e540: cdpl_ipc.c:1621: in _host_free__UNSAFE(): debug: [0 outq, 0 spR, 0 spW]
1743712914.138517: 113125-7f0db9e0e540: cdpl_ipc.c:3767: in cdpl_ipc_free(): debug: done
1743712914.138518: 113125-7f0db9e0e540: cdpl_log.c:481: in cdpl_log_close(): info: @@end_of_log@@
