1743736010.718192: 194454-7f052dc8c540: cdpl_log.c:337: in cdpl_log_open(): info: @@start_of_log@@
1743736010.718207: 194454-7f052dc8c540: cdpl_log.c:1058: in cdpl_log_dump_sysinfo(): info: time: 2025/04/03 23:06:50 EDT -0400
1743736010.718209: 194454-7f052dc8c540: cdpl_log.c:1060: in cdpl_log_dump_sysinfo(): info: version: W-2024.09-SP1-2 
1743736010.718210: 194454-7f052dc8c540: cdpl_log.c:1062: in cdpl_log_dump_sysinfo(): info: system: Linux 4.18.0-553.46.1.el8_10.x86_64 #1 SMP Sat Mar 15 01:37:33 EDT 2025
1743736010.718211: 194454-7f052dc8c540: cdpl_log.c:1067: in cdpl_log_dump_sysinfo(): info: processor: x86_64 64-bits
1743736010.718211: 194454-7f052dc8c540: cdpl_log.c:1071: in cdpl_log_dump_sysinfo(): info: hostname: viper.ece.ncsu.edu
1743736010.718212: 194454-7f052dc8c540: cdpl_log.c:1073: in cdpl_log_dump_sysinfo(): info: program name: custom_shell
1743736010.718214: 194454-7f052dc8c540: cdpl_log.c:340: in cdpl_log_open(): debug: path: /mnt/coe/workspace/ece/ece546-spr25/group8/group8_project/synopsys_custom/pwdp_jobs/saeSession4_default.SimulationSimulation_cdpl.0.194454/logs/master.viper.ece.ncsu.edu.194454.log
1743736010.718215: 194454-7f052dc8c540: cdpl_log.c:341: in cdpl_log_open(): debug: dir: /mnt/coe/workspace/ece/ece546-spr25/group8/group8_project/synopsys_custom/pwdp_jobs/saeSession4_default.SimulationSimulation_cdpl.0.194454/logs
1743736010.718234: 194454-7f052dc8c540: cdpl_server.c:536: in cdpl_sv_init(): info: new server S1471592500
1743736010.718239: 194454-7f052dc8c540: cdpl_ipc.c:3475: in cdpl_ipc_init(): info: requesting IPv4 protocol
1743736010.722740: 194454-7f052dc8c540: cdpl_ipc.c:837: in _selectaddrfamily(): info: selected IPv4 protocol
1743736010.722754: 194454-7f052dc8c540: cdpl_ipc.c:1139: in _set_keepalive(): info: TCP keep alive interval: 300
1743736010.727336: 194454-7f052dc8c540: cdpl_monitor.c:1117: in cdpl_mn_new_server(): info: creating server monitor instance
1743736010.727346: 194454-7f052dc8c540: cdpl_server.c:650: in cdpl_sv_new_master(): info: new master M1
1743736010.727353: 194454-7f052dc8c540: cdpl_server.c:6533: in cdpl_sv_ctl_master(): info: Setting worker heartbeat to 120 seconds
1743736010.727354: 194454-7f052dc8c540: cdpl_server.c:6542: in cdpl_sv_ctl_master(): info: Setting worker heartbeat timeout to 3 heartbeats
1743736010.727355: 194454-7f052dc8c540: cdpl_compat_master.c:2090: in _parse_hostfile(): info: reading hostfile `/mnt/coe/workspace/ece/ece546-spr25/group8/group8_project/synopsys_custom/pwdp_jobs/saeSession4_default.SimulationSimulation_cdpl.0.194454/host_file'
1743736010.731722: 194454-7f052dc8c540: cdpl_compat_master.c:1900: in _hostfile_parser(): debug: parsing "1     |localhost|   -1  | /tmp | SH | sh"
1743736010.731757: 194454-7f052dc8c540: cdpl_farm.c:2578: in cdpl_farm_new_sh(): info: creating SH farm on localhost
1743736010.731761: 194454-7f052dc8c540: cdpl_compat_master.c:206: in _set_farm_env(): info: exporting CDPL_LOGDIR as `/mnt/coe/workspace/ece/ece546-spr25/group8/group8_project/synopsys_custom/pwdp_jobs/saeSession4_default.SimulationSimulation_cdpl.0.194454/logs'
1743736010.731762: 194454-7f052dc8c540: cdpl_compat_master.c:212: in _set_farm_env(): info: exporting CDPL_TMPDIR as `/tmp'
1743736010.731763: 194454-7f052dc8c540: cdpl_compat_master.c:219: in _set_farm_env(): info: exporting CDPL_HOME as `/mnt/apps/public/COE/synopsys_apps/hspice/W-2024.09-SP1/hspice/cdpl'
1743736010.731764: 194454-7f052dc8c540: cdpl_compat_master.c:235: in _set_farm_env(): info: exporting SNPSLMD_LICENSE_FILE as `27000@ece-lic-35.ece.ncsu.edu'
1743736010.731765: 194454-7f052dc8c540: cdpl_compat_master.c:259: in _set_farm_env(): info: exporting CDPL_OPTIONS as `[nowlogs]'
1743736010.731766: 194454-7f052dc8c540: cdpl_compat_master.c:266: in _set_farm_env(): info: exporting DISPLAY as `unix:17248'
1743736010.731767: 194454-7f052dc8c540: cdpl_compat_master.c:274: in _set_farm_env(): info: exporting CDPL_HEARTBEAT as `120'
1743736010.731774: 194454-7f052dc8c540: cdpl_farm.c:3149: in cdpl_farm_add_withdir(): debug: added `localhost' (capacity: unlimited)
1743736010.731776: 194454-7f052dc8c540: cdpl_compat_parse.c:147: in parsefile(): debug: read `/mnt/coe/workspace/ece/ece546-spr25/group8/group8_project/synopsys_custom/pwdp_jobs/saeSession4_default.SimulationSimulation_cdpl.0.194454/host_file', 2 lines
1743736010.731779: 194454-7f052dc8c540: cdpl_compat_master.c:2931: in cdplInitMaster(): info: bcast dir is `/mnt/coe/workspace/ece/ece546-spr25/group8/group8_project/synopsys_custom/pwdp_jobs/saeSession4_default.SimulationSimulation_cdpl.0.194454/logs'
1743736010.735202: 194454-7f052dc8c540: cdpl_server.c:6433: in cdpl_sv_ctl_master(): info: farm worker timeout set to 300
1743736010.735203: 194454-7f052dc8c540: cdpl_server.c:6486: in cdpl_sv_ctl_master(): info: maximum number of task execution attempts set to 1
1743736010.735214: 194454-7f052dc8c540: cdpl_server.c:3195: in cdpl_sv_start(): debug: starting server
1743736010.735216: 194454-7f052dc8c540: cdpl_ipc.c:3632: in cdpl_ipc_start(): debug: starting IPC server 152.14.99.205:36013
1743736010.735391: 194454-7f04e9aa3700: cdpl_server_ipc.c:1182: in _sv_ipc_thread(): debug: ready
1743736010.735458: 194454-7f04e92a2700: cdpl_monitor.c:426: in cdpl_mn_init_client(): info: creating client monitor instance
1743736010.735465: 194454-7f04e92a2700: cdpl_ipc.c:3475: in cdpl_ipc_init(): info: requesting IPv4 protocol
1743736010.739307: 194454-7f04e92a2700: cdpl_ipc.c:837: in _selectaddrfamily(): info: selected IPv4 protocol
1743736010.739320: 194454-7f04e92a2700: cdpl_ipc.c:1139: in _set_keepalive(): info: TCP keep alive interval: 300
1743736010.742123: 194454-7f04e92a2700: cdpl_ipc.c:3632: in cdpl_ipc_start(): debug: starting IPC server 152.14.99.205:45463
1743736010.742208: 194454-7f04e92a2700: cdpl_monitor.c:471: in cdpl_mn_init_client(): debug: incoming messages in /tmp/cdpl-monitor-I2Zz6m
1743736010.742370: 194454-7f04e92a2700: cdpl_monitor.c:533: in cdpl_mn_connect(): debug: connecting to 152.14.99.205:36013
1743736010.742374: 194454-7f04e92a2700: cdpl_ipc.c:3789: in cdpl_ipc_connect(): info: connecting to 152.14.99.205:36013
1743736010.742439: 194454-7f04e92a2700: cdpl_ipc.c:3860: in cdpl_ipc_connect(): info: connected as `152.14.99.205:57890'
1743736010.742445: 194454-7f04e92a2700: cdpl_ipc.c:2503: in cdpl_ipc_host_accept(): debug: accepted host `152.14.99.205:36013'
1743736010.742451: 194454-7f04ea2a4700: cdpl_ipc.c:1862: in _epoll_accept(): debug: new connection from `152.14.99.205:57890'
1743736010.742461: 194454-7f04e92a2700: cdpl_monitor.c:579: in cdpl_mn_connect(): debug: ok
1743736010.742475: 194454-7f052dc8c540: cdpl_server.c:731: in cdpl_sv_new_job(): info: new job J1 in M1
1743736010.742489: 194454-7f052dc8c540: cdpl_compat_master.c:1581: in _add_worker(): info: new worker type 10, min:1, max:3, cmd:`/mnt/coe/workspace/ece/ece546-spr25/group8/group8_project/synopsys_custom/pwdp_jobs/saeSession4_default.SimulationSimulation_cdpl.0.194454/START_WORKER pw_worker -i /mnt/coe/workspace/ece/ece546-spr25/group8/group8_p
1743736010.742497: 194454-7f052dc8c540: cdpl_server.c:908: in cdpl_sv_new_bin_withfarm(): info: new bin B1 in J1
1743736010.742578: 194454-7f04e9aa3700: cdpl_server_ipc.c:1225: in _sv_ipc_thread(): debug: received ACCEPT notification
1743736010.742587: 194454-7f04e9aa3700: cdpl_ipc.c:2503: in cdpl_ipc_host_accept(): debug: accepted host `152.14.99.205:57890'
1743736010.742594: 194454-7f04e9aa3700: cdpl_server_ipc.c:1256: in _sv_ipc_thread(): debug: received MONITOR message
1743736010.742762: 194454-7f04e9aa3700: cdpl_monitor.c:1207: in cdpl_mn_accept(): debug: accepted monitor `152.14.99.205:57890'
1743736010.742768: 194454-7f04e9aa3700: cdpl_server_ipc_mon.c:120: in _globalLOCK(): debug: ENTERTING GLOBAL LOCK
1743736010.742770: 194454-7f04e9aa3700: cdpl_server_ipc_mon.c:164: in _globalLOCK(): debug: global lock acquired
1743736010.742771: 194454-7f04e1ffb700: cdpl_monitor.c:910: in mn_systat(): debug: started
1743736010.742889: 194454-7f04e1ffb700: cdpl_monitor.c:937: in mn_systat(): debug: monitor server flush rate: 5
1743736010.789682: 194454-7f04e9aa3700: cdpl_server_ipc_mon.c:210: in _globalUNLOCK(): debug: LEAVING GLOBAL LOCK
1743736010.910438: 194454-7f052dc8c540: cdpl_server.c:3249: in cdpl_sv_start_job(): info: starting job J1
1743736010.910448: 194454-7f052dc8c540: cdpl_server.c:62: in _sv_start_bin(): debug: starting bin B1 (min: 0, max: 3)
1743736010.910504: 194454-7f052dc8c540: cdpl_server.c:1893: in _sv_gen_task(): info: new task T0 in B1 (prio 0)
1743736010.910523: 194454-7f052dc8c540: cdpl_server.c:2698: in cdpl_sv_label_task_va(): info: setting task T0 label to "HSPICE_1|HSPICE"
1743736010.910579: 194454-7f04e17fa700: cdpl_server_sched.c:2482: in _sv_scheduler_thread(): debug: scheduler for bin B1 started
1743736010.910594: 194454-7f04e17fa700: cdpl_server_sched.c:2443: in _scheduler_run(): debug: will start a new worker
1743736010.910611: 194454-7f04e17fa700: cdpl_farm.c:3977: in cdpl_farm_submit(): debug: 1 running processes
1743736010.910613: 194454-7f04e17fa700: cdpl_farm.c:3985: in cdpl_farm_submit(): debug: new command C1 in bin B1 assigned to host `localhost'
1743736010.910658: 194454-7f04e17fa700: cdpl_server_sched.c:705: in _sv_launch_worker(): info: started worker W1 (as C1) in bin B1
1743736010.910666: 194454-7f04e0ff9700: cdpl_farm.c:2139: in _schedule(): debug: started
1743736010.910670: 194454-7f04e0ff9700: cdpl_farm.c:2303: in _schedule(): debug: submitting command C1 in bin B1
1743736010.910680: 194454-7f04e0ff9700: cdpl_sh.c:49: in _sh_detached_submit(): info: SH : /mnt/coe/workspace/ece/ece546-spr25/group8/group8_project/synopsys_custom/pwdp_jobs/saeSession4_default.SimulationSimulation_cdpl.0.194454/START_WORKER pw_worker -i /mnt/coe/workspace/ece/ece546-spr25/group8/group8_project/synopsys_custom/pwdp_jobs/saeSession4_default.SimulationSimulation_cdpl.0.194454 -t 10000
1743736010.913950: 194454-7f04e0ff9700: cdpl_farm.c:2343: in _schedule(): debug: C1 in bin B1 running on slot 0
1743736010.913965: 194454-7f04e0ff9700: cdpl_farm.c:2167: in _schedule(): debug: idle
1743736011.045478: 194454-7f052dc8c540: cdpl_compat_master.c:5948: in cdplMasterLogInfo(): info: [non-CDPL log entry] PWDP3: reset pilot cache succeeded, pilot_key=saeSession4,1,default|&/mnt/coe/workspace/ece/ece546-spr25/group8/group8_project/simulation/group8,memory_array_tb,schematic/history_1/simulation/default/PrimeSimHSPICE/nominal/results
1743736011.214028: 194454-7f04e0ff9700: cdpl_farm.c:1193: in _onexit(): debug: C1 in bin B1 exited normally on slot 0
1743736012.000714: 194454-7f04e2ffd700: cdpl_compat_master.c:5948: in cdplMasterLogInfo(): info: [non-CDPL log entry] PWDP - no-workers started ok check start!
1743736012.626599: 194454-7f04ea2a4700: cdpl_ipc.c:1862: in _epoll_accept(): debug: new connection from `152.14.99.205:57894'
1743736012.626617: 194454-7f04e9aa3700: cdpl_server_ipc.c:1225: in _sv_ipc_thread(): debug: received ACCEPT notification
1743736012.626624: 194454-7f04e9aa3700: cdpl_ipc.c:2503: in cdpl_ipc_host_accept(): debug: accepted host `152.14.99.205:57894'
1743736012.626830: 194454-7f04e9aa3700: cdpl_server_ipc.c:1246: in _sv_ipc_thread(): debug: received HELLO message
1743736012.626832: 194454-7f04e9aa3700: cdpl_server_ipc.c:430: in _sv_on_hello(): debug: looking up W1
1743736012.626833: 194454-7f04e9aa3700: cdpl_server_ipc.c:540: in _sv_on_hello(): info: W1 is `152.14.99.205:57894'
1743736012.626834: 194454-7f04e9aa3700: cdpl_server_ipc.c:541: in _sv_on_hello(): debug: hello W1 (B1)
1743736012.626835: 194454-7f04e9aa3700: cdpl_server_ipc.c:542: in _sv_on_hello(): info: W1 log file is /dev/null
1743736012.626859: 194454-7f04e9aa3700: cdpl_server_ipc.c:602: in _sv_on_hello(): info: up to 1 alive workers in B1
1743736012.626864: 194454-7f04e9aa3700: cdpl_farm.c:878: in _release_cmd(): debug: freeing command C1 in bin B1
1743736012.626934: 194454-7f04e17fa700: cdpl_server_sched.c:960: in _assign(): info: assigning task T0 to worker W1
1743736013.626901: 194454-7f04e9aa3700: cdpl_server_ipc.c:312: in _sv_on_heartbeat(): debug: received HEARTBEAT from worker W1 at 152.14.99.205:57894
1743736014.425906: 194454-7f04e9aa3700: cdpl_server_ipc.c:1268: in _sv_ipc_thread(): debug: received RELAY message
1743736014.425912: 194454-7f04e9aa3700: cdpl_server_ipc.c:713: in _sv_on_relay(): debug: RELAY message from W1, size = 54
1743736014.425915: 194454-7f04e9aa3700: cdpl_server_ipc.c:715: in _sv_on_relay(): debug: RELAY message from W1, content = 0$195073 viper.ece.ncsu.edu 195088 RUNNING 1743736013
1743736015.813884: 194454-7f04e92a2700: cdpl_monitor.c:533: in cdpl_mn_connect(): debug: connecting to 152.14.99.205:38635
1743736015.813889: 194454-7f04e92a2700: cdpl_ipc.c:3789: in cdpl_ipc_connect(): info: connecting to 152.14.99.205:38635
1743736015.813968: 194454-7f04e92a2700: cdpl_ipc.c:3860: in cdpl_ipc_connect(): info: connected as `152.14.99.205:54178'
1743736015.813971: 194454-7f04e92a2700: cdpl_ipc.c:2503: in cdpl_ipc_host_accept(): debug: accepted host `152.14.99.205:38635'
1743736015.813973: 194454-7f04e92a2700: cdpl_monitor.c:579: in cdpl_mn_connect(): debug: ok
1743736030.286517: 194454-7f04e9aa3700: cdpl_server_ipc.c:1268: in _sv_ipc_thread(): debug: received RELAY message
1743736030.287955: 194454-7f04e9aa3700: cdpl_server_ipc.c:713: in _sv_on_relay(): debug: RELAY message from W1, size = 48
1743736030.287959: 194454-7f04e9aa3700: cdpl_server_ipc.c:715: in _sv_on_relay(): debug: RELAY message from W1, content = WORKERDU|1275,dc2isi00nfs.oit.ncsu.edu:/coe_nfs
1743736030.287963: 194454-7f04e9aa3700: cdpl_server_ipc.c:1268: in _sv_ipc_thread(): debug: received RELAY message
1743736030.287965: 194454-7f04e9aa3700: cdpl_server_ipc.c:713: in _sv_on_relay(): debug: RELAY message from W1, size = 197
1743736030.287966: 194454-7f04e9aa3700: cdpl_server_ipc.c:715: in _sv_on_relay(): debug: RELAY message from W1, content = REQPILOT|saeSession4,1,default|&/mnt/coe/workspace/ece/ece546-spr25/group8/group8_project/simulation/group8,memory_array_tb,schematic/history_1/simulation/default/PrimeSimHSPICE/nominal/results|&0
1743736030.288012: 194454-7f04e37fe700: cdpl_compat_master.c:5948: in cdplMasterLogInfo(): info: [non-CDPL log entry] PWDP send back 'DOPILOT' to worker id:1 key: saeSession4,1,default|&/mnt/coe/workspace/ece/ece546-spr25/group8/group8_project/simulation/group8,memory_array_tb,schematic/history_1/simulation/default/PrimeSimHSPICE/nominal/results
1743736030.293034: 194454-7f04e37fe700: cdpl_compat_master.c:5948: in cdplMasterLogInfo(): info: [non-CDPL log entry] PWDP: set pilot doing!
1743736030.298689: 194454-7f04e9aa3700: cdpl_server_ipc.c:1268: in _sv_ipc_thread(): debug: received RELAY message
1743736030.298715: 194454-7f04e9aa3700: cdpl_server_ipc.c:713: in _sv_on_relay(): debug: RELAY message from W1, size = 193
1743736030.298718: 194454-7f04e9aa3700: cdpl_server_ipc.c:715: in _sv_on_relay(): debug: RELAY message from W1, content = PILOTOK|saeSession4,1,default|&/mnt/coe/workspace/ece/ece546-spr25/group8/group8_project/simulation/group8,memory_array_tb,schematic/history_1/simulation/default/PrimeSimHSPICE/nominal/results
1743736030.298723: 194454-7f04e37fe700: cdpl_compat_master.c:5948: in cdplMasterLogInfo(): info: [non-CDPL log entry] PWDP: set pilot done!
1743736030.298815: 194454-7f04e9aa3700: cdpl_server_ipc.c:1268: in _sv_ipc_thread(): debug: received RELAY message
1743736030.298820: 194454-7f04e9aa3700: cdpl_server_ipc.c:713: in _sv_on_relay(): debug: RELAY message from W1, size = 18
1743736030.298821: 194454-7f04e9aa3700: cdpl_server_ipc.c:715: in _sv_on_relay(): debug: RELAY message from W1, content = 0$- - - MEASDOING
1743736035.823986: 194454-7f04e9aa3700: cdpl_server_ipc.c:1268: in _sv_ipc_thread(): debug: received RELAY message
1743736035.825340: 194454-7f04e9aa3700: cdpl_server_ipc.c:713: in _sv_on_relay(): debug: RELAY message from W1, size = 66
1743736035.825343: 194454-7f04e9aa3700: cdpl_server_ipc.c:715: in _sv_on_relay(): debug: RELAY message from W1, content = 0$195073 viper.ece.ncsu.edu 195088 FINISHED 1743736013|1743736035
1743736035.834297: 194454-7f04e9aa3700: cdpl_server_ipc.c:1268: in _sv_ipc_thread(): debug: received RELAY message
1743736035.834321: 194454-7f04e9aa3700: cdpl_server_ipc.c:713: in _sv_on_relay(): debug: RELAY message from W1, size = 195
1743736035.834327: 194454-7f04e9aa3700: cdpl_server_ipc.c:715: in _sv_on_relay(): debug: RELAY message from W1, content = PILOTDONE|saeSession4,1,default|&/mnt/coe/workspace/ece/ece546-spr25/group8/group8_project/simulation/group8,memory_array_tb,schematic/history_1/simulation/default/PrimeSimHSPICE/nominal/results
1743736035.834339: 194454-7f04e37fe700: cdpl_compat_master.c:5948: in cdplMasterLogInfo(): info: [non-CDPL log entry] saeSession4,1,default|&/mnt/coe/workspace/ece/ece546-spr25/group8/group8_project/simulation/group8,memory_array_tb,schematic/history_1/simulation/default/PrimeSimHSPICE/nominal/results PILOTDONE!
1743736035.848710: 194454-7f04e9aa3700: cdpl_server_ipc.c:1251: in _sv_ipc_thread(): debug: received FINISH message
1743736035.848713: 194454-7f04e9aa3700: cdpl_server_ipc.c:983: in _sv_on_finish(): info: worker W1 completed task T0
1743736035.848714: 194454-7f04e9aa3700: cdpl_server_ipc.c:988: in _sv_on_finish(): debug: stat T0: utime=5269 stime=796
1743736035.848715: 194454-7f04e9aa3700: cdpl_server_ipc.c:993: in _sv_on_finish(): debug: statm T0: vsize=3080524 rss=1066708 shared=521716 text=474784 data=735340
1743736035.857528: 194454-7f052dc8c540: cdpl_server.c:227: in _sv_free_task_safe(): debug: freeing task T0
1743736035.874995: 194454-7f04e9aa3700: cdpl_server_ipc.c:1268: in _sv_ipc_thread(): debug: received RELAY message
1743736035.874996: 194454-7f04e9aa3700: cdpl_server_ipc.c:713: in _sv_on_relay(): debug: RELAY message from W1, size = 47
1743736035.874997: 194454-7f04e9aa3700: cdpl_server_ipc.c:715: in _sv_on_relay(): debug: RELAY message from W1, content = WORKERDU|204,dc2isi00nfs.oit.ncsu.edu:/coe_nfs
1743736042.134760: 194454-7f052dc8c540: cdpl_server.c:3008: in cdpl_sv_halt_job_errno(): info: killing job J1
1743736042.136047: 194454-7f052dc8c540: cdpl_server.c:3044: in cdpl_sv_halt_job_errno(): debug: signal bin B1 scheduler to stop
1743736042.136151: 194454-7f04e17fa700: cdpl_server_sched.c:2484: in _sv_scheduler_thread(): debug: scheduler for bin B1 stopped
1743736042.136192: 194454-7f04e17fa700: cdpl_ipc.c:1657: in _host_drop__UNSAFE(): debug: dropping host `152.14.99.205:57894'
1743736042.136217: 194454-7f04e17fa700: cdpl_server_sched.c:2830: in _sv_drop_worker(): info: down to 0 alive workers in B1
1743736042.136219: 194454-7f04e9aa3700: cdpl_server_ipc.c:1236: in _sv_ipc_thread(): debug: received DROP notification
1743736042.136229: 194454-7f04e17fa700: cdpl_farm.c:4152: in cdpl_farm_dismiss(): debug: down to 0 running processes
1743736042.136246: 194454-7f04e17fa700: cdpl_server_sched.c:121: in _free_worker_2(): debug: freeing worker W1
1743736042.136253: 194454-7f04e17fa700: cdpl_ipc.c:2513: in cdpl_ipc_host_release(): debug: releasing host `152.14.99.205:57894'
1743736042.136254: 194454-7f04e17fa700: cdpl_ipc.c:2529: in cdpl_ipc_host_release(): debug: scheduling for immediate release
1743736042.136300: 194454-7f04e8aa1700: cdpl_ipc.c:775: in _readv(): warning: read(): EOF
1743736042.136307: 194454-7f04e8aa1700: cdpl_ipc.c:2100: in _epoll_recv(): debug: _readv(): Broken pipe
1743736042.136308: 194454-7f04e8aa1700: cdpl_ipc.c:2424: in _epoll_main(): debug: _epoll_recv(): Broken pipe
1743736042.136310: 194454-7f04e8aa1700: cdpl_ipc.c:1657: in _host_drop__UNSAFE(): debug: dropping host `152.14.99.205:38635'
1743736042.136314: 194454-7f052dc8c540: cdpl_server.c:294: in _sv_free_job(): info: freeing job J1
1743736042.136319: 194454-7f052dc8c540: cdpl_server.c:92: in _sv_free_bin(): debug: freeing bin B1
1743736042.136342: 194454-7f052dc8c540: cdpl_monitor.c:515: in cdpl_mn_kill(): info: killing monitor
1743736042.136345: 194454-7f052dc8c540: cdpl_ipc.c:3677: in cdpl_ipc_kill(): debug: stopping event server
1743736042.136351: 194454-7f04e8aa1700: cdpl_ipc.c:2460: in _epoll_main(): debug: server going down...
1743736042.136363: 194454-7f04ea2a4700: cdpl_ipc.c:775: in _readv(): warning: read(): EOF
1743736042.136368: 194454-7f04ea2a4700: cdpl_ipc.c:2100: in _epoll_recv(): debug: _readv(): Broken pipe
1743736042.136370: 194454-7f04ea2a4700: cdpl_ipc.c:2424: in _epoll_main(): debug: _epoll_recv(): Broken pipe
1743736042.136371: 194454-7f04ea2a4700: cdpl_ipc.c:1657: in _host_drop__UNSAFE(): debug: dropping host `152.14.99.205:57890'
1743736042.136392: 194454-7f04ea2a4700: cdpl_ipc.c:1582: in _host_free__UNSAFE(): debug: freeing host `152.14.99.205:57894'
1743736042.136394: 194454-7f04ea2a4700: cdpl_ipc.c:1621: in _host_free__UNSAFE(): debug: [0 outq, 0 spR, 0 spW]
1743736042.136397: 194454-7f04e9aa3700: cdpl_server_ipc.c:1236: in _sv_ipc_thread(): debug: received DROP notification
1743736042.136402: 194454-7f04e9aa3700: cdpl_monitor.c:1269: in cdpl_mn_drop(): debug: detaching from monitor `152.14.99.205:57890'
1743736042.136405: 194454-7f04e9aa3700: cdpl_monitor.c:1101: in mn_systat_stop(): debug: joining systat thread
1743736042.136415: 194454-7f04e1ffb700: cdpl_monitor.c:1079: in mn_systat(): debug: exiting
1743736042.136421: 194454-7f04e9aa3700: cdpl_monitor.c:1103: in mn_systat_stop(): debug: systat thread done
1743736042.136422: 194454-7f04e9aa3700: cdpl_ipc.c:2513: in cdpl_ipc_host_release(): debug: releasing host `152.14.99.205:57890'
1743736042.136552: 194454-7f04e92a2700: cdpl_ipc.c:3728: in cdpl_ipc_free(): debug: releasing IPC handle
1743736042.136553: 194454-7f04e92a2700: cdpl_ipc.c:3742: in cdpl_ipc_free(): debug: 1 unread messages
1743736042.136554: 194454-7f04e92a2700: cdpl_ipc.c:1582: in _host_free__UNSAFE(): debug: freeing host `152.14.99.205:38635'
1743736042.136555: 194454-7f04e92a2700: cdpl_ipc.c:1621: in _host_free__UNSAFE(): debug: [0 outq, 0 spR, 0 spW]
1743736042.136556: 194454-7f04e92a2700: cdpl_ipc.c:1582: in _host_free__UNSAFE(): debug: freeing host `152.14.99.205:36013'
1743736042.136556: 194454-7f04e92a2700: cdpl_ipc.c:1621: in _host_free__UNSAFE(): debug: [0 outq, 0 spR, 0 spW]
1743736042.136560: 194454-7f04e92a2700: cdpl_ipc.c:3756: in cdpl_ipc_free(): warning: 2 host(s) were not released
1743736042.136565: 194454-7f04e92a2700: cdpl_ipc.c:3767: in cdpl_ipc_free(): debug: done
1743736042.136566: 194454-7f04e92a2700: cdpl_monitor.c:1390: in cdpl_mn_free(): debug: freeing monitor client
1743736042.136612: 194454-7f052dc8c540: cdpl_farm.c:2740: in cdpl_farm_free(): info: freeing farm
1743736042.136619: 194454-7f04e0ff9700: cdpl_farm.c:2231: in _schedule(): debug: end of idling
1743736042.136625: 194454-7f04e0ff9700: cdpl_farm.c:2235: in _schedule(): debug: dying
1743736042.136650: 194454-7f052dc8c540: cdpl_farm.c:913: in _killall(): debug: killing all remaining commands
1743736042.136656: 194454-7f052dc8c540: cdpl_server.c:3144: in cdpl_sv_free(): info: freeing server S1471592500
1743736042.136665: 194454-7f052dc8c540: cdpl_server.c:3109: in cdpl_sv_kill_errno(): info: killing server
1743736042.136665: 194454-7f052dc8c540: cdpl_ipc.c:3677: in cdpl_ipc_kill(): debug: stopping event server
1743736042.136669: 194454-7f04ea2a4700: cdpl_ipc.c:2460: in _epoll_main(): debug: server going down...
1743736042.136672: 194454-7f04e9aa3700: cdpl_server_ipc.c:1200: in _sv_ipc_thread(): debug: leaving now
1743736042.136675: 194454-7f052dc8c540: cdpl_server.c:334: in _sv_free_master(): info: freeing master M1
1743736042.136678: 194454-7f052dc8c540: cdpl_hash.c:68: in cdpl_h_destroy(): debug: put operations: 1
1743736042.136679: 194454-7f052dc8c540: cdpl_hash.c:69: in cdpl_h_destroy(): debug: put collisions: 0
1743736042.136680: 194454-7f052dc8c540: cdpl_hash.c:70: in cdpl_h_destroy(): debug: get operations: 1
1743736042.136680: 194454-7f052dc8c540: cdpl_hash.c:71: in cdpl_h_destroy(): debug: get iterations: 1
1743736042.136687: 194454-7f052dc8c540: cdpl_monitor.c:1390: in cdpl_mn_free(): debug: freeing monitor server
1743736042.136688: 194454-7f052dc8c540: cdpl_ipc.c:3728: in cdpl_ipc_free(): debug: releasing IPC handle
1743736042.136689: 194454-7f052dc8c540: cdpl_ipc.c:1582: in _host_free__UNSAFE(): debug: freeing host `152.14.99.205:57890'
1743736042.136690: 194454-7f052dc8c540: cdpl_ipc.c:1621: in _host_free__UNSAFE(): debug: [0 outq, 0 spR, 0 spW]
1743736042.136698: 194454-7f052dc8c540: cdpl_ipc.c:3767: in cdpl_ipc_free(): debug: done
1743736042.136702: 194454-7f052dc8c540: cdpl_log.c:481: in cdpl_log_close(): info: @@end_of_log@@
