1743684768.767232: 1023844-7f2760656540: cdpl_log.c:337: in cdpl_log_open(): info: @@start_of_log@@
1743684768.767345: 1023844-7f2760656540: cdpl_log.c:1058: in cdpl_log_dump_sysinfo(): info: time: 2025/04/03 08:52:48 EDT -0400
1743684768.767358: 1023844-7f2760656540: cdpl_log.c:1060: in cdpl_log_dump_sysinfo(): info: version: W-2024.09-SP1-2 
1743684768.767365: 1023844-7f2760656540: cdpl_log.c:1062: in cdpl_log_dump_sysinfo(): info: system: Linux 4.18.0-553.46.1.el8_10.x86_64 #1 SMP Sat Mar 15 01:37:33 EDT 2025
1743684768.767371: 1023844-7f2760656540: cdpl_log.c:1067: in cdpl_log_dump_sysinfo(): info: processor: x86_64 64-bits
1743684768.767376: 1023844-7f2760656540: cdpl_log.c:1071: in cdpl_log_dump_sysinfo(): info: hostname: grendel42.ece.ncsu.edu
1743684768.767381: 1023844-7f2760656540: cdpl_log.c:1073: in cdpl_log_dump_sysinfo(): info: program name: custom_shell
1743684768.767429: 1023844-7f2760656540: cdpl_log.c:340: in cdpl_log_open(): debug: path: /mnt/coe/workspace/ece/ece546-spr25/group8/group8_project/synopsys_custom/pwdp_jobs/saeSession0_HSPICEdefault.SimulationSimulation_cdpl.0.1023844/logs/master.grendel42.ece.ncsu.edu.1023844.log
1743684768.767436: 1023844-7f2760656540: cdpl_log.c:341: in cdpl_log_open(): debug: dir: /mnt/coe/workspace/ece/ece546-spr25/group8/group8_project/synopsys_custom/pwdp_jobs/saeSession0_HSPICEdefault.SimulationSimulation_cdpl.0.1023844/logs
1743684768.767553: 1023844-7f2760656540: cdpl_server.c:536: in cdpl_sv_init(): info: new server S578945554
1743684768.767579: 1023844-7f2760656540: cdpl_ipc.c:3475: in cdpl_ipc_init(): info: requesting IPv4 protocol
1743684768.772367: 1023844-7f2760656540: cdpl_ipc.c:837: in _selectaddrfamily(): info: selected IPv4 protocol
1743684768.772509: 1023844-7f2760656540: cdpl_ipc.c:1139: in _set_keepalive(): info: TCP keep alive interval: 300
1743684768.775505: 1023844-7f2760656540: cdpl_monitor.c:1117: in cdpl_mn_new_server(): info: creating server monitor instance
1743684768.775610: 1023844-7f2760656540: cdpl_server.c:650: in cdpl_sv_new_master(): info: new master M1
1743684768.775652: 1023844-7f2760656540: cdpl_server.c:6533: in cdpl_sv_ctl_master(): info: Setting worker heartbeat to 120 seconds
1743684768.775660: 1023844-7f2760656540: cdpl_server.c:6542: in cdpl_sv_ctl_master(): info: Setting worker heartbeat timeout to 3 heartbeats
1743684768.775669: 1023844-7f2760656540: cdpl_compat_master.c:2090: in _parse_hostfile(): info: reading hostfile `/mnt/coe/workspace/ece/ece546-spr25/group8/group8_project/synopsys_custom/pwdp_jobs/saeSession0_HSPICEdefault.SimulationSimulation_cdpl.0.1023844/host_file'
1743684768.785892: 1023844-7f2760656540: cdpl_compat_master.c:1900: in _hostfile_parser(): debug: parsing "1     |localhost|   -1  | /tmp | SH | sh"
1743684768.785978: 1023844-7f2760656540: cdpl_farm.c:2578: in cdpl_farm_new_sh(): info: creating SH farm on localhost
1743684768.786021: 1023844-7f2760656540: cdpl_compat_master.c:206: in _set_farm_env(): info: exporting CDPL_LOGDIR as `/mnt/coe/workspace/ece/ece546-spr25/group8/group8_project/synopsys_custom/pwdp_jobs/saeSession0_HSPICEdefault.SimulationSimulation_cdpl.0.1023844/logs'
1743684768.786030: 1023844-7f2760656540: cdpl_compat_master.c:212: in _set_farm_env(): info: exporting CDPL_TMPDIR as `/tmp'
1743684768.786038: 1023844-7f2760656540: cdpl_compat_master.c:219: in _set_farm_env(): info: exporting CDPL_HOME as `/mnt/apps/public/COE/synopsys_apps/hspice/W-2024.09-SP1/hspice/cdpl'
1743684768.786046: 1023844-7f2760656540: cdpl_compat_master.c:235: in _set_farm_env(): info: exporting SNPSLMD_LICENSE_FILE as `27000@ece-lic-35.ece.ncsu.edu'
1743684768.786054: 1023844-7f2760656540: cdpl_compat_master.c:259: in _set_farm_env(): info: exporting CDPL_OPTIONS as `[nowlogs]'
1743684768.786059: 1023844-7f2760656540: cdpl_compat_master.c:266: in _set_farm_env(): info: exporting DISPLAY as `unix:24195'
1743684768.786065: 1023844-7f2760656540: cdpl_compat_master.c:274: in _set_farm_env(): info: exporting CDPL_HEARTBEAT as `120'
1743684768.786111: 1023844-7f2760656540: cdpl_farm.c:3149: in cdpl_farm_add_withdir(): debug: added `localhost' (capacity: unlimited)
1743684768.786138: 1023844-7f2760656540: cdpl_compat_parse.c:147: in parsefile(): debug: read `/mnt/coe/workspace/ece/ece546-spr25/group8/group8_project/synopsys_custom/pwdp_jobs/saeSession0_HSPICEdefault.SimulationSimulation_cdpl.0.1023844/host_file', 2 lines
1743684768.786146: 1023844-7f2760656540: cdpl_compat_master.c:2931: in cdplInitMaster(): info: bcast dir is `/mnt/coe/workspace/ece/ece546-spr25/group8/group8_project/synopsys_custom/pwdp_jobs/saeSession0_HSPICEdefault.SimulationSimulation_cdpl.0.1023844/logs'
1743684768.793763: 1023844-7f2760656540: cdpl_server.c:6433: in cdpl_sv_ctl_master(): info: farm worker timeout set to 300
1743684768.793779: 1023844-7f2760656540: cdpl_server.c:6486: in cdpl_sv_ctl_master(): info: maximum number of task execution attempts set to 1
1743684768.793851: 1023844-7f2760656540: cdpl_server.c:3195: in cdpl_sv_start(): debug: starting server
1743684768.793871: 1023844-7f2760656540: cdpl_ipc.c:3632: in cdpl_ipc_start(): debug: starting IPC server 152.14.98.57:36539
1743684768.794479: 1023844-7f2735221700: cdpl_server_ipc.c:1182: in _sv_ipc_thread(): debug: ready
1743684768.794846: 1023844-7f2734a20700: cdpl_monitor.c:426: in cdpl_mn_init_client(): info: creating client monitor instance
1743684768.794898: 1023844-7f2734a20700: cdpl_ipc.c:3475: in cdpl_ipc_init(): info: requesting IPv4 protocol
1743684768.798784: 1023844-7f2734a20700: cdpl_ipc.c:837: in _selectaddrfamily(): info: selected IPv4 protocol
1743684768.798862: 1023844-7f2734a20700: cdpl_ipc.c:1139: in _set_keepalive(): info: TCP keep alive interval: 300
1743684768.802024: 1023844-7f2734a20700: cdpl_ipc.c:3632: in cdpl_ipc_start(): debug: starting IPC server 152.14.98.57:35767
1743684768.802922: 1023844-7f2734a20700: cdpl_monitor.c:471: in cdpl_mn_init_client(): debug: incoming messages in /tmp/cdpl-monitor-WXXCBD
1743684768.803192: 1023844-7f2734a20700: cdpl_monitor.c:533: in cdpl_mn_connect(): debug: connecting to 152.14.98.57:36539
1743684768.803212: 1023844-7f2734a20700: cdpl_ipc.c:3789: in cdpl_ipc_connect(): info: connecting to 152.14.98.57:36539
1743684768.803614: 1023844-7f2734a20700: cdpl_ipc.c:3860: in cdpl_ipc_connect(): info: connected as `152.14.98.57:41062'
1743684768.803651: 1023844-7f2734a20700: cdpl_ipc.c:2503: in cdpl_ipc_host_accept(): debug: accepted host `152.14.98.57:36539'
1743684768.803736: 1023844-7f2734a20700: cdpl_monitor.c:579: in cdpl_mn_connect(): debug: ok
1743684768.803821: 1023844-7f2735a22700: cdpl_ipc.c:1862: in _epoll_accept(): debug: new connection from `152.14.98.57:41062'
1743684768.803945: 1023844-7f2760656540: cdpl_server.c:731: in cdpl_sv_new_job(): info: new job J1 in M1
1743684768.804077: 1023844-7f2735221700: cdpl_server_ipc.c:1225: in _sv_ipc_thread(): debug: received ACCEPT notification
1743684768.804133: 1023844-7f2735221700: cdpl_ipc.c:2503: in cdpl_ipc_host_accept(): debug: accepted host `152.14.98.57:41062'
1743684768.804147: 1023844-7f2760656540: cdpl_compat_master.c:1581: in _add_worker(): info: new worker type 10, min:1, max:3, cmd:`/mnt/coe/workspace/ece/ece546-spr25/group8/group8_project/synopsys_custom/pwdp_jobs/saeSession0_HSPICEdefault.SimulationSimulation_cdpl.0.1023844/START_WORKER pw_worker -i /mnt/coe/workspace/ece/ece546-spr25/group8/g
1743684768.804175: 1023844-7f2735221700: cdpl_server_ipc.c:1256: in _sv_ipc_thread(): debug: received MONITOR message
1743684768.804233: 1023844-7f2760656540: cdpl_server.c:908: in cdpl_sv_new_bin_withfarm(): info: new bin B1 in J1
1743684768.804649: 1023844-7f2735221700: cdpl_monitor.c:1207: in cdpl_mn_accept(): debug: accepted monitor `152.14.98.57:41062'
1743684768.804666: 1023844-7f2735221700: cdpl_server_ipc_mon.c:120: in _globalLOCK(): debug: ENTERTING GLOBAL LOCK
1743684768.804673: 1023844-7f2735221700: cdpl_server_ipc_mon.c:164: in _globalLOCK(): debug: global lock acquired
1743684768.804785: 1023844-7f2722ffd700: cdpl_monitor.c:910: in mn_systat(): debug: started
1743684768.805580: 1023844-7f2722ffd700: cdpl_monitor.c:937: in mn_systat(): debug: monitor server flush rate: 5
1743684770.938476: 1023844-7f2735221700: cdpl_server_ipc_mon.c:210: in _globalUNLOCK(): debug: LEAVING GLOBAL LOCK
1743684770.938617: 1023844-7f2760656540: cdpl_server.c:3249: in cdpl_sv_start_job(): info: starting job J1
1743684770.938688: 1023844-7f2760656540: cdpl_server.c:62: in _sv_start_bin(): debug: starting bin B1 (min: 0, max: 3)
1743684770.939077: 1023844-7f2720ff9700: cdpl_server_sched.c:2482: in _sv_scheduler_thread(): debug: scheduler for bin B1 started
1743684770.939225: 1023844-7f2760656540: cdpl_server.c:1893: in _sv_gen_task(): info: new task T0 in B1 (prio 0)
1743684770.939325: 1023844-7f2760656540: cdpl_server.c:2698: in cdpl_sv_label_task_va(): info: setting task T0 label to "HSPICE_1|HSPICE"
1743684770.939452: 1023844-7f2720ff9700: cdpl_server_sched.c:2443: in _scheduler_run(): debug: will start a new worker
1743684770.939568: 1023844-7f2720ff9700: cdpl_farm.c:3977: in cdpl_farm_submit(): debug: 1 running processes
1743684770.939579: 1023844-7f2720ff9700: cdpl_farm.c:3985: in cdpl_farm_submit(): debug: new command C1 in bin B1 assigned to host `localhost'
1743684770.940047: 1023844-7f2720ff9700: cdpl_server_sched.c:705: in _sv_launch_worker(): info: started worker W1 (as C1) in bin B1
1743684770.940177: 1023844-7f2703fff700: cdpl_farm.c:2139: in _schedule(): debug: started
1743684770.940206: 1023844-7f2703fff700: cdpl_farm.c:2303: in _schedule(): debug: submitting command C1 in bin B1
1743684770.940245: 1023844-7f2703fff700: cdpl_sh.c:49: in _sh_detached_submit(): info: SH : /mnt/coe/workspace/ece/ece546-spr25/group8/group8_project/synopsys_custom/pwdp_jobs/saeSession0_HSPICEdefault.SimulationSimulation_cdpl.0.1023844/START_WORKER pw_worker -i /mnt/coe/workspace/ece/ece546-spr25/group8/group8_project/synopsys_custom/pwdp_jobs/saeSession0_HSPICEdefault.SimulationSimulation_cdpl.0.1023844 -t 10000
1743684770.949236: 1023844-7f2703fff700: cdpl_farm.c:2343: in _schedule(): debug: C1 in bin B1 running on slot 0
1743684770.949266: 1023844-7f2703fff700: cdpl_farm.c:2167: in _schedule(): debug: idle
1743684771.249380: 1023844-7f2703fff700: cdpl_farm.c:1193: in _onexit(): debug: C1 in bin B1 exited normally on slot 0
1743684772.430525: 1023844-7f2721ffb700: cdpl_compat_master.c:5948: in cdplMasterLogInfo(): info: [non-CDPL log entry] PWDP - no-workers started ok check start!
1743684773.673014: 1023844-7f2760656540: cdpl_compat_master.c:5948: in cdplMasterLogInfo(): info: [non-CDPL log entry] PWDP3: reset pilot cache succeeded, pilot_key=saeSession0,1,HSPICE_default|&/mnt/coe/workspace/ece/ece546-spr25/group8/group8_project/simulation/group8,memory_array_write_test,schematic/history_1/simulation/HSPICE_default/HSPICE/nominal/results
1743684774.938073: 1023844-7f2735a22700: cdpl_ipc.c:1862: in _epoll_accept(): debug: new connection from `152.14.98.57:41156'
1743684774.938206: 1023844-7f2735221700: cdpl_server_ipc.c:1225: in _sv_ipc_thread(): debug: received ACCEPT notification
1743684774.938250: 1023844-7f2735221700: cdpl_ipc.c:2503: in cdpl_ipc_host_accept(): debug: accepted host `152.14.98.57:41156'
1743684774.938708: 1023844-7f2735221700: cdpl_server_ipc.c:1246: in _sv_ipc_thread(): debug: received HELLO message
1743684774.938715: 1023844-7f2735221700: cdpl_server_ipc.c:430: in _sv_on_hello(): debug: looking up W1
1743684774.938728: 1023844-7f2735221700: cdpl_server_ipc.c:540: in _sv_on_hello(): info: W1 is `152.14.98.57:41156'
1743684774.938735: 1023844-7f2735221700: cdpl_server_ipc.c:541: in _sv_on_hello(): debug: hello W1 (B1)
1743684774.938740: 1023844-7f2735221700: cdpl_server_ipc.c:542: in _sv_on_hello(): info: W1 log file is /dev/null
1743684774.938881: 1023844-7f2735221700: cdpl_server_ipc.c:602: in _sv_on_hello(): info: up to 1 alive workers in B1
1743684774.938911: 1023844-7f2735221700: cdpl_farm.c:878: in _release_cmd(): debug: freeing command C1 in bin B1
1743684774.938963: 1023844-7f2720ff9700: cdpl_server_sched.c:960: in _assign(): info: assigning task T0 to worker W1
1743684775.939315: 1023844-7f2735221700: cdpl_server_ipc.c:312: in _sv_on_heartbeat(): debug: received HEARTBEAT from worker W1 at 152.14.98.57:41156
1743684778.704334: 1023844-7f2735221700: cdpl_server_ipc.c:1268: in _sv_ipc_thread(): debug: received RELAY message
1743684778.704371: 1023844-7f2735221700: cdpl_server_ipc.c:713: in _sv_on_relay(): debug: RELAY message from W1, size = 60
1743684778.704381: 1023844-7f2735221700: cdpl_server_ipc.c:715: in _sv_on_relay(): debug: RELAY message from W1, content = 0$1024813 grendel42.ece.ncsu.edu 1024874 RUNNING 1743684777
1743684778.872370: 1023844-7f2734a20700: cdpl_monitor.c:533: in cdpl_mn_connect(): debug: connecting to 152.14.98.57:40275
1743684778.872414: 1023844-7f2734a20700: cdpl_ipc.c:3789: in cdpl_ipc_connect(): info: connecting to 152.14.98.57:40275
1743684778.872816: 1023844-7f2734a20700: cdpl_ipc.c:3860: in cdpl_ipc_connect(): info: connected as `152.14.98.57:51036'
1743684778.872837: 1023844-7f2734a20700: cdpl_ipc.c:2503: in cdpl_ipc_host_accept(): debug: accepted host `152.14.98.57:40275'
1743684778.872852: 1023844-7f2734a20700: cdpl_monitor.c:579: in cdpl_mn_connect(): debug: ok
1743684798.418986: 1023844-7f2735221700: cdpl_server_ipc.c:1268: in _sv_ipc_thread(): debug: received RELAY message
1743684798.422193: 1023844-7f2735221700: cdpl_server_ipc.c:713: in _sv_on_relay(): debug: RELAY message from W1, size = 48
1743684798.422213: 1023844-7f2735221700: cdpl_server_ipc.c:715: in _sv_on_relay(): debug: RELAY message from W1, content = WORKERDU|1251,dc2isi00nfs.oit.ncsu.edu:/coe_nfs
1743684798.422236: 1023844-7f2735221700: cdpl_server_ipc.c:1268: in _sv_ipc_thread(): debug: received RELAY message
1743684798.422242: 1023844-7f2735221700: cdpl_server_ipc.c:713: in _sv_on_relay(): debug: RELAY message from W1, size = 211
1743684798.422248: 1023844-7f2735221700: cdpl_server_ipc.c:715: in _sv_on_relay(): debug: RELAY message from W1, content = REQPILOT|saeSession0,1,HSPICE_default|&/mnt/coe/workspace/ece/ece546-spr25/group8/group8_project/simulation/group8,memory_array_write_test,schematic/history_1/simulation/HSPICE_default/HSPICE/nominal/results|&0
1743684798.422551: 1023844-7f27227fc700: cdpl_compat_master.c:5948: in cdplMasterLogInfo(): info: [non-CDPL log entry] PWDP send back 'DOPILOT' to worker id:1 key: saeSession0,1,HSPICE_default|&/mnt/coe/workspace/ece/ece546-spr25/group8/group8_project/simulation/group8,memory_array_write_test,schematic/history_1/simulation/HSPICE_default/HSPICE/nominal/results
1743684798.437319: 1023844-7f27227fc700: cdpl_compat_master.c:5948: in cdplMasterLogInfo(): info: [non-CDPL log entry] PWDP: set pilot doing!
1743684798.457157: 1023844-7f2735221700: cdpl_server_ipc.c:1268: in _sv_ipc_thread(): debug: received RELAY message
1743684798.457192: 1023844-7f2735221700: cdpl_server_ipc.c:713: in _sv_on_relay(): debug: RELAY message from W1, size = 207
1743684798.457201: 1023844-7f2735221700: cdpl_server_ipc.c:715: in _sv_on_relay(): debug: RELAY message from W1, content = PILOTOK|saeSession0,1,HSPICE_default|&/mnt/coe/workspace/ece/ece546-spr25/group8/group8_project/simulation/group8,memory_array_write_test,schematic/history_1/simulation/HSPICE_default/HSPICE/nominal/results
1743684798.457347: 1023844-7f27227fc700: cdpl_compat_master.c:5948: in cdplMasterLogInfo(): info: [non-CDPL log entry] PWDP: set pilot done!
1743684798.458212: 1023844-7f2735221700: cdpl_server_ipc.c:1268: in _sv_ipc_thread(): debug: received RELAY message
1743684798.458249: 1023844-7f2735221700: cdpl_server_ipc.c:713: in _sv_on_relay(): debug: RELAY message from W1, size = 18
1743684798.458257: 1023844-7f2735221700: cdpl_server_ipc.c:715: in _sv_on_relay(): debug: RELAY message from W1, content = 0$- - - MEASDOING
1743684805.227468: 1023844-7f2735221700: cdpl_server_ipc.c:1268: in _sv_ipc_thread(): debug: received RELAY message
1743684805.230845: 1023844-7f2735221700: cdpl_server_ipc.c:713: in _sv_on_relay(): debug: RELAY message from W1, size = 72
1743684805.230865: 1023844-7f2735221700: cdpl_server_ipc.c:715: in _sv_on_relay(): debug: RELAY message from W1, content = 0$1024813 grendel42.ece.ncsu.edu 1024874 FINISHED 1743684777|1743684805
1743684805.255150: 1023844-7f2735221700: cdpl_server_ipc.c:1268: in _sv_ipc_thread(): debug: received RELAY message
1743684805.255201: 1023844-7f2735221700: cdpl_server_ipc.c:713: in _sv_on_relay(): debug: RELAY message from W1, size = 209
1743684805.255209: 1023844-7f2735221700: cdpl_server_ipc.c:715: in _sv_on_relay(): debug: RELAY message from W1, content = PILOTDONE|saeSession0,1,HSPICE_default|&/mnt/coe/workspace/ece/ece546-spr25/group8/group8_project/simulation/group8,memory_array_write_test,schematic/history_1/simulation/HSPICE_default/HSPICE/nominal/results
1743684805.255372: 1023844-7f27227fc700: cdpl_compat_master.c:5948: in cdplMasterLogInfo(): info: [non-CDPL log entry] saeSession0,1,HSPICE_default|&/mnt/coe/workspace/ece/ece546-spr25/group8/group8_project/simulation/group8,memory_array_write_test,schematic/history_1/simulation/HSPICE_default/HSPICE/nominal/results PILOTDONE!
1743684805.288994: 1023844-7f2735221700: cdpl_server_ipc.c:1251: in _sv_ipc_thread(): debug: received FINISH message
1743684805.289027: 1023844-7f2735221700: cdpl_server_ipc.c:983: in _sv_on_finish(): info: worker W1 completed task T0
1743684805.289035: 1023844-7f2735221700: cdpl_server_ipc.c:988: in _sv_on_finish(): debug: stat T0: utime=10408 stime=5094
1743684805.289042: 1023844-7f2735221700: cdpl_server_ipc.c:993: in _sv_on_finish(): debug: statm T0: vsize=2867644 rss=1061048 shared=519112 text=474784 data=732908
1743684805.330053: 1023844-7f2760656540: cdpl_server.c:227: in _sv_free_task_safe(): debug: freeing task T0
1743684805.380479: 1023844-7f2735221700: cdpl_server_ipc.c:1268: in _sv_ipc_thread(): debug: received RELAY message
1743684805.380513: 1023844-7f2735221700: cdpl_server_ipc.c:713: in _sv_on_relay(): debug: RELAY message from W1, size = 47
1743684805.380521: 1023844-7f2735221700: cdpl_server_ipc.c:715: in _sv_on_relay(): debug: RELAY message from W1, content = WORKERDU|108,dc2isi00nfs.oit.ncsu.edu:/coe_nfs
1743684812.337280: 1023844-7f2760656540: cdpl_server.c:3008: in cdpl_sv_halt_job_errno(): info: killing job J1
1743684812.340317: 1023844-7f2760656540: cdpl_server.c:3044: in cdpl_sv_halt_job_errno(): debug: signal bin B1 scheduler to stop
1743684812.340463: 1023844-7f2720ff9700: cdpl_server_sched.c:2484: in _sv_scheduler_thread(): debug: scheduler for bin B1 stopped
1743684812.340542: 1023844-7f2720ff9700: cdpl_ipc.c:1657: in _host_drop__UNSAFE(): debug: dropping host `152.14.98.57:41156'
1743684812.340704: 1023844-7f2720ff9700: cdpl_server_sched.c:2830: in _sv_drop_worker(): info: down to 0 alive workers in B1
1743684812.340726: 1023844-7f2720ff9700: cdpl_farm.c:4152: in cdpl_farm_dismiss(): debug: down to 0 running processes
1743684812.340752: 1023844-7f2720ff9700: cdpl_server_sched.c:121: in _free_worker_2(): debug: freeing worker W1
1743684812.340786: 1023844-7f2720ff9700: cdpl_ipc.c:2513: in cdpl_ipc_host_release(): debug: releasing host `152.14.98.57:41156'
1743684812.340825: 1023844-7f2735221700: cdpl_server_ipc.c:1236: in _sv_ipc_thread(): debug: received DROP notification
1743684812.340958: 1023844-7f2760656540: cdpl_server.c:294: in _sv_free_job(): info: freeing job J1
1743684812.340990: 1023844-7f2760656540: cdpl_server.c:92: in _sv_free_bin(): debug: freeing bin B1
1743684812.341104: 1023844-7f2760656540: cdpl_monitor.c:515: in cdpl_mn_kill(): info: killing monitor
1743684812.341125: 1023844-7f2760656540: cdpl_ipc.c:3677: in cdpl_ipc_kill(): debug: stopping event server
1743684812.341262: 1023844-7f2723fff700: cdpl_ipc.c:2460: in _epoll_main(): debug: server going down...
1743684812.341364: 1023844-7f2735a22700: cdpl_ipc.c:775: in _readv(): warning: read(): EOF
1743684812.341824: 1023844-7f2735a22700: cdpl_ipc.c:2100: in _epoll_recv(): debug: _readv(): Broken pipe
1743684812.341869: 1023844-7f2735a22700: cdpl_ipc.c:2424: in _epoll_main(): debug: _epoll_recv(): Broken pipe
1743684812.341885: 1023844-7f2735a22700: cdpl_ipc.c:1657: in _host_drop__UNSAFE(): debug: dropping host `152.14.98.57:41062'
1743684812.342036: 1023844-7f2735a22700: cdpl_ipc.c:1582: in _host_free__UNSAFE(): debug: freeing host `152.14.98.57:41156'
1743684812.342046: 1023844-7f2735a22700: cdpl_ipc.c:1621: in _host_free__UNSAFE(): debug: [0 outq, 0 spR, 0 spW]
1743684812.342077: 1023844-7f2734a20700: cdpl_ipc.c:3728: in cdpl_ipc_free(): debug: releasing IPC handle
1743684812.342110: 1023844-7f2734a20700: cdpl_ipc.c:1582: in _host_free__UNSAFE(): debug: freeing host `152.14.98.57:40275'
1743684812.342121: 1023844-7f2734a20700: cdpl_ipc.c:1621: in _host_free__UNSAFE(): debug: [0 outq, 0 spR, 0 spW]
1743684812.342136: 1023844-7f2735221700: cdpl_server_ipc.c:1236: in _sv_ipc_thread(): debug: received DROP notification
1743684812.342163: 1023844-7f2734a20700: cdpl_ipc.c:1582: in _host_free__UNSAFE(): debug: freeing host `152.14.98.57:36539'
1743684812.342170: 1023844-7f2734a20700: cdpl_ipc.c:1621: in _host_free__UNSAFE(): debug: [0 outq, 0 spR, 0 spW]
1743684812.342182: 1023844-7f2735221700: cdpl_monitor.c:1269: in cdpl_mn_drop(): debug: detaching from monitor `152.14.98.57:41062'
1743684812.342190: 1023844-7f2734a20700: cdpl_ipc.c:3756: in cdpl_ipc_free(): warning: 2 host(s) were not released
1743684812.342197: 1023844-7f2735221700: cdpl_monitor.c:1101: in mn_systat_stop(): debug: joining systat thread
1743684812.342224: 1023844-7f2734a20700: cdpl_ipc.c:3767: in cdpl_ipc_free(): debug: done
1743684812.342230: 1023844-7f2734a20700: cdpl_monitor.c:1390: in cdpl_mn_free(): debug: freeing monitor client
1743684812.342420: 1023844-7f2722ffd700: cdpl_monitor.c:1079: in mn_systat(): debug: exiting
1743684812.342459: 1023844-7f2735221700: cdpl_monitor.c:1103: in mn_systat_stop(): debug: systat thread done
1743684812.342467: 1023844-7f2735221700: cdpl_ipc.c:2513: in cdpl_ipc_host_release(): debug: releasing host `152.14.98.57:41062'
1743684812.342616: 1023844-7f2760656540: cdpl_farm.c:2740: in cdpl_farm_free(): info: freeing farm
1743684812.342786: 1023844-7f2703fff700: cdpl_farm.c:2231: in _schedule(): debug: end of idling
1743684812.342819: 1023844-7f2703fff700: cdpl_farm.c:2235: in _schedule(): debug: dying
1743684812.343243: 1023844-7f2760656540: cdpl_farm.c:913: in _killall(): debug: killing all remaining commands
1743684812.343316: 1023844-7f2760656540: cdpl_server.c:3144: in cdpl_sv_free(): info: freeing server S578945554
1743684812.343367: 1023844-7f2760656540: cdpl_server.c:3109: in cdpl_sv_kill_errno(): info: killing server
1743684812.343374: 1023844-7f2760656540: cdpl_ipc.c:3677: in cdpl_ipc_kill(): debug: stopping event server
1743684812.343430: 1023844-7f2735221700: cdpl_server_ipc.c:1200: in _sv_ipc_thread(): debug: leaving now
1743684812.343440: 1023844-7f2735a22700: cdpl_ipc.c:2460: in _epoll_main(): debug: server going down...
1743684812.343659: 1023844-7f2760656540: cdpl_server.c:334: in _sv_free_master(): info: freeing master M1
1743684812.343723: 1023844-7f2760656540: cdpl_hash.c:68: in cdpl_h_destroy(): debug: put operations: 1
1743684812.343732: 1023844-7f2760656540: cdpl_hash.c:69: in cdpl_h_destroy(): debug: put collisions: 0
1743684812.343736: 1023844-7f2760656540: cdpl_hash.c:70: in cdpl_h_destroy(): debug: get operations: 1
1743684812.343741: 1023844-7f2760656540: cdpl_hash.c:71: in cdpl_h_destroy(): debug: get iterations: 1
1743684812.343766: 1023844-7f2760656540: cdpl_monitor.c:1390: in cdpl_mn_free(): debug: freeing monitor server
1743684812.343773: 1023844-7f2760656540: cdpl_ipc.c:3728: in cdpl_ipc_free(): debug: releasing IPC handle
1743684812.343780: 1023844-7f2760656540: cdpl_ipc.c:1582: in _host_free__UNSAFE(): debug: freeing host `152.14.98.57:41062'
1743684812.343787: 1023844-7f2760656540: cdpl_ipc.c:1621: in _host_free__UNSAFE(): debug: [0 outq, 0 spR, 0 spW]
1743684812.343836: 1023844-7f2760656540: cdpl_ipc.c:3767: in cdpl_ipc_free(): debug: done
1743684812.343854: 1023844-7f2760656540: cdpl_log.c:481: in cdpl_log_close(): info: @@end_of_log@@
