1742927504.107796: 621219-7ff0cf7b2540: cdpl_log.c:337: in cdpl_log_open(): info: @@start_of_log@@
1742927504.107832: 621219-7ff0cf7b2540: cdpl_log.c:1058: in cdpl_log_dump_sysinfo(): info: time: 2025/03/25 14:31:44 EDT -0400
1742927504.107840: 621219-7ff0cf7b2540: cdpl_log.c:1060: in cdpl_log_dump_sysinfo(): info: version: W-2024.09-SP1-2 
1742927504.107846: 621219-7ff0cf7b2540: cdpl_log.c:1062: in cdpl_log_dump_sysinfo(): info: system: Linux 4.18.0-553.45.1.el8_10.x86_64 #1 SMP Fri Mar 7 16:18:59 EST 2025
1742927504.107851: 621219-7ff0cf7b2540: cdpl_log.c:1067: in cdpl_log_dump_sysinfo(): info: processor: x86_64 64-bits
1742927504.107856: 621219-7ff0cf7b2540: cdpl_log.c:1071: in cdpl_log_dump_sysinfo(): info: hostname: hydra11.ece.ncsu.edu
1742927504.107861: 621219-7ff0cf7b2540: cdpl_log.c:1073: in cdpl_log_dump_sysinfo(): info: program name: custom_shell
1742927504.107869: 621219-7ff0cf7b2540: cdpl_log.c:340: in cdpl_log_open(): debug: path: /mnt/coe/workspace/ece/ece546-spr25/group8/group8_project/synopsys_custom/pwdp_jobs/saeSession1_default.SimulationSimulation_cdpl.1.621219/logs/master.hydra11.ece.ncsu.edu.621219.log
1742927504.107875: 621219-7ff0cf7b2540: cdpl_log.c:341: in cdpl_log_open(): debug: dir: /mnt/coe/workspace/ece/ece546-spr25/group8/group8_project/synopsys_custom/pwdp_jobs/saeSession1_default.SimulationSimulation_cdpl.1.621219/logs
1742927504.107886: 621219-7ff0cf7b2540: cdpl_server.c:536: in cdpl_sv_init(): info: new server S1431783159
1742927504.107894: 621219-7ff0cf7b2540: cdpl_ipc.c:3475: in cdpl_ipc_init(): info: requesting IPv4 protocol
1742927504.111776: 621219-7ff0cf7b2540: cdpl_ipc.c:837: in _selectaddrfamily(): info: selected IPv4 protocol
1742927504.111815: 621219-7ff0cf7b2540: cdpl_ipc.c:1139: in _set_keepalive(): info: TCP keep alive interval: 300
1742927504.115007: 621219-7ff0cf7b2540: cdpl_monitor.c:1117: in cdpl_mn_new_server(): info: creating server monitor instance
1742927504.115028: 621219-7ff0cf7b2540: cdpl_server.c:650: in cdpl_sv_new_master(): info: new master M1
1742927504.115045: 621219-7ff0cf7b2540: cdpl_server.c:6533: in cdpl_sv_ctl_master(): info: Setting worker heartbeat to 120 seconds
1742927504.115051: 621219-7ff0cf7b2540: cdpl_server.c:6542: in cdpl_sv_ctl_master(): info: Setting worker heartbeat timeout to 3 heartbeats
1742927504.115057: 621219-7ff0cf7b2540: cdpl_compat_master.c:2090: in _parse_hostfile(): info: reading hostfile `/mnt/coe/workspace/ece/ece546-spr25/group8/group8_project/synopsys_custom/pwdp_jobs/saeSession1_default.SimulationSimulation_cdpl.1.621219/host_file'
1742927504.119292: 621219-7ff0cf7b2540: cdpl_compat_master.c:1900: in _hostfile_parser(): debug: parsing "1     |localhost|   -1  | /tmp | SH | sh"
1742927504.119313: 621219-7ff0cf7b2540: cdpl_farm.c:2578: in cdpl_farm_new_sh(): info: creating SH farm on localhost
1742927504.119325: 621219-7ff0cf7b2540: cdpl_compat_master.c:206: in _set_farm_env(): info: exporting CDPL_LOGDIR as `/mnt/coe/workspace/ece/ece546-spr25/group8/group8_project/synopsys_custom/pwdp_jobs/saeSession1_default.SimulationSimulation_cdpl.1.621219/logs'
1742927504.119331: 621219-7ff0cf7b2540: cdpl_compat_master.c:212: in _set_farm_env(): info: exporting CDPL_TMPDIR as `/tmp'
1742927504.119337: 621219-7ff0cf7b2540: cdpl_compat_master.c:219: in _set_farm_env(): info: exporting CDPL_HOME as `/mnt/apps/public/COE/synopsys_apps/hspice/W-2024.09-SP1/hspice/cdpl'
1742927504.119344: 621219-7ff0cf7b2540: cdpl_compat_master.c:235: in _set_farm_env(): info: exporting SNPSLMD_LICENSE_FILE as `27000@ece-lic-35.ece.ncsu.edu'
1742927504.119350: 621219-7ff0cf7b2540: cdpl_compat_master.c:259: in _set_farm_env(): info: exporting CDPL_OPTIONS as `[nowlogs]'
1742927504.119355: 621219-7ff0cf7b2540: cdpl_compat_master.c:266: in _set_farm_env(): info: exporting DISPLAY as `unix:16066'
1742927504.119360: 621219-7ff0cf7b2540: cdpl_compat_master.c:274: in _set_farm_env(): info: exporting CDPL_HEARTBEAT as `120'
1742927504.119371: 621219-7ff0cf7b2540: cdpl_farm.c:3149: in cdpl_farm_add_withdir(): debug: added `localhost' (capacity: unlimited)
1742927504.119377: 621219-7ff0cf7b2540: cdpl_compat_parse.c:147: in parsefile(): debug: read `/mnt/coe/workspace/ece/ece546-spr25/group8/group8_project/synopsys_custom/pwdp_jobs/saeSession1_default.SimulationSimulation_cdpl.1.621219/host_file', 2 lines
1742927504.119393: 621219-7ff0cf7b2540: cdpl_compat_master.c:2931: in cdplInitMaster(): info: bcast dir is `/mnt/coe/workspace/ece/ece546-spr25/group8/group8_project/synopsys_custom/pwdp_jobs/saeSession1_default.SimulationSimulation_cdpl.1.621219/logs'
1742927504.122867: 621219-7ff0cf7b2540: cdpl_server.c:6433: in cdpl_sv_ctl_master(): info: farm worker timeout set to 300
1742927504.122874: 621219-7ff0cf7b2540: cdpl_server.c:6486: in cdpl_sv_ctl_master(): info: maximum number of task execution attempts set to 1
1742927504.122882: 621219-7ff0cf7b2540: cdpl_server.c:3195: in cdpl_sv_start(): debug: starting server
1742927504.122887: 621219-7ff0cf7b2540: cdpl_ipc.c:3632: in cdpl_ipc_start(): debug: starting IPC server 152.14.98.7:37945
1742927504.123771: 621219-7ff0a4b9b700: cdpl_server_ipc.c:1182: in _sv_ipc_thread(): debug: ready
1742927504.123786: 621219-7ff082ffd700: cdpl_monitor.c:426: in cdpl_mn_init_client(): info: creating client monitor instance
1742927504.123807: 621219-7ff082ffd700: cdpl_ipc.c:3475: in cdpl_ipc_init(): info: requesting IPv4 protocol
1742927504.129449: 621219-7ff082ffd700: cdpl_ipc.c:837: in _selectaddrfamily(): info: selected IPv4 protocol
1742927504.129498: 621219-7ff082ffd700: cdpl_ipc.c:1139: in _set_keepalive(): info: TCP keep alive interval: 300
1742927504.132738: 621219-7ff082ffd700: cdpl_ipc.c:3632: in cdpl_ipc_start(): debug: starting IPC server 152.14.98.7:41115
1742927504.133048: 621219-7ff082ffd700: cdpl_monitor.c:471: in cdpl_mn_init_client(): debug: incoming messages in /tmp/cdpl-monitor-CMPViy
1742927504.133801: 621219-7ff082ffd700: cdpl_monitor.c:533: in cdpl_mn_connect(): debug: connecting to 152.14.98.7:37945
1742927504.133813: 621219-7ff082ffd700: cdpl_ipc.c:3789: in cdpl_ipc_connect(): info: connecting to 152.14.98.7:37945
1742927504.134019: 621219-7ff082ffd700: cdpl_ipc.c:3860: in cdpl_ipc_connect(): info: connected as `152.14.98.7:51938'
1742927504.134033: 621219-7ff082ffd700: cdpl_ipc.c:2503: in cdpl_ipc_host_accept(): debug: accepted host `152.14.98.7:37945'
1742927504.134041: 621219-7ff082ffd700: cdpl_monitor.c:579: in cdpl_mn_connect(): debug: ok
1742927504.134064: 621219-7ff093fff700: cdpl_ipc.c:1862: in _epoll_accept(): debug: new connection from `152.14.98.7:51938'
1742927504.134097: 621219-7ff0cf7b2540: cdpl_server.c:731: in cdpl_sv_new_job(): info: new job J1 in M1
1742927504.134120: 621219-7ff0cf7b2540: cdpl_compat_master.c:1581: in _add_worker(): info: new worker type 10, min:1, max:3, cmd:`/mnt/coe/workspace/ece/ece546-spr25/group8/group8_project/synopsys_custom/pwdp_jobs/saeSession1_default.SimulationSimulation_cdpl.1.621219/START_WORKER pw_worker -i /mnt/coe/workspace/ece/ece546-spr25/group8/group8_p
1742927504.134125: 621219-7ff0a4b9b700: cdpl_server_ipc.c:1225: in _sv_ipc_thread(): debug: received ACCEPT notification
1742927504.134141: 621219-7ff0cf7b2540: cdpl_server.c:908: in cdpl_sv_new_bin_withfarm(): info: new bin B1 in J1
1742927504.134147: 621219-7ff0a4b9b700: cdpl_ipc.c:2503: in cdpl_ipc_host_accept(): debug: accepted host `152.14.98.7:51938'
1742927504.134166: 621219-7ff0a4b9b700: cdpl_server_ipc.c:1256: in _sv_ipc_thread(): debug: received MONITOR message
1742927504.134392: 621219-7ff0a4b9b700: cdpl_monitor.c:1207: in cdpl_mn_accept(): debug: accepted monitor `152.14.98.7:51938'
1742927504.134399: 621219-7ff0a4b9b700: cdpl_server_ipc_mon.c:120: in _globalLOCK(): debug: ENTERTING GLOBAL LOCK
1742927504.134404: 621219-7ff0a4b9b700: cdpl_server_ipc_mon.c:164: in _globalLOCK(): debug: global lock acquired
1742927504.135068: 621219-7ff091ffb700: cdpl_monitor.c:910: in mn_systat(): debug: started
1742927504.135460: 621219-7ff091ffb700: cdpl_monitor.c:937: in mn_systat(): debug: monitor server flush rate: 5
1742927504.222103: 621219-7ff0a4b9b700: cdpl_server_ipc_mon.c:210: in _globalUNLOCK(): debug: LEAVING GLOBAL LOCK
1742927504.335428: 621219-7ff0cf7b2540: cdpl_server.c:3249: in cdpl_sv_start_job(): info: starting job J1
1742927504.335465: 621219-7ff0cf7b2540: cdpl_server.c:62: in _sv_start_bin(): debug: starting bin B1 (min: 0, max: 3)
1742927504.336116: 621219-7ff0cf7b2540: cdpl_server.c:1893: in _sv_gen_task(): info: new task T0 in B1 (prio 0)
1742927504.336131: 621219-7ff083fff700: cdpl_server_sched.c:2482: in _sv_scheduler_thread(): debug: scheduler for bin B1 started
1742927504.336152: 621219-7ff0cf7b2540: cdpl_server.c:2698: in cdpl_sv_label_task_va(): info: setting task T0 label to "HSPICE_2|HSPICE"
1742927504.336172: 621219-7ff083fff700: cdpl_server_sched.c:2443: in _scheduler_run(): debug: will start a new worker
1742927504.336199: 621219-7ff083fff700: cdpl_farm.c:3977: in cdpl_farm_submit(): debug: 1 running processes
1742927504.336204: 621219-7ff083fff700: cdpl_farm.c:3985: in cdpl_farm_submit(): debug: new command C1 in bin B1 assigned to host `localhost'
1742927504.336321: 621219-7ff083fff700: cdpl_server_sched.c:705: in _sv_launch_worker(): info: started worker W1 (as C1) in bin B1
1742927504.336368: 621219-7ff0837fe700: cdpl_farm.c:2139: in _schedule(): debug: started
1742927504.336381: 621219-7ff0837fe700: cdpl_farm.c:2303: in _schedule(): debug: submitting command C1 in bin B1
1742927504.336390: 621219-7ff0837fe700: cdpl_sh.c:49: in _sh_detached_submit(): info: SH : /mnt/coe/workspace/ece/ece546-spr25/group8/group8_project/synopsys_custom/pwdp_jobs/saeSession1_default.SimulationSimulation_cdpl.1.621219/START_WORKER pw_worker -i /mnt/coe/workspace/ece/ece546-spr25/group8/group8_project/synopsys_custom/pwdp_jobs/saeSession1_default.SimulationSimulation_cdpl.1.621219 -t 10000
1742927504.346786: 621219-7ff0837fe700: cdpl_farm.c:2343: in _schedule(): debug: C1 in bin B1 running on slot 0
1742927504.346823: 621219-7ff0837fe700: cdpl_farm.c:2167: in _schedule(): debug: idle
1742927504.479769: 621219-7ff0cf7b2540: cdpl_compat_master.c:5948: in cdplMasterLogInfo(): info: [non-CDPL log entry] PWDP3: reset pilot cache succeeded, pilot_key=saeSession1,1,default|&/mnt/coe/workspace/ece/ece546-spr25/group8/group8_project/simulation/group8,precharge_logic_tb,schematic/history_1/simulation/default/PrimeSimHSPICE/nominal/results
1742927505.455080: 621219-7ff0917fa700: cdpl_compat_master.c:5948: in cdplMasterLogInfo(): info: [non-CDPL log entry] PWDP - no-workers started ok check start!
1742927506.847677: 621219-7ff093fff700: cdpl_ipc.c:1862: in _epoll_accept(): debug: new connection from `152.14.98.7:51942'
1742927506.847746: 621219-7ff0a4b9b700: cdpl_server_ipc.c:1225: in _sv_ipc_thread(): debug: received ACCEPT notification
1742927506.847767: 621219-7ff0a4b9b700: cdpl_ipc.c:2503: in cdpl_ipc_host_accept(): debug: accepted host `152.14.98.7:51942'
1742927506.848039: 621219-7ff0a4b9b700: cdpl_server_ipc.c:1246: in _sv_ipc_thread(): debug: received HELLO message
1742927506.848046: 621219-7ff0a4b9b700: cdpl_server_ipc.c:430: in _sv_on_hello(): debug: looking up W1
1742927506.848050: 621219-7ff0a4b9b700: cdpl_server_ipc.c:540: in _sv_on_hello(): info: W1 is `152.14.98.7:51942'
1742927506.848054: 621219-7ff0a4b9b700: cdpl_server_ipc.c:541: in _sv_on_hello(): debug: hello W1 (B1)
1742927506.848058: 621219-7ff0a4b9b700: cdpl_server_ipc.c:542: in _sv_on_hello(): info: W1 log file is /dev/null
1742927506.848076: 621219-7ff0a4b9b700: cdpl_server_ipc.c:602: in _sv_on_hello(): info: up to 1 alive workers in B1
1742927506.848140: 621219-7ff083fff700: cdpl_server_sched.c:960: in _assign(): info: assigning task T0 to worker W1
1742927507.848859: 621219-7ff0a4b9b700: cdpl_server_ipc.c:312: in _sv_on_heartbeat(): debug: received HEARTBEAT from worker W1 at 152.14.98.7:51942
1742927509.202712: 621219-7ff082ffd700: cdpl_monitor.c:533: in cdpl_mn_connect(): debug: connecting to 152.14.98.7:38123
1742927509.202746: 621219-7ff082ffd700: cdpl_ipc.c:3789: in cdpl_ipc_connect(): info: connecting to 152.14.98.7:38123
1742927509.202965: 621219-7ff082ffd700: cdpl_ipc.c:3860: in cdpl_ipc_connect(): info: connected as `152.14.98.7:40224'
1742927509.202984: 621219-7ff082ffd700: cdpl_ipc.c:2503: in cdpl_ipc_host_accept(): debug: accepted host `152.14.98.7:38123'
1742927509.202999: 621219-7ff082ffd700: cdpl_monitor.c:579: in cdpl_mn_connect(): debug: ok
1742927509.823838: 621219-7ff0a4b9b700: cdpl_server_ipc.c:1268: in _sv_ipc_thread(): debug: received RELAY message
1742927509.823859: 621219-7ff0a4b9b700: cdpl_server_ipc.c:713: in _sv_on_relay(): debug: RELAY message from W1, size = 56
1742927509.823864: 621219-7ff0a4b9b700: cdpl_server_ipc.c:715: in _sv_on_relay(): debug: RELAY message from W1, content = 0$624768 hydra11.ece.ncsu.edu 624835 RUNNING 1742927509
1742927523.851774: 621219-7ff0837fe700: cdpl_farm.c:1193: in _onexit(): debug: C1 in bin B1 exited normally on slot 0
1742927523.852981: 621219-7ff0837fe700: cdpl_farm.c:878: in _release_cmd(): debug: freeing command C1 in bin B1
1742927533.797175: 621219-7ff0a4b9b700: cdpl_server_ipc.c:1268: in _sv_ipc_thread(): debug: received RELAY message
1742927533.798365: 621219-7ff0a4b9b700: cdpl_server_ipc.c:713: in _sv_on_relay(): debug: RELAY message from W1, size = 48
1742927533.798378: 621219-7ff0a4b9b700: cdpl_server_ipc.c:715: in _sv_on_relay(): debug: RELAY message from W1, content = WORKERDU|1187,dc2isi00nfs.oit.ncsu.edu:/coe_nfs
1742927533.798462: 621219-7ff0a4b9b700: cdpl_server_ipc.c:1268: in _sv_ipc_thread(): debug: received RELAY message
1742927533.798467: 621219-7ff0a4b9b700: cdpl_server_ipc.c:713: in _sv_on_relay(): debug: RELAY message from W1, size = 200
1742927533.798471: 621219-7ff0a4b9b700: cdpl_server_ipc.c:715: in _sv_on_relay(): debug: RELAY message from W1, content = REQPILOT|saeSession1,1,default|&/mnt/coe/workspace/ece/ece546-spr25/group8/group8_project/simulation/group8,precharge_logic_tb,schematic/history_1/simulation/default/PrimeSimHSPICE/nominal/results|&0
1742927533.798504: 621219-7ff0927fc700: cdpl_compat_master.c:5948: in cdplMasterLogInfo(): info: [non-CDPL log entry] PWDP send back 'DOPILOT' to worker id:1 key: saeSession1,1,default|&/mnt/coe/workspace/ece/ece546-spr25/group8/group8_project/simulation/group8,precharge_logic_tb,schematic/history_1/simulation/default/PrimeSimHSPICE/nominal/results
1742927533.803954: 621219-7ff0927fc700: cdpl_compat_master.c:5948: in cdplMasterLogInfo(): info: [non-CDPL log entry] PWDP: set pilot doing!
1742927533.814654: 621219-7ff0a4b9b700: cdpl_server_ipc.c:1268: in _sv_ipc_thread(): debug: received RELAY message
1742927533.814667: 621219-7ff0a4b9b700: cdpl_server_ipc.c:713: in _sv_on_relay(): debug: RELAY message from W1, size = 196
1742927533.814672: 621219-7ff0a4b9b700: cdpl_server_ipc.c:715: in _sv_on_relay(): debug: RELAY message from W1, content = PILOTOK|saeSession1,1,default|&/mnt/coe/workspace/ece/ece546-spr25/group8/group8_project/simulation/group8,precharge_logic_tb,schematic/history_1/simulation/default/PrimeSimHSPICE/nominal/results
1742927533.814718: 621219-7ff0927fc700: cdpl_compat_master.c:5948: in cdplMasterLogInfo(): info: [non-CDPL log entry] PWDP: set pilot done!
1742927533.814850: 621219-7ff0a4b9b700: cdpl_server_ipc.c:1268: in _sv_ipc_thread(): debug: received RELAY message
1742927533.814855: 621219-7ff0a4b9b700: cdpl_server_ipc.c:713: in _sv_on_relay(): debug: RELAY message from W1, size = 18
1742927533.814859: 621219-7ff0a4b9b700: cdpl_server_ipc.c:715: in _sv_on_relay(): debug: RELAY message from W1, content = 0$- - - MEASDOING
1742927536.481084: 621219-7ff0a4b9b700: cdpl_server_ipc.c:1268: in _sv_ipc_thread(): debug: received RELAY message
1742927536.481105: 621219-7ff0a4b9b700: cdpl_server_ipc.c:713: in _sv_on_relay(): debug: RELAY message from W1, size = 68
1742927536.481111: 621219-7ff0a4b9b700: cdpl_server_ipc.c:715: in _sv_on_relay(): debug: RELAY message from W1, content = 0$624768 hydra11.ece.ncsu.edu 624835 FINISHED 1742927509|1742927536
1742927536.495908: 621219-7ff0a4b9b700: cdpl_server_ipc.c:1268: in _sv_ipc_thread(): debug: received RELAY message
1742927536.495922: 621219-7ff0a4b9b700: cdpl_server_ipc.c:713: in _sv_on_relay(): debug: RELAY message from W1, size = 198
1742927536.495927: 621219-7ff0a4b9b700: cdpl_server_ipc.c:715: in _sv_on_relay(): debug: RELAY message from W1, content = PILOTDONE|saeSession1,1,default|&/mnt/coe/workspace/ece/ece546-spr25/group8/group8_project/simulation/group8,precharge_logic_tb,schematic/history_1/simulation/default/PrimeSimHSPICE/nominal/results
1742927536.495961: 621219-7ff0927fc700: cdpl_compat_master.c:5948: in cdplMasterLogInfo(): info: [non-CDPL log entry] saeSession1,1,default|&/mnt/coe/workspace/ece/ece546-spr25/group8/group8_project/simulation/group8,precharge_logic_tb,schematic/history_1/simulation/default/PrimeSimHSPICE/nominal/results PILOTDONE!
1742927536.510905: 621219-7ff0a4b9b700: cdpl_server_ipc.c:1251: in _sv_ipc_thread(): debug: received FINISH message
1742927536.510919: 621219-7ff0a4b9b700: cdpl_server_ipc.c:983: in _sv_on_finish(): info: worker W1 completed task T0
1742927536.510923: 621219-7ff0a4b9b700: cdpl_server_ipc.c:988: in _sv_on_finish(): debug: stat T0: utime=15858 stime=2606
1742927536.510928: 621219-7ff0a4b9b700: cdpl_server_ipc.c:993: in _sv_on_finish(): debug: statm T0: vsize=2866868 rss=1062244 shared=517968 text=474784 data=732124
1742927536.536736: 621219-7ff0a4b9b700: cdpl_server_ipc.c:1268: in _sv_ipc_thread(): debug: received RELAY message
1742927536.536754: 621219-7ff0a4b9b700: cdpl_server_ipc.c:713: in _sv_on_relay(): debug: RELAY message from W1, size = 47
1742927536.536761: 621219-7ff0a4b9b700: cdpl_server_ipc.c:715: in _sv_on_relay(): debug: RELAY message from W1, content = WORKERDU|108,dc2isi00nfs.oit.ncsu.edu:/coe_nfs
1742927536.538970: 621219-7ff0cf7b2540: cdpl_server.c:227: in _sv_free_task_safe(): debug: freeing task T0
1742927542.260455: 621219-7ff0cf7b2540: cdpl_server.c:3008: in cdpl_sv_halt_job_errno(): info: killing job J1
1742927542.261913: 621219-7ff0cf7b2540: cdpl_server.c:3044: in cdpl_sv_halt_job_errno(): debug: signal bin B1 scheduler to stop
1742927542.261986: 621219-7ff083fff700: cdpl_server_sched.c:2484: in _sv_scheduler_thread(): debug: scheduler for bin B1 stopped
1742927542.262003: 621219-7ff083fff700: cdpl_ipc.c:1657: in _host_drop__UNSAFE(): debug: dropping host `152.14.98.7:51942'
1742927542.262060: 621219-7ff083fff700: cdpl_server_sched.c:2830: in _sv_drop_worker(): info: down to 0 alive workers in B1
1742927542.262067: 621219-7ff083fff700: cdpl_farm.c:4152: in cdpl_farm_dismiss(): debug: down to 0 running processes
1742927542.262075: 621219-7ff0a4b9b700: cdpl_server_ipc.c:1236: in _sv_ipc_thread(): debug: received DROP notification
1742927542.262089: 621219-7ff083fff700: cdpl_server_sched.c:121: in _free_worker_2(): debug: freeing worker W1
1742927542.262094: 621219-7ff083fff700: cdpl_ipc.c:2513: in cdpl_ipc_host_release(): debug: releasing host `152.14.98.7:51942'
1742927542.262098: 621219-7ff083fff700: cdpl_ipc.c:2529: in cdpl_ipc_host_release(): debug: scheduling for immediate release
1742927542.262109: 621219-7ff0cf7b2540: cdpl_server.c:294: in _sv_free_job(): info: freeing job J1
1742927542.262114: 621219-7ff0cf7b2540: cdpl_server.c:92: in _sv_free_bin(): debug: freeing bin B1
1742927542.262125: 621219-7ff0cf7b2540: cdpl_monitor.c:515: in cdpl_mn_kill(): info: killing monitor
1742927542.262137: 621219-7ff0cf7b2540: cdpl_ipc.c:3677: in cdpl_ipc_kill(): debug: stopping event server
1742927542.262157: 621219-7ff0937fe700: cdpl_ipc.c:2460: in _epoll_main(): debug: server going down...
1742927542.262199: 621219-7ff093fff700: cdpl_ipc.c:775: in _readv(): warning: read(): EOF
1742927542.262233: 621219-7ff093fff700: cdpl_ipc.c:2100: in _epoll_recv(): debug: _readv(): Broken pipe
1742927542.262239: 621219-7ff093fff700: cdpl_ipc.c:2424: in _epoll_main(): debug: _epoll_recv(): Broken pipe
1742927542.262245: 621219-7ff093fff700: cdpl_ipc.c:1657: in _host_drop__UNSAFE(): debug: dropping host `152.14.98.7:51938'
1742927542.262311: 621219-7ff093fff700: cdpl_ipc.c:1582: in _host_free__UNSAFE(): debug: freeing host `152.14.98.7:51942'
1742927542.262318: 621219-7ff093fff700: cdpl_ipc.c:1621: in _host_free__UNSAFE(): debug: [0 outq, 0 spR, 0 spW]
1742927542.262327: 621219-7ff0a4b9b700: cdpl_server_ipc.c:1236: in _sv_ipc_thread(): debug: received DROP notification
1742927542.262345: 621219-7ff0a4b9b700: cdpl_monitor.c:1269: in cdpl_mn_drop(): debug: detaching from monitor `152.14.98.7:51938'
1742927542.262352: 621219-7ff0a4b9b700: cdpl_monitor.c:1101: in mn_systat_stop(): debug: joining systat thread
1742927542.262411: 621219-7ff091ffb700: cdpl_monitor.c:1079: in mn_systat(): debug: exiting
1742927542.262440: 621219-7ff0a4b9b700: cdpl_monitor.c:1103: in mn_systat_stop(): debug: systat thread done
1742927542.262445: 621219-7ff0a4b9b700: cdpl_ipc.c:2513: in cdpl_ipc_host_release(): debug: releasing host `152.14.98.7:51938'
1742927542.262529: 621219-7ff082ffd700: cdpl_ipc.c:3728: in cdpl_ipc_free(): debug: releasing IPC handle
1742927542.262542: 621219-7ff082ffd700: cdpl_ipc.c:1582: in _host_free__UNSAFE(): debug: freeing host `152.14.98.7:38123'
1742927542.262547: 621219-7ff082ffd700: cdpl_ipc.c:1621: in _host_free__UNSAFE(): debug: [0 outq, 0 spR, 0 spW]
1742927542.262565: 621219-7ff082ffd700: cdpl_ipc.c:1582: in _host_free__UNSAFE(): debug: freeing host `152.14.98.7:37945'
1742927542.262569: 621219-7ff082ffd700: cdpl_ipc.c:1621: in _host_free__UNSAFE(): debug: [0 outq, 0 spR, 0 spW]
1742927542.262579: 621219-7ff082ffd700: cdpl_ipc.c:3756: in cdpl_ipc_free(): warning: 2 host(s) were not released
1742927542.262590: 621219-7ff082ffd700: cdpl_ipc.c:3767: in cdpl_ipc_free(): debug: done
1742927542.262594: 621219-7ff082ffd700: cdpl_monitor.c:1390: in cdpl_mn_free(): debug: freeing monitor client
1742927542.262706: 621219-7ff0cf7b2540: cdpl_farm.c:2740: in cdpl_farm_free(): info: freeing farm
1742927542.262735: 621219-7ff0837fe700: cdpl_farm.c:2231: in _schedule(): debug: end of idling
1742927542.262743: 621219-7ff0837fe700: cdpl_farm.c:2235: in _schedule(): debug: dying
1742927542.262801: 621219-7ff0cf7b2540: cdpl_farm.c:913: in _killall(): debug: killing all remaining commands
1742927542.262809: 621219-7ff0cf7b2540: cdpl_server.c:3144: in cdpl_sv_free(): info: freeing server S1431783159
1742927542.262814: 621219-7ff0cf7b2540: cdpl_server.c:3109: in cdpl_sv_kill_errno(): info: killing server
1742927542.262818: 621219-7ff0cf7b2540: cdpl_ipc.c:3677: in cdpl_ipc_kill(): debug: stopping event server
1742927542.262830: 621219-7ff093fff700: cdpl_ipc.c:2460: in _epoll_main(): debug: server going down...
1742927542.262839: 621219-7ff0a4b9b700: cdpl_server_ipc.c:1200: in _sv_ipc_thread(): debug: leaving now
1742927542.262853: 621219-7ff0cf7b2540: cdpl_server.c:334: in _sv_free_master(): info: freeing master M1
1742927542.262857: 621219-7ff0cf7b2540: cdpl_hash.c:68: in cdpl_h_destroy(): debug: put operations: 1
1742927542.262861: 621219-7ff0cf7b2540: cdpl_hash.c:69: in cdpl_h_destroy(): debug: put collisions: 0
1742927542.262864: 621219-7ff0cf7b2540: cdpl_hash.c:70: in cdpl_h_destroy(): debug: get operations: 1
1742927542.262868: 621219-7ff0cf7b2540: cdpl_hash.c:71: in cdpl_h_destroy(): debug: get iterations: 1
1742927542.262876: 621219-7ff0cf7b2540: cdpl_monitor.c:1390: in cdpl_mn_free(): debug: freeing monitor server
1742927542.262881: 621219-7ff0cf7b2540: cdpl_ipc.c:3728: in cdpl_ipc_free(): debug: releasing IPC handle
1742927542.262885: 621219-7ff0cf7b2540: cdpl_ipc.c:1582: in _host_free__UNSAFE(): debug: freeing host `152.14.98.7:51938'
1742927542.262889: 621219-7ff0cf7b2540: cdpl_ipc.c:1621: in _host_free__UNSAFE(): debug: [0 outq, 0 spR, 0 spW]
1742927542.262909: 621219-7ff0cf7b2540: cdpl_ipc.c:3767: in cdpl_ipc_free(): debug: done
1742927542.262914: 621219-7ff0cf7b2540: cdpl_log.c:481: in cdpl_log_close(): info: @@end_of_log@@
