1743983517.200564: 142627-7f7866453540: cdpl_log.c:337: in cdpl_log_open(): info: @@start_of_log@@
1743983517.200582: 142627-7f7866453540: cdpl_log.c:1058: in cdpl_log_dump_sysinfo(): info: time: 2025/04/06 19:51:57 EDT -0400
1743983517.200584: 142627-7f7866453540: cdpl_log.c:1060: in cdpl_log_dump_sysinfo(): info: version: W-2024.09-SP1-2 
1743983517.200585: 142627-7f7866453540: cdpl_log.c:1062: in cdpl_log_dump_sysinfo(): info: system: Linux 4.18.0-553.47.1.el8_10.x86_64 #1 SMP Thu Mar 20 10:01:53 EDT 2025
1743983517.200586: 142627-7f7866453540: cdpl_log.c:1067: in cdpl_log_dump_sysinfo(): info: processor: x86_64 64-bits
1743983517.200587: 142627-7f7866453540: cdpl_log.c:1071: in cdpl_log_dump_sysinfo(): info: hostname: lib-41922.eos.ncsu.edu
1743983517.200588: 142627-7f7866453540: cdpl_log.c:1073: in cdpl_log_dump_sysinfo(): info: program name: custom_shell
1743983517.200589: 142627-7f7866453540: cdpl_log.c:340: in cdpl_log_open(): debug: path: /mnt/coe/workspace/ece/ece546-spr25/group8/group8_project/synopsys_custom/pwdp_jobs/saeSession0_default.SimulationSimulation_cdpl.2.142627/logs/master.lib-41922.eos.ncsu.edu.142627.log
1743983517.200590: 142627-7f7866453540: cdpl_log.c:341: in cdpl_log_open(): debug: dir: /mnt/coe/workspace/ece/ece546-spr25/group8/group8_project/synopsys_custom/pwdp_jobs/saeSession0_default.SimulationSimulation_cdpl.2.142627/logs
1743983517.200595: 142627-7f7866453540: cdpl_server.c:536: in cdpl_sv_init(): info: new server S2069685873
1743983517.200598: 142627-7f7866453540: cdpl_ipc.c:3475: in cdpl_ipc_init(): info: requesting IPv4 protocol
1743983517.206385: 142627-7f7866453540: cdpl_ipc.c:837: in _selectaddrfamily(): info: selected IPv4 protocol
1743983517.206400: 142627-7f7866453540: cdpl_ipc.c:1139: in _set_keepalive(): info: TCP keep alive interval: 300
1743983517.211167: 142627-7f7866453540: cdpl_monitor.c:1117: in cdpl_mn_new_server(): info: creating server monitor instance
1743983517.211182: 142627-7f7866453540: cdpl_server.c:650: in cdpl_sv_new_master(): info: new master M1
1743983517.211188: 142627-7f7866453540: cdpl_server.c:6533: in cdpl_sv_ctl_master(): info: Setting worker heartbeat to 120 seconds
1743983517.211189: 142627-7f7866453540: cdpl_server.c:6542: in cdpl_sv_ctl_master(): info: Setting worker heartbeat timeout to 3 heartbeats
1743983517.211191: 142627-7f7866453540: cdpl_compat_master.c:2090: in _parse_hostfile(): info: reading hostfile `/mnt/coe/workspace/ece/ece546-spr25/group8/group8_project/synopsys_custom/pwdp_jobs/saeSession0_default.SimulationSimulation_cdpl.2.142627/host_file'
1743983517.220753: 142627-7f7866453540: cdpl_compat_master.c:1900: in _hostfile_parser(): debug: parsing "1     |localhost|   -1  | /tmp | SH | sh"
1743983517.220768: 142627-7f7866453540: cdpl_farm.c:2578: in cdpl_farm_new_sh(): info: creating SH farm on localhost
1743983517.220773: 142627-7f7866453540: cdpl_compat_master.c:206: in _set_farm_env(): info: exporting CDPL_LOGDIR as `/mnt/coe/workspace/ece/ece546-spr25/group8/group8_project/synopsys_custom/pwdp_jobs/saeSession0_default.SimulationSimulation_cdpl.2.142627/logs'
1743983517.220774: 142627-7f7866453540: cdpl_compat_master.c:212: in _set_farm_env(): info: exporting CDPL_TMPDIR as `/tmp'
1743983517.220776: 142627-7f7866453540: cdpl_compat_master.c:219: in _set_farm_env(): info: exporting CDPL_HOME as `/mnt/apps/public/COE/synopsys_apps/hspice/W-2024.09-SP1/hspice/cdpl'
1743983517.220778: 142627-7f7866453540: cdpl_compat_master.c:235: in _set_farm_env(): info: exporting SNPSLMD_LICENSE_FILE as `27000@ece-lic-35.ece.ncsu.edu'
1743983517.220779: 142627-7f7866453540: cdpl_compat_master.c:259: in _set_farm_env(): info: exporting CDPL_OPTIONS as `[nowlogs]'
1743983517.220780: 142627-7f7866453540: cdpl_compat_master.c:266: in _set_farm_env(): info: exporting DISPLAY as `unix:20449'
1743983517.220781: 142627-7f7866453540: cdpl_compat_master.c:274: in _set_farm_env(): info: exporting CDPL_HEARTBEAT as `120'
1743983517.220784: 142627-7f7866453540: cdpl_farm.c:3149: in cdpl_farm_add_withdir(): debug: added `localhost' (capacity: unlimited)
1743983517.220785: 142627-7f7866453540: cdpl_compat_parse.c:147: in parsefile(): debug: read `/mnt/coe/workspace/ece/ece546-spr25/group8/group8_project/synopsys_custom/pwdp_jobs/saeSession0_default.SimulationSimulation_cdpl.2.142627/host_file', 2 lines
1743983517.220793: 142627-7f7866453540: cdpl_compat_master.c:2931: in cdplInitMaster(): info: bcast dir is `/mnt/coe/workspace/ece/ece546-spr25/group8/group8_project/synopsys_custom/pwdp_jobs/saeSession0_default.SimulationSimulation_cdpl.2.142627/logs'
1743983517.227654: 142627-7f7866453540: cdpl_server.c:6433: in cdpl_sv_ctl_master(): info: farm worker timeout set to 300
1743983517.227659: 142627-7f7866453540: cdpl_server.c:6486: in cdpl_sv_ctl_master(): info: maximum number of task execution attempts set to 1
1743983517.227673: 142627-7f7866453540: cdpl_server.c:3195: in cdpl_sv_start(): debug: starting server
1743983517.227674: 142627-7f7866453540: cdpl_ipc.c:3632: in cdpl_ipc_start(): debug: starting IPC server 152.14.142.25:38323
1743983517.227814: 142627-7f77d9ffb700: cdpl_server_ipc.c:1182: in _sv_ipc_thread(): debug: ready
1743983517.227870: 142627-7f77d97fa700: cdpl_monitor.c:426: in cdpl_mn_init_client(): info: creating client monitor instance
1743983517.227879: 142627-7f77d97fa700: cdpl_ipc.c:3475: in cdpl_ipc_init(): info: requesting IPv4 protocol
1743983517.232533: 142627-7f77d97fa700: cdpl_ipc.c:837: in _selectaddrfamily(): info: selected IPv4 protocol
1743983517.232567: 142627-7f77d97fa700: cdpl_ipc.c:1139: in _set_keepalive(): info: TCP keep alive interval: 300
1743983517.235825: 142627-7f77d97fa700: cdpl_ipc.c:3632: in cdpl_ipc_start(): debug: starting IPC server 152.14.142.25:37907
1743983517.235933: 142627-7f77d97fa700: cdpl_monitor.c:471: in cdpl_mn_init_client(): debug: incoming messages in /tmp/cdpl-monitor-0kulka
1743983517.236075: 142627-7f77d97fa700: cdpl_monitor.c:533: in cdpl_mn_connect(): debug: connecting to 152.14.142.25:38323
1743983517.236078: 142627-7f77d97fa700: cdpl_ipc.c:3789: in cdpl_ipc_connect(): info: connecting to 152.14.142.25:38323
1743983517.236161: 142627-7f77d97fa700: cdpl_ipc.c:3860: in cdpl_ipc_connect(): info: connected as `152.14.142.25:41074'
1743983517.236165: 142627-7f77d97fa700: cdpl_ipc.c:2503: in cdpl_ipc_host_accept(): debug: accepted host `152.14.142.25:38323'
1743983517.236167: 142627-7f77d97fa700: cdpl_monitor.c:579: in cdpl_mn_connect(): debug: ok
1743983517.236197: 142627-7f77da7fc700: cdpl_ipc.c:1862: in _epoll_accept(): debug: new connection from `152.14.142.25:41074'
1743983517.236205: 142627-7f7866453540: cdpl_server.c:731: in cdpl_sv_new_job(): info: new job J1 in M1
1743983517.236220: 142627-7f7866453540: cdpl_compat_master.c:1581: in _add_worker(): info: new worker type 10, min:1, max:3, cmd:`/mnt/coe/workspace/ece/ece546-spr25/group8/group8_project/synopsys_custom/pwdp_jobs/saeSession0_default.SimulationSimulation_cdpl.2.142627/START_WORKER pw_worker -i /mnt/coe/workspace/ece/ece546-spr25/group8/group8_p
1743983517.236225: 142627-7f7866453540: cdpl_server.c:908: in cdpl_sv_new_bin_withfarm(): info: new bin B1 in J1
1743983517.236262: 142627-7f77d9ffb700: cdpl_server_ipc.c:1225: in _sv_ipc_thread(): debug: received ACCEPT notification
1743983517.236270: 142627-7f77d9ffb700: cdpl_ipc.c:2503: in cdpl_ipc_host_accept(): debug: accepted host `152.14.142.25:41074'
1743983517.236276: 142627-7f77d9ffb700: cdpl_server_ipc.c:1256: in _sv_ipc_thread(): debug: received MONITOR message
1743983517.236389: 142627-7f77d9ffb700: cdpl_monitor.c:1207: in cdpl_mn_accept(): debug: accepted monitor `152.14.142.25:41074'
1743983517.236392: 142627-7f77baffd700: cdpl_monitor.c:910: in mn_systat(): debug: started
1743983517.236396: 142627-7f77d9ffb700: cdpl_server_ipc_mon.c:120: in _globalLOCK(): debug: ENTERTING GLOBAL LOCK
1743983517.236398: 142627-7f77d9ffb700: cdpl_server_ipc_mon.c:164: in _globalLOCK(): debug: global lock acquired
1743983517.236538: 142627-7f77baffd700: cdpl_monitor.c:937: in mn_systat(): debug: monitor server flush rate: 5
1743983517.268886: 142627-7f77d9ffb700: cdpl_server_ipc_mon.c:210: in _globalUNLOCK(): debug: LEAVING GLOBAL LOCK
1743983517.561106: 142627-7f7866453540: cdpl_server.c:3249: in cdpl_sv_start_job(): info: starting job J1
1743983517.561120: 142627-7f7866453540: cdpl_server.c:62: in _sv_start_bin(): debug: starting bin B1 (min: 0, max: 3)
1743983517.561177: 142627-7f7866453540: cdpl_server.c:1893: in _sv_gen_task(): info: new task T0 in B1 (prio 0)
1743983517.561180: 142627-7f77b97fa700: cdpl_server_sched.c:2482: in _sv_scheduler_thread(): debug: scheduler for bin B1 started
1743983517.561187: 142627-7f7866453540: cdpl_server.c:2698: in cdpl_sv_label_task_va(): info: setting task T0 label to "HSPICE_3|HSPICE"
1743983517.561193: 142627-7f77b97fa700: cdpl_server_sched.c:2443: in _scheduler_run(): debug: will start a new worker
1743983517.561203: 142627-7f77b97fa700: cdpl_farm.c:3977: in cdpl_farm_submit(): debug: 1 running processes
1743983517.561205: 142627-7f77b97fa700: cdpl_farm.c:3985: in cdpl_farm_submit(): debug: new command C1 in bin B1 assigned to host `localhost'
1743983517.561239: 142627-7f77b97fa700: cdpl_server_sched.c:705: in _sv_launch_worker(): info: started worker W1 (as C1) in bin B1
1743983517.561288: 142627-7f77b8ff9700: cdpl_farm.c:2139: in _schedule(): debug: started
1743983517.561294: 142627-7f77b8ff9700: cdpl_farm.c:2303: in _schedule(): debug: submitting command C1 in bin B1
1743983517.561297: 142627-7f77b8ff9700: cdpl_sh.c:49: in _sh_detached_submit(): info: SH : /mnt/coe/workspace/ece/ece546-spr25/group8/group8_project/synopsys_custom/pwdp_jobs/saeSession0_default.SimulationSimulation_cdpl.2.142627/START_WORKER pw_worker -i /mnt/coe/workspace/ece/ece546-spr25/group8/group8_project/synopsys_custom/pwdp_jobs/saeSession0_default.SimulationSimulation_cdpl.2.142627 -t 10000
1743983517.564810: 142627-7f77b8ff9700: cdpl_farm.c:2343: in _schedule(): debug: C1 in bin B1 running on slot 0
1743983517.564821: 142627-7f77b8ff9700: cdpl_farm.c:2167: in _schedule(): debug: idle
1743983517.826199: 142627-7f7866453540: cdpl_compat_master.c:5948: in cdplMasterLogInfo(): info: [non-CDPL log entry] PWDP3: reset pilot cache succeeded, pilot_key=saeSession0,1,default|&/mnt/coe/workspace/ece/ece546-spr25/group8/group8_project/simulation/group8,tb2025,schematic/history_1/simulation/default/PrimeSimHSPICE/nominal/results
1743983517.864888: 142627-7f77b8ff9700: cdpl_farm.c:1193: in _onexit(): debug: C1 in bin B1 exited normally on slot 0
1743983518.531945: 142627-7f77ba7fc700: cdpl_compat_master.c:5948: in cdplMasterLogInfo(): info: [non-CDPL log entry] PWDP - no-workers started ok check start!
1743983519.638563: 142627-7f77da7fc700: cdpl_ipc.c:1862: in _epoll_accept(): debug: new connection from `152.14.142.25:41080'
1743983519.638585: 142627-7f77d9ffb700: cdpl_server_ipc.c:1225: in _sv_ipc_thread(): debug: received ACCEPT notification
1743983519.638593: 142627-7f77d9ffb700: cdpl_ipc.c:2503: in cdpl_ipc_host_accept(): debug: accepted host `152.14.142.25:41080'
1743983519.638651: 142627-7f77d9ffb700: cdpl_server_ipc.c:1246: in _sv_ipc_thread(): debug: received HELLO message
1743983519.638652: 142627-7f77d9ffb700: cdpl_server_ipc.c:430: in _sv_on_hello(): debug: looking up W1
1743983519.638666: 142627-7f77d9ffb700: cdpl_server_ipc.c:540: in _sv_on_hello(): info: W1 is `152.14.142.25:41080'
1743983519.638667: 142627-7f77d9ffb700: cdpl_server_ipc.c:541: in _sv_on_hello(): debug: hello W1 (B1)
1743983519.638668: 142627-7f77d9ffb700: cdpl_server_ipc.c:542: in _sv_on_hello(): info: W1 log file is /dev/null
1743983519.638674: 142627-7f77d9ffb700: cdpl_server_ipc.c:602: in _sv_on_hello(): info: up to 1 alive workers in B1
1743983519.638677: 142627-7f77d9ffb700: cdpl_farm.c:878: in _release_cmd(): debug: freeing command C1 in bin B1
1743983519.638683: 142627-7f77b97fa700: cdpl_server_sched.c:960: in _assign(): info: assigning task T0 to worker W1
1743983520.638880: 142627-7f77d9ffb700: cdpl_server_ipc.c:312: in _sv_on_heartbeat(): debug: received HEARTBEAT from worker W1 at 152.14.142.25:41080
1743983522.149659: 142627-7f77d9ffb700: cdpl_server_ipc.c:1268: in _sv_ipc_thread(): debug: received RELAY message
1743983522.149668: 142627-7f77d9ffb700: cdpl_server_ipc.c:713: in _sv_on_relay(): debug: RELAY message from W1, size = 58
1743983522.149673: 142627-7f77d9ffb700: cdpl_server_ipc.c:715: in _sv_on_relay(): debug: RELAY message from W1, content = 0$146887 lib-41922.eos.ncsu.edu 146906 RUNNING 1743983521
1743983522.305095: 142627-7f77d97fa700: cdpl_monitor.c:533: in cdpl_mn_connect(): debug: connecting to 152.14.142.25:42111
1743983522.305101: 142627-7f77d97fa700: cdpl_ipc.c:3789: in cdpl_ipc_connect(): info: connecting to 152.14.142.25:42111
1743983522.305190: 142627-7f77d97fa700: cdpl_ipc.c:3860: in cdpl_ipc_connect(): info: connected as `152.14.142.25:42966'
1743983522.305196: 142627-7f77d97fa700: cdpl_ipc.c:2503: in cdpl_ipc_host_accept(): debug: accepted host `152.14.142.25:42111'
1743983522.305199: 142627-7f77d97fa700: cdpl_monitor.c:579: in cdpl_mn_connect(): debug: ok
1743983540.609675: 142627-7f77d9ffb700: cdpl_server_ipc.c:1268: in _sv_ipc_thread(): debug: received RELAY message
1743983540.612617: 142627-7f77d9ffb700: cdpl_server_ipc.c:713: in _sv_on_relay(): debug: RELAY message from W1, size = 47
1743983540.612620: 142627-7f77d9ffb700: cdpl_server_ipc.c:715: in _sv_on_relay(): debug: RELAY message from W1, content = WORKERDU|976,dc2isi00nfs.oit.ncsu.edu:/coe_nfs
1743983540.612691: 142627-7f77d9ffb700: cdpl_server_ipc.c:1268: in _sv_ipc_thread(): debug: received RELAY message
1743983540.612696: 142627-7f77d9ffb700: cdpl_server_ipc.c:713: in _sv_on_relay(): debug: RELAY message from W1, size = 18
1743983540.612697: 142627-7f77d9ffb700: cdpl_server_ipc.c:715: in _sv_on_relay(): debug: RELAY message from W1, content = 0$- - - MEASDOING
1743983544.031745: 142627-7f77d9ffb700: cdpl_server_ipc.c:1268: in _sv_ipc_thread(): debug: received RELAY message
1743983544.031754: 142627-7f77d9ffb700: cdpl_server_ipc.c:713: in _sv_on_relay(): debug: RELAY message from W1, size = 72
1743983544.031756: 142627-7f77d9ffb700: cdpl_server_ipc.c:715: in _sv_on_relay(): debug: RELAY message from W1, content = 0$146887 lib-41922.eos.ncsu.edu 146906 FAILED 1743983521|1743983544|255
1743983544.031943: 142627-7f77d9ffb700: cdpl_server_ipc.c:1251: in _sv_ipc_thread(): debug: received FINISH message
1743983544.031944: 142627-7f77d9ffb700: cdpl_server_ipc.c:983: in _sv_on_finish(): info: worker W1 completed task T0
1743983544.031945: 142627-7f77d9ffb700: cdpl_server_ipc.c:988: in _sv_on_finish(): debug: stat T0: utime=4888 stime=707
1743983544.031946: 142627-7f77d9ffb700: cdpl_server_ipc.c:993: in _sv_on_finish(): debug: statm T0: vsize=3080672 rss=1064752 shared=518024 text=474784 data=735456
1743983544.060610: 142627-7f77d9ffb700: cdpl_server_ipc.c:1268: in _sv_ipc_thread(): debug: received RELAY message
1743983544.060616: 142627-7f77d9ffb700: cdpl_server_ipc.c:713: in _sv_on_relay(): debug: RELAY message from W1, size = 46
1743983544.060617: 142627-7f77d9ffb700: cdpl_server_ipc.c:715: in _sv_on_relay(): debug: RELAY message from W1, content = WORKERDU|51,dc2isi00nfs.oit.ncsu.edu:/coe_nfs
1743983544.066986: 142627-7f7866453540: cdpl_server.c:1893: in _sv_gen_task(): info: new task T1 in B1 (prio 10)
1743983544.067002: 142627-7f7866453540: cdpl_compat_master.c:5948: in cdplMasterLogInfo(): info: [non-CDPL log entry] PWDP: **info** recreate new task for abnormal failed task T0 of pw job cdpl_id V0 (task details:isReRun==0|simulator==HSPICE|workingDir==/mnt/coe/workspace/ece/ece546-spr25/group8/group8_project|historyName==history_1|stateType==0|nominal==1|testbench==default|uniqueName==saeSession0|resultsDir==/mnt/coe/workspace/ece/ece546-spr25/group8/group8_project/simulation/group8,tb2025,schematic/history_1/simulation/default/PrimeSimHSPICE/nominal/results|historyIndex==1|runMode==new|preRun==0|session==saeSession0|masterResultsDir==/mnt/coe/workspace/ece/ece546-spr25/group8/group8_project/simulation/group8,tb2025,schematic/history_1/simulation/default/PrimeSimHSPICE/nominal/results|diskTestSuiteName==group8,tb2025,schematic|||HSPICE_3 0 152.14.142.25|48319  /mnt/coe/workspace/ece/ece546-spr25/group8/group8_project/simulation/group8,tb2025,schematic/history_1/simulation/default/PrimeSimHSPICE/nominal/netlist/runSimulation  > /mnt/coe/workspace/ece/ece546-spr25/group8/group8_project/simulation/group8,tb2025,schematic/history_1/simulation/default/PrimeSimHSPICE/nominal/results/run.log 2>&1 job return info:146887 lib-41922.eos.ncsu.edu 146906 FAILED 1743983521|1743983544|255) begin ...
1743983544.067010: 142627-7f7866453540: cdpl_server.c:227: in _sv_free_task_safe(): debug: freeing task T0
1743983544.067016: 142627-7f7866453540: cdpl_server.c:2698: in cdpl_sv_label_task_va(): info: setting task T1 label to "HSPICE_3|HSPICE"
1743983544.067021: 142627-7f7866453540: cdpl_compat_master.c:5948: in cdplMasterLogInfo(): info: [non-CDPL log entry] CDPL (PWDP) - recreate new run for abnormal failed task T0 of pw job cdpl_id V0 OK.
1743983544.067051: 142627-7f77b97fa700: cdpl_server_sched.c:960: in _assign(): info: assigning task T1 to worker W1
1743983544.179519: 142627-7f77d9ffb700: cdpl_server_ipc.c:1268: in _sv_ipc_thread(): debug: received RELAY message
1743983544.179528: 142627-7f77d9ffb700: cdpl_server_ipc.c:713: in _sv_on_relay(): debug: RELAY message from W1, size = 69
1743983544.179530: 142627-7f77d9ffb700: cdpl_server_ipc.c:715: in _sv_on_relay(): debug: RELAY message from W1, content = 0$146887 lib-41922.eos.ncsu.edu 147314 RUNNING 1743983521|1743983544
1743983544.880309: 142627-7f77d9ffb700: cdpl_server_ipc.c:1268: in _sv_ipc_thread(): debug: received RELAY message
1743983544.880318: 142627-7f77d9ffb700: cdpl_server_ipc.c:713: in _sv_on_relay(): debug: RELAY message from W1, size = 18
1743983544.880320: 142627-7f77d9ffb700: cdpl_server_ipc.c:715: in _sv_on_relay(): debug: RELAY message from W1, content = 0$- - - MEASDOING
1743983548.254875: 142627-7f77d9ffb700: cdpl_server_ipc.c:1268: in _sv_ipc_thread(): debug: received RELAY message
1743983548.254883: 142627-7f77d9ffb700: cdpl_server_ipc.c:713: in _sv_on_relay(): debug: RELAY message from W1, size = 72
1743983548.254884: 142627-7f77d9ffb700: cdpl_server_ipc.c:715: in _sv_on_relay(): debug: RELAY message from W1, content = 0$146887 lib-41922.eos.ncsu.edu 147314 FAILED 1743983544|1743983548|255
1743983548.254974: 142627-7f77d9ffb700: cdpl_server_ipc.c:1251: in _sv_ipc_thread(): debug: received FINISH message
1743983548.254976: 142627-7f77d9ffb700: cdpl_server_ipc.c:983: in _sv_on_finish(): info: worker W1 completed task T1
1743983548.254977: 142627-7f77d9ffb700: cdpl_server_ipc.c:988: in _sv_on_finish(): debug: stat T1: utime=315 stime=129
1743983548.254978: 142627-7f77d9ffb700: cdpl_server_ipc.c:993: in _sv_on_finish(): debug: statm T1: vsize=3080672 rss=1064752 shared=518024 text=474784 data=735456
1743983548.266929: 142627-7f7866453540: cdpl_compat_master.c:5948: in cdplMasterLogInfo(): info: [non-CDPL log entry] CDPL (PWDP) - abnormal failed rerun overed max count, rerun abort - task T1 of pw job cdpl_id V0.
1743983548.266995: 142627-7f7866453540: cdpl_server.c:227: in _sv_free_task_safe(): debug: freeing task T1
1743983552.280314: 142627-7f7866453540: cdpl_server.c:3008: in cdpl_sv_halt_job_errno(): info: killing job J1
1743983552.280335: 142627-7f7866453540: cdpl_server.c:3044: in cdpl_sv_halt_job_errno(): debug: signal bin B1 scheduler to stop
1743983552.280392: 142627-7f77b97fa700: cdpl_server_sched.c:2484: in _sv_scheduler_thread(): debug: scheduler for bin B1 stopped
1743983552.280423: 142627-7f77b97fa700: cdpl_ipc.c:1657: in _host_drop__UNSAFE(): debug: dropping host `152.14.142.25:41080'
1743983552.280452: 142627-7f77b97fa700: cdpl_server_sched.c:2830: in _sv_drop_worker(): info: down to 0 alive workers in B1
1743983552.280454: 142627-7f77b97fa700: cdpl_farm.c:4152: in cdpl_farm_dismiss(): debug: down to 0 running processes
1743983552.280466: 142627-7f77b97fa700: cdpl_server_sched.c:121: in _free_worker_2(): debug: freeing worker W1
1743983552.280467: 142627-7f77b97fa700: cdpl_ipc.c:2513: in cdpl_ipc_host_release(): debug: releasing host `152.14.142.25:41080'
1743983552.280512: 142627-7f7866453540: cdpl_server.c:294: in _sv_free_job(): info: freeing job J1
1743983552.280521: 142627-7f7866453540: cdpl_server.c:92: in _sv_free_bin(): debug: freeing bin B1
1743983552.280583: 142627-7f7866453540: cdpl_monitor.c:515: in cdpl_mn_kill(): info: killing monitor
1743983552.280586: 142627-7f7866453540: cdpl_ipc.c:3677: in cdpl_ipc_kill(): debug: stopping event server
1743983552.280590: 142627-7f77d9ffb700: cdpl_server_ipc.c:1236: in _sv_ipc_thread(): debug: received DROP notification
1743983552.280652: 142627-7f77d8ff9700: cdpl_ipc.c:2460: in _epoll_main(): debug: server going down...
1743983552.280660: 142627-7f77da7fc700: cdpl_ipc.c:775: in _readv(): warning: read(): EOF
1743983552.280673: 142627-7f77da7fc700: cdpl_ipc.c:2100: in _epoll_recv(): debug: _readv(): Broken pipe
1743983552.280676: 142627-7f77da7fc700: cdpl_ipc.c:2424: in _epoll_main(): debug: _epoll_recv(): Broken pipe
1743983552.280679: 142627-7f77da7fc700: cdpl_ipc.c:1657: in _host_drop__UNSAFE(): debug: dropping host `152.14.142.25:41074'
1743983552.280721: 142627-7f77da7fc700: cdpl_ipc.c:1582: in _host_free__UNSAFE(): debug: freeing host `152.14.142.25:41080'
1743983552.280724: 142627-7f77da7fc700: cdpl_ipc.c:1621: in _host_free__UNSAFE(): debug: [0 outq, 0 spR, 0 spW]
1743983552.280730: 142627-7f77d9ffb700: cdpl_server_ipc.c:1236: in _sv_ipc_thread(): debug: received DROP notification
1743983552.280736: 142627-7f77d9ffb700: cdpl_monitor.c:1269: in cdpl_mn_drop(): debug: detaching from monitor `152.14.142.25:41074'
1743983552.280739: 142627-7f77d9ffb700: cdpl_monitor.c:1101: in mn_systat_stop(): debug: joining systat thread
1743983552.280749: 142627-7f77baffd700: cdpl_monitor.c:1079: in mn_systat(): debug: exiting
1743983552.280753: 142627-7f77d9ffb700: cdpl_monitor.c:1103: in mn_systat_stop(): debug: systat thread done
1743983552.280755: 142627-7f77d9ffb700: cdpl_ipc.c:2513: in cdpl_ipc_host_release(): debug: releasing host `152.14.142.25:41074'
1743983552.280858: 142627-7f77d97fa700: cdpl_ipc.c:3728: in cdpl_ipc_free(): debug: releasing IPC handle
1743983552.280863: 142627-7f77d97fa700: cdpl_ipc.c:1582: in _host_free__UNSAFE(): debug: freeing host `152.14.142.25:42111'
1743983552.280864: 142627-7f77d97fa700: cdpl_ipc.c:1621: in _host_free__UNSAFE(): debug: [0 outq, 0 spR, 0 spW]
1743983552.280875: 142627-7f77d97fa700: cdpl_ipc.c:1582: in _host_free__UNSAFE(): debug: freeing host `152.14.142.25:38323'
1743983552.280876: 142627-7f77d97fa700: cdpl_ipc.c:1621: in _host_free__UNSAFE(): debug: [0 outq, 0 spR, 0 spW]
1743983552.280880: 142627-7f77d97fa700: cdpl_ipc.c:3756: in cdpl_ipc_free(): warning: 2 host(s) were not released
1743983552.280884: 142627-7f77d97fa700: cdpl_ipc.c:3767: in cdpl_ipc_free(): debug: done
1743983552.280885: 142627-7f77d97fa700: cdpl_monitor.c:1390: in cdpl_mn_free(): debug: freeing monitor client
1743983552.280963: 142627-7f7866453540: cdpl_farm.c:2740: in cdpl_farm_free(): info: freeing farm
1743983552.280978: 142627-7f77b8ff9700: cdpl_farm.c:2231: in _schedule(): debug: end of idling
1743983552.280980: 142627-7f77b8ff9700: cdpl_farm.c:2235: in _schedule(): debug: dying
1743983552.281072: 142627-7f7866453540: cdpl_farm.c:913: in _killall(): debug: killing all remaining commands
1743983552.281080: 142627-7f7866453540: cdpl_server.c:3144: in cdpl_sv_free(): info: freeing server S2069685873
1743983552.281082: 142627-7f7866453540: cdpl_server.c:3109: in cdpl_sv_kill_errno(): info: killing server
1743983552.281083: 142627-7f7866453540: cdpl_ipc.c:3677: in cdpl_ipc_kill(): debug: stopping event server
1743983552.281094: 142627-7f77d9ffb700: cdpl_server_ipc.c:1200: in _sv_ipc_thread(): debug: leaving now
1743983552.281098: 142627-7f7866453540: cdpl_server.c:334: in _sv_free_master(): info: freeing master M1
1743983552.281099: 142627-7f7866453540: cdpl_hash.c:68: in cdpl_h_destroy(): debug: put operations: 1
1743983552.281100: 142627-7f7866453540: cdpl_hash.c:69: in cdpl_h_destroy(): debug: put collisions: 0
1743983552.281101: 142627-7f7866453540: cdpl_hash.c:70: in cdpl_h_destroy(): debug: get operations: 0
1743983552.281102: 142627-7f7866453540: cdpl_hash.c:71: in cdpl_h_destroy(): debug: get iterations: 0
1743983552.281104: 142627-7f77da7fc700: cdpl_ipc.c:2460: in _epoll_main(): debug: server going down...
1743983552.281159: 142627-7f7866453540: cdpl_monitor.c:1390: in cdpl_mn_free(): debug: freeing monitor server
1743983552.281167: 142627-7f7866453540: cdpl_ipc.c:3728: in cdpl_ipc_free(): debug: releasing IPC handle
1743983552.281169: 142627-7f7866453540: cdpl_ipc.c:1582: in _host_free__UNSAFE(): debug: freeing host `152.14.142.25:41074'
1743983552.281170: 142627-7f7866453540: cdpl_ipc.c:1621: in _host_free__UNSAFE(): debug: [0 outq, 0 spR, 0 spW]
1743983552.281184: 142627-7f7866453540: cdpl_ipc.c:3767: in cdpl_ipc_free(): debug: done
1743983552.281186: 142627-7f7866453540: cdpl_log.c:481: in cdpl_log_close(): info: @@end_of_log@@
