1744247012.776267: 1094583-7f97a0a12540: cdpl_log.c:337: in cdpl_log_open(): info: @@start_of_log@@
1744247012.776293: 1094583-7f97a0a12540: cdpl_log.c:1058: in cdpl_log_dump_sysinfo(): info: time: 2025/04/09 21:03:32 EDT -0400
1744247012.776298: 1094583-7f97a0a12540: cdpl_log.c:1060: in cdpl_log_dump_sysinfo(): info: version: W-2024.09-SP1-2 
1744247012.776302: 1094583-7f97a0a12540: cdpl_log.c:1062: in cdpl_log_dump_sysinfo(): info: system: Linux 4.18.0-553.46.1.el8_10.x86_64 #1 SMP Sat Mar 15 01:37:33 EDT 2025
1744247012.776306: 1094583-7f97a0a12540: cdpl_log.c:1067: in cdpl_log_dump_sysinfo(): info: processor: x86_64 64-bits
1744247012.776309: 1094583-7f97a0a12540: cdpl_log.c:1071: in cdpl_log_dump_sysinfo(): info: hostname: hydra11.ece.ncsu.edu
1744247012.776312: 1094583-7f97a0a12540: cdpl_log.c:1073: in cdpl_log_dump_sysinfo(): info: program name: custom_shell
1744247012.776317: 1094583-7f97a0a12540: cdpl_log.c:340: in cdpl_log_open(): debug: path: /mnt/coe/workspace/ece/ece546-spr25/group8/group8_project/synopsys_custom/pwdp_jobs/saeSession0_HSPICEdefault.SimulationSimulation_cdpl.1.1094583/logs/master.hydra11.ece.ncsu.edu.1094583.log
1744247012.776321: 1094583-7f97a0a12540: cdpl_log.c:341: in cdpl_log_open(): debug: dir: /mnt/coe/workspace/ece/ece546-spr25/group8/group8_project/synopsys_custom/pwdp_jobs/saeSession0_HSPICEdefault.SimulationSimulation_cdpl.1.1094583/logs
1744247012.776329: 1094583-7f97a0a12540: cdpl_server.c:536: in cdpl_sv_init(): info: new server S1218541134
1744247012.776335: 1094583-7f97a0a12540: cdpl_ipc.c:3475: in cdpl_ipc_init(): info: requesting IPv4 protocol
1744247012.780742: 1094583-7f97a0a12540: cdpl_ipc.c:837: in _selectaddrfamily(): info: selected IPv4 protocol
1744247012.780782: 1094583-7f97a0a12540: cdpl_ipc.c:1139: in _set_keepalive(): info: TCP keep alive interval: 300
1744247012.783399: 1094583-7f97a0a12540: cdpl_monitor.c:1117: in cdpl_mn_new_server(): info: creating server monitor instance
1744247012.783414: 1094583-7f97a0a12540: cdpl_server.c:650: in cdpl_sv_new_master(): info: new master M1
1744247012.783426: 1094583-7f97a0a12540: cdpl_server.c:6533: in cdpl_sv_ctl_master(): info: Setting worker heartbeat to 120 seconds
1744247012.783430: 1094583-7f97a0a12540: cdpl_server.c:6542: in cdpl_sv_ctl_master(): info: Setting worker heartbeat timeout to 3 heartbeats
1744247012.783435: 1094583-7f97a0a12540: cdpl_compat_master.c:2090: in _parse_hostfile(): info: reading hostfile `/mnt/coe/workspace/ece/ece546-spr25/group8/group8_project/synopsys_custom/pwdp_jobs/saeSession0_HSPICEdefault.SimulationSimulation_cdpl.1.1094583/host_file'
1744247012.787794: 1094583-7f97a0a12540: cdpl_compat_master.c:1900: in _hostfile_parser(): debug: parsing "1     |localhost|   -1  | /tmp | SH | sh"
1744247012.787818: 1094583-7f97a0a12540: cdpl_farm.c:2578: in cdpl_farm_new_sh(): info: creating SH farm on localhost
1744247012.787830: 1094583-7f97a0a12540: cdpl_compat_master.c:206: in _set_farm_env(): info: exporting CDPL_LOGDIR as `/mnt/coe/workspace/ece/ece546-spr25/group8/group8_project/synopsys_custom/pwdp_jobs/saeSession0_HSPICEdefault.SimulationSimulation_cdpl.1.1094583/logs'
1744247012.787836: 1094583-7f97a0a12540: cdpl_compat_master.c:212: in _set_farm_env(): info: exporting CDPL_TMPDIR as `/tmp'
1744247012.787842: 1094583-7f97a0a12540: cdpl_compat_master.c:219: in _set_farm_env(): info: exporting CDPL_HOME as `/mnt/apps/public/COE/synopsys_apps/hspice/W-2024.09-SP1/hspice/cdpl'
1744247012.787847: 1094583-7f97a0a12540: cdpl_compat_master.c:235: in _set_farm_env(): info: exporting SNPSLMD_LICENSE_FILE as `27000@ece-lic-35.ece.ncsu.edu'
1744247012.787853: 1094583-7f97a0a12540: cdpl_compat_master.c:259: in _set_farm_env(): info: exporting CDPL_OPTIONS as `[nowlogs]'
1744247012.787858: 1094583-7f97a0a12540: cdpl_compat_master.c:266: in _set_farm_env(): info: exporting DISPLAY as `unix:198'
1744247012.787862: 1094583-7f97a0a12540: cdpl_compat_master.c:274: in _set_farm_env(): info: exporting CDPL_HEARTBEAT as `120'
1744247012.787873: 1094583-7f97a0a12540: cdpl_farm.c:3149: in cdpl_farm_add_withdir(): debug: added `localhost' (capacity: unlimited)
1744247012.787903: 1094583-7f97a0a12540: cdpl_compat_parse.c:147: in parsefile(): debug: read `/mnt/coe/workspace/ece/ece546-spr25/group8/group8_project/synopsys_custom/pwdp_jobs/saeSession0_HSPICEdefault.SimulationSimulation_cdpl.1.1094583/host_file', 2 lines
1744247012.787908: 1094583-7f97a0a12540: cdpl_compat_master.c:2931: in cdplInitMaster(): info: bcast dir is `/mnt/coe/workspace/ece/ece546-spr25/group8/group8_project/synopsys_custom/pwdp_jobs/saeSession0_HSPICEdefault.SimulationSimulation_cdpl.1.1094583/logs'
1744247012.791444: 1094583-7f97a0a12540: cdpl_server.c:6433: in cdpl_sv_ctl_master(): info: farm worker timeout set to 300
1744247012.791451: 1094583-7f97a0a12540: cdpl_server.c:6486: in cdpl_sv_ctl_master(): info: maximum number of task execution attempts set to 1
1744247012.791459: 1094583-7f97a0a12540: cdpl_server.c:3195: in cdpl_sv_start(): debug: starting server
1744247012.791463: 1094583-7f97a0a12540: cdpl_ipc.c:3632: in cdpl_ipc_start(): debug: starting IPC server 152.14.98.7:33147
1744247012.791741: 1094583-7f9771dca700: cdpl_server_ipc.c:1182: in _sv_ipc_thread(): debug: ready
1744247012.791883: 1094583-7f9743fff700: cdpl_monitor.c:426: in cdpl_mn_init_client(): info: creating client monitor instance
1744247012.791900: 1094583-7f9743fff700: cdpl_ipc.c:3475: in cdpl_ipc_init(): info: requesting IPv4 protocol
1744247012.797310: 1094583-7f9743fff700: cdpl_ipc.c:837: in _selectaddrfamily(): info: selected IPv4 protocol
1744247012.797346: 1094583-7f9743fff700: cdpl_ipc.c:1139: in _set_keepalive(): info: TCP keep alive interval: 300
1744247012.800544: 1094583-7f9743fff700: cdpl_ipc.c:3632: in cdpl_ipc_start(): debug: starting IPC server 152.14.98.7:38045
1744247012.800821: 1094583-7f9743fff700: cdpl_monitor.c:471: in cdpl_mn_init_client(): debug: incoming messages in /tmp/cdpl-monitor-5szrQd
1744247012.801428: 1094583-7f9743fff700: cdpl_monitor.c:533: in cdpl_mn_connect(): debug: connecting to 152.14.98.7:33147
1744247012.801435: 1094583-7f9743fff700: cdpl_ipc.c:3789: in cdpl_ipc_connect(): info: connecting to 152.14.98.7:33147
1744247012.801644: 1094583-7f9743fff700: cdpl_ipc.c:3860: in cdpl_ipc_connect(): info: connected as `152.14.98.7:51742'
1744247012.801656: 1094583-7f9743fff700: cdpl_ipc.c:2503: in cdpl_ipc_host_accept(): debug: accepted host `152.14.98.7:33147'
1744247012.801663: 1094583-7f9743fff700: cdpl_monitor.c:579: in cdpl_mn_connect(): debug: ok
1744247012.801695: 1094583-7f97715c9700: cdpl_ipc.c:1862: in _epoll_accept(): debug: new connection from `152.14.98.7:51742'
1744247012.801716: 1094583-7f97a0a12540: cdpl_server.c:731: in cdpl_sv_new_job(): info: new job J1 in M1
1744247012.801739: 1094583-7f97a0a12540: cdpl_compat_master.c:1581: in _add_worker(): info: new worker type 10, min:1, max:3, cmd:`/mnt/coe/workspace/ece/ece546-spr25/group8/group8_project/synopsys_custom/pwdp_jobs/saeSession0_HSPICEdefault.SimulationSimulation_cdpl.1.1094583/START_WORKER pw_worker -i /mnt/coe/workspace/ece/ece546-spr25/group8/g
1744247012.801747: 1094583-7f97a0a12540: cdpl_server.c:908: in cdpl_sv_new_bin_withfarm(): info: new bin B1 in J1
1744247012.801760: 1094583-7f9771dca700: cdpl_server_ipc.c:1225: in _sv_ipc_thread(): debug: received ACCEPT notification
1744247012.801782: 1094583-7f9771dca700: cdpl_ipc.c:2503: in cdpl_ipc_host_accept(): debug: accepted host `152.14.98.7:51742'
1744247012.801803: 1094583-7f9771dca700: cdpl_server_ipc.c:1256: in _sv_ipc_thread(): debug: received MONITOR message
1744247012.802009: 1094583-7f9771dca700: cdpl_monitor.c:1207: in cdpl_mn_accept(): debug: accepted monitor `152.14.98.7:51742'
1744247012.802017: 1094583-7f9771dca700: cdpl_server_ipc_mon.c:120: in _globalLOCK(): debug: ENTERTING GLOBAL LOCK
1744247012.802021: 1094583-7f9771dca700: cdpl_server_ipc_mon.c:164: in _globalLOCK(): debug: global lock acquired
1744247012.802063: 1094583-7f9762ffd700: cdpl_monitor.c:910: in mn_systat(): debug: started
1744247012.802416: 1094583-7f9762ffd700: cdpl_monitor.c:937: in mn_systat(): debug: monitor server flush rate: 5
1744247012.890645: 1094583-7f9771dca700: cdpl_server_ipc_mon.c:210: in _globalUNLOCK(): debug: LEAVING GLOBAL LOCK
1744247013.067968: 1094583-7f97a0a12540: cdpl_server.c:3249: in cdpl_sv_start_job(): info: starting job J1
1744247013.068000: 1094583-7f97a0a12540: cdpl_server.c:62: in _sv_start_bin(): debug: starting bin B1 (min: 0, max: 3)
1744247013.068158: 1094583-7f97617fa700: cdpl_server_sched.c:2482: in _sv_scheduler_thread(): debug: scheduler for bin B1 started
1744247013.068177: 1094583-7f97a0a12540: cdpl_server.c:1893: in _sv_gen_task(): info: new task T0 in B1 (prio 0)
1744247013.068195: 1094583-7f97a0a12540: cdpl_server.c:2698: in cdpl_sv_label_task_va(): info: setting task T0 label to "HSPICE_2|HSPICE"
1744247013.068210: 1094583-7f97617fa700: cdpl_server_sched.c:2443: in _scheduler_run(): debug: will start a new worker
1744247013.068226: 1094583-7f97617fa700: cdpl_farm.c:3977: in cdpl_farm_submit(): debug: 1 running processes
1744247013.068241: 1094583-7f97617fa700: cdpl_farm.c:3985: in cdpl_farm_submit(): debug: new command C1 in bin B1 assigned to host `localhost'
1744247013.068366: 1094583-7f97617fa700: cdpl_server_sched.c:705: in _sv_launch_worker(): info: started worker W1 (as C1) in bin B1
1744247013.068386: 1094583-7f9760ff9700: cdpl_farm.c:2139: in _schedule(): debug: started
1744247013.068400: 1094583-7f9760ff9700: cdpl_farm.c:2303: in _schedule(): debug: submitting command C1 in bin B1
1744247013.068408: 1094583-7f9760ff9700: cdpl_sh.c:49: in _sh_detached_submit(): info: SH : /mnt/coe/workspace/ece/ece546-spr25/group8/group8_project/synopsys_custom/pwdp_jobs/saeSession0_HSPICEdefault.SimulationSimulation_cdpl.1.1094583/START_WORKER pw_worker -i /mnt/coe/workspace/ece/ece546-spr25/group8/group8_project/synopsys_custom/pwdp_jobs/saeSession0_HSPICEdefault.SimulationSimulation_cdpl.1.1094583 -t 10000
1744247013.077976: 1094583-7f9760ff9700: cdpl_farm.c:2343: in _schedule(): debug: C1 in bin B1 running on slot 0
1744247013.078029: 1094583-7f9760ff9700: cdpl_farm.c:2167: in _schedule(): debug: idle
1744247013.226833: 1094583-7f97a0a12540: cdpl_compat_master.c:5948: in cdplMasterLogInfo(): info: [non-CDPL log entry] PWDP3: reset pilot cache succeeded, pilot_key=saeSession0,1,HSPICE_default|&/mnt/coe/workspace/ece/ece546-spr25/group8/group8_project/simulation/group8,tb2025_1,schematic/history_1/simulation/HSPICE_default/HSPICE/nominal/results
1744247013.378106: 1094583-7f9760ff9700: cdpl_farm.c:1193: in _onexit(): debug: C1 in bin B1 exited normally on slot 0
1744247014.237901: 1094583-7f97627fc700: cdpl_compat_master.c:5948: in cdplMasterLogInfo(): info: [non-CDPL log entry] PWDP - no-workers started ok check start!
1744247016.398063: 1094583-7f97715c9700: cdpl_ipc.c:1862: in _epoll_accept(): debug: new connection from `152.14.98.7:51758'
1744247016.398113: 1094583-7f9771dca700: cdpl_server_ipc.c:1225: in _sv_ipc_thread(): debug: received ACCEPT notification
1744247016.398133: 1094583-7f9771dca700: cdpl_ipc.c:2503: in cdpl_ipc_host_accept(): debug: accepted host `152.14.98.7:51758'
1744247016.398467: 1094583-7f9771dca700: cdpl_server_ipc.c:1246: in _sv_ipc_thread(): debug: received HELLO message
1744247016.398480: 1094583-7f9771dca700: cdpl_server_ipc.c:430: in _sv_on_hello(): debug: looking up W1
1744247016.398502: 1094583-7f9771dca700: cdpl_server_ipc.c:540: in _sv_on_hello(): info: W1 is `152.14.98.7:51758'
1744247016.398506: 1094583-7f9771dca700: cdpl_server_ipc.c:541: in _sv_on_hello(): debug: hello W1 (B1)
1744247016.398510: 1094583-7f9771dca700: cdpl_server_ipc.c:542: in _sv_on_hello(): info: W1 log file is /dev/null
1744247016.398531: 1094583-7f9771dca700: cdpl_server_ipc.c:602: in _sv_on_hello(): info: up to 1 alive workers in B1
1744247016.398559: 1094583-7f9771dca700: cdpl_farm.c:878: in _release_cmd(): debug: freeing command C1 in bin B1
1744247016.398602: 1094583-7f97617fa700: cdpl_server_sched.c:960: in _assign(): info: assigning task T0 to worker W1
1744247017.398874: 1094583-7f9771dca700: cdpl_server_ipc.c:312: in _sv_on_heartbeat(): debug: received HEARTBEAT from worker W1 at 152.14.98.7:51758
1744247017.868939: 1094583-7f9743fff700: cdpl_monitor.c:533: in cdpl_mn_connect(): debug: connecting to 152.14.98.7:38813
1744247017.868960: 1094583-7f9743fff700: cdpl_ipc.c:3789: in cdpl_ipc_connect(): info: connecting to 152.14.98.7:38813
1744247017.869174: 1094583-7f9743fff700: cdpl_ipc.c:3860: in cdpl_ipc_connect(): info: connected as `152.14.98.7:40570'
1744247017.869194: 1094583-7f9743fff700: cdpl_ipc.c:2503: in cdpl_ipc_host_accept(): debug: accepted host `152.14.98.7:38813'
1744247017.869201: 1094583-7f9743fff700: cdpl_monitor.c:579: in cdpl_mn_connect(): debug: ok
1744247020.372226: 1094583-7f9771dca700: cdpl_server_ipc.c:1268: in _sv_ipc_thread(): debug: received RELAY message
1744247020.372253: 1094583-7f9771dca700: cdpl_server_ipc.c:713: in _sv_on_relay(): debug: RELAY message from W1, size = 58
1744247020.372271: 1094583-7f9771dca700: cdpl_server_ipc.c:715: in _sv_on_relay(): debug: RELAY message from W1, content = 0$1099571 hydra11.ece.ncsu.edu 1099656 RUNNING 1744247019
1744247050.337590: 1094583-7f9771dca700: cdpl_server_ipc.c:1268: in _sv_ipc_thread(): debug: received RELAY message
1744247050.338863: 1094583-7f9771dca700: cdpl_server_ipc.c:713: in _sv_on_relay(): debug: RELAY message from W1, size = 48
1744247050.338872: 1094583-7f9771dca700: cdpl_server_ipc.c:715: in _sv_on_relay(): debug: RELAY message from W1, content = WORKERDU|1579,dc2isi00nfs.oit.ncsu.edu:/coe_nfs
1744247062.185332: 1094583-7f9771dca700: cdpl_server_ipc.c:1268: in _sv_ipc_thread(): debug: received RELAY message
1744247062.186680: 1094583-7f9771dca700: cdpl_server_ipc.c:713: in _sv_on_relay(): debug: RELAY message from W1, size = 46
1744247062.186688: 1094583-7f9771dca700: cdpl_server_ipc.c:715: in _sv_on_relay(): debug: RELAY message from W1, content = WORKERDU|72,dc2isi00nfs.oit.ncsu.edu:/coe_nfs
1744247068.097939: 1094583-7f9771dca700: cdpl_server_ipc.c:1268: in _sv_ipc_thread(): debug: received RELAY message
1744247068.099236: 1094583-7f9771dca700: cdpl_server_ipc.c:713: in _sv_on_relay(): debug: RELAY message from W1, size = 46
1744247068.099245: 1094583-7f9771dca700: cdpl_server_ipc.c:715: in _sv_on_relay(): debug: RELAY message from W1, content = WORKERDU|24,dc2isi00nfs.oit.ncsu.edu:/coe_nfs
1744247073.378291: 1094583-7f9760ff9700: cdpl_farm.c:2173: in _schedule(): debug: idle
1744247080.160908: 1094583-7f9771dca700: cdpl_server_ipc.c:1268: in _sv_ipc_thread(): debug: received RELAY message
1744247080.162290: 1094583-7f9771dca700: cdpl_server_ipc.c:713: in _sv_on_relay(): debug: RELAY message from W1, size = 46
1744247080.162299: 1094583-7f9771dca700: cdpl_server_ipc.c:715: in _sv_on_relay(): debug: RELAY message from W1, content = WORKERDU|72,dc2isi00nfs.oit.ncsu.edu:/coe_nfs
1744247092.121953: 1094583-7f9771dca700: cdpl_server_ipc.c:1268: in _sv_ipc_thread(): debug: received RELAY message
1744247092.123303: 1094583-7f9771dca700: cdpl_server_ipc.c:713: in _sv_on_relay(): debug: RELAY message from W1, size = 46
1744247092.123312: 1094583-7f9771dca700: cdpl_server_ipc.c:715: in _sv_on_relay(): debug: RELAY message from W1, content = WORKERDU|72,dc2isi00nfs.oit.ncsu.edu:/coe_nfs
1744247104.199563: 1094583-7f9771dca700: cdpl_server_ipc.c:1268: in _sv_ipc_thread(): debug: received RELAY message
1744247104.200883: 1094583-7f9771dca700: cdpl_server_ipc.c:713: in _sv_on_relay(): debug: RELAY message from W1, size = 46
1744247104.200892: 1094583-7f9771dca700: cdpl_server_ipc.c:715: in _sv_on_relay(): debug: RELAY message from W1, content = WORKERDU|72,dc2isi00nfs.oit.ncsu.edu:/coe_nfs
1744247116.186757: 1094583-7f9771dca700: cdpl_server_ipc.c:1268: in _sv_ipc_thread(): debug: received RELAY message
1744247116.188493: 1094583-7f9771dca700: cdpl_server_ipc.c:713: in _sv_on_relay(): debug: RELAY message from W1, size = 46
1744247116.188502: 1094583-7f9771dca700: cdpl_server_ipc.c:715: in _sv_on_relay(): debug: RELAY message from W1, content = WORKERDU|64,dc2isi00nfs.oit.ncsu.edu:/coe_nfs
1744247128.155491: 1094583-7f9771dca700: cdpl_server_ipc.c:1268: in _sv_ipc_thread(): debug: received RELAY message
1744247128.156804: 1094583-7f9771dca700: cdpl_server_ipc.c:713: in _sv_on_relay(): debug: RELAY message from W1, size = 46
1744247128.156819: 1094583-7f9771dca700: cdpl_server_ipc.c:715: in _sv_on_relay(): debug: RELAY message from W1, content = WORKERDU|72,dc2isi00nfs.oit.ncsu.edu:/coe_nfs
1744247133.379891: 1094583-7f9760ff9700: cdpl_farm.c:2173: in _schedule(): debug: idle
1744247133.832319: 1094583-7f97637fe700: cdpl_compat_master.c:5948: in cdplMasterLogInfo(): info: [non-CDPL log entry] PWDP: message receiver is alive.
1744247134.216412: 1094583-7f9771dca700: cdpl_server_ipc.c:1268: in _sv_ipc_thread(): debug: received RELAY message
1744247134.216429: 1094583-7f9771dca700: cdpl_server_ipc.c:713: in _sv_on_relay(): debug: RELAY message from W1, size = 46
1744247134.216434: 1094583-7f9771dca700: cdpl_server_ipc.c:715: in _sv_on_relay(): debug: RELAY message from W1, content = WORKERDU|72,dc2isi00nfs.oit.ncsu.edu:/coe_nfs
1744247137.398987: 1094583-7f9771dca700: cdpl_server_ipc.c:312: in _sv_on_heartbeat(): debug: received HEARTBEAT from worker W1 at 152.14.98.7:51758
1744247145.767571: 1094583-7f9771dca700: cdpl_server_ipc.c:1268: in _sv_ipc_thread(): debug: received RELAY message
1744247145.768936: 1094583-7f9771dca700: cdpl_server_ipc.c:713: in _sv_on_relay(): debug: RELAY message from W1, size = 196
1744247145.768945: 1094583-7f9771dca700: cdpl_server_ipc.c:715: in _sv_on_relay(): debug: RELAY message from W1, content = REQPILOT|saeSession0,1,HSPICE_default|&/mnt/coe/workspace/ece/ece546-spr25/group8/group8_project/simulation/group8,tb2025_1,schematic/history_1/simulation/HSPICE_default/HSPICE/nominal/results|&0
1744247145.769030: 1094583-7f97637fe700: cdpl_compat_master.c:5948: in cdplMasterLogInfo(): info: [non-CDPL log entry] PWDP send back 'DOPILOT' to worker id:1 key: saeSession0,1,HSPICE_default|&/mnt/coe/workspace/ece/ece546-spr25/group8/group8_project/simulation/group8,tb2025_1,schematic/history_1/simulation/HSPICE_default/HSPICE/nominal/results
1744247145.777478: 1094583-7f97637fe700: cdpl_compat_master.c:5948: in cdplMasterLogInfo(): info: [non-CDPL log entry] PWDP: set pilot doing!
1744247145.793119: 1094583-7f9771dca700: cdpl_server_ipc.c:1268: in _sv_ipc_thread(): debug: received RELAY message
1744247145.793141: 1094583-7f9771dca700: cdpl_server_ipc.c:713: in _sv_on_relay(): debug: RELAY message from W1, size = 192
1744247145.793146: 1094583-7f9771dca700: cdpl_server_ipc.c:715: in _sv_on_relay(): debug: RELAY message from W1, content = PILOTOK|saeSession0,1,HSPICE_default|&/mnt/coe/workspace/ece/ece546-spr25/group8/group8_project/simulation/group8,tb2025_1,schematic/history_1/simulation/HSPICE_default/HSPICE/nominal/results
1744247145.793185: 1094583-7f97637fe700: cdpl_compat_master.c:5948: in cdplMasterLogInfo(): info: [non-CDPL log entry] PWDP: set pilot done!
1744247145.793344: 1094583-7f9771dca700: cdpl_server_ipc.c:1268: in _sv_ipc_thread(): debug: received RELAY message
1744247145.793349: 1094583-7f9771dca700: cdpl_server_ipc.c:713: in _sv_on_relay(): debug: RELAY message from W1, size = 18
1744247145.793352: 1094583-7f9771dca700: cdpl_server_ipc.c:715: in _sv_on_relay(): debug: RELAY message from W1, content = 0$- - - MEASDOING
1744247146.158256: 1094583-7f97627fc700: cdpl_compat_master.c:5948: in cdplMasterLogInfo(): info: [non-CDPL log entry] PWDP: master status watchdog is alive.
1744247149.871406: 1094583-7f9771dca700: cdpl_server_ipc.c:1268: in _sv_ipc_thread(): debug: received RELAY message
1744247149.872695: 1094583-7f9771dca700: cdpl_server_ipc.c:713: in _sv_on_relay(): debug: RELAY message from W1, size = 70
1744247149.872703: 1094583-7f9771dca700: cdpl_server_ipc.c:715: in _sv_on_relay(): debug: RELAY message from W1, content = 0$1099571 hydra11.ece.ncsu.edu 1099656 FINISHED 1744247019|1744247149
1744247149.885572: 1094583-7f9771dca700: cdpl_server_ipc.c:1268: in _sv_ipc_thread(): debug: received RELAY message
1744247149.885588: 1094583-7f9771dca700: cdpl_server_ipc.c:713: in _sv_on_relay(): debug: RELAY message from W1, size = 194
1744247149.885593: 1094583-7f9771dca700: cdpl_server_ipc.c:715: in _sv_on_relay(): debug: RELAY message from W1, content = PILOTDONE|saeSession0,1,HSPICE_default|&/mnt/coe/workspace/ece/ece546-spr25/group8/group8_project/simulation/group8,tb2025_1,schematic/history_1/simulation/HSPICE_default/HSPICE/nominal/results
1744247149.885649: 1094583-7f97637fe700: cdpl_compat_master.c:5948: in cdplMasterLogInfo(): info: [non-CDPL log entry] saeSession0,1,HSPICE_default|&/mnt/coe/workspace/ece/ece546-spr25/group8/group8_project/simulation/group8,tb2025_1,schematic/history_1/simulation/HSPICE_default/HSPICE/nominal/results PILOTDONE!
1744247149.900942: 1094583-7f9771dca700: cdpl_server_ipc.c:1251: in _sv_ipc_thread(): debug: received FINISH message
1744247149.900960: 1094583-7f9771dca700: cdpl_server_ipc.c:983: in _sv_on_finish(): info: worker W1 completed task T0
1744247149.900967: 1094583-7f9771dca700: cdpl_server_ipc.c:988: in _sv_on_finish(): debug: stat T0: utime=138218 stime=3189
1744247149.900972: 1094583-7f9771dca700: cdpl_server_ipc.c:993: in _sv_on_finish(): debug: statm T0: vsize=2869168 rss=1068028 shared=519396 text=474784 data=734424
1744247149.921747: 1094583-7f97a0a12540: cdpl_server.c:227: in _sv_free_task_safe(): debug: freeing task T0
1744247149.933995: 1094583-7f9771dca700: cdpl_server_ipc.c:1268: in _sv_ipc_thread(): debug: received RELAY message
1744247149.934013: 1094583-7f9771dca700: cdpl_server_ipc.c:713: in _sv_on_relay(): debug: RELAY message from W1, size = 47
1744247149.934019: 1094583-7f9771dca700: cdpl_server_ipc.c:715: in _sv_on_relay(): debug: RELAY message from W1, content = WORKERDU|213,dc2isi00nfs.oit.ncsu.edu:/coe_nfs
1744247156.559690: 1094583-7f97a0a12540: cdpl_server.c:3008: in cdpl_sv_halt_job_errno(): info: killing job J1
1744247156.561099: 1094583-7f97a0a12540: cdpl_server.c:3044: in cdpl_sv_halt_job_errno(): debug: signal bin B1 scheduler to stop
1744247156.561136: 1094583-7f97617fa700: cdpl_server_sched.c:2484: in _sv_scheduler_thread(): debug: scheduler for bin B1 stopped
1744247156.561159: 1094583-7f97617fa700: cdpl_ipc.c:1657: in _host_drop__UNSAFE(): debug: dropping host `152.14.98.7:51758'
1744247156.561239: 1094583-7f97617fa700: cdpl_server_sched.c:2830: in _sv_drop_worker(): info: down to 0 alive workers in B1
1744247156.561267: 1094583-7f97617fa700: cdpl_farm.c:4152: in cdpl_farm_dismiss(): debug: down to 0 running processes
1744247156.561275: 1094583-7f9771dca700: cdpl_server_ipc.c:1236: in _sv_ipc_thread(): debug: received DROP notification
1744247156.561297: 1094583-7f97617fa700: cdpl_server_sched.c:121: in _free_worker_2(): debug: freeing worker W1
1744247156.561302: 1094583-7f97617fa700: cdpl_ipc.c:2513: in cdpl_ipc_host_release(): debug: releasing host `152.14.98.7:51758'
1744247156.561306: 1094583-7f97617fa700: cdpl_ipc.c:2529: in cdpl_ipc_host_release(): debug: scheduling for immediate release
1744247156.561319: 1094583-7f97a0a12540: cdpl_server.c:294: in _sv_free_job(): info: freeing job J1
1744247156.561326: 1094583-7f97a0a12540: cdpl_server.c:92: in _sv_free_bin(): debug: freeing bin B1
1744247156.561336: 1094583-7f97a0a12540: cdpl_monitor.c:515: in cdpl_mn_kill(): info: killing monitor
1744247156.561363: 1094583-7f97a0a12540: cdpl_ipc.c:3677: in cdpl_ipc_kill(): debug: stopping event server
1744247156.561384: 1094583-7f9770dc8700: cdpl_ipc.c:2460: in _epoll_main(): debug: server going down...
1744247156.561429: 1094583-7f97715c9700: cdpl_ipc.c:775: in _readv(): warning: read(): EOF
1744247156.561457: 1094583-7f97715c9700: cdpl_ipc.c:2100: in _epoll_recv(): debug: _readv(): Broken pipe
1744247156.561462: 1094583-7f97715c9700: cdpl_ipc.c:2424: in _epoll_main(): debug: _epoll_recv(): Broken pipe
1744247156.561469: 1094583-7f97715c9700: cdpl_ipc.c:1657: in _host_drop__UNSAFE(): debug: dropping host `152.14.98.7:51742'
1744247156.561522: 1094583-7f97715c9700: cdpl_ipc.c:1582: in _host_free__UNSAFE(): debug: freeing host `152.14.98.7:51758'
1744247156.561527: 1094583-7f97715c9700: cdpl_ipc.c:1621: in _host_free__UNSAFE(): debug: [0 outq, 0 spR, 0 spW]
1744247156.561535: 1094583-7f9771dca700: cdpl_server_ipc.c:1236: in _sv_ipc_thread(): debug: received DROP notification
1744247156.561541: 1094583-7f9771dca700: cdpl_monitor.c:1269: in cdpl_mn_drop(): debug: detaching from monitor `152.14.98.7:51742'
1744247156.561569: 1094583-7f9771dca700: cdpl_monitor.c:1101: in mn_systat_stop(): debug: joining systat thread
1744247156.561597: 1094583-7f9762ffd700: cdpl_monitor.c:1079: in mn_systat(): debug: exiting
1744247156.561613: 1094583-7f9771dca700: cdpl_monitor.c:1103: in mn_systat_stop(): debug: systat thread done
1744247156.561621: 1094583-7f9771dca700: cdpl_ipc.c:2513: in cdpl_ipc_host_release(): debug: releasing host `152.14.98.7:51742'
1744247156.561992: 1094583-7f9743fff700: cdpl_ipc.c:3728: in cdpl_ipc_free(): debug: releasing IPC handle
1744247156.562004: 1094583-7f9743fff700: cdpl_ipc.c:1582: in _host_free__UNSAFE(): debug: freeing host `152.14.98.7:38813'
1744247156.562009: 1094583-7f9743fff700: cdpl_ipc.c:1621: in _host_free__UNSAFE(): debug: [0 outq, 0 spR, 0 spW]
1744247156.562026: 1094583-7f9743fff700: cdpl_ipc.c:1582: in _host_free__UNSAFE(): debug: freeing host `152.14.98.7:33147'
1744247156.562030: 1094583-7f9743fff700: cdpl_ipc.c:1621: in _host_free__UNSAFE(): debug: [0 outq, 0 spR, 0 spW]
1744247156.562040: 1094583-7f9743fff700: cdpl_ipc.c:3756: in cdpl_ipc_free(): warning: 2 host(s) were not released
1744247156.562051: 1094583-7f9743fff700: cdpl_ipc.c:3767: in cdpl_ipc_free(): debug: done
1744247156.562055: 1094583-7f9743fff700: cdpl_monitor.c:1390: in cdpl_mn_free(): debug: freeing monitor client
1744247156.562174: 1094583-7f97a0a12540: cdpl_farm.c:2740: in cdpl_farm_free(): info: freeing farm
1744247156.562220: 1094583-7f9760ff9700: cdpl_farm.c:2231: in _schedule(): debug: end of idling
1744247156.562235: 1094583-7f9760ff9700: cdpl_farm.c:2235: in _schedule(): debug: dying
1744247156.562309: 1094583-7f97a0a12540: cdpl_farm.c:913: in _killall(): debug: killing all remaining commands
1744247156.562324: 1094583-7f97a0a12540: cdpl_server.c:3144: in cdpl_sv_free(): info: freeing server S1218541134
1744247156.562329: 1094583-7f97a0a12540: cdpl_server.c:3109: in cdpl_sv_kill_errno(): info: killing server
1744247156.562332: 1094583-7f97a0a12540: cdpl_ipc.c:3677: in cdpl_ipc_kill(): debug: stopping event server
1744247156.562349: 1094583-7f9771dca700: cdpl_server_ipc.c:1200: in _sv_ipc_thread(): debug: leaving now
1744247156.562358: 1094583-7f97715c9700: cdpl_ipc.c:2460: in _epoll_main(): debug: server going down...
1744247156.562374: 1094583-7f97a0a12540: cdpl_server.c:334: in _sv_free_master(): info: freeing master M1
1744247156.562380: 1094583-7f97a0a12540: cdpl_hash.c:68: in cdpl_h_destroy(): debug: put operations: 1
1744247156.562383: 1094583-7f97a0a12540: cdpl_hash.c:69: in cdpl_h_destroy(): debug: put collisions: 0
1744247156.562386: 1094583-7f97a0a12540: cdpl_hash.c:70: in cdpl_h_destroy(): debug: get operations: 1
1744247156.562389: 1094583-7f97a0a12540: cdpl_hash.c:71: in cdpl_h_destroy(): debug: get iterations: 1
1744247156.562395: 1094583-7f97a0a12540: cdpl_monitor.c:1390: in cdpl_mn_free(): debug: freeing monitor server
1744247156.562399: 1094583-7f97a0a12540: cdpl_ipc.c:3728: in cdpl_ipc_free(): debug: releasing IPC handle
1744247156.562402: 1094583-7f97a0a12540: cdpl_ipc.c:1582: in _host_free__UNSAFE(): debug: freeing host `152.14.98.7:51742'
1744247156.562405: 1094583-7f97a0a12540: cdpl_ipc.c:1621: in _host_free__UNSAFE(): debug: [0 outq, 0 spR, 0 spW]
1744247156.562438: 1094583-7f97a0a12540: cdpl_ipc.c:3767: in cdpl_ipc_free(): debug: done
1744247156.562443: 1094583-7f97a0a12540: cdpl_log.c:481: in cdpl_log_close(): info: @@end_of_log@@
