1743690914.280041: 775306-7f764f66f540: cdpl_log.c:337: in cdpl_log_open(): info: @@start_of_log@@
1743690914.280119: 775306-7f764f66f540: cdpl_log.c:1058: in cdpl_log_dump_sysinfo(): info: time: 2025/04/03 10:35:14 EDT -0400
1743690914.280127: 775306-7f764f66f540: cdpl_log.c:1060: in cdpl_log_dump_sysinfo(): info: version: W-2024.09-SP1-2 
1743690914.280130: 775306-7f764f66f540: cdpl_log.c:1062: in cdpl_log_dump_sysinfo(): info: system: Linux 4.18.0-553.46.1.el8_10.x86_64 #1 SMP Sat Mar 15 01:37:33 EDT 2025
1743690914.280134: 775306-7f764f66f540: cdpl_log.c:1067: in cdpl_log_dump_sysinfo(): info: processor: x86_64 64-bits
1743690914.280137: 775306-7f764f66f540: cdpl_log.c:1071: in cdpl_log_dump_sysinfo(): info: hostname: hydra11.ece.ncsu.edu
1743690914.280146: 775306-7f764f66f540: cdpl_log.c:1073: in cdpl_log_dump_sysinfo(): info: program name: custom_shell
1743690914.280153: 775306-7f764f66f540: cdpl_log.c:340: in cdpl_log_open(): debug: path: /mnt/coe/workspace/ece/ece546-spr25/group8/group8_project/synopsys_custom/pwdp_jobs/saeSession0_HSPICEdefault.SimulationSimulation_cdpl.0.775306/logs/master.hydra11.ece.ncsu.edu.775306.log
1743690914.280156: 775306-7f764f66f540: cdpl_log.c:341: in cdpl_log_open(): debug: dir: /mnt/coe/workspace/ece/ece546-spr25/group8/group8_project/synopsys_custom/pwdp_jobs/saeSession0_HSPICEdefault.SimulationSimulation_cdpl.0.775306/logs
1743690914.280233: 775306-7f764f66f540: cdpl_server.c:536: in cdpl_sv_init(): info: new server S481954500
1743690914.280257: 775306-7f764f66f540: cdpl_ipc.c:3475: in cdpl_ipc_init(): info: requesting IPv4 protocol
1743690914.286798: 775306-7f764f66f540: cdpl_ipc.c:837: in _selectaddrfamily(): info: selected IPv4 protocol
1743690914.286908: 775306-7f764f66f540: cdpl_ipc.c:1139: in _set_keepalive(): info: TCP keep alive interval: 300
1743690914.289897: 775306-7f764f66f540: cdpl_monitor.c:1117: in cdpl_mn_new_server(): info: creating server monitor instance
1743690914.289966: 775306-7f764f66f540: cdpl_server.c:650: in cdpl_sv_new_master(): info: new master M1
1743690914.290003: 775306-7f764f66f540: cdpl_server.c:6533: in cdpl_sv_ctl_master(): info: Setting worker heartbeat to 120 seconds
1743690914.290008: 775306-7f764f66f540: cdpl_server.c:6542: in cdpl_sv_ctl_master(): info: Setting worker heartbeat timeout to 3 heartbeats
1743690914.290013: 775306-7f764f66f540: cdpl_compat_master.c:2090: in _parse_hostfile(): info: reading hostfile `/mnt/coe/workspace/ece/ece546-spr25/group8/group8_project/synopsys_custom/pwdp_jobs/saeSession0_HSPICEdefault.SimulationSimulation_cdpl.0.775306/host_file'
1743690914.294209: 775306-7f764f66f540: cdpl_compat_master.c:1900: in _hostfile_parser(): debug: parsing "1     |localhost|   -1  | /tmp | SH | sh"
1743690914.294286: 775306-7f764f66f540: cdpl_farm.c:2578: in cdpl_farm_new_sh(): info: creating SH farm on localhost
1743690914.294367: 775306-7f764f66f540: cdpl_compat_master.c:206: in _set_farm_env(): info: exporting CDPL_LOGDIR as `/mnt/coe/workspace/ece/ece546-spr25/group8/group8_project/synopsys_custom/pwdp_jobs/saeSession0_HSPICEdefault.SimulationSimulation_cdpl.0.775306/logs'
1743690914.294382: 775306-7f764f66f540: cdpl_compat_master.c:212: in _set_farm_env(): info: exporting CDPL_TMPDIR as `/tmp'
1743690914.294387: 775306-7f764f66f540: cdpl_compat_master.c:219: in _set_farm_env(): info: exporting CDPL_HOME as `/mnt/apps/public/COE/synopsys_apps/hspice/W-2024.09-SP1/hspice/cdpl'
1743690914.294392: 775306-7f764f66f540: cdpl_compat_master.c:235: in _set_farm_env(): info: exporting SNPSLMD_LICENSE_FILE as `27000@ece-lic-35.ece.ncsu.edu'
1743690914.294397: 775306-7f764f66f540: cdpl_compat_master.c:259: in _set_farm_env(): info: exporting CDPL_OPTIONS as `[nowlogs]'
1743690914.294400: 775306-7f764f66f540: cdpl_compat_master.c:266: in _set_farm_env(): info: exporting DISPLAY as `unix:8223'
1743690914.294403: 775306-7f764f66f540: cdpl_compat_master.c:274: in _set_farm_env(): info: exporting CDPL_HEARTBEAT as `120'
1743690914.294437: 775306-7f764f66f540: cdpl_farm.c:3149: in cdpl_farm_add_withdir(): debug: added `localhost' (capacity: unlimited)
1743690914.294456: 775306-7f764f66f540: cdpl_compat_parse.c:147: in parsefile(): debug: read `/mnt/coe/workspace/ece/ece546-spr25/group8/group8_project/synopsys_custom/pwdp_jobs/saeSession0_HSPICEdefault.SimulationSimulation_cdpl.0.775306/host_file', 2 lines
1743690914.294461: 775306-7f764f66f540: cdpl_compat_master.c:2931: in cdplInitMaster(): info: bcast dir is `/mnt/coe/workspace/ece/ece546-spr25/group8/group8_project/synopsys_custom/pwdp_jobs/saeSession0_HSPICEdefault.SimulationSimulation_cdpl.0.775306/logs'
1743690914.298038: 775306-7f764f66f540: cdpl_server.c:6433: in cdpl_sv_ctl_master(): info: farm worker timeout set to 300
1743690914.298046: 775306-7f764f66f540: cdpl_server.c:6486: in cdpl_sv_ctl_master(): info: maximum number of task execution attempts set to 1
1743690914.298090: 775306-7f764f66f540: cdpl_server.c:3195: in cdpl_sv_start(): debug: starting server
1743690914.298102: 775306-7f764f66f540: cdpl_ipc.c:3632: in cdpl_ipc_start(): debug: starting IPC server 152.14.98.7:45163
1743690914.298842: 775306-7f7613fff700: cdpl_server_ipc.c:1182: in _sv_ipc_thread(): debug: ready
1743690914.299643: 775306-7f76137fe700: cdpl_monitor.c:426: in cdpl_mn_init_client(): info: creating client monitor instance
1743690914.299665: 775306-7f76137fe700: cdpl_ipc.c:3475: in cdpl_ipc_init(): info: requesting IPv4 protocol
1743690914.303954: 775306-7f76137fe700: cdpl_ipc.c:837: in _selectaddrfamily(): info: selected IPv4 protocol
1743690914.303995: 775306-7f76137fe700: cdpl_ipc.c:1139: in _set_keepalive(): info: TCP keep alive interval: 300
1743690914.308401: 775306-7f76137fe700: cdpl_ipc.c:3632: in cdpl_ipc_start(): debug: starting IPC server 152.14.98.7:40983
1743690914.308667: 775306-7f76137fe700: cdpl_monitor.c:471: in cdpl_mn_init_client(): debug: incoming messages in /tmp/cdpl-monitor-gUmaAS
1743690914.308837: 775306-7f76137fe700: cdpl_monitor.c:533: in cdpl_mn_connect(): debug: connecting to 152.14.98.7:45163
1743690914.308854: 775306-7f76137fe700: cdpl_ipc.c:3789: in cdpl_ipc_connect(): info: connecting to 152.14.98.7:45163
1743690914.309063: 775306-7f76137fe700: cdpl_ipc.c:3860: in cdpl_ipc_connect(): info: connected as `152.14.98.7:52188'
1743690914.309095: 775306-7f76137fe700: cdpl_ipc.c:2503: in cdpl_ipc_host_accept(): debug: accepted host `152.14.98.7:45163'
1743690914.309125: 775306-7f7624a5a700: cdpl_ipc.c:1862: in _epoll_accept(): debug: new connection from `152.14.98.7:52188'
1743690914.309165: 775306-7f76137fe700: cdpl_monitor.c:579: in cdpl_mn_connect(): debug: ok
1743690914.309244: 775306-7f7613fff700: cdpl_server_ipc.c:1225: in _sv_ipc_thread(): debug: received ACCEPT notification
1743690914.309266: 775306-7f7613fff700: cdpl_ipc.c:2503: in cdpl_ipc_host_accept(): debug: accepted host `152.14.98.7:52188'
1743690914.309280: 775306-7f764f66f540: cdpl_server.c:731: in cdpl_sv_new_job(): info: new job J1 in M1
1743690914.309297: 775306-7f7613fff700: cdpl_server_ipc.c:1256: in _sv_ipc_thread(): debug: received MONITOR message
1743690914.309339: 775306-7f764f66f540: cdpl_compat_master.c:1581: in _add_worker(): info: new worker type 10, min:1, max:3, cmd:`/mnt/coe/workspace/ece/ece546-spr25/group8/group8_project/synopsys_custom/pwdp_jobs/saeSession0_HSPICEdefault.SimulationSimulation_cdpl.0.775306/START_WORKER pw_worker -i /mnt/coe/workspace/ece/ece546-spr25/group8/gr
1743690914.309374: 775306-7f764f66f540: cdpl_server.c:908: in cdpl_sv_new_bin_withfarm(): info: new bin B1 in J1
1743690914.309494: 775306-7f7613fff700: cdpl_monitor.c:1207: in cdpl_mn_accept(): debug: accepted monitor `152.14.98.7:52188'
1743690914.309503: 775306-7f7613fff700: cdpl_server_ipc_mon.c:120: in _globalLOCK(): debug: ENTERTING GLOBAL LOCK
1743690914.309507: 775306-7f7613fff700: cdpl_server_ipc_mon.c:164: in _globalLOCK(): debug: global lock acquired
1743690914.310134: 775306-7f7611ffb700: cdpl_monitor.c:910: in mn_systat(): debug: started
1743690914.310571: 775306-7f7611ffb700: cdpl_monitor.c:937: in mn_systat(): debug: monitor server flush rate: 5
1743690914.398195: 775306-7f7613fff700: cdpl_server_ipc_mon.c:210: in _globalUNLOCK(): debug: LEAVING GLOBAL LOCK
1743690914.524628: 775306-7f764f66f540: cdpl_server.c:3249: in cdpl_sv_start_job(): info: starting job J1
1743690914.524668: 775306-7f764f66f540: cdpl_server.c:62: in _sv_start_bin(): debug: starting bin B1 (min: 0, max: 3)
1743690914.524849: 775306-7f75fb7fe700: cdpl_server_sched.c:2482: in _sv_scheduler_thread(): debug: scheduler for bin B1 started
1743690914.524876: 775306-7f764f66f540: cdpl_server.c:1893: in _sv_gen_task(): info: new task T0 in B1 (prio 0)
1743690914.524938: 775306-7f764f66f540: cdpl_server.c:2698: in cdpl_sv_label_task_va(): info: setting task T0 label to "HSPICE_1|HSPICE"
1743690914.525016: 775306-7f75fb7fe700: cdpl_server_sched.c:2443: in _scheduler_run(): debug: will start a new worker
1743690914.525082: 775306-7f75fb7fe700: cdpl_farm.c:3977: in cdpl_farm_submit(): debug: 1 running processes
1743690914.525089: 775306-7f75fb7fe700: cdpl_farm.c:3985: in cdpl_farm_submit(): debug: new command C1 in bin B1 assigned to host `localhost'
1743690914.525219: 775306-7f75fb7fe700: cdpl_server_sched.c:705: in _sv_launch_worker(): info: started worker W1 (as C1) in bin B1
1743690914.525837: 775306-7f75faffd700: cdpl_farm.c:2139: in _schedule(): debug: started
1743690914.525851: 775306-7f75faffd700: cdpl_farm.c:2303: in _schedule(): debug: submitting command C1 in bin B1
1743690914.525880: 775306-7f75faffd700: cdpl_sh.c:49: in _sh_detached_submit(): info: SH : /mnt/coe/workspace/ece/ece546-spr25/group8/group8_project/synopsys_custom/pwdp_jobs/saeSession0_HSPICEdefault.SimulationSimulation_cdpl.0.775306/START_WORKER pw_worker -i /mnt/coe/workspace/ece/ece546-spr25/group8/group8_project/synopsys_custom/pwdp_jobs/saeSession0_HSPICEdefault.SimulationSimulation_cdpl.0.775306 -t 10000
1743690914.534097: 775306-7f75faffd700: cdpl_farm.c:2343: in _schedule(): debug: C1 in bin B1 running on slot 0
1743690914.534160: 775306-7f75faffd700: cdpl_farm.c:2167: in _schedule(): debug: idle
1743690914.665376: 775306-7f764f66f540: cdpl_compat_master.c:5948: in cdplMasterLogInfo(): info: [non-CDPL log entry] PWDP3: reset pilot cache succeeded, pilot_key=saeSession0,1,HSPICE_default|&/mnt/coe/workspace/ece/ece546-spr25/group8/group8_project/simulation/group8,memory_array_write_test,schematic/history_1/simulation/HSPICE_default/HSPICE/nominal/results
1743690914.834250: 775306-7f75faffd700: cdpl_farm.c:1193: in _onexit(): debug: C1 in bin B1 exited normally on slot 0
1743690915.626893: 775306-7f7610ff9700: cdpl_compat_master.c:5948: in cdplMasterLogInfo(): info: [non-CDPL log entry] PWDP - no-workers started ok check start!
1743690917.683042: 775306-7f7624a5a700: cdpl_ipc.c:1862: in _epoll_accept(): debug: new connection from `152.14.98.7:52192'
1743690917.683130: 775306-7f7613fff700: cdpl_server_ipc.c:1225: in _sv_ipc_thread(): debug: received ACCEPT notification
1743690917.683164: 775306-7f7613fff700: cdpl_ipc.c:2503: in cdpl_ipc_host_accept(): debug: accepted host `152.14.98.7:52192'
1743690917.683317: 775306-7f7613fff700: cdpl_server_ipc.c:1246: in _sv_ipc_thread(): debug: received HELLO message
1743690917.683322: 775306-7f7613fff700: cdpl_server_ipc.c:430: in _sv_on_hello(): debug: looking up W1
1743690917.683327: 775306-7f7613fff700: cdpl_server_ipc.c:540: in _sv_on_hello(): info: W1 is `152.14.98.7:52192'
1743690917.683331: 775306-7f7613fff700: cdpl_server_ipc.c:541: in _sv_on_hello(): debug: hello W1 (B1)
1743690917.683334: 775306-7f7613fff700: cdpl_server_ipc.c:542: in _sv_on_hello(): info: W1 log file is /dev/null
1743690917.683410: 775306-7f7613fff700: cdpl_server_ipc.c:602: in _sv_on_hello(): info: up to 1 alive workers in B1
1743690917.683429: 775306-7f7613fff700: cdpl_farm.c:878: in _release_cmd(): debug: freeing command C1 in bin B1
1743690917.683465: 775306-7f75fb7fe700: cdpl_server_sched.c:960: in _assign(): info: assigning task T0 to worker W1
1743690918.683766: 775306-7f7613fff700: cdpl_server_ipc.c:312: in _sv_on_heartbeat(): debug: received HEARTBEAT from worker W1 at 152.14.98.7:52192
1743690919.375398: 775306-7f76137fe700: cdpl_monitor.c:533: in cdpl_mn_connect(): debug: connecting to 152.14.98.7:42943
1743690919.375425: 775306-7f76137fe700: cdpl_ipc.c:3789: in cdpl_ipc_connect(): info: connecting to 152.14.98.7:42943
1743690919.375660: 775306-7f76137fe700: cdpl_ipc.c:3860: in cdpl_ipc_connect(): info: connected as `152.14.98.7:41276'
1743690919.375676: 775306-7f76137fe700: cdpl_ipc.c:2503: in cdpl_ipc_host_accept(): debug: accepted host `152.14.98.7:42943'
1743690919.375683: 775306-7f76137fe700: cdpl_monitor.c:579: in cdpl_mn_connect(): debug: ok
1743690921.286170: 775306-7f7613fff700: cdpl_server_ipc.c:1268: in _sv_ipc_thread(): debug: received RELAY message
1743690921.286194: 775306-7f7613fff700: cdpl_server_ipc.c:713: in _sv_on_relay(): debug: RELAY message from W1, size = 56
1743690921.286201: 775306-7f7613fff700: cdpl_server_ipc.c:715: in _sv_on_relay(): debug: RELAY message from W1, content = 0$777337 hydra11.ece.ncsu.edu 777731 RUNNING 1743690920
1743690949.277167: 775306-7f7613fff700: cdpl_server_ipc.c:1268: in _sv_ipc_thread(): debug: received RELAY message
1743690949.278555: 775306-7f7613fff700: cdpl_server_ipc.c:713: in _sv_on_relay(): debug: RELAY message from W1, size = 48
1743690949.278564: 775306-7f7613fff700: cdpl_server_ipc.c:715: in _sv_on_relay(): debug: RELAY message from W1, content = WORKERDU|1235,dc2isi00nfs.oit.ncsu.edu:/coe_nfs
1743690949.278597: 775306-7f7613fff700: cdpl_server_ipc.c:1268: in _sv_ipc_thread(): debug: received RELAY message
1743690949.278602: 775306-7f7613fff700: cdpl_server_ipc.c:713: in _sv_on_relay(): debug: RELAY message from W1, size = 211
1743690949.278605: 775306-7f7613fff700: cdpl_server_ipc.c:715: in _sv_on_relay(): debug: RELAY message from W1, content = REQPILOT|saeSession0,1,HSPICE_default|&/mnt/coe/workspace/ece/ece546-spr25/group8/group8_project/simulation/group8,memory_array_write_test,schematic/history_1/simulation/HSPICE_default/HSPICE/nominal/results|&0
1743690949.278986: 775306-7f76117fa700: cdpl_compat_master.c:5948: in cdplMasterLogInfo(): info: [non-CDPL log entry] PWDP send back 'DOPILOT' to worker id:1 key: saeSession0,1,HSPICE_default|&/mnt/coe/workspace/ece/ece546-spr25/group8/group8_project/simulation/group8,memory_array_write_test,schematic/history_1/simulation/HSPICE_default/HSPICE/nominal/results
1743690949.285018: 775306-7f76117fa700: cdpl_compat_master.c:5948: in cdplMasterLogInfo(): info: [non-CDPL log entry] PWDP: set pilot doing!
1743690949.295987: 775306-7f7613fff700: cdpl_server_ipc.c:1268: in _sv_ipc_thread(): debug: received RELAY message
1743690949.296001: 775306-7f7613fff700: cdpl_server_ipc.c:713: in _sv_on_relay(): debug: RELAY message from W1, size = 207
1743690949.296006: 775306-7f7613fff700: cdpl_server_ipc.c:715: in _sv_on_relay(): debug: RELAY message from W1, content = PILOTOK|saeSession0,1,HSPICE_default|&/mnt/coe/workspace/ece/ece546-spr25/group8/group8_project/simulation/group8,memory_array_write_test,schematic/history_1/simulation/HSPICE_default/HSPICE/nominal/results
1743690949.296071: 775306-7f76117fa700: cdpl_compat_master.c:5948: in cdplMasterLogInfo(): info: [non-CDPL log entry] PWDP: set pilot done!
1743690949.296233: 775306-7f7613fff700: cdpl_server_ipc.c:1268: in _sv_ipc_thread(): debug: received RELAY message
1743690949.296240: 775306-7f7613fff700: cdpl_server_ipc.c:713: in _sv_on_relay(): debug: RELAY message from W1, size = 18
1743690949.296243: 775306-7f7613fff700: cdpl_server_ipc.c:715: in _sv_on_relay(): debug: RELAY message from W1, content = 0$- - - MEASDOING
1743690952.326560: 775306-7f7613fff700: cdpl_server_ipc.c:1268: in _sv_ipc_thread(): debug: received RELAY message
1743690952.327945: 775306-7f7613fff700: cdpl_server_ipc.c:713: in _sv_on_relay(): debug: RELAY message from W1, size = 68
1743690952.327957: 775306-7f7613fff700: cdpl_server_ipc.c:715: in _sv_on_relay(): debug: RELAY message from W1, content = 0$777337 hydra11.ece.ncsu.edu 777731 FINISHED 1743690920|1743690952
1743690952.341520: 775306-7f7613fff700: cdpl_server_ipc.c:1268: in _sv_ipc_thread(): debug: received RELAY message
1743690952.341534: 775306-7f7613fff700: cdpl_server_ipc.c:713: in _sv_on_relay(): debug: RELAY message from W1, size = 209
1743690952.341545: 775306-7f7613fff700: cdpl_server_ipc.c:715: in _sv_on_relay(): debug: RELAY message from W1, content = PILOTDONE|saeSession0,1,HSPICE_default|&/mnt/coe/workspace/ece/ece546-spr25/group8/group8_project/simulation/group8,memory_array_write_test,schematic/history_1/simulation/HSPICE_default/HSPICE/nominal/results
1743690952.341599: 775306-7f76117fa700: cdpl_compat_master.c:5948: in cdplMasterLogInfo(): info: [non-CDPL log entry] saeSession0,1,HSPICE_default|&/mnt/coe/workspace/ece/ece546-spr25/group8/group8_project/simulation/group8,memory_array_write_test,schematic/history_1/simulation/HSPICE_default/HSPICE/nominal/results PILOTDONE!
1743690952.356533: 775306-7f7613fff700: cdpl_server_ipc.c:1251: in _sv_ipc_thread(): debug: received FINISH message
1743690952.356549: 775306-7f7613fff700: cdpl_server_ipc.c:983: in _sv_on_finish(): info: worker W1 completed task T0
1743690952.356553: 775306-7f7613fff700: cdpl_server_ipc.c:988: in _sv_on_finish(): debug: stat T0: utime=16435 stime=3195
1743690952.356557: 775306-7f7613fff700: cdpl_server_ipc.c:993: in _sv_on_finish(): debug: statm T0: vsize=2867656 rss=1060236 shared=520780 text=474784 data=733152
1743690952.383097: 775306-7f7613fff700: cdpl_server_ipc.c:1268: in _sv_ipc_thread(): debug: received RELAY message
1743690952.383110: 775306-7f7613fff700: cdpl_server_ipc.c:713: in _sv_on_relay(): debug: RELAY message from W1, size = 47
1743690952.383115: 775306-7f7613fff700: cdpl_server_ipc.c:715: in _sv_on_relay(): debug: RELAY message from W1, content = WORKERDU|108,dc2isi00nfs.oit.ncsu.edu:/coe_nfs
1743690955.933991: 775306-7f764f66f540: cdpl_server.c:3008: in cdpl_sv_halt_job_errno(): info: killing job J1
1743690955.935274: 775306-7f764f66f540: cdpl_server.c:3044: in cdpl_sv_halt_job_errno(): debug: signal bin B1 scheduler to stop
1743690955.935337: 775306-7f75fb7fe700: cdpl_server_sched.c:2484: in _sv_scheduler_thread(): debug: scheduler for bin B1 stopped
1743690955.935381: 775306-7f75fb7fe700: cdpl_ipc.c:1657: in _host_drop__UNSAFE(): debug: dropping host `152.14.98.7:52192'
1743690955.935449: 775306-7f75fb7fe700: cdpl_server_sched.c:2830: in _sv_drop_worker(): info: down to 0 alive workers in B1
1743690955.935465: 775306-7f75fb7fe700: cdpl_farm.c:4152: in cdpl_farm_dismiss(): debug: down to 0 running processes
1743690955.935482: 775306-7f75fb7fe700: cdpl_server_sched.c:121: in _free_worker_2(): debug: freeing worker W1
1743690955.935492: 775306-7f7613fff700: cdpl_server_ipc.c:1236: in _sv_ipc_thread(): debug: received DROP notification
1743690955.935506: 775306-7f75fb7fe700: cdpl_ipc.c:2513: in cdpl_ipc_host_release(): debug: releasing host `152.14.98.7:52192'
1743690955.935538: 775306-7f764f66f540: cdpl_server.c:294: in _sv_free_job(): info: freeing job J1
1743690955.935545: 775306-7f764f66f540: cdpl_server.c:92: in _sv_free_bin(): debug: freeing bin B1
1743690955.935555: 775306-7f764f66f540: cdpl_server.c:184: in _sv_free_task(): debug: freeing task T0
1743690955.935619: 775306-7f764f66f540: cdpl_monitor.c:515: in cdpl_mn_kill(): info: killing monitor
1743690955.935633: 775306-7f764f66f540: cdpl_ipc.c:3677: in cdpl_ipc_kill(): debug: stopping event server
1743690955.935663: 775306-7f7612ffd700: cdpl_ipc.c:2460: in _epoll_main(): debug: server going down...
1743690955.935734: 775306-7f7624a5a700: cdpl_ipc.c:775: in _readv(): warning: read(): EOF
1743690955.935787: 775306-7f7624a5a700: cdpl_ipc.c:2100: in _epoll_recv(): debug: _readv(): Broken pipe
1743690955.935794: 775306-7f7624a5a700: cdpl_ipc.c:2424: in _epoll_main(): debug: _epoll_recv(): Broken pipe
1743690955.935801: 775306-7f7624a5a700: cdpl_ipc.c:1657: in _host_drop__UNSAFE(): debug: dropping host `152.14.98.7:52188'
1743690955.935869: 775306-7f7624a5a700: cdpl_ipc.c:1582: in _host_free__UNSAFE(): debug: freeing host `152.14.98.7:52192'
1743690955.935875: 775306-7f7624a5a700: cdpl_ipc.c:1621: in _host_free__UNSAFE(): debug: [0 outq, 0 spR, 0 spW]
1743690955.935888: 775306-7f7613fff700: cdpl_server_ipc.c:1236: in _sv_ipc_thread(): debug: received DROP notification
1743690955.935914: 775306-7f76137fe700: cdpl_ipc.c:3728: in cdpl_ipc_free(): debug: releasing IPC handle
1743690955.935938: 775306-7f76137fe700: cdpl_ipc.c:1582: in _host_free__UNSAFE(): debug: freeing host `152.14.98.7:42943'
1743690955.935945: 775306-7f76137fe700: cdpl_ipc.c:1621: in _host_free__UNSAFE(): debug: [0 outq, 0 spR, 0 spW]
1743690955.935952: 775306-7f7613fff700: cdpl_monitor.c:1269: in cdpl_mn_drop(): debug: detaching from monitor `152.14.98.7:52188'
1743690955.935962: 775306-7f7613fff700: cdpl_monitor.c:1101: in mn_systat_stop(): debug: joining systat thread
1743690955.935972: 775306-7f76137fe700: cdpl_ipc.c:1582: in _host_free__UNSAFE(): debug: freeing host `152.14.98.7:45163'
1743690955.935977: 775306-7f76137fe700: cdpl_ipc.c:1621: in _host_free__UNSAFE(): debug: [0 outq, 0 spR, 0 spW]
1743690955.935989: 775306-7f76137fe700: cdpl_ipc.c:3756: in cdpl_ipc_free(): warning: 2 host(s) were not released
1743690955.936012: 775306-7f76137fe700: cdpl_ipc.c:3767: in cdpl_ipc_free(): debug: done
1743690955.936017: 775306-7f76137fe700: cdpl_monitor.c:1390: in cdpl_mn_free(): debug: freeing monitor client
1743690955.936025: 775306-7f7611ffb700: cdpl_monitor.c:1079: in mn_systat(): debug: exiting
1743690955.936042: 775306-7f7613fff700: cdpl_monitor.c:1103: in mn_systat_stop(): debug: systat thread done
1743690955.936048: 775306-7f7613fff700: cdpl_ipc.c:2513: in cdpl_ipc_host_release(): debug: releasing host `152.14.98.7:52188'
1743690955.936864: 775306-7f764f66f540: cdpl_farm.c:2740: in cdpl_farm_free(): info: freeing farm
1743690955.936897: 775306-7f75faffd700: cdpl_farm.c:2231: in _schedule(): debug: end of idling
1743690955.936905: 775306-7f75faffd700: cdpl_farm.c:2235: in _schedule(): debug: dying
1743690955.936993: 775306-7f764f66f540: cdpl_farm.c:913: in _killall(): debug: killing all remaining commands
1743690955.937033: 775306-7f764f66f540: cdpl_server.c:3144: in cdpl_sv_free(): info: freeing server S481954500
1743690955.937064: 775306-7f764f66f540: cdpl_server.c:3109: in cdpl_sv_kill_errno(): info: killing server
1743690955.937068: 775306-7f764f66f540: cdpl_ipc.c:3677: in cdpl_ipc_kill(): debug: stopping event server
1743690955.937093: 775306-7f7613fff700: cdpl_server_ipc.c:1200: in _sv_ipc_thread(): debug: leaving now
1743690955.937110: 775306-7f764f66f540: cdpl_server.c:334: in _sv_free_master(): info: freeing master M1
1743690955.937122: 775306-7f7624a5a700: cdpl_ipc.c:2460: in _epoll_main(): debug: server going down...
1743690955.937150: 775306-7f764f66f540: cdpl_hash.c:68: in cdpl_h_destroy(): debug: put operations: 1
1743690955.937158: 775306-7f764f66f540: cdpl_hash.c:69: in cdpl_h_destroy(): debug: put collisions: 0
1743690955.937161: 775306-7f764f66f540: cdpl_hash.c:70: in cdpl_h_destroy(): debug: get operations: 1
1743690955.937164: 775306-7f764f66f540: cdpl_hash.c:71: in cdpl_h_destroy(): debug: get iterations: 1
1743690955.937181: 775306-7f764f66f540: cdpl_monitor.c:1390: in cdpl_mn_free(): debug: freeing monitor server
1743690955.937188: 775306-7f764f66f540: cdpl_ipc.c:3728: in cdpl_ipc_free(): debug: releasing IPC handle
1743690955.937195: 775306-7f764f66f540: cdpl_ipc.c:1582: in _host_free__UNSAFE(): debug: freeing host `152.14.98.7:52188'
1743690955.937200: 775306-7f764f66f540: cdpl_ipc.c:1621: in _host_free__UNSAFE(): debug: [0 outq, 0 spR, 0 spW]
1743690955.937262: 775306-7f764f66f540: cdpl_ipc.c:3767: in cdpl_ipc_free(): debug: done
1743690955.937283: 775306-7f764f66f540: cdpl_log.c:481: in cdpl_log_close(): info: @@end_of_log@@
