1742791796.091567: 871881-7f7f9dd5e540: cdpl_log.c:337: in cdpl_log_open(): info: @@start_of_log@@
1742791796.091665: 871881-7f7f9dd5e540: cdpl_log.c:1058: in cdpl_log_dump_sysinfo(): info: time: 2025/03/24 00:49:56 EDT -0400
1742791796.091678: 871881-7f7f9dd5e540: cdpl_log.c:1060: in cdpl_log_dump_sysinfo(): info: version: W-2024.09-SP1-2 
1742791796.091685: 871881-7f7f9dd5e540: cdpl_log.c:1062: in cdpl_log_dump_sysinfo(): info: system: Linux 4.18.0-553.44.1.el8_10.x86_64 #1 SMP Wed Mar 5 10:48:41 EST 2025
1742791796.091691: 871881-7f7f9dd5e540: cdpl_log.c:1067: in cdpl_log_dump_sysinfo(): info: processor: x86_64 64-bits
1742791796.091696: 871881-7f7f9dd5e540: cdpl_log.c:1071: in cdpl_log_dump_sysinfo(): info: hostname: grendel41.ece.ncsu.edu
1742791796.091701: 871881-7f7f9dd5e540: cdpl_log.c:1073: in cdpl_log_dump_sysinfo(): info: program name: custom_shell
1742791796.091712: 871881-7f7f9dd5e540: cdpl_log.c:340: in cdpl_log_open(): debug: path: /mnt/coe/workspace/ece/ece546-spr25/group8/group8_project/synopsys_custom/pwdp_jobs/saeSession1_HSPICEdefault.SimulationSimulation_cdpl.0.871881/logs/master.grendel41.ece.ncsu.edu.871881.log
1742791796.091718: 871881-7f7f9dd5e540: cdpl_log.c:341: in cdpl_log_open(): debug: dir: /mnt/coe/workspace/ece/ece546-spr25/group8/group8_project/synopsys_custom/pwdp_jobs/saeSession1_HSPICEdefault.SimulationSimulation_cdpl.0.871881/logs
1742791796.091823: 871881-7f7f9dd5e540: cdpl_server.c:536: in cdpl_sv_init(): info: new server S1821556111
1742791796.091846: 871881-7f7f9dd5e540: cdpl_ipc.c:3475: in cdpl_ipc_init(): info: requesting IPv4 protocol
1742791796.097644: 871881-7f7f9dd5e540: cdpl_ipc.c:837: in _selectaddrfamily(): info: selected IPv4 protocol
1742791796.097746: 871881-7f7f9dd5e540: cdpl_ipc.c:1139: in _set_keepalive(): info: TCP keep alive interval: 300
1742791796.100639: 871881-7f7f9dd5e540: cdpl_monitor.c:1117: in cdpl_mn_new_server(): info: creating server monitor instance
1742791796.100707: 871881-7f7f9dd5e540: cdpl_server.c:650: in cdpl_sv_new_master(): info: new master M1
1742791796.100744: 871881-7f7f9dd5e540: cdpl_server.c:6533: in cdpl_sv_ctl_master(): info: Setting worker heartbeat to 120 seconds
1742791796.100750: 871881-7f7f9dd5e540: cdpl_server.c:6542: in cdpl_sv_ctl_master(): info: Setting worker heartbeat timeout to 3 heartbeats
1742791796.100759: 871881-7f7f9dd5e540: cdpl_compat_master.c:2090: in _parse_hostfile(): info: reading hostfile `/mnt/coe/workspace/ece/ece546-spr25/group8/group8_project/synopsys_custom/pwdp_jobs/saeSession1_HSPICEdefault.SimulationSimulation_cdpl.0.871881/host_file'
1742791796.110785: 871881-7f7f9dd5e540: cdpl_compat_master.c:1900: in _hostfile_parser(): debug: parsing "1     |localhost|   -1  | /tmp | SH | sh"
1742791796.110857: 871881-7f7f9dd5e540: cdpl_farm.c:2578: in cdpl_farm_new_sh(): info: creating SH farm on localhost
1742791796.110883: 871881-7f7f9dd5e540: cdpl_compat_master.c:206: in _set_farm_env(): info: exporting CDPL_LOGDIR as `/mnt/coe/workspace/ece/ece546-spr25/group8/group8_project/synopsys_custom/pwdp_jobs/saeSession1_HSPICEdefault.SimulationSimulation_cdpl.0.871881/logs'
1742791796.110890: 871881-7f7f9dd5e540: cdpl_compat_master.c:212: in _set_farm_env(): info: exporting CDPL_TMPDIR as `/tmp'
1742791796.110897: 871881-7f7f9dd5e540: cdpl_compat_master.c:219: in _set_farm_env(): info: exporting CDPL_HOME as `/mnt/apps/public/COE/synopsys_apps/hspice/W-2024.09-SP1/hspice/cdpl'
1742791796.110905: 871881-7f7f9dd5e540: cdpl_compat_master.c:235: in _set_farm_env(): info: exporting SNPSLMD_LICENSE_FILE as `27000@ece-lic-35.ece.ncsu.edu'
1742791796.110913: 871881-7f7f9dd5e540: cdpl_compat_master.c:259: in _set_farm_env(): info: exporting CDPL_OPTIONS as `[nowlogs]'
1742791796.110918: 871881-7f7f9dd5e540: cdpl_compat_master.c:266: in _set_farm_env(): info: exporting DISPLAY as `unix:8310'
1742791796.110923: 871881-7f7f9dd5e540: cdpl_compat_master.c:274: in _set_farm_env(): info: exporting CDPL_HEARTBEAT as `120'
1742791796.110986: 871881-7f7f9dd5e540: cdpl_farm.c:3149: in cdpl_farm_add_withdir(): debug: added `localhost' (capacity: unlimited)
1742791796.111010: 871881-7f7f9dd5e540: cdpl_compat_parse.c:147: in parsefile(): debug: read `/mnt/coe/workspace/ece/ece546-spr25/group8/group8_project/synopsys_custom/pwdp_jobs/saeSession1_HSPICEdefault.SimulationSimulation_cdpl.0.871881/host_file', 2 lines
1742791796.111018: 871881-7f7f9dd5e540: cdpl_compat_master.c:2931: in cdplInitMaster(): info: bcast dir is `/mnt/coe/workspace/ece/ece546-spr25/group8/group8_project/synopsys_custom/pwdp_jobs/saeSession1_HSPICEdefault.SimulationSimulation_cdpl.0.871881/logs'
1742791796.118054: 871881-7f7f9dd5e540: cdpl_server.c:6433: in cdpl_sv_ctl_master(): info: farm worker timeout set to 300
1742791796.118070: 871881-7f7f9dd5e540: cdpl_server.c:6486: in cdpl_sv_ctl_master(): info: maximum number of task execution attempts set to 1
1742791796.118136: 871881-7f7f9dd5e540: cdpl_server.c:3195: in cdpl_sv_start(): debug: starting server
1742791796.118153: 871881-7f7f9dd5e540: cdpl_ipc.c:3632: in cdpl_ipc_start(): debug: starting IPC server 152.14.98.56:45051
1742791796.118671: 871881-7f7f6678b700: cdpl_server_ipc.c:1182: in _sv_ipc_thread(): debug: ready
1742791796.118969: 871881-7f7f65f8a700: cdpl_monitor.c:426: in cdpl_mn_init_client(): info: creating client monitor instance
1742791796.119013: 871881-7f7f65f8a700: cdpl_ipc.c:3475: in cdpl_ipc_init(): info: requesting IPv4 protocol
1742791796.124875: 871881-7f7f65f8a700: cdpl_ipc.c:837: in _selectaddrfamily(): info: selected IPv4 protocol
1742791796.124954: 871881-7f7f65f8a700: cdpl_ipc.c:1139: in _set_keepalive(): info: TCP keep alive interval: 300
1742791796.127685: 871881-7f7f65f8a700: cdpl_ipc.c:3632: in cdpl_ipc_start(): debug: starting IPC server 152.14.98.56:38371
1742791796.128097: 871881-7f7f65f8a700: cdpl_monitor.c:471: in cdpl_mn_init_client(): debug: incoming messages in /tmp/cdpl-monitor-nIzanT
1742791796.128354: 871881-7f7f65f8a700: cdpl_monitor.c:533: in cdpl_mn_connect(): debug: connecting to 152.14.98.56:45051
1742791796.128372: 871881-7f7f65f8a700: cdpl_ipc.c:3789: in cdpl_ipc_connect(): info: connecting to 152.14.98.56:45051
1742791796.128533: 871881-7f7f65f8a700: cdpl_ipc.c:3860: in cdpl_ipc_connect(): info: connected as `152.14.98.56:54236'
1742791796.128567: 871881-7f7f65f8a700: cdpl_ipc.c:2503: in cdpl_ipc_host_accept(): debug: accepted host `152.14.98.56:45051'
1742791796.128645: 871881-7f7f65f8a700: cdpl_monitor.c:579: in cdpl_mn_connect(): debug: ok
1742791796.128698: 871881-7f7f66f8c700: cdpl_ipc.c:1862: in _epoll_accept(): debug: new connection from `152.14.98.56:54236'
1742791796.128746: 871881-7f7f9dd5e540: cdpl_server.c:731: in cdpl_sv_new_job(): info: new job J1 in M1
1742791796.128837: 871881-7f7f9dd5e540: cdpl_compat_master.c:1581: in _add_worker(): info: new worker type 10, min:1, max:3, cmd:`/mnt/coe/workspace/ece/ece546-spr25/group8/group8_project/synopsys_custom/pwdp_jobs/saeSession1_HSPICEdefault.SimulationSimulation_cdpl.0.871881/START_WORKER pw_worker -i /mnt/coe/workspace/ece/ece546-spr25/group8/gr
1742791796.128886: 871881-7f7f9dd5e540: cdpl_server.c:908: in cdpl_sv_new_bin_withfarm(): info: new bin B1 in J1
1742791796.128916: 871881-7f7f6678b700: cdpl_server_ipc.c:1225: in _sv_ipc_thread(): debug: received ACCEPT notification
1742791796.128970: 871881-7f7f6678b700: cdpl_ipc.c:2503: in cdpl_ipc_host_accept(): debug: accepted host `152.14.98.56:54236'
1742791796.129183: 871881-7f7f6678b700: cdpl_server_ipc.c:1256: in _sv_ipc_thread(): debug: received MONITOR message
1742791796.129759: 871881-7f7f6678b700: cdpl_monitor.c:1207: in cdpl_mn_accept(): debug: accepted monitor `152.14.98.56:54236'
1742791796.129787: 871881-7f7f6678b700: cdpl_server_ipc_mon.c:120: in _globalLOCK(): debug: ENTERTING GLOBAL LOCK
1742791796.129794: 871881-7f7f6678b700: cdpl_server_ipc_mon.c:164: in _globalLOCK(): debug: global lock acquired
1742791796.129877: 871881-7f7f577fe700: cdpl_monitor.c:910: in mn_systat(): debug: started
1742791796.130808: 871881-7f7f577fe700: cdpl_monitor.c:937: in mn_systat(): debug: monitor server flush rate: 5
1742791798.542519: 871881-7f7f6678b700: cdpl_server_ipc_mon.c:210: in _globalUNLOCK(): debug: LEAVING GLOBAL LOCK
1742791798.542664: 871881-7f7f9dd5e540: cdpl_server.c:3249: in cdpl_sv_start_job(): info: starting job J1
1742791798.542742: 871881-7f7f9dd5e540: cdpl_server.c:62: in _sv_start_bin(): debug: starting bin B1 (min: 0, max: 3)
1742791798.543237: 871881-7f7f9dd5e540: cdpl_server.c:1893: in _sv_gen_task(): info: new task T0 in B1 (prio 0)
1742791798.543245: 871881-7f7f55ffb700: cdpl_server_sched.c:2482: in _sv_scheduler_thread(): debug: scheduler for bin B1 started
1742791798.543330: 871881-7f7f9dd5e540: cdpl_server.c:2698: in cdpl_sv_label_task_va(): info: setting task T0 label to "HSPICE_1|HSPICE"
1742791798.543446: 871881-7f7f55ffb700: cdpl_server_sched.c:2443: in _scheduler_run(): debug: will start a new worker
1742791798.543567: 871881-7f7f55ffb700: cdpl_farm.c:3977: in cdpl_farm_submit(): debug: 1 running processes
1742791798.543576: 871881-7f7f55ffb700: cdpl_farm.c:3985: in cdpl_farm_submit(): debug: new command C1 in bin B1 assigned to host `localhost'
1742791798.543792: 871881-7f7f55ffb700: cdpl_server_sched.c:705: in _sv_launch_worker(): info: started worker W1 (as C1) in bin B1
1742791798.543841: 871881-7f7f557fa700: cdpl_farm.c:2139: in _schedule(): debug: started
1742791798.543870: 871881-7f7f557fa700: cdpl_farm.c:2303: in _schedule(): debug: submitting command C1 in bin B1
1742791798.543914: 871881-7f7f557fa700: cdpl_sh.c:49: in _sh_detached_submit(): info: SH : /mnt/coe/workspace/ece/ece546-spr25/group8/group8_project/synopsys_custom/pwdp_jobs/saeSession1_HSPICEdefault.SimulationSimulation_cdpl.0.871881/START_WORKER pw_worker -i /mnt/coe/workspace/ece/ece546-spr25/group8/group8_project/synopsys_custom/pwdp_jobs/saeSession1_HSPICEdefault.SimulationSimulation_cdpl.0.871881 -t 10000
1742791798.553053: 871881-7f7f557fa700: cdpl_farm.c:2343: in _schedule(): debug: C1 in bin B1 running on slot 0
1742791798.553084: 871881-7f7f557fa700: cdpl_farm.c:2167: in _schedule(): debug: idle
1742791798.853180: 871881-7f7f557fa700: cdpl_farm.c:1193: in _onexit(): debug: C1 in bin B1 exited normally on slot 0
1742791801.249332: 871881-7f7f9dd5e540: cdpl_compat_master.c:5948: in cdplMasterLogInfo(): info: [non-CDPL log entry] PWDP3: reset pilot cache succeeded, pilot_key=saeSession1,1,HSPICE_default|&/mnt/coe/workspace/ece/ece546-spr25/group8/group8_project/simulation/group8,tspc_neg_ff_tb,schematic/history_1/simulation/HSPICE_default/HSPICE/nominal/results
1742791802.128581: 871881-7f7f56ffd700: cdpl_compat_master.c:5948: in cdplMasterLogInfo(): info: [non-CDPL log entry] PWDP - no-workers started ok check start!
1742791815.538585: 871881-7f7f66f8c700: cdpl_ipc.c:1862: in _epoll_accept(): debug: new connection from `152.14.98.56:38438'
1742791815.541819: 871881-7f7f6678b700: cdpl_server_ipc.c:1225: in _sv_ipc_thread(): debug: received ACCEPT notification
1742791815.541865: 871881-7f7f6678b700: cdpl_ipc.c:2503: in cdpl_ipc_host_accept(): debug: accepted host `152.14.98.56:38438'
1742791815.541902: 871881-7f7f6678b700: cdpl_server_ipc.c:1246: in _sv_ipc_thread(): debug: received HELLO message
1742791815.541909: 871881-7f7f6678b700: cdpl_server_ipc.c:430: in _sv_on_hello(): debug: looking up W1
1742791815.541916: 871881-7f7f6678b700: cdpl_server_ipc.c:540: in _sv_on_hello(): info: W1 is `152.14.98.56:38438'
1742791815.541921: 871881-7f7f6678b700: cdpl_server_ipc.c:541: in _sv_on_hello(): debug: hello W1 (B1)
1742791815.541926: 871881-7f7f6678b700: cdpl_server_ipc.c:542: in _sv_on_hello(): info: W1 log file is /dev/null
1742791815.542036: 871881-7f7f6678b700: cdpl_server_ipc.c:602: in _sv_on_hello(): info: up to 1 alive workers in B1
1742791815.542057: 871881-7f7f6678b700: cdpl_farm.c:878: in _release_cmd(): debug: freeing command C1 in bin B1
1742791815.542162: 871881-7f7f55ffb700: cdpl_server_sched.c:960: in _assign(): info: assigning task T0 to worker W1
1742791815.972837: 871881-7f7f6678b700: cdpl_server_ipc.c:1268: in _sv_ipc_thread(): debug: received RELAY message
1742791815.972891: 871881-7f7f6678b700: cdpl_server_ipc.c:713: in _sv_on_relay(): debug: RELAY message from W1, size = 58
1742791815.972913: 871881-7f7f6678b700: cdpl_server_ipc.c:715: in _sv_on_relay(): debug: RELAY message from W1, content = 0$884988 grendel41.ece.ncsu.edu 885991 RUNNING 1742791815
1742791816.138668: 871881-7f7f65f8a700: cdpl_monitor.c:533: in cdpl_mn_connect(): debug: connecting to 152.14.98.56:44545
1742791816.138696: 871881-7f7f65f8a700: cdpl_ipc.c:3789: in cdpl_ipc_connect(): info: connecting to 152.14.98.56:44545
1742791816.139037: 871881-7f7f65f8a700: cdpl_ipc.c:3860: in cdpl_ipc_connect(): info: connected as `152.14.98.56:52656'
1742791816.139059: 871881-7f7f65f8a700: cdpl_ipc.c:2503: in cdpl_ipc_host_accept(): debug: accepted host `152.14.98.56:44545'
1742791816.139075: 871881-7f7f65f8a700: cdpl_monitor.c:579: in cdpl_mn_connect(): debug: ok
1742791816.539521: 871881-7f7f6678b700: cdpl_server_ipc.c:312: in _sv_on_heartbeat(): debug: received HEARTBEAT from worker W1 at 152.14.98.56:38438
1742791834.983628: 871881-7f7f6678b700: cdpl_server_ipc.c:1268: in _sv_ipc_thread(): debug: received RELAY message
1742791834.986987: 871881-7f7f6678b700: cdpl_server_ipc.c:713: in _sv_on_relay(): debug: RELAY message from W1, size = 47
1742791834.987005: 871881-7f7f6678b700: cdpl_server_ipc.c:715: in _sv_on_relay(): debug: RELAY message from W1, content = WORKERDU|394,dc2isi00nfs.oit.ncsu.edu:/coe_nfs
1742791834.987023: 871881-7f7f6678b700: cdpl_server_ipc.c:1268: in _sv_ipc_thread(): debug: received RELAY message
1742791834.987029: 871881-7f7f6678b700: cdpl_server_ipc.c:713: in _sv_on_relay(): debug: RELAY message from W1, size = 202
1742791834.987035: 871881-7f7f6678b700: cdpl_server_ipc.c:715: in _sv_on_relay(): debug: RELAY message from W1, content = REQPILOT|saeSession1,1,HSPICE_default|&/mnt/coe/workspace/ece/ece546-spr25/group8/group8_project/simulation/group8,tspc_neg_ff_tb,schematic/history_1/simulation/HSPICE_default/HSPICE/nominal/results|&0
1742791834.987290: 871881-7f7f57fff700: cdpl_compat_master.c:5948: in cdplMasterLogInfo(): info: [non-CDPL log entry] PWDP send back 'DOPILOT' to worker id:1 key: saeSession1,1,HSPICE_default|&/mnt/coe/workspace/ece/ece546-spr25/group8/group8_project/simulation/group8,tspc_neg_ff_tb,schematic/history_1/simulation/HSPICE_default/HSPICE/nominal/results
1742791834.998442: 871881-7f7f57fff700: cdpl_compat_master.c:5948: in cdplMasterLogInfo(): info: [non-CDPL log entry] PWDP: set pilot doing!
1742791835.016977: 871881-7f7f6678b700: cdpl_server_ipc.c:1268: in _sv_ipc_thread(): debug: received RELAY message
1742791835.017007: 871881-7f7f6678b700: cdpl_server_ipc.c:713: in _sv_on_relay(): debug: RELAY message from W1, size = 198
1742791835.017016: 871881-7f7f6678b700: cdpl_server_ipc.c:715: in _sv_on_relay(): debug: RELAY message from W1, content = PILOTOK|saeSession1,1,HSPICE_default|&/mnt/coe/workspace/ece/ece546-spr25/group8/group8_project/simulation/group8,tspc_neg_ff_tb,schematic/history_1/simulation/HSPICE_default/HSPICE/nominal/results
1742791835.017151: 871881-7f7f57fff700: cdpl_compat_master.c:5948: in cdplMasterLogInfo(): info: [non-CDPL log entry] PWDP: set pilot done!
1742791835.017755: 871881-7f7f6678b700: cdpl_server_ipc.c:1268: in _sv_ipc_thread(): debug: received RELAY message
1742791835.017785: 871881-7f7f6678b700: cdpl_server_ipc.c:713: in _sv_on_relay(): debug: RELAY message from W1, size = 18
1742791835.017793: 871881-7f7f6678b700: cdpl_server_ipc.c:715: in _sv_on_relay(): debug: RELAY message from W1, content = 0$- - - MEASDOING
1742791839.884340: 871881-7f7f6678b700: cdpl_server_ipc.c:1268: in _sv_ipc_thread(): debug: received RELAY message
1742791839.887634: 871881-7f7f6678b700: cdpl_server_ipc.c:713: in _sv_on_relay(): debug: RELAY message from W1, size = 70
1742791839.887652: 871881-7f7f6678b700: cdpl_server_ipc.c:715: in _sv_on_relay(): debug: RELAY message from W1, content = 0$884988 grendel41.ece.ncsu.edu 885991 FINISHED 1742791815|1742791839
1742791839.922466: 871881-7f7f6678b700: cdpl_server_ipc.c:1268: in _sv_ipc_thread(): debug: received RELAY message
1742791839.922497: 871881-7f7f6678b700: cdpl_server_ipc.c:713: in _sv_on_relay(): debug: RELAY message from W1, size = 200
1742791839.922522: 871881-7f7f6678b700: cdpl_server_ipc.c:715: in _sv_on_relay(): debug: RELAY message from W1, content = PILOTDONE|saeSession1,1,HSPICE_default|&/mnt/coe/workspace/ece/ece546-spr25/group8/group8_project/simulation/group8,tspc_neg_ff_tb,schematic/history_1/simulation/HSPICE_default/HSPICE/nominal/results
1742791839.922571: 871881-7f7f57fff700: cdpl_compat_master.c:5948: in cdplMasterLogInfo(): info: [non-CDPL log entry] saeSession1,1,HSPICE_default|&/mnt/coe/workspace/ece/ece546-spr25/group8/group8_project/simulation/group8,tspc_neg_ff_tb,schematic/history_1/simulation/HSPICE_default/HSPICE/nominal/results PILOTDONE!
1742791839.955072: 871881-7f7f6678b700: cdpl_server_ipc.c:1251: in _sv_ipc_thread(): debug: received FINISH message
1742791839.955104: 871881-7f7f6678b700: cdpl_server_ipc.c:983: in _sv_on_finish(): info: worker W1 completed task T0
1742791839.955113: 871881-7f7f6678b700: cdpl_server_ipc.c:988: in _sv_on_finish(): debug: stat T0: utime=9662 stime=5037
1742791839.955120: 871881-7f7f6678b700: cdpl_server_ipc.c:993: in _sv_on_finish(): debug: statm T0: vsize=2866104 rss=1059276 shared=519324 text=474784 data=731444
1742791840.006617: 871881-7f7f6678b700: cdpl_server_ipc.c:1268: in _sv_ipc_thread(): debug: received RELAY message
1742791840.006647: 871881-7f7f6678b700: cdpl_server_ipc.c:713: in _sv_on_relay(): debug: RELAY message from W1, size = 47
1742791840.006655: 871881-7f7f6678b700: cdpl_server_ipc.c:715: in _sv_on_relay(): debug: RELAY message from W1, content = WORKERDU|108,dc2isi00nfs.oit.ncsu.edu:/coe_nfs
1742791846.535798: 871881-7f7f9dd5e540: cdpl_server.c:3008: in cdpl_sv_halt_job_errno(): info: killing job J1
1742791846.538983: 871881-7f7f9dd5e540: cdpl_server.c:3044: in cdpl_sv_halt_job_errno(): debug: signal bin B1 scheduler to stop
1742791846.539121: 871881-7f7f55ffb700: cdpl_server_sched.c:2484: in _sv_scheduler_thread(): debug: scheduler for bin B1 stopped
1742791846.539181: 871881-7f7f55ffb700: cdpl_ipc.c:1657: in _host_drop__UNSAFE(): debug: dropping host `152.14.98.56:38438'
1742791846.539298: 871881-7f7f55ffb700: cdpl_server_sched.c:2830: in _sv_drop_worker(): info: down to 0 alive workers in B1
1742791846.539312: 871881-7f7f6678b700: cdpl_server_ipc.c:1236: in _sv_ipc_thread(): debug: received DROP notification
1742791846.539347: 871881-7f7f55ffb700: cdpl_farm.c:4152: in cdpl_farm_dismiss(): debug: down to 0 running processes
1742791846.539386: 871881-7f7f55ffb700: cdpl_server_sched.c:121: in _free_worker_2(): debug: freeing worker W1
1742791846.539415: 871881-7f7f55ffb700: cdpl_ipc.c:2513: in cdpl_ipc_host_release(): debug: releasing host `152.14.98.56:38438'
1742791846.539492: 871881-7f7f9dd5e540: cdpl_server.c:294: in _sv_free_job(): info: freeing job J1
1742791846.539519: 871881-7f7f9dd5e540: cdpl_server.c:92: in _sv_free_bin(): debug: freeing bin B1
1742791846.539534: 871881-7f7f9dd5e540: cdpl_server.c:184: in _sv_free_task(): debug: freeing task T0
1742791846.539628: 871881-7f7f9dd5e540: cdpl_monitor.c:515: in cdpl_mn_kill(): info: killing monitor
1742791846.539645: 871881-7f7f9dd5e540: cdpl_ipc.c:3677: in cdpl_ipc_kill(): debug: stopping event server
1742791846.539761: 871881-7f7f66f8c700: cdpl_ipc.c:775: in _readv(): warning: read(): EOF
1742791846.539781: 871881-7f7f65789700: cdpl_ipc.c:2460: in _epoll_main(): debug: server going down...
1742791846.539813: 871881-7f7f66f8c700: cdpl_ipc.c:2100: in _epoll_recv(): debug: _readv(): Broken pipe
1742791846.539822: 871881-7f7f66f8c700: cdpl_ipc.c:2424: in _epoll_main(): debug: _epoll_recv(): Broken pipe
1742791846.539831: 871881-7f7f66f8c700: cdpl_ipc.c:1657: in _host_drop__UNSAFE(): debug: dropping host `152.14.98.56:54236'
1742791846.539916: 871881-7f7f66f8c700: cdpl_ipc.c:1582: in _host_free__UNSAFE(): debug: freeing host `152.14.98.56:38438'
1742791846.539924: 871881-7f7f66f8c700: cdpl_ipc.c:1621: in _host_free__UNSAFE(): debug: [0 outq, 0 spR, 0 spW]
1742791846.539965: 871881-7f7f6678b700: cdpl_server_ipc.c:1236: in _sv_ipc_thread(): debug: received DROP notification
1742791846.540013: 871881-7f7f6678b700: cdpl_monitor.c:1269: in cdpl_mn_drop(): debug: detaching from monitor `152.14.98.56:54236'
1742791846.540044: 871881-7f7f6678b700: cdpl_monitor.c:1101: in mn_systat_stop(): debug: joining systat thread
1742791846.540246: 871881-7f7f577fe700: cdpl_monitor.c:1079: in mn_systat(): debug: exiting
1742791846.540281: 871881-7f7f6678b700: cdpl_monitor.c:1103: in mn_systat_stop(): debug: systat thread done
1742791846.540291: 871881-7f7f6678b700: cdpl_ipc.c:2513: in cdpl_ipc_host_release(): debug: releasing host `152.14.98.56:54236'
1742791846.540391: 871881-7f7f65f8a700: cdpl_ipc.c:3728: in cdpl_ipc_free(): debug: releasing IPC handle
1742791846.540417: 871881-7f7f65f8a700: cdpl_ipc.c:1582: in _host_free__UNSAFE(): debug: freeing host `152.14.98.56:44545'
1742791846.540425: 871881-7f7f65f8a700: cdpl_ipc.c:1621: in _host_free__UNSAFE(): debug: [0 outq, 0 spR, 0 spW]
1742791846.540458: 871881-7f7f65f8a700: cdpl_ipc.c:1582: in _host_free__UNSAFE(): debug: freeing host `152.14.98.56:45051'
1742791846.540463: 871881-7f7f65f8a700: cdpl_ipc.c:1621: in _host_free__UNSAFE(): debug: [0 outq, 0 spR, 0 spW]
1742791846.540479: 871881-7f7f65f8a700: cdpl_ipc.c:3756: in cdpl_ipc_free(): warning: 2 host(s) were not released
1742791846.540507: 871881-7f7f65f8a700: cdpl_ipc.c:3767: in cdpl_ipc_free(): debug: done
1742791846.540513: 871881-7f7f65f8a700: cdpl_monitor.c:1390: in cdpl_mn_free(): debug: freeing monitor client
1742791846.540855: 871881-7f7f9dd5e540: cdpl_farm.c:2740: in cdpl_farm_free(): info: freeing farm
1742791846.541001: 871881-7f7f557fa700: cdpl_farm.c:2231: in _schedule(): debug: end of idling
1742791846.541027: 871881-7f7f557fa700: cdpl_farm.c:2235: in _schedule(): debug: dying
1742791846.541269: 871881-7f7f9dd5e540: cdpl_farm.c:913: in _killall(): debug: killing all remaining commands
1742791846.541330: 871881-7f7f9dd5e540: cdpl_server.c:3144: in cdpl_sv_free(): info: freeing server S1821556111
1742791846.541372: 871881-7f7f9dd5e540: cdpl_server.c:3109: in cdpl_sv_kill_errno(): info: killing server
1742791846.541378: 871881-7f7f9dd5e540: cdpl_ipc.c:3677: in cdpl_ipc_kill(): debug: stopping event server
1742791846.541406: 871881-7f7f66f8c700: cdpl_ipc.c:2460: in _epoll_main(): debug: server going down...
1742791846.541540: 871881-7f7f6678b700: cdpl_server_ipc.c:1200: in _sv_ipc_thread(): debug: leaving now
1742791846.541673: 871881-7f7f9dd5e540: cdpl_server.c:334: in _sv_free_master(): info: freeing master M1
1742791846.541718: 871881-7f7f9dd5e540: cdpl_hash.c:68: in cdpl_h_destroy(): debug: put operations: 1
1742791846.541726: 871881-7f7f9dd5e540: cdpl_hash.c:69: in cdpl_h_destroy(): debug: put collisions: 0
1742791846.541731: 871881-7f7f9dd5e540: cdpl_hash.c:70: in cdpl_h_destroy(): debug: get operations: 1
1742791846.541735: 871881-7f7f9dd5e540: cdpl_hash.c:71: in cdpl_h_destroy(): debug: get iterations: 1
1742791846.541772: 871881-7f7f9dd5e540: cdpl_monitor.c:1390: in cdpl_mn_free(): debug: freeing monitor server
1742791846.541778: 871881-7f7f9dd5e540: cdpl_ipc.c:3728: in cdpl_ipc_free(): debug: releasing IPC handle
1742791846.541784: 871881-7f7f9dd5e540: cdpl_ipc.c:1582: in _host_free__UNSAFE(): debug: freeing host `152.14.98.56:54236'
1742791846.541791: 871881-7f7f9dd5e540: cdpl_ipc.c:1621: in _host_free__UNSAFE(): debug: [0 outq, 0 spR, 0 spW]
1742791846.541832: 871881-7f7f9dd5e540: cdpl_ipc.c:3767: in cdpl_ipc_free(): debug: done
1742791846.541848: 871881-7f7f9dd5e540: cdpl_log.c:481: in cdpl_log_close(): info: @@end_of_log@@
