1744495835.836279: 2698408-7f0174869540: cdpl_log.c:337: in cdpl_log_open(): info: @@start_of_log@@
1744495835.836351: 2698408-7f0174869540: cdpl_log.c:1058: in cdpl_log_dump_sysinfo(): info: time: 2025/04/12 18:10:35 EDT -0400
1744495835.836361: 2698408-7f0174869540: cdpl_log.c:1060: in cdpl_log_dump_sysinfo(): info: version: W-2024.09-SP1-2 
1744495835.836369: 2698408-7f0174869540: cdpl_log.c:1062: in cdpl_log_dump_sysinfo(): info: system: Linux 4.18.0-553.47.1.el8_10.x86_64 #1 SMP Thu Mar 20 10:01:53 EDT 2025
1744495835.836375: 2698408-7f0174869540: cdpl_log.c:1067: in cdpl_log_dump_sysinfo(): info: processor: x86_64 64-bits
1744495835.836380: 2698408-7f0174869540: cdpl_log.c:1071: in cdpl_log_dump_sysinfo(): info: hostname: grendel45.ece.ncsu.edu
1744495835.836384: 2698408-7f0174869540: cdpl_log.c:1073: in cdpl_log_dump_sysinfo(): info: program name: custom_shell
1744495835.836395: 2698408-7f0174869540: cdpl_log.c:340: in cdpl_log_open(): debug: path: /mnt/coe/workspace/ece/ece546-spr25/group8/group8_project/synopsys_custom/pwdp_jobs/saeSession0_HSPICEdefault.SimulationSimulation_cdpl.0.2698408/logs/master.grendel45.ece.ncsu.edu.2698408.log
1744495835.836401: 2698408-7f0174869540: cdpl_log.c:341: in cdpl_log_open(): debug: dir: /mnt/coe/workspace/ece/ece546-spr25/group8/group8_project/synopsys_custom/pwdp_jobs/saeSession0_HSPICEdefault.SimulationSimulation_cdpl.0.2698408/logs
1744495835.836491: 2698408-7f0174869540: cdpl_server.c:536: in cdpl_sv_init(): info: new server S1201471637
1744495835.836512: 2698408-7f0174869540: cdpl_ipc.c:3475: in cdpl_ipc_init(): info: requesting IPv4 protocol
1744495835.840357: 2698408-7f0174869540: cdpl_ipc.c:837: in _selectaddrfamily(): info: selected IPv4 protocol
1744495835.840417: 2698408-7f0174869540: cdpl_ipc.c:1139: in _set_keepalive(): info: TCP keep alive interval: 300
1744495835.844888: 2698408-7f0174869540: cdpl_monitor.c:1117: in cdpl_mn_new_server(): info: creating server monitor instance
1744495835.844934: 2698408-7f0174869540: cdpl_server.c:650: in cdpl_sv_new_master(): info: new master M1
1744495835.844965: 2698408-7f0174869540: cdpl_server.c:6533: in cdpl_sv_ctl_master(): info: Setting worker heartbeat to 120 seconds
1744495835.844971: 2698408-7f0174869540: cdpl_server.c:6542: in cdpl_sv_ctl_master(): info: Setting worker heartbeat timeout to 3 heartbeats
1744495835.844979: 2698408-7f0174869540: cdpl_compat_master.c:2090: in _parse_hostfile(): info: reading hostfile `/mnt/coe/workspace/ece/ece546-spr25/group8/group8_project/synopsys_custom/pwdp_jobs/saeSession0_HSPICEdefault.SimulationSimulation_cdpl.0.2698408/host_file'
1744495835.853576: 2698408-7f0174869540: cdpl_compat_master.c:1900: in _hostfile_parser(): debug: parsing "1     |localhost|   -1  | /tmp | SH | sh"
1744495835.853621: 2698408-7f0174869540: cdpl_farm.c:2578: in cdpl_farm_new_sh(): info: creating SH farm on localhost
1744495835.853641: 2698408-7f0174869540: cdpl_compat_master.c:206: in _set_farm_env(): info: exporting CDPL_LOGDIR as `/mnt/coe/workspace/ece/ece546-spr25/group8/group8_project/synopsys_custom/pwdp_jobs/saeSession0_HSPICEdefault.SimulationSimulation_cdpl.0.2698408/logs'
1744495835.853647: 2698408-7f0174869540: cdpl_compat_master.c:212: in _set_farm_env(): info: exporting CDPL_TMPDIR as `/tmp'
1744495835.853653: 2698408-7f0174869540: cdpl_compat_master.c:219: in _set_farm_env(): info: exporting CDPL_HOME as `/mnt/apps/public/COE/synopsys_apps/hspice/W-2024.09-SP1/hspice/cdpl'
1744495835.853659: 2698408-7f0174869540: cdpl_compat_master.c:235: in _set_farm_env(): info: exporting SNPSLMD_LICENSE_FILE as `27000@ece-lic-35.ece.ncsu.edu'
1744495835.853666: 2698408-7f0174869540: cdpl_compat_master.c:259: in _set_farm_env(): info: exporting CDPL_OPTIONS as `[nowlogs]'
1744495835.853672: 2698408-7f0174869540: cdpl_compat_master.c:266: in _set_farm_env(): info: exporting DISPLAY as `unix:23990'
1744495835.853677: 2698408-7f0174869540: cdpl_compat_master.c:274: in _set_farm_env(): info: exporting CDPL_HEARTBEAT as `120'
1744495835.853713: 2698408-7f0174869540: cdpl_farm.c:3149: in cdpl_farm_add_withdir(): debug: added `localhost' (capacity: unlimited)
1744495835.853729: 2698408-7f0174869540: cdpl_compat_parse.c:147: in parsefile(): debug: read `/mnt/coe/workspace/ece/ece546-spr25/group8/group8_project/synopsys_custom/pwdp_jobs/saeSession0_HSPICEdefault.SimulationSimulation_cdpl.0.2698408/host_file', 2 lines
1744495835.853736: 2698408-7f0174869540: cdpl_compat_master.c:2931: in cdplInitMaster(): info: bcast dir is `/mnt/coe/workspace/ece/ece546-spr25/group8/group8_project/synopsys_custom/pwdp_jobs/saeSession0_HSPICEdefault.SimulationSimulation_cdpl.0.2698408/logs'
1744495835.863011: 2698408-7f0174869540: cdpl_server.c:6433: in cdpl_sv_ctl_master(): info: farm worker timeout set to 300
1744495835.863018: 2698408-7f0174869540: cdpl_server.c:6486: in cdpl_sv_ctl_master(): info: maximum number of task execution attempts set to 1
1744495835.863070: 2698408-7f0174869540: cdpl_server.c:3195: in cdpl_sv_start(): debug: starting server
1744495835.863085: 2698408-7f0174869540: cdpl_ipc.c:3632: in cdpl_ipc_start(): debug: starting IPC server 152.14.98.62:36865
1744495835.863440: 2698408-7f0145436700: cdpl_server_ipc.c:1182: in _sv_ipc_thread(): debug: ready
1744495835.863706: 2698408-7f0144c35700: cdpl_monitor.c:426: in cdpl_mn_init_client(): info: creating client monitor instance
1744495835.863747: 2698408-7f0144c35700: cdpl_ipc.c:3475: in cdpl_ipc_init(): info: requesting IPv4 protocol
1744495835.867987: 2698408-7f0144c35700: cdpl_ipc.c:837: in _selectaddrfamily(): info: selected IPv4 protocol
1744495835.868021: 2698408-7f0144c35700: cdpl_ipc.c:1139: in _set_keepalive(): info: TCP keep alive interval: 300
1744495835.870914: 2698408-7f0144c35700: cdpl_ipc.c:3632: in cdpl_ipc_start(): debug: starting IPC server 152.14.98.62:41605
1744495835.871537: 2698408-7f0144c35700: cdpl_monitor.c:471: in cdpl_mn_init_client(): debug: incoming messages in /tmp/cdpl-monitor-l9JSJD
1744495835.871791: 2698408-7f0144c35700: cdpl_monitor.c:533: in cdpl_mn_connect(): debug: connecting to 152.14.98.62:36865
1744495835.871809: 2698408-7f0144c35700: cdpl_ipc.c:3789: in cdpl_ipc_connect(): info: connecting to 152.14.98.62:36865
1744495835.872083: 2698408-7f0144c35700: cdpl_ipc.c:3860: in cdpl_ipc_connect(): info: connected as `152.14.98.62:52264'
1744495835.872117: 2698408-7f0144c35700: cdpl_ipc.c:2503: in cdpl_ipc_host_accept(): debug: accepted host `152.14.98.62:36865'
1744495835.872135: 2698408-7f0145c37700: cdpl_ipc.c:1862: in _epoll_accept(): debug: new connection from `152.14.98.62:52264'
1744495835.872195: 2698408-7f0144c35700: cdpl_monitor.c:579: in cdpl_mn_connect(): debug: ok
1744495835.872243: 2698408-7f0145436700: cdpl_server_ipc.c:1225: in _sv_ipc_thread(): debug: received ACCEPT notification
1744495835.872259: 2698408-7f0174869540: cdpl_server.c:731: in cdpl_sv_new_job(): info: new job J1 in M1
1744495835.872284: 2698408-7f0145436700: cdpl_ipc.c:2503: in cdpl_ipc_host_accept(): debug: accepted host `152.14.98.62:52264'
1744495835.872295: 2698408-7f0145436700: cdpl_server_ipc.c:1256: in _sv_ipc_thread(): debug: received MONITOR message
1744495835.872324: 2698408-7f0174869540: cdpl_compat_master.c:1581: in _add_worker(): info: new worker type 10, min:1, max:3, cmd:`/mnt/coe/workspace/ece/ece546-spr25/group8/group8_project/synopsys_custom/pwdp_jobs/saeSession0_HSPICEdefault.SimulationSimulation_cdpl.0.2698408/START_WORKER pw_worker -i /mnt/coe/workspace/ece/ece546-spr25/group8/g
1744495835.872364: 2698408-7f0174869540: cdpl_server.c:908: in cdpl_sv_new_bin_withfarm(): info: new bin B1 in J1
1744495835.872588: 2698408-7f0145436700: cdpl_monitor.c:1207: in cdpl_mn_accept(): debug: accepted monitor `152.14.98.62:52264'
1744495835.872598: 2698408-7f0145436700: cdpl_server_ipc_mon.c:120: in _globalLOCK(): debug: ENTERTING GLOBAL LOCK
1744495835.872604: 2698408-7f0145436700: cdpl_server_ipc_mon.c:164: in _globalLOCK(): debug: global lock acquired
1744495835.872730: 2698408-7f0136ffd700: cdpl_monitor.c:910: in mn_systat(): debug: started
1744495835.873511: 2698408-7f0136ffd700: cdpl_monitor.c:937: in mn_systat(): debug: monitor server flush rate: 5
1744495838.387463: 2698408-7f0145436700: cdpl_server_ipc_mon.c:210: in _globalUNLOCK(): debug: LEAVING GLOBAL LOCK
1744495838.387676: 2698408-7f0174869540: cdpl_server.c:3249: in cdpl_sv_start_job(): info: starting job J1
1744495838.387756: 2698408-7f0174869540: cdpl_server.c:62: in _sv_start_bin(): debug: starting bin B1 (min: 0, max: 3)
1744495838.388451: 2698408-7f0134ff9700: cdpl_server_sched.c:2482: in _sv_scheduler_thread(): debug: scheduler for bin B1 started
1744495838.388531: 2698408-7f0174869540: cdpl_server.c:1893: in _sv_gen_task(): info: new task T0 in B1 (prio 0)
1744495838.388646: 2698408-7f0174869540: cdpl_server.c:2698: in cdpl_sv_label_task_va(): info: setting task T0 label to "HSPICE_1|HSPICE"
1744495838.388862: 2698408-7f0134ff9700: cdpl_server_sched.c:2443: in _scheduler_run(): debug: will start a new worker
1744495838.389027: 2698408-7f0134ff9700: cdpl_farm.c:3977: in cdpl_farm_submit(): debug: 1 running processes
1744495838.389038: 2698408-7f0134ff9700: cdpl_farm.c:3985: in cdpl_farm_submit(): debug: new command C1 in bin B1 assigned to host `localhost'
1744495838.389506: 2698408-7f0134ff9700: cdpl_server_sched.c:705: in _sv_launch_worker(): info: started worker W1 (as C1) in bin B1
1744495838.390141: 2698408-7f0117fff700: cdpl_farm.c:2139: in _schedule(): debug: started
1744495838.390171: 2698408-7f0117fff700: cdpl_farm.c:2303: in _schedule(): debug: submitting command C1 in bin B1
1744495838.390212: 2698408-7f0117fff700: cdpl_sh.c:49: in _sh_detached_submit(): info: SH : /mnt/coe/workspace/ece/ece546-spr25/group8/group8_project/synopsys_custom/pwdp_jobs/saeSession0_HSPICEdefault.SimulationSimulation_cdpl.0.2698408/START_WORKER pw_worker -i /mnt/coe/workspace/ece/ece546-spr25/group8/group8_project/synopsys_custom/pwdp_jobs/saeSession0_HSPICEdefault.SimulationSimulation_cdpl.0.2698408 -t 10000
1744495838.399880: 2698408-7f0117fff700: cdpl_farm.c:2343: in _schedule(): debug: C1 in bin B1 running on slot 0
1744495838.399910: 2698408-7f0117fff700: cdpl_farm.c:2167: in _schedule(): debug: idle
1744495839.000117: 2698408-7f0117fff700: cdpl_farm.c:1193: in _onexit(): debug: C1 in bin B1 exited normally on slot 0
1744495841.348931: 2698408-7f0135ffb700: cdpl_compat_master.c:5948: in cdplMasterLogInfo(): info: [non-CDPL log entry] PWDP - no-workers started ok check start!
1744495842.309097: 2698408-7f0174869540: cdpl_compat_master.c:5948: in cdplMasterLogInfo(): info: [non-CDPL log entry] PWDP3: reset pilot cache succeeded, pilot_key=saeSession0,1,HSPICE_default|&/mnt/coe/workspace/ece/ece546-spr25/group8/group8_project/simulation/group8,tb2025_1,schematic/history_1/simulation/HSPICE_default/HSPICE/nominal/results
1744495844.770253: 2698408-7f0145c37700: cdpl_ipc.c:1862: in _epoll_accept(): debug: new connection from `152.14.98.62:43700'
1744495844.821977: 2698408-7f0145436700: cdpl_server_ipc.c:1225: in _sv_ipc_thread(): debug: received ACCEPT notification
1744495844.822014: 2698408-7f0145436700: cdpl_ipc.c:2503: in cdpl_ipc_host_accept(): debug: accepted host `152.14.98.62:43700'
1744495844.822043: 2698408-7f0145436700: cdpl_server_ipc.c:1246: in _sv_ipc_thread(): debug: received HELLO message
1744495844.822050: 2698408-7f0145436700: cdpl_server_ipc.c:430: in _sv_on_hello(): debug: looking up W1
1744495844.822057: 2698408-7f0145436700: cdpl_server_ipc.c:540: in _sv_on_hello(): info: W1 is `152.14.98.62:43700'
1744495844.822063: 2698408-7f0145436700: cdpl_server_ipc.c:541: in _sv_on_hello(): debug: hello W1 (B1)
1744495844.822068: 2698408-7f0145436700: cdpl_server_ipc.c:542: in _sv_on_hello(): info: W1 log file is /dev/null
1744495844.822167: 2698408-7f0145436700: cdpl_server_ipc.c:602: in _sv_on_hello(): info: up to 1 alive workers in B1
1744495844.822190: 2698408-7f0145436700: cdpl_farm.c:878: in _release_cmd(): debug: freeing command C1 in bin B1
1744495844.822231: 2698408-7f0134ff9700: cdpl_server_sched.c:960: in _assign(): info: assigning task T0 to worker W1
1744495845.771482: 2698408-7f0145436700: cdpl_server_ipc.c:312: in _sv_on_heartbeat(): debug: received HEARTBEAT from worker W1 at 152.14.98.62:43700
1744495845.956817: 2698408-7f0144c35700: cdpl_monitor.c:533: in cdpl_mn_connect(): debug: connecting to 152.14.98.62:45619
1744495845.956836: 2698408-7f0144c35700: cdpl_ipc.c:3789: in cdpl_ipc_connect(): info: connecting to 152.14.98.62:45619
1744495845.957135: 2698408-7f0144c35700: cdpl_ipc.c:3860: in cdpl_ipc_connect(): info: connected as `152.14.98.62:38850'
1744495845.957155: 2698408-7f0144c35700: cdpl_ipc.c:2503: in cdpl_ipc_host_accept(): debug: accepted host `152.14.98.62:45619'
1744495845.957167: 2698408-7f0144c35700: cdpl_monitor.c:579: in cdpl_mn_connect(): debug: ok
1744495848.907755: 2698408-7f0145436700: cdpl_server_ipc.c:1268: in _sv_ipc_thread(): debug: received RELAY message
1744495848.907790: 2698408-7f0145436700: cdpl_server_ipc.c:713: in _sv_on_relay(): debug: RELAY message from W1, size = 60
1744495848.907801: 2698408-7f0145436700: cdpl_server_ipc.c:715: in _sv_on_relay(): debug: RELAY message from W1, content = 0$2715191 grendel45.ece.ncsu.edu 2715603 RUNNING 1744495848
1744495879.782466: 2698408-7f0145436700: cdpl_server_ipc.c:1268: in _sv_ipc_thread(): debug: received RELAY message
1744495879.783876: 2698408-7f0145436700: cdpl_server_ipc.c:713: in _sv_on_relay(): debug: RELAY message from W1, size = 48
1744495879.783888: 2698408-7f0145436700: cdpl_server_ipc.c:715: in _sv_on_relay(): debug: RELAY message from W1, content = WORKERDU|1162,dc2isi00nfs.oit.ncsu.edu:/coe_nfs
1744495885.124442: 2698408-7f0145436700: cdpl_server_ipc.c:1268: in _sv_ipc_thread(): debug: received RELAY message
1744495885.125873: 2698408-7f0145436700: cdpl_server_ipc.c:713: in _sv_on_relay(): debug: RELAY message from W1, size = 47
1744495885.125884: 2698408-7f0145436700: cdpl_server_ipc.c:715: in _sv_on_relay(): debug: RELAY message from W1, content = WORKERDU|696,dc2isi00nfs.oit.ncsu.edu:/coe_nfs
1744495891.809491: 2698408-7f0145436700: cdpl_server_ipc.c:1268: in _sv_ipc_thread(): debug: received RELAY message
1744495891.810896: 2698408-7f0145436700: cdpl_server_ipc.c:713: in _sv_on_relay(): debug: RELAY message from W1, size = 46
1744495891.810907: 2698408-7f0145436700: cdpl_server_ipc.c:715: in _sv_on_relay(): debug: RELAY message from W1, content = WORKERDU|64,dc2isi00nfs.oit.ncsu.edu:/coe_nfs
1744495897.141646: 2698408-7f0145436700: cdpl_server_ipc.c:1268: in _sv_ipc_thread(): debug: received RELAY message
1744495897.142951: 2698408-7f0145436700: cdpl_server_ipc.c:713: in _sv_on_relay(): debug: RELAY message from W1, size = 47
1744495897.142961: 2698408-7f0145436700: cdpl_server_ipc.c:715: in _sv_on_relay(): debug: RELAY message from W1, content = WORKERDU|128,dc2isi00nfs.oit.ncsu.edu:/coe_nfs
1744495899.000341: 2698408-7f0117fff700: cdpl_farm.c:2173: in _schedule(): debug: idle
1744495899.151735: 2698408-7f0145436700: cdpl_server_ipc.c:1268: in _sv_ipc_thread(): debug: received RELAY message
1744495899.151773: 2698408-7f0145436700: cdpl_server_ipc.c:713: in _sv_on_relay(): debug: RELAY message from W1, size = 196
1744495899.151784: 2698408-7f0145436700: cdpl_server_ipc.c:715: in _sv_on_relay(): debug: RELAY message from W1, content = REQPILOT|saeSession0,1,HSPICE_default|&/mnt/coe/workspace/ece/ece546-spr25/group8/group8_project/simulation/group8,tb2025_1,schematic/history_1/simulation/HSPICE_default/HSPICE/nominal/results|&0
1744495899.151968: 2698408-7f01367fc700: cdpl_compat_master.c:5948: in cdplMasterLogInfo(): info: [non-CDPL log entry] PWDP send back 'DOPILOT' to worker id:1 key: saeSession0,1,HSPICE_default|&/mnt/coe/workspace/ece/ece546-spr25/group8/group8_project/simulation/group8,tb2025_1,schematic/history_1/simulation/HSPICE_default/HSPICE/nominal/results
1744495899.167830: 2698408-7f01367fc700: cdpl_compat_master.c:5948: in cdplMasterLogInfo(): info: [non-CDPL log entry] PWDP: set pilot doing!
1744495899.189240: 2698408-7f0145436700: cdpl_server_ipc.c:1268: in _sv_ipc_thread(): debug: received RELAY message
1744495899.189250: 2698408-7f0145436700: cdpl_server_ipc.c:713: in _sv_on_relay(): debug: RELAY message from W1, size = 192
1744495899.189256: 2698408-7f0145436700: cdpl_server_ipc.c:715: in _sv_on_relay(): debug: RELAY message from W1, content = PILOTOK|saeSession0,1,HSPICE_default|&/mnt/coe/workspace/ece/ece546-spr25/group8/group8_project/simulation/group8,tb2025_1,schematic/history_1/simulation/HSPICE_default/HSPICE/nominal/results
1744495899.189288: 2698408-7f01367fc700: cdpl_compat_master.c:5948: in cdplMasterLogInfo(): info: [non-CDPL log entry] PWDP: set pilot done!
1744495899.189782: 2698408-7f0145436700: cdpl_server_ipc.c:1268: in _sv_ipc_thread(): debug: received RELAY message
1744495899.189788: 2698408-7f0145436700: cdpl_server_ipc.c:713: in _sv_on_relay(): debug: RELAY message from W1, size = 18
1744495899.189794: 2698408-7f0145436700: cdpl_server_ipc.c:715: in _sv_on_relay(): debug: RELAY message from W1, content = 0$- - - MEASDOING
1744495906.420155: 2698408-7f0145436700: cdpl_server_ipc.c:1268: in _sv_ipc_thread(): debug: received RELAY message
1744495906.421586: 2698408-7f0145436700: cdpl_server_ipc.c:713: in _sv_on_relay(): debug: RELAY message from W1, size = 72
1744495906.421596: 2698408-7f0145436700: cdpl_server_ipc.c:715: in _sv_on_relay(): debug: RELAY message from W1, content = 0$2715191 grendel45.ece.ncsu.edu 2715603 FINISHED 1744495848|1744495906
1744495906.457396: 2698408-7f0145436700: cdpl_server_ipc.c:1268: in _sv_ipc_thread(): debug: received RELAY message
1744495906.457428: 2698408-7f0145436700: cdpl_server_ipc.c:713: in _sv_on_relay(): debug: RELAY message from W1, size = 194
1744495906.457438: 2698408-7f0145436700: cdpl_server_ipc.c:715: in _sv_on_relay(): debug: RELAY message from W1, content = PILOTDONE|saeSession0,1,HSPICE_default|&/mnt/coe/workspace/ece/ece546-spr25/group8/group8_project/simulation/group8,tb2025_1,schematic/history_1/simulation/HSPICE_default/HSPICE/nominal/results
1744495906.457468: 2698408-7f01367fc700: cdpl_compat_master.c:5948: in cdplMasterLogInfo(): info: [non-CDPL log entry] saeSession0,1,HSPICE_default|&/mnt/coe/workspace/ece/ece546-spr25/group8/group8_project/simulation/group8,tb2025_1,schematic/history_1/simulation/HSPICE_default/HSPICE/nominal/results PILOTDONE!
1744495906.478650: 2698408-7f0145436700: cdpl_server_ipc.c:1251: in _sv_ipc_thread(): debug: received FINISH message
1744495906.478659: 2698408-7f0145436700: cdpl_server_ipc.c:983: in _sv_on_finish(): info: worker W1 completed task T0
1744495906.478665: 2698408-7f0145436700: cdpl_server_ipc.c:988: in _sv_on_finish(): debug: stat T0: utime=55185 stime=5566
1744495906.478672: 2698408-7f0145436700: cdpl_server_ipc.c:993: in _sv_on_finish(): debug: statm T0: vsize=2869580 rss=1063460 shared=519624 text=474784 data=735472
1744495906.517319: 2698408-7f0145436700: cdpl_server_ipc.c:1268: in _sv_ipc_thread(): debug: received RELAY message
1744495906.517348: 2698408-7f0145436700: cdpl_server_ipc.c:713: in _sv_on_relay(): debug: RELAY message from W1, size = 47
1744495906.517357: 2698408-7f0145436700: cdpl_server_ipc.c:715: in _sv_on_relay(): debug: RELAY message from W1, content = WORKERDU|205,dc2isi00nfs.oit.ncsu.edu:/coe_nfs
1744495915.258657: 2698408-7f0174869540: cdpl_server.c:3008: in cdpl_sv_halt_job_errno(): info: killing job J1
1744495915.260068: 2698408-7f0174869540: cdpl_server.c:3044: in cdpl_sv_halt_job_errno(): debug: signal bin B1 scheduler to stop
1744495915.260204: 2698408-7f0134ff9700: cdpl_server_sched.c:2484: in _sv_scheduler_thread(): debug: scheduler for bin B1 stopped
1744495915.260288: 2698408-7f0134ff9700: cdpl_ipc.c:1657: in _host_drop__UNSAFE(): debug: dropping host `152.14.98.62:43700'
1744495915.260409: 2698408-7f0134ff9700: cdpl_server_sched.c:2830: in _sv_drop_worker(): info: down to 0 alive workers in B1
1744495915.260422: 2698408-7f0145436700: cdpl_server_ipc.c:1236: in _sv_ipc_thread(): debug: received DROP notification
1744495915.260459: 2698408-7f0134ff9700: cdpl_farm.c:4152: in cdpl_farm_dismiss(): debug: down to 0 running processes
1744495915.260507: 2698408-7f0134ff9700: cdpl_server_sched.c:121: in _free_worker_2(): debug: freeing worker W1
1744495915.260539: 2698408-7f0134ff9700: cdpl_ipc.c:2513: in cdpl_ipc_host_release(): debug: releasing host `152.14.98.62:43700'
1744495915.260597: 2698408-7f0174869540: cdpl_server.c:294: in _sv_free_job(): info: freeing job J1
1744495915.260606: 2698408-7f0174869540: cdpl_server.c:92: in _sv_free_bin(): debug: freeing bin B1
1744495915.260621: 2698408-7f0174869540: cdpl_server.c:184: in _sv_free_task(): debug: freeing task T0
1744495915.260739: 2698408-7f0174869540: cdpl_monitor.c:515: in cdpl_mn_kill(): info: killing monitor
1744495915.260760: 2698408-7f0174869540: cdpl_ipc.c:3677: in cdpl_ipc_kill(): debug: stopping event server
1744495915.260799: 2698408-7f0137fff700: cdpl_ipc.c:2460: in _epoll_main(): debug: server going down...
1744495915.260878: 2698408-7f0145c37700: cdpl_ipc.c:775: in _readv(): warning: read(): EOF
1744495915.260978: 2698408-7f0145c37700: cdpl_ipc.c:2100: in _epoll_recv(): debug: _readv(): Broken pipe
1744495915.260992: 2698408-7f0145c37700: cdpl_ipc.c:2424: in _epoll_main(): debug: _epoll_recv(): Broken pipe
1744495915.261001: 2698408-7f0145c37700: cdpl_ipc.c:1657: in _host_drop__UNSAFE(): debug: dropping host `152.14.98.62:52264'
1744495915.261089: 2698408-7f0145c37700: cdpl_ipc.c:1582: in _host_free__UNSAFE(): debug: freeing host `152.14.98.62:43700'
1744495915.261096: 2698408-7f0145c37700: cdpl_ipc.c:1621: in _host_free__UNSAFE(): debug: [0 outq, 0 spR, 0 spW]
1744495915.261114: 2698408-7f0145436700: cdpl_server_ipc.c:1236: in _sv_ipc_thread(): debug: received DROP notification
1744495915.261139: 2698408-7f0145436700: cdpl_monitor.c:1269: in cdpl_mn_drop(): debug: detaching from monitor `152.14.98.62:52264'
1744495915.261149: 2698408-7f0145436700: cdpl_monitor.c:1101: in mn_systat_stop(): debug: joining systat thread
1744495915.261216: 2698408-7f0136ffd700: cdpl_monitor.c:1079: in mn_systat(): debug: exiting
1744495915.261251: 2698408-7f0145436700: cdpl_monitor.c:1103: in mn_systat_stop(): debug: systat thread done
1744495915.261261: 2698408-7f0145436700: cdpl_ipc.c:2513: in cdpl_ipc_host_release(): debug: releasing host `152.14.98.62:52264'
1744495915.261695: 2698408-7f0144c35700: cdpl_ipc.c:3728: in cdpl_ipc_free(): debug: releasing IPC handle
1744495915.261706: 2698408-7f0144c35700: cdpl_ipc.c:1582: in _host_free__UNSAFE(): debug: freeing host `152.14.98.62:45619'
1744495915.261714: 2698408-7f0144c35700: cdpl_ipc.c:1621: in _host_free__UNSAFE(): debug: [0 outq, 0 spR, 0 spW]
1744495915.261746: 2698408-7f0144c35700: cdpl_ipc.c:1582: in _host_free__UNSAFE(): debug: freeing host `152.14.98.62:36865'
1744495915.261752: 2698408-7f0144c35700: cdpl_ipc.c:1621: in _host_free__UNSAFE(): debug: [0 outq, 0 spR, 0 spW]
1744495915.261770: 2698408-7f0144c35700: cdpl_ipc.c:3756: in cdpl_ipc_free(): warning: 2 host(s) were not released
1744495915.261801: 2698408-7f0144c35700: cdpl_ipc.c:3767: in cdpl_ipc_free(): debug: done
1744495915.261807: 2698408-7f0144c35700: cdpl_monitor.c:1390: in cdpl_mn_free(): debug: freeing monitor client
1744495915.262048: 2698408-7f0174869540: cdpl_farm.c:2740: in cdpl_farm_free(): info: freeing farm
1744495915.262180: 2698408-7f0117fff700: cdpl_farm.c:2231: in _schedule(): debug: end of idling
1744495915.262211: 2698408-7f0117fff700: cdpl_farm.c:2235: in _schedule(): debug: dying
1744495915.262502: 2698408-7f0174869540: cdpl_farm.c:913: in _killall(): debug: killing all remaining commands
1744495915.262534: 2698408-7f0174869540: cdpl_server.c:3144: in cdpl_sv_free(): info: freeing server S1201471637
1744495915.262571: 2698408-7f0174869540: cdpl_server.c:3109: in cdpl_sv_kill_errno(): info: killing server
1744495915.262576: 2698408-7f0174869540: cdpl_ipc.c:3677: in cdpl_ipc_kill(): debug: stopping event server
1744495915.262597: 2698408-7f0145c37700: cdpl_ipc.c:2460: in _epoll_main(): debug: server going down...
1744495915.262612: 2698408-7f0145436700: cdpl_server_ipc.c:1200: in _sv_ipc_thread(): debug: leaving now
1744495915.262630: 2698408-7f0174869540: cdpl_server.c:334: in _sv_free_master(): info: freeing master M1
1744495915.262646: 2698408-7f0174869540: cdpl_hash.c:68: in cdpl_h_destroy(): debug: put operations: 1
1744495915.262652: 2698408-7f0174869540: cdpl_hash.c:69: in cdpl_h_destroy(): debug: put collisions: 0
1744495915.262666: 2698408-7f0174869540: cdpl_hash.c:70: in cdpl_h_destroy(): debug: get operations: 1
1744495915.262671: 2698408-7f0174869540: cdpl_hash.c:71: in cdpl_h_destroy(): debug: get iterations: 1
1744495915.262689: 2698408-7f0174869540: cdpl_monitor.c:1390: in cdpl_mn_free(): debug: freeing monitor server
1744495915.262695: 2698408-7f0174869540: cdpl_ipc.c:3728: in cdpl_ipc_free(): debug: releasing IPC handle
1744495915.262705: 2698408-7f0174869540: cdpl_ipc.c:1582: in _host_free__UNSAFE(): debug: freeing host `152.14.98.62:52264'
1744495915.262711: 2698408-7f0174869540: cdpl_ipc.c:1621: in _host_free__UNSAFE(): debug: [0 outq, 0 spR, 0 spW]
1744495915.262744: 2698408-7f0174869540: cdpl_ipc.c:3767: in cdpl_ipc_free(): debug: done
1744495915.262764: 2698408-7f0174869540: cdpl_log.c:481: in cdpl_log_close(): info: @@end_of_log@@
