1744615474.078004: 3600754-7f90d6f69540: cdpl_log.c:337: in cdpl_log_open(): info: @@start_of_log@@
1744615474.078062: 3600754-7f90d6f69540: cdpl_log.c:1058: in cdpl_log_dump_sysinfo(): info: time: 2025/04/14 03:24:34 EDT -0400
1744615474.078068: 3600754-7f90d6f69540: cdpl_log.c:1060: in cdpl_log_dump_sysinfo(): info: version: W-2024.09-SP1-2 
1744615474.078072: 3600754-7f90d6f69540: cdpl_log.c:1062: in cdpl_log_dump_sysinfo(): info: system: Linux 4.18.0-553.47.1.el8_10.x86_64 #1 SMP Thu Mar 20 10:01:53 EDT 2025
1744615474.078075: 3600754-7f90d6f69540: cdpl_log.c:1067: in cdpl_log_dump_sysinfo(): info: processor: x86_64 64-bits
1744615474.078078: 3600754-7f90d6f69540: cdpl_log.c:1071: in cdpl_log_dump_sysinfo(): info: hostname: hydra13.ece.ncsu.edu
1744615474.078081: 3600754-7f90d6f69540: cdpl_log.c:1073: in cdpl_log_dump_sysinfo(): info: program name: custom_shell
1744615474.078087: 3600754-7f90d6f69540: cdpl_log.c:340: in cdpl_log_open(): debug: path: /mnt/coe/workspace/ece/ece546-spr25/group8/group8_project/synopsys_custom/pwdp_jobs/saeSession0_HSPICEdefault.SimulationSimulation_cdpl.0.3600754/logs/master.hydra13.ece.ncsu.edu.3600754.log
1744615474.078090: 3600754-7f90d6f69540: cdpl_log.c:341: in cdpl_log_open(): debug: dir: /mnt/coe/workspace/ece/ece546-spr25/group8/group8_project/synopsys_custom/pwdp_jobs/saeSession0_HSPICEdefault.SimulationSimulation_cdpl.0.3600754/logs
1744615474.078163: 3600754-7f90d6f69540: cdpl_server.c:536: in cdpl_sv_init(): info: new server S137775457
1744615474.078178: 3600754-7f90d6f69540: cdpl_ipc.c:3475: in cdpl_ipc_init(): info: requesting IPv4 protocol
1744615474.082435: 3600754-7f90d6f69540: cdpl_ipc.c:837: in _selectaddrfamily(): info: selected IPv4 protocol
1744615474.082513: 3600754-7f90d6f69540: cdpl_ipc.c:1139: in _set_keepalive(): info: TCP keep alive interval: 300
1744615474.087182: 3600754-7f90d6f69540: cdpl_monitor.c:1117: in cdpl_mn_new_server(): info: creating server monitor instance
1744615474.087233: 3600754-7f90d6f69540: cdpl_server.c:650: in cdpl_sv_new_master(): info: new master M1
1744615474.087264: 3600754-7f90d6f69540: cdpl_server.c:6533: in cdpl_sv_ctl_master(): info: Setting worker heartbeat to 120 seconds
1744615474.087270: 3600754-7f90d6f69540: cdpl_server.c:6542: in cdpl_sv_ctl_master(): info: Setting worker heartbeat timeout to 3 heartbeats
1744615474.087277: 3600754-7f90d6f69540: cdpl_compat_master.c:2090: in _parse_hostfile(): info: reading hostfile `/mnt/coe/workspace/ece/ece546-spr25/group8/group8_project/synopsys_custom/pwdp_jobs/saeSession0_HSPICEdefault.SimulationSimulation_cdpl.0.3600754/host_file'
1744615474.096846: 3600754-7f90d6f69540: cdpl_compat_master.c:1900: in _hostfile_parser(): debug: parsing "1     |localhost|   -1  | /tmp | SH | sh"
1744615474.096901: 3600754-7f90d6f69540: cdpl_farm.c:2578: in cdpl_farm_new_sh(): info: creating SH farm on localhost
1744615474.096922: 3600754-7f90d6f69540: cdpl_compat_master.c:206: in _set_farm_env(): info: exporting CDPL_LOGDIR as `/mnt/coe/workspace/ece/ece546-spr25/group8/group8_project/synopsys_custom/pwdp_jobs/saeSession0_HSPICEdefault.SimulationSimulation_cdpl.0.3600754/logs'
1744615474.096929: 3600754-7f90d6f69540: cdpl_compat_master.c:212: in _set_farm_env(): info: exporting CDPL_TMPDIR as `/tmp'
1744615474.096935: 3600754-7f90d6f69540: cdpl_compat_master.c:219: in _set_farm_env(): info: exporting CDPL_HOME as `/mnt/apps/public/COE/synopsys_apps/hspice/W-2024.09-SP1/hspice/cdpl'
1744615474.096940: 3600754-7f90d6f69540: cdpl_compat_master.c:235: in _set_farm_env(): info: exporting SNPSLMD_LICENSE_FILE as `27000@ece-lic-35.ece.ncsu.edu'
1744615474.096947: 3600754-7f90d6f69540: cdpl_compat_master.c:259: in _set_farm_env(): info: exporting CDPL_OPTIONS as `[nowlogs]'
1744615474.096951: 3600754-7f90d6f69540: cdpl_compat_master.c:266: in _set_farm_env(): info: exporting DISPLAY as `unix:9106'
1744615474.096956: 3600754-7f90d6f69540: cdpl_compat_master.c:274: in _set_farm_env(): info: exporting CDPL_HEARTBEAT as `120'
1744615474.096990: 3600754-7f90d6f69540: cdpl_farm.c:3149: in cdpl_farm_add_withdir(): debug: added `localhost' (capacity: unlimited)
1744615474.097008: 3600754-7f90d6f69540: cdpl_compat_parse.c:147: in parsefile(): debug: read `/mnt/coe/workspace/ece/ece546-spr25/group8/group8_project/synopsys_custom/pwdp_jobs/saeSession0_HSPICEdefault.SimulationSimulation_cdpl.0.3600754/host_file', 2 lines
1744615474.097014: 3600754-7f90d6f69540: cdpl_compat_master.c:2931: in cdplInitMaster(): info: bcast dir is `/mnt/coe/workspace/ece/ece546-spr25/group8/group8_project/synopsys_custom/pwdp_jobs/saeSession0_HSPICEdefault.SimulationSimulation_cdpl.0.3600754/logs'
1744615474.104320: 3600754-7f90d6f69540: cdpl_server.c:6433: in cdpl_sv_ctl_master(): info: farm worker timeout set to 300
1744615474.104328: 3600754-7f90d6f69540: cdpl_server.c:6486: in cdpl_sv_ctl_master(): info: maximum number of task execution attempts set to 1
1744615474.104366: 3600754-7f90d6f69540: cdpl_server.c:3195: in cdpl_sv_start(): debug: starting server
1744615474.104377: 3600754-7f90d6f69540: cdpl_ipc.c:3632: in cdpl_ipc_start(): debug: starting IPC server 152.14.98.24:42621
1744615474.104751: 3600754-7f909f7fe700: cdpl_server_ipc.c:1182: in _sv_ipc_thread(): debug: ready
1744615474.104965: 3600754-7f909effd700: cdpl_monitor.c:426: in cdpl_mn_init_client(): info: creating client monitor instance
1744615474.104987: 3600754-7f909effd700: cdpl_ipc.c:3475: in cdpl_ipc_init(): info: requesting IPv4 protocol
1744615474.108973: 3600754-7f909effd700: cdpl_ipc.c:837: in _selectaddrfamily(): info: selected IPv4 protocol
1744615474.109009: 3600754-7f909effd700: cdpl_ipc.c:1139: in _set_keepalive(): info: TCP keep alive interval: 300
1744615474.111944: 3600754-7f909effd700: cdpl_ipc.c:3632: in cdpl_ipc_start(): debug: starting IPC server 152.14.98.24:43317
1744615474.112305: 3600754-7f909effd700: cdpl_monitor.c:471: in cdpl_mn_init_client(): debug: incoming messages in /tmp/cdpl-monitor-7a6nuq
1744615474.112474: 3600754-7f909effd700: cdpl_monitor.c:533: in cdpl_mn_connect(): debug: connecting to 152.14.98.24:42621
1744615474.112490: 3600754-7f909effd700: cdpl_ipc.c:3789: in cdpl_ipc_connect(): info: connecting to 152.14.98.24:42621
1744615474.112619: 3600754-7f909effd700: cdpl_ipc.c:3860: in cdpl_ipc_connect(): info: connected as `152.14.98.24:46660'
1744615474.112647: 3600754-7f909effd700: cdpl_ipc.c:2503: in cdpl_ipc_host_accept(): debug: accepted host `152.14.98.24:42621'
1744615474.112679: 3600754-7f909ffff700: cdpl_ipc.c:1862: in _epoll_accept(): debug: new connection from `152.14.98.24:46660'
1744615474.112696: 3600754-7f909effd700: cdpl_monitor.c:579: in cdpl_mn_connect(): debug: ok
1744615474.112755: 3600754-7f90d6f69540: cdpl_server.c:731: in cdpl_sv_new_job(): info: new job J1 in M1
1744615474.112777: 3600754-7f909f7fe700: cdpl_server_ipc.c:1225: in _sv_ipc_thread(): debug: received ACCEPT notification
1744615474.112797: 3600754-7f909f7fe700: cdpl_ipc.c:2503: in cdpl_ipc_host_accept(): debug: accepted host `152.14.98.24:46660'
1744615474.112803: 3600754-7f90d6f69540: cdpl_compat_master.c:1581: in _add_worker(): info: new worker type 10, min:1, max:3, cmd:`/mnt/coe/workspace/ece/ece546-spr25/group8/group8_project/synopsys_custom/pwdp_jobs/saeSession0_HSPICEdefault.SimulationSimulation_cdpl.0.3600754/START_WORKER pw_worker -i /mnt/coe/workspace/ece/ece546-spr25/group8/g
1744615474.112817: 3600754-7f909f7fe700: cdpl_server_ipc.c:1256: in _sv_ipc_thread(): debug: received MONITOR message
1744615474.112832: 3600754-7f90d6f69540: cdpl_server.c:908: in cdpl_sv_new_bin_withfarm(): info: new bin B1 in J1
1744615474.113043: 3600754-7f909f7fe700: cdpl_monitor.c:1207: in cdpl_mn_accept(): debug: accepted monitor `152.14.98.24:46660'
1744615474.113051: 3600754-7f909f7fe700: cdpl_server_ipc_mon.c:120: in _globalLOCK(): debug: ENTERTING GLOBAL LOCK
1744615474.113055: 3600754-7f909f7fe700: cdpl_server_ipc_mon.c:164: in _globalLOCK(): debug: global lock acquired
1744615474.113093: 3600754-7f909d7fa700: cdpl_monitor.c:910: in mn_systat(): debug: started
1744615474.113558: 3600754-7f909d7fa700: cdpl_monitor.c:937: in mn_systat(): debug: monitor server flush rate: 5
1744615474.200820: 3600754-7f909f7fe700: cdpl_server_ipc_mon.c:210: in _globalUNLOCK(): debug: LEAVING GLOBAL LOCK
1744615474.605407: 3600754-7f90d6f69540: cdpl_server.c:3249: in cdpl_sv_start_job(): info: starting job J1
1744615474.605435: 3600754-7f90d6f69540: cdpl_server.c:62: in _sv_start_bin(): debug: starting bin B1 (min: 0, max: 3)
1744615474.605607: 3600754-7f908effd700: cdpl_server_sched.c:2482: in _sv_scheduler_thread(): debug: scheduler for bin B1 started
1744615474.605631: 3600754-7f90d6f69540: cdpl_server.c:1893: in _sv_gen_task(): info: new task T0 in B1 (prio 0)
1744615474.605686: 3600754-7f90d6f69540: cdpl_server.c:2698: in cdpl_sv_label_task_va(): info: setting task T0 label to "HSPICE_1|HSPICE"
1744615474.605753: 3600754-7f908effd700: cdpl_server_sched.c:2443: in _scheduler_run(): debug: will start a new worker
1744615474.605812: 3600754-7f908effd700: cdpl_farm.c:3977: in cdpl_farm_submit(): debug: 1 running processes
1744615474.605819: 3600754-7f908effd700: cdpl_farm.c:3985: in cdpl_farm_submit(): debug: new command C1 in bin B1 assigned to host `localhost'
1744615474.605933: 3600754-7f908effd700: cdpl_server_sched.c:705: in _sv_launch_worker(): info: started worker W1 (as C1) in bin B1
1744615474.605978: 3600754-7f908e7fc700: cdpl_farm.c:2139: in _schedule(): debug: started
1744615474.605992: 3600754-7f908e7fc700: cdpl_farm.c:2303: in _schedule(): debug: submitting command C1 in bin B1
1744615474.606018: 3600754-7f908e7fc700: cdpl_sh.c:49: in _sh_detached_submit(): info: SH : /mnt/coe/workspace/ece/ece546-spr25/group8/group8_project/synopsys_custom/pwdp_jobs/saeSession0_HSPICEdefault.SimulationSimulation_cdpl.0.3600754/START_WORKER pw_worker -i /mnt/coe/workspace/ece/ece546-spr25/group8/group8_project/synopsys_custom/pwdp_jobs/saeSession0_HSPICEdefault.SimulationSimulation_cdpl.0.3600754 -t 10000
1744615474.616165: 3600754-7f908e7fc700: cdpl_farm.c:2343: in _schedule(): debug: C1 in bin B1 running on slot 0
1744615474.616219: 3600754-7f908e7fc700: cdpl_farm.c:2167: in _schedule(): debug: idle
1744615474.894564: 3600754-7f90d6f69540: cdpl_compat_master.c:5948: in cdplMasterLogInfo(): info: [non-CDPL log entry] PWDP3: reset pilot cache succeeded, pilot_key=saeSession0,1,HSPICE_default|&/mnt/coe/workspace/ece/ece546-spr25/group8/group8_project/simulation/group8,tb2025_1,schematic/history_1/simulation/HSPICE_default/HSPICE/nominal/results
1744615474.916339: 3600754-7f908e7fc700: cdpl_farm.c:1193: in _onexit(): debug: C1 in bin B1 exited normally on slot 0
1744615475.375910: 3600754-7f908ffff700: cdpl_compat_master.c:5948: in cdplMasterLogInfo(): info: [non-CDPL log entry] PWDP - no-workers started ok check start!
1744615477.958654: 3600754-7f909ffff700: cdpl_ipc.c:1862: in _epoll_accept(): debug: new connection from `152.14.98.24:46666'
1744615477.958703: 3600754-7f909f7fe700: cdpl_server_ipc.c:1225: in _sv_ipc_thread(): debug: received ACCEPT notification
1744615477.958723: 3600754-7f909f7fe700: cdpl_ipc.c:2503: in cdpl_ipc_host_accept(): debug: accepted host `152.14.98.24:46666'
1744615477.959046: 3600754-7f909f7fe700: cdpl_server_ipc.c:1246: in _sv_ipc_thread(): debug: received HELLO message
1744615477.959059: 3600754-7f909f7fe700: cdpl_server_ipc.c:430: in _sv_on_hello(): debug: looking up W1
1744615477.959065: 3600754-7f909f7fe700: cdpl_server_ipc.c:540: in _sv_on_hello(): info: W1 is `152.14.98.24:46666'
1744615477.959069: 3600754-7f909f7fe700: cdpl_server_ipc.c:541: in _sv_on_hello(): debug: hello W1 (B1)
1744615477.959072: 3600754-7f909f7fe700: cdpl_server_ipc.c:542: in _sv_on_hello(): info: W1 log file is /dev/null
1744615477.959155: 3600754-7f909f7fe700: cdpl_server_ipc.c:602: in _sv_on_hello(): info: up to 1 alive workers in B1
1744615477.959172: 3600754-7f909f7fe700: cdpl_farm.c:878: in _release_cmd(): debug: freeing command C1 in bin B1
1744615477.959224: 3600754-7f908effd700: cdpl_server_sched.c:960: in _assign(): info: assigning task T0 to worker W1
1744615478.959546: 3600754-7f909f7fe700: cdpl_server_ipc.c:312: in _sv_on_heartbeat(): debug: received HEARTBEAT from worker W1 at 152.14.98.24:46666
1744615479.188675: 3600754-7f909effd700: cdpl_monitor.c:533: in cdpl_mn_connect(): debug: connecting to 152.14.98.24:46737
1744615479.188690: 3600754-7f909effd700: cdpl_ipc.c:3789: in cdpl_ipc_connect(): info: connecting to 152.14.98.24:46737
1744615479.188841: 3600754-7f909effd700: cdpl_ipc.c:3860: in cdpl_ipc_connect(): info: connected as `152.14.98.24:57590'
1744615479.188856: 3600754-7f909effd700: cdpl_ipc.c:2503: in cdpl_ipc_host_accept(): debug: accepted host `152.14.98.24:46737'
1744615479.188863: 3600754-7f909effd700: cdpl_monitor.c:579: in cdpl_mn_connect(): debug: ok
1744615482.373835: 3600754-7f909f7fe700: cdpl_server_ipc.c:1268: in _sv_ipc_thread(): debug: received RELAY message
1744615482.410856: 3600754-7f909f7fe700: cdpl_server_ipc.c:713: in _sv_on_relay(): debug: RELAY message from W1, size = 58
1744615482.410865: 3600754-7f909f7fe700: cdpl_server_ipc.c:715: in _sv_on_relay(): debug: RELAY message from W1, content = 0$3601285 hydra13.ece.ncsu.edu 3601329 RUNNING 1744615481
1744615511.630167: 3600754-7f909f7fe700: cdpl_server_ipc.c:1268: in _sv_ipc_thread(): debug: received RELAY message
1744615511.633071: 3600754-7f909f7fe700: cdpl_server_ipc.c:713: in _sv_on_relay(): debug: RELAY message from W1, size = 48
1744615511.633080: 3600754-7f909f7fe700: cdpl_server_ipc.c:715: in _sv_on_relay(): debug: RELAY message from W1, content = WORKERDU|1547,dc2isi00nfs.oit.ncsu.edu:/coe_nfs
1744615523.224371: 3600754-7f909f7fe700: cdpl_server_ipc.c:1268: in _sv_ipc_thread(): debug: received RELAY message
1744615523.227248: 3600754-7f909f7fe700: cdpl_server_ipc.c:713: in _sv_on_relay(): debug: RELAY message from W1, size = 47
1744615523.227257: 3600754-7f909f7fe700: cdpl_server_ipc.c:715: in _sv_on_relay(): debug: RELAY message from W1, content = WORKERDU|104,dc2isi00nfs.oit.ncsu.edu:/coe_nfs
1744615534.916552: 3600754-7f908e7fc700: cdpl_farm.c:2173: in _schedule(): debug: idle
1744615535.314326: 3600754-7f909f7fe700: cdpl_server_ipc.c:1268: in _sv_ipc_thread(): debug: received RELAY message
1744615535.314343: 3600754-7f909f7fe700: cdpl_server_ipc.c:713: in _sv_on_relay(): debug: RELAY message from W1, size = 46
1744615535.314349: 3600754-7f909f7fe700: cdpl_server_ipc.c:715: in _sv_on_relay(): debug: RELAY message from W1, content = WORKERDU|56,dc2isi00nfs.oit.ncsu.edu:/coe_nfs
1744615547.321963: 3600754-7f909f7fe700: cdpl_server_ipc.c:1268: in _sv_ipc_thread(): debug: received RELAY message
1744615547.324881: 3600754-7f909f7fe700: cdpl_server_ipc.c:713: in _sv_on_relay(): debug: RELAY message from W1, size = 46
1744615547.324889: 3600754-7f909f7fe700: cdpl_server_ipc.c:715: in _sv_on_relay(): debug: RELAY message from W1, content = WORKERDU|64,dc2isi00nfs.oit.ncsu.edu:/coe_nfs
1744615559.217938: 3600754-7f909f7fe700: cdpl_server_ipc.c:1268: in _sv_ipc_thread(): debug: received RELAY message
1744615559.220871: 3600754-7f909f7fe700: cdpl_server_ipc.c:713: in _sv_on_relay(): debug: RELAY message from W1, size = 46
1744615559.220880: 3600754-7f909f7fe700: cdpl_server_ipc.c:715: in _sv_on_relay(): debug: RELAY message from W1, content = WORKERDU|64,dc2isi00nfs.oit.ncsu.edu:/coe_nfs
1744615571.227772: 3600754-7f909f7fe700: cdpl_server_ipc.c:1268: in _sv_ipc_thread(): debug: received RELAY message
1744615571.230729: 3600754-7f909f7fe700: cdpl_server_ipc.c:713: in _sv_on_relay(): debug: RELAY message from W1, size = 46
1744615571.230738: 3600754-7f909f7fe700: cdpl_server_ipc.c:715: in _sv_on_relay(): debug: RELAY message from W1, content = WORKERDU|64,dc2isi00nfs.oit.ncsu.edu:/coe_nfs
1744615583.218680: 3600754-7f909f7fe700: cdpl_server_ipc.c:1268: in _sv_ipc_thread(): debug: received RELAY message
1744615583.221569: 3600754-7f909f7fe700: cdpl_server_ipc.c:713: in _sv_on_relay(): debug: RELAY message from W1, size = 46
1744615583.221578: 3600754-7f909f7fe700: cdpl_server_ipc.c:715: in _sv_on_relay(): debug: RELAY message from W1, content = WORKERDU|56,dc2isi00nfs.oit.ncsu.edu:/coe_nfs
1744615589.293944: 3600754-7f909f7fe700: cdpl_server_ipc.c:1268: in _sv_ipc_thread(): debug: received RELAY message
1744615589.296812: 3600754-7f909f7fe700: cdpl_server_ipc.c:713: in _sv_on_relay(): debug: RELAY message from W1, size = 46
1744615589.296826: 3600754-7f909f7fe700: cdpl_server_ipc.c:715: in _sv_on_relay(): debug: RELAY message from W1, content = WORKERDU|64,dc2isi00nfs.oit.ncsu.edu:/coe_nfs
1744615594.919718: 3600754-7f908e7fc700: cdpl_farm.c:2173: in _schedule(): debug: idle
1744615595.177133: 3600754-7f909cff9700: cdpl_compat_master.c:5948: in cdplMasterLogInfo(): info: [non-CDPL log entry] PWDP: message receiver is alive.
1744615598.959634: 3600754-7f909f7fe700: cdpl_server_ipc.c:312: in _sv_on_heartbeat(): debug: received HEARTBEAT from worker W1 at 152.14.98.24:46666
1744615599.589282: 3600754-7f909f7fe700: cdpl_server_ipc.c:1268: in _sv_ipc_thread(): debug: received RELAY message
1744615599.589297: 3600754-7f909f7fe700: cdpl_server_ipc.c:713: in _sv_on_relay(): debug: RELAY message from W1, size = 196
1744615599.589302: 3600754-7f909f7fe700: cdpl_server_ipc.c:715: in _sv_on_relay(): debug: RELAY message from W1, content = REQPILOT|saeSession0,1,HSPICE_default|&/mnt/coe/workspace/ece/ece546-spr25/group8/group8_project/simulation/group8,tb2025_1,schematic/history_1/simulation/HSPICE_default/HSPICE/nominal/results|&0
1744615599.589614: 3600754-7f909cff9700: cdpl_compat_master.c:5948: in cdplMasterLogInfo(): info: [non-CDPL log entry] PWDP send back 'DOPILOT' to worker id:1 key: saeSession0,1,HSPICE_default|&/mnt/coe/workspace/ece/ece546-spr25/group8/group8_project/simulation/group8,tb2025_1,schematic/history_1/simulation/HSPICE_default/HSPICE/nominal/results
1744615599.606453: 3600754-7f909cff9700: cdpl_compat_master.c:5948: in cdplMasterLogInfo(): info: [non-CDPL log entry] PWDP: set pilot doing!
1744615599.629032: 3600754-7f909f7fe700: cdpl_server_ipc.c:1268: in _sv_ipc_thread(): debug: received RELAY message
1744615599.629049: 3600754-7f909f7fe700: cdpl_server_ipc.c:713: in _sv_on_relay(): debug: RELAY message from W1, size = 192
1744615599.629055: 3600754-7f909f7fe700: cdpl_server_ipc.c:715: in _sv_on_relay(): debug: RELAY message from W1, content = PILOTOK|saeSession0,1,HSPICE_default|&/mnt/coe/workspace/ece/ece546-spr25/group8/group8_project/simulation/group8,tb2025_1,schematic/history_1/simulation/HSPICE_default/HSPICE/nominal/results
1744615599.629122: 3600754-7f909cff9700: cdpl_compat_master.c:5948: in cdplMasterLogInfo(): info: [non-CDPL log entry] PWDP: set pilot done!
1744615599.629257: 3600754-7f909f7fe700: cdpl_server_ipc.c:1268: in _sv_ipc_thread(): debug: received RELAY message
1744615599.629264: 3600754-7f909f7fe700: cdpl_server_ipc.c:713: in _sv_on_relay(): debug: RELAY message from W1, size = 18
1744615599.629267: 3600754-7f909f7fe700: cdpl_server_ipc.c:715: in _sv_on_relay(): debug: RELAY message from W1, content = 0$- - - MEASDOING
1744615607.002250: 3600754-7f909f7fe700: cdpl_server_ipc.c:1268: in _sv_ipc_thread(): debug: received RELAY message
1744615607.005179: 3600754-7f909f7fe700: cdpl_server_ipc.c:713: in _sv_on_relay(): debug: RELAY message from W1, size = 70
1744615607.005189: 3600754-7f909f7fe700: cdpl_server_ipc.c:715: in _sv_on_relay(): debug: RELAY message from W1, content = 0$3601285 hydra13.ece.ncsu.edu 3601329 FINISHED 1744615481|1744615606
1744615607.025707: 3600754-7f909f7fe700: cdpl_server_ipc.c:1268: in _sv_ipc_thread(): debug: received RELAY message
1744615607.025723: 3600754-7f909f7fe700: cdpl_server_ipc.c:713: in _sv_on_relay(): debug: RELAY message from W1, size = 194
1744615607.025728: 3600754-7f909f7fe700: cdpl_server_ipc.c:715: in _sv_on_relay(): debug: RELAY message from W1, content = PILOTDONE|saeSession0,1,HSPICE_default|&/mnt/coe/workspace/ece/ece546-spr25/group8/group8_project/simulation/group8,tb2025_1,schematic/history_1/simulation/HSPICE_default/HSPICE/nominal/results
1744615607.025755: 3600754-7f909cff9700: cdpl_compat_master.c:5948: in cdplMasterLogInfo(): info: [non-CDPL log entry] saeSession0,1,HSPICE_default|&/mnt/coe/workspace/ece/ece546-spr25/group8/group8_project/simulation/group8,tb2025_1,schematic/history_1/simulation/HSPICE_default/HSPICE/nominal/results PILOTDONE!
1744615607.058280: 3600754-7f909f7fe700: cdpl_server_ipc.c:1251: in _sv_ipc_thread(): debug: received FINISH message
1744615607.058303: 3600754-7f909f7fe700: cdpl_server_ipc.c:983: in _sv_on_finish(): info: worker W1 completed task T0
1744615607.058308: 3600754-7f909f7fe700: cdpl_server_ipc.c:988: in _sv_on_finish(): debug: stat T0: utime=129888 stime=3246
1744615607.058312: 3600754-7f909f7fe700: cdpl_server_ipc.c:993: in _sv_on_finish(): debug: statm T0: vsize=2869040 rss=1063176 shared=519360 text=474784 data=735636
1744615607.071714: 3600754-7f90d6f69540: cdpl_server.c:227: in _sv_free_task_safe(): debug: freeing task T0
1744615607.109185: 3600754-7f909f7fe700: cdpl_server_ipc.c:1268: in _sv_ipc_thread(): debug: received RELAY message
1744615607.109200: 3600754-7f909f7fe700: cdpl_server_ipc.c:713: in _sv_on_relay(): debug: RELAY message from W1, size = 47
1744615607.109204: 3600754-7f909f7fe700: cdpl_server_ipc.c:715: in _sv_on_relay(): debug: RELAY message from W1, content = WORKERDU|205,dc2isi00nfs.oit.ncsu.edu:/coe_nfs
1744615607.297215: 3600754-7f908ffff700: cdpl_compat_master.c:5948: in cdplMasterLogInfo(): info: [non-CDPL log entry] PWDP: master status watchdog is alive.
1744615616.298366: 3600754-7f90d6f69540: cdpl_server.c:3008: in cdpl_sv_halt_job_errno(): info: killing job J1
1744615616.301361: 3600754-7f90d6f69540: cdpl_server.c:3044: in cdpl_sv_halt_job_errno(): debug: signal bin B1 scheduler to stop
1744615616.301423: 3600754-7f908effd700: cdpl_server_sched.c:2484: in _sv_scheduler_thread(): debug: scheduler for bin B1 stopped
1744615616.301461: 3600754-7f908effd700: cdpl_ipc.c:1657: in _host_drop__UNSAFE(): debug: dropping host `152.14.98.24:46666'
1744615616.301530: 3600754-7f908effd700: cdpl_server_sched.c:2830: in _sv_drop_worker(): info: down to 0 alive workers in B1
1744615616.301547: 3600754-7f909f7fe700: cdpl_server_ipc.c:1236: in _sv_ipc_thread(): debug: received DROP notification
1744615616.301555: 3600754-7f908effd700: cdpl_farm.c:4152: in cdpl_farm_dismiss(): debug: down to 0 running processes
1744615616.301583: 3600754-7f908effd700: cdpl_server_sched.c:121: in _free_worker_2(): debug: freeing worker W1
1744615616.301607: 3600754-7f908effd700: cdpl_ipc.c:2513: in cdpl_ipc_host_release(): debug: releasing host `152.14.98.24:46666'
1744615616.301611: 3600754-7f908effd700: cdpl_ipc.c:2529: in cdpl_ipc_host_release(): debug: scheduling for immediate release
1744615616.301643: 3600754-7f90d6f69540: cdpl_server.c:294: in _sv_free_job(): info: freeing job J1
1744615616.301656: 3600754-7f90d6f69540: cdpl_server.c:92: in _sv_free_bin(): debug: freeing bin B1
1744615616.301724: 3600754-7f90d6f69540: cdpl_monitor.c:515: in cdpl_mn_kill(): info: killing monitor
1744615616.301738: 3600754-7f90d6f69540: cdpl_ipc.c:3677: in cdpl_ipc_kill(): debug: stopping event server
1744615616.301757: 3600754-7f909e7fc700: cdpl_ipc.c:2460: in _epoll_main(): debug: server going down...
1744615616.301799: 3600754-7f909ffff700: cdpl_ipc.c:775: in _readv(): warning: read(): EOF
1744615616.301849: 3600754-7f909ffff700: cdpl_ipc.c:2100: in _epoll_recv(): debug: _readv(): Broken pipe
1744615616.301856: 3600754-7f909ffff700: cdpl_ipc.c:2424: in _epoll_main(): debug: _epoll_recv(): Broken pipe
1744615616.301861: 3600754-7f909ffff700: cdpl_ipc.c:1657: in _host_drop__UNSAFE(): debug: dropping host `152.14.98.24:46660'
1744615616.301940: 3600754-7f909ffff700: cdpl_ipc.c:1582: in _host_free__UNSAFE(): debug: freeing host `152.14.98.24:46666'
1744615616.301947: 3600754-7f909ffff700: cdpl_ipc.c:1621: in _host_free__UNSAFE(): debug: [0 outq, 0 spR, 0 spW]
1744615616.301960: 3600754-7f909f7fe700: cdpl_server_ipc.c:1236: in _sv_ipc_thread(): debug: received DROP notification
1744615616.301985: 3600754-7f909f7fe700: cdpl_monitor.c:1269: in cdpl_mn_drop(): debug: detaching from monitor `152.14.98.24:46660'
1744615616.301994: 3600754-7f909f7fe700: cdpl_monitor.c:1101: in mn_systat_stop(): debug: joining systat thread
1744615616.302034: 3600754-7f909d7fa700: cdpl_monitor.c:1079: in mn_systat(): debug: exiting
1744615616.302050: 3600754-7f909f7fe700: cdpl_monitor.c:1103: in mn_systat_stop(): debug: systat thread done
1744615616.302062: 3600754-7f909f7fe700: cdpl_ipc.c:2513: in cdpl_ipc_host_release(): debug: releasing host `152.14.98.24:46660'
1744615616.302140: 3600754-7f909effd700: cdpl_ipc.c:3728: in cdpl_ipc_free(): debug: releasing IPC handle
1744615616.302150: 3600754-7f909effd700: cdpl_ipc.c:1582: in _host_free__UNSAFE(): debug: freeing host `152.14.98.24:46737'
1744615616.302155: 3600754-7f909effd700: cdpl_ipc.c:1621: in _host_free__UNSAFE(): debug: [0 outq, 0 spR, 0 spW]
1744615616.302172: 3600754-7f909effd700: cdpl_ipc.c:1582: in _host_free__UNSAFE(): debug: freeing host `152.14.98.24:42621'
1744615616.302176: 3600754-7f909effd700: cdpl_ipc.c:1621: in _host_free__UNSAFE(): debug: [0 outq, 0 spR, 0 spW]
1744615616.302187: 3600754-7f909effd700: cdpl_ipc.c:3756: in cdpl_ipc_free(): warning: 2 host(s) were not released
1744615616.302206: 3600754-7f909effd700: cdpl_ipc.c:3767: in cdpl_ipc_free(): debug: done
1744615616.302210: 3600754-7f909effd700: cdpl_monitor.c:1390: in cdpl_mn_free(): debug: freeing monitor client
1744615616.302358: 3600754-7f90d6f69540: cdpl_farm.c:2740: in cdpl_farm_free(): info: freeing farm
1744615616.302406: 3600754-7f908e7fc700: cdpl_farm.c:2231: in _schedule(): debug: end of idling
1744615616.302419: 3600754-7f908e7fc700: cdpl_farm.c:2235: in _schedule(): debug: dying
1744615616.302503: 3600754-7f90d6f69540: cdpl_farm.c:913: in _killall(): debug: killing all remaining commands
1744615616.302526: 3600754-7f90d6f69540: cdpl_server.c:3144: in cdpl_sv_free(): info: freeing server S137775457
1744615616.302559: 3600754-7f90d6f69540: cdpl_server.c:3109: in cdpl_sv_kill_errno(): info: killing server
1744615616.302564: 3600754-7f90d6f69540: cdpl_ipc.c:3677: in cdpl_ipc_kill(): debug: stopping event server
1744615616.302580: 3600754-7f909f7fe700: cdpl_server_ipc.c:1200: in _sv_ipc_thread(): debug: leaving now
1744615616.302589: 3600754-7f909ffff700: cdpl_ipc.c:2460: in _epoll_main(): debug: server going down...
1744615616.302606: 3600754-7f90d6f69540: cdpl_server.c:334: in _sv_free_master(): info: freeing master M1
1744615616.302620: 3600754-7f90d6f69540: cdpl_hash.c:68: in cdpl_h_destroy(): debug: put operations: 1
1744615616.302624: 3600754-7f90d6f69540: cdpl_hash.c:69: in cdpl_h_destroy(): debug: put collisions: 0
1744615616.302627: 3600754-7f90d6f69540: cdpl_hash.c:70: in cdpl_h_destroy(): debug: get operations: 1
1744615616.302629: 3600754-7f90d6f69540: cdpl_hash.c:71: in cdpl_h_destroy(): debug: get iterations: 1
1744615616.302648: 3600754-7f90d6f69540: cdpl_monitor.c:1390: in cdpl_mn_free(): debug: freeing monitor server
1744615616.302655: 3600754-7f90d6f69540: cdpl_ipc.c:3728: in cdpl_ipc_free(): debug: releasing IPC handle
1744615616.302659: 3600754-7f90d6f69540: cdpl_ipc.c:1582: in _host_free__UNSAFE(): debug: freeing host `152.14.98.24:46660'
1744615616.302662: 3600754-7f90d6f69540: cdpl_ipc.c:1621: in _host_free__UNSAFE(): debug: [0 outq, 0 spR, 0 spW]
1744615616.302689: 3600754-7f90d6f69540: cdpl_ipc.c:3767: in cdpl_ipc_free(): debug: done
1744615616.302705: 3600754-7f90d6f69540: cdpl_log.c:481: in cdpl_log_close(): info: @@end_of_log@@
