
                                 IC Validator 

          Version W-2024.09-SP2 for linux64 - Dec 03, 2024 cl#11100136

                    Copyright (c) 1996 - 2024 Synopsys, Inc.
   This software and the associated documentation are proprietary to Synopsys,
 Inc. This software may only be used in accordance with the terms and conditions
 of a written license agreement with Synopsys, Inc. All other use, reproduction,
   or distribution of this software is strictly prohibited.  Licensed Products
     communicate with Synopsys servers for the purpose of providing software
    updates, detecting software piracy and verifying that customers are using
    Licensed Products in conformity with the applicable License Key for such
  Licensed Products. Synopsys will use information gathered in connection with
    this process to deliver software updates and pursue software pirates and
                                   infringers.

 Inclusivity & Diversity - Visit SolvNetPlus to read the "Synopsys Statement on
            Inclusivity and Diversity" (Refer to article 000036315 at
                        https://solvnetplus.synopsys.com)

Time Started: 2025-04-17 18:14:23
Running on: batgirl.ece.ncsu.edu 4.18.0-553.47.1.el8_10.x86_64

-------------

Called as: icv -f gdsii -i /mnt/coe/workspace/ece/ece546-spr25/group8/group8_project/synopsys_custom/static_row_decoder_3by8.icv.drc/static_row_decoder_3by8.custom_compiler.gds -c static_row_decoder_3by8 -I /mnt/designkits/ncsu/FreePDK3/syncust/NCSU_TechLib_FreePDK3/../../icv -oa_dm6 -vue /mnt/designkits/ncsu/FreePDK3/icv/FreePDK3_main.drc.rs

-------------

Command Line Summary:
icv
-c static_row_decoder_3by8
-f gdsii
-i /mnt/coe/workspace/ece/ece546-spr25/group8/group8_project/synopsys_custom/static_row_decoder_3by8.icv.drc/static_row_decoder_3by8.custom_compiler.gds
-oa_dm6
-vue
-I /mnt/designkits/ncsu/FreePDK3/syncust/NCSU_TechLib_FreePDK3/../../icv
/mnt/designkits/ncsu/FreePDK3/icv/FreePDK3_main.drc.rs

-------------
Using user-specified ICV_INCLUDES setting as:
"/mnt/apps/public/COE/synopsys_apps/icvalidator/W-2024.09-SP2/include"

Parsing runset "/mnt/designkits/ncsu/FreePDK3/icv/FreePDK3_main.drc.rs"

/mnt/designkits/ncsu/FreePDK3/icv/FreePDK3_main.drc.rs:16: warning: The error_limit_per_check in error_options is set to unlimited.  The user setting of unlimited will be honored but could result in very large error files and increased amount of time to process if the number of errors in a check is very large.
warning: There was 1 evaluation warning
Runset Processing Time=0:00:03 User=0.64 Sys=0.07 Mem=0.403 GB

Parsing finished
Host startup begins.
Host startup done: 2 successes, 0 failures.
	batgirl.ece.ncsu.edu: 2 total CPUs, maximum 2 commands in parallel.
Selecting "batgirl.ece.ncsu.edu" as Primary host

System Startup Time=0.277113 User=0.0101368

Command execution begins.  Details recorded in the summary file and log db: 
	"/mnt/coe/workspace/ece/ece546-spr25/group8/group8_project/synopsys_custom/static_row_decoder_3by8.icv.drc/run_details/static_row_decoder_3by8.sum"
	"/mnt/coe/workspace/ece/ece546-spr25/group8/group8_project/synopsys_custom/static_row_decoder_3by8.icv.drc/run_details/dp.eventdb"

Running ...
  [0:00:00][0%]   Added 2 CPUs on host batgirl.ece.ncsu.edu (Total: 2 CPUs on 1 hosts)
  [0:00:00][1%]   Rules: 0/317, Rules with Violations: 0, Total Violations: 0
  [0:00:00][2%]   
  [0:00:00][3%]   Rules: 1/317, Rules with Violations: 0, Total Violations: 0
  [0:00:00][4%]   Rules: 15/317, Rules with Violations: 0, Total Violations: 0
  [0:00:00][5%]   Rules: 23/317, Rules with Violations: 0, Total Violations: 0
  [0:00:00][10%]  
  [0:00:00][15%]  
  [0:00:01][20%]  
  [0:00:01][25%]  
  [0:00:01][30%]  Rules: 29/317, Rules with Violations: 0, Total Violations: 0
  [0:00:01][35%]  Rules: 35/317, Rules with Violations: 0, Total Violations: 0
  [0:00:01][40%]  Rules: 80/317, Rules with Violations: 0, Total Violations: 0
  [0:00:01][45%]  Rules: 152/317, Rules with Violations: 0, Total Violations: 0
  [0:00:01][50%]  
  [0:00:01][55%]  Rules: 156/317, Rules with Violations: 0, Total Violations: 0
  [0:00:01][60%]  Rules: 184/317, Rules with Violations: 0, Total Violations: 0
  [0:00:01][65%]  Rules: 211/317, Rules with Violations: 0, Total Violations: 0
  [0:00:01][70%]  Rules: 236/317, Rules with Violations: 0, Total Violations: 0
  [0:00:01][75%]  Rules: 262/317, Rules with Violations: 0, Total Violations: 0
  [0:00:01][80%]  Rules: 275/317, Rules with Violations: 0, Total Violations: 0
  [0:00:01][85%]  Rules: 284/317, Rules with Violations: 0, Total Violations: 0
  [0:00:01][90%]  Rules: 298/317, Rules with Violations: 0, Total Violations: 0
  [0:00:01][95%]  Rules: 310/317, Rules with Violations: 0, Total Violations: 0
  [0:00:01][100%] Rules: 317/317, Rules with Violations: 0, Total Violations: 0
Engine Runtime=1.85214 User=0.0597708
Error storage stats...
  User=0.01 Sys=0.01 Mem=0.002 GB

Generating static_row_decoder_3by8.LAYOUT_ERRORS...
  Generation Time=0:00:00  User=0.00 Sys=0.00 Mem=0.001 GB

Overall engine Time=0:00:06 Highest command Mem=0.056 GB

-------------

IC Validator Machine Memory Report
batgirl.ece.ncsu.edu : Average = 0.450 GB, Peak = 0.450 GB

Overall Disk Usage Disk=0.003 GB
Group File Disk Usage Peak=0.001 GB

Overall Manager Mem=0.403 GB


Time Ended: 2025-04-17 18:14:31

IC Validator is done.
