[12:36:17.05] /o 
              /c                                    pw_worker™ 
              /c 
              /c                Version W-2024.09-SP1-2 for linux64 - Jan 15, 2025
              /c              Based on Custom Infrastructure
              /c Version W-2024.09-SP1-2
              /c 
              /c                     Copyright (c) 2004 - 2025 Synopsys, Inc.
              /c    This software and the associated documentation are proprietary to Synopsys,
              /c  Inc. This software may only be used in accordance with the terms and conditions
              /c  of a written license agreement with Synopsys, Inc. All other use, reproduction,
              /c    or distribution of this software is strictly prohibited.  Licensed Products
              /c      communicate with Synopsys servers for the purpose of providing software
              /c     updates, detecting software piracy and verifying that customers are using
              /c     Licensed Products in conformity with the applicable License Key for such
              /c   Licensed Products. Synopsys will use information gathered in connection with
              /c     this process to deliver software updates and pursue software pirates and
              /c                                    infringers.
              /c 
              /c  Inclusivity & Diversity - Visit SolvNetPlus to read the "Synopsys Statement on
              /c             Inclusivity and Diversity" (Refer to article 000036315 at
              /c                         https://solvnetplus.synopsys.com)
              /c 
              /c Build  (OPT) Config 11252589 compiled on Wed Jan 15 11:01:36 2025 for AlmaLinux 8.4
              /c Invocation: /mnt/apps/public/COE/synopsys_apps/primewave/W-2024.09-SP1-2/linux64/platform/bin/custom_shell -application pw_worker -gui 0 -localDir /mnt/coe/workspace/ece/ece546-spr25/group8/group8_project/synopsys_custom/pwdp_jobs/saeSession0_HSPICEdefault.SimulationSimulation_cdpl.1.298864/logs/w1
              /c Execution time: Tue Mar 25 12:36:06 2025
              /c Host: hydra11.ece.ncsu.edu
              /c Working directory: /mnt/coe/workspace/ece/ece546-spr25/group8/group8_project
              /c 
[12:36:31.73] /m Information: Registering ICV PERC package...
[12:36:31.74] /w Warning: Error: "Job group named 'PrimeWave' already exists under this parent." (IPC-100)
[12:36:32.15] /o #####New Worker job begin - Self history dir=/mnt/coe/workspace/ece/ece546-spr25/group8/group8_project/simulation/group8,sram_6t_tb,schematic
[12:36:32.58] /o source /mnt/coe/workspace/ece/ece546-spr25/group8/group8_project/synopsys_custom/pwdp_jobs/saeSession0_HSPICEdefault.SimulationSimulation_cdpl.1.298864/ccFile.tcl OK
[12:36:32.58] /o LibDefs : /mnt/coe/workspace/ece/ece546-spr25/group8/group8_project/lib.defs
[12:36:32.69] /w Warning: In file /mnt/coe/workspace/ece/ece546-spr25/group8/group8_project/lib.defs: Unable to open library proj_common at path /mnt/coe/workspace/ece/ece546-common/proj_common : No access permission. (DATA_MANAGEMENT-014)
[12:36:33.02] /o new worker create session at loading state!
[12:36:33.02] /o history_1
[12:36:34.31] /o Loading: Callback files...
[12:36:34.34] /o Loading: scripts/callbacks/callbacks.tcl
[12:36:34.34] /o 
              /c [INFO] : Loading display.drf from /mnt/designkits/ncsu/FreePDK3/syncust/NCSU_TechLib_FreePDK3
              /c 
              /c  if you wish to Load other display.drf, please set shell environment valiable "iPDK_load_display_NCSU_TechLib_FreePDK3" to value = 0
[12:36:34.34] /o 
[12:36:34.42] /w Warning: Preference 'xtStarTcadGrdFile' is deprecated and scheduled for removal in a future release with no replacement. For migration assistance, see the Custom Compiler Tcl Reference Manual. (PREFERENCE-058)
[12:36:34.43] /w Warning: Preference 'xtStarOALayerMappingFile' is deprecated and scheduled for removal in a future release with no replacement. For migration assistance, see the Custom Compiler Tcl Reference Manual. (PREFERENCE-058)
[12:36:34.43] /o 	#######################################
[12:36:34.43] /o 	CC-PDK Library Name	: FreePDK3
[12:36:34.43] /o 	#######################################
[12:36:34.43] /o 
[12:36:34.93] /o source /mnt/coe/workspace/ece/ece546-spr25/group8/group8_project/simulation/group8,sram_6t_tb,schematic/history_1/.nw_preference_script.tcl OK!
[12:36:34.93] /o DSPF Options: {hierDelim==|}||{termDelim==:}||{fingerChar==@}||{multiplierString==_nettran_}||{aggregateCurrent==1}||{MOSTermNames==d g s b}||{MOSTermOrder==D G S B}||{MOSTermDspfNames==DRC GATE SRC BULK}||{firstChars==XM}||{probeHierDelim==/}||{caseSensitive==1}||{firstChar==M}||{hierPrefix==X}||{nodePrefix==M}||{plotTermVoltageForNet==0}||{mapNetToMosTerminal==}||{mapSlashDelimToDot==1}||{probePortCurrent==1}||{busBit==[]}||{removeNodePrefix==1}||{nlConDelim==.}||{mosModelType==auto}||{keepSchName==0}
[12:36:34.93] /o _workerLoadStateAction done!
[12:36:34.98] /o _getSimulationDetails : 
[12:36:34.99] /o tbName=HSPICE_default, Mtb=0
[12:36:34.99] /o Got stb tb ok!
[12:36:34.99] /o Self resultsDir: ./simulation
[12:36:34.99] /o Self databaseDir: /mnt/coe/workspace/ece/ece546-spr25/group8/group8_project/simulation/group8,sram_6t_tb,schematic/history_1/simulation/HSPICE_default/HSPICE/nominal/results
[12:36:35.00] /o source /mnt/apps/public/COE/synopsys_apps/primewave/W-2024.09-SP1-2/auxx/sae/matlab_script.tcl OK
[12:36:35.07] /o Nominal run.
[12:36:35.64] /o _createResultsMap done!
[12:36:35.68] /o New worker simulation done for nomial run.
[12:36:35.68] /o >>>resultsDir=/mnt/coe/workspace/ece/ece546-spr25/group8/group8_project/simulation/group8,sram_6t_tb,schematic/history_1/simulation/HSPICE_default/HSPICE/nominal/results,masterResultsDir=/mnt/coe/workspace/ece/ece546-spr25/group8/group8_project/simulation/group8,sram_6t_tb,schematic/history_1/simulation/HSPICE_default/HSPICE/nominal/results
[12:36:35.71] /m Information: Evaluating and plotting outputs...
[12:36:36.96] /o touch /mnt/coe/workspace/ece/ece546-spr25/group8/group8_project/simulation/group8,sram_6t_tb,schematic/history_1/simulation/HSPICE_default/HSPICE/nominal/results/.unitedSimFinished
[12:36:37.00] /o touch /mnt/coe/workspace/ece/ece546-spr25/group8/group8_project/simulation/group8,sram_6t_tb,schematic/history_1/simulation/HSPICE_default/HSPICE/nominal/results/.unitedSimFinished
[12:36:38.07] /o New worker simulation done for nomial run finished!
[12:36:38.07] /o _simulationDoneAction done without exception!
[12:36:38.08] /o touch pilot meas done flag file: /mnt/coe/workspace/ece/ece546-spr25/group8/group8_project/simulation/group8,sram_6t_tb,schematic/history_1/simulation/HSPICE_default/HSPICE/nominal/results/.pw_nw_meas_done
[12:36:46.70] /o Shutdown time: Tue Mar 25 12:36:46 2025
[12:36:46.70] /o Elapsed session real time: 0.56 minutes
[12:36:46.70] /o Session terminated. Log is at /mnt/coe/workspace/ece/ece546-spr25/group8/group8_project/synopsys_custom/pwdp_jobs/saeSession0_HSPICEdefault.SimulationSimulation_cdpl.1.298864/logs/w1/logs/pw_worker.hrajesh.2025_3_25_123606_302351.log
