   *** running Tcl script ... ***
   ***   -*- Tcl script done -*- ***
  -*- memory usage : 739.52MB -*-
  -*- CPU Time :     0.11s -*-
   *** running Tcl script ... ***
   ***   -*- Tcl script done -*- ***
  -*- memory usage : 739.52MB -*-
  -*- CPU Time :     0.11s -*-
   *** running Tcl script ... ***
   ***   -*- Tcl script done -*- ***
  -*- memory usage : 742.48MB -*-
  -*- CPU Time :     0.11s -*-
   *** running Tcl script ... ***
   ***   -*- Tcl script done -*- ***
  -*- memory usage : 742.48MB -*-
  -*- CPU Time :     0.11s -*-
   *** running Tcl script ... ***
   ***   -*- Tcl script done -*- ***
  -*- memory usage : 742.48MB -*-
  -*- CPU Time :     0.11s -*-
sx_set_data_directory {/mnt/coe/workspace/ece/ece546-spr25/group8/group8_project/simulation/group8,tb2025_1,schematic/history_1/simulation/HSPICE_default/HSPICE/nominal/results}
   *** running Tcl script ... ***
   ***   -*- Tcl script done -*- ***
  -*- memory usage : 742.87MB -*-
  -*- CPU Time :     0.12s -*-
[17:05:38.930] I| Created new database /mnt/coe/workspace/ece/ece546-spr25/group8/group8_project/simulation/group8,tb2025_1,schematic/history_1/simulation/HSPICE_default/HSPICE/nominal/results/post_results.db
[17:05:38.120] I| Setup simulation complete: 
    results directory: /mnt/coe/workspace/ece/ece546-spr25/group8/group8_project/simulation/group8,tb2025_1,schematic/history_1/simulation/HSPICE_default/HSPICE/nominal/results 
    post database directory: /mnt/coe/workspace/ece/ece546-spr25/group8/group8_project/simulation/group8,tb2025_1,schematic/history_1/simulation/HSPICE_default/HSPICE/nominal/results
   *** loading waveform file /mnt/coe/workspace/ece/ece546-spr25/group8/group8_project/simulation/group8,tb2025_1,schematic/history_1/simulation/HSPICE_default/HSPICE/nominal/results/resultsMap.xml ... ***
   *** loading waveform file /mnt/coe/workspace/ece/ece546-spr25/group8/group8_project/simulation/group8,tb2025_1,schematic/history_1/simulation/HSPICE_default/HSPICE/nominal/results/hspice_wdf.tr0 ... ***
   *** loading waveform file /mnt/coe/workspace/ece/ece546-spr25/group8/group8_project/simulation/group8,tb2025_1,schematic/history_1/simulation/HSPICE_default/HSPICE/nominal/results/resultsMap.xml ... ***
   *** loading waveform file /mnt/coe/workspace/ece/ece546-spr25/group8/group8_project/simulation/group8,tb2025_1,schematic/history_1/simulation/HSPICE_default/HSPICE/nominal/results/hspice.mt0 ... ***
   *** Loading waveform file finished ***
   *** Evaluating Equations... ***
Nominal: Start to call cckDBHandler to create handler
Nominal: Start to integrate database
Start to post process[17:05:40.930] I| Start generating post results database...
[17:05:40.930] I| Clear post result data in database.
[17:05:43.160] I| Create Post WDF File ...n/HSPICE_default/HSPICE/nominal/results/post1.wave
[17:05:43.370] I| Generate post results database complete.
