1744140611.685697: 759801-7fa8f032b540: cdpl_log.c:337: in cdpl_log_open(): info: @@start_of_log@@
1744140611.685778: 759801-7fa8f032b540: cdpl_log.c:1058: in cdpl_log_dump_sysinfo(): info: time: 2025/04/08 15:30:11 EDT -0400
1744140611.685787: 759801-7fa8f032b540: cdpl_log.c:1060: in cdpl_log_dump_sysinfo(): info: version: W-2024.09-SP1-2 
1744140611.685792: 759801-7fa8f032b540: cdpl_log.c:1062: in cdpl_log_dump_sysinfo(): info: system: Linux 4.18.0-553.47.1.el8_10.x86_64 #1 SMP Thu Mar 20 10:01:53 EDT 2025
1744140611.685797: 759801-7fa8f032b540: cdpl_log.c:1067: in cdpl_log_dump_sysinfo(): info: processor: x86_64 64-bits
1744140611.685802: 759801-7fa8f032b540: cdpl_log.c:1071: in cdpl_log_dump_sysinfo(): info: hostname: hydra13.ece.ncsu.edu
1744140611.685806: 759801-7fa8f032b540: cdpl_log.c:1073: in cdpl_log_dump_sysinfo(): info: program name: custom_shell
1744140611.685821: 759801-7fa8f032b540: cdpl_log.c:340: in cdpl_log_open(): debug: path: /mnt/coe/workspace/ece/ece546-spr25/group8/group8_project/synopsys_custom/pwdp_jobs/saeSession1_HSPICEdefault.SimulationSimulation_cdpl.0.759801/logs/master.hydra13.ece.ncsu.edu.759801.log
1744140611.685826: 759801-7fa8f032b540: cdpl_log.c:341: in cdpl_log_open(): debug: dir: /mnt/coe/workspace/ece/ece546-spr25/group8/group8_project/synopsys_custom/pwdp_jobs/saeSession1_HSPICEdefault.SimulationSimulation_cdpl.0.759801/logs
1744140611.685922: 759801-7fa8f032b540: cdpl_server.c:536: in cdpl_sv_init(): info: new server S2105116416
1744140611.685938: 759801-7fa8f032b540: cdpl_ipc.c:3475: in cdpl_ipc_init(): info: requesting IPv4 protocol
1744140611.690655: 759801-7fa8f032b540: cdpl_ipc.c:837: in _selectaddrfamily(): info: selected IPv4 protocol
1744140611.690735: 759801-7fa8f032b540: cdpl_ipc.c:1139: in _set_keepalive(): info: TCP keep alive interval: 300
1744140611.693407: 759801-7fa8f032b540: cdpl_monitor.c:1117: in cdpl_mn_new_server(): info: creating server monitor instance
1744140611.693449: 759801-7fa8f032b540: cdpl_server.c:650: in cdpl_sv_new_master(): info: new master M1
1744140611.693481: 759801-7fa8f032b540: cdpl_server.c:6533: in cdpl_sv_ctl_master(): info: Setting worker heartbeat to 120 seconds
1744140611.693486: 759801-7fa8f032b540: cdpl_server.c:6542: in cdpl_sv_ctl_master(): info: Setting worker heartbeat timeout to 3 heartbeats
1744140611.693491: 759801-7fa8f032b540: cdpl_compat_master.c:2090: in _parse_hostfile(): info: reading hostfile `/mnt/coe/workspace/ece/ece546-spr25/group8/group8_project/synopsys_custom/pwdp_jobs/saeSession1_HSPICEdefault.SimulationSimulation_cdpl.0.759801/host_file'
1744140611.703170: 759801-7fa8f032b540: cdpl_compat_master.c:1900: in _hostfile_parser(): debug: parsing "1     |localhost|   -1  | /tmp | SH | sh"
1744140611.703226: 759801-7fa8f032b540: cdpl_farm.c:2578: in cdpl_farm_new_sh(): info: creating SH farm on localhost
1744140611.703247: 759801-7fa8f032b540: cdpl_compat_master.c:206: in _set_farm_env(): info: exporting CDPL_LOGDIR as `/mnt/coe/workspace/ece/ece546-spr25/group8/group8_project/synopsys_custom/pwdp_jobs/saeSession1_HSPICEdefault.SimulationSimulation_cdpl.0.759801/logs'
1744140611.703253: 759801-7fa8f032b540: cdpl_compat_master.c:212: in _set_farm_env(): info: exporting CDPL_TMPDIR as `/tmp'
1744140611.703259: 759801-7fa8f032b540: cdpl_compat_master.c:219: in _set_farm_env(): info: exporting CDPL_HOME as `/mnt/apps/public/COE/synopsys_apps/hspice/W-2024.09-SP1/hspice/cdpl'
1744140611.703265: 759801-7fa8f032b540: cdpl_compat_master.c:235: in _set_farm_env(): info: exporting SNPSLMD_LICENSE_FILE as `27000@ece-lic-35.ece.ncsu.edu'
1744140611.703271: 759801-7fa8f032b540: cdpl_compat_master.c:259: in _set_farm_env(): info: exporting CDPL_OPTIONS as `[nowlogs]'
1744140611.703276: 759801-7fa8f032b540: cdpl_compat_master.c:266: in _set_farm_env(): info: exporting DISPLAY as `unix:9315'
1744140611.703280: 759801-7fa8f032b540: cdpl_compat_master.c:274: in _set_farm_env(): info: exporting CDPL_HEARTBEAT as `120'
1744140611.703316: 759801-7fa8f032b540: cdpl_farm.c:3149: in cdpl_farm_add_withdir(): debug: added `localhost' (capacity: unlimited)
1744140611.703334: 759801-7fa8f032b540: cdpl_compat_parse.c:147: in parsefile(): debug: read `/mnt/coe/workspace/ece/ece546-spr25/group8/group8_project/synopsys_custom/pwdp_jobs/saeSession1_HSPICEdefault.SimulationSimulation_cdpl.0.759801/host_file', 2 lines
1744140611.703340: 759801-7fa8f032b540: cdpl_compat_master.c:2931: in cdplInitMaster(): info: bcast dir is `/mnt/coe/workspace/ece/ece546-spr25/group8/group8_project/synopsys_custom/pwdp_jobs/saeSession1_HSPICEdefault.SimulationSimulation_cdpl.0.759801/logs'
1744140611.710301: 759801-7fa8f032b540: cdpl_server.c:6433: in cdpl_sv_ctl_master(): info: farm worker timeout set to 300
1744140611.710312: 759801-7fa8f032b540: cdpl_server.c:6486: in cdpl_sv_ctl_master(): info: maximum number of task execution attempts set to 1
1744140611.710364: 759801-7fa8f032b540: cdpl_server.c:3195: in cdpl_sv_start(): debug: starting server
1744140611.710379: 759801-7fa8f032b540: cdpl_ipc.c:3632: in cdpl_ipc_start(): debug: starting IPC server 152.14.98.24:43495
1744140611.710723: 759801-7fa8c4f86700: cdpl_server_ipc.c:1182: in _sv_ipc_thread(): debug: ready
1744140611.711317: 759801-7fa8b3fff700: cdpl_monitor.c:426: in cdpl_mn_init_client(): info: creating client monitor instance
1744140611.711343: 759801-7fa8b3fff700: cdpl_ipc.c:3475: in cdpl_ipc_init(): info: requesting IPv4 protocol
1744140611.714980: 759801-7fa8b3fff700: cdpl_ipc.c:837: in _selectaddrfamily(): info: selected IPv4 protocol
1744140611.715029: 759801-7fa8b3fff700: cdpl_ipc.c:1139: in _set_keepalive(): info: TCP keep alive interval: 300
1744140611.718143: 759801-7fa8b3fff700: cdpl_ipc.c:3632: in cdpl_ipc_start(): debug: starting IPC server 152.14.98.24:40025
1744140611.718422: 759801-7fa8b3fff700: cdpl_monitor.c:471: in cdpl_mn_init_client(): debug: incoming messages in /tmp/cdpl-monitor-n5d8T5
1744140611.718601: 759801-7fa8b3fff700: cdpl_monitor.c:533: in cdpl_mn_connect(): debug: connecting to 152.14.98.24:43495
1744140611.718618: 759801-7fa8b3fff700: cdpl_ipc.c:3789: in cdpl_ipc_connect(): info: connecting to 152.14.98.24:43495
1744140611.718809: 759801-7fa8b3fff700: cdpl_ipc.c:3860: in cdpl_ipc_connect(): info: connected as `152.14.98.24:34852'
1744140611.718836: 759801-7fa8b3fff700: cdpl_ipc.c:2503: in cdpl_ipc_host_accept(): debug: accepted host `152.14.98.24:43495'
1744140611.718868: 759801-7fa8c5787700: cdpl_ipc.c:1862: in _epoll_accept(): debug: new connection from `152.14.98.24:34852'
1744140611.718888: 759801-7fa8b3fff700: cdpl_monitor.c:579: in cdpl_mn_connect(): debug: ok
1744140611.718965: 759801-7fa8c4f86700: cdpl_server_ipc.c:1225: in _sv_ipc_thread(): debug: received ACCEPT notification
1744140611.718982: 759801-7fa8f032b540: cdpl_server.c:731: in cdpl_sv_new_job(): info: new job J1 in M1
1744140611.719000: 759801-7fa8c4f86700: cdpl_ipc.c:2503: in cdpl_ipc_host_accept(): debug: accepted host `152.14.98.24:34852'
1744140611.719008: 759801-7fa8c4f86700: cdpl_server_ipc.c:1256: in _sv_ipc_thread(): debug: received MONITOR message
1744140611.719036: 759801-7fa8f032b540: cdpl_compat_master.c:1581: in _add_worker(): info: new worker type 10, min:1, max:3, cmd:`/mnt/coe/workspace/ece/ece546-spr25/group8/group8_project/synopsys_custom/pwdp_jobs/saeSession1_HSPICEdefault.SimulationSimulation_cdpl.0.759801/START_WORKER pw_worker -i /mnt/coe/workspace/ece/ece546-spr25/group8/gr
1744140611.719067: 759801-7fa8f032b540: cdpl_server.c:908: in cdpl_sv_new_bin_withfarm(): info: new bin B1 in J1
1744140611.719202: 759801-7fa8c4f86700: cdpl_monitor.c:1207: in cdpl_mn_accept(): debug: accepted monitor `152.14.98.24:34852'
1744140611.719210: 759801-7fa8c4f86700: cdpl_server_ipc_mon.c:120: in _globalLOCK(): debug: ENTERTING GLOBAL LOCK
1744140611.719214: 759801-7fa8c4f86700: cdpl_server_ipc_mon.c:164: in _globalLOCK(): debug: global lock acquired
1744140611.719247: 759801-7fa8b27fc700: cdpl_monitor.c:910: in mn_systat(): debug: started
1744140611.719694: 759801-7fa8b27fc700: cdpl_monitor.c:937: in mn_systat(): debug: monitor server flush rate: 5
1744140611.806808: 759801-7fa8c4f86700: cdpl_server_ipc_mon.c:210: in _globalUNLOCK(): debug: LEAVING GLOBAL LOCK
1744140612.227484: 759801-7fa8f032b540: cdpl_server.c:3249: in cdpl_sv_start_job(): info: starting job J1
1744140612.227526: 759801-7fa8f032b540: cdpl_server.c:62: in _sv_start_bin(): debug: starting bin B1 (min: 0, max: 3)
1744140612.228130: 759801-7fa89bfff700: cdpl_server_sched.c:2482: in _sv_scheduler_thread(): debug: scheduler for bin B1 started
1744140612.228197: 759801-7fa8f032b540: cdpl_server.c:1893: in _sv_gen_task(): info: new task T0 in B1 (prio 0)
1744140612.228268: 759801-7fa8f032b540: cdpl_server.c:2698: in cdpl_sv_label_task_va(): info: setting task T0 label to "HSPICE_1|HSPICE"
1744140612.228359: 759801-7fa89bfff700: cdpl_server_sched.c:2443: in _scheduler_run(): debug: will start a new worker
1744140612.228437: 759801-7fa89bfff700: cdpl_farm.c:3977: in cdpl_farm_submit(): debug: 1 running processes
1744140612.228444: 759801-7fa89bfff700: cdpl_farm.c:3985: in cdpl_farm_submit(): debug: new command C1 in bin B1 assigned to host `localhost'
1744140612.228579: 759801-7fa89bfff700: cdpl_server_sched.c:705: in _sv_launch_worker(): info: started worker W1 (as C1) in bin B1
1744140612.228601: 759801-7fa89b7fe700: cdpl_farm.c:2139: in _schedule(): debug: started
1744140612.228615: 759801-7fa89b7fe700: cdpl_farm.c:2303: in _schedule(): debug: submitting command C1 in bin B1
1744140612.228646: 759801-7fa89b7fe700: cdpl_sh.c:49: in _sh_detached_submit(): info: SH : /mnt/coe/workspace/ece/ece546-spr25/group8/group8_project/synopsys_custom/pwdp_jobs/saeSession1_HSPICEdefault.SimulationSimulation_cdpl.0.759801/START_WORKER pw_worker -i /mnt/coe/workspace/ece/ece546-spr25/group8/group8_project/synopsys_custom/pwdp_jobs/saeSession1_HSPICEdefault.SimulationSimulation_cdpl.0.759801 -t 10000
1744140612.239196: 759801-7fa89b7fe700: cdpl_farm.c:2343: in _schedule(): debug: C1 in bin B1 running on slot 0
1744140612.239257: 759801-7fa89b7fe700: cdpl_farm.c:2167: in _schedule(): debug: idle
1744140612.514563: 759801-7fa8f032b540: cdpl_compat_master.c:5948: in cdplMasterLogInfo(): info: [non-CDPL log entry] PWDP3: reset pilot cache succeeded, pilot_key=saeSession1,1,HSPICE_default|&/mnt/coe/workspace/ece/ece546-spr25/group8/group8_project/simulation/group8,memory_array_tb,schematic/history_1/simulation/HSPICE_default/HSPICE/nominal/results
1744140612.539376: 759801-7fa89b7fe700: cdpl_farm.c:1193: in _onexit(): debug: C1 in bin B1 exited normally on slot 0
1744140612.981781: 759801-7fa8b17fa700: cdpl_compat_master.c:5948: in cdplMasterLogInfo(): info: [non-CDPL log entry] PWDP - no-workers started ok check start!
1744140615.596365: 759801-7fa8c5787700: cdpl_ipc.c:1862: in _epoll_accept(): debug: new connection from `152.14.98.24:34856'
1744140615.596441: 759801-7fa8c4f86700: cdpl_server_ipc.c:1225: in _sv_ipc_thread(): debug: received ACCEPT notification
1744140615.596458: 759801-7fa8c4f86700: cdpl_ipc.c:2503: in cdpl_ipc_host_accept(): debug: accepted host `152.14.98.24:34856'
1744140615.596710: 759801-7fa8c4f86700: cdpl_server_ipc.c:1246: in _sv_ipc_thread(): debug: received HELLO message
1744140615.596715: 759801-7fa8c4f86700: cdpl_server_ipc.c:430: in _sv_on_hello(): debug: looking up W1
1744140615.596719: 759801-7fa8c4f86700: cdpl_server_ipc.c:540: in _sv_on_hello(): info: W1 is `152.14.98.24:34856'
1744140615.596722: 759801-7fa8c4f86700: cdpl_server_ipc.c:541: in _sv_on_hello(): debug: hello W1 (B1)
1744140615.596725: 759801-7fa8c4f86700: cdpl_server_ipc.c:542: in _sv_on_hello(): info: W1 log file is /dev/null
1744140615.596798: 759801-7fa8c4f86700: cdpl_server_ipc.c:602: in _sv_on_hello(): info: up to 1 alive workers in B1
1744140615.596813: 759801-7fa8c4f86700: cdpl_farm.c:878: in _release_cmd(): debug: freeing command C1 in bin B1
1744140615.596840: 759801-7fa89bfff700: cdpl_server_sched.c:960: in _assign(): info: assigning task T0 to worker W1
1744140616.597120: 759801-7fa8c4f86700: cdpl_server_ipc.c:312: in _sv_on_heartbeat(): debug: received HEARTBEAT from worker W1 at 152.14.98.24:34856
1744140616.791945: 759801-7fa8b3fff700: cdpl_monitor.c:533: in cdpl_mn_connect(): debug: connecting to 152.14.98.24:37813
1744140616.791967: 759801-7fa8b3fff700: cdpl_ipc.c:3789: in cdpl_ipc_connect(): info: connecting to 152.14.98.24:37813
1744140616.792188: 759801-7fa8b3fff700: cdpl_ipc.c:3860: in cdpl_ipc_connect(): info: connected as `152.14.98.24:55728'
1744140616.792202: 759801-7fa8b3fff700: cdpl_ipc.c:2503: in cdpl_ipc_host_accept(): debug: accepted host `152.14.98.24:37813'
1744140616.792209: 759801-7fa8b3fff700: cdpl_monitor.c:579: in cdpl_mn_connect(): debug: ok
1744140619.769039: 759801-7fa8c4f86700: cdpl_server_ipc.c:1268: in _sv_ipc_thread(): debug: received RELAY message
1744140619.769062: 759801-7fa8c4f86700: cdpl_server_ipc.c:713: in _sv_on_relay(): debug: RELAY message from W1, size = 56
1744140619.769068: 759801-7fa8c4f86700: cdpl_server_ipc.c:715: in _sv_on_relay(): debug: RELAY message from W1, content = 0$764013 hydra13.ece.ncsu.edu 764083 RUNNING 1744140619
1744140648.727623: 759801-7fa8c4f86700: cdpl_server_ipc.c:1268: in _sv_ipc_thread(): debug: received RELAY message
1744140648.730505: 759801-7fa8c4f86700: cdpl_server_ipc.c:713: in _sv_on_relay(): debug: RELAY message from W1, size = 48
1744140648.730514: 759801-7fa8c4f86700: cdpl_server_ipc.c:715: in _sv_on_relay(): debug: RELAY message from W1, content = WORKERDU|1403,dc2isi00nfs.oit.ncsu.edu:/coe_nfs
1744140648.730872: 759801-7fa8c4f86700: cdpl_server_ipc.c:1268: in _sv_ipc_thread(): debug: received RELAY message
1744140648.730879: 759801-7fa8c4f86700: cdpl_server_ipc.c:713: in _sv_on_relay(): debug: RELAY message from W1, size = 203
1744140648.730883: 759801-7fa8c4f86700: cdpl_server_ipc.c:715: in _sv_on_relay(): debug: RELAY message from W1, content = REQPILOT|saeSession1,1,HSPICE_default|&/mnt/coe/workspace/ece/ece546-spr25/group8/group8_project/simulation/group8,memory_array_tb,schematic/history_1/simulation/HSPICE_default/HSPICE/nominal/results|&0
1744140648.730973: 759801-7fa8b1ffb700: cdpl_compat_master.c:5948: in cdplMasterLogInfo(): info: [non-CDPL log entry] PWDP send back 'DOPILOT' to worker id:1 key: saeSession1,1,HSPICE_default|&/mnt/coe/workspace/ece/ece546-spr25/group8/group8_project/simulation/group8,memory_array_tb,schematic/history_1/simulation/HSPICE_default/HSPICE/nominal/results
1744140648.741500: 759801-7fa8b1ffb700: cdpl_compat_master.c:5948: in cdplMasterLogInfo(): info: [non-CDPL log entry] PWDP: set pilot doing!
1744140648.756887: 759801-7fa8c4f86700: cdpl_server_ipc.c:1268: in _sv_ipc_thread(): debug: received RELAY message
1744140648.756899: 759801-7fa8c4f86700: cdpl_server_ipc.c:713: in _sv_on_relay(): debug: RELAY message from W1, size = 199
1744140648.756904: 759801-7fa8c4f86700: cdpl_server_ipc.c:715: in _sv_on_relay(): debug: RELAY message from W1, content = PILOTOK|saeSession1,1,HSPICE_default|&/mnt/coe/workspace/ece/ece546-spr25/group8/group8_project/simulation/group8,memory_array_tb,schematic/history_1/simulation/HSPICE_default/HSPICE/nominal/results
1744140648.756950: 759801-7fa8b1ffb700: cdpl_compat_master.c:5948: in cdplMasterLogInfo(): info: [non-CDPL log entry] PWDP: set pilot done!
1744140648.757071: 759801-7fa8c4f86700: cdpl_server_ipc.c:1268: in _sv_ipc_thread(): debug: received RELAY message
1744140648.757077: 759801-7fa8c4f86700: cdpl_server_ipc.c:713: in _sv_on_relay(): debug: RELAY message from W1, size = 18
1744140648.757080: 759801-7fa8c4f86700: cdpl_server_ipc.c:715: in _sv_on_relay(): debug: RELAY message from W1, content = 0$- - - MEASDOING
1744140665.433530: 759801-7fa8c4f86700: cdpl_server_ipc.c:1268: in _sv_ipc_thread(): debug: received RELAY message
1744140665.436487: 759801-7fa8c4f86700: cdpl_server_ipc.c:713: in _sv_on_relay(): debug: RELAY message from W1, size = 68
1744140665.436499: 759801-7fa8c4f86700: cdpl_server_ipc.c:715: in _sv_on_relay(): debug: RELAY message from W1, content = 0$764013 hydra13.ece.ncsu.edu 764083 FINISHED 1744140619|1744140665
1744140665.456428: 759801-7fa8c4f86700: cdpl_server_ipc.c:1268: in _sv_ipc_thread(): debug: received RELAY message
1744140665.456441: 759801-7fa8c4f86700: cdpl_server_ipc.c:713: in _sv_on_relay(): debug: RELAY message from W1, size = 201
1744140665.456454: 759801-7fa8c4f86700: cdpl_server_ipc.c:715: in _sv_on_relay(): debug: RELAY message from W1, content = PILOTDONE|saeSession1,1,HSPICE_default|&/mnt/coe/workspace/ece/ece546-spr25/group8/group8_project/simulation/group8,memory_array_tb,schematic/history_1/simulation/HSPICE_default/HSPICE/nominal/results
1744140665.456511: 759801-7fa8b1ffb700: cdpl_compat_master.c:5948: in cdplMasterLogInfo(): info: [non-CDPL log entry] saeSession1,1,HSPICE_default|&/mnt/coe/workspace/ece/ece546-spr25/group8/group8_project/simulation/group8,memory_array_tb,schematic/history_1/simulation/HSPICE_default/HSPICE/nominal/results PILOTDONE!
1744140665.488417: 759801-7fa8c4f86700: cdpl_server_ipc.c:1251: in _sv_ipc_thread(): debug: received FINISH message
1744140665.488431: 759801-7fa8c4f86700: cdpl_server_ipc.c:983: in _sv_on_finish(): info: worker W1 completed task T0
1744140665.488435: 759801-7fa8c4f86700: cdpl_server_ipc.c:988: in _sv_on_finish(): debug: stat T0: utime=26362 stime=3374
1744140665.488439: 759801-7fa8c4f86700: cdpl_server_ipc.c:993: in _sv_on_finish(): debug: statm T0: vsize=2870116 rss=1064468 shared=519600 text=474784 data=736640
1744140665.537763: 759801-7fa8c4f86700: cdpl_server_ipc.c:1268: in _sv_ipc_thread(): debug: received RELAY message
1744140665.537777: 759801-7fa8c4f86700: cdpl_server_ipc.c:713: in _sv_on_relay(): debug: RELAY message from W1, size = 47
1744140665.537781: 759801-7fa8c4f86700: cdpl_server_ipc.c:715: in _sv_on_relay(): debug: RELAY message from W1, content = WORKERDU|228,dc2isi00nfs.oit.ncsu.edu:/coe_nfs
1744140672.539562: 759801-7fa89b7fe700: cdpl_farm.c:2173: in _schedule(): debug: idle
1744140678.690960: 759801-7fa8f032b540: cdpl_server.c:3008: in cdpl_sv_halt_job_errno(): info: killing job J1
1744140678.693903: 759801-7fa8f032b540: cdpl_server.c:3044: in cdpl_sv_halt_job_errno(): debug: signal bin B1 scheduler to stop
1744140678.693969: 759801-7fa89bfff700: cdpl_server_sched.c:2484: in _sv_scheduler_thread(): debug: scheduler for bin B1 stopped
1744140678.694007: 759801-7fa89bfff700: cdpl_ipc.c:1657: in _host_drop__UNSAFE(): debug: dropping host `152.14.98.24:34856'
1744140678.694076: 759801-7fa89bfff700: cdpl_server_sched.c:2830: in _sv_drop_worker(): info: down to 0 alive workers in B1
1744140678.694085: 759801-7fa8c4f86700: cdpl_server_ipc.c:1236: in _sv_ipc_thread(): debug: received DROP notification
1744140678.694092: 759801-7fa89bfff700: cdpl_farm.c:4152: in cdpl_farm_dismiss(): debug: down to 0 running processes
1744140678.694121: 759801-7fa89bfff700: cdpl_server_sched.c:121: in _free_worker_2(): debug: freeing worker W1
1744140678.694147: 759801-7fa89bfff700: cdpl_ipc.c:2513: in cdpl_ipc_host_release(): debug: releasing host `152.14.98.24:34856'
1744140678.694178: 759801-7fa8f032b540: cdpl_server.c:294: in _sv_free_job(): info: freeing job J1
1744140678.694191: 759801-7fa8f032b540: cdpl_server.c:92: in _sv_free_bin(): debug: freeing bin B1
1744140678.694202: 759801-7fa8f032b540: cdpl_server.c:184: in _sv_free_task(): debug: freeing task T0
1744140678.694264: 759801-7fa8f032b540: cdpl_monitor.c:515: in cdpl_mn_kill(): info: killing monitor
1744140678.694277: 759801-7fa8f032b540: cdpl_ipc.c:3677: in cdpl_ipc_kill(): debug: stopping event server
1744140678.694296: 759801-7fa8b37fe700: cdpl_ipc.c:2460: in _epoll_main(): debug: server going down...
1744140678.694334: 759801-7fa8c5787700: cdpl_ipc.c:775: in _readv(): warning: read(): EOF
1744140678.694390: 759801-7fa8c5787700: cdpl_ipc.c:2100: in _epoll_recv(): debug: _readv(): Broken pipe
1744140678.694399: 759801-7fa8c5787700: cdpl_ipc.c:2424: in _epoll_main(): debug: _epoll_recv(): Broken pipe
1744140678.694405: 759801-7fa8c5787700: cdpl_ipc.c:1657: in _host_drop__UNSAFE(): debug: dropping host `152.14.98.24:34852'
1744140678.694464: 759801-7fa8c5787700: cdpl_ipc.c:1582: in _host_free__UNSAFE(): debug: freeing host `152.14.98.24:34856'
1744140678.694484: 759801-7fa8c5787700: cdpl_ipc.c:1621: in _host_free__UNSAFE(): debug: [0 outq, 0 spR, 0 spW]
1744140678.694497: 759801-7fa8c4f86700: cdpl_server_ipc.c:1236: in _sv_ipc_thread(): debug: received DROP notification
1744140678.694527: 759801-7fa8c4f86700: cdpl_monitor.c:1269: in cdpl_mn_drop(): debug: detaching from monitor `152.14.98.24:34852'
1744140678.694535: 759801-7fa8c4f86700: cdpl_monitor.c:1101: in mn_systat_stop(): debug: joining systat thread
1744140678.694581: 759801-7fa8b27fc700: cdpl_monitor.c:1079: in mn_systat(): debug: exiting
1744140678.694593: 759801-7fa8c4f86700: cdpl_monitor.c:1103: in mn_systat_stop(): debug: systat thread done
1744140678.694598: 759801-7fa8c4f86700: cdpl_ipc.c:2513: in cdpl_ipc_host_release(): debug: releasing host `152.14.98.24:34852'
1744140678.694665: 759801-7fa8b3fff700: cdpl_ipc.c:3728: in cdpl_ipc_free(): debug: releasing IPC handle
1744140678.694675: 759801-7fa8b3fff700: cdpl_ipc.c:1582: in _host_free__UNSAFE(): debug: freeing host `152.14.98.24:37813'
1744140678.694679: 759801-7fa8b3fff700: cdpl_ipc.c:1621: in _host_free__UNSAFE(): debug: [0 outq, 0 spR, 0 spW]
1744140678.694698: 759801-7fa8b3fff700: cdpl_ipc.c:1582: in _host_free__UNSAFE(): debug: freeing host `152.14.98.24:43495'
1744140678.694702: 759801-7fa8b3fff700: cdpl_ipc.c:1621: in _host_free__UNSAFE(): debug: [0 outq, 0 spR, 0 spW]
1744140678.694712: 759801-7fa8b3fff700: cdpl_ipc.c:3756: in cdpl_ipc_free(): warning: 2 host(s) were not released
1744140678.694733: 759801-7fa8b3fff700: cdpl_ipc.c:3767: in cdpl_ipc_free(): debug: done
1744140678.694737: 759801-7fa8b3fff700: cdpl_monitor.c:1390: in cdpl_mn_free(): debug: freeing monitor client
1744140678.694990: 759801-7fa8f032b540: cdpl_farm.c:2740: in cdpl_farm_free(): info: freeing farm
1744140678.695006: 759801-7fa89b7fe700: cdpl_farm.c:2231: in _schedule(): debug: end of idling
1744140678.695016: 759801-7fa89b7fe700: cdpl_farm.c:2235: in _schedule(): debug: dying
1744140678.695076: 759801-7fa8f032b540: cdpl_farm.c:913: in _killall(): debug: killing all remaining commands
1744140678.695101: 759801-7fa8f032b540: cdpl_server.c:3144: in cdpl_sv_free(): info: freeing server S2105116416
1744140678.695127: 759801-7fa8f032b540: cdpl_server.c:3109: in cdpl_sv_kill_errno(): info: killing server
1744140678.695131: 759801-7fa8f032b540: cdpl_ipc.c:3677: in cdpl_ipc_kill(): debug: stopping event server
1744140678.695145: 759801-7fa8c5787700: cdpl_ipc.c:2460: in _epoll_main(): debug: server going down...
1744140678.695156: 759801-7fa8c4f86700: cdpl_server_ipc.c:1200: in _sv_ipc_thread(): debug: leaving now
1744140678.695171: 759801-7fa8f032b540: cdpl_server.c:334: in _sv_free_master(): info: freeing master M1
1744140678.695184: 759801-7fa8f032b540: cdpl_hash.c:68: in cdpl_h_destroy(): debug: put operations: 1
1744140678.695187: 759801-7fa8f032b540: cdpl_hash.c:69: in cdpl_h_destroy(): debug: put collisions: 0
1744140678.695190: 759801-7fa8f032b540: cdpl_hash.c:70: in cdpl_h_destroy(): debug: get operations: 1
1744140678.695193: 759801-7fa8f032b540: cdpl_hash.c:71: in cdpl_h_destroy(): debug: get iterations: 1
1744140678.695204: 759801-7fa8f032b540: cdpl_monitor.c:1390: in cdpl_mn_free(): debug: freeing monitor server
1744140678.695208: 759801-7fa8f032b540: cdpl_ipc.c:3728: in cdpl_ipc_free(): debug: releasing IPC handle
1744140678.695215: 759801-7fa8f032b540: cdpl_ipc.c:1582: in _host_free__UNSAFE(): debug: freeing host `152.14.98.24:34852'
1744140678.695219: 759801-7fa8f032b540: cdpl_ipc.c:1621: in _host_free__UNSAFE(): debug: [0 outq, 0 spR, 0 spW]
1744140678.695245: 759801-7fa8f032b540: cdpl_ipc.c:3767: in cdpl_ipc_free(): debug: done
1744140678.695259: 759801-7fa8f032b540: cdpl_log.c:481: in cdpl_log_close(): info: @@end_of_log@@
